
     Program QE v.6.1 (svn rev. 13369) starts on  3Apr2018 at  4: 3:41 

     This program is part of the open-source Quantum ESPRESSO suite
     for quantum simulation of materials; please cite
         "P. Giannozzi et al., J. Phys.:Condens. Matter 21 395502 (2009);
          URL http://www.quantum-espresso.org", 
     in publications or presentations arising from this work. More details at
     http://www.quantum-espresso.org/quote

     Parallel version (MPI), running on     8 processors
     R & G space division:  proc/nbgrp/npool/nimage =       8
 
     ***** This is GIPAW svn revision unknown      *****
 
     Parallelizing q-star over 1 images
     Message from routine gipaw_readin:
     *** iverbosity is obsolete, use verbosity instead ***

     Reading data from directory:
     /scratch/paruzzo/QEspresso/CCDC_2to3000/HISTAN/wfc/scf.save

   Info: using nr1, nr2, nr3 values from input

   Info: using nr1, nr2, nr3 values from input

     IMPORTANT: XC functional enforced from input :
     Exchange-correlation      =  SLA  PW   PBX  PBC ( 1  4  3  4 0 0)
     Any further DFT definition will be discarded
     Please, verify this is what you really want

               file C.pbe-n-kjpaw_psl.0.1.UPF: wavefunction(s)  2P renormalized
               file N.pbe-n-kjpaw_psl.0.1.UPF: wavefunction(s)  2P renormalized
               file H.pbe-kjpaw_psl.0.1.UPF: wavefunction(s)  1S renormalized
               file O.pbe-n-kjpaw_psl.0.1.UPF: wavefunction(s)  2P renormalized
 
     Parallelization info
     --------------------
     sticks:   dense  smooth     PW     G-vecs:    dense   smooth      PW
     Min         786     786    209                34719    34719    4779
     Max         787     787    210                34721    34721    4781
     Sum        6293    6293   1675               277761   277761   38239
 

     Check: negative/imaginary core charge=   -0.000002    0.000000

     Subspace diagonalization in iterative solution of the eigenvalue problem:
     a serial algorithm will be used

     GIPAW projectors -----------------------------------------------
     atom=  C    l=0  rc=    1.3000  rs=    0.8667
     atom=  C    l=0  rc=    1.3000  rs=    0.8667
     atom=  C    l=1  rc=    1.4500  rs=    0.9667
     atom=  C    l=1  rc=    1.4500  rs=    0.9667
     projs nearly linearly dependent: l=0  n1,n2= 1, 2  s=  0.99877758
     projs nearly linearly dependent: l=1  n1,n2= 1, 2  s=  0.99940894
 
     atom=  N    l=0  rc=    1.3000  rs=    0.8667
     atom=  N    l=0  rc=    1.3000  rs=    0.8667
     atom=  N    l=1  rc=    1.4500  rs=    0.9667
     atom=  N    l=1  rc=    1.4500  rs=    0.9667
     projs nearly linearly dependent: l=0  n1,n2= 1, 2  s=  0.99709514
     projs nearly linearly dependent: l=1  n1,n2= 1, 2  s=  0.99857174
 
     atom=  H    l=0  rc=    1.0000  rs=    0.6667
     atom=  H    l=0  rc=    1.0000  rs=    0.6667
     projs nearly linearly dependent: l=0  n1,n2= 1, 2  s=  0.99968852
 
     atom=  O    l=0  rc=    1.3500  rs=    0.9000
     atom=  O    l=0  rc=    1.3500  rs=    0.9000
     atom=  O    l=1  rc=    1.3500  rs=    0.9000
     atom=  O    l=1  rc=    1.3500  rs=    0.9000
     projs nearly linearly dependent: l=0  n1,n2= 1, 2  s=  0.99100135
     projs nearly linearly dependent: l=1  n1,n2= 1, 2  s=  0.99790100
     -----------------------------------------------------------------
 
     alpha_pv=     39.8433 eV
 
     q-space interpolation up to   110.00 Rydberg
 
     GIPAW job: nmr                                                                             
     NMR macroscopic correction: yes
             0.6667          0.0000          0.0000
             0.0000          0.6667          0.0000
             0.0000          0.0000          0.6667

 
     Largest allocated arrays     est. size (Mb)     dimensions
        KS wavefunctions at k           3.45 Mb     (    4344,   52)
        KS wavefunctions at k+q         3.45 Mb     (    4344,   52)
        First-order wavefunctions      34.47 Mb     (    4344,   52, 10)
        First-order wavefunct (US)     20.68 Mb     (    4344,   52,  6)
        Charge/spin density             0.59 Mb     (   77760,    1)
        Induced current                 5.34 Mb     (   77760,    3,3,1)
        Induced magnetic field          5.34 Mb     (   77760,    3,3,1)
        NL pseudopotentials            10.87 Mb     (    4344,  164)
        GIPAW NL terms                 10.87 Mb     (    4344,  164)
 
     Computing the magnetic susceptibility     isolve=0    ethr=  0.1000E-13
     k-point #    1 of    10      pool #  1    cpu time:       4.8
     Rotating WFCS
     c_bands:  1 eigenvalues not converged
     Rotating WFCS
     c_bands:  1 eigenvalues not converged
     Rotating WFCS
     c_bands:  1 eigenvalues not converged
     Rotating WFCS
     c_bands:  1 eigenvalues not converged
     Rotating WFCS
     c_bands:  1 eigenvalues not converged
     Rotating WFCS
     Rotating WFCS
     k-point #    2 of    10      pool #  1    cpu time:     242.7
     Rotating WFCS
     Rotating WFCS
     Rotating WFCS
     Rotating WFCS
     Rotating WFCS
     Rotating WFCS
     Rotating WFCS
     k-point #    3 of    10      pool #  1    cpu time:     479.5
     Rotating WFCS
     c_bands:  1 eigenvalues not converged
     Rotating WFCS
     Rotating WFCS
     Rotating WFCS
     c_bands:  1 eigenvalues not converged
     Rotating WFCS
     Rotating WFCS
     Rotating WFCS
     k-point #    4 of    10      pool #  1    cpu time:     709.4
     Rotating WFCS
     Rotating WFCS
     Rotating WFCS
     Rotating WFCS
     Rotating WFCS
     Rotating WFCS
     Rotating WFCS
     k-point #    5 of    10      pool #  1    cpu time:     941.0
     Rotating WFCS
     Rotating WFCS
     Rotating WFCS
     Rotating WFCS
     Rotating WFCS
     Rotating WFCS
     Rotating WFCS
     k-point #    6 of    10      pool #  1    cpu time:    1168.7
     Rotating WFCS
     Rotating WFCS
     Rotating WFCS
     Rotating WFCS
     Rotating WFCS
     Rotating WFCS
     Rotating WFCS
     k-point #    7 of    10      pool #  1    cpu time:    1404.3
     Rotating WFCS
     c_bands:  1 eigenvalues not converged
     Rotating WFCS
     c_bands:  1 eigenvalues not converged
     Rotating WFCS
     c_bands:  1 eigenvalues not converged
     Rotating WFCS
     c_bands:  1 eigenvalues not converged
     Rotating WFCS
     c_bands:  1 eigenvalues not converged
     Rotating WFCS
     c_bands:  1 eigenvalues not converged
     Rotating WFCS
     k-point #    8 of    10      pool #  1    cpu time:    1645.5
     Rotating WFCS
     Rotating WFCS
     Rotating WFCS
     Rotating WFCS
     Rotating WFCS
     Rotating WFCS
     Rotating WFCS
     k-point #    9 of    10      pool #  1    cpu time:    1869.0
     Rotating WFCS
     c_bands:  1 eigenvalues not converged
     Rotating WFCS
     c_bands:  1 eigenvalues not converged
     Rotating WFCS
     c_bands:  1 eigenvalues not converged
     Rotating WFCS
     c_bands:  1 eigenvalues not converged
     Rotating WFCS
     c_bands:  1 eigenvalues not converged
     Rotating WFCS
     Rotating WFCS
     c_bands:  1 eigenvalues not converged
     k-point #   10 of    10      pool #  1    cpu time:    2108.9
     Rotating WFCS
     Rotating WFCS
     Rotating WFCS
     Rotating WFCS
     Rotating WFCS
     Rotating WFCS
     Rotating WFCS
     End of magnetic susceptibility calculation
 
     f-sum rule (1st term):
           -85.7089          0.0000         -0.0070
             0.0000        -85.7312          0.0000
            -0.0083          0.0000        -85.7887

     f-sum rule (2nd term):
            -0.9022          0.0000          0.0067
             0.0000         -0.8801          0.0000
             0.0080          0.0000         -0.8212

     f-sum rule (should be   -86.6112):
           -86.6111          0.0000         -0.0003
             0.0000        -86.6113          0.0000
            -0.0002          0.0000        -86.6099

     chi_bare pGv (HH) in paratec units:
       -27.772920      0.147108      0.992471
         0.130321    -35.129878      0.082480
         0.887970      0.144476    -29.955178

       -27.772920      0.000000      0.992471
         0.000000    -35.129878      0.000000
         0.887970      0.000000    -29.955178

     chi_bare vGv (VV) in paratec units:
       -27.257121      0.121018      1.486902
         0.120549    -35.500586      0.071501
         1.505658      0.072359    -29.260699

       -27.257121      0.000000      1.486902
         0.000000    -35.500586      0.000000
         1.505658      0.000000    -29.260699

     chi_bare pGv (HH) in 10^{-6} cm^3/mol:
          -131.9795          0.0000          4.7163
             0.0000       -166.9405          0.0000
             4.2197          0.0000       -142.3498

     chi_bare vGv (VV) in 10^{-6} cm^3/mol:
          -129.5284          0.0000          7.0659
             0.0000       -168.7021          0.0000
             7.1550          0.0000       -139.0496

     Contributions to the NMR chemical shifts: -------------------------------
 
     Macroscopic shape contribution in ppm:                    6.72
             6.0269          0.0000          0.0000
             0.0000          7.6235          0.0000
             0.0000          0.0000          6.5005

 
     Core contribution in ppm:
 
     Atom  1  C   pos: ( -0.139846  0.830773  0.720256)  core sigma:         200.51
     Atom  2  C   pos: (  0.936934  0.304218  0.039142)  core sigma:         200.51
     Atom  3  C   pos: ( -0.031578  0.658911  0.503200)  core sigma:         200.51
     Atom  4  C   pos: (  0.828666  0.132356  0.256198)  core sigma:         200.51
     Atom  5  C   pos: (  0.790579  0.705656  0.450878)  core sigma:         200.51
     Atom  6  C   pos: (  0.006509  0.179100  0.308520)  core sigma:         200.51
     Atom  7  C   pos: (  0.676163  0.655336  0.287514)  core sigma:         200.51
     Atom  8  C   pos: (  0.120926  0.128781  0.471884)  core sigma:         200.51
     Atom  9  C   pos: (  0.518099  0.519227  0.328397)  core sigma:         200.51
     Atom 10  C   pos: (  0.278989 -0.007329  0.431001)  core sigma:         200.51
     Atom 11  H   pos: (  0.591344  0.878580  0.593634)  core sigma:           0.00
     Atom 12  H   pos: (  0.205744  0.352025  0.165764)  core sigma:           0.00
     Atom 13  H   pos: (  0.046709  0.915672  0.083257)  core sigma:           0.00
     Atom 14  H   pos: (  0.750379  0.389116  0.676141)  core sigma:           0.00
     Atom 15  H   pos: (  0.065235  0.572420  0.428550)  core sigma:           0.00
     Atom 16  H   pos: (  0.731853  0.045865  0.330848)  core sigma:           0.00
     Atom 17  H   pos: (  0.765398  0.592258  0.182367)  core sigma:           0.00
     Atom 18  H   pos: (  0.031690  0.065702  0.577031)  core sigma:           0.00
     Atom 19  H   pos: (  0.615804  0.780655  0.225172)  core sigma:           0.00
     Atom 20  H   pos: (  0.181284  0.254100  0.534226)  core sigma:           0.00
     Atom 21  H   pos: (  0.576206  0.393202  0.389984)  core sigma:           0.00
     Atom 22  H   pos: (  0.220882  0.919758  0.369414)  core sigma:           0.00
     Atom 23  H   pos: (  0.421293  0.579692  0.429697)  core sigma:           0.00
     Atom 24  H   pos: (  0.375796  0.053137  0.329701)  core sigma:           0.00
     Atom 25  H   pos: (  0.372857  0.582971  0.089456)  core sigma:           0.00
     Atom 26  H   pos: (  0.424231  0.056415  0.669941)  core sigma:           0.00
     Atom 27  H   pos: (  0.504475  0.395672  0.076991)  core sigma:           0.00
     Atom 28  H   pos: (  0.292613  0.922227  0.682407)  core sigma:           0.00
     Atom 29  N   pos: (  0.724230  0.814305  0.591815)  core sigma:         235.78
     Atom 30  N   pos: (  0.072858  0.287750  0.167582)  core sigma:         235.78
     Atom 31  N   pos: (  0.011004  0.736814  0.671375)  core sigma:         235.78
     Atom 32  N   pos: (  0.786084  0.210258  0.088023)  core sigma:         235.78
     Atom 33  N   pos: (  0.416301  0.467739  0.161288)  core sigma:         235.78
     Atom 34  N   pos: (  0.380787  0.994295  0.598109)  core sigma:         235.78
 
     Bare contribution in ppm:
 
     Atom  1  C   pos: ( -0.139846  0.830773  0.720256)  bare sigma:         -54.30
           -51.1756          8.7225         -9.8354
             8.6497        -39.1780        -29.8873
           -14.4024        -25.9209        -72.5367

     Atom  2  C   pos: (  0.936934  0.304218  0.039142)  bare sigma:         -54.30
           -51.1756         -8.7225         -9.8354
            -8.6497        -39.1780         29.8873
           -14.4024         25.9209        -72.5367

     Atom  3  C   pos: ( -0.031578  0.658911  0.503200)  bare sigma:         -49.77
           -57.1850         20.8658          2.6307
            23.0442        -38.3376        -25.7880
             7.9929        -26.1489        -53.7960

     Atom  4  C   pos: (  0.828666  0.132356  0.256198)  bare sigma:         -49.77
           -57.1850        -20.8658          2.6307
           -23.0442        -38.3376         25.7880
             7.9929         26.1489        -53.7960

     Atom  5  C   pos: (  0.790579  0.705656  0.450878)  bare sigma:         -52.39
           -53.6634         14.0283         -8.6927
            18.2609        -34.3478        -29.1023
            -6.7297        -29.8890        -69.1587

     Atom  6  C   pos: (  0.006509  0.179100  0.308520)  bare sigma:         -52.39
           -53.6634        -14.0283         -8.6927
           -18.2609        -34.3478         29.1023
            -6.7297         29.8890        -69.1587

     Atom  7  C   pos: (  0.676163  0.655336  0.287514)  bare sigma:          -4.82
            -2.9088         11.4471          8.7507
            13.6207         -7.8892          1.9147
             3.4866         -0.6707         -3.6682

     Atom  8  C   pos: (  0.120926  0.128781  0.471884)  bare sigma:          -4.82
            -2.9088        -11.4471          8.7507
           -13.6207         -7.8892         -1.9147
             3.4866          0.6707         -3.6682

     Atom  9  C   pos: (  0.518099  0.519227  0.328397)  bare sigma:         -11.47
            -8.3572         10.6967         11.5780
            12.3747        -19.1996          7.1981
             6.8047          2.9932         -6.8492

     Atom 10  C   pos: (  0.278989 -0.007329  0.431001)  bare sigma:         -11.47
            -8.3572        -10.6967         11.5780
           -12.3747        -19.1996         -7.1981
             6.8047         -2.9932         -6.8492

     Atom 11  H   pos: (  0.591344  0.878580  0.593634)  bare sigma:           6.04
            18.6382        -11.6678          1.0679
           -11.2816          0.9096          2.4769
             1.7759          2.9483         -1.4215

     Atom 12  H   pos: (  0.205744  0.352025  0.165764)  bare sigma:           6.04
            18.6382         11.6678          1.0679
            11.2816          0.9096         -2.4769
             1.7759         -2.9483         -1.4215

     Atom 13  H   pos: (  0.046709  0.915672  0.083257)  bare sigma:          16.64
            15.9582         -2.9606         -0.3600
            -1.8740         16.9823          1.8730
            -0.3991          5.5039         16.9910

     Atom 14  H   pos: (  0.750379  0.389116  0.676141)  bare sigma:          16.64
            15.9582          2.9606         -0.3600
             1.8740         16.9823         -1.8730
            -0.3991         -5.5039         16.9910

     Atom 15  H   pos: (  0.065235  0.572420  0.428550)  bare sigma:          16.29
            16.1671         -1.4548         -0.3705
             0.8081         16.0046          1.9843
             0.9541          2.5346         16.6950

     Atom 16  H   pos: (  0.731853  0.045865  0.330848)  bare sigma:          16.29
            16.1671          1.4548         -0.3705
            -0.8081         16.0046         -1.9843
             0.9541         -2.5346         16.6950

     Atom 17  H   pos: (  0.765398  0.592258  0.182367)  bare sigma:          21.68
            23.5559         -2.6131         -1.7263
            -0.9190         20.4655         -0.7227
            -3.1784          4.9657         21.0222

     Atom 18  H   pos: (  0.031690  0.065702  0.577031)  bare sigma:          21.68
            23.5559          2.6131         -1.7263
             0.9190         20.4655          0.7227
            -3.1784         -4.9657         21.0222

     Atom 19  H   pos: (  0.615804  0.780655  0.225172)  bare sigma:          20.49
            19.1280         -1.5105          0.7359
            -0.1140         21.5240         -2.5121
             2.9980         -0.7562         20.8124

     Atom 20  H   pos: (  0.181284  0.254100  0.534226)  bare sigma:          20.49
            19.1280          1.5105          0.7359
             0.1140         21.5240          2.5121
             2.9980          0.7562         20.8124

     Atom 21  H   pos: (  0.576206  0.393202  0.389984)  bare sigma:          20.60
            20.6112         -0.2126          1.8737
            -1.5777         20.7022          0.1758
             1.2539         -3.3482         20.4842

     Atom 22  H   pos: (  0.220882  0.919758  0.369414)  bare sigma:          20.60
            20.6112          0.2126          1.8737
             1.5777         20.7022         -0.1758
             1.2539          3.3482         20.4842

     Atom 23  H   pos: (  0.421293  0.579692  0.429697)  bare sigma:          19.91
            21.8547          0.1273         -0.9908
             1.3458         16.4291          2.6108
            -2.6195          3.3964         21.4465

     Atom 24  H   pos: (  0.375796  0.053137  0.329701)  bare sigma:          19.91
            21.8547         -0.1273         -0.9908
            -1.3458         16.4291         -2.6108
            -2.6195         -3.3964         21.4465

     Atom 25  H   pos: (  0.372857  0.582971  0.089456)  bare sigma:          18.09
            15.5940         -6.5115          5.9054
            -7.4509         19.3953         -6.6683
             7.9498         -7.0639         19.2705

     Atom 26  H   pos: (  0.424231  0.056415  0.669941)  bare sigma:          18.09
            15.5940          6.5115          5.9054
             7.4509         19.3953          6.6683
             7.9498          7.0639         19.2705

     Atom 27  H   pos: (  0.504475  0.395672  0.076991)  bare sigma:          20.75
            22.6391         -4.5961         -0.8990
            -6.9775         18.4949          3.4881
            -3.7987          5.3032         21.1279

     Atom 28  H   pos: (  0.292613  0.922227  0.682407)  bare sigma:          20.75
            22.6391          4.5961         -0.8990
             6.9775         18.4949         -3.4881
            -3.7987         -5.3032         21.1279

     Atom 29  N   pos: (  0.724230  0.814305  0.591815)  bare sigma:         -15.57
           -36.4535         25.7542         -3.8980
            24.3096          5.5938        -28.5444
            -7.4593        -24.4073        -15.8558

     Atom 30  N   pos: (  0.072858  0.287750  0.167582)  bare sigma:         -15.57
           -36.4535        -25.7542         -3.8980
           -24.3096          5.5938         28.5444
            -7.4593         24.4073        -15.8558

     Atom 31  N   pos: (  0.011004  0.736814  0.671375)  bare sigma:         -37.52
           -52.1658         37.9179        -11.3362
            39.5447          0.8936        -63.9467
            -9.8585        -62.9201        -61.2852

     Atom 32  N   pos: (  0.786084  0.210258  0.088023)  bare sigma:         -37.52
           -52.1658        -37.9179        -11.3362
           -39.5447          0.8936         63.9467
            -9.8585         62.9201        -61.2852

     Atom 33  N   pos: (  0.416301  0.467739  0.161288)  bare sigma:          40.22
            43.8872          1.7728          9.3305
             0.0777         36.2320          2.1977
             6.5775          2.8497         40.5507

     Atom 34  N   pos: (  0.380787  0.994295  0.598109)  bare sigma:          40.22
            43.8872         -1.7728          9.3305
            -0.0777         36.2320         -2.1977
             6.5775         -2.8497         40.5507

     Diamagnetic contribution in ppm:
 
     Atom  1  C   pos: ( -0.139846  0.830773  0.720256)  dia sigma:           4.25
             4.2908          0.0322          0.0491
             0.0322          4.2389         -0.0693
             0.0491         -0.0693          4.2106

     Atom  2  C   pos: (  0.936934  0.304218  0.039142)  dia sigma:           4.25
             4.2908         -0.0322          0.0491
            -0.0322          4.2389          0.0693
             0.0491          0.0693          4.2106

     Atom  3  C   pos: ( -0.031578  0.658911  0.503200)  dia sigma:           4.31
             4.2486          0.0580          0.0160
             0.0580          4.3268         -0.0145
             0.0160         -0.0145          4.3534

     Atom  4  C   pos: (  0.828666  0.132356  0.256198)  dia sigma:           4.31
             4.2486         -0.0580          0.0160
            -0.0580          4.3268          0.0145
             0.0160          0.0145          4.3534

     Atom  5  C   pos: (  0.790579  0.705656  0.450878)  dia sigma:           4.27
             4.1970          0.0051         -0.0840
             0.0051          4.3242          0.0237
            -0.0840          0.0237          4.2985

     Atom  6  C   pos: (  0.006509  0.179100  0.308520)  dia sigma:           4.27
             4.1970         -0.0051         -0.0840
            -0.0051          4.3242         -0.0237
            -0.0840         -0.0237          4.2985

     Atom  7  C   pos: (  0.676163  0.655336  0.287514)  dia sigma:           4.34
             4.3412          0.0343          0.0312
             0.0343          4.3306         -0.0086
             0.0312         -0.0086          4.3521

     Atom  8  C   pos: (  0.120926  0.128781  0.471884)  dia sigma:           4.34
             4.3412         -0.0343          0.0312
            -0.0343          4.3306          0.0086
             0.0312          0.0086          4.3521

     Atom  9  C   pos: (  0.518099  0.519227  0.328397)  dia sigma:           4.21
             4.2105          0.0644          0.0666
             0.0644          4.1551          0.0319
             0.0666          0.0319          4.2692

     Atom 10  C   pos: (  0.278989 -0.007329  0.431001)  dia sigma:           4.21
             4.2105         -0.0644          0.0666
            -0.0644          4.1551         -0.0319
             0.0666         -0.0319          4.2692

     Atom 11  H   pos: (  0.591344  0.878580  0.593634)  dia sigma:           0.93
             0.9341          0.0000         -0.0000
             0.0000          0.9341         -0.0000
            -0.0000         -0.0000          0.9341

     Atom 12  H   pos: (  0.205744  0.352025  0.165764)  dia sigma:           0.93
             0.9341         -0.0000         -0.0000
            -0.0000          0.9341          0.0000
            -0.0000          0.0000          0.9341

     Atom 13  H   pos: (  0.046709  0.915672  0.083257)  dia sigma:           1.12
             1.1238          0.0000         -0.0000
             0.0000          1.1238         -0.0000
            -0.0000         -0.0000          1.1238

     Atom 14  H   pos: (  0.750379  0.389116  0.676141)  dia sigma:           1.12
             1.1238         -0.0000         -0.0000
            -0.0000          1.1238          0.0000
            -0.0000          0.0000          1.1238

     Atom 15  H   pos: (  0.065235  0.572420  0.428550)  dia sigma:           1.14
             1.1362          0.0000         -0.0000
             0.0000          1.1362         -0.0000
            -0.0000         -0.0000          1.1362

     Atom 16  H   pos: (  0.731853  0.045865  0.330848)  dia sigma:           1.14
             1.1362         -0.0000         -0.0000
            -0.0000          1.1362          0.0000
            -0.0000          0.0000          1.1362

     Atom 17  H   pos: (  0.765398  0.592258  0.182367)  dia sigma:           1.14
             1.1366          0.0000         -0.0000
             0.0000          1.1366         -0.0000
            -0.0000         -0.0000          1.1366

     Atom 18  H   pos: (  0.031690  0.065702  0.577031)  dia sigma:           1.14
             1.1366         -0.0000         -0.0000
            -0.0000          1.1366          0.0000
            -0.0000          0.0000          1.1366

     Atom 19  H   pos: (  0.615804  0.780655  0.225172)  dia sigma:           1.14
             1.1377         -0.0000         -0.0000
            -0.0000          1.1377          0.0000
            -0.0000          0.0000          1.1377

     Atom 20  H   pos: (  0.181284  0.254100  0.534226)  dia sigma:           1.14
             1.1377          0.0000         -0.0000
             0.0000          1.1377         -0.0000
            -0.0000         -0.0000          1.1377

     Atom 21  H   pos: (  0.576206  0.393202  0.389984)  dia sigma:           1.15
             1.1510          0.0000         -0.0000
             0.0000          1.1510         -0.0000
            -0.0000         -0.0000          1.1510

     Atom 22  H   pos: (  0.220882  0.919758  0.369414)  dia sigma:           1.15
             1.1510         -0.0000         -0.0000
            -0.0000          1.1510          0.0000
            -0.0000          0.0000          1.1510

     Atom 23  H   pos: (  0.421293  0.579692  0.429697)  dia sigma:           1.15
             1.1471         -0.0000         -0.0000
            -0.0000          1.1471          0.0000
            -0.0000          0.0000          1.1471

     Atom 24  H   pos: (  0.375796  0.053137  0.329701)  dia sigma:           1.15
             1.1471          0.0000         -0.0000
             0.0000          1.1471         -0.0000
            -0.0000         -0.0000          1.1471

     Atom 25  H   pos: (  0.372857  0.582971  0.089456)  dia sigma:           1.07
             1.0683          0.0000         -0.0000
             0.0000          1.0683         -0.0000
            -0.0000         -0.0000          1.0683

     Atom 26  H   pos: (  0.424231  0.056415  0.669941)  dia sigma:           1.07
             1.0683         -0.0000         -0.0000
            -0.0000          1.0683          0.0000
            -0.0000          0.0000          1.0683

     Atom 27  H   pos: (  0.504475  0.395672  0.076991)  dia sigma:           1.10
             1.1011         -0.0000         -0.0000
            -0.0000          1.1011          0.0000
            -0.0000          0.0000          1.1011

     Atom 28  H   pos: (  0.292613  0.922227  0.682407)  dia sigma:           1.10
             1.1011          0.0000         -0.0000
             0.0000          1.1011         -0.0000
            -0.0000         -0.0000          1.1011

     Atom 29  N   pos: (  0.724230  0.814305  0.591815)  dia sigma:           9.79
             9.7441         -0.0192          0.0603
            -0.0192          9.7189          0.1298
             0.0603          0.1298          9.9102

     Atom 30  N   pos: (  0.072858  0.287750  0.167582)  dia sigma:           9.79
             9.7441          0.0192          0.0603
             0.0192          9.7189         -0.1298
             0.0603         -0.1298          9.9102

     Atom 31  N   pos: (  0.011004  0.736814  0.671375)  dia sigma:           8.95
             8.6463          0.0577         -0.3082
             0.0577          9.1793          0.0385
            -0.3082          0.0385          9.0318

     Atom 32  N   pos: (  0.786084  0.210258  0.088023)  dia sigma:           8.95
             8.6463         -0.0577         -0.3082
            -0.0577          9.1793         -0.0385
            -0.3082         -0.0385          9.0318

     Atom 33  N   pos: (  0.416301  0.467739  0.161288)  dia sigma:           9.65
             9.4330         -0.2877          0.1937
            -0.2877          9.5769          0.1656
             0.1937          0.1656          9.9286

     Atom 34  N   pos: (  0.380787  0.994295  0.598109)  dia sigma:           9.65
             9.4330          0.2877          0.1937
             0.2877          9.5769         -0.1656
             0.1937         -0.1656          9.9286

     Paramagnetic contribution in ppm:
 
     Atom  1  C   pos: ( -0.139846  0.830773  0.720256)  para sigma:        -108.03
          -104.0300          6.3914        -10.1462
             4.7232        -94.7870        -25.6190
           -15.9811        -22.8299       -125.2585

     Atom  2  C   pos: (  0.936934  0.304218  0.039142)  para sigma:        -108.03
          -104.0300         -6.3914        -10.1462
            -4.7232        -94.7870         25.6190
           -15.9811         22.8299       -125.2585

     Atom  3  C   pos: ( -0.031578  0.658911  0.503200)  para sigma:        -105.74
          -108.3745         17.2400          3.5195
            18.5596        -97.0471        -24.4060
             9.5488        -26.3202       -111.8036

     Atom  4  C   pos: (  0.828666  0.132356  0.256198)  para sigma:        -105.74
          -108.3745        -17.2400          3.5195
           -18.5596        -97.0471         24.4060
             9.5488         26.3202       -111.8036

     Atom  5  C   pos: (  0.790579  0.705656  0.450878)  para sigma:        -107.62
          -103.0328         10.0468         -9.1378
            12.2853        -91.0341        -30.7045
            -8.2539        -32.2475       -128.7961

     Atom  6  C   pos: (  0.006509  0.179100  0.308520)  para sigma:        -107.62
          -103.0328        -10.0468         -9.1378
           -12.2853        -91.0341         30.7045
            -8.2539         32.2475       -128.7961

     Atom  7  C   pos: (  0.676163  0.655336  0.287514)  para sigma:         -57.67
           -58.4697          9.3905          6.6799
            10.0992        -58.8933          1.5258
             0.2296         -3.4521        -55.6443

     Atom  8  C   pos: (  0.120926  0.128781  0.471884)  para sigma:         -57.67
           -58.4697         -9.3905          6.6799
           -10.0992        -58.8933         -1.5258
             0.2296          3.4521        -55.6443

     Atom  9  C   pos: (  0.518099  0.519227  0.328397)  para sigma:         -62.90
           -61.8733          5.8867          6.8419
             7.3106        -66.5492          4.5151
             2.8174          0.0965        -60.2649

     Atom 10  C   pos: (  0.278989 -0.007329  0.431001)  para sigma:         -62.90
           -61.8733         -5.8867          6.8419
            -7.3106        -66.5492         -4.5151
             2.8174         -0.0965        -60.2649

     Atom 11  H   pos: (  0.591344  0.878580  0.593634)  para sigma:           0.00
             0.0000          0.0000          0.0000
             0.0000          0.0000          0.0000
             0.0000          0.0000          0.0000

     Atom 12  H   pos: (  0.205744  0.352025  0.165764)  para sigma:           0.00
             0.0000          0.0000          0.0000
             0.0000          0.0000          0.0000
             0.0000          0.0000          0.0000

     Atom 13  H   pos: (  0.046709  0.915672  0.083257)  para sigma:           0.00
             0.0000          0.0000          0.0000
             0.0000          0.0000          0.0000
             0.0000          0.0000          0.0000

     Atom 14  H   pos: (  0.750379  0.389116  0.676141)  para sigma:           0.00
             0.0000          0.0000          0.0000
             0.0000          0.0000          0.0000
             0.0000          0.0000          0.0000

     Atom 15  H   pos: (  0.065235  0.572420  0.428550)  para sigma:           0.00
             0.0000          0.0000          0.0000
             0.0000          0.0000          0.0000
             0.0000          0.0000          0.0000

     Atom 16  H   pos: (  0.731853  0.045865  0.330848)  para sigma:           0.00
             0.0000          0.0000          0.0000
             0.0000          0.0000          0.0000
             0.0000          0.0000          0.0000

     Atom 17  H   pos: (  0.765398  0.592258  0.182367)  para sigma:           0.00
             0.0000          0.0000          0.0000
             0.0000          0.0000          0.0000
             0.0000          0.0000          0.0000

     Atom 18  H   pos: (  0.031690  0.065702  0.577031)  para sigma:           0.00
             0.0000          0.0000          0.0000
             0.0000          0.0000          0.0000
             0.0000          0.0000          0.0000

     Atom 19  H   pos: (  0.615804  0.780655  0.225172)  para sigma:           0.00
             0.0000          0.0000          0.0000
             0.0000          0.0000          0.0000
             0.0000          0.0000          0.0000

     Atom 20  H   pos: (  0.181284  0.254100  0.534226)  para sigma:           0.00
             0.0000          0.0000          0.0000
             0.0000          0.0000          0.0000
             0.0000          0.0000          0.0000

     Atom 21  H   pos: (  0.576206  0.393202  0.389984)  para sigma:           0.00
             0.0000          0.0000          0.0000
             0.0000          0.0000          0.0000
             0.0000          0.0000          0.0000

     Atom 22  H   pos: (  0.220882  0.919758  0.369414)  para sigma:           0.00
             0.0000          0.0000          0.0000
             0.0000          0.0000          0.0000
             0.0000          0.0000          0.0000

     Atom 23  H   pos: (  0.421293  0.579692  0.429697)  para sigma:           0.00
             0.0000          0.0000          0.0000
             0.0000          0.0000          0.0000
             0.0000          0.0000          0.0000

     Atom 24  H   pos: (  0.375796  0.053137  0.329701)  para sigma:           0.00
             0.0000          0.0000          0.0000
             0.0000          0.0000          0.0000
             0.0000          0.0000          0.0000

     Atom 25  H   pos: (  0.372857  0.582971  0.089456)  para sigma:           0.00
             0.0000          0.0000          0.0000
             0.0000          0.0000          0.0000
             0.0000          0.0000          0.0000

     Atom 26  H   pos: (  0.424231  0.056415  0.669941)  para sigma:           0.00
             0.0000          0.0000          0.0000
             0.0000          0.0000          0.0000
             0.0000          0.0000          0.0000

     Atom 27  H   pos: (  0.504475  0.395672  0.076991)  para sigma:           0.00
             0.0000          0.0000          0.0000
             0.0000          0.0000          0.0000
             0.0000          0.0000          0.0000

     Atom 28  H   pos: (  0.292613  0.922227  0.682407)  para sigma:           0.00
             0.0000          0.0000          0.0000
             0.0000          0.0000          0.0000
             0.0000          0.0000          0.0000

     Atom 29  N   pos: (  0.724230  0.814305  0.591815)  para sigma:        -140.84
          -177.2815         42.0519         -3.3108
            37.8511       -110.3843        -40.3553
            -9.2524        -34.9026       -134.8425

     Atom 30  N   pos: (  0.072858  0.287750  0.167582)  para sigma:        -140.84
          -177.2815        -42.0519         -3.3108
           -37.8511       -110.3843         40.3553
            -9.2524         34.9026       -134.8425

     Atom 31  N   pos: (  0.011004  0.736814  0.671375)  para sigma:        -175.27
          -200.7036         60.9333        -22.1498
            60.4992       -110.2363       -101.5628
           -21.0299       -101.5502       -214.8729

     Atom 32  N   pos: (  0.786084  0.210258  0.088023)  para sigma:        -175.27
          -200.7036        -60.9333        -22.1498
           -60.4992       -110.2363        101.5628
           -21.0299        101.5502       -214.8729

     Atom 33  N   pos: (  0.416301  0.467739  0.161288)  para sigma:         -36.31
           -33.6443         -3.2164          9.3718
            -4.7040        -35.8616          1.6218
             4.7873          2.2187        -39.4134

     Atom 34  N   pos: (  0.380787  0.994295  0.598109)  para sigma:         -36.31
           -33.6443          3.2164          9.3718
             4.7040        -35.8616         -1.6218
             4.7873         -2.2187        -39.4134

     Paramagnetic US occ-occ contribution in ppm:
 
     Atom  1  C   pos: ( -0.139846  0.830773  0.720256)  para_oo sigma:          -1.63
            -1.2848          0.1949         -0.0925
             0.2414         -1.3569         -0.8544
            -0.0329         -0.9301         -2.2589

     Atom  2  C   pos: (  0.936934  0.304218  0.039142)  para_oo sigma:          -1.63
            -1.2848         -0.1949         -0.0925
            -0.2414         -1.3569          0.8544
            -0.0329          0.9301         -2.2589

     Atom  3  C   pos: ( -0.031578  0.658911  0.503200)  para_oo sigma:          -1.01
            -1.4383          0.4623          0.0609
             0.4075         -0.7740         -0.2389
            -0.0393         -0.1828         -0.8141

     Atom  4  C   pos: (  0.828666  0.132356  0.256198)  para_oo sigma:          -1.01
            -1.4383         -0.4623          0.0609
            -0.4075         -0.7740          0.2389
            -0.0393          0.1828         -0.8141

     Atom  5  C   pos: (  0.790579  0.705656  0.450878)  para_oo sigma:          -1.00
            -1.4829          0.1797         -0.5178
             0.2590         -0.5451         -0.1265
            -0.4267         -0.1622         -0.9582

     Atom  6  C   pos: (  0.006509  0.179100  0.308520)  para_oo sigma:          -1.00
            -1.4829         -0.1797         -0.5178
            -0.2590         -0.5451          0.1265
            -0.4267          0.1622         -0.9582

     Atom  7  C   pos: (  0.676163  0.655336  0.287514)  para_oo sigma:          -0.13
            -0.2375          0.0274          0.0295
             0.0355         -0.0860         -0.0094
             0.0551          0.0139         -0.0647

     Atom  8  C   pos: (  0.120926  0.128781  0.471884)  para_oo sigma:          -0.13
            -0.2375         -0.0274          0.0295
            -0.0355         -0.0860          0.0094
             0.0551         -0.0139         -0.0647

     Atom  9  C   pos: (  0.518099  0.519227  0.328397)  para_oo sigma:          -0.12
            -0.1289          0.0271          0.0447
             0.0372         -0.1729          0.0019
             0.0349          0.0162         -0.0486

     Atom 10  C   pos: (  0.278989 -0.007329  0.431001)  para_oo sigma:          -0.12
            -0.1289         -0.0271          0.0447
            -0.0372         -0.1729         -0.0019
             0.0349         -0.0162         -0.0486

     Atom 11  H   pos: (  0.591344  0.878580  0.593634)  para_oo sigma:           0.00
             0.0000          0.0000          0.0000
             0.0000          0.0000          0.0000
             0.0000          0.0000          0.0000

     Atom 12  H   pos: (  0.205744  0.352025  0.165764)  para_oo sigma:           0.00
             0.0000          0.0000          0.0000
             0.0000          0.0000          0.0000
             0.0000          0.0000          0.0000

     Atom 13  H   pos: (  0.046709  0.915672  0.083257)  para_oo sigma:           0.00
             0.0000          0.0000          0.0000
             0.0000          0.0000          0.0000
             0.0000          0.0000          0.0000

     Atom 14  H   pos: (  0.750379  0.389116  0.676141)  para_oo sigma:           0.00
             0.0000          0.0000          0.0000
             0.0000          0.0000          0.0000
             0.0000          0.0000          0.0000

     Atom 15  H   pos: (  0.065235  0.572420  0.428550)  para_oo sigma:           0.00
             0.0000          0.0000          0.0000
             0.0000          0.0000          0.0000
             0.0000          0.0000          0.0000

     Atom 16  H   pos: (  0.731853  0.045865  0.330848)  para_oo sigma:           0.00
             0.0000          0.0000          0.0000
             0.0000          0.0000          0.0000
             0.0000          0.0000          0.0000

     Atom 17  H   pos: (  0.765398  0.592258  0.182367)  para_oo sigma:           0.00
             0.0000          0.0000          0.0000
             0.0000          0.0000          0.0000
             0.0000          0.0000          0.0000

     Atom 18  H   pos: (  0.031690  0.065702  0.577031)  para_oo sigma:           0.00
             0.0000          0.0000          0.0000
             0.0000          0.0000          0.0000
             0.0000          0.0000          0.0000

     Atom 19  H   pos: (  0.615804  0.780655  0.225172)  para_oo sigma:           0.00
             0.0000          0.0000          0.0000
             0.0000          0.0000          0.0000
             0.0000          0.0000          0.0000

     Atom 20  H   pos: (  0.181284  0.254100  0.534226)  para_oo sigma:           0.00
             0.0000          0.0000          0.0000
             0.0000          0.0000          0.0000
             0.0000          0.0000          0.0000

     Atom 21  H   pos: (  0.576206  0.393202  0.389984)  para_oo sigma:           0.00
             0.0000          0.0000          0.0000
             0.0000          0.0000          0.0000
             0.0000          0.0000          0.0000

     Atom 22  H   pos: (  0.220882  0.919758  0.369414)  para_oo sigma:           0.00
             0.0000          0.0000          0.0000
             0.0000          0.0000          0.0000
             0.0000          0.0000          0.0000

     Atom 23  H   pos: (  0.421293  0.579692  0.429697)  para_oo sigma:           0.00
             0.0000          0.0000          0.0000
             0.0000          0.0000          0.0000
             0.0000          0.0000          0.0000

     Atom 24  H   pos: (  0.375796  0.053137  0.329701)  para_oo sigma:           0.00
             0.0000          0.0000          0.0000
             0.0000          0.0000          0.0000
             0.0000          0.0000          0.0000

     Atom 25  H   pos: (  0.372857  0.582971  0.089456)  para_oo sigma:           0.00
             0.0000          0.0000          0.0000
             0.0000          0.0000          0.0000
             0.0000          0.0000          0.0000

     Atom 26  H   pos: (  0.424231  0.056415  0.669941)  para_oo sigma:           0.00
             0.0000          0.0000          0.0000
             0.0000          0.0000          0.0000
             0.0000          0.0000          0.0000

     Atom 27  H   pos: (  0.504475  0.395672  0.076991)  para_oo sigma:           0.00
             0.0000          0.0000          0.0000
             0.0000          0.0000          0.0000
             0.0000          0.0000          0.0000

     Atom 28  H   pos: (  0.292613  0.922227  0.682407)  para_oo sigma:           0.00
             0.0000          0.0000          0.0000
             0.0000          0.0000          0.0000
             0.0000          0.0000          0.0000

     Atom 29  N   pos: (  0.724230  0.814305  0.591815)  para_oo sigma:          -1.00
            -0.9613          0.3434         -0.0064
             0.1366         -0.6391         -0.7152
            -0.3585         -0.5706         -1.3998

     Atom 30  N   pos: (  0.072858  0.287750  0.167582)  para_oo sigma:          -1.00
            -0.9613         -0.3434         -0.0064
            -0.1366         -0.6391          0.7152
            -0.3585          0.5706         -1.3998

     Atom 31  N   pos: (  0.011004  0.736814  0.671375)  para_oo sigma:          -1.48
            -1.1220          0.1903         -0.2034
             0.4106         -1.1485         -0.9417
             0.2052         -1.1076         -2.1547

     Atom 32  N   pos: (  0.786084  0.210258  0.088023)  para_oo sigma:          -1.48
            -1.1220         -0.1903         -0.2034
            -0.4106         -1.1485          0.9417
             0.2052          1.1076         -2.1547

     Atom 33  N   pos: (  0.416301  0.467739  0.161288)  para_oo sigma:          -0.19
            -0.1173         -0.0191         -0.0500
            -0.0042         -0.1039         -0.0484
            -0.0988         -0.0642         -0.3553

     Atom 34  N   pos: (  0.380787  0.994295  0.598109)  para_oo sigma:          -0.19
            -0.1173          0.0191         -0.0500
             0.0042         -0.1039          0.0484
            -0.0988          0.0642         -0.3553

     Paramagnetic US L_R Q_R contribution in ppm:
 
     Atom  1  C   pos: ( -0.139846  0.830773  0.720256)  para_lq sigma:         -15.39
           -15.1913          1.2909         -0.9126
             0.7967        -13.5007         -3.4304
            -1.8166         -3.1848        -17.4708

     Atom  2  C   pos: (  0.936934  0.304218  0.039142)  para_lq sigma:         -15.39
           -15.1913         -1.2909         -0.9126
            -0.7967        -13.5007          3.4304
            -1.8166          3.1848        -17.4708

     Atom  3  C   pos: ( -0.031578  0.658911  0.503200)  para_lq sigma:         -14.12
           -15.2214          1.7371         -0.2722
             1.9996        -12.8533         -1.8535
             0.2328         -2.0373        -14.3001

     Atom  4  C   pos: (  0.828666  0.132356  0.256198)  para_lq sigma:         -14.12
           -15.2214         -1.7371         -0.2722
            -1.9996        -12.8533          1.8535
             0.2328          2.0373        -14.3001

     Atom  5  C   pos: (  0.790579  0.705656  0.450878)  para_lq sigma:         -14.18
           -15.0398          1.2068         -0.9110
             1.2265        -12.5737         -1.9901
            -1.0015         -1.9289        -14.9312

     Atom  6  C   pos: (  0.006509  0.179100  0.308520)  para_lq sigma:         -14.18
           -15.0398         -1.2068         -0.9110
            -1.2265        -12.5737          1.9901
            -1.0015          1.9289        -14.9312

     Atom  7  C   pos: (  0.676163  0.655336  0.287514)  para_lq sigma:         -11.26
           -11.3355          0.1469         -0.0374
             0.1580        -11.1790         -0.0994
            -0.0431         -0.0493        -11.2672

     Atom  8  C   pos: (  0.120926  0.128781  0.471884)  para_lq sigma:         -11.26
           -11.3355         -0.1469         -0.0374
            -0.1580        -11.1790          0.0994
            -0.0431          0.0493        -11.2672

     Atom  9  C   pos: (  0.518099  0.519227  0.328397)  para_lq sigma:         -11.08
           -11.0145         -0.0559         -0.3428
            -0.0476        -10.8870         -0.1869
            -0.3705         -0.1876        -11.3286

     Atom 10  C   pos: (  0.278989 -0.007329  0.431001)  para_lq sigma:         -11.08
           -11.0145          0.0559         -0.3428
             0.0476        -10.8870          0.1869
            -0.3705          0.1876        -11.3286

     Atom 11  H   pos: (  0.591344  0.878580  0.593634)  para_lq sigma:           0.00
             0.0000          0.0000          0.0000
             0.0000          0.0000          0.0000
             0.0000          0.0000          0.0000

     Atom 12  H   pos: (  0.205744  0.352025  0.165764)  para_lq sigma:           0.00
             0.0000          0.0000          0.0000
             0.0000          0.0000          0.0000
             0.0000          0.0000          0.0000

     Atom 13  H   pos: (  0.046709  0.915672  0.083257)  para_lq sigma:           0.00
             0.0000          0.0000          0.0000
             0.0000          0.0000          0.0000
             0.0000          0.0000          0.0000

     Atom 14  H   pos: (  0.750379  0.389116  0.676141)  para_lq sigma:           0.00
             0.0000          0.0000          0.0000
             0.0000          0.0000          0.0000
             0.0000          0.0000          0.0000

     Atom 15  H   pos: (  0.065235  0.572420  0.428550)  para_lq sigma:           0.00
             0.0000          0.0000          0.0000
             0.0000          0.0000          0.0000
             0.0000          0.0000          0.0000

     Atom 16  H   pos: (  0.731853  0.045865  0.330848)  para_lq sigma:           0.00
             0.0000          0.0000          0.0000
             0.0000          0.0000          0.0000
             0.0000          0.0000          0.0000

     Atom 17  H   pos: (  0.765398  0.592258  0.182367)  para_lq sigma:           0.00
             0.0000          0.0000          0.0000
             0.0000          0.0000          0.0000
             0.0000          0.0000          0.0000

     Atom 18  H   pos: (  0.031690  0.065702  0.577031)  para_lq sigma:           0.00
             0.0000          0.0000          0.0000
             0.0000          0.0000          0.0000
             0.0000          0.0000          0.0000

     Atom 19  H   pos: (  0.615804  0.780655  0.225172)  para_lq sigma:           0.00
             0.0000          0.0000          0.0000
             0.0000          0.0000          0.0000
             0.0000          0.0000          0.0000

     Atom 20  H   pos: (  0.181284  0.254100  0.534226)  para_lq sigma:           0.00
             0.0000          0.0000          0.0000
             0.0000          0.0000          0.0000
             0.0000          0.0000          0.0000

     Atom 21  H   pos: (  0.576206  0.393202  0.389984)  para_lq sigma:           0.00
             0.0000          0.0000          0.0000
             0.0000          0.0000          0.0000
             0.0000          0.0000          0.0000

     Atom 22  H   pos: (  0.220882  0.919758  0.369414)  para_lq sigma:           0.00
             0.0000          0.0000          0.0000
             0.0000          0.0000          0.0000
             0.0000          0.0000          0.0000

     Atom 23  H   pos: (  0.421293  0.579692  0.429697)  para_lq sigma:           0.00
             0.0000          0.0000          0.0000
             0.0000          0.0000          0.0000
             0.0000          0.0000          0.0000

     Atom 24  H   pos: (  0.375796  0.053137  0.329701)  para_lq sigma:           0.00
             0.0000          0.0000          0.0000
             0.0000          0.0000          0.0000
             0.0000          0.0000          0.0000

     Atom 25  H   pos: (  0.372857  0.582971  0.089456)  para_lq sigma:           0.00
             0.0000          0.0000          0.0000
             0.0000          0.0000          0.0000
             0.0000          0.0000          0.0000

     Atom 26  H   pos: (  0.424231  0.056415  0.669941)  para_lq sigma:           0.00
             0.0000          0.0000          0.0000
             0.0000          0.0000          0.0000
             0.0000          0.0000          0.0000

     Atom 27  H   pos: (  0.504475  0.395672  0.076991)  para_lq sigma:           0.00
             0.0000          0.0000          0.0000
             0.0000          0.0000          0.0000
             0.0000          0.0000          0.0000

     Atom 28  H   pos: (  0.292613  0.922227  0.682407)  para_lq sigma:           0.00
             0.0000          0.0000          0.0000
             0.0000          0.0000          0.0000
             0.0000          0.0000          0.0000

     Atom 29  N   pos: (  0.724230  0.814305  0.591815)  para_lq sigma:         -65.28
           -66.8606          4.0682         -1.8480
             4.2897        -61.1011         -6.4294
            -1.4786         -6.6117        -67.8668

     Atom 30  N   pos: (  0.072858  0.287750  0.167582)  para_lq sigma:         -65.28
           -66.8606         -4.0682         -1.8480
            -4.2897        -61.1011          6.4294
            -1.4786          6.6117        -67.8668

     Atom 31  N   pos: (  0.011004  0.736814  0.671375)  para_lq sigma:         -69.99
           -65.9893          4.3798          4.0921
             4.3750        -69.0290         -9.6277
             4.3023         -9.6164        -74.9444

     Atom 32  N   pos: (  0.786084  0.210258  0.088023)  para_lq sigma:         -69.99
           -65.9893         -4.3798          4.0921
            -4.3750        -69.0290          9.6277
             4.3023          9.6164        -74.9444

     Atom 33  N   pos: (  0.416301  0.467739  0.161288)  para_lq sigma:         -62.24
           -59.1559          5.6750         -2.6351
             5.6675        -62.1745         -1.6706
            -2.6853         -1.7226        -65.3810

     Atom 34  N   pos: (  0.380787  0.994295  0.598109)  para_lq sigma:         -62.24
           -59.1559         -5.6750         -2.6351
            -5.6675        -62.1745          1.6706
            -2.6853          1.7226        -65.3810

 
     Total NMR chemical shifts in ppm: ---------------------------------------
     (adopting the Simpson convention for anisotropy and asymmetry)-----------
 
     Atom  1  C   pos: ( -0.139846  0.830773  0.720256)  Total sigma:          32.13
            39.1461         16.6320        -20.9376
            14.4431         63.5497        -59.8605
           -32.1839        -52.9350         -6.3037

     C    1    anisotropy:    110.47    eta:   -0.9855
     C    1    sigma_11=     31.60    axis=( -0.903202  0.429178 -0.005671)
     C    1    sigma_22=    -40.98    axis=(  0.204141  0.441163  0.873900)
     C    1    sigma_33=    105.77    axis=( -0.377561 -0.788151  0.486072)
 
     Atom  2  C   pos: (  0.936934  0.304218  0.039142)  Total sigma:          32.13
            39.1461        -16.6320        -20.9376
           -14.4431         63.5497         59.8605
           -32.1839         52.9350         -6.3037

     C    2    anisotropy:    110.47    eta:   -0.9855
     C    2    sigma_11=     31.60    axis=( -0.903202 -0.429178 -0.005671)
     C    2    sigma_22=    -40.98    axis=(  0.204141 -0.441163  0.873900)
     C    2    sigma_33=    105.77    axis=(  0.377561 -0.788151 -0.486072)
 
     Atom  3  C   pos: ( -0.031578  0.658911  0.503200)  Total sigma:          40.89
            28.5664         40.3633          5.9550
            44.0690         63.4483        -52.3008
            17.7512        -54.7037         30.6501

     C    3    anisotropy:   -107.88    eta:   -0.9981
     C    3    sigma_11=     40.96    axis=(  0.773785  0.049787  0.631488)
     C    3    sigma_22=    112.74    axis=( -0.338732 -0.809879  0.478912)
     C    3    sigma_33=    -31.03    axis=(  0.535273 -0.584480 -0.609808)
 
     Atom  4  C   pos: (  0.828666  0.132356  0.256198)  Total sigma:          40.89
            28.5664        -40.3633          5.9550
           -44.0690         63.4483         52.3008
            17.7512         54.7037         30.6501

     C    4    anisotropy:   -107.88    eta:   -0.9981
     C    4    sigma_11=     40.96    axis=(  0.773785 -0.049787  0.631488)
     C    4    sigma_22=    112.74    axis=( -0.338732  0.809879  0.478912)
     C    4    sigma_33=    -31.03    axis=( -0.535273 -0.584480  0.609808)
 
     Atom  5  C   pos: (  0.790579  0.705656  0.450878)  Total sigma:          36.31
            37.5150         25.4668        -19.3433
            32.0368         73.9569        -61.8997
           -16.4958        -64.2039         -2.5353

     C    5    anisotropy:    129.85    eta:   -0.7185
     C    5    sigma_11=     24.13    axis=( -0.929311  0.332270 -0.161176)
     C    5    sigma_22=    -38.07    axis=(  0.022249  0.486022  0.873663)
     C    5    sigma_33=    122.88    axis=( -0.368627 -0.808319  0.459058)
 
     Atom  6  C   pos: (  0.006509  0.179100  0.308520)  Total sigma:          36.31
            37.5150        -25.4668        -19.3433
           -32.0368         73.9569         61.8997
           -16.4958         64.2039         -2.5353

     C    6    anisotropy:    129.85    eta:   -0.7185
     C    6    sigma_11=     24.13    axis=(  0.929311  0.332270  0.161176)
     C    6    sigma_22=    -38.07    axis=(  0.022249 -0.486022  0.873663)
     C    6    sigma_33=    122.88    axis=( -0.368627  0.808319  0.459058)
 
     Atom  7  C   pos: (  0.676163  0.655336  0.287514)  Total sigma:         137.69
           137.9266         21.0463         15.4539
            23.9477        134.4165          3.3231
             3.7594         -4.1667        140.7181

     C    7    anisotropy:    -38.64    eta:   -0.8176
     C    7    sigma_11=    140.04    axis=(  0.082273  0.397899 -0.913733)
     C    7    sigma_22=    161.10    axis=(  0.724497  0.605696  0.328994)
     C    7    sigma_33=    111.93    axis=(  0.684350 -0.689064 -0.238444)
 
     Atom  8  C   pos: (  0.120926  0.128781  0.471884)  Total sigma:         137.69
           137.9266        -21.0463         15.4539
           -23.9477        134.4165         -3.3231
             3.7594          4.1667        140.7181

     C    8    anisotropy:    -38.64    eta:   -0.8176
     C    8    sigma_11=    140.04    axis=(  0.082273 -0.397899 -0.913733)
     C    8    sigma_22=    161.10    axis=( -0.724497  0.605696 -0.328994)
     C    8    sigma_33=    111.93    axis=(  0.684350  0.689064 -0.238444)
 
     Atom  9  C   pos: (  0.518099  0.519227  0.328397)  Total sigma:         125.88
           129.3736         16.6190         18.1883
            19.7393        115.4798         11.5600
             9.3531          2.9502        132.7884

     C    9    anisotropy:     41.39    eta:   -0.6711
     C    9    sigma_11=    121.34    axis=(  0.448596  0.405236 -0.796583)
     C    9    sigma_22=    102.82    axis=(  0.590059 -0.803720 -0.076575)
     C    9    sigma_33=    153.47    axis=(  0.671261  0.435680  0.599659)
 
     Atom 10  C   pos: (  0.278989 -0.007329  0.431001)  Total sigma:         125.88
           129.3736        -16.6190         18.1883
           -19.7393        115.4798        -11.5600
             9.3531         -2.9502        132.7884

     C   10    anisotropy:     41.39    eta:   -0.6711
     C   10    sigma_11=    121.34    axis=( -0.448596  0.405236  0.796583)
     C   10    sigma_22=    102.82    axis=(  0.590059  0.803720 -0.076575)
     C   10    sigma_33=    153.47    axis=(  0.671261 -0.435680  0.599659)
 
     Atom 11  H   pos: (  0.591344  0.878580  0.593634)  Total sigma:          13.69
            25.5992        -11.6678          1.0679
           -11.2816          9.4672          2.4769
             1.7759          2.9483          6.0131

     H   11    anisotropy:     26.80    eta:   -0.3704
     H   11    sigma_11=      8.07    axis=(  0.256556  0.494827  0.830256)
     H   11    sigma_22=      1.45    axis=(  0.382885  0.736699 -0.557382)
     H   11    sigma_33=     31.56    axis=( -0.887456  0.460892 -0.000457)
 
     Atom 12  H   pos: (  0.205744  0.352025  0.165764)  Total sigma:          13.69
            25.5992         11.6678          1.0679
            11.2816          9.4672         -2.4769
             1.7759         -2.9483          6.0131

     H   12    anisotropy:     26.80    eta:   -0.3704
     H   12    sigma_11=      8.07    axis=(  0.256556 -0.494827  0.830256)
     H   12    sigma_22=      1.45    axis=( -0.382885  0.736699  0.557382)
     H   12    sigma_33=     31.56    axis=( -0.887456 -0.460892 -0.000457)
 
     Atom 13  H   pos: (  0.046709  0.915672  0.083257)  Total sigma:          24.48
            23.1089         -2.9606         -0.3600
            -1.8740         25.7296          1.8730
            -0.3991          5.5039         24.6153

     H   13    anisotropy:      7.66    eta:   -0.5194
     H   13    sigma_11=     23.26    axis=(  0.780926 -0.143440  0.607931)
     H   13    sigma_22=     20.60    axis=( -0.539919 -0.644396  0.541518)
     H   13    sigma_33=     29.59    axis=( -0.314073  0.751119  0.580671)
 
     Atom 14  H   pos: (  0.750379  0.389116  0.676141)  Total sigma:          24.48
            23.1089          2.9606         -0.3600
             1.8740         25.7296         -1.8730
            -0.3991         -5.5039         24.6153

     H   14    anisotropy:      7.66    eta:   -0.5194
     H   14    sigma_11=     23.26    axis=(  0.780926  0.143440  0.607931)
     H   14    sigma_22=     20.60    axis=(  0.539919 -0.644396 -0.541518)
     H   14    sigma_33=     29.59    axis=( -0.314073 -0.751119  0.580671)
 
     Atom 15  H   pos: (  0.065235  0.572420  0.428550)  Total sigma:          24.14
            23.3302         -1.4548         -0.3705
             0.8081         24.7643          1.9843
             0.9541          2.5346         24.3317

     H   15    anisotropy:      4.01    eta:   -0.5092
     H   15    sigma_11=     23.49    axis=(  0.941092 -0.218294  0.258251)
     H   15    sigma_22=     22.12    axis=(  0.337921  0.635293 -0.694415)
     H   15    sigma_33=     26.82    axis=( -0.012478  0.740777  0.671635)
 
     Atom 16  H   pos: (  0.731853  0.045865  0.330848)  Total sigma:          24.14
            23.3302          1.4548         -0.3705
            -0.8081         24.7643         -1.9843
             0.9541         -2.5346         24.3317

     H   16    anisotropy:      4.01    eta:   -0.5092
     H   16    sigma_11=     23.49    axis=(  0.941092  0.218294  0.258251)
     H   16    sigma_22=     22.12    axis=( -0.337921  0.635293  0.694415)
     H   16    sigma_33=     26.82    axis=( -0.012478 -0.740777  0.671635)
 
     Atom 17  H   pos: (  0.765398  0.592258  0.182367)  Total sigma:          29.53
            30.7195         -2.6131         -1.7263
            -0.9190         29.2256         -0.7227
            -3.1784          4.9657         28.6594

     H   17    anisotropy:      6.52    eta:   -0.3545
     H   17    sigma_11=     28.13    axis=(  0.665422  0.724315  0.180505)
     H   17    sigma_22=     26.59    axis=( -0.290758  0.474212 -0.831013)
     H   17    sigma_33=     33.88    axis=( -0.687513  0.500491  0.526151)
 
     Atom 18  H   pos: (  0.031690  0.065702  0.577031)  Total sigma:          29.53
            30.7195          2.6131         -1.7263
             0.9190         29.2256          0.7227
            -3.1784         -4.9657         28.6594

     H   18    anisotropy:      6.52    eta:   -0.3545
     H   18    sigma_11=     28.13    axis=(  0.665422 -0.724315  0.180505)
     H   18    sigma_22=     26.59    axis=(  0.290758  0.474212  0.831013)
     H   18    sigma_33=     33.88    axis=( -0.687513 -0.500491  0.526151)
 
     Atom 19  H   pos: (  0.615804  0.780655  0.225172)  Total sigma:          28.34
            26.2927         -1.5105          0.7359
            -0.1140         30.2852         -2.5121
             2.9980         -0.7562         28.4506

     H   19    anisotropy:      5.14    eta:   -0.8279
     H   19    sigma_11=     28.05    axis=(  0.409620  0.630398  0.659402)
     H   19    sigma_22=     25.21    axis=(  0.860229 -0.026302 -0.509229)
     H   19    sigma_33=     31.77    axis=(  0.303673 -0.775827  0.553060)
 
     Atom 20  H   pos: (  0.181284  0.254100  0.534226)  Total sigma:          28.34
            26.2927          1.5105          0.7359
             0.1140         30.2852          2.5121
             2.9980          0.7562         28.4506

     H   20    anisotropy:      5.14    eta:   -0.8279
     H   20    sigma_11=     28.05    axis=(  0.409620 -0.630398  0.659402)
     H   20    sigma_22=     25.21    axis=( -0.860229 -0.026302  0.509229)
     H   20    sigma_33=     31.77    axis=(  0.303673  0.775827  0.553060)
 
     Atom 21  H   pos: (  0.576206  0.393202  0.389984)  Total sigma:          28.47
            27.7891         -0.2126          1.8737
            -1.5777         29.4766          0.1758
             1.2539         -3.3482         28.1357

     H   21    anisotropy:      4.25    eta:   -0.5165
     H   21    sigma_11=     27.78    axis=(  0.610132  0.688799  0.391529)
     H   21    sigma_22=     26.32    axis=( -0.664782  0.176207  0.725959)
     H   21    sigma_33=     31.30    axis=(  0.431049 -0.703212  0.565410)
 
     Atom 22  H   pos: (  0.220882  0.919758  0.369414)  Total sigma:          28.47
            27.7891          0.2126          1.8737
             1.5777         29.4766         -0.1758
             1.2539          3.3482         28.1357

     H   22    anisotropy:      4.25    eta:   -0.5165
     H   22    sigma_11=     27.78    axis=(  0.610132 -0.688799  0.391529)
     H   22    sigma_22=     26.32    axis=(  0.664782  0.176207 -0.725959)
     H   22    sigma_33=     31.30    axis=(  0.431049  0.703212  0.565410)
 
     Atom 23  H   pos: (  0.421293  0.579692  0.429697)  Total sigma:          27.77
            29.0288          0.1273         -0.9908
             1.3458         25.1997          2.6108
            -2.6195          3.3964         29.0942

     H   23    anisotropy:     -6.91    eta:   -0.5921
     H   23    sigma_11=     28.71    axis=(  0.826977  0.455270  0.329907)
     H   23    sigma_22=     31.44    axis=( -0.499902  0.326861  0.802035)
     H   23    sigma_33=     23.17    axis=( -0.257309  0.828186 -0.497896)
 
     Atom 24  H   pos: (  0.375796  0.053137  0.329701)  Total sigma:          27.77
            29.0288         -0.1273         -0.9908
            -1.3458         25.1997         -2.6108
            -2.6195         -3.3964         29.0942

     H   24    anisotropy:     -6.91    eta:   -0.5921
     H   24    sigma_11=     28.71    axis=(  0.826977 -0.455270  0.329907)
     H   24    sigma_22=     31.44    axis=(  0.499902  0.326861 -0.802035)
     H   24    sigma_33=     23.17    axis=( -0.257309 -0.828186 -0.497896)
 
     Atom 25  H   pos: (  0.372857  0.582971  0.089456)  Total sigma:          25.87
            22.6892         -6.5115          5.9054
            -7.4509         28.0870         -6.6683
             7.9498         -7.0639         26.8393

     H   25    anisotropy:     21.12    eta:   -0.2516
     H   25    sigma_11=     20.60    axis=(  0.082194  0.714266  0.695031)
     H   25    sigma_22=     17.06    axis=(  0.865095  0.295127 -0.405600)
     H   25    sigma_33=     39.95    axis=(  0.494829 -0.634606  0.593650)
 
     Atom 26  H   pos: (  0.424231  0.056415  0.669941)  Total sigma:          25.87
            22.6892          6.5115          5.9054
             7.4509         28.0870          6.6683
             7.9498          7.0639         26.8393

     H   26    anisotropy:     21.12    eta:   -0.2516
     H   26    sigma_11=     20.60    axis=(  0.082194 -0.714266  0.695031)
     H   26    sigma_22=     17.06    axis=( -0.865095  0.295127  0.405600)
     H   26    sigma_33=     39.95    axis=(  0.494829  0.634606  0.593650)
 
     Atom 27  H   pos: (  0.504475  0.395672  0.076991)  Total sigma:          28.57
            29.7672         -4.5961         -0.8990
            -6.9775         27.2195          3.4881
            -3.7987          5.3032         28.7296

     H   27    anisotropy:     12.69    eta:   -0.5921
     H   27    sigma_11=     26.85    axis=( -0.604019  0.018549 -0.796754)
     H   27    sigma_22=     21.84    axis=(  0.483291  0.803461 -0.347677)
     H   27    sigma_33=     37.03    axis=( -0.633712  0.595068  0.494270)
 
     Atom 28  H   pos: (  0.292613  0.922227  0.682407)  Total sigma:          28.57
            29.7672          4.5961         -0.8990
             6.9775         27.2195         -3.4881
            -3.7987         -5.3032         28.7296

     H   28    anisotropy:     12.69    eta:   -0.5921
     H   28    sigma_11=     26.85    axis=(  0.604019  0.018549  0.796754)
     H   28    sigma_22=     21.84    axis=(  0.483291 -0.803461 -0.347677)
     H   28    sigma_33=     37.03    axis=( -0.633712 -0.595068  0.494270)
 
     Atom 29  N   pos: (  0.724230  0.814305  0.591815)  Total sigma:          29.60
           -30.0096         72.1985         -9.0030
            66.5678         86.5877        -75.9146
           -18.4886        -66.3625         32.2219

     N   29    anisotropy:    193.32    eta:   -0.4931
     N   29    sigma_11=     -3.06    axis=(  0.429869  0.333189  0.839165)
     N   29    sigma_22=    -66.62    axis=( -0.839498  0.489609  0.235642)
     N   29    sigma_33=    158.48    axis=( -0.332349 -0.805772  0.490179)
 
     Atom 30  N   pos: (  0.072858  0.287750  0.167582)  Total sigma:          29.60
           -30.0096        -72.1985         -9.0030
           -66.5678         86.5877         75.9146
           -18.4886         66.3625         32.2219

     N   30    anisotropy:    193.32    eta:   -0.4931
     N   30    sigma_11=     -3.06    axis=(  0.429869 -0.333189  0.839165)
     N   30    sigma_22=    -66.62    axis=(  0.839498  0.489609 -0.235642)
     N   30    sigma_33=    158.48    axis=( -0.332349  0.805772  0.490179)
 
     Atom 31  N   pos: (  0.011004  0.736814  0.671375)  Total sigma:         -32.81
           -69.5313        103.4790        -29.9054
           104.8872         73.0586       -176.0405
           -26.6891       -175.1558       -101.9489

     N   31    anisotropy:    377.90    eta:   -0.4733
     N   31    sigma_11=    -99.16    axis=(  0.908382 -0.152572  0.389313)
     N   31    sigma_22=   -218.39    axis=( -0.243885  0.562960  0.789681)
     N   31    sigma_33=    219.13    axis=( -0.339651 -0.812280  0.474172)
 
     Atom 32  N   pos: (  0.786084  0.210258  0.088023)  Total sigma:         -32.81
           -69.5313       -103.4790        -29.9054
          -104.8872         73.0586        176.0405
           -26.6891        175.1558       -101.9489

     N   32    anisotropy:    377.90    eta:   -0.4733
     N   32    sigma_11=    -99.16    axis=(  0.908382  0.152572  0.389313)
     N   32    sigma_22=   -218.39    axis=(  0.243885  0.562960 -0.789681)
     N   32    sigma_33=    219.13    axis=( -0.339651  0.812280  0.474172)
 
     Atom 33  N   pos: (  0.416301  0.467739  0.161288)  Total sigma:         193.63
           202.2058          3.9245         16.2110
             0.7492        191.0684          2.2661
             8.7744          3.4472        187.6063

     N   33    anisotropy:     24.57    eta:   -0.6310
     N   33    sigma_11=    190.60    axis=( -0.218263  0.975681  0.020177)
     N   33    sigma_22=    180.27    axis=( -0.480849 -0.125513  0.867773)
     N   33    sigma_33=    210.01    axis=( -0.849203 -0.179701 -0.496551)
 
     Atom 34  N   pos: (  0.380787  0.994295  0.598109)  Total sigma:         193.63
           202.2058         -3.9245         16.2110
            -0.7492        191.0684         -2.2661
             8.7744         -3.4472        187.6063

     N   34    anisotropy:     24.57    eta:   -0.6310
     N   34    sigma_11=    190.60    axis=( -0.218263 -0.975681  0.020177)
     N   34    sigma_22=    180.27    axis=( -0.480849  0.125513  0.867773)
     N   34    sigma_33=    210.01    axis=(  0.849203 -0.179701  0.496551)
 
     Initialization:
     gipaw_setup  :      0.35s CPU      0.36s WALL (       1 calls)
 
     Linear response
     greenf       :   1719.23s CPU   1752.33s WALL (     240 calls)
     cgsolve      :   1708.99s CPU   1742.04s WALL (     240 calls)
     ch_psi       :   1669.49s CPU   1702.56s WALL (   12346 calls)
     h_psiq       :   1391.47s CPU   1424.20s WALL (   12346 calls)
 
     Apply operators
     h_psi        :   1429.31s CPU   1468.18s WALL (   18802 calls)
     apply_vel    :     29.51s CPU     29.54s WALL (     210 calls)
 
     Induced current
     j_para       :    138.21s CPU    142.05s WALL (     270 calls)
     biot_savart  :      0.03s CPU      0.04s WALL (       1 calls)
 
     Other routines
 
     General routines
     calbec       :    320.05s CPU    320.91s WALL (   45524 calls)
     fft          :      0.12s CPU      0.13s WALL (      32 calls)
     fftw         :   1220.33s CPU   1259.04s WALL ( 1429500 calls)
     davcio       :      0.02s CPU      0.53s WALL (     160 calls)
 
     Parallel routines
     fft_scatter  :    358.17s CPU    373.87s WALL ( 1429532 calls)
 
     Plugins
 
     GIPAW        :   2293.03s CPU   2340.05s WALL (       1 calls)
