
     Program QE v.6.1 (svn rev. 13369) starts on 26Mar2018 at 10:44:44 

     This program is part of the open-source Quantum ESPRESSO suite
     for quantum simulation of materials; please cite
         "P. Giannozzi et al., J. Phys.:Condens. Matter 21 395502 (2009);
          URL http://www.quantum-espresso.org", 
     in publications or presentations arising from this work. More details at
     http://www.quantum-espresso.org/quote

     Parallel version (MPI), running on     8 processors
     R & G space division:  proc/nbgrp/npool/nimage =       8
 
     ***** This is GIPAW svn revision unknown      *****
 
     Parallelizing q-star over 1 images
     Message from routine gipaw_readin:
     *** iverbosity is obsolete, use verbosity instead ***

     Reading data from directory:
     /scratch/ahofstet/ML/CCDC3/LIBWUQ/wfc/scf.save

   Info: using nr1, nr2, nr3 values from input

   Info: using nr1, nr2, nr3 values from input

     IMPORTANT: XC functional enforced from input :
     Exchange-correlation      =  SLA  PW   PBX  PBC ( 1  4  3  4 0 0)
     Any further DFT definition will be discarded
     Please, verify this is what you really want

               file C.pbe-n-kjpaw_psl.0.1.UPF: wavefunction(s)  2P renormalized
               file N.pbe-n-kjpaw_psl.0.1.UPF: wavefunction(s)  2P renormalized
               file H.pbe-kjpaw_psl.0.1.UPF: wavefunction(s)  1S renormalized
               file O.pbe-n-kjpaw_psl.0.1.UPF: wavefunction(s)  2P renormalized
 
     Parallelization info
     --------------------
     sticks:   dense  smooth     PW     G-vecs:    dense   smooth      PW
     Min         732     732    194                51824    51824    7089
     Max         733     733    195                51826    51826    7091
     Sum        5861    5861   1559               414597   414597   56723
 

     Check: negative/imaginary core charge=   -0.000002    0.000000

     Subspace diagonalization in iterative solution of the eigenvalue problem:
     a serial algorithm will be used

     GIPAW projectors -----------------------------------------------
     atom=  C    l=0  rc=    1.3000  rs=    0.8667
     atom=  C    l=0  rc=    1.3000  rs=    0.8667
     atom=  C    l=1  rc=    1.4500  rs=    0.9667
     atom=  C    l=1  rc=    1.4500  rs=    0.9667
     projs nearly linearly dependent: l=0  n1,n2= 1, 2  s=  0.99877758
     projs nearly linearly dependent: l=1  n1,n2= 1, 2  s=  0.99940894
 
     atom=  N    l=0  rc=    1.3000  rs=    0.8667
     atom=  N    l=0  rc=    1.3000  rs=    0.8667
     atom=  N    l=1  rc=    1.4500  rs=    0.9667
     atom=  N    l=1  rc=    1.4500  rs=    0.9667
     projs nearly linearly dependent: l=0  n1,n2= 1, 2  s=  0.99709514
     projs nearly linearly dependent: l=1  n1,n2= 1, 2  s=  0.99857174
 
     atom=  H    l=0  rc=    1.0000  rs=    0.6667
     atom=  H    l=0  rc=    1.0000  rs=    0.6667
     projs nearly linearly dependent: l=0  n1,n2= 1, 2  s=  0.99968852
 
     atom=  O    l=0  rc=    1.3500  rs=    0.9000
     atom=  O    l=0  rc=    1.3500  rs=    0.9000
     atom=  O    l=1  rc=    1.3500  rs=    0.9000
     atom=  O    l=1  rc=    1.3500  rs=    0.9000
     projs nearly linearly dependent: l=0  n1,n2= 1, 2  s=  0.99100135
     projs nearly linearly dependent: l=1  n1,n2= 1, 2  s=  0.99790100
     -----------------------------------------------------------------
 
     alpha_pv=     43.2157 eV
 
     q-space interpolation up to   110.00 Rydberg
 
     GIPAW job: nmr                                                                             
     NMR macroscopic correction: yes
             0.6667          0.0000          0.0000
             0.0000          0.6667          0.0000
             0.0000          0.0000          0.6667

 
     Largest allocated arrays     est. size (Mb)     dimensions
        KS wavefunctions at k           8.52 Mb     (    6492,   86)
        KS wavefunctions at k+q         8.52 Mb     (    6492,   86)
        First-order wavefunctions      85.19 Mb     (    6492,   86, 10)
        First-order wavefunct (US)     51.11 Mb     (    6492,   86,  6)
        Charge/spin density             1.03 Mb     (  135000,    1)
        Induced current                 9.27 Mb     (  135000,    3,3,1)
        Induced magnetic field          9.27 Mb     (  135000,    3,3,1)
        NL pseudopotentials            25.36 Mb     (    6492,  256)
        GIPAW NL terms                 25.36 Mb     (    6492,  256)
 
     Computing the magnetic susceptibility     isolve=0    ethr=  0.1000E-13
     k-point #    1 of    10      pool #  1    cpu time:       9.0
     Rotating WFCS
     c_bands:  1 eigenvalues not converged
     Rotating WFCS
     Rotating WFCS
     Rotating WFCS
     Rotating WFCS
     Rotating WFCS
     Rotating WFCS
     k-point #    2 of    10      pool #  1    cpu time:    1166.0
     Rotating WFCS
     Rotating WFCS
     Rotating WFCS
     Rotating WFCS
     Rotating WFCS
     Rotating WFCS
     Rotating WFCS
     k-point #    3 of    10      pool #  1    cpu time:    2335.9
     Rotating WFCS
     c_bands:  3 eigenvalues not converged
     Rotating WFCS
     c_bands:  2 eigenvalues not converged
     Rotating WFCS
     c_bands:  2 eigenvalues not converged
     Rotating WFCS
     c_bands:  1 eigenvalues not converged
     Rotating WFCS
     Rotating WFCS
     Rotating WFCS
     k-point #    4 of    10      pool #  1    cpu time:    3586.8
     Rotating WFCS
     c_bands:  1 eigenvalues not converged
     Rotating WFCS
     Rotating WFCS
     Rotating WFCS
     Rotating WFCS
     Rotating WFCS
     Rotating WFCS
     k-point #    5 of    10      pool #  1    cpu time:    4819.5
     Rotating WFCS
     c_bands:  2 eigenvalues not converged
     Rotating WFCS
     Rotating WFCS
     Rotating WFCS
     Rotating WFCS
     Rotating WFCS
     Rotating WFCS
     k-point #    6 of    10      pool #  1    cpu time:    6026.3
     Rotating WFCS
     c_bands:  2 eigenvalues not converged
     Rotating WFCS
     Rotating WFCS
     Rotating WFCS
     Rotating WFCS
     Rotating WFCS
     Rotating WFCS
     k-point #    7 of    10      pool #  1    cpu time:    7260.5
     Rotating WFCS
     c_bands:  1 eigenvalues not converged
     Rotating WFCS
     Rotating WFCS
     Rotating WFCS
     Rotating WFCS
     Rotating WFCS
     Rotating WFCS
     k-point #    8 of    10      pool #  1    cpu time:    8495.6
     Rotating WFCS
     c_bands:  2 eigenvalues not converged
     Rotating WFCS
     Rotating WFCS
     Rotating WFCS
     Rotating WFCS
     Rotating WFCS
     Rotating WFCS
     k-point #    9 of    10      pool #  1    cpu time:    9731.6
     Rotating WFCS
     Rotating WFCS
     Rotating WFCS
     Rotating WFCS
     Rotating WFCS
     Rotating WFCS
     Rotating WFCS
     k-point #   10 of    10      pool #  1    cpu time:   10949.6
     Rotating WFCS
     c_bands:  1 eigenvalues not converged
     Rotating WFCS
     Rotating WFCS
     Rotating WFCS
     Rotating WFCS
     Rotating WFCS
     Rotating WFCS
     End of magnetic susceptibility calculation
 
     f-sum rule (1st term):
          -138.9115         -0.0380         -0.0310
            -0.0375       -138.8893         -0.0068
            -0.0323         -0.0073       -138.8338

     f-sum rule (2nd term):
            -1.9455          0.0379          0.0309
             0.0375         -1.9693          0.0064
             0.0323          0.0069         -2.0260

     f-sum rule (should be  -140.8587):
          -140.8570         -0.0001         -0.0002
            -0.0000       -140.8586         -0.0004
            -0.0000         -0.0004       -140.8598

     chi_bare pGv (HH) in paratec units:
       -55.771633      7.732883      2.274367
         7.680308    -33.340611     -0.653246
         2.148430     -0.633843    -31.720675

       -55.771633      7.732883      2.274367
         7.680308    -33.340611     -0.653246
         2.148430     -0.633843    -31.720675

     chi_bare vGv (VV) in paratec units:
       -58.370992     10.401946      3.031708
        10.402173    -31.085867     -0.792924
         3.026561     -0.792020    -28.884553

       -58.370992     10.401946      3.031708
        10.402173    -31.085867     -0.792924
         3.026561     -0.792020    -28.884553

     chi_bare pGv (HH) in 10^{-6} cm^3/mol:
          -265.0321         36.7474         10.8080
            36.4975       -158.4377         -3.1043
            10.2095         -3.0121       -150.7396

     chi_bare vGv (VV) in 10^{-6} cm^3/mol:
          -277.3845         49.4310         14.4070
            49.4321       -147.7230         -3.7681
            14.3825         -3.7638       -137.2621

     Contributions to the NMR chemical shifts: -------------------------------
 
     Macroscopic shape contribution in ppm:                    5.85
             8.1067          0.0000          0.0000
             0.0000          4.8462          0.0000
             0.0000          0.0000          4.6108

 
     Core contribution in ppm:
 
     Atom  1  C   pos: (  0.434888  0.265121  0.391844)  core sigma:         200.51
     Atom  2  C   pos: (  1.126844  1.131475  0.880990)  core sigma:         200.51
     Atom  3  C   pos: (  0.378145  0.158394  0.230149)  core sigma:         200.51
     Atom  4  C   pos: (  1.183586  1.238202  1.042685)  core sigma:         200.51
     Atom  5  C   pos: (  0.385094  0.241208  0.047468)  core sigma:         200.51
     Atom  6  C   pos: (  1.176637  1.155388  1.225367)  core sigma:         200.51
     Atom  7  C   pos: (  0.450761  0.432487  0.024317)  core sigma:         200.51
     Atom  8  C   pos: (  1.110971  0.964109  1.248518)  core sigma:         200.51
     Atom  9  C   pos: (  0.505098  0.539972  0.188726)  core sigma:         200.51
     Atom 10  C   pos: (  1.056633  0.856624  1.084109)  core sigma:         200.51
     Atom 11  C   pos: (  0.496194  0.456545  0.371095)  core sigma:         200.51
     Atom 12  C   pos: (  1.065538  0.940051  0.901740)  core sigma:         200.51
     Atom 13  C   pos: (  0.559660  0.840125  1.108709)  core sigma:         200.51
     Atom 14  C   pos: (  1.002072  0.556471  0.164125)  core sigma:         200.51
     Atom 15  C   pos: (  0.522886  0.769092  0.912562)  core sigma:         200.51
     Atom 16  C   pos: (  1.038846  0.627504  0.360273)  core sigma:         200.51
     Atom 17  C   pos: (  0.578884  0.966666  0.834014)  core sigma:         200.51
     Atom 18  C   pos: (  0.982847  0.429930  0.438820)  core sigma:         200.51
     Atom 19  C   pos: (  0.610392  1.025628  1.038906)  core sigma:         200.51
     Atom 20  C   pos: (  0.951340  0.370968  0.233928)  core sigma:         200.51
     Atom 21  H   pos: (  0.441347  0.480844  1.194271)  core sigma:           0.00
     Atom 22  H   pos: (  1.120384  0.915752  0.078564)  core sigma:           0.00
     Atom 23  H   pos: (  0.788705  1.084747  0.247143)  core sigma:           0.00
     Atom 24  H   pos: (  0.773027  0.311849  1.025692)  core sigma:           0.00
     Atom 25  H   pos: (  0.427456  0.199304  0.534599)  core sigma:           0.00
     Atom 26  H   pos: (  1.134275  1.197292  0.738236)  core sigma:           0.00
     Atom 27  H   pos: (  0.533631  0.540480  0.499204)  core sigma:           0.00
     Atom 28  H   pos: (  1.028101  0.856116  0.773631)  core sigma:           0.00
     Atom 29  H   pos: (  0.550625  0.689698  0.171665)  core sigma:           0.00
     Atom 30  H   pos: (  1.011106  0.706898  1.101169)  core sigma:           0.00
     Atom 31  H   pos: (  0.655974  1.309309  1.026778)  core sigma:           0.00
     Atom 32  H   pos: (  0.905758  0.087287  0.246056)  core sigma:           0.00
     Atom 33  O   pos: (  0.471249  0.616192  0.837305)  core sigma:         271.07
     Atom 34  O   pos: (  1.090482  0.780404  0.435530)  core sigma:         271.07
     Atom 35  O   pos: (  0.596121  1.044930  0.676539)  core sigma:         271.07
     Atom 36  O   pos: (  0.965610  0.351666  0.596296)  core sigma:         271.07
     Atom 37  O   pos: (  0.664031  1.181569  1.121856)  core sigma:         271.07
     Atom 38  O   pos: (  0.897701  0.215027  0.150979)  core sigma:         271.07
     Atom 39  H   pos: (  1.094407  0.388256  0.804980)  core sigma:           0.00
     Atom 40  H   pos: (  0.467324  1.008340  0.467854)  core sigma:           0.00
     Atom 41  H   pos: (  0.285925  0.477013  0.899230)  core sigma:           0.00
     Atom 42  H   pos: (  1.275807  0.919583  0.373604)  core sigma:           0.00
     Atom 43  O   pos: (  0.166290  0.402065  0.928761)  core sigma:         271.07
     Atom 44  O   pos: (  1.395442  0.994531  0.344073)  core sigma:         271.07
 
     Bare contribution in ppm:
 
     Atom  1  C   pos: (  0.434888  0.265121  0.391844)  bare sigma:         -55.52
             2.5551        -24.7014         -5.6373
           -24.6123        -68.4435         17.1811
            -6.7438         17.5863       -100.6657

     Atom  2  C   pos: (  1.126844  1.131475  0.880990)  bare sigma:         -55.52
             2.5551        -24.7014         -5.6373
           -24.6123        -68.4435         17.1811
            -6.7438         17.5863       -100.6657

     Atom  3  C   pos: (  0.378145  0.158394  0.230149)  bare sigma:         -52.68
            -1.9256        -36.7620         -7.3353
           -35.4324        -91.8507          6.5308
            -6.7241          6.4218        -64.2497

     Atom  4  C   pos: (  1.183586  1.238202  1.042685)  bare sigma:         -52.68
            -1.9256        -36.7620         -7.3353
           -35.4324        -91.8507          6.5308
            -6.7241          6.4218        -64.2497

     Atom  5  C   pos: (  0.385094  0.241208  0.047468)  bare sigma:         -52.07
            -2.2637        -33.1652        -15.0248
           -30.9421        -70.8934        -13.4395
           -15.3233        -11.5948        -83.0456

     Atom  6  C   pos: (  1.176637  1.155388  1.225367)  bare sigma:         -52.07
            -2.2637        -33.1652        -15.0248
           -30.9421        -70.8934        -13.4395
           -15.3233        -11.5948        -83.0456

     Atom  7  C   pos: (  0.450761  0.432487  0.024317)  bare sigma:         -52.81
             0.5057        -23.9713         -5.3952
           -24.9665        -66.4550         12.6118
            -6.4255         13.2041        -92.4843

     Atom  8  C   pos: (  1.110971  0.964109  1.248518)  bare sigma:         -52.81
             0.5057        -23.9713         -5.3952
           -24.9665        -66.4550         12.6118
            -6.4255         13.2041        -92.4843

     Atom  9  C   pos: (  0.505098  0.539972  0.188726)  bare sigma:         -52.75
             0.4088        -31.8446         -9.1504
           -34.0812        -89.6821          1.7111
            -8.8965         -0.3333        -68.9779

     Atom 10  C   pos: (  1.056633  0.856624  1.084109)  bare sigma:         -52.75
             0.4088        -31.8446         -9.1504
           -34.0812        -89.6821          1.7111
            -8.8965         -0.3333        -68.9779

     Atom 11  C   pos: (  0.496194  0.456545  0.371095)  bare sigma:         -52.70
             1.9631        -29.1895        -14.9218
           -28.4623        -70.1711        -14.5573
           -14.8751        -14.3194        -89.8870

     Atom 12  C   pos: (  1.065538  0.940051  0.901740)  bare sigma:         -52.70
             1.9631        -29.1895        -14.9218
           -28.4623        -70.1711        -14.5573
           -14.8751        -14.3194        -89.8870

     Atom 13  C   pos: (  0.559660  0.840125  1.108709)  bare sigma:         -80.76
           -24.8767        -26.9578         -3.3702
           -27.5196       -108.5148          1.4707
            -6.4998          9.2720       -108.8900

     Atom 14  C   pos: (  1.002072  0.556471  0.164125)  bare sigma:         -80.76
           -24.8767        -26.9578         -3.3702
           -27.5196       -108.5148          1.4707
            -6.4998          9.2720       -108.8900

     Atom 15  C   pos: (  0.522886  0.769092  0.912562)  bare sigma:         -90.24
           -57.1547        -12.0066         -1.9896
           -15.8892       -101.4380          1.8510
             1.2761         19.5425       -112.1358

     Atom 16  C   pos: (  1.038846  0.627504  0.360273)  bare sigma:         -90.24
           -57.1547        -12.0066         -1.9896
           -15.8892       -101.4380          1.8510
             1.2761         19.5425       -112.1358

     Atom 17  C   pos: (  0.578884  0.966666  0.834014)  bare sigma:         -92.88
           -61.5000        -17.2486         -2.8132
           -14.7798       -107.5678          2.3745
            -6.6609        -14.1413       -109.5681

     Atom 18  C   pos: (  0.982847  0.429930  0.438820)  bare sigma:         -92.88
           -61.5000        -17.2486         -2.8132
           -14.7798       -107.5678          2.3745
            -6.6609        -14.1413       -109.5681

     Atom 19  C   pos: (  0.610392  1.025628  1.038906)  bare sigma:         -89.03
           -42.3172        -18.6785         -3.8648
           -20.2247       -110.4846         11.6121
            -9.1628        -13.7811       -114.2781

     Atom 20  C   pos: (  0.951340  0.370968  0.233928)  bare sigma:         -89.03
           -42.3172        -18.6785         -3.8648
           -20.2247       -110.4846         11.6121
            -9.1628        -13.7811       -114.2781

     Atom 21  H   pos: (  0.441347  0.480844  1.194271)  bare sigma:          16.07
            11.6535         -0.2213          0.7114
             1.8788         17.3146         -0.9751
             1.0046         -0.9923         19.2322

     Atom 22  H   pos: (  1.120384  0.915752  0.078564)  bare sigma:          16.07
            11.6535         -0.2213          0.7114
             1.8788         17.3146         -0.9751
             1.0046         -0.9923         19.2322

     Atom 23  H   pos: (  0.788705  1.084747  0.247143)  bare sigma:          16.34
            13.7394          0.3537         -0.4181
             1.7537         16.6804          0.3439
             0.4786          0.2271         18.6004

     Atom 24  H   pos: (  0.773027  0.311849  1.025692)  bare sigma:          16.34
            13.7394          0.3537         -0.4181
             1.7537         16.6804          0.3439
             0.4786          0.2271         18.6004

     Atom 25  H   pos: (  0.427456  0.199304  0.534599)  bare sigma:          16.14
            13.1467          2.3937          1.3700
             2.2364         17.2702         -0.0895
             0.8482          0.0429         18.0109

     Atom 26  H   pos: (  1.134275  1.197292  0.738236)  bare sigma:          16.14
            13.1467          2.3937          1.3700
             2.2364         17.2702         -0.0895
             0.8482          0.0429         18.0109

     Atom 27  H   pos: (  0.533631  0.540480  0.499204)  bare sigma:          16.09
            11.3164          1.6354         -0.9528
             1.8435         17.7063         -0.5647
            -0.1403         -0.6305         19.2537

     Atom 28  H   pos: (  1.028101  0.856116  0.773631)  bare sigma:          16.09
            11.3164          1.6354         -0.9528
             1.8435         17.7063         -0.5647
            -0.1403         -0.6305         19.2537

     Atom 29  H   pos: (  0.550625  0.689698  0.171665)  bare sigma:          16.13
            12.3097          1.2592         -0.1778
            -0.0586         16.6543         -0.8616
            -0.3079         -0.2727         19.4187

     Atom 30  H   pos: (  1.011106  0.706898  1.101169)  bare sigma:          16.13
            12.3097          1.2592         -0.1778
            -0.0586         16.6543         -0.8616
            -0.3079         -0.2727         19.4187

     Atom 31  H   pos: (  0.655974  1.309309  1.026778)  bare sigma:           6.24
            -8.1632         -2.0447          4.1429
            -0.8135         20.9317        -15.8004
             1.9678        -17.3717          5.9648

     Atom 32  H   pos: (  0.905758  0.087287  0.246056)  bare sigma:           6.24
            -8.1632         -2.0447          4.1429
            -0.8135         20.9317        -15.8004
             1.9678        -17.3717          5.9648

     Atom 33  O   pos: (  0.471249  0.616192  0.837305)  bare sigma:         -30.60
            72.2347        -62.1355        -24.4950
           -64.6921       -104.8027        -37.0824
           -13.7086         -9.5922        -59.2273

     Atom 34  O   pos: (  1.090482  0.780404  0.435530)  bare sigma:         -30.60
            72.2347        -62.1355        -24.4950
           -64.6921       -104.8027        -37.0824
           -13.7086         -9.5922        -59.2273

     Atom 35  O   pos: (  0.596121  1.044930  0.676539)  bare sigma:         -52.47
            71.6845        -46.1407          1.3592
           -48.1002        -68.2001         51.2734
             0.6777         41.5857       -160.8886

     Atom 36  O   pos: (  0.965610  0.351666  0.596296)  bare sigma:         -52.47
            71.6845        -46.1407          1.3592
           -48.1002        -68.2001         51.2734
             0.6777         41.5857       -160.8886

     Atom 37  O   pos: (  0.664031  1.181569  1.121856)  bare sigma:          14.87
            76.9728        -32.0724         -3.0990
           -29.4022        -23.6036          3.4275
           -11.9337        -13.2456         -8.7691

     Atom 38  O   pos: (  0.897701  0.215027  0.150979)  bare sigma:          14.87
            76.9728        -32.0724         -3.0990
           -29.4022        -23.6036          3.4275
           -11.9337        -13.2456         -8.7691

     Atom 39  H   pos: (  1.094407  0.388256  0.804980)  bare sigma:          16.21
            11.0297          4.8470         13.0272
             4.6674          9.4411          1.8828
            12.0977          1.1962         28.1601

     Atom 40  H   pos: (  0.467324  1.008340  0.467854)  bare sigma:          16.21
            11.0297          4.8470         13.0272
             4.6674          9.4411          1.8828
            12.0977          1.1962         28.1601

     Atom 41  H   pos: (  0.285925  0.477013  0.899230)  bare sigma:          15.97
            21.0208         15.5408         -2.8810
            14.4489         17.3166         -2.2680
            -4.0274         -3.3682          9.5764

     Atom 42  H   pos: (  1.275807  0.919583  0.373604)  bare sigma:          15.97
            21.0208         15.5408         -2.8810
            14.4489         17.3166         -2.2680
            -4.0274         -3.3682          9.5764

     Atom 43  O   pos: (  0.166290  0.402065  0.928761)  bare sigma:          77.61
            70.6274          7.8251          4.6750
             9.5693         82.7033         -4.6480
             4.0604         -5.5186         79.5024

     Atom 44  O   pos: (  1.395442  0.994531  0.344073)  bare sigma:          77.61
            70.6274          7.8251          4.6750
             9.5693         82.7033         -4.6480
             4.0604         -5.5186         79.5024

     Diamagnetic contribution in ppm:
 
     Atom  1  C   pos: (  0.434888  0.265121  0.391844)  dia sigma:           4.29
             4.4614         -0.0946         -0.0297
            -0.0946          4.2152          0.0071
            -0.0297          0.0071          4.1947

     Atom  2  C   pos: (  1.126844  1.131475  0.880990)  dia sigma:           4.29
             4.4614         -0.0946         -0.0297
            -0.0946          4.2152          0.0071
            -0.0297          0.0071          4.1947

     Atom  3  C   pos: (  0.378145  0.158394  0.230149)  dia sigma:           4.32
             4.4761         -0.0849         -0.0299
            -0.0849          4.2678          0.0099
            -0.0299          0.0099          4.2277

     Atom  4  C   pos: (  1.183586  1.238202  1.042685)  dia sigma:           4.32
             4.4761         -0.0849         -0.0299
            -0.0849          4.2678          0.0099
            -0.0299          0.0099          4.2277

     Atom  5  C   pos: (  0.385094  0.241208  0.047468)  dia sigma:           4.31
             4.4649         -0.0843         -0.0289
            -0.0843          4.2581          0.0191
            -0.0289          0.0191          4.2043

     Atom  6  C   pos: (  1.176637  1.155388  1.225367)  dia sigma:           4.31
             4.4649         -0.0843         -0.0289
            -0.0843          4.2581          0.0191
            -0.0289          0.0191          4.2043

     Atom  7  C   pos: (  0.450761  0.432487  0.024317)  dia sigma:           4.33
             4.4466         -0.0738         -0.0271
            -0.0738          4.2635         -0.0191
            -0.0271         -0.0191          4.2895

     Atom  8  C   pos: (  1.110971  0.964109  1.248518)  dia sigma:           4.33
             4.4466         -0.0738         -0.0271
            -0.0738          4.2635         -0.0191
            -0.0271         -0.0191          4.2895

     Atom  9  C   pos: (  0.505098  0.539972  0.188726)  dia sigma:           4.31
             4.4704         -0.0847         -0.0226
            -0.0847          4.2358          0.0260
            -0.0226          0.0260          4.2108

     Atom 10  C   pos: (  1.056633  0.856624  1.084109)  dia sigma:           4.31
             4.4704         -0.0847         -0.0226
            -0.0847          4.2358          0.0260
            -0.0226          0.0260          4.2108

     Atom 11  C   pos: (  0.496194  0.456545  0.371095)  dia sigma:           4.32
             4.4860         -0.0828         -0.0263
            -0.0828          4.2553          0.0080
            -0.0263          0.0080          4.2246

     Atom 12  C   pos: (  1.065538  0.940051  0.901740)  dia sigma:           4.32
             4.4860         -0.0828         -0.0263
            -0.0828          4.2553          0.0080
            -0.0263          0.0080          4.2246

     Atom 13  C   pos: (  0.559660  0.840125  1.108709)  dia sigma:           4.23
             4.3901         -0.0666         -0.0184
            -0.0666          4.1659          0.0218
            -0.0184          0.0218          4.1272

     Atom 14  C   pos: (  1.002072  0.556471  0.164125)  dia sigma:           4.23
             4.3901         -0.0666         -0.0184
            -0.0666          4.1659          0.0218
            -0.0184          0.0218          4.1272

     Atom 15  C   pos: (  0.522886  0.769092  0.912562)  dia sigma:           3.96
             4.1472         -0.0999         -0.0278
            -0.0999          3.8739         -0.0027
            -0.0278         -0.0027          3.8618

     Atom 16  C   pos: (  1.038846  0.627504  0.360273)  dia sigma:           3.96
             4.1472         -0.0999         -0.0278
            -0.0999          3.8739         -0.0027
            -0.0278         -0.0027          3.8618

     Atom 17  C   pos: (  0.578884  0.966666  0.834014)  dia sigma:           3.95
             4.1482         -0.0993         -0.0124
            -0.0993          3.8738          0.0293
            -0.0124          0.0293          3.8312

     Atom 18  C   pos: (  0.982847  0.429930  0.438820)  dia sigma:           3.95
             4.1482         -0.0993         -0.0124
            -0.0993          3.8738          0.0293
            -0.0124          0.0293          3.8312

     Atom 19  C   pos: (  0.610392  1.025628  1.038906)  dia sigma:           4.03
             4.2159         -0.0669         -0.0065
            -0.0669          3.9736          0.0624
            -0.0065          0.0624          3.9084

     Atom 20  C   pos: (  0.951340  0.370968  0.233928)  dia sigma:           4.03
             4.2159         -0.0669         -0.0065
            -0.0669          3.9736          0.0624
            -0.0065          0.0624          3.9084

     Atom 21  H   pos: (  0.441347  0.480844  1.194271)  dia sigma:           1.14
             1.1382         -0.0000         -0.0000
            -0.0000          1.1382          0.0000
            -0.0000          0.0000          1.1382

     Atom 22  H   pos: (  1.120384  0.915752  0.078564)  dia sigma:           1.14
             1.1382         -0.0000         -0.0000
            -0.0000          1.1382          0.0000
            -0.0000          0.0000          1.1382

     Atom 23  H   pos: (  0.788705  1.084747  0.247143)  dia sigma:           1.13
             1.1346         -0.0000         -0.0000
            -0.0000          1.1346          0.0000
            -0.0000          0.0000          1.1346

     Atom 24  H   pos: (  0.773027  0.311849  1.025692)  dia sigma:           1.13
             1.1346         -0.0000         -0.0000
            -0.0000          1.1346          0.0000
            -0.0000          0.0000          1.1346

     Atom 25  H   pos: (  0.427456  0.199304  0.534599)  dia sigma:           1.13
             1.1342         -0.0000         -0.0000
            -0.0000          1.1342          0.0000
            -0.0000          0.0000          1.1342

     Atom 26  H   pos: (  1.134275  1.197292  0.738236)  dia sigma:           1.13
             1.1342         -0.0000         -0.0000
            -0.0000          1.1342          0.0000
            -0.0000          0.0000          1.1342

     Atom 27  H   pos: (  0.533631  0.540480  0.499204)  dia sigma:           1.12
             1.1229         -0.0000         -0.0000
            -0.0000          1.1229          0.0000
            -0.0000          0.0000          1.1229

     Atom 28  H   pos: (  1.028101  0.856116  0.773631)  dia sigma:           1.12
             1.1229         -0.0000         -0.0000
            -0.0000          1.1229          0.0000
            -0.0000          0.0000          1.1229

     Atom 29  H   pos: (  0.550625  0.689698  0.171665)  dia sigma:           1.13
             1.1262         -0.0000         -0.0000
            -0.0000          1.1262          0.0000
            -0.0000          0.0000          1.1262

     Atom 30  H   pos: (  1.011106  0.706898  1.101169)  dia sigma:           1.13
             1.1262         -0.0000         -0.0000
            -0.0000          1.1262          0.0000
            -0.0000          0.0000          1.1262

     Atom 31  H   pos: (  0.655974  1.309309  1.026778)  dia sigma:           0.78
             0.7831         -0.0000         -0.0000
            -0.0000          0.7831          0.0000
            -0.0000          0.0000          0.7831

     Atom 32  H   pos: (  0.905758  0.087287  0.246056)  dia sigma:           0.78
             0.7831         -0.0000         -0.0000
            -0.0000          0.7831          0.0000
            -0.0000          0.0000          0.7831

     Atom 33  O   pos: (  0.471249  0.616192  0.837305)  dia sigma:          17.64
            18.0352          0.0090          0.0498
             0.0090         17.8521          0.4477
             0.0498          0.4477         17.0442

     Atom 34  O   pos: (  1.090482  0.780404  0.435530)  dia sigma:          17.64
            18.0352          0.0090          0.0498
             0.0090         17.8521          0.4477
             0.0498          0.4477         17.0442

     Atom 35  O   pos: (  0.596121  1.044930  0.676539)  dia sigma:          17.55
            17.9248         -0.3286         -0.1347
            -0.3286         17.0302         -0.4105
            -0.1347         -0.4105         17.6813

     Atom 36  O   pos: (  0.965610  0.351666  0.596296)  dia sigma:          17.55
            17.9248         -0.3286         -0.1347
            -0.3286         17.0302         -0.4105
            -0.1347         -0.4105         17.6813

     Atom 37  O   pos: (  0.664031  1.181569  1.121856)  dia sigma:          17.92
            17.7839          0.1517          0.1175
             0.1517         18.4633          0.1924
             0.1175          0.1924         17.5037

     Atom 38  O   pos: (  0.897701  0.215027  0.150979)  dia sigma:          17.92
            17.7839          0.1517          0.1175
             0.1517         18.4633          0.1924
             0.1175          0.1924         17.5037

     Atom 39  H   pos: (  1.094407  0.388256  0.804980)  dia sigma:           0.96
             0.9594         -0.0000         -0.0000
            -0.0000          0.9594          0.0000
            -0.0000          0.0000          0.9594

     Atom 40  H   pos: (  0.467324  1.008340  0.467854)  dia sigma:           0.96
             0.9594         -0.0000         -0.0000
            -0.0000          0.9594          0.0000
            -0.0000          0.0000          0.9594

     Atom 41  H   pos: (  0.285925  0.477013  0.899230)  dia sigma:           0.95
             0.9533         -0.0000         -0.0000
            -0.0000          0.9533          0.0000
            -0.0000          0.0000          0.9533

     Atom 42  H   pos: (  1.275807  0.919583  0.373604)  dia sigma:           0.95
             0.9533         -0.0000         -0.0000
            -0.0000          0.9533          0.0000
            -0.0000          0.0000          0.9533

     Atom 43  O   pos: (  0.166290  0.402065  0.928761)  dia sigma:          18.35
            18.5443          0.4686          0.3398
             0.4686         18.0801         -0.1712
             0.3398         -0.1712         18.4255

     Atom 44  O   pos: (  1.395442  0.994531  0.344073)  dia sigma:          18.35
            18.5443          0.4686          0.3398
             0.4686         18.0801         -0.1712
             0.3398         -0.1712         18.4255

     Paramagnetic contribution in ppm:
 
     Atom  1  C   pos: (  0.434888  0.265121  0.391844)  para sigma:        -111.11
           -53.7675        -23.4628         -5.3465
           -23.5659       -121.9756         19.2211
            -6.2186         19.5151       -157.5757

     Atom  2  C   pos: (  1.126844  1.131475  0.880990)  para sigma:        -111.11
           -53.7675        -23.4628         -5.3465
           -23.5659       -121.9756         19.2211
            -6.2186         19.5151       -157.5757

     Atom  3  C   pos: (  0.378145  0.158394  0.230149)  para sigma:        -108.89
           -59.1671        -36.3941         -7.0062
           -36.2017       -150.2436          6.5223
            -6.4779          6.2983       -117.2715

     Atom  4  C   pos: (  1.183586  1.238202  1.042685)  para sigma:        -108.89
           -59.1671        -36.3941         -7.0062
           -36.2017       -150.2436          6.5223
            -6.4779          6.2983       -117.2715

     Atom  5  C   pos: (  0.385094  0.241208  0.047468)  para sigma:        -107.50
           -58.5668        -31.5926        -15.8482
           -30.5371       -125.4166        -15.6768
           -16.3521        -14.3029       -138.5154

     Atom  6  C   pos: (  1.176637  1.155388  1.225367)  para sigma:        -107.50
           -58.5668        -31.5926        -15.8482
           -30.5371       -125.4166        -15.6768
           -16.3521        -14.3029       -138.5154

     Atom  7  C   pos: (  0.450761  0.432487  0.024317)  para sigma:        -106.90
           -54.6878        -22.3373         -6.0117
           -23.2384       -118.6373         14.5883
            -6.0814         14.8712       -147.3689

     Atom  8  C   pos: (  1.110971  0.964109  1.248518)  para sigma:        -106.90
           -54.6878        -22.3373         -6.0117
           -23.2384       -118.6373         14.5883
            -6.0814         14.8712       -147.3689

     Atom  9  C   pos: (  0.505098  0.539972  0.188726)  para sigma:        -108.57
           -57.2424        -31.9496         -8.9504
           -33.3611       -146.9154          1.8517
            -8.0232          0.0854       -121.5588

     Atom 10  C   pos: (  1.056633  0.856624  1.084109)  para sigma:        -108.57
           -57.2424        -31.9496         -8.9504
           -33.3611       -146.9154          1.8517
            -8.0232          0.0854       -121.5588

     Atom 11  C   pos: (  0.496194  0.456545  0.371095)  para sigma:        -109.22
           -55.3466        -28.9776        -15.3665
           -28.0607       -125.9773        -16.8220
           -15.4985        -16.4517       -146.3243

     Atom 12  C   pos: (  1.065538  0.940051  0.901740)  para sigma:        -109.22
           -55.3466        -28.9776        -15.3665
           -28.0607       -125.9773        -16.8220
           -15.4985        -16.4517       -146.3243

     Atom 13  C   pos: (  0.559660  0.840125  1.108709)  para sigma:        -129.68
           -74.5420        -28.3259         -4.9957
           -28.0379       -157.5945          0.0978
            -7.1922          7.1347       -156.9131

     Atom 14  C   pos: (  1.002072  0.556471  0.164125)  para sigma:        -129.68
           -74.5420        -28.3259         -4.9957
           -28.0379       -157.5945          0.0978
            -7.1922          7.1347       -156.9131

     Atom 15  C   pos: (  0.522886  0.769092  0.912562)  para sigma:        -134.20
           -93.5005        -15.7416         -2.5411
           -20.2700       -149.3107          2.3259
             0.0589         18.0809       -159.7964

     Atom 16  C   pos: (  1.038846  0.627504  0.360273)  para sigma:        -134.20
           -93.5005        -15.7416         -2.5411
           -20.2700       -149.3107          2.3259
             0.0589         18.0809       -159.7964

     Atom 17  C   pos: (  0.578884  0.966666  0.834014)  para sigma:        -136.19
          -101.4965        -20.6765         -3.0424
           -16.8399       -151.9188          2.0071
            -7.3978        -14.4297       -155.1543

     Atom 18  C   pos: (  0.982847  0.429930  0.438820)  para sigma:        -136.19
          -101.4965        -20.6765         -3.0424
           -16.8399       -151.9188          2.0071
            -7.3978        -14.4297       -155.1543

     Atom 19  C   pos: (  0.610392  1.025628  1.038906)  para sigma:        -136.61
           -87.9941        -24.0159         -6.1367
           -22.3072       -160.5634          6.9105
           -10.9561        -17.5462       -161.2838

     Atom 20  C   pos: (  0.951340  0.370968  0.233928)  para sigma:        -136.61
           -87.9941        -24.0159         -6.1367
           -22.3072       -160.5634          6.9105
           -10.9561        -17.5462       -161.2838

     Atom 21  H   pos: (  0.441347  0.480844  1.194271)  para sigma:           0.00
             0.0000          0.0000          0.0000
             0.0000          0.0000          0.0000
             0.0000          0.0000          0.0000

     Atom 22  H   pos: (  1.120384  0.915752  0.078564)  para sigma:           0.00
             0.0000          0.0000          0.0000
             0.0000          0.0000          0.0000
             0.0000          0.0000          0.0000

     Atom 23  H   pos: (  0.788705  1.084747  0.247143)  para sigma:           0.00
             0.0000          0.0000          0.0000
             0.0000          0.0000          0.0000
             0.0000          0.0000          0.0000

     Atom 24  H   pos: (  0.773027  0.311849  1.025692)  para sigma:           0.00
             0.0000          0.0000          0.0000
             0.0000          0.0000          0.0000
             0.0000          0.0000          0.0000

     Atom 25  H   pos: (  0.427456  0.199304  0.534599)  para sigma:           0.00
             0.0000          0.0000          0.0000
             0.0000          0.0000          0.0000
             0.0000          0.0000          0.0000

     Atom 26  H   pos: (  1.134275  1.197292  0.738236)  para sigma:           0.00
             0.0000          0.0000          0.0000
             0.0000          0.0000          0.0000
             0.0000          0.0000          0.0000

     Atom 27  H   pos: (  0.533631  0.540480  0.499204)  para sigma:           0.00
             0.0000          0.0000          0.0000
             0.0000          0.0000          0.0000
             0.0000          0.0000          0.0000

     Atom 28  H   pos: (  1.028101  0.856116  0.773631)  para sigma:           0.00
             0.0000          0.0000          0.0000
             0.0000          0.0000          0.0000
             0.0000          0.0000          0.0000

     Atom 29  H   pos: (  0.550625  0.689698  0.171665)  para sigma:           0.00
             0.0000          0.0000          0.0000
             0.0000          0.0000          0.0000
             0.0000          0.0000          0.0000

     Atom 30  H   pos: (  1.011106  0.706898  1.101169)  para sigma:           0.00
             0.0000          0.0000          0.0000
             0.0000          0.0000          0.0000
             0.0000          0.0000          0.0000

     Atom 31  H   pos: (  0.655974  1.309309  1.026778)  para sigma:           0.00
             0.0000          0.0000          0.0000
             0.0000          0.0000          0.0000
             0.0000          0.0000          0.0000

     Atom 32  H   pos: (  0.905758  0.087287  0.246056)  para sigma:           0.00
             0.0000          0.0000          0.0000
             0.0000          0.0000          0.0000
             0.0000          0.0000          0.0000

     Atom 33  O   pos: (  0.471249  0.616192  0.837305)  para sigma:        -210.67
            33.9297       -141.1458        -51.3767
          -150.3452       -376.3908        -72.0307
           -29.8517        -14.2839       -289.5480

     Atom 34  O   pos: (  1.090482  0.780404  0.435530)  para sigma:        -210.67
            33.9297       -141.1458        -51.3767
          -150.3452       -376.3908        -72.0307
           -29.8517        -14.2839       -289.5480

     Atom 35  O   pos: (  0.596121  1.044930  0.676539)  para sigma:        -259.71
            23.7919       -111.2717         -1.6878
          -113.9378       -302.7807        104.6603
            -3.7706         84.0422       -500.1405

     Atom 36  O   pos: (  0.965610  0.351666  0.596296)  para sigma:        -259.71
            23.7919       -111.2717         -1.6878
          -113.9378       -302.7807        104.6603
            -3.7706         84.0422       -500.1405

     Atom 37  O   pos: (  0.664031  1.181569  1.121856)  para sigma:        -115.41
            27.0806        -76.1471         -6.2199
           -65.0984       -198.2460         14.0442
           -24.7045        -23.3308       -175.0644

     Atom 38  O   pos: (  0.897701  0.215027  0.150979)  para sigma:        -115.41
            27.0806        -76.1471         -6.2199
           -65.0984       -198.2460         14.0442
           -24.7045        -23.3308       -175.0644

     Atom 39  H   pos: (  1.094407  0.388256  0.804980)  para sigma:           0.00
             0.0000          0.0000          0.0000
             0.0000          0.0000          0.0000
             0.0000          0.0000          0.0000

     Atom 40  H   pos: (  0.467324  1.008340  0.467854)  para sigma:           0.00
             0.0000          0.0000          0.0000
             0.0000          0.0000          0.0000
             0.0000          0.0000          0.0000

     Atom 41  H   pos: (  0.285925  0.477013  0.899230)  para sigma:           0.00
             0.0000          0.0000          0.0000
             0.0000          0.0000          0.0000
             0.0000          0.0000          0.0000

     Atom 42  H   pos: (  1.275807  0.919583  0.373604)  para sigma:           0.00
             0.0000          0.0000          0.0000
             0.0000          0.0000          0.0000
             0.0000          0.0000          0.0000

     Atom 43  O   pos: (  0.166290  0.402065  0.928761)  para sigma:          19.16
            14.7547         17.6614         11.5897
            21.5516         21.8890         -9.9909
            11.5714        -11.6392         20.8330

     Atom 44  O   pos: (  1.395442  0.994531  0.344073)  para sigma:          19.16
            14.7547         17.6614         11.5897
            21.5516         21.8890         -9.9909
            11.5714        -11.6392         20.8330

     Paramagnetic US occ-occ contribution in ppm:
 
     Atom  1  C   pos: (  0.434888  0.265121  0.391844)  para_oo sigma:          -0.39
            -0.0614         -0.1062         -0.0172
            -0.1138         -0.4113          0.1419
            -0.0254          0.1549         -0.6921

     Atom  2  C   pos: (  1.126844  1.131475  0.880990)  para_oo sigma:          -0.39
            -0.0614         -0.1062         -0.0172
            -0.1138         -0.4113          0.1419
            -0.0254          0.1549         -0.6921

     Atom  3  C   pos: (  0.378145  0.158394  0.230149)  para_oo sigma:          -0.39
            -0.1106         -0.2300         -0.0348
            -0.2287         -0.6894          0.0427
            -0.0282          0.0462         -0.3769

     Atom  4  C   pos: (  1.183586  1.238202  1.042685)  para_oo sigma:          -0.39
            -0.1106         -0.2300         -0.0348
            -0.2287         -0.6894          0.0427
            -0.0282          0.0462         -0.3769

     Atom  5  C   pos: (  0.385094  0.241208  0.047468)  para_oo sigma:          -0.37
            -0.0984         -0.1708         -0.1282
            -0.1720         -0.4346         -0.2021
            -0.1184         -0.1484         -0.5620

     Atom  6  C   pos: (  1.176637  1.155388  1.225367)  para_oo sigma:          -0.37
            -0.0984         -0.1708         -0.1282
            -0.1720         -0.4346         -0.2021
            -0.1184         -0.1484         -0.5620

     Atom  7  C   pos: (  0.450761  0.432487  0.024317)  para_oo sigma:          -0.39
            -0.0506         -0.1578         -0.0447
            -0.1687         -0.4894          0.0751
            -0.0460          0.0769         -0.6419

     Atom  8  C   pos: (  1.110971  0.964109  1.248518)  para_oo sigma:          -0.39
            -0.0506         -0.1578         -0.0447
            -0.1687         -0.4894          0.0751
            -0.0460          0.0769         -0.6419

     Atom  9  C   pos: (  0.505098  0.539972  0.188726)  para_oo sigma:          -0.36
            -0.0872         -0.2275         -0.0063
            -0.2188         -0.6915          0.0801
            -0.0277          0.0001         -0.3034

     Atom 10  C   pos: (  1.056633  0.856624  1.084109)  para_oo sigma:          -0.36
            -0.0872         -0.2275         -0.0063
            -0.2188         -0.6915          0.0801
            -0.0277          0.0001         -0.3034

     Atom 11  C   pos: (  0.496194  0.456545  0.371095)  para_oo sigma:          -0.39
            -0.0917         -0.1582         -0.1169
            -0.1579         -0.4639         -0.1542
            -0.1129         -0.1660         -0.6129

     Atom 12  C   pos: (  1.065538  0.940051  0.901740)  para_oo sigma:          -0.39
            -0.0917         -0.1582         -0.1169
            -0.1579         -0.4639         -0.1542
            -0.1129         -0.1660         -0.6129

     Atom 13  C   pos: (  0.559660  0.840125  1.108709)  para_oo sigma:          -0.45
            -0.0332         -0.0077         -0.0162
            -0.0234         -0.1730          0.3474
             0.0135          0.3407         -1.1394

     Atom 14  C   pos: (  1.002072  0.556471  0.164125)  para_oo sigma:          -0.45
            -0.0332         -0.0077         -0.0162
            -0.0234         -0.1730          0.3474
             0.0135          0.3407         -1.1394

     Atom 15  C   pos: (  0.522886  0.769092  0.912562)  para_oo sigma:          -1.11
            -0.7591         -0.0034          0.1979
             0.0568         -0.7413          0.6978
             0.1176          0.6137         -1.8403

     Atom 16  C   pos: (  1.038846  0.627504  0.360273)  para_oo sigma:          -1.11
            -0.7591         -0.0034          0.1979
             0.0568         -0.7413          0.6978
             0.1176          0.6137         -1.8403

     Atom 17  C   pos: (  0.578884  0.966666  0.834014)  para_oo sigma:          -1.27
            -0.8902         -0.4755         -0.3033
            -0.4431         -1.9809         -0.8168
            -0.2833         -0.8275         -0.9399

     Atom 18  C   pos: (  0.982847  0.429930  0.438820)  para_oo sigma:          -1.27
            -0.8902         -0.4755         -0.3033
            -0.4431         -1.9809         -0.8168
            -0.2833         -0.8275         -0.9399

     Atom 19  C   pos: (  0.610392  1.025628  1.038906)  para_oo sigma:          -0.88
            -0.4312         -0.0197         -0.0514
            -0.0759         -0.8220          0.3908
             0.0400          0.4046         -1.3781

     Atom 20  C   pos: (  0.951340  0.370968  0.233928)  para_oo sigma:          -0.88
            -0.4312         -0.0197         -0.0514
            -0.0759         -0.8220          0.3908
             0.0400          0.4046         -1.3781

     Atom 21  H   pos: (  0.441347  0.480844  1.194271)  para_oo sigma:           0.00
             0.0000          0.0000          0.0000
             0.0000          0.0000          0.0000
             0.0000          0.0000          0.0000

     Atom 22  H   pos: (  1.120384  0.915752  0.078564)  para_oo sigma:           0.00
             0.0000          0.0000          0.0000
             0.0000          0.0000          0.0000
             0.0000          0.0000          0.0000

     Atom 23  H   pos: (  0.788705  1.084747  0.247143)  para_oo sigma:           0.00
             0.0000          0.0000          0.0000
             0.0000          0.0000          0.0000
             0.0000          0.0000          0.0000

     Atom 24  H   pos: (  0.773027  0.311849  1.025692)  para_oo sigma:           0.00
             0.0000          0.0000          0.0000
             0.0000          0.0000          0.0000
             0.0000          0.0000          0.0000

     Atom 25  H   pos: (  0.427456  0.199304  0.534599)  para_oo sigma:           0.00
             0.0000          0.0000          0.0000
             0.0000          0.0000          0.0000
             0.0000          0.0000          0.0000

     Atom 26  H   pos: (  1.134275  1.197292  0.738236)  para_oo sigma:           0.00
             0.0000          0.0000          0.0000
             0.0000          0.0000          0.0000
             0.0000          0.0000          0.0000

     Atom 27  H   pos: (  0.533631  0.540480  0.499204)  para_oo sigma:           0.00
             0.0000          0.0000          0.0000
             0.0000          0.0000          0.0000
             0.0000          0.0000          0.0000

     Atom 28  H   pos: (  1.028101  0.856116  0.773631)  para_oo sigma:           0.00
             0.0000          0.0000          0.0000
             0.0000          0.0000          0.0000
             0.0000          0.0000          0.0000

     Atom 29  H   pos: (  0.550625  0.689698  0.171665)  para_oo sigma:           0.00
             0.0000          0.0000          0.0000
             0.0000          0.0000          0.0000
             0.0000          0.0000          0.0000

     Atom 30  H   pos: (  1.011106  0.706898  1.101169)  para_oo sigma:           0.00
             0.0000          0.0000          0.0000
             0.0000          0.0000          0.0000
             0.0000          0.0000          0.0000

     Atom 31  H   pos: (  0.655974  1.309309  1.026778)  para_oo sigma:           0.00
             0.0000          0.0000          0.0000
             0.0000          0.0000          0.0000
             0.0000          0.0000          0.0000

     Atom 32  H   pos: (  0.905758  0.087287  0.246056)  para_oo sigma:           0.00
             0.0000          0.0000          0.0000
             0.0000          0.0000          0.0000
             0.0000          0.0000          0.0000

     Atom 33  O   pos: (  0.471249  0.616192  0.837305)  para_oo sigma:          -1.08
            -0.9025          0.1457          0.1298
             0.2306         -0.6598          0.5625
             0.0609          0.3952         -1.6872

     Atom 34  O   pos: (  1.090482  0.780404  0.435530)  para_oo sigma:          -1.08
            -0.9025          0.1457          0.1298
             0.2306         -0.6598          0.5625
             0.0609          0.3952         -1.6872

     Atom 35  O   pos: (  0.596121  1.044930  0.676539)  para_oo sigma:          -1.39
            -1.1478         -0.4881         -0.2027
            -0.5383         -2.1981         -0.8337
            -0.2177         -0.9258         -0.8320

     Atom 36  O   pos: (  0.965610  0.351666  0.596296)  para_oo sigma:          -1.39
            -1.1478         -0.4881         -0.2027
            -0.5383         -2.1981         -0.8337
            -0.2177         -0.9258         -0.8320

     Atom 37  O   pos: (  0.664031  1.181569  1.121856)  para_oo sigma:          -0.95
            -0.9045         -0.0807         -0.1004
            -0.1211         -0.5814          0.1032
            -0.1912         -0.0812         -1.3546

     Atom 38  O   pos: (  0.897701  0.215027  0.150979)  para_oo sigma:          -0.95
            -0.9045         -0.0807         -0.1004
            -0.1211         -0.5814          0.1032
            -0.1912         -0.0812         -1.3546

     Atom 39  H   pos: (  1.094407  0.388256  0.804980)  para_oo sigma:           0.00
             0.0000          0.0000          0.0000
             0.0000          0.0000          0.0000
             0.0000          0.0000          0.0000

     Atom 40  H   pos: (  0.467324  1.008340  0.467854)  para_oo sigma:           0.00
             0.0000          0.0000          0.0000
             0.0000          0.0000          0.0000
             0.0000          0.0000          0.0000

     Atom 41  H   pos: (  0.285925  0.477013  0.899230)  para_oo sigma:           0.00
             0.0000          0.0000          0.0000
             0.0000          0.0000          0.0000
             0.0000          0.0000          0.0000

     Atom 42  H   pos: (  1.275807  0.919583  0.373604)  para_oo sigma:           0.00
             0.0000          0.0000          0.0000
             0.0000          0.0000          0.0000
             0.0000          0.0000          0.0000

     Atom 43  O   pos: (  0.166290  0.402065  0.928761)  para_oo sigma:          -1.08
            -1.2297          0.0394          0.0415
             0.0687         -0.9651         -0.2212
             0.0097         -0.2070         -1.0437

     Atom 44  O   pos: (  1.395442  0.994531  0.344073)  para_oo sigma:          -1.08
            -1.2297          0.0394          0.0415
             0.0687         -0.9651         -0.2212
             0.0097         -0.2070         -1.0437

     Paramagnetic US L_R Q_R contribution in ppm:
 
     Atom  1  C   pos: (  0.434888  0.265121  0.391844)  para_lq sigma:         -13.21
           -11.0375         -0.8952         -0.2037
            -0.9049        -13.6182          0.7347
            -0.2475          0.7638        -14.9843

     Atom  2  C   pos: (  1.126844  1.131475  0.880990)  para_lq sigma:         -13.21
           -11.0375         -0.8952         -0.2037
            -0.9049        -13.6182          0.7347
            -0.2475          0.7638        -14.9843

     Atom  3  C   pos: (  0.378145  0.158394  0.230149)  para_lq sigma:         -13.14
           -11.1657         -1.4300         -0.2924
            -1.4279        -14.7587          0.2386
            -0.2611          0.2897        -13.5036

     Atom  4  C   pos: (  1.183586  1.238202  1.042685)  para_lq sigma:         -13.14
           -11.1657         -1.4300         -0.2924
            -1.4279        -14.7587          0.2386
            -0.2611          0.2897        -13.5036

     Atom  5  C   pos: (  0.385094  0.241208  0.047468)  para_lq sigma:         -12.94
           -11.1762         -1.1843         -0.7219
            -1.1896        -13.7173         -0.7941
            -0.5418         -0.3947        -13.9148

     Atom  6  C   pos: (  1.176637  1.155388  1.225367)  para_lq sigma:         -12.94
           -11.1762         -1.1843         -0.7219
            -1.1896        -13.7173         -0.7941
            -0.5418         -0.3947        -13.9148

     Atom  7  C   pos: (  0.450761  0.432487  0.024317)  para_lq sigma:         -13.05
           -10.8781         -0.9991         -0.2787
            -1.0272        -13.5703          0.5631
            -0.2743          0.5736        -14.7063

     Atom  8  C   pos: (  1.110971  0.964109  1.248518)  para_lq sigma:         -13.05
           -10.8781         -0.9991         -0.2787
            -1.0272        -13.5703          0.5631
            -0.2743          0.5736        -14.7063

     Atom  9  C   pos: (  0.505098  0.539972  0.188726)  para_lq sigma:         -12.96
           -11.1277         -1.2595         -0.2479
            -1.2118        -14.3883          0.1678
            -0.4261         -0.4283        -13.3789

     Atom 10  C   pos: (  1.056633  0.856624  1.084109)  para_lq sigma:         -12.96
           -11.1277         -1.2595         -0.2479
            -1.2118        -14.3883          0.1678
            -0.4261         -0.4283        -13.3789

     Atom 11  C   pos: (  0.496194  0.456545  0.371095)  para_lq sigma:         -13.16
           -11.0514         -1.1130         -0.5968
            -1.0965        -13.8386         -0.5925
            -0.5878         -0.6570        -14.6013

     Atom 12  C   pos: (  1.065538  0.940051  0.901740)  para_lq sigma:         -13.16
           -11.0514         -1.1130         -0.5968
            -1.0965        -13.8386         -0.5925
            -0.5878         -0.6570        -14.6013

     Atom 13  C   pos: (  0.559660  0.840125  1.108709)  para_lq sigma:         -15.69
           -11.6236         -1.2239          0.1675
            -1.3049        -15.7283          2.1068
             0.1527          3.2584        -19.7290

     Atom 14  C   pos: (  1.002072  0.556471  0.164125)  para_lq sigma:         -15.69
           -11.6236         -1.2239          0.1675
            -1.3049        -15.7283          2.1068
             0.1527          3.2584        -19.7290

     Atom 15  C   pos: (  0.522886  0.769092  0.912562)  para_lq sigma:         -16.63
           -13.1457         -1.0264          0.2288
            -1.1630        -16.5581          1.1130
             0.2487          2.4179        -20.1841

     Atom 16  C   pos: (  1.038846  0.627504  0.360273)  para_lq sigma:         -16.63
           -13.1457         -1.0264          0.2288
            -1.1630        -16.5581          1.1130
             0.2487          2.4179        -20.1841

     Atom 17  C   pos: (  0.578884  0.966666  0.834014)  para_lq sigma:         -17.44
           -14.0433         -2.5998         -1.1422
            -2.2131        -20.3047         -2.0884
            -1.3605         -3.5298        -17.9737

     Atom 18  C   pos: (  0.982847  0.429930  0.438820)  para_lq sigma:         -17.44
           -14.0433         -2.5998         -1.1422
            -2.2131        -20.3047         -2.0884
            -1.3605         -3.5298        -17.9737

     Atom 19  C   pos: (  0.610392  1.025628  1.038906)  para_lq sigma:         -16.71
           -12.1772         -2.2811         -0.5963
            -2.3017        -19.7199          1.4593
            -0.7977         -1.0419        -18.2319

     Atom 20  C   pos: (  0.951340  0.370968  0.233928)  para_lq sigma:         -16.71
           -12.1772         -2.2811         -0.5963
            -2.3017        -19.7199          1.4593
            -0.7977         -1.0419        -18.2319

     Atom 21  H   pos: (  0.441347  0.480844  1.194271)  para_lq sigma:           0.00
             0.0000          0.0000          0.0000
             0.0000          0.0000          0.0000
             0.0000          0.0000          0.0000

     Atom 22  H   pos: (  1.120384  0.915752  0.078564)  para_lq sigma:           0.00
             0.0000          0.0000          0.0000
             0.0000          0.0000          0.0000
             0.0000          0.0000          0.0000

     Atom 23  H   pos: (  0.788705  1.084747  0.247143)  para_lq sigma:           0.00
             0.0000          0.0000          0.0000
             0.0000          0.0000          0.0000
             0.0000          0.0000          0.0000

     Atom 24  H   pos: (  0.773027  0.311849  1.025692)  para_lq sigma:           0.00
             0.0000          0.0000          0.0000
             0.0000          0.0000          0.0000
             0.0000          0.0000          0.0000

     Atom 25  H   pos: (  0.427456  0.199304  0.534599)  para_lq sigma:           0.00
             0.0000          0.0000          0.0000
             0.0000          0.0000          0.0000
             0.0000          0.0000          0.0000

     Atom 26  H   pos: (  1.134275  1.197292  0.738236)  para_lq sigma:           0.00
             0.0000          0.0000          0.0000
             0.0000          0.0000          0.0000
             0.0000          0.0000          0.0000

     Atom 27  H   pos: (  0.533631  0.540480  0.499204)  para_lq sigma:           0.00
             0.0000          0.0000          0.0000
             0.0000          0.0000          0.0000
             0.0000          0.0000          0.0000

     Atom 28  H   pos: (  1.028101  0.856116  0.773631)  para_lq sigma:           0.00
             0.0000          0.0000          0.0000
             0.0000          0.0000          0.0000
             0.0000          0.0000          0.0000

     Atom 29  H   pos: (  0.550625  0.689698  0.171665)  para_lq sigma:           0.00
             0.0000          0.0000          0.0000
             0.0000          0.0000          0.0000
             0.0000          0.0000          0.0000

     Atom 30  H   pos: (  1.011106  0.706898  1.101169)  para_lq sigma:           0.00
             0.0000          0.0000          0.0000
             0.0000          0.0000          0.0000
             0.0000          0.0000          0.0000

     Atom 31  H   pos: (  0.655974  1.309309  1.026778)  para_lq sigma:           0.00
             0.0000          0.0000          0.0000
             0.0000          0.0000          0.0000
             0.0000          0.0000          0.0000

     Atom 32  H   pos: (  0.905758  0.087287  0.246056)  para_lq sigma:           0.00
             0.0000          0.0000          0.0000
             0.0000          0.0000          0.0000
             0.0000          0.0000          0.0000

     Atom 33  O   pos: (  0.471249  0.616192  0.837305)  para_lq sigma:        -155.11
          -140.5938        -14.1561         -5.9664
           -14.8736       -176.4563        -17.8541
            -3.8760        -10.7426       -148.2791

     Atom 34  O   pos: (  1.090482  0.780404  0.435530)  para_lq sigma:        -155.11
          -140.5938        -14.1561         -5.9664
           -14.8736       -176.4563        -17.8541
            -3.8760        -10.7426       -148.2791

     Atom 35  O   pos: (  0.596121  1.044930  0.676539)  para_lq sigma:        -159.68
          -136.6697         -5.2644          2.5705
            -5.4447       -153.6885         19.3755
             2.2913         17.9654       -188.6863

     Atom 36  O   pos: (  0.965610  0.351666  0.596296)  para_lq sigma:        -159.68
          -136.6697         -5.2644          2.5705
            -5.4447       -153.6885         19.3755
             2.2913         17.9654       -188.6863

     Atom 37  O   pos: (  0.664031  1.181569  1.121856)  para_lq sigma:        -142.78
          -130.7086         -7.0583         -3.2391
            -6.6651       -157.4033         -1.6387
            -4.4356         -5.3333       -140.2235

     Atom 38  O   pos: (  0.897701  0.215027  0.150979)  para_lq sigma:        -142.78
          -130.7086         -7.0583         -3.2391
            -6.6651       -157.4033         -1.6387
            -4.4356         -5.3333       -140.2235

     Atom 39  H   pos: (  1.094407  0.388256  0.804980)  para_lq sigma:           0.00
             0.0000          0.0000          0.0000
             0.0000          0.0000          0.0000
             0.0000          0.0000          0.0000

     Atom 40  H   pos: (  0.467324  1.008340  0.467854)  para_lq sigma:           0.00
             0.0000          0.0000          0.0000
             0.0000          0.0000          0.0000
             0.0000          0.0000          0.0000

     Atom 41  H   pos: (  0.285925  0.477013  0.899230)  para_lq sigma:           0.00
             0.0000          0.0000          0.0000
             0.0000          0.0000          0.0000
             0.0000          0.0000          0.0000

     Atom 42  H   pos: (  1.275807  0.919583  0.373604)  para_lq sigma:           0.00
             0.0000          0.0000          0.0000
             0.0000          0.0000          0.0000
             0.0000          0.0000          0.0000

     Atom 43  O   pos: (  0.166290  0.402065  0.928761)  para_lq sigma:        -131.60
          -133.9425         -6.0638         -3.6212
            -5.7935       -127.3421          2.7618
            -3.6674          3.0482       -133.5279

     Atom 44  O   pos: (  1.395442  0.994531  0.344073)  para_lq sigma:        -131.60
          -133.9425         -6.0638         -3.6212
            -5.7935       -127.3421          2.7618
            -3.6674          3.0482       -133.5279

 
     Total NMR chemical shifts in ppm: ---------------------------------------
     (adopting the Simpson convention for anisotropy and asymmetry)-----------
 
     Atom  1  C   pos: (  0.434888  0.265121  0.391844)  Total sigma:          30.43
           150.7668        -49.2602        -11.2344
           -49.2916          5.1228         37.2859
           -13.2650         38.0271        -64.6024

     C    1    anisotropy:    206.59    eta:   -0.6240
     C    1    sigma_11=      4.54    axis=(  0.322046  0.854213  0.408174)
     C    1    sigma_22=    -81.40    axis=( -0.040879 -0.418194  0.907437)
     C    1    sigma_33=    168.15    axis=( -0.945841  0.308923  0.099758)
 
     Atom  2  C   pos: (  1.126844  1.131475  0.880990)  Total sigma:          30.43
           150.7668        -49.2602        -11.2344
           -49.2916          5.1228         37.2859
           -13.2650         38.0271        -64.6024

     C    2    anisotropy:    206.59    eta:   -0.6240
     C    2    sigma_11=      4.54    axis=(  0.322046  0.854213  0.408174)
     C    2    sigma_22=    -81.40    axis=( -0.040879 -0.418194  0.907437)
     C    2    sigma_33=    168.15    axis=( -0.945841  0.308923  0.099758)
 
     Atom  3  C   pos: (  0.378145  0.158394  0.230149)  Total sigma:          35.58
           140.7238        -74.9011        -14.6985
           -73.3757        -47.9184         13.3443
           -13.5211         13.0659         13.9467

     C    3    anisotropy:    199.22    eta:   -0.6544
     C    3    sigma_11=     12.64    axis=(  0.136878  0.048177  0.989416)
     C    3    sigma_22=    -74.28    axis=(  0.319371  0.943335 -0.090116)
     C    3    sigma_33=    168.39    axis=( -0.937692  0.328325  0.113736)
 
     Atom  4  C   pos: (  1.183586  1.238202  1.042685)  Total sigma:          35.58
           140.7238        -74.9011        -14.6985
           -73.3757        -47.9184         13.3443
           -13.5211         13.0659         13.9467

     C    4    anisotropy:    199.22    eta:   -0.6544
     C    4    sigma_11=     12.64    axis=(  0.136878  0.048177  0.989416)
     C    4    sigma_22=    -74.28    axis=(  0.319371  0.943335 -0.090116)
     C    4    sigma_33=    168.39    axis=( -0.937692  0.328325  0.113736)
 
     Atom  5  C   pos: (  0.385094  0.241208  0.047468)  Total sigma:          37.81
           140.9765        -66.1973        -31.7520
           -62.9251         -0.8476        -30.0933
           -32.3644        -26.4218        -26.7128

     C    5    anisotropy:    195.34    eta:   -0.5797
     C    5    sigma_11=     10.44    axis=( -0.178504 -0.702839  0.688588)
     C    5    sigma_22=    -65.06    axis=( -0.307475 -0.624935 -0.717576)
     C    5    sigma_33=    168.03    axis=( -0.934663  0.339814  0.104552)
 
     Atom  6  C   pos: (  1.176637  1.155388  1.225367)  Total sigma:          37.81
           140.9765        -66.1973        -31.7520
           -62.9251         -0.8476        -30.0933
           -32.3644        -26.4218        -26.7128

     C    6    anisotropy:    195.34    eta:   -0.5797
     C    6    sigma_11=     10.44    axis=( -0.178504 -0.702839  0.688588)
     C    6    sigma_22=    -65.06    axis=( -0.307475 -0.624935 -0.717576)
     C    6    sigma_33=    168.03    axis=( -0.934663  0.339814  0.104552)
 
     Atom  7  C   pos: (  0.450761  0.432487  0.024317)  Total sigma:          37.54
           147.9524        -47.5393        -11.7574
           -49.4746         10.4676         27.8193
           -12.8543         28.7067        -45.7912

     C    7    anisotropy:    191.67    eta:   -0.4929
     C    7    sigma_11=      5.15    axis=(  0.325655  0.857935  0.397361)
     C    7    sigma_22=    -57.84    axis=( -0.041354 -0.406944  0.912517)
     C    7    sigma_33=    165.32    axis=( -0.944584  0.313598  0.097044)
 
     Atom  8  C   pos: (  1.110971  0.964109  1.248518)  Total sigma:          37.54
           147.9524        -47.5393        -11.7574
           -49.4746         10.4676         27.8193
           -12.8543         28.7067        -45.7912

     C    8    anisotropy:    191.67    eta:   -0.4929
     C    8    sigma_11=      5.15    axis=(  0.325655  0.857935  0.397361)
     C    8    sigma_22=    -57.84    axis=( -0.041354 -0.406944  0.912517)
     C    8    sigma_33=    165.32    axis=( -0.944584  0.313598  0.097044)
 
     Atom  9  C   pos: (  0.505098  0.539972  0.188726)  Total sigma:          36.02
           145.0386        -65.3658        -18.3776
           -68.9575        -42.0853          3.8367
           -17.3961         -0.6500          5.1127

     C    9    anisotropy:    198.76    eta:   -0.5086
     C    9    sigma_11=      3.47    axis=(  0.083484 -0.088371  0.992583)
     C    9    sigma_22=    -63.93    axis=(  0.309991  0.948943  0.058413)
     C    9    sigma_33=    168.53    axis=( -0.947067  0.302815  0.106616)
 
     Atom 10  C   pos: (  1.056633  0.856624  1.084109)  Total sigma:          36.02
           145.0386        -65.3658        -18.3776
           -68.9575        -42.0853          3.8367
           -17.3961         -0.6500          5.1127

     C   10    anisotropy:    198.76    eta:   -0.5086
     C   10    sigma_11=      3.47    axis=(  0.083484 -0.088371  0.992583)
     C   10    sigma_22=    -63.93    axis=(  0.309991  0.948943  0.058413)
     C   10    sigma_33=    168.53    axis=( -0.947067  0.302815  0.106616)
 
     Atom 11  C   pos: (  0.496194  0.456545  0.371095)  Total sigma:          35.22
           148.5761        -59.5211        -31.0283
           -57.8602         -0.8395        -32.1181
           -31.1006        -31.5862        -42.0802

     C   11    anisotropy:    203.12    eta:   -0.6151
     C   11    sigma_11=      9.16    axis=(  0.193225  0.776464 -0.599806)
     C   11    sigma_22=    -74.13    axis=(  0.255879  0.550292  0.794798)
     C   11    sigma_33=    170.63    axis=( -0.947201  0.307053  0.092351)
 
     Atom 12  C   pos: (  1.065538  0.940051  0.901740)  Total sigma:          35.22
           148.5761        -59.5211        -31.0283
           -57.8602         -0.8395        -32.1181
           -31.1006        -31.5862        -42.0802

     C   12    anisotropy:    203.12    eta:   -0.6151
     C   12    sigma_11=      9.16    axis=(  0.193225  0.776464 -0.599806)
     C   12    sigma_22=    -74.13    axis=(  0.255879  0.550292  0.794798)
     C   12    sigma_33=    170.63    axis=( -0.947201  0.307053  0.092351)
 
     Atom 13  C   pos: (  0.559660  0.840125  1.108709)  Total sigma:         -15.99
           101.9312        -56.5819         -8.2330
           -56.9524        -72.4885          4.0445
           -13.5442         20.0277        -77.4236

     C   13    anisotropy:    203.62    eta:   -0.1479
     C   13    sigma_11=    -73.83    axis=(  0.196227  0.439405  0.876594)
     C   13    sigma_22=    -93.91    axis=( -0.220311 -0.851362  0.476074)
     C   13    sigma_33=    119.76    axis=( -0.955488  0.286542  0.070255)
 
     Atom 14  C   pos: (  1.002072  0.556471  0.164125)  Total sigma:         -15.99
           101.9312        -56.5819         -8.2330
           -56.9524        -72.4885          4.0445
           -13.5442         20.0277        -77.4236

     C   14    anisotropy:    203.62    eta:   -0.1479
     C   14    sigma_11=    -73.83    axis=(  0.196227  0.439405  0.876594)
     C   14    sigma_22=    -93.91    axis=( -0.220311 -0.851362  0.476074)
     C   14    sigma_33=    119.76    axis=( -0.955488  0.286542  0.070255)
 
     Atom 15  C   pos: (  0.522886  0.769092  0.912562)  Total sigma:         -31.86
            48.2039        -28.8780         -4.1318
           -37.3652        -58.8181          5.9850
             1.6735         40.6523        -84.9740

     C   15    anisotropy:    134.85    eta:   -0.5265
     C   15    sigma_11=    -53.15    axis=(  0.262757  0.783118  0.563636)
     C   15    sigma_22=   -100.48    axis=( -0.116624 -0.554102  0.824239)
     C   15    sigma_33=     58.04    axis=(  0.957788 -0.282308 -0.054264)
 
     Atom 16  C   pos: (  1.038846  0.627504  0.360273)  Total sigma:         -31.86
            48.2039        -28.8780         -4.1318
           -37.3652        -58.8181          5.9850
             1.6735         40.6523        -84.9740

     C   16    anisotropy:    134.85    eta:   -0.5265
     C   16    sigma_11=    -53.15    axis=(  0.262757  0.783118  0.563636)
     C   16    sigma_22=   -100.48    axis=( -0.116624 -0.554102  0.824239)
     C   16    sigma_33=     58.04    axis=(  0.957788 -0.282308 -0.054264)
 
     Atom 17  C   pos: (  0.578884  0.966666  0.834014)  Total sigma:         -37.46
            34.8349        -41.0997         -7.3134
           -34.3752        -72.5422          1.5057
           -15.7149        -32.8989        -74.6841

     C   17    anisotropy:    126.84    eta:   -0.4497
     C   17    sigma_11=    -60.73    axis=(  0.141049  0.597935 -0.789037)
     C   17    sigma_22=    -98.76    axis=(  0.263379  0.745619  0.612115)
     C   17    sigma_33=     47.10    axis=(  0.954325 -0.294154 -0.052315)
 
     Atom 18  C   pos: (  0.982847  0.429930  0.438820)  Total sigma:         -37.46
            34.8349        -41.0997         -7.3134
           -34.3752        -72.5422          1.5057
           -15.7149        -32.8989        -74.6841

     C   18    anisotropy:    126.84    eta:   -0.4497
     C   18    sigma_11=    -60.73    axis=(  0.141049  0.597935 -0.789037)
     C   18    sigma_22=    -98.76    axis=(  0.263379  0.745619  0.612115)
     C   18    sigma_33=     47.10    axis=(  0.954325 -0.294154 -0.052315)
 
     Atom 19  C   pos: (  0.610392  1.025628  1.038906)  Total sigma:         -32.83
            69.9129        -45.0621        -10.6556
           -44.9765        -82.2601         20.4351
           -20.8831        -31.9022        -86.1427

     C   19    anisotropy:    174.26    eta:   -0.1779
     C   19    sigma_11=    -80.58    axis=( -0.083372 -0.565998  0.820180)
     C   19    sigma_22=   -101.25    axis=( -0.258047 -0.782710 -0.566371)
     C   19    sigma_33=     83.34    axis=( -0.962528  0.258865  0.080798)
 
     Atom 20  C   pos: (  0.951340  0.370968  0.233928)  Total sigma:         -32.83
            69.9129        -45.0621        -10.6556
           -44.9765        -82.2601         20.4351
           -20.8831        -31.9022        -86.1427

     C   20    anisotropy:    174.26    eta:   -0.1779
     C   20    sigma_11=    -80.58    axis=( -0.083372 -0.565998  0.820180)
     C   20    sigma_22=   -101.25    axis=( -0.258047 -0.782710 -0.566371)
     C   20    sigma_33=     83.34    axis=( -0.962528  0.258865  0.080798)
 
     Atom 21  H   pos: (  0.441347  0.480844  1.194271)  Total sigma:          23.06
            20.8983         -0.2213          0.7114
             1.8788         23.2990         -0.9751
             1.0046         -0.9923         24.9812

     H   21    anisotropy:     -4.04    eta:   -0.7955
     H   21    sigma_11=     23.34    axis=(  0.401445  0.863065  0.306530)
     H   21    sigma_22=     25.48    axis=( -0.104500  0.375659 -0.920847)
     H   21    sigma_33=     20.36    axis=(  0.909902 -0.337637 -0.240997)
 
     Atom 22  H   pos: (  1.120384  0.915752  0.078564)  Total sigma:          23.06
            20.8983         -0.2213          0.7114
             1.8788         23.2990         -0.9751
             1.0046         -0.9923         24.9812

     H   22    anisotropy:     -4.04    eta:   -0.7955
     H   22    sigma_11=     23.34    axis=(  0.401445  0.863065  0.306530)
     H   22    sigma_22=     25.48    axis=( -0.104500  0.375659 -0.920847)
     H   22    sigma_33=     20.36    axis=(  0.909902 -0.337637 -0.240997)
 
     Atom 23  H   pos: (  0.788705  1.084747  0.247143)  Total sigma:          23.33
            22.9807          0.3537         -0.4181
             1.7537         22.6612          0.3439
             0.4786          0.2271         24.3458

     H   23    anisotropy:     -2.38    eta:   -0.3972
     H   23    sigma_11=     23.81    axis=(  0.731360  0.584432 -0.351500)
     H   23    sigma_22=     24.44    axis=(  0.223093  0.282028  0.933108)
     H   23    sigma_33=     21.74    axis=(  0.644471 -0.760855  0.075881)
 
     Atom 24  H   pos: (  0.773027  0.311849  1.025692)  Total sigma:          23.33
            22.9807          0.3537         -0.4181
             1.7537         22.6612          0.3439
             0.4786          0.2271         24.3458

     H   24    anisotropy:     -2.38    eta:   -0.3972
     H   24    sigma_11=     23.81    axis=(  0.731360  0.584432 -0.351500)
     H   24    sigma_22=     24.44    axis=(  0.223093  0.282028  0.933108)
     H   24    sigma_33=     21.74    axis=(  0.644471 -0.760855  0.075881)
 
     Atom 25  H   pos: (  0.427456  0.199304  0.534599)  Total sigma:          23.13
            22.3875          2.3937          1.3700
             2.2364         23.2506         -0.0895
             0.8482          0.0429         23.7558

     H   25    anisotropy:     -4.33    eta:   -0.6251
     H   25    sigma_11=     23.67    axis=(  0.075872  0.464762 -0.882179)
     H   25    sigma_22=     25.48    axis=(  0.637059  0.658018  0.401457)
     H   25    sigma_33=     20.24    axis=(  0.767072 -0.592459 -0.246156)
 
     Atom 26  H   pos: (  1.134275  1.197292  0.738236)  Total sigma:          23.13
            22.3875          2.3937          1.3700
             2.2364         23.2506         -0.0895
             0.8482          0.0429         23.7558

     H   26    anisotropy:     -4.33    eta:   -0.6251
     H   26    sigma_11=     23.67    axis=(  0.075872  0.464762 -0.882179)
     H   26    sigma_22=     25.48    axis=(  0.637059  0.658018  0.401457)
     H   26    sigma_33=     20.24    axis=(  0.767072 -0.592459 -0.246156)
 
     Atom 27  H   pos: (  0.533631  0.540480  0.499204)  Total sigma:          23.07
            20.5460          1.6354         -0.9528
             1.8435         23.6754         -0.5647
            -0.1403         -0.6305         24.9873

     H   27    anisotropy:     -4.97    eta:   -0.4922
     H   27    sigma_11=     23.91    axis=(  0.300240  0.761273  0.574734)
     H   27    sigma_22=     25.54    axis=( -0.267430 -0.511186  0.816805)
     H   27    sigma_33=     19.76    axis=(  0.915607 -0.398939  0.050109)
 
     Atom 28  H   pos: (  1.028101  0.856116  0.773631)  Total sigma:          23.07
            20.5460          1.6354         -0.9528
             1.8435         23.6754         -0.5647
            -0.1403         -0.6305         24.9873

     H   28    anisotropy:     -4.97    eta:   -0.4922
     H   28    sigma_11=     23.91    axis=(  0.300240  0.761273  0.574734)
     H   28    sigma_22=     25.54    axis=( -0.267430 -0.511186  0.816804)
     H   28    sigma_33=     19.76    axis=(  0.915607 -0.398939  0.050109)
 
     Atom 29  H   pos: (  0.550625  0.689698  0.171665)  Total sigma:          23.11
            21.5426          1.2592         -0.1778
            -0.0586         22.6267         -0.8616
            -0.3079         -0.2727         25.1556

     H   29    anisotropy:      3.31    eta:   -0.6624
     H   29    sigma_11=     22.74    axis=(  0.394764  0.884939  0.247070)
     H   29    sigma_22=     21.28    axis=(  0.913487 -0.406860 -0.002289)
     H   29    sigma_33=     25.31    axis=( -0.098498 -0.226599  0.968995)
 
     Atom 30  H   pos: (  1.011106  0.706898  1.101169)  Total sigma:          23.11
            21.5426          1.2592         -0.1778
            -0.0586         22.6267         -0.8616
            -0.3079         -0.2727         25.1556

     H   30    anisotropy:      3.31    eta:   -0.6624
     H   30    sigma_11=     22.74    axis=(  0.394764  0.884939  0.247070)
     H   30    sigma_22=     21.28    axis=(  0.913487 -0.406860 -0.002289)
     H   30    sigma_33=     25.31    axis=( -0.098498 -0.226599  0.968995)
 
     Atom 31  H   pos: (  0.655974  1.309309  1.026778)  Total sigma:          12.88
             0.7266         -2.0447          4.1429
            -0.8135         26.5610        -15.8004
             1.9678        -17.3717         11.3587

     H   31    anisotropy:     36.82    eta:   -0.1464
     H   31    sigma_11=      2.41    axis=( -0.683889 -0.440060 -0.581931)
     H   31    sigma_22=     -1.19    axis=(  0.725439 -0.325222 -0.606605)
     H   31    sigma_33=     37.43    axis=(  0.077686 -0.837005  0.541652)
 
     Atom 32  H   pos: (  0.905758  0.087287  0.246056)  Total sigma:          12.88
             0.7266         -2.0447          4.1429
            -0.8135         26.5610        -15.8004
             1.9678        -17.3717         11.3587

     H   32    anisotropy:     36.82    eta:   -0.1464
     H   32    sigma_11=      2.41    axis=( -0.683889 -0.440060 -0.581931)
     H   32    sigma_22=     -1.19    axis=(  0.725439 -0.325222 -0.606605)
     H   32    sigma_33=     37.43    axis=(  0.077686 -0.837005  0.541652)
 
     Atom 33  O   pos: (  0.471249  0.616192  0.837305)  Total sigma:        -102.89
           261.8848       -217.2827        -81.6585
          -229.6714       -364.5364       -125.9570
           -47.3256        -33.7758       -206.0118

     O   33    anisotropy:    658.38    eta:   -0.6769
     O   33    sigma_11=   -173.78    axis=( -0.039069 -0.346623  0.937190)
     O   33    sigma_22=   -470.91    axis=( -0.301528 -0.890096 -0.341775)
     O   33    sigma_33=    336.03    axis=( -0.952656  0.295942  0.069742)
 
     Atom 34  O   pos: (  1.090482  0.780404  0.435530)  Total sigma:        -102.89
           261.8848       -217.2827        -81.6585
          -229.6714       -364.5364       -125.9570
           -47.3256        -33.7758       -206.0118

     O   34    anisotropy:    658.38    eta:   -0.6769
     O   34    sigma_11=   -173.78    axis=( -0.039069 -0.346623  0.937190)
     O   34    sigma_22=   -470.91    axis=( -0.301528 -0.890096 -0.341775)
     O   34    sigma_33=    336.03    axis=( -0.952656  0.295942  0.069742)
 
     Atom 35  O   pos: (  0.596121  1.044930  0.676539)  Total sigma:        -178.78
           254.7654       -163.4935          1.9046
          -168.3497       -233.9160        174.0649
            -1.1541        142.2569       -557.1805

     O   35    anisotropy:    730.69    eta:   -0.8381
     O   35    sigma_11=   -218.20    axis=(  0.302634  0.863588  0.403272)
     O   35    sigma_22=   -626.47    axis=( -0.075701 -0.399997  0.913385)
     O   35    sigma_33=    308.35    axis=(  0.950096 -0.306949 -0.055678)
 
     Atom 36  O   pos: (  0.965610  0.351666  0.596296)  Total sigma:        -178.78
           254.7654       -163.4935          1.9046
          -168.3497       -233.9160        174.0649
            -1.1541        142.2569       -557.1805

     O   36    anisotropy:    730.69    eta:   -0.8381
     O   36    sigma_11=   -218.20    axis=(  0.302634  0.863588  0.403272)
     O   36    sigma_22=   -626.47    axis=( -0.075701 -0.399997  0.913385)
     O   36    sigma_33=    308.35    axis=(  0.950096 -0.306949 -0.055678)
 
     Atom 37  O   pos: (  0.664031  1.181569  1.121856)  Total sigma:          50.58
           269.4057       -115.2068        -12.5410
          -101.1352        -85.4499         16.1286
           -41.1475        -41.7986        -32.2223

     O   37    anisotropy:    376.06    eta:   -0.3628
     O   37    sigma_11=    -29.30    axis=(  0.004067 -0.230264  0.973120)
     O   37    sigma_22=   -120.25    axis=(  0.274978  0.935871  0.220301)
     O   37    sigma_33=    301.29    axis=( -0.961442  0.266691  0.067124)
 
     Atom 38  O   pos: (  0.897701  0.215027  0.150979)  Total sigma:          50.58
           269.4057       -115.2068        -12.5410
          -101.1352        -85.4499         16.1286
           -41.1475        -41.7986        -32.2223

     O   38    anisotropy:    376.06    eta:   -0.3628
     O   38    sigma_11=    -29.30    axis=(  0.004067 -0.230264  0.973120)
     O   38    sigma_22=   -120.25    axis=(  0.274978  0.935871  0.220301)
     O   38    sigma_33=    301.29    axis=( -0.961442  0.266691  0.067124)
 
     Atom 39  H   pos: (  1.094407  0.388256  0.804980)  Total sigma:          23.02
            20.0958          4.8470         13.0272
             4.6674         15.2468          1.8828
            12.0977          1.1962         33.7303

     H   39    anisotropy:     28.08    eta:   -0.3667
     H   39    sigma_11=     17.10    axis=( -0.442469 -0.798564  0.408064)
     H   39    sigma_22=     10.23    axis=( -0.730648  0.584852  0.352279)
     H   39    sigma_33=     41.75    axis=(  0.519975  0.142279  0.842249)
 
     Atom 40  H   pos: (  0.467324  1.008340  0.467854)  Total sigma:          23.02
            20.0958          4.8470         13.0272
             4.6674         15.2468          1.8828
            12.0977          1.1962         33.7303

     H   40    anisotropy:     28.08    eta:   -0.3667
     H   40    sigma_11=     17.10    axis=( -0.442469 -0.798564  0.408064)
     H   40    sigma_22=     10.23    axis=( -0.730648  0.584852  0.352279)
     H   40    sigma_33=     41.75    axis=(  0.519975  0.142279  0.842249)
 
     Atom 41  H   pos: (  0.285925  0.477013  0.899230)  Total sigma:          22.78
            30.0808         15.5408         -2.8810
            14.4489         23.1162         -2.2680
            -4.0274         -3.3682         15.1405

     H   41    anisotropy:     29.90    eta:   -0.1614
     H   41    sigma_11=     14.42    axis=(  0.136026  0.085310  0.987025)
     H   41    sigma_22=     11.20    axis=(  0.619910 -0.784475 -0.017629)
     H   41    sigma_33=     42.71    axis=( -0.772793 -0.614265  0.159594)
 
     Atom 42  H   pos: (  1.275807  0.919583  0.373604)  Total sigma:          22.78
            30.0808         15.5408         -2.8810
            14.4489         23.1162         -2.2680
            -4.0274         -3.3682         15.1405

     H   42    anisotropy:     29.90    eta:   -0.1614
     H   42    sigma_11=     14.42    axis=(  0.136026  0.085310  0.987025)
     H   42    sigma_22=     11.20    axis=(  0.619910 -0.784475 -0.017629)
     H   42    sigma_33=     42.71    axis=( -0.772793 -0.614265  0.159594)
 
     Atom 43  O   pos: (  0.166290  0.402065  0.928761)  Total sigma:         259.37
           247.9358         19.9307         13.0249
            25.8648        270.2864        -12.2694
            12.3138        -14.4878        259.8750

     O   43    anisotropy:    -52.24    eta:   -0.5112
     O   43    sigma_11=    267.88    axis=(  0.506918 -0.035088  0.861280)
     O   43    sigma_22=    285.68    axis=(  0.447795  0.864490 -0.228336)
     O   43    sigma_33=    224.54    axis=(  0.736556 -0.501424 -0.453937)
 
     Atom 44  O   pos: (  1.395442  0.994531  0.344073)  Total sigma:         259.37
           247.9358         19.9307         13.0249
            25.8648        270.2864        -12.2694
            12.3138        -14.4878        259.8750

     O   44    anisotropy:    -52.24    eta:   -0.5112
     O   44    sigma_11=    267.88    axis=(  0.506918 -0.035088  0.861280)
     O   44    sigma_22=    285.68    axis=(  0.447795  0.864490 -0.228336)
     O   44    sigma_33=    224.54    axis=(  0.736556 -0.501424 -0.453937)
 
     Initialization:
     gipaw_setup  :      0.50s CPU      0.54s WALL (       1 calls)
 
     Linear response
     greenf       :   9994.08s CPU  10193.86s WALL (     240 calls)
     cgsolve      :   9945.86s CPU  10145.53s WALL (     240 calls)
     ch_psi       :   9820.40s CPU  10019.70s WALL (   17968 calls)
     h_psiq       :   7578.59s CPU   7774.53s WALL (   17968 calls)
 
     Apply operators
     h_psi        :   6641.68s CPU   6856.96s WALL (   23015 calls)
     apply_vel    :    111.92s CPU    112.12s WALL (     210 calls)
 
     Induced current
     j_para       :    408.17s CPU    422.85s WALL (     270 calls)
     biot_savart  :      0.05s CPU      0.06s WALL (       1 calls)
 
     Other routines
 
     General routines
     calbec       :   2579.64s CPU   2589.57s WALL (   60981 calls)
     fft          :      0.10s CPU      0.12s WALL (      32 calls)
     fftw         :   4739.18s CPU   4954.41s WALL ( 3120316 calls)
     davcio       :      0.03s CPU      0.50s WALL (     160 calls)
 
     Parallel routines
     fft_scatter  :   1142.36s CPU   1265.99s WALL ( 3120348 calls)
 
     Plugins
 
     GIPAW        :  11947.41s CPU  12201.51s WALL (       1 calls)
