
     Program QE v.6.1 (svn rev. 13369) starts on 20Mar2018 at 10:49: 3 

     This program is part of the open-source Quantum ESPRESSO suite
     for quantum simulation of materials; please cite
         "P. Giannozzi et al., J. Phys.:Condens. Matter 21 395502 (2009);
          URL http://www.quantum-espresso.org", 
     in publications or presentations arising from this work. More details at
     http://www.quantum-espresso.org/quote

     Parallel version (MPI), running on     8 processors
     R & G space division:  proc/nbgrp/npool/nimage =       8
 
     ***** This is GIPAW svn revision unknown      *****
 
     Parallelizing q-star over 1 images
     Message from routine gipaw_readin:
     *** iverbosity is obsolete, use verbosity instead ***

     Reading data from directory:
     /scratch/ahofstet/ML/CCDC3/YUYGUU/wfc/scf.save

   Info: using nr1, nr2, nr3 values from input

   Info: using nr1, nr2, nr3 values from input

     IMPORTANT: XC functional enforced from input :
     Exchange-correlation      =  SLA  PW   PBX  PBC ( 1  4  3  4 0 0)
     Any further DFT definition will be discarded
     Please, verify this is what you really want

               file C.pbe-n-kjpaw_psl.0.1.UPF: wavefunction(s)  2P renormalized
               file N.pbe-n-kjpaw_psl.0.1.UPF: wavefunction(s)  2P renormalized
               file H.pbe-kjpaw_psl.0.1.UPF: wavefunction(s)  1S renormalized
               file O.pbe-n-kjpaw_psl.0.1.UPF: wavefunction(s)  2P renormalized
 
     Parallelization info
     --------------------
     sticks:   dense  smooth     PW     G-vecs:    dense   smooth      PW
     Min         622     622    164                36884    36884    5059
     Max         623     623    165                36885    36885    5061
     Sum        4979    4979   1317               295079   295079   40483
 

     Check: negative/imaginary core charge=   -0.000002    0.000000

     Subspace diagonalization in iterative solution of the eigenvalue problem:
     a serial algorithm will be used

     GIPAW projectors -----------------------------------------------
     atom=  C    l=0  rc=    1.3000  rs=    0.8667
     atom=  C    l=0  rc=    1.3000  rs=    0.8667
     atom=  C    l=1  rc=    1.4500  rs=    0.9667
     atom=  C    l=1  rc=    1.4500  rs=    0.9667
     projs nearly linearly dependent: l=0  n1,n2= 1, 2  s=  0.99877758
     projs nearly linearly dependent: l=1  n1,n2= 1, 2  s=  0.99940894
 
     atom=  N    l=0  rc=    1.3000  rs=    0.8667
     atom=  N    l=0  rc=    1.3000  rs=    0.8667
     atom=  N    l=1  rc=    1.4500  rs=    0.9667
     atom=  N    l=1  rc=    1.4500  rs=    0.9667
     projs nearly linearly dependent: l=0  n1,n2= 1, 2  s=  0.99709514
     projs nearly linearly dependent: l=1  n1,n2= 1, 2  s=  0.99857174
 
     atom=  H    l=0  rc=    1.0000  rs=    0.6667
     atom=  H    l=0  rc=    1.0000  rs=    0.6667
     projs nearly linearly dependent: l=0  n1,n2= 1, 2  s=  0.99968852
 
     atom=  O    l=0  rc=    1.3500  rs=    0.9000
     atom=  O    l=0  rc=    1.3500  rs=    0.9000
     atom=  O    l=1  rc=    1.3500  rs=    0.9000
     atom=  O    l=1  rc=    1.3500  rs=    0.9000
     projs nearly linearly dependent: l=0  n1,n2= 1, 2  s=  0.99100135
     projs nearly linearly dependent: l=1  n1,n2= 1, 2  s=  0.99790100
     -----------------------------------------------------------------
 
     alpha_pv=     43.3648 eV
 
     q-space interpolation up to   110.00 Rydberg
 
     GIPAW job: nmr                                                                             
     NMR macroscopic correction: yes
             0.6667          0.0000          0.0000
             0.0000          0.6667          0.0000
             0.0000          0.0000          0.6667

 
     Largest allocated arrays     est. size (Mb)     dimensions
        KS wavefunctions at k           4.73 Mb     (    4629,   67)
        KS wavefunctions at k+q         4.73 Mb     (    4629,   67)
        First-order wavefunctions      47.32 Mb     (    4629,   67, 10)
        First-order wavefunct (US)     28.39 Mb     (    4629,   67,  6)
        Charge/spin density             0.66 Mb     (   86400,    1)
        Induced current                 5.93 Mb     (   86400,    3,3,1)
        Induced magnetic field          5.93 Mb     (   86400,    3,3,1)
        NL pseudopotentials            13.56 Mb     (    4629,  192)
        GIPAW NL terms                 13.56 Mb     (    4629,  192)
 
     Computing the magnetic susceptibility     isolve=0    ethr=  0.1000E-13
     k-point #    1 of    10      pool #  1    cpu time:       5.4
     Rotating WFCS
     Rotating WFCS
     c_bands:  1 eigenvalues not converged
     Rotating WFCS
     c_bands:  1 eigenvalues not converged
     Rotating WFCS
     Rotating WFCS
     Rotating WFCS
     c_bands:  1 eigenvalues not converged
     Rotating WFCS
     c_bands:  1 eigenvalues not converged
     k-point #    2 of    10      pool #  1    cpu time:     447.0
     Rotating WFCS
     c_bands:  1 eigenvalues not converged
     Rotating WFCS
     Rotating WFCS
     c_bands:  1 eigenvalues not converged
     Rotating WFCS
     Rotating WFCS
     Rotating WFCS
     Rotating WFCS
     k-point #    3 of    10      pool #  1    cpu time:     916.7
     Rotating WFCS
     c_bands:  1 eigenvalues not converged
     Rotating WFCS
     c_bands:  1 eigenvalues not converged
     Rotating WFCS
     c_bands:  1 eigenvalues not converged
     Rotating WFCS
     c_bands:  1 eigenvalues not converged
     Rotating WFCS
     Rotating WFCS
     c_bands:  1 eigenvalues not converged
     Rotating WFCS
     c_bands:  1 eigenvalues not converged
     k-point #    4 of    10      pool #  1    cpu time:    1363.8
     Rotating WFCS
     c_bands:  1 eigenvalues not converged
     Rotating WFCS
     Rotating WFCS
     Rotating WFCS
     Rotating WFCS
     Rotating WFCS
     Rotating WFCS
     k-point #    5 of    10      pool #  1    cpu time:    1821.3
     Rotating WFCS
     c_bands:  1 eigenvalues not converged
     Rotating WFCS
     Rotating WFCS
     Rotating WFCS
     Rotating WFCS
     Rotating WFCS
     Rotating WFCS
     k-point #    6 of    10      pool #  1    cpu time:    2301.7
     Rotating WFCS
     Rotating WFCS
     Rotating WFCS
     Rotating WFCS
     Rotating WFCS
     Rotating WFCS
     Rotating WFCS
     k-point #    7 of    10      pool #  1    cpu time:    2770.9
     Rotating WFCS
     c_bands:  1 eigenvalues not converged
     Rotating WFCS
     Rotating WFCS
     Rotating WFCS
     Rotating WFCS
     Rotating WFCS
     Rotating WFCS
     k-point #    8 of    10      pool #  1    cpu time:    3239.6
     Rotating WFCS
     c_bands:  1 eigenvalues not converged
     Rotating WFCS
     Rotating WFCS
     Rotating WFCS
     Rotating WFCS
     Rotating WFCS
     Rotating WFCS
     k-point #    9 of    10      pool #  1    cpu time:    3707.0
     Rotating WFCS
     c_bands:  1 eigenvalues not converged
     Rotating WFCS
     Rotating WFCS
     Rotating WFCS
     Rotating WFCS
     Rotating WFCS
     Rotating WFCS
     k-point #   10 of    10      pool #  1    cpu time:    4177.7
     Rotating WFCS
     Rotating WFCS
     Rotating WFCS
     Rotating WFCS
     Rotating WFCS
     Rotating WFCS
     Rotating WFCS
     End of magnetic susceptibility calculation
 
     f-sum rule (1st term):
          -107.1037          0.0000          0.1356
             0.0000       -107.0453          0.0000
             0.1387          0.0000       -107.1349

     f-sum rule (2nd term):
            -1.8521          0.0000         -0.1356
             0.0000         -1.9088          0.0000
            -0.1387          0.0000         -1.8195

     f-sum rule (should be  -108.9540):
          -108.9557          0.0000         -0.0000
             0.0000       -108.9541          0.0000
             0.0000          0.0000       -108.9544

     chi_bare pGv (HH) in paratec units:
       -29.917320     -0.103386      0.375089
        -0.133317    -31.356793     -0.088874
         0.465987     -0.095439    -28.441590

       -29.917320      0.000000      0.375089
         0.000000    -31.356793      0.000000
         0.465987      0.000000    -28.441590

     chi_bare vGv (VV) in paratec units:
       -29.520343     -0.109913      0.787133
        -0.110267    -33.546243     -0.097019
         0.785089     -0.097356    -29.208924

       -29.520343      0.000000      0.787133
         0.000000    -33.546243      0.000000
         0.785089      0.000000    -29.208924

     chi_bare pGv (HH) in 10^{-6} cm^3/mol:
          -142.1699          0.0000          1.7825
             0.0000       -149.0104          0.0000
             2.2144          0.0000       -135.1571

     chi_bare vGv (VV) in 10^{-6} cm^3/mol:
          -140.2835          0.0000          3.7405
             0.0000       -159.4149          0.0000
             3.7308          0.0000       -138.8036

     Contributions to the NMR chemical shifts: -------------------------------
 
     Macroscopic shape contribution in ppm:                    6.11
             6.1095          0.0000          0.0000
             0.0000          6.4034          0.0000
             0.0000          0.0000          5.8081

 
     Core contribution in ppm:
 
     Atom  1  O   pos: ( -0.001703  0.544063  0.117278)  core sigma:         271.07
     Atom  2  O   pos: (  0.613176  1.084701  1.045930)  core sigma:         271.07
     Atom  3  O   pos: (  0.666531  0.539701  0.937406)  core sigma:         271.07
     Atom  4  O   pos: ( -0.055058 -0.000937  0.225802)  core sigma:         271.07
     Atom  5  O   pos: (  0.501946  0.487372  0.418085)  core sigma:         271.07
     Atom  6  O   pos: (  0.109527  1.028010  0.745123)  core sigma:         271.07
     Atom  7  O   pos: (  0.134571  0.654892  0.535535)  core sigma:         271.07
     Atom  8  O   pos: (  0.476902  0.114253  0.627673)  core sigma:         271.07
     Atom  9  C   pos: (  0.537733  0.540762  1.080216)  core sigma:         200.51
     Atom 10  C   pos: (  0.073740  1.081400  0.082992)  core sigma:         200.51
     Atom 11  C   pos: (  0.308785  0.534622  1.045396)  core sigma:         200.51
     Atom 12  C   pos: (  0.302688  1.075260  0.117813)  core sigma:         200.51
     Atom 13  C   pos: (  0.564615  0.489449  0.039466)  core sigma:         200.51
     Atom 14  C   pos: (  0.046858  1.030087  1.123742)  core sigma:         200.51
     Atom 15  C   pos: (  0.650161  0.442609  0.254930)  core sigma:         200.51
     Atom 16  C   pos: ( -0.038688  0.983247  0.908278)  core sigma:         200.51
     Atom 17  C   pos: (  0.849729  0.574093  0.288997)  core sigma:         200.51
     Atom 18  C   pos: ( -0.238256  0.033454  0.874211)  core sigma:         200.51
     Atom 19  C   pos: ( -0.034491  0.514906  0.489466)  core sigma:         200.51
     Atom 20  C   pos: (  0.645964  1.055545  0.673742)  core sigma:         200.51
     Atom 21  H   pos: (  0.257840  0.561300  0.883876)  core sigma:           0.00
     Atom 22  H   pos: (  0.353633  0.020662  0.279332)  core sigma:           0.00
     Atom 23  H   pos: (  0.393888  0.480535  0.013632)  core sigma:           0.00
     Atom 24  H   pos: (  0.217585  1.021173  1.149576)  core sigma:           0.00
     Atom 25  H   pos: (  0.693095  0.274233  0.260427)  core sigma:           0.00
     Atom 26  H   pos: ( -0.081622  0.814871  0.902782)  core sigma:           0.00
     Atom 27  H   pos: (  0.807720  0.742349  0.291894)  core sigma:           0.00
     Atom 28  H   pos: ( -0.196247  0.201710  0.871314)  core sigma:           0.00
     Atom 29  H   pos: (  0.023218  0.351743  0.475591)  core sigma:           0.00
     Atom 30  H   pos: (  0.588255  0.892381  0.687617)  core sigma:           0.00
     Atom 31  H   pos: ( -0.145664  0.522833  0.620288)  core sigma:           0.00
     Atom 32  H   pos: (  0.757137  1.063471  0.542920)  core sigma:           0.00
     Atom 33  H   pos: (  0.496630  0.362120  0.512049)  core sigma:           0.00
     Atom 34  H   pos: (  0.114843  0.902759  0.651159)  core sigma:           0.00
     Atom 35  H   pos: (  0.262913  0.607979  0.459906)  core sigma:           0.00
     Atom 36  H   pos: (  0.348561  0.067341  0.703302)  core sigma:           0.00
 
     Bare contribution in ppm:
 
     Atom  1  O   pos: ( -0.001703  0.544063  0.117278)  bare sigma:          26.57
             0.4755         -1.6574         29.8461
            -7.7569         53.5437         10.3871
            36.9162         -3.6056         25.6957

     Atom  2  O   pos: (  0.613176  1.084701  1.045930)  bare sigma:          26.57
             0.4755          1.6574         29.8461
             7.7569         53.5437        -10.3871
            36.9162          3.6056         25.6957

     Atom  3  O   pos: (  0.666531  0.539701  0.937406)  bare sigma:         -29.24
           -66.6531         -0.7584         11.2190
            -7.5545         77.1671          2.7280
            14.3265         -5.1482        -98.2380

     Atom  4  O   pos: ( -0.055058 -0.000937  0.225802)  bare sigma:         -29.24
           -66.6531          0.7584         11.2190
             7.5545         77.1671         -2.7280
            14.3265          5.1482        -98.2380

     Atom  5  O   pos: (  0.501946  0.487372  0.418085)  bare sigma:          77.99
            77.5616         -7.0100         -4.6658
            -2.9632         75.2438         -5.4430
            -6.5093         -4.5626         81.1708

     Atom  6  O   pos: (  0.109527  1.028010  0.745123)  bare sigma:          77.99
            77.5616          7.0100         -4.6658
             2.9632         75.2438          5.4430
            -6.5093          4.5626         81.1708

     Atom  7  O   pos: (  0.134571  0.654892  0.535535)  bare sigma:          81.58
            83.2102         -5.6836          1.0122
            -5.1032         86.5669          7.6714
             2.3584          4.7108         74.9777

     Atom  8  O   pos: (  0.476902  0.114253  0.627673)  bare sigma:          81.58
            83.2102          5.6836          1.0122
             5.1032         86.5669         -7.6714
             2.3584         -4.7108         74.9777

     Atom  9  C   pos: (  0.537733  0.540762  1.080216)  bare sigma:         -74.09
           -84.0677         -2.9950        -21.9502
            -4.7459        -47.9930          2.7896
           -28.1310         -1.0161        -90.2012

     Atom 10  C   pos: (  0.073740  1.081400  0.082992)  bare sigma:         -74.09
           -84.0677          2.9950        -21.9502
             4.7459        -47.9930         -2.7896
           -28.1310          1.0161        -90.2012

     Atom 11  C   pos: (  0.308785  0.534622  1.045396)  bare sigma:         -48.45
           -71.4957         -0.1799        -27.6549
             2.5820         -9.6396          4.2950
           -19.6690         10.6475        -64.2140

     Atom 12  C   pos: (  0.302688  1.075260  0.117813)  bare sigma:         -48.45
           -71.4957          0.1799        -27.6549
            -2.5820         -9.6396         -4.2950
           -19.6690        -10.6475        -64.2140

     Atom 13  C   pos: (  0.564615  0.489449  0.039466)  bare sigma:         -70.49
          -118.3144         -3.9541        -24.6085
             0.4681        -12.4219          9.5077
           -13.7372         18.0177        -80.7236

     Atom 14  C   pos: (  0.046858  1.030087  1.123742)  bare sigma:         -70.49
          -118.3144          3.9541        -24.6085
            -0.4681        -12.4219         -9.5077
           -13.7372        -18.0177        -80.7236

     Atom 15  C   pos: (  0.650161  0.442609  0.254930)  bare sigma:         -24.06
           -18.6564         -1.4588        -12.4292
            -4.7356        -38.2677          8.1663
           -14.9000          7.2117        -15.2632

     Atom 16  C   pos: ( -0.038688  0.983247  0.908278)  bare sigma:         -24.06
           -18.6564          1.4588        -12.4292
             4.7356        -38.2677         -8.1663
           -14.9000         -7.2117        -15.2632

     Atom 17  C   pos: (  0.849729  0.574093  0.288997)  bare sigma:         -32.82
           -27.7005         -6.9223        -13.8757
             2.8859        -48.7967          6.3573
            -7.1618          4.0024        -21.9513

     Atom 18  C   pos: ( -0.238256  0.033454  0.874211)  bare sigma:         -32.82
           -27.7005          6.9223        -13.8757
            -2.8859        -48.7967         -6.3573
            -7.1618         -4.0024        -21.9513

     Atom 19  C   pos: ( -0.034491  0.514906  0.489466)  bare sigma:         -22.16
           -15.4666         20.4681         12.4304
            19.9009        -22.4436          2.2686
            11.4877          0.2150        -28.5683

     Atom 20  C   pos: (  0.645964  1.055545  0.673742)  bare sigma:         -22.16
           -15.4666        -20.4681         12.4304
           -19.9009        -22.4436         -2.2686
            11.4877         -0.2150        -28.5683

     Atom 21  H   pos: (  0.257840  0.561300  0.883876)  bare sigma:          16.70
            15.4217         -1.0892         -0.1000
            -0.1479         15.3666         -1.7905
            -1.2012         -1.0794         19.3162

     Atom 22  H   pos: (  0.353633  0.020662  0.279332)  bare sigma:          16.70
            15.4217          1.0892         -0.1000
             0.1479         15.3666          1.7905
            -1.2012          1.0794         19.3162

     Atom 23  H   pos: (  0.393888  0.480535  0.013632)  bare sigma:          15.38
            14.4679          0.5901         -1.1090
             0.5315         15.3561         -0.6391
             0.7588         -0.3852         16.3228

     Atom 24  H   pos: (  0.217585  1.021173  1.149576)  bare sigma:          15.38
            14.4679         -0.5901         -1.1090
            -0.5315         15.3561          0.6391
             0.7588          0.3852         16.3228

     Atom 25  H   pos: (  0.693095  0.274233  0.260427)  bare sigma:          18.05
            17.3443         -2.1526         -2.0495
            -2.5133         19.3268          0.6489
            -2.7908          1.6224         17.4707

     Atom 26  H   pos: ( -0.081622  0.814871  0.902782)  bare sigma:          18.05
            17.3443          2.1526         -2.0495
             2.5133         19.3268         -0.6489
            -2.7908         -1.6224         17.4707

     Atom 27  H   pos: (  0.807720  0.742349  0.291894)  bare sigma:          18.69
            17.6024         -1.4383         -1.6809
             0.1559         19.8847          0.9193
            -1.7598          0.3083         18.5733

     Atom 28  H   pos: ( -0.196247  0.201710  0.871314)  bare sigma:          18.69
            17.6024          1.4383         -1.6809
            -0.1559         19.8847         -0.9193
            -1.7598         -0.3083         18.5733

     Atom 29  H   pos: (  0.023218  0.351743  0.475591)  bare sigma:          19.12
            18.7490          2.8195          1.9920
             1.4217         22.6295         -0.1340
             1.8583         -0.8323         15.9921

     Atom 30  H   pos: (  0.588255  0.892381  0.687617)  bare sigma:          19.12
            18.7490         -2.8195          1.9920
            -1.4217         22.6295          0.1340
             1.8583          0.8323         15.9921

     Atom 31  H   pos: ( -0.145664  0.522833  0.620288)  bare sigma:          18.19
            20.7739          2.8484         -2.5252
             3.4868         13.6535         -0.5806
            -0.5242         -0.2291         20.1331

     Atom 32  H   pos: (  0.757137  1.063471  0.542920)  bare sigma:          18.19
            20.7739         -2.8484         -2.5252
            -3.4868         13.6535          0.5806
            -0.5242          0.2291         20.1331

     Atom 33  H   pos: (  0.496630  0.362120  0.512049)  bare sigma:          16.53
             7.4834          0.1657         -2.6424
             1.5964         25.1635        -14.5512
            -3.0713        -15.1528         16.9476

     Atom 34  H   pos: (  0.114843  0.902759  0.651159)  bare sigma:          16.53
             7.4834         -0.1657         -2.6424
            -1.5964         25.1635         14.5512
            -3.0713         15.1528         16.9476

     Atom 35  H   pos: (  0.262913  0.607979  0.459906)  bare sigma:          16.96
            31.6185         -8.8668         -7.7063
            -8.3189          9.7934          4.4913
            -8.5179          5.5275          9.4533

     Atom 36  H   pos: (  0.348561  0.067341  0.703302)  bare sigma:          16.96
            31.6185          8.8668         -7.7063
             8.3189          9.7934         -4.4913
            -8.5179         -5.5275          9.4533

     Diamagnetic contribution in ppm:
 
     Atom  1  O   pos: ( -0.001703  0.544063  0.117278)  dia sigma:          17.68
            17.4889         -0.1268         -0.2288
            -0.1268         17.0617          0.1334
            -0.2288          0.1334         18.4756

     Atom  2  O   pos: (  0.613176  1.084701  1.045930)  dia sigma:          17.68
            17.4889          0.1268         -0.2288
             0.1268         17.0617         -0.1334
            -0.2288         -0.1334         18.4756

     Atom  3  O   pos: (  0.666531  0.539701  0.937406)  dia sigma:          17.59
            17.2811         -0.0224         -0.5891
            -0.0224         18.0432         -0.0381
            -0.5891         -0.0381         17.4516

     Atom  4  O   pos: ( -0.055058 -0.000937  0.225802)  dia sigma:          17.59
            17.2811          0.0224         -0.5891
             0.0224         18.0432          0.0381
            -0.5891          0.0381         17.4516

     Atom  5  O   pos: (  0.501946  0.487372  0.418085)  dia sigma:          18.00
            17.8498         -0.2324         -0.7883
            -0.2324         17.8423         -0.3142
            -0.7883         -0.3142         18.3148

     Atom  6  O   pos: (  0.109527  1.028010  0.745123)  dia sigma:          18.00
            17.8498          0.2324         -0.7883
             0.2324         17.8423          0.3142
            -0.7883          0.3142         18.3148

     Atom  7  O   pos: (  0.134571  0.654892  0.535535)  dia sigma:          18.09
            18.7678          0.4584         -0.2070
             0.4584         17.9655          0.4199
            -0.2070          0.4199         17.5377

     Atom  8  O   pos: (  0.476902  0.114253  0.627673)  dia sigma:          18.09
            18.7678         -0.4584         -0.2070
            -0.4584         17.9655         -0.4199
            -0.2070         -0.4199         17.5377

     Atom  9  C   pos: (  0.537733  0.540762  1.080216)  dia sigma:           3.92
             3.7444         -0.0067          0.0778
            -0.0067          4.0998         -0.0108
             0.0778         -0.0108          3.9240

     Atom 10  C   pos: (  0.073740  1.081400  0.082992)  dia sigma:           3.92
             3.7444          0.0067          0.0778
             0.0067          4.0998          0.0108
             0.0778          0.0108          3.9240

     Atom 11  C   pos: (  0.308785  0.534622  1.045396)  dia sigma:           4.37
             4.3517         -0.0169          0.0453
            -0.0169          4.4914          0.0510
             0.0453          0.0510          4.2590

     Atom 12  C   pos: (  0.302688  1.075260  0.117813)  dia sigma:           4.37
             4.3517          0.0169          0.0453
             0.0169          4.4914         -0.0510
             0.0453         -0.0510          4.2590

     Atom 13  C   pos: (  0.564615  0.489449  0.039466)  dia sigma:           4.22
             4.0885         -0.0435          0.0477
            -0.0435          4.4329          0.0765
             0.0477          0.0765          4.1302

     Atom 14  C   pos: (  0.046858  1.030087  1.123742)  dia sigma:           4.22
             4.0885          0.0435          0.0477
             0.0435          4.4329         -0.0765
             0.0477         -0.0765          4.1302

     Atom 15  C   pos: (  0.650161  0.442609  0.254930)  dia sigma:           4.14
             4.1900         -0.0209         -0.1294
            -0.0209          4.0189          0.0504
            -0.1294          0.0504          4.2060

     Atom 16  C   pos: ( -0.038688  0.983247  0.908278)  dia sigma:           4.14
             4.1900          0.0209         -0.1294
             0.0209          4.0189         -0.0504
            -0.1294         -0.0504          4.2060

     Atom 17  C   pos: (  0.849729  0.574093  0.288997)  dia sigma:           4.07
             4.1119         -0.0129         -0.1898
            -0.0129          3.9252          0.0480
            -0.1898          0.0480          4.1671

     Atom 18  C   pos: ( -0.238256  0.033454  0.874211)  dia sigma:           4.07
             4.1119          0.0129         -0.1898
             0.0129          3.9252         -0.0480
            -0.1898         -0.0480          4.1671

     Atom 19  C   pos: ( -0.034491  0.514906  0.489466)  dia sigma:           4.19
             4.2624          0.1588          0.0953
             0.1588          4.2095          0.0101
             0.0953          0.0101          4.1002

     Atom 20  C   pos: (  0.645964  1.055545  0.673742)  dia sigma:           4.19
             4.2624         -0.1588          0.0953
            -0.1588          4.2095         -0.0101
             0.0953         -0.0101          4.1002

     Atom 21  H   pos: (  0.257840  0.561300  0.883876)  dia sigma:           1.11
             1.1141         -0.0000         -0.0000
            -0.0000          1.1141          0.0000
            -0.0000          0.0000          1.1141

     Atom 22  H   pos: (  0.353633  0.020662  0.279332)  dia sigma:           1.11
             1.1141          0.0000         -0.0000
             0.0000          1.1141         -0.0000
            -0.0000         -0.0000          1.1141

     Atom 23  H   pos: (  0.393888  0.480535  0.013632)  dia sigma:           1.10
             1.1019         -0.0000         -0.0000
            -0.0000          1.1019          0.0000
            -0.0000          0.0000          1.1019

     Atom 24  H   pos: (  0.217585  1.021173  1.149576)  dia sigma:           1.10
             1.1019          0.0000         -0.0000
             0.0000          1.1019         -0.0000
            -0.0000         -0.0000          1.1019

     Atom 25  H   pos: (  0.693095  0.274233  0.260427)  dia sigma:           1.13
             1.1297         -0.0000         -0.0000
            -0.0000          1.1297          0.0000
            -0.0000          0.0000          1.1297

     Atom 26  H   pos: ( -0.081622  0.814871  0.902782)  dia sigma:           1.13
             1.1297          0.0000         -0.0000
             0.0000          1.1297         -0.0000
            -0.0000         -0.0000          1.1297

     Atom 27  H   pos: (  0.807720  0.742349  0.291894)  dia sigma:           1.14
             1.1391          0.0000         -0.0000
             0.0000          1.1391         -0.0000
            -0.0000         -0.0000          1.1391

     Atom 28  H   pos: ( -0.196247  0.201710  0.871314)  dia sigma:           1.14
             1.1391         -0.0000         -0.0000
            -0.0000          1.1391          0.0000
            -0.0000          0.0000          1.1391

     Atom 29  H   pos: (  0.023218  0.351743  0.475591)  dia sigma:           1.14
             1.1390         -0.0000         -0.0000
            -0.0000          1.1390          0.0000
            -0.0000          0.0000          1.1390

     Atom 30  H   pos: (  0.588255  0.892381  0.687617)  dia sigma:           1.14
             1.1390          0.0000         -0.0000
             0.0000          1.1390         -0.0000
            -0.0000         -0.0000          1.1390

     Atom 31  H   pos: ( -0.145664  0.522833  0.620288)  dia sigma:           1.15
             1.1492          0.0000         -0.0000
             0.0000          1.1492         -0.0000
            -0.0000         -0.0000          1.1492

     Atom 32  H   pos: (  0.757137  1.063471  0.542920)  dia sigma:           1.15
             1.1492         -0.0000         -0.0000
            -0.0000          1.1492          0.0000
            -0.0000          0.0000          1.1492

     Atom 33  H   pos: (  0.496630  0.362120  0.512049)  dia sigma:           0.97
             0.9714         -0.0000         -0.0000
            -0.0000          0.9714          0.0000
            -0.0000          0.0000          0.9714

     Atom 34  H   pos: (  0.114843  0.902759  0.651159)  dia sigma:           0.97
             0.9714          0.0000         -0.0000
             0.0000          0.9714         -0.0000
            -0.0000         -0.0000          0.9714

     Atom 35  H   pos: (  0.262913  0.607979  0.459906)  dia sigma:           0.98
             0.9785          0.0000         -0.0000
             0.0000          0.9785         -0.0000
            -0.0000         -0.0000          0.9785

     Atom 36  H   pos: (  0.348561  0.067341  0.703302)  dia sigma:           0.98
             0.9785         -0.0000         -0.0000
            -0.0000          0.9785          0.0000
            -0.0000          0.0000          0.9785

     Paramagnetic contribution in ppm:
 
     Atom  1  O   pos: ( -0.001703  0.544063  0.117278)  para sigma:         -79.51
          -134.0224         -4.9225         83.3101
           -18.7882        -18.3278         24.0037
            96.8762         -8.6621        -86.1697

     Atom  2  O   pos: (  0.613176  1.084701  1.045930)  para sigma:         -79.51
          -134.0224          4.9225         83.3101
            18.7882        -18.3278        -24.0037
            96.8762          8.6621        -86.1697

     Atom  3  O   pos: (  0.666531  0.539701  0.937406)  para sigma:        -206.16
          -275.3966         -2.9041          7.0310
           -18.9547         24.7883          6.7325
            25.9922        -11.3959       -367.8628

     Atom  4  O   pos: ( -0.055058 -0.000937  0.225802)  para sigma:        -206.16
          -275.3966          2.9041          7.0310
            18.9547         24.7883         -6.7325
            25.9922         11.3959       -367.8628

     Atom  5  O   pos: (  0.501946  0.487372  0.418085)  para sigma:          31.98
            19.0206        -13.6191         -2.6941
            -5.2546         39.1292        -20.2575
            -5.4636        -16.7704         37.7828

     Atom  6  O   pos: (  0.109527  1.028010  0.745123)  para sigma:          31.98
            19.0206         13.6191         -2.6941
             5.2546         39.1292         20.2575
            -5.4636         16.7704         37.7828

     Atom  7  O   pos: (  0.134571  0.654892  0.535535)  para sigma:          41.32
            43.5112        -23.7960         -7.5508
           -21.6005         51.1718         15.1590
            -4.0774          6.7962         29.2705

     Atom  8  O   pos: (  0.476902  0.114253  0.627673)  para sigma:          41.32
            43.5112         23.7960         -7.5508
            21.6005         51.1718        -15.1590
            -4.0774         -6.7962         29.2705

     Atom  9  C   pos: (  0.537733  0.540762  1.080216)  para sigma:        -118.81
          -128.1278         -2.9643        -21.3876
            -4.9107        -83.5837          1.5055
           -26.9571         -0.9896       -144.7191

     Atom 10  C   pos: (  0.073740  1.081400  0.082992)  para sigma:        -118.81
          -128.1278          2.9643        -21.3876
             4.9107        -83.5837         -1.5055
           -26.9571          0.9896       -144.7191

     Atom 11  C   pos: (  0.308785  0.534622  1.045396)  para sigma:        -102.08
          -127.9165          0.6708        -30.6764
             3.4891        -59.7566          4.4205
           -22.3565         11.3612       -118.5575

     Atom 12  C   pos: (  0.302688  1.075260  0.117813)  para sigma:        -102.08
          -127.9165         -0.6708        -30.6764
            -3.4891        -59.7566         -4.4205
           -22.3565        -11.3612       -118.5575

     Atom 13  C   pos: (  0.564615  0.489449  0.039466)  para sigma:        -124.12
          -171.2927         -4.0730        -27.3993
            -0.1261        -63.3809         10.3433
           -19.2875         18.9030       -137.6769

     Atom 14  C   pos: (  0.046858  1.030087  1.123742)  para sigma:        -124.12
          -171.2927          4.0730        -27.3993
             0.1261        -63.3809        -10.3433
           -19.2875        -18.9030       -137.6769

     Atom 15  C   pos: (  0.650161  0.442609  0.254930)  para sigma:         -72.86
           -70.8484         -2.5515         -4.8279
            -6.4052        -78.7209          7.8053
            -6.5508          7.1410        -69.0012

     Atom 16  C   pos: ( -0.038688  0.983247  0.908278)  para sigma:         -72.86
           -70.8484          2.5515         -4.8279
             6.4052        -78.7209         -7.8053
            -6.5508         -7.1410        -69.0012

     Atom 17  C   pos: (  0.849729  0.574093  0.288997)  para sigma:         -82.13
           -79.6161         -8.1586         -9.8913
             1.0856        -89.7205          3.7202
            -3.4509          3.6042        -77.0424

     Atom 18  C   pos: ( -0.238256  0.033454  0.874211)  para sigma:         -82.13
           -79.6161          8.1586         -9.8913
            -1.0856        -89.7205         -3.7202
            -3.4509         -3.6042        -77.0424

     Atom 19  C   pos: ( -0.034491  0.514906  0.489466)  para sigma:         -72.53
           -70.9147         11.6551          8.0872
            11.0367        -70.9398          0.8475
             5.9103         -1.0558        -75.7268

     Atom 20  C   pos: (  0.645964  1.055545  0.673742)  para sigma:         -72.53
           -70.9147        -11.6551          8.0872
           -11.0367        -70.9398         -0.8475
             5.9103          1.0558        -75.7268

     Atom 21  H   pos: (  0.257840  0.561300  0.883876)  para sigma:           0.00
             0.0000          0.0000          0.0000
             0.0000          0.0000          0.0000
             0.0000          0.0000          0.0000

     Atom 22  H   pos: (  0.353633  0.020662  0.279332)  para sigma:           0.00
             0.0000          0.0000          0.0000
             0.0000          0.0000          0.0000
             0.0000          0.0000          0.0000

     Atom 23  H   pos: (  0.393888  0.480535  0.013632)  para sigma:           0.00
             0.0000          0.0000          0.0000
             0.0000          0.0000          0.0000
             0.0000          0.0000          0.0000

     Atom 24  H   pos: (  0.217585  1.021173  1.149576)  para sigma:           0.00
             0.0000          0.0000          0.0000
             0.0000          0.0000          0.0000
             0.0000          0.0000          0.0000

     Atom 25  H   pos: (  0.693095  0.274233  0.260427)  para sigma:           0.00
             0.0000          0.0000          0.0000
             0.0000          0.0000          0.0000
             0.0000          0.0000          0.0000

     Atom 26  H   pos: ( -0.081622  0.814871  0.902782)  para sigma:           0.00
             0.0000          0.0000          0.0000
             0.0000          0.0000          0.0000
             0.0000          0.0000          0.0000

     Atom 27  H   pos: (  0.807720  0.742349  0.291894)  para sigma:           0.00
             0.0000          0.0000          0.0000
             0.0000          0.0000          0.0000
             0.0000          0.0000          0.0000

     Atom 28  H   pos: ( -0.196247  0.201710  0.871314)  para sigma:           0.00
             0.0000          0.0000          0.0000
             0.0000          0.0000          0.0000
             0.0000          0.0000          0.0000

     Atom 29  H   pos: (  0.023218  0.351743  0.475591)  para sigma:           0.00
             0.0000          0.0000          0.0000
             0.0000          0.0000          0.0000
             0.0000          0.0000          0.0000

     Atom 30  H   pos: (  0.588255  0.892381  0.687617)  para sigma:           0.00
             0.0000          0.0000          0.0000
             0.0000          0.0000          0.0000
             0.0000          0.0000          0.0000

     Atom 31  H   pos: ( -0.145664  0.522833  0.620288)  para sigma:           0.00
             0.0000          0.0000          0.0000
             0.0000          0.0000          0.0000
             0.0000          0.0000          0.0000

     Atom 32  H   pos: (  0.757137  1.063471  0.542920)  para sigma:           0.00
             0.0000          0.0000          0.0000
             0.0000          0.0000          0.0000
             0.0000          0.0000          0.0000

     Atom 33  H   pos: (  0.496630  0.362120  0.512049)  para sigma:           0.00
             0.0000          0.0000          0.0000
             0.0000          0.0000          0.0000
             0.0000          0.0000          0.0000

     Atom 34  H   pos: (  0.114843  0.902759  0.651159)  para sigma:           0.00
             0.0000          0.0000          0.0000
             0.0000          0.0000          0.0000
             0.0000          0.0000          0.0000

     Atom 35  H   pos: (  0.262913  0.607979  0.459906)  para sigma:           0.00
             0.0000          0.0000          0.0000
             0.0000          0.0000          0.0000
             0.0000          0.0000          0.0000

     Atom 36  H   pos: (  0.348561  0.067341  0.703302)  para sigma:           0.00
             0.0000          0.0000          0.0000
             0.0000          0.0000          0.0000
             0.0000          0.0000          0.0000

     Paramagnetic US occ-occ contribution in ppm:
 
     Atom  1  O   pos: ( -0.001703  0.544063  0.117278)  para_oo sigma:          -0.78
            -2.7681          0.0440         -0.9568
            -0.1120          1.0203         -0.0720
             0.2817         -0.0839         -0.6007

     Atom  2  O   pos: (  0.613176  1.084701  1.045930)  para_oo sigma:          -0.78
            -2.7681         -0.0440         -0.9568
             0.1120          1.0203          0.0720
             0.2817          0.0839         -0.6007

     Atom  3  O   pos: (  0.666531  0.539701  0.937406)  para_oo sigma:          -2.71
            -7.2036         -0.1713          1.1347
            -0.1891         -0.1499         -0.0443
            -2.3723         -0.1032         -0.7906

     Atom  4  O   pos: ( -0.055058 -0.000937  0.225802)  para_oo sigma:          -2.71
            -7.2036          0.1713          1.1347
             0.1891         -0.1499          0.0443
            -2.3723          0.1032         -0.7906

     Atom  5  O   pos: (  0.501946  0.487372  0.418085)  para_oo sigma:          -0.42
            -0.5871          0.1114          0.3179
             0.0481         -0.2166         -0.1411
             0.2564         -0.2486         -0.4488

     Atom  6  O   pos: (  0.109527  1.028010  0.745123)  para_oo sigma:          -0.42
            -0.5871         -0.1114          0.3179
            -0.0481         -0.2166          0.1411
             0.2564          0.2486         -0.4488

     Atom  7  O   pos: (  0.134571  0.654892  0.535535)  para_oo sigma:          -0.42
            -0.3873         -0.3990         -0.0945
            -0.4624         -0.6023          0.0343
            -0.0189          0.0806         -0.2666

     Atom  8  O   pos: (  0.476902  0.114253  0.627673)  para_oo sigma:          -0.42
            -0.3873          0.3990         -0.0945
             0.4624         -0.6023         -0.0343
            -0.0189         -0.0806         -0.2666

     Atom  9  C   pos: (  0.537733  0.540762  1.080216)  para_oo sigma:          -1.65
            -2.2445         -0.0504         -0.7907
            -0.0195         -1.2216         -0.0440
            -0.7465         -0.0185         -1.4957

     Atom 10  C   pos: (  0.073740  1.081400  0.082992)  para_oo sigma:          -1.65
            -2.2445          0.0504         -0.7907
             0.0195         -1.2216          0.0440
            -0.7465          0.0185         -1.4957

     Atom 11  C   pos: (  0.308785  0.534622  1.045396)  para_oo sigma:          -0.53
            -0.6488          0.0184         -0.3112
             0.0496         -0.0839         -0.0154
            -0.3267          0.0633         -0.8470

     Atom 12  C   pos: (  0.302688  1.075260  0.117813)  para_oo sigma:          -0.53
            -0.6488         -0.0184         -0.3112
            -0.0496         -0.0839          0.0154
            -0.3267         -0.0633         -0.8470

     Atom 13  C   pos: (  0.564615  0.489449  0.039466)  para_oo sigma:          -0.22
            -0.4956          0.0421         -0.2606
             0.1108         -0.0110          0.0479
            -0.1552          0.0209         -0.1567

     Atom 14  C   pos: (  0.046858  1.030087  1.123742)  para_oo sigma:          -0.22
            -0.4956         -0.0421         -0.2606
            -0.1108         -0.0110         -0.0479
            -0.1552         -0.0209         -0.1567

     Atom 15  C   pos: (  0.650161  0.442609  0.254930)  para_oo sigma:          -0.12
            -0.1247         -0.0146          0.0549
            -0.0053         -0.1490          0.0687
             0.0097          0.0356         -0.0756

     Atom 16  C   pos: ( -0.038688  0.983247  0.908278)  para_oo sigma:          -0.12
            -0.1247          0.0146          0.0549
             0.0053         -0.1490         -0.0687
             0.0097         -0.0356         -0.0756

     Atom 17  C   pos: (  0.849729  0.574093  0.288997)  para_oo sigma:          -0.05
            -0.0285         -0.1621         -0.0304
            -0.0959         -0.0794         -0.0105
            -0.0722         -0.0100         -0.0526

     Atom 18  C   pos: ( -0.238256  0.033454  0.874211)  para_oo sigma:          -0.05
            -0.0285          0.1621         -0.0304
             0.0959         -0.0794          0.0105
            -0.0722          0.0100         -0.0526

     Atom 19  C   pos: ( -0.034491  0.514906  0.489466)  para_oo sigma:          -0.10
            -0.1923          0.0730          0.0418
             0.0567         -0.0449         -0.0747
             0.0252         -0.0418         -0.0754

     Atom 20  C   pos: (  0.645964  1.055545  0.673742)  para_oo sigma:          -0.10
            -0.1923         -0.0730          0.0418
            -0.0567         -0.0449          0.0747
             0.0252          0.0418         -0.0754

     Atom 21  H   pos: (  0.257840  0.561300  0.883876)  para_oo sigma:           0.00
             0.0000          0.0000          0.0000
             0.0000          0.0000          0.0000
             0.0000          0.0000          0.0000

     Atom 22  H   pos: (  0.353633  0.020662  0.279332)  para_oo sigma:           0.00
             0.0000          0.0000          0.0000
             0.0000          0.0000          0.0000
             0.0000          0.0000          0.0000

     Atom 23  H   pos: (  0.393888  0.480535  0.013632)  para_oo sigma:           0.00
             0.0000          0.0000          0.0000
             0.0000          0.0000          0.0000
             0.0000          0.0000          0.0000

     Atom 24  H   pos: (  0.217585  1.021173  1.149576)  para_oo sigma:           0.00
             0.0000          0.0000          0.0000
             0.0000          0.0000          0.0000
             0.0000          0.0000          0.0000

     Atom 25  H   pos: (  0.693095  0.274233  0.260427)  para_oo sigma:           0.00
             0.0000          0.0000          0.0000
             0.0000          0.0000          0.0000
             0.0000          0.0000          0.0000

     Atom 26  H   pos: ( -0.081622  0.814871  0.902782)  para_oo sigma:           0.00
             0.0000          0.0000          0.0000
             0.0000          0.0000          0.0000
             0.0000          0.0000          0.0000

     Atom 27  H   pos: (  0.807720  0.742349  0.291894)  para_oo sigma:           0.00
             0.0000          0.0000          0.0000
             0.0000          0.0000          0.0000
             0.0000          0.0000          0.0000

     Atom 28  H   pos: ( -0.196247  0.201710  0.871314)  para_oo sigma:           0.00
             0.0000          0.0000          0.0000
             0.0000          0.0000          0.0000
             0.0000          0.0000          0.0000

     Atom 29  H   pos: (  0.023218  0.351743  0.475591)  para_oo sigma:           0.00
             0.0000          0.0000          0.0000
             0.0000          0.0000          0.0000
             0.0000          0.0000          0.0000

     Atom 30  H   pos: (  0.588255  0.892381  0.687617)  para_oo sigma:           0.00
             0.0000          0.0000          0.0000
             0.0000          0.0000          0.0000
             0.0000          0.0000          0.0000

     Atom 31  H   pos: ( -0.145664  0.522833  0.620288)  para_oo sigma:           0.00
             0.0000          0.0000          0.0000
             0.0000          0.0000          0.0000
             0.0000          0.0000          0.0000

     Atom 32  H   pos: (  0.757137  1.063471  0.542920)  para_oo sigma:           0.00
             0.0000          0.0000          0.0000
             0.0000          0.0000          0.0000
             0.0000          0.0000          0.0000

     Atom 33  H   pos: (  0.496630  0.362120  0.512049)  para_oo sigma:           0.00
             0.0000          0.0000          0.0000
             0.0000          0.0000          0.0000
             0.0000          0.0000          0.0000

     Atom 34  H   pos: (  0.114843  0.902759  0.651159)  para_oo sigma:           0.00
             0.0000          0.0000          0.0000
             0.0000          0.0000          0.0000
             0.0000          0.0000          0.0000

     Atom 35  H   pos: (  0.262913  0.607979  0.459906)  para_oo sigma:           0.00
             0.0000          0.0000          0.0000
             0.0000          0.0000          0.0000
             0.0000          0.0000          0.0000

     Atom 36  H   pos: (  0.348561  0.067341  0.703302)  para_oo sigma:           0.00
             0.0000          0.0000          0.0000
             0.0000          0.0000          0.0000
             0.0000          0.0000          0.0000

     Paramagnetic US L_R Q_R contribution in ppm:
 
     Atom  1  O   pos: ( -0.001703  0.544063  0.117278)  para_lq sigma:        -147.28
          -155.7466          1.8104          3.6431
             1.0694       -130.2836         -1.3129
             7.5526         -1.5035       -155.8136

     Atom  2  O   pos: (  0.613176  1.084701  1.045930)  para_lq sigma:        -147.28
          -155.7466         -1.8104          3.6431
            -1.0694       -130.2836          1.3129
             7.5526          1.5035       -155.8136

     Atom  3  O   pos: (  0.666531  0.539701  0.937406)  para_lq sigma:        -156.69
          -167.7846          0.6314         22.3558
             0.0183       -134.9420         -1.4089
            15.5766         -0.8654       -167.3478

     Atom  4  O   pos: ( -0.055058 -0.000937  0.225802)  para_lq sigma:        -156.69
          -167.7846         -0.6314         22.3558
            -0.0183       -134.9420          1.4089
            15.5766          0.8654       -167.3478

     Atom  5  O   pos: (  0.501946  0.487372  0.418085)  para_lq sigma:        -138.50
          -133.4616          4.0357          5.3099
             4.7140       -143.7405          7.5546
             5.0906          7.1499       -138.3123

     Atom  6  O   pos: (  0.109527  1.028010  0.745123)  para_lq sigma:        -138.50
          -133.4616         -4.0357          5.3099
            -4.7140       -143.7405         -7.5546
             5.0906         -7.1499       -138.3123

     Atom  7  O   pos: (  0.134571  0.654892  0.535535)  para_lq sigma:        -137.61
          -143.7133         -0.6561          5.8907
            -0.4666       -136.3809         -7.7529
             6.1792         -7.6491       -132.7271

     Atom  8  O   pos: (  0.476902  0.114253  0.627673)  para_lq sigma:        -137.61
          -143.7133          0.6561          5.8907
             0.4666       -136.3809          7.7529
             6.1792          7.6491       -132.7271

     Atom  9  C   pos: (  0.537733  0.540762  1.080216)  para_lq sigma:         -16.62
           -17.8485         -0.2472         -4.5409
             0.0456        -13.7742         -0.3891
            -4.4920         -0.1798        -18.2223

     Atom 10  C   pos: (  0.073740  1.081400  0.082992)  para_lq sigma:         -16.62
           -17.8485          0.2472         -4.5409
            -0.0456        -13.7742          0.3891
            -4.4920          0.1798        -18.2223

     Atom 11  C   pos: (  0.308785  0.534622  1.045396)  para_lq sigma:         -13.32
           -14.5527          0.1444         -1.9428
             0.0565        -11.1413          0.4166
            -1.2172          0.3804        -14.2540

     Atom 12  C   pos: (  0.302688  1.075260  0.117813)  para_lq sigma:         -13.32
           -14.5527         -0.1444         -1.9428
            -0.0565        -11.1413         -0.4166
            -1.2172         -0.3804        -14.2540

     Atom 13  C   pos: (  0.564615  0.489449  0.039466)  para_lq sigma:         -13.15
           -15.5907          0.1436         -2.0277
            -0.2575        -11.2838          0.6303
            -0.3592          0.3164        -12.5754

     Atom 14  C   pos: (  0.046858  1.030087  1.123742)  para_lq sigma:         -13.15
           -15.5907         -0.1436         -2.0277
             0.2575        -11.2838         -0.6303
            -0.3592         -0.3164        -12.5754

     Atom 15  C   pos: (  0.650161  0.442609  0.254930)  para_lq sigma:         -11.23
           -11.3533          0.2627          1.0587
             0.1927        -10.8382          0.1422
             0.7507          0.0865        -11.5048

     Atom 16  C   pos: ( -0.038688  0.983247  0.908278)  para_lq sigma:         -11.23
           -11.3533         -0.2627          1.0587
            -0.1927        -10.8382         -0.1422
             0.7507         -0.0865        -11.5048

     Atom 17  C   pos: (  0.849729  0.574093  0.288997)  para_lq sigma:         -11.61
           -11.4886         -0.5666          1.0075
             0.1261        -11.4915         -0.1470
             1.0635         -0.1373        -11.8363

     Atom 18  C   pos: ( -0.238256  0.033454  0.874211)  para_lq sigma:         -11.61
           -11.4886          0.5666          1.0075
            -0.1261        -11.4915          0.1470
             1.0635          0.1373        -11.8363

     Atom 19  C   pos: ( -0.034491  0.514906  0.489466)  para_lq sigma:         -10.99
           -11.5577         -0.7173         -0.1106
            -0.8123        -11.1241         -0.4477
            -0.1923         -0.3005        -10.2902

     Atom 20  C   pos: (  0.645964  1.055545  0.673742)  para_lq sigma:         -10.99
           -11.5577          0.7173         -0.1106
             0.8123        -11.1241          0.4477
            -0.1923          0.3005        -10.2902

     Atom 21  H   pos: (  0.257840  0.561300  0.883876)  para_lq sigma:           0.00
             0.0000          0.0000          0.0000
             0.0000          0.0000          0.0000
             0.0000          0.0000          0.0000

     Atom 22  H   pos: (  0.353633  0.020662  0.279332)  para_lq sigma:           0.00
             0.0000          0.0000          0.0000
             0.0000          0.0000          0.0000
             0.0000          0.0000          0.0000

     Atom 23  H   pos: (  0.393888  0.480535  0.013632)  para_lq sigma:           0.00
             0.0000          0.0000          0.0000
             0.0000          0.0000          0.0000
             0.0000          0.0000          0.0000

     Atom 24  H   pos: (  0.217585  1.021173  1.149576)  para_lq sigma:           0.00
             0.0000          0.0000          0.0000
             0.0000          0.0000          0.0000
             0.0000          0.0000          0.0000

     Atom 25  H   pos: (  0.693095  0.274233  0.260427)  para_lq sigma:           0.00
             0.0000          0.0000          0.0000
             0.0000          0.0000          0.0000
             0.0000          0.0000          0.0000

     Atom 26  H   pos: ( -0.081622  0.814871  0.902782)  para_lq sigma:           0.00
             0.0000          0.0000          0.0000
             0.0000          0.0000          0.0000
             0.0000          0.0000          0.0000

     Atom 27  H   pos: (  0.807720  0.742349  0.291894)  para_lq sigma:           0.00
             0.0000          0.0000          0.0000
             0.0000          0.0000          0.0000
             0.0000          0.0000          0.0000

     Atom 28  H   pos: ( -0.196247  0.201710  0.871314)  para_lq sigma:           0.00
             0.0000          0.0000          0.0000
             0.0000          0.0000          0.0000
             0.0000          0.0000          0.0000

     Atom 29  H   pos: (  0.023218  0.351743  0.475591)  para_lq sigma:           0.00
             0.0000          0.0000          0.0000
             0.0000          0.0000          0.0000
             0.0000          0.0000          0.0000

     Atom 30  H   pos: (  0.588255  0.892381  0.687617)  para_lq sigma:           0.00
             0.0000          0.0000          0.0000
             0.0000          0.0000          0.0000
             0.0000          0.0000          0.0000

     Atom 31  H   pos: ( -0.145664  0.522833  0.620288)  para_lq sigma:           0.00
             0.0000          0.0000          0.0000
             0.0000          0.0000          0.0000
             0.0000          0.0000          0.0000

     Atom 32  H   pos: (  0.757137  1.063471  0.542920)  para_lq sigma:           0.00
             0.0000          0.0000          0.0000
             0.0000          0.0000          0.0000
             0.0000          0.0000          0.0000

     Atom 33  H   pos: (  0.496630  0.362120  0.512049)  para_lq sigma:           0.00
             0.0000          0.0000          0.0000
             0.0000          0.0000          0.0000
             0.0000          0.0000          0.0000

     Atom 34  H   pos: (  0.114843  0.902759  0.651159)  para_lq sigma:           0.00
             0.0000          0.0000          0.0000
             0.0000          0.0000          0.0000
             0.0000          0.0000          0.0000

     Atom 35  H   pos: (  0.262913  0.607979  0.459906)  para_lq sigma:           0.00
             0.0000          0.0000          0.0000
             0.0000          0.0000          0.0000
             0.0000          0.0000          0.0000

     Atom 36  H   pos: (  0.348561  0.067341  0.703302)  para_lq sigma:           0.00
             0.0000          0.0000          0.0000
             0.0000          0.0000          0.0000
             0.0000          0.0000          0.0000

 
     Total NMR chemical shifts in ppm: ---------------------------------------
     (adopting the Simpson convention for anisotropy and asymmetry)-----------
 
     Atom  1  O   pos: ( -0.001703  0.544063  0.117278)  Total sigma:          93.86
             2.6118         -4.8523        115.6137
           -25.7145        200.4926         33.1393
           141.3979        -13.7215         78.4703

     O    1    anisotropy:   -282.61    eta:   -0.1444
     O    1    sigma_11=    174.46    axis=(  0.595233  0.050352  0.801974)
     O    1    sigma_22=    201.67    axis=( -0.079062  0.996862 -0.003908)
     O    1    sigma_33=    -94.55    axis=(  0.799654  0.061079 -0.597346)
 
     Atom  2  O   pos: (  0.613176  1.084701  1.045930)  Total sigma:          93.86
             2.6118          4.8523        115.6137
            25.7145        200.4926        -33.1393
           141.3979         13.7215         78.4703

     O    2    anisotropy:   -282.61    eta:   -0.1444
     O    2    sigma_11=    174.46    axis=(  0.595233 -0.050352  0.801974)
     O    2    sigma_22=    201.67    axis=( -0.079062 -0.996862 -0.003908)
     O    2    sigma_33=    -94.55    axis=( -0.799654  0.061079  0.597346)
 
     Atom  3  O   pos: (  0.666531  0.539701  0.937406)  Total sigma:        -100.03
          -222.5723         -3.2249         41.1515
           -26.7023        262.3850          7.9692
            52.9338        -17.5508       -339.9045

     O    3    anisotropy:    544.41    eta:   -0.4129
     O    3    sigma_11=   -206.57    axis=( -0.942878 -0.033472 -0.331452)
     O    3    sigma_22=   -356.44    axis=( -0.331615 -0.000715  0.943415)
     O    3    sigma_33=    262.91    axis=( -0.031815  0.999439 -0.010426)
 
     Atom  4  O   pos: ( -0.055058 -0.000937  0.225802)  Total sigma:        -100.03
          -222.5723          3.2249         41.1515
            26.7023        262.3850         -7.9692
            52.9338         17.5508       -339.9045

     O    4    anisotropy:    544.41    eta:   -0.4129
     O    4    sigma_11=   -206.57    axis=(  0.942878 -0.033472  0.331452)
     O    4    sigma_22=   -356.44    axis=( -0.331615  0.000715  0.943415)
     O    4    sigma_33=    262.91    axis=( -0.031815 -0.999439 -0.010426)
 
     Atom  5  O   pos: (  0.501946  0.487372  0.418085)  Total sigma:         266.23
           257.5677        -16.7144         -2.5204
            -3.6881        265.7365        -18.6013
            -7.4143        -14.7460        275.3904

     O    5    anisotropy:    -33.36    eta:   -0.9662
     O    5    sigma_11=    266.61    axis=(  0.766729 -0.462785 -0.444922)
     O    5    sigma_22=    288.09    axis=(  0.079734 -0.619042  0.781300)
     O    5    sigma_33=    243.99    axis=(  0.637000  0.634521  0.437738)
 
     Atom  6  O   pos: (  0.109527  1.028010  0.745123)  Total sigma:         266.23
           257.5677         16.7144         -2.5204
             3.6881        265.7365         18.6013
            -7.4143         14.7460        275.3904

     O    6    anisotropy:    -33.36    eta:   -0.9662
     O    6    sigma_11=    266.61    axis=(  0.766729  0.462785 -0.444922)
     O    6    sigma_22=    288.09    axis=(  0.079734  0.619042  0.781300)
     O    6    sigma_33=    243.99    axis=( -0.637000  0.634521 -0.437738)
 
     Atom  7  O   pos: (  0.134571  0.654892  0.535535)  Total sigma:         280.15
           278.5730        -30.0763         -0.9495
           -27.1743        296.1993         15.5318
             4.2343          4.3583        265.6753

     O    7    anisotropy:     57.21    eta:   -0.4218
     O    7    sigma_11=    269.12    axis=( -0.492982 -0.211176 -0.844022)
     O    7    sigma_22=    253.03    axis=( -0.652323 -0.552206  0.519176)
     O    7    sigma_33=    318.29    axis=( -0.575712  0.806519  0.134472)
 
     Atom  8  O   pos: (  0.476902  0.114253  0.627673)  Total sigma:         280.15
           278.5730         30.0763         -0.9495
            27.1743        296.1993        -15.5318
             4.2343         -4.3583        265.6753

     O    8    anisotropy:     57.21    eta:   -0.4218
     O    8    sigma_11=    269.12    axis=(  0.492982 -0.211176  0.844022)
     O    8    sigma_22=    253.03    axis=( -0.652323  0.552206  0.519176)
     O    8    sigma_33=    318.29    axis=( -0.575712 -0.806519  0.134472)
 
     Atom  9  C   pos: (  0.537733  0.540762  1.080216)  Total sigma:          -0.63
           -21.9246         -6.2636        -48.5916
            -9.6373         64.4407          3.8511
           -60.2488         -2.2148        -44.3962

     C    9    anisotropy:   -132.34    eta:   -0.5012
     C    9    sigma_11=     21.38    axis=( -0.762358 -0.152689  0.628885)
     C    9    sigma_22=     65.60    axis=(  0.136203 -0.987858 -0.074735)
     C    9    sigma_33=    -88.85    axis=(  0.632660  0.028681  0.773898)
 
     Atom 10  C   pos: (  0.073740  1.081400  0.082992)  Total sigma:          -0.63
           -21.9246          6.2636        -48.5916
             9.6373         64.4407         -3.8511
           -60.2488          2.2148        -44.3962

     C   10    anisotropy:   -132.34    eta:   -0.5012
     C   10    sigma_11=     21.38    axis=(  0.762358 -0.152689 -0.628885)
     C   10    sigma_22=     65.60    axis=(  0.136203  0.987858 -0.074735)
     C   10    sigma_33=    -88.85    axis=(  0.632660 -0.028681  0.773898)
 
     Atom 11  C   pos: (  0.308785  0.534622  1.045396)  Total sigma:          46.62
            -3.6425          0.6368        -60.5400
             6.1603        130.7833          9.1677
           -43.5240         22.5036         12.7047

     C   11    anisotropy:   -143.52    eta:   -0.8051
     C   11    sigma_11=     55.94    axis=( -0.656530 -0.127486  0.743449)
     C   11    sigma_22=    132.97    axis=(  0.029932 -0.989241 -0.143202)
     C   11    sigma_33=    -49.07    axis=( -0.753706  0.071764 -0.653282)
 
     Atom 12  C   pos: (  0.302688  1.075260  0.117813)  Total sigma:          46.62
            -3.6425         -0.6368        -60.5400
            -6.1603        130.7833         -9.1677
           -43.5240        -22.5036         12.7047

     C   12    anisotropy:   -143.52    eta:   -0.8051
     C   12    sigma_11=     55.94    axis=( -0.656530  0.127486  0.743449)
     C   12    sigma_22=    132.97    axis=(  0.029932  0.989241 -0.143202)
     C   12    sigma_33=    -49.07    axis=(  0.753706  0.071764  0.653282)
 
     Atom 13  C   pos: (  0.564615  0.489449  0.039466)  Total sigma:           2.86
           -94.9854         -7.8848        -54.2485
             0.1519        124.2488         20.6057
           -33.4914         37.3345        -20.6842

     C   13    anisotropy:    191.47    eta:   -0.8567
     C   13    sigma_11=     -6.28    axis=( -0.426326 -0.208006  0.880329)
     C   13    sigma_22=   -115.64    axis=( -0.902811  0.037187 -0.428427)
     C   13    sigma_33=    130.51    axis=(  0.056379 -0.977420 -0.203644)
 
     Atom 14  C   pos: (  0.046858  1.030087  1.123742)  Total sigma:           2.86
           -94.9854          7.8848        -54.2485
            -0.1519        124.2488        -20.6057
           -33.4914        -37.3345        -20.6842

     C   14    anisotropy:    191.47    eta:   -0.8567
     C   14    sigma_11=     -6.28    axis=( -0.426326  0.208006  0.880329)
     C   14    sigma_22=   -115.64    axis=(  0.902811  0.037187  0.428427)
     C   14    sigma_33=    130.51    axis=(  0.056379  0.977420 -0.203644)
 
     Atom 15  C   pos: (  0.650161  0.442609  0.254930)  Total sigma:         102.49
           109.8267         -3.7829        -16.2729
           -10.9743         82.9566         16.2328
           -20.8198         14.5252        114.6792

     C   15    anisotropy:     50.39    eta:   -0.5337
     C   15    sigma_11=     94.65    axis=(  0.796077  0.232466  0.558767)
     C   15    sigma_22=     76.72    axis=(  0.005246 -0.925900  0.377731)
     C   15    sigma_33=    136.08    axis=( -0.605173  0.297772  0.738308)
 
     Atom 16  C   pos: ( -0.038688  0.983247  0.908278)  Total sigma:         102.49
           109.8267          3.7829        -16.2729
            10.9743         82.9566        -16.2328
           -20.8198        -14.5252        114.6792

     C   16    anisotropy:     50.39    eta:   -0.5337
     C   16    sigma_11=     94.65    axis=(  0.796077 -0.232466  0.558767)
     C   16    sigma_22=     76.72    axis=( -0.005246 -0.925900 -0.377731)
     C   16    sigma_33=    136.08    axis=( -0.605173 -0.297772  0.738308)
 
     Atom 17  C   pos: (  0.849729  0.574093  0.288997)  Total sigma:          84.08
            91.8976        -15.8226        -22.9797
             3.9887         60.7505          9.9681
            -9.8111          7.5073         99.6026

     C   17    anisotropy:     45.85    eta:   -0.6632
     C   17    sigma_11=     78.94    axis=( -0.790361 -0.036674 -0.611542)
     C   17    sigma_22=     58.67    axis=(  0.088915  0.980771 -0.173731)
     C   17    sigma_33=    114.65    axis=( -0.606154  0.191685  0.771903)
 
     Atom 18  C   pos: ( -0.238256  0.033454  0.874211)  Total sigma:          84.08
            91.8976         15.8226        -22.9797
            -3.9887         60.7505         -9.9681
            -9.8111         -7.5073         99.6026

     C   18    anisotropy:     45.85    eta:   -0.6632
     C   18    sigma_11=     78.94    axis=(  0.790361 -0.036674  0.611542)
     C   18    sigma_22=     58.67    axis=(  0.088915 -0.980771 -0.173731)
     C   18    sigma_33=    114.65    axis=( -0.606154 -0.191685  0.771903)
 
     Atom 19  C   pos: ( -0.034491  0.514906  0.489466)  Total sigma:         105.03
           112.7506         31.6377         20.5440
            30.3407        106.5704          2.6038
            17.3263         -1.1729         95.7575

     C   19    anisotropy:     60.35    eta:   -0.6655
     C   19    sigma_11=     98.30    axis=( -0.130812  0.560630 -0.817669)
     C   19    sigma_22=     71.52    axis=( -0.655730  0.569657  0.495488)
     C   19    sigma_33=    145.26    axis=(  0.743576  0.600986  0.293104)
 
     Atom 20  C   pos: (  0.645964  1.055545  0.673742)  Total sigma:         105.03
           112.7506        -31.6377         20.5440
           -30.3407        106.5704         -2.6038
            17.3263          1.1729         95.7575

     C   20    anisotropy:     60.35    eta:   -0.6655
     C   20    sigma_11=     98.30    axis=(  0.130812  0.560630  0.817669)
     C   20    sigma_22=     71.52    axis=( -0.655730 -0.569657  0.495488)
     C   20    sigma_33=    145.26    axis=(  0.743576 -0.600986  0.293104)
 
     Atom 21  H   pos: (  0.257840  0.561300  0.883876)  Total sigma:          23.92
            22.6453         -1.0892         -0.1000
            -0.1479         22.8841         -1.7905
            -1.2012         -1.0794         26.2384

     H   21    anisotropy:      4.33    eta:   -0.5629
     H   21    sigma_11=     23.29    axis=(  0.755798 -0.638733 -0.144185)
     H   21    sigma_22=     21.67    axis=(  0.647416  0.695944  0.310669)
     H   21    sigma_33=     26.81    axis=( -0.098090 -0.328150  0.939519)
 
     Atom 22  H   pos: (  0.353633  0.020662  0.279332)  Total sigma:          23.92
            22.6453          1.0892         -0.1000
             0.1479         22.8841          1.7905
            -1.2012          1.0794         26.2384

     H   22    anisotropy:      4.33    eta:   -0.5629
     H   22    sigma_11=     23.29    axis=(  0.755798  0.638733 -0.144185)
     H   22    sigma_22=     21.67    axis=( -0.647416  0.695944 -0.310669)
     H   22    sigma_33=     26.81    axis=( -0.098090  0.328150  0.939519)
 
     Atom 23  H   pos: (  0.393888  0.480535  0.013632)  Total sigma:          22.59
            21.6793          0.5901         -1.1090
             0.5315         22.8614         -0.6391
             0.7588         -0.3852         23.2329

     H   23    anisotropy:     -1.70    eta:   -0.9604
     H   23    sigma_11=     22.61    axis=(  0.293516  0.694202  0.657216)
     H   23    sigma_22=     23.70    axis=( -0.235128 -0.613951  0.753511)
     H   23    sigma_33=     21.46    axis=(  0.926587 -0.375697 -0.016979)
 
     Atom 24  H   pos: (  0.217585  1.021173  1.149576)  Total sigma:          22.59
            21.6793         -0.5901         -1.1090
            -0.5315         22.8614          0.6391
             0.7588          0.3852         23.2329

     H   24    anisotropy:     -1.70    eta:   -0.9604
     H   24    sigma_11=     22.61    axis=( -0.293516  0.694202 -0.657216)
     H   24    sigma_22=     23.70    axis=( -0.235128  0.613951  0.753511)
     H   24    sigma_33=     21.46    axis=(  0.926587  0.375697 -0.016979)
 
     Atom 25  H   pos: (  0.693095  0.274233  0.260427)  Total sigma:          25.28
            24.5835         -2.1526         -2.0495
            -2.5133         26.8599          0.6489
            -2.7908          1.6224         24.4085

     H   25    anisotropy:      6.17    eta:   -0.6430
     H   25    sigma_11=     24.55    axis=(  0.354625  0.675670 -0.646306)
     H   25    sigma_22=     21.90    axis=( -0.749035 -0.208429 -0.628891)
     H   25    sigma_33=     29.40    axis=(  0.559631 -0.707126 -0.432187)
 
     Atom 26  H   pos: ( -0.081622  0.814871  0.902782)  Total sigma:          25.28
            24.5835          2.1526         -2.0495
             2.5133         26.8599         -0.6489
            -2.7908         -1.6224         24.4085

     H   26    anisotropy:      6.17    eta:   -0.6430
     H   26    sigma_11=     24.55    axis=(  0.354625 -0.675670 -0.646306)
     H   26    sigma_22=     21.90    axis=(  0.749035 -0.208429  0.628891)
     H   26    sigma_33=     29.40    axis=(  0.559631  0.707126 -0.432187)
 
     Atom 27  H   pos: (  0.807720  0.742349  0.291894)  Total sigma:          25.93
            24.8510         -1.4383         -1.6809
             0.1559         27.4272          0.9193
            -1.7598          0.3083         25.5205

     H   27    anisotropy:     -3.75    eta:   -0.7311
     H   27    sigma_11=     26.27    axis=(  0.489340  0.604347 -0.628738)
     H   27    sigma_22=     28.10    axis=(  0.398350 -0.796242 -0.455320)
     H   27    sigma_33=     23.43    axis=( -0.775799 -0.027652 -0.630374)
 
     Atom 28  H   pos: ( -0.196247  0.201710  0.871314)  Total sigma:          25.93
            24.8510          1.4383         -1.6809
            -0.1559         27.4272         -0.9193
            -1.7598         -0.3083         25.5205

     H   28    anisotropy:     -3.75    eta:   -0.7311
     H   28    sigma_11=     26.27    axis=(  0.489340 -0.604347 -0.628738)
     H   28    sigma_22=     28.10    axis=(  0.398350  0.796242 -0.455320)
     H   28    sigma_33=     23.43    axis=(  0.775799 -0.027652  0.630374)
 
     Atom 29  H   pos: (  0.023218  0.351743  0.475591)  Total sigma:          26.37
            25.9975          2.8195          1.9920
             1.4217         30.1719         -0.1340
             1.8583         -0.8323         22.9393

     H   29    anisotropy:      7.05    eta:   -0.9542
     H   29    sigma_11=     26.26    axis=( -0.782777  0.361982 -0.506191)
     H   29    sigma_22=     21.77    axis=( -0.478319  0.170362  0.861503)
     H   29    sigma_33=     31.07    axis=( -0.398085 -0.916485 -0.039787)
 
     Atom 30  H   pos: (  0.588255  0.892381  0.687617)  Total sigma:          26.37
            25.9975         -2.8195          1.9920
            -1.4217         30.1719          0.1340
             1.8583          0.8323         22.9393

     H   30    anisotropy:      7.05    eta:   -0.9542
     H   30    sigma_11=     26.26    axis=(  0.782777  0.361982  0.506191)
     H   30    sigma_22=     21.77    axis=( -0.478319 -0.170362  0.861503)
     H   30    sigma_33=     31.07    axis=( -0.398085  0.916485 -0.039787)
 
     Atom 31  H   pos: ( -0.145664  0.522833  0.620288)  Total sigma:          25.44
            28.0326          2.8484         -2.5252
             3.4868         21.2062         -0.5806
            -0.5242         -0.2291         27.0904

     H   31    anisotropy:     -8.23    eta:   -0.6960
     H   31    sigma_11=     26.28    axis=(  0.421703  0.192697  0.886022)
     H   31    sigma_22=     30.09    axis=( -0.828094 -0.316199  0.462901)
     H   31    sigma_33=     19.96    axis=(  0.369359 -0.928916  0.026229)
 
     Atom 32  H   pos: (  0.757137  1.063471  0.542920)  Total sigma:          25.44
            28.0326         -2.8484         -2.5252
            -3.4868         21.2062          0.5806
            -0.5242          0.2291         27.0904

     H   32    anisotropy:     -8.23    eta:   -0.6960
     H   32    sigma_11=     26.28    axis=( -0.421703  0.192697 -0.886022)
     H   32    sigma_22=     30.09    axis=( -0.828094  0.316199  0.462901)
     H   32    sigma_33=     19.96    axis=(  0.369359  0.928916  0.026229)
 
     Atom 33  H   pos: (  0.496630  0.362120  0.512049)  Total sigma:          23.61
            14.5643          0.1657         -2.6424
             1.5964         32.5384        -14.5512
            -3.0713        -15.1528         23.7271

     H   33    anisotropy:     30.32    eta:   -0.1936
     H   33    sigma_11=     15.46    axis=(  0.845635 -0.374425 -0.380405)
     H   33    sigma_22=     11.55    axis=(  0.527343  0.475867  0.703889)
     H   33    sigma_33=     43.82    axis=( -0.082532 -0.795837  0.599860)
 
     Atom 34  H   pos: (  0.114843  0.902759  0.651159)  Total sigma:          23.61
            14.5643         -0.1657         -2.6424
            -1.5964         32.5384         14.5512
            -3.0713         15.1528         23.7271

     H   34    anisotropy:     30.32    eta:   -0.1936
     H   34    sigma_11=     15.46    axis=(  0.845635  0.374425 -0.380405)
     H   34    sigma_22=     11.55    axis=( -0.527343  0.475867 -0.703889)
     H   34    sigma_33=     43.82    axis=( -0.082532  0.795837  0.599860)
 
     Atom 35  H   pos: (  0.262913  0.607979  0.459906)  Total sigma:          24.04
            38.7065         -8.8668         -7.7063
            -8.3189         17.1754          4.4913
            -8.5179          5.5275         16.2400

     H   35    anisotropy:     31.09    eta:   -0.1933
     H   35    sigma_11=     15.68    axis=(  0.456210  0.673716  0.581360)
     H   35    sigma_22=     11.67    axis=( -0.015951  0.659393 -0.751629)
     H   35    sigma_33=     44.77    axis=( -0.889729  0.333627  0.311568)
 
     Atom 36  H   pos: (  0.348561  0.067341  0.703302)  Total sigma:          24.04
            38.7065          8.8668         -7.7063
             8.3189         17.1754         -4.4913
            -8.5179         -5.5275         16.2400

     H   36    anisotropy:     31.09    eta:   -0.1933
     H   36    sigma_11=     15.68    axis=( -0.456210  0.673716 -0.581360)
     H   36    sigma_22=     11.67    axis=( -0.015951 -0.659393 -0.751629)
     H   36    sigma_33=     44.77    axis=( -0.889729 -0.333627  0.311568)
 
     Initialization:
     gipaw_setup  :      0.29s CPU      0.31s WALL (       1 calls)
 
     Linear response
     greenf       :   3573.12s CPU   3671.96s WALL (     240 calls)
     cgsolve      :   3551.30s CPU   3650.10s WALL (     240 calls)
     ch_psi       :   3495.02s CPU   3593.68s WALL (   13899 calls)
     h_psiq       :   2735.73s CPU   2833.19s WALL (   13899 calls)
 
     Apply operators
     h_psi        :   2525.31s CPU   2636.30s WALL (   19636 calls)
     apply_vel    :     53.21s CPU     53.52s WALL (     210 calls)
 
     Induced current
     j_para       :    197.29s CPU    206.76s WALL (     270 calls)
     biot_savart  :      0.03s CPU      0.04s WALL (       1 calls)
 
     Other routines
 
     General routines
     calbec       :    872.87s CPU    875.40s WALL (   49464 calls)
     fft          :      0.09s CPU      0.11s WALL (      32 calls)
     fftw         :   1888.15s CPU   2002.73s WALL ( 1969656 calls)
     davcio       :      0.03s CPU      0.26s WALL (     160 calls)
 
     Parallel routines
     fft_scatter  :    438.81s CPU    481.77s WALL ( 1969688 calls)
 
     Plugins
 
     GIPAW        :   4511.91s CPU   4643.20s WALL (       1 calls)
