
     Program QE v.6.1 (svn rev. 13369) starts on  7Nov2017 at  0: 0:52 

     This program is part of the open-source Quantum ESPRESSO suite
     for quantum simulation of materials; please cite
         "P. Giannozzi et al., J. Phys.:Condens. Matter 21 395502 (2009);
          URL http://www.quantum-espresso.org", 
     in publications or presentations arising from this work. More details at
     http://www.quantum-espresso.org/quote

     Parallel version (MPI), running on     8 processors
     R & G space division:  proc/nbgrp/npool/nimage =       8
 
     ***** This is GIPAW svn revision unknown      *****
 
     Parallelizing q-star over 1 images
     Message from routine gipaw_readin:
     *** iverbosity is obsolete, use verbosity instead ***

     Reading data from directory:
     /scratch/ahofstet/ML/CCDC/ACETAC09/wfc/scf.save

   Info: using nr1, nr2, nr3 values from input

   Info: using nr1, nr2, nr3 values from input

     IMPORTANT: XC functional enforced from input :
     Exchange-correlation      =  SLA  PW   PBX  PBC ( 1  4  3  4 0 0)
     Any further DFT definition will be discarded
     Please, verify this is what you really want

               file C.pbe-n-kjpaw_psl.0.1.UPF: wavefunction(s)  2P renormalized
               file N.pbe-n-kjpaw_psl.0.1.UPF: wavefunction(s)  2P renormalized
               file H.pbe-kjpaw_psl.0.1.UPF: wavefunction(s)  1S renormalized
               file O.pbe-n-kjpaw_psl.0.1.UPF: wavefunction(s)  2P renormalized
 
     Parallelization info
     --------------------
     sticks:   dense  smooth     PW     G-vecs:    dense   smooth      PW
     Min         729     729    198                32985    32985    4666
     Max         730     730    199                32987    32987    4668
     Sum        5839    5839   1585               263893   263893   37335
 

     Check: negative/imaginary core charge=   -0.000002    0.000000

     Subspace diagonalization in iterative solution of the eigenvalue problem:
     a serial algorithm will be used

     GIPAW projectors -----------------------------------------------
     atom=  C    l=0  rc=    1.3000  rs=    0.8667
     atom=  C    l=0  rc=    1.3000  rs=    0.8667
     atom=  C    l=1  rc=    1.4500  rs=    0.9667
     atom=  C    l=1  rc=    1.4500  rs=    0.9667
     projs nearly linearly dependent: l=0  n1,n2= 1, 2  s=  0.99877758
     projs nearly linearly dependent: l=1  n1,n2= 1, 2  s=  0.99940894
 
     atom=  N    l=0  rc=    1.3000  rs=    0.8667
     atom=  N    l=0  rc=    1.3000  rs=    0.8667
     atom=  N    l=1  rc=    1.4500  rs=    0.9667
     atom=  N    l=1  rc=    1.4500  rs=    0.9667
     projs nearly linearly dependent: l=0  n1,n2= 1, 2  s=  0.99709514
     projs nearly linearly dependent: l=1  n1,n2= 1, 2  s=  0.99857174
 
     atom=  H    l=0  rc=    1.0000  rs=    0.6667
     atom=  H    l=0  rc=    1.0000  rs=    0.6667
     projs nearly linearly dependent: l=0  n1,n2= 1, 2  s=  0.99968852
 
     atom=  O    l=0  rc=    1.3500  rs=    0.9000
     atom=  O    l=0  rc=    1.3500  rs=    0.9000
     atom=  O    l=1  rc=    1.3500  rs=    0.9000
     atom=  O    l=1  rc=    1.3500  rs=    0.9000
     projs nearly linearly dependent: l=0  n1,n2= 1, 2  s=  0.99100135
     projs nearly linearly dependent: l=1  n1,n2= 1, 2  s=  0.99790100
     -----------------------------------------------------------------
 
     alpha_pv=     43.1334 eV
 
     q-space interpolation up to   110.00 Rydberg
 
     GIPAW job: nmr                                                                             
     NMR macroscopic correction: yes
             0.6667          0.0000          0.0000
             0.0000          0.6667          0.0000
             0.0000          0.0000          0.6667

 
     Largest allocated arrays     est. size (Mb)     dimensions
        KS wavefunctions at k           3.59 Mb     (    4130,   57)
        KS wavefunctions at k+q         3.59 Mb     (    4130,   57)
        First-order wavefunctions      35.92 Mb     (    4130,   57, 10)
        First-order wavefunct (US)     21.55 Mb     (    4130,   57,  6)
        Charge/spin density             0.53 Mb     (   69120,    1)
        Induced current                 4.75 Mb     (   69120,    3,3,1)
        Induced magnetic field          4.75 Mb     (   69120,    3,3,1)
        NL pseudopotentials            10.08 Mb     (    4130,  160)
        GIPAW NL terms                 10.08 Mb     (    4130,  160)
 
     Computing the magnetic susceptibility     isolve=0    ethr=  0.1000E-13
     k-point #    1 of    16      pool #  1    cpu time:      12.4
     Rotating WFCS
     Rotating WFCS
     Rotating WFCS
     Rotating WFCS
     Rotating WFCS
     Rotating WFCS
     Rotating WFCS
     k-point #    2 of    16      pool #  1    cpu time:     269.3
     Rotating WFCS
     Rotating WFCS
     Rotating WFCS
     Rotating WFCS
     c_bands:  1 eigenvalues not converged
     Rotating WFCS
     c_bands:  1 eigenvalues not converged
     Rotating WFCS
     Rotating WFCS
     k-point #    3 of    16      pool #  1    cpu time:     536.5
     Rotating WFCS
     c_bands:  1 eigenvalues not converged
     Rotating WFCS
     c_bands:  1 eigenvalues not converged
     Rotating WFCS
     c_bands:  1 eigenvalues not converged
     Rotating WFCS
     c_bands:  1 eigenvalues not converged
     Rotating WFCS
     c_bands:  1 eigenvalues not converged
     Rotating WFCS
     c_bands:  1 eigenvalues not converged
     Rotating WFCS
     c_bands:  1 eigenvalues not converged
     k-point #    4 of    16      pool #  1    cpu time:     806.2
     Rotating WFCS
     c_bands:  1 eigenvalues not converged
     Rotating WFCS
     c_bands:  1 eigenvalues not converged
     Rotating WFCS
     c_bands:  1 eigenvalues not converged
     Rotating WFCS
     c_bands:  1 eigenvalues not converged
     Rotating WFCS
     c_bands:  1 eigenvalues not converged
     Rotating WFCS
     c_bands:  1 eigenvalues not converged
     Rotating WFCS
     c_bands:  1 eigenvalues not converged
     k-point #    5 of    16      pool #  1    cpu time:    1083.5
     Rotating WFCS
     Rotating WFCS
     Rotating WFCS
     Rotating WFCS
     Rotating WFCS
     Rotating WFCS
     Rotating WFCS
     k-point #    6 of    16      pool #  1    cpu time:    1348.9
     Rotating WFCS
     Rotating WFCS
     Rotating WFCS
     Rotating WFCS
     Rotating WFCS
     Rotating WFCS
     Rotating WFCS
     k-point #    7 of    16      pool #  1    cpu time:    1615.1
     Rotating WFCS
     c_bands:  1 eigenvalues not converged
     Rotating WFCS
     Rotating WFCS
     c_bands:  1 eigenvalues not converged
     Rotating WFCS
     Rotating WFCS
     Rotating WFCS
     Rotating WFCS
     c_bands:  1 eigenvalues not converged
     k-point #    8 of    16      pool #  1    cpu time:    1885.1
     Rotating WFCS
     c_bands:  1 eigenvalues not converged
     Rotating WFCS
     c_bands:  1 eigenvalues not converged
     Rotating WFCS
     c_bands:  1 eigenvalues not converged
     Rotating WFCS
     c_bands:  1 eigenvalues not converged
     Rotating WFCS
     c_bands:  1 eigenvalues not converged
     Rotating WFCS
     c_bands:  1 eigenvalues not converged
     Rotating WFCS
     c_bands:  1 eigenvalues not converged
     k-point #    9 of    16      pool #  1    cpu time:    2160.7
     Rotating WFCS
     c_bands:  1 eigenvalues not converged
     Rotating WFCS
     c_bands:  1 eigenvalues not converged
     Rotating WFCS
     c_bands:  1 eigenvalues not converged
     Rotating WFCS
     c_bands:  1 eigenvalues not converged
     Rotating WFCS
     c_bands:  1 eigenvalues not converged
     Rotating WFCS
     c_bands:  1 eigenvalues not converged
     Rotating WFCS
     c_bands:  1 eigenvalues not converged
     k-point #   10 of    16      pool #  1    cpu time:    2442.6
     Rotating WFCS
     c_bands:  1 eigenvalues not converged
     Rotating WFCS
     c_bands:  1 eigenvalues not converged
     Rotating WFCS
     c_bands:  1 eigenvalues not converged
     Rotating WFCS
     c_bands:  1 eigenvalues not converged
     Rotating WFCS
     c_bands:  1 eigenvalues not converged
     Rotating WFCS
     c_bands:  1 eigenvalues not converged
     Rotating WFCS
     c_bands:  1 eigenvalues not converged
     k-point #   11 of    16      pool #  1    cpu time:    2721.5
     Rotating WFCS
     c_bands:  2 eigenvalues not converged
     Rotating WFCS
     c_bands:  2 eigenvalues not converged
     Rotating WFCS
     Rotating WFCS
     c_bands:  1 eigenvalues not converged
     Rotating WFCS
     c_bands:  1 eigenvalues not converged
     Rotating WFCS
     c_bands:  1 eigenvalues not converged
     Rotating WFCS
     c_bands:  2 eigenvalues not converged
     k-point #   12 of    16      pool #  1    cpu time:    2998.5
     Rotating WFCS
     c_bands:  1 eigenvalues not converged
     Rotating WFCS
     c_bands:  1 eigenvalues not converged
     Rotating WFCS
     c_bands:  1 eigenvalues not converged
     Rotating WFCS
     c_bands:  1 eigenvalues not converged
     Rotating WFCS
     c_bands:  1 eigenvalues not converged
     Rotating WFCS
     c_bands:  1 eigenvalues not converged
     Rotating WFCS
     c_bands:  1 eigenvalues not converged
     k-point #   13 of    16      pool #  1    cpu time:    3276.8
     Rotating WFCS
     Rotating WFCS
     Rotating WFCS
     Rotating WFCS
     Rotating WFCS
     Rotating WFCS
     Rotating WFCS
     k-point #   14 of    16      pool #  1    cpu time:    3544.4
     Rotating WFCS
     c_bands:  1 eigenvalues not converged
     Rotating WFCS
     c_bands:  1 eigenvalues not converged
     Rotating WFCS
     c_bands:  1 eigenvalues not converged
     Rotating WFCS
     c_bands:  1 eigenvalues not converged
     Rotating WFCS
     c_bands:  1 eigenvalues not converged
     Rotating WFCS
     c_bands:  1 eigenvalues not converged
     Rotating WFCS
     c_bands:  1 eigenvalues not converged
     k-point #   15 of    16      pool #  1    cpu time:    3822.6
     Rotating WFCS
     c_bands:  1 eigenvalues not converged
     Rotating WFCS
     c_bands:  1 eigenvalues not converged
     Rotating WFCS
     c_bands:  1 eigenvalues not converged
     Rotating WFCS
     c_bands:  1 eigenvalues not converged
     Rotating WFCS
     c_bands:  1 eigenvalues not converged
     Rotating WFCS
     c_bands:  1 eigenvalues not converged
     Rotating WFCS
     c_bands:  1 eigenvalues not converged
     k-point #   16 of    16      pool #  1    cpu time:    4101.0
     Rotating WFCS
     c_bands:  1 eigenvalues not converged
     Rotating WFCS
     c_bands:  1 eigenvalues not converged
     Rotating WFCS
     c_bands:  1 eigenvalues not converged
     Rotating WFCS
     c_bands:  1 eigenvalues not converged
     Rotating WFCS
     c_bands:  1 eigenvalues not converged
     Rotating WFCS
     c_bands:  1 eigenvalues not converged
     Rotating WFCS
     c_bands:  1 eigenvalues not converged
     End of magnetic susceptibility calculation
 
     f-sum rule (1st term):
           -91.2156         -0.0000          0.0105
            -0.0000        -91.2127          0.0000
             0.0106         -0.0000        -91.2163

     f-sum rule (2nd term):
            -1.8089          0.0000         -0.0105
             0.0000         -1.8119         -0.0000
            -0.0106          0.0000         -1.8083

     f-sum rule (should be   -93.0246):
           -93.0245         -0.0000          0.0000
            -0.0000        -93.0246          0.0000
             0.0000          0.0000        -93.0246

     chi_bare pGv (HH) in paratec units:
       -25.565252     -0.022557     -0.068064
        -0.022533    -26.274639     -0.003200
         0.289086     -0.006900    -26.934300

       -25.565252     -0.022557     -0.068064
        -0.022533    -26.274639     -0.003200
         0.289086     -0.006900    -26.934300

     chi_bare vGv (VV) in paratec units:
       -25.487346     -0.016285     -1.012962
        -0.016738    -25.777584     -0.003356
        -1.014972     -0.003960    -26.989857

       -25.487346     -0.016285     -1.012962
        -0.016738    -25.777584     -0.003356
        -1.014972     -0.003960    -26.989857

     chi_bare pGv (HH) in 10^{-6} cm^3/mol:
          -121.4885         -0.1072         -0.3234
            -0.1071       -124.8596         -0.0152
             1.3738         -0.0328       -127.9943

     chi_bare vGv (VV) in 10^{-6} cm^3/mol:
          -121.1183         -0.0774         -4.8137
            -0.0795       -122.4975         -0.0159
            -4.8232         -0.0188       -128.2583

     Contributions to the NMR chemical shifts: -------------------------------
 
     Macroscopic shape contribution in ppm:                    6.00
             5.8391          0.0000          0.0000
             0.0000          6.0011          0.0000
             0.0000          0.0000          6.1518

 
     Core contribution in ppm:
 
     Atom  1  O   pos: (  0.443172  1.175744  0.682930)  core sigma:         271.07
     Atom  2  O   pos: (  0.017259  2.827889  0.030906)  core sigma:         271.07
     Atom  3  O   pos: (  0.477580  2.126915  0.744817)  core sigma:         271.07
     Atom  4  O   pos: (  0.903493  0.474771  1.396840)  core sigma:         271.07
     Atom  5  C   pos: (  0.175922  1.117281  0.874290)  core sigma:         200.51
     Atom  6  C   pos: (  0.205215  2.769393  1.267257)  core sigma:         200.51
     Atom  7  C   pos: (  0.744830  2.185379  0.553456)  core sigma:         200.51
     Atom  8  C   pos: (  0.715537  0.533267  0.160490)  core sigma:         200.51
     Atom  9  O   pos: (  0.005614  0.855266  0.853358)  core sigma:         271.07
     Atom 10  O   pos: (  0.375570  2.507365  1.288263)  core sigma:         271.07
     Atom 11  O   pos: (  0.915137  2.447394  0.574388)  core sigma:         271.07
     Atom 12  O   pos: (  0.545181  0.795294  0.139484)  core sigma:         271.07
     Atom 13  C   pos: (  0.066751  1.403432  1.093013)  core sigma:         200.51
     Atom 14  C   pos: (  0.314440  3.055446  1.048482)  core sigma:         200.51
     Atom 15  C   pos: (  0.854000  1.899227  0.334733)  core sigma:         200.51
     Atom 16  C   pos: (  0.606311  0.247213  0.379264)  core sigma:         200.51
     Atom 17  H   pos: (  0.473635  0.993482  0.504096)  core sigma:           0.00
     Atom 18  H   pos: ( -0.013256  2.645661  0.209752)  core sigma:           0.00
     Atom 19  H   pos: (  0.447116  2.309177  0.923651)  core sigma:           0.00
     Atom 20  H   pos: (  0.934007  0.656998  1.217994)  core sigma:           0.00
     Atom 21  H   pos: (  0.861553  1.516525  0.944411)  core sigma:           0.00
     Atom 22  H   pos: (  0.519665  3.168600  1.196972)  core sigma:           0.00
     Atom 23  H   pos: (  0.059199  1.786135  0.483335)  core sigma:           0.00
     Atom 24  H   pos: (  0.401086  0.134059  0.230774)  core sigma:           0.00
     Atom 25  H   pos: (  0.263438  1.589685  1.142435)  core sigma:           0.00
     Atom 26  H   pos: (  0.117728  3.241734  0.999055)  core sigma:           0.00
     Atom 27  H   pos: (  0.657314  1.712974  0.285311)  core sigma:           0.00
     Atom 28  H   pos: (  0.803023  0.060925  0.428692)  core sigma:           0.00
     Atom 29  H   pos: ( -0.048630  1.307401  1.327011)  core sigma:           0.00
     Atom 30  H   pos: (  0.429724  2.959365  0.814502)  core sigma:           0.00
     Atom 31  H   pos: (  0.969381  1.995258  0.100736)  core sigma:           0.00
     Atom 32  H   pos: (  0.491027  0.343294  0.613244)  core sigma:           0.00
 
     Bare contribution in ppm:
 
     Atom  1  O   pos: (  0.443172  1.175744  0.682930)  bare sigma:          17.73
            36.3013        -26.8650         -7.3316
            -8.1586        -17.9591        -35.8207
             1.8987        -13.5662         34.8370

     Atom  2  O   pos: (  0.017259  2.827889  0.030906)  bare sigma:          17.72
            36.3018         26.8502         -7.3161
             8.1423        -17.9449         35.8506
             1.9190         13.6073         34.8126

     Atom  3  O   pos: (  0.477580  2.126915  0.744817)  bare sigma:          17.73
            36.3013        -26.8650         -7.3316
            -8.1586        -17.9591        -35.8207
             1.8987        -13.5662         34.8370

     Atom  4  O   pos: (  0.903493  0.474771  1.396840)  bare sigma:          17.72
            36.3018         26.8502         -7.3161
             8.1423        -17.9449         35.8506
             1.9190         13.6073         34.8126

     Atom  5  C   pos: (  0.175922  1.117281  0.874290)  bare sigma:         -79.76
           -83.6935          2.8010         33.2492
            -6.2227        -72.3895         -8.7742
            28.7817        -20.1120        -83.2112

     Atom  6  C   pos: (  0.205215  2.769393  1.267257)  bare sigma:         -79.78
           -83.7096         -2.7915         33.2639
             6.2368        -72.3970          8.7745
            28.7980         20.1132        -83.2289

     Atom  7  C   pos: (  0.744830  2.185379  0.553456)  bare sigma:         -79.76
           -83.6935          2.8010         33.2492
            -6.2227        -72.3895         -8.7742
            28.7817        -20.1120        -83.2112

     Atom  8  C   pos: (  0.715537  0.533267  0.160490)  bare sigma:         -79.78
           -83.7096         -2.7915         33.2639
             6.2368        -72.3970          8.7745
            28.7980         20.1132        -83.2289

     Atom  9  O   pos: (  0.005614  0.855266  0.853358)  bare sigma:         -18.70
           -26.8229        -37.7541         59.5645
           -39.8869        -31.1691        -26.9941
            59.0239        -27.2814          1.8835

     Atom 10  O   pos: (  0.375570  2.507365  1.288263)  bare sigma:         -18.75
           -26.8689         37.7803         59.5854
            39.9150        -31.1987         27.0015
            59.0396         27.2932          1.8165

     Atom 11  O   pos: (  0.915137  2.447394  0.574388)  bare sigma:         -18.70
           -26.8229        -37.7541         59.5645
           -39.8869        -31.1691        -26.9941
            59.0239        -27.2814          1.8835

     Atom 12  O   pos: (  0.545181  0.795294  0.139484)  bare sigma:         -18.75
           -26.8689         37.7803         59.5854
            39.9150        -31.1987         27.0015
            59.0396         27.2932          1.8165

     Atom 13  C   pos: (  0.066751  1.403432  1.093013)  bare sigma:           3.76
            -3.1548         -1.5029         -5.0703
            -0.4852         10.1649          9.7461
            -4.6137          7.5718          4.2728

     Atom 14  C   pos: (  0.314440  3.055446  1.048482)  bare sigma:           3.75
            -3.1696          1.5017         -5.0616
             0.4807         10.1489         -9.7487
            -4.6051         -7.5827          4.2836

     Atom 15  C   pos: (  0.854000  1.899227  0.334733)  bare sigma:           3.76
            -3.1548         -1.5029         -5.0703
            -0.4852         10.1649          9.7461
            -4.6137          7.5718          4.2728

     Atom 16  C   pos: (  0.606311  0.247213  0.379264)  bare sigma:           3.75
            -3.1696          1.5017         -5.0616
             0.4807         10.1489         -9.7487
            -4.6051         -7.5827          4.2836

     Atom 17  H   pos: (  0.473635  0.993482  0.504096)  bare sigma:          11.54
             5.8017         -4.4242         -2.6993
            -4.9970          9.8926         10.1439
            -4.5708         11.4666         18.9264

     Atom 18  H   pos: ( -0.013256  2.645661  0.209752)  bare sigma:          11.54
             5.8063          4.4250         -2.7000
             4.9946          9.8918        -10.1368
            -4.5697        -11.4591         18.9238

     Atom 19  H   pos: (  0.447116  2.309177  0.923651)  bare sigma:          11.54
             5.8017         -4.4242         -2.6993
            -4.9970          9.8926         10.1439
            -4.5708         11.4666         18.9264

     Atom 20  H   pos: (  0.934007  0.656998  1.217994)  bare sigma:          11.54
             5.8063          4.4250         -2.7000
             4.9946          9.8918        -10.1368
            -4.5697        -11.4591         18.9238

     Atom 21  H   pos: (  0.861553  1.516525  0.944411)  bare sigma:          20.82
            22.3312         -0.9478          1.5409
            -0.5834         21.1960         -2.3939
             2.0277         -1.9519         18.9413

     Atom 22  H   pos: (  0.519665  3.168600  1.196972)  bare sigma:          20.82
            22.3337          0.9519          1.5406
             0.5864         21.1859          2.3938
             2.0286          1.9548         18.9508

     Atom 23  H   pos: (  0.059199  1.786135  0.483335)  bare sigma:          20.82
            22.3312         -0.9478          1.5409
            -0.5834         21.1960         -2.3939
             2.0277         -1.9519         18.9413

     Atom 24  H   pos: (  0.401086  0.134059  0.230774)  bare sigma:          20.82
            22.3337          0.9519          1.5406
             0.5864         21.1859          2.3938
             2.0286          1.9548         18.9508

     Atom 25  H   pos: (  0.263438  1.589685  1.142435)  bare sigma:          21.49
            21.4551          2.6515         -1.2693
             4.8267         23.2931          0.6524
            -0.2689          1.7563         19.7248

     Atom 26  H   pos: (  0.117728  3.241734  0.999055)  bare sigma:          21.49
            21.4511         -2.6551         -1.2704
            -4.8292         23.2780         -0.6489
            -0.2694         -1.7536         19.7288

     Atom 27  H   pos: (  0.657314  1.712974  0.285311)  bare sigma:          21.49
            21.4551          2.6515         -1.2693
             4.8267         23.2931          0.6524
            -0.2689          1.7563         19.7248

     Atom 28  H   pos: (  0.803023  0.060925  0.428692)  bare sigma:          21.49
            21.4511         -2.6551         -1.2704
            -4.8292         23.2780         -0.6489
            -0.2694         -1.7536         19.7288

     Atom 29  H   pos: ( -0.048630  1.307401  1.327011)  bare sigma:          21.69
            19.7473          1.3926         -2.2047
             1.2307         21.1835         -0.4611
            -2.8101         -0.7355         24.1295

     Atom 30  H   pos: (  0.429724  2.959365  0.814502)  bare sigma:          21.69
            19.7477         -1.3894         -2.2037
            -1.2298         21.1831          0.4570
            -2.8108          0.7313         24.1368

     Atom 31  H   pos: (  0.969381  1.995258  0.100736)  bare sigma:          21.69
            19.7473          1.3926         -2.2047
             1.2307         21.1835         -0.4611
            -2.8101         -0.7355         24.1295

     Atom 32  H   pos: (  0.491027  0.343294  0.613244)  bare sigma:          21.69
            19.7477         -1.3894         -2.2037
            -1.2298         21.1831          0.4570
            -2.8108          0.7313         24.1368

     Diamagnetic contribution in ppm:
 
     Atom  1  O   pos: (  0.443172  1.175744  0.682930)  dia sigma:          17.98
            18.0633         -0.0844         -0.4762
            -0.0844         17.6611          0.2016
            -0.4762          0.2016         18.2144

     Atom  2  O   pos: (  0.017259  2.827889  0.030906)  dia sigma:          17.98
            18.0635          0.0845         -0.4763
             0.0845         17.6615         -0.2014
            -0.4763         -0.2014         18.2152

     Atom  3  O   pos: (  0.477580  2.126915  0.744817)  dia sigma:          17.98
            18.0633         -0.0844         -0.4762
            -0.0844         17.6611          0.2016
            -0.4762          0.2016         18.2144

     Atom  4  O   pos: (  0.903493  0.474771  1.396840)  dia sigma:          17.98
            18.0635          0.0845         -0.4763
             0.0845         17.6615         -0.2014
            -0.4763         -0.2014         18.2152

     Atom  5  C   pos: (  0.175922  1.117281  0.874290)  dia sigma:           3.90
             3.9647         -0.0681          0.0936
            -0.0681          3.7730         -0.1416
             0.0936         -0.1416          3.9574

     Atom  6  C   pos: (  0.205215  2.769393  1.267257)  dia sigma:           3.90
             3.9645          0.0681          0.0936
             0.0681          3.7729          0.1417
             0.0936          0.1417          3.9571

     Atom  7  C   pos: (  0.744830  2.185379  0.553456)  dia sigma:           3.90
             3.9647         -0.0681          0.0936
            -0.0681          3.7730         -0.1416
             0.0936         -0.1416          3.9574

     Atom  8  C   pos: (  0.715537  0.533267  0.160490)  dia sigma:           3.90
             3.9645          0.0681          0.0936
             0.0681          3.7729          0.1417
             0.0936          0.1417          3.9571

     Atom  9  O   pos: (  0.005614  0.855266  0.853358)  dia sigma:          17.74
            17.6770          0.3188          0.4598
             0.3188         17.9755         -0.3185
             0.4598         -0.3185         17.5668

     Atom 10  O   pos: (  0.375570  2.507365  1.288263)  dia sigma:          17.74
            17.6761         -0.3190          0.4599
            -0.3190         17.9745          0.3184
             0.4599          0.3184         17.5653

     Atom 11  O   pos: (  0.915137  2.447394  0.574388)  dia sigma:          17.74
            17.6770          0.3188          0.4598
             0.3188         17.9755         -0.3185
             0.4598         -0.3185         17.5668

     Atom 12  O   pos: (  0.545181  0.795294  0.139484)  dia sigma:          17.74
            17.6761         -0.3190          0.4599
            -0.3190         17.9745          0.3184
             0.4599          0.3184         17.5653

     Atom 13  C   pos: (  0.066751  1.403432  1.093013)  dia sigma:           4.49
             4.4627         -0.0277         -0.0092
            -0.0277          4.5025          0.0354
            -0.0092          0.0354          4.4944

     Atom 14  C   pos: (  0.314440  3.055446  1.048482)  dia sigma:           4.49
             4.4629          0.0277         -0.0092
             0.0277          4.5027         -0.0354
            -0.0092         -0.0354          4.4945

     Atom 15  C   pos: (  0.854000  1.899227  0.334733)  dia sigma:           4.49
             4.4627         -0.0277         -0.0092
            -0.0277          4.5025          0.0354
            -0.0092          0.0354          4.4944

     Atom 16  C   pos: (  0.606311  0.247213  0.379264)  dia sigma:           4.49
             4.4629          0.0277         -0.0092
             0.0277          4.5027         -0.0354
            -0.0092         -0.0354          4.4945

     Atom 17  H   pos: (  0.473635  0.993482  0.504096)  dia sigma:           0.92
             0.9194         -0.0000         -0.0000
            -0.0000          0.9194          0.0000
            -0.0000          0.0000          0.9194

     Atom 18  H   pos: ( -0.013256  2.645661  0.209752)  dia sigma:           0.92
             0.9195         -0.0000         -0.0000
            -0.0000          0.9195          0.0000
            -0.0000          0.0000          0.9195

     Atom 19  H   pos: (  0.447116  2.309177  0.923651)  dia sigma:           0.92
             0.9194         -0.0000         -0.0000
            -0.0000          0.9194          0.0000
            -0.0000          0.0000          0.9194

     Atom 20  H   pos: (  0.934007  0.656998  1.217994)  dia sigma:           0.92
             0.9195         -0.0000         -0.0000
            -0.0000          0.9195          0.0000
            -0.0000          0.0000          0.9195

     Atom 21  H   pos: (  0.861553  1.516525  0.944411)  dia sigma:           1.12
             1.1170         -0.0000         -0.0000
            -0.0000          1.1170          0.0000
            -0.0000          0.0000          1.1170

     Atom 22  H   pos: (  0.519665  3.168600  1.196972)  dia sigma:           1.12
             1.1171         -0.0000         -0.0000
            -0.0000          1.1171          0.0000
            -0.0000          0.0000          1.1171

     Atom 23  H   pos: (  0.059199  1.786135  0.483335)  dia sigma:           1.12
             1.1170         -0.0000         -0.0000
            -0.0000          1.1170          0.0000
            -0.0000          0.0000          1.1170

     Atom 24  H   pos: (  0.401086  0.134059  0.230774)  dia sigma:           1.12
             1.1171         -0.0000         -0.0000
            -0.0000          1.1171          0.0000
            -0.0000          0.0000          1.1171

     Atom 25  H   pos: (  0.263438  1.589685  1.142435)  dia sigma:           1.14
             1.1412         -0.0000         -0.0000
            -0.0000          1.1412          0.0000
            -0.0000          0.0000          1.1412

     Atom 26  H   pos: (  0.117728  3.241734  0.999055)  dia sigma:           1.14
             1.1410         -0.0000         -0.0000
            -0.0000          1.1410          0.0000
            -0.0000          0.0000          1.1410

     Atom 27  H   pos: (  0.657314  1.712974  0.285311)  dia sigma:           1.14
             1.1412         -0.0000         -0.0000
            -0.0000          1.1412          0.0000
            -0.0000          0.0000          1.1412

     Atom 28  H   pos: (  0.803023  0.060925  0.428692)  dia sigma:           1.14
             1.1410         -0.0000         -0.0000
            -0.0000          1.1410          0.0000
            -0.0000          0.0000          1.1410

     Atom 29  H   pos: ( -0.048630  1.307401  1.327011)  dia sigma:           1.12
             1.1211         -0.0000         -0.0000
            -0.0000          1.1211          0.0000
            -0.0000          0.0000          1.1211

     Atom 30  H   pos: (  0.429724  2.959365  0.814502)  dia sigma:           1.12
             1.1213         -0.0000         -0.0000
            -0.0000          1.1213          0.0000
            -0.0000          0.0000          1.1213

     Atom 31  H   pos: (  0.969381  1.995258  0.100736)  dia sigma:           1.12
             1.1211         -0.0000         -0.0000
            -0.0000          1.1211          0.0000
            -0.0000          0.0000          1.1211

     Atom 32  H   pos: (  0.491027  0.343294  0.613244)  dia sigma:           1.12
             1.1213         -0.0000         -0.0000
            -0.0000          1.1213          0.0000
            -0.0000          0.0000          1.1213

     Paramagnetic contribution in ppm:
 
     Atom  1  O   pos: (  0.443172  1.175744  0.682930)  para sigma:        -110.45
           -74.2383        -61.3136        -23.8098
           -23.3844       -191.5017        -72.0569
            -4.9533        -23.9853        -65.6137

     Atom  2  O   pos: (  0.017259  2.827889  0.030906)  para sigma:        -110.46
           -74.2373         61.2793        -23.7754
            23.3516       -191.4674         72.1155
            -4.9130         24.0715        -65.6663

     Atom  3  O   pos: (  0.477580  2.126915  0.744817)  para sigma:        -110.45
           -74.2383        -61.3136        -23.8098
           -23.3844       -191.5017        -72.0569
            -4.9533        -23.9853        -65.6137

     Atom  4  O   pos: (  0.903493  0.474771  1.396840)  para sigma:        -110.46
           -74.2373         61.2793        -23.7754
            23.3516       -191.4674         72.1155
            -4.9130         24.0715        -65.6663

     Atom  5  C   pos: (  0.175922  1.117281  0.874290)  para sigma:        -127.30
          -134.2558         -1.8821         41.1517
           -11.2602       -120.1622        -10.7669
            36.0883        -21.9693       -127.4836

     Atom  6  C   pos: (  0.205215  2.769393  1.267257)  para sigma:        -127.31
          -134.2709          1.8932         41.1643
            11.2749       -120.1643         10.7602
            36.1008         21.9676       -127.5082

     Atom  7  C   pos: (  0.744830  2.185379  0.553456)  para sigma:        -127.30
          -134.2558         -1.8821         41.1517
           -11.2602       -120.1622        -10.7669
            36.0883        -21.9693       -127.4836

     Atom  8  C   pos: (  0.715537  0.533267  0.160490)  para sigma:        -127.31
          -134.2709          1.8932         41.1643
            11.2749       -120.1643         10.7602
            36.1008         21.9676       -127.5082

     Atom  9  O   pos: (  0.005614  0.855266  0.853358)  para sigma:        -188.64
          -215.1905        -87.4589        135.4784
           -82.8189       -204.8961        -58.9623
           140.5182        -49.9020       -145.8460

     Atom 10  O   pos: (  0.375570  2.507365  1.288263)  para sigma:        -188.74
          -215.2763         87.5157        135.5207
            82.8799       -204.9434         58.9711
           140.5510         49.9263       -145.9872

     Atom 11  O   pos: (  0.915137  2.447394  0.574388)  para sigma:        -188.64
          -215.1905        -87.4589        135.4784
           -82.8189       -204.8961        -58.9623
           140.5182        -49.9020       -145.8460

     Atom 12  O   pos: (  0.545181  0.795294  0.139484)  para sigma:        -188.74
          -215.2763         87.5157        135.5207
            82.8799       -204.9434         58.9711
           140.5510         49.9263       -145.9872

     Atom 13  C   pos: (  0.066751  1.403432  1.093013)  para sigma:         -53.22
           -58.7196         -2.2210         -3.6925
            -1.0654        -49.0389          7.5451
            -3.2050          5.6396        -51.8930

     Atom 14  C   pos: (  0.314440  3.055446  1.048482)  para sigma:         -53.23
           -58.7363          2.2218         -3.6861
             1.0634        -49.0494         -7.5457
            -3.1990         -5.6504        -51.8903

     Atom 15  C   pos: (  0.854000  1.899227  0.334733)  para sigma:         -53.22
           -58.7196         -2.2210         -3.6925
            -1.0654        -49.0389          7.5451
            -3.2050          5.6396        -51.8930

     Atom 16  C   pos: (  0.606311  0.247213  0.379264)  para sigma:         -53.23
           -58.7363          2.2218         -3.6861
             1.0634        -49.0494         -7.5457
            -3.1990         -5.6504        -51.8903

     Atom 17  H   pos: (  0.473635  0.993482  0.504096)  para sigma:           0.00
             0.0000          0.0000          0.0000
             0.0000          0.0000          0.0000
             0.0000          0.0000          0.0000

     Atom 18  H   pos: ( -0.013256  2.645661  0.209752)  para sigma:           0.00
             0.0000          0.0000          0.0000
             0.0000          0.0000          0.0000
             0.0000          0.0000          0.0000

     Atom 19  H   pos: (  0.447116  2.309177  0.923651)  para sigma:           0.00
             0.0000          0.0000          0.0000
             0.0000          0.0000          0.0000
             0.0000          0.0000          0.0000

     Atom 20  H   pos: (  0.934007  0.656998  1.217994)  para sigma:           0.00
             0.0000          0.0000          0.0000
             0.0000          0.0000          0.0000
             0.0000          0.0000          0.0000

     Atom 21  H   pos: (  0.861553  1.516525  0.944411)  para sigma:           0.00
             0.0000          0.0000          0.0000
             0.0000          0.0000          0.0000
             0.0000          0.0000          0.0000

     Atom 22  H   pos: (  0.519665  3.168600  1.196972)  para sigma:           0.00
             0.0000          0.0000          0.0000
             0.0000          0.0000          0.0000
             0.0000          0.0000          0.0000

     Atom 23  H   pos: (  0.059199  1.786135  0.483335)  para sigma:           0.00
             0.0000          0.0000          0.0000
             0.0000          0.0000          0.0000
             0.0000          0.0000          0.0000

     Atom 24  H   pos: (  0.401086  0.134059  0.230774)  para sigma:           0.00
             0.0000          0.0000          0.0000
             0.0000          0.0000          0.0000
             0.0000          0.0000          0.0000

     Atom 25  H   pos: (  0.263438  1.589685  1.142435)  para sigma:           0.00
             0.0000          0.0000          0.0000
             0.0000          0.0000          0.0000
             0.0000          0.0000          0.0000

     Atom 26  H   pos: (  0.117728  3.241734  0.999055)  para sigma:           0.00
             0.0000          0.0000          0.0000
             0.0000          0.0000          0.0000
             0.0000          0.0000          0.0000

     Atom 27  H   pos: (  0.657314  1.712974  0.285311)  para sigma:           0.00
             0.0000          0.0000          0.0000
             0.0000          0.0000          0.0000
             0.0000          0.0000          0.0000

     Atom 28  H   pos: (  0.803023  0.060925  0.428692)  para sigma:           0.00
             0.0000          0.0000          0.0000
             0.0000          0.0000          0.0000
             0.0000          0.0000          0.0000

     Atom 29  H   pos: ( -0.048630  1.307401  1.327011)  para sigma:           0.00
             0.0000          0.0000          0.0000
             0.0000          0.0000          0.0000
             0.0000          0.0000          0.0000

     Atom 30  H   pos: (  0.429724  2.959365  0.814502)  para sigma:           0.00
             0.0000          0.0000          0.0000
             0.0000          0.0000          0.0000
             0.0000          0.0000          0.0000

     Atom 31  H   pos: (  0.969381  1.995258  0.100736)  para sigma:           0.00
             0.0000          0.0000          0.0000
             0.0000          0.0000          0.0000
             0.0000          0.0000          0.0000

     Atom 32  H   pos: (  0.491027  0.343294  0.613244)  para sigma:           0.00
             0.0000          0.0000          0.0000
             0.0000          0.0000          0.0000
             0.0000          0.0000          0.0000

     Paramagnetic US occ-occ contribution in ppm:
 
     Atom  1  O   pos: (  0.443172  1.175744  0.682930)  para_oo sigma:          -1.78
            -0.8964         -0.1388          0.7725
             0.8040         -2.4726         -2.3929
             1.3312         -1.5304         -1.9710

     Atom  2  O   pos: (  0.017259  2.827889  0.030906)  para_oo sigma:          -1.78
            -0.8959          0.1392          0.7722
            -0.8034         -2.4720          2.3929
             1.3314          1.5306         -1.9723

     Atom  3  O   pos: (  0.477580  2.126915  0.744817)  para_oo sigma:          -1.78
            -0.8964         -0.1388          0.7725
             0.8040         -2.4726         -2.3929
             1.3312         -1.5304         -1.9710

     Atom  4  O   pos: (  0.903493  0.474771  1.396840)  para_oo sigma:          -1.78
            -0.8959          0.1392          0.7722
            -0.8034         -2.4720          2.3929
             1.3314          1.5306         -1.9723

     Atom  5  C   pos: (  0.175922  1.117281  0.874290)  para_oo sigma:          -1.64
            -1.3116          0.4369          0.5025
             0.4536         -1.6240         -0.6834
             0.5956         -0.7444         -1.9850

     Atom  6  C   pos: (  0.205215  2.769393  1.267257)  para_oo sigma:          -1.64
            -1.3108         -0.4361          0.5023
            -0.4530         -1.6239          0.6834
             0.5955          0.7443         -1.9844

     Atom  7  C   pos: (  0.744830  2.185379  0.553456)  para_oo sigma:          -1.64
            -1.3116          0.4369          0.5025
             0.4536         -1.6240         -0.6834
             0.5956         -0.7444         -1.9850

     Atom  8  C   pos: (  0.715537  0.533267  0.160490)  para_oo sigma:          -1.64
            -1.3108         -0.4361          0.5023
            -0.4530         -1.6239          0.6834
             0.5955          0.7443         -1.9844

     Atom  9  O   pos: (  0.005614  0.855266  0.853358)  para_oo sigma:          -2.20
            -1.0760          1.4729          1.2650
            -0.5728         -3.2490         -1.1671
            -0.0998         -3.0975         -2.2836

     Atom 10  O   pos: (  0.375570  2.507365  1.288263)  para_oo sigma:          -2.20
            -1.0753         -1.4721          1.2654
             0.5735         -3.2478          1.1676
            -0.1002          3.0976         -2.2837

     Atom 11  O   pos: (  0.915137  2.447394  0.574388)  para_oo sigma:          -2.20
            -1.0760          1.4729          1.2650
            -0.5728         -3.2490         -1.1671
            -0.0998         -3.0975         -2.2836

     Atom 12  O   pos: (  0.545181  0.795294  0.139484)  para_oo sigma:          -2.20
            -1.0753         -1.4721          1.2654
             0.5735         -3.2478          1.1676
            -0.1002          3.0976         -2.2837

     Atom 13  C   pos: (  0.066751  1.403432  1.093013)  para_oo sigma:          -0.32
            -0.4079         -0.1676          0.1327
            -0.1814         -0.3479          0.0568
             0.0993          0.0240         -0.2121

     Atom 14  C   pos: (  0.314440  3.055446  1.048482)  para_oo sigma:          -0.32
            -0.4079          0.1677          0.1327
             0.1814         -0.3480         -0.0567
             0.0994         -0.0239         -0.2122

     Atom 15  C   pos: (  0.854000  1.899227  0.334733)  para_oo sigma:          -0.32
            -0.4079         -0.1676          0.1327
            -0.1814         -0.3479          0.0568
             0.0993          0.0240         -0.2121

     Atom 16  C   pos: (  0.606311  0.247213  0.379264)  para_oo sigma:          -0.32
            -0.4079          0.1677          0.1327
             0.1814         -0.3480         -0.0567
             0.0994         -0.0239         -0.2122

     Atom 17  H   pos: (  0.473635  0.993482  0.504096)  para_oo sigma:           0.00
             0.0000          0.0000          0.0000
             0.0000          0.0000          0.0000
             0.0000          0.0000          0.0000

     Atom 18  H   pos: ( -0.013256  2.645661  0.209752)  para_oo sigma:           0.00
             0.0000          0.0000          0.0000
             0.0000          0.0000          0.0000
             0.0000          0.0000          0.0000

     Atom 19  H   pos: (  0.447116  2.309177  0.923651)  para_oo sigma:           0.00
             0.0000          0.0000          0.0000
             0.0000          0.0000          0.0000
             0.0000          0.0000          0.0000

     Atom 20  H   pos: (  0.934007  0.656998  1.217994)  para_oo sigma:           0.00
             0.0000          0.0000          0.0000
             0.0000          0.0000          0.0000
             0.0000          0.0000          0.0000

     Atom 21  H   pos: (  0.861553  1.516525  0.944411)  para_oo sigma:           0.00
             0.0000          0.0000          0.0000
             0.0000          0.0000          0.0000
             0.0000          0.0000          0.0000

     Atom 22  H   pos: (  0.519665  3.168600  1.196972)  para_oo sigma:           0.00
             0.0000          0.0000          0.0000
             0.0000          0.0000          0.0000
             0.0000          0.0000          0.0000

     Atom 23  H   pos: (  0.059199  1.786135  0.483335)  para_oo sigma:           0.00
             0.0000          0.0000          0.0000
             0.0000          0.0000          0.0000
             0.0000          0.0000          0.0000

     Atom 24  H   pos: (  0.401086  0.134059  0.230774)  para_oo sigma:           0.00
             0.0000          0.0000          0.0000
             0.0000          0.0000          0.0000
             0.0000          0.0000          0.0000

     Atom 25  H   pos: (  0.263438  1.589685  1.142435)  para_oo sigma:           0.00
             0.0000          0.0000          0.0000
             0.0000          0.0000          0.0000
             0.0000          0.0000          0.0000

     Atom 26  H   pos: (  0.117728  3.241734  0.999055)  para_oo sigma:           0.00
             0.0000          0.0000          0.0000
             0.0000          0.0000          0.0000
             0.0000          0.0000          0.0000

     Atom 27  H   pos: (  0.657314  1.712974  0.285311)  para_oo sigma:           0.00
             0.0000          0.0000          0.0000
             0.0000          0.0000          0.0000
             0.0000          0.0000          0.0000

     Atom 28  H   pos: (  0.803023  0.060925  0.428692)  para_oo sigma:           0.00
             0.0000          0.0000          0.0000
             0.0000          0.0000          0.0000
             0.0000          0.0000          0.0000

     Atom 29  H   pos: ( -0.048630  1.307401  1.327011)  para_oo sigma:           0.00
             0.0000          0.0000          0.0000
             0.0000          0.0000          0.0000
             0.0000          0.0000          0.0000

     Atom 30  H   pos: (  0.429724  2.959365  0.814502)  para_oo sigma:           0.00
             0.0000          0.0000          0.0000
             0.0000          0.0000          0.0000
             0.0000          0.0000          0.0000

     Atom 31  H   pos: (  0.969381  1.995258  0.100736)  para_oo sigma:           0.00
             0.0000          0.0000          0.0000
             0.0000          0.0000          0.0000
             0.0000          0.0000          0.0000

     Atom 32  H   pos: (  0.491027  0.343294  0.613244)  para_oo sigma:           0.00
             0.0000          0.0000          0.0000
             0.0000          0.0000          0.0000
             0.0000          0.0000          0.0000

     Paramagnetic US L_R Q_R contribution in ppm:
 
     Atom  1  O   pos: (  0.443172  1.175744  0.682930)  para_lq sigma:        -142.14
          -135.9637         -5.6207          5.0339
             1.7272       -148.5214        -18.2898
             9.8444        -10.1805       -141.9460

     Atom  2  O   pos: (  0.017259  2.827889  0.030906)  para_lq sigma:        -142.14
          -135.9598          5.6179          5.0360
            -1.7310       -148.5155         18.2914
             9.8497         10.1827       -141.9536

     Atom  3  O   pos: (  0.477580  2.126915  0.744817)  para_lq sigma:        -142.14
          -135.9637         -5.6207          5.0339
             1.7272       -148.5214        -18.2898
             9.8444        -10.1805       -141.9460

     Atom  4  O   pos: (  0.903493  0.474771  1.396840)  para_lq sigma:        -142.14
          -135.9598          5.6179          5.0360
            -1.7310       -148.5155         18.2914
             9.8497         10.1827       -141.9536

     Atom  5  C   pos: (  0.175922  1.117281  0.874290)  para_lq sigma:         -17.06
           -16.8435          2.0175          4.4266
             0.9744        -15.7113         -2.2337
             4.0529         -3.7833        -18.6319

     Atom  6  C   pos: (  0.205215  2.769393  1.267257)  para_lq sigma:         -17.06
           -16.8447         -2.0157          4.4290
            -0.9717        -15.7122          2.2331
             4.0555          3.7833        -18.6347

     Atom  7  C   pos: (  0.744830  2.185379  0.553456)  para_lq sigma:         -17.06
           -16.8435          2.0175          4.4266
             0.9744        -15.7113         -2.2337
             4.0529         -3.7833        -18.6319

     Atom  8  C   pos: (  0.715537  0.533267  0.160490)  para_lq sigma:         -17.06
           -16.8447         -2.0157          4.4290
            -0.9717        -15.7122          2.2331
             4.0555          3.7833        -18.6347

     Atom  9  O   pos: (  0.005614  0.855266  0.853358)  para_lq sigma:        -152.64
          -148.0426         -9.9412          6.7498
           -16.1013       -165.4268         -5.0987
             2.6078        -10.9108       -144.4633

     Atom 10  O   pos: (  0.375570  2.507365  1.288263)  para_lq sigma:        -152.66
          -148.0598          9.9491          6.7537
            16.1097       -165.4443          5.1027
             2.6079         10.9142       -144.4838

     Atom 11  O   pos: (  0.915137  2.447394  0.574388)  para_lq sigma:        -152.64
          -148.0426         -9.9412          6.7498
           -16.1013       -165.4268         -5.0987
             2.6078        -10.9108       -144.4633

     Atom 12  O   pos: (  0.545181  0.795294  0.139484)  para_lq sigma:        -152.66
          -148.0598          9.9491          6.7537
            16.1097       -165.4443          5.1027
             2.6079         10.9142       -144.4838

     Atom 13  C   pos: (  0.066751  1.403432  1.093013)  para_lq sigma:         -11.51
           -11.9026         -0.5969          0.2644
            -0.6423        -11.4046          0.3733
             0.1956          0.1939        -11.2354

     Atom 14  C   pos: (  0.314440  3.055446  1.048482)  para_lq sigma:         -11.51
           -11.9023          0.5964          0.2646
             0.6413        -11.4045         -0.3732
             0.1961         -0.1942        -11.2351

     Atom 15  C   pos: (  0.854000  1.899227  0.334733)  para_lq sigma:         -11.51
           -11.9026         -0.5969          0.2644
            -0.6423        -11.4046          0.3733
             0.1956          0.1939        -11.2354

     Atom 16  C   pos: (  0.606311  0.247213  0.379264)  para_lq sigma:         -11.51
           -11.9023          0.5964          0.2646
             0.6413        -11.4045         -0.3732
             0.1961         -0.1942        -11.2351

     Atom 17  H   pos: (  0.473635  0.993482  0.504096)  para_lq sigma:           0.00
             0.0000          0.0000          0.0000
             0.0000          0.0000          0.0000
             0.0000          0.0000          0.0000

     Atom 18  H   pos: ( -0.013256  2.645661  0.209752)  para_lq sigma:           0.00
             0.0000          0.0000          0.0000
             0.0000          0.0000          0.0000
             0.0000          0.0000          0.0000

     Atom 19  H   pos: (  0.447116  2.309177  0.923651)  para_lq sigma:           0.00
             0.0000          0.0000          0.0000
             0.0000          0.0000          0.0000
             0.0000          0.0000          0.0000

     Atom 20  H   pos: (  0.934007  0.656998  1.217994)  para_lq sigma:           0.00
             0.0000          0.0000          0.0000
             0.0000          0.0000          0.0000
             0.0000          0.0000          0.0000

     Atom 21  H   pos: (  0.861553  1.516525  0.944411)  para_lq sigma:           0.00
             0.0000          0.0000          0.0000
             0.0000          0.0000          0.0000
             0.0000          0.0000          0.0000

     Atom 22  H   pos: (  0.519665  3.168600  1.196972)  para_lq sigma:           0.00
             0.0000          0.0000          0.0000
             0.0000          0.0000          0.0000
             0.0000          0.0000          0.0000

     Atom 23  H   pos: (  0.059199  1.786135  0.483335)  para_lq sigma:           0.00
             0.0000          0.0000          0.0000
             0.0000          0.0000          0.0000
             0.0000          0.0000          0.0000

     Atom 24  H   pos: (  0.401086  0.134059  0.230774)  para_lq sigma:           0.00
             0.0000          0.0000          0.0000
             0.0000          0.0000          0.0000
             0.0000          0.0000          0.0000

     Atom 25  H   pos: (  0.263438  1.589685  1.142435)  para_lq sigma:           0.00
             0.0000          0.0000          0.0000
             0.0000          0.0000          0.0000
             0.0000          0.0000          0.0000

     Atom 26  H   pos: (  0.117728  3.241734  0.999055)  para_lq sigma:           0.00
             0.0000          0.0000          0.0000
             0.0000          0.0000          0.0000
             0.0000          0.0000          0.0000

     Atom 27  H   pos: (  0.657314  1.712974  0.285311)  para_lq sigma:           0.00
             0.0000          0.0000          0.0000
             0.0000          0.0000          0.0000
             0.0000          0.0000          0.0000

     Atom 28  H   pos: (  0.803023  0.060925  0.428692)  para_lq sigma:           0.00
             0.0000          0.0000          0.0000
             0.0000          0.0000          0.0000
             0.0000          0.0000          0.0000

     Atom 29  H   pos: ( -0.048630  1.307401  1.327011)  para_lq sigma:           0.00
             0.0000          0.0000          0.0000
             0.0000          0.0000          0.0000
             0.0000          0.0000          0.0000

     Atom 30  H   pos: (  0.429724  2.959365  0.814502)  para_lq sigma:           0.00
             0.0000          0.0000          0.0000
             0.0000          0.0000          0.0000
             0.0000          0.0000          0.0000

     Atom 31  H   pos: (  0.969381  1.995258  0.100736)  para_lq sigma:           0.00
             0.0000          0.0000          0.0000
             0.0000          0.0000          0.0000
             0.0000          0.0000          0.0000

     Atom 32  H   pos: (  0.491027  0.343294  0.613244)  para_lq sigma:           0.00
             0.0000          0.0000          0.0000
             0.0000          0.0000          0.0000
             0.0000          0.0000          0.0000

 
     Total NMR chemical shifts in ppm: ---------------------------------------
     (adopting the Simpson convention for anisotropy and asymmetry)-----------
 
     Atom  1  O   pos: (  0.443172  1.175744  0.682930)  Total sigma:          58.40
           120.1801        -94.0225        -25.8112
           -29.0962        -65.7177       -128.3586
             7.6447        -49.0608        120.7474

     O    1    anisotropy:   -262.65    eta:   -0.1982
     O    1    sigma_11=    128.60    axis=( -0.863211  0.043864  0.502934)
     O    1    sigma_22=    163.31    axis=(  0.439550 -0.424712  0.791464)
     O    1    sigma_33=   -116.70    axis=(  0.248319  0.904265  0.347335)
 
     Atom  2  O   pos: (  0.017259  2.827889  0.030906)  Total sigma:          58.40
           120.1864         93.9712        -25.7597
            29.0439        -65.6622        128.4489
             7.7106         49.1907        120.6623

     O    2    anisotropy:   -262.64    eta:   -0.1990
     O    2    sigma_11=    128.52    axis=( -0.863016 -0.043135  0.503331)
     O    2    sigma_22=    163.36    axis=( -0.440100 -0.424971 -0.791019)
     O    2    sigma_33=   -116.70    axis=(  0.248022 -0.904178  0.347774)
 
     Atom  3  O   pos: (  0.477580  2.126915  0.744817)  Total sigma:          58.40
           120.1801        -94.0225        -25.8112
           -29.0962        -65.7177       -128.3586
             7.6447        -49.0608        120.7474

     O    3    anisotropy:   -262.65    eta:   -0.1982
     O    3    sigma_11=    128.60    axis=( -0.863211  0.043864  0.502934)
     O    3    sigma_22=    163.31    axis=(  0.439550 -0.424712  0.791464)
     O    3    sigma_33=   -116.70    axis=(  0.248319  0.904265  0.347335)
 
     Atom  4  O   pos: (  0.903493  0.474771  1.396840)  Total sigma:          58.40
           120.1864         93.9712        -25.7597
            29.0439        -65.6622        128.4489
             7.7106         49.1907        120.6623

     O    4    anisotropy:   -262.64    eta:   -0.1990
     O    4    sigma_11=    128.52    axis=( -0.863016 -0.043135  0.503331)
     O    4    sigma_22=    163.36    axis=( -0.440100 -0.424971 -0.791019)
     O    4    sigma_33=   -116.70    axis=(  0.248022 -0.904178  0.347774)
 
     Atom  5  C   pos: (  0.175922  1.117281  0.874290)  Total sigma:         -15.36
           -25.7906          3.3052         79.4236
           -16.1231          0.3972        -22.5999
            69.6121        -46.7507        -20.6924

     C    5    anisotropy:   -129.57    eta:   -0.8643
     C    5    sigma_11=     -9.50    axis=(  0.436687  0.883133  0.171408)
     C    5    sigma_22=     65.15    axis=(  0.591336 -0.425375  0.685112)
     C    5    sigma_33=   -101.74    axis=(  0.677957 -0.197820 -0.707984)
 
     Atom  6  C   pos: (  0.205215  2.769393  1.267257)  Total sigma:         -15.39
           -25.8225         -3.2821         79.4531
            16.1551          0.3866         22.5930
            69.6434         46.7501        -20.7374

     C    6    anisotropy:   -129.61    eta:   -0.8644
     C    6    sigma_11=     -9.53    axis=(  0.436543 -0.883159  0.171640)
     C    6    sigma_22=     65.16    axis=( -0.591395 -0.425455 -0.685011)
     C    6    sigma_33=   -101.80    axis=(  0.677999  0.197530 -0.708025)
 
     Atom  7  C   pos: (  0.744830  2.185379  0.553456)  Total sigma:         -15.36
           -25.7906          3.3052         79.4236
           -16.1231          0.3972        -22.5999
            69.6121        -46.7507        -20.6924

     C    7    anisotropy:   -129.57    eta:   -0.8643
     C    7    sigma_11=     -9.50    axis=(  0.436687  0.883133  0.171408)
     C    7    sigma_22=     65.15    axis=(  0.591336 -0.425375  0.685112)
     C    7    sigma_33=   -101.74    axis=(  0.677957 -0.197820 -0.707984)
 
     Atom  8  C   pos: (  0.715537  0.533267  0.160490)  Total sigma:         -15.39
           -25.8225         -3.2821         79.4531
            16.1551          0.3866         22.5930
            69.6434         46.7501        -20.7374

     C    8    anisotropy:   -129.61    eta:   -0.8644
     C    8    sigma_11=     -9.53    axis=(  0.436543 -0.883159  0.171640)
     C    8    sigma_22=     65.16    axis=( -0.591395 -0.425455 -0.685011)
     C    8    sigma_33=   -101.80    axis=(  0.677999  0.197530 -0.708025)
 
     Atom  9  O   pos: (  0.005614  0.855266  0.853358)  Total sigma:         -67.38
           -96.5410       -133.3625        203.5173
          -139.0611       -109.6895        -92.5406
           202.5099        -91.5102          4.0841

     O    9    anisotropy:    453.57    eta:   -0.3933
     O    9    sigma_11=   -159.10    axis=(  0.092999 -0.813311 -0.574349)
     O    9    sigma_22=   -278.04    axis=( -0.799738 -0.404637  0.443495)
     O    9    sigma_33=    235.00    axis=( -0.593102  0.418084 -0.688067)
 
     Atom 10  O   pos: (  0.375570  2.507365  1.288263)  Total sigma:         -67.54
           -96.6902        133.4541        203.5852
           139.1593       -109.7837         92.5613
           202.5582         91.5497          3.8537

     O   10    anisotropy:    453.70    eta:   -0.3935
     O   10    sigma_11=   -159.26    axis=(  0.092766  0.813258 -0.574462)
     O   10    sigma_22=   -278.29    axis=( -0.799717  0.404566  0.443597)
     O   10    sigma_33=    234.93    axis=(  0.593167  0.418256  0.687906)
 
     Atom 11  O   pos: (  0.915137  2.447394  0.574388)  Total sigma:         -67.38
           -96.5410       -133.3625        203.5173
          -139.0611       -109.6895        -92.5406
           202.5099        -91.5102          4.0841

     O   11    anisotropy:    453.57    eta:   -0.3933
     O   11    sigma_11=   -159.10    axis=(  0.092999 -0.813311 -0.574349)
     O   11    sigma_22=   -278.04    axis=( -0.799738 -0.404637  0.443495)
     O   11    sigma_33=    235.00    axis=( -0.593102  0.418084 -0.688067)
 
     Atom 12  O   pos: (  0.545181  0.795294  0.139484)  Total sigma:         -67.54
           -96.6902        133.4541        203.5852
           139.1593       -109.7837         92.5613
           202.5582         91.5497          3.8537

     O   12    anisotropy:    453.70    eta:   -0.3935
     O   12    sigma_11=   -159.26    axis=(  0.092766  0.813258 -0.574462)
     O   12    sigma_22=   -278.29    axis=( -0.799717  0.404566  0.443597)
     O   12    sigma_33=    234.93    axis=(  0.593167  0.418256  0.687906)
 
     Atom 13  C   pos: (  0.066751  1.403432  1.093013)  Total sigma:         149.70
           136.6269         -4.5162         -8.3748
            -2.4020        160.3870         17.7567
            -7.5330         13.4646        152.0884

     C   13    anisotropy:     36.38    eta:   -0.3964
     C   13    sigma_11=    142.38    axis=( -0.476358 -0.626413  0.617001)
     C   13    sigma_22=    132.77    axis=( -0.855756  0.169168 -0.488941)
     C   13    sigma_33=    173.96    axis=( -0.201902  0.760913  0.616641)
 
     Atom 14  C   pos: (  0.314440  3.055446  1.048482)  Total sigma:         149.69
           136.5958          4.5152         -8.3595
             2.3946        160.3609        -17.7597
            -7.5178        -13.4867        152.1023

     C   14    anisotropy:     36.40    eta:   -0.3955
     C   14    sigma_11=    142.35    axis=( -0.475272  0.626821  0.617424)
     C   14    sigma_22=    132.76    axis=(  0.856456  0.168887  0.487813)
     C   14    sigma_33=    173.95    axis=( -0.201496 -0.760640  0.617111)
 
     Atom 15  C   pos: (  0.854000  1.899227  0.334733)  Total sigma:         149.70
           136.6269         -4.5162         -8.3748
            -2.4020        160.3870         17.7567
            -7.5330         13.4646        152.0884

     C   15    anisotropy:     36.38    eta:   -0.3964
     C   15    sigma_11=    142.38    axis=( -0.476358 -0.626413  0.617001)
     C   15    sigma_22=    132.77    axis=( -0.855756  0.169168 -0.488941)
     C   15    sigma_33=    173.96    axis=( -0.201902  0.760913  0.616641)
 
     Atom 16  C   pos: (  0.606311  0.247213  0.379264)  Total sigma:         149.69
           136.5958          4.5152         -8.3595
             2.3946        160.3609        -17.7597
            -7.5178        -13.4867        152.1023

     C   16    anisotropy:     36.40    eta:   -0.3955
     C   16    sigma_11=    142.35    axis=( -0.475272  0.626821  0.617424)
     C   16    sigma_22=    132.76    axis=(  0.856456  0.168887  0.487813)
     C   16    sigma_33=    173.95    axis=( -0.201496 -0.760640  0.617111)
 
     Atom 17  H   pos: (  0.473635  0.993482  0.504096)  Total sigma:          18.46
            12.5602         -4.4242         -2.6993
            -4.9970         16.8131         10.1439
            -4.5708         11.4666         25.9976

     H   17    anisotropy:     24.21    eta:   -0.2481
     H   17    sigma_11=     12.39    axis=(  0.797681 -0.350083  0.491066)
     H   17    sigma_22=      8.39    axis=( -0.549223 -0.758049  0.351734)
     H   17    sigma_33=     34.59    axis=( -0.249116  0.550277  0.796955)
 
     Atom 18  H   pos: ( -0.013256  2.645661  0.209752)  Total sigma:          18.46
            12.5648          4.4250         -2.7000
             4.9946         16.8124        -10.1368
            -4.5697        -11.4591         25.9951

     H   18    anisotropy:     24.19    eta:   -0.2482
     H   18    sigma_11=     12.39    axis=(  0.797580  0.350174  0.491167)
     H   18    sigma_22=      8.39    axis=(  0.549322 -0.758055 -0.351565)
     H   18    sigma_33=     34.59    axis=( -0.249222 -0.550210  0.796968)
 
     Atom 19  H   pos: (  0.447116  2.309177  0.923651)  Total sigma:          18.46
            12.5602         -4.4242         -2.6993
            -4.9970         16.8131         10.1439
            -4.5708         11.4666         25.9976

     H   19    anisotropy:     24.21    eta:   -0.2481
     H   19    sigma_11=     12.39    axis=(  0.797681 -0.350083  0.491066)
     H   19    sigma_22=      8.39    axis=( -0.549223 -0.758048  0.351734)
     H   19    sigma_33=     34.59    axis=( -0.249116  0.550277  0.796955)
 
     Atom 20  H   pos: (  0.934007  0.656998  1.217994)  Total sigma:          18.46
            12.5648          4.4250         -2.7000
             4.9946         16.8124        -10.1368
            -4.5697        -11.4591         25.9951

     H   20    anisotropy:     24.19    eta:   -0.2482
     H   20    sigma_11=     12.39    axis=(  0.797580  0.350174  0.491167)
     H   20    sigma_22=      8.39    axis=(  0.549322 -0.758055 -0.351565)
     H   20    sigma_33=     34.59    axis=( -0.249222 -0.550210  0.796968)
 
     Atom 21  H   pos: (  0.861553  1.516525  0.944411)  Total sigma:          27.94
            29.2873         -0.9478          1.5409
            -0.5834         28.3142         -2.3939
             2.0277         -1.9519         26.2101

     H   21    anisotropy:     -5.07    eta:   -0.9186
     H   21    sigma_11=     28.07    axis=(  0.688302  0.706493 -0.164642)
     H   21    sigma_22=     31.18    axis=( -0.680246  0.549751 -0.484809)
     H   21    sigma_33=     24.56    axis=( -0.252002  0.445692  0.858984)
 
     Atom 22  H   pos: (  0.519665  3.168600  1.196972)  Total sigma:          27.94
            29.2898          0.9519          1.5406
             0.5864         28.3041          2.3938
             2.0286          1.9548         26.2196

     H   22    anisotropy:     -5.06    eta:   -0.9229
     H   22    sigma_11=     28.07    axis=( -0.687980  0.706338  0.166643)
     H   22    sigma_22=     31.18    axis=( -0.680818 -0.548638 -0.485266)
     H   22    sigma_33=     24.56    axis=( -0.251336 -0.447307  0.858340)
 
     Atom 23  H   pos: (  0.059199  1.786135  0.483335)  Total sigma:          27.94
            29.2873         -0.9478          1.5409
            -0.5834         28.3142         -2.3939
             2.0277         -1.9519         26.2101

     H   23    anisotropy:     -5.07    eta:   -0.9186
     H   23    sigma_11=     28.07    axis=(  0.688302  0.706493 -0.164642)
     H   23    sigma_22=     31.18    axis=( -0.680246  0.549751 -0.484809)
     H   23    sigma_33=     24.56    axis=( -0.252002  0.445692  0.858984)
 
     Atom 24  H   pos: (  0.401086  0.134059  0.230774)  Total sigma:          27.94
            29.2898          0.9519          1.5406
             0.5864         28.3041          2.3938
             2.0286          1.9548         26.2196

     H   24    anisotropy:     -5.06    eta:   -0.9229
     H   24    sigma_11=     28.07    axis=( -0.687980  0.706338  0.166643)
     H   24    sigma_22=     31.18    axis=( -0.680818 -0.548638 -0.485266)
     H   24    sigma_33=     24.56    axis=( -0.251336 -0.447307  0.858340)
 
     Atom 25  H   pos: (  0.263438  1.589685  1.142435)  Total sigma:          28.63
            28.4353          2.6515         -1.2693
             4.8267         30.4354          0.6524
            -0.2689          1.7563         27.0177

     H   25    anisotropy:      7.07    eta:   -0.6426
     H   25    sigma_11=     27.79    axis=( -0.455072  0.254432  0.853331)
     H   25    sigma_22=     24.76    axis=( -0.661544  0.544863 -0.515252)
     H   25    sigma_33=     33.34    axis=( -0.596045 -0.798993 -0.079634)
 
     Atom 26  H   pos: (  0.117728  3.241734  0.999055)  Total sigma:          28.62
            28.4311         -2.6551         -1.2704
            -4.8292         30.4201         -0.6489
            -0.2694         -1.7536         27.0215

     H   26    anisotropy:      7.07    eta:   -0.6444
     H   26    sigma_11=     27.79    axis=( -0.452997 -0.253861  0.854604)
     H   26    sigma_22=     24.75    axis=(  0.662303  0.545863  0.513214)
     H   26    sigma_33=     33.34    axis=( -0.596782  0.798491 -0.079142)
 
     Atom 27  H   pos: (  0.657314  1.712974  0.285311)  Total sigma:          28.63
            28.4353          2.6515         -1.2693
             4.8267         30.4354          0.6524
            -0.2689          1.7563         27.0177

     H   27    anisotropy:      7.07    eta:   -0.6426
     H   27    sigma_11=     27.79    axis=( -0.455072  0.254432  0.853331)
     H   27    sigma_22=     24.76    axis=( -0.661544  0.544863 -0.515252)
     H   27    sigma_33=     33.34    axis=( -0.596045 -0.798993 -0.079634)
 
     Atom 28  H   pos: (  0.803023  0.060925  0.428692)  Total sigma:          28.62
            28.4311         -2.6551         -1.2704
            -4.8292         30.4201         -0.6489
            -0.2694         -1.7536         27.0215

     H   28    anisotropy:      7.07    eta:   -0.6444
     H   28    sigma_11=     27.79    axis=( -0.452997 -0.253861  0.854604)
     H   28    sigma_22=     24.75    axis=(  0.662303  0.545863  0.513214)
     H   28    sigma_33=     33.34    axis=( -0.596782  0.798491 -0.079141)
 
     Atom 29  H   pos: ( -0.048630  1.307401  1.327011)  Total sigma:          28.81
            26.7075          1.3926         -2.2047
             1.2307         28.3057         -0.4611
            -2.8101         -0.7355         31.4024

     H   29    anisotropy:      5.92    eta:   -0.7781
     H   29    sigma_11=     28.37    axis=( -0.200792 -0.916323 -0.346460)
     H   29    sigma_22=     25.29    axis=(  0.887012 -0.320169  0.332719)
     H   29    sigma_33=     32.76    axis=( -0.415804 -0.240507  0.877076)
 
     Atom 30  H   pos: (  0.429724  2.959365  0.814502)  Total sigma:          28.81
            26.7081         -1.3894         -2.2037
            -1.2298         28.3055          0.4570
            -2.8108          0.7313         31.4099

     H   30    anisotropy:      5.93    eta:   -0.7782
     H   30    sigma_11=     28.37    axis=( -0.201464  0.916626 -0.345268)
     H   30    sigma_22=     25.30    axis=( -0.887031 -0.320241 -0.332598)
     H   30    sigma_33=     32.76    axis=( -0.415437  0.239256  0.877593)
 
     Atom 31  H   pos: (  0.969381  1.995258  0.100736)  Total sigma:          28.81
            26.7075          1.3926         -2.2047
             1.2307         28.3057         -0.4611
            -2.8101         -0.7355         31.4024

     H   31    anisotropy:      5.92    eta:   -0.7781
     H   31    sigma_11=     28.37    axis=( -0.200792 -0.916323 -0.346460)
     H   31    sigma_22=     25.29    axis=(  0.887012 -0.320169  0.332719)
     H   31    sigma_33=     32.76    axis=( -0.415804 -0.240507  0.877076)
 
     Atom 32  H   pos: (  0.491027  0.343294  0.613244)  Total sigma:          28.81
            26.7081         -1.3894         -2.2037
            -1.2298         28.3055          0.4570
            -2.8108          0.7313         31.4099

     H   32    anisotropy:      5.93    eta:   -0.7782
     H   32    sigma_11=     28.37    axis=( -0.201464  0.916626 -0.345268)
     H   32    sigma_22=     25.30    axis=( -0.887031 -0.320241 -0.332598)
     H   32    sigma_33=     32.76    axis=( -0.415437  0.239256  0.877593)
 
     Initialization:
     gipaw_setup  :      0.22s CPU      0.23s WALL (       1 calls)
 
     Linear response
     greenf       :   3195.95s CPU   3282.63s WALL (     384 calls)
     cgsolve      :   3172.43s CPU   3259.04s WALL (     384 calls)
     ch_psi       :   3115.59s CPU   3202.25s WALL (   18860 calls)
     h_psiq       :   2441.06s CPU   2527.11s WALL (   18860 calls)
 
     Apply operators
     h_psi        :   2338.11s CPU   2439.91s WALL (   31292 calls)
     apply_vel    :     60.29s CPU     60.38s WALL (     336 calls)
 
     Induced current
     j_para       :    220.73s CPU    226.55s WALL (     432 calls)
     biot_savart  :      0.03s CPU      0.03s WALL (       1 calls)
 
     Other routines
 
     General routines
     calbec       :    795.91s CPU    797.63s WALL (   72260 calls)
     fft          :      0.07s CPU      0.09s WALL (      32 calls)
     fftw         :   1781.22s CPU   1879.77s WALL ( 2394980 calls)
     davcio       :      0.03s CPU      0.31s WALL (     256 calls)
 
     Parallel routines
     fft_scatter  :    510.22s CPU    547.92s WALL ( 2395012 calls)
 
     Plugins
 
     GIPAW        :   4256.20s CPU   4381.18s WALL (       1 calls)
