
     Program QE v.6.1 (svn rev. 13369) starts on  5Nov2017 at  0: 5:23 

     This program is part of the open-source Quantum ESPRESSO suite
     for quantum simulation of materials; please cite
         "P. Giannozzi et al., J. Phys.:Condens. Matter 21 395502 (2009);
          URL http://www.quantum-espresso.org", 
     in publications or presentations arising from this work. More details at
     http://www.quantum-espresso.org/quote

     Parallel version (MPI), running on     8 processors
     R & G space division:  proc/nbgrp/npool/nimage =       8
 
     ***** This is GIPAW svn revision unknown      *****
 
     Parallelizing q-star over 1 images
     Message from routine gipaw_readin:
     *** iverbosity is obsolete, use verbosity instead ***

     Reading data from directory:
     /scratch/paruzzo/QEspresso/CCDC/AMACET/wfc/scf.save

   Info: using nr1, nr2, nr3 values from input

   Info: using nr1, nr2, nr3 values from input

     IMPORTANT: XC functional enforced from input :
     Exchange-correlation      =  SLA  PW   PBX  PBC ( 1  4  3  4 0 0)
     Any further DFT definition will be discarded
     Please, verify this is what you really want

               file C.pbe-n-kjpaw_psl.0.1.UPF: wavefunction(s)  2P renormalized
               file N.pbe-n-kjpaw_psl.0.1.UPF: wavefunction(s)  2P renormalized
               file H.pbe-kjpaw_psl.0.1.UPF: wavefunction(s)  1S renormalized
               file O.pbe-n-kjpaw_psl.0.1.UPF: wavefunction(s)  2P renormalized
 
     Parallelization info
     --------------------
     sticks:   dense  smooth     PW     G-vecs:    dense   smooth      PW
     Min         526     526    143                49847    49847    7061
     Max         527     527    144                49849    49849    7062
     Sum        4213    4213   1147               398785   398785   56491
 

     Check: negative/imaginary core charge=   -0.000002    0.000000

     Subspace diagonalization in iterative solution of the eigenvalue problem:
     a serial algorithm will be used

     GIPAW projectors -----------------------------------------------
     atom=  C    l=0  rc=    1.3000  rs=    0.8667
     atom=  C    l=0  rc=    1.3000  rs=    0.8667
     atom=  C    l=1  rc=    1.4500  rs=    0.9667
     atom=  C    l=1  rc=    1.4500  rs=    0.9667
     projs nearly linearly dependent: l=0  n1,n2= 1, 2  s=  0.99877758
     projs nearly linearly dependent: l=1  n1,n2= 1, 2  s=  0.99940894
 
     atom=  N    l=0  rc=    1.3000  rs=    0.8667
     atom=  N    l=0  rc=    1.3000  rs=    0.8667
     atom=  N    l=1  rc=    1.4500  rs=    0.9667
     atom=  N    l=1  rc=    1.4500  rs=    0.9667
     projs nearly linearly dependent: l=0  n1,n2= 1, 2  s=  0.99709514
     projs nearly linearly dependent: l=1  n1,n2= 1, 2  s=  0.99857174
 
     atom=  H    l=0  rc=    1.0000  rs=    0.6667
     atom=  H    l=0  rc=    1.0000  rs=    0.6667
     projs nearly linearly dependent: l=0  n1,n2= 1, 2  s=  0.99968852
 
     atom=  O    l=0  rc=    1.3500  rs=    0.9000
     atom=  O    l=0  rc=    1.3500  rs=    0.9000
     atom=  O    l=1  rc=    1.3500  rs=    0.9000
     atom=  O    l=1  rc=    1.3500  rs=    0.9000
     projs nearly linearly dependent: l=0  n1,n2= 1, 2  s=  0.99100135
     projs nearly linearly dependent: l=1  n1,n2= 1, 2  s=  0.99790100
     -----------------------------------------------------------------
 
     alpha_pv=     40.7217 eV
 
     q-space interpolation up to   110.00 Rydberg
 
     GIPAW job: nmr                                                                             
     NMR macroscopic correction: yes
             0.6667          0.0000          0.0000
             0.0000          0.6667          0.0000
             0.0000          0.0000          0.6667

 
     Largest allocated arrays     est. size (Mb)     dimensions
        KS wavefunctions at k           7.25 Mb     (    6248,   76)
        KS wavefunctions at k+q         7.25 Mb     (    6248,   76)
        First-order wavefunctions      72.46 Mb     (    6248,   76, 10)
        First-order wavefunct (US)     43.47 Mb     (    6248,   76,  6)
        Charge/spin density             0.83 Mb     (  109440,    1)
        Induced current                 7.51 Mb     (  109440,    3,3,1)
        Induced magnetic field          7.51 Mb     (  109440,    3,3,1)
        NL pseudopotentials            20.59 Mb     (    6248,  216)
        GIPAW NL terms                 20.59 Mb     (    6248,  216)
 
     Computing the magnetic susceptibility     isolve=0    ethr=  0.1000E-13
     k-point #    1 of    14      pool #  1    cpu time:       8.0
     Rotating WFCS
     Rotating WFCS
     Rotating WFCS
     Rotating WFCS
     Rotating WFCS
     Rotating WFCS
     Rotating WFCS
     k-point #    2 of    14      pool #  1    cpu time:     564.9
     Rotating WFCS
     Rotating WFCS
     Rotating WFCS
     Rotating WFCS
     Rotating WFCS
     Rotating WFCS
     Rotating WFCS
     k-point #    3 of    14      pool #  1    cpu time:    1102.9
     Rotating WFCS
     c_bands:  1 eigenvalues not converged
     Rotating WFCS
     c_bands:  1 eigenvalues not converged
     Rotating WFCS
     c_bands:  1 eigenvalues not converged
     Rotating WFCS
     c_bands:  1 eigenvalues not converged
     Rotating WFCS
     Rotating WFCS
     c_bands:  1 eigenvalues not converged
     Rotating WFCS
     c_bands:  1 eigenvalues not converged
     k-point #    4 of    14      pool #  1    cpu time:    1679.2
     Rotating WFCS
     Rotating WFCS
     Rotating WFCS
     Rotating WFCS
     Rotating WFCS
     Rotating WFCS
     Rotating WFCS
     k-point #    5 of    14      pool #  1    cpu time:    2220.6
     Rotating WFCS
     Rotating WFCS
     Rotating WFCS
     c_bands:  1 eigenvalues not converged
     Rotating WFCS
     Rotating WFCS
     Rotating WFCS
     Rotating WFCS
     k-point #    6 of    14      pool #  1    cpu time:    2786.5
     Rotating WFCS
     Rotating WFCS
     c_bands:  1 eigenvalues not converged
     Rotating WFCS
     c_bands:  1 eigenvalues not converged
     Rotating WFCS
     Rotating WFCS
     Rotating WFCS
     Rotating WFCS
     k-point #    7 of    14      pool #  1    cpu time:    3354.7
     Rotating WFCS
     Rotating WFCS
     Rotating WFCS
     Rotating WFCS
     Rotating WFCS
     Rotating WFCS
     Rotating WFCS
     k-point #    8 of    14      pool #  1    cpu time:    3936.3
     Rotating WFCS
     Rotating WFCS
     c_bands:  1 eigenvalues not converged
     Rotating WFCS
     Rotating WFCS
     c_bands:  1 eigenvalues not converged
     Rotating WFCS
     Rotating WFCS
     Rotating WFCS
     k-point #    9 of    14      pool #  1    cpu time:    4521.1
     Rotating WFCS
     Rotating WFCS
     c_bands:  2 eigenvalues not converged
     Rotating WFCS
     c_bands:  2 eigenvalues not converged
     Rotating WFCS
     c_bands:  1 eigenvalues not converged
     Rotating WFCS
     c_bands:  1 eigenvalues not converged
     Rotating WFCS
     c_bands:  2 eigenvalues not converged
     Rotating WFCS
     c_bands:  2 eigenvalues not converged
     k-point #   10 of    14      pool #  1    cpu time:    5074.4
     Rotating WFCS
     Rotating WFCS
     Rotating WFCS
     Rotating WFCS
     Rotating WFCS
     Rotating WFCS
     Rotating WFCS
     k-point #   11 of    14      pool #  1    cpu time:    5629.5
     Rotating WFCS
     c_bands:  1 eigenvalues not converged
     Rotating WFCS
     Rotating WFCS
     Rotating WFCS
     Rotating WFCS
     Rotating WFCS
     Rotating WFCS
     k-point #   12 of    14      pool #  1    cpu time:    6194.9
     Rotating WFCS
     Rotating WFCS
     Rotating WFCS
     Rotating WFCS
     Rotating WFCS
     Rotating WFCS
     Rotating WFCS
     k-point #   13 of    14      pool #  1    cpu time:    6752.5
     Rotating WFCS
     Rotating WFCS
     Rotating WFCS
     Rotating WFCS
     Rotating WFCS
     Rotating WFCS
     Rotating WFCS
     k-point #   14 of    14      pool #  1    cpu time:    7334.4
     Rotating WFCS
     Rotating WFCS
     c_bands:  1 eigenvalues not converged
     Rotating WFCS
     c_bands:  1 eigenvalues not converged
     Rotating WFCS
     Rotating WFCS
     Rotating WFCS
     c_bands:  1 eigenvalues not converged
     Rotating WFCS
     End of magnetic susceptibility calculation
 
     f-sum rule (1st term):
          -121.8977          0.0000         -0.0559
             0.0000       -121.8969          0.0000
            -0.0551          0.0000       -121.9698

     f-sum rule (2nd term):
            -2.3145         -0.0000          0.0559
            -0.0000         -2.3147          0.0000
             0.0551         -0.0000         -2.2419

     f-sum rule (should be  -124.2119):
          -124.2122         -0.0000         -0.0000
            -0.0000       -124.2116          0.0000
            -0.0000          0.0000       -124.2117

     chi_bare pGv (HH) in paratec units:
       -36.423396     -0.020360      0.968001
        -0.021566    -36.928139     -0.006999
         0.908120     -0.019813    -34.653981

       -36.423396     -0.020360      0.968001
        -0.021566    -36.928139     -0.006999
         0.908120     -0.019813    -34.653981

     chi_bare vGv (VV) in paratec units:
       -37.014305     -0.027788      1.332462
        -0.024668    -37.731912     -0.028862
         1.341367     -0.041379    -34.793613

       -37.014305     -0.027788      1.332462
        -0.024668    -37.731912     -0.028862
         1.341367     -0.041379    -34.793613

     chi_bare pGv (HH) in 10^{-6} cm^3/mol:
          -173.0874         -0.0968          4.6000
            -0.1025       -175.4860         -0.0333
             4.3155         -0.0942       -164.6790

     chi_bare vGv (VV) in 10^{-6} cm^3/mol:
          -175.8955         -0.1321          6.3320
            -0.1172       -179.3056         -0.1372
             6.3743         -0.1966       -165.3425

     Contributions to the NMR chemical shifts: -------------------------------
 
     Macroscopic shape contribution in ppm:                    5.44
             5.5042          0.0000          0.0000
             0.0000          5.5805          0.0000
             0.0000          0.0000          5.2368

 
     Core contribution in ppm:
 
     Atom  1  C   pos: (  0.124154  0.431737  0.962977)  core sigma:         200.51
     Atom  2  C   pos: (  0.641515  1.240381  0.269945)  core sigma:         200.51
     Atom  3  C   pos: (  0.407254  1.185560  1.502816)  core sigma:         200.51
     Atom  4  C   pos: ( -0.110107  0.376916  2.195848)  core sigma:         200.51
     Atom  5  C   pos: (  0.340438  0.624157  0.843801)  core sigma:         200.51
     Atom  6  C   pos: (  0.425213  1.432800  0.389096)  core sigma:         200.51
     Atom  7  C   pos: (  0.190970  0.993140  1.621992)  core sigma:         200.51
     Atom  8  C   pos: (  0.106195  0.184497  2.076697)  core sigma:         200.51
     Atom  9  H   pos: (  0.539097  0.504206  0.817122)  core sigma:           0.00
     Atom 10  H   pos: (  0.226574  1.312827  0.415791)  core sigma:           0.00
     Atom 11  H   pos: ( -0.007688  1.113091  1.648671)  core sigma:           0.00
     Atom 12  H   pos: (  0.304835  0.304470  2.050001)  core sigma:           0.00
     Atom 13  H   pos: (  0.277400  0.710839  0.641582)  core sigma:           0.00
     Atom 14  H   pos: (  0.488254  1.519471  0.591353)  core sigma:           0.00
     Atom 15  H   pos: (  0.254009  0.906457  1.824210)  core sigma:           0.00
     Atom 16  H   pos: (  0.043155  0.097826  1.874440)  core sigma:           0.00
     Atom 17  H   pos: (  0.390593  0.794146  0.989354)  core sigma:           0.00
     Atom 18  H   pos: (  0.375057  1.602784  0.243578)  core sigma:           0.00
     Atom 19  H   pos: (  0.140816  0.823151  1.476439)  core sigma:           0.00
     Atom 20  H   pos: (  0.156351  0.014513  2.222215)  core sigma:           0.00
     Atom 21  O   pos: ( -0.064038  0.329311  0.803315)  core sigma:         271.07
     Atom 22  O   pos: (  0.829678  1.137926  0.429607)  core sigma:         271.07
     Atom 23  O   pos: (  0.595447  1.287986  1.662478)  core sigma:         271.07
     Atom 24  O   pos: ( -0.298269  0.479371  2.036186)  core sigma:         271.07
     Atom 25  O   pos: (  0.142534  0.365567  1.221248)  core sigma:         271.07
     Atom 26  O   pos: (  0.623160  1.174239  0.011652)  core sigma:         271.07
     Atom 27  O   pos: (  0.388875  1.251730  1.244545)  core sigma:         271.07
     Atom 28  O   pos: ( -0.091751  0.443058  2.454141)  core sigma:         271.07
     Atom 29  H   pos: ( -0.107133  1.591714  0.929513)  core sigma:           0.00
     Atom 30  H   pos: (  0.872841  0.783056  0.303382)  core sigma:           0.00
     Atom 31  H   pos: (  0.638542  0.025583  1.536280)  core sigma:           0.00
     Atom 32  H   pos: ( -0.341433  0.834241  2.162411)  core sigma:           0.00
     Atom 33  H   pos: ( -0.129689  1.273377  0.779282)  core sigma:           0.00
     Atom 34  H   pos: (  0.895368  0.464725  0.453624)  core sigma:           0.00
     Atom 35  H   pos: (  0.661098  0.343920  1.686511)  core sigma:           0.00
     Atom 36  H   pos: ( -0.363959  1.152572  2.012169)  core sigma:           0.00
     Atom 37  H   pos: (  0.704871  1.332935  1.091299)  core sigma:           0.00
     Atom 38  H   pos: (  0.060811  0.524246  0.141601)  core sigma:           0.00
     Atom 39  H   pos: ( -0.173462  0.284362  1.374494)  core sigma:           0.00
     Atom 40  H   pos: (  0.470597  1.093051  2.324192)  core sigma:           0.00
     Atom 41  H   pos: (  0.068254  1.318094  1.078561)  core sigma:           0.00
     Atom 42  H   pos: (  0.697430  0.509441  0.154345)  core sigma:           0.00
     Atom 43  H   pos: (  0.463154  0.299203  1.387232)  core sigma:           0.00
     Atom 44  H   pos: ( -0.166021  1.107856  2.311448)  core sigma:           0.00
     Atom 45  N   pos: ( -0.114500  1.377374  0.971543)  core sigma:         235.78
     Atom 46  N   pos: (  0.880190  0.568697  0.261356)  core sigma:         235.78
     Atom 47  N   pos: (  0.645909  0.239922  1.494250)  core sigma:         235.78
     Atom 48  N   pos: ( -0.348781  1.048600  2.204437)  core sigma:         235.78
 
     Bare contribution in ppm:
 
     Atom  1  C   pos: (  0.124154  0.431737  0.962977)  bare sigma:         -82.38
           -82.3276        -26.2718         -3.3719
           -25.4987        -71.7851         11.7946
            -2.3374         10.8457        -93.0411

     Atom  2  C   pos: (  0.641515  1.240381  0.269945)  bare sigma:         -82.38
           -82.3246         26.2750         -3.3674
            25.5023        -71.7877        -11.7875
            -2.3317        -10.8408        -93.0417

     Atom  3  C   pos: (  0.407254  1.185560  1.502816)  bare sigma:         -82.38
           -82.3276        -26.2718         -3.3719
           -25.4987        -71.7851         11.7946
            -2.3374         10.8457        -93.0411

     Atom  4  C   pos: ( -0.110107  0.376916  2.195848)  bare sigma:         -82.38
           -82.3246         26.2750         -3.3674
            25.5023        -71.7877        -11.7875
            -2.3317        -10.8408        -93.0417

     Atom  5  C   pos: (  0.340438  0.624157  0.843801)  bare sigma:           4.19
             3.8230         13.5075         -6.1483
            11.1375          4.8572         -7.3094
            -3.1231         -7.6978          3.8792

     Atom  6  C   pos: (  0.425213  1.432800  0.389096)  bare sigma:           4.19
             3.8216        -13.5069         -6.1494
           -11.1364          4.8534          7.3101
            -3.1236          7.6985          3.8809

     Atom  7  C   pos: (  0.190970  0.993140  1.621992)  bare sigma:           4.19
             3.8230         13.5075         -6.1483
            11.1375          4.8572         -7.3094
            -3.1231         -7.6978          3.8792

     Atom  8  C   pos: (  0.106195  0.184497  2.076697)  bare sigma:           4.19
             3.8216        -13.5069         -6.1494
           -11.1364          4.8534          7.3101
            -3.1236          7.6985          3.8809

     Atom  9  H   pos: (  0.539097  0.504206  0.817122)  bare sigma:          19.94
            26.1778         -4.0907         -0.9792
            -4.1393         16.5634         -0.6046
            -1.6126         -0.5048         17.0757

     Atom 10  H   pos: (  0.226574  1.312827  0.415791)  bare sigma:          19.94
            26.1775          4.0898         -0.9795
             4.1388         16.5652          0.6042
            -1.6126          0.5045         17.0777

     Atom 11  H   pos: ( -0.007688  1.113091  1.648671)  bare sigma:          19.94
            26.1778         -4.0907         -0.9792
            -4.1393         16.5634         -0.6046
            -1.6126         -0.5048         17.0757

     Atom 12  H   pos: (  0.304835  0.304470  2.050001)  bare sigma:          19.94
            26.1775          4.0898         -0.9795
             4.1388         16.5652          0.6042
            -1.6126          0.5045         17.0777

     Atom 13  H   pos: (  0.277400  0.710839  0.641582)  bare sigma:          22.62
            21.2659          1.3680          0.5494
             0.8509         21.1937         -3.5209
             2.7038         -1.7902         25.4152

     Atom 14  H   pos: (  0.488254  1.519471  0.591353)  bare sigma:          22.62
            21.2634         -1.3678          0.5494
            -0.8515         21.1905          3.5202
             2.7033          1.7900         25.4129

     Atom 15  H   pos: (  0.254009  0.906457  1.824210)  bare sigma:          22.62
            21.2659          1.3680          0.5494
             0.8509         21.1937         -3.5209
             2.7038         -1.7902         25.4152

     Atom 16  H   pos: (  0.043155  0.097826  1.874440)  bare sigma:          22.62
            21.2634         -1.3678          0.5494
            -0.8515         21.1905          3.5202
             2.7033          1.7900         25.4129

     Atom 17  H   pos: (  0.390593  0.794146  0.989354)  bare sigma:          21.64
            18.1963          1.2903          1.1118
             2.3650         24.8014          3.8392
             0.4008          2.2709         21.9348

     Atom 18  H   pos: (  0.375057  1.602784  0.243578)  bare sigma:          21.65
            18.1980         -1.2907          1.1118
            -2.3650         24.8028         -3.8398
             0.4005         -2.2708         21.9361

     Atom 19  H   pos: (  0.140816  0.823151  1.476439)  bare sigma:          21.64
            18.1963          1.2903          1.1118
             2.3650         24.8014          3.8392
             0.4008          2.2709         21.9348

     Atom 20  H   pos: (  0.156351  0.014513  2.222215)  bare sigma:          21.65
            18.1980         -1.2907          1.1118
            -2.3650         24.8028         -3.8398
             0.4005         -2.2708         21.9361

     Atom 21  O   pos: ( -0.064038  0.329311  0.803315)  bare sigma:         -16.50
            -0.2691        -35.9924        -19.2265
           -37.5536         16.8974         17.1943
           -11.9708         26.1300        -66.1271

     Atom 22  O   pos: (  0.829678  1.137926  0.429607)  bare sigma:         -16.49
            -0.2618         36.0034        -19.2146
            37.5604         16.9030        -17.1791
           -11.9624        -26.1131        -66.1188

     Atom 23  O   pos: (  0.595447  1.287986  1.662478)  bare sigma:         -16.50
            -0.2691        -35.9924        -19.2265
           -37.5536         16.8974         17.1943
           -11.9708         26.1300        -66.1271

     Atom 24  O   pos: ( -0.298269  0.479371  2.036186)  bare sigma:         -16.49
            -0.2618         36.0034        -19.2146
            37.5604         16.9030        -17.1791
           -11.9624        -26.1131        -66.1188

     Atom 25  O   pos: (  0.142534  0.365567  1.221248)  bare sigma:         -12.48
           -15.5094        -47.2448        -16.9189
           -45.5044         14.4915          3.7428
           -36.2198          0.1288        -36.4192

     Atom 26  O   pos: (  0.623160  1.174239  0.011652)  bare sigma:         -12.49
           -15.5130         47.2494        -16.9158
            45.5141         14.4757         -3.7270
           -36.2185         -0.1103        -36.4305

     Atom 27  O   pos: (  0.388875  1.251730  1.244545)  bare sigma:         -12.48
           -15.5094        -47.2448        -16.9189
           -45.5044         14.4915          3.7428
           -36.2198          0.1288        -36.4192

     Atom 28  O   pos: ( -0.091751  0.443058  2.454141)  bare sigma:         -12.49
           -15.5130         47.2494        -16.9158
            45.5141         14.4757         -3.7270
           -36.2185         -0.1103        -36.4305

     Atom 29  H   pos: ( -0.107133  1.591714  0.929513)  bare sigma:          16.06
             7.5051          1.6038         -0.0150
             2.0731         31.3946         -4.9108
             0.0382         -4.4243          9.2792

     Atom 30  H   pos: (  0.872841  0.783056  0.303382)  bare sigma:          16.06
             7.5034         -1.6035         -0.0146
            -2.0733         31.3911          4.9107
             0.0385          4.4243          9.2778

     Atom 31  H   pos: (  0.638542  0.025583  1.536280)  bare sigma:          16.06
             7.5051          1.6038         -0.0150
             2.0731         31.3946         -4.9108
             0.0382         -4.4243          9.2792

     Atom 32  H   pos: ( -0.341433  0.834241  2.162411)  bare sigma:          16.06
             7.5034         -1.6035         -0.0146
            -2.0733         31.3911          4.9107
             0.0385          4.4243          9.2778

     Atom 33  H   pos: ( -0.129689  1.273377  0.779282)  bare sigma:          15.61
             7.7221          0.7169          2.8092
             0.3440         11.1174         10.0451
             2.5151          9.4292         27.9825

     Atom 34  H   pos: (  0.895368  0.464725  0.453624)  bare sigma:          15.61
             7.7215         -0.7162          2.8078
            -0.3431         11.1153        -10.0435
             2.5141         -9.4286         27.9855

     Atom 35  H   pos: (  0.661098  0.343920  1.686511)  bare sigma:          15.61
             7.7221          0.7169          2.8092
             0.3440         11.1174         10.0451
             2.5151          9.4292         27.9825

     Atom 36  H   pos: ( -0.363959  1.152572  2.012169)  bare sigma:          15.61
             7.7215         -0.7162          2.8078
            -0.3431         11.1153        -10.0435
             2.5141         -9.4286         27.9855

     Atom 37  H   pos: (  0.704871  1.332935  1.091299)  bare sigma:          14.34
            23.9277          5.3291        -11.8741
             4.2866          5.2365         -2.1604
           -12.1899         -3.4307         13.8452

     Atom 38  H   pos: (  0.060811  0.524246  0.141601)  bare sigma:          14.34
            23.9284         -5.3291        -11.8728
            -4.2863          5.2392          2.1603
           -12.1883          3.4305         13.8474

     Atom 39  H   pos: ( -0.173462  0.284362  1.374494)  bare sigma:          14.34
            23.9277          5.3291        -11.8741
             4.2866          5.2365         -2.1604
           -12.1899         -3.4307         13.8452

     Atom 40  H   pos: (  0.470597  1.093051  2.324192)  bare sigma:          14.34
            23.9284         -5.3291        -11.8728
            -4.2863          5.2392          2.1603
           -12.1883          3.4305         13.8474

     Atom 41  H   pos: (  0.068254  1.318094  1.078561)  bare sigma:          15.40
            24.8556         -5.3689         11.2646
            -6.5335          7.8821         -3.8831
            10.4857         -3.4133         13.4511

     Atom 42  H   pos: (  0.697430  0.509441  0.154345)  bare sigma:          15.40
            24.8566          5.3687         11.2663
             6.5332          7.8797          3.8832
            10.4874          3.4130         13.4507

     Atom 43  H   pos: (  0.463154  0.299203  1.387232)  bare sigma:          15.40
            24.8556         -5.3689         11.2646
            -6.5335          7.8821         -3.8831
            10.4857         -3.4133         13.4511

     Atom 44  H   pos: ( -0.166021  1.107856  2.311448)  bare sigma:          15.40
            24.8566          5.3687         11.2663
             6.5332          7.8797          3.8832
            10.4874          3.4130         13.4507

     Atom 45  N   pos: ( -0.114500  1.377374  0.971543)  bare sigma:          48.77
            49.4680          0.7907          0.3092
             0.3536         47.2242         -0.4116
            -0.2360         -0.4315         49.6032

     Atom 46  N   pos: (  0.880190  0.568697  0.261356)  bare sigma:          48.77
            49.4667         -0.7903          0.3098
            -0.3544         47.2264          0.4127
            -0.2359          0.4318         49.6020

     Atom 47  N   pos: (  0.645909  0.239922  1.494250)  bare sigma:          48.77
            49.4680          0.7907          0.3092
             0.3536         47.2242         -0.4116
            -0.2360         -0.4315         49.6032

     Atom 48  N   pos: ( -0.348781  1.048600  2.204437)  bare sigma:          48.77
            49.4667         -0.7903          0.3098
            -0.3544         47.2264          0.4127
            -0.2359          0.4318         49.6020

     Diamagnetic contribution in ppm:
 
     Atom  1  C   pos: (  0.124154  0.431737  0.962977)  dia sigma:           3.86
             3.8565         -0.1655         -0.0210
            -0.1655          3.9221          0.0689
            -0.0210          0.0689          3.7905

     Atom  2  C   pos: (  0.641515  1.240381  0.269945)  dia sigma:           3.86
             3.8564          0.1656         -0.0210
             0.1656          3.9220         -0.0688
            -0.0210         -0.0688          3.7905

     Atom  3  C   pos: (  0.407254  1.185560  1.502816)  dia sigma:           3.86
             3.8565         -0.1655         -0.0210
            -0.1655          3.9221          0.0689
            -0.0210          0.0689          3.7905

     Atom  4  C   pos: ( -0.110107  0.376916  2.195848)  dia sigma:           3.86
             3.8564          0.1656         -0.0210
             0.1656          3.9220         -0.0688
            -0.0210         -0.0688          3.7905

     Atom  5  C   pos: (  0.340438  0.624157  0.843801)  dia sigma:           4.44
             4.4387          0.0260         -0.0175
             0.0260          4.4446         -0.0257
            -0.0175         -0.0257          4.4272

     Atom  6  C   pos: (  0.425213  1.432800  0.389096)  dia sigma:           4.44
             4.4386         -0.0260         -0.0175
            -0.0260          4.4445          0.0258
            -0.0175          0.0258          4.4272

     Atom  7  C   pos: (  0.190970  0.993140  1.621992)  dia sigma:           4.44
             4.4387          0.0260         -0.0175
             0.0260          4.4446         -0.0257
            -0.0175         -0.0257          4.4272

     Atom  8  C   pos: (  0.106195  0.184497  2.076697)  dia sigma:           4.44
             4.4386         -0.0260         -0.0175
            -0.0260          4.4445          0.0258
            -0.0175          0.0258          4.4272

     Atom  9  H   pos: (  0.539097  0.504206  0.817122)  dia sigma:           1.07
             1.0730         -0.0000         -0.0000
            -0.0000          1.0730          0.0000
            -0.0000          0.0000          1.0730

     Atom 10  H   pos: (  0.226574  1.312827  0.415791)  dia sigma:           1.07
             1.0731         -0.0000         -0.0000
            -0.0000          1.0731          0.0000
            -0.0000          0.0000          1.0731

     Atom 11  H   pos: ( -0.007688  1.113091  1.648671)  dia sigma:           1.07
             1.0730         -0.0000         -0.0000
            -0.0000          1.0730          0.0000
            -0.0000          0.0000          1.0730

     Atom 12  H   pos: (  0.304835  0.304470  2.050001)  dia sigma:           1.07
             1.0731         -0.0000         -0.0000
            -0.0000          1.0731          0.0000
            -0.0000          0.0000          1.0731

     Atom 13  H   pos: (  0.277400  0.710839  0.641582)  dia sigma:           1.14
             1.1389         -0.0000         -0.0000
            -0.0000          1.1389          0.0000
            -0.0000          0.0000          1.1389

     Atom 14  H   pos: (  0.488254  1.519471  0.591353)  dia sigma:           1.14
             1.1387         -0.0000         -0.0000
            -0.0000          1.1387          0.0000
            -0.0000          0.0000          1.1387

     Atom 15  H   pos: (  0.254009  0.906457  1.824210)  dia sigma:           1.14
             1.1389         -0.0000         -0.0000
            -0.0000          1.1389          0.0000
            -0.0000          0.0000          1.1389

     Atom 16  H   pos: (  0.043155  0.097826  1.874440)  dia sigma:           1.14
             1.1387         -0.0000         -0.0000
            -0.0000          1.1387          0.0000
            -0.0000          0.0000          1.1387

     Atom 17  H   pos: (  0.390593  0.794146  0.989354)  dia sigma:           1.12
             1.1193         -0.0000         -0.0000
            -0.0000          1.1193          0.0000
            -0.0000          0.0000          1.1193

     Atom 18  H   pos: (  0.375057  1.602784  0.243578)  dia sigma:           1.12
             1.1195         -0.0000         -0.0000
            -0.0000          1.1195          0.0000
            -0.0000          0.0000          1.1195

     Atom 19  H   pos: (  0.140816  0.823151  1.476439)  dia sigma:           1.12
             1.1193         -0.0000         -0.0000
            -0.0000          1.1193          0.0000
            -0.0000          0.0000          1.1193

     Atom 20  H   pos: (  0.156351  0.014513  2.222215)  dia sigma:           1.12
             1.1195         -0.0000         -0.0000
            -0.0000          1.1195          0.0000
            -0.0000          0.0000          1.1195

     Atom 21  O   pos: ( -0.064038  0.329311  0.803315)  dia sigma:          17.65
            17.8480         -0.0696          0.3876
            -0.0696         17.6619          0.4256
             0.3876          0.4256         17.4454

     Atom 22  O   pos: (  0.829678  1.137926  0.429607)  dia sigma:          17.65
            17.8481          0.0695          0.3875
             0.0695         17.6622         -0.4255
             0.3875         -0.4255         17.4454

     Atom 23  O   pos: (  0.595447  1.287986  1.662478)  dia sigma:          17.65
            17.8480         -0.0696          0.3876
            -0.0696         17.6619          0.4256
             0.3876          0.4256         17.4454

     Atom 24  O   pos: ( -0.298269  0.479371  2.036186)  dia sigma:          17.65
            17.8481          0.0695          0.3875
             0.0695         17.6622         -0.4255
             0.3875         -0.4255         17.4454

     Atom 25  O   pos: (  0.142534  0.365567  1.221248)  dia sigma:          17.71
            17.3961         -0.4144         -0.0517
            -0.4144         17.5501         -0.1584
            -0.0517         -0.1584         18.1955

     Atom 26  O   pos: (  0.623160  1.174239  0.011652)  dia sigma:          17.71
            17.3958          0.4144         -0.0517
             0.4144         17.5497          0.1584
            -0.0517          0.1584         18.1954

     Atom 27  O   pos: (  0.388875  1.251730  1.244545)  dia sigma:          17.71
            17.3961         -0.4144         -0.0517
            -0.4144         17.5501         -0.1584
            -0.0517         -0.1584         18.1955

     Atom 28  O   pos: ( -0.091751  0.443058  2.454141)  dia sigma:          17.71
            17.3958          0.4144         -0.0517
             0.4144         17.5497          0.1584
            -0.0517          0.1584         18.1954

     Atom 29  H   pos: ( -0.107133  1.591714  0.929513)  dia sigma:           1.01
             1.0081         -0.0000         -0.0000
            -0.0000          1.0081          0.0000
            -0.0000          0.0000          1.0081

     Atom 30  H   pos: (  0.872841  0.783056  0.303382)  dia sigma:           1.01
             1.0079         -0.0000         -0.0000
            -0.0000          1.0079          0.0000
            -0.0000          0.0000          1.0079

     Atom 31  H   pos: (  0.638542  0.025583  1.536280)  dia sigma:           1.01
             1.0081         -0.0000         -0.0000
            -0.0000          1.0081          0.0000
            -0.0000          0.0000          1.0081

     Atom 32  H   pos: ( -0.341433  0.834241  2.162411)  dia sigma:           1.01
             1.0079         -0.0000         -0.0000
            -0.0000          1.0079          0.0000
            -0.0000          0.0000          1.0079

     Atom 33  H   pos: ( -0.129689  1.273377  0.779282)  dia sigma:           1.00
             0.9996         -0.0000         -0.0000
            -0.0000          0.9996          0.0000
            -0.0000          0.0000          0.9996

     Atom 34  H   pos: (  0.895368  0.464725  0.453624)  dia sigma:           1.00
             0.9997         -0.0000         -0.0000
            -0.0000          0.9997          0.0000
            -0.0000          0.0000          0.9997

     Atom 35  H   pos: (  0.661098  0.343920  1.686511)  dia sigma:           1.00
             0.9996         -0.0000         -0.0000
            -0.0000          0.9996          0.0000
            -0.0000          0.0000          0.9996

     Atom 36  H   pos: ( -0.363959  1.152572  2.012169)  dia sigma:           1.00
             0.9997         -0.0000         -0.0000
            -0.0000          0.9997          0.0000
            -0.0000          0.0000          0.9997

     Atom 37  H   pos: (  0.704871  1.332935  1.091299)  dia sigma:           0.98
             0.9764         -0.0000         -0.0000
            -0.0000          0.9764          0.0000
            -0.0000          0.0000          0.9764

     Atom 38  H   pos: (  0.060811  0.524246  0.141601)  dia sigma:           0.98
             0.9765         -0.0000         -0.0000
            -0.0000          0.9765          0.0000
            -0.0000          0.0000          0.9765

     Atom 39  H   pos: ( -0.173462  0.284362  1.374494)  dia sigma:           0.98
             0.9764         -0.0000         -0.0000
            -0.0000          0.9764          0.0000
            -0.0000          0.0000          0.9764

     Atom 40  H   pos: (  0.470597  1.093051  2.324192)  dia sigma:           0.98
             0.9765         -0.0000         -0.0000
            -0.0000          0.9765          0.0000
            -0.0000          0.0000          0.9765

     Atom 41  H   pos: (  0.068254  1.318094  1.078561)  dia sigma:           0.99
             0.9873         -0.0000         -0.0000
            -0.0000          0.9873          0.0000
            -0.0000          0.0000          0.9873

     Atom 42  H   pos: (  0.697430  0.509441  0.154345)  dia sigma:           0.99
             0.9874         -0.0000         -0.0000
            -0.0000          0.9874          0.0000
            -0.0000          0.0000          0.9874

     Atom 43  H   pos: (  0.463154  0.299203  1.387232)  dia sigma:           0.99
             0.9873         -0.0000         -0.0000
            -0.0000          0.9873          0.0000
            -0.0000          0.0000          0.9873

     Atom 44  H   pos: ( -0.166021  1.107856  2.311448)  dia sigma:           0.99
             0.9874         -0.0000         -0.0000
            -0.0000          0.9874          0.0000
            -0.0000          0.0000          0.9874

     Atom 45  N   pos: ( -0.114500  1.377374  0.971543)  dia sigma:          10.12
            10.1145         -0.0052          0.0088
            -0.0052         10.1356          0.0025
             0.0088          0.0025         10.1244

     Atom 46  N   pos: (  0.880190  0.568697  0.261356)  dia sigma:          10.12
            10.1145          0.0051          0.0088
             0.0051         10.1356         -0.0024
             0.0088         -0.0024         10.1244

     Atom 47  N   pos: (  0.645909  0.239922  1.494250)  dia sigma:          10.12
            10.1145         -0.0052          0.0088
            -0.0052         10.1356          0.0025
             0.0088          0.0025         10.1244

     Atom 48  N   pos: ( -0.348781  1.048600  2.204437)  dia sigma:          10.12
            10.1145          0.0051          0.0088
             0.0051         10.1356         -0.0024
             0.0088         -0.0024         10.1244

     Paramagnetic contribution in ppm:
 
     Atom  1  C   pos: (  0.124154  0.431737  0.962977)  para sigma:        -129.06
          -128.4132        -31.9300         -7.2591
           -32.0374       -113.1716         14.1971
            -6.3217         14.0816       -145.5967

     Atom  2  C   pos: (  0.641515  1.240381  0.269945)  para sigma:        -129.06
          -128.4087         31.9338         -7.2526
            32.0418       -113.1742        -14.1875
            -6.3151        -14.0745       -145.5984

     Atom  3  C   pos: (  0.407254  1.185560  1.502816)  para sigma:        -129.06
          -128.4132        -31.9300         -7.2591
           -32.0374       -113.1716         14.1971
            -6.3217         14.0816       -145.5967

     Atom  4  C   pos: ( -0.110107  0.376916  2.195848)  para sigma:        -129.06
          -128.4087         31.9338         -7.2526
            32.0418       -113.1742        -14.1875
            -6.3151        -14.0745       -145.5984

     Atom  5  C   pos: (  0.340438  0.624157  0.843801)  para sigma:         -52.53
           -52.8973         10.9378         -5.0316
             7.9680        -51.6576         -5.2852
            -2.3336         -5.5909        -53.0270

     Atom  6  C   pos: (  0.425213  1.432800  0.389096)  para sigma:         -52.53
           -52.8976        -10.9377         -5.0320
            -7.9672        -51.6602          5.2854
            -2.3336          5.5908        -53.0260

     Atom  7  C   pos: (  0.190970  0.993140  1.621992)  para sigma:         -52.53
           -52.8973         10.9378         -5.0316
             7.9680        -51.6576         -5.2852
            -2.3336         -5.5909        -53.0270

     Atom  8  C   pos: (  0.106195  0.184497  2.076697)  para sigma:         -52.53
           -52.8976        -10.9377         -5.0320
            -7.9672        -51.6602          5.2854
            -2.3336          5.5908        -53.0260

     Atom  9  H   pos: (  0.539097  0.504206  0.817122)  para sigma:           0.00
             0.0000          0.0000          0.0000
             0.0000          0.0000          0.0000
             0.0000          0.0000          0.0000

     Atom 10  H   pos: (  0.226574  1.312827  0.415791)  para sigma:           0.00
             0.0000          0.0000          0.0000
             0.0000          0.0000          0.0000
             0.0000          0.0000          0.0000

     Atom 11  H   pos: ( -0.007688  1.113091  1.648671)  para sigma:           0.00
             0.0000          0.0000          0.0000
             0.0000          0.0000          0.0000
             0.0000          0.0000          0.0000

     Atom 12  H   pos: (  0.304835  0.304470  2.050001)  para sigma:           0.00
             0.0000          0.0000          0.0000
             0.0000          0.0000          0.0000
             0.0000          0.0000          0.0000

     Atom 13  H   pos: (  0.277400  0.710839  0.641582)  para sigma:           0.00
             0.0000          0.0000          0.0000
             0.0000          0.0000          0.0000
             0.0000          0.0000          0.0000

     Atom 14  H   pos: (  0.488254  1.519471  0.591353)  para sigma:           0.00
             0.0000          0.0000          0.0000
             0.0000          0.0000          0.0000
             0.0000          0.0000          0.0000

     Atom 15  H   pos: (  0.254009  0.906457  1.824210)  para sigma:           0.00
             0.0000          0.0000          0.0000
             0.0000          0.0000          0.0000
             0.0000          0.0000          0.0000

     Atom 16  H   pos: (  0.043155  0.097826  1.874440)  para sigma:           0.00
             0.0000          0.0000          0.0000
             0.0000          0.0000          0.0000
             0.0000          0.0000          0.0000

     Atom 17  H   pos: (  0.390593  0.794146  0.989354)  para sigma:           0.00
             0.0000          0.0000          0.0000
             0.0000          0.0000          0.0000
             0.0000          0.0000          0.0000

     Atom 18  H   pos: (  0.375057  1.602784  0.243578)  para sigma:           0.00
             0.0000          0.0000          0.0000
             0.0000          0.0000          0.0000
             0.0000          0.0000          0.0000

     Atom 19  H   pos: (  0.140816  0.823151  1.476439)  para sigma:           0.00
             0.0000          0.0000          0.0000
             0.0000          0.0000          0.0000
             0.0000          0.0000          0.0000

     Atom 20  H   pos: (  0.156351  0.014513  2.222215)  para sigma:           0.00
             0.0000          0.0000          0.0000
             0.0000          0.0000          0.0000
             0.0000          0.0000          0.0000

     Atom 21  O   pos: ( -0.064038  0.329311  0.803315)  para sigma:        -182.61
          -137.1526        -71.3519        -39.2436
           -74.1313       -106.2441         45.7424
           -30.6567         60.2877       -304.4321

     Atom 22  O   pos: (  0.829678  1.137926  0.429607)  para sigma:        -182.60
          -137.1378         71.3753        -39.2160
            74.1469       -106.2313        -45.7098
           -30.6375        -60.2503       -304.4160

     Atom 23  O   pos: (  0.595447  1.287986  1.662478)  para sigma:        -182.61
          -137.1526        -71.3519        -39.2436
           -74.1313       -106.2441         45.7424
           -30.6567         60.2877       -304.4321

     Atom 24  O   pos: ( -0.298269  0.479371  2.036186)  para sigma:        -182.60
          -137.1378         71.3753        -39.2160
            74.1469       -106.2313        -45.7098
           -30.6375        -60.2503       -304.4160

     Atom 25  O   pos: (  0.142534  0.365567  1.221248)  para sigma:        -173.97
          -187.2633       -102.8473        -48.4238
          -100.6031       -111.6875         -4.4565
           -85.3551         -3.9590       -222.9658

     Atom 26  O   pos: (  0.623160  1.174239  0.011652)  para sigma:        -173.99
          -187.2670        102.8570        -48.4174
           100.6225       -111.7208          4.4927
           -85.3535          4.0004       -222.9882

     Atom 27  O   pos: (  0.388875  1.251730  1.244545)  para sigma:        -173.97
          -187.2633       -102.8473        -48.4238
          -100.6031       -111.6875         -4.4565
           -85.3551         -3.9590       -222.9658

     Atom 28  O   pos: ( -0.091751  0.443058  2.454141)  para sigma:        -173.99
          -187.2670        102.8570        -48.4174
           100.6225       -111.7208          4.4927
           -85.3535          4.0004       -222.9882

     Atom 29  H   pos: ( -0.107133  1.591714  0.929513)  para sigma:           0.00
             0.0000          0.0000          0.0000
             0.0000          0.0000          0.0000
             0.0000          0.0000          0.0000

     Atom 30  H   pos: (  0.872841  0.783056  0.303382)  para sigma:           0.00
             0.0000          0.0000          0.0000
             0.0000          0.0000          0.0000
             0.0000          0.0000          0.0000

     Atom 31  H   pos: (  0.638542  0.025583  1.536280)  para sigma:           0.00
             0.0000          0.0000          0.0000
             0.0000          0.0000          0.0000
             0.0000          0.0000          0.0000

     Atom 32  H   pos: ( -0.341433  0.834241  2.162411)  para sigma:           0.00
             0.0000          0.0000          0.0000
             0.0000          0.0000          0.0000
             0.0000          0.0000          0.0000

     Atom 33  H   pos: ( -0.129689  1.273377  0.779282)  para sigma:           0.00
             0.0000          0.0000          0.0000
             0.0000          0.0000          0.0000
             0.0000          0.0000          0.0000

     Atom 34  H   pos: (  0.895368  0.464725  0.453624)  para sigma:           0.00
             0.0000          0.0000          0.0000
             0.0000          0.0000          0.0000
             0.0000          0.0000          0.0000

     Atom 35  H   pos: (  0.661098  0.343920  1.686511)  para sigma:           0.00
             0.0000          0.0000          0.0000
             0.0000          0.0000          0.0000
             0.0000          0.0000          0.0000

     Atom 36  H   pos: ( -0.363959  1.152572  2.012169)  para sigma:           0.00
             0.0000          0.0000          0.0000
             0.0000          0.0000          0.0000
             0.0000          0.0000          0.0000

     Atom 37  H   pos: (  0.704871  1.332935  1.091299)  para sigma:           0.00
             0.0000          0.0000          0.0000
             0.0000          0.0000          0.0000
             0.0000          0.0000          0.0000

     Atom 38  H   pos: (  0.060811  0.524246  0.141601)  para sigma:           0.00
             0.0000          0.0000          0.0000
             0.0000          0.0000          0.0000
             0.0000          0.0000          0.0000

     Atom 39  H   pos: ( -0.173462  0.284362  1.374494)  para sigma:           0.00
             0.0000          0.0000          0.0000
             0.0000          0.0000          0.0000
             0.0000          0.0000          0.0000

     Atom 40  H   pos: (  0.470597  1.093051  2.324192)  para sigma:           0.00
             0.0000          0.0000          0.0000
             0.0000          0.0000          0.0000
             0.0000          0.0000          0.0000

     Atom 41  H   pos: (  0.068254  1.318094  1.078561)  para sigma:           0.00
             0.0000          0.0000          0.0000
             0.0000          0.0000          0.0000
             0.0000          0.0000          0.0000

     Atom 42  H   pos: (  0.697430  0.509441  0.154345)  para sigma:           0.00
             0.0000          0.0000          0.0000
             0.0000          0.0000          0.0000
             0.0000          0.0000          0.0000

     Atom 43  H   pos: (  0.463154  0.299203  1.387232)  para sigma:           0.00
             0.0000          0.0000          0.0000
             0.0000          0.0000          0.0000
             0.0000          0.0000          0.0000

     Atom 44  H   pos: ( -0.166021  1.107856  2.311448)  para sigma:           0.00
             0.0000          0.0000          0.0000
             0.0000          0.0000          0.0000
             0.0000          0.0000          0.0000

     Atom 45  N   pos: ( -0.114500  1.377374  0.971543)  para sigma:         -31.77
           -30.5335          1.0948          0.2049
             1.1729        -33.4758         -1.1871
            -0.4289         -0.7360        -31.3042

     Atom 46  N   pos: (  0.880190  0.568697  0.261356)  para sigma:         -31.77
           -30.5349         -1.0939          0.2056
            -1.1744        -33.4721          1.1880
            -0.4295          0.7360        -31.3053

     Atom 47  N   pos: (  0.645909  0.239922  1.494250)  para sigma:         -31.77
           -30.5335          1.0948          0.2049
             1.1729        -33.4758         -1.1871
            -0.4289         -0.7360        -31.3042

     Atom 48  N   pos: ( -0.348781  1.048600  2.204437)  para sigma:         -31.77
           -30.5349         -1.0939          0.2056
            -1.1744        -33.4721          1.1880
            -0.4295          0.7360        -31.3053

     Paramagnetic US occ-occ contribution in ppm:
 
     Atom  1  C   pos: (  0.124154  0.431737  0.962977)  para_oo sigma:          -1.58
            -1.7703         -0.6702          0.3686
            -0.6475         -1.6753          0.4421
             0.4075          0.3992         -1.2957

     Atom  2  C   pos: (  0.641515  1.240381  0.269945)  para_oo sigma:          -1.58
            -1.7701          0.6700          0.3687
             0.6474         -1.6753         -0.4423
             0.4076         -0.3994         -1.2960

     Atom  3  C   pos: (  0.407254  1.185560  1.502816)  para_oo sigma:          -1.58
            -1.7703         -0.6702          0.3686
            -0.6475         -1.6753          0.4421
             0.4075          0.3992         -1.2957

     Atom  4  C   pos: ( -0.110107  0.376916  2.195848)  para_oo sigma:          -1.58
            -1.7701          0.6700          0.3687
             0.6474         -1.6753         -0.4423
             0.4076         -0.3994         -1.2960

     Atom  5  C   pos: (  0.340438  0.624157  0.843801)  para_oo sigma:          -0.29
            -0.2567         -0.0629         -0.1578
            -0.0517         -0.1502         -0.0019
            -0.1347         -0.0179         -0.4670

     Atom  6  C   pos: (  0.425213  1.432800  0.389096)  para_oo sigma:          -0.29
            -0.2566          0.0629         -0.1578
             0.0517         -0.1501          0.0019
            -0.1346          0.0179         -0.4670

     Atom  7  C   pos: (  0.190970  0.993140  1.621992)  para_oo sigma:          -0.29
            -0.2567         -0.0629         -0.1578
            -0.0517         -0.1502         -0.0019
            -0.1347         -0.0179         -0.4670

     Atom  8  C   pos: (  0.106195  0.184497  2.076697)  para_oo sigma:          -0.29
            -0.2566          0.0629         -0.1578
             0.0517         -0.1501          0.0019
            -0.1346          0.0179         -0.4670

     Atom  9  H   pos: (  0.539097  0.504206  0.817122)  para_oo sigma:           0.00
             0.0000          0.0000          0.0000
             0.0000          0.0000          0.0000
             0.0000          0.0000          0.0000

     Atom 10  H   pos: (  0.226574  1.312827  0.415791)  para_oo sigma:           0.00
             0.0000          0.0000          0.0000
             0.0000          0.0000          0.0000
             0.0000          0.0000          0.0000

     Atom 11  H   pos: ( -0.007688  1.113091  1.648671)  para_oo sigma:           0.00
             0.0000          0.0000          0.0000
             0.0000          0.0000          0.0000
             0.0000          0.0000          0.0000

     Atom 12  H   pos: (  0.304835  0.304470  2.050001)  para_oo sigma:           0.00
             0.0000          0.0000          0.0000
             0.0000          0.0000          0.0000
             0.0000          0.0000          0.0000

     Atom 13  H   pos: (  0.277400  0.710839  0.641582)  para_oo sigma:           0.00
             0.0000          0.0000          0.0000
             0.0000          0.0000          0.0000
             0.0000          0.0000          0.0000

     Atom 14  H   pos: (  0.488254  1.519471  0.591353)  para_oo sigma:           0.00
             0.0000          0.0000          0.0000
             0.0000          0.0000          0.0000
             0.0000          0.0000          0.0000

     Atom 15  H   pos: (  0.254009  0.906457  1.824210)  para_oo sigma:           0.00
             0.0000          0.0000          0.0000
             0.0000          0.0000          0.0000
             0.0000          0.0000          0.0000

     Atom 16  H   pos: (  0.043155  0.097826  1.874440)  para_oo sigma:           0.00
             0.0000          0.0000          0.0000
             0.0000          0.0000          0.0000
             0.0000          0.0000          0.0000

     Atom 17  H   pos: (  0.390593  0.794146  0.989354)  para_oo sigma:           0.00
             0.0000          0.0000          0.0000
             0.0000          0.0000          0.0000
             0.0000          0.0000          0.0000

     Atom 18  H   pos: (  0.375057  1.602784  0.243578)  para_oo sigma:           0.00
             0.0000          0.0000          0.0000
             0.0000          0.0000          0.0000
             0.0000          0.0000          0.0000

     Atom 19  H   pos: (  0.140816  0.823151  1.476439)  para_oo sigma:           0.00
             0.0000          0.0000          0.0000
             0.0000          0.0000          0.0000
             0.0000          0.0000          0.0000

     Atom 20  H   pos: (  0.156351  0.014513  2.222215)  para_oo sigma:           0.00
             0.0000          0.0000          0.0000
             0.0000          0.0000          0.0000
             0.0000          0.0000          0.0000

     Atom 21  O   pos: ( -0.064038  0.329311  0.803315)  para_oo sigma:          -1.88
            -2.6131         -2.2354         -0.2389
            -2.6107         -1.9278          0.2123
             1.6999          1.8206         -1.1132

     Atom 22  O   pos: (  0.829678  1.137926  0.429607)  para_oo sigma:          -1.88
            -2.6133          2.2357         -0.2387
             2.6104         -1.9282         -0.2121
             1.7000         -1.8206         -1.1135

     Atom 23  O   pos: (  0.595447  1.287986  1.662478)  para_oo sigma:          -1.88
            -2.6131         -2.2354         -0.2389
            -2.6107         -1.9278          0.2123
             1.6999          1.8206         -1.1132

     Atom 24  O   pos: ( -0.298269  0.479371  2.036186)  para_oo sigma:          -1.88
            -2.6133          2.2357         -0.2387
             2.6104         -1.9282         -0.2121
             1.7000         -1.8206         -1.1135

     Atom 25  O   pos: (  0.142534  0.365567  1.221248)  para_oo sigma:          -1.94
            -2.1171         -2.3313          2.0577
            -1.9054         -1.9311          2.2582
             0.1099          0.6410         -1.7621

     Atom 26  O   pos: (  0.623160  1.174239  0.011652)  para_oo sigma:          -1.94
            -2.1169          2.3312          2.0578
             1.9058         -1.9308         -2.2583
             0.1101         -0.6408         -1.7621

     Atom 27  O   pos: (  0.388875  1.251730  1.244545)  para_oo sigma:          -1.94
            -2.1171         -2.3313          2.0577
            -1.9054         -1.9311          2.2582
             0.1099          0.6410         -1.7621

     Atom 28  O   pos: ( -0.091751  0.443058  2.454141)  para_oo sigma:          -1.94
            -2.1169          2.3312          2.0578
             1.9058         -1.9308         -2.2583
             0.1101         -0.6408         -1.7621

     Atom 29  H   pos: ( -0.107133  1.591714  0.929513)  para_oo sigma:           0.00
             0.0000          0.0000          0.0000
             0.0000          0.0000          0.0000
             0.0000          0.0000          0.0000

     Atom 30  H   pos: (  0.872841  0.783056  0.303382)  para_oo sigma:           0.00
             0.0000          0.0000          0.0000
             0.0000          0.0000          0.0000
             0.0000          0.0000          0.0000

     Atom 31  H   pos: (  0.638542  0.025583  1.536280)  para_oo sigma:           0.00
             0.0000          0.0000          0.0000
             0.0000          0.0000          0.0000
             0.0000          0.0000          0.0000

     Atom 32  H   pos: ( -0.341433  0.834241  2.162411)  para_oo sigma:           0.00
             0.0000          0.0000          0.0000
             0.0000          0.0000          0.0000
             0.0000          0.0000          0.0000

     Atom 33  H   pos: ( -0.129689  1.273377  0.779282)  para_oo sigma:           0.00
             0.0000          0.0000          0.0000
             0.0000          0.0000          0.0000
             0.0000          0.0000          0.0000

     Atom 34  H   pos: (  0.895368  0.464725  0.453624)  para_oo sigma:           0.00
             0.0000          0.0000          0.0000
             0.0000          0.0000          0.0000
             0.0000          0.0000          0.0000

     Atom 35  H   pos: (  0.661098  0.343920  1.686511)  para_oo sigma:           0.00
             0.0000          0.0000          0.0000
             0.0000          0.0000          0.0000
             0.0000          0.0000          0.0000

     Atom 36  H   pos: ( -0.363959  1.152572  2.012169)  para_oo sigma:           0.00
             0.0000          0.0000          0.0000
             0.0000          0.0000          0.0000
             0.0000          0.0000          0.0000

     Atom 37  H   pos: (  0.704871  1.332935  1.091299)  para_oo sigma:           0.00
             0.0000          0.0000          0.0000
             0.0000          0.0000          0.0000
             0.0000          0.0000          0.0000

     Atom 38  H   pos: (  0.060811  0.524246  0.141601)  para_oo sigma:           0.00
             0.0000          0.0000          0.0000
             0.0000          0.0000          0.0000
             0.0000          0.0000          0.0000

     Atom 39  H   pos: ( -0.173462  0.284362  1.374494)  para_oo sigma:           0.00
             0.0000          0.0000          0.0000
             0.0000          0.0000          0.0000
             0.0000          0.0000          0.0000

     Atom 40  H   pos: (  0.470597  1.093051  2.324192)  para_oo sigma:           0.00
             0.0000          0.0000          0.0000
             0.0000          0.0000          0.0000
             0.0000          0.0000          0.0000

     Atom 41  H   pos: (  0.068254  1.318094  1.078561)  para_oo sigma:           0.00
             0.0000          0.0000          0.0000
             0.0000          0.0000          0.0000
             0.0000          0.0000          0.0000

     Atom 42  H   pos: (  0.697430  0.509441  0.154345)  para_oo sigma:           0.00
             0.0000          0.0000          0.0000
             0.0000          0.0000          0.0000
             0.0000          0.0000          0.0000

     Atom 43  H   pos: (  0.463154  0.299203  1.387232)  para_oo sigma:           0.00
             0.0000          0.0000          0.0000
             0.0000          0.0000          0.0000
             0.0000          0.0000          0.0000

     Atom 44  H   pos: ( -0.166021  1.107856  2.311448)  para_oo sigma:           0.00
             0.0000          0.0000          0.0000
             0.0000          0.0000          0.0000
             0.0000          0.0000          0.0000

     Atom 45  N   pos: ( -0.114500  1.377374  0.971543)  para_oo sigma:          -0.48
            -0.4534          0.0199         -0.0357
            -0.0010         -0.4515          0.0057
            -0.0507          0.0144         -0.5324

     Atom 46  N   pos: (  0.880190  0.568697  0.261356)  para_oo sigma:          -0.48
            -0.4535         -0.0199         -0.0357
             0.0011         -0.4515         -0.0057
            -0.0507         -0.0144         -0.5324

     Atom 47  N   pos: (  0.645909  0.239922  1.494250)  para_oo sigma:          -0.48
            -0.4534          0.0199         -0.0357
            -0.0010         -0.4515          0.0057
            -0.0507          0.0144         -0.5324

     Atom 48  N   pos: ( -0.348781  1.048600  2.204437)  para_oo sigma:          -0.48
            -0.4535         -0.0199         -0.0357
             0.0011         -0.4515         -0.0057
            -0.0507         -0.0144         -0.5324

     Paramagnetic US L_R Q_R contribution in ppm:
 
     Atom  1  C   pos: (  0.124154  0.431737  0.962977)  para_lq sigma:         -17.40
           -17.9914         -3.9079          0.6856
            -3.7736        -16.7717          2.2504
             1.0056          2.1074        -17.4475

     Atom  2  C   pos: (  0.641515  1.240381  0.269945)  para_lq sigma:         -17.40
           -17.9909          3.9080          0.6861
             3.7736        -16.7718         -2.2502
             1.0064         -2.1074        -17.4479

     Atom  3  C   pos: (  0.407254  1.185560  1.502816)  para_lq sigma:         -17.40
           -17.9914         -3.9079          0.6856
            -3.7736        -16.7717          2.2504
             1.0056          2.1074        -17.4475

     Atom  4  C   pos: ( -0.110107  0.376916  2.195848)  para_lq sigma:         -17.40
           -17.9909          3.9080          0.6861
             3.7736        -16.7718         -2.2502
             1.0064         -2.1074        -17.4479

     Atom  5  C   pos: (  0.340438  0.624157  0.843801)  para_lq sigma:         -11.66
           -11.3923          0.1662         -0.7055
             0.1063        -11.2439         -0.1026
            -0.5529         -0.1446        -12.3516

     Atom  6  C   pos: (  0.425213  1.432800  0.389096)  para_lq sigma:         -11.66
           -11.3922         -0.1661         -0.7054
            -0.1062        -11.2440          0.1030
            -0.5526          0.1448        -12.3514

     Atom  7  C   pos: (  0.190970  0.993140  1.621992)  para_lq sigma:         -11.66
           -11.3923          0.1662         -0.7055
             0.1063        -11.2439         -0.1026
            -0.5529         -0.1446        -12.3516

     Atom  8  C   pos: (  0.106195  0.184497  2.076697)  para_lq sigma:         -11.66
           -11.3922         -0.1661         -0.7054
            -0.1062        -11.2440          0.1030
            -0.5526          0.1448        -12.3514

     Atom  9  H   pos: (  0.539097  0.504206  0.817122)  para_lq sigma:           0.00
             0.0000          0.0000          0.0000
             0.0000          0.0000          0.0000
             0.0000          0.0000          0.0000

     Atom 10  H   pos: (  0.226574  1.312827  0.415791)  para_lq sigma:           0.00
             0.0000          0.0000          0.0000
             0.0000          0.0000          0.0000
             0.0000          0.0000          0.0000

     Atom 11  H   pos: ( -0.007688  1.113091  1.648671)  para_lq sigma:           0.00
             0.0000          0.0000          0.0000
             0.0000          0.0000          0.0000
             0.0000          0.0000          0.0000

     Atom 12  H   pos: (  0.304835  0.304470  2.050001)  para_lq sigma:           0.00
             0.0000          0.0000          0.0000
             0.0000          0.0000          0.0000
             0.0000          0.0000          0.0000

     Atom 13  H   pos: (  0.277400  0.710839  0.641582)  para_lq sigma:           0.00
             0.0000          0.0000          0.0000
             0.0000          0.0000          0.0000
             0.0000          0.0000          0.0000

     Atom 14  H   pos: (  0.488254  1.519471  0.591353)  para_lq sigma:           0.00
             0.0000          0.0000          0.0000
             0.0000          0.0000          0.0000
             0.0000          0.0000          0.0000

     Atom 15  H   pos: (  0.254009  0.906457  1.824210)  para_lq sigma:           0.00
             0.0000          0.0000          0.0000
             0.0000          0.0000          0.0000
             0.0000          0.0000          0.0000

     Atom 16  H   pos: (  0.043155  0.097826  1.874440)  para_lq sigma:           0.00
             0.0000          0.0000          0.0000
             0.0000          0.0000          0.0000
             0.0000          0.0000          0.0000

     Atom 17  H   pos: (  0.390593  0.794146  0.989354)  para_lq sigma:           0.00
             0.0000          0.0000          0.0000
             0.0000          0.0000          0.0000
             0.0000          0.0000          0.0000

     Atom 18  H   pos: (  0.375057  1.602784  0.243578)  para_lq sigma:           0.00
             0.0000          0.0000          0.0000
             0.0000          0.0000          0.0000
             0.0000          0.0000          0.0000

     Atom 19  H   pos: (  0.140816  0.823151  1.476439)  para_lq sigma:           0.00
             0.0000          0.0000          0.0000
             0.0000          0.0000          0.0000
             0.0000          0.0000          0.0000

     Atom 20  H   pos: (  0.156351  0.014513  2.222215)  para_lq sigma:           0.00
             0.0000          0.0000          0.0000
             0.0000          0.0000          0.0000
             0.0000          0.0000          0.0000

     Atom 21  O   pos: ( -0.064038  0.329311  0.803315)  para_lq sigma:        -152.60
          -155.8968        -13.0787        -11.9619
           -15.1528       -146.7487         -2.7062
            -3.1288          4.9330       -155.1561

     Atom 22  O   pos: (  0.829678  1.137926  0.429607)  para_lq sigma:        -152.60
          -155.8930         13.0826        -11.9602
            15.1545       -146.7493          2.7100
            -3.1272         -4.9301       -155.1532

     Atom 23  O   pos: (  0.595447  1.287986  1.662478)  para_lq sigma:        -152.60
          -155.8968        -13.0787        -11.9619
           -15.1528       -146.7487         -2.7062
            -3.1288          4.9330       -155.1561

     Atom 24  O   pos: ( -0.298269  0.479371  2.036186)  para_lq sigma:        -152.60
          -155.8930         13.0826        -11.9602
            15.1545       -146.7493          2.7100
            -3.1272         -4.9301       -155.1532

     Atom 25  O   pos: (  0.142534  0.365567  1.221248)  para_lq sigma:        -151.71
          -148.0518         -9.8247          3.9816
            -7.8383       -143.4001         12.3715
            -5.5008          4.9456       -163.6708

     Atom 26  O   pos: (  0.623160  1.174239  0.011652)  para_lq sigma:        -151.71
          -148.0553          9.8248          3.9831
             7.8406       -143.4030        -12.3685
            -5.4996         -4.9413       -163.6764

     Atom 27  O   pos: (  0.388875  1.251730  1.244545)  para_lq sigma:        -151.71
          -148.0518         -9.8247          3.9816
            -7.8383       -143.4001         12.3715
            -5.5008          4.9456       -163.6708

     Atom 28  O   pos: ( -0.091751  0.443058  2.454141)  para_lq sigma:        -151.71
          -148.0553          9.8248          3.9831
             7.8406       -143.4030        -12.3685
            -5.4996         -4.9413       -163.6764

     Atom 29  H   pos: ( -0.107133  1.591714  0.929513)  para_lq sigma:           0.00
             0.0000          0.0000          0.0000
             0.0000          0.0000          0.0000
             0.0000          0.0000          0.0000

     Atom 30  H   pos: (  0.872841  0.783056  0.303382)  para_lq sigma:           0.00
             0.0000          0.0000          0.0000
             0.0000          0.0000          0.0000
             0.0000          0.0000          0.0000

     Atom 31  H   pos: (  0.638542  0.025583  1.536280)  para_lq sigma:           0.00
             0.0000          0.0000          0.0000
             0.0000          0.0000          0.0000
             0.0000          0.0000          0.0000

     Atom 32  H   pos: ( -0.341433  0.834241  2.162411)  para_lq sigma:           0.00
             0.0000          0.0000          0.0000
             0.0000          0.0000          0.0000
             0.0000          0.0000          0.0000

     Atom 33  H   pos: ( -0.129689  1.273377  0.779282)  para_lq sigma:           0.00
             0.0000          0.0000          0.0000
             0.0000          0.0000          0.0000
             0.0000          0.0000          0.0000

     Atom 34  H   pos: (  0.895368  0.464725  0.453624)  para_lq sigma:           0.00
             0.0000          0.0000          0.0000
             0.0000          0.0000          0.0000
             0.0000          0.0000          0.0000

     Atom 35  H   pos: (  0.661098  0.343920  1.686511)  para_lq sigma:           0.00
             0.0000          0.0000          0.0000
             0.0000          0.0000          0.0000
             0.0000          0.0000          0.0000

     Atom 36  H   pos: ( -0.363959  1.152572  2.012169)  para_lq sigma:           0.00
             0.0000          0.0000          0.0000
             0.0000          0.0000          0.0000
             0.0000          0.0000          0.0000

     Atom 37  H   pos: (  0.704871  1.332935  1.091299)  para_lq sigma:           0.00
             0.0000          0.0000          0.0000
             0.0000          0.0000          0.0000
             0.0000          0.0000          0.0000

     Atom 38  H   pos: (  0.060811  0.524246  0.141601)  para_lq sigma:           0.00
             0.0000          0.0000          0.0000
             0.0000          0.0000          0.0000
             0.0000          0.0000          0.0000

     Atom 39  H   pos: ( -0.173462  0.284362  1.374494)  para_lq sigma:           0.00
             0.0000          0.0000          0.0000
             0.0000          0.0000          0.0000
             0.0000          0.0000          0.0000

     Atom 40  H   pos: (  0.470597  1.093051  2.324192)  para_lq sigma:           0.00
             0.0000          0.0000          0.0000
             0.0000          0.0000          0.0000
             0.0000          0.0000          0.0000

     Atom 41  H   pos: (  0.068254  1.318094  1.078561)  para_lq sigma:           0.00
             0.0000          0.0000          0.0000
             0.0000          0.0000          0.0000
             0.0000          0.0000          0.0000

     Atom 42  H   pos: (  0.697430  0.509441  0.154345)  para_lq sigma:           0.00
             0.0000          0.0000          0.0000
             0.0000          0.0000          0.0000
             0.0000          0.0000          0.0000

     Atom 43  H   pos: (  0.463154  0.299203  1.387232)  para_lq sigma:           0.00
             0.0000          0.0000          0.0000
             0.0000          0.0000          0.0000
             0.0000          0.0000          0.0000

     Atom 44  H   pos: ( -0.166021  1.107856  2.311448)  para_lq sigma:           0.00
             0.0000          0.0000          0.0000
             0.0000          0.0000          0.0000
             0.0000          0.0000          0.0000

     Atom 45  N   pos: ( -0.114500  1.377374  0.971543)  para_lq sigma:         -57.77
           -57.6805          0.1554         -0.2372
             0.1028        -57.7319         -0.0454
            -0.2438         -0.0187        -57.8903

     Atom 46  N   pos: (  0.880190  0.568697  0.261356)  para_lq sigma:         -57.77
           -57.6810         -0.1553         -0.2369
            -0.1027        -57.7307          0.0457
            -0.2434          0.0189        -57.8910

     Atom 47  N   pos: (  0.645909  0.239922  1.494250)  para_lq sigma:         -57.77
           -57.6805          0.1554         -0.2372
             0.1028        -57.7319         -0.0454
            -0.2438         -0.0187        -57.8903

     Atom 48  N   pos: ( -0.348781  1.048600  2.204437)  para_lq sigma:         -57.77
           -57.6810         -0.1553         -0.2369
            -0.1027        -57.7307          0.0457
            -0.2434          0.0189        -57.8910

 
     Total NMR chemical shifts in ppm: ---------------------------------------
     (adopting the Simpson convention for anisotropy and asymmetry)-----------
 
     Atom  1  C   pos: (  0.124154  0.431737  0.962977)  Total sigma:         -20.62
           -20.6318        -62.9455         -9.5978
           -62.1228          6.6088         28.7532
            -7.2669         27.5028        -47.8438

     C    1    anisotropy:    126.45    eta:   -0.3223
     C    1    sigma_11=    -49.18    axis=(  0.483324  0.103461  0.869306)
     C    1    sigma_22=    -76.36    axis=( -0.643257 -0.631581  0.432811)
     C    1    sigma_33=     63.67    axis=( -0.593816  0.768376  0.238706)
 
     Atom  2  C   pos: (  0.641515  1.240381  0.269945)  Total sigma:         -20.62
           -20.6237         62.9524         -9.5863
            62.1307          6.6036        -28.7364
            -7.2538        -27.4910        -47.8467

     C    2    anisotropy:    126.44    eta:   -0.3225
     C    2    sigma_11=    -49.18    axis=(  0.483160 -0.103545  0.869388)
     C    2    sigma_22=    -76.36    axis=(  0.643306 -0.631582 -0.432738)
     C    2    sigma_33=     63.67    axis=( -0.593897 -0.768364  0.238544)
 
     Atom  3  C   pos: (  0.407254  1.185560  1.502816)  Total sigma:         -20.62
           -20.6318        -62.9455         -9.5978
           -62.1228          6.6088         28.7532
            -7.2669         27.5028        -47.8438

     C    3    anisotropy:    126.45    eta:   -0.3223
     C    3    sigma_11=    -49.18    axis=(  0.483324  0.103461  0.869306)
     C    3    sigma_22=    -76.36    axis=( -0.643257 -0.631581  0.432811)
     C    3    sigma_33=     63.67    axis=( -0.593816  0.768376  0.238706)
 
     Atom  4  C   pos: ( -0.110107  0.376916  2.195848)  Total sigma:         -20.62
           -20.6237         62.9524         -9.5863
            62.1307          6.6036        -28.7364
            -7.2538        -27.4910        -47.8467

     C    4    anisotropy:    126.44    eta:   -0.3225
     C    4    sigma_11=    -49.18    axis=(  0.483160 -0.103545  0.869388)
     C    4    sigma_22=    -76.36    axis=(  0.643306 -0.631582 -0.432738)
     C    4    sigma_33=     63.67    axis=( -0.593897 -0.768364  0.238544)
 
     Atom  5  C   pos: (  0.340438  0.624157  0.843801)  Total sigma:         150.09
           149.7295         24.5747        -12.0607
            19.1861        152.3405        -12.7249
            -6.1618        -13.4769        148.2077

     C    5    anisotropy:     45.85    eta:   -0.3988
     C    5    sigma_11=    140.90    axis=(  0.426449  0.195720  0.883083)
     C    5    sigma_22=    128.72    axis=(  0.675466 -0.718230 -0.167006)
     C    5    sigma_33=    180.66    axis=( -0.601570 -0.667712  0.438490)
 
     Atom  6  C   pos: (  0.425213  1.432800  0.389096)  Total sigma:         150.09
           149.7281        -24.5738        -12.0620
           -19.1841        152.3340         12.7262
            -6.1619         13.4778        148.2105

     C    6    anisotropy:     45.84    eta:   -0.3989
     C    6    sigma_11=    140.90    axis=( -0.426544  0.195741 -0.883032)
     C    6    sigma_22=    128.71    axis=(  0.675410  0.718277 -0.167033)
     C    6    sigma_33=    180.65    axis=( -0.601566  0.667656  0.438582)
 
     Atom  7  C   pos: (  0.190970  0.993140  1.621992)  Total sigma:         150.09
           149.7295         24.5747        -12.0607
            19.1861        152.3405        -12.7249
            -6.1618        -13.4769        148.2077

     C    7    anisotropy:     45.85    eta:   -0.3988
     C    7    sigma_11=    140.90    axis=(  0.426449  0.195720  0.883083)
     C    7    sigma_22=    128.72    axis=(  0.675467 -0.718230 -0.167006)
     C    7    sigma_33=    180.66    axis=( -0.601570 -0.667712  0.438490)
 
     Atom  8  C   pos: (  0.106195  0.184497  2.076697)  Total sigma:         150.09
           149.7281        -24.5738        -12.0620
           -19.1841        152.3340         12.7262
            -6.1619         13.4778        148.2105

     C    8    anisotropy:     45.84    eta:   -0.3989
     C    8    sigma_11=    140.90    axis=( -0.426544  0.195741 -0.883032)
     C    8    sigma_22=    128.71    axis=(  0.675410  0.718277 -0.167033)
     C    8    sigma_33=    180.65    axis=( -0.601566  0.667656  0.438582)
 
     Atom  9  H   pos: (  0.539097  0.504206  0.817122)  Total sigma:          26.45
            32.7550         -4.0907         -0.9792
            -4.1393         23.2169         -0.6046
            -1.6126         -0.5048         23.3855

     H    9    anisotropy:     11.89    eta:   -0.3170
     H    9    sigma_11=     23.75    axis=( -0.066363 -0.429006  0.900861)
     H    9    sigma_22=     21.23    axis=(  0.346495  0.836757  0.424003)
     H    9    sigma_33=     34.38    axis=( -0.935701  0.340282  0.093118)
 
     Atom 10  H   pos: (  0.226574  1.312827  0.415791)  Total sigma:          26.45
            32.7547          4.0898         -0.9795
             4.1388         23.2188          0.6042
            -1.6126          0.5045         23.3876

     H   10    anisotropy:     11.89    eta:   -0.3170
     H   10    sigma_11=     23.75    axis=( -0.066313  0.428972  0.900880)
     H   10    sigma_22=     21.23    axis=( -0.346525  0.836770 -0.423952)
     H   10    sigma_33=     34.38    axis=( -0.935694 -0.340291  0.093161)
 
     Atom 11  H   pos: ( -0.007688  1.113091  1.648671)  Total sigma:          26.45
            32.7550         -4.0907         -0.9792
            -4.1393         23.2169         -0.6046
            -1.6126         -0.5048         23.3855

     H   11    anisotropy:     11.89    eta:   -0.3170
     H   11    sigma_11=     23.75    axis=( -0.066363 -0.429006  0.900861)
     H   11    sigma_22=     21.23    axis=(  0.346495  0.836757  0.424003)
     H   11    sigma_33=     34.38    axis=( -0.935701  0.340282  0.093118)
 
     Atom 12  H   pos: (  0.304835  0.304470  2.050001)  Total sigma:          26.45
            32.7547          4.0898         -0.9795
             4.1388         23.2188          0.6042
            -1.6126          0.5045         23.3876

     H   12    anisotropy:     11.89    eta:   -0.3170
     H   12    sigma_11=     23.75    axis=( -0.066313  0.428972  0.900880)
     H   12    sigma_22=     21.23    axis=( -0.346525  0.836770 -0.423952)
     H   12    sigma_33=     34.38    axis=( -0.935694 -0.340291  0.093161)
 
     Atom 13  H   pos: (  0.277400  0.710839  0.641582)  Total sigma:          29.20
            27.9090          1.3680          0.5494
             0.8509         27.9131         -3.5209
             2.7038         -1.7902         31.7909

     H   13    anisotropy:      6.17    eta:   -0.8743
     H   13    sigma_11=     28.95    axis=(  0.796523  0.596113  0.101000)
     H   13    sigma_22=     25.35    axis=( -0.574944  0.695116  0.431571)
     H   13    sigma_33=     33.32    axis=(  0.187059 -0.401826  0.896407)
 
     Atom 14  H   pos: (  0.488254  1.519471  0.591353)  Total sigma:          29.20
            27.9064         -1.3678          0.5494
            -0.8515         27.9097          3.5202
             2.7033          1.7900         31.7885

     H   14    anisotropy:      6.17    eta:   -0.8743
     H   14    sigma_11=     28.94    axis=(  0.796543 -0.596096  0.100941)
     H   14    sigma_22=     25.34    axis=(  0.574921  0.695178 -0.431502)
     H   14    sigma_33=     33.32    axis=(  0.187044  0.401743  0.896447)
 
     Atom 15  H   pos: (  0.254009  0.906457  1.824210)  Total sigma:          29.20
            27.9090          1.3680          0.5494
             0.8509         27.9131         -3.5209
             2.7038         -1.7902         31.7909

     H   15    anisotropy:      6.17    eta:   -0.8743
     H   15    sigma_11=     28.95    axis=(  0.796523  0.596113  0.101000)
     H   15    sigma_22=     25.35    axis=( -0.574944  0.695116  0.431571)
     H   15    sigma_33=     33.32    axis=(  0.187059 -0.401825  0.896407)
 
     Atom 16  H   pos: (  0.043155  0.097826  1.874440)  Total sigma:          29.20
            27.9064         -1.3678          0.5494
            -0.8515         27.9097          3.5202
             2.7033          1.7900         31.7885

     H   16    anisotropy:      6.17    eta:   -0.8743
     H   16    sigma_11=     28.94    axis=(  0.796543 -0.596096  0.100941)
     H   16    sigma_22=     25.34    axis=(  0.574921  0.695178 -0.431502)
     H   16    sigma_33=     33.32    axis=(  0.187044  0.401743  0.896447)
 
     Atom 17  H   pos: (  0.390593  0.794146  0.989354)  Total sigma:          28.20
            24.8198          1.2903          1.1118
             2.3650         31.5012          3.8392
             0.4008          2.2709         28.2910

     H   17    anisotropy:      8.36    eta:   -0.3828
     H   17    sigma_11=     26.48    axis=(  0.132741  0.479826 -0.867264)
     H   17    sigma_22=     24.35    axis=(  0.967861 -0.251323  0.009090)
     H   17    sigma_33=     33.77    axis=(  0.213602  0.840597  0.497765)
 
     Atom 18  H   pos: (  0.375057  1.602784  0.243578)  Total sigma:          28.21
            24.8217         -1.2907          1.1118
            -2.3650         31.5027         -3.8398
             0.4005         -2.2708         28.2924

     H   18    anisotropy:      8.36    eta:   -0.3828
     H   18    sigma_11=     26.49    axis=( -0.132876  0.479794  0.867261)
     H   18    sigma_22=     24.35    axis=(  0.967839  0.251401  0.009203)
     H   18    sigma_33=     33.78    axis=(  0.213615 -0.840592  0.497769)
 
     Atom 19  H   pos: (  0.140816  0.823151  1.476439)  Total sigma:          28.20
            24.8198          1.2903          1.1118
             2.3650         31.5012          3.8392
             0.4008          2.2709         28.2910

     H   19    anisotropy:      8.36    eta:   -0.3828
     H   19    sigma_11=     26.48    axis=(  0.132741  0.479826 -0.867264)
     H   19    sigma_22=     24.35    axis=(  0.967861 -0.251323  0.009090)
     H   19    sigma_33=     33.77    axis=(  0.213602  0.840597  0.497765)
 
     Atom 20  H   pos: (  0.156351  0.014513  2.222215)  Total sigma:          28.21
            24.8217         -1.2907          1.1118
            -2.3650         31.5027         -3.8398
             0.4005         -2.2708         28.2924

     H   20    anisotropy:      8.36    eta:   -0.3828
     H   20    sigma_11=     26.49    axis=( -0.132876  0.479794  0.867261)
     H   20    sigma_22=     24.35    axis=(  0.967839  0.251401  0.009203)
     H   20    sigma_33=     33.78    axis=(  0.213615 -0.840592  0.497769)
 
     Atom 21  O   pos: ( -0.064038  0.329311  0.803315)  Total sigma:         -59.43
            -1.5044       -122.7280        -70.2832
          -129.5179         56.2940         60.8685
           -43.6688         93.5968       -233.0714

     O   21    anisotropy:    357.80    eta:   -0.6437
     O   21    sigma_11=   -101.92    axis=(  0.786834  0.616793  0.021394)
     O   21    sigma_22=   -255.47    axis=(  0.123465 -0.191277  0.973740)
     O   21    sigma_33=    179.11    axis=( -0.604688  0.763531  0.226656)
 
     Atom 22  O   pos: (  0.829678  1.137926  0.429607)  Total sigma:         -59.40
            -1.4787        122.7665        -70.2420
           129.5418         56.3118        -60.8166
           -43.6395        -93.5397       -233.0444

     O   22    anisotropy:    357.80    eta:   -0.6434
     O   22    sigma_11=   -101.93    axis=(  0.786804 -0.616833  0.021392)
     O   22    sigma_22=   -255.41    axis=( -0.123388 -0.191158 -0.973773)
     O   22    sigma_33=    179.13    axis=( -0.604744 -0.763529  0.226513)
 
     Atom 23  O   pos: (  0.595447  1.287986  1.662478)  Total sigma:         -59.43
            -1.5044       -122.7280        -70.2832
          -129.5179         56.2940         60.8685
           -43.6688         93.5968       -233.0714

     O   23    anisotropy:    357.80    eta:   -0.6437
     O   23    sigma_11=   -101.92    axis=(  0.786834  0.616793  0.021394)
     O   23    sigma_22=   -255.47    axis=(  0.123465 -0.191277  0.973740)
     O   23    sigma_33=    179.11    axis=( -0.604688  0.763531  0.226656)
 
     Atom 24  O   pos: ( -0.298269  0.479371  2.036186)  Total sigma:         -59.40
            -1.4787        122.7665        -70.2420
           129.5418         56.3118        -60.8166
           -43.6395        -93.5397       -233.0444

     O   24    anisotropy:    357.80    eta:   -0.6434
     O   24    sigma_11=   -101.93    axis=(  0.786804 -0.616833  0.021392)
     O   24    sigma_22=   -255.41    axis=( -0.123388 -0.191158 -0.973773)
     O   24    sigma_33=    179.13    axis=( -0.604744 -0.763529  0.226513)
 
     Atom 25  O   pos: (  0.142534  0.365567  1.221248)  Total sigma:         -45.87
           -58.9664       -162.6625        -59.3551
          -156.2655         51.6782         13.7576
          -127.0174          1.5980       -130.3107

     O   25    anisotropy:    335.10    eta:   -0.6424
     O   25    sigma_11=    -85.81    axis=(  0.404284  0.511250 -0.758405)
     O   25    sigma_22=   -229.32    axis=(  0.689561  0.374377  0.619957)
     O   25    sigma_33=    177.54    axis=(  0.600882 -0.773605 -0.201184)
 
     Atom 26  O   pos: (  0.623160  1.174239  0.011652)  Total sigma:         -45.90
           -58.9773        162.6768        -59.3440
           156.2973         51.6262        -13.7027
          -127.0131         -1.5335       -130.3500

     O   26    anisotropy:    335.10    eta:   -0.6426
     O   26    sigma_11=    -85.82    axis=(  0.404283 -0.511162 -0.758465)
     O   26    sigma_22=   -229.38    axis=(  0.689505 -0.374523  0.619932)
     O   26    sigma_33=    177.50    axis=( -0.600948 -0.773593  0.201036)
 
     Atom 27  O   pos: (  0.388875  1.251730  1.244545)  Total sigma:         -45.87
           -58.9664       -162.6625        -59.3551
          -156.2655         51.6782         13.7576
          -127.0174          1.5980       -130.3107

     O   27    anisotropy:    335.10    eta:   -0.6424
     O   27    sigma_11=    -85.81    axis=(  0.404284  0.511250 -0.758405)
     O   27    sigma_22=   -229.32    axis=(  0.689561  0.374377  0.619957)
     O   27    sigma_33=    177.54    axis=(  0.600882 -0.773605 -0.201184)
 
     Atom 28  O   pos: ( -0.091751  0.443058  2.454141)  Total sigma:         -45.90
           -58.9773        162.6768        -59.3440
           156.2973         51.6262        -13.7027
          -127.0131         -1.5335       -130.3500

     O   28    anisotropy:    335.10    eta:   -0.6426
     O   28    sigma_11=    -85.82    axis=(  0.404283 -0.511162 -0.758465)
     O   28    sigma_22=   -229.38    axis=(  0.689505 -0.374523  0.619932)
     O   28    sigma_33=    177.50    axis=( -0.600948 -0.773593  0.201036)
 
     Atom 29  H   pos: ( -0.107133  1.591714  0.929513)  Total sigma:          22.51
            14.0174          1.6038         -0.0150
             2.0731         37.9832         -4.9108
             0.0382         -4.4243         15.5241

     H   29    anisotropy:     24.80    eta:   -0.0618
     H   29    sigma_11=     14.75    axis=(  0.392923  0.151147  0.907064)
     H   29    sigma_22=     13.73    axis=(  0.916766 -0.141382 -0.373567)
     H   29    sigma_33=     39.04    axis=( -0.071779 -0.978349  0.194118)
 
     Atom 30  H   pos: (  0.872841  0.783056  0.303382)  Total sigma:          22.51
            14.0155         -1.6035         -0.0146
            -2.0733         37.9796          4.9107
             0.0385          4.4243         15.5226

     H   30    anisotropy:     24.80    eta:   -0.0619
     H   30    sigma_11=     14.75    axis=( -0.393039  0.151142 -0.907015)
     H   30    sigma_22=     13.73    axis=(  0.916716  0.141406 -0.373680)
     H   30    sigma_33=     39.04    axis=( -0.071779  0.978346  0.194132)
 
     Atom 31  H   pos: (  0.638542  0.025583  1.536280)  Total sigma:          22.51
            14.0174          1.6038         -0.0150
             2.0731         37.9832         -4.9108
             0.0382         -4.4243         15.5241

     H   31    anisotropy:     24.80    eta:   -0.0618
     H   31    sigma_11=     14.75    axis=(  0.392923  0.151147  0.907064)
     H   31    sigma_22=     13.73    axis=(  0.916766 -0.141382 -0.373567)
     H   31    sigma_33=     39.04    axis=( -0.071779 -0.978349  0.194118)
 
     Atom 32  H   pos: ( -0.341433  0.834241  2.162411)  Total sigma:          22.51
            14.0155         -1.6035         -0.0146
            -2.0733         37.9796          4.9107
             0.0385          4.4243         15.5226

     H   32    anisotropy:     24.80    eta:   -0.0619
     H   32    sigma_11=     14.75    axis=( -0.393039  0.151142 -0.907015)
     H   32    sigma_22=     13.73    axis=(  0.916716  0.141406 -0.373680)
     H   32    sigma_33=     39.04    axis=( -0.071779  0.978346  0.194132)
 
     Atom 33  H   pos: ( -0.129689  1.273377  0.779282)  Total sigma:          22.05
            14.2260          0.7169          2.8092
             0.3440         17.6975         10.0451
             2.5151          9.4292         34.2190

     H   33    anisotropy:     25.44    eta:   -0.0870
     H   33    sigma_11=     14.30    axis=(  0.864580 -0.487289  0.122685)
     H   33    sigma_22=     12.83    axis=(  0.491202  0.768097 -0.410789)
     H   33    sigma_33=     39.01    axis=(  0.105939  0.415423  0.903438)
 
     Atom 34  H   pos: (  0.895368  0.464725  0.453624)  Total sigma:          22.05
            14.2254         -0.7162          2.8078
            -0.3431         17.6955        -10.0435
             2.5141         -9.4286         34.2220

     H   34    anisotropy:     25.44    eta:   -0.0870
     H   34    sigma_11=     14.30    axis=(  0.864595  0.487264  0.122675)
     H   34    sigma_22=     12.83    axis=( -0.491187  0.768161  0.410687)
     H   34    sigma_33=     39.01    axis=(  0.105879 -0.415335  0.903486)
 
     Atom 35  H   pos: (  0.661098  0.343920  1.686511)  Total sigma:          22.05
            14.2260          0.7169          2.8092
             0.3440         17.6975         10.0451
             2.5151          9.4292         34.2190

     H   35    anisotropy:     25.44    eta:   -0.0870
     H   35    sigma_11=     14.30    axis=(  0.864580 -0.487289  0.122685)
     H   35    sigma_22=     12.83    axis=(  0.491202  0.768097 -0.410789)
     H   35    sigma_33=     39.01    axis=(  0.105939  0.415423  0.903438)
 
     Atom 36  H   pos: ( -0.363959  1.152572  2.012169)  Total sigma:          22.05
            14.2254         -0.7162          2.8078
            -0.3431         17.6955        -10.0435
             2.5141         -9.4286         34.2220

     H   36    anisotropy:     25.44    eta:   -0.0870
     H   36    sigma_11=     14.30    axis=(  0.864595  0.487264  0.122675)
     H   36    sigma_22=     12.83    axis=( -0.491187  0.768161  0.410687)
     H   36    sigma_33=     39.01    axis=(  0.105879 -0.415335  0.903486)
 
     Atom 37  H   pos: (  0.704871  1.332935  1.091299)  Total sigma:          20.75
            30.4083          5.3291        -11.8741
             4.2866         11.7934         -2.1604
           -12.1899         -3.4307         20.0585

     H   37    anisotropy:     28.04    eta:   -0.0844
     H   37    sigma_11=     12.20    axis=(  0.505289  0.191635  0.841403)
     H   37    sigma_22=     10.62    axis=(  0.268642 -0.961513  0.057662)
     H   37    sigma_33=     39.45    axis=( -0.820070 -0.196900  0.537323)
 
     Atom 38  H   pos: (  0.060811  0.524246  0.141601)  Total sigma:          20.76
            30.4091         -5.3291        -11.8728
            -4.2863         11.7962          2.1603
           -12.1883          3.4305         20.0607

     H   38    anisotropy:     28.04    eta:   -0.0845
     H   38    sigma_11=     12.20    axis=( -0.505291  0.191627 -0.841404)
     H   38    sigma_22=     10.62    axis=(  0.268649  0.961512  0.057649)
     H   38    sigma_33=     39.45    axis=( -0.820066  0.196913  0.537324)
 
     Atom 39  H   pos: ( -0.173462  0.284362  1.374494)  Total sigma:          20.75
            30.4083          5.3291        -11.8741
             4.2866         11.7934         -2.1604
           -12.1899         -3.4307         20.0585

     H   39    anisotropy:     28.04    eta:   -0.0844
     H   39    sigma_11=     12.20    axis=(  0.505289  0.191635  0.841403)
     H   39    sigma_22=     10.62    axis=(  0.268642 -0.961513  0.057662)
     H   39    sigma_33=     39.45    axis=( -0.820070 -0.196900  0.537323)
 
     Atom 40  H   pos: (  0.470597  1.093051  2.324192)  Total sigma:          20.76
            30.4091         -5.3291        -11.8728
            -4.2863         11.7962          2.1603
           -12.1883          3.4305         20.0607

     H   40    anisotropy:     28.04    eta:   -0.0845
     H   40    sigma_11=     12.20    axis=( -0.505291  0.191627 -0.841404)
     H   40    sigma_22=     10.62    axis=(  0.268649  0.961512  0.057649)
     H   40    sigma_33=     39.45    axis=( -0.820066  0.196913  0.537324)
 
     Atom 41  H   pos: (  0.068254  1.318094  1.078561)  Total sigma:          21.82
            31.3471         -5.3689         11.2646
            -6.5335         14.4499         -3.8831
            10.4857         -3.4133         19.6752

     H   41    anisotropy:     26.93    eta:   -0.0367
     H   41    sigma_11=     13.18    axis=( -0.536138 -0.106744  0.837354)
     H   41    sigma_22=     12.52    axis=(  0.169578  0.958130  0.230717)
     H   41    sigma_33=     39.78    axis=(  0.826922 -0.265693  0.495588)
 
     Atom 42  H   pos: (  0.697430  0.509441  0.154345)  Total sigma:          21.82
            31.3482          5.3687         11.2663
             6.5332         14.4476          3.8832
            10.4874          3.4130         19.6749

     H   42    anisotropy:     26.93    eta:   -0.0367
     H   42    sigma_11=     13.18    axis=(  0.536138 -0.106731 -0.837356)
     H   42    sigma_22=     12.52    axis=(  0.169542 -0.958145  0.230680)
     H   42    sigma_33=     39.78    axis=(  0.826929  0.265643  0.495603)
 
     Atom 43  H   pos: (  0.463154  0.299203  1.387232)  Total sigma:          21.82
            31.3471         -5.3689         11.2646
            -6.5335         14.4499         -3.8831
            10.4857         -3.4133         19.6752

     H   43    anisotropy:     26.93    eta:   -0.0367
     H   43    sigma_11=     13.18    axis=( -0.536138 -0.106744  0.837354)
     H   43    sigma_22=     12.52    axis=(  0.169578  0.958130  0.230717)
     H   43    sigma_33=     39.78    axis=(  0.826922 -0.265693  0.495588)
 
     Atom 44  H   pos: ( -0.166021  1.107856  2.311448)  Total sigma:          21.82
            31.3482          5.3687         11.2663
             6.5332         14.4476          3.8832
            10.4874          3.4130         19.6749

     H   44    anisotropy:     26.93    eta:   -0.0367
     H   44    sigma_11=     13.18    axis=(  0.536138 -0.106731 -0.837356)
     H   44    sigma_22=     12.52    axis=(  0.169542 -0.958145  0.230680)
     H   44    sigma_33=     39.78    axis=(  0.826929  0.265643  0.495603)
 
     Atom 45  N   pos: ( -0.114500  1.377374  0.971543)  Total sigma:         210.09
           212.1956          2.0556          0.2499
             1.6231        207.0572         -1.6359
            -0.9505         -1.1693        211.0137

     N   45    anisotropy:     -5.91    eta:   -0.5287
     N   45    sigma_11=    211.02    axis=(  0.439235 -0.111726  0.891398)
     N   45    sigma_22=    213.10    axis=(  0.857248  0.348898 -0.378677)
     N   45    sigma_33=    206.15    axis=(  0.268699 -0.930477 -0.249025)
 
     Atom 46  N   pos: (  0.880190  0.568697  0.261356)  Total sigma:         210.09
           212.1922         -2.0543          0.2515
            -1.6253        207.0643          1.6382
            -0.9507          1.1698        211.0106

     N   46    anisotropy:     -5.90    eta:   -0.5294
     N   46    sigma_11=    211.01    axis=(  0.439589  0.112010  0.891188)
     N   46    sigma_22=    213.10    axis=( -0.856957  0.349502  0.378777)
     N   46    sigma_33=    206.16    axis=(  0.269046  0.930216 -0.249625)
 
     Atom 47  N   pos: (  0.645909  0.239922  1.494250)  Total sigma:         210.09
           212.1956          2.0556          0.2499
             1.6231        207.0572         -1.6359
            -0.9505         -1.1693        211.0137

     N   47    anisotropy:     -5.91    eta:   -0.5287
     N   47    sigma_11=    211.02    axis=(  0.439235 -0.111726  0.891398)
     N   47    sigma_22=    213.10    axis=(  0.857248  0.348898 -0.378677)
     N   47    sigma_33=    206.15    axis=(  0.268699 -0.930477 -0.249025)
 
     Atom 48  N   pos: ( -0.348781  1.048600  2.204437)  Total sigma:         210.09
           212.1922         -2.0543          0.2515
            -1.6253        207.0643          1.6382
            -0.9507          1.1698        211.0106

     N   48    anisotropy:     -5.90    eta:   -0.5294
     N   48    sigma_11=    211.01    axis=(  0.439589  0.112009  0.891188)
     N   48    sigma_22=    213.10    axis=( -0.856957  0.349502  0.378777)
     N   48    sigma_33=    206.16    axis=(  0.269046  0.930216 -0.249625)
 
     Initialization:
     gipaw_setup  :      0.29s CPU      0.31s WALL (       1 calls)
 
     Linear response
     greenf       :   5902.24s CPU   6126.79s WALL (     336 calls)
     cgsolve      :   5861.56s CPU   6085.98s WALL (     336 calls)
     ch_psi       :   5676.03s CPU   5900.16s WALL (   17684 calls)
     h_psiq       :   4488.74s CPU   4710.30s WALL (   17684 calls)
 
     Apply operators
     h_psi        :   4294.80s CPU   4549.16s WALL (   26568 calls)
     apply_vel    :    104.17s CPU    104.33s WALL (     294 calls)
 
     Induced current
     j_para       :    404.59s CPU    422.08s WALL (     378 calls)
     biot_savart  :      0.04s CPU      0.05s WALL (       1 calls)
 
     Other routines
 
     General routines
     calbec       :   1393.72s CPU   1399.96s WALL (   64778 calls)
     fft          :      0.69s CPU      0.71s WALL (      32 calls)
     fftw         :   3431.88s CPU   3693.21s WALL ( 2914508 calls)
     davcio       :      0.04s CPU      1.27s WALL (     224 calls)
 
     Parallel routines
     fft_scatter  :   1170.18s CPU   1315.17s WALL ( 2914540 calls)
 
     Plugins
 
     GIPAW        :   7635.35s CPU   7920.67s WALL (       1 calls)
