
     Program QE v.6.1 (svn rev. 13369) starts on 13Nov2017 at 12:29: 8 

     This program is part of the open-source Quantum ESPRESSO suite
     for quantum simulation of materials; please cite
         "P. Giannozzi et al., J. Phys.:Condens. Matter 21 395502 (2009);
          URL http://www.quantum-espresso.org", 
     in publications or presentations arising from this work. More details at
     http://www.quantum-espresso.org/quote

     Parallel version (MPI), running on     8 processors
     R & G space division:  proc/nbgrp/npool/nimage =       8
 
     ***** This is GIPAW svn revision unknown      *****
 
     Parallelizing q-star over 1 images
     Message from routine gipaw_readin:
     *** iverbosity is obsolete, use verbosity instead ***

     Reading data from directory:
     /scratch/paruzzo/QEspresso/CCDC/AMTRAZ/wfc/scf.save

   Info: using nr1, nr2, nr3 values from input

   Info: using nr1, nr2, nr3 values from input

     IMPORTANT: XC functional enforced from input :
     Exchange-correlation      =  SLA  PW   PBX  PBC ( 1  4  3  4 0 0)
     Any further DFT definition will be discarded
     Please, verify this is what you really want

               file C.pbe-n-kjpaw_psl.0.1.UPF: wavefunction(s)  2P renormalized
               file N.pbe-n-kjpaw_psl.0.1.UPF: wavefunction(s)  2P renormalized
               file H.pbe-kjpaw_psl.0.1.UPF: wavefunction(s)  1S renormalized
               file O.pbe-n-kjpaw_psl.0.1.UPF: wavefunction(s)  2P renormalized
 
     Parallelization info
     --------------------
     sticks:   dense  smooth     PW     G-vecs:    dense   smooth      PW
     Min        1398    1398    378                41751    41751    5897
     Max        1399    1399    379                41752    41752    5898
     Sum       11185   11185   3029               334013   334013   47183
 

     Check: negative/imaginary core charge=   -0.000002    0.000000

     Subspace diagonalization in iterative solution of the eigenvalue problem:
     a serial algorithm will be used

     GIPAW projectors -----------------------------------------------
     atom=  C    l=0  rc=    1.3000  rs=    0.8667
     atom=  C    l=0  rc=    1.3000  rs=    0.8667
     atom=  C    l=1  rc=    1.4500  rs=    0.9667
     atom=  C    l=1  rc=    1.4500  rs=    0.9667
     projs nearly linearly dependent: l=0  n1,n2= 1, 2  s=  0.99877758
     projs nearly linearly dependent: l=1  n1,n2= 1, 2  s=  0.99940894
 
     atom=  N    l=0  rc=    1.3000  rs=    0.8667
     atom=  N    l=0  rc=    1.3000  rs=    0.8667
     atom=  N    l=1  rc=    1.4500  rs=    0.9667
     atom=  N    l=1  rc=    1.4500  rs=    0.9667
     projs nearly linearly dependent: l=0  n1,n2= 1, 2  s=  0.99709514
     projs nearly linearly dependent: l=1  n1,n2= 1, 2  s=  0.99857174
 
     atom=  H    l=0  rc=    1.0000  rs=    0.6667
     atom=  H    l=0  rc=    1.0000  rs=    0.6667
     projs nearly linearly dependent: l=0  n1,n2= 1, 2  s=  0.99968852
 
     atom=  O    l=0  rc=    1.3500  rs=    0.9000
     atom=  O    l=0  rc=    1.3500  rs=    0.9000
     atom=  O    l=1  rc=    1.3500  rs=    0.9000
     atom=  O    l=1  rc=    1.3500  rs=    0.9000
     projs nearly linearly dependent: l=0  n1,n2= 1, 2  s=  0.99100135
     projs nearly linearly dependent: l=1  n1,n2= 1, 2  s=  0.99790100
     -----------------------------------------------------------------
 
     alpha_pv=     46.1382 eV
 
     q-space interpolation up to   110.00 Rydberg
 
     GIPAW job: nmr                                                                             
     NMR macroscopic correction: yes
             0.6667          0.0000          0.0000
             0.0000          0.6667          0.0000
             0.0000          0.0000          0.6667

 
     Largest allocated arrays     est. size (Mb)     dimensions
        KS wavefunctions at k           6.08 Mb     (    5243,   76)
        KS wavefunctions at k+q         6.08 Mb     (    5243,   76)
        First-order wavefunctions      60.80 Mb     (    5243,   76, 10)
        First-order wavefunct (US)     36.48 Mb     (    5243,   76,  6)
        Charge/spin density             0.70 Mb     (   92160,    1)
        Induced current                 6.33 Mb     (   92160,    3,3,1)
        Induced magnetic field          6.33 Mb     (   92160,    3,3,1)
        NL pseudopotentials            17.92 Mb     (    5243,  224)
        GIPAW NL terms                 17.92 Mb     (    5243,  224)
 
     Computing the magnetic susceptibility     isolve=0    ethr=  0.1000E-13
     k-point #    1 of    12      pool #  1    cpu time:       6.5
     Rotating WFCS
     Rotating WFCS
     Rotating WFCS
     Rotating WFCS
     Rotating WFCS
     Rotating WFCS
     Rotating WFCS
     k-point #    2 of    12      pool #  1    cpu time:     533.4
     Rotating WFCS
     Rotating WFCS
     Rotating WFCS
     Rotating WFCS
     Rotating WFCS
     Rotating WFCS
     Rotating WFCS
     k-point #    3 of    12      pool #  1    cpu time:    1109.0
     Rotating WFCS
     Rotating WFCS
     Rotating WFCS
     Rotating WFCS
     Rotating WFCS
     Rotating WFCS
     Rotating WFCS
     k-point #    4 of    12      pool #  1    cpu time:    1767.1
     Rotating WFCS
     Rotating WFCS
     Rotating WFCS
     Rotating WFCS
     Rotating WFCS
     Rotating WFCS
     Rotating WFCS
     k-point #    5 of    12      pool #  1    cpu time:    2303.9
     Rotating WFCS
     Rotating WFCS
     Rotating WFCS
     Rotating WFCS
     Rotating WFCS
     Rotating WFCS
     Rotating WFCS
     k-point #    6 of    12      pool #  1    cpu time:    2873.7
     Rotating WFCS
     Rotating WFCS
     Rotating WFCS
     Rotating WFCS
     Rotating WFCS
     Rotating WFCS
     Rotating WFCS
     k-point #    7 of    12      pool #  1    cpu time:    3530.6
     Rotating WFCS
     Rotating WFCS
     Rotating WFCS
     Rotating WFCS
     Rotating WFCS
     Rotating WFCS
     Rotating WFCS
     k-point #    8 of    12      pool #  1    cpu time:    4050.4
     Rotating WFCS
     Rotating WFCS
     Rotating WFCS
     Rotating WFCS
     Rotating WFCS
     Rotating WFCS
     Rotating WFCS
     k-point #    9 of    12      pool #  1    cpu time:    4617.5
     Rotating WFCS
     Rotating WFCS
     Rotating WFCS
     Rotating WFCS
     Rotating WFCS
     Rotating WFCS
     Rotating WFCS
     k-point #   10 of    12      pool #  1    cpu time:    5274.5
     Rotating WFCS
     Rotating WFCS
     Rotating WFCS
     Rotating WFCS
     Rotating WFCS
     Rotating WFCS
     Rotating WFCS
     k-point #   11 of    12      pool #  1    cpu time:    5779.8
     Rotating WFCS
     Rotating WFCS
     Rotating WFCS
     Rotating WFCS
     Rotating WFCS
     Rotating WFCS
     Rotating WFCS
     k-point #   12 of    12      pool #  1    cpu time:    6349.3
     Rotating WFCS
     Rotating WFCS
     Rotating WFCS
     Rotating WFCS
     Rotating WFCS
     Rotating WFCS
     Rotating WFCS
     End of magnetic susceptibility calculation
 
     f-sum rule (1st term):
          -123.0982         -0.0000         -0.0496
            -0.0000       -123.1235          0.0000
            -0.0436          0.0000       -123.0386

     f-sum rule (2nd term):
            -2.0626         -0.0000          0.0393
            -0.0000         -2.0399         -0.0000
             0.0288         -0.0000         -2.0057

     f-sum rule (should be  -125.1634):
          -125.1608         -0.0000         -0.0103
            -0.0000       -125.1633          0.0000
            -0.0148          0.0000       -125.0443

     chi_bare pGv (HH) in paratec units:
       -37.705324      0.077682      4.888862
         0.066710    -39.934484     -0.020935
         4.725900     -0.023118    -37.602201

       -37.705324      0.077682      4.888862
         0.066710    -39.934484     -0.020935
         4.725900     -0.023118    -37.602201

     chi_bare vGv (VV) in paratec units:
       -36.129556      0.067173      6.045336
         0.063425    -39.660082     -0.028053
         6.049479     -0.023760    -37.002567

       -36.129556      0.067173      6.045336
         0.063425    -39.660082     -0.028053
         6.049479     -0.023760    -37.002567

     chi_bare pGv (HH) in 10^{-6} cm^3/mol:
          -179.1793          0.3692         23.2323
             0.3170       -189.7724         -0.0995
            22.4579         -0.1099       -178.6892

     chi_bare vGv (VV) in 10^{-6} cm^3/mol:
          -171.6911          0.3192         28.7280
             0.3014       -188.4684         -0.1333
            28.7477         -0.1129       -175.8397

     Contributions to the NMR chemical shifts: -------------------------------
 
     Macroscopic shape contribution in ppm:                    6.93
             6.8060          0.0000          0.0000
             0.0000          7.2084          0.0000
             0.0000          0.0000          6.7874

 
     Core contribution in ppm:
 
     Atom  1  C   pos: (  0.639105  0.148471  0.072249)  core sigma:         200.51
     Atom  2  C   pos: (  0.843489  0.721332  0.128324)  core sigma:         200.51
     Atom  3  C   pos: (  0.326082  0.997253  0.328897)  core sigma:         200.51
     Atom  4  C   pos: (  0.121698  0.424391  0.272821)  core sigma:         200.51
     Atom  5  C   pos: (  0.603007  0.303237  0.236495)  core sigma:         200.51
     Atom  6  C   pos: (  0.844772  0.876099  0.365224)  core sigma:         200.51
     Atom  7  C   pos: (  0.362179  0.842486  0.164651)  core sigma:         200.51
     Atom  8  C   pos: (  0.120414  0.269625  0.035922)  core sigma:         200.51
     Atom  9  N   pos: (  0.730421  0.228673  0.264782)  core sigma:         235.78
     Atom 10  N   pos: (  0.717359  0.801535  0.336937)  core sigma:         235.78
     Atom 11  N   pos: (  0.234765  0.917050  0.136364)  core sigma:         235.78
     Atom 12  N   pos: (  0.247828  0.344189  0.064209)  core sigma:         235.78
     Atom 13  N   pos: (  0.753084  0.134437  0.157378)  core sigma:         235.78
     Atom 14  N   pos: (  0.729510  0.707299  0.043195)  core sigma:         235.78
     Atom 15  N   pos: (  0.212103  1.011286  0.243768)  core sigma:         235.78
     Atom 16  N   pos: (  0.235677  0.438425  0.357951)  core sigma:         235.78
     Atom 17  N   pos: (  0.538893  0.249168  0.122398)  core sigma:         235.78
     Atom 18  N   pos: (  0.943700  0.822030  0.078174)  core sigma:         235.78
     Atom 19  N   pos: (  0.426294  0.896555  0.278747)  core sigma:         235.78
     Atom 20  N   pos: (  0.021486  0.323693  0.322971)  core sigma:         235.78
     Atom 21  N   pos: (  0.548129  0.399110  0.325153)  core sigma:         235.78
     Atom 22  N   pos: (  0.899651  0.971971  0.276566)  core sigma:         235.78
     Atom 23  N   pos: (  0.417058  0.746614  0.075993)  core sigma:         235.78
     Atom 24  N   pos: (  0.065535  0.173752  0.124580)  core sigma:         235.78
     Atom 25  H   pos: (  0.824857  0.273208  0.307073)  core sigma:           0.00
     Atom 26  H   pos: (  0.622923  0.846069  0.294645)  core sigma:           0.00
     Atom 27  H   pos: (  0.140329  0.872516  0.094072)  core sigma:           0.00
     Atom 28  H   pos: (  0.342264  0.299654  0.106501)  core sigma:           0.00
     Atom 29  H   pos: (  0.610201  0.069310 -0.008996)  core sigma:           0.00
     Atom 30  H   pos: (  0.872393  0.642172  0.209569)  core sigma:           0.00
     Atom 31  H   pos: (  0.354986  1.076413  0.410142)  core sigma:           0.00
     Atom 32  H   pos: (  0.092794  0.503551  0.191576)  core sigma:           0.00
     Atom 33  H   pos: (  0.610304  0.451361  0.397788)  core sigma:           0.00
     Atom 34  H   pos: (  0.837476  1.024223  0.203931)  core sigma:           0.00
     Atom 35  H   pos: (  0.354883  0.694362  0.003358)  core sigma:           0.00
     Atom 36  H   pos: (  0.127710  0.121500  0.197215)  core sigma:           0.00
     Atom 37  H   pos: (  0.443063  0.433779  0.314455)  core sigma:           0.00
     Atom 38  H   pos: (  0.004717  1.006640  0.287263)  core sigma:           0.00
     Atom 39  H   pos: (  0.522123  0.711944  0.086691)  core sigma:           0.00
     Atom 40  H   pos: (  0.960470  0.139083  0.113882)  core sigma:           0.00
 
     Bare contribution in ppm:
 
     Atom  1  C   pos: (  0.639105  0.148471  0.072249)  bare sigma:         -64.02
           -53.8914         13.3186         -2.7848
            13.7902        -67.2557        -26.7471
            -8.9591        -38.9703        -70.9085

     Atom  2  C   pos: (  0.843489  0.721332  0.128324)  bare sigma:         -64.02
           -53.8914        -13.3184         -2.7850
           -13.7901        -67.2557         26.7470
            -8.9592         38.9704        -70.9089

     Atom  3  C   pos: (  0.326082  0.997253  0.328897)  bare sigma:         -64.02
           -53.8914         13.3186         -2.7848
            13.7902        -67.2557        -26.7471
            -8.9591        -38.9703        -70.9085

     Atom  4  C   pos: (  0.121698  0.424391  0.272821)  bare sigma:         -64.02
           -53.8914        -13.3184         -2.7850
           -13.7901        -67.2557         26.7470
            -8.9592         38.9704        -70.9089

     Atom  5  C   pos: (  0.603007  0.303237  0.236495)  bare sigma:         -61.14
           -73.4660         11.2954        -15.0901
            11.3205        -59.6729        -23.3565
            -2.1962        -14.2489        -50.2744

     Atom  6  C   pos: (  0.844772  0.876099  0.365224)  bare sigma:         -61.14
           -73.4664        -11.2957        -15.0899
           -11.3207        -59.6732         23.3566
            -2.1960         14.2489        -50.2744

     Atom  7  C   pos: (  0.362179  0.842486  0.164651)  bare sigma:         -61.14
           -73.4660         11.2954        -15.0901
            11.3205        -59.6729        -23.3565
            -2.1962        -14.2489        -50.2744

     Atom  8  C   pos: (  0.120414  0.269625  0.035922)  bare sigma:         -61.14
           -73.4664        -11.2957        -15.0899
           -11.3207        -59.6732         23.3566
            -2.1960         14.2489        -50.2744

     Atom  9  N   pos: (  0.730421  0.228673  0.264782)  bare sigma:         -15.39
           -17.1922         -0.8075        -12.9042
             5.3886        -15.0211        -17.0670
           -15.5296        -20.3357        -13.9649

     Atom 10  N   pos: (  0.717359  0.801535  0.336937)  bare sigma:         -15.39
           -17.1927          0.8074        -12.9043
            -5.3887        -15.0215         17.0674
           -15.5299         20.3361        -13.9653

     Atom 11  N   pos: (  0.234765  0.917050  0.136364)  bare sigma:         -15.39
           -17.1922         -0.8075        -12.9042
             5.3886        -15.0211        -17.0670
           -15.5296        -20.3357        -13.9649

     Atom 12  N   pos: (  0.247828  0.344189  0.064209)  bare sigma:         -15.39
           -17.1927          0.8074        -12.9043
            -5.3887        -15.0215         17.0674
           -15.5299         20.3361        -13.9653

     Atom 13  N   pos: (  0.753084  0.134437  0.157378)  bare sigma:         -33.99
           -27.9767         20.6568        -15.6766
            15.9268        -25.8557        -56.7903
           -20.8011        -49.8110        -48.1241

     Atom 14  N   pos: (  0.729510  0.707299  0.043195)  bare sigma:         -33.99
           -27.9774        -20.6570        -15.6770
           -15.9270        -25.8564         56.7910
           -20.8015         49.8117        -48.1252

     Atom 15  N   pos: (  0.212103  1.011286  0.243768)  bare sigma:         -33.99
           -27.9767         20.6568        -15.6766
            15.9268        -25.8557        -56.7903
           -20.8011        -49.8110        -48.1241

     Atom 16  N   pos: (  0.235677  0.438425  0.357951)  bare sigma:         -33.99
           -27.9774        -20.6570        -15.6770
           -15.9270        -25.8564         56.7910
           -20.8015         49.8117        -48.1252

     Atom 17  N   pos: (  0.538893  0.249168  0.122398)  bare sigma:         -25.94
           -35.7587         29.3563        -11.8754
            22.1463        -17.9561        -51.1160
           -18.2044        -55.5396        -24.1188

     Atom 18  N   pos: (  0.943700  0.822030  0.078174)  bare sigma:         -25.94
           -35.7586        -29.3564        -11.8754
           -22.1462        -17.9559         51.1160
           -18.2043         55.5397        -24.1187

     Atom 19  N   pos: (  0.426294  0.896555  0.278747)  bare sigma:         -25.94
           -35.7587         29.3563        -11.8754
            22.1463        -17.9561        -51.1160
           -18.2044        -55.5396        -24.1188

     Atom 20  N   pos: (  0.021486  0.323693  0.322971)  bare sigma:         -25.94
           -35.7586        -29.3564        -11.8754
           -22.1462        -17.9559         51.1160
           -18.2043         55.5397        -24.1187

     Atom 21  N   pos: (  0.548129  0.399110  0.325153)  bare sigma:          22.36
             8.7768          4.0476         -9.5037
            -2.7930         31.2098         -4.5155
           -10.3510         -6.2226         27.0967

     Atom 22  N   pos: (  0.899651  0.971971  0.276566)  bare sigma:          22.36
             8.7765         -4.0478         -9.5037
             2.7931         31.2097          4.5157
           -10.3509          6.2227         27.0965

     Atom 23  N   pos: (  0.417058  0.746614  0.075993)  bare sigma:          22.36
             8.7768          4.0476         -9.5037
            -2.7930         31.2098         -4.5155
           -10.3510         -6.2226         27.0967

     Atom 24  N   pos: (  0.065535  0.173752  0.124580)  bare sigma:          22.36
             8.7765         -4.0478         -9.5037
             2.7931         31.2097          4.5157
           -10.3509          6.2227         27.0965

     Atom 25  H   pos: (  0.824857  0.273208  0.307073)  bare sigma:           9.97
            20.9641          4.2798          5.4888
             5.0025          3.5167          2.3939
             3.1467          2.2979          5.4321

     Atom 26  H   pos: (  0.622923  0.846069  0.294645)  bare sigma:           9.97
            20.9641         -4.2797          5.4888
            -5.0024          3.5167         -2.3939
             3.1467         -2.2979          5.4321

     Atom 27  H   pos: (  0.140329  0.872516  0.094072)  bare sigma:           9.97
            20.9641          4.2798          5.4888
             5.0025          3.5167          2.3939
             3.1467          2.2979          5.4321

     Atom 28  H   pos: (  0.342264  0.299654  0.106501)  bare sigma:           9.97
            20.9641         -4.2797          5.4888
            -5.0024          3.5167         -2.3939
             3.1467         -2.2979          5.4321

     Atom 29  H   pos: (  0.610201  0.069310 -0.008996)  bare sigma:          16.76
            17.3162          1.8717          0.8315
             0.9910         17.5713         -3.0696
             0.7843         -1.7559         15.3955

     Atom 30  H   pos: (  0.872393  0.642172  0.209569)  bare sigma:          16.76
            17.3162         -1.8716          0.8314
            -0.9911         17.5713          3.0696
             0.7842          1.7559         15.3955

     Atom 31  H   pos: (  0.354986  1.076413  0.410142)  bare sigma:          16.76
            17.3162          1.8717          0.8315
             0.9910         17.5713         -3.0696
             0.7843         -1.7559         15.3955

     Atom 32  H   pos: (  0.092794  0.503551  0.191576)  bare sigma:          16.76
            17.3162         -1.8716          0.8314
            -0.9911         17.5713          3.0696
             0.7842          1.7559         15.3955

     Atom 33  H   pos: (  0.610304  0.451361  0.397788)  bare sigma:          19.11
            15.5951          3.8158          3.2061
             1.3052         21.6770          3.8233
             3.9301          1.9006         20.0612

     Atom 34  H   pos: (  0.837476  1.024223  0.203931)  bare sigma:          19.11
            15.5952         -3.8158          3.2060
            -1.3052         21.6770         -3.8233
             3.9301         -1.9006         20.0612

     Atom 35  H   pos: (  0.354883  0.694362  0.003358)  bare sigma:          19.11
            15.5951          3.8158          3.2061
             1.3052         21.6770          3.8233
             3.9301          1.9006         20.0612

     Atom 36  H   pos: (  0.127710  0.121500  0.197215)  bare sigma:          19.11
            15.5952         -3.8158          3.2060
            -1.3052         21.6770         -3.8233
             3.9301         -1.9006         20.0612

     Atom 37  H   pos: (  0.443063  0.433779  0.314455)  bare sigma:          13.47
            23.4722         -3.3718          0.3693
            -7.6604          7.2954          0.0062
             0.4950         -2.1565          9.6443

     Atom 38  H   pos: (  0.004717  1.006640  0.287263)  bare sigma:          13.47
            23.4722          3.3718          0.3693
             7.6605          7.2953         -0.0062
             0.4950          2.1565          9.6443

     Atom 39  H   pos: (  0.522123  0.711944  0.086691)  bare sigma:          13.47
            23.4722         -3.3718          0.3693
            -7.6604          7.2954          0.0062
             0.4950         -2.1565          9.6443

     Atom 40  H   pos: (  0.960470  0.139083  0.113882)  bare sigma:          13.47
            23.4722          3.3718          0.3693
             7.6605          7.2953         -0.0062
             0.4950          2.1565          9.6443

     Diamagnetic contribution in ppm:
 
     Atom  1  C   pos: (  0.639105  0.148471  0.072249)  dia sigma:           4.16
             4.1881         -0.0202         -0.0596
            -0.0202          4.1735         -0.0837
            -0.0596         -0.0837          4.1128

     Atom  2  C   pos: (  0.843489  0.721332  0.128324)  dia sigma:           4.16
             4.1881          0.0202         -0.0596
             0.0202          4.1735          0.0837
            -0.0596          0.0837          4.1128

     Atom  3  C   pos: (  0.326082  0.997253  0.328897)  dia sigma:           4.16
             4.1881         -0.0202         -0.0596
            -0.0202          4.1735         -0.0837
            -0.0596         -0.0837          4.1128

     Atom  4  C   pos: (  0.121698  0.424391  0.272821)  dia sigma:           4.16
             4.1881          0.0202         -0.0596
             0.0202          4.1735          0.0837
            -0.0596          0.0837          4.1128

     Atom  5  C   pos: (  0.603007  0.303237  0.236495)  dia sigma:           4.30
             4.3168         -0.0275         -0.0059
            -0.0275          4.3066         -0.0816
            -0.0059         -0.0816          4.2716

     Atom  6  C   pos: (  0.844772  0.876099  0.365224)  dia sigma:           4.30
             4.3168          0.0275         -0.0059
             0.0275          4.3066          0.0816
            -0.0059          0.0816          4.2716

     Atom  7  C   pos: (  0.362179  0.842486  0.164651)  dia sigma:           4.30
             4.3168         -0.0275         -0.0059
            -0.0275          4.3066         -0.0816
            -0.0059         -0.0816          4.2716

     Atom  8  C   pos: (  0.120414  0.269625  0.035922)  dia sigma:           4.30
             4.3168          0.0275         -0.0059
             0.0275          4.3066          0.0816
            -0.0059          0.0816          4.2716

     Atom  9  N   pos: (  0.730421  0.228673  0.264782)  dia sigma:           9.65
             9.6964         -0.2246          0.0383
            -0.2246          9.7215          0.3619
             0.0383          0.3619          9.5213

     Atom 10  N   pos: (  0.717359  0.801535  0.336937)  dia sigma:           9.65
             9.6964          0.2246          0.0383
             0.2246          9.7215         -0.3619
             0.0383         -0.3619          9.5213

     Atom 11  N   pos: (  0.234765  0.917050  0.136364)  dia sigma:           9.65
             9.6964         -0.2246          0.0383
            -0.2246          9.7215          0.3619
             0.0383          0.3619          9.5213

     Atom 12  N   pos: (  0.247828  0.344189  0.064209)  dia sigma:           9.65
             9.6964          0.2246          0.0383
             0.2246          9.7215         -0.3619
             0.0383         -0.3619          9.5213

     Atom 13  N   pos: (  0.753084  0.134437  0.157378)  dia sigma:           8.90
             8.5035          0.1840          0.0276
             0.1840          8.9117          0.2393
             0.0276          0.2393          9.2773

     Atom 14  N   pos: (  0.729510  0.707299  0.043195)  dia sigma:           8.90
             8.5035         -0.1840          0.0276
            -0.1840          8.9117         -0.2393
             0.0276         -0.2393          9.2773

     Atom 15  N   pos: (  0.212103  1.011286  0.243768)  dia sigma:           8.90
             8.5035          0.1840          0.0276
             0.1840          8.9117          0.2393
             0.0276          0.2393          9.2773

     Atom 16  N   pos: (  0.235677  0.438425  0.357951)  dia sigma:           8.90
             8.5035         -0.1840          0.0276
            -0.1840          8.9117         -0.2393
             0.0276         -0.2393          9.2773

     Atom 17  N   pos: (  0.538893  0.249168  0.122398)  dia sigma:           9.12
             8.8867          0.0603         -0.2330
             0.0603          9.2302          0.1618
            -0.2330          0.1618          9.2295

     Atom 18  N   pos: (  0.943700  0.822030  0.078174)  dia sigma:           9.12
             8.8866         -0.0603         -0.2330
            -0.0603          9.2302         -0.1618
            -0.2330         -0.1618          9.2295

     Atom 19  N   pos: (  0.426294  0.896555  0.278747)  dia sigma:           9.12
             8.8867          0.0603         -0.2330
             0.0603          9.2302          0.1618
            -0.2330          0.1618          9.2295

     Atom 20  N   pos: (  0.021486  0.323693  0.322971)  dia sigma:           9.12
             8.8866         -0.0603         -0.2330
            -0.0603          9.2302         -0.1618
            -0.2330         -0.1618          9.2295

     Atom 21  N   pos: (  0.548129  0.399110  0.325153)  dia sigma:          10.44
            10.6324         -0.1340          0.0978
            -0.1340         10.3289          0.4237
             0.0978          0.4237         10.3711

     Atom 22  N   pos: (  0.899651  0.971971  0.276566)  dia sigma:          10.44
            10.6324          0.1340          0.0978
             0.1340         10.3289         -0.4237
             0.0978         -0.4237         10.3711

     Atom 23  N   pos: (  0.417058  0.746614  0.075993)  dia sigma:          10.44
            10.6324         -0.1340          0.0978
            -0.1340         10.3289          0.4237
             0.0978          0.4237         10.3711

     Atom 24  N   pos: (  0.065535  0.173752  0.124580)  dia sigma:          10.44
            10.6324          0.1340          0.0978
             0.1340         10.3289         -0.4237
             0.0978         -0.4237         10.3711

     Atom 25  H   pos: (  0.824857  0.273208  0.307073)  dia sigma:           1.00
             1.0001         -0.0000         -0.0000
            -0.0000          1.0001          0.0000
            -0.0000          0.0000          1.0001

     Atom 26  H   pos: (  0.622923  0.846069  0.294645)  dia sigma:           1.00
             1.0001         -0.0000         -0.0000
            -0.0000          1.0001          0.0000
            -0.0000          0.0000          1.0001

     Atom 27  H   pos: (  0.140329  0.872516  0.094072)  dia sigma:           1.00
             1.0001         -0.0000         -0.0000
            -0.0000          1.0001          0.0000
            -0.0000          0.0000          1.0001

     Atom 28  H   pos: (  0.342264  0.299654  0.106501)  dia sigma:           1.00
             1.0001         -0.0000         -0.0000
            -0.0000          1.0001          0.0000
            -0.0000          0.0000          1.0001

     Atom 29  H   pos: (  0.610201  0.069310 -0.008996)  dia sigma:           1.15
             1.1455         -0.0000         -0.0000
            -0.0000          1.1455          0.0000
            -0.0000          0.0000          1.1455

     Atom 30  H   pos: (  0.872393  0.642172  0.209569)  dia sigma:           1.15
             1.1455         -0.0000         -0.0000
            -0.0000          1.1455          0.0000
            -0.0000          0.0000          1.1455

     Atom 31  H   pos: (  0.354986  1.076413  0.410142)  dia sigma:           1.15
             1.1455         -0.0000         -0.0000
            -0.0000          1.1455          0.0000
            -0.0000          0.0000          1.1455

     Atom 32  H   pos: (  0.092794  0.503551  0.191576)  dia sigma:           1.15
             1.1455         -0.0000         -0.0000
            -0.0000          1.1455          0.0000
            -0.0000          0.0000          1.1455

     Atom 33  H   pos: (  0.610304  0.451361  0.397788)  dia sigma:           1.10
             1.0960         -0.0000         -0.0000
            -0.0000          1.0960          0.0000
            -0.0000          0.0000          1.0960

     Atom 34  H   pos: (  0.837476  1.024223  0.203931)  dia sigma:           1.10
             1.0960         -0.0000         -0.0000
            -0.0000          1.0960          0.0000
            -0.0000          0.0000          1.0960

     Atom 35  H   pos: (  0.354883  0.694362  0.003358)  dia sigma:           1.10
             1.0960         -0.0000         -0.0000
            -0.0000          1.0960          0.0000
            -0.0000          0.0000          1.0960

     Atom 36  H   pos: (  0.127710  0.121500  0.197215)  dia sigma:           1.10
             1.0960         -0.0000         -0.0000
            -0.0000          1.0960          0.0000
            -0.0000          0.0000          1.0960

     Atom 37  H   pos: (  0.443063  0.433779  0.314455)  dia sigma:           1.02
             1.0242         -0.0000         -0.0000
            -0.0000          1.0242          0.0000
            -0.0000          0.0000          1.0242

     Atom 38  H   pos: (  0.004717  1.006640  0.287263)  dia sigma:           1.02
             1.0242         -0.0000         -0.0000
            -0.0000          1.0242          0.0000
            -0.0000          0.0000          1.0242

     Atom 39  H   pos: (  0.522123  0.711944  0.086691)  dia sigma:           1.02
             1.0242         -0.0000         -0.0000
            -0.0000          1.0242          0.0000
            -0.0000          0.0000          1.0242

     Atom 40  H   pos: (  0.960470  0.139083  0.113882)  dia sigma:           1.02
             1.0242         -0.0000         -0.0000
            -0.0000          1.0242          0.0000
            -0.0000          0.0000          1.0242

     Paramagnetic contribution in ppm:
 
     Atom  1  C   pos: (  0.639105  0.148471  0.072249)  para sigma:        -115.48
          -106.0295         13.3633          0.5456
            13.5833       -117.1528        -18.6282
            -7.5460        -34.9607       -123.2529

     Atom  2  C   pos: (  0.843489  0.721332  0.128324)  para sigma:        -115.48
          -106.0294        -13.3630          0.5455
           -13.5831       -117.1527         18.6281
            -7.5461         34.9606       -123.2532

     Atom  3  C   pos: (  0.326082  0.997253  0.328897)  para sigma:        -115.48
          -106.0295         13.3633          0.5456
            13.5833       -117.1528        -18.6282
            -7.5460        -34.9607       -123.2529

     Atom  4  C   pos: (  0.121698  0.424391  0.272821)  para sigma:        -115.48
          -106.0294        -13.3630          0.5455
           -13.5831       -117.1527         18.6281
            -7.5461         34.9606       -123.2532

     Atom  5  C   pos: (  0.603007  0.303237  0.236495)  para sigma:        -111.79
          -122.7355         12.5628        -14.3094
            15.3993       -110.5741        -23.9208
            -1.0737        -17.3956       -102.0620

     Atom  6  C   pos: (  0.844772  0.876099  0.365224)  para sigma:        -111.79
          -122.7361        -12.5631        -14.3092
           -15.3996       -110.5746         23.9208
            -1.0736         17.3957       -102.0620

     Atom  7  C   pos: (  0.362179  0.842486  0.164651)  para sigma:        -111.79
          -122.7355         12.5628        -14.3094
            15.3993       -110.5741        -23.9208
            -1.0737        -17.3956       -102.0620

     Atom  8  C   pos: (  0.120414  0.269625  0.035922)  para sigma:        -111.79
          -122.7361        -12.5631        -14.3092
           -15.3996       -110.5746         23.9208
            -1.0736         17.3957       -102.0620

     Atom  9  N   pos: (  0.730421  0.228673  0.264782)  para sigma:        -132.82
          -128.7546         -6.4658        -12.9948
             5.0858       -133.0815        -18.6288
           -21.8200        -32.4764       -136.6273

     Atom 10  N   pos: (  0.717359  0.801535  0.336937)  para sigma:        -132.82
          -128.7556          6.4658        -12.9952
            -5.0858       -133.0824         18.6295
           -21.8204         32.4770       -136.6282

     Atom 11  N   pos: (  0.234765  0.917050  0.136364)  para sigma:        -132.82
          -128.7546         -6.4658        -12.9948
             5.0858       -133.0815        -18.6288
           -21.8200        -32.4764       -136.6273

     Atom 12  N   pos: (  0.247828  0.344189  0.064209)  para sigma:        -132.82
          -128.7556          6.4658        -12.9952
            -5.0858       -133.0824         18.6295
           -21.8204         32.4770       -136.6282

     Atom 13  N   pos: (  0.753084  0.134437  0.157378)  para sigma:        -162.16
          -145.9691         37.5449        -15.5241
            26.8447       -151.5439        -92.7561
           -27.2578        -87.4769       -188.9592

     Atom 14  N   pos: (  0.729510  0.707299  0.043195)  para sigma:        -162.16
          -145.9707        -37.5453        -15.5247
           -26.8450       -151.5455         92.7574
           -27.2584         87.4782       -188.9616

     Atom 15  N   pos: (  0.212103  1.011286  0.243768)  para sigma:        -162.16
          -145.9691         37.5449        -15.5241
            26.8447       -151.5439        -92.7561
           -27.2578        -87.4769       -188.9592

     Atom 16  N   pos: (  0.235677  0.438425  0.357951)  para sigma:        -162.16
          -145.9707        -37.5453        -15.5247
           -26.8450       -151.5455         92.7574
           -27.2584         87.4782       -188.9616

     Atom 17  N   pos: (  0.538893  0.249168  0.122398)  para sigma:        -151.94
          -170.9309         49.3605        -18.4811
            38.0159       -134.4128        -74.3284
           -28.9719        -86.4787       -150.4834

     Atom 18  N   pos: (  0.943700  0.822030  0.078174)  para sigma:        -151.94
          -170.9306        -49.3607        -18.4809
           -38.0158       -134.4121         74.3282
           -28.9717         86.4788       -150.4829

     Atom 19  N   pos: (  0.426294  0.896555  0.278747)  para sigma:        -151.94
          -170.9309         49.3605        -18.4811
            38.0159       -134.4128        -74.3284
           -28.9719        -86.4787       -150.4834

     Atom 20  N   pos: (  0.021486  0.323693  0.322971)  para sigma:        -151.94
          -170.9306        -49.3607        -18.4809
           -38.0158       -134.4121         74.3282
           -28.9717         86.4788       -150.4829

     Atom 21  N   pos: (  0.548129  0.399110  0.325153)  para sigma:         -65.03
           -84.6934          7.0834        -15.3024
            -2.2874        -49.0072         -4.0951
           -19.3440         -6.8127        -61.3773

     Atom 22  N   pos: (  0.899651  0.971971  0.276566)  para sigma:         -65.03
           -84.6941         -7.0836        -15.3024
             2.2876        -49.0076          4.0954
           -19.3440          6.8129        -61.3778

     Atom 23  N   pos: (  0.417058  0.746614  0.075993)  para sigma:         -65.03
           -84.6934          7.0834        -15.3024
            -2.2874        -49.0072         -4.0951
           -19.3440         -6.8127        -61.3773

     Atom 24  N   pos: (  0.065535  0.173752  0.124580)  para sigma:         -65.03
           -84.6941         -7.0836        -15.3024
             2.2876        -49.0076          4.0954
           -19.3440          6.8129        -61.3778

     Atom 25  H   pos: (  0.824857  0.273208  0.307073)  para sigma:           0.00
             0.0000          0.0000          0.0000
             0.0000          0.0000          0.0000
             0.0000          0.0000          0.0000

     Atom 26  H   pos: (  0.622923  0.846069  0.294645)  para sigma:           0.00
             0.0000          0.0000          0.0000
             0.0000          0.0000          0.0000
             0.0000          0.0000          0.0000

     Atom 27  H   pos: (  0.140329  0.872516  0.094072)  para sigma:           0.00
             0.0000          0.0000          0.0000
             0.0000          0.0000          0.0000
             0.0000          0.0000          0.0000

     Atom 28  H   pos: (  0.342264  0.299654  0.106501)  para sigma:           0.00
             0.0000          0.0000          0.0000
             0.0000          0.0000          0.0000
             0.0000          0.0000          0.0000

     Atom 29  H   pos: (  0.610201  0.069310 -0.008996)  para sigma:           0.00
             0.0000          0.0000          0.0000
             0.0000          0.0000          0.0000
             0.0000          0.0000          0.0000

     Atom 30  H   pos: (  0.872393  0.642172  0.209569)  para sigma:           0.00
             0.0000          0.0000          0.0000
             0.0000          0.0000          0.0000
             0.0000          0.0000          0.0000

     Atom 31  H   pos: (  0.354986  1.076413  0.410142)  para sigma:           0.00
             0.0000          0.0000          0.0000
             0.0000          0.0000          0.0000
             0.0000          0.0000          0.0000

     Atom 32  H   pos: (  0.092794  0.503551  0.191576)  para sigma:           0.00
             0.0000          0.0000          0.0000
             0.0000          0.0000          0.0000
             0.0000          0.0000          0.0000

     Atom 33  H   pos: (  0.610304  0.451361  0.397788)  para sigma:           0.00
             0.0000          0.0000          0.0000
             0.0000          0.0000          0.0000
             0.0000          0.0000          0.0000

     Atom 34  H   pos: (  0.837476  1.024223  0.203931)  para sigma:           0.00
             0.0000          0.0000          0.0000
             0.0000          0.0000          0.0000
             0.0000          0.0000          0.0000

     Atom 35  H   pos: (  0.354883  0.694362  0.003358)  para sigma:           0.00
             0.0000          0.0000          0.0000
             0.0000          0.0000          0.0000
             0.0000          0.0000          0.0000

     Atom 36  H   pos: (  0.127710  0.121500  0.197215)  para sigma:           0.00
             0.0000          0.0000          0.0000
             0.0000          0.0000          0.0000
             0.0000          0.0000          0.0000

     Atom 37  H   pos: (  0.443063  0.433779  0.314455)  para sigma:           0.00
             0.0000          0.0000          0.0000
             0.0000          0.0000          0.0000
             0.0000          0.0000          0.0000

     Atom 38  H   pos: (  0.004717  1.006640  0.287263)  para sigma:           0.00
             0.0000          0.0000          0.0000
             0.0000          0.0000          0.0000
             0.0000          0.0000          0.0000

     Atom 39  H   pos: (  0.522123  0.711944  0.086691)  para sigma:           0.00
             0.0000          0.0000          0.0000
             0.0000          0.0000          0.0000
             0.0000          0.0000          0.0000

     Atom 40  H   pos: (  0.960470  0.139083  0.113882)  para sigma:           0.00
             0.0000          0.0000          0.0000
             0.0000          0.0000          0.0000
             0.0000          0.0000          0.0000

     Paramagnetic US occ-occ contribution in ppm:
 
     Atom  1  C   pos: (  0.639105  0.148471  0.072249)  para_oo sigma:          -1.76
            -1.3923          0.3073         -0.0483
             0.2336         -2.0168         -0.9215
             0.0270         -1.1150         -1.8660

     Atom  2  C   pos: (  0.843489  0.721332  0.128324)  para_oo sigma:          -1.76
            -1.3923         -0.3073         -0.0483
            -0.2336         -2.0168          0.9215
             0.0270          1.1150         -1.8660

     Atom  3  C   pos: (  0.326082  0.997253  0.328897)  para_oo sigma:          -1.76
            -1.3923          0.3073         -0.0483
             0.2336         -2.0168         -0.9215
             0.0270         -1.1150         -1.8660

     Atom  4  C   pos: (  0.121698  0.424391  0.272821)  para_oo sigma:          -1.76
            -1.3923         -0.3073         -0.0483
            -0.2336         -2.0168          0.9215
             0.0270          1.1150         -1.8660

     Atom  5  C   pos: (  0.603007  0.303237  0.236495)  para_oo sigma:          -2.17
            -2.8348          0.5024         -0.5528
             0.2069         -1.7994         -0.6383
            -0.5635         -0.3385         -1.8877

     Atom  6  C   pos: (  0.844772  0.876099  0.365224)  para_oo sigma:          -2.17
            -2.8348         -0.5024         -0.5529
            -0.2069         -1.7994          0.6383
            -0.5635          0.3385         -1.8877

     Atom  7  C   pos: (  0.362179  0.842486  0.164651)  para_oo sigma:          -2.17
            -2.8348          0.5024         -0.5528
             0.2069         -1.7994         -0.6383
            -0.5635         -0.3385         -1.8877

     Atom  8  C   pos: (  0.120414  0.269625  0.035922)  para_oo sigma:          -2.17
            -2.8348         -0.5024         -0.5529
            -0.2069         -1.7994          0.6383
            -0.5635          0.3385         -1.8877

     Atom  9  N   pos: (  0.730421  0.228673  0.264782)  para_oo sigma:          -1.66
            -2.2973         -0.0428         -0.7450
             0.2138         -1.1445         -0.3673
            -0.7775         -0.4195         -1.5265

     Atom 10  N   pos: (  0.717359  0.801535  0.336937)  para_oo sigma:          -1.66
            -2.2974          0.0428         -0.7450
            -0.2138         -1.1445          0.3673
            -0.7775          0.4195         -1.5265

     Atom 11  N   pos: (  0.234765  0.917050  0.136364)  para_oo sigma:          -1.66
            -2.2973         -0.0428         -0.7450
             0.2138         -1.1445         -0.3673
            -0.7775         -0.4195         -1.5265

     Atom 12  N   pos: (  0.247828  0.344189  0.064209)  para_oo sigma:          -1.66
            -2.2974          0.0428         -0.7450
            -0.2138         -1.1445          0.3673
            -0.7775          0.4195         -1.5265

     Atom 13  N   pos: (  0.753084  0.134437  0.157378)  para_oo sigma:          -2.13
            -2.7659          0.3370         -1.0639
            -0.0092         -1.4849         -0.8470
            -0.9150         -0.4772         -2.1348

     Atom 14  N   pos: (  0.729510  0.707299  0.043195)  para_oo sigma:          -2.13
            -2.7659         -0.3370         -1.0639
             0.0092         -1.4849          0.8470
            -0.9150          0.4772         -2.1348

     Atom 15  N   pos: (  0.212103  1.011286  0.243768)  para_oo sigma:          -2.13
            -2.7659          0.3370         -1.0639
            -0.0092         -1.4849         -0.8470
            -0.9150         -0.4772         -2.1348

     Atom 16  N   pos: (  0.235677  0.438425  0.357951)  para_oo sigma:          -2.13
            -2.7659         -0.3370         -1.0639
             0.0092         -1.4849          0.8470
            -0.9150          0.4772         -2.1348

     Atom 17  N   pos: (  0.538893  0.249168  0.122398)  para_oo sigma:          -1.99
            -2.2626          0.2340         -0.4258
             0.6433         -1.7925         -0.6478
             0.1283         -0.9478         -1.9013

     Atom 18  N   pos: (  0.943700  0.822030  0.078174)  para_oo sigma:          -1.99
            -2.2626         -0.2340         -0.4258
            -0.6433         -1.7925          0.6478
             0.1283          0.9478         -1.9013

     Atom 19  N   pos: (  0.426294  0.896555  0.278747)  para_oo sigma:          -1.99
            -2.2626          0.2340         -0.4258
             0.6433         -1.7925         -0.6478
             0.1283         -0.9478         -1.9013

     Atom 20  N   pos: (  0.021486  0.323693  0.322971)  para_oo sigma:          -1.99
            -2.2626         -0.2340         -0.4258
            -0.6433         -1.7925          0.6478
             0.1283          0.9478         -1.9013

     Atom 21  N   pos: (  0.548129  0.399110  0.325153)  para_oo sigma:          -1.64
            -2.6922          0.0604         -1.1234
             0.1433         -0.8243         -0.4104
            -1.1521         -0.4106         -1.4087

     Atom 22  N   pos: (  0.899651  0.971971  0.276566)  para_oo sigma:          -1.64
            -2.6922         -0.0604         -1.1234
            -0.1433         -0.8243          0.4104
            -1.1521          0.4106         -1.4087

     Atom 23  N   pos: (  0.417058  0.746614  0.075993)  para_oo sigma:          -1.64
            -2.6922          0.0604         -1.1234
             0.1433         -0.8243         -0.4104
            -1.1521         -0.4106         -1.4087

     Atom 24  N   pos: (  0.065535  0.173752  0.124580)  para_oo sigma:          -1.64
            -2.6922         -0.0604         -1.1234
            -0.1433         -0.8243          0.4104
            -1.1521          0.4106         -1.4087

     Atom 25  H   pos: (  0.824857  0.273208  0.307073)  para_oo sigma:           0.00
             0.0000          0.0000          0.0000
             0.0000          0.0000          0.0000
             0.0000          0.0000          0.0000

     Atom 26  H   pos: (  0.622923  0.846069  0.294645)  para_oo sigma:           0.00
             0.0000          0.0000          0.0000
             0.0000          0.0000          0.0000
             0.0000          0.0000          0.0000

     Atom 27  H   pos: (  0.140329  0.872516  0.094072)  para_oo sigma:           0.00
             0.0000          0.0000          0.0000
             0.0000          0.0000          0.0000
             0.0000          0.0000          0.0000

     Atom 28  H   pos: (  0.342264  0.299654  0.106501)  para_oo sigma:           0.00
             0.0000          0.0000          0.0000
             0.0000          0.0000          0.0000
             0.0000          0.0000          0.0000

     Atom 29  H   pos: (  0.610201  0.069310 -0.008996)  para_oo sigma:           0.00
             0.0000          0.0000          0.0000
             0.0000          0.0000          0.0000
             0.0000          0.0000          0.0000

     Atom 30  H   pos: (  0.872393  0.642172  0.209569)  para_oo sigma:           0.00
             0.0000          0.0000          0.0000
             0.0000          0.0000          0.0000
             0.0000          0.0000          0.0000

     Atom 31  H   pos: (  0.354986  1.076413  0.410142)  para_oo sigma:           0.00
             0.0000          0.0000          0.0000
             0.0000          0.0000          0.0000
             0.0000          0.0000          0.0000

     Atom 32  H   pos: (  0.092794  0.503551  0.191576)  para_oo sigma:           0.00
             0.0000          0.0000          0.0000
             0.0000          0.0000          0.0000
             0.0000          0.0000          0.0000

     Atom 33  H   pos: (  0.610304  0.451361  0.397788)  para_oo sigma:           0.00
             0.0000          0.0000          0.0000
             0.0000          0.0000          0.0000
             0.0000          0.0000          0.0000

     Atom 34  H   pos: (  0.837476  1.024223  0.203931)  para_oo sigma:           0.00
             0.0000          0.0000          0.0000
             0.0000          0.0000          0.0000
             0.0000          0.0000          0.0000

     Atom 35  H   pos: (  0.354883  0.694362  0.003358)  para_oo sigma:           0.00
             0.0000          0.0000          0.0000
             0.0000          0.0000          0.0000
             0.0000          0.0000          0.0000

     Atom 36  H   pos: (  0.127710  0.121500  0.197215)  para_oo sigma:           0.00
             0.0000          0.0000          0.0000
             0.0000          0.0000          0.0000
             0.0000          0.0000          0.0000

     Atom 37  H   pos: (  0.443063  0.433779  0.314455)  para_oo sigma:           0.00
             0.0000          0.0000          0.0000
             0.0000          0.0000          0.0000
             0.0000          0.0000          0.0000

     Atom 38  H   pos: (  0.004717  1.006640  0.287263)  para_oo sigma:           0.00
             0.0000          0.0000          0.0000
             0.0000          0.0000          0.0000
             0.0000          0.0000          0.0000

     Atom 39  H   pos: (  0.522123  0.711944  0.086691)  para_oo sigma:           0.00
             0.0000          0.0000          0.0000
             0.0000          0.0000          0.0000
             0.0000          0.0000          0.0000

     Atom 40  H   pos: (  0.960470  0.139083  0.113882)  para_oo sigma:           0.00
             0.0000          0.0000          0.0000
             0.0000          0.0000          0.0000
             0.0000          0.0000          0.0000

     Paramagnetic US L_R Q_R contribution in ppm:
 
     Atom  1  C   pos: (  0.639105  0.148471  0.072249)  para_lq sigma:         -15.64
           -14.5455          1.4878         -0.6123
             1.4089        -16.2641         -3.5259
            -0.5688         -4.5375        -16.1165

     Atom  2  C   pos: (  0.843489  0.721332  0.128324)  para_lq sigma:         -15.64
           -14.5455         -1.4878         -0.6123
            -1.4089        -16.2640          3.5259
            -0.5688          4.5375        -16.1166

     Atom  3  C   pos: (  0.326082  0.997253  0.328897)  para_lq sigma:         -15.64
           -14.5455          1.4878         -0.6123
             1.4089        -16.2641         -3.5259
            -0.5688         -4.5375        -16.1165

     Atom  4  C   pos: (  0.121698  0.424391  0.272821)  para_lq sigma:         -15.64
           -14.5455         -1.4878         -0.6123
            -1.4089        -16.2640          3.5259
            -0.5688          4.5375        -16.1166

     Atom  5  C   pos: (  0.603007  0.303237  0.236495)  para_lq sigma:         -15.81
           -17.0483          1.8384         -2.0211
             2.2314        -15.0426         -2.5521
            -0.7141         -2.5888        -15.3528

     Atom  6  C   pos: (  0.844772  0.876099  0.365224)  para_lq sigma:         -15.81
           -17.0484         -1.8385         -2.0211
            -2.2315        -15.0427          2.5522
            -0.7141          2.5889        -15.3528

     Atom  7  C   pos: (  0.362179  0.842486  0.164651)  para_lq sigma:         -15.81
           -17.0483          1.8384         -2.0211
             2.2314        -15.0426         -2.5521
            -0.7141         -2.5888        -15.3528

     Atom  8  C   pos: (  0.120414  0.269625  0.035922)  para_lq sigma:         -15.81
           -17.0484         -1.8385         -2.0211
            -2.2315        -15.0427          2.5522
            -0.7141          2.5889        -15.3528

     Atom  9  N   pos: (  0.730421  0.228673  0.264782)  para_lq sigma:         -66.93
           -70.5755          2.3517         -4.3925
             2.4649        -65.3228         -8.4663
            -5.2452         -8.8157        -64.8978

     Atom 10  N   pos: (  0.717359  0.801535  0.336937)  para_lq sigma:         -66.93
           -70.5755         -2.3517         -4.3924
            -2.4648        -65.3228          8.4664
            -5.2452          8.8157        -64.8978

     Atom 11  N   pos: (  0.234765  0.917050  0.136364)  para_lq sigma:         -66.93
           -70.5755          2.3517         -4.3925
             2.4649        -65.3228         -8.4663
            -5.2452         -8.8157        -64.8978

     Atom 12  N   pos: (  0.247828  0.344189  0.064209)  para_lq sigma:         -66.93
           -70.5755         -2.3517         -4.3924
            -2.4648        -65.3228          8.4664
            -5.2452          8.8157        -64.8978

     Atom 13  N   pos: (  0.753084  0.134437  0.157378)  para_lq sigma:         -71.63
           -67.2278         -0.6168         -6.0201
            -0.7665        -69.3248        -10.9362
            -5.2926         -9.7724        -78.3224

     Atom 14  N   pos: (  0.729510  0.707299  0.043195)  para_lq sigma:         -71.62
           -67.2278          0.6168         -6.0201
             0.7665        -69.3247         10.9362
            -5.2926          9.7724        -78.3224

     Atom 15  N   pos: (  0.212103  1.011286  0.243768)  para_lq sigma:         -71.63
           -67.2278         -0.6168         -6.0201
            -0.7665        -69.3248        -10.9362
            -5.2926         -9.7724        -78.3224

     Atom 16  N   pos: (  0.235677  0.438425  0.357951)  para_lq sigma:         -71.62
           -67.2278          0.6168         -6.0201
             0.7665        -69.3247         10.9362
            -5.2926          9.7724        -78.3224

     Atom 17  N   pos: (  0.538893  0.249168  0.122398)  para_lq sigma:         -69.36
           -66.2560          1.9588          0.5793
             1.6515        -70.0762         -9.5336
            -0.1587         -9.1563        -71.7397

     Atom 18  N   pos: (  0.943700  0.822030  0.078174)  para_lq sigma:         -69.36
           -66.2563         -1.9588          0.5793
            -1.6516        -70.0766          9.5337
            -0.1587          9.1565        -71.7400

     Atom 19  N   pos: (  0.426294  0.896555  0.278747)  para_lq sigma:         -69.36
           -66.2560          1.9588          0.5793
             1.6515        -70.0762         -9.5336
            -0.1587         -9.1563        -71.7397

     Atom 20  N   pos: (  0.021486  0.323693  0.322971)  para_lq sigma:         -69.36
           -66.2563         -1.9588          0.5793
            -1.6516        -70.0766          9.5337
            -0.1587          9.1565        -71.7400

     Atom 21  N   pos: (  0.548129  0.399110  0.325153)  para_lq sigma:         -64.41
           -70.0959          2.7346         -4.2995
             2.7069        -60.5818         -8.1858
            -4.8032         -8.2551        -62.5408

     Atom 22  N   pos: (  0.899651  0.971971  0.276566)  para_lq sigma:         -64.41
           -70.0960         -2.7346         -4.2995
            -2.7069        -60.5818          8.1858
            -4.8032          8.2551        -62.5409

     Atom 23  N   pos: (  0.417058  0.746614  0.075993)  para_lq sigma:         -64.41
           -70.0959          2.7346         -4.2995
             2.7069        -60.5818         -8.1858
            -4.8032         -8.2551        -62.5408

     Atom 24  N   pos: (  0.065535  0.173752  0.124580)  para_lq sigma:         -64.41
           -70.0960         -2.7346         -4.2995
            -2.7069        -60.5818          8.1858
            -4.8032          8.2551        -62.5409

     Atom 25  H   pos: (  0.824857  0.273208  0.307073)  para_lq sigma:           0.00
             0.0000          0.0000          0.0000
             0.0000          0.0000          0.0000
             0.0000          0.0000          0.0000

     Atom 26  H   pos: (  0.622923  0.846069  0.294645)  para_lq sigma:           0.00
             0.0000          0.0000          0.0000
             0.0000          0.0000          0.0000
             0.0000          0.0000          0.0000

     Atom 27  H   pos: (  0.140329  0.872516  0.094072)  para_lq sigma:           0.00
             0.0000          0.0000          0.0000
             0.0000          0.0000          0.0000
             0.0000          0.0000          0.0000

     Atom 28  H   pos: (  0.342264  0.299654  0.106501)  para_lq sigma:           0.00
             0.0000          0.0000          0.0000
             0.0000          0.0000          0.0000
             0.0000          0.0000          0.0000

     Atom 29  H   pos: (  0.610201  0.069310 -0.008996)  para_lq sigma:           0.00
             0.0000          0.0000          0.0000
             0.0000          0.0000          0.0000
             0.0000          0.0000          0.0000

     Atom 30  H   pos: (  0.872393  0.642172  0.209569)  para_lq sigma:           0.00
             0.0000          0.0000          0.0000
             0.0000          0.0000          0.0000
             0.0000          0.0000          0.0000

     Atom 31  H   pos: (  0.354986  1.076413  0.410142)  para_lq sigma:           0.00
             0.0000          0.0000          0.0000
             0.0000          0.0000          0.0000
             0.0000          0.0000          0.0000

     Atom 32  H   pos: (  0.092794  0.503551  0.191576)  para_lq sigma:           0.00
             0.0000          0.0000          0.0000
             0.0000          0.0000          0.0000
             0.0000          0.0000          0.0000

     Atom 33  H   pos: (  0.610304  0.451361  0.397788)  para_lq sigma:           0.00
             0.0000          0.0000          0.0000
             0.0000          0.0000          0.0000
             0.0000          0.0000          0.0000

     Atom 34  H   pos: (  0.837476  1.024223  0.203931)  para_lq sigma:           0.00
             0.0000          0.0000          0.0000
             0.0000          0.0000          0.0000
             0.0000          0.0000          0.0000

     Atom 35  H   pos: (  0.354883  0.694362  0.003358)  para_lq sigma:           0.00
             0.0000          0.0000          0.0000
             0.0000          0.0000          0.0000
             0.0000          0.0000          0.0000

     Atom 36  H   pos: (  0.127710  0.121500  0.197215)  para_lq sigma:           0.00
             0.0000          0.0000          0.0000
             0.0000          0.0000          0.0000
             0.0000          0.0000          0.0000

     Atom 37  H   pos: (  0.443063  0.433779  0.314455)  para_lq sigma:           0.00
             0.0000          0.0000          0.0000
             0.0000          0.0000          0.0000
             0.0000          0.0000          0.0000

     Atom 38  H   pos: (  0.004717  1.006640  0.287263)  para_lq sigma:           0.00
             0.0000          0.0000          0.0000
             0.0000          0.0000          0.0000
             0.0000          0.0000          0.0000

     Atom 39  H   pos: (  0.522123  0.711944  0.086691)  para_lq sigma:           0.00
             0.0000          0.0000          0.0000
             0.0000          0.0000          0.0000
             0.0000          0.0000          0.0000

     Atom 40  H   pos: (  0.960470  0.139083  0.113882)  para_lq sigma:           0.00
             0.0000          0.0000          0.0000
             0.0000          0.0000          0.0000
             0.0000          0.0000          0.0000

 
     Total NMR chemical shifts in ppm: ---------------------------------------
     (adopting the Simpson convention for anisotropy and asymmetry)-----------
 
     Atom  1  C   pos: (  0.639105  0.148471  0.072249)  Total sigma:          14.70
            35.6454         28.4569         -2.9594
            28.9958          9.2026        -49.9064
           -17.1065        -79.6672         -0.7337

     C    1    anisotropy:   -115.58    eta:   -0.8305
     C    1    sigma_11=     21.23    axis=(  0.857497 -0.279297  0.432078)
     C    1    sigma_22=     85.23    axis=( -0.497565 -0.663820  0.558366)
     C    1    sigma_33=    -62.35    axis=(  0.130872 -0.693784 -0.708192)
 
     Atom  2  C   pos: (  0.843489  0.721332  0.128324)  Total sigma:          14.70
            35.6455        -28.4563         -2.9597
           -28.9955          9.2026         49.9062
           -17.1068         79.6672         -0.7344

     C    2    anisotropy:   -115.58    eta:   -0.8305
     C    2    sigma_11=     21.23    axis=(  0.857497  0.279304  0.432074)
     C    2    sigma_22=     85.23    axis=( -0.497567  0.663819  0.558365)
     C    2    sigma_33=    -62.35    axis=( -0.130865 -0.693782  0.708196)
 
     Atom  3  C   pos: (  0.326082  0.997253  0.328897)  Total sigma:          14.70
            35.6454         28.4569         -2.9594
            28.9958          9.2026        -49.9064
           -17.1065        -79.6672         -0.7337

     C    3    anisotropy:   -115.58    eta:   -0.8305
     C    3    sigma_11=     21.23    axis=(  0.857497 -0.279297  0.432078)
     C    3    sigma_22=     85.23    axis=( -0.497565 -0.663820  0.558366)
     C    3    sigma_33=    -62.35    axis=(  0.130872 -0.693784 -0.708192)
 
     Atom  4  C   pos: (  0.121698  0.424391  0.272821)  Total sigma:          14.70
            35.6455        -28.4563         -2.9597
           -28.9955          9.2026         49.9062
           -17.1068         79.6672         -0.7344

     C    4    anisotropy:   -115.58    eta:   -0.8305
     C    4    sigma_11=     21.23    axis=(  0.857497  0.279304  0.432074)
     C    4    sigma_22=     85.23    axis=( -0.497567  0.663819  0.558365)
     C    4    sigma_33=    -62.35    axis=( -0.130865 -0.693782  0.708196)
 
     Atom  5  C   pos: (  0.603007  0.303237  0.236495)  Total sigma:          20.83
            -4.4517         26.1715        -31.9792
            29.1307         24.9360        -50.5494
            -4.5534        -34.6535         41.9920

     C    5    anisotropy:    100.58    eta:   -0.2873
     C    5    sigma_11=     -3.07    axis=(  0.561739  0.475364  0.677110)
     C    5    sigma_22=    -22.33    axis=(  0.759837 -0.620189 -0.194968)
     C    5    sigma_33=     87.88    axis=( -0.327255 -0.624015  0.709584)
 
     Atom  6  C   pos: (  0.844772  0.876099  0.365224)  Total sigma:          20.82
            -4.4528        -26.1722        -31.9790
           -29.1312         24.9351         50.5495
            -4.5531         34.6536         41.9920

     C    6    anisotropy:    100.58    eta:   -0.2873
     C    6    sigma_11=     -3.07    axis=( -0.561738  0.475367 -0.677109)
     C    6    sigma_22=    -22.34    axis=(  0.759839  0.620188 -0.194966)
     C    6    sigma_33=     87.88    axis=( -0.327254  0.624014  0.709586)
 
     Atom  7  C   pos: (  0.362179  0.842486  0.164651)  Total sigma:          20.83
            -4.4517         26.1715        -31.9792
            29.1307         24.9360        -50.5494
            -4.5534        -34.6535         41.9920

     C    7    anisotropy:    100.58    eta:   -0.2873
     C    7    sigma_11=     -3.07    axis=(  0.561739  0.475364  0.677110)
     C    7    sigma_22=    -22.33    axis=(  0.759837 -0.620189 -0.194968)
     C    7    sigma_33=     87.88    axis=( -0.327255 -0.624015  0.709584)
 
     Atom  8  C   pos: (  0.120414  0.269625  0.035922)  Total sigma:          20.82
            -4.4528        -26.1722        -31.9790
           -29.1312         24.9351         50.5495
            -4.5531         34.6536         41.9920

     C    8    anisotropy:    100.58    eta:   -0.2873
     C    8    sigma_11=     -3.07    axis=( -0.561738  0.475367 -0.677109)
     C    8    sigma_22=    -22.34    axis=(  0.759839  0.620188 -0.194966)
     C    8    sigma_33=     87.88    axis=( -0.327254  0.624014  0.709586)
 
     Atom  9  N   pos: (  0.730421  0.228673  0.264782)  Total sigma:          35.55
            33.4589         -5.1891        -30.9981
            12.9285         38.1361        -44.1675
           -43.3340        -61.6853         35.0684

     N    9    anisotropy:    100.24    eta:   -0.8746
     N    9    sigma_11=     31.36    axis=(  0.817844 -0.575274 -0.013807)
     N    9    sigma_22=    -27.08    axis=(  0.406771  0.560986  0.720994)
     N    9    sigma_33=    102.38    axis=( -0.407023 -0.595278  0.692803)
 
     Atom 10  N   pos: (  0.717359  0.801535  0.336937)  Total sigma:          35.55
            33.4575          5.1890        -30.9986
           -12.9285         38.1348         44.1687
           -43.3347         61.6863         35.0671

     N   10    anisotropy:    100.24    eta:   -0.8746
     N   10    sigma_11=     31.36    axis=(  0.817845  0.575272 -0.013807)
     N   10    sigma_22=    -27.08    axis=( -0.406770  0.560986 -0.720994)
     N   10    sigma_33=    102.38    axis=( -0.407022  0.595278  0.692803)
 
     Atom 11  N   pos: (  0.234765  0.917050  0.136364)  Total sigma:          35.55
            33.4589         -5.1891        -30.9981
            12.9285         38.1361        -44.1675
           -43.3340        -61.6853         35.0684

     N   11    anisotropy:    100.24    eta:   -0.8746
     N   11    sigma_11=     31.36    axis=(  0.817844 -0.575274 -0.013807)
     N   11    sigma_22=    -27.08    axis=(  0.406771  0.560986  0.720994)
     N   11    sigma_33=    102.38    axis=( -0.407023 -0.595278  0.692803)
 
     Atom 12  N   pos: (  0.247828  0.344189  0.064209)  Total sigma:          35.55
            33.4575          5.1890        -30.9986
           -12.9285         38.1348         44.1687
           -43.3347         61.6863         35.0671

     N   12    anisotropy:    100.24    eta:   -0.8746
     N   12    sigma_11=     31.36    axis=(  0.817845  0.575272 -0.013807)
     N   12    sigma_22=    -27.08    axis=( -0.406770  0.560986 -0.720994)
     N   12    sigma_33=    102.38    axis=( -0.407022  0.595278  0.692803)
 
     Atom 13  N   pos: (  0.753084  0.134437  0.157378)  Total sigma:         -18.29
             7.1462         58.1059        -38.2571
            42.1798          3.6870       -161.0902
           -54.2389       -147.2983        -65.6996

     N   13    anisotropy:    264.12    eta:   -0.9411
     N   13    sigma_11=    -23.48    axis=(  0.910897 -0.338015  0.236670)
     N   13    sigma_22=   -189.18    axis=(  0.026352  0.620041  0.784127)
     N   13    sigma_33=    157.79    axis=(  0.411792  0.708022 -0.573701)
 
     Atom 14  N   pos: (  0.729510  0.707299  0.043195)  Total sigma:         -18.29
             7.1439        -58.1064        -38.2580
           -42.1803          3.6848        161.0922
           -54.2399        147.3002        -65.7031

     N   14    anisotropy:    264.12    eta:   -0.9411
     N   14    sigma_11=    -23.48    axis=(  0.910897  0.338017  0.236668)
     N   14    sigma_22=   -189.19    axis=( -0.026354  0.620040 -0.784127)
     N   14    sigma_33=    157.79    axis=(  0.411792 -0.708022 -0.573701)
 
     Atom 15  N   pos: (  0.212103  1.011286  0.243768)  Total sigma:         -18.29
             7.1462         58.1059        -38.2571
            42.1798          3.6870       -161.0902
           -54.2389       -147.2983        -65.6996

     N   15    anisotropy:    264.12    eta:   -0.9411
     N   15    sigma_11=    -23.48    axis=(  0.910897 -0.338015  0.236670)
     N   15    sigma_22=   -189.18    axis=(  0.026352  0.620041  0.784127)
     N   15    sigma_33=    157.79    axis=(  0.411792  0.708022 -0.573701)
 
     Atom 16  N   pos: (  0.235677  0.438425  0.357951)  Total sigma:         -18.29
             7.1439        -58.1064        -38.2580
           -42.1803          3.6848        161.0922
           -54.2399        147.3002        -65.7031

     N   16    anisotropy:    264.12    eta:   -0.9411
     N   16    sigma_11=    -23.48    axis=(  0.910897  0.338017  0.236668)
     N   16    sigma_22=   -189.19    axis=( -0.026354  0.620040 -0.784127)
     N   16    sigma_33=    157.79    axis=(  0.411792 -0.708022 -0.573701)
 
     Atom 17  N   pos: (  0.538893  0.249168  0.122398)  Total sigma:           2.60
           -23.7394         80.9699        -30.4359
            62.5173         27.9771       -135.4641
           -47.4396       -151.9607          3.5499

     N   17    anisotropy:    280.44    eta:   -0.4501
     N   17    sigma_11=    -48.81    axis=(  0.910619 -0.100700  0.400791)
     N   17    sigma_22=   -132.96    axis=(  0.220182 -0.702498 -0.676769)
     N   17    sigma_33=    189.56    axis=( -0.349705 -0.704525  0.617536)
 
     Atom 18  N   pos: (  0.943700  0.822030  0.078174)  Total sigma:           2.60
           -23.7393        -80.9702        -30.4357
           -62.5172         27.9776        135.4639
           -47.4393        151.9610          3.5502

     N   18    anisotropy:    280.44    eta:   -0.4501
     N   18    sigma_11=    -48.81    axis=(  0.910618  0.100698  0.400792)
     N   18    sigma_22=   -132.96    axis=( -0.220184 -0.702498  0.676769)
     N   18    sigma_33=    189.56    axis=( -0.349704  0.704526  0.617536)
 
     Atom 19  N   pos: (  0.426294  0.896555  0.278747)  Total sigma:           2.60
           -23.7394         80.9699        -30.4359
            62.5173         27.9771       -135.4641
           -47.4396       -151.9607          3.5499

     N   19    anisotropy:    280.44    eta:   -0.4501
     N   19    sigma_11=    -48.81    axis=(  0.910619 -0.100700  0.400791)
     N   19    sigma_22=   -132.96    axis=(  0.220182 -0.702498 -0.676769)
     N   19    sigma_33=    189.56    axis=( -0.349705 -0.704525  0.617536)
 
     Atom 20  N   pos: (  0.021486  0.323693  0.322971)  Total sigma:           2.60
           -23.7393        -80.9702        -30.4357
           -62.5172         27.9776        135.4639
           -47.4393        151.9610          3.5502

     N   20    anisotropy:    280.44    eta:   -0.4501
     N   20    sigma_11=    -48.81    axis=(  0.910618  0.100698  0.400792)
     N   20    sigma_22=   -132.96    axis=( -0.220184 -0.702498  0.676769)
     N   20    sigma_33=    189.56    axis=( -0.349704  0.704526  0.617536)
 
     Atom 21  N   pos: (  0.548129  0.399110  0.325153)  Total sigma:         144.44
           104.5098         13.7920        -30.1312
            -2.3642        174.1100        -16.7831
           -35.5524        -21.2772        154.7045

     N   21    anisotropy:    -84.45    eta:   -0.6978
     N   21    sigma_11=    152.95    axis=( -0.357238  0.676018  0.644500)
     N   21    sigma_22=    192.24    axis=( -0.278948 -0.735762  0.617125)
     N   21    sigma_33=     88.14    axis=(  0.891386  0.040679  0.451416)
 
     Atom 22  N   pos: (  0.899651  0.971971  0.276566)  Total sigma:         144.44
           104.5088        -13.7923        -30.1312
             2.3644        174.1094         16.7835
           -35.5524         21.2775        154.7039

     N   22    anisotropy:    -84.45    eta:   -0.6979
     N   22    sigma_11=    152.95    axis=( -0.357239 -0.676017  0.644501)
     N   22    sigma_22=    192.24    axis=(  0.278946 -0.735763 -0.617124)
     N   22    sigma_33=     88.14    axis=(  0.891386 -0.040680  0.451415)
 
     Atom 23  N   pos: (  0.417058  0.746614  0.075993)  Total sigma:         144.44
           104.5098         13.7920        -30.1312
            -2.3642        174.1100        -16.7831
           -35.5524        -21.2772        154.7045

     N   23    anisotropy:    -84.45    eta:   -0.6978
     N   23    sigma_11=    152.95    axis=( -0.357238  0.676018  0.644500)
     N   23    sigma_22=    192.24    axis=( -0.278948 -0.735762  0.617125)
     N   23    sigma_33=     88.14    axis=(  0.891386  0.040679  0.451416)
 
     Atom 24  N   pos: (  0.065535  0.173752  0.124580)  Total sigma:         144.44
           104.5088        -13.7923        -30.1312
             2.3644        174.1094         16.7835
           -35.5524         21.2775        154.7039

     N   24    anisotropy:    -84.45    eta:   -0.6979
     N   24    sigma_11=    152.95    axis=( -0.357239 -0.676017  0.644501)
     N   24    sigma_22=    192.24    axis=(  0.278946 -0.735763 -0.617124)
     N   24    sigma_33=     88.14    axis=(  0.891386 -0.040680  0.451415)
 
     Atom 25  H   pos: (  0.824857  0.273208  0.307073)  Total sigma:          17.91
            28.7703          4.2798          5.4888
             5.0025         11.7252          2.3939
             3.1467          2.2979         13.2196

     H   25    anisotropy:     19.97    eta:   -0.2053
     H   25    sigma_11=     12.62    axis=( -0.344717  0.417924  0.840541)
     H   25    sigma_22=      9.88    axis=( -0.105348  0.872544 -0.477041)
     H   25    sigma_33=     31.22    axis=(  0.932776  0.252994  0.256753)
 
     Atom 26  H   pos: (  0.622923  0.846069  0.294645)  Total sigma:          17.91
            28.7702         -4.2797          5.4888
            -5.0024         11.7253         -2.3939
             3.1467         -2.2979         13.2196

     H   26    anisotropy:     19.97    eta:   -0.2053
     H   26    sigma_11=     12.62    axis=( -0.344716 -0.417930  0.840538)
     H   26    sigma_22=      9.88    axis=(  0.105346  0.872541  0.477047)
     H   26    sigma_33=     31.22    axis=(  0.932777 -0.252993  0.256752)
 
     Atom 27  H   pos: (  0.140329  0.872516  0.094072)  Total sigma:          17.91
            28.7703          4.2798          5.4888
             5.0025         11.7252          2.3939
             3.1467          2.2979         13.2196

     H   27    anisotropy:     19.97    eta:   -0.2053
     H   27    sigma_11=     12.62    axis=( -0.344717  0.417924  0.840541)
     H   27    sigma_22=      9.88    axis=( -0.105348  0.872544 -0.477041)
     H   27    sigma_33=     31.22    axis=(  0.932776  0.252994  0.256753)
 
     Atom 28  H   pos: (  0.342264  0.299654  0.106501)  Total sigma:          17.91
            28.7702         -4.2797          5.4888
            -5.0024         11.7253         -2.3939
             3.1467         -2.2979         13.2196

     H   28    anisotropy:     19.97    eta:   -0.2053
     H   28    sigma_11=     12.62    axis=( -0.344716 -0.417930  0.840538)
     H   28    sigma_22=      9.88    axis=(  0.105346  0.872541  0.477047)
     H   28    sigma_33=     31.22    axis=(  0.932777 -0.252993  0.256752)
 
     Atom 29  H   pos: (  0.610201  0.069310 -0.008996)  Total sigma:          24.84
            25.2677          1.8717          0.8315
             0.9910         25.9252         -3.0696
             0.7843         -1.7559         23.3284

     H   29    anisotropy:     -5.23    eta:   -0.6319
     H   29    sigma_11=     25.48    axis=( -0.862431  0.144382 -0.485146)
     H   29    sigma_22=     27.69    axis=( -0.364897 -0.841595  0.398206)
     H   29    sigma_33=     21.35    axis=( -0.350803  0.520454  0.778502)
 
     Atom 30  H   pos: (  0.872393  0.642172  0.209569)  Total sigma:          24.84
            25.2678         -1.8716          0.8314
            -0.9911         25.9252          3.0696
             0.7842          1.7559         23.3284

     H   30    anisotropy:     -5.23    eta:   -0.6320
     H   30    sigma_11=     25.48    axis=(  0.862432  0.144394  0.485140)
     H   30    sigma_22=     27.69    axis=( -0.364905  0.841593  0.398204)
     H   30    sigma_33=     21.35    axis=( -0.350792 -0.520454  0.778507)
 
     Atom 31  H   pos: (  0.354986  1.076413  0.410142)  Total sigma:          24.84
            25.2677          1.8717          0.8315
             0.9910         25.9252         -3.0696
             0.7843         -1.7559         23.3284

     H   31    anisotropy:     -5.23    eta:   -0.6319
     H   31    sigma_11=     25.48    axis=( -0.862431  0.144382 -0.485146)
     H   31    sigma_22=     27.69    axis=( -0.364897 -0.841595  0.398206)
     H   31    sigma_33=     21.35    axis=( -0.350803  0.520454  0.778502)
 
     Atom 32  H   pos: (  0.092794  0.503551  0.191576)  Total sigma:          24.84
            25.2678         -1.8716          0.8314
            -0.9911         25.9252          3.0696
             0.7842          1.7559         23.3284

     H   32    anisotropy:     -5.23    eta:   -0.6320
     H   32    sigma_11=     25.48    axis=(  0.862432  0.144394  0.485140)
     H   32    sigma_22=     27.69    axis=( -0.364905  0.841593  0.398204)
     H   32    sigma_33=     21.35    axis=( -0.350792 -0.520454  0.778507)
 
     Atom 33  H   pos: (  0.610304  0.451361  0.397788)  Total sigma:          27.14
            23.4972          3.8158          3.2061
             1.3052         29.9814          3.8233
             3.9301          1.9006         27.9446

     H   33    anisotropy:      9.88    eta:   -0.7394
     H   33    sigma_11=     26.28    axis=(  0.237379 -0.691909  0.681845)
     H   33    sigma_22=     21.41    axis=( -0.892553  0.121683  0.434215)
     H   33    sigma_33=     33.73    axis=(  0.383406  0.711657  0.588680)
 
     Atom 34  H   pos: (  0.837476  1.024223  0.203931)  Total sigma:          27.14
            23.4972         -3.8158          3.2060
            -1.3052         29.9814         -3.8233
             3.9301         -1.9006         27.9446

     H   34    anisotropy:      9.88    eta:   -0.7394
     H   34    sigma_11=     26.28    axis=(  0.237381  0.691909  0.681845)
     H   34    sigma_22=     21.41    axis=(  0.892552  0.121682 -0.434216)
     H   34    sigma_33=     33.73    axis=(  0.383406 -0.711657  0.588680)
 
     Atom 35  H   pos: (  0.354883  0.694362  0.003358)  Total sigma:          27.14
            23.4972          3.8158          3.2061
             1.3052         29.9814          3.8233
             3.9301          1.9006         27.9446

     H   35    anisotropy:      9.88    eta:   -0.7394
     H   35    sigma_11=     26.28    axis=(  0.237379 -0.691909  0.681845)
     H   35    sigma_22=     21.41    axis=( -0.892553  0.121683  0.434215)
     H   35    sigma_33=     33.73    axis=(  0.383406  0.711657  0.588680)
 
     Atom 36  H   pos: (  0.127710  0.121500  0.197215)  Total sigma:          27.14
            23.4972         -3.8158          3.2060
            -1.3052         29.9814         -3.8233
             3.9301         -1.9006         27.9446

     H   36    anisotropy:      9.88    eta:   -0.7394
     H   36    sigma_11=     26.28    axis=(  0.237381  0.691909  0.681845)
     H   36    sigma_22=     21.41    axis=(  0.892552  0.121682 -0.434216)
     H   36    sigma_33=     33.73    axis=(  0.383406 -0.711657  0.588680)
 
     Atom 37  H   pos: (  0.443063  0.433779  0.314455)  Total sigma:          21.43
            31.3024         -3.3718          0.3693
            -7.6604         15.5280          0.0062
             0.4950         -2.1565         17.4559

     H   37    anisotropy:     17.47    eta:   -0.3476
     H   37    sigma_11=     17.63    axis=( -0.112451 -0.202514  0.972802)
     H   37    sigma_22=     13.58    axis=(  0.284426  0.931487  0.226791)
     H   37    sigma_33=     33.07    axis=( -0.952080  0.302193 -0.047146)
 
     Atom 38  H   pos: (  0.004717  1.006640  0.287263)  Total sigma:          21.43
            31.3024          3.3718          0.3693
             7.6605         15.5279         -0.0062
             0.4950          2.1565         17.4559

     H   38    anisotropy:     17.47    eta:   -0.3476
     H   38    sigma_11=     17.63    axis=( -0.112447  0.202503  0.972804)
     H   38    sigma_22=     13.58    axis=( -0.284427  0.931489 -0.226779)
     H   38    sigma_33=     33.07    axis=( -0.952080 -0.302192 -0.047146)
 
     Atom 39  H   pos: (  0.522123  0.711944  0.086691)  Total sigma:          21.43
            31.3024         -3.3718          0.3693
            -7.6604         15.5280          0.0062
             0.4950         -2.1565         17.4559

     H   39    anisotropy:     17.47    eta:   -0.3476
     H   39    sigma_11=     17.63    axis=( -0.112451 -0.202514  0.972802)
     H   39    sigma_22=     13.58    axis=(  0.284426  0.931487  0.226791)
     H   39    sigma_33=     33.07    axis=( -0.952080  0.302193 -0.047146)
 
     Atom 40  H   pos: (  0.960470  0.139083  0.113882)  Total sigma:          21.43
            31.3024          3.3718          0.3693
             7.6605         15.5279         -0.0062
             0.4950          2.1565         17.4559

     H   40    anisotropy:     17.47    eta:   -0.3476
     H   40    sigma_11=     17.63    axis=( -0.112447  0.202503  0.972804)
     H   40    sigma_22=     13.58    axis=( -0.284427  0.931489 -0.226779)
     H   40    sigma_33=     33.07    axis=( -0.952080 -0.302192 -0.047146)
 
     Initialization:
     gipaw_setup  :      0.33s CPU      0.34s WALL (       1 calls)
 
     Linear response
     greenf       :   5524.74s CPU   5640.67s WALL (     288 calls)
     cgsolve      :   5488.43s CPU   5604.23s WALL (     288 calls)
     ch_psi       :   5407.61s CPU   5523.18s WALL (   16059 calls)
     h_psiq       :   4152.59s CPU   4265.05s WALL (   16059 calls)
 
     Apply operators
     h_psi        :   3697.40s CPU   3822.12s WALL (   20413 calls)
     apply_vel    :     86.40s CPU     86.63s WALL (     252 calls)
 
     Induced current
     j_para       :    294.78s CPU    302.14s WALL (     324 calls)
     biot_savart  :      0.04s CPU      0.04s WALL (       1 calls)
 
     Other routines
 
     General routines
     calbec       :   1465.59s CPU   1473.21s WALL (   54967 calls)
     fft          :      0.05s CPU      0.07s WALL (      32 calls)
     fftw         :   2662.86s CPU   2786.54s WALL ( 2586270 calls)
     davcio       :      0.04s CPU      0.37s WALL (     192 calls)
 
     Parallel routines
     fft_scatter  :    652.24s CPU    707.55s WALL ( 2586302 calls)
 
     Plugins
 
     GIPAW        :   6855.65s CPU   7003.51s WALL (       1 calls)
