
     Program QE v.6.1 (svn rev. 13369) starts on  6Nov2017 at 20: 0:25 

     This program is part of the open-source Quantum ESPRESSO suite
     for quantum simulation of materials; please cite
         "P. Giannozzi et al., J. Phys.:Condens. Matter 21 395502 (2009);
          URL http://www.quantum-espresso.org", 
     in publications or presentations arising from this work. More details at
     http://www.quantum-espresso.org/quote

     Parallel version (MPI), running on     8 processors
     R & G space division:  proc/nbgrp/npool/nimage =       8
 
     ***** This is GIPAW svn revision unknown      *****
 
     Parallelizing q-star over 1 images
     Message from routine gipaw_readin:
     *** iverbosity is obsolete, use verbosity instead ***

     Reading data from directory:
     /scratch/ahofstet/ML/CCDC/BIDJIH/wfc/scf.save

   Info: using nr1, nr2, nr3 values from input

   Info: using nr1, nr2, nr3 values from input

     IMPORTANT: XC functional enforced from input :
     Exchange-correlation      =  SLA  PW   PBX  PBC ( 1  4  3  4 0 0)
     Any further DFT definition will be discarded
     Please, verify this is what you really want

               file C.pbe-n-kjpaw_psl.0.1.UPF: wavefunction(s)  2P renormalized
               file N.pbe-n-kjpaw_psl.0.1.UPF: wavefunction(s)  2P renormalized
               file H.pbe-kjpaw_psl.0.1.UPF: wavefunction(s)  1S renormalized
               file O.pbe-n-kjpaw_psl.0.1.UPF: wavefunction(s)  2P renormalized
 
     Parallelization info
     --------------------
     sticks:   dense  smooth     PW     G-vecs:    dense   smooth      PW
     Min         422     422    114                52399    52399    7342
     Max         423     423    115                52406    52406    7347
     Sum        3377    3377    915               419225   419225   58749
 

     Check: negative/imaginary core charge=   -0.000002    0.000000

     Subspace diagonalization in iterative solution of the eigenvalue problem:
     a serial algorithm will be used

     GIPAW projectors -----------------------------------------------
     atom=  C    l=0  rc=    1.3000  rs=    0.8667
     atom=  C    l=0  rc=    1.3000  rs=    0.8667
     atom=  C    l=1  rc=    1.4500  rs=    0.9667
     atom=  C    l=1  rc=    1.4500  rs=    0.9667
     projs nearly linearly dependent: l=0  n1,n2= 1, 2  s=  0.99877758
     projs nearly linearly dependent: l=1  n1,n2= 1, 2  s=  0.99940894
 
     atom=  N    l=0  rc=    1.3000  rs=    0.8667
     atom=  N    l=0  rc=    1.3000  rs=    0.8667
     atom=  N    l=1  rc=    1.4500  rs=    0.9667
     atom=  N    l=1  rc=    1.4500  rs=    0.9667
     projs nearly linearly dependent: l=0  n1,n2= 1, 2  s=  0.99709514
     projs nearly linearly dependent: l=1  n1,n2= 1, 2  s=  0.99857174
 
     atom=  H    l=0  rc=    1.0000  rs=    0.6667
     atom=  H    l=0  rc=    1.0000  rs=    0.6667
     projs nearly linearly dependent: l=0  n1,n2= 1, 2  s=  0.99968852
 
     atom=  O    l=0  rc=    1.3500  rs=    0.9000
     atom=  O    l=0  rc=    1.3500  rs=    0.9000
     atom=  O    l=1  rc=    1.3500  rs=    0.9000
     atom=  O    l=1  rc=    1.3500  rs=    0.9000
     projs nearly linearly dependent: l=0  n1,n2= 1, 2  s=  0.99100135
     projs nearly linearly dependent: l=1  n1,n2= 1, 2  s=  0.99790100
     -----------------------------------------------------------------
 
     alpha_pv=     47.2293 eV
 
     q-space interpolation up to   110.00 Rydberg
 
     GIPAW job: nmr                                                                             
     NMR macroscopic correction: yes
             0.6667          0.0000          0.0000
             0.0000          0.6667          0.0000
             0.0000          0.0000          0.6667

 
     Largest allocated arrays     est. size (Mb)     dimensions
        KS wavefunctions at k           9.68 Mb     (    6607,   96)
        KS wavefunctions at k+q         9.68 Mb     (    6607,   96)
        First-order wavefunctions      96.78 Mb     (    6607,   96, 10)
        First-order wavefunct (US)     58.07 Mb     (    6607,   96,  6)
        Charge/spin density             0.84 Mb     (  110592,    1)
        Induced current                 7.59 Mb     (  110592,    3,3,1)
        Induced magnetic field          7.59 Mb     (  110592,    3,3,1)
        NL pseudopotentials            26.62 Mb     (    6607,  264)
        GIPAW NL terms                 26.62 Mb     (    6607,  264)
 
     Computing the magnetic susceptibility     isolve=0    ethr=  0.1000E-13
     k-point #    1 of    12      pool #  1    cpu time:      17.9
     Rotating WFCS
     c_bands:  2 eigenvalues not converged
     Rotating WFCS
     c_bands:  1 eigenvalues not converged
     Rotating WFCS
     c_bands:  1 eigenvalues not converged
     Rotating WFCS
     c_bands:  2 eigenvalues not converged
     Rotating WFCS
     c_bands:  2 eigenvalues not converged
     Rotating WFCS
     c_bands:  1 eigenvalues not converged
     Rotating WFCS
     c_bands:  1 eigenvalues not converged
     k-point #    2 of    12      pool #  1    cpu time:     987.1
     Rotating WFCS
     c_bands:  2 eigenvalues not converged
     Rotating WFCS
     c_bands:  2 eigenvalues not converged
     Rotating WFCS
     c_bands:  1 eigenvalues not converged
     Rotating WFCS
     Rotating WFCS
     Rotating WFCS
     Rotating WFCS
     k-point #    3 of    12      pool #  1    cpu time:    1967.4
     Rotating WFCS
     Rotating WFCS
     c_bands:  1 eigenvalues not converged
     Rotating WFCS
     c_bands:  1 eigenvalues not converged
     Rotating WFCS
     Rotating WFCS
     Rotating WFCS
     c_bands:  1 eigenvalues not converged
     Rotating WFCS
     c_bands:  1 eigenvalues not converged
     k-point #    4 of    12      pool #  1    cpu time:    2952.6
     Rotating WFCS
     Rotating WFCS
     Rotating WFCS
     Rotating WFCS
     Rotating WFCS
     Rotating WFCS
     Rotating WFCS
     k-point #    5 of    12      pool #  1    cpu time:    3913.4
     Rotating WFCS
     c_bands:  1 eigenvalues not converged
     Rotating WFCS
     Rotating WFCS
     Rotating WFCS
     c_bands:  1 eigenvalues not converged
     Rotating WFCS
     c_bands:  1 eigenvalues not converged
     Rotating WFCS
     c_bands:  1 eigenvalues not converged
     Rotating WFCS
     c_bands:  1 eigenvalues not converged
     k-point #    6 of    12      pool #  1    cpu time:    4902.0
     Rotating WFCS
     c_bands:  1 eigenvalues not converged
     Rotating WFCS
     c_bands:  1 eigenvalues not converged
     Rotating WFCS
     Rotating WFCS
     c_bands:  1 eigenvalues not converged
     Rotating WFCS
     c_bands:  1 eigenvalues not converged
     Rotating WFCS
     c_bands:  1 eigenvalues not converged
     Rotating WFCS
     c_bands:  1 eigenvalues not converged
     k-point #    7 of    12      pool #  1    cpu time:    5901.2
     Rotating WFCS
     c_bands:  1 eigenvalues not converged
     Rotating WFCS
     c_bands:  1 eigenvalues not converged
     Rotating WFCS
     c_bands:  2 eigenvalues not converged
     Rotating WFCS
     c_bands:  2 eigenvalues not converged
     Rotating WFCS
     c_bands:  2 eigenvalues not converged
     Rotating WFCS
     Rotating WFCS
     c_bands:  1 eigenvalues not converged
     k-point #    8 of    12      pool #  1    cpu time:    6932.5
     Rotating WFCS
     c_bands:  1 eigenvalues not converged
     Rotating WFCS
     Rotating WFCS
     Rotating WFCS
     c_bands:  1 eigenvalues not converged
     Rotating WFCS
     c_bands:  2 eigenvalues not converged
     Rotating WFCS
     Rotating WFCS
     k-point #    9 of    12      pool #  1    cpu time:    7969.6
     Rotating WFCS
     c_bands:  2 eigenvalues not converged
     Rotating WFCS
     Rotating WFCS
     Rotating WFCS
     c_bands:  2 eigenvalues not converged
     Rotating WFCS
     c_bands:  2 eigenvalues not converged
     Rotating WFCS
     c_bands:  2 eigenvalues not converged
     Rotating WFCS
     c_bands:  2 eigenvalues not converged
     k-point #   10 of    12      pool #  1    cpu time:    8993.9
     Rotating WFCS
     Rotating WFCS
     Rotating WFCS
     Rotating WFCS
     Rotating WFCS
     Rotating WFCS
     Rotating WFCS
     k-point #   11 of    12      pool #  1    cpu time:    9919.7
     Rotating WFCS
     Rotating WFCS
     Rotating WFCS
     Rotating WFCS
     Rotating WFCS
     Rotating WFCS
     Rotating WFCS
     k-point #   12 of    12      pool #  1    cpu time:   10898.8
     Rotating WFCS
     Rotating WFCS
     Rotating WFCS
     Rotating WFCS
     Rotating WFCS
     Rotating WFCS
     Rotating WFCS
     End of magnetic susceptibility calculation
 
     f-sum rule (1st term):
          -152.0940          0.0000          0.0223
             0.0000       -152.1467          0.0000
             0.0171          0.0000       -152.2192

     f-sum rule (2nd term):
            -3.2607          0.0000         -0.0223
             0.0000         -3.2084          0.0000
            -0.0171          0.0000         -3.1355

     f-sum rule (should be  -155.3547):
          -155.3547          0.0000         -0.0000
             0.0000       -155.3551          0.0000
             0.0000          0.0000       -155.3547

     chi_bare pGv (HH) in paratec units:
       -42.386772      0.050584     -0.629925
         0.026920    -38.132659     -0.000219
         1.464381      0.041287    -30.796048

       -42.386772      0.000000     -0.629925
         0.000000    -38.132659      0.000000
         1.464381      0.000000    -30.796048

     chi_bare vGv (VV) in paratec units:
       -42.497529      0.062524      2.308235
         0.061934    -38.050137     -0.001828
         2.311242     -0.001844    -31.680648

       -42.497529      0.000000      2.308235
         0.000000    -38.050137      0.000000
         2.311242      0.000000    -31.680648

     chi_bare pGv (HH) in 10^{-6} cm^3/mol:
          -201.4259          0.0000         -2.9935
             0.0000       -181.2100          0.0000
             6.9589          0.0000       -146.3457

     chi_bare vGv (VV) in 10^{-6} cm^3/mol:
          -201.9523          0.0000         10.9689
             0.0000       -180.8178          0.0000
            10.9832          0.0000       -150.5494

     Contributions to the NMR chemical shifts: -------------------------------
 
     Macroscopic shape contribution in ppm:                    5.33
             6.0931          0.0000          0.0000
             0.0000          5.4815          0.0000
             0.0000          0.0000          4.4269

 
     Core contribution in ppm:
 
     Atom  1  O   pos: (  0.301732  0.802913  0.051123)  core sigma:         271.07
     Atom  2  O   pos: (  0.195981  0.273207  1.405118)  core sigma:         271.07
     Atom  3  O   pos: (  0.693693  0.256498  2.861359)  core sigma:         271.07
     Atom  4  O   pos: (  0.799444  0.786204  1.507364)  core sigma:         271.07
     Atom  5  O   pos: (  0.470012  0.151445  0.765728)  core sigma:         271.07
     Atom  6  O   pos: (  0.027700  0.681150  0.690513)  core sigma:         271.07
     Atom  7  O   pos: (  0.525413  0.907967  2.146754)  core sigma:         271.07
     Atom  8  O   pos: (  0.967725  0.378261  2.221969)  core sigma:         271.07
     Atom  9  N   pos: (  0.653309  0.688145  0.275433)  core sigma:         235.78
     Atom 10  N   pos: (  0.844403  0.158440  1.180808)  core sigma:         235.78
     Atom 11  N   pos: (  0.342116  0.371266  2.637049)  core sigma:         235.78
     Atom 12  N   pos: (  0.151022  0.900972  1.731674)  core sigma:         235.78
     Atom 13  N   pos: (  0.405981  1.041499  0.397385)  core sigma:         235.78
     Atom 14  N   pos: (  0.091732  0.511794  1.058857)  core sigma:         235.78
     Atom 15  N   pos: (  0.589444  0.017912  2.515098)  core sigma:         235.78
     Atom 16  N   pos: (  0.903694  0.547618  1.853626)  core sigma:         235.78
     Atom 17  N   pos: (  0.537844 -0.013212  0.614050)  core sigma:         235.78
     Atom 18  N   pos: (  0.959869  0.516494  0.842191)  core sigma:         235.78
     Atom 19  N   pos: (  0.457581  1.072623  2.298432)  core sigma:         235.78
     Atom 20  N   pos: (  0.035556  0.542917  2.070291)  core sigma:         235.78
     Atom 21  C   pos: (  0.452278  0.831491  0.227733)  core sigma:         200.51
     Atom 22  C   pos: (  0.045435  0.301785  1.228509)  core sigma:         200.51
     Atom 23  C   pos: (  0.543147  0.227921  2.684750)  core sigma:         200.51
     Atom 24  C   pos: (  0.949990  0.757627  1.683974)  core sigma:         200.51
     Atom 25  C   pos: (  0.188529  0.144205  0.356985)  core sigma:         200.51
     Atom 26  C   pos: (  0.309184  0.673910  1.099256)  core sigma:         200.51
     Atom 27  C   pos: (  0.806896  0.915207  2.555497)  core sigma:         200.51
     Atom 28  C   pos: (  0.686241  0.385501  1.813226)  core sigma:         200.51
     Atom 29  H   pos: (  0.766753  0.713380  0.430137)  core sigma:           0.00
     Atom 30  H   pos: (  0.730960  0.183674  1.026104)  core sigma:           0.00
     Atom 31  H   pos: (  0.228672  0.346032  2.482345)  core sigma:           0.00
     Atom 32  H   pos: (  0.264465  0.875737  1.886378)  core sigma:           0.00
     Atom 33  H   pos: (  0.679384  0.532716  0.160890)  core sigma:           0.00
     Atom 34  H   pos: (  0.818328  0.003010  1.295351)  core sigma:           0.00
     Atom 35  H   pos: (  0.316041  0.526695  2.751592)  core sigma:           0.00
     Atom 36  H   pos: (  0.177097  1.056401  1.617131)  core sigma:           0.00
     Atom 37  H   pos: (  0.025741  0.075629  0.469560)  core sigma:           0.00
     Atom 38  H   pos: (  0.471972  0.605335  0.986681)  core sigma:           0.00
     Atom 39  H   pos: (  0.969684  0.983782  2.442922)  core sigma:           0.00
     Atom 40  H   pos: (  0.523453  0.454076  1.925801)  core sigma:           0.00
     Atom 41  H   pos: (  0.139297  0.139164  0.157023)  core sigma:           0.00
     Atom 42  H   pos: (  0.358415  0.668870  1.299218)  core sigma:           0.00
     Atom 43  H   pos: (  0.856128  0.920248  2.755459)  core sigma:           0.00
     Atom 44  H   pos: (  0.637010  0.390542  1.613264)  core sigma:           0.00
     Atom 45  H   pos: (  0.235752  0.334641  0.420965)  core sigma:           0.00
     Atom 46  H   pos: (  0.261961  0.864347  1.035276)  core sigma:           0.00
     Atom 47  H   pos: (  0.759673  0.724771  2.491517)  core sigma:           0.00
     Atom 48  H   pos: (  0.733464  0.195065  1.877207)  core sigma:           0.00
 
     Bare contribution in ppm:
 
     Atom  1  O   pos: (  0.301732  0.802913  0.051123)  bare sigma:           2.52
             5.6706         35.4216        -35.6014
            26.9759         10.6514        -45.8032
           -53.6904        -38.7721         -8.7669

     Atom  2  O   pos: (  0.195981  0.273207  1.405118)  bare sigma:           2.52
             5.6706        -35.4216        -35.6014
           -26.9759         10.6514         45.8032
           -53.6904         38.7721         -8.7669

     Atom  3  O   pos: (  0.693693  0.256498  2.861359)  bare sigma:           2.52
             5.6706         35.4216        -35.6014
            26.9759         10.6514        -45.8032
           -53.6904        -38.7721         -8.7669

     Atom  4  O   pos: (  0.799444  0.786204  1.507364)  bare sigma:           2.52
             5.6706        -35.4216        -35.6014
           -26.9759         10.6514         45.8032
           -53.6904         38.7721         -8.7669

     Atom  5  O   pos: (  0.470012  0.151445  0.765728)  bare sigma:        -151.77
           -43.9107         94.2935        -20.4968
            94.2418       -139.6298       -182.4083
           -21.6024       -200.5412       -271.7821

     Atom  6  O   pos: (  0.027700  0.681150  0.690513)  bare sigma:        -151.77
           -43.9107        -94.2935        -20.4968
           -94.2418       -139.6298        182.4083
           -21.6024        200.5412       -271.7821

     Atom  7  O   pos: (  0.525413  0.907967  2.146754)  bare sigma:        -151.77
           -43.9107         94.2935        -20.4968
            94.2418       -139.6298       -182.4083
           -21.6024       -200.5412       -271.7821

     Atom  8  O   pos: (  0.967725  0.378261  2.221969)  bare sigma:        -151.77
           -43.9107        -94.2935        -20.4968
           -94.2418       -139.6298        182.4083
           -21.6024        200.5412       -271.7821

     Atom  9  N   pos: (  0.653309  0.688145  0.275433)  bare sigma:          21.98
            30.5896         -8.6706        -13.9330
            -2.0942         27.2072        -11.8168
            -7.7045        -22.6323          8.1519

     Atom 10  N   pos: (  0.844403  0.158440  1.180808)  bare sigma:          21.98
            30.5896          8.6706        -13.9330
             2.0942         27.2072         11.8168
            -7.7045         22.6323          8.1519

     Atom 11  N   pos: (  0.342116  0.371266  2.637049)  bare sigma:          21.98
            30.5896         -8.6706        -13.9330
            -2.0942         27.2072        -11.8168
            -7.7045        -22.6323          8.1519

     Atom 12  N   pos: (  0.151022  0.900972  1.731674)  bare sigma:          21.98
            30.5896          8.6706        -13.9330
             2.0942         27.2072         11.8168
            -7.7045         22.6323          8.1519

     Atom 13  N   pos: (  0.405981  1.041499  0.397385)  bare sigma:         -56.49
           -41.6166         37.1784          6.7802
            61.7490        -86.4388        -27.4059
            45.1850        -71.0708        -41.4097

     Atom 14  N   pos: (  0.091732  0.511794  1.058857)  bare sigma:         -56.49
           -41.6166        -37.1784          6.7802
           -61.7490        -86.4388         27.4059
            45.1850         71.0708        -41.4097

     Atom 15  N   pos: (  0.589444  0.017912  2.515098)  bare sigma:         -56.49
           -41.6166         37.1784          6.7802
            61.7490        -86.4388        -27.4059
            45.1850        -71.0708        -41.4097

     Atom 16  N   pos: (  0.903694  0.547618  1.853626)  bare sigma:         -56.49
           -41.6166        -37.1784          6.7802
           -61.7490        -86.4388         27.4059
            45.1850         71.0708        -41.4097

     Atom 17  N   pos: (  0.537844 -0.013212  0.614050)  bare sigma:        -152.20
           -74.8042         48.8599        -24.2572
            23.6490       -115.3709       -134.9223
           -70.0070        -98.9844       -266.4109

     Atom 18  N   pos: (  0.959869  0.516494  0.842191)  bare sigma:        -152.20
           -74.8042        -48.8599        -24.2572
           -23.6490       -115.3709        134.9223
           -70.0070         98.9844       -266.4109

     Atom 19  N   pos: (  0.457581  1.072623  2.298432)  bare sigma:        -152.20
           -74.8042         48.8599        -24.2572
            23.6490       -115.3709       -134.9223
           -70.0070        -98.9844       -266.4109

     Atom 20  N   pos: (  0.035556  0.542917  2.070291)  bare sigma:        -152.20
           -74.8042        -48.8599        -24.2572
           -23.6490       -115.3709        134.9223
           -70.0070         98.9844       -266.4109

     Atom 21  C   pos: (  0.452278  0.831491  0.227733)  bare sigma:         -69.43
           -54.3706         14.4506          8.4690
            19.2136        -89.2497        -24.6628
            13.4018        -34.6253        -64.6568

     Atom 22  C   pos: (  0.045435  0.301785  1.228509)  bare sigma:         -69.43
           -54.3706        -14.4506          8.4690
           -19.2136        -89.2497         24.6628
            13.4018         34.6253        -64.6568

     Atom 23  C   pos: (  0.543147  0.227921  2.684750)  bare sigma:         -69.43
           -54.3706         14.4506          8.4690
            19.2136        -89.2497        -24.6628
            13.4018        -34.6253        -64.6568

     Atom 24  C   pos: (  0.949990  0.757627  1.683974)  bare sigma:         -69.43
           -54.3706        -14.4506          8.4690
           -19.2136        -89.2497         24.6628
            13.4018         34.6253        -64.6568

     Atom 25  C   pos: (  0.188529  0.144205  0.356985)  bare sigma:          -2.35
             8.2954         -1.2064         -7.2572
             0.0498          0.3089        -13.9166
            -5.3600        -17.1005        -15.6650

     Atom 26  C   pos: (  0.309184  0.673910  1.099256)  bare sigma:          -2.35
             8.2954          1.2064         -7.2572
            -0.0498          0.3089         13.9166
            -5.3600         17.1005        -15.6650

     Atom 27  C   pos: (  0.806896  0.915207  2.555497)  bare sigma:          -2.35
             8.2954         -1.2064         -7.2572
             0.0498          0.3089        -13.9166
            -5.3600        -17.1005        -15.6650

     Atom 28  C   pos: (  0.686241  0.385501  1.813226)  bare sigma:          -2.35
             8.2954          1.2064         -7.2572
            -0.0498          0.3089         13.9166
            -5.3600         17.1005        -15.6650

     Atom 29  H   pos: (  0.766753  0.713380  0.430137)  bare sigma:          15.66
            16.7366         -0.4892          8.5654
             5.3752          9.9235          2.2467
             9.0519         -6.3993         20.3135

     Atom 30  H   pos: (  0.730960  0.183674  1.026104)  bare sigma:          15.66
            16.7366          0.4892          8.5654
            -5.3752          9.9235         -2.2467
             9.0519          6.3993         20.3135

     Atom 31  H   pos: (  0.228672  0.346032  2.482345)  bare sigma:          15.66
            16.7366         -0.4892          8.5654
             5.3752          9.9235          2.2467
             9.0519         -6.3993         20.3135

     Atom 32  H   pos: (  0.264465  0.875737  1.886378)  bare sigma:          15.66
            16.7366          0.4892          8.5654
            -5.3752          9.9235         -2.2467
             9.0519          6.3993         20.3135

     Atom 33  H   pos: (  0.679384  0.532716  0.160890)  bare sigma:          14.70
             8.6773         -1.9600         -0.8040
             0.9601         21.7012         10.1343
             0.0520          2.7779         13.7188

     Atom 34  H   pos: (  0.818328  0.003010  1.295351)  bare sigma:          14.70
             8.6773          1.9600         -0.8040
            -0.9601         21.7012        -10.1343
             0.0520         -2.7779         13.7188

     Atom 35  H   pos: (  0.316041  0.526695  2.751592)  bare sigma:          14.70
             8.6773         -1.9600         -0.8040
             0.9601         21.7012         10.1343
             0.0520          2.7779         13.7188

     Atom 36  H   pos: (  0.177097  1.056401  1.617131)  bare sigma:          14.70
             8.6773          1.9600         -0.8040
            -0.9601         21.7012        -10.1343
             0.0520         -2.7779         13.7188

     Atom 37  H   pos: (  0.025741  0.075629  0.469560)  bare sigma:          21.48
            25.4910          0.7669         -2.9555
             6.1222         18.6296         -1.6292
            -2.9983         -2.9061         20.3330

     Atom 38  H   pos: (  0.471972  0.605335  0.986681)  bare sigma:          21.48
            25.4910         -0.7669         -2.9555
            -6.1222         18.6296          1.6292
            -2.9983          2.9061         20.3330

     Atom 39  H   pos: (  0.969684  0.983782  2.442922)  bare sigma:          21.48
            25.4910          0.7669         -2.9555
             6.1222         18.6296         -1.6292
            -2.9983         -2.9061         20.3330

     Atom 40  H   pos: (  0.523453  0.454076  1.925801)  bare sigma:          21.48
            25.4910         -0.7669         -2.9555
            -6.1222         18.6296          1.6292
            -2.9983          2.9061         20.3330

     Atom 41  H   pos: (  0.139297  0.139164  0.157023)  bare sigma:          19.13
            18.3359         -0.1468          1.3748
             3.1200         17.4802         -1.2918
             2.6833         -5.2047         21.5752

     Atom 42  H   pos: (  0.358415  0.668870  1.299218)  bare sigma:          19.13
            18.3359          0.1468          1.3748
            -3.1200         17.4802          1.2918
             2.6833          5.2047         21.5752

     Atom 43  H   pos: (  0.856128  0.920248  2.755459)  bare sigma:          19.13
            18.3359         -0.1468          1.3748
             3.1200         17.4802         -1.2918
             2.6833         -5.2047         21.5752

     Atom 44  H   pos: (  0.637010  0.390542  1.613264)  bare sigma:          19.13
            18.3359          0.1468          1.3748
            -3.1200         17.4802          1.2918
             2.6833          5.2047         21.5752

     Atom 45  H   pos: (  0.235752  0.334641  0.420965)  bare sigma:          20.83
            17.7593          1.4250         -0.2771
             1.9913         25.7223          1.4139
            -0.7736         -5.0440         19.0074

     Atom 46  H   pos: (  0.261961  0.864347  1.035276)  bare sigma:          20.83
            17.7593         -1.4250         -0.2771
            -1.9913         25.7223         -1.4139
            -0.7736          5.0440         19.0074

     Atom 47  H   pos: (  0.759673  0.724771  2.491517)  bare sigma:          20.83
            17.7593          1.4250         -0.2771
             1.9913         25.7223          1.4139
            -0.7736         -5.0440         19.0074

     Atom 48  H   pos: (  0.733464  0.195065  1.877207)  bare sigma:          20.83
            17.7593         -1.4250         -0.2771
            -1.9913         25.7223         -1.4139
            -0.7736          5.0440         19.0074

     Diamagnetic contribution in ppm:
 
     Atom  1  O   pos: (  0.301732  0.802913  0.051123)  dia sigma:          17.65
            17.7152          0.4225          0.2983
             0.4225         17.2863         -0.1616
             0.2983         -0.1616         17.9588

     Atom  2  O   pos: (  0.195981  0.273207  1.405118)  dia sigma:          17.65
            17.7152         -0.4225          0.2983
            -0.4225         17.2863          0.1616
             0.2983          0.1616         17.9588

     Atom  3  O   pos: (  0.693693  0.256498  2.861359)  dia sigma:          17.65
            17.7152          0.4225          0.2983
             0.4225         17.2863         -0.1616
             0.2983         -0.1616         17.9588

     Atom  4  O   pos: (  0.799444  0.786204  1.507364)  dia sigma:          17.65
            17.7152         -0.4225          0.2983
            -0.4225         17.2863          0.1616
             0.2983          0.1616         17.9588

     Atom  5  O   pos: (  0.470012  0.151445  0.765728)  dia sigma:          17.04
            16.5860          0.3348         -0.8019
             0.3348         17.4717          0.5298
            -0.8019          0.5298         17.0770

     Atom  6  O   pos: (  0.027700  0.681150  0.690513)  dia sigma:          17.04
            16.5860         -0.3348         -0.8019
            -0.3348         17.4717         -0.5298
            -0.8019         -0.5298         17.0770

     Atom  7  O   pos: (  0.525413  0.907967  2.146754)  dia sigma:          17.04
            16.5860          0.3348         -0.8019
             0.3348         17.4717          0.5298
            -0.8019          0.5298         17.0770

     Atom  8  O   pos: (  0.967725  0.378261  2.221969)  dia sigma:          17.04
            16.5860         -0.3348         -0.8019
            -0.3348         17.4717         -0.5298
            -0.8019         -0.5298         17.0770

     Atom  9  N   pos: (  0.653309  0.688145  0.275433)  dia sigma:          10.21
            10.2609         -0.2570          0.1861
            -0.2570         10.2203          0.1402
             0.1861          0.1402         10.1514

     Atom 10  N   pos: (  0.844403  0.158440  1.180808)  dia sigma:          10.21
            10.2609          0.2570          0.1861
             0.2570         10.2203         -0.1402
             0.1861         -0.1402         10.1514

     Atom 11  N   pos: (  0.342116  0.371266  2.637049)  dia sigma:          10.21
            10.2609         -0.2570          0.1861
            -0.2570         10.2203          0.1402
             0.1861          0.1402         10.1514

     Atom 12  N   pos: (  0.151022  0.900972  1.731674)  dia sigma:          10.21
            10.2609          0.2570          0.1861
             0.2570         10.2203         -0.1402
             0.1861         -0.1402         10.1514

     Atom 13  N   pos: (  0.405981  1.041499  0.397385)  dia sigma:           9.42
             9.3733         -0.2149          0.2421
            -0.2149          9.3646          0.1565
             0.2421          0.1565          9.5297

     Atom 14  N   pos: (  0.091732  0.511794  1.058857)  dia sigma:           9.42
             9.3733          0.2149          0.2421
             0.2149          9.3646         -0.1565
             0.2421         -0.1565          9.5297

     Atom 15  N   pos: (  0.589444  0.017912  2.515098)  dia sigma:           9.42
             9.3733         -0.2149          0.2421
            -0.2149          9.3646          0.1565
             0.2421          0.1565          9.5297

     Atom 16  N   pos: (  0.903694  0.547618  1.853626)  dia sigma:           9.42
             9.3733          0.2149          0.2421
             0.2149          9.3646         -0.1565
             0.2421         -0.1565          9.5297

     Atom 17  N   pos: (  0.537844 -0.013212  0.614050)  dia sigma:           7.62
             7.4020          0.5679         -0.1191
             0.5679          7.5167          0.0229
            -0.1191          0.0229          7.9544

     Atom 18  N   pos: (  0.959869  0.516494  0.842191)  dia sigma:           7.62
             7.4020         -0.5679         -0.1191
            -0.5679          7.5167         -0.0229
            -0.1191         -0.0229          7.9544

     Atom 19  N   pos: (  0.457581  1.072623  2.298432)  dia sigma:           7.62
             7.4020          0.5679         -0.1191
             0.5679          7.5167          0.0229
            -0.1191          0.0229          7.9544

     Atom 20  N   pos: (  0.035556  0.542917  2.070291)  dia sigma:           7.62
             7.4020         -0.5679         -0.1191
            -0.5679          7.5167         -0.0229
            -0.1191         -0.0229          7.9544

     Atom 21  C   pos: (  0.452278  0.831491  0.227733)  dia sigma:           3.99
             3.9405          0.0604         -0.1122
             0.0604          4.0401         -0.0140
            -0.1122         -0.0140          3.9781

     Atom 22  C   pos: (  0.045435  0.301785  1.228509)  dia sigma:           3.99
             3.9405         -0.0604         -0.1122
            -0.0604          4.0401          0.0140
            -0.1122          0.0140          3.9781

     Atom 23  C   pos: (  0.543147  0.227921  2.684750)  dia sigma:           3.99
             3.9405          0.0604         -0.1122
             0.0604          4.0401         -0.0140
            -0.1122         -0.0140          3.9781

     Atom 24  C   pos: (  0.949990  0.757627  1.683974)  dia sigma:           3.99
             3.9405         -0.0604         -0.1122
            -0.0604          4.0401          0.0140
            -0.1122          0.0140          3.9781

     Atom 25  C   pos: (  0.188529  0.144205  0.356985)  dia sigma:           4.35
             4.4607         -0.1418          0.0228
            -0.1418          4.3538         -0.0449
             0.0228         -0.0449          4.2267

     Atom 26  C   pos: (  0.309184  0.673910  1.099256)  dia sigma:           4.35
             4.4607          0.1418          0.0228
             0.1418          4.3538          0.0449
             0.0228          0.0449          4.2267

     Atom 27  C   pos: (  0.806896  0.915207  2.555497)  dia sigma:           4.35
             4.4607         -0.1418          0.0228
            -0.1418          4.3538         -0.0449
             0.0228         -0.0449          4.2267

     Atom 28  C   pos: (  0.686241  0.385501  1.813226)  dia sigma:           4.35
             4.4607          0.1418          0.0228
             0.1418          4.3538          0.0449
             0.0228          0.0449          4.2267

     Atom 29  H   pos: (  0.766753  0.713380  0.430137)  dia sigma:           1.03
             1.0299         -0.0000         -0.0000
            -0.0000          1.0299          0.0000
            -0.0000          0.0000          1.0299

     Atom 30  H   pos: (  0.730960  0.183674  1.026104)  dia sigma:           1.03
             1.0299          0.0000         -0.0000
             0.0000          1.0299         -0.0000
            -0.0000         -0.0000          1.0299

     Atom 31  H   pos: (  0.228672  0.346032  2.482345)  dia sigma:           1.03
             1.0299         -0.0000         -0.0000
            -0.0000          1.0299          0.0000
            -0.0000          0.0000          1.0299

     Atom 32  H   pos: (  0.264465  0.875737  1.886378)  dia sigma:           1.03
             1.0299          0.0000         -0.0000
             0.0000          1.0299         -0.0000
            -0.0000         -0.0000          1.0299

     Atom 33  H   pos: (  0.679384  0.532716  0.160890)  dia sigma:           1.02
             1.0160          0.0000         -0.0000
             0.0000          1.0160         -0.0000
            -0.0000         -0.0000          1.0160

     Atom 34  H   pos: (  0.818328  0.003010  1.295351)  dia sigma:           1.02
             1.0160         -0.0000         -0.0000
            -0.0000          1.0160          0.0000
            -0.0000          0.0000          1.0160

     Atom 35  H   pos: (  0.316041  0.526695  2.751592)  dia sigma:           1.02
             1.0160          0.0000         -0.0000
             0.0000          1.0160         -0.0000
            -0.0000         -0.0000          1.0160

     Atom 36  H   pos: (  0.177097  1.056401  1.617131)  dia sigma:           1.02
             1.0160         -0.0000         -0.0000
            -0.0000          1.0160          0.0000
            -0.0000          0.0000          1.0160

     Atom 37  H   pos: (  0.025741  0.075629  0.469560)  dia sigma:           1.11
             1.1064          0.0000         -0.0000
             0.0000          1.1064         -0.0000
            -0.0000         -0.0000          1.1064

     Atom 38  H   pos: (  0.471972  0.605335  0.986681)  dia sigma:           1.11
             1.1064         -0.0000         -0.0000
            -0.0000          1.1064          0.0000
            -0.0000          0.0000          1.1064

     Atom 39  H   pos: (  0.969684  0.983782  2.442922)  dia sigma:           1.11
             1.1064          0.0000         -0.0000
             0.0000          1.1064         -0.0000
            -0.0000         -0.0000          1.1064

     Atom 40  H   pos: (  0.523453  0.454076  1.925801)  dia sigma:           1.11
             1.1064         -0.0000         -0.0000
            -0.0000          1.1064          0.0000
            -0.0000          0.0000          1.1064

     Atom 41  H   pos: (  0.139297  0.139164  0.157023)  dia sigma:           1.12
             1.1207         -0.0000         -0.0000
            -0.0000          1.1207          0.0000
            -0.0000          0.0000          1.1207

     Atom 42  H   pos: (  0.358415  0.668870  1.299218)  dia sigma:           1.12
             1.1207          0.0000         -0.0000
             0.0000          1.1207         -0.0000
            -0.0000         -0.0000          1.1207

     Atom 43  H   pos: (  0.856128  0.920248  2.755459)  dia sigma:           1.12
             1.1207         -0.0000         -0.0000
            -0.0000          1.1207          0.0000
            -0.0000          0.0000          1.1207

     Atom 44  H   pos: (  0.637010  0.390542  1.613264)  dia sigma:           1.12
             1.1207          0.0000         -0.0000
             0.0000          1.1207         -0.0000
            -0.0000         -0.0000          1.1207

     Atom 45  H   pos: (  0.235752  0.334641  0.420965)  dia sigma:           1.13
             1.1284          0.0000         -0.0000
             0.0000          1.1284         -0.0000
            -0.0000         -0.0000          1.1284

     Atom 46  H   pos: (  0.261961  0.864347  1.035276)  dia sigma:           1.13
             1.1284         -0.0000         -0.0000
            -0.0000          1.1284          0.0000
            -0.0000          0.0000          1.1284

     Atom 47  H   pos: (  0.759673  0.724771  2.491517)  dia sigma:           1.13
             1.1284          0.0000         -0.0000
             0.0000          1.1284         -0.0000
            -0.0000         -0.0000          1.1284

     Atom 48  H   pos: (  0.733464  0.195065  1.877207)  dia sigma:           1.13
             1.1284         -0.0000         -0.0000
            -0.0000          1.1284          0.0000
            -0.0000          0.0000          1.1284

     Paramagnetic contribution in ppm:
 
     Atom  1  O   pos: (  0.301732  0.802913  0.051123)  para sigma:        -137.73
          -135.1526         81.8658        -81.8152
            60.9310       -121.0641        -97.9388
          -120.3802        -72.1208       -156.9782

     Atom  2  O   pos: (  0.195981  0.273207  1.405118)  para sigma:        -137.73
          -135.1526        -81.8658        -81.8152
           -60.9310       -121.0641         97.9388
          -120.3802         72.1208       -156.9782

     Atom  3  O   pos: (  0.693693  0.256498  2.861359)  para sigma:        -137.73
          -135.1526         81.8658        -81.8152
            60.9310       -121.0641        -97.9388
          -120.3802        -72.1208       -156.9782

     Atom  4  O   pos: (  0.799444  0.786204  1.507364)  para sigma:        -137.73
          -135.1526        -81.8658        -81.8152
           -60.9310       -121.0641         97.9388
          -120.3802         72.1208       -156.9782

     Atom  5  O   pos: (  0.470012  0.151445  0.765728)  para sigma:        -452.72
          -218.2706        204.7913        -52.7391
           209.8192       -421.2003       -382.5853
           -45.3205       -439.5969       -718.6908

     Atom  6  O   pos: (  0.027700  0.681150  0.690513)  para sigma:        -452.72
          -218.2706       -204.7913        -52.7391
          -209.8192       -421.2003        382.5853
           -45.3205        439.5969       -718.6908

     Atom  7  O   pos: (  0.525413  0.907967  2.146754)  para sigma:        -452.72
          -218.2706        204.7913        -52.7391
           209.8192       -421.2003       -382.5853
           -45.3205       -439.5969       -718.6908

     Atom  8  O   pos: (  0.967725  0.378261  2.221969)  para sigma:        -452.72
          -218.2706       -204.7913        -52.7391
          -209.8192       -421.2003        382.5853
           -45.3205        439.5969       -718.6908

     Atom  9  N   pos: (  0.653309  0.688145  0.275433)  para sigma:         -69.26
           -55.2001        -19.4755        -26.3748
           -14.4698        -56.9399        -20.1982
           -17.8910        -25.9659        -95.6387

     Atom 10  N   pos: (  0.844403  0.158440  1.180808)  para sigma:         -69.26
           -55.2001         19.4755        -26.3748
            14.4698        -56.9399         20.1982
           -17.8910         25.9659        -95.6387

     Atom 11  N   pos: (  0.342116  0.371266  2.637049)  para sigma:         -69.26
           -55.2001        -19.4755        -26.3748
           -14.4698        -56.9399        -20.1982
           -17.8910        -25.9659        -95.6387

     Atom 12  N   pos: (  0.151022  0.900972  1.731674)  para sigma:         -69.26
           -55.2001         19.4755        -26.3748
            14.4698        -56.9399         20.1982
           -17.8910         25.9659        -95.6387

     Atom 13  N   pos: (  0.405981  1.041499  0.397385)  para sigma:        -187.20
          -166.6506         58.9236         13.9721
            99.5645       -240.7179        -36.8331
            79.4751       -105.9236       -154.2428

     Atom 14  N   pos: (  0.091732  0.511794  1.058857)  para sigma:        -187.20
          -166.6506        -58.9236         13.9721
           -99.5645       -240.7179         36.8331
            79.4751        105.9236       -154.2428

     Atom 15  N   pos: (  0.589444  0.017912  2.515098)  para sigma:        -187.20
          -166.6506         58.9236         13.9721
            99.5645       -240.7179        -36.8331
            79.4751       -105.9236       -154.2428

     Atom 16  N   pos: (  0.903694  0.547618  1.853626)  para sigma:        -187.20
          -166.6506        -58.9236         13.9721
           -99.5645       -240.7179         36.8331
            79.4751        105.9236       -154.2428

     Atom 17  N   pos: (  0.537844 -0.013212  0.614050)  para sigma:        -350.34
          -214.7706         83.8140        -45.7631
            38.7831       -283.7994       -229.7887
          -126.3179       -167.0259       -552.4589

     Atom 18  N   pos: (  0.959869  0.516494  0.842191)  para sigma:        -350.34
          -214.7706        -83.8140        -45.7631
           -38.7831       -283.7994        229.7887
          -126.3179        167.0259       -552.4589

     Atom 19  N   pos: (  0.457581  1.072623  2.298432)  para sigma:        -350.34
          -214.7706         83.8140        -45.7631
            38.7831       -283.7994       -229.7887
          -126.3179       -167.0259       -552.4589

     Atom 20  N   pos: (  0.035556  0.542917  2.070291)  para sigma:        -350.34
          -214.7706        -83.8140        -45.7631
           -38.7831       -283.7994        229.7887
          -126.3179        167.0259       -552.4589

     Atom 21  C   pos: (  0.452278  0.831491  0.227733)  para sigma:        -114.02
          -100.3444         17.1693          1.1123
            19.3849       -131.0138        -28.6134
             4.1224        -30.4126       -110.6910

     Atom 22  C   pos: (  0.045435  0.301785  1.228509)  para sigma:        -114.02
          -100.3444        -17.1693          1.1123
           -19.3849       -131.0138         28.6134
             4.1224         30.4126       -110.6910

     Atom 23  C   pos: (  0.543147  0.227921  2.684750)  para sigma:        -114.02
          -100.3444         17.1693          1.1123
            19.3849       -131.0138        -28.6134
             4.1224        -30.4126       -110.6910

     Atom 24  C   pos: (  0.949990  0.757627  1.683974)  para sigma:        -114.02
          -100.3444        -17.1693          1.1123
           -19.3849       -131.0138         28.6134
             4.1224         30.4126       -110.6910

     Atom 25  C   pos: (  0.188529  0.144205  0.356985)  para sigma:         -54.73
           -48.4711          0.9460         -7.7224
            -1.2634        -51.9117         -9.8615
            -6.3807         -8.3210        -63.7940

     Atom 26  C   pos: (  0.309184  0.673910  1.099256)  para sigma:         -54.73
           -48.4711         -0.9460         -7.7224
             1.2634        -51.9117          9.8615
            -6.3807          8.3210        -63.7940

     Atom 27  C   pos: (  0.806896  0.915207  2.555497)  para sigma:         -54.73
           -48.4711          0.9460         -7.7224
            -1.2634        -51.9117         -9.8615
            -6.3807         -8.3210        -63.7940

     Atom 28  C   pos: (  0.686241  0.385501  1.813226)  para sigma:         -54.73
           -48.4711         -0.9460         -7.7224
             1.2634        -51.9117          9.8615
            -6.3807          8.3210        -63.7940

     Atom 29  H   pos: (  0.766753  0.713380  0.430137)  para sigma:           0.00
             0.0000          0.0000          0.0000
             0.0000          0.0000          0.0000
             0.0000          0.0000          0.0000

     Atom 30  H   pos: (  0.730960  0.183674  1.026104)  para sigma:           0.00
             0.0000          0.0000          0.0000
             0.0000          0.0000          0.0000
             0.0000          0.0000          0.0000

     Atom 31  H   pos: (  0.228672  0.346032  2.482345)  para sigma:           0.00
             0.0000          0.0000          0.0000
             0.0000          0.0000          0.0000
             0.0000          0.0000          0.0000

     Atom 32  H   pos: (  0.264465  0.875737  1.886378)  para sigma:           0.00
             0.0000          0.0000          0.0000
             0.0000          0.0000          0.0000
             0.0000          0.0000          0.0000

     Atom 33  H   pos: (  0.679384  0.532716  0.160890)  para sigma:           0.00
             0.0000          0.0000          0.0000
             0.0000          0.0000          0.0000
             0.0000          0.0000          0.0000

     Atom 34  H   pos: (  0.818328  0.003010  1.295351)  para sigma:           0.00
             0.0000          0.0000          0.0000
             0.0000          0.0000          0.0000
             0.0000          0.0000          0.0000

     Atom 35  H   pos: (  0.316041  0.526695  2.751592)  para sigma:           0.00
             0.0000          0.0000          0.0000
             0.0000          0.0000          0.0000
             0.0000          0.0000          0.0000

     Atom 36  H   pos: (  0.177097  1.056401  1.617131)  para sigma:           0.00
             0.0000          0.0000          0.0000
             0.0000          0.0000          0.0000
             0.0000          0.0000          0.0000

     Atom 37  H   pos: (  0.025741  0.075629  0.469560)  para sigma:           0.00
             0.0000          0.0000          0.0000
             0.0000          0.0000          0.0000
             0.0000          0.0000          0.0000

     Atom 38  H   pos: (  0.471972  0.605335  0.986681)  para sigma:           0.00
             0.0000          0.0000          0.0000
             0.0000          0.0000          0.0000
             0.0000          0.0000          0.0000

     Atom 39  H   pos: (  0.969684  0.983782  2.442922)  para sigma:           0.00
             0.0000          0.0000          0.0000
             0.0000          0.0000          0.0000
             0.0000          0.0000          0.0000

     Atom 40  H   pos: (  0.523453  0.454076  1.925801)  para sigma:           0.00
             0.0000          0.0000          0.0000
             0.0000          0.0000          0.0000
             0.0000          0.0000          0.0000

     Atom 41  H   pos: (  0.139297  0.139164  0.157023)  para sigma:           0.00
             0.0000          0.0000          0.0000
             0.0000          0.0000          0.0000
             0.0000          0.0000          0.0000

     Atom 42  H   pos: (  0.358415  0.668870  1.299218)  para sigma:           0.00
             0.0000          0.0000          0.0000
             0.0000          0.0000          0.0000
             0.0000          0.0000          0.0000

     Atom 43  H   pos: (  0.856128  0.920248  2.755459)  para sigma:           0.00
             0.0000          0.0000          0.0000
             0.0000          0.0000          0.0000
             0.0000          0.0000          0.0000

     Atom 44  H   pos: (  0.637010  0.390542  1.613264)  para sigma:           0.00
             0.0000          0.0000          0.0000
             0.0000          0.0000          0.0000
             0.0000          0.0000          0.0000

     Atom 45  H   pos: (  0.235752  0.334641  0.420965)  para sigma:           0.00
             0.0000          0.0000          0.0000
             0.0000          0.0000          0.0000
             0.0000          0.0000          0.0000

     Atom 46  H   pos: (  0.261961  0.864347  1.035276)  para sigma:           0.00
             0.0000          0.0000          0.0000
             0.0000          0.0000          0.0000
             0.0000          0.0000          0.0000

     Atom 47  H   pos: (  0.759673  0.724771  2.491517)  para sigma:           0.00
             0.0000          0.0000          0.0000
             0.0000          0.0000          0.0000
             0.0000          0.0000          0.0000

     Atom 48  H   pos: (  0.733464  0.195065  1.877207)  para sigma:           0.00
             0.0000          0.0000          0.0000
             0.0000          0.0000          0.0000
             0.0000          0.0000          0.0000

     Paramagnetic US occ-occ contribution in ppm:
 
     Atom  1  O   pos: (  0.301732  0.802913  0.051123)  para_oo sigma:          -2.60
            -1.3857          0.9521          0.8875
            -0.2657         -3.4605         -2.8609
            -0.3569         -1.4944         -2.9583

     Atom  2  O   pos: (  0.195981  0.273207  1.405118)  para_oo sigma:          -2.60
            -1.3857         -0.9521          0.8875
             0.2657         -3.4605          2.8609
            -0.3569          1.4944         -2.9583

     Atom  3  O   pos: (  0.693693  0.256498  2.861359)  para_oo sigma:          -2.60
            -1.3857          0.9521          0.8875
            -0.2657         -3.4605         -2.8609
            -0.3569         -1.4944         -2.9583

     Atom  4  O   pos: (  0.799444  0.786204  1.507364)  para_oo sigma:          -2.60
            -1.3857         -0.9521          0.8875
             0.2657         -3.4605          2.8609
            -0.3569          1.4944         -2.9583

     Atom  5  O   pos: (  0.470012  0.151445  0.765728)  para_oo sigma:          -5.37
            -8.3248          6.2001         -0.5235
             3.4462         -5.0095         -0.2673
            -4.8666          3.8949         -2.7847

     Atom  6  O   pos: (  0.027700  0.681150  0.690513)  para_oo sigma:          -5.37
            -8.3248         -6.2001         -0.5235
            -3.4462         -5.0095          0.2673
            -4.8666         -3.8949         -2.7847

     Atom  7  O   pos: (  0.525413  0.907967  2.146754)  para_oo sigma:          -5.37
            -8.3248          6.2001         -0.5235
             3.4462         -5.0095         -0.2673
            -4.8666          3.8949         -2.7847

     Atom  8  O   pos: (  0.967725  0.378261  2.221969)  para_oo sigma:          -5.37
            -8.3248         -6.2001         -0.5235
            -3.4462         -5.0095          0.2673
            -4.8666         -3.8949         -2.7847

     Atom  9  N   pos: (  0.653309  0.688145  0.275433)  para_oo sigma:          -1.38
            -0.7801          0.1767         -0.5258
             0.4265         -1.5602         -0.9875
            -0.4600         -1.1650         -1.7975

     Atom 10  N   pos: (  0.844403  0.158440  1.180808)  para_oo sigma:          -1.38
            -0.7801         -0.1767         -0.5258
            -0.4265         -1.5602          0.9875
            -0.4600          1.1650         -1.7975

     Atom 11  N   pos: (  0.342116  0.371266  2.637049)  para_oo sigma:          -1.38
            -0.7801          0.1767         -0.5258
             0.4265         -1.5602         -0.9875
            -0.4600         -1.1650         -1.7975

     Atom 12  N   pos: (  0.151022  0.900972  1.731674)  para_oo sigma:          -1.38
            -0.7801         -0.1767         -0.5258
            -0.4265         -1.5602          0.9875
            -0.4600          1.1650         -1.7975

     Atom 13  N   pos: (  0.405981  1.041499  0.397385)  para_oo sigma:          -2.21
            -2.9880          2.4402         -0.7761
             2.4274         -2.5323         -0.2500
            -0.3451         -0.5938         -1.0948

     Atom 14  N   pos: (  0.091732  0.511794  1.058857)  para_oo sigma:          -2.21
            -2.9880         -2.4402         -0.7761
            -2.4274         -2.5323          0.2500
            -0.3451          0.5938         -1.0948

     Atom 15  N   pos: (  0.589444  0.017912  2.515098)  para_oo sigma:          -2.21
            -2.9880          2.4402         -0.7761
             2.4274         -2.5323         -0.2500
            -0.3451         -0.5938         -1.0948

     Atom 16  N   pos: (  0.903694  0.547618  1.853626)  para_oo sigma:          -2.21
            -2.9880         -2.4402         -0.7761
            -2.4274         -2.5323          0.2500
            -0.3451          0.5938         -1.0948

     Atom 17  N   pos: (  0.537844 -0.013212  0.614050)  para_oo sigma:          -3.63
            -3.9511          1.9058         -0.7824
             1.8260         -3.6160         -0.5906
            -0.8024         -0.3714         -3.3202

     Atom 18  N   pos: (  0.959869  0.516494  0.842191)  para_oo sigma:          -3.63
            -3.9511         -1.9058         -0.7824
            -1.8260         -3.6160          0.5906
            -0.8024          0.3714         -3.3202

     Atom 19  N   pos: (  0.457581  1.072623  2.298432)  para_oo sigma:          -3.63
            -3.9511          1.9058         -0.7824
             1.8260         -3.6160         -0.5906
            -0.8024         -0.3714         -3.3202

     Atom 20  N   pos: (  0.035556  0.542917  2.070291)  para_oo sigma:          -3.63
            -3.9511         -1.9058         -0.7824
            -1.8260         -3.6160          0.5906
            -0.8024          0.3714         -3.3202

     Atom 21  C   pos: (  0.452278  0.831491  0.227733)  para_oo sigma:          -2.11
            -1.6655          0.2384          0.0781
             0.2223         -2.4729         -0.7845
             0.0790         -0.7798         -2.2042

     Atom 22  C   pos: (  0.045435  0.301785  1.228509)  para_oo sigma:          -2.11
            -1.6655         -0.2384          0.0781
            -0.2223         -2.4729          0.7845
             0.0790          0.7798         -2.2042

     Atom 23  C   pos: (  0.543147  0.227921  2.684750)  para_oo sigma:          -2.11
            -1.6655          0.2384          0.0781
             0.2223         -2.4729         -0.7845
             0.0790         -0.7798         -2.2042

     Atom 24  C   pos: (  0.949990  0.757627  1.683974)  para_oo sigma:          -2.11
            -1.6655         -0.2384          0.0781
            -0.2223         -2.4729          0.7845
             0.0790          0.7798         -2.2042

     Atom 25  C   pos: (  0.188529  0.144205  0.356985)  para_oo sigma:          -0.38
            -0.3053         -0.2035          0.0803
            -0.1362         -0.3868          0.0406
             0.1378         -0.0534         -0.4554

     Atom 26  C   pos: (  0.309184  0.673910  1.099256)  para_oo sigma:          -0.38
            -0.3053          0.2035          0.0803
             0.1362         -0.3868         -0.0406
             0.1378          0.0534         -0.4554

     Atom 27  C   pos: (  0.806896  0.915207  2.555497)  para_oo sigma:          -0.38
            -0.3053         -0.2035          0.0803
            -0.1362         -0.3868          0.0406
             0.1378         -0.0534         -0.4554

     Atom 28  C   pos: (  0.686241  0.385501  1.813226)  para_oo sigma:          -0.38
            -0.3053          0.2035          0.0803
             0.1362         -0.3868         -0.0406
             0.1378          0.0534         -0.4554

     Atom 29  H   pos: (  0.766753  0.713380  0.430137)  para_oo sigma:           0.00
             0.0000          0.0000          0.0000
             0.0000          0.0000          0.0000
             0.0000          0.0000          0.0000

     Atom 30  H   pos: (  0.730960  0.183674  1.026104)  para_oo sigma:           0.00
             0.0000          0.0000          0.0000
             0.0000          0.0000          0.0000
             0.0000          0.0000          0.0000

     Atom 31  H   pos: (  0.228672  0.346032  2.482345)  para_oo sigma:           0.00
             0.0000          0.0000          0.0000
             0.0000          0.0000          0.0000
             0.0000          0.0000          0.0000

     Atom 32  H   pos: (  0.264465  0.875737  1.886378)  para_oo sigma:           0.00
             0.0000          0.0000          0.0000
             0.0000          0.0000          0.0000
             0.0000          0.0000          0.0000

     Atom 33  H   pos: (  0.679384  0.532716  0.160890)  para_oo sigma:           0.00
             0.0000          0.0000          0.0000
             0.0000          0.0000          0.0000
             0.0000          0.0000          0.0000

     Atom 34  H   pos: (  0.818328  0.003010  1.295351)  para_oo sigma:           0.00
             0.0000          0.0000          0.0000
             0.0000          0.0000          0.0000
             0.0000          0.0000          0.0000

     Atom 35  H   pos: (  0.316041  0.526695  2.751592)  para_oo sigma:           0.00
             0.0000          0.0000          0.0000
             0.0000          0.0000          0.0000
             0.0000          0.0000          0.0000

     Atom 36  H   pos: (  0.177097  1.056401  1.617131)  para_oo sigma:           0.00
             0.0000          0.0000          0.0000
             0.0000          0.0000          0.0000
             0.0000          0.0000          0.0000

     Atom 37  H   pos: (  0.025741  0.075629  0.469560)  para_oo sigma:           0.00
             0.0000          0.0000          0.0000
             0.0000          0.0000          0.0000
             0.0000          0.0000          0.0000

     Atom 38  H   pos: (  0.471972  0.605335  0.986681)  para_oo sigma:           0.00
             0.0000          0.0000          0.0000
             0.0000          0.0000          0.0000
             0.0000          0.0000          0.0000

     Atom 39  H   pos: (  0.969684  0.983782  2.442922)  para_oo sigma:           0.00
             0.0000          0.0000          0.0000
             0.0000          0.0000          0.0000
             0.0000          0.0000          0.0000

     Atom 40  H   pos: (  0.523453  0.454076  1.925801)  para_oo sigma:           0.00
             0.0000          0.0000          0.0000
             0.0000          0.0000          0.0000
             0.0000          0.0000          0.0000

     Atom 41  H   pos: (  0.139297  0.139164  0.157023)  para_oo sigma:           0.00
             0.0000          0.0000          0.0000
             0.0000          0.0000          0.0000
             0.0000          0.0000          0.0000

     Atom 42  H   pos: (  0.358415  0.668870  1.299218)  para_oo sigma:           0.00
             0.0000          0.0000          0.0000
             0.0000          0.0000          0.0000
             0.0000          0.0000          0.0000

     Atom 43  H   pos: (  0.856128  0.920248  2.755459)  para_oo sigma:           0.00
             0.0000          0.0000          0.0000
             0.0000          0.0000          0.0000
             0.0000          0.0000          0.0000

     Atom 44  H   pos: (  0.637010  0.390542  1.613264)  para_oo sigma:           0.00
             0.0000          0.0000          0.0000
             0.0000          0.0000          0.0000
             0.0000          0.0000          0.0000

     Atom 45  H   pos: (  0.235752  0.334641  0.420965)  para_oo sigma:           0.00
             0.0000          0.0000          0.0000
             0.0000          0.0000          0.0000
             0.0000          0.0000          0.0000

     Atom 46  H   pos: (  0.261961  0.864347  1.035276)  para_oo sigma:           0.00
             0.0000          0.0000          0.0000
             0.0000          0.0000          0.0000
             0.0000          0.0000          0.0000

     Atom 47  H   pos: (  0.759673  0.724771  2.491517)  para_oo sigma:           0.00
             0.0000          0.0000          0.0000
             0.0000          0.0000          0.0000
             0.0000          0.0000          0.0000

     Atom 48  H   pos: (  0.733464  0.195065  1.877207)  para_oo sigma:           0.00
             0.0000          0.0000          0.0000
             0.0000          0.0000          0.0000
             0.0000          0.0000          0.0000

     Paramagnetic US L_R Q_R contribution in ppm:
 
     Atom  1  O   pos: (  0.301732  0.802913  0.051123)  para_lq sigma:        -148.75
          -145.6596          0.2278         -8.9457
            -6.5783       -142.4742        -12.9272
           -16.9739         -5.6175       -158.1307

     Atom  2  O   pos: (  0.195981  0.273207  1.405118)  para_lq sigma:        -148.75
          -145.6596         -0.2278         -8.9457
             6.5783       -142.4742         12.9272
           -16.9739          5.6175       -158.1307

     Atom  3  O   pos: (  0.693693  0.256498  2.861359)  para_lq sigma:        -148.75
          -145.6596          0.2278         -8.9457
            -6.5783       -142.4742        -12.9272
           -16.9739         -5.6175       -158.1307

     Atom  4  O   pos: (  0.799444  0.786204  1.507364)  para_lq sigma:        -148.75
          -145.6596         -0.2278         -8.9457
             6.5783       -142.4742         12.9272
           -16.9739          5.6175       -158.1307

     Atom  5  O   pos: (  0.470012  0.151445  0.765728)  para_lq sigma:        -200.33
          -162.9439         15.2823          2.4232
            19.1950       -204.2039        -57.8315
             6.5549        -62.0685       -233.8419

     Atom  6  O   pos: (  0.027700  0.681150  0.690513)  para_lq sigma:        -200.33
          -162.9439        -15.2823          2.4232
           -19.1950       -204.2039         57.8315
             6.5549         62.0685       -233.8419

     Atom  7  O   pos: (  0.525413  0.907967  2.146754)  para_lq sigma:        -200.33
          -162.9439         15.2823          2.4232
            19.1950       -204.2039        -57.8315
             6.5549        -62.0685       -233.8419

     Atom  8  O   pos: (  0.967725  0.378261  2.221969)  para_lq sigma:        -200.33
          -162.9439        -15.2823          2.4232
           -19.1950       -204.2039         57.8315
             6.5549         62.0685       -233.8419

     Atom  9  N   pos: (  0.653309  0.688145  0.275433)  para_lq sigma:         -64.71
           -62.2482          2.8837         -6.5894
             3.8243        -64.5410         -7.4853
            -6.2010         -7.8948        -67.3346

     Atom 10  N   pos: (  0.844403  0.158440  1.180808)  para_lq sigma:         -64.71
           -62.2482         -2.8837         -6.5894
            -3.8243        -64.5410          7.4853
            -6.2010          7.8948        -67.3346

     Atom 11  N   pos: (  0.342116  0.371266  2.637049)  para_lq sigma:         -64.71
           -62.2482          2.8837         -6.5894
             3.8243        -64.5410         -7.4853
            -6.2010         -7.8948        -67.3346

     Atom 12  N   pos: (  0.151022  0.900972  1.731674)  para_lq sigma:         -64.71
           -62.2482         -2.8837         -6.5894
            -3.8243        -64.5410          7.4853
            -6.2010          7.8948        -67.3346

     Atom 13  N   pos: (  0.405981  1.041499  0.397385)  para_lq sigma:         -78.64
           -74.8539         14.8265         -4.0051
            21.8933        -85.8881         -9.2372
             7.9652        -21.3557        -75.1733

     Atom 14  N   pos: (  0.091732  0.511794  1.058857)  para_lq sigma:         -78.64
           -74.8539        -14.8265         -4.0051
           -21.8933        -85.8881          9.2372
             7.9652         21.3557        -75.1733

     Atom 15  N   pos: (  0.589444  0.017912  2.515098)  para_lq sigma:         -78.64
           -74.8539         14.8265         -4.0051
            21.8933        -85.8881         -9.2372
             7.9652        -21.3557        -75.1733

     Atom 16  N   pos: (  0.903694  0.547618  1.853626)  para_lq sigma:         -78.64
           -74.8539        -14.8265         -4.0051
           -21.8933        -85.8881          9.2372
             7.9652         21.3557        -75.1733

     Atom 17  N   pos: (  0.537844 -0.013212  0.614050)  para_lq sigma:         -95.04
           -73.8684          3.3808         -8.7541
            -2.5002        -83.0968        -32.7882
           -18.0502        -22.8263       -128.1425

     Atom 18  N   pos: (  0.959869  0.516494  0.842191)  para_lq sigma:         -95.04
           -73.8684         -3.3808         -8.7541
             2.5002        -83.0968         32.7882
           -18.0502         22.8263       -128.1425

     Atom 19  N   pos: (  0.457581  1.072623  2.298432)  para_lq sigma:         -95.04
           -73.8684          3.3808         -8.7541
            -2.5002        -83.0968        -32.7882
           -18.0502        -22.8263       -128.1425

     Atom 20  N   pos: (  0.035556  0.542917  2.070291)  para_lq sigma:         -95.04
           -73.8684         -3.3808         -8.7541
             2.5002        -83.0968         32.7882
           -18.0502         22.8263       -128.1425

     Atom 21  C   pos: (  0.452278  0.831491  0.227733)  para_lq sigma:         -15.79
           -13.7361          2.0738          1.9326
             2.5017        -18.9407         -3.0658
             2.3610         -3.5775        -14.7073

     Atom 22  C   pos: (  0.045435  0.301785  1.228509)  para_lq sigma:         -15.79
           -13.7361         -2.0738          1.9326
            -2.5017        -18.9407          3.0658
             2.3610          3.5775        -14.7073

     Atom 23  C   pos: (  0.543147  0.227921  2.684750)  para_lq sigma:         -15.79
           -13.7361          2.0738          1.9326
             2.5017        -18.9407         -3.0658
             2.3610         -3.5775        -14.7073

     Atom 24  C   pos: (  0.949990  0.757627  1.683974)  para_lq sigma:         -15.79
           -13.7361         -2.0738          1.9326
            -2.5017        -18.9407          3.0658
             2.3610          3.5775        -14.7073

     Atom 25  C   pos: (  0.188529  0.144205  0.356985)  para_lq sigma:         -11.87
           -11.6859          0.2087          0.0989
            -0.0056        -11.7136         -0.5366
            -0.2823         -0.2201        -12.2200

     Atom 26  C   pos: (  0.309184  0.673910  1.099256)  para_lq sigma:         -11.87
           -11.6859         -0.2087          0.0989
             0.0056        -11.7136          0.5366
            -0.2823          0.2201        -12.2200

     Atom 27  C   pos: (  0.806896  0.915207  2.555497)  para_lq sigma:         -11.87
           -11.6859          0.2087          0.0989
            -0.0056        -11.7136         -0.5366
            -0.2823         -0.2201        -12.2200

     Atom 28  C   pos: (  0.686241  0.385501  1.813226)  para_lq sigma:         -11.87
           -11.6859         -0.2087          0.0989
             0.0056        -11.7136          0.5366
            -0.2823          0.2201        -12.2200

     Atom 29  H   pos: (  0.766753  0.713380  0.430137)  para_lq sigma:           0.00
             0.0000          0.0000          0.0000
             0.0000          0.0000          0.0000
             0.0000          0.0000          0.0000

     Atom 30  H   pos: (  0.730960  0.183674  1.026104)  para_lq sigma:           0.00
             0.0000          0.0000          0.0000
             0.0000          0.0000          0.0000
             0.0000          0.0000          0.0000

     Atom 31  H   pos: (  0.228672  0.346032  2.482345)  para_lq sigma:           0.00
             0.0000          0.0000          0.0000
             0.0000          0.0000          0.0000
             0.0000          0.0000          0.0000

     Atom 32  H   pos: (  0.264465  0.875737  1.886378)  para_lq sigma:           0.00
             0.0000          0.0000          0.0000
             0.0000          0.0000          0.0000
             0.0000          0.0000          0.0000

     Atom 33  H   pos: (  0.679384  0.532716  0.160890)  para_lq sigma:           0.00
             0.0000          0.0000          0.0000
             0.0000          0.0000          0.0000
             0.0000          0.0000          0.0000

     Atom 34  H   pos: (  0.818328  0.003010  1.295351)  para_lq sigma:           0.00
             0.0000          0.0000          0.0000
             0.0000          0.0000          0.0000
             0.0000          0.0000          0.0000

     Atom 35  H   pos: (  0.316041  0.526695  2.751592)  para_lq sigma:           0.00
             0.0000          0.0000          0.0000
             0.0000          0.0000          0.0000
             0.0000          0.0000          0.0000

     Atom 36  H   pos: (  0.177097  1.056401  1.617131)  para_lq sigma:           0.00
             0.0000          0.0000          0.0000
             0.0000          0.0000          0.0000
             0.0000          0.0000          0.0000

     Atom 37  H   pos: (  0.025741  0.075629  0.469560)  para_lq sigma:           0.00
             0.0000          0.0000          0.0000
             0.0000          0.0000          0.0000
             0.0000          0.0000          0.0000

     Atom 38  H   pos: (  0.471972  0.605335  0.986681)  para_lq sigma:           0.00
             0.0000          0.0000          0.0000
             0.0000          0.0000          0.0000
             0.0000          0.0000          0.0000

     Atom 39  H   pos: (  0.969684  0.983782  2.442922)  para_lq sigma:           0.00
             0.0000          0.0000          0.0000
             0.0000          0.0000          0.0000
             0.0000          0.0000          0.0000

     Atom 40  H   pos: (  0.523453  0.454076  1.925801)  para_lq sigma:           0.00
             0.0000          0.0000          0.0000
             0.0000          0.0000          0.0000
             0.0000          0.0000          0.0000

     Atom 41  H   pos: (  0.139297  0.139164  0.157023)  para_lq sigma:           0.00
             0.0000          0.0000          0.0000
             0.0000          0.0000          0.0000
             0.0000          0.0000          0.0000

     Atom 42  H   pos: (  0.358415  0.668870  1.299218)  para_lq sigma:           0.00
             0.0000          0.0000          0.0000
             0.0000          0.0000          0.0000
             0.0000          0.0000          0.0000

     Atom 43  H   pos: (  0.856128  0.920248  2.755459)  para_lq sigma:           0.00
             0.0000          0.0000          0.0000
             0.0000          0.0000          0.0000
             0.0000          0.0000          0.0000

     Atom 44  H   pos: (  0.637010  0.390542  1.613264)  para_lq sigma:           0.00
             0.0000          0.0000          0.0000
             0.0000          0.0000          0.0000
             0.0000          0.0000          0.0000

     Atom 45  H   pos: (  0.235752  0.334641  0.420965)  para_lq sigma:           0.00
             0.0000          0.0000          0.0000
             0.0000          0.0000          0.0000
             0.0000          0.0000          0.0000

     Atom 46  H   pos: (  0.261961  0.864347  1.035276)  para_lq sigma:           0.00
             0.0000          0.0000          0.0000
             0.0000          0.0000          0.0000
             0.0000          0.0000          0.0000

     Atom 47  H   pos: (  0.759673  0.724771  2.491517)  para_lq sigma:           0.00
             0.0000          0.0000          0.0000
             0.0000          0.0000          0.0000
             0.0000          0.0000          0.0000

     Atom 48  H   pos: (  0.733464  0.195065  1.877207)  para_lq sigma:           0.00
             0.0000          0.0000          0.0000
             0.0000          0.0000          0.0000
             0.0000          0.0000          0.0000

 
     Total NMR chemical shifts in ppm: ---------------------------------------
     (adopting the Simpson convention for anisotropy and asymmetry)-----------
 
     Atom  1  O   pos: (  0.301732  0.802913  0.051123)  Total sigma:           7.49
            18.3559        118.8898       -125.1765
            81.4853         37.4953       -159.6917
          -191.1031       -118.1665        -33.3735

     O    1    anisotropy:    397.38    eta:   -0.4172
     O    1    sigma_11=    -69.71    axis=(  0.638313 -0.759446 -0.125690)
     O    1    sigma_22=   -180.23    axis=(  0.503308  0.288208  0.814627)
     O    1    sigma_33=    272.41    axis=(  0.582441  0.583248 -0.566202)
 
     Atom  2  O   pos: (  0.195981  0.273207  1.405118)  Total sigma:           7.49
            18.3559       -118.8898       -125.1765
           -81.4853         37.4953        159.6917
          -191.1031        118.1665        -33.3735

     O    2    anisotropy:    397.38    eta:   -0.4172
     O    2    sigma_11=    -69.71    axis=( -0.638313 -0.759446  0.125690)
     O    2    sigma_22=   -180.23    axis=(  0.503308 -0.288208  0.814627)
     O    2    sigma_33=    272.41    axis=(  0.582441 -0.583248 -0.566202)
 
     Atom  3  O   pos: (  0.693693  0.256498  2.861359)  Total sigma:           7.49
            18.3559        118.8898       -125.1765
            81.4853         37.4953       -159.6917
          -191.1031       -118.1665        -33.3735

     O    3    anisotropy:    397.38    eta:   -0.4172
     O    3    sigma_11=    -69.71    axis=(  0.638313 -0.759446 -0.125690)
     O    3    sigma_22=   -180.23    axis=(  0.503308  0.288208  0.814627)
     O    3    sigma_33=    272.41    axis=(  0.582441  0.583248 -0.566202)
 
     Atom  4  O   pos: (  0.799444  0.786204  1.507364)  Total sigma:           7.49
            18.3559       -118.8898       -125.1765
           -81.4853         37.4953        159.6917
          -191.1031        118.1665        -33.3735

     O    4    anisotropy:    397.38    eta:   -0.4172
     O    4    sigma_11=    -69.71    axis=( -0.638313 -0.759446  0.125690)
     O    4    sigma_22=   -180.23    axis=(  0.503308 -0.288208  0.814627)
     O    4    sigma_33=    272.41    axis=(  0.582441 -0.583248 -0.566202)
 
     Atom  5  O   pos: (  0.470012  0.151445  0.765728)  Total sigma:        -516.74
          -139.6961        320.9021        -72.1381
           327.0369       -476.0154       -622.5625
           -66.0365       -697.7818       -934.5208

     O    5    anisotropy:  -1352.43    eta:   -0.6839
     O    5    sigma_11=   -374.23    axis=( -0.767055  0.459918 -0.447328)
     O    5    sigma_22=    242.37    axis=(  0.632474  0.659121 -0.406861)
     O    5    sigma_33=  -1418.36    axis=( -0.107720  0.595008  0.796469)
 
     Atom  6  O   pos: (  0.027700  0.681150  0.690513)  Total sigma:        -516.74
          -139.6961       -320.9021        -72.1381
          -327.0369       -476.0154        622.5625
           -66.0365        697.7818       -934.5208

     O    6    anisotropy:  -1352.43    eta:   -0.6839
     O    6    sigma_11=   -374.23    axis=( -0.767055 -0.459918 -0.447328)
     O    6    sigma_22=    242.37    axis=( -0.632474  0.659121  0.406861)
     O    6    sigma_33=  -1418.36    axis=( -0.107720 -0.595008  0.796468)
 
     Atom  7  O   pos: (  0.525413  0.907967  2.146754)  Total sigma:        -516.74
          -139.6961        320.9021        -72.1381
           327.0369       -476.0154       -622.5625
           -66.0365       -697.7818       -934.5208

     O    7    anisotropy:  -1352.43    eta:   -0.6839
     O    7    sigma_11=   -374.23    axis=( -0.767055  0.459918 -0.447328)
     O    7    sigma_22=    242.37    axis=(  0.632474  0.659121 -0.406861)
     O    7    sigma_33=  -1418.36    axis=( -0.107720  0.595008  0.796469)
 
     Atom  8  O   pos: (  0.967725  0.378261  2.221969)  Total sigma:        -516.74
          -139.6961       -320.9021        -72.1381
          -327.0369       -476.0154        622.5625
           -66.0365        697.7818       -934.5208

     O    8    anisotropy:  -1352.43    eta:   -0.6839
     O    8    sigma_11=   -374.23    axis=( -0.767055 -0.459918 -0.447328)
     O    8    sigma_22=    242.37    axis=( -0.632474  0.659121  0.406861)
     O    8    sigma_33=  -1418.36    axis=( -0.107720 -0.595008  0.796468)
 
     Atom  9  N   pos: (  0.653309  0.688145  0.275433)  Total sigma:         137.96
           164.4912        -25.3427        -47.2369
           -12.5701        155.6441        -40.3476
           -32.0704        -57.5178         93.7357

     N    9    anisotropy:   -131.98    eta:   -0.0555
     N    9    sigma_11=    179.51    axis=( -0.741013  0.670308 -0.039829)
     N    9    sigma_22=    184.39    axis=( -0.568155 -0.594260  0.569258)
     N    9    sigma_33=     49.97    axis=(  0.357910  0.444456  0.821194)
 
     Atom 10  N   pos: (  0.844403  0.158440  1.180808)  Total sigma:         137.96
           164.4912         25.3427        -47.2369
            12.5701        155.6441         40.3476
           -32.0704         57.5178         93.7357

     N   10    anisotropy:   -131.98    eta:   -0.0555
     N   10    sigma_11=    179.51    axis=( -0.741013 -0.670308 -0.039829)
     N   10    sigma_22=    184.39    axis=(  0.568155 -0.594260 -0.569258)
     N   10    sigma_33=     49.97    axis=(  0.357910 -0.444456  0.821194)
 
     Atom 11  N   pos: (  0.342116  0.371266  2.637049)  Total sigma:         137.96
           164.4912        -25.3427        -47.2369
           -12.5701        155.6441        -40.3476
           -32.0704        -57.5178         93.7357

     N   11    anisotropy:   -131.98    eta:   -0.0555
     N   11    sigma_11=    179.51    axis=( -0.741013  0.670308 -0.039829)
     N   11    sigma_22=    184.39    axis=( -0.568155 -0.594260  0.569258)
     N   11    sigma_33=     49.97    axis=(  0.357910  0.444456  0.821194)
 
     Atom 12  N   pos: (  0.151022  0.900972  1.731674)  Total sigma:         137.96
           164.4912         25.3427        -47.2369
            12.5701        155.6441         40.3476
           -32.0704         57.5178         93.7357

     N   12    anisotropy:   -131.98    eta:   -0.0555
     N   12    sigma_11=    179.51    axis=( -0.741013 -0.670308 -0.039829)
     N   12    sigma_22=    184.39    axis=(  0.568155 -0.594260 -0.569258)
     N   12    sigma_33=     49.97    axis=(  0.357910 -0.444456  0.821194)
 
     Atom 13  N   pos: (  0.405981  1.041499  0.397385)  Total sigma:         -74.00
           -34.8665        113.1537         16.2132
           185.4193       -164.9548        -73.5698
           132.5223       -198.7874        -22.1878

     N   13    anisotropy:   -396.71    eta:   -0.0917
     N   13    sigma_11=     46.10    axis=(  0.665444 -0.010886  0.746368)
     N   13    sigma_22=     70.36    axis=( -0.571029 -0.651392  0.499615)
     N   13    sigma_33=   -338.47    axis=(  0.480739 -0.758663 -0.439681)
 
     Atom 14  N   pos: (  0.091732  0.511794  1.058857)  Total sigma:         -74.00
           -34.8665       -113.1537         16.2132
          -185.4193       -164.9548         73.5698
           132.5223        198.7874        -22.1878

     N   14    anisotropy:   -396.71    eta:   -0.0917
     N   14    sigma_11=     46.10    axis=( -0.665444 -0.010886 -0.746368)
     N   14    sigma_22=     70.36    axis=( -0.571029  0.651392  0.499615)
     N   14    sigma_33=   -338.47    axis=(  0.480739  0.758663 -0.439681)
 
     Atom 15  N   pos: (  0.589444  0.017912  2.515098)  Total sigma:         -74.00
           -34.8665        113.1537         16.2132
           185.4193       -164.9548        -73.5698
           132.5223       -198.7874        -22.1878

     N   15    anisotropy:   -396.71    eta:   -0.0917
     N   15    sigma_11=     46.10    axis=(  0.665444 -0.010886  0.746368)
     N   15    sigma_22=     70.36    axis=( -0.571029 -0.651392  0.499615)
     N   15    sigma_33=   -338.47    axis=(  0.480739 -0.758663 -0.439681)
 
     Atom 16  N   pos: (  0.903694  0.547618  1.853626)  Total sigma:         -74.00
           -34.8665       -113.1537         16.2132
          -185.4193       -164.9548         73.5698
           132.5223        198.7874        -22.1878

     N   16    anisotropy:   -396.71    eta:   -0.0917
     N   16    sigma_11=     46.10    axis=( -0.665444 -0.010886 -0.746368)
     N   16    sigma_22=     70.36    axis=( -0.571029  0.651392  0.499615)
     N   16    sigma_33=   -338.47    axis=(  0.480739  0.758663 -0.439681)
 
     Atom 17  N   pos: (  0.537844 -0.013212  0.614050)  Total sigma:        -352.47
          -118.1232        138.5284        -79.6758
            62.3258       -237.1087       -398.0669
          -215.2967       -289.1852       -702.1750

     N   17    anisotropy:   -812.04    eta:   -0.5885
     N   17    sigma_11=   -241.08    axis=(  0.759353 -0.614191  0.214831)
     N   17    sigma_22=     77.50    axis=(  0.641175  0.650076 -0.407794)
     N   17    sigma_33=   -893.83    axis=(  0.110807  0.447404  0.887441)
 
     Atom 18  N   pos: (  0.959869  0.516494  0.842191)  Total sigma:        -352.47
          -118.1232       -138.5284        -79.6758
           -62.3258       -237.1087        398.0669
          -215.2967        289.1852       -702.1750

     N   18    anisotropy:   -812.04    eta:   -0.5885
     N   18    sigma_11=   -241.08    axis=(  0.759353  0.614191  0.214831)
     N   18    sigma_22=     77.50    axis=( -0.641175  0.650076  0.407794)
     N   18    sigma_33=   -893.83    axis=(  0.110807 -0.447404  0.887441)
 
     Atom 19  N   pos: (  0.457581  1.072623  2.298432)  Total sigma:        -352.47
          -118.1232        138.5284        -79.6758
            62.3258       -237.1087       -398.0669
          -215.2967       -289.1852       -702.1750

     N   19    anisotropy:   -812.04    eta:   -0.5885
     N   19    sigma_11=   -241.08    axis=(  0.759353 -0.614191  0.214831)
     N   19    sigma_22=     77.50    axis=(  0.641175  0.650076 -0.407794)
     N   19    sigma_33=   -893.83    axis=(  0.110807  0.447404  0.887441)
 
     Atom 20  N   pos: (  0.035556  0.542917  2.070291)  Total sigma:        -352.47
          -118.1232       -138.5284        -79.6758
           -62.3258       -237.1087        398.0669
          -215.2967        289.1852       -702.1750

     N   20    anisotropy:   -812.04    eta:   -0.5885
     N   20    sigma_11=   -241.08    axis=(  0.759353  0.614191  0.214831)
     N   20    sigma_22=     77.50    axis=( -0.641175  0.650076  0.407794)
     N   20    sigma_33=   -893.83    axis=(  0.110807 -0.447404  0.887441)
 
     Atom 21  C   pos: (  0.452278  0.831491  0.227733)  Total sigma:           8.48
            40.4270         33.9924         11.4797
            41.3828        -31.6454        -57.1406
            19.8518        -69.4092         16.6558

     C   21    anisotropy:   -144.28    eta:   -0.1850
     C   21    sigma_11=     47.68    axis=(  0.800364 -0.092263  0.592372)
     C   21    sigma_22=     65.47    axis=(  0.519941  0.598731 -0.609248)
     C   21    sigma_33=    -87.71    axis=(  0.298461 -0.795619 -0.527174)
 
     Atom 22  C   pos: (  0.045435  0.301785  1.228509)  Total sigma:           8.48
            40.4270        -33.9924         11.4797
           -41.3828        -31.6454         57.1406
            19.8518         69.4092         16.6558

     C   22    anisotropy:   -144.28    eta:   -0.1850
     C   22    sigma_11=     47.68    axis=(  0.800364  0.092263  0.592372)
     C   22    sigma_22=     65.47    axis=( -0.519941  0.598731  0.609248)
     C   22    sigma_33=    -87.71    axis=(  0.298461  0.795619 -0.527174)
 
     Atom 23  C   pos: (  0.543147  0.227921  2.684750)  Total sigma:           8.48
            40.4270         33.9924         11.4797
            41.3828        -31.6454        -57.1406
            19.8518        -69.4092         16.6558

     C   23    anisotropy:   -144.28    eta:   -0.1850
     C   23    sigma_11=     47.68    axis=(  0.800364 -0.092263  0.592372)
     C   23    sigma_22=     65.47    axis=(  0.519941  0.598731 -0.609248)
     C   23    sigma_33=    -87.71    axis=(  0.298461 -0.795619 -0.527174)
 
     Atom 24  C   pos: (  0.949990  0.757627  1.683974)  Total sigma:           8.48
            40.4270        -33.9924         11.4797
           -41.3828        -31.6454         57.1406
            19.8518         69.4092         16.6558

     C   24    anisotropy:   -144.28    eta:   -0.1850
     C   24    sigma_11=     47.68    axis=(  0.800364  0.092263  0.592372)
     C   24    sigma_22=     65.47    axis=( -0.519941  0.598731  0.609248)
     C   24    sigma_33=    -87.71    axis=(  0.298461  0.795619 -0.527174)
 
     Atom 25  C   pos: (  0.188529  0.144205  0.356985)  Total sigma:         140.86
           158.8968         -0.3970        -14.7776
            -1.4972        146.6421        -24.3190
           -11.8625        -25.7399        117.0292

     C   25    anisotropy:    -60.90    eta:   -0.2789
     C   25    sigma_11=    155.49    axis=( -0.676279  0.702169 -0.222723)
     C   25    sigma_22=    166.82    axis=( -0.708146 -0.536403  0.459131)
     C   25    sigma_33=    100.26    axis=(  0.202918  0.468220  0.859996)
 
     Atom 26  C   pos: (  0.309184  0.673910  1.099256)  Total sigma:         140.86
           158.8968          0.3970        -14.7776
             1.4972        146.6421         24.3190
           -11.8625         25.7399        117.0292

     C   26    anisotropy:    -60.90    eta:   -0.2789
     C   26    sigma_11=    155.49    axis=( -0.676279 -0.702169 -0.222723)
     C   26    sigma_22=    166.82    axis=(  0.708146 -0.536403 -0.459131)
     C   26    sigma_33=    100.26    axis=(  0.202918 -0.468220  0.859996)
 
     Atom 27  C   pos: (  0.806896  0.915207  2.555497)  Total sigma:         140.86
           158.8968         -0.3970        -14.7776
            -1.4972        146.6421        -24.3190
           -11.8625        -25.7399        117.0292

     C   27    anisotropy:    -60.90    eta:   -0.2789
     C   27    sigma_11=    155.49    axis=( -0.676279  0.702169 -0.222723)
     C   27    sigma_22=    166.82    axis=( -0.708146 -0.536403  0.459131)
     C   27    sigma_33=    100.26    axis=(  0.202918  0.468220  0.859996)
 
     Atom 28  C   pos: (  0.686241  0.385501  1.813226)  Total sigma:         140.86
           158.8968          0.3970        -14.7776
             1.4972        146.6421         24.3190
           -11.8625         25.7399        117.0292

     C   28    anisotropy:    -60.90    eta:   -0.2789
     C   28    sigma_11=    155.49    axis=( -0.676279 -0.702169 -0.222723)
     C   28    sigma_22=    166.82    axis=(  0.708146 -0.536403 -0.459131)
     C   28    sigma_33=    100.26    axis=(  0.202918 -0.468220  0.859996)
 
     Atom 29  H   pos: (  0.766753  0.713380  0.430137)  Total sigma:          22.02
            23.8596         -0.4892          8.5654
             5.3752         16.4349          2.2467
             9.0519         -6.3993         25.7703

     H   29    anisotropy:     17.48    eta:   -0.5515
     H   29    sigma_11=     19.41    axis=( -0.503276 -0.733014  0.457606)
     H   29    sigma_22=     12.98    axis=(  0.547454 -0.680194 -0.487473)
     H   29    sigma_33=     33.68    axis=(  0.668586  0.005185  0.743617)
 
     Atom 30  H   pos: (  0.730960  0.183674  1.026104)  Total sigma:          22.02
            23.8596          0.4892          8.5654
            -5.3752         16.4349         -2.2467
             9.0519          6.3993         25.7703

     H   30    anisotropy:     17.48    eta:   -0.5515
     H   30    sigma_11=     19.41    axis=(  0.503276 -0.733014 -0.457606)
     H   30    sigma_22=     12.98    axis=(  0.547454  0.680194 -0.487473)
     H   30    sigma_33=     33.68    axis=(  0.668586 -0.005185  0.743617)
 
     Atom 31  H   pos: (  0.228672  0.346032  2.482345)  Total sigma:          22.02
            23.8596         -0.4892          8.5654
             5.3752         16.4349          2.2467
             9.0519         -6.3993         25.7703

     H   31    anisotropy:     17.48    eta:   -0.5515
     H   31    sigma_11=     19.41    axis=( -0.503276 -0.733014  0.457606)
     H   31    sigma_22=     12.98    axis=(  0.547454 -0.680194 -0.487473)
     H   31    sigma_33=     33.68    axis=(  0.668586  0.005185  0.743617)
 
     Atom 32  H   pos: (  0.264465  0.875737  1.886378)  Total sigma:          22.02
            23.8596          0.4892          8.5654
            -5.3752         16.4349         -2.2467
             9.0519          6.3993         25.7703

     H   32    anisotropy:     17.48    eta:   -0.5515
     H   32    sigma_11=     19.41    axis=(  0.503276 -0.733014 -0.457606)
     H   32    sigma_22=     12.98    axis=(  0.547454  0.680194 -0.487473)
     H   32    sigma_33=     33.68    axis=(  0.668586 -0.005185  0.743617)
 
     Atom 33  H   pos: (  0.679384  0.532716  0.160890)  Total sigma:          21.05
            15.7864         -1.9600         -0.8040
             0.9601         28.1987         10.1343
             0.0520          2.7779         19.1616

     H   33    anisotropy:     15.80    eta:   -0.0198
     H   33    sigma_11=     15.89    axis=( -0.639588 -0.377169  0.669829)
     H   33    sigma_22=     15.68    axis=( -0.767726  0.269165 -0.581504)
     H   33    sigma_33=     31.58    axis=( -0.039031  0.886168  0.461718)
 
     Atom 34  H   pos: (  0.818328  0.003010  1.295351)  Total sigma:          21.05
            15.7864          1.9600         -0.8040
            -0.9601         28.1987        -10.1343
             0.0520         -2.7779         19.1616

     H   34    anisotropy:     15.80    eta:   -0.0198
     H   34    sigma_11=     15.89    axis=( -0.639588  0.377169  0.669829)
     H   34    sigma_22=     15.68    axis=(  0.767726  0.269165  0.581504)
     H   34    sigma_33=     31.58    axis=( -0.039031 -0.886168  0.461718)
 
     Atom 35  H   pos: (  0.316041  0.526695  2.751592)  Total sigma:          21.05
            15.7864         -1.9600         -0.8040
             0.9601         28.1987         10.1343
             0.0520          2.7779         19.1616

     H   35    anisotropy:     15.80    eta:   -0.0198
     H   35    sigma_11=     15.89    axis=( -0.639588 -0.377169  0.669829)
     H   35    sigma_22=     15.68    axis=( -0.767726  0.269165 -0.581504)
     H   35    sigma_33=     31.58    axis=( -0.039031  0.886168  0.461718)
 
     Atom 36  H   pos: (  0.177097  1.056401  1.617131)  Total sigma:          21.05
            15.7864          1.9600         -0.8040
            -0.9601         28.1987        -10.1343
             0.0520         -2.7779         19.1616

     H   36    anisotropy:     15.80    eta:   -0.0198
     H   36    sigma_11=     15.89    axis=( -0.639588  0.377169  0.669829)
     H   36    sigma_22=     15.68    axis=(  0.767726  0.269165  0.581504)
     H   36    sigma_33=     31.58    axis=( -0.039031 -0.886168  0.461718)
 
     Atom 37  H   pos: (  0.025741  0.075629  0.469560)  Total sigma:          27.92
            32.6904          0.7669         -2.9555
             6.1222         25.2175         -1.6292
            -2.9983         -2.9061         25.8663

     H   37    anisotropy:     11.22    eta:   -0.2714
     H   37    sigma_11=     25.20    axis=(  0.497539 -0.431877  0.752288)
     H   37    sigma_22=     23.17    axis=(  0.124284 -0.822810 -0.554560)
     H   37    sigma_33=     35.41    axis=( -0.858492 -0.369412  0.355705)
 
     Atom 38  H   pos: (  0.471972  0.605335  0.986681)  Total sigma:          27.92
            32.6904         -0.7669         -2.9555
            -6.1222         25.2175          1.6292
            -2.9983          2.9061         25.8663

     H   38    anisotropy:     11.22    eta:   -0.2714
     H   38    sigma_11=     25.20    axis=(  0.497539  0.431877  0.752288)
     H   38    sigma_22=     23.17    axis=( -0.124284 -0.822810  0.554560)
     H   38    sigma_33=     35.41    axis=( -0.858492  0.369412  0.355705)
 
     Atom 39  H   pos: (  0.969684  0.983782  2.442922)  Total sigma:          27.92
            32.6904          0.7669         -2.9555
             6.1222         25.2175         -1.6292
            -2.9983         -2.9061         25.8663

     H   39    anisotropy:     11.22    eta:   -0.2714
     H   39    sigma_11=     25.20    axis=(  0.497539 -0.431877  0.752288)
     H   39    sigma_22=     23.17    axis=(  0.124284 -0.822810 -0.554560)
     H   39    sigma_33=     35.41    axis=( -0.858492 -0.369412  0.355705)
 
     Atom 40  H   pos: (  0.523453  0.454076  1.925801)  Total sigma:          27.92
            32.6904         -0.7669         -2.9555
            -6.1222         25.2175          1.6292
            -2.9983          2.9061         25.8663

     H   40    anisotropy:     11.22    eta:   -0.2714
     H   40    sigma_11=     25.20    axis=(  0.497539  0.431877  0.752288)
     H   40    sigma_22=     23.17    axis=( -0.124284 -0.822810  0.554560)
     H   40    sigma_33=     35.41    axis=( -0.858492  0.369412  0.355705)
 
     Atom 41  H   pos: (  0.139297  0.139164  0.157023)  Total sigma:          25.58
            25.5497         -0.1468          1.3748
             3.1200         24.0825         -1.2918
             2.6833         -5.2047         27.1228

     H   41    anisotropy:     -7.14    eta:   -0.6263
     H   41    sigma_11=     26.47    axis=(  0.848272  0.529558 -0.001632)
     H   41    sigma_22=     29.45    axis=( -0.276437  0.440178 -0.854298)
     H   41    sigma_33=     20.83    axis=(  0.451682 -0.725129 -0.519781)
 
     Atom 42  H   pos: (  0.358415  0.668870  1.299218)  Total sigma:          25.58
            25.5497          0.1468          1.3748
            -3.1200         24.0825          1.2918
             2.6833          5.2047         27.1228

     H   42    anisotropy:     -7.14    eta:   -0.6263
     H   42    sigma_11=     26.47    axis=(  0.848272 -0.529558 -0.001632)
     H   42    sigma_22=     29.45    axis=(  0.276437  0.440178  0.854298)
     H   42    sigma_33=     20.83    axis=(  0.451682  0.725129 -0.519781)
 
     Atom 43  H   pos: (  0.856128  0.920248  2.755459)  Total sigma:          25.58
            25.5497         -0.1468          1.3748
             3.1200         24.0825         -1.2918
             2.6833         -5.2047         27.1228

     H   43    anisotropy:     -7.14    eta:   -0.6263
     H   43    sigma_11=     26.47    axis=(  0.848272  0.529558 -0.001632)
     H   43    sigma_22=     29.45    axis=( -0.276437  0.440178 -0.854298)
     H   43    sigma_33=     20.83    axis=(  0.451682 -0.725129 -0.519781)
 
     Atom 44  H   pos: (  0.637010  0.390542  1.613264)  Total sigma:          25.58
            25.5497          0.1468          1.3748
            -3.1200         24.0825          1.2918
             2.6833          5.2047         27.1228

     H   44    anisotropy:     -7.14    eta:   -0.6263
     H   44    sigma_11=     26.47    axis=(  0.848272 -0.529558 -0.001632)
     H   44    sigma_22=     29.45    axis=(  0.276437  0.440178  0.854298)
     H   44    sigma_33=     20.83    axis=(  0.451682  0.725129 -0.519781)
 
     Atom 45  H   pos: (  0.235752  0.334641  0.420965)  Total sigma:          27.29
            24.9808          1.4250         -0.2771
             1.9913         32.3322          1.4139
            -0.7736         -5.0440         24.5627

     H   45    anisotropy:      8.75    eta:   -0.0880
     H   45    sigma_11=     24.63    axis=(  0.936869 -0.262333 -0.231209)
     H   45    sigma_22=     24.12    axis=(  0.276753  0.152113  0.948825)
     H   45    sigma_33=     33.13    axis=(  0.213738  0.952913 -0.215112)
 
     Atom 46  H   pos: (  0.261961  0.864347  1.035276)  Total sigma:          27.29
            24.9808         -1.4250         -0.2771
            -1.9913         32.3322         -1.4139
            -0.7736          5.0440         24.5627

     H   46    anisotropy:      8.75    eta:   -0.0880
     H   46    sigma_11=     24.63    axis=( -0.936869 -0.262333  0.231209)
     H   46    sigma_22=     24.12    axis=(  0.276753 -0.152113  0.948825)
     H   46    sigma_33=     33.13    axis=(  0.213738 -0.952913 -0.215112)
 
     Atom 47  H   pos: (  0.759673  0.724771  2.491517)  Total sigma:          27.29
            24.9808          1.4250         -0.2771
             1.9913         32.3322          1.4139
            -0.7736         -5.0440         24.5627

     H   47    anisotropy:      8.75    eta:   -0.0880
     H   47    sigma_11=     24.63    axis=(  0.936869 -0.262333 -0.231209)
     H   47    sigma_22=     24.12    axis=(  0.276753  0.152113  0.948825)
     H   47    sigma_33=     33.13    axis=(  0.213738  0.952913 -0.215112)
 
     Atom 48  H   pos: (  0.733464  0.195065  1.877207)  Total sigma:          27.29
            24.9808         -1.4250         -0.2771
            -1.9913         32.3322         -1.4139
            -0.7736          5.0440         24.5627

     H   48    anisotropy:      8.75    eta:   -0.0880
     H   48    sigma_11=     24.63    axis=( -0.936869 -0.262333  0.231209)
     H   48    sigma_22=     24.12    axis=(  0.276753 -0.152113  0.948825)
     H   48    sigma_33=     33.13    axis=(  0.213738 -0.952913 -0.215111)
 
     Initialization:
     gipaw_setup  :      0.34s CPU      0.36s WALL (       1 calls)
 
     Linear response
     greenf       :   9110.44s CPU   9486.64s WALL (     288 calls)
     cgsolve      :   9061.66s CPU   9437.69s WALL (     288 calls)
     ch_psi       :   8884.25s CPU   9260.05s WALL (   19392 calls)
     h_psiq       :   6861.67s CPU   7234.04s WALL (   19392 calls)
 
     Apply operators
     h_psi        :   6261.98s CPU   6681.71s WALL (   27824 calls)
     apply_vel    :    124.12s CPU    124.32s WALL (     252 calls)
 
     Induced current
     j_para       :    415.36s CPU    465.35s WALL (     324 calls)
     biot_savart  :      0.05s CPU      9.95s WALL (       1 calls)
 
     Other routines
 
     General routines
     calbec       :   2174.44s CPU   2184.58s WALL (   69044 calls)
     fft          :      0.13s CPU      0.16s WALL (      32 calls)
     fftw         :   4549.15s CPU   4990.73s WALL ( 3839370 calls)
     davcio       :      0.03s CPU      1.04s WALL (     192 calls)
 
     Parallel routines
     fft_scatter  :   1133.18s CPU   1387.32s WALL ( 3839402 calls)
 
     Plugins
 
     GIPAW        :  11388.38s CPU  11899.70s WALL (       1 calls)
