
     Program QE v.6.1 (svn rev. 13369) starts on  4Nov2017 at 20: 2:23 

     This program is part of the open-source Quantum ESPRESSO suite
     for quantum simulation of materials; please cite
         "P. Giannozzi et al., J. Phys.:Condens. Matter 21 395502 (2009);
          URL http://www.quantum-espresso.org", 
     in publications or presentations arising from this work. More details at
     http://www.quantum-espresso.org/quote

     Parallel version (MPI), running on     8 processors
     R & G space division:  proc/nbgrp/npool/nimage =       8
 
     ***** This is GIPAW svn revision unknown      *****
 
     Parallelizing q-star over 1 images
     Message from routine gipaw_readin:
     *** iverbosity is obsolete, use verbosity instead ***

     Reading data from directory:
     /scratch/paruzzo/QEspresso/CCDC/CBOHAZ02/wfc/scf.save

   Info: using nr1, nr2, nr3 values from input

   Info: using nr1, nr2, nr3 values from input

     IMPORTANT: XC functional enforced from input :
     Exchange-correlation      =  SLA  PW   PBX  PBC ( 1  4  3  4 0 0)
     Any further DFT definition will be discarded
     Please, verify this is what you really want

               file C.pbe-n-kjpaw_psl.0.1.UPF: wavefunction(s)  2P renormalized
               file N.pbe-n-kjpaw_psl.0.1.UPF: wavefunction(s)  2P renormalized
               file H.pbe-kjpaw_psl.0.1.UPF: wavefunction(s)  1S renormalized
               file O.pbe-n-kjpaw_psl.0.1.UPF: wavefunction(s)  2P renormalized
 
     Parallelization info
     --------------------
     sticks:   dense  smooth     PW     G-vecs:    dense   smooth      PW
     Min         450     450    123                43395    43395    6153
     Max         451     451    124                43401    43401    6158
     Sum        3607    3607    985               347181   347181   49247
 

     Check: negative/imaginary core charge=   -0.000002    0.000000

     Subspace diagonalization in iterative solution of the eigenvalue problem:
     a serial algorithm will be used

     GIPAW projectors -----------------------------------------------
     atom=  C    l=0  rc=    1.3000  rs=    0.8667
     atom=  C    l=0  rc=    1.3000  rs=    0.8667
     atom=  C    l=1  rc=    1.4500  rs=    0.9667
     atom=  C    l=1  rc=    1.4500  rs=    0.9667
     projs nearly linearly dependent: l=0  n1,n2= 1, 2  s=  0.99877758
     projs nearly linearly dependent: l=1  n1,n2= 1, 2  s=  0.99940894
 
     atom=  N    l=0  rc=    1.3000  rs=    0.8667
     atom=  N    l=0  rc=    1.3000  rs=    0.8667
     atom=  N    l=1  rc=    1.4500  rs=    0.9667
     atom=  N    l=1  rc=    1.4500  rs=    0.9667
     projs nearly linearly dependent: l=0  n1,n2= 1, 2  s=  0.99709514
     projs nearly linearly dependent: l=1  n1,n2= 1, 2  s=  0.99857174
 
     atom=  H    l=0  rc=    1.0000  rs=    0.6667
     atom=  H    l=0  rc=    1.0000  rs=    0.6667
     projs nearly linearly dependent: l=0  n1,n2= 1, 2  s=  0.99968852
 
     atom=  O    l=0  rc=    1.3500  rs=    0.9000
     atom=  O    l=0  rc=    1.3500  rs=    0.9000
     atom=  O    l=1  rc=    1.3500  rs=    0.9000
     atom=  O    l=1  rc=    1.3500  rs=    0.9000
     projs nearly linearly dependent: l=0  n1,n2= 1, 2  s=  0.99100135
     projs nearly linearly dependent: l=1  n1,n2= 1, 2  s=  0.99790100
     -----------------------------------------------------------------
 
     alpha_pv=     45.0089 eV
 
     q-space interpolation up to   110.00 Rydberg
 
     GIPAW job: nmr                                                                             
     NMR macroscopic correction: yes
             0.6667          0.0000          0.0000
             0.0000          0.6667          0.0000
             0.0000          0.0000          0.6667

 
     Largest allocated arrays     est. size (Mb)     dimensions
        KS wavefunctions at k           7.18 Mb     (    5473,   86)
        KS wavefunctions at k+q         7.18 Mb     (    5473,   86)
        First-order wavefunctions      71.82 Mb     (    5473,   86, 10)
        First-order wavefunct (US)     43.09 Mb     (    5473,   86,  6)
        Charge/spin density             0.74 Mb     (   97200,    1)
        Induced current                 6.67 Mb     (   97200,    3,3,1)
        Induced magnetic field          6.67 Mb     (   97200,    3,3,1)
        NL pseudopotentials            20.04 Mb     (    5473,  240)
        GIPAW NL terms                 20.04 Mb     (    5473,  240)
 
     Computing the magnetic susceptibility     isolve=0    ethr=  0.1000E-13
     k-point #    1 of    12      pool #  1    cpu time:       7.7
     Rotating WFCS
     c_bands:  1 eigenvalues not converged
     Rotating WFCS
     c_bands:  1 eigenvalues not converged
     Rotating WFCS
     c_bands:  1 eigenvalues not converged
     Rotating WFCS
     c_bands:  1 eigenvalues not converged
     Rotating WFCS
     c_bands:  1 eigenvalues not converged
     Rotating WFCS
     c_bands:  1 eigenvalues not converged
     Rotating WFCS
     c_bands:  1 eigenvalues not converged
     k-point #    2 of    12      pool #  1    cpu time:     570.2
     Rotating WFCS
     Rotating WFCS
     Rotating WFCS
     Rotating WFCS
     Rotating WFCS
     Rotating WFCS
     Rotating WFCS
     k-point #    3 of    12      pool #  1    cpu time:    1076.7
     Rotating WFCS
     Rotating WFCS
     Rotating WFCS
     Rotating WFCS
     Rotating WFCS
     Rotating WFCS
     Rotating WFCS
     k-point #    4 of    12      pool #  1    cpu time:    1598.8
     Rotating WFCS
     Rotating WFCS
     Rotating WFCS
     Rotating WFCS
     Rotating WFCS
     Rotating WFCS
     Rotating WFCS
     k-point #    5 of    12      pool #  1    cpu time:    2140.7
     Rotating WFCS
     Rotating WFCS
     Rotating WFCS
     Rotating WFCS
     Rotating WFCS
     Rotating WFCS
     Rotating WFCS
     k-point #    6 of    12      pool #  1    cpu time:    2670.0
     Rotating WFCS
     Rotating WFCS
     Rotating WFCS
     Rotating WFCS
     Rotating WFCS
     Rotating WFCS
     Rotating WFCS
     k-point #    7 of    12      pool #  1    cpu time:    3225.6
     Rotating WFCS
     Rotating WFCS
     Rotating WFCS
     Rotating WFCS
     Rotating WFCS
     Rotating WFCS
     Rotating WFCS
     k-point #    8 of    12      pool #  1    cpu time:    3767.0
     Rotating WFCS
     Rotating WFCS
     Rotating WFCS
     Rotating WFCS
     Rotating WFCS
     Rotating WFCS
     Rotating WFCS
     k-point #    9 of    12      pool #  1    cpu time:    4313.0
     Rotating WFCS
     Rotating WFCS
     Rotating WFCS
     Rotating WFCS
     Rotating WFCS
     Rotating WFCS
     Rotating WFCS
     c_bands:  1 eigenvalues not converged
     k-point #   10 of    12      pool #  1    cpu time:    4945.0
     Rotating WFCS
     Rotating WFCS
     Rotating WFCS
     Rotating WFCS
     Rotating WFCS
     Rotating WFCS
     Rotating WFCS
     k-point #   11 of    12      pool #  1    cpu time:    5557.5
     Rotating WFCS
     Rotating WFCS
     Rotating WFCS
     Rotating WFCS
     Rotating WFCS
     Rotating WFCS
     Rotating WFCS
     k-point #   12 of    12      pool #  1    cpu time:    6184.5
     Rotating WFCS
     Rotating WFCS
     c_bands:  2 eigenvalues not converged
     Rotating WFCS
     c_bands:  2 eigenvalues not converged
     Rotating WFCS
     c_bands:  1 eigenvalues not converged
     Rotating WFCS
     c_bands:  1 eigenvalues not converged
     Rotating WFCS
     Rotating WFCS
     End of magnetic susceptibility calculation
 
     f-sum rule (1st term):
          -137.0691          0.0001         -0.0426
             0.0001       -137.0685          0.0001
            -0.0450          0.0001       -136.7776

     f-sum rule (2nd term):
            -2.7455         -0.0001          0.0434
            -0.0000         -2.6902         -0.0001
             0.0449         -0.0001         -2.9816

     f-sum rule (should be  -139.7589):
          -139.8146          0.0000          0.0008
             0.0000       -139.7587          0.0000
            -0.0001          0.0000       -139.7592

     chi_bare pGv (HH) in paratec units:
       -40.613520     -0.128011     -0.417434
        -0.110324    -40.760730      0.020291
        -1.560936      0.021113    -35.874111

       -40.613520     -0.128011     -0.417434
        -0.110324    -40.760730      0.020291
        -1.560936      0.021113    -35.874111

     chi_bare vGv (VV) in paratec units:
       -42.728269     -0.119303     -1.043383
        -0.115686    -42.728900      0.014978
        -1.071064      0.011787    -37.475162

       -42.728269     -0.119303     -1.043383
        -0.115686    -42.728900      0.014978
        -1.071064      0.011787    -37.475162

     chi_bare pGv (HH) in 10^{-6} cm^3/mol:
          -192.9993         -0.6083         -1.9837
            -0.5243       -193.6988          0.0964
            -7.4177          0.1003       -170.4772

     chi_bare vGv (VV) in 10^{-6} cm^3/mol:
          -203.0488         -0.5669         -4.9583
            -0.5498       -203.0518          0.0712
            -5.0898          0.0560       -178.0855

     Contributions to the NMR chemical shifts: -------------------------------
 
     Macroscopic shape contribution in ppm:                    6.78
             7.0496          0.0000          0.0000
             0.0000          7.0751          0.0000
             0.0000          0.0000          6.2269

 
     Core contribution in ppm:
 
     Atom  1  C   pos: (  0.239977  0.644548  2.011149)  core sigma:         200.51
     Atom  2  C   pos: ( -0.704378  1.859330  2.954469)  core sigma:         200.51
     Atom  3  C   pos: ( -0.216171  1.784695  1.299272)  core sigma:         200.51
     Atom  4  C   pos: (  0.728184  0.569912  0.355952)  core sigma:         200.51
     Atom  5  O   pos: (  0.016317  0.870268  2.132454)  core sigma:         271.07
     Atom  6  O   pos: ( -0.480735  2.084979  2.833031)  core sigma:         271.07
     Atom  7  O   pos: (  0.007489  1.558975  1.177967)  core sigma:         271.07
     Atom  8  O   pos: (  0.504541  0.344263  0.477391)  core sigma:         271.07
     Atom  9  N   pos: (  0.269609  0.565252  1.617131)  core sigma:         235.78
     Atom 10  N   pos: ( -0.734024  1.780030  3.348559)  core sigma:         235.78
     Atom 11  N   pos: ( -0.245802  1.863991  1.693291)  core sigma:         235.78
     Atom 12  N   pos: (  0.757830  0.649212 -0.038138)  core sigma:         235.78
     Atom 13  N   pos: ( -0.024418  0.693946  1.415118)  core sigma:         235.78
     Atom 14  N   pos: (  0.536297  1.908642  0.240123)  core sigma:         235.78
     Atom 15  N   pos: (  0.048224  1.735296  1.895304)  core sigma:         235.78
     Atom 16  N   pos: ( -0.512491  0.520601  3.070299)  core sigma:         235.78
     Atom 17  N   pos: ( -0.516988  0.476507  2.241216)  core sigma:         235.78
     Atom 18  N   pos: (  0.052665  1.691233  2.724382)  core sigma:         235.78
     Atom 19  N   pos: (  0.540795  1.952735  1.069205)  core sigma:         235.78
     Atom 20  N   pos: ( -0.028859  0.738010  0.586040)  core sigma:         235.78
     Atom 21  N   pos: ( -0.284076  0.196103  2.152298)  core sigma:         235.78
     Atom 22  N   pos: ( -0.180316  1.410957  2.813510)  core sigma:         235.78
     Atom 23  N   pos: (  0.307882  2.233140  1.158123)  core sigma:         235.78
     Atom 24  N   pos: (  0.204122  1.018285  0.496912)  core sigma:         235.78
     Atom 25  H   pos: (  0.294737  0.284894  1.575317)  core sigma:           0.00
     Atom 26  H   pos: (  0.217215  1.499596  0.079611)  core sigma:           0.00
     Atom 27  H   pos: ( -0.270930  2.144348  1.735105)  core sigma:           0.00
     Atom 28  H   pos: ( -0.193408  0.929646  3.230811)  core sigma:           0.00
     Atom 29  H   pos: ( -0.013802  0.977861  1.419076)  core sigma:           0.00
     Atom 30  H   pos: (  0.525755  2.192565  0.236184)  core sigma:           0.00
     Atom 31  H   pos: (  0.037608  1.451381  1.891346)  core sigma:           0.00
     Atom 32  H   pos: ( -0.501949  0.236678  3.074238)  core sigma:           0.00
     Atom 33  H   pos: ( -0.303945  0.630023  1.529634)  core sigma:           0.00
     Atom 34  H   pos: (  0.815833  1.844774  0.125440)  core sigma:           0.00
     Atom 35  H   pos: (  0.327751  1.799219  1.780787)  core sigma:           0.00
     Atom 36  H   pos: ( -0.792027  0.584469  3.184981)  core sigma:           0.00
     Atom 37  H   pos: ( -0.528156  0.555774  2.520140)  core sigma:           0.00
     Atom 38  H   pos: (  0.063736  1.770547  2.445427)  core sigma:           0.00
     Atom 39  H   pos: (  0.551962  1.873468  0.790282)  core sigma:           0.00
     Atom 40  H   pos: ( -0.039930  0.658696  0.864995)  core sigma:           0.00
     Atom 41  H   pos: ( -0.321378  2.418366  2.345108)  core sigma:           0.00
     Atom 42  H   pos: ( -0.143090  1.203954  2.620771)  core sigma:           0.00
     Atom 43  H   pos: (  0.345184  0.010876  0.965314)  core sigma:           0.00
     Atom 44  H   pos: (  0.166896  1.225289  0.689651)  core sigma:           0.00
     Atom 45  H   pos: ( -0.014046  0.294234  2.201160)  core sigma:           0.00
     Atom 46  H   pos: ( -0.450360  1.508958  2.764486)  core sigma:           0.00
     Atom 47  H   pos: (  0.037852  2.135009  1.109262)  core sigma:           0.00
     Atom 48  H   pos: (  0.474166  0.920285  0.545935)  core sigma:           0.00
 
     Bare contribution in ppm:
 
     Atom  1  C   pos: (  0.239977  0.644548  2.011149)  bare sigma:         -71.36
           -60.6493         11.5842         -6.1212
            13.8635        -60.5997         -1.9505
           -21.9067          7.8448        -92.8166

     Atom  2  C   pos: ( -0.704378  1.859330  2.954469)  bare sigma:         -71.38
           -60.6694        -11.5938         -6.1188
           -13.8831        -60.6198          1.9487
           -21.9159         -7.8563        -92.8447

     Atom  3  C   pos: ( -0.216171  1.784695  1.299272)  bare sigma:         -71.36
           -60.6493         11.5842         -6.1212
            13.8635        -60.5997         -1.9505
           -21.9067          7.8448        -92.8166

     Atom  4  C   pos: (  0.728184  0.569912  0.355952)  bare sigma:         -71.38
           -60.6694        -11.5938         -6.1188
           -13.8831        -60.6198          1.9487
           -21.9159         -7.8563        -92.8447

     Atom  5  O   pos: (  0.016317  0.870268  2.132454)  bare sigma:           6.55
            12.0290         74.7167         -1.4086
            58.1767         30.0553        -15.0819
           -12.7208         -8.4207        -22.4358

     Atom  6  O   pos: ( -0.480735  2.084979  2.833031)  bare sigma:           6.54
            12.0158        -74.7010         -1.3694
           -58.1552         30.0650         15.0809
           -12.7242          8.3986        -22.4708

     Atom  7  O   pos: (  0.007489  1.558975  1.177967)  bare sigma:           6.55
            12.0290         74.7167         -1.4086
            58.1767         30.0553        -15.0819
           -12.7208         -8.4207        -22.4358

     Atom  8  O   pos: (  0.504541  0.344263  0.477391)  bare sigma:           6.54
            12.0158        -74.7010         -1.3694
           -58.1552         30.0650         15.0809
           -12.7242          8.3986        -22.4708

     Atom  9  N   pos: (  0.269609  0.565252  1.617131)  bare sigma:          10.90
            11.8514          9.3546          0.6289
            10.7982         -2.8619         12.5468
             3.8811          4.8503         23.7202

     Atom 10  N   pos: ( -0.734024  1.780030  3.348559)  bare sigma:          10.88
            11.8533         -9.3640          0.6360
           -10.8089         -2.8865        -12.5652
             3.8873         -4.8572         23.6834

     Atom 11  N   pos: ( -0.245802  1.863991  1.693291)  bare sigma:          10.90
            11.8514          9.3546          0.6289
            10.7982         -2.8619         12.5468
             3.8811          4.8503         23.7202

     Atom 12  N   pos: (  0.757830  0.649212 -0.038138)  bare sigma:          10.88
            11.8533         -9.3640          0.6360
           -10.8089         -2.8865        -12.5652
             3.8873         -4.8572         23.6834

     Atom 13  N   pos: ( -0.024418  0.693946  1.415118)  bare sigma:          31.87
            45.0401          4.9684          7.2927
             3.6737         25.1099         -8.2550
             5.2377         -7.9592         25.4514

     Atom 14  N   pos: (  0.536297  1.908642  0.240123)  bare sigma:          31.85
            45.0448         -4.9640          7.2972
            -3.6776         25.0677          8.2453
             5.2353          7.9446         25.4391

     Atom 15  N   pos: (  0.048224  1.735296  1.895304)  bare sigma:          31.87
            45.0401          4.9684          7.2927
             3.6737         25.1099         -8.2550
             5.2377         -7.9592         25.4514

     Atom 16  N   pos: ( -0.512491  0.520601  3.070299)  bare sigma:          31.85
            45.0448         -4.9640          7.2972
            -3.6776         25.0677          8.2453
             5.2353          7.9446         25.4391

     Atom 17  N   pos: ( -0.516988  0.476507  2.241216)  bare sigma:           4.11
             7.8440          5.2077         13.8099
             3.6457         -3.9962         -8.8841
            10.5694         -6.1173          8.4874

     Atom 18  N   pos: (  0.052665  1.691233  2.724382)  bare sigma:           4.10
             7.8329         -5.1991         13.8098
            -3.6336         -4.0051          8.8954
            10.5673          6.1266          8.4601

     Atom 19  N   pos: (  0.540795  1.952735  1.069205)  bare sigma:           4.11
             7.8440          5.2077         13.8099
             3.6457         -3.9962         -8.8841
            10.5694         -6.1173          8.4874

     Atom 20  N   pos: ( -0.028859  0.738010  0.586040)  bare sigma:           4.10
             7.8329         -5.1991         13.8098
            -3.6336         -4.0051          8.8954
            10.5673          6.1266          8.4601

     Atom 21  N   pos: ( -0.284076  0.196103  2.152298)  bare sigma:          31.44
            39.9610          0.3026         -5.6530
            -3.6299         38.3838         -1.2901
            -9.5318          1.0466         15.9827

     Atom 22  N   pos: ( -0.180316  1.410957  2.813510)  bare sigma:          31.45
            39.9639         -0.3064         -5.6598
             3.6316         38.4070          1.2631
            -9.5403         -1.0668         15.9926

     Atom 23  N   pos: (  0.307882  2.233140  1.158123)  bare sigma:          31.44
            39.9610          0.3026         -5.6530
            -3.6299         38.3838         -1.2901
            -9.5318          1.0466         15.9827

     Atom 24  N   pos: (  0.204122  1.018285  0.496912)  bare sigma:          31.45
            39.9639         -0.3064         -5.6598
             3.6316         38.4070          1.2631
            -9.5403         -1.0668         15.9926

     Atom 25  H   pos: (  0.294737  0.284894  1.575317)  bare sigma:          15.54
             8.7857         -1.4422          1.1407
            -3.5921         21.8175          7.6041
             2.9060          4.2037         16.0058

     Atom 26  H   pos: (  0.217215  1.499596  0.079611)  bare sigma:          15.54
             8.7960          1.4340          1.1444
             3.5868         21.8248         -7.5863
             2.9088         -4.1886         16.0061

     Atom 27  H   pos: ( -0.270930  2.144348  1.735105)  bare sigma:          15.54
             8.7857         -1.4422          1.1407
            -3.5921         21.8175          7.6041
             2.9060          4.2037         16.0058

     Atom 28  H   pos: ( -0.193408  0.929646  3.230811)  bare sigma:          15.54
             8.7960          1.4340          1.1444
             3.5868         21.8248         -7.5863
             2.9088         -4.1886         16.0061

     Atom 29  H   pos: ( -0.013802  0.977861  1.419076)  bare sigma:          19.35
            13.7948          0.4134          0.1331
            -0.7625         28.6189         -4.4037
             1.4528         -3.3668         15.6420

     Atom 30  H   pos: (  0.525755  2.192565  0.236184)  bare sigma:          19.35
            13.7974         -0.4094          0.1328
             0.7674         28.6138          4.4063
             1.4531          3.3657         15.6463

     Atom 31  H   pos: (  0.037608  1.451381  1.891346)  bare sigma:          19.35
            13.7948          0.4134          0.1331
            -0.7625         28.6189         -4.4037
             1.4528         -3.3668         15.6420

     Atom 32  H   pos: ( -0.501949  0.236678  3.074238)  bare sigma:          19.35
            13.7974         -0.4094          0.1328
             0.7674         28.6138          4.4063
             1.4531          3.3657         15.6463

     Atom 33  H   pos: ( -0.303945  0.630023  1.529634)  bare sigma:          10.72
            29.2681          3.9276         -7.6183
             4.2891          0.5569         -1.2911
            -5.4295         -1.2968          2.3285

     Atom 34  H   pos: (  0.815833  1.844774  0.125440)  bare sigma:          10.70
            29.2654         -3.9269         -7.6253
            -4.2879          0.5348          1.2957
            -5.4331          1.2976          2.3123

     Atom 35  H   pos: (  0.327751  1.799219  1.780787)  bare sigma:          10.72
            29.2681          3.9276         -7.6183
             4.2891          0.5569         -1.2911
            -5.4295         -1.2968          2.3285

     Atom 36  H   pos: ( -0.792027  0.584469  3.184981)  bare sigma:          10.70
            29.2654         -3.9269         -7.6253
            -4.2879          0.5348          1.2957
            -5.4331          1.2976          2.3123

     Atom 37  H   pos: ( -0.528156  0.555774  2.520140)  bare sigma:          11.05
             4.2408         -2.1562          0.5530
            -1.4163          3.5697          4.0689
             0.4078          2.1733         25.3502

     Atom 38  H   pos: (  0.063736  1.770547  2.445427)  bare sigma:          11.05
             4.2339          2.1540          0.5544
             1.4118          3.5615         -4.0676
             0.4064         -2.1727         25.3431

     Atom 39  H   pos: (  0.551962  1.873468  0.790282)  bare sigma:          11.05
             4.2408         -2.1562          0.5530
            -1.4163          3.5697          4.0689
             0.4078          2.1733         25.3502

     Atom 40  H   pos: ( -0.039930  0.658696  0.864995)  bare sigma:          11.05
             4.2339          2.1540          0.5544
             1.4118          3.5615         -4.0676
             0.4064         -2.1727         25.3431

     Atom 41  H   pos: ( -0.321378  2.418366  2.345108)  bare sigma:          17.27
            11.8257         -0.0175         -2.0986
            -0.1074         22.1450         -8.7020
            -1.9819         -7.6063         17.8306

     Atom 42  H   pos: ( -0.143090  1.203954  2.620771)  bare sigma:          17.28
            11.8367          0.0216         -2.0975
             0.1128         22.1651          8.6965
            -1.9795          7.5999         17.8296

     Atom 43  H   pos: (  0.345184  0.010876  0.965314)  bare sigma:          17.27
            11.8257         -0.0175         -2.0986
            -0.1074         22.1450         -8.7020
            -1.9819         -7.6063         17.8306

     Atom 44  H   pos: (  0.166896  1.225289  0.689651)  bare sigma:          17.28
            11.8367          0.0216         -2.0975
             0.1128         22.1651          8.6965
            -1.9795          7.5999         17.8296

     Atom 45  H   pos: ( -0.014046  0.294234  2.201160)  bare sigma:          15.42
            26.6493          7.7540          0.8947
             5.0807         11.7737         -2.4504
             1.2484         -2.4211          7.8254

     Atom 46  H   pos: ( -0.450360  1.508958  2.764486)  bare sigma:          15.41
            26.6505         -7.7497          0.9023
            -5.0777         11.7671          2.4470
             1.2534          2.4190          7.8274

     Atom 47  H   pos: (  0.037852  2.135009  1.109262)  bare sigma:          15.42
            26.6493          7.7540          0.8947
             5.0807         11.7737         -2.4504
             1.2484         -2.4211          7.8254

     Atom 48  H   pos: (  0.474166  0.920285  0.545935)  bare sigma:          15.41
            26.6505         -7.7497          0.9023
            -5.0777         11.7671          2.4470
             1.2534          2.4190          7.8274

     Diamagnetic contribution in ppm:
 
     Atom  1  C   pos: (  0.239977  0.644548  2.011149)  dia sigma:           4.05
             4.0605          0.1079         -0.0189
             0.1079          4.0510         -0.0576
            -0.0189         -0.0576          4.0404

     Atom  2  C   pos: ( -0.704378  1.859330  2.954469)  dia sigma:           4.05
             4.0604         -0.1079         -0.0189
            -0.1079          4.0510          0.0576
            -0.0189          0.0576          4.0403

     Atom  3  C   pos: ( -0.216171  1.784695  1.299272)  dia sigma:           4.05
             4.0605          0.1079         -0.0189
             0.1079          4.0510         -0.0576
            -0.0189         -0.0576          4.0404

     Atom  4  C   pos: (  0.728184  0.569912  0.355952)  dia sigma:           4.05
             4.0604         -0.1079         -0.0189
            -0.1079          4.0510          0.0576
            -0.0189          0.0576          4.0403

     Atom  5  O   pos: (  0.016317  0.870268  2.132454)  dia sigma:          17.72
            17.9149         -0.0880         -0.3761
            -0.0880         18.0020          0.1978
            -0.3761          0.1978         17.2415

     Atom  6  O   pos: ( -0.480735  2.084979  2.833031)  dia sigma:          17.72
            17.9151          0.0875         -0.3765
             0.0875         18.0021         -0.1983
            -0.3765         -0.1983         17.2428

     Atom  7  O   pos: (  0.007489  1.558975  1.177967)  dia sigma:          17.72
            17.9149         -0.0880         -0.3761
            -0.0880         18.0020          0.1978
            -0.3761          0.1978         17.2415

     Atom  8  O   pos: (  0.504541  0.344263  0.477391)  dia sigma:          17.72
            17.9151          0.0875         -0.3765
             0.0875         18.0021         -0.1983
            -0.3765         -0.1983         17.2428

     Atom  9  N   pos: (  0.269609  0.565252  1.617131)  dia sigma:           9.47
             9.2686         -0.3454          0.3520
            -0.3454          9.4259          0.0600
             0.3520          0.0600          9.7264

     Atom 10  N   pos: ( -0.734024  1.780030  3.348559)  dia sigma:           9.47
             9.2662          0.3449          0.3521
             0.3449          9.4240         -0.0600
             0.3521         -0.0600          9.7240

     Atom 11  N   pos: ( -0.245802  1.863991  1.693291)  dia sigma:           9.47
             9.2686         -0.3454          0.3520
            -0.3454          9.4259          0.0600
             0.3520          0.0600          9.7264

     Atom 12  N   pos: (  0.757830  0.649212 -0.038138)  dia sigma:           9.47
             9.2662          0.3449          0.3521
             0.3449          9.4240         -0.0600
             0.3521         -0.0600          9.7240

     Atom 13  N   pos: ( -0.024418  0.693946  1.415118)  dia sigma:           9.44
             9.7889         -0.1686          0.3633
            -0.1686          9.5233         -0.3362
             0.3633         -0.3362          9.0203

     Atom 14  N   pos: (  0.536297  1.908642  0.240123)  dia sigma:           9.44
             9.7876          0.1689          0.3633
             0.1689          9.5216          0.3360
             0.3633          0.3360          9.0189

     Atom 15  N   pos: (  0.048224  1.735296  1.895304)  dia sigma:           9.44
             9.7889         -0.1686          0.3633
            -0.1686          9.5233         -0.3362
             0.3633         -0.3362          9.0203

     Atom 16  N   pos: ( -0.512491  0.520601  3.070299)  dia sigma:           9.44
             9.7876          0.1689          0.3633
             0.1689          9.5216          0.3360
             0.3633          0.3360          9.0189

     Atom 17  N   pos: ( -0.516988  0.476507  2.241216)  dia sigma:          10.09
            10.0316         -0.5610          0.1091
            -0.5610         10.0632          0.1545
             0.1091          0.1545         10.1902

     Atom 18  N   pos: (  0.052665  1.691233  2.724382)  dia sigma:          10.09
            10.0314          0.5609          0.1088
             0.5609         10.0624         -0.1545
             0.1088         -0.1545         10.1900

     Atom 19  N   pos: (  0.540795  1.952735  1.069205)  dia sigma:          10.09
            10.0316         -0.5610          0.1091
            -0.5610         10.0632          0.1545
             0.1091          0.1545         10.1902

     Atom 20  N   pos: ( -0.028859  0.738010  0.586040)  dia sigma:          10.09
            10.0314          0.5609          0.1088
             0.5609         10.0624         -0.1545
             0.1088         -0.1545         10.1900

     Atom 21  N   pos: ( -0.284076  0.196103  2.152298)  dia sigma:           9.49
             9.7616         -0.3161         -0.1679
            -0.3161          9.8055         -0.1525
            -0.1679         -0.1525          8.8944

     Atom 22  N   pos: ( -0.180316  1.410957  2.813510)  dia sigma:           9.49
             9.7614          0.3161         -0.1680
             0.3161          9.8051          0.1519
            -0.1680          0.1519          8.8944

     Atom 23  N   pos: (  0.307882  2.233140  1.158123)  dia sigma:           9.49
             9.7616         -0.3161         -0.1679
            -0.3161          9.8055         -0.1525
            -0.1679         -0.1525          8.8944

     Atom 24  N   pos: (  0.204122  1.018285  0.496912)  dia sigma:           9.49
             9.7614          0.3161         -0.1680
             0.3161          9.8051          0.1519
            -0.1680          0.1519          8.8944

     Atom 25  H   pos: (  0.294737  0.284894  1.575317)  dia sigma:           1.08
             1.0828         -0.0000         -0.0000
            -0.0000          1.0828          0.0000
            -0.0000          0.0000          1.0828

     Atom 26  H   pos: (  0.217215  1.499596  0.079611)  dia sigma:           1.08
             1.0829         -0.0000         -0.0000
            -0.0000          1.0829          0.0000
            -0.0000          0.0000          1.0829

     Atom 27  H   pos: ( -0.270930  2.144348  1.735105)  dia sigma:           1.08
             1.0828         -0.0000         -0.0000
            -0.0000          1.0828          0.0000
            -0.0000          0.0000          1.0828

     Atom 28  H   pos: ( -0.193408  0.929646  3.230811)  dia sigma:           1.08
             1.0829         -0.0000         -0.0000
            -0.0000          1.0829          0.0000
            -0.0000          0.0000          1.0829

     Atom 29  H   pos: ( -0.013802  0.977861  1.419076)  dia sigma:           1.11
             1.1079         -0.0000         -0.0000
            -0.0000          1.1079          0.0000
            -0.0000          0.0000          1.1079

     Atom 30  H   pos: (  0.525755  2.192565  0.236184)  dia sigma:           1.11
             1.1079         -0.0000         -0.0000
            -0.0000          1.1079          0.0000
            -0.0000          0.0000          1.1079

     Atom 31  H   pos: (  0.037608  1.451381  1.891346)  dia sigma:           1.11
             1.1079         -0.0000         -0.0000
            -0.0000          1.1079          0.0000
            -0.0000          0.0000          1.1079

     Atom 32  H   pos: ( -0.501949  0.236678  3.074238)  dia sigma:           1.11
             1.1079         -0.0000         -0.0000
            -0.0000          1.1079          0.0000
            -0.0000          0.0000          1.1079

     Atom 33  H   pos: ( -0.303945  0.630023  1.529634)  dia sigma:           0.94
             0.9369         -0.0000         -0.0000
            -0.0000          0.9369          0.0000
            -0.0000          0.0000          0.9369

     Atom 34  H   pos: (  0.815833  1.844774  0.125440)  dia sigma:           0.94
             0.9366         -0.0000         -0.0000
            -0.0000          0.9366          0.0000
            -0.0000          0.0000          0.9366

     Atom 35  H   pos: (  0.327751  1.799219  1.780787)  dia sigma:           0.94
             0.9369         -0.0000         -0.0000
            -0.0000          0.9369          0.0000
            -0.0000          0.0000          0.9369

     Atom 36  H   pos: ( -0.792027  0.584469  3.184981)  dia sigma:           0.94
             0.9366         -0.0000         -0.0000
            -0.0000          0.9366          0.0000
            -0.0000          0.0000          0.9366

     Atom 37  H   pos: ( -0.528156  0.555774  2.520140)  dia sigma:           1.01
             1.0076         -0.0000         -0.0000
            -0.0000          1.0076          0.0000
            -0.0000          0.0000          1.0076

     Atom 38  H   pos: (  0.063736  1.770547  2.445427)  dia sigma:           1.01
             1.0072         -0.0000         -0.0000
            -0.0000          1.0072          0.0000
            -0.0000          0.0000          1.0072

     Atom 39  H   pos: (  0.551962  1.873468  0.790282)  dia sigma:           1.01
             1.0076         -0.0000         -0.0000
            -0.0000          1.0076          0.0000
            -0.0000          0.0000          1.0076

     Atom 40  H   pos: ( -0.039930  0.658696  0.864995)  dia sigma:           1.01
             1.0072         -0.0000         -0.0000
            -0.0000          1.0072          0.0000
            -0.0000          0.0000          1.0072

     Atom 41  H   pos: ( -0.321378  2.418366  2.345108)  dia sigma:           1.09
             1.0899         -0.0000         -0.0000
            -0.0000          1.0899          0.0000
            -0.0000          0.0000          1.0899

     Atom 42  H   pos: ( -0.143090  1.203954  2.620771)  dia sigma:           1.09
             1.0903         -0.0000         -0.0000
            -0.0000          1.0903          0.0000
            -0.0000          0.0000          1.0903

     Atom 43  H   pos: (  0.345184  0.010876  0.965314)  dia sigma:           1.09
             1.0899         -0.0000         -0.0000
            -0.0000          1.0899          0.0000
            -0.0000          0.0000          1.0899

     Atom 44  H   pos: (  0.166896  1.225289  0.689651)  dia sigma:           1.09
             1.0903         -0.0000         -0.0000
            -0.0000          1.0903          0.0000
            -0.0000          0.0000          1.0903

     Atom 45  H   pos: ( -0.014046  0.294234  2.201160)  dia sigma:           1.07
             1.0733         -0.0000         -0.0000
            -0.0000          1.0733          0.0000
            -0.0000          0.0000          1.0733

     Atom 46  H   pos: ( -0.450360  1.508958  2.764486)  dia sigma:           1.07
             1.0734         -0.0000         -0.0000
            -0.0000          1.0734          0.0000
            -0.0000          0.0000          1.0734

     Atom 47  H   pos: (  0.037852  2.135009  1.109262)  dia sigma:           1.07
             1.0733         -0.0000         -0.0000
            -0.0000          1.0733          0.0000
            -0.0000          0.0000          1.0733

     Atom 48  H   pos: (  0.474166  0.920285  0.545935)  dia sigma:           1.07
             1.0734         -0.0000         -0.0000
            -0.0000          1.0734          0.0000
            -0.0000          0.0000          1.0734

     Paramagnetic contribution in ppm:
 
     Atom  1  C   pos: (  0.239977  0.644548  2.011149)  para sigma:        -118.52
          -107.9166         19.7482         -7.0153
            20.2702       -105.9563         -3.0100
           -23.1319          6.9797       -141.7005

     Atom  2  C   pos: ( -0.704378  1.859330  2.954469)  para sigma:        -118.55
          -107.9351        -19.7589         -7.0131
           -20.2915       -105.9767          3.0087
           -23.1414         -6.9912       -141.7303

     Atom  3  C   pos: ( -0.216171  1.784695  1.299272)  para sigma:        -118.52
          -107.9166         19.7482         -7.0153
            20.2702       -105.9563         -3.0100
           -23.1319          6.9797       -141.7005

     Atom  4  C   pos: (  0.728184  0.569912  0.355952)  para sigma:        -118.55
          -107.9351        -19.7589         -7.0131
           -20.2915       -105.9767          3.0087
           -23.1414         -6.9912       -141.7303

     Atom  5  O   pos: (  0.016317  0.870268  2.132454)  para sigma:        -125.66
          -113.8906        168.4094         -5.5897
           124.3648        -72.0244        -32.9303
           -32.5507        -16.8878       -191.0657

     Atom  6  O   pos: ( -0.480735  2.084979  2.833031)  para sigma:        -125.70
          -113.9313       -168.3815         -5.5071
          -124.3180        -72.0058         32.9212
           -32.5665         16.8356       -191.1498

     Atom  7  O   pos: (  0.007489  1.558975  1.177967)  para sigma:        -125.66
          -113.8906        168.4094         -5.5897
           124.3648        -72.0244        -32.9303
           -32.5507        -16.8878       -191.0657

     Atom  8  O   pos: (  0.504541  0.344263  0.477391)  para sigma:        -125.70
          -113.9313       -168.3815         -5.5071
          -124.3180        -72.0058         32.9212
           -32.5665         16.8356       -191.1498

     Atom  9  N   pos: (  0.269609  0.565252  1.617131)  para sigma:         -79.50
           -84.3656         18.9060         -3.4544
            22.1432        -95.6247         25.7874
            -2.5365         13.8185        -58.5023

     Atom 10  N   pos: ( -0.734024  1.780030  3.348559)  para sigma:         -79.53
           -84.3661        -18.9193         -3.4356
           -22.1583        -95.6540        -25.8111
            -2.5325        -13.8281        -58.5686

     Atom 11  N   pos: ( -0.245802  1.863991  1.693291)  para sigma:         -79.50
           -84.3656         18.9060         -3.4544
            22.1432        -95.6247         25.7874
            -2.5365         13.8185        -58.5023

     Atom 12  N   pos: (  0.757830  0.649212 -0.038138)  para sigma:         -79.53
           -84.3661        -18.9193         -3.4356
           -22.1583        -95.6540        -25.8111
            -2.5325        -13.8281        -58.5686

     Atom 13  N   pos: ( -0.024418  0.693946  1.415118)  para sigma:         -44.07
           -24.5904         12.7520          6.2470
            11.5485        -47.6112         -9.6030
             0.8596         -8.9419        -60.0103

     Atom 14  N   pos: (  0.536297  1.908642  0.240123)  para sigma:         -44.10
           -24.5886        -12.7409          6.2539
           -11.5527        -47.6768          9.5904
             0.8526          8.9205        -60.0348

     Atom 15  N   pos: (  0.048224  1.735296  1.895304)  para sigma:         -44.07
           -24.5904         12.7520          6.2470
            11.5485        -47.6112         -9.6030
             0.8596         -8.9419        -60.0103

     Atom 16  N   pos: ( -0.512491  0.520601  3.070299)  para sigma:         -44.10
           -24.5886        -12.7409          6.2539
           -11.5527        -47.6768          9.5904
             0.8526          8.9205        -60.0348

     Atom 17  N   pos: ( -0.516988  0.476507  2.241216)  para sigma:         -90.18
           -91.3748         20.1373         28.2652
            16.0635       -107.7350        -18.2534
            22.2244        -12.8307        -71.4439

     Atom 18  N   pos: (  0.052665  1.691233  2.724382)  para sigma:         -90.21
           -91.3932        -20.1276         28.2746
           -16.0508       -107.7408         18.2839
            22.2315         12.8592        -71.4952

     Atom 19  N   pos: (  0.540795  1.952735  1.069205)  para sigma:         -90.18
           -91.3748         20.1373         28.2652
            16.0635       -107.7350        -18.2534
            22.2244        -12.8307        -71.4439

     Atom 20  N   pos: ( -0.028859  0.738010  0.586040)  para sigma:         -90.21
           -91.3932        -20.1276         28.2746
           -16.0508       -107.7408         18.2839
            22.2315         12.8592        -71.4952

     Atom 21  N   pos: ( -0.284076  0.196103  2.152298)  para sigma:         -46.17
           -32.1006          7.9851         -9.4217
             2.9053        -38.6642         -3.4690
           -15.2392         -1.3841        -67.7486

     Atom 22  N   pos: ( -0.180316  1.410957  2.813510)  para sigma:         -46.16
           -32.1017         -7.9866         -9.4237
            -2.8966        -38.6275          3.4289
           -15.2468          1.3541        -67.7362

     Atom 23  N   pos: (  0.307882  2.233140  1.158123)  para sigma:         -46.17
           -32.1006          7.9851         -9.4217
             2.9053        -38.6642         -3.4690
           -15.2392         -1.3841        -67.7486

     Atom 24  N   pos: (  0.204122  1.018285  0.496912)  para sigma:         -46.16
           -32.1017         -7.9866         -9.4237
            -2.8966        -38.6275          3.4289
           -15.2468          1.3541        -67.7362

     Atom 25  H   pos: (  0.294737  0.284894  1.575317)  para sigma:           0.00
             0.0000          0.0000          0.0000
             0.0000          0.0000          0.0000
             0.0000          0.0000          0.0000

     Atom 26  H   pos: (  0.217215  1.499596  0.079611)  para sigma:           0.00
             0.0000          0.0000          0.0000
             0.0000          0.0000          0.0000
             0.0000          0.0000          0.0000

     Atom 27  H   pos: ( -0.270930  2.144348  1.735105)  para sigma:           0.00
             0.0000          0.0000          0.0000
             0.0000          0.0000          0.0000
             0.0000          0.0000          0.0000

     Atom 28  H   pos: ( -0.193408  0.929646  3.230811)  para sigma:           0.00
             0.0000          0.0000          0.0000
             0.0000          0.0000          0.0000
             0.0000          0.0000          0.0000

     Atom 29  H   pos: ( -0.013802  0.977861  1.419076)  para sigma:           0.00
             0.0000          0.0000          0.0000
             0.0000          0.0000          0.0000
             0.0000          0.0000          0.0000

     Atom 30  H   pos: (  0.525755  2.192565  0.236184)  para sigma:           0.00
             0.0000          0.0000          0.0000
             0.0000          0.0000          0.0000
             0.0000          0.0000          0.0000

     Atom 31  H   pos: (  0.037608  1.451381  1.891346)  para sigma:           0.00
             0.0000          0.0000          0.0000
             0.0000          0.0000          0.0000
             0.0000          0.0000          0.0000

     Atom 32  H   pos: ( -0.501949  0.236678  3.074238)  para sigma:           0.00
             0.0000          0.0000          0.0000
             0.0000          0.0000          0.0000
             0.0000          0.0000          0.0000

     Atom 33  H   pos: ( -0.303945  0.630023  1.529634)  para sigma:           0.00
             0.0000          0.0000          0.0000
             0.0000          0.0000          0.0000
             0.0000          0.0000          0.0000

     Atom 34  H   pos: (  0.815833  1.844774  0.125440)  para sigma:           0.00
             0.0000          0.0000          0.0000
             0.0000          0.0000          0.0000
             0.0000          0.0000          0.0000

     Atom 35  H   pos: (  0.327751  1.799219  1.780787)  para sigma:           0.00
             0.0000          0.0000          0.0000
             0.0000          0.0000          0.0000
             0.0000          0.0000          0.0000

     Atom 36  H   pos: ( -0.792027  0.584469  3.184981)  para sigma:           0.00
             0.0000          0.0000          0.0000
             0.0000          0.0000          0.0000
             0.0000          0.0000          0.0000

     Atom 37  H   pos: ( -0.528156  0.555774  2.520140)  para sigma:           0.00
             0.0000          0.0000          0.0000
             0.0000          0.0000          0.0000
             0.0000          0.0000          0.0000

     Atom 38  H   pos: (  0.063736  1.770547  2.445427)  para sigma:           0.00
             0.0000          0.0000          0.0000
             0.0000          0.0000          0.0000
             0.0000          0.0000          0.0000

     Atom 39  H   pos: (  0.551962  1.873468  0.790282)  para sigma:           0.00
             0.0000          0.0000          0.0000
             0.0000          0.0000          0.0000
             0.0000          0.0000          0.0000

     Atom 40  H   pos: ( -0.039930  0.658696  0.864995)  para sigma:           0.00
             0.0000          0.0000          0.0000
             0.0000          0.0000          0.0000
             0.0000          0.0000          0.0000

     Atom 41  H   pos: ( -0.321378  2.418366  2.345108)  para sigma:           0.00
             0.0000          0.0000          0.0000
             0.0000          0.0000          0.0000
             0.0000          0.0000          0.0000

     Atom 42  H   pos: ( -0.143090  1.203954  2.620771)  para sigma:           0.00
             0.0000          0.0000          0.0000
             0.0000          0.0000          0.0000
             0.0000          0.0000          0.0000

     Atom 43  H   pos: (  0.345184  0.010876  0.965314)  para sigma:           0.00
             0.0000          0.0000          0.0000
             0.0000          0.0000          0.0000
             0.0000          0.0000          0.0000

     Atom 44  H   pos: (  0.166896  1.225289  0.689651)  para sigma:           0.00
             0.0000          0.0000          0.0000
             0.0000          0.0000          0.0000
             0.0000          0.0000          0.0000

     Atom 45  H   pos: ( -0.014046  0.294234  2.201160)  para sigma:           0.00
             0.0000          0.0000          0.0000
             0.0000          0.0000          0.0000
             0.0000          0.0000          0.0000

     Atom 46  H   pos: ( -0.450360  1.508958  2.764486)  para sigma:           0.00
             0.0000          0.0000          0.0000
             0.0000          0.0000          0.0000
             0.0000          0.0000          0.0000

     Atom 47  H   pos: (  0.037852  2.135009  1.109262)  para sigma:           0.00
             0.0000          0.0000          0.0000
             0.0000          0.0000          0.0000
             0.0000          0.0000          0.0000

     Atom 48  H   pos: (  0.474166  0.920285  0.545935)  para sigma:           0.00
             0.0000          0.0000          0.0000
             0.0000          0.0000          0.0000
             0.0000          0.0000          0.0000

     Paramagnetic US occ-occ contribution in ppm:
 
     Atom  1  C   pos: (  0.239977  0.644548  2.011149)  para_oo sigma:          -2.11
            -1.4523          0.1225         -0.0585
             0.3148         -1.7559         -0.3338
            -0.1283         -0.3394         -3.1136

     Atom  2  C   pos: ( -0.704378  1.859330  2.954469)  para_oo sigma:          -2.11
            -1.4516         -0.1218         -0.0586
            -0.3142         -1.7552          0.3337
            -0.1283          0.3390         -3.1141

     Atom  3  C   pos: ( -0.216171  1.784695  1.299272)  para_oo sigma:          -2.11
            -1.4523          0.1225         -0.0585
             0.3148         -1.7559         -0.3338
            -0.1283         -0.3394         -3.1136

     Atom  4  C   pos: (  0.728184  0.569912  0.355952)  para_oo sigma:          -2.11
            -1.4516         -0.1218         -0.0586
            -0.3142         -1.7552          0.3337
            -0.1283          0.3390         -3.1141

     Atom  5  O   pos: (  0.016317  0.870268  2.132454)  para_oo sigma:          -3.76
            -2.5450          0.6776         -0.4485
             0.5882         -2.3935         -0.3488
             0.6363         -1.3823         -6.3551

     Atom  6  O   pos: ( -0.480735  2.084979  2.833031)  para_oo sigma:          -3.76
            -2.5437         -0.6758         -0.4481
            -0.5869         -2.3924          0.3485
             0.6368          1.3816         -6.3560

     Atom  7  O   pos: (  0.007489  1.558975  1.177967)  para_oo sigma:          -3.76
            -2.5450          0.6776         -0.4485
             0.5882         -2.3935         -0.3488
             0.6363         -1.3823         -6.3551

     Atom  8  O   pos: (  0.504541  0.344263  0.477391)  para_oo sigma:          -3.76
            -2.5437         -0.6758         -0.4481
            -0.5869         -2.3924          0.3485
             0.6368          1.3816         -6.3560

     Atom  9  N   pos: (  0.269609  0.565252  1.617131)  para_oo sigma:          -1.03
            -1.0865          0.7997         -0.3526
             0.8461         -1.2619          0.3715
            -0.1427          0.1137         -0.7381

     Atom 10  N   pos: ( -0.734024  1.780030  3.348559)  para_oo sigma:          -1.03
            -1.0860         -0.7992         -0.3524
            -0.8454         -1.2612         -0.3719
            -0.1422         -0.1137         -0.7375

     Atom 11  N   pos: ( -0.245802  1.863991  1.693291)  para_oo sigma:          -1.03
            -1.0865          0.7997         -0.3526
             0.8461         -1.2619          0.3715
            -0.1427          0.1137         -0.7381

     Atom 12  N   pos: (  0.757830  0.649212 -0.038138)  para_oo sigma:          -1.03
            -1.0860         -0.7992         -0.3524
            -0.8454         -1.2612         -0.3719
            -0.1422         -0.1137         -0.7375

     Atom 13  N   pos: ( -0.024418  0.693946  1.415118)  para_oo sigma:          -0.59
            -0.6374         -0.0791          0.0716
            -0.1451         -0.7348          0.0332
             0.0494          0.0183         -0.4014

     Atom 14  N   pos: (  0.536297  1.908642  0.240123)  para_oo sigma:          -0.59
            -0.6374          0.0792          0.0717
             0.1453         -0.7346         -0.0336
             0.0494         -0.0187         -0.4014

     Atom 15  N   pos: (  0.048224  1.735296  1.895304)  para_oo sigma:          -0.59
            -0.6374         -0.0791          0.0716
            -0.1451         -0.7348          0.0332
             0.0494          0.0183         -0.4014

     Atom 16  N   pos: ( -0.512491  0.520601  3.070299)  para_oo sigma:          -0.59
            -0.6374          0.0792          0.0717
             0.1453         -0.7346         -0.0336
             0.0494         -0.0187         -0.4014

     Atom 17  N   pos: ( -0.516988  0.476507  2.241216)  para_oo sigma:          -1.44
            -0.7773          0.5658          0.3704
             0.6972         -1.2574         -0.9108
             0.1842         -0.6019         -2.2721

     Atom 18  N   pos: (  0.052665  1.691233  2.724382)  para_oo sigma:          -1.44
            -0.7771         -0.5652          0.3706
            -0.6968         -1.2568          0.9102
             0.1842          0.6016         -2.2728

     Atom 19  N   pos: (  0.540795  1.952735  1.069205)  para_oo sigma:          -1.44
            -0.7773          0.5658          0.3704
             0.6972         -1.2574         -0.9108
             0.1842         -0.6019         -2.2721

     Atom 20  N   pos: ( -0.028859  0.738010  0.586040)  para_oo sigma:          -1.44
            -0.7771         -0.5652          0.3706
            -0.6968         -1.2568          0.9102
             0.1842          0.6016         -2.2728

     Atom 21  N   pos: ( -0.284076  0.196103  2.152298)  para_oo sigma:          -0.62
            -0.4996         -0.0641          0.0079
            -0.0519         -0.4829          0.0640
            -0.0292          0.0281         -0.8871

     Atom 22  N   pos: ( -0.180316  1.410957  2.813510)  para_oo sigma:          -0.62
            -0.4996          0.0642          0.0078
             0.0521         -0.4832         -0.0642
            -0.0292         -0.0286         -0.8872

     Atom 23  N   pos: (  0.307882  2.233140  1.158123)  para_oo sigma:          -0.62
            -0.4996         -0.0641          0.0079
            -0.0519         -0.4829          0.0640
            -0.0292          0.0281         -0.8871

     Atom 24  N   pos: (  0.204122  1.018285  0.496912)  para_oo sigma:          -0.62
            -0.4996          0.0642          0.0078
             0.0521         -0.4832         -0.0642
            -0.0292         -0.0286         -0.8872

     Atom 25  H   pos: (  0.294737  0.284894  1.575317)  para_oo sigma:           0.00
             0.0000          0.0000          0.0000
             0.0000          0.0000          0.0000
             0.0000          0.0000          0.0000

     Atom 26  H   pos: (  0.217215  1.499596  0.079611)  para_oo sigma:           0.00
             0.0000          0.0000          0.0000
             0.0000          0.0000          0.0000
             0.0000          0.0000          0.0000

     Atom 27  H   pos: ( -0.270930  2.144348  1.735105)  para_oo sigma:           0.00
             0.0000          0.0000          0.0000
             0.0000          0.0000          0.0000
             0.0000          0.0000          0.0000

     Atom 28  H   pos: ( -0.193408  0.929646  3.230811)  para_oo sigma:           0.00
             0.0000          0.0000          0.0000
             0.0000          0.0000          0.0000
             0.0000          0.0000          0.0000

     Atom 29  H   pos: ( -0.013802  0.977861  1.419076)  para_oo sigma:           0.00
             0.0000          0.0000          0.0000
             0.0000          0.0000          0.0000
             0.0000          0.0000          0.0000

     Atom 30  H   pos: (  0.525755  2.192565  0.236184)  para_oo sigma:           0.00
             0.0000          0.0000          0.0000
             0.0000          0.0000          0.0000
             0.0000          0.0000          0.0000

     Atom 31  H   pos: (  0.037608  1.451381  1.891346)  para_oo sigma:           0.00
             0.0000          0.0000          0.0000
             0.0000          0.0000          0.0000
             0.0000          0.0000          0.0000

     Atom 32  H   pos: ( -0.501949  0.236678  3.074238)  para_oo sigma:           0.00
             0.0000          0.0000          0.0000
             0.0000          0.0000          0.0000
             0.0000          0.0000          0.0000

     Atom 33  H   pos: ( -0.303945  0.630023  1.529634)  para_oo sigma:           0.00
             0.0000          0.0000          0.0000
             0.0000          0.0000          0.0000
             0.0000          0.0000          0.0000

     Atom 34  H   pos: (  0.815833  1.844774  0.125440)  para_oo sigma:           0.00
             0.0000          0.0000          0.0000
             0.0000          0.0000          0.0000
             0.0000          0.0000          0.0000

     Atom 35  H   pos: (  0.327751  1.799219  1.780787)  para_oo sigma:           0.00
             0.0000          0.0000          0.0000
             0.0000          0.0000          0.0000
             0.0000          0.0000          0.0000

     Atom 36  H   pos: ( -0.792027  0.584469  3.184981)  para_oo sigma:           0.00
             0.0000          0.0000          0.0000
             0.0000          0.0000          0.0000
             0.0000          0.0000          0.0000

     Atom 37  H   pos: ( -0.528156  0.555774  2.520140)  para_oo sigma:           0.00
             0.0000          0.0000          0.0000
             0.0000          0.0000          0.0000
             0.0000          0.0000          0.0000

     Atom 38  H   pos: (  0.063736  1.770547  2.445427)  para_oo sigma:           0.00
             0.0000          0.0000          0.0000
             0.0000          0.0000          0.0000
             0.0000          0.0000          0.0000

     Atom 39  H   pos: (  0.551962  1.873468  0.790282)  para_oo sigma:           0.00
             0.0000          0.0000          0.0000
             0.0000          0.0000          0.0000
             0.0000          0.0000          0.0000

     Atom 40  H   pos: ( -0.039930  0.658696  0.864995)  para_oo sigma:           0.00
             0.0000          0.0000          0.0000
             0.0000          0.0000          0.0000
             0.0000          0.0000          0.0000

     Atom 41  H   pos: ( -0.321378  2.418366  2.345108)  para_oo sigma:           0.00
             0.0000          0.0000          0.0000
             0.0000          0.0000          0.0000
             0.0000          0.0000          0.0000

     Atom 42  H   pos: ( -0.143090  1.203954  2.620771)  para_oo sigma:           0.00
             0.0000          0.0000          0.0000
             0.0000          0.0000          0.0000
             0.0000          0.0000          0.0000

     Atom 43  H   pos: (  0.345184  0.010876  0.965314)  para_oo sigma:           0.00
             0.0000          0.0000          0.0000
             0.0000          0.0000          0.0000
             0.0000          0.0000          0.0000

     Atom 44  H   pos: (  0.166896  1.225289  0.689651)  para_oo sigma:           0.00
             0.0000          0.0000          0.0000
             0.0000          0.0000          0.0000
             0.0000          0.0000          0.0000

     Atom 45  H   pos: ( -0.014046  0.294234  2.201160)  para_oo sigma:           0.00
             0.0000          0.0000          0.0000
             0.0000          0.0000          0.0000
             0.0000          0.0000          0.0000

     Atom 46  H   pos: ( -0.450360  1.508958  2.764486)  para_oo sigma:           0.00
             0.0000          0.0000          0.0000
             0.0000          0.0000          0.0000
             0.0000          0.0000          0.0000

     Atom 47  H   pos: (  0.037852  2.135009  1.109262)  para_oo sigma:           0.00
             0.0000          0.0000          0.0000
             0.0000          0.0000          0.0000
             0.0000          0.0000          0.0000

     Atom 48  H   pos: (  0.474166  0.920285  0.545935)  para_oo sigma:           0.00
             0.0000          0.0000          0.0000
             0.0000          0.0000          0.0000
             0.0000          0.0000          0.0000

     Paramagnetic US L_R Q_R contribution in ppm:
 
     Atom  1  C   pos: (  0.239977  0.644548  2.011149)  para_lq sigma:         -16.68
           -14.7709          0.6373         -1.4311
             0.8904        -14.6318          0.4430
            -3.1208          1.4884        -20.6503

     Atom  2  C   pos: ( -0.704378  1.859330  2.954469)  para_lq sigma:         -16.69
           -14.7715         -0.6376         -1.4315
            -0.8922        -14.6345         -0.4446
            -3.1224         -1.4907        -20.6520

     Atom  3  C   pos: ( -0.216171  1.784695  1.299272)  para_lq sigma:         -16.68
           -14.7709          0.6373         -1.4311
             0.8904        -14.6318          0.4430
            -3.1208          1.4884        -20.6503

     Atom  4  C   pos: (  0.728184  0.569912  0.355952)  para_lq sigma:         -16.69
           -14.7715         -0.6376         -1.4315
            -0.8922        -14.6345         -0.4446
            -3.1224         -1.4907        -20.6520

     Atom  5  O   pos: (  0.016317  0.870268  2.132454)  para_lq sigma:        -149.11
          -148.8221         12.9626          4.5675
            13.4527       -150.0186         -6.4033
             4.8345         -6.0304       -148.4977

     Atom  6  O   pos: ( -0.480735  2.084979  2.833031)  para_lq sigma:        -149.11
          -148.8109        -12.9574          4.5767
           -13.4476       -150.0057          6.4118
             4.8378          6.0330       -148.5056

     Atom  7  O   pos: (  0.007489  1.558975  1.177967)  para_lq sigma:        -149.11
          -148.8221         12.9626          4.5675
            13.4527       -150.0186         -6.4033
             4.8345         -6.0304       -148.4977

     Atom  8  O   pos: (  0.504541  0.344263  0.477391)  para_lq sigma:        -149.11
          -148.8109        -12.9574          4.5767
           -13.4476       -150.0057          6.4118
             4.8378          6.0330       -148.5056

     Atom  9  N   pos: (  0.269609  0.565252  1.617131)  para_lq sigma:         -65.53
           -63.2738          9.5095         -6.9435
             9.3632        -68.3233          0.4955
            -4.7921         -1.5609        -64.9950

     Atom 10  N   pos: ( -0.734024  1.780030  3.348559)  para_lq sigma:         -65.53
           -63.2751         -9.5015         -6.9487
            -9.3550        -68.3308         -0.5049
            -4.7929          1.5564        -64.9891

     Atom 11  N   pos: ( -0.245802  1.863991  1.693291)  para_lq sigma:         -65.53
           -63.2738          9.5095         -6.9435
             9.3632        -68.3233          0.4955
            -4.7921         -1.5609        -64.9950

     Atom 12  N   pos: (  0.757830  0.649212 -0.038138)  para_lq sigma:         -65.53
           -63.2751         -9.5015         -6.9487
            -9.3550        -68.3308         -0.5049
            -4.7929          1.5564        -64.9891

     Atom 13  N   pos: ( -0.024418  0.693946  1.415118)  para_lq sigma:         -64.18
           -68.5052         -0.1274         -3.4463
            -0.5170        -67.7041          4.8940
            -3.5345          4.9687        -56.3455

     Atom 14  N   pos: (  0.536297  1.908642  0.240123)  para_lq sigma:         -64.19
           -68.5065          0.1254         -3.4427
             0.5160        -67.7088         -4.8933
            -3.5306         -4.9684        -56.3521

     Atom 15  N   pos: (  0.048224  1.735296  1.895304)  para_lq sigma:         -64.18
           -68.5052         -0.1274         -3.4463
            -0.5170        -67.7041          4.8940
            -3.5345          4.9687        -56.3455

     Atom 16  N   pos: ( -0.512491  0.520601  3.070299)  para_lq sigma:         -64.19
           -68.5065          0.1254         -3.4427
             0.5160        -67.7088         -4.8933
            -3.5306         -4.9684        -56.3521

     Atom 17  N   pos: ( -0.516988  0.476507  2.241216)  para_lq sigma:         -66.74
           -62.9479         11.3498         -0.0844
            11.3648        -65.5912         -5.7254
            -0.1978         -5.3688        -71.6950

     Atom 18  N   pos: (  0.052665  1.691233  2.724382)  para_lq sigma:         -66.74
           -62.9506        -11.3476         -0.0806
           -11.3630        -65.5831          5.7260
            -0.1936          5.3699        -71.6978

     Atom 19  N   pos: (  0.540795  1.952735  1.069205)  para_lq sigma:         -66.74
           -62.9479         11.3498         -0.0844
            11.3648        -65.5912         -5.7254
            -0.1978         -5.3688        -71.6950

     Atom 20  N   pos: ( -0.028859  0.738010  0.586040)  para_lq sigma:         -66.74
           -62.9506        -11.3476         -0.0806
           -11.3630        -65.5831          5.7260
            -0.1936          5.3699        -71.6978

     Atom 21  N   pos: ( -0.284076  0.196103  2.152298)  para_lq sigma:         -63.37
           -67.0026          2.1299          3.0606
             2.0874        -67.3816          3.2414
             2.6678          3.5457        -55.7180

     Atom 22  N   pos: ( -0.180316  1.410957  2.813510)  para_lq sigma:         -63.36
           -66.9959         -2.1317          3.0590
            -2.0884        -67.3743         -3.2336
             2.6667         -3.5377        -55.7168

     Atom 23  N   pos: (  0.307882  2.233140  1.158123)  para_lq sigma:         -63.37
           -67.0026          2.1299          3.0606
             2.0874        -67.3816          3.2414
             2.6678          3.5457        -55.7180

     Atom 24  N   pos: (  0.204122  1.018285  0.496912)  para_lq sigma:         -63.36
           -66.9959         -2.1317          3.0590
            -2.0884        -67.3743         -3.2336
             2.6667         -3.5377        -55.7168

     Atom 25  H   pos: (  0.294737  0.284894  1.575317)  para_lq sigma:           0.00
             0.0000          0.0000          0.0000
             0.0000          0.0000          0.0000
             0.0000          0.0000          0.0000

     Atom 26  H   pos: (  0.217215  1.499596  0.079611)  para_lq sigma:           0.00
             0.0000          0.0000          0.0000
             0.0000          0.0000          0.0000
             0.0000          0.0000          0.0000

     Atom 27  H   pos: ( -0.270930  2.144348  1.735105)  para_lq sigma:           0.00
             0.0000          0.0000          0.0000
             0.0000          0.0000          0.0000
             0.0000          0.0000          0.0000

     Atom 28  H   pos: ( -0.193408  0.929646  3.230811)  para_lq sigma:           0.00
             0.0000          0.0000          0.0000
             0.0000          0.0000          0.0000
             0.0000          0.0000          0.0000

     Atom 29  H   pos: ( -0.013802  0.977861  1.419076)  para_lq sigma:           0.00
             0.0000          0.0000          0.0000
             0.0000          0.0000          0.0000
             0.0000          0.0000          0.0000

     Atom 30  H   pos: (  0.525755  2.192565  0.236184)  para_lq sigma:           0.00
             0.0000          0.0000          0.0000
             0.0000          0.0000          0.0000
             0.0000          0.0000          0.0000

     Atom 31  H   pos: (  0.037608  1.451381  1.891346)  para_lq sigma:           0.00
             0.0000          0.0000          0.0000
             0.0000          0.0000          0.0000
             0.0000          0.0000          0.0000

     Atom 32  H   pos: ( -0.501949  0.236678  3.074238)  para_lq sigma:           0.00
             0.0000          0.0000          0.0000
             0.0000          0.0000          0.0000
             0.0000          0.0000          0.0000

     Atom 33  H   pos: ( -0.303945  0.630023  1.529634)  para_lq sigma:           0.00
             0.0000          0.0000          0.0000
             0.0000          0.0000          0.0000
             0.0000          0.0000          0.0000

     Atom 34  H   pos: (  0.815833  1.844774  0.125440)  para_lq sigma:           0.00
             0.0000          0.0000          0.0000
             0.0000          0.0000          0.0000
             0.0000          0.0000          0.0000

     Atom 35  H   pos: (  0.327751  1.799219  1.780787)  para_lq sigma:           0.00
             0.0000          0.0000          0.0000
             0.0000          0.0000          0.0000
             0.0000          0.0000          0.0000

     Atom 36  H   pos: ( -0.792027  0.584469  3.184981)  para_lq sigma:           0.00
             0.0000          0.0000          0.0000
             0.0000          0.0000          0.0000
             0.0000          0.0000          0.0000

     Atom 37  H   pos: ( -0.528156  0.555774  2.520140)  para_lq sigma:           0.00
             0.0000          0.0000          0.0000
             0.0000          0.0000          0.0000
             0.0000          0.0000          0.0000

     Atom 38  H   pos: (  0.063736  1.770547  2.445427)  para_lq sigma:           0.00
             0.0000          0.0000          0.0000
             0.0000          0.0000          0.0000
             0.0000          0.0000          0.0000

     Atom 39  H   pos: (  0.551962  1.873468  0.790282)  para_lq sigma:           0.00
             0.0000          0.0000          0.0000
             0.0000          0.0000          0.0000
             0.0000          0.0000          0.0000

     Atom 40  H   pos: ( -0.039930  0.658696  0.864995)  para_lq sigma:           0.00
             0.0000          0.0000          0.0000
             0.0000          0.0000          0.0000
             0.0000          0.0000          0.0000

     Atom 41  H   pos: ( -0.321378  2.418366  2.345108)  para_lq sigma:           0.00
             0.0000          0.0000          0.0000
             0.0000          0.0000          0.0000
             0.0000          0.0000          0.0000

     Atom 42  H   pos: ( -0.143090  1.203954  2.620771)  para_lq sigma:           0.00
             0.0000          0.0000          0.0000
             0.0000          0.0000          0.0000
             0.0000          0.0000          0.0000

     Atom 43  H   pos: (  0.345184  0.010876  0.965314)  para_lq sigma:           0.00
             0.0000          0.0000          0.0000
             0.0000          0.0000          0.0000
             0.0000          0.0000          0.0000

     Atom 44  H   pos: (  0.166896  1.225289  0.689651)  para_lq sigma:           0.00
             0.0000          0.0000          0.0000
             0.0000          0.0000          0.0000
             0.0000          0.0000          0.0000

     Atom 45  H   pos: ( -0.014046  0.294234  2.201160)  para_lq sigma:           0.00
             0.0000          0.0000          0.0000
             0.0000          0.0000          0.0000
             0.0000          0.0000          0.0000

     Atom 46  H   pos: ( -0.450360  1.508958  2.764486)  para_lq sigma:           0.00
             0.0000          0.0000          0.0000
             0.0000          0.0000          0.0000
             0.0000          0.0000          0.0000

     Atom 47  H   pos: (  0.037852  2.135009  1.109262)  para_lq sigma:           0.00
             0.0000          0.0000          0.0000
             0.0000          0.0000          0.0000
             0.0000          0.0000          0.0000

     Atom 48  H   pos: (  0.474166  0.920285  0.545935)  para_lq sigma:           0.00
             0.0000          0.0000          0.0000
             0.0000          0.0000          0.0000
             0.0000          0.0000          0.0000

 
     Total NMR chemical shifts in ppm: ---------------------------------------
     (adopting the Simpson convention for anisotropy and asymmetry)-----------
 
     Atom  1  C   pos: (  0.239977  0.644548  2.011149)  Total sigma:           2.67
            26.8310         32.2000        -14.6451
            35.4467         28.6924         -4.9089
           -48.3066         15.9159        -47.5037

     C    1    anisotropy:    -97.72    eta:   -0.9062
     C    1    sigma_11=      5.73    axis=( -0.557791  0.724616  0.404723)
     C    1    sigma_22=     64.76    axis=(  0.731507  0.659585 -0.172757)
     C    1    sigma_33=    -62.47    axis=(  0.392132 -0.199695  0.897973)
 
     Atom  2  C   pos: ( -0.704378  1.859330  2.954469)  Total sigma:           2.63
            26.7923        -32.2200        -14.6408
           -35.4888         28.6500          4.9041
           -48.3270        -15.9416        -47.5639

     C    2    anisotropy:    -97.76    eta:   -0.9065
     C    2    sigma_11=      5.67    axis=(  0.557743  0.724526 -0.404950)
     C    2    sigma_22=     64.75    axis=(  0.731508 -0.659613 -0.172646)
     C    2    sigma_33=    -62.54    axis=(  0.392197  0.199932  0.897891)
 
     Atom  3  C   pos: ( -0.216171  1.784695  1.299272)  Total sigma:           2.67
            26.8310         32.2000        -14.6451
            35.4467         28.6924         -4.9089
           -48.3066         15.9159        -47.5037

     C    3    anisotropy:    -97.72    eta:   -0.9062
     C    3    sigma_11=      5.73    axis=( -0.557791  0.724616  0.404723)
     C    3    sigma_22=     64.76    axis=(  0.731507  0.659585 -0.172757)
     C    3    sigma_33=    -62.47    axis=(  0.392132 -0.199695  0.897973)
 
     Atom  4  C   pos: (  0.728184  0.569912  0.355952)  Total sigma:           2.63
            26.7923        -32.2200        -14.6408
           -35.4888         28.6500          4.9041
           -48.3270        -15.9416        -47.5639

     C    4    anisotropy:    -97.76    eta:   -0.9065
     C    4    sigma_11=      5.67    axis=(  0.557743  0.724526 -0.404950)
     C    4    sigma_22=     64.75    axis=(  0.731508 -0.659613 -0.172646)
     C    4    sigma_33=    -62.54    axis=(  0.392197  0.199932  0.897891)
 
     Atom  5  O   pos: (  0.016317  0.870268  2.132454)  Total sigma:          23.59
            42.8107        256.6783         -3.2555
           196.4945        101.7708        -54.5665
           -40.1769        -32.5236        -73.8111

     O    5    anisotropy:    424.53    eta:   -0.2843
     O    5    sigma_11=    -77.69    axis=(  0.196943 -0.010782  0.980356)
     O    5    sigma_22=   -158.15    axis=( -0.731804  0.663815  0.154313)
     O    5    sigma_33=    306.61    axis=( -0.652439 -0.747819  0.122843)
 
     Atom  6  O   pos: ( -0.480735  2.084979  2.833031)  Total sigma:          23.55
            42.7695       -256.6281         -3.1245
          -196.4201        101.8132         54.5642
           -40.1925         32.4505        -73.9377

     O    6    anisotropy:    424.48    eta:   -0.2838
     O    6    sigma_11=    -77.80    axis=(  0.197175  0.011216  0.980304)
     O    6    sigma_22=   -158.10    axis=(  0.731800  0.663710 -0.154785)
     O    6    sigma_33=    306.54    axis=( -0.652373  0.747906  0.122659)
 
     Atom  7  O   pos: (  0.007489  1.558975  1.177967)  Total sigma:          23.59
            42.8107        256.6783         -3.2555
           196.4945        101.7708        -54.5665
           -40.1769        -32.5236        -73.8111

     O    7    anisotropy:    424.53    eta:   -0.2843
     O    7    sigma_11=    -77.69    axis=(  0.196943 -0.010782  0.980356)
     O    7    sigma_22=   -158.15    axis=( -0.731804  0.663815  0.154313)
     O    7    sigma_33=    306.61    axis=( -0.652439 -0.747819  0.122843)
 
     Atom  8  O   pos: (  0.504541  0.344263  0.477391)  Total sigma:          23.55
            42.7695       -256.6281         -3.1245
          -196.4201        101.8132         54.5642
           -40.1925         32.4505        -73.9377

     O    8    anisotropy:    424.48    eta:   -0.2838
     O    8    sigma_11=    -77.80    axis=(  0.197175  0.011216  0.980304)
     O    8    sigma_22=   -158.10    axis=(  0.731800  0.663710 -0.154785)
     O    8    sigma_33=    306.54    axis=( -0.652373  0.747906  0.122659)
 
     Atom  9  N   pos: (  0.269609  0.565252  1.617131)  Total sigma:         116.88
           115.2198         38.2243         -9.7695
            42.8052         84.2055         39.2612
            -3.2382         17.2816        151.2142

     N    9    anisotropy:   -101.64    eta:   -0.3778
     N    9    sigma_11=    137.96    axis=(  0.815280  0.388740 -0.429185)
     N    9    sigma_22=    163.56    axis=(  0.248185  0.435066  0.865518)
     N    9    sigma_33=     49.12    axis=( -0.523185  0.812157 -0.258221)
 
     Atom 10  N   pos: ( -0.734024  1.780030  3.348559)  Total sigma:         116.83
           115.2181        -38.2391         -9.7486
           -42.8227         84.1428        -39.3130
            -3.2280        -17.3026        151.1153

     N   10    anisotropy:   -101.67    eta:   -0.3776
     N   10    sigma_11=    137.92    axis=(  0.815043 -0.387572 -0.430689)
     N   10    sigma_22=    163.51    axis=( -0.249648  0.435885 -0.864685)
     N   10    sigma_33=     49.04    axis=( -0.522858 -0.812276 -0.258508)
 
     Atom 11  N   pos: ( -0.245802  1.863991  1.693291)  Total sigma:         116.88
           115.2198         38.2243         -9.7695
            42.8052         84.2055         39.2612
            -3.2382         17.2816        151.2142

     N   11    anisotropy:   -101.64    eta:   -0.3778
     N   11    sigma_11=    137.96    axis=(  0.815280  0.388740 -0.429185)
     N   11    sigma_22=    163.56    axis=(  0.248185  0.435066  0.865518)
     N   11    sigma_33=     49.12    axis=( -0.523185  0.812157 -0.258221)
 
     Atom 12  N   pos: (  0.757830  0.649212 -0.038138)  Total sigma:         116.83
           115.2181        -38.2391         -9.7486
           -42.8227         84.1428        -39.3130
            -3.2280        -17.3026        151.1153

     N   12    anisotropy:   -101.67    eta:   -0.3776
     N   12    sigma_11=    137.92    axis=(  0.815043 -0.387572 -0.430689)
     N   12    sigma_22=    163.51    axis=( -0.249648  0.435885 -0.864685)
     N   12    sigma_33=     49.04    axis=( -0.522858 -0.812276 -0.258508)
 
     Atom 13  N   pos: ( -0.024418  0.693946  1.415118)  Total sigma:         175.02
           203.9218         17.3453         10.5283
            14.3915        161.4344        -13.2669
             2.9755        -12.2503        159.7175

     N   13    anisotropy:     51.44    eta:   -0.8353
     N   13    sigma_11=    172.20    axis=(  0.163375 -0.644433  0.747004)
     N   13    sigma_22=    143.55    axis=( -0.258833  0.702656  0.662782)
     N   13    sigma_33=    209.32    axis=( -0.952005 -0.301631 -0.052005)
 
     Atom 14  N   pos: (  0.536297  1.908642  0.240123)  Total sigma:         174.97
           203.9256        -17.3314         10.5434
           -14.4001        161.3204         13.2449
             2.9699         12.2140        159.6728

     N   14    anisotropy:     51.51    eta:   -0.8328
     N   14    sigma_11=    172.10    axis=(  0.162288  0.643924  0.747680)
     N   14    sigma_22=    143.51    axis=(  0.258744  0.703440 -0.661985)
     N   14    sigma_33=    209.31    axis=( -0.952215  0.300890 -0.052452)
 
     Atom 15  N   pos: (  0.048224  1.735296  1.895304)  Total sigma:         175.02
           203.9218         17.3453         10.5283
            14.3915        161.4344        -13.2669
             2.9755        -12.2503        159.7175

     N   15    anisotropy:     51.44    eta:   -0.8353
     N   15    sigma_11=    172.20    axis=(  0.163375 -0.644433  0.747004)
     N   15    sigma_22=    143.55    axis=( -0.258833  0.702656  0.662782)
     N   15    sigma_33=    209.32    axis=( -0.952005 -0.301631 -0.052005)
 
     Atom 16  N   pos: ( -0.512491  0.520601  3.070299)  Total sigma:         174.97
           203.9256        -17.3314         10.5434
           -14.4001        161.3204         13.2449
             2.9699         12.2140        159.6728

     N   16    anisotropy:     51.51    eta:   -0.8328
     N   16    sigma_11=    172.10    axis=(  0.162288  0.643924  0.747680)
     N   16    sigma_22=    143.51    axis=(  0.258744  0.703440 -0.661985)
     N   16    sigma_33=    209.31    axis=( -0.952215  0.300890 -0.052452)
 
     Atom 17  N   pos: ( -0.516988  0.476507  2.241216)  Total sigma:          98.40
           105.6012         36.6997         42.4703
            31.2102         74.3347        -33.6192
            32.8894        -24.7643        115.2696

     N   17    anisotropy:   -104.70    eta:   -0.4335
     N   17    sigma_11=    118.17    axis=(  0.517199  0.714433 -0.471265)
     N   17    sigma_22=    148.43    axis=(  0.665303  0.010781  0.746495)
     N   17    sigma_33=     28.60    axis=(  0.538402 -0.699621 -0.469739)
 
     Atom 18  N   pos: (  0.052665  1.691233  2.724382)  Total sigma:          98.36
           105.5691        -36.6786         42.4832
           -31.1833         74.3280         33.6609
            32.8982         24.8027        115.1875

     N   18    anisotropy:   -104.70    eta:   -0.4331
     N   18    sigma_11=    118.15    axis=(  0.517334 -0.714668 -0.470761)
     N   18    sigma_22=    148.38    axis=( -0.665288  0.010152 -0.746518)
     N   18    sigma_33=     28.56    axis=(  0.538292  0.699390 -0.470208)
 
     Atom 19  N   pos: (  0.540795  1.952735  1.069205)  Total sigma:          98.40
           105.6012         36.6997         42.4703
            31.2102         74.3347        -33.6192
            32.8894        -24.7643        115.2696

     N   19    anisotropy:   -104.70    eta:   -0.4335
     N   19    sigma_11=    118.17    axis=(  0.517199  0.714433 -0.471265)
     N   19    sigma_22=    148.43    axis=(  0.665303  0.010781  0.746495)
     N   19    sigma_33=     28.60    axis=(  0.538402 -0.699621 -0.469739)
 
     Atom 20  N   pos: ( -0.028859  0.738010  0.586040)  Total sigma:          98.36
           105.5691        -36.6786         42.4832
           -31.1833         74.3280         33.6609
            32.8982         24.8027        115.1875

     N   20    anisotropy:   -104.70    eta:   -0.4331
     N   20    sigma_11=    118.15    axis=(  0.517334 -0.714668 -0.470761)
     N   20    sigma_22=    148.38    axis=( -0.665288  0.010152 -0.746518)
     N   20    sigma_33=     28.56    axis=(  0.538292  0.699390 -0.470208)
 
     Atom 21  N   pos: ( -0.284076  0.196103  2.152298)  Total sigma:         173.33
           192.9455         10.0375        -12.1741
             0.9948        184.5118         -1.6062
           -22.3002          3.0838        142.5265

     N   21    anisotropy:    -54.37    eta:   -0.4683
     N   21    sigma_11=    182.96    axis=(  0.284698 -0.948532 -0.138686)
     N   21    sigma_22=    199.94    axis=(  0.910813  0.312771 -0.269432)
     N   21    sigma_33=    137.08    axis=(  0.298942 -0.049611  0.952981)
 
     Atom 22  N   pos: ( -0.180316  1.410957  2.813510)  Total sigma:         173.36
           192.9539        -10.0444        -12.1848
            -0.9852        184.5784          1.5461
           -22.3175         -3.1271        142.5499

     N   22    anisotropy:    -54.41    eta:   -0.4662
     N   22    sigma_11=    183.04    axis=(  0.284483  0.948445 -0.139721)
     N   22    sigma_22=    199.95    axis=( -0.910783  0.312875  0.269414)
     N   22    sigma_33=    137.09    axis=(  0.299239  0.050612  0.952835)
 
     Atom 23  N   pos: (  0.307882  2.233140  1.158123)  Total sigma:         173.33
           192.9455         10.0375        -12.1741
             0.9948        184.5118         -1.6062
           -22.3002          3.0838        142.5265

     N   23    anisotropy:    -54.37    eta:   -0.4683
     N   23    sigma_11=    182.96    axis=(  0.284698 -0.948532 -0.138686)
     N   23    sigma_22=    199.94    axis=(  0.910813  0.312771 -0.269432)
     N   23    sigma_33=    137.08    axis=(  0.298942 -0.049611  0.952981)
 
     Atom 24  N   pos: (  0.204122  1.018285  0.496912)  Total sigma:         173.36
           192.9539        -10.0444        -12.1848
            -0.9852        184.5784          1.5461
           -22.3175         -3.1271        142.5499

     N   24    anisotropy:    -54.41    eta:   -0.4662
     N   24    sigma_11=    183.04    axis=(  0.284483  0.948445 -0.139721)
     N   24    sigma_22=    199.95    axis=( -0.910783  0.312875  0.269414)
     N   24    sigma_33=    137.09    axis=(  0.299239  0.050612  0.952835)
 
     Atom 25  H   pos: (  0.294737  0.284894  1.575317)  Total sigma:          23.40
            16.9181         -1.4422          1.1407
            -3.5921         29.9755          7.6041
             2.9060          4.2037         23.3156

     H   25    anisotropy:     15.16    eta:   -0.6667
     H   25    sigma_11=     21.72    axis=(  0.522446 -0.384815  0.760900)
     H   25    sigma_22=     14.98    axis=( -0.849608 -0.310519  0.426314)
     H   25    sigma_33=     33.51    axis=( -0.072222  0.869192  0.489171)
 
     Atom 26  H   pos: (  0.217215  1.499596  0.079611)  Total sigma:          23.41
            16.9285          1.4340          1.1444
             3.5868         29.9828         -7.5863
             2.9088         -4.1886         23.3159

     H   26    anisotropy:     15.13    eta:   -0.6677
     H   26    sigma_11=     21.73    axis=(  0.522063  0.384449  0.761347)
     H   26    sigma_22=     15.00    axis=(  0.849862 -0.309843 -0.426301)
     H   26    sigma_33=     33.50    axis=( -0.072006 -0.869596  0.488486)
 
     Atom 27  H   pos: ( -0.270930  2.144348  1.735105)  Total sigma:          23.40
            16.9181         -1.4422          1.1407
            -3.5921         29.9755          7.6041
             2.9060          4.2037         23.3156

     H   27    anisotropy:     15.16    eta:   -0.6667
     H   27    sigma_11=     21.72    axis=(  0.522446 -0.384815  0.760900)
     H   27    sigma_22=     14.98    axis=( -0.849608 -0.310519  0.426314)
     H   27    sigma_33=     33.51    axis=( -0.072222  0.869192  0.489171)
 
     Atom 28  H   pos: ( -0.193408  0.929646  3.230811)  Total sigma:          23.41
            16.9285          1.4340          1.1444
             3.5868         29.9828         -7.5863
             2.9088         -4.1886         23.3159

     H   28    anisotropy:     15.13    eta:   -0.6677
     H   28    sigma_11=     21.73    axis=(  0.522063  0.384449  0.761347)
     H   28    sigma_22=     15.00    axis=(  0.849862 -0.309843 -0.426301)
     H   28    sigma_33=     33.50    axis=( -0.072006 -0.869596  0.488486)
 
     Atom 29  H   pos: ( -0.013802  0.977861  1.419076)  Total sigma:          27.24
            21.9523          0.4134          0.1331
            -0.7625         36.8020         -4.4037
             1.4528         -3.3668         22.9768

     H   29    anisotropy:     15.88    eta:   -0.1366
     H   29    sigma_11=     22.67    axis=(  0.702953  0.196660  0.683507)
     H   29    sigma_22=     21.23    axis=(  0.710853 -0.162744 -0.684253)
     H   29    sigma_33=     37.83    axis=(  0.023328 -0.966871  0.254198)
 
     Atom 30  H   pos: (  0.525755  2.192565  0.236184)  Total sigma:          27.24
            21.9548         -0.4094          0.1328
             0.7674         36.7968          4.4063
             1.4531          3.3657         22.9812

     H   30    anisotropy:     15.87    eta:   -0.1364
     H   30    sigma_11=     22.68    axis=(  0.702691 -0.197052  0.683663)
     H   30    sigma_22=     21.23    axis=( -0.711103 -0.162612  0.684025)
     H   30    sigma_33=     37.82    axis=(  0.023617  0.966813  0.254390)
 
     Atom 31  H   pos: (  0.037608  1.451381  1.891346)  Total sigma:          27.24
            21.9523          0.4134          0.1331
            -0.7625         36.8020         -4.4037
             1.4528         -3.3668         22.9768

     H   31    anisotropy:     15.88    eta:   -0.1366
     H   31    sigma_11=     22.67    axis=(  0.702953  0.196660  0.683507)
     H   31    sigma_22=     21.23    axis=(  0.710853 -0.162744 -0.684253)
     H   31    sigma_33=     37.83    axis=(  0.023328 -0.966871  0.254198)
 
     Atom 32  H   pos: ( -0.501949  0.236678  3.074238)  Total sigma:          27.24
            21.9548         -0.4094          0.1328
             0.7674         36.7968          4.4063
             1.4531          3.3657         22.9812

     H   32    anisotropy:     15.87    eta:   -0.1364
     H   32    sigma_11=     22.68    axis=(  0.702691 -0.197053  0.683663)
     H   32    sigma_22=     21.23    axis=( -0.711103 -0.162612  0.684025)
     H   32    sigma_33=     37.82    axis=(  0.023617  0.966813  0.254390)
 
     Atom 33  H   pos: ( -0.303945  0.630023  1.529634)  Total sigma:          18.44
            37.2546          3.9276         -7.6183
             4.2891          8.5689         -1.2911
            -5.4295         -1.2968          9.4923

     H   33    anisotropy:     31.31    eta:   -0.0350
     H   33    sigma_11=      8.37    axis=(  0.253064 -0.667903  0.699903)
     H   33    sigma_22=      7.64    axis=( -0.048422 -0.731290 -0.680346)
     H   33    sigma_33=     39.31    axis=( -0.966237 -0.138280  0.217404)
 
     Atom 34  H   pos: (  0.815833  1.844774  0.125440)  Total sigma:          18.42
            37.2516         -3.9269         -7.6253
            -4.2879          8.5466          1.2957
            -5.4331          1.2976          9.4759

     H   34    anisotropy:     31.33    eta:   -0.0353
     H   34    sigma_11=      8.35    axis=(  0.253158  0.666256  0.701437)
     H   34    sigma_22=      7.61    axis=(  0.047970 -0.732809  0.678741)
     H   34    sigma_33=     39.31    axis=( -0.966235  0.138181  0.217477)
 
     Atom 35  H   pos: (  0.327751  1.799219  1.780787)  Total sigma:          18.44
            37.2546          3.9276         -7.6183
             4.2891          8.5689         -1.2911
            -5.4295         -1.2968          9.4923

     H   35    anisotropy:     31.31    eta:   -0.0350
     H   35    sigma_11=      8.37    axis=(  0.253064 -0.667903  0.699903)
     H   35    sigma_22=      7.64    axis=( -0.048422 -0.731290 -0.680346)
     H   35    sigma_33=     39.31    axis=( -0.966237 -0.138280  0.217404)
 
     Atom 36  H   pos: ( -0.792027  0.584469  3.184981)  Total sigma:          18.42
            37.2516         -3.9269         -7.6253
            -4.2879          8.5466          1.2957
            -5.4331          1.2976          9.4759

     H   36    anisotropy:     31.33    eta:   -0.0353
     H   36    sigma_11=      8.35    axis=(  0.253158  0.666256  0.701437)
     H   36    sigma_22=      7.61    axis=(  0.047970 -0.732809  0.678741)
     H   36    sigma_33=     39.31    axis=( -0.966235  0.138181  0.217477)
 
     Atom 37  H   pos: ( -0.528156  0.555774  2.520140)  Total sigma:          18.84
            12.2979         -2.1562          0.5530
            -1.4163         11.6524          4.0689
             0.4078          2.1733         32.5847

     H   37    anisotropy:     21.30    eta:   -0.2701
     H   37    sigma_11=     13.66    axis=(  0.801991 -0.592309  0.077340)
     H   37    sigma_22=      9.83    axis=(  0.597243  0.792827 -0.121351)
     H   37    sigma_33=     33.04    axis=(  0.010560  0.143513  0.989592)
 
     Atom 38  H   pos: (  0.063736  1.770547  2.445427)  Total sigma:          18.84
            12.2907          2.1540          0.5544
             1.4118         11.6439         -4.0676
             0.4064         -2.1727         32.5772

     H   38    anisotropy:     21.30    eta:   -0.2697
     H   38    sigma_11=     13.65    axis=(  0.802215  0.592017  0.077244)
     H   38    sigma_22=      9.82    axis=( -0.596941  0.793054  0.121357)
     H   38    sigma_33=     33.03    axis=(  0.010587 -0.143464  0.989599)
 
     Atom 39  H   pos: (  0.551962  1.873468  0.790282)  Total sigma:          18.84
            12.2979         -2.1562          0.5530
            -1.4163         11.6524          4.0689
             0.4078          2.1733         32.5847

     H   39    anisotropy:     21.30    eta:   -0.2701
     H   39    sigma_11=     13.66    axis=(  0.801991 -0.592309  0.077340)
     H   39    sigma_22=      9.83    axis=(  0.597243  0.792827 -0.121351)
     H   39    sigma_33=     33.04    axis=(  0.010560  0.143513  0.989592)
 
     Atom 40  H   pos: ( -0.039930  0.658696  0.864995)  Total sigma:          18.84
            12.2907          2.1540          0.5544
             1.4118         11.6439         -4.0676
             0.4064         -2.1727         32.5772

     H   40    anisotropy:     21.30    eta:   -0.2697
     H   40    sigma_11=     13.65    axis=(  0.802215  0.592017  0.077244)
     H   40    sigma_22=      9.82    axis=( -0.596941  0.793054  0.121357)
     H   40    sigma_33=     33.03    axis=(  0.010587 -0.143464  0.989599)
 
     Atom 41  H   pos: ( -0.321378  2.418366  2.345108)  Total sigma:          25.14
            19.9651         -0.0175         -2.0986
            -0.1074         30.3100         -8.7020
            -1.9819         -7.6063         25.1474

     H   41    anisotropy:     16.83    eta:   -0.3058
     H   41    sigma_11=     21.25    axis=( -0.774446  0.420133  0.472992)
     H   41    sigma_22=     17.81    axis=( -0.628647 -0.427187 -0.649857)
     H   41    sigma_33=     36.36    axis=( -0.070970 -0.800625  0.594948)
 
     Atom 42  H   pos: ( -0.143090  1.203954  2.620771)  Total sigma:          25.15
            19.9766          0.0216         -2.0975
             0.1128         30.3305          8.6965
            -1.9795          7.5999         25.1468

     H   42    anisotropy:     16.83    eta:   -0.3062
     H   42    sigma_11=     21.26    axis=(  0.774369  0.419643 -0.473552)
     H   42    sigma_22=     17.82    axis=( -0.628780  0.426832 -0.649962)
     H   42    sigma_33=     36.37    axis=( -0.070625  0.801071  0.594389)
 
     Atom 43  H   pos: (  0.345184  0.010876  0.965314)  Total sigma:          25.14
            19.9651         -0.0175         -2.0986
            -0.1074         30.3100         -8.7020
            -1.9819         -7.6063         25.1474

     H   43    anisotropy:     16.83    eta:   -0.3058
     H   43    sigma_11=     21.25    axis=( -0.774446  0.420133  0.472992)
     H   43    sigma_22=     17.81    axis=( -0.628647 -0.427187 -0.649857)
     H   43    sigma_33=     36.36    axis=( -0.070970 -0.800625  0.594948)
 
     Atom 44  H   pos: (  0.166896  1.225289  0.689651)  Total sigma:          25.15
            19.9766          0.0216         -2.0975
             0.1128         30.3305          8.6965
            -1.9795          7.5999         25.1468

     H   44    anisotropy:     16.83    eta:   -0.3062
     H   44    sigma_11=     21.26    axis=(  0.774369  0.419643 -0.473552)
     H   44    sigma_22=     17.82    axis=( -0.628780  0.426832 -0.649962)
     H   44    sigma_33=     36.37    axis=( -0.070625  0.801071  0.594389)
 
     Atom 45  H   pos: ( -0.014046  0.294234  2.201160)  Total sigma:          23.27
            34.7722          7.7540          0.8947
             5.0807         19.9221         -2.4504
             1.2484         -2.4211         15.1256

     H   45    anisotropy:     20.83    eta:   -0.4200
     H   45    sigma_11=     19.25    axis=( -0.288850  0.789328 -0.541782)
     H   45    sigma_22=     13.41    axis=( -0.194140  0.505854  0.840489)
     H   45    sigma_33=     37.16    axis=( -0.937484 -0.347957 -0.007125)
 
     Atom 46  H   pos: ( -0.450360  1.508958  2.764486)  Total sigma:          23.27
            34.7734         -7.7497          0.9023
            -5.0777         19.9155          2.4470
             1.2534          2.4190         15.1277

     H   46    anisotropy:     20.83    eta:   -0.4198
     H   46    sigma_11=     19.24    axis=(  0.288346  0.789297  0.542095)
     H   46    sigma_22=     13.41    axis=( -0.194365 -0.506108  0.840284)
     H   46    sigma_33=     37.16    axis=( -0.937592  0.347657 -0.007477)
 
     Atom 47  H   pos: (  0.037852  2.135009  1.109262)  Total sigma:          23.27
            34.7722          7.7540          0.8947
             5.0807         19.9221         -2.4504
             1.2484         -2.4211         15.1256

     H   47    anisotropy:     20.83    eta:   -0.4200
     H   47    sigma_11=     19.25    axis=( -0.288850  0.789328 -0.541782)
     H   47    sigma_22=     13.41    axis=( -0.194140  0.505854  0.840489)
     H   47    sigma_33=     37.16    axis=( -0.937484 -0.347957 -0.007125)
 
     Atom 48  H   pos: (  0.474166  0.920285  0.545935)  Total sigma:          23.27
            34.7734         -7.7497          0.9023
            -5.0777         19.9155          2.4470
             1.2534          2.4190         15.1277

     H   48    anisotropy:     20.83    eta:   -0.4198
     H   48    sigma_11=     19.24    axis=(  0.288346  0.789297  0.542095)
     H   48    sigma_22=     13.41    axis=( -0.194365 -0.506108  0.840284)
     H   48    sigma_33=     37.16    axis=( -0.937592  0.347657 -0.007477)
 
     Initialization:
     gipaw_setup  :      0.28s CPU      0.30s WALL (       1 calls)
 
     Linear response
     greenf       :   4928.19s CPU   5126.28s WALL (     288 calls)
     cgsolve      :   4894.09s CPU   5092.08s WALL (     288 calls)
     ch_psi       :   4799.82s CPU   4997.78s WALL (   13786 calls)
     h_psiq       :   3815.26s CPU   4011.27s WALL (   13786 calls)
 
     Apply operators
     h_psi        :   3717.16s CPU   3944.96s WALL (   20493 calls)
     apply_vel    :     89.97s CPU     90.13s WALL (     252 calls)
 
     Induced current
     j_para       :    381.79s CPU    398.18s WALL (     324 calls)
     biot_savart  :      0.04s CPU      0.05s WALL (       1 calls)
 
     Other routines
 
     General routines
     calbec       :   1083.03s CPU   1089.26s WALL (   50501 calls)
     fft          :      0.14s CPU      0.15s WALL (      32 calls)
     fftw         :   2962.18s CPU   3193.08s WALL ( 2615300 calls)
     davcio       :      0.04s CPU      1.12s WALL (     192 calls)
 
     Parallel routines
     fft_scatter  :    675.31s CPU    790.64s WALL ( 2615332 calls)
 
     Plugins
 
     GIPAW        :   6569.92s CPU   6825.53s WALL (       1 calls)
