
     Program QE v.6.1 (svn rev. 13369) starts on 14Dec2017 at 17:49:43 

     This program is part of the open-source Quantum ESPRESSO suite
     for quantum simulation of materials; please cite
         "P. Giannozzi et al., J. Phys.:Condens. Matter 21 395502 (2009);
          URL http://www.quantum-espresso.org", 
     in publications or presentations arising from this work. More details at
     http://www.quantum-espresso.org/quote

     Parallel version (MPI), running on     8 processors
     R & G space division:  proc/nbgrp/npool/nimage =       8
 
     ***** This is GIPAW svn revision unknown      *****
 
     Parallelizing q-star over 1 images
     Message from routine gipaw_readin:
     *** iverbosity is obsolete, use verbosity instead ***

     Reading data from directory:
     /scratch/ahofstet/ML/CCDC2/COJMUJ/wfc/scf.save

   Info: using nr1, nr2, nr3 values from input

   Info: using nr1, nr2, nr3 values from input

     IMPORTANT: XC functional enforced from input :
     Exchange-correlation      =  SLA  PW   PBX  PBC ( 1  4  3  4 0 0)
     Any further DFT definition will be discarded
     Please, verify this is what you really want

               file C.pbe-n-kjpaw_psl.0.1.UPF: wavefunction(s)  2P renormalized
               file N.pbe-n-kjpaw_psl.0.1.UPF: wavefunction(s)  2P renormalized
               file H.pbe-kjpaw_psl.0.1.UPF: wavefunction(s)  1S renormalized
               file O.pbe-n-kjpaw_psl.0.1.UPF: wavefunction(s)  2P renormalized
 
     Parallelization info
     --------------------
     sticks:   dense  smooth     PW     G-vecs:    dense   smooth      PW
     Min         746     746    201                43583    43583    6125
     Max         747     747    202                43585    43585    6127
     Sum        5969    5969   1613               348671   348671   49005
 

     Check: negative/imaginary core charge=   -0.000002    0.000000

     Subspace diagonalization in iterative solution of the eigenvalue problem:
     a serial algorithm will be used

     GIPAW projectors -----------------------------------------------
     atom=  C    l=0  rc=    1.3000  rs=    0.8667
     atom=  C    l=0  rc=    1.3000  rs=    0.8667
     atom=  C    l=1  rc=    1.4500  rs=    0.9667
     atom=  C    l=1  rc=    1.4500  rs=    0.9667
     projs nearly linearly dependent: l=0  n1,n2= 1, 2  s=  0.99877758
     projs nearly linearly dependent: l=1  n1,n2= 1, 2  s=  0.99940894
 
     atom=  N    l=0  rc=    1.3000  rs=    0.8667
     atom=  N    l=0  rc=    1.3000  rs=    0.8667
     atom=  N    l=1  rc=    1.4500  rs=    0.9667
     atom=  N    l=1  rc=    1.4500  rs=    0.9667
     projs nearly linearly dependent: l=0  n1,n2= 1, 2  s=  0.99709514
     projs nearly linearly dependent: l=1  n1,n2= 1, 2  s=  0.99857174
 
     atom=  H    l=0  rc=    1.0000  rs=    0.6667
     atom=  H    l=0  rc=    1.0000  rs=    0.6667
     projs nearly linearly dependent: l=0  n1,n2= 1, 2  s=  0.99968852
 
     atom=  O    l=0  rc=    1.3500  rs=    0.9000
     atom=  O    l=0  rc=    1.3500  rs=    0.9000
     atom=  O    l=1  rc=    1.3500  rs=    0.9000
     atom=  O    l=1  rc=    1.3500  rs=    0.9000
     projs nearly linearly dependent: l=0  n1,n2= 1, 2  s=  0.99100135
     projs nearly linearly dependent: l=1  n1,n2= 1, 2  s=  0.99790100
     -----------------------------------------------------------------
 
     alpha_pv=     48.3466 eV
 
     q-space interpolation up to   110.00 Rydberg
 
     GIPAW job: nmr                                                                             
     NMR macroscopic correction: yes
             0.6667          0.0000          0.0000
             0.0000          0.6667          0.0000
             0.0000          0.0000          0.6667

 
     Largest allocated arrays     est. size (Mb)     dimensions
        KS wavefunctions at k           6.57 Mb     (    5453,   79)
        KS wavefunctions at k+q         6.57 Mb     (    5453,   79)
        First-order wavefunctions      65.73 Mb     (    5453,   79, 10)
        First-order wavefunct (US)     39.44 Mb     (    5453,   79,  6)
        Charge/spin density             0.91 Mb     (  119808,    1)
        Induced current                 8.23 Mb     (  119808,    3,3,1)
        Induced magnetic field          8.23 Mb     (  119808,    3,3,1)
        NL pseudopotentials            19.64 Mb     (    5453,  236)
        GIPAW NL terms                 19.64 Mb     (    5453,  236)
 
     Computing the magnetic susceptibility     isolve=0    ethr=  0.1000E-13
     k-point #    1 of    14      pool #  1    cpu time:      13.2
     Rotating WFCS
     c_bands:  1 eigenvalues not converged
     Rotating WFCS
     c_bands:  1 eigenvalues not converged
     Rotating WFCS
     c_bands:  1 eigenvalues not converged
     Rotating WFCS
     c_bands:  1 eigenvalues not converged
     Rotating WFCS
     c_bands:  1 eigenvalues not converged
     Rotating WFCS
     c_bands:  1 eigenvalues not converged
     Rotating WFCS
     c_bands:  1 eigenvalues not converged
     k-point #    2 of    14      pool #  1    cpu time:    1000.6
     Rotating WFCS
     c_bands:  1 eigenvalues not converged
     Rotating WFCS
     Rotating WFCS
     c_bands:  1 eigenvalues not converged
     Rotating WFCS
     c_bands:  1 eigenvalues not converged
     Rotating WFCS
     c_bands:  1 eigenvalues not converged
     Rotating WFCS
     Rotating WFCS
     c_bands:  1 eigenvalues not converged
     k-point #    3 of    14      pool #  1    cpu time:    2002.3
     Rotating WFCS
     Rotating WFCS
     Rotating WFCS
     Rotating WFCS
     Rotating WFCS
     Rotating WFCS
     Rotating WFCS
     c_bands:  1 eigenvalues not converged
     k-point #    4 of    14      pool #  1    cpu time:    3014.5
     Rotating WFCS
     c_bands:  1 eigenvalues not converged
     Rotating WFCS
     c_bands:  1 eigenvalues not converged
     Rotating WFCS
     c_bands:  1 eigenvalues not converged
     Rotating WFCS
     c_bands:  1 eigenvalues not converged
     Rotating WFCS
     c_bands:  1 eigenvalues not converged
     Rotating WFCS
     c_bands:  1 eigenvalues not converged
     Rotating WFCS
     c_bands:  1 eigenvalues not converged
     k-point #    5 of    14      pool #  1    cpu time:    4029.7
     Rotating WFCS
     c_bands:  1 eigenvalues not converged
     Rotating WFCS
     c_bands:  1 eigenvalues not converged
     Rotating WFCS
     c_bands:  1 eigenvalues not converged
     Rotating WFCS
     c_bands:  1 eigenvalues not converged
     Rotating WFCS
     c_bands:  1 eigenvalues not converged
     Rotating WFCS
     c_bands:  1 eigenvalues not converged
     Rotating WFCS
     c_bands:  1 eigenvalues not converged
     k-point #    6 of    14      pool #  1    cpu time:    5058.5
     Rotating WFCS
     c_bands:  2 eigenvalues not converged
     Rotating WFCS
     c_bands:  2 eigenvalues not converged
     Rotating WFCS
     c_bands:  3 eigenvalues not converged
     Rotating WFCS
     c_bands:  2 eigenvalues not converged
     Rotating WFCS
     c_bands:  1 eigenvalues not converged
     Rotating WFCS
     c_bands:  2 eigenvalues not converged
     Rotating WFCS
     c_bands:  2 eigenvalues not converged
     k-point #    7 of    14      pool #  1    cpu time:    6074.6
     Rotating WFCS
     c_bands:  1 eigenvalues not converged
     Rotating WFCS
     c_bands:  1 eigenvalues not converged
     Rotating WFCS
     c_bands:  1 eigenvalues not converged
     Rotating WFCS
     c_bands:  1 eigenvalues not converged
     Rotating WFCS
     c_bands:  1 eigenvalues not converged
     Rotating WFCS
     c_bands:  1 eigenvalues not converged
     Rotating WFCS
     c_bands:  1 eigenvalues not converged
     k-point #    8 of    14      pool #  1    cpu time:    7059.8
     Rotating WFCS
     c_bands:  1 eigenvalues not converged
     Rotating WFCS
     c_bands:  1 eigenvalues not converged
     Rotating WFCS
     c_bands:  1 eigenvalues not converged
     Rotating WFCS
     c_bands:  1 eigenvalues not converged
     Rotating WFCS
     c_bands:  1 eigenvalues not converged
     Rotating WFCS
     c_bands:  1 eigenvalues not converged
     Rotating WFCS
     c_bands:  1 eigenvalues not converged
     k-point #    9 of    14      pool #  1    cpu time:    8053.8
     Rotating WFCS
     c_bands:  1 eigenvalues not converged
     Rotating WFCS
     c_bands:  1 eigenvalues not converged
     Rotating WFCS
     c_bands:  1 eigenvalues not converged
     Rotating WFCS
     c_bands:  1 eigenvalues not converged
     Rotating WFCS
     c_bands:  1 eigenvalues not converged
     Rotating WFCS
     c_bands:  1 eigenvalues not converged
     Rotating WFCS
     c_bands:  1 eigenvalues not converged
     k-point #   10 of    14      pool #  1    cpu time:    9042.4
     Rotating WFCS
     Rotating WFCS
     Rotating WFCS
     Rotating WFCS
     Rotating WFCS
     Rotating WFCS
     Rotating WFCS
     k-point #   11 of    14      pool #  1    cpu time:   10012.5
     Rotating WFCS
     c_bands:  1 eigenvalues not converged
     Rotating WFCS
     c_bands:  1 eigenvalues not converged
     Rotating WFCS
     c_bands:  1 eigenvalues not converged
     Rotating WFCS
     c_bands:  1 eigenvalues not converged
     Rotating WFCS
     c_bands:  1 eigenvalues not converged
     Rotating WFCS
     c_bands:  1 eigenvalues not converged
     Rotating WFCS
     c_bands:  1 eigenvalues not converged
     k-point #   12 of    14      pool #  1    cpu time:   11015.3
     Rotating WFCS
     Rotating WFCS
     Rotating WFCS
     Rotating WFCS
     Rotating WFCS
     Rotating WFCS
     Rotating WFCS
     k-point #   13 of    14      pool #  1    cpu time:   11975.2
     Rotating WFCS
     c_bands:  1 eigenvalues not converged
     Rotating WFCS
     c_bands:  1 eigenvalues not converged
     Rotating WFCS
     c_bands:  1 eigenvalues not converged
     Rotating WFCS
     c_bands:  1 eigenvalues not converged
     Rotating WFCS
     c_bands:  1 eigenvalues not converged
     Rotating WFCS
     c_bands:  1 eigenvalues not converged
     Rotating WFCS
     c_bands:  1 eigenvalues not converged
     k-point #   14 of    14      pool #  1    cpu time:   12973.0
     Rotating WFCS
     c_bands:  1 eigenvalues not converged
     Rotating WFCS
     c_bands:  1 eigenvalues not converged
     Rotating WFCS
     c_bands:  1 eigenvalues not converged
     Rotating WFCS
     c_bands:  1 eigenvalues not converged
     Rotating WFCS
     c_bands:  1 eigenvalues not converged
     Rotating WFCS
     c_bands:  1 eigenvalues not converged
     Rotating WFCS
     c_bands:  1 eigenvalues not converged
     End of magnetic susceptibility calculation
 
     f-sum rule (1st term):
          -127.5304         -0.0597          0.0340
            -0.0582       -127.5681         -0.1164
             0.0347         -0.1152       -127.6593

     f-sum rule (2nd term):
            -1.8717          0.0597         -0.0341
             0.0582         -1.8340          0.1163
            -0.0347          0.1150         -1.7431

     f-sum rule (should be  -129.4021):
          -129.4022         -0.0000         -0.0001
            -0.0001       -129.4021         -0.0002
            -0.0001         -0.0001       -129.4024

     chi_bare pGv (HH) in paratec units:
       -43.151222      8.417737     -4.888258
         8.500060    -41.353172      4.871858
        -4.540416      4.740976    -37.229061

       -43.151222      8.417737     -4.888258
         8.500060    -41.353172      4.871858
        -4.540416      4.740976    -37.229061

     chi_bare vGv (VV) in paratec units:
       -43.181161     11.739348     -7.170878
        11.743825    -40.803461      6.884885
        -7.155788      6.906838    -34.882436

       -43.181161     11.739348     -7.170878
        11.743825    -40.803461      6.884885
        -7.155788      6.906838    -34.882436

     chi_bare pGv (HH) in 10^{-6} cm^3/mol:
          -205.0587         40.0019        -23.2295
            40.3931       -196.5142         23.1515
           -21.5765         22.5296       -176.9160

     chi_bare vGv (VV) in 10^{-6} cm^3/mol:
          -205.2009         55.7865        -34.0767
            55.8078       -193.9019         32.7176
           -34.0050         32.8219       -165.7646

     Contributions to the NMR chemical shifts: -------------------------------
 
     Macroscopic shape contribution in ppm:                    7.01
             7.4586          0.0000          0.0000
             0.0000          7.1478          0.0000
             0.0000          0.0000          6.4350

 
     Core contribution in ppm:
 
     Atom  1  O   pos: ( -0.203400  0.337674  0.258681)  core sigma:         271.07
     Atom  2  O   pos: (  0.656276  0.095538  0.702064)  core sigma:         271.07
     Atom  3  N   pos: (  0.030081  0.456117  0.126466)  core sigma:         235.78
     Atom  4  N   pos: (  0.422796 -0.022904  0.834280)  core sigma:         235.78
     Atom  5  N   pos: (  0.008363  0.539083  0.288690)  core sigma:         235.78
     Atom  6  N   pos: (  0.444513 -0.105870  0.672055)  core sigma:         235.78
     Atom  7  N   pos: ( -0.206935  0.501582  0.518264)  core sigma:         235.78
     Atom  8  N   pos: (  0.659811 -0.068369  0.442481)  core sigma:         235.78
     Atom  9  N   pos: (  0.385341  0.527141  0.642340)  core sigma:         235.78
     Atom 10  N   pos: (  0.067535 -0.093928  0.318406)  core sigma:         235.78
     Atom 11  N   pos: (  0.016691 -0.136434  0.729870)  core sigma:         235.78
     Atom 12  N   pos: (  0.436185  0.569647  0.230876)  core sigma:         235.78
     Atom 13  C   pos: ( -0.094820  0.338196  0.111661)  core sigma:         200.51
     Atom 14  C   pos: (  0.547696  0.095017  0.849085)  core sigma:         200.51
     Atom 15  C   pos: ( -0.132661  0.466579  0.362097)  core sigma:         200.51
     Atom 16  C   pos: (  0.585537 -0.033366  0.598649)  core sigma:         200.51
     Atom 17  C   pos: ( -0.101884 -0.263270  0.768689)  core sigma:         200.51
     Atom 18  C   pos: (  0.554761  0.696483  0.192057)  core sigma:         200.51
     Atom 19  C   pos: (  0.805882 -0.267873  0.934191)  core sigma:         200.51
     Atom 20  C   pos: ( -0.353006  0.701086  0.026554)  core sigma:         200.51
     Atom 21  C   pos: (  0.683707 -0.403436  0.960948)  core sigma:         200.51
     Atom 22  C   pos: ( -0.230831  0.836649 -0.000202)  core sigma:         200.51
     Atom 23  C   pos: (  0.171043  0.384899  0.830265)  core sigma:         200.51
     Atom 24  C   pos: (  0.281834  0.048313  0.130480)  core sigma:         200.51
     Atom 25  C   pos: (  0.265556  0.400826  0.673651)  core sigma:         200.51
     Atom 26  C   pos: (  0.187320  0.032387  0.287095)  core sigma:         200.51
     Atom 27  H   pos: ( -0.155901  0.611307  0.583454)  core sigma:           0.00
     Atom 28  H   pos: (  0.608777 -0.178094  0.377292)  core sigma:           0.00
     Atom 29  H   pos: ( -0.339150  0.477778  0.532361)  core sigma:           0.00
     Atom 30  H   pos: (  0.792027 -0.044565  0.428385)  core sigma:           0.00
     Atom 31  H   pos: (  0.064557 -0.130115  0.604005)  core sigma:           0.00
     Atom 32  H   pos: (  0.388319  0.563328  0.356741)  core sigma:           0.00
     Atom 33  H   pos: (  0.061104 -0.054378  0.826420)  core sigma:           0.00
     Atom 34  H   pos: (  0.391772  0.487591  0.134326)  core sigma:           0.00
     Atom 35  H   pos: (  0.678818  0.068495  0.125819)  core sigma:           0.00
     Atom 36  H   pos: ( -0.225942  0.364717  0.834926)  core sigma:           0.00
     Atom 37  H   pos: (  0.078730  0.277129  0.851453)  core sigma:           0.00
     Atom 38  H   pos: (  0.374147  0.156084  0.109293)  core sigma:           0.00
     Atom 39  H   pos: (  0.245346  0.306821  0.566643)  core sigma:           0.00
     Atom 40  H   pos: (  0.207530  0.126392  0.394103)  core sigma:           0.00
 
     Bare contribution in ppm:
 
     Atom  1  O   pos: ( -0.203400  0.337674  0.258681)  bare sigma:           5.92
             5.9981        -18.4376         13.5909
           -17.7258         14.2060        -14.5413
            10.1264        -12.3773         -2.4546

     Atom  2  O   pos: (  0.656276  0.095538  0.702064)  bare sigma:           5.92
             5.9981        -18.4376         13.5909
           -17.7258         14.2060        -14.5413
            10.1264        -12.3773         -2.4546

     Atom  3  N   pos: (  0.030081  0.456117  0.126466)  bare sigma:         -54.53
           -32.7251        -30.6122         20.9811
           -39.0511        -48.0639        -49.1611
            16.0286        -48.0710        -82.7975

     Atom  4  N   pos: (  0.422796 -0.022904  0.834280)  bare sigma:         -54.53
           -32.7251        -30.6122         20.9811
           -39.0511        -48.0639        -49.1611
            16.0286        -48.0710        -82.7975

     Atom  5  N   pos: (  0.008363  0.539083  0.288690)  bare sigma:         -35.24
           -27.2562        -19.9083         19.2623
           -16.7590        -21.4110        -28.7382
            22.2970        -24.4312        -57.0631

     Atom  6  N   pos: (  0.444513 -0.105870  0.672055)  bare sigma:         -35.24
           -27.2562        -19.9083         19.2623
           -16.7590        -21.4110        -28.7382
            22.2970        -24.4312        -57.0631

     Atom  7  N   pos: ( -0.206935  0.501582  0.518264)  bare sigma:          30.33
            22.9623         -9.7180         -4.4277
           -14.3357         25.7108         -0.4474
            -5.3575          1.4996         42.3031

     Atom  8  N   pos: (  0.659811 -0.068369  0.442481)  bare sigma:          30.33
            22.9623         -9.7180         -4.4277
           -14.3357         25.7108         -0.4474
            -5.3575          1.4996         42.3031

     Atom  9  N   pos: (  0.385341  0.527141  0.642340)  bare sigma:         -39.91
           -15.6138        -65.4541         29.1990
           -68.0981        -55.5815        -42.0090
            29.4247        -31.5638        -48.5356

     Atom 10  N   pos: (  0.067535 -0.093928  0.318406)  bare sigma:         -39.91
           -15.6138        -65.4541         29.1990
           -68.0981        -55.5815        -42.0090
            29.4247        -31.5638        -48.5356

     Atom 11  N   pos: (  0.016691 -0.136434  0.729870)  bare sigma:          19.33
            26.9912          1.3026          1.6281
             6.3798         25.6665        -17.1883
            -0.7649         -6.6465          5.3197

     Atom 12  N   pos: (  0.436185  0.569647  0.230876)  bare sigma:          19.33
            26.9912          1.3026          1.6281
             6.3798         25.6665        -17.1883
            -0.7649         -6.6465          5.3197

     Atom 13  C   pos: ( -0.094820  0.338196  0.111661)  bare sigma:         -69.23
           -59.0840         -0.9836         14.6730
             1.6088        -55.2854        -17.9394
            23.7704        -10.3934        -93.3071

     Atom 14  C   pos: (  0.547696  0.095017  0.849085)  bare sigma:         -69.23
           -59.0840         -0.9836         14.6730
             1.6088        -55.2854        -17.9394
            23.7704        -10.3934        -93.3071

     Atom 15  C   pos: ( -0.132661  0.466579  0.362097)  bare sigma:         -70.93
           -63.2226        -12.0340          0.5501
           -11.8249        -72.2504        -18.9274
            -6.2532        -27.1660        -77.3149

     Atom 16  C   pos: (  0.585537 -0.033366  0.598649)  bare sigma:         -70.93
           -63.2226        -12.0340          0.5501
           -11.8249        -72.2504        -18.9274
            -6.2532        -27.1660        -77.3149

     Atom 17  C   pos: ( -0.101884 -0.263270  0.768689)  bare sigma:         -67.30
           -54.8490        -29.5941         18.4732
           -31.1907        -67.8161         -7.6217
            15.5228        -17.5388        -79.2335

     Atom 18  C   pos: (  0.554761  0.696483  0.192057)  bare sigma:         -67.30
           -54.8490        -29.5941         18.4732
           -31.1907        -67.8161         -7.6217
            15.5228        -17.5388        -79.2335

     Atom 19  C   pos: (  0.805882 -0.267873  0.934191)  bare sigma:         -39.63
           -21.0337        -17.9254         17.9885
           -21.9890        -37.3699        -22.5113
            16.0082        -21.8703        -60.4882

     Atom 20  C   pos: ( -0.353006  0.701086  0.026554)  bare sigma:         -39.63
           -21.0337        -17.9254         17.9885
           -21.9890        -37.3699        -22.5113
            16.0082        -21.8703        -60.4882

     Atom 21  C   pos: (  0.683707 -0.403436  0.960948)  bare sigma:         -55.99
           -35.4453        -34.3971         34.4781
           -36.7653        -47.1946        -16.3875
            38.9193        -13.5469        -85.3281

     Atom 22  C   pos: ( -0.230831  0.836649 -0.000202)  bare sigma:         -55.99
           -35.4453        -34.3971         34.4781
           -36.7653        -47.1946        -16.3875
            38.9193        -13.5469        -85.3281

     Atom 23  C   pos: (  0.171043  0.384899  0.830265)  bare sigma:         -44.33
           -36.3490        -47.5595         17.9744
           -44.4594        -54.3808         -8.8531
            23.1136         -5.4046        -42.2676

     Atom 24  C   pos: (  0.281834  0.048313  0.130480)  bare sigma:         -44.33
           -36.3490        -47.5595         17.9744
           -44.4594        -54.3808         -8.8531
            23.1136         -5.4046        -42.2676

     Atom 25  C   pos: (  0.265556  0.400826  0.673651)  bare sigma:         -63.95
           -42.5202        -33.8015          5.2952
           -29.5467        -73.7038        -39.1558
             8.5594        -30.5144        -75.6364

     Atom 26  C   pos: (  0.187320  0.032387  0.287095)  bare sigma:         -63.95
           -42.5202        -33.8015          5.2952
           -29.5467        -73.7038        -39.1558
             8.5594        -30.5144        -75.6364

     Atom 27  H   pos: ( -0.155901  0.611307  0.583454)  bare sigma:          12.74
             9.3207          8.6157          1.0853
             8.5450         16.1815         10.0551
             0.2105         10.3229         12.7215

     Atom 28  H   pos: (  0.608777 -0.178094  0.377292)  bare sigma:          12.74
             9.3207          8.6157          1.0853
             8.5450         16.1815         10.0551
             0.2105         10.3229         12.7215

     Atom 29  H   pos: ( -0.339150  0.477778  0.532361)  bare sigma:          16.51
            23.9150          3.0041         -4.9471
             1.2795         11.1935          1.7870
            -5.7997          0.5601         14.4224

     Atom 30  H   pos: (  0.792027 -0.044565  0.428385)  bare sigma:          16.51
            23.9150          3.0041         -4.9471
             1.2795         11.1935          1.7870
            -5.7997          0.5601         14.4224

     Atom 31  H   pos: (  0.064557 -0.130115  0.604005)  bare sigma:          15.29
            12.2582          3.1166         -4.6213
             3.6262          9.8424         -1.5975
            -6.2541          1.1304         23.7634

     Atom 32  H   pos: (  0.388319  0.563328  0.356741)  bare sigma:          15.29
            12.2582          3.1166         -4.6213
             3.6262          9.8424         -1.5975
            -6.2541          1.1304         23.7634

     Atom 33  H   pos: (  0.061104 -0.054378  0.826420)  bare sigma:          15.52
            14.0228          8.0324         -0.8523
             6.1149         13.5415          8.1877
            -0.0705          7.9627         18.9938

     Atom 34  H   pos: (  0.391772  0.487591  0.134326)  bare sigma:          15.52
            14.0228          8.0324         -0.8523
             6.1149         13.5415          8.1877
            -0.0705          7.9627         18.9938

     Atom 35  H   pos: (  0.678818  0.068495  0.125819)  bare sigma:          14.98
            13.9914          3.2533         -1.5889
             3.0697         15.2839          1.0283
            -0.0988          1.0756         15.6527

     Atom 36  H   pos: ( -0.225942  0.364717  0.834926)  bare sigma:          14.98
            13.9914          3.2533         -1.5889
             3.0697         15.2839          1.0283
            -0.0988          1.0756         15.6527

     Atom 37  H   pos: (  0.078730  0.277129  0.851453)  bare sigma:          16.37
            16.2843          2.0519         -2.3981
             1.8989         15.9272          1.3787
            -0.4994          1.8142         16.8911

     Atom 38  H   pos: (  0.374147  0.156084  0.109293)  bare sigma:          16.37
            16.2843          2.0519         -2.3981
             1.8989         15.9272          1.3787
            -0.4994          1.8142         16.8911

     Atom 39  H   pos: (  0.245346  0.306821  0.566643)  bare sigma:          15.48
            14.0528          2.9493         -1.4061
             2.3807         15.2451          0.0721
            -1.7313          1.2618         17.1391

     Atom 40  H   pos: (  0.207530  0.126392  0.394103)  bare sigma:          15.48
            14.0528          2.9493         -1.4061
             2.3807         15.2451          0.0721
            -1.7313          1.2618         17.1391

     Diamagnetic contribution in ppm:
 
     Atom  1  O   pos: ( -0.203400  0.337674  0.258681)  dia sigma:          17.59
            17.2453          0.0319         -0.1783
             0.0319         17.4630          0.5064
            -0.1783          0.5064         18.0646

     Atom  2  O   pos: (  0.656276  0.095538  0.702064)  dia sigma:          17.59
            17.2453          0.0319         -0.1783
             0.0319         17.4630          0.5064
            -0.1783          0.5064         18.0646

     Atom  3  N   pos: (  0.030081  0.456117  0.126466)  dia sigma:           8.57
             8.2752         -0.1717          0.3221
            -0.1717          8.7134          0.2733
             0.3221          0.2733          8.7180

     Atom  4  N   pos: (  0.422796 -0.022904  0.834280)  dia sigma:           8.57
             8.2752         -0.1717          0.3221
            -0.1717          8.7134          0.2733
             0.3221          0.2733          8.7180

     Atom  5  N   pos: (  0.008363  0.539083  0.288690)  dia sigma:           8.74
             8.5788         -0.2059         -0.2634
            -0.2059          8.5056          0.0537
            -0.2634          0.0537          9.1290

     Atom  6  N   pos: (  0.444513 -0.105870  0.672055)  dia sigma:           8.74
             8.5788         -0.2059         -0.2634
            -0.2059          8.5056          0.0537
            -0.2634          0.0537          9.1290

     Atom  7  N   pos: ( -0.206935  0.501582  0.518264)  dia sigma:          10.17
            10.3083          0.1307         -0.2231
             0.1307          9.9265          0.2788
            -0.2231          0.2788         10.2669

     Atom  8  N   pos: (  0.659811 -0.068369  0.442481)  dia sigma:          10.17
            10.3083          0.1307         -0.2231
             0.1307          9.9265          0.2788
            -0.2231          0.2788         10.2669

     Atom  9  N   pos: (  0.385341  0.527141  0.642340)  dia sigma:           9.18
             9.2173         -0.0290          0.3113
            -0.0290          9.4302          0.0646
             0.3113          0.0646          8.8867

     Atom 10  N   pos: (  0.067535 -0.093928  0.318406)  dia sigma:           9.18
             9.2173         -0.0290          0.3113
            -0.0290          9.4302          0.0646
             0.3113          0.0646          8.8867

     Atom 11  N   pos: (  0.016691 -0.136434  0.729870)  dia sigma:          10.24
            10.1242          0.3578         -0.1288
             0.3578         10.2086          0.0502
            -0.1288          0.0502         10.3800

     Atom 12  N   pos: (  0.436185  0.569647  0.230876)  dia sigma:          10.24
            10.1242          0.3578         -0.1288
             0.3578         10.2086          0.0502
            -0.1288          0.0502         10.3800

     Atom 13  C   pos: ( -0.094820  0.338196  0.111661)  dia sigma:           4.13
             4.1661         -0.0533         -0.1320
            -0.0533          4.0309         -0.0764
            -0.1320         -0.0764          4.1972

     Atom 14  C   pos: (  0.547696  0.095017  0.849085)  dia sigma:           4.13
             4.1661         -0.0533         -0.1320
            -0.0533          4.0309         -0.0764
            -0.1320         -0.0764          4.1972

     Atom 15  C   pos: ( -0.132661  0.466579  0.362097)  dia sigma:           4.08
             4.0266          0.0113          0.1238
             0.0113          4.1519          0.0400
             0.1238          0.0400          4.0592

     Atom 16  C   pos: (  0.585537 -0.033366  0.598649)  dia sigma:           4.08
             4.0266          0.0113          0.1238
             0.0113          4.1519          0.0400
             0.1238          0.0400          4.0592

     Atom 17  C   pos: ( -0.101884 -0.263270  0.768689)  dia sigma:           4.15
             4.1915         -0.0664          0.0617
            -0.0664          4.1689         -0.0421
             0.0617         -0.0421          4.0800

     Atom 18  C   pos: (  0.554761  0.696483  0.192057)  dia sigma:           4.15
             4.1915         -0.0664          0.0617
            -0.0664          4.1689         -0.0421
             0.0617         -0.0421          4.0800

     Atom 19  C   pos: (  0.805882 -0.267873  0.934191)  dia sigma:           4.42
             4.4100         -0.0574          0.0299
            -0.0574          4.4106          0.0186
             0.0299          0.0186          4.4295

     Atom 20  C   pos: ( -0.353006  0.701086  0.026554)  dia sigma:           4.42
             4.4100         -0.0574          0.0299
            -0.0574          4.4106          0.0186
             0.0299          0.0186          4.4295

     Atom 21  C   pos: (  0.683707 -0.403436  0.960948)  dia sigma:           4.30
             4.3691         -0.1232          0.0828
            -0.1232          4.3042         -0.0824
             0.0828         -0.0824          4.2257

     Atom 22  C   pos: ( -0.230831  0.836649 -0.000202)  dia sigma:           4.30
             4.3691         -0.1232          0.0828
            -0.1232          4.3042         -0.0824
             0.0828         -0.0824          4.2257

     Atom 23  C   pos: (  0.171043  0.384899  0.830265)  dia sigma:           4.40
             4.4439         -0.0781          0.0550
            -0.0781          4.4019         -0.0467
             0.0550         -0.0467          4.3581

     Atom 24  C   pos: (  0.281834  0.048313  0.130480)  dia sigma:           4.40
             4.4439         -0.0781          0.0550
            -0.0781          4.4019         -0.0467
             0.0550         -0.0467          4.3581

     Atom 25  C   pos: (  0.265556  0.400826  0.673651)  dia sigma:           4.23
             4.2912         -0.0779          0.0834
            -0.0779          4.2541         -0.0697
             0.0834         -0.0697          4.1304

     Atom 26  C   pos: (  0.187320  0.032387  0.287095)  dia sigma:           4.23
             4.2912         -0.0779          0.0834
            -0.0779          4.2541         -0.0697
             0.0834         -0.0697          4.1304

     Atom 27  H   pos: ( -0.155901  0.611307  0.583454)  dia sigma:           0.99
             0.9924         -0.0000         -0.0000
            -0.0000          0.9924          0.0000
            -0.0000          0.0000          0.9924

     Atom 28  H   pos: (  0.608777 -0.178094  0.377292)  dia sigma:           0.99
             0.9924         -0.0000         -0.0000
            -0.0000          0.9924          0.0000
            -0.0000          0.0000          0.9924

     Atom 29  H   pos: ( -0.339150  0.477778  0.532361)  dia sigma:           1.05
             1.0513         -0.0000         -0.0000
            -0.0000          1.0513          0.0000
            -0.0000          0.0000          1.0513

     Atom 30  H   pos: (  0.792027 -0.044565  0.428385)  dia sigma:           1.05
             1.0513         -0.0000         -0.0000
            -0.0000          1.0513          0.0000
            -0.0000          0.0000          1.0513

     Atom 31  H   pos: (  0.064557 -0.130115  0.604005)  dia sigma:           1.06
             1.0550         -0.0000         -0.0000
            -0.0000          1.0550          0.0000
            -0.0000          0.0000          1.0550

     Atom 32  H   pos: (  0.388319  0.563328  0.356741)  dia sigma:           1.06
             1.0550         -0.0000         -0.0000
            -0.0000          1.0550          0.0000
            -0.0000          0.0000          1.0550

     Atom 33  H   pos: (  0.061104 -0.054378  0.826420)  dia sigma:           1.06
             1.0595         -0.0000         -0.0000
            -0.0000          1.0595          0.0000
            -0.0000         -0.0000          1.0595

     Atom 34  H   pos: (  0.391772  0.487591  0.134326)  dia sigma:           1.06
             1.0595         -0.0000         -0.0000
            -0.0000          1.0595          0.0000
            -0.0000         -0.0000          1.0595

     Atom 35  H   pos: (  0.678818  0.068495  0.125819)  dia sigma:           1.13
             1.1291         -0.0000         -0.0000
            -0.0000          1.1291          0.0000
            -0.0000          0.0000          1.1291

     Atom 36  H   pos: ( -0.225942  0.364717  0.834926)  dia sigma:           1.13
             1.1291         -0.0000         -0.0000
            -0.0000          1.1291          0.0000
            -0.0000          0.0000          1.1291

     Atom 37  H   pos: (  0.078730  0.277129  0.851453)  dia sigma:           1.13
             1.1305         -0.0000         -0.0000
            -0.0000          1.1305          0.0000
            -0.0000          0.0000          1.1305

     Atom 38  H   pos: (  0.374147  0.156084  0.109293)  dia sigma:           1.13
             1.1305         -0.0000         -0.0000
            -0.0000          1.1305          0.0000
            -0.0000          0.0000          1.1305

     Atom 39  H   pos: (  0.245346  0.306821  0.566643)  dia sigma:           1.16
             1.1565         -0.0000         -0.0000
            -0.0000          1.1565          0.0000
            -0.0000          0.0000          1.1565

     Atom 40  H   pos: (  0.207530  0.126392  0.394103)  dia sigma:           1.16
             1.1565         -0.0000         -0.0000
            -0.0000          1.1565          0.0000
            -0.0000          0.0000          1.1565

     Paramagnetic contribution in ppm:
 
     Atom  1  O   pos: ( -0.203400  0.337674  0.258681)  para sigma:        -132.72
          -131.3631        -34.6524         28.6220
           -37.1862       -120.4135        -27.0479
            20.2135        -20.3238       -146.3732

     Atom  2  O   pos: (  0.656276  0.095538  0.702064)  para sigma:        -132.72
          -131.3631        -34.6524         28.6220
           -37.1862       -120.4135        -27.0479
            20.2135        -20.3238       -146.3732

     Atom  3  N   pos: (  0.030081  0.456117  0.126466)  para sigma:        -196.72
          -155.4510        -46.4527         38.7576
           -60.6516       -183.0568        -89.5975
            30.4288        -84.3773       -251.6584

     Atom  4  N   pos: (  0.422796 -0.022904  0.834280)  para sigma:        -196.72
          -155.4510        -46.4527         38.7576
           -60.6516       -183.0568        -89.5975
            30.4288        -84.3773       -251.6584

     Atom  5  N   pos: (  0.008363  0.539083  0.288690)  para sigma:        -161.89
          -144.6193        -29.5210         31.9708
           -25.5820       -137.6524        -52.0350
            36.8751        -45.5984       -203.4118

     Atom  6  N   pos: (  0.444513 -0.105870  0.672055)  para sigma:        -161.89
          -144.6193        -29.5210         31.9708
           -25.5820       -137.6524        -52.0350
            36.8751        -45.5984       -203.4118

     Atom  7  N   pos: ( -0.206935  0.501582  0.518264)  para sigma:         -50.80
           -60.8693        -19.3850         -5.0688
           -26.1222        -56.9832         -0.7995
            -2.1448          3.6382        -34.5532

     Atom  8  N   pos: (  0.659811 -0.068369  0.442481)  para sigma:         -50.80
           -60.8693        -19.3850         -5.0688
           -26.1222        -56.9832         -0.7995
            -2.1448          3.6382        -34.5532

     Atom  9  N   pos: (  0.385341  0.527141  0.642340)  para sigma:        -171.82
          -129.5460       -114.6069         51.8303
          -119.6242       -199.2195        -73.0649
            54.6480        -51.3657       -186.6861

     Atom 10  N   pos: (  0.067535 -0.093928  0.318406)  para sigma:        -171.82
          -129.5460       -114.6069         51.8303
          -119.6242       -199.2195        -73.0649
            54.6480        -51.3657       -186.6861

     Atom 11  N   pos: (  0.016691 -0.136434  0.729870)  para sigma:         -70.89
           -59.3658         -1.2131          5.7702
             8.8624        -58.4052        -34.2224
             0.6065        -16.1706        -94.9128

     Atom 12  N   pos: (  0.436185  0.569647  0.230876)  para sigma:         -70.89
           -59.3658         -1.2131          5.7702
             8.8624        -58.4052        -34.2224
             0.6065        -16.1706        -94.9128

     Atom 13  C   pos: ( -0.094820  0.338196  0.111661)  para sigma:        -118.95
          -107.8303          1.0328         18.8334
             3.5547       -103.6484        -18.4397
            26.4792         -9.9120       -145.3738

     Atom 14  C   pos: (  0.547696  0.095017  0.849085)  para sigma:        -118.95
          -107.8303          1.0328         18.8334
             3.5547       -103.6484        -18.4397
            26.4792         -9.9120       -145.3738

     Atom 15  C   pos: ( -0.132661  0.466579  0.362097)  para sigma:        -120.52
          -109.1700        -11.6903          2.1244
           -13.6076       -120.4661        -23.7309
            -3.4144        -31.4698       -131.9287

     Atom 16  C   pos: (  0.585537 -0.033366  0.598649)  para sigma:        -120.52
          -109.1700        -11.6903          2.1244
           -13.6076       -120.4661        -23.7309
            -3.4144        -31.4698       -131.9287

     Atom 17  C   pos: ( -0.101884 -0.263270  0.768689)  para sigma:        -114.38
          -101.6573        -35.9752         20.8756
           -39.0493       -117.7578         -9.0900
            16.6980        -18.1438       -123.7243

     Atom 18  C   pos: (  0.554761  0.696483  0.192057)  para sigma:        -114.38
          -101.6573        -35.9752         20.8756
           -39.0493       -117.7578         -9.0900
            16.6980        -18.1438       -123.7243

     Atom 19  C   pos: (  0.805882 -0.267873  0.934191)  para sigma:         -92.47
           -72.2843        -17.5693         17.1037
           -22.1144        -91.6605        -25.9401
            14.3806        -23.9524       -113.4763

     Atom 20  C   pos: ( -0.353006  0.701086  0.026554)  para sigma:         -92.47
           -72.2843        -17.5693         17.1037
           -22.1144        -91.6605        -25.9401
            14.3806        -23.9524       -113.4763

     Atom 21  C   pos: (  0.683707 -0.403436  0.960948)  para sigma:        -110.84
           -90.1098        -34.1044         35.9912
           -36.4844       -100.9365        -16.0361
            39.1778        -13.4425       -141.4590

     Atom 22  C   pos: ( -0.230831  0.836649 -0.000202)  para sigma:        -110.84
           -90.1098        -34.1044         35.9912
           -36.4844       -100.9365        -16.0361
            39.1778        -13.4425       -141.4590

     Atom 23  C   pos: (  0.171043  0.384899  0.830265)  para sigma:         -99.63
           -93.3067        -50.2158         18.6172
           -46.4776       -110.4580         -7.2036
            22.7718         -4.0952        -95.1142

     Atom 24  C   pos: (  0.281834  0.048313  0.130480)  para sigma:         -99.63
           -93.3067        -50.2158         18.6172
           -46.4776       -110.4580         -7.2036
            22.7718         -4.0952        -95.1142

     Atom 25  C   pos: (  0.265556  0.400826  0.673651)  para sigma:        -114.06
           -92.4832        -36.9047          4.0527
           -31.2943       -125.4042        -39.3675
             8.7060        -30.1539       -124.3058

     Atom 26  C   pos: (  0.187320  0.032387  0.287095)  para sigma:        -114.06
           -92.4832        -36.9047          4.0527
           -31.2943       -125.4042        -39.3675
             8.7060        -30.1539       -124.3058

     Atom 27  H   pos: ( -0.155901  0.611307  0.583454)  para sigma:           0.00
             0.0000          0.0000          0.0000
             0.0000          0.0000          0.0000
             0.0000          0.0000          0.0000

     Atom 28  H   pos: (  0.608777 -0.178094  0.377292)  para sigma:           0.00
             0.0000          0.0000          0.0000
             0.0000          0.0000          0.0000
             0.0000          0.0000          0.0000

     Atom 29  H   pos: ( -0.339150  0.477778  0.532361)  para sigma:           0.00
             0.0000          0.0000          0.0000
             0.0000          0.0000          0.0000
             0.0000          0.0000          0.0000

     Atom 30  H   pos: (  0.792027 -0.044565  0.428385)  para sigma:           0.00
             0.0000          0.0000          0.0000
             0.0000          0.0000          0.0000
             0.0000          0.0000          0.0000

     Atom 31  H   pos: (  0.064557 -0.130115  0.604005)  para sigma:           0.00
             0.0000          0.0000          0.0000
             0.0000          0.0000          0.0000
             0.0000          0.0000          0.0000

     Atom 32  H   pos: (  0.388319  0.563328  0.356741)  para sigma:           0.00
             0.0000          0.0000          0.0000
             0.0000          0.0000          0.0000
             0.0000          0.0000          0.0000

     Atom 33  H   pos: (  0.061104 -0.054378  0.826420)  para sigma:           0.00
             0.0000          0.0000          0.0000
             0.0000          0.0000          0.0000
             0.0000          0.0000          0.0000

     Atom 34  H   pos: (  0.391772  0.487591  0.134326)  para sigma:           0.00
             0.0000          0.0000          0.0000
             0.0000          0.0000          0.0000
             0.0000          0.0000          0.0000

     Atom 35  H   pos: (  0.678818  0.068495  0.125819)  para sigma:           0.00
             0.0000          0.0000          0.0000
             0.0000          0.0000          0.0000
             0.0000          0.0000          0.0000

     Atom 36  H   pos: ( -0.225942  0.364717  0.834926)  para sigma:           0.00
             0.0000          0.0000          0.0000
             0.0000          0.0000          0.0000
             0.0000          0.0000          0.0000

     Atom 37  H   pos: (  0.078730  0.277129  0.851453)  para sigma:           0.00
             0.0000          0.0000          0.0000
             0.0000          0.0000          0.0000
             0.0000          0.0000          0.0000

     Atom 38  H   pos: (  0.374147  0.156084  0.109293)  para sigma:           0.00
             0.0000          0.0000          0.0000
             0.0000          0.0000          0.0000
             0.0000          0.0000          0.0000

     Atom 39  H   pos: (  0.245346  0.306821  0.566643)  para sigma:           0.00
             0.0000          0.0000          0.0000
             0.0000          0.0000          0.0000
             0.0000          0.0000          0.0000

     Atom 40  H   pos: (  0.207530  0.126392  0.394103)  para sigma:           0.00
             0.0000          0.0000          0.0000
             0.0000          0.0000          0.0000
             0.0000          0.0000          0.0000

     Paramagnetic US occ-occ contribution in ppm:
 
     Atom  1  O   pos: ( -0.203400  0.337674  0.258681)  para_oo sigma:          -2.08
            -1.8705         -0.7471          0.5310
            -0.2849         -1.5339         -0.9516
             0.8257         -0.5442         -2.8330

     Atom  2  O   pos: (  0.656276  0.095538  0.702064)  para_oo sigma:          -2.08
            -1.8705         -0.7471          0.5310
            -0.2849         -1.5339         -0.9516
             0.8257         -0.5442         -2.8330

     Atom  3  N   pos: (  0.030081  0.456117  0.126466)  para_oo sigma:          -1.96
            -1.9547         -0.7792          0.4812
            -0.9320         -1.8141         -0.4602
             0.0692         -0.7839         -2.1184

     Atom  4  N   pos: (  0.422796 -0.022904  0.834280)  para_oo sigma:          -1.96
            -1.9547         -0.7792          0.4812
            -0.9320         -1.8141         -0.4602
             0.0692         -0.7839         -2.1184

     Atom  5  N   pos: (  0.008363  0.539083  0.288690)  para_oo sigma:          -2.18
            -2.3081         -0.9920          0.3985
            -0.9960         -2.0473         -0.5253
             0.2682         -0.6682         -2.1803

     Atom  6  N   pos: (  0.444513 -0.105870  0.672055)  para_oo sigma:          -2.18
            -2.3081         -0.9920          0.3985
            -0.9960         -2.0473         -0.5253
             0.2682         -0.6682         -2.1803

     Atom  7  N   pos: ( -0.206935  0.501582  0.518264)  para_oo sigma:          -1.68
            -2.1933         -1.2061         -0.2077
            -1.5270         -1.7458         -0.5830
            -0.0616         -0.4876         -1.0888

     Atom  8  N   pos: (  0.659811 -0.068369  0.442481)  para_oo sigma:          -1.68
            -2.1933         -1.2061         -0.2077
            -1.5270         -1.7458         -0.5830
            -0.0616         -0.4876         -1.0888

     Atom  9  N   pos: (  0.385341  0.527141  0.642340)  para_oo sigma:          -1.19
            -0.6737         -0.0664          0.9199
            -0.3033         -0.5513         -0.1501
             0.6181         -0.8180         -2.3396

     Atom 10  N   pos: (  0.067535 -0.093928  0.318406)  para_oo sigma:          -1.19
            -0.6737         -0.0664          0.9199
            -0.3033         -0.5513         -0.1501
             0.6181         -0.8180         -2.3396

     Atom 11  N   pos: (  0.016691 -0.136434  0.729870)  para_oo sigma:          -0.80
            -0.1963          0.0876          0.3695
             0.0861         -0.2379         -0.6219
             0.5841         -0.1436         -1.9544

     Atom 12  N   pos: (  0.436185  0.569647  0.230876)  para_oo sigma:          -0.80
            -0.1963          0.0876          0.3695
             0.0861         -0.2379         -0.6219
             0.5841         -0.1436         -1.9544

     Atom 13  C   pos: ( -0.094820  0.338196  0.111661)  para_oo sigma:          -1.69
            -1.3001         -0.0032          0.5419
            -0.0181         -1.2459         -0.4862
             0.4994         -0.6130         -2.5095

     Atom 14  C   pos: (  0.547696  0.095017  0.849085)  para_oo sigma:          -1.69
            -1.3001         -0.0032          0.5419
            -0.0181         -1.2459         -0.4862
             0.4994         -0.6130         -2.5095

     Atom 15  C   pos: ( -0.132661  0.466579  0.362097)  para_oo sigma:          -2.01
            -1.8194         -0.6087         -0.2417
            -0.4341         -2.0785         -0.7973
            -0.1090         -0.7756         -2.1308

     Atom 16  C   pos: (  0.585537 -0.033366  0.598649)  para_oo sigma:          -2.01
            -1.8194         -0.6087         -0.2417
            -0.4341         -2.0785         -0.7973
            -0.1090         -0.7756         -2.1308

     Atom 17  C   pos: ( -0.101884 -0.263270  0.768689)  para_oo sigma:          -1.51
            -1.2307         -0.3754          0.5423
            -0.2873         -1.0597         -0.1167
             0.6485         -0.1735         -2.2329

     Atom 18  C   pos: (  0.554761  0.696483  0.192057)  para_oo sigma:          -1.51
            -1.2307         -0.3754          0.5423
            -0.2873         -1.0597         -0.1167
             0.6485         -0.1735         -2.2329

     Atom 19  C   pos: (  0.805882 -0.267873  0.934191)  para_oo sigma:          -0.76
            -0.6087         -0.4578          0.2393
            -0.4236         -0.7420         -0.3195
             0.1998         -0.3961         -0.9388

     Atom 20  C   pos: ( -0.353006  0.701086  0.026554)  para_oo sigma:          -0.76
            -0.6087         -0.4578          0.2393
            -0.4236         -0.7420         -0.3195
             0.1998         -0.3961         -0.9388

     Atom 21  C   pos: (  0.683707 -0.403436  0.960948)  para_oo sigma:          -0.35
            -0.3690         -0.2356          0.1303
            -0.2082         -0.3504          0.0655
             0.1227          0.0453         -0.3242

     Atom 22  C   pos: ( -0.230831  0.836649 -0.000202)  para_oo sigma:          -0.35
            -0.3690         -0.2356          0.1303
            -0.2082         -0.3504          0.0655
             0.1227          0.0453         -0.3242

     Atom 23  C   pos: (  0.171043  0.384899  0.830265)  para_oo sigma:          -0.41
            -0.3386         -0.3522          0.0849
            -0.3006         -0.5055         -0.1368
             0.1600         -0.0259         -0.3788

     Atom 24  C   pos: (  0.281834  0.048313  0.130480)  para_oo sigma:          -0.41
            -0.3386         -0.3522          0.0849
            -0.3006         -0.5055         -0.1368
             0.1600         -0.0259         -0.3788

     Atom 25  C   pos: (  0.265556  0.400826  0.673651)  para_oo sigma:          -0.98
            -0.3873          0.0968          0.2098
             0.0771         -0.7572         -0.7440
             0.1786         -0.7079         -1.7861

     Atom 26  C   pos: (  0.187320  0.032387  0.287095)  para_oo sigma:          -0.98
            -0.3873          0.0968          0.2098
             0.0771         -0.7572         -0.7440
             0.1786         -0.7079         -1.7861

     Atom 27  H   pos: ( -0.155901  0.611307  0.583454)  para_oo sigma:           0.00
             0.0000          0.0000          0.0000
             0.0000          0.0000          0.0000
             0.0000          0.0000          0.0000

     Atom 28  H   pos: (  0.608777 -0.178094  0.377292)  para_oo sigma:           0.00
             0.0000          0.0000          0.0000
             0.0000          0.0000          0.0000
             0.0000          0.0000          0.0000

     Atom 29  H   pos: ( -0.339150  0.477778  0.532361)  para_oo sigma:           0.00
             0.0000          0.0000          0.0000
             0.0000          0.0000          0.0000
             0.0000          0.0000          0.0000

     Atom 30  H   pos: (  0.792027 -0.044565  0.428385)  para_oo sigma:           0.00
             0.0000          0.0000          0.0000
             0.0000          0.0000          0.0000
             0.0000          0.0000          0.0000

     Atom 31  H   pos: (  0.064557 -0.130115  0.604005)  para_oo sigma:           0.00
             0.0000          0.0000          0.0000
             0.0000          0.0000          0.0000
             0.0000          0.0000          0.0000

     Atom 32  H   pos: (  0.388319  0.563328  0.356741)  para_oo sigma:           0.00
             0.0000          0.0000          0.0000
             0.0000          0.0000          0.0000
             0.0000          0.0000          0.0000

     Atom 33  H   pos: (  0.061104 -0.054378  0.826420)  para_oo sigma:           0.00
             0.0000          0.0000          0.0000
             0.0000          0.0000          0.0000
             0.0000          0.0000          0.0000

     Atom 34  H   pos: (  0.391772  0.487591  0.134326)  para_oo sigma:           0.00
             0.0000          0.0000          0.0000
             0.0000          0.0000          0.0000
             0.0000          0.0000          0.0000

     Atom 35  H   pos: (  0.678818  0.068495  0.125819)  para_oo sigma:           0.00
             0.0000          0.0000          0.0000
             0.0000          0.0000          0.0000
             0.0000          0.0000          0.0000

     Atom 36  H   pos: ( -0.225942  0.364717  0.834926)  para_oo sigma:           0.00
             0.0000          0.0000          0.0000
             0.0000          0.0000          0.0000
             0.0000          0.0000          0.0000

     Atom 37  H   pos: (  0.078730  0.277129  0.851453)  para_oo sigma:           0.00
             0.0000          0.0000          0.0000
             0.0000          0.0000          0.0000
             0.0000          0.0000          0.0000

     Atom 38  H   pos: (  0.374147  0.156084  0.109293)  para_oo sigma:           0.00
             0.0000          0.0000          0.0000
             0.0000          0.0000          0.0000
             0.0000          0.0000          0.0000

     Atom 39  H   pos: (  0.245346  0.306821  0.566643)  para_oo sigma:           0.00
             0.0000          0.0000          0.0000
             0.0000          0.0000          0.0000
             0.0000          0.0000          0.0000

     Atom 40  H   pos: (  0.207530  0.126392  0.394103)  para_oo sigma:           0.00
             0.0000          0.0000          0.0000
             0.0000          0.0000          0.0000
             0.0000          0.0000          0.0000

     Paramagnetic US L_R Q_R contribution in ppm:
 
     Atom  1  O   pos: ( -0.203400  0.337674  0.258681)  para_lq sigma:        -145.92
          -142.0016         -4.7460          4.5974
            -4.2636       -142.7592         -8.8389
             3.6738         -8.8527       -152.9889

     Atom  2  O   pos: (  0.656276  0.095538  0.702064)  para_lq sigma:        -145.92
          -142.0016         -4.7460          4.5974
            -4.2636       -142.7592         -8.8389
             3.6738         -8.8527       -152.9889

     Atom  3  N   pos: (  0.030081  0.456117  0.126466)  para_lq sigma:         -74.09
           -67.0726         -4.1779         -1.7053
            -5.0978        -75.1143        -11.8761
            -3.4485        -13.2108        -80.0759

     Atom  4  N   pos: (  0.422796 -0.022904  0.834280)  para_lq sigma:         -74.09
           -67.0726         -4.1779         -1.7053
            -5.0978        -75.1143        -11.8761
            -3.4485        -13.2108        -80.0759

     Atom  5  N   pos: (  0.008363  0.539083  0.288690)  para_lq sigma:         -72.32
           -69.7055         -2.1446          6.6004
            -1.5730        -67.1766         -5.4347
             7.5815         -4.7441        -80.0745

     Atom  6  N   pos: (  0.444513 -0.105870  0.672055)  para_lq sigma:         -72.32
           -69.7055         -2.1446          6.6004
            -1.5730        -67.1766         -5.4347
             7.5815         -4.7441        -80.0745

     Atom  7  N   pos: ( -0.206935  0.501582  0.518264)  para_lq sigma:         -63.61
           -67.3823         -5.6234          2.4489
            -6.5767        -60.5910         -5.9744
             2.0237         -6.0327        -62.8458

     Atom  8  N   pos: (  0.659811 -0.068369  0.442481)  para_lq sigma:         -63.61
           -67.3823         -5.6234          2.4489
            -6.5767        -60.5910         -5.9744
             2.0237         -6.0327        -62.8458

     Atom  9  N   pos: (  0.385341  0.527141  0.642340)  para_lq sigma:         -70.30
           -67.3993         -9.0813         -1.4094
            -9.1150        -75.8899         -6.2579
            -1.2232         -6.5435        -67.6173

     Atom 10  N   pos: (  0.067535 -0.093928  0.318406)  para_lq sigma:         -70.30
           -67.3993         -9.0813         -1.4094
            -9.1150        -75.8899         -6.2579
            -1.2232         -6.5435        -67.6173

     Atom 11  N   pos: (  0.016691 -0.136434  0.729870)  para_lq sigma:         -63.54
           -58.9775         -6.8072          2.3569
            -6.4188        -61.5355         -4.7081
             3.3502         -2.7052        -70.0938

     Atom 12  N   pos: (  0.436185  0.569647  0.230876)  para_lq sigma:         -63.54
           -58.9775         -6.8072          2.3569
            -6.4188        -61.5355         -4.7081
             3.3502         -2.7052        -70.0938

     Atom 13  C   pos: ( -0.094820  0.338196  0.111661)  para_lq sigma:         -16.24
           -14.5916         -0.4733          2.4026
             0.0672        -13.9680         -2.6791
             3.1903         -2.3722        -20.1685

     Atom 14  C   pos: (  0.547696  0.095017  0.849085)  para_lq sigma:         -16.24
           -14.5916         -0.4733          2.4026
             0.0672        -13.9680         -2.6791
             3.1903         -2.3722        -20.1685

     Atom 15  C   pos: ( -0.132661  0.466579  0.362097)  para_lq sigma:         -16.55
           -15.0668         -1.7762          0.3302
            -1.8617        -16.1061         -3.1998
             0.3183         -3.9333        -18.4661

     Atom 16  C   pos: (  0.585537 -0.033366  0.598649)  para_lq sigma:         -16.55
           -15.0668         -1.7762          0.3302
            -1.8617        -16.1061         -3.1998
             0.3183         -3.9333        -18.4661

     Atom 17  C   pos: ( -0.101884 -0.263270  0.768689)  para_lq sigma:         -14.88
           -14.0840         -2.5769          2.2691
            -2.7494        -14.3674         -0.0661
             1.8198         -1.1404        -16.1889

     Atom 18  C   pos: (  0.554761  0.696483  0.192057)  para_lq sigma:         -14.88
           -14.0840         -2.5769          2.2691
            -2.7494        -14.3674         -0.0661
             1.8198         -1.1404        -16.1889

     Atom 19  C   pos: (  0.805882 -0.267873  0.934191)  para_lq sigma:         -13.16
           -12.2148         -1.2908          1.0160
            -1.3498        -12.9039         -1.3015
             0.8050         -1.6088        -14.3738

     Atom 20  C   pos: ( -0.353006  0.701086  0.026554)  para_lq sigma:         -13.16
           -12.2148         -1.2908          1.0160
            -1.3498        -12.9039         -1.3015
             0.8050         -1.6088        -14.3738

     Atom 21  C   pos: (  0.683707 -0.403436  0.960948)  para_lq sigma:         -12.91
           -12.3556         -1.2334          0.9422
            -1.1599        -12.6761         -0.4579
             1.1285         -0.3173        -13.6899

     Atom 22  C   pos: ( -0.230831  0.836649 -0.000202)  para_lq sigma:         -12.91
           -12.3556         -1.2334          0.9422
            -1.1599        -12.6761         -0.4579
             1.1285         -0.3173        -13.6899

     Atom 23  C   pos: (  0.171043  0.384899  0.830265)  para_lq sigma:         -13.24
           -12.6527         -2.1301          0.9337
            -2.2151        -13.8430         -0.6109
             0.8005         -0.7439        -13.2232

     Atom 24  C   pos: (  0.281834  0.048313  0.130480)  para_lq sigma:         -13.24
           -12.6527         -2.1301          0.9337
            -2.2151        -13.8430         -0.6109
             0.8005         -0.7439        -13.2232

     Atom 25  C   pos: (  0.265556  0.400826  0.673651)  para_lq sigma:         -14.43
           -12.4510         -1.7820          0.2816
            -1.3991        -14.7348         -3.2766
             0.8514         -2.3597        -16.1056

     Atom 26  C   pos: (  0.187320  0.032387  0.287095)  para_lq sigma:         -14.43
           -12.4510         -1.7820          0.2816
            -1.3991        -14.7348         -3.2766
             0.8514         -2.3597        -16.1056

     Atom 27  H   pos: ( -0.155901  0.611307  0.583454)  para_lq sigma:           0.00
             0.0000          0.0000          0.0000
             0.0000          0.0000          0.0000
             0.0000          0.0000          0.0000

     Atom 28  H   pos: (  0.608777 -0.178094  0.377292)  para_lq sigma:           0.00
             0.0000          0.0000          0.0000
             0.0000          0.0000          0.0000
             0.0000          0.0000          0.0000

     Atom 29  H   pos: ( -0.339150  0.477778  0.532361)  para_lq sigma:           0.00
             0.0000          0.0000          0.0000
             0.0000          0.0000          0.0000
             0.0000          0.0000          0.0000

     Atom 30  H   pos: (  0.792027 -0.044565  0.428385)  para_lq sigma:           0.00
             0.0000          0.0000          0.0000
             0.0000          0.0000          0.0000
             0.0000          0.0000          0.0000

     Atom 31  H   pos: (  0.064557 -0.130115  0.604005)  para_lq sigma:           0.00
             0.0000          0.0000          0.0000
             0.0000          0.0000          0.0000
             0.0000          0.0000          0.0000

     Atom 32  H   pos: (  0.388319  0.563328  0.356741)  para_lq sigma:           0.00
             0.0000          0.0000          0.0000
             0.0000          0.0000          0.0000
             0.0000          0.0000          0.0000

     Atom 33  H   pos: (  0.061104 -0.054378  0.826420)  para_lq sigma:           0.00
             0.0000          0.0000          0.0000
             0.0000          0.0000          0.0000
             0.0000          0.0000          0.0000

     Atom 34  H   pos: (  0.391772  0.487591  0.134326)  para_lq sigma:           0.00
             0.0000          0.0000          0.0000
             0.0000          0.0000          0.0000
             0.0000          0.0000          0.0000

     Atom 35  H   pos: (  0.678818  0.068495  0.125819)  para_lq sigma:           0.00
             0.0000          0.0000          0.0000
             0.0000          0.0000          0.0000
             0.0000          0.0000          0.0000

     Atom 36  H   pos: ( -0.225942  0.364717  0.834926)  para_lq sigma:           0.00
             0.0000          0.0000          0.0000
             0.0000          0.0000          0.0000
             0.0000          0.0000          0.0000

     Atom 37  H   pos: (  0.078730  0.277129  0.851453)  para_lq sigma:           0.00
             0.0000          0.0000          0.0000
             0.0000          0.0000          0.0000
             0.0000          0.0000          0.0000

     Atom 38  H   pos: (  0.374147  0.156084  0.109293)  para_lq sigma:           0.00
             0.0000          0.0000          0.0000
             0.0000          0.0000          0.0000
             0.0000          0.0000          0.0000

     Atom 39  H   pos: (  0.245346  0.306821  0.566643)  para_lq sigma:           0.00
             0.0000          0.0000          0.0000
             0.0000          0.0000          0.0000
             0.0000          0.0000          0.0000

     Atom 40  H   pos: (  0.207530  0.126392  0.394103)  para_lq sigma:           0.00
             0.0000          0.0000          0.0000
             0.0000          0.0000          0.0000
             0.0000          0.0000          0.0000

 
     Total NMR chemical shifts in ppm: ---------------------------------------
     (adopting the Simpson convention for anisotropy and asymmetry)-----------
 
     Atom  1  O   pos: ( -0.203400  0.337674  0.258681)  Total sigma:          20.88
            26.5418        -58.5512         47.1630
           -59.4286         45.1849        -50.8734
            34.6611        -41.5916         -9.0751

     O    1    anisotropy:    154.94    eta:   -0.1350
     O    1    sigma_11=    -23.79    axis=( -0.737517 -0.672454 -0.062239)
     O    1    sigma_22=    -37.74    axis=( -0.325467  0.273174  0.905233)
     O    1    sigma_33=    124.18    axis=(  0.591726 -0.687882  0.420333)
 
     Atom  2  O   pos: (  0.656276  0.095538  0.702064)  Total sigma:          20.88
            26.5418        -58.5512         47.1630
           -59.4286         45.1849        -50.8734
            34.6611        -41.5916         -9.0751

     O    2    anisotropy:    154.94    eta:   -0.1350
     O    2    sigma_11=    -23.79    axis=( -0.737517 -0.672454 -0.062239)
     O    2    sigma_22=    -37.74    axis=( -0.325467  0.273174  0.905233)
     O    2    sigma_33=    124.18    axis=(  0.591726 -0.687882  0.420333)
 
     Atom  3  N   pos: (  0.030081  0.456117  0.126466)  Total sigma:         -75.94
            -5.6934        -82.1936         58.8367
          -105.9042        -56.4117       -150.8217
            43.4001       -146.1698       -165.7210

     N    3    anisotropy:    309.64    eta:   -0.8793
     N    3    sigma_11=    -88.40    axis=(  0.785643  0.476150 -0.395026)
     N    3    sigma_22=   -269.92    axis=(  0.051901  0.585524  0.808992)
     N    3    sigma_33=    130.49    axis=( -0.616499  0.656081 -0.435300)
 
     Atom  4  N   pos: (  0.422796 -0.022904  0.834280)  Total sigma:         -75.94
            -5.6934        -82.1936         58.8367
          -105.9042        -56.4117       -150.8217
            43.4001       -146.1698       -165.7210

     N    4    anisotropy:    309.64    eta:   -0.8793
     N    4    sigma_11=    -88.40    axis=(  0.785643  0.476150 -0.395026)
     N    4    sigma_22=   -269.92    axis=(  0.051901  0.585524  0.808992)
     N    4    sigma_33=    130.49    axis=( -0.616499  0.656081 -0.435300)
 
     Atom  5  N   pos: (  0.008363  0.539083  0.288690)  Total sigma:         -20.11
             7.9244        -52.7718         57.9686
           -45.1158         23.1424        -86.6795
            66.7583        -75.3882        -91.3894

     N    5    anisotropy:    203.42    eta:   -0.7977
     N    5    sigma_11=    -33.82    axis=(  0.780663  0.624091 -0.032791)
     N    5    sigma_22=   -142.01    axis=( -0.253714  0.364444  0.895997)
     N    5    sigma_33=    115.51    axis=( -0.571134  0.691152 -0.442849)
 
     Atom  6  N   pos: (  0.444513 -0.105870  0.672055)  Total sigma:         -20.11
             7.9244        -52.7718         57.9686
           -45.1158         23.1424        -86.6795
            66.7583        -75.3882        -91.3894

     N    6    anisotropy:    203.42    eta:   -0.7977
     N    6    sigma_11=    -33.82    axis=(  0.780663  0.624091 -0.032791)
     N    6    sigma_22=   -142.01    axis=( -0.253714  0.364444  0.895997)
     N    6    sigma_33=    115.51    axis=( -0.571134  0.691152 -0.442849)
 
     Atom  7  N   pos: ( -0.206935  0.501582  0.518264)  Total sigma:         167.20
           146.0605        -35.8019         -7.4784
           -48.4310        159.2414         -7.5254
            -5.7633         -1.1037        196.2934

     N    7    anisotropy:    -86.82    eta:   -0.0461
     N    7    sigma_11=    194.80    axis=(  0.559873 -0.714047  0.420332)
     N    7    sigma_22=    197.48    axis=( -0.335913  0.268131  0.902922)
     N    7    sigma_33=    109.32    axis=(  0.757433  0.646716  0.089738)
 
     Atom  8  N   pos: (  0.659811 -0.068369  0.442481)  Total sigma:         167.20
           146.0605        -35.8019         -7.4784
           -48.4310        159.2414         -7.5254
            -5.7633         -1.1037        196.2934

     N    8    anisotropy:    -86.82    eta:   -0.0461
     N    8    sigma_11=    194.80    axis=(  0.559873 -0.714047  0.420332)
     N    8    sigma_22=    197.48    axis=( -0.335913  0.268131  0.902922)
     N    8    sigma_33=    109.32    axis=(  0.757433  0.646716  0.089738)
 
     Atom  9  N   pos: (  0.385341  0.527141  0.642340)  Total sigma:         -31.25
            39.2192       -189.2379         80.8512
          -197.1696        -78.8881       -121.4173
            83.7790        -90.2264        -54.0807

     N    9    anisotropy:    406.16    eta:   -0.4782
     N    9    sigma_11=   -101.90    axis=( -0.477942  0.024994  0.878036)
     N    9    sigma_22=   -231.37    axis=(  0.509653  0.822026  0.254020)
     N    9    sigma_33=    239.52    axis=( -0.715420  0.568901 -0.405619)
 
     Atom 10  N   pos: (  0.067535 -0.093928  0.318406)  Total sigma:         -31.25
            39.2192       -189.2379         80.8512
          -197.1696        -78.8881       -121.4173
            83.7790        -90.2264        -54.0807

     N   10    anisotropy:    406.16    eta:   -0.4782
     N   10    sigma_11=   -101.90    axis=( -0.477942  0.024994  0.878036)
     N   10    sigma_22=   -231.37    axis=(  0.509653  0.822026  0.254020)
     N   10    sigma_33=    239.52    axis=( -0.715420  0.568901 -0.405619)
 
     Atom 11  N   pos: (  0.016691 -0.136434  0.729870)  Total sigma:         137.13
           161.8105         -6.2723          9.9958
             9.2674        158.6204        -56.6905
             3.6470        -25.6157         90.9499

     N   11    anisotropy:    -99.19    eta:   -0.2426
     N   11    sigma_11=    162.17    axis=( -0.992452 -0.119897 -0.025777)
     N   11    sigma_22=    178.21    axis=(  0.097206 -0.897232  0.430726)
     N   11    sigma_33=     71.00    axis=( -0.074771  0.424969  0.902115)
 
     Atom 12  N   pos: (  0.436185  0.569647  0.230876)  Total sigma:         137.13
           161.8105         -6.2723          9.9958
             9.2674        158.6204        -56.6905
             3.6470        -25.6157         90.9499

     N   12    anisotropy:    -99.19    eta:   -0.2426
     N   12    sigma_11=    162.17    axis=( -0.992452 -0.119897 -0.025777)
     N   12    sigma_22=    178.21    axis=(  0.097206 -0.897232  0.430726)
     N   12    sigma_33=     71.00    axis=( -0.074771  0.424969  0.902115)
 
     Atom 13  C   pos: ( -0.094820  0.338196  0.111661)  Total sigma:           5.55
            29.3287         -0.4805         36.3190
             5.1593         37.5411        -39.6207
            53.8073        -23.3671        -50.2168

     C   13    anisotropy:   -125.65    eta:   -0.2561
     C   13    sigma_11=     36.71    axis=(  0.657062  0.750705  0.068640)
     C   13    sigma_22=     58.16    axis=( -0.651746  0.611473 -0.448697)
     C   13    sigma_33=    -78.21    axis=( -0.378811  0.250086  0.891044)
 
     Atom 14  C   pos: (  0.547696  0.095017  0.849085)  Total sigma:           5.55
            29.3287         -0.4805         36.3190
             5.1593         37.5411        -39.6207
            53.8073        -23.3671        -50.2168

     C   14    anisotropy:   -125.65    eta:   -0.2561
     C   14    sigma_11=     36.71    axis=(  0.657062  0.750705  0.068640)
     C   14    sigma_22=     58.16    axis=( -0.651746  0.611473 -0.448697)
     C   14    sigma_33=    -78.21    axis=( -0.378811  0.250086  0.891044)
 
     Atom 15  C   pos: ( -0.132661  0.466579  0.362097)  Total sigma:           1.60
            22.7164        -26.0979          2.8869
           -27.7170          0.9087        -46.6154
            -9.3345        -63.3048        -18.8363

     C   15    anisotropy:   -106.17    eta:   -0.5857
     C   15    sigma_11=     16.26    axis=(  0.837071  0.258706 -0.482061)
     C   15    sigma_22=     57.72    axis=( -0.502422  0.712239 -0.490192)
     C   15    sigma_33=    -69.18    axis=(  0.216527  0.652524  0.726174)
 
     Atom 16  C   pos: (  0.585537 -0.033366  0.598649)  Total sigma:           1.60
            22.7164        -26.0979          2.8869
           -27.7170          0.9087        -46.6154
            -9.3345        -63.3048        -18.8363

     C   16    anisotropy:   -106.17    eta:   -0.5857
     C   16    sigma_11=     16.26    axis=(  0.837071  0.258706 -0.482061)
     C   16    sigma_22=     57.72    axis=( -0.502422  0.712239 -0.490192)
     C   16    sigma_33=    -69.18    axis=(  0.216527  0.652524  0.726174)
 
     Atom 17  C   pos: ( -0.101884 -0.263270  0.768689)  Total sigma:          13.60
            40.3391        -68.5881         42.2219
           -73.3432         10.8257        -16.9365
            34.7509        -37.0386        -10.3546

     C   17    anisotropy:    152.90    eta:   -0.1972
     C   17    sigma_11=    -27.31    axis=( -0.168457  0.340977  0.924855)
     C   17    sigma_22=    -47.41    axis=(  0.660759  0.735306 -0.150740)
     C   17    sigma_33=    115.54    axis=( -0.731450  0.585714 -0.349171)
 
     Atom 18  C   pos: (  0.554761  0.696483  0.192057)  Total sigma:          13.60
            40.3391        -68.5881         42.2219
           -73.3432         10.8257        -16.9365
            34.7509        -37.0386        -10.3546

     C   18    anisotropy:    152.90    eta:   -0.1972
     C   18    sigma_11=    -27.31    axis=( -0.168457  0.340977  0.924855)
     C   18    sigma_22=    -47.41    axis=(  0.660759  0.735306 -0.150740)
     C   18    sigma_33=    115.54    axis=( -0.731450  0.585714 -0.349171)
 
     Atom 19  C   pos: (  0.805882 -0.267873  0.934191)  Total sigma:          65.91
           106.2371        -37.3007         36.3774
           -45.9342         69.3922        -50.0538
            31.4237        -47.8090         22.0974

     C   19    anisotropy:    136.13    eta:   -0.6528
     C   19    sigma_11=     50.15    axis=(  0.681909  0.656893 -0.321703)
     C   19    sigma_22=     -9.09    axis=( -0.073624  0.499232  0.863335)
     C   19    sigma_33=    156.66    axis=( -0.727723  0.565030 -0.388794)
 
     Atom 20  C   pos: ( -0.353006  0.701086  0.026554)  Total sigma:          65.91
           106.2371        -37.3007         36.3774
           -45.9342         69.3922        -50.0538
            31.4237        -47.8090         22.0974

     C   20    anisotropy:    136.13    eta:   -0.6528
     C   20    sigma_11=     50.15    axis=(  0.681909  0.656893 -0.321703)
     C   20    sigma_22=     -9.09    axis=( -0.073624  0.499232  0.863335)
     C   20    sigma_33=    156.66    axis=( -0.727723  0.565030 -0.388794)
 
     Atom 21  C   pos: (  0.683707 -0.403436  0.960948)  Total sigma:          31.74
            74.0581        -70.0937         71.6247
           -74.7410         50.8044        -32.8984
            79.4311        -27.3437        -29.6305

     C   21    anisotropy:    202.30    eta:   -0.5084
     C   21    sigma_11=     -1.41    axis=(  0.454625  0.824683  0.336474)
     C   21    sigma_22=    -69.97    axis=( -0.494387 -0.080585  0.865498)
     C   21    sigma_33=    166.61    axis=(  0.740876 -0.559825  0.371077)
 
     Atom 22  C   pos: ( -0.230831  0.836649 -0.000202)  Total sigma:          31.74
            74.0581        -70.0937         71.6247
           -74.7410         50.8044        -32.8984
            79.4311        -27.3437        -29.6305

     C   22    anisotropy:    202.30    eta:   -0.5084
     C   22    sigma_11=     -1.41    axis=(  0.454625  0.824683  0.336474)
     C   22    sigma_22=    -69.97    axis=( -0.494387 -0.080585  0.865498)
     C   22    sigma_33=    166.61    axis=(  0.740876 -0.559825  0.371077)
 
     Atom 23  C   pos: (  0.171043  0.384899  0.830265)  Total sigma:          54.32
            69.7655       -100.3358         37.6652
           -93.5309         32.8725        -16.8512
            46.9009        -10.3164         60.3193

     C   23    anisotropy:    167.88    eta:   -0.8646
     C   23    sigma_11=     46.74    axis=( -0.179560  0.357185  0.916612)
     C   23    sigma_22=    -50.03    axis=(  0.654429  0.739046 -0.159792)
     C   23    sigma_33=    166.24    axis=(  0.734493 -0.571165  0.366456)
 
     Atom 24  C   pos: (  0.281834  0.048313  0.130480)  Total sigma:          54.32
            69.7655       -100.3358         37.6652
           -93.5309         32.8725        -16.8512
            46.9009        -10.3164         60.3193

     C   24    anisotropy:    167.88    eta:   -0.8646
     C   24    sigma_11=     46.74    axis=( -0.179560  0.357185  0.916612)
     C   24    sigma_22=    -50.03    axis=(  0.654429  0.739046 -0.159792)
     C   24    sigma_33=    166.24    axis=(  0.734493 -0.571165  0.366456)
 
     Atom 25  C   pos: (  0.265556  0.400826  0.673651)  Total sigma:          18.32
            64.4181        -72.4692          9.9227
           -62.2408         -2.6881        -82.6137
            18.3788        -63.8057         -6.7586

     C   25    anisotropy:    164.40    eta:   -0.9457
     C   25    sigma_11=     15.35    axis=(  0.652070  0.331859 -0.681671)
     C   25    sigma_22=    -88.30    axis=(  0.268925  0.739409  0.617215)
     C   25    sigma_33=    127.92    axis=( -0.708861  0.585786 -0.392901)
 
     Atom 26  C   pos: (  0.187320  0.032387  0.287095)  Total sigma:          18.32
            64.4181        -72.4692          9.9227
           -62.2408         -2.6881        -82.6137
            18.3788        -63.8057         -6.7586

     C   26    anisotropy:    164.40    eta:   -0.9457
     C   26    sigma_11=     15.35    axis=(  0.652070  0.331859 -0.681671)
     C   26    sigma_22=    -88.30    axis=(  0.268925  0.739409  0.617215)
     C   26    sigma_33=    127.92    axis=( -0.708861  0.585786 -0.392901)
 
     Atom 27  H   pos: ( -0.155901  0.611307  0.583454)  Total sigma:          20.75
            17.7718          8.6157          1.0853
             8.5450         24.3218         10.0551
             0.2105         10.3229         20.1489

     H   27    anisotropy:     22.28    eta:   -0.6517
     H   27    sigma_11=     18.16    axis=( -0.736562 -0.084097  0.671122)
     H   27    sigma_22=      8.48    axis=( -0.555470  0.641351 -0.529266)
     H   27    sigma_33=     35.60    axis=(  0.385915  0.762625  0.519108)
 
     Atom 28  H   pos: (  0.608777 -0.178094  0.377292)  Total sigma:          20.75
            17.7718          8.6157          1.0853
             8.5450         24.3218         10.0551
             0.2105         10.3229         20.1489

     H   28    anisotropy:     22.28    eta:   -0.6517
     H   28    sigma_11=     18.16    axis=( -0.736562 -0.084097  0.671122)
     H   28    sigma_22=      8.48    axis=( -0.555470  0.641351 -0.529266)
     H   28    sigma_33=     35.60    axis=(  0.385915  0.762625  0.519108)
 
     Atom 29  H   pos: ( -0.339150  0.477778  0.532361)  Total sigma:          24.58
            32.4250          3.0041         -4.9471
             1.2795         19.3926          1.7870
            -5.7997          0.5601         21.9087

     H   29    anisotropy:     15.39    eta:   -0.3729
     H   29    sigma_11=     21.36    axis=(  0.218350  0.664581  0.714601)
     H   29    sigma_22=     17.53    axis=(  0.319736 -0.740571  0.591036)
     H   29    sigma_33=     34.84    axis=( -0.922004 -0.099431  0.374195)
 
     Atom 30  H   pos: (  0.792027 -0.044565  0.428385)  Total sigma:          24.58
            32.4250          3.0041         -4.9471
             1.2795         19.3926          1.7870
            -5.7997          0.5601         21.9087

     H   30    anisotropy:     15.39    eta:   -0.3729
     H   30    sigma_11=     21.36    axis=(  0.218350  0.664581  0.714601)
     H   30    sigma_22=     17.53    axis=(  0.319736 -0.740571  0.591036)
     H   30    sigma_33=     34.84    axis=( -0.922004 -0.099431  0.374195)
 
     Atom 31  H   pos: (  0.064557 -0.130115  0.604005)  Total sigma:          23.36
            20.7719          3.1166         -4.6213
             3.6262         18.0452         -1.5975
            -6.2541          1.1304         31.2535

     H   31    anisotropy:     15.55    eta:   -0.5808
     H   31    sigma_11=     21.18    axis=(  0.647782  0.668513  0.365334)
     H   31    sigma_22=     15.17    axis=(  0.643698 -0.736789  0.206871)
     H   31    sigma_33=     33.72    axis=( -0.407470 -0.101158  0.907599)
 
     Atom 32  H   pos: (  0.388319  0.563328  0.356741)  Total sigma:          23.36
            20.7719          3.1166         -4.6213
             3.6262         18.0452         -1.5975
            -6.2541          1.1304         31.2535

     H   32    anisotropy:     15.55    eta:   -0.5808
     H   32    sigma_11=     21.18    axis=(  0.647782  0.668513  0.365334)
     H   32    sigma_22=     15.17    axis=(  0.643698 -0.736789  0.206871)
     H   32    sigma_33=     33.72    axis=( -0.407470 -0.101158  0.907599)
 
     Atom 33  H   pos: (  0.061104 -0.054378  0.826420)  Total sigma:          23.59
            22.5409          8.0324         -0.8523
             6.1149         21.7488          8.1877
            -0.0705          7.9627         26.4882

     H   33    anisotropy:    -17.27    eta:   -0.8232
     H   33    sigma_11=     24.61    axis=(  0.770808  0.185756 -0.609384)
     H   33    sigma_22=     34.09    axis=(  0.370212  0.647846  0.665761)
     H   33    sigma_33=     12.08    axis=( -0.518457  0.738776 -0.430596)
 
     Atom 34  H   pos: (  0.391772  0.487591  0.134326)  Total sigma:          23.59
            22.5409          8.0324         -0.8523
             6.1149         21.7488          8.1877
            -0.0705          7.9627         26.4882

     H   34    anisotropy:    -17.27    eta:   -0.8232
     H   34    sigma_11=     24.61    axis=(  0.770808  0.185756 -0.609384)
     H   34    sigma_22=     34.09    axis=(  0.370212  0.647846  0.665761)
     H   34    sigma_33=     12.08    axis=( -0.518457  0.738776 -0.430596)
 
     Atom 35  H   pos: (  0.678818  0.068495  0.125819)  Total sigma:          23.12
            22.5791          3.2533         -1.5889
             3.0697         23.5608          1.0283
            -0.0988          1.0756         23.2168

     H   35    anisotropy:     -5.57    eta:   -0.7101
     H   35    sigma_11=     23.66    axis=( -0.308358  0.145799  0.940031)
     H   35    sigma_22=     26.29    axis=( -0.634003 -0.768213 -0.088822)
     H   35    sigma_33=     19.41    axis=( -0.709194  0.623371 -0.329322)
 
     Atom 36  H   pos: ( -0.225942  0.364717  0.834926)  Total sigma:          23.12
            22.5791          3.2533         -1.5889
             3.0697         23.5608          1.0283
            -0.0988          1.0756         23.2168

     H   36    anisotropy:     -5.57    eta:   -0.7101
     H   36    sigma_11=     23.66    axis=( -0.308358  0.145799  0.940031)
     H   36    sigma_22=     26.29    axis=( -0.634003 -0.768213 -0.088822)
     H   36    sigma_33=     19.41    axis=( -0.709194  0.623371 -0.329322)
 
     Atom 37  H   pos: (  0.078730  0.277129  0.851453)  Total sigma:          24.51
            24.8734          2.0519         -2.3981
             1.8989         24.2055          1.3787
            -0.4994          1.8142         24.4566

     H   37    anisotropy:     -5.06    eta:   -0.2074
     H   37    sigma_11=     25.85    axis=( -0.280537  0.473676  0.834824)
     H   37    sigma_22=     26.55    axis=( -0.788578 -0.609593  0.080884)
     H   37    sigma_33=     21.14    axis=( -0.547215  0.635632 -0.544543)
 
     Atom 38  H   pos: (  0.374147  0.156084  0.109293)  Total sigma:          24.51
            24.8734          2.0519         -2.3981
             1.8989         24.2055          1.3787
            -0.4994          1.8142         24.4566

     H   38    anisotropy:     -5.06    eta:   -0.2074
     H   38    sigma_11=     25.85    axis=( -0.280537  0.473676  0.834824)
     H   38    sigma_22=     26.55    axis=( -0.788578 -0.609593  0.080884)
     H   38    sigma_33=     21.14    axis=( -0.547215  0.635632 -0.544543)
 
     Atom 39  H   pos: (  0.245346  0.306821  0.566643)  Total sigma:          23.65
            22.6680          2.9493         -1.4061
             2.3807         23.5495          0.0721
            -1.7313          1.2618         24.7306

     H   39    anisotropy:     -5.69    eta:   -0.2904
     H   39    sigma_11=     24.99    axis=( -0.106311 -0.571675 -0.813564)
     H   39    sigma_22=     26.10    axis=(  0.664195  0.568060 -0.485956)
     H   39    sigma_33=     19.86    axis=( -0.739962  0.592027 -0.319313)
 
     Atom 40  H   pos: (  0.207530  0.126392  0.394103)  Total sigma:          23.65
            22.6680          2.9493         -1.4061
             2.3807         23.5495          0.0721
            -1.7313          1.2618         24.7306

     H   40    anisotropy:     -5.69    eta:   -0.2904
     H   40    sigma_11=     24.99    axis=( -0.106311 -0.571675 -0.813564)
     H   40    sigma_22=     26.10    axis=(  0.664195  0.568060 -0.485956)
     H   40    sigma_33=     19.86    axis=( -0.739962  0.592027 -0.319313)
 
     Initialization:
     gipaw_setup  :      0.44s CPU      0.48s WALL (       1 calls)
 
     Linear response
     greenf       :  11040.14s CPU  11313.68s WALL (     336 calls)
     cgsolve      :  10988.53s CPU  11261.95s WALL (     336 calls)
     ch_psi       :  10802.54s CPU  11075.60s WALL (   25526 calls)
     h_psiq       :   8385.94s CPU   8655.58s WALL (   25526 calls)
 
     Apply operators
     h_psi        :   7630.76s CPU   7936.32s WALL (   37343 calls)
     apply_vel    :    121.54s CPU    121.78s WALL (     294 calls)
 
     Induced current
     j_para       :    478.80s CPU    489.55s WALL (     378 calls)
     biot_savart  :      0.05s CPU      0.06s WALL (       1 calls)
 
     Other routines
 
     General routines
     calbec       :   2779.05s CPU   2787.41s WALL (   91237 calls)
     fft          :      0.10s CPU      0.11s WALL (      32 calls)
     fftw         :   5526.66s CPU   5820.87s WALL ( 4143054 calls)
     davcio       :      0.03s CPU      2.19s WALL (     224 calls)
 
     Parallel routines
     fft_scatter  :   1269.59s CPU   1440.95s WALL ( 4143086 calls)
 
     Plugins
 
     GIPAW        :  13614.48s CPU  13962.50s WALL (       1 calls)
