
     Program QE v.6.1 (svn rev. 13369) starts on  4Dec2017 at 20:25:16 

     This program is part of the open-source Quantum ESPRESSO suite
     for quantum simulation of materials; please cite
         "P. Giannozzi et al., J. Phys.:Condens. Matter 21 395502 (2009);
          URL http://www.quantum-espresso.org", 
     in publications or presentations arising from this work. More details at
     http://www.quantum-espresso.org/quote

     Parallel version (MPI), running on     8 processors
     R & G space division:  proc/nbgrp/npool/nimage =       8
 
     ***** This is GIPAW svn revision unknown      *****
 
     Parallelizing q-star over 1 images
     Message from routine gipaw_readin:
     *** iverbosity is obsolete, use verbosity instead ***

     Reading data from directory:
     /scratch/paruzzo/QEspresso/CCDC/COWSOY/wfc/scf.save

   Info: using nr1, nr2, nr3 values from input

   Info: using nr1, nr2, nr3 values from input

     IMPORTANT: XC functional enforced from input :
     Exchange-correlation      =  SLA  PW   PBX  PBC ( 1  4  3  4 0 0)
     Any further DFT definition will be discarded
     Please, verify this is what you really want

               file C.pbe-n-kjpaw_psl.0.1.UPF: wavefunction(s)  2P renormalized
               file N.pbe-n-kjpaw_psl.0.1.UPF: wavefunction(s)  2P renormalized
               file H.pbe-kjpaw_psl.0.1.UPF: wavefunction(s)  1S renormalized
               file O.pbe-n-kjpaw_psl.0.1.UPF: wavefunction(s)  2P renormalized
 
     Parallelization info
     --------------------
     sticks:   dense  smooth     PW     G-vecs:    dense   smooth      PW
     Min         790     790    213                44514    44514    6244
     Max         791     791    214                44516    44516    6246
     Sum        6325    6325   1709               356121   356121   49961
 

     Check: negative/imaginary core charge=   -0.000002    0.000000

     Subspace diagonalization in iterative solution of the eigenvalue problem:
     a serial algorithm will be used

     GIPAW projectors -----------------------------------------------
     atom=  C    l=0  rc=    1.3000  rs=    0.8667
     atom=  C    l=0  rc=    1.3000  rs=    0.8667
     atom=  C    l=1  rc=    1.4500  rs=    0.9667
     atom=  C    l=1  rc=    1.4500  rs=    0.9667
     projs nearly linearly dependent: l=0  n1,n2= 1, 2  s=  0.99877758
     projs nearly linearly dependent: l=1  n1,n2= 1, 2  s=  0.99940894
 
     atom=  N    l=0  rc=    1.3000  rs=    0.8667
     atom=  N    l=0  rc=    1.3000  rs=    0.8667
     atom=  N    l=1  rc=    1.4500  rs=    0.9667
     atom=  N    l=1  rc=    1.4500  rs=    0.9667
     projs nearly linearly dependent: l=0  n1,n2= 1, 2  s=  0.99709514
     projs nearly linearly dependent: l=1  n1,n2= 1, 2  s=  0.99857174
 
     atom=  H    l=0  rc=    1.0000  rs=    0.6667
     atom=  H    l=0  rc=    1.0000  rs=    0.6667
     projs nearly linearly dependent: l=0  n1,n2= 1, 2  s=  0.99968852
 
     atom=  O    l=0  rc=    1.3500  rs=    0.9000
     atom=  O    l=0  rc=    1.3500  rs=    0.9000
     atom=  O    l=1  rc=    1.3500  rs=    0.9000
     atom=  O    l=1  rc=    1.3500  rs=    0.9000
     projs nearly linearly dependent: l=0  n1,n2= 1, 2  s=  0.99100135
     projs nearly linearly dependent: l=1  n1,n2= 1, 2  s=  0.99790100
     -----------------------------------------------------------------
 
     alpha_pv=     48.9521 eV
 
     q-space interpolation up to   110.00 Rydberg
 
     GIPAW job: nmr                                                                             
     NMR macroscopic correction: yes
             0.6667          0.0000          0.0000
             0.0000          0.6667          0.0000
             0.0000          0.0000          0.6667

 
     Largest allocated arrays     est. size (Mb)     dimensions
        KS wavefunctions at k           7.72 Mb     (    5561,   91)
        KS wavefunctions at k+q         7.72 Mb     (    5561,   91)
        First-order wavefunctions      77.22 Mb     (    5561,   91, 10)
        First-order wavefunct (US)     46.33 Mb     (    5561,   91,  6)
        Charge/spin density             0.95 Mb     (  124800,    1)
        Induced current                 8.57 Mb     (  124800,    3,3,1)
        Induced magnetic field          8.57 Mb     (  124800,    3,3,1)
        NL pseudopotentials            21.38 Mb     (    5561,  252)
        GIPAW NL terms                 21.38 Mb     (    5561,  252)
 
     Computing the magnetic susceptibility     isolve=0    ethr=  0.1000E-13
     k-point #    1 of    14      pool #  1    cpu time:       7.9
     Rotating WFCS
     c_bands:  2 eigenvalues not converged
     Rotating WFCS
     Rotating WFCS
     Rotating WFCS
     Rotating WFCS
     Rotating WFCS
     c_bands:  2 eigenvalues not converged
     Rotating WFCS
     c_bands:  2 eigenvalues not converged
     k-point #    2 of    14      pool #  1    cpu time:     830.4
     Rotating WFCS
     c_bands:  1 eigenvalues not converged
     Rotating WFCS
     Rotating WFCS
     Rotating WFCS
     Rotating WFCS
     Rotating WFCS
     Rotating WFCS
     c_bands:  1 eigenvalues not converged
     k-point #    3 of    14      pool #  1    cpu time:    1645.4
     Rotating WFCS
     c_bands:  1 eigenvalues not converged
     Rotating WFCS
     Rotating WFCS
     Rotating WFCS
     Rotating WFCS
     Rotating WFCS
     c_bands:  2 eigenvalues not converged
     Rotating WFCS
     k-point #    4 of    14      pool #  1    cpu time:    2511.9
     Rotating WFCS
     Rotating WFCS
     Rotating WFCS
     Rotating WFCS
     Rotating WFCS
     Rotating WFCS
     Rotating WFCS
     k-point #    5 of    14      pool #  1    cpu time:    3362.5
     Rotating WFCS
     Rotating WFCS
     Rotating WFCS
     Rotating WFCS
     Rotating WFCS
     Rotating WFCS
     Rotating WFCS
     k-point #    6 of    14      pool #  1    cpu time:    4191.2
     Rotating WFCS
     Rotating WFCS
     Rotating WFCS
     Rotating WFCS
     Rotating WFCS
     Rotating WFCS
     Rotating WFCS
     c_bands:  1 eigenvalues not converged
     k-point #    7 of    14      pool #  1    cpu time:    5057.0
     Rotating WFCS
     c_bands:  1 eigenvalues not converged
     Rotating WFCS
     Rotating WFCS
     Rotating WFCS
     Rotating WFCS
     Rotating WFCS
     Rotating WFCS
     k-point #    8 of    14      pool #  1    cpu time:    5898.3
     Rotating WFCS
     Rotating WFCS
     Rotating WFCS
     Rotating WFCS
     Rotating WFCS
     Rotating WFCS
     Rotating WFCS
     k-point #    9 of    14      pool #  1    cpu time:    6708.8
     Rotating WFCS
     Rotating WFCS
     Rotating WFCS
     Rotating WFCS
     Rotating WFCS
     Rotating WFCS
     Rotating WFCS
     k-point #   10 of    14      pool #  1    cpu time:    7571.8
     Rotating WFCS
     Rotating WFCS
     Rotating WFCS
     Rotating WFCS
     Rotating WFCS
     Rotating WFCS
     Rotating WFCS
     k-point #   11 of    14      pool #  1    cpu time:    8401.6
     Rotating WFCS
     c_bands:  1 eigenvalues not converged
     Rotating WFCS
     Rotating WFCS
     Rotating WFCS
     Rotating WFCS
     Rotating WFCS
     c_bands:  1 eigenvalues not converged
     Rotating WFCS
     k-point #   12 of    14      pool #  1    cpu time:    9246.4
     Rotating WFCS
     Rotating WFCS
     Rotating WFCS
     Rotating WFCS
     Rotating WFCS
     Rotating WFCS
     Rotating WFCS
     k-point #   13 of    14      pool #  1    cpu time:   10059.4
     Rotating WFCS
     c_bands:  1 eigenvalues not converged
     Rotating WFCS
     Rotating WFCS
     Rotating WFCS
     Rotating WFCS
     Rotating WFCS
     c_bands:  1 eigenvalues not converged
     Rotating WFCS
     c_bands:  1 eigenvalues not converged
     k-point #   14 of    14      pool #  1    cpu time:   10872.3
     Rotating WFCS
     Rotating WFCS
     Rotating WFCS
     Rotating WFCS
     Rotating WFCS
     Rotating WFCS
     Rotating WFCS
     End of magnetic susceptibility calculation
 
     f-sum rule (1st term):
          -144.7370          0.0250          0.0390
             0.0297       -144.7205         -0.1570
             0.0451         -0.1589       -144.9023

     f-sum rule (2nd term):
            -3.1000         -0.0250         -0.0389
            -0.0297         -3.1165          0.1572
            -0.0449          0.1590         -2.9345

     f-sum rule (should be  -147.8371):
          -147.8370          0.0000          0.0001
             0.0000       -147.8370          0.0001
             0.0001          0.0001       -147.8368

     chi_bare pGv (HH) in paratec units:
       -40.712633     -4.385590      3.594863
        -4.213329    -45.973378      5.146993
         3.397397      5.084902    -38.091774

       -40.712633     -4.385590      3.594863
        -4.213329    -45.973378      5.146993
         3.397397      5.084902    -38.091774

     chi_bare vGv (VV) in paratec units:
       -39.958677     -6.211712      4.866286
        -6.201482    -46.511194      7.067361
         4.873624      7.055236    -36.737453

       -39.958677     -6.211712      4.866286
        -6.201482    -46.511194      7.067361
         4.873624      7.055236    -36.737453

     chi_bare pGv (HH) in 10^{-6} cm^3/mol:
          -193.4703        -20.8407         17.0831
           -20.0221       -218.4698         24.4590
            16.1448         24.1639       -181.0157

     chi_bare vGv (VV) in 10^{-6} cm^3/mol:
          -189.8874        -29.5186         23.1251
           -29.4700       -221.0256         33.5848
            23.1599         33.5271       -174.5798

     Contributions to the NMR chemical shifts: -------------------------------
 
     Macroscopic shape contribution in ppm:                    7.04
             6.8912          0.0000          0.0000
             0.0000          7.7817          0.0000
             0.0000          0.0000          6.4476

 
     Core contribution in ppm:
 
     Atom  1  O   pos: ( -0.192785  0.052278  0.657786)  core sigma:         271.07
     Atom  2  O   pos: (  0.712802  0.362830  0.277723)  core sigma:         271.07
     Atom  3  O   pos: (  0.359450 -0.065561  0.666406)  core sigma:         271.07
     Atom  4  O   pos: (  0.160568  0.480669  0.269103)  core sigma:         271.07
     Atom  5  N   pos: (  0.768277 -0.053689  0.366003)  core sigma:         235.78
     Atom  6  N   pos: ( -0.248259  0.468796  0.569506)  core sigma:         235.78
     Atom  7  N   pos: (  0.035646 -0.066036  0.472509)  core sigma:         235.78
     Atom  8  N   pos: (  0.484371  0.481144  0.463000)  core sigma:         235.78
     Atom  9  N   pos: (  0.044214 -0.134803  0.304197)  core sigma:         235.78
     Atom 10  N   pos: (  0.475803  0.549911  0.631312)  core sigma:         235.78
     Atom 11  N   pos: (  0.427455  0.076438  0.931322)  core sigma:         235.78
     Atom 12  N   pos: (  0.092563  0.338669  0.004188)  core sigma:         235.78
     Atom 13  N   pos: (  0.336679  0.062640  0.779419)  core sigma:         235.78
     Atom 14  N   pos: (  0.183338  0.352467  0.156090)  core sigma:         235.78
     Atom 15  N   pos: (  0.211173  0.187415  0.758247)  core sigma:         235.78
     Atom 16  N   pos: (  0.308844  0.227692  0.177262)  core sigma:         235.78
     Atom 17  N   pos: (  0.218124  0.288294  0.904008)  core sigma:         235.78
     Atom 18  N   pos: (  0.301894  0.126814  0.031502)  core sigma:         235.78
     Atom 19  N   pos: (  0.585182 -0.028163  0.346831)  core sigma:         235.78
     Atom 20  N   pos: ( -0.065164  0.443271  0.588679)  core sigma:         235.78
     Atom 21  C   pos: (  0.880179 -0.127944  0.242852)  core sigma:         200.51
     Atom 22  C   pos: ( -0.360161  0.543052  0.692658)  core sigma:         200.51
     Atom 23  C   pos: ( -0.132262 -0.013010  0.518735)  core sigma:         200.51
     Atom 24  C   pos: (  0.652279  0.428118  0.416774)  core sigma:         200.51
     Atom 25  C   pos: (  0.393476  0.787859  0.070555)  core sigma:         200.51
     Atom 26  C   pos: (  0.126542 -0.372751  0.864954)  core sigma:         200.51
     Atom 27  H   pos: (  0.564431  0.099107  0.301626)  core sigma:           0.00
     Atom 28  H   pos: ( -0.044414  0.316001  0.633883)  core sigma:           0.00
     Atom 29  H   pos: (  0.528181 -0.036305  0.471535)  core sigma:           0.00
     Atom 30  H   pos: ( -0.008163  0.451412  0.463975)  core sigma:           0.00
     Atom 31  H   pos: (  0.150821 -0.060063  0.548658)  core sigma:           0.00
     Atom 32  H   pos: (  0.369196  0.475170  0.386851)  core sigma:           0.00
     Atom 33  N   pos: ( -0.087969  0.713273  0.091496)  core sigma:         235.78
     Atom 34  N   pos: (  0.607987 -0.298165  0.844014)  core sigma:         235.78
     Atom 35  H   pos: ( -0.003832  0.628506  0.162450)  core sigma:           0.00
     Atom 36  H   pos: (  0.523849 -0.213399  0.773059)  core sigma:           0.00
     Atom 37  H   pos: ( -0.204977  0.736677  0.161583)  core sigma:           0.00
     Atom 38  H   pos: (  0.724995 -0.321570  0.773926)  core sigma:           0.00
     Atom 39  H   pos: ( -0.025858  0.834906  0.077039)  core sigma:           0.00
     Atom 40  H   pos: (  0.545876 -0.419799  0.858470)  core sigma:           0.00
     Atom 41  H   pos: ( -0.158096  0.091324  0.901844)  core sigma:           0.00
     Atom 42  H   pos: (  0.678114  0.323783  0.033666)  core sigma:           0.00
 
     Bare contribution in ppm:
 
     Atom  1  O   pos: ( -0.192785  0.052278  0.657786)  bare sigma:          27.71
            -6.9463         21.0691          1.2820
            14.0954         82.7468        -25.5961
            -2.0763        -33.9327          7.3370

     Atom  2  O   pos: (  0.712802  0.362830  0.277723)  bare sigma:          27.71
            -6.9463         21.0691          1.2820
            14.0954         82.7468        -25.5961
            -2.0763        -33.9327          7.3370

     Atom  3  O   pos: (  0.359450 -0.065561  0.666406)  bare sigma:           0.92
            -0.6509         16.8979        -24.3653
            17.3695          6.6523         -7.3936
           -27.9433          6.9450         -3.2284

     Atom  4  O   pos: (  0.160568  0.480669  0.269103)  bare sigma:           0.92
            -0.6509         16.8979        -24.3653
            17.3695          6.6523         -7.3936
           -27.9433          6.9450         -3.2284

     Atom  5  N   pos: (  0.768277 -0.053689  0.366003)  bare sigma:         -11.81
           -24.6792          5.5255          2.5678
             3.6264          1.7837         -0.8631
            14.0302         -6.4817        -12.5235

     Atom  6  N   pos: ( -0.248259  0.468796  0.569506)  bare sigma:         -11.81
           -24.6792          5.5255          2.5678
             3.6264          1.7837         -0.8631
            14.0302         -6.4817        -12.5235

     Atom  7  N   pos: (  0.035646 -0.066036  0.472509)  bare sigma:         -11.59
           -23.0751          3.7692         -4.0190
            -3.0872          9.5837        -13.2748
           -17.1016         -9.8736        -21.2928

     Atom  8  N   pos: (  0.484371  0.481144  0.463000)  bare sigma:         -11.59
           -23.0751          3.7692         -4.0190
            -3.0872          9.5837        -13.2748
           -17.1016         -9.8736        -21.2928

     Atom  9  N   pos: (  0.044214 -0.134803  0.304197)  bare sigma:         -35.45
           -48.2015          7.7645        -16.7476
             2.8981         13.3502        -42.8598
           -18.1440        -38.2060        -71.5128

     Atom 10  N   pos: (  0.475803  0.549911  0.631312)  bare sigma:         -35.45
           -48.2015          7.7645        -16.7476
             2.8981         13.3502        -42.8598
           -18.1440        -38.2060        -71.5128

     Atom 11  N   pos: (  0.427455  0.076438  0.931322)  bare sigma:         -50.31
           -24.5639         32.0677        -26.2763
            39.0087        -56.9539        -42.2177
           -24.1127        -42.0062        -69.4178

     Atom 12  N   pos: (  0.092563  0.338669  0.004188)  bare sigma:         -50.31
           -24.5639         32.0677        -26.2763
            39.0087        -56.9539        -42.2177
           -24.1127        -42.0062        -69.4178

     Atom 13  N   pos: (  0.336679  0.062640  0.779419)  bare sigma:         -68.88
           -52.0729          8.5811         -6.7566
             6.9770        -74.0919        -28.0770
           -10.5855        -21.8925        -80.4629

     Atom 14  N   pos: (  0.183338  0.352467  0.156090)  bare sigma:         -68.88
           -52.0729          8.5811         -6.7566
             6.9770        -74.0919        -28.0770
           -10.5855        -21.8925        -80.4629

     Atom 15  N   pos: (  0.211173  0.187415  0.758247)  bare sigma:         -72.72
           -45.5236         36.1896        -16.2466
            41.7246        -85.5388        -46.1808
           -13.7494        -47.1334        -87.0894

     Atom 16  N   pos: (  0.308844  0.227692  0.177262)  bare sigma:         -72.72
           -45.5236         36.1896        -16.2466
            41.7246        -85.5388        -46.1808
           -13.7494        -47.1334        -87.0894

     Atom 17  N   pos: (  0.218124  0.288294  0.904008)  bare sigma:         -60.61
           -37.7469         37.1864        -41.9467
            37.0804        -49.1176        -41.4307
           -43.6385        -39.2567        -94.9552

     Atom 18  N   pos: (  0.301894  0.126814  0.031502)  bare sigma:         -60.61
           -37.7469         37.1864        -41.9467
            37.0804        -49.1176        -41.4307
           -43.6385        -39.2567        -94.9552

     Atom 19  N   pos: (  0.585182 -0.028163  0.346831)  bare sigma:          29.53
            52.5051         -7.2048          0.4962
            -4.6134         26.8200        -10.5582
             6.8436         -2.8906          9.2682

     Atom 20  N   pos: ( -0.065164  0.443271  0.588679)  bare sigma:          29.53
            52.5051         -7.2048          0.4962
            -4.6134         26.8200        -10.5582
             6.8436         -2.8906          9.2682

     Atom 21  C   pos: (  0.880179 -0.127944  0.242852)  bare sigma:         -59.21
           -58.3913          2.2748         -3.1332
             6.6983        -38.5741        -21.4682
             8.7723        -22.8581        -80.6540

     Atom 22  C   pos: ( -0.360161  0.543052  0.692658)  bare sigma:         -59.21
           -58.3913          2.2748         -3.1332
             6.6983        -38.5741        -21.4682
             8.7723        -22.8581        -80.6540

     Atom 23  C   pos: ( -0.132262 -0.013010  0.518735)  bare sigma:         -66.77
           -90.7006         -0.0666        -15.7287
            -2.1559        -51.9839          2.1378
           -23.5732          5.6785        -57.6318

     Atom 24  C   pos: (  0.652279  0.428118  0.416774)  bare sigma:         -66.77
           -90.7006         -0.0666        -15.7287
            -2.1559        -51.9839          2.1378
           -23.5732          5.6785        -57.6318

     Atom 25  C   pos: (  0.393476  0.787859  0.070555)  bare sigma:         -64.72
           -49.1492          9.3360        -14.5984
            11.4210        -59.3413        -18.9369
           -12.2861        -24.1673        -85.6622

     Atom 26  C   pos: (  0.126542 -0.372751  0.864954)  bare sigma:         -64.72
           -49.1492          9.3360        -14.5984
            11.4210        -59.3413        -18.9369
           -12.2861        -24.1673        -85.6622

     Atom 27  H   pos: (  0.564431  0.099107  0.301626)  bare sigma:          17.36
            15.0443         -5.7829          3.7011
            -6.2869         24.1532         -3.3602
             3.6749         -2.0740         12.8737

     Atom 28  H   pos: ( -0.044414  0.316001  0.633883)  bare sigma:          17.36
            15.0443         -5.7829          3.7011
            -6.2869         24.1532         -3.3602
             3.6749         -2.0740         12.8737

     Atom 29  H   pos: (  0.528181 -0.036305  0.471535)  bare sigma:          15.49
            18.5535         -1.3716         -8.7690
             1.1785          6.7004         -1.3089
            -7.0924          0.8464         21.2036

     Atom 30  H   pos: ( -0.008163  0.451412  0.463975)  bare sigma:          15.49
            18.5535         -1.3716         -8.7690
             1.1785          6.7004         -1.3089
            -7.0924          0.8464         21.2036

     Atom 31  H   pos: (  0.150821 -0.060063  0.548658)  bare sigma:           9.65
            15.6668          0.0735          9.4700
            -1.8020          3.8278          2.3919
             7.6032          2.3957          9.4442

     Atom 32  H   pos: (  0.369196  0.475170  0.386851)  bare sigma:           9.65
            15.6668          0.0735          9.4700
            -1.8020          3.8278          2.3919
             7.6032          2.3957          9.4442

     Atom 33  N   pos: ( -0.087969  0.713273  0.091496)  bare sigma:          44.63
            46.3083         -1.3721          1.4140
             0.4661         43.5956          1.4236
             0.4517          1.6141         43.9835

     Atom 34  N   pos: (  0.607987 -0.298165  0.844014)  bare sigma:          44.63
            46.3083         -1.3721          1.4140
             0.4661         43.5956          1.4236
             0.4517          1.6141         43.9835

     Atom 35  H   pos: ( -0.003832  0.628506  0.162450)  bare sigma:          14.59
            16.6943         -9.6711          7.0407
            -8.4415         14.8446         -5.8403
             6.6239         -5.6224         12.2203

     Atom 36  H   pos: (  0.523849 -0.213399  0.773059)  bare sigma:          14.59
            16.6943         -9.6711          7.0407
            -8.4415         14.8446         -5.8403
             6.6239         -5.6224         12.2203

     Atom 37  H   pos: ( -0.204977  0.736677  0.161583)  bare sigma:          15.26
            23.5452         -4.9594         -7.6297
            -4.7295          7.6539          4.5967
            -8.5200          4.3785         14.5930

     Atom 38  H   pos: (  0.724995 -0.321570  0.773926)  bare sigma:          15.26
            23.5452         -4.9594         -7.6297
            -4.7295          7.6539          4.5967
            -8.5200          4.3785         14.5930

     Atom 39  H   pos: ( -0.025858  0.834906  0.077039)  bare sigma:          16.11
            14.7153          3.9782          1.2176
             5.6951         21.3010          0.8283
             1.2856          0.8756         12.3280

     Atom 40  H   pos: (  0.545876 -0.419799  0.858470)  bare sigma:          16.11
            14.7153          3.9782          1.2176
             5.6951         21.3010          0.8283
             1.2856          0.8756         12.3280

     Atom 41  H   pos: ( -0.158096  0.091324  0.901844)  bare sigma:          15.70
            10.0299          0.0001          4.6425
             0.9950          9.0258          8.3904
             3.6159          7.9613         28.0555

     Atom 42  H   pos: (  0.678114  0.323783  0.033666)  bare sigma:          15.70
            10.0299          0.0001          4.6425
             0.9950          9.0258          8.3904
             3.6159          7.9613         28.0555

     Diamagnetic contribution in ppm:
 
     Atom  1  O   pos: ( -0.192785  0.052278  0.657786)  dia sigma:          17.72
            17.2723         -0.0529         -0.4341
            -0.0529         17.8218          0.2084
            -0.4341          0.2084         18.0516

     Atom  2  O   pos: (  0.712802  0.362830  0.277723)  dia sigma:          17.72
            17.2723         -0.0529         -0.4341
            -0.0529         17.8218          0.2084
            -0.4341          0.2084         18.0516

     Atom  3  O   pos: (  0.359450 -0.065561  0.666406)  dia sigma:          17.18
            16.5323         -0.1191         -0.2507
            -0.1191         17.6719          1.0364
            -0.2507          1.0364         17.3458

     Atom  4  O   pos: (  0.160568  0.480669  0.269103)  dia sigma:          17.18
            16.5323         -0.1191         -0.2507
            -0.1191         17.6719          1.0364
            -0.2507          1.0364         17.3458

     Atom  5  N   pos: (  0.768277 -0.053689  0.366003)  dia sigma:           9.83
            10.2043         -0.1333          0.0650
            -0.1333          9.4136          0.2270
             0.0650          0.2270          9.8779

     Atom  6  N   pos: ( -0.248259  0.468796  0.569506)  dia sigma:           9.83
            10.2043         -0.1333          0.0650
            -0.1333          9.4136          0.2270
             0.0650          0.2270          9.8779

     Atom  7  N   pos: (  0.035646 -0.066036  0.472509)  dia sigma:           9.84
             9.8756         -0.1453         -0.0740
            -0.1453          9.5171          0.3117
            -0.0740          0.3117         10.1268

     Atom  8  N   pos: (  0.484371  0.481144  0.463000)  dia sigma:           9.84
             9.8756         -0.1453         -0.0740
            -0.1453          9.5171          0.3117
            -0.0740          0.3117         10.1268

     Atom  9  N   pos: (  0.044214 -0.134803  0.304197)  dia sigma:           8.71
             8.3182          0.1643          0.2310
             0.1643          8.7006          0.1184
             0.2310          0.1184          9.1040

     Atom 10  N   pos: (  0.475803  0.549911  0.631312)  dia sigma:           8.71
             8.3182          0.1643          0.2310
             0.1643          8.7006          0.1184
             0.2310          0.1184          9.1040

     Atom 11  N   pos: (  0.427455  0.076438  0.931322)  dia sigma:           8.54
             8.3332          0.3161          0.0692
             0.3161          8.3559          0.1872
             0.0692          0.1872          8.9235

     Atom 12  N   pos: (  0.092563  0.338669  0.004188)  dia sigma:           8.54
             8.3332          0.3161          0.0692
             0.3161          8.3559          0.1872
             0.0692          0.1872          8.9235

     Atom 13  N   pos: (  0.336679  0.062640  0.779419)  dia sigma:           9.02
             8.9460         -0.1770          0.1608
            -0.1770          9.0334          0.1556
             0.1608          0.1556          9.0832

     Atom 14  N   pos: (  0.183338  0.352467  0.156090)  dia sigma:           9.02
             8.9460         -0.1770          0.1608
            -0.1770          9.0334          0.1556
             0.1608          0.1556          9.0832

     Atom 15  N   pos: (  0.211173  0.187415  0.758247)  dia sigma:           8.11
             8.0673         -0.2241         -0.2999
            -0.2241          8.4203          0.1659
            -0.2999          0.1659          7.8440

     Atom 16  N   pos: (  0.308844  0.227692  0.177262)  dia sigma:           8.11
             8.0673         -0.2241         -0.2999
            -0.2241          8.4203          0.1659
            -0.2999          0.1659          7.8440

     Atom 17  N   pos: (  0.218124  0.288294  0.904008)  dia sigma:           8.58
             8.4521          0.3581          0.0794
             0.3581          8.3552          0.0487
             0.0794          0.0487          8.9318

     Atom 18  N   pos: (  0.301894  0.126814  0.031502)  dia sigma:           8.58
             8.4521          0.3581          0.0794
             0.3581          8.3552          0.0487
             0.0794          0.0487          8.9318

     Atom 19  N   pos: (  0.585182 -0.028163  0.346831)  dia sigma:           9.35
            10.0190         -0.3096         -0.0997
            -0.3096          9.0052         -0.3670
            -0.0997         -0.3670          9.0166

     Atom 20  N   pos: ( -0.065164  0.443271  0.588679)  dia sigma:           9.35
            10.0190         -0.3096         -0.0997
            -0.3096          9.0052         -0.3670
            -0.0997         -0.3670          9.0166

     Atom 21  C   pos: (  0.880179 -0.127944  0.242852)  dia sigma:           4.33
             4.3257         -0.0272         -0.0718
            -0.0272          4.3650         -0.0042
            -0.0718         -0.0042          4.3025

     Atom 22  C   pos: ( -0.360161  0.543052  0.692658)  dia sigma:           4.33
             4.3257         -0.0272         -0.0718
            -0.0272          4.3650         -0.0042
            -0.0718         -0.0042          4.3025

     Atom 23  C   pos: ( -0.132262 -0.013010  0.518735)  dia sigma:           4.09
             4.0951          0.0362          0.0421
             0.0362          4.1285         -0.0437
             0.0421         -0.0437          4.0323

     Atom 24  C   pos: (  0.652279  0.428118  0.416774)  dia sigma:           4.09
             4.0951          0.0362          0.0421
             0.0362          4.1285         -0.0437
             0.0421         -0.0437          4.0323

     Atom 25  C   pos: (  0.393476  0.787859  0.070555)  dia sigma:           4.31
             4.3237         -0.0015         -0.0321
            -0.0015          4.3342         -0.0215
            -0.0321         -0.0215          4.2793

     Atom 26  C   pos: (  0.126542 -0.372751  0.864954)  dia sigma:           4.31
             4.3237         -0.0015         -0.0321
            -0.0015          4.3342         -0.0215
            -0.0321         -0.0215          4.2793

     Atom 27  H   pos: (  0.564431  0.099107  0.301626)  dia sigma:           1.09
             1.0894         -0.0000         -0.0000
            -0.0000          1.0894          0.0000
            -0.0000          0.0000          1.0894

     Atom 28  H   pos: ( -0.044414  0.316001  0.633883)  dia sigma:           1.09
             1.0894         -0.0000         -0.0000
            -0.0000          1.0894          0.0000
            -0.0000          0.0000          1.0894

     Atom 29  H   pos: (  0.528181 -0.036305  0.471535)  dia sigma:           1.06
             1.0644         -0.0000         -0.0000
            -0.0000          1.0644          0.0000
            -0.0000          0.0000          1.0644

     Atom 30  H   pos: ( -0.008163  0.451412  0.463975)  dia sigma:           1.06
             1.0644         -0.0000         -0.0000
            -0.0000          1.0644          0.0000
            -0.0000          0.0000          1.0644

     Atom 31  H   pos: (  0.150821 -0.060063  0.548658)  dia sigma:           0.99
             0.9915         -0.0000         -0.0000
            -0.0000          0.9915          0.0000
            -0.0000          0.0000          0.9915

     Atom 32  H   pos: (  0.369196  0.475170  0.386851)  dia sigma:           0.99
             0.9915         -0.0000         -0.0000
            -0.0000          0.9915          0.0000
            -0.0000          0.0000          0.9915

     Atom 33  N   pos: ( -0.087969  0.713273  0.091496)  dia sigma:          10.16
            10.1456          0.0082         -0.0002
             0.0082         10.1584          0.0037
            -0.0002          0.0037         10.1622

     Atom 34  N   pos: (  0.607987 -0.298165  0.844014)  dia sigma:          10.16
            10.1456          0.0082         -0.0002
             0.0082         10.1584          0.0037
            -0.0002          0.0037         10.1622

     Atom 35  H   pos: ( -0.003832  0.628506  0.162450)  dia sigma:           1.01
             1.0105         -0.0000         -0.0000
            -0.0000          1.0105          0.0000
            -0.0000          0.0000          1.0105

     Atom 36  H   pos: (  0.523849 -0.213399  0.773059)  dia sigma:           1.01
             1.0105         -0.0000         -0.0000
            -0.0000          1.0105          0.0000
            -0.0000          0.0000          1.0105

     Atom 37  H   pos: ( -0.204977  0.736677  0.161583)  dia sigma:           1.02
             1.0194         -0.0000         -0.0000
            -0.0000          1.0194          0.0000
            -0.0000          0.0000          1.0194

     Atom 38  H   pos: (  0.724995 -0.321570  0.773926)  dia sigma:           1.02
             1.0194         -0.0000         -0.0000
            -0.0000          1.0194          0.0000
            -0.0000          0.0000          1.0194

     Atom 39  H   pos: ( -0.025858  0.834906  0.077039)  dia sigma:           1.04
             1.0377         -0.0000         -0.0000
            -0.0000          1.0377          0.0000
            -0.0000          0.0000          1.0377

     Atom 40  H   pos: (  0.545876 -0.419799  0.858470)  dia sigma:           1.04
             1.0377         -0.0000         -0.0000
            -0.0000          1.0377          0.0000
            -0.0000          0.0000          1.0377

     Atom 41  H   pos: ( -0.158096  0.091324  0.901844)  dia sigma:           1.02
             1.0177         -0.0000         -0.0000
            -0.0000          1.0177          0.0000
            -0.0000          0.0000          1.0177

     Atom 42  H   pos: (  0.678114  0.323783  0.033666)  dia sigma:           1.02
             1.0177         -0.0000         -0.0000
            -0.0000          1.0177          0.0000
            -0.0000          0.0000          1.0177

     Paramagnetic contribution in ppm:
 
     Atom  1  O   pos: ( -0.192785  0.052278  0.657786)  para sigma:         -72.60
          -151.7339         51.6232          2.4012
            33.9970         55.8484        -60.9683
            -5.6281        -81.8624       -121.9009

     Atom  2  O   pos: (  0.712802  0.362830  0.277723)  para sigma:         -72.60
          -151.7339         51.6232          2.4012
            33.9970         55.8484        -60.9683
            -5.6281        -81.8624       -121.9009

     Atom  3  O   pos: (  0.359450 -0.065561  0.666406)  para sigma:        -114.72
          -113.2037         41.2532        -51.1693
            43.1151       -107.0076        -27.9460
           -59.0632          5.8110       -123.9504

     Atom  4  O   pos: (  0.160568  0.480669  0.269103)  para sigma:        -114.72
          -113.2037         41.2532        -51.1693
            43.1151       -107.0076        -27.9460
           -59.0632          5.8110       -123.9504

     Atom  5  N   pos: (  0.768277 -0.053689  0.366003)  para sigma:        -121.41
          -156.0740         16.4543          3.2207
            12.2143        -95.0669          0.4356
            20.8158         -8.7185       -113.0766

     Atom  6  N   pos: ( -0.248259  0.468796  0.569506)  para sigma:        -121.41
          -156.0740         16.4543          3.2207
            12.2143        -95.0669          0.4356
            20.8158         -8.7185       -113.0766

     Atom  7  N   pos: (  0.035646 -0.066036  0.472509)  para sigma:        -121.83
          -131.5257          7.3450         -4.4417
            -2.8168        -90.4145        -24.7949
           -27.4367        -19.8527       -143.5470

     Atom  8  N   pos: (  0.484371  0.481144  0.463000)  para sigma:        -121.83
          -131.5257          7.3450         -4.4417
            -2.8168        -90.4145        -24.7949
           -27.4367        -19.8527       -143.5470

     Atom  9  N   pos: (  0.044214 -0.134803  0.304197)  para sigma:        -162.17
          -174.4380         15.5989        -23.0433
             8.7316        -80.7958        -79.9491
           -22.3725        -71.0303       -231.2673

     Atom 10  N   pos: (  0.475803  0.549911  0.631312)  para sigma:        -162.17
          -174.4380         15.5989        -23.0433
             8.7316        -80.7958        -79.9491
           -22.3725        -71.0303       -231.2673

     Atom 11  N   pos: (  0.427455  0.076438  0.931322)  para sigma:        -186.09
          -146.8795         45.2436        -47.1472
            58.6054       -191.5129        -66.5172
           -46.2445        -59.6640       -219.8758

     Atom 12  N   pos: (  0.092563  0.338669  0.004188)  para sigma:        -186.09
          -146.8795         45.2436        -47.1472
            58.6054       -191.5129        -66.5172
           -46.2445        -59.6640       -219.8758

     Atom 13  N   pos: (  0.336679  0.062640  0.779419)  para sigma:        -222.09
          -189.2295         12.0303         -8.4111
            10.4124       -234.7641        -56.7057
           -16.2757        -41.6409       -242.2846

     Atom 14  N   pos: (  0.183338  0.352467  0.156090)  para sigma:        -222.09
          -189.2295         12.0303         -8.4111
            10.4124       -234.7641        -56.7057
           -16.2757        -41.6409       -242.2846

     Atom 15  N   pos: (  0.211173  0.187415  0.758247)  para sigma:        -222.25
          -180.2624         59.9415        -20.8047
            68.0419       -246.8008        -75.1129
           -16.9328        -76.7622       -239.6883

     Atom 16  N   pos: (  0.308844  0.227692  0.177262)  para sigma:        -222.25
          -180.2624         59.9415        -20.8047
            68.0419       -246.8008        -75.1129
           -16.9328        -76.7622       -239.6883

     Atom 17  N   pos: (  0.218124  0.288294  0.904008)  para sigma:        -203.92
          -164.3693         59.5720        -61.6334
            58.7870       -187.1199        -72.0226
           -67.1668        -67.7226       -260.2741

     Atom 18  N   pos: (  0.301894  0.126814  0.031502)  para sigma:        -203.92
          -164.3693         59.5720        -61.6334
            58.7870       -187.1199        -72.0226
           -67.1668        -67.7226       -260.2741

     Atom 19  N   pos: (  0.585182 -0.028163  0.346831)  para sigma:         -46.31
           -18.3802         -7.1522         -3.7478
            -3.8342        -44.3665        -23.1966
             5.6316        -10.6375        -76.1758

     Atom 20  N   pos: ( -0.065164  0.443271  0.588679)  para sigma:         -46.31
           -18.3802         -7.1522         -3.7478
            -3.8342        -44.3665        -23.1966
             5.6316        -10.6375        -76.1758

     Atom 21  C   pos: (  0.880179 -0.127944  0.242852)  para sigma:        -107.22
          -106.3599          5.6789         -2.3483
            10.6545        -85.9318        -24.8099
             8.9368        -24.7331       -129.3762

     Atom 22  C   pos: ( -0.360161  0.543052  0.692658)  para sigma:        -107.22
          -106.3599          5.6789         -2.3483
            10.6545        -85.9318        -24.8099
             8.9368        -24.7331       -129.3762

     Atom 23  C   pos: ( -0.132262 -0.013010  0.518735)  para sigma:        -112.13
          -136.0664          4.7625        -14.6465
             4.0518        -90.6983         -6.9342
           -21.4731         -3.2058       -109.6306

     Atom 24  C   pos: (  0.652279  0.428118  0.416774)  para sigma:        -112.13
          -136.0664          4.7625        -14.6465
             4.0518        -90.6983         -6.9342
           -21.4731         -3.2058       -109.6306

     Atom 25  C   pos: (  0.393476  0.787859  0.070555)  para sigma:        -113.47
           -99.2142          5.3984        -12.8233
             8.1788       -106.3531        -18.5417
           -12.0645        -22.1893       -134.8320

     Atom 26  C   pos: (  0.126542 -0.372751  0.864954)  para sigma:        -113.47
           -99.2142          5.3984        -12.8233
             8.1788       -106.3531        -18.5417
           -12.0645        -22.1893       -134.8320

     Atom 27  H   pos: (  0.564431  0.099107  0.301626)  para sigma:           0.00
             0.0000          0.0000          0.0000
             0.0000          0.0000          0.0000
             0.0000          0.0000          0.0000

     Atom 28  H   pos: ( -0.044414  0.316001  0.633883)  para sigma:           0.00
             0.0000          0.0000          0.0000
             0.0000          0.0000          0.0000
             0.0000          0.0000          0.0000

     Atom 29  H   pos: (  0.528181 -0.036305  0.471535)  para sigma:           0.00
             0.0000          0.0000          0.0000
             0.0000          0.0000          0.0000
             0.0000          0.0000          0.0000

     Atom 30  H   pos: ( -0.008163  0.451412  0.463975)  para sigma:           0.00
             0.0000          0.0000          0.0000
             0.0000          0.0000          0.0000
             0.0000          0.0000          0.0000

     Atom 31  H   pos: (  0.150821 -0.060063  0.548658)  para sigma:           0.00
             0.0000          0.0000          0.0000
             0.0000          0.0000          0.0000
             0.0000          0.0000          0.0000

     Atom 32  H   pos: (  0.369196  0.475170  0.386851)  para sigma:           0.00
             0.0000          0.0000          0.0000
             0.0000          0.0000          0.0000
             0.0000          0.0000          0.0000

     Atom 33  N   pos: ( -0.087969  0.713273  0.091496)  para sigma:         -36.88
           -35.7185         -0.5394          0.1955
             0.8523        -35.4907         -0.2469
            -0.2623          0.4535        -39.4427

     Atom 34  N   pos: (  0.607987 -0.298165  0.844014)  para sigma:         -36.88
           -35.7185         -0.5394          0.1955
             0.8523        -35.4907         -0.2469
            -0.2623          0.4535        -39.4427

     Atom 35  H   pos: ( -0.003832  0.628506  0.162450)  para sigma:           0.00
             0.0000          0.0000          0.0000
             0.0000          0.0000          0.0000
             0.0000          0.0000          0.0000

     Atom 36  H   pos: (  0.523849 -0.213399  0.773059)  para sigma:           0.00
             0.0000          0.0000          0.0000
             0.0000          0.0000          0.0000
             0.0000          0.0000          0.0000

     Atom 37  H   pos: ( -0.204977  0.736677  0.161583)  para sigma:           0.00
             0.0000          0.0000          0.0000
             0.0000          0.0000          0.0000
             0.0000          0.0000          0.0000

     Atom 38  H   pos: (  0.724995 -0.321570  0.773926)  para sigma:           0.00
             0.0000          0.0000          0.0000
             0.0000          0.0000          0.0000
             0.0000          0.0000          0.0000

     Atom 39  H   pos: ( -0.025858  0.834906  0.077039)  para sigma:           0.00
             0.0000          0.0000          0.0000
             0.0000          0.0000          0.0000
             0.0000          0.0000          0.0000

     Atom 40  H   pos: (  0.545876 -0.419799  0.858470)  para sigma:           0.00
             0.0000          0.0000          0.0000
             0.0000          0.0000          0.0000
             0.0000          0.0000          0.0000

     Atom 41  H   pos: ( -0.158096  0.091324  0.901844)  para sigma:           0.00
             0.0000          0.0000          0.0000
             0.0000          0.0000          0.0000
             0.0000          0.0000          0.0000

     Atom 42  H   pos: (  0.678114  0.323783  0.033666)  para sigma:           0.00
             0.0000          0.0000          0.0000
             0.0000          0.0000          0.0000
             0.0000          0.0000          0.0000

     Paramagnetic US occ-occ contribution in ppm:
 
     Atom  1  O   pos: ( -0.192785  0.052278  0.657786)  para_oo sigma:          -3.66
            -5.2746          0.0795         -1.7136
             0.3326         -1.8627         -0.6507
            -1.1263         -0.6410         -3.8577

     Atom  2  O   pos: (  0.712802  0.362830  0.277723)  para_oo sigma:          -3.66
            -5.2746          0.0795         -1.7136
             0.3326         -1.8627         -0.6507
            -1.1263         -0.6410         -3.8577

     Atom  3  O   pos: (  0.359450 -0.065561  0.666406)  para_oo sigma:          -5.33
            -6.3613          1.5625         -2.9292
             1.8208         -3.9561          1.1601
            -2.7647          0.7581         -5.6846

     Atom  4  O   pos: (  0.160568  0.480669  0.269103)  para_oo sigma:          -5.33
            -6.3613          1.5625         -2.9292
             1.8208         -3.9561          1.1601
            -2.7647          0.7581         -5.6846

     Atom  5  N   pos: (  0.768277 -0.053689  0.366003)  para_oo sigma:          -1.55
            -1.8932          0.1470         -0.1074
             0.3028         -0.9866         -0.3471
             0.4756         -0.4506         -1.7628

     Atom  6  N   pos: ( -0.248259  0.468796  0.569506)  para_oo sigma:          -1.55
            -1.8932          0.1470         -0.1074
             0.3028         -0.9866         -0.3471
             0.4756         -0.4506         -1.7628

     Atom  7  N   pos: (  0.035646 -0.066036  0.472509)  para_oo sigma:          -1.83
            -2.5226          0.1472         -0.4646
            -0.0635         -0.9650         -0.2698
            -0.8382         -0.2265         -1.9905

     Atom  8  N   pos: (  0.484371  0.481144  0.463000)  para_oo sigma:          -1.83
            -2.5226          0.1472         -0.4646
            -0.0635         -0.9650         -0.2698
            -0.8382         -0.2265         -1.9905

     Atom  9  N   pos: (  0.044214 -0.134803  0.304197)  para_oo sigma:          -2.49
            -3.0444          0.0500         -0.9042
             0.1565         -1.1435         -0.3938
            -0.8285         -0.7127         -3.2855

     Atom 10  N   pos: (  0.475803  0.549911  0.631312)  para_oo sigma:          -2.49
            -3.0444          0.0500         -0.9042
             0.1565         -1.1435         -0.3938
            -0.8285         -0.7127         -3.2855

     Atom 11  N   pos: (  0.427455  0.076438  0.931322)  para_oo sigma:          -3.39
            -2.8330          1.6809          0.2198
             1.7322         -4.4672         -1.0651
             0.3634         -1.3133         -2.8583

     Atom 12  N   pos: (  0.092563  0.338669  0.004188)  para_oo sigma:          -3.39
            -2.8330          1.6809          0.2198
             1.7322         -4.4672         -1.0651
             0.3634         -1.3133         -2.8583

     Atom 13  N   pos: (  0.336679  0.062640  0.779419)  para_oo sigma:          -3.16
            -2.6731          0.8060         -0.0262
             0.4405         -3.3458         -1.0347
            -0.4499         -0.7564         -3.4508

     Atom 14  N   pos: (  0.183338  0.352467  0.156090)  para_oo sigma:          -3.16
            -2.6731          0.8060         -0.0262
             0.4405         -3.3458         -1.0347
            -0.4499         -0.7564         -3.4508

     Atom 15  N   pos: (  0.211173  0.187415  0.758247)  para_oo sigma:          -4.30
            -3.5969          0.4756         -1.6442
             0.6174         -3.6769         -1.1673
            -1.7398         -0.8132         -5.6264

     Atom 16  N   pos: (  0.308844  0.227692  0.177262)  para_oo sigma:          -4.30
            -3.5969          0.4756         -1.6442
             0.6174         -3.6769         -1.1673
            -1.7398         -0.8132         -5.6264

     Atom 17  N   pos: (  0.218124  0.288294  0.904008)  para_oo sigma:          -3.25
            -3.8277          0.3482         -2.6686
             1.0189         -2.0723          1.0716
            -1.9496          0.6213         -3.8413

     Atom 18  N   pos: (  0.301894  0.126814  0.031502)  para_oo sigma:          -3.25
            -3.8277          0.3482         -2.6686
             1.0189         -2.0723          1.0716
            -1.9496          0.6213         -3.8413

     Atom 19  N   pos: (  0.585182 -0.028163  0.346831)  para_oo sigma:          -0.69
            -0.3384         -0.0579          0.0709
            -0.0689         -0.7240          0.0942
             0.0877          0.2383         -0.9935

     Atom 20  N   pos: ( -0.065164  0.443271  0.588679)  para_oo sigma:          -0.69
            -0.3384         -0.0579          0.0709
            -0.0689         -0.7240          0.0942
             0.0877          0.2383         -0.9935

     Atom 21  C   pos: (  0.880179 -0.127944  0.242852)  para_oo sigma:          -2.03
            -1.8211          0.1875         -0.0077
             0.2635         -1.2863         -0.7826
            -0.1533         -0.8562         -2.9791

     Atom 22  C   pos: ( -0.360161  0.543052  0.692658)  para_oo sigma:          -2.03
            -1.8211          0.1875         -0.0077
             0.2635         -1.2863         -0.7826
            -0.1533         -0.8562         -2.9791

     Atom 23  C   pos: ( -0.132262 -0.013010  0.518735)  para_oo sigma:          -2.31
            -2.8599          0.0972         -0.4737
             0.0011         -1.6592         -0.1810
            -0.5565         -0.2019         -2.4025

     Atom 24  C   pos: (  0.652279  0.428118  0.416774)  para_oo sigma:          -2.31
            -2.8599          0.0972         -0.4737
             0.0011         -1.6592         -0.1810
            -0.5565         -0.2019         -2.4025

     Atom 25  C   pos: (  0.393476  0.787859  0.070555)  para_oo sigma:          -2.00
            -1.8561          0.3931         -0.4769
             0.3194         -1.7478         -0.4355
            -0.4461         -0.4140         -2.3983

     Atom 26  C   pos: (  0.126542 -0.372751  0.864954)  para_oo sigma:          -2.00
            -1.8561          0.3931         -0.4769
             0.3194         -1.7478         -0.4355
            -0.4461         -0.4140         -2.3983

     Atom 27  H   pos: (  0.564431  0.099107  0.301626)  para_oo sigma:           0.00
             0.0000          0.0000          0.0000
             0.0000          0.0000          0.0000
             0.0000          0.0000          0.0000

     Atom 28  H   pos: ( -0.044414  0.316001  0.633883)  para_oo sigma:           0.00
             0.0000          0.0000          0.0000
             0.0000          0.0000          0.0000
             0.0000          0.0000          0.0000

     Atom 29  H   pos: (  0.528181 -0.036305  0.471535)  para_oo sigma:           0.00
             0.0000          0.0000          0.0000
             0.0000          0.0000          0.0000
             0.0000          0.0000          0.0000

     Atom 30  H   pos: ( -0.008163  0.451412  0.463975)  para_oo sigma:           0.00
             0.0000          0.0000          0.0000
             0.0000          0.0000          0.0000
             0.0000          0.0000          0.0000

     Atom 31  H   pos: (  0.150821 -0.060063  0.548658)  para_oo sigma:           0.00
             0.0000          0.0000          0.0000
             0.0000          0.0000          0.0000
             0.0000          0.0000          0.0000

     Atom 32  H   pos: (  0.369196  0.475170  0.386851)  para_oo sigma:           0.00
             0.0000          0.0000          0.0000
             0.0000          0.0000          0.0000
             0.0000          0.0000          0.0000

     Atom 33  N   pos: ( -0.087969  0.713273  0.091496)  para_oo sigma:          -0.37
            -0.3457          0.0304         -0.0129
             0.0128         -0.3679         -0.0345
            -0.0226         -0.0025         -0.3973

     Atom 34  N   pos: (  0.607987 -0.298165  0.844014)  para_oo sigma:          -0.37
            -0.3457          0.0304         -0.0129
             0.0128         -0.3679         -0.0345
            -0.0226         -0.0025         -0.3973

     Atom 35  H   pos: ( -0.003832  0.628506  0.162450)  para_oo sigma:           0.00
             0.0000          0.0000          0.0000
             0.0000          0.0000          0.0000
             0.0000          0.0000          0.0000

     Atom 36  H   pos: (  0.523849 -0.213399  0.773059)  para_oo sigma:           0.00
             0.0000          0.0000          0.0000
             0.0000          0.0000          0.0000
             0.0000          0.0000          0.0000

     Atom 37  H   pos: ( -0.204977  0.736677  0.161583)  para_oo sigma:           0.00
             0.0000          0.0000          0.0000
             0.0000          0.0000          0.0000
             0.0000          0.0000          0.0000

     Atom 38  H   pos: (  0.724995 -0.321570  0.773926)  para_oo sigma:           0.00
             0.0000          0.0000          0.0000
             0.0000          0.0000          0.0000
             0.0000          0.0000          0.0000

     Atom 39  H   pos: ( -0.025858  0.834906  0.077039)  para_oo sigma:           0.00
             0.0000          0.0000          0.0000
             0.0000          0.0000          0.0000
             0.0000          0.0000          0.0000

     Atom 40  H   pos: (  0.545876 -0.419799  0.858470)  para_oo sigma:           0.00
             0.0000          0.0000          0.0000
             0.0000          0.0000          0.0000
             0.0000          0.0000          0.0000

     Atom 41  H   pos: ( -0.158096  0.091324  0.901844)  para_oo sigma:           0.00
             0.0000          0.0000          0.0000
             0.0000          0.0000          0.0000
             0.0000          0.0000          0.0000

     Atom 42  H   pos: (  0.678114  0.323783  0.033666)  para_oo sigma:           0.00
             0.0000          0.0000          0.0000
             0.0000          0.0000          0.0000
             0.0000          0.0000          0.0000

     Paramagnetic US L_R Q_R contribution in ppm:
 
     Atom  1  O   pos: ( -0.192785  0.052278  0.657786)  para_lq sigma:        -148.64
          -147.1449          2.7655          2.2279
             3.6053       -141.5595         -7.6875
             4.3465         -8.3219       -157.2263

     Atom  2  O   pos: (  0.712802  0.362830  0.277723)  para_lq sigma:        -148.64
          -147.1449          2.7655          2.2279
             3.6053       -141.5595         -7.6875
             4.3465         -8.3219       -157.2263

     Atom  3  O   pos: (  0.359450 -0.065561  0.666406)  para_lq sigma:        -162.07
          -162.5556          4.3515         -5.6960
             4.0868       -158.8848         -2.5506
            -6.3191         -2.0185       -164.7841

     Atom  4  O   pos: (  0.160568  0.480669  0.269103)  para_lq sigma:        -162.07
          -162.5556          4.3515         -5.6960
             4.0868       -158.8848         -2.5506
            -6.3191         -2.0185       -164.7841

     Atom  5  N   pos: (  0.768277 -0.053689  0.366003)  para_lq sigma:         -67.74
           -76.3858          4.4958          0.5336
             4.2516        -58.0788         -5.7526
             1.2482         -5.7234        -68.7450

     Atom  6  N   pos: ( -0.248259  0.468796  0.569506)  para_lq sigma:         -67.74
           -76.3858          4.4958          0.5336
             4.2516        -58.0788         -5.7526
             1.2482         -5.7234        -68.7450

     Atom  7  N   pos: (  0.035646 -0.066036  0.472509)  para_lq sigma:         -68.47
           -72.6855          2.6310         -2.9035
             1.4844        -57.6535         -7.5166
            -5.6414         -6.9911        -75.0756

     Atom  8  N   pos: (  0.484371  0.481144  0.463000)  para_lq sigma:         -68.47
           -72.6855          2.6310         -2.9035
             1.4844        -57.6535         -7.5166
            -5.6414         -6.9911        -75.0756

     Atom  9  N   pos: (  0.044214 -0.134803  0.304197)  para_lq sigma:         -71.78
           -71.1273         -1.3211         -8.0508
            -1.8150        -63.1881         -5.7816
            -8.9622         -6.1277        -81.0182

     Atom 10  N   pos: (  0.475803  0.549911  0.631312)  para_lq sigma:         -71.78
           -71.1273         -1.3211         -8.0508
            -1.8150        -63.1881         -5.7816
            -8.9622         -6.1277        -81.0182

     Atom 11  N   pos: (  0.427455  0.076438  0.931322)  para_lq sigma:         -76.66
           -69.2718          3.4571         -1.4981
             5.1689        -79.3420        -10.5174
             0.1955        -12.5940        -81.3666

     Atom 12  N   pos: (  0.092563  0.338669  0.004188)  para_lq sigma:         -76.66
           -69.2718          3.4571         -1.4981
             5.1689        -79.3420        -10.5174
             0.1955        -12.5940        -81.3666

     Atom 13  N   pos: (  0.336679  0.062640  0.779419)  para_lq sigma:         -75.12
           -68.7974          6.2876         -5.2041
             5.7417        -75.8533        -10.9198
            -5.9139        -11.0309        -80.7002

     Atom 14  N   pos: (  0.183338  0.352467  0.156090)  para_lq sigma:         -75.12
           -68.7974          6.2876         -5.2041
             5.7417        -75.8533        -10.9198
            -5.9139        -11.0309        -80.7002

     Atom 15  N   pos: (  0.211173  0.187415  0.758247)  para_lq sigma:         -80.73
           -73.1391          8.1841         -1.0649
             7.6387        -84.5969        -14.3441
            -2.1415        -12.3681        -84.4586

     Atom 16  N   pos: (  0.308844  0.227692  0.177262)  para_lq sigma:         -80.73
           -73.1391          8.1841         -1.0649
             7.6387        -84.5969        -14.3441
            -2.1415        -12.3681        -84.4586

     Atom 17  N   pos: (  0.218124  0.288294  0.904008)  para_lq sigma:         -75.47
           -72.2305          1.0210        -11.3043
             1.1381        -68.1700         -3.8970
           -11.2034         -3.7317        -85.9991

     Atom 18  N   pos: (  0.301894  0.126814  0.031502)  para_lq sigma:         -75.47
           -72.2305          1.0210        -11.3043
             1.1381        -68.1700         -3.8970
           -11.2034         -3.7317        -85.9991

     Atom 19  N   pos: (  0.585182 -0.028163  0.346831)  para_lq sigma:         -64.82
           -67.5627          2.9067          3.0811
             2.7824        -62.1795          8.5397
             3.1934          9.0670        -64.7114

     Atom 20  N   pos: ( -0.065164  0.443271  0.588679)  para_lq sigma:         -64.82
           -67.5627          2.9067          3.0811
             2.7824        -62.1795          8.5397
             3.1934          9.0670        -64.7114

     Atom 21  C   pos: (  0.880179 -0.127944  0.242852)  para_lq sigma:         -15.61
           -15.2719          0.3798         -0.7472
             1.3039        -12.6669         -2.8111
             0.8908         -3.3792        -18.8863

     Atom 22  C   pos: ( -0.360161  0.543052  0.692658)  para_lq sigma:         -15.61
           -15.2719          0.3798         -0.7472
             1.3039        -12.6669         -2.8111
             0.8908         -3.3792        -18.8863

     Atom 23  C   pos: ( -0.132262 -0.013010  0.518735)  para_lq sigma:         -16.51
           -20.0532          0.0687         -3.1234
            -0.1915        -13.9848          0.0330
            -3.3932          0.1414        -15.5007

     Atom 24  C   pos: (  0.652279  0.428118  0.416774)  para_lq sigma:         -16.51
           -20.0532          0.0687         -3.1234
            -0.1915        -13.9848          0.0330
            -3.3932          0.1414        -15.5007

     Atom 25  C   pos: (  0.393476  0.787859  0.070555)  para_lq sigma:         -15.99
           -14.4518          1.2573         -2.2442
             1.4430        -15.0650         -2.3509
            -1.9698         -2.5142        -18.4406

     Atom 26  C   pos: (  0.126542 -0.372751  0.864954)  para_lq sigma:         -15.99
           -14.4518          1.2573         -2.2442
             1.4430        -15.0650         -2.3509
            -1.9698         -2.5142        -18.4406

     Atom 27  H   pos: (  0.564431  0.099107  0.301626)  para_lq sigma:           0.00
             0.0000          0.0000          0.0000
             0.0000          0.0000          0.0000
             0.0000          0.0000          0.0000

     Atom 28  H   pos: ( -0.044414  0.316001  0.633883)  para_lq sigma:           0.00
             0.0000          0.0000          0.0000
             0.0000          0.0000          0.0000
             0.0000          0.0000          0.0000

     Atom 29  H   pos: (  0.528181 -0.036305  0.471535)  para_lq sigma:           0.00
             0.0000          0.0000          0.0000
             0.0000          0.0000          0.0000
             0.0000          0.0000          0.0000

     Atom 30  H   pos: ( -0.008163  0.451412  0.463975)  para_lq sigma:           0.00
             0.0000          0.0000          0.0000
             0.0000          0.0000          0.0000
             0.0000          0.0000          0.0000

     Atom 31  H   pos: (  0.150821 -0.060063  0.548658)  para_lq sigma:           0.00
             0.0000          0.0000          0.0000
             0.0000          0.0000          0.0000
             0.0000          0.0000          0.0000

     Atom 32  H   pos: (  0.369196  0.475170  0.386851)  para_lq sigma:           0.00
             0.0000          0.0000          0.0000
             0.0000          0.0000          0.0000
             0.0000          0.0000          0.0000

     Atom 33  N   pos: ( -0.087969  0.713273  0.091496)  para_lq sigma:         -57.03
           -56.8208          0.1045         -0.0248
             0.0790        -57.0692         -0.2310
            -0.0152         -0.1947        -57.1854

     Atom 34  N   pos: (  0.607987 -0.298165  0.844014)  para_lq sigma:         -57.03
           -56.8208          0.1045         -0.0248
             0.0790        -57.0692         -0.2310
            -0.0152         -0.1947        -57.1854

     Atom 35  H   pos: ( -0.003832  0.628506  0.162450)  para_lq sigma:           0.00
             0.0000          0.0000          0.0000
             0.0000          0.0000          0.0000
             0.0000          0.0000          0.0000

     Atom 36  H   pos: (  0.523849 -0.213399  0.773059)  para_lq sigma:           0.00
             0.0000          0.0000          0.0000
             0.0000          0.0000          0.0000
             0.0000          0.0000          0.0000

     Atom 37  H   pos: ( -0.204977  0.736677  0.161583)  para_lq sigma:           0.00
             0.0000          0.0000          0.0000
             0.0000          0.0000          0.0000
             0.0000          0.0000          0.0000

     Atom 38  H   pos: (  0.724995 -0.321570  0.773926)  para_lq sigma:           0.00
             0.0000          0.0000          0.0000
             0.0000          0.0000          0.0000
             0.0000          0.0000          0.0000

     Atom 39  H   pos: ( -0.025858  0.834906  0.077039)  para_lq sigma:           0.00
             0.0000          0.0000          0.0000
             0.0000          0.0000          0.0000
             0.0000          0.0000          0.0000

     Atom 40  H   pos: (  0.545876 -0.419799  0.858470)  para_lq sigma:           0.00
             0.0000          0.0000          0.0000
             0.0000          0.0000          0.0000
             0.0000          0.0000          0.0000

     Atom 41  H   pos: ( -0.158096  0.091324  0.901844)  para_lq sigma:           0.00
             0.0000          0.0000          0.0000
             0.0000          0.0000          0.0000
             0.0000          0.0000          0.0000

     Atom 42  H   pos: (  0.678114  0.323783  0.033666)  para_lq sigma:           0.00
             0.0000          0.0000          0.0000
             0.0000          0.0000          0.0000
             0.0000          0.0000          0.0000

 
     Total NMR chemical shifts in ppm: ---------------------------------------
     (adopting the Simpson convention for anisotropy and asymmetry)-----------
 
     Atom  1  O   pos: ( -0.192785  0.052278  0.657786)  Total sigma:          98.64
           -15.8612         75.4844          3.7634
            51.9775        291.8514        -94.6942
            -4.9183       -124.5496         19.9262

     O    1    anisotropy:    363.19    eta:   -0.1710
     O    1    sigma_11=     -1.73    axis=(  0.631836  0.147007  0.761034)
     O    1    sigma_22=    -43.12    axis=(  0.756848 -0.328843 -0.564839)
     O    1    sigma_33=    340.77    axis=( -0.167225 -0.932872  0.319037)
 
     Atom  2  O   pos: (  0.712802  0.362830  0.277723)  Total sigma:          98.64
           -15.8612         75.4844          3.7634
            51.9775        291.8514        -94.6942
            -4.9183       -124.5496         19.9262

     O    2    anisotropy:    363.19    eta:   -0.1710
     O    2    sigma_11=     -1.73    axis=(  0.631836  0.147007  0.761034)
     O    2    sigma_22=    -43.12    axis=(  0.756848 -0.328843 -0.564839)
     O    2    sigma_33=    340.77    axis=( -0.167225 -0.932872  0.319037)
 
     Atom  3  O   pos: (  0.359450 -0.065561  0.666406)  Total sigma:          14.09
            11.7270         63.9460        -84.4104
            66.2731         33.3323        -35.6938
           -96.3410         12.5320         -2.7792

     O    3    anisotropy:    173.12    eta:   -0.9302
     O    3    sigma_11=     10.07    axis=(  0.183758 -0.799150 -0.572357)
     O    3    sigma_22=    -97.29    axis=(  0.708187 -0.296175  0.640899)
     O    3    sigma_33=    129.51    axis=(  0.681692  0.523106 -0.511523)
 
     Atom  4  O   pos: (  0.160568  0.480669  0.269103)  Total sigma:          14.09
            11.7270         63.9460        -84.4104
            66.2731         33.3323        -35.6938
           -96.3410         12.5320         -2.7792

     O    4    anisotropy:    173.12    eta:   -0.9302
     O    4    sigma_11=     10.07    axis=(  0.183758 -0.799150 -0.572357)
     O    4    sigma_22=    -97.29    axis=(  0.708187 -0.296175  0.640899)
     O    4    sigma_33=    129.51    axis=(  0.681692  0.523106 -0.511523)
 
     Atom  5  N   pos: (  0.768277 -0.053689  0.366003)  Total sigma:          50.15
            -6.1606         26.4893          6.2797
            20.2619        100.6227         -6.3001
            36.6348        -21.1472         55.9937

     N    5    anisotropy:   -103.30    eta:   -0.6589
     N    5    sigma_11=     61.90    axis=(  0.337607  0.126745  0.932715)
     N    5    sigma_22=    107.27    axis=(  0.163402  0.967957 -0.190680)
     N    5    sigma_33=    -18.71    axis=(  0.926996 -0.216782 -0.306079)
 
     Atom  6  N   pos: ( -0.248259  0.468796  0.569506)  Total sigma:          50.15
            -6.1606         26.4893          6.2797
            20.2619        100.6227         -6.3001
            36.6348        -21.1472         55.9937

     N    6    anisotropy:   -103.30    eta:   -0.6589
     N    6    sigma_11=     61.90    axis=(  0.337607  0.126745  0.932715)
     N    6    sigma_22=    107.27    axis=(  0.163402  0.967957 -0.190680)
     N    6    sigma_33=    -18.71    axis=(  0.926996 -0.216782 -0.306079)
 
     Atom  7  N   pos: (  0.035646 -0.066036  0.472509)  Total sigma:          48.93
            22.7341         13.7470        -11.9028
            -4.6284        113.6256        -45.5445
           -51.0919        -36.6322         10.4447

     N    7    anisotropy:    121.77    eta:   -0.7531
     N    7    sigma_11=     38.91    axis=(  0.827156 -0.308724 -0.469577)
     N    7    sigma_22=    -22.23    axis=(  0.543388  0.226267  0.808414)
     N    7    sigma_33=    130.12    axis=(  0.143327  0.923847 -0.354915)
 
     Atom  8  N   pos: (  0.484371  0.481144  0.463000)  Total sigma:          48.93
            22.7341         13.7470        -11.9028
            -4.6284        113.6256        -45.5445
           -51.0919        -36.6322         10.4447

     N    8    anisotropy:    121.77    eta:   -0.7531
     N    8    sigma_11=     38.91    axis=(  0.827156 -0.308724 -0.469577)
     N    8    sigma_22=    -22.23    axis=(  0.543388  0.226267  0.808414)
     N    8    sigma_33=    130.12    axis=(  0.143327  0.923847 -0.354915)
 
     Atom  9  N   pos: (  0.044214 -0.134803  0.304197)  Total sigma:         -20.37
           -45.8256         22.2565        -48.5149
            10.1355        120.4813       -128.8659
           -50.0762       -115.9583       -135.7560

     N    9    anisotropy:    292.62    eta:   -0.7964
     N    9    sigma_11=    -40.22    axis=(  0.953123 -0.238196 -0.186600)
     N    9    sigma_22=   -195.59    axis=(  0.261293  0.336932  0.904546)
     N    9    sigma_33=    174.71    axis=(  0.152588  0.910900 -0.383377)
 
     Atom 10  N   pos: (  0.475803  0.549911  0.631312)  Total sigma:         -20.37
           -45.8256         22.2565        -48.5149
            10.1355        120.4813       -128.8659
           -50.0762       -115.9583       -135.7560

     N   10    anisotropy:    292.62    eta:   -0.7964
     N   10    sigma_11=    -40.22    axis=(  0.953123 -0.238196 -0.186600)
     N   10    sigma_22=   -195.59    axis=(  0.261293  0.336932  0.904546)
     N   10    sigma_33=    174.71    axis=(  0.152588  0.910900 -0.383377)
 
     Atom 11  N   pos: (  0.427455  0.076438  0.931322)  Total sigma:         -65.09
             7.4523         82.7653        -74.6326
           104.8312        -80.3622       -120.1302
           -69.7290       -115.3904       -122.3713

     N   11    anisotropy:    294.54    eta:   -0.5893
     N   11    sigma_11=   -105.42    axis=(  0.722417 -0.510018  0.466900)
     N   11    sigma_22=   -221.13    axis=( -0.028675  0.652562  0.757193)
     N   11    sigma_33=    131.26    axis=(  0.690863  0.560397 -0.456797)
 
     Atom 12  N   pos: (  0.092563  0.338669  0.004188)  Total sigma:         -65.09
             7.4523         82.7653        -74.6326
           104.8312        -80.3622       -120.1302
           -69.7290       -115.3904       -122.3713

     N   12    anisotropy:    294.54    eta:   -0.5893
     N   12    sigma_11=   -105.42    axis=(  0.722417 -0.510018  0.466900)
     N   12    sigma_22=   -221.13    axis=( -0.028675  0.652562  0.757193)
     N   12    sigma_33=    131.26    axis=(  0.690863  0.560397 -0.456797)
 
     Atom 13  N   pos: (  0.336679  0.062640  0.779419)  Total sigma:        -117.40
           -61.1595         27.5281        -20.2372
            23.3946       -135.4637        -96.5816
           -33.0642        -75.1651       -155.5915

     N   13    anisotropy:   -171.96    eta:   -0.6411
     N   13    sigma_11=    -96.83    axis=( -0.716700  0.531429 -0.451580)
     N   13    sigma_22=    -23.34    axis=( -0.697141 -0.528954  0.483945)
     N   13    sigma_33=   -232.04    axis=(  0.018318  0.661658  0.749582)
 
     Atom 14  N   pos: (  0.183338  0.352467  0.156090)  Total sigma:        -117.40
           -61.1595         27.5281        -20.2372
            23.3946       -135.4637        -96.5816
           -33.0642        -75.1651       -155.5915

     N   14    anisotropy:   -171.96    eta:   -0.6411
     N   14    sigma_11=    -96.83    axis=( -0.716700  0.531429 -0.451580)
     N   14    sigma_22=    -23.34    axis=( -0.697141 -0.528954  0.483945)
     N   14    sigma_33=   -232.04    axis=(  0.018318  0.661658  0.749582)
 
     Atom 15  N   pos: (  0.211173  0.187415  0.758247)  Total sigma:        -129.07
           -51.7873        104.5668        -40.0604
           117.7985       -168.6354       -136.6392
           -34.8635       -136.9110       -166.7949

     N   15    anisotropy:    294.84    eta:   -0.9087
     N   15    sigma_11=   -138.04    axis=( -0.696862  0.325243 -0.639219)
     N   15    sigma_22=   -316.66    axis=(  0.225106 -0.747039 -0.625508)
     N   15    sigma_33=     67.49    axis=(  0.680963  0.579785 -0.447369)
 
     Atom 16  N   pos: (  0.308844  0.227692  0.177262)  Total sigma:        -129.07
           -51.7873        104.5668        -40.0604
           117.7985       -168.6354       -136.6392
           -34.8635       -136.9110       -166.7949

     N   16    anisotropy:    294.84    eta:   -0.9087
     N   16    sigma_11=   -138.04    axis=( -0.696862  0.325243 -0.639219)
     N   16    sigma_22=   -316.66    axis=(  0.225106 -0.747039 -0.625508)
     N   16    sigma_33=     67.49    axis=(  0.680963  0.579785 -0.447369)
 
     Atom 17  N   pos: (  0.218124  0.288294  0.904008)  Total sigma:         -91.85
           -27.0549         98.4858       -117.4737
            98.3826        -54.5667       -116.2299
          -123.8789       -110.0410       -193.9142

     N   17    anisotropy:    348.30    eta:   -0.5852
     N   17    sigma_11=   -140.00    axis=(  0.675928 -0.736269  0.032082)
     N   17    sigma_22=   -275.89    axis=(  0.307352  0.321194  0.895751)
     N   17    sigma_33=    140.36    axis=(  0.669818  0.595603 -0.443398)
 
     Atom 18  N   pos: (  0.301894  0.126814  0.031502)  Total sigma:         -91.85
           -27.0549         98.4858       -117.4737
            98.3826        -54.5667       -116.2299
          -123.8789       -110.0410       -193.9142

     N   18    anisotropy:    348.30    eta:   -0.5852
     N   18    sigma_11=   -140.00    axis=(  0.675928 -0.736269  0.032082)
     N   18    sigma_22=   -275.89    axis=(  0.307352  0.321194  0.895751)
     N   18    sigma_33=    140.36    axis=(  0.669818  0.595603 -0.443398)
 
     Atom 19  N   pos: (  0.585182 -0.028163  0.346831)  Total sigma:         169.88
           218.9101        -11.8178         -0.1994
            -6.0437        172.1130        -25.4879
            15.6566         -4.5899        118.6278

     N   19    anisotropy:    -83.19    eta:   -0.8660
     N   19    sigma_11=    173.60    axis=(  0.225507  0.947316 -0.227463)
     N   19    sigma_22=    221.63    axis=( -0.972920  0.206822 -0.103200)
     N   19    sigma_33=    114.42    axis=( -0.050719  0.244576  0.968303)
 
     Atom 20  N   pos: ( -0.065164  0.443271  0.588679)  Total sigma:         169.88
           218.9101        -11.8178         -0.1994
            -6.0437        172.1130        -25.4879
            15.6566         -4.5899        118.6278

     N   20    anisotropy:    -83.19    eta:   -0.8660
     N   20    sigma_11=    173.60    axis=(  0.225507  0.947316 -0.227463)
     N   20    sigma_22=    221.63    axis=( -0.972920  0.206822 -0.103200)
     N   20    sigma_33=    114.42    axis=( -0.050719  0.244576  0.968303)
 
     Atom 21  C   pos: (  0.880179 -0.127944  0.242852)  Total sigma:          27.81
            29.8827          8.4939         -6.3082
            18.8931         74.1976        -49.8761
            18.3749        -51.8307        -20.6355

     C   21    anisotropy:   -108.31    eta:   -0.9397
     C   21    sigma_11=     29.99    axis=( -0.977637  0.078312 -0.195174)
     C   21    sigma_22=     97.85    axis=( -0.149569 -0.911334  0.383535)
     C   21    sigma_33=    -44.39    axis=( -0.147833  0.404150  0.902667)
 
     Atom 22  C   pos: ( -0.360161  0.543052  0.692658)  Total sigma:          27.81
            29.8827          8.4939         -6.3082
            18.8931         74.1976        -49.8761
            18.3749        -51.8307        -20.6355

     C   22    anisotropy:   -108.31    eta:   -0.9397
     C   22    sigma_11=     29.99    axis=( -0.977637  0.078312 -0.195174)
     C   22    sigma_22=     97.85    axis=( -0.149569 -0.911334  0.383535)
     C   22    sigma_33=    -44.39    axis=( -0.147833  0.404150  0.902667)
 
     Atom 23  C   pos: ( -0.132262 -0.013010  0.518735)  Total sigma:          13.91
           -38.1839          4.8980        -33.9302
             1.7417         54.0939         -4.9882
           -48.9538          2.3685         25.8243

     C   23    anisotropy:   -108.76    eta:   -0.1318
     C   23    sigma_11=     45.39    axis=( -0.416172  0.288394  0.862340)
     C   23    sigma_22=     54.94    axis=(  0.145375  0.957274 -0.249985)
     C   23    sigma_33=    -58.59    axis=( -0.897590  0.021326 -0.440316)
 
     Atom 24  C   pos: (  0.652279  0.428118  0.416774)  Total sigma:          13.91
           -38.1839          4.8980        -33.9302
             1.7417         54.0939         -4.9882
           -48.9538          2.3685         25.8243

     C   24    anisotropy:   -108.76    eta:   -0.1318
     C   24    sigma_11=     45.39    axis=( -0.416172  0.288394  0.862340)
     C   24    sigma_22=     54.94    axis=(  0.145375  0.957274 -0.249985)
     C   24    sigma_33=    -58.59    axis=( -0.897590  0.021326 -0.440316)
 
     Atom 25  C   pos: (  0.393476  0.787859  0.070555)  Total sigma:          15.69
            47.0537         16.3833        -30.1748
            21.3608         30.1187        -40.2866
           -26.7986        -49.3064        -30.0962

     C   25    anisotropy:   -108.63    eta:   -0.8214
     C   25    sigma_11=     22.16    axis=(  0.718493 -0.670903  0.183461)
     C   25    sigma_22=     81.65    axis=( -0.675057 -0.609110  0.416272)
     C   25    sigma_33=    -56.73    axis=(  0.167530  0.422936  0.890539)
 
     Atom 26  C   pos: (  0.126542 -0.372751  0.864954)  Total sigma:          15.69
            47.0537         16.3833        -30.1748
            21.3608         30.1187        -40.2866
           -26.7986        -49.3064        -30.0962

     C   26    anisotropy:   -108.63    eta:   -0.8214
     C   26    sigma_11=     22.16    axis=(  0.718493 -0.670903  0.183461)
     C   26    sigma_22=     81.65    axis=( -0.675057 -0.609110  0.416272)
     C   26    sigma_33=    -56.73    axis=(  0.167530  0.422936  0.890539)
 
     Atom 27  H   pos: (  0.564431  0.099107  0.301626)  Total sigma:          25.49
            23.0249         -5.7829          3.7011
            -6.2869         33.0243         -3.3602
             3.6749         -2.0740         20.4108

     H   27    anisotropy:     17.07    eta:   -0.3780
     H   27    sigma_11=     21.95    axis=(  0.616816  0.487641  0.617854)
     H   27    sigma_22=     17.65    axis=(  0.651803  0.123589 -0.748250)
     H   27    sigma_33=     36.86    axis=(  0.441238 -0.864252  0.241614)
 
     Atom 28  H   pos: ( -0.044414  0.316001  0.633883)  Total sigma:          25.49
            23.0249         -5.7829          3.7011
            -6.2869         33.0243         -3.3602
             3.6749         -2.0740         20.4108

     H   28    anisotropy:     17.07    eta:   -0.3780
     H   28    sigma_11=     21.95    axis=(  0.616816  0.487641  0.617854)
     H   28    sigma_22=     17.65    axis=(  0.651803  0.123589 -0.748250)
     H   28    sigma_33=     36.86    axis=(  0.441238 -0.864252  0.241614)
 
     Atom 29  H   pos: (  0.528181 -0.036305  0.471535)  Total sigma:          23.59
            26.5091         -1.3716         -8.7690
             1.1785         15.5465         -1.3089
            -7.0924          0.8464         28.7156

     H   29    anisotropy:     18.04    eta:   -0.3395
     H   29    sigma_11=     19.62    axis=(  0.753355 -0.055094  0.655302)
     H   29    sigma_22=     15.53    axis=( -0.037931 -0.998466 -0.040339)
     H   29    sigma_33=     35.62    axis=( -0.656519 -0.005533  0.754289)
 
     Atom 30  H   pos: ( -0.008163  0.451412  0.463975)  Total sigma:          23.59
            26.5091         -1.3716         -8.7690
             1.1785         15.5465         -1.3089
            -7.0924          0.8464         28.7156

     H   30    anisotropy:     18.04    eta:   -0.3395
     H   30    sigma_11=     19.62    axis=(  0.753355 -0.055094  0.655302)
     H   30    sigma_22=     15.53    axis=( -0.037931 -0.998466 -0.040339)
     H   30    sigma_33=     35.62    axis=( -0.656519 -0.005533  0.754289)
 
     Atom 31  H   pos: (  0.150821 -0.060063  0.548658)  Total sigma:          17.68
            23.5495          0.0735          9.4700
            -1.8020         12.6010          2.3919
             7.6032          2.3957         16.8833

     H   31    anisotropy:     17.59    eta:   -0.4396
     H   31    sigma_11=     14.39    axis=(  0.362881 -0.804215 -0.470697)
     H   31    sigma_22=      9.24    axis=(  0.438536  0.593083 -0.675233)
     H   31    sigma_33=     29.41    axis=(  0.822195  0.038611  0.567895)
 
     Atom 32  H   pos: (  0.369196  0.475170  0.386851)  Total sigma:          17.68
            23.5495          0.0735          9.4700
            -1.8020         12.6010          2.3919
             7.6032          2.3957         16.8833

     H   32    anisotropy:     17.59    eta:   -0.4396
     H   32    sigma_11=     14.39    axis=(  0.362881 -0.804215 -0.470697)
     H   32    sigma_22=      9.24    axis=(  0.438536  0.593083 -0.675233)
     H   32    sigma_33=     29.41    axis=(  0.822195  0.038611  0.567895)
 
     Atom 33  N   pos: ( -0.087969  0.713273  0.091496)  Total sigma:         203.32
           206.2363         -1.7683          1.5716
             1.4184        204.3840          0.9148
             0.1515          1.8740        199.3440

     N   33    anisotropy:     -6.66    eta:   -0.3601
     N   33    sigma_11=    204.74    axis=( -0.028266  0.968922  0.245746)
     N   33    sigma_22=    206.34    axis=( -0.992552  0.001938 -0.121807)
     N   33    sigma_33=    198.88    axis=( -0.118497 -0.247359  0.961651)
 
     Atom 34  N   pos: (  0.607987 -0.298165  0.844014)  Total sigma:         203.32
           206.2363         -1.7683          1.5716
             1.4184        204.3840          0.9148
             0.1515          1.8740        199.3440

     N   34    anisotropy:     -6.66    eta:   -0.3601
     N   34    sigma_11=    204.74    axis=( -0.028266  0.968922  0.245746)
     N   34    sigma_22=    206.34    axis=( -0.992552  0.001938 -0.121807)
     N   34    sigma_33=    198.88    axis=( -0.118497 -0.247359  0.961651)
 
     Atom 35  H   pos: ( -0.003832  0.628506  0.162450)  Total sigma:          22.64
            24.5960         -9.6711          7.0407
            -8.4415         23.6368         -5.8403
             6.6239         -5.6224         19.6784

     H   35    anisotropy:     22.46    eta:   -0.0665
     H   35    sigma_11=     15.65    axis=(  0.175259  0.697394  0.694929)
     H   35    sigma_22=     14.65    axis=(  0.733129  0.378677 -0.564913)
     H   35    sigma_33=     37.61    axis=(  0.657120 -0.608478  0.444913)
 
     Atom 36  H   pos: (  0.523849 -0.213399  0.773059)  Total sigma:          22.64
            24.5960         -9.6711          7.0407
            -8.4415         23.6368         -5.8403
             6.6239         -5.6224         19.6784

     H   36    anisotropy:     22.46    eta:   -0.0665
     H   36    sigma_11=     15.65    axis=(  0.175259  0.697394  0.694929)
     H   36    sigma_22=     14.65    axis=(  0.733129  0.378677 -0.564913)
     H   36    sigma_33=     37.61    axis=(  0.657120 -0.608478  0.444913)
 
     Atom 37  H   pos: ( -0.204977  0.736677  0.161583)  Total sigma:          23.32
            31.4557         -4.9594         -7.6297
            -4.7295         16.4549          4.5967
            -8.5200          4.3785         22.0600

     H   37    anisotropy:     22.06    eta:   -0.2740
     H   37    sigma_11=     17.99    axis=(  0.571398  0.357427  0.738749)
     H   37    sigma_22=     13.96    axis=( -0.035090 -0.888711  0.457124)
     H   37    sigma_33=     38.03    axis=( -0.819922  0.287123  0.495265)
 
     Atom 38  H   pos: (  0.724995 -0.321570  0.773926)  Total sigma:          23.32
            31.4557         -4.9594         -7.6297
            -4.7295         16.4549          4.5967
            -8.5200          4.3785         22.0600

     H   38    anisotropy:     22.06    eta:   -0.2740
     H   38    sigma_11=     17.99    axis=(  0.571398  0.357427  0.738749)
     H   38    sigma_22=     13.96    axis=( -0.035090 -0.888711  0.457124)
     H   38    sigma_33=     38.03    axis=( -0.819922  0.287123  0.495265)
 
     Atom 39  H   pos: ( -0.025858  0.834906  0.077039)  Total sigma:          24.19
            22.6443          3.9782          1.2176
             5.6951         30.1205          0.8283
             1.2856          0.8756         19.8133

     H   39    anisotropy:     12.66    eta:   -0.1898
     H   39    sigma_11=     20.77    axis=(  0.715041 -0.420910  0.558168)
     H   39    sigma_22=     19.17    axis=( -0.540011  0.174501  0.823370)
     H   39    sigma_33=     32.63    axis=(  0.443965  0.890160  0.102520)
 
     Atom 40  H   pos: (  0.545876 -0.419799  0.858470)  Total sigma:          24.19
            22.6443          3.9782          1.2176
             5.6951         30.1205          0.8283
             1.2856          0.8756         19.8133

     H   40    anisotropy:     12.66    eta:   -0.1898
     H   40    sigma_11=     20.77    axis=(  0.715041 -0.420910  0.558168)
     H   40    sigma_22=     19.17    axis=( -0.540011  0.174501  0.823370)
     H   40    sigma_33=     32.63    axis=(  0.443965  0.890160  0.102520)
 
     Atom 41  H   pos: ( -0.158096  0.091324  0.901844)  Total sigma:          23.76
            17.9388          0.0001          4.6425
             0.9950         17.8252          8.3904
             3.6159          7.9613         35.5207

     H   41    anisotropy:     23.57    eta:   -0.2087
     H   41    sigma_11=     17.54    axis=(  0.927100 -0.372264 -0.043646)
     H   41    sigma_22=     14.27    axis=(  0.326460  0.859214 -0.393924)
     H   41    sigma_33=     39.47    axis=(  0.184145  0.350958  0.918106)
 
     Atom 42  H   pos: (  0.678114  0.323783  0.033666)  Total sigma:          23.76
            17.9388          0.0001          4.6425
             0.9950         17.8252          8.3904
             3.6159          7.9613         35.5207

     H   42    anisotropy:     23.57    eta:   -0.2087
     H   42    sigma_11=     17.54    axis=(  0.927100 -0.372264 -0.043646)
     H   42    sigma_22=     14.27    axis=(  0.326460  0.859214 -0.393924)
     H   42    sigma_33=     39.47    axis=(  0.184145  0.350958  0.918106)
 
     Initialization:
     gipaw_setup  :      0.32s CPU      0.34s WALL (       1 calls)
 
     Linear response
     greenf       :   9092.79s CPU   9408.48s WALL (     336 calls)
     cgsolve      :   9051.65s CPU   9367.21s WALL (     336 calls)
     ch_psi       :   8861.90s CPU   9177.25s WALL (   21896 calls)
     h_psiq       :   7180.62s CPU   7493.03s WALL (   21896 calls)
 
     Apply operators
     h_psi        :   6870.35s CPU   7221.57s WALL (   29190 calls)
     apply_vel    :    107.30s CPU    107.51s WALL (     294 calls)
 
     Induced current
     j_para       :    536.66s CPU    547.79s WALL (     378 calls)
     biot_savart  :      0.04s CPU      0.05s WALL (       1 calls)
 
     Other routines
 
     General routines
     calbec       :   1735.30s CPU   1743.50s WALL (   75824 calls)
     fft          :      0.24s CPU      0.27s WALL (      32 calls)
     fftw         :   5557.60s CPU   5897.66s WALL ( 4109408 calls)
     davcio       :      0.05s CPU      1.02s WALL (     224 calls)
 
     Parallel routines
     fft_scatter  :   1200.17s CPU   1396.19s WALL ( 4109440 calls)
 
     Plugins
 
     GIPAW        :  11298.36s CPU  11679.96s WALL (       1 calls)
