
     Program QE v.6.1 (svn rev. 13369) starts on 15Nov2017 at  0: 3:26 

     This program is part of the open-source Quantum ESPRESSO suite
     for quantum simulation of materials; please cite
         "P. Giannozzi et al., J. Phys.:Condens. Matter 21 395502 (2009);
          URL http://www.quantum-espresso.org", 
     in publications or presentations arising from this work. More details at
     http://www.quantum-espresso.org/quote

     Parallel version (MPI), running on     8 processors
     R & G space division:  proc/nbgrp/npool/nimage =       8
 
     ***** This is GIPAW svn revision unknown      *****
 
     Parallelizing q-star over 1 images
     Message from routine gipaw_readin:
     *** iverbosity is obsolete, use verbosity instead ***

     Reading data from directory:
     /scratch/ahofstet/ML/CCDC/DOJKUJ/wfc/scf.save

   Info: using nr1, nr2, nr3 values from input

   Info: using nr1, nr2, nr3 values from input

     IMPORTANT: XC functional enforced from input :
     Exchange-correlation      =  SLA  PW   PBX  PBC ( 1  4  3  4 0 0)
     Any further DFT definition will be discarded
     Please, verify this is what you really want

               file C.pbe-n-kjpaw_psl.0.1.UPF: wavefunction(s)  2P renormalized
               file N.pbe-n-kjpaw_psl.0.1.UPF: wavefunction(s)  2P renormalized
               file H.pbe-kjpaw_psl.0.1.UPF: wavefunction(s)  1S renormalized
               file O.pbe-n-kjpaw_psl.0.1.UPF: wavefunction(s)  2P renormalized
 
     Parallelization info
     --------------------
     sticks:   dense  smooth     PW     G-vecs:    dense   smooth      PW
     Min         828     828    220                46552    46552    6377
     Max         829     829    221                46553    46553    6379
     Sum        6625    6625   1761               372417   372417   51023
 

     Check: negative/imaginary core charge=   -0.000002    0.000000

     Subspace diagonalization in iterative solution of the eigenvalue problem:
     a serial algorithm will be used

     GIPAW projectors -----------------------------------------------
     atom=  C    l=0  rc=    1.3000  rs=    0.8667
     atom=  C    l=0  rc=    1.3000  rs=    0.8667
     atom=  C    l=1  rc=    1.4500  rs=    0.9667
     atom=  C    l=1  rc=    1.4500  rs=    0.9667
     projs nearly linearly dependent: l=0  n1,n2= 1, 2  s=  0.99877758
     projs nearly linearly dependent: l=1  n1,n2= 1, 2  s=  0.99940894
 
     atom=  N    l=0  rc=    1.3000  rs=    0.8667
     atom=  N    l=0  rc=    1.3000  rs=    0.8667
     atom=  N    l=1  rc=    1.4500  rs=    0.9667
     atom=  N    l=1  rc=    1.4500  rs=    0.9667
     projs nearly linearly dependent: l=0  n1,n2= 1, 2  s=  0.99709514
     projs nearly linearly dependent: l=1  n1,n2= 1, 2  s=  0.99857174
 
     atom=  H    l=0  rc=    1.0000  rs=    0.6667
     atom=  H    l=0  rc=    1.0000  rs=    0.6667
     projs nearly linearly dependent: l=0  n1,n2= 1, 2  s=  0.99968852
 
     atom=  O    l=0  rc=    1.3500  rs=    0.9000
     atom=  O    l=0  rc=    1.3500  rs=    0.9000
     atom=  O    l=1  rc=    1.3500  rs=    0.9000
     atom=  O    l=1  rc=    1.3500  rs=    0.9000
     projs nearly linearly dependent: l=0  n1,n2= 1, 2  s=  0.99100135
     projs nearly linearly dependent: l=1  n1,n2= 1, 2  s=  0.99790100
     -----------------------------------------------------------------
 
     alpha_pv=     46.4556 eV
 
     q-space interpolation up to   110.00 Rydberg
 
     GIPAW job: nmr                                                                             
     NMR macroscopic correction: yes
             0.6667          0.0000          0.0000
             0.0000          0.6667          0.0000
             0.0000          0.0000          0.6667

 
     Largest allocated arrays     est. size (Mb)     dimensions
        KS wavefunctions at k           8.09 Mb     (    5826,   91)
        KS wavefunctions at k+q         8.09 Mb     (    5826,   91)
        First-order wavefunctions      80.90 Mb     (    5826,   91, 10)
        First-order wavefunct (US)     48.54 Mb     (    5826,   91,  6)
        Charge/spin density             0.82 Mb     (  108000,    1)
        Induced current                 7.42 Mb     (  108000,    3,3,1)
        Induced magnetic field          7.42 Mb     (  108000,    3,3,1)
        NL pseudopotentials            22.76 Mb     (    5826,  256)
        GIPAW NL terms                 22.76 Mb     (    5826,  256)
 
     Computing the magnetic susceptibility     isolve=0    ethr=  0.1000E-13
     k-point #    1 of    10      pool #  1    cpu time:      10.9
     Rotating WFCS
     Rotating WFCS
     Rotating WFCS
     Rotating WFCS
     Rotating WFCS
     Rotating WFCS
     Rotating WFCS
     k-point #    2 of    10      pool #  1    cpu time:     827.8
     Rotating WFCS
     c_bands:  1 eigenvalues not converged
     Rotating WFCS
     Rotating WFCS
     Rotating WFCS
     Rotating WFCS
     c_bands:  1 eigenvalues not converged
     Rotating WFCS
     Rotating WFCS
     k-point #    3 of    10      pool #  1    cpu time:    1693.7
     Rotating WFCS
     c_bands:  1 eigenvalues not converged
     Rotating WFCS
     Rotating WFCS
     Rotating WFCS
     Rotating WFCS
     Rotating WFCS
     Rotating WFCS
     k-point #    4 of    10      pool #  1    cpu time:    2537.7
     Rotating WFCS
     c_bands:  1 eigenvalues not converged
     Rotating WFCS
     c_bands:  1 eigenvalues not converged
     Rotating WFCS
     c_bands:  1 eigenvalues not converged
     Rotating WFCS
     c_bands:  1 eigenvalues not converged
     Rotating WFCS
     Rotating WFCS
     Rotating WFCS
     k-point #    5 of    10      pool #  1    cpu time:    3395.7
     Rotating WFCS
     c_bands:  1 eigenvalues not converged
     Rotating WFCS
     Rotating WFCS
     Rotating WFCS
     Rotating WFCS
     Rotating WFCS
     Rotating WFCS
     k-point #    6 of    10      pool #  1    cpu time:    4239.7
     Rotating WFCS
     Rotating WFCS
     Rotating WFCS
     Rotating WFCS
     Rotating WFCS
     Rotating WFCS
     Rotating WFCS
     k-point #    7 of    10      pool #  1    cpu time:    5102.5
     Rotating WFCS
     c_bands:  1 eigenvalues not converged
     Rotating WFCS
     Rotating WFCS
     Rotating WFCS
     Rotating WFCS
     Rotating WFCS
     Rotating WFCS
     k-point #    8 of    10      pool #  1    cpu time:    5957.7
     Rotating WFCS
     c_bands:  1 eigenvalues not converged
     Rotating WFCS
     c_bands:  1 eigenvalues not converged
     Rotating WFCS
     c_bands:  1 eigenvalues not converged
     Rotating WFCS
     c_bands:  1 eigenvalues not converged
     Rotating WFCS
     c_bands:  1 eigenvalues not converged
     Rotating WFCS
     c_bands:  1 eigenvalues not converged
     Rotating WFCS
     c_bands:  1 eigenvalues not converged
     k-point #    9 of    10      pool #  1    cpu time:    6820.9
     Rotating WFCS
     c_bands:  2 eigenvalues not converged
     Rotating WFCS
     c_bands:  1 eigenvalues not converged
     Rotating WFCS
     c_bands:  1 eigenvalues not converged
     Rotating WFCS
     c_bands:  1 eigenvalues not converged
     Rotating WFCS
     c_bands:  1 eigenvalues not converged
     Rotating WFCS
     Rotating WFCS
     c_bands:  1 eigenvalues not converged
     k-point #   10 of    10      pool #  1    cpu time:    7694.2
     Rotating WFCS
     c_bands:  1 eigenvalues not converged
     Rotating WFCS
     c_bands:  1 eigenvalues not converged
     Rotating WFCS
     c_bands:  1 eigenvalues not converged
     Rotating WFCS
     c_bands:  1 eigenvalues not converged
     Rotating WFCS
     c_bands:  1 eigenvalues not converged
     Rotating WFCS
     c_bands:  1 eigenvalues not converged
     Rotating WFCS
     c_bands:  1 eigenvalues not converged
     End of magnetic susceptibility calculation
 
     f-sum rule (1st term):
          -144.8905          0.0000         -0.1888
             0.0000       -145.2452         -0.0000
            -0.1861         -0.0000       -144.7399

     f-sum rule (2nd term):
            -2.8746          0.0000          0.1888
             0.0000         -2.5214          0.0000
             0.1861          0.0000         -3.0261

     f-sum rule (should be  -147.7654):
          -147.7652          0.0000          0.0001
             0.0000       -147.7666         -0.0000
            -0.0000         -0.0000       -147.7660

     chi_bare pGv (HH) in paratec units:
       -43.094773      0.069559      6.414025
         0.074950    -38.925719      0.069916
         6.818781      0.071243    -48.793710

       -43.094773      0.069559      6.414025
         0.074950    -38.925719      0.069916
         6.818781      0.071243    -48.793710

     chi_bare vGv (VV) in paratec units:
       -42.706995      0.066798     10.103847
         0.069741    -37.241468      0.074293
        10.085153      0.067927    -50.169406

       -42.706995      0.066798     10.103847
         0.069741    -37.241468      0.074293
        10.085153      0.067927    -50.169406

     chi_bare pGv (HH) in 10^{-6} cm^3/mol:
          -204.7904          0.3305         30.4801
             0.3562       -184.9787          0.3322
            32.4035          0.3386       -231.8723

     chi_bare vGv (VV) in 10^{-6} cm^3/mol:
          -202.9477          0.3174         48.0144
             0.3314       -176.9750          0.3530
            47.9256          0.3228       -238.4097

     Contributions to the NMR chemical shifts: -------------------------------
 
     Macroscopic shape contribution in ppm:                    7.06
             6.9769          0.0000          0.0000
             0.0000          6.3020          0.0000
             0.0000          0.0000          7.8996

 
     Core contribution in ppm:
 
     Atom  1  H   pos: (  0.262385  1.650330  0.167070)  core sigma:           0.00
     Atom  2  H   pos: (  0.647775  0.771374  0.441622)  core sigma:           0.00
     Atom  3  H   pos: (  0.557935  0.107582  1.050313)  core sigma:           0.00
     Atom  4  H   pos: (  0.172544  0.986538  0.775761)  core sigma:           0.00
     Atom  5  O   pos: (  0.343569  1.544925  0.023683)  core sigma:         271.07
     Atom  6  O   pos: (  0.566590  0.665969  0.585009)  core sigma:         271.07
     Atom  7  O   pos: (  0.476750  0.212987  1.193700)  core sigma:         271.07
     Atom  8  O   pos: (  0.253729  1.091943  0.632374)  core sigma:         271.07
     Atom  9  O   pos: (  0.746892  0.873400  0.262557)  core sigma:         271.07
     Atom 10  O   pos: (  0.163267 -0.005556  0.346134)  core sigma:         271.07
     Atom 11  O   pos: (  0.073427  0.884512  0.954826)  core sigma:         271.07
     Atom 12  O   pos: (  0.657052  1.763468  0.871249)  core sigma:         271.07
     Atom 13  N   pos: (  0.500593  1.406612  0.131975)  core sigma:         235.78
     Atom 14  N   pos: (  0.409567  0.527656  0.476716)  core sigma:         235.78
     Atom 15  N   pos: (  0.319727  0.351301  1.085407)  core sigma:         235.78
     Atom 16  N   pos: (  0.410752  1.230257  0.740667)  core sigma:         235.78
     Atom 17  N   pos: (  0.680967  1.097096  0.242507)  core sigma:         235.78
     Atom 18  N   pos: (  0.229192  0.218140  0.366185)  core sigma:         235.78
     Atom 19  N   pos: (  0.139352  0.660816  0.974876)  core sigma:         235.78
     Atom 20  N   pos: (  0.591127  1.539772  0.851198)  core sigma:         235.78
     Atom 21  C   pos: (  0.496076  1.172189  0.120144)  core sigma:         200.51
     Atom 22  C   pos: (  0.414083  0.293233  0.488548)  core sigma:         200.51
     Atom 23  C   pos: (  0.324243  0.585723  1.097239)  core sigma:         200.51
     Atom 24  C   pos: (  0.406236  1.464679  0.728835)  core sigma:         200.51
     Atom 25  H   pos: (  0.377676  1.068169  0.015530)  core sigma:           0.00
     Atom 26  H   pos: (  0.532484  0.189213  0.593161)  core sigma:           0.00
     Atom 27  H   pos: (  0.442643  0.689743  1.201853)  core sigma:           0.00
     Atom 28  H   pos: (  0.287836  1.568699  0.624222)  core sigma:           0.00
     Atom 29  C   pos: (  0.686043  1.480009  0.261502)  core sigma:         200.51
     Atom 30  C   pos: (  0.224116  0.601053  0.347189)  core sigma:         200.51
     Atom 31  C   pos: (  0.134276  0.277903  0.955881)  core sigma:         200.51
     Atom 32  C   pos: (  0.596203  1.156859  0.870194)  core sigma:         200.51
     Atom 33  H   pos: (  0.725476  1.662158  0.288118)  core sigma:           0.00
     Atom 34  H   pos: (  0.184683  0.783202  0.320573)  core sigma:           0.00
     Atom 35  H   pos: (  0.094843  0.095754  0.929265)  core sigma:           0.00
     Atom 36  H   pos: (  0.635636  0.974710  0.896810)  core sigma:           0.00
     Atom 37  C   pos: (  0.801369  1.282334  0.332381)  core sigma:         200.51
     Atom 38  C   pos: (  0.108791  0.403378  0.276310)  core sigma:         200.51
     Atom 39  C   pos: (  0.018951  0.475578  0.885002)  core sigma:         200.51
     Atom 40  C   pos: (  0.711528  1.354534  0.941073)  core sigma:         200.51
     Atom 41  H   pos: ( -0.045794  1.257216  0.439462)  core sigma:           0.00
     Atom 42  H   pos: (  0.955953  0.378260  0.169229)  core sigma:           0.00
     Atom 43  H   pos: (  0.866113  0.500696  0.777921)  core sigma:           0.00
     Atom 44  H   pos: ( -0.135634  1.379652  1.048153)  core sigma:           0.00
 
     Bare contribution in ppm:
 
     Atom  1  H   pos: (  0.262385  1.650330  0.167070)  bare sigma:           5.11
             0.9911        -11.4780         -9.3473
           -10.2451          5.9103         13.7557
            -9.6359         14.9263          8.4201

     Atom  2  H   pos: (  0.647775  0.771374  0.441622)  bare sigma:           5.11
             0.9911         11.4780         -9.3474
            10.2450          5.9103        -13.7556
            -9.6359        -14.9262          8.4202

     Atom  3  H   pos: (  0.557935  0.107582  1.050313)  bare sigma:           5.11
             0.9911        -11.4780         -9.3473
           -10.2451          5.9103         13.7557
            -9.6359         14.9263          8.4201

     Atom  4  H   pos: (  0.172544  0.986538  0.775761)  bare sigma:           5.11
             0.9911         11.4780         -9.3474
            10.2450          5.9103        -13.7556
            -9.6359        -14.9262          8.4202

     Atom  5  O   pos: (  0.343569  1.544925  0.023683)  bare sigma:          29.18
            37.4679        -25.6550          2.7675
           -21.0878         21.2188        -15.5746
             9.7307        -15.8071         28.8440

     Atom  6  O   pos: (  0.566590  0.665969  0.585009)  bare sigma:          29.18
            37.4671         25.6546          2.7670
            21.0875         21.2179         15.5746
             9.7301         15.8071         28.8437

     Atom  7  O   pos: (  0.476750  0.212987  1.193700)  bare sigma:          29.18
            37.4679        -25.6550          2.7675
           -21.0878         21.2188        -15.5746
             9.7307        -15.8071         28.8440

     Atom  8  O   pos: (  0.253729  1.091943  0.632374)  bare sigma:          29.18
            37.4671         25.6546          2.7670
            21.0875         21.2179         15.5746
             9.7301         15.8071         28.8437

     Atom  9  O   pos: (  0.746892  0.873400  0.262557)  bare sigma:          22.80
             8.0299        -12.2283        -14.3406
           -13.6478         45.5873         -4.9213
           -14.7557         -5.2611         14.7923

     Atom 10  O   pos: (  0.163267 -0.005556  0.346134)  bare sigma:          22.80
             8.0295         12.2286        -14.3405
            13.6480         45.5876          4.9213
           -14.7556          5.2611         14.7917

     Atom 11  O   pos: (  0.073427  0.884512  0.954826)  bare sigma:          22.80
             8.0299        -12.2283        -14.3406
           -13.6478         45.5873         -4.9213
           -14.7557         -5.2611         14.7923

     Atom 12  O   pos: (  0.657052  1.763468  0.871249)  bare sigma:          22.80
             8.0295         12.2286        -14.3405
            13.6480         45.5876          4.9213
           -14.7556          5.2611         14.7917

     Atom 13  N   pos: (  0.500593  1.406612  0.131975)  bare sigma:         -25.23
           -26.5481          2.4889        -15.6597
             2.0720        -33.9404         -1.0161
           -18.4417         -0.8240        -15.1915

     Atom 14  N   pos: (  0.409567  0.527656  0.476716)  bare sigma:         -25.23
           -26.5493         -2.4894        -15.6606
            -2.0721        -33.9414          1.0162
           -18.4427          0.8237        -15.1920

     Atom 15  N   pos: (  0.319727  0.351301  1.085407)  bare sigma:         -25.23
           -26.5481          2.4889        -15.6597
             2.0720        -33.9404         -1.0161
           -18.4417         -0.8240        -15.1915

     Atom 16  N   pos: (  0.410752  1.230257  0.740667)  bare sigma:         -25.23
           -26.5493         -2.4894        -15.6606
            -2.0721        -33.9414          1.0162
           -18.4427          0.8237        -15.1920

     Atom 17  N   pos: (  0.680967  1.097096  0.242507)  bare sigma:         -30.86
           -31.2553          0.5166        -17.9402
             1.5423        -44.7155         -1.9611
           -17.3606         -2.9578        -16.6163

     Atom 18  N   pos: (  0.229192  0.218140  0.366185)  bare sigma:         -30.86
           -31.2549         -0.5165        -17.9398
            -1.5424        -44.7153          1.9611
           -17.3603          2.9578        -16.6163

     Atom 19  N   pos: (  0.139352  0.660816  0.974876)  bare sigma:         -30.86
           -31.2553          0.5166        -17.9402
             1.5423        -44.7155         -1.9611
           -17.3606         -2.9578        -16.6163

     Atom 20  N   pos: (  0.591127  1.539772  0.851198)  bare sigma:         -30.86
           -31.2549         -0.5165        -17.9398
            -1.5424        -44.7153          1.9611
           -17.3603          2.9578        -16.6163

     Atom 21  C   pos: (  0.496076  1.172189  0.120144)  bare sigma:         -50.22
           -51.5545          0.5044        -21.6823
            -2.4369        -64.3215         -5.8522
           -20.0354         -5.9566        -34.7945

     Atom 22  C   pos: (  0.414083  0.293233  0.488548)  bare sigma:         -50.22
           -51.5539         -0.5043        -21.6818
             2.4374        -64.3215          5.8526
           -20.0349          5.9568        -34.7943

     Atom 23  C   pos: (  0.324243  0.585723  1.097239)  bare sigma:         -50.22
           -51.5545          0.5044        -21.6823
            -2.4369        -64.3215         -5.8522
           -20.0354         -5.9566        -34.7945

     Atom 24  C   pos: (  0.406236  1.464679  0.728835)  bare sigma:         -50.22
           -51.5539         -0.5043        -21.6818
             2.4374        -64.3215          5.8526
           -20.0349          5.9568        -34.7943

     Atom 25  H   pos: (  0.377676  1.068169  0.015530)  bare sigma:          12.37
            10.8353          2.3642          3.3658
             2.4208         12.8656          4.2521
             3.2729          2.8638         13.3982

     Atom 26  H   pos: (  0.532484  0.189213  0.593161)  bare sigma:          12.37
            10.8354         -2.3643          3.3658
            -2.4207         12.8656         -4.2520
             3.2730         -2.8638         13.3983

     Atom 27  H   pos: (  0.442643  0.689743  1.201853)  bare sigma:          12.37
            10.8353          2.3642          3.3658
             2.4208         12.8656          4.2521
             3.2729          2.8638         13.3982

     Atom 28  H   pos: (  0.287836  1.568699  0.624222)  bare sigma:          12.37
            10.8354         -2.3643          3.3658
            -2.4207         12.8656         -4.2520
             3.2730         -2.8638         13.3983

     Atom 29  C   pos: (  0.686043  1.480009  0.261502)  bare sigma:         -45.30
           -42.6258         -6.8354        -22.8491
            -5.9535        -66.3272         -5.7546
           -22.2583         -2.6426        -26.9561

     Atom 30  C   pos: (  0.224116  0.601053  0.347189)  bare sigma:         -45.30
           -42.6263          6.8355        -22.8497
             5.9536        -66.3277          5.7547
           -22.2588          2.6427        -26.9561

     Atom 31  C   pos: (  0.134276  0.277903  0.955881)  bare sigma:         -45.30
           -42.6258         -6.8354        -22.8491
            -5.9535        -66.3272         -5.7546
           -22.2583         -2.6426        -26.9561

     Atom 32  C   pos: (  0.596203  1.156859  0.870194)  bare sigma:         -45.30
           -42.6263          6.8355        -22.8497
             5.9536        -66.3277          5.7547
           -22.2588          2.6427        -26.9561

     Atom 33  H   pos: (  0.725476  1.662158  0.288118)  bare sigma:          14.72
            14.7078          1.4573          1.6519
             0.3154         16.6031         -1.2650
             1.8012         -0.2190         12.8534

     Atom 34  H   pos: (  0.184683  0.783202  0.320573)  bare sigma:          14.72
            14.7078         -1.4573          1.6518
            -0.3154         16.6031          1.2650
             1.8011          0.2191         12.8534

     Atom 35  H   pos: (  0.094843  0.095754  0.929265)  bare sigma:          14.72
            14.7078          1.4573          1.6519
             0.3154         16.6031         -1.2650
             1.8012         -0.2190         12.8534

     Atom 36  H   pos: (  0.635636  0.974710  0.896810)  bare sigma:          14.72
            14.7078         -1.4573          1.6518
            -0.3154         16.6031          1.2650
             1.8011          0.2191         12.8534

     Atom 37  C   pos: (  0.801369  1.282334  0.332381)  bare sigma:         -44.72
           -52.6653          1.8662        -27.9315
             1.9308        -52.6124         -1.5505
           -23.4280         -2.3658        -28.8713

     Atom 38  C   pos: (  0.108791  0.403378  0.276310)  bare sigma:         -44.72
           -52.6656         -1.8665        -27.9315
            -1.9317        -52.6127          1.5499
           -23.4279          2.3657        -28.8716

     Atom 39  C   pos: (  0.018951  0.475578  0.885002)  bare sigma:         -44.72
           -52.6653          1.8662        -27.9315
             1.9308        -52.6124         -1.5505
           -23.4280         -2.3658        -28.8713

     Atom 40  C   pos: (  0.711528  1.354534  0.941073)  bare sigma:         -44.72
           -52.6656         -1.8665        -27.9315
            -1.9317        -52.6127          1.5499
           -23.4279          2.3657        -28.8716

     Atom 41  H   pos: ( -0.045794  1.257216  0.439462)  bare sigma:          14.44
            17.8369         -2.0782          3.8806
             0.4830         12.2437         -0.5918
             3.1937         -1.3706         13.2309

     Atom 42  H   pos: (  0.955953  0.378260  0.169229)  bare sigma:          14.44
            17.8369          2.0782          3.8806
            -0.4831         12.2437          0.5917
             3.1937          1.3706         13.2309

     Atom 43  H   pos: (  0.866113  0.500696  0.777921)  bare sigma:          14.44
            17.8369         -2.0782          3.8806
             0.4830         12.2437         -0.5918
             3.1937         -1.3706         13.2309

     Atom 44  H   pos: ( -0.135634  1.379652  1.048153)  bare sigma:          14.44
            17.8369          2.0782          3.8806
            -0.4831         12.2437          0.5917
             3.1937          1.3706         13.2309

     Diamagnetic contribution in ppm:
 
     Atom  1  H   pos: (  0.262385  1.650330  0.167070)  dia sigma:           0.80
             0.7982         -0.0000         -0.0000
            -0.0000          0.7982          0.0000
            -0.0000          0.0000          0.7982

     Atom  2  H   pos: (  0.647775  0.771374  0.441622)  dia sigma:           0.80
             0.7982         -0.0000         -0.0000
            -0.0000          0.7982          0.0000
            -0.0000          0.0000          0.7982

     Atom  3  H   pos: (  0.557935  0.107582  1.050313)  dia sigma:           0.80
             0.7982         -0.0000         -0.0000
            -0.0000          0.7982          0.0000
            -0.0000          0.0000          0.7982

     Atom  4  H   pos: (  0.172544  0.986538  0.775761)  dia sigma:           0.80
             0.7982         -0.0000         -0.0000
            -0.0000          0.7982          0.0000
            -0.0000          0.0000          0.7982

     Atom  5  O   pos: (  0.343569  1.544925  0.023683)  dia sigma:          17.30
            17.4562         -1.1860          0.5329
            -1.1860         17.2787         -0.3857
             0.5329         -0.3857         17.1519

     Atom  6  O   pos: (  0.566590  0.665969  0.585009)  dia sigma:          17.30
            17.4562          1.1860          0.5329
             1.1860         17.2787          0.3857
             0.5329          0.3857         17.1520

     Atom  7  O   pos: (  0.476750  0.212987  1.193700)  dia sigma:          17.30
            17.4562         -1.1860          0.5329
            -1.1860         17.2787         -0.3857
             0.5329         -0.3857         17.1519

     Atom  8  O   pos: (  0.253729  1.091943  0.632374)  dia sigma:          17.30
            17.4562          1.1860          0.5329
             1.1860         17.2787          0.3857
             0.5329          0.3857         17.1520

     Atom  9  O   pos: (  0.746892  0.873400  0.262557)  dia sigma:          17.19
            16.4811         -0.6271         -0.1489
            -0.6271         18.5319         -0.3233
            -0.1489         -0.3233         16.5505

     Atom 10  O   pos: (  0.163267 -0.005556  0.346134)  dia sigma:          17.19
            16.4811          0.6271         -0.1489
             0.6271         18.5319          0.3233
            -0.1489          0.3233         16.5505

     Atom 11  O   pos: (  0.073427  0.884512  0.954826)  dia sigma:          17.19
            16.4811         -0.6271         -0.1489
            -0.6271         18.5319         -0.3233
            -0.1489         -0.3233         16.5505

     Atom 12  O   pos: (  0.657052  1.763468  0.871249)  dia sigma:          17.19
            16.4811          0.6271         -0.1489
             0.6271         18.5319          0.3233
            -0.1489          0.3233         16.5505

     Atom 13  N   pos: (  0.500593  1.406612  0.131975)  dia sigma:           9.59
             9.6356         -0.1767          0.3392
            -0.1767          9.7487         -0.1346
             0.3392         -0.1346          9.3808

     Atom 14  N   pos: (  0.409567  0.527656  0.476716)  dia sigma:           9.59
             9.6357          0.1767          0.3392
             0.1767          9.7487          0.1346
             0.3392          0.1346          9.3809

     Atom 15  N   pos: (  0.319727  0.351301  1.085407)  dia sigma:           9.59
             9.6356         -0.1767          0.3392
            -0.1767          9.7487         -0.1346
             0.3392         -0.1346          9.3808

     Atom 16  N   pos: (  0.410752  1.230257  0.740667)  dia sigma:           9.59
             9.6357          0.1767          0.3392
             0.1767          9.7487          0.1346
             0.3392          0.1346          9.3809

     Atom 17  N   pos: (  0.680967  1.097096  0.242507)  dia sigma:           9.52
             9.4435         -0.1293          0.1739
            -0.1293          9.8660         -0.0107
             0.1739         -0.0107          9.2624

     Atom 18  N   pos: (  0.229192  0.218140  0.366185)  dia sigma:           9.52
             9.4435          0.1293          0.1739
             0.1293          9.8659          0.0107
             0.1739          0.0107          9.2624

     Atom 19  N   pos: (  0.139352  0.660816  0.974876)  dia sigma:           9.52
             9.4435         -0.1293          0.1739
            -0.1293          9.8660         -0.0107
             0.1739         -0.0107          9.2624

     Atom 20  N   pos: (  0.591127  1.539772  0.851198)  dia sigma:           9.52
             9.4435          0.1293          0.1739
             0.1293          9.8659          0.0107
             0.1739          0.0107          9.2624

     Atom 21  C   pos: (  0.496076  1.172189  0.120144)  dia sigma:           4.35
             4.3200         -0.0751         -0.0050
            -0.0751          4.4059         -0.0608
            -0.0050         -0.0608          4.3166

     Atom 22  C   pos: (  0.414083  0.293233  0.488548)  dia sigma:           4.35
             4.3200          0.0751         -0.0050
             0.0751          4.4059          0.0608
            -0.0050          0.0608          4.3166

     Atom 23  C   pos: (  0.324243  0.585723  1.097239)  dia sigma:           4.35
             4.3200         -0.0751         -0.0050
            -0.0751          4.4059         -0.0608
            -0.0050         -0.0608          4.3166

     Atom 24  C   pos: (  0.406236  1.464679  0.728835)  dia sigma:           4.35
             4.3200          0.0751         -0.0050
             0.0751          4.4059          0.0608
            -0.0050          0.0608          4.3166

     Atom 25  H   pos: (  0.377676  1.068169  0.015530)  dia sigma:           1.07
             1.0655         -0.0000         -0.0000
            -0.0000          1.0655          0.0000
            -0.0000          0.0000          1.0655

     Atom 26  H   pos: (  0.532484  0.189213  0.593161)  dia sigma:           1.07
             1.0655         -0.0000         -0.0000
            -0.0000          1.0655          0.0000
            -0.0000          0.0000          1.0655

     Atom 27  H   pos: (  0.442643  0.689743  1.201853)  dia sigma:           1.07
             1.0655         -0.0000         -0.0000
            -0.0000          1.0655          0.0000
            -0.0000          0.0000          1.0655

     Atom 28  H   pos: (  0.287836  1.568699  0.624222)  dia sigma:           1.07
             1.0655         -0.0000         -0.0000
            -0.0000          1.0655          0.0000
            -0.0000          0.0000          1.0655

     Atom 29  C   pos: (  0.686043  1.480009  0.261502)  dia sigma:           4.35
             4.4346          0.0372          0.0324
             0.0372          4.2091          0.0201
             0.0324          0.0201          4.3965

     Atom 30  C   pos: (  0.224116  0.601053  0.347189)  dia sigma:           4.35
             4.4346         -0.0372          0.0324
            -0.0372          4.2091         -0.0201
             0.0324         -0.0201          4.3965

     Atom 31  C   pos: (  0.134276  0.277903  0.955881)  dia sigma:           4.35
             4.4346          0.0372          0.0324
             0.0372          4.2091          0.0201
             0.0324          0.0201          4.3965

     Atom 32  C   pos: (  0.596203  1.156859  0.870194)  dia sigma:           4.35
             4.4346         -0.0372          0.0324
            -0.0372          4.2091         -0.0201
             0.0324         -0.0201          4.3965

     Atom 33  H   pos: (  0.725476  1.662158  0.288118)  dia sigma:           1.10
             1.0981         -0.0000         -0.0000
            -0.0000          1.0981          0.0000
            -0.0000          0.0000          1.0981

     Atom 34  H   pos: (  0.184683  0.783202  0.320573)  dia sigma:           1.10
             1.0981         -0.0000         -0.0000
            -0.0000          1.0981          0.0000
            -0.0000          0.0000          1.0981

     Atom 35  H   pos: (  0.094843  0.095754  0.929265)  dia sigma:           1.10
             1.0981         -0.0000         -0.0000
            -0.0000          1.0981          0.0000
            -0.0000          0.0000          1.0981

     Atom 36  H   pos: (  0.635636  0.974710  0.896810)  dia sigma:           1.10
             1.0981         -0.0000         -0.0000
            -0.0000          1.0981          0.0000
            -0.0000          0.0000          1.0981

     Atom 37  C   pos: (  0.801369  1.282334  0.332381)  dia sigma:           4.35
             4.3047          0.0931         -0.0504
             0.0931          4.3981          0.0633
            -0.0504          0.0633          4.3477

     Atom 38  C   pos: (  0.108791  0.403378  0.276310)  dia sigma:           4.35
             4.3047         -0.0931         -0.0504
            -0.0931          4.3981         -0.0633
            -0.0504         -0.0633          4.3477

     Atom 39  C   pos: (  0.018951  0.475578  0.885002)  dia sigma:           4.35
             4.3047          0.0931         -0.0504
             0.0931          4.3981          0.0633
            -0.0504          0.0633          4.3477

     Atom 40  C   pos: (  0.711528  1.354534  0.941073)  dia sigma:           4.35
             4.3047         -0.0931         -0.0504
            -0.0931          4.3981         -0.0633
            -0.0504         -0.0633          4.3477

     Atom 41  H   pos: ( -0.045794  1.257216  0.439462)  dia sigma:           1.09
             1.0937         -0.0000         -0.0000
            -0.0000          1.0937          0.0000
            -0.0000          0.0000          1.0937

     Atom 42  H   pos: (  0.955953  0.378260  0.169229)  dia sigma:           1.09
             1.0937         -0.0000         -0.0000
            -0.0000          1.0937          0.0000
            -0.0000          0.0000          1.0937

     Atom 43  H   pos: (  0.866113  0.500696  0.777921)  dia sigma:           1.09
             1.0937         -0.0000         -0.0000
            -0.0000          1.0937          0.0000
            -0.0000          0.0000          1.0937

     Atom 44  H   pos: ( -0.135634  1.379652  1.048153)  dia sigma:           1.09
             1.0937         -0.0000         -0.0000
            -0.0000          1.0937          0.0000
            -0.0000          0.0000          1.0937

     Paramagnetic contribution in ppm:
 
     Atom  1  H   pos: (  0.262385  1.650330  0.167070)  para sigma:           0.00
             0.0000          0.0000          0.0000
             0.0000          0.0000          0.0000
             0.0000          0.0000          0.0000

     Atom  2  H   pos: (  0.647775  0.771374  0.441622)  para sigma:           0.00
             0.0000          0.0000          0.0000
             0.0000          0.0000          0.0000
             0.0000          0.0000          0.0000

     Atom  3  H   pos: (  0.557935  0.107582  1.050313)  para sigma:           0.00
             0.0000          0.0000          0.0000
             0.0000          0.0000          0.0000
             0.0000          0.0000          0.0000

     Atom  4  H   pos: (  0.172544  0.986538  0.775761)  para sigma:           0.00
             0.0000          0.0000          0.0000
             0.0000          0.0000          0.0000
             0.0000          0.0000          0.0000

     Atom  5  O   pos: (  0.343569  1.544925  0.023683)  para sigma:         -61.19
           -48.2953        -44.3626         -8.0265
           -33.7358        -83.9696        -22.9140
             9.7569        -23.4948        -51.2914

     Atom  6  O   pos: (  0.566590  0.665969  0.585009)  para sigma:         -61.19
           -48.2978         44.3616         -8.0273
            33.7348        -83.9724         22.9143
             9.7558         23.4951        -51.2929

     Atom  7  O   pos: (  0.476750  0.212987  1.193700)  para sigma:         -61.19
           -48.2953        -44.3626         -8.0265
           -33.7358        -83.9696        -22.9140
             9.7569        -23.4948        -51.2914

     Atom  8  O   pos: (  0.253729  1.091943  0.632374)  para sigma:         -61.19
           -48.2978         44.3616         -8.0273
            33.7348        -83.9724         22.9143
             9.7558         23.4951        -51.2929

     Atom  9  O   pos: (  0.746892  0.873400  0.262557)  para sigma:         -69.99
           -96.0483        -15.0547        -38.5807
           -20.5812        -42.5938         -7.2062
           -38.8077         -6.9527        -71.3294

     Atom 10  O   pos: (  0.163267 -0.005556  0.346134)  para sigma:         -69.99
           -96.0489         15.0552        -38.5804
            20.5816        -42.5928          7.2063
           -38.8076          6.9528        -71.3302

     Atom 11  O   pos: (  0.073427  0.884512  0.954826)  para sigma:         -69.99
           -96.0483        -15.0547        -38.5807
           -20.5812        -42.5938         -7.2062
           -38.8077         -6.9527        -71.3294

     Atom 12  O   pos: (  0.657052  1.763468  0.871249)  para sigma:         -69.99
           -96.0489         15.0552        -38.5804
            20.5816        -42.5928          7.2063
           -38.8076          6.9528        -71.3302

     Atom 13  N   pos: (  0.500593  1.406612  0.131975)  para sigma:        -152.95
          -156.7355         18.7948        -30.8187
            19.0321       -165.8611          6.0726
           -38.1267          8.4545       -136.2640

     Atom 14  N   pos: (  0.409567  0.527656  0.476716)  para sigma:        -152.96
          -156.7382        -18.7959        -30.8206
           -19.0324       -165.8634         -6.0727
           -38.1287         -8.4552       -136.2653

     Atom 15  N   pos: (  0.319727  0.351301  1.085407)  para sigma:        -152.95
          -156.7355         18.7948        -30.8187
            19.0321       -165.8611          6.0726
           -38.1267          8.4545       -136.2640

     Atom 16  N   pos: (  0.410752  1.230257  0.740667)  para sigma:        -152.96
          -156.7382        -18.7959        -30.8206
           -19.0324       -165.8634         -6.0727
           -38.1287         -8.4552       -136.2653

     Atom 17  N   pos: (  0.680967  1.097096  0.242507)  para sigma:        -162.27
          -151.0818          9.3514        -29.6059
             8.4256       -206.1762          0.9780
           -29.5513         -2.1016       -129.5465

     Atom 18  N   pos: (  0.229192  0.218140  0.366185)  para sigma:        -162.27
          -151.0812         -9.3513        -29.6051
            -8.4256       -206.1759         -0.9782
           -29.5507          2.1016       -129.5466

     Atom 19  N   pos: (  0.139352  0.660816  0.974876)  para sigma:        -162.27
          -151.0818          9.3514        -29.6059
             8.4256       -206.1762          0.9780
           -29.5513         -2.1016       -129.5465

     Atom 20  N   pos: (  0.591127  1.539772  0.851198)  para sigma:        -162.27
          -151.0812         -9.3513        -29.6051
            -8.4256       -206.1759         -0.9782
           -29.5507          2.1016       -129.5466

     Atom 21  C   pos: (  0.496076  1.172189  0.120144)  para sigma:        -102.57
          -101.7077          2.3989        -20.2555
            -0.4853       -117.9846         -4.5610
           -19.3232         -3.9804        -88.0131

     Atom 22  C   pos: (  0.414083  0.293233  0.488548)  para sigma:        -102.57
          -101.7071         -2.3987        -20.2551
             0.4857       -117.9843          4.5613
           -19.3228          3.9806        -88.0128

     Atom 23  C   pos: (  0.324243  0.585723  1.097239)  para sigma:        -102.57
          -101.7077          2.3989        -20.2555
            -0.4853       -117.9846         -4.5610
           -19.3232         -3.9804        -88.0131

     Atom 24  C   pos: (  0.406236  1.464679  0.728835)  para sigma:        -102.57
          -101.7071         -2.3987        -20.2551
             0.4857       -117.9843          4.5613
           -19.3228          3.9806        -88.0128

     Atom 25  H   pos: (  0.377676  1.068169  0.015530)  para sigma:           0.00
             0.0000          0.0000          0.0000
             0.0000          0.0000          0.0000
             0.0000          0.0000          0.0000

     Atom 26  H   pos: (  0.532484  0.189213  0.593161)  para sigma:           0.00
             0.0000          0.0000          0.0000
             0.0000          0.0000          0.0000
             0.0000          0.0000          0.0000

     Atom 27  H   pos: (  0.442643  0.689743  1.201853)  para sigma:           0.00
             0.0000          0.0000          0.0000
             0.0000          0.0000          0.0000
             0.0000          0.0000          0.0000

     Atom 28  H   pos: (  0.287836  1.568699  0.624222)  para sigma:           0.00
             0.0000          0.0000          0.0000
             0.0000          0.0000          0.0000
             0.0000          0.0000          0.0000

     Atom 29  C   pos: (  0.686043  1.480009  0.261502)  para sigma:        -101.02
           -99.8998        -11.3114        -22.4767
            -8.8005       -117.2461         -7.0621
           -22.8998         -4.3031        -85.9028

     Atom 30  C   pos: (  0.224116  0.601053  0.347189)  para sigma:        -101.02
           -99.9003         11.3116        -22.4773
             8.8007       -117.2467          7.0623
           -22.9003          4.3032        -85.9028

     Atom 31  C   pos: (  0.134276  0.277903  0.955881)  para sigma:        -101.02
           -99.8998        -11.3114        -22.4767
            -8.8005       -117.2461         -7.0621
           -22.8998         -4.3031        -85.9028

     Atom 32  C   pos: (  0.596203  1.156859  0.870194)  para sigma:        -101.02
           -99.9003         11.3116        -22.4773
             8.8007       -117.2467          7.0623
           -22.9003          4.3032        -85.9028

     Atom 33  H   pos: (  0.725476  1.662158  0.288118)  para sigma:           0.00
             0.0000          0.0000          0.0000
             0.0000          0.0000          0.0000
             0.0000          0.0000          0.0000

     Atom 34  H   pos: (  0.184683  0.783202  0.320573)  para sigma:           0.00
             0.0000          0.0000          0.0000
             0.0000          0.0000          0.0000
             0.0000          0.0000          0.0000

     Atom 35  H   pos: (  0.094843  0.095754  0.929265)  para sigma:           0.00
             0.0000          0.0000          0.0000
             0.0000          0.0000          0.0000
             0.0000          0.0000          0.0000

     Atom 36  H   pos: (  0.635636  0.974710  0.896810)  para sigma:           0.00
             0.0000          0.0000          0.0000
             0.0000          0.0000          0.0000
             0.0000          0.0000          0.0000

     Atom 37  C   pos: (  0.801369  1.282334  0.332381)  para sigma:        -100.71
          -108.8914         -1.4095        -26.4177
            -3.6882       -106.7278         -4.6299
           -22.0041         -4.5732        -86.5013

     Atom 38  C   pos: (  0.108791  0.403378  0.276310)  para sigma:        -100.71
          -108.8916          1.4091        -26.4176
             3.6874       -106.7281          4.6294
           -22.0039          4.5730        -86.5016

     Atom 39  C   pos: (  0.018951  0.475578  0.885002)  para sigma:        -100.71
          -108.8914         -1.4095        -26.4177
            -3.6882       -106.7278         -4.6299
           -22.0041         -4.5732        -86.5013

     Atom 40  C   pos: (  0.711528  1.354534  0.941073)  para sigma:        -100.71
          -108.8916          1.4091        -26.4176
             3.6874       -106.7281          4.6294
           -22.0039          4.5730        -86.5016

     Atom 41  H   pos: ( -0.045794  1.257216  0.439462)  para sigma:           0.00
             0.0000          0.0000          0.0000
             0.0000          0.0000          0.0000
             0.0000          0.0000          0.0000

     Atom 42  H   pos: (  0.955953  0.378260  0.169229)  para sigma:           0.00
             0.0000          0.0000          0.0000
             0.0000          0.0000          0.0000
             0.0000          0.0000          0.0000

     Atom 43  H   pos: (  0.866113  0.500696  0.777921)  para sigma:           0.00
             0.0000          0.0000          0.0000
             0.0000          0.0000          0.0000
             0.0000          0.0000          0.0000

     Atom 44  H   pos: ( -0.135634  1.379652  1.048153)  para sigma:           0.00
             0.0000          0.0000          0.0000
             0.0000          0.0000          0.0000
             0.0000          0.0000          0.0000

     Paramagnetic US occ-occ contribution in ppm:
 
     Atom  1  H   pos: (  0.262385  1.650330  0.167070)  para_oo sigma:           0.00
             0.0000          0.0000          0.0000
             0.0000          0.0000          0.0000
             0.0000          0.0000          0.0000

     Atom  2  H   pos: (  0.647775  0.771374  0.441622)  para_oo sigma:           0.00
             0.0000          0.0000          0.0000
             0.0000          0.0000          0.0000
             0.0000          0.0000          0.0000

     Atom  3  H   pos: (  0.557935  0.107582  1.050313)  para_oo sigma:           0.00
             0.0000          0.0000          0.0000
             0.0000          0.0000          0.0000
             0.0000          0.0000          0.0000

     Atom  4  H   pos: (  0.172544  0.986538  0.775761)  para_oo sigma:           0.00
             0.0000          0.0000          0.0000
             0.0000          0.0000          0.0000
             0.0000          0.0000          0.0000

     Atom  5  O   pos: (  0.343569  1.544925  0.023683)  para_oo sigma:          -1.50
            -1.2686         -0.7158         -0.5050
            -0.7114         -1.7971         -0.6477
            -0.4572         -0.3795         -1.4221

     Atom  6  O   pos: (  0.566590  0.665969  0.585009)  para_oo sigma:          -1.50
            -1.2686          0.7158         -0.5050
             0.7114         -1.7972          0.6477
            -0.4572          0.3795         -1.4221

     Atom  7  O   pos: (  0.476750  0.212987  1.193700)  para_oo sigma:          -1.50
            -1.2686         -0.7158         -0.5050
            -0.7114         -1.7971         -0.6477
            -0.4572         -0.3795         -1.4221

     Atom  8  O   pos: (  0.253729  1.091943  0.632374)  para_oo sigma:          -1.50
            -1.2686          0.7158         -0.5050
             0.7114         -1.7972          0.6477
            -0.4572          0.3795         -1.4221

     Atom  9  O   pos: (  0.746892  0.873400  0.262557)  para_oo sigma:          -1.83
            -2.3408         -1.3580         -0.9498
            -0.8387         -1.3332         -0.6512
            -0.9917         -1.1136         -1.8186

     Atom 10  O   pos: (  0.163267 -0.005556  0.346134)  para_oo sigma:          -1.83
            -2.3408          1.3580         -0.9498
             0.8387         -1.3332          0.6512
            -0.9917          1.1136         -1.8186

     Atom 11  O   pos: (  0.073427  0.884512  0.954826)  para_oo sigma:          -1.83
            -2.3408         -1.3580         -0.9498
            -0.8387         -1.3332         -0.6512
            -0.9917         -1.1136         -1.8186

     Atom 12  O   pos: (  0.657052  1.763468  0.871249)  para_oo sigma:          -1.83
            -2.3408          1.3580         -0.9498
             0.8387         -1.3332          0.6512
            -0.9917          1.1136         -1.8186

     Atom 13  N   pos: (  0.500593  1.406612  0.131975)  para_oo sigma:          -1.40
            -1.6408         -0.3646         -0.7880
            -0.3607         -1.4060         -0.3270
            -0.8842         -0.3213         -1.1624

     Atom 14  N   pos: (  0.409567  0.527656  0.476716)  para_oo sigma:          -1.40
            -1.6408          0.3646         -0.7880
             0.3607         -1.4060          0.3270
            -0.8842          0.3213         -1.1624

     Atom 15  N   pos: (  0.319727  0.351301  1.085407)  para_oo sigma:          -1.40
            -1.6408         -0.3646         -0.7880
            -0.3607         -1.4060         -0.3270
            -0.8842         -0.3213         -1.1624

     Atom 16  N   pos: (  0.410752  1.230257  0.740667)  para_oo sigma:          -1.40
            -1.6408          0.3646         -0.7880
             0.3607         -1.4060          0.3270
            -0.8842          0.3213         -1.1624

     Atom 17  N   pos: (  0.680967  1.097096  0.242507)  para_oo sigma:          -1.52
            -1.5656         -0.5371         -0.7418
            -0.5481         -1.8884         -0.4743
            -0.6997         -0.5477         -1.1125

     Atom 18  N   pos: (  0.229192  0.218140  0.366185)  para_oo sigma:          -1.52
            -1.5656          0.5371         -0.7418
             0.5481         -1.8884          0.4743
            -0.6997          0.5477         -1.1125

     Atom 19  N   pos: (  0.139352  0.660816  0.974876)  para_oo sigma:          -1.52
            -1.5656         -0.5371         -0.7418
            -0.5481         -1.8884         -0.4743
            -0.6997         -0.5477         -1.1125

     Atom 20  N   pos: (  0.591127  1.539772  0.851198)  para_oo sigma:          -1.52
            -1.5656          0.5371         -0.7418
             0.5481         -1.8884          0.4743
            -0.6997          0.5477         -1.1125

     Atom 21  C   pos: (  0.496076  1.172189  0.120144)  para_oo sigma:          -2.05
            -2.2068         -0.6368         -1.0965
            -0.6876         -2.3625         -0.6280
            -1.1531         -0.6387         -1.5831

     Atom 22  C   pos: (  0.414083  0.293233  0.488548)  para_oo sigma:          -2.05
            -2.2068          0.6368         -1.0965
             0.6876         -2.3624          0.6280
            -1.1531          0.6387         -1.5831

     Atom 23  C   pos: (  0.324243  0.585723  1.097239)  para_oo sigma:          -2.05
            -2.2068         -0.6368         -1.0965
            -0.6876         -2.3625         -0.6280
            -1.1531         -0.6387         -1.5831

     Atom 24  C   pos: (  0.406236  1.464679  0.728835)  para_oo sigma:          -2.05
            -2.2068          0.6368         -1.0965
             0.6876         -2.3624          0.6280
            -1.1531          0.6387         -1.5831

     Atom 25  H   pos: (  0.377676  1.068169  0.015530)  para_oo sigma:           0.00
             0.0000          0.0000          0.0000
             0.0000          0.0000          0.0000
             0.0000          0.0000          0.0000

     Atom 26  H   pos: (  0.532484  0.189213  0.593161)  para_oo sigma:           0.00
             0.0000          0.0000          0.0000
             0.0000          0.0000          0.0000
             0.0000          0.0000          0.0000

     Atom 27  H   pos: (  0.442643  0.689743  1.201853)  para_oo sigma:           0.00
             0.0000          0.0000          0.0000
             0.0000          0.0000          0.0000
             0.0000          0.0000          0.0000

     Atom 28  H   pos: (  0.287836  1.568699  0.624222)  para_oo sigma:           0.00
             0.0000          0.0000          0.0000
             0.0000          0.0000          0.0000
             0.0000          0.0000          0.0000

     Atom 29  C   pos: (  0.686043  1.480009  0.261502)  para_oo sigma:          -1.32
            -0.9648          0.2246         -0.3236
             0.0074         -2.2821         -0.0169
            -0.3763          0.0894         -0.7005

     Atom 30  C   pos: (  0.224116  0.601053  0.347189)  para_oo sigma:          -1.32
            -0.9648         -0.2246         -0.3236
            -0.0074         -2.2821          0.0169
            -0.3763         -0.0894         -0.7005

     Atom 31  C   pos: (  0.134276  0.277903  0.955881)  para_oo sigma:          -1.32
            -0.9648          0.2246         -0.3236
             0.0074         -2.2821         -0.0169
            -0.3763          0.0894         -0.7005

     Atom 32  C   pos: (  0.596203  1.156859  0.870194)  para_oo sigma:          -1.32
            -0.9648         -0.2246         -0.3236
            -0.0074         -2.2821          0.0169
            -0.3763         -0.0894         -0.7005

     Atom 33  H   pos: (  0.725476  1.662158  0.288118)  para_oo sigma:           0.00
             0.0000          0.0000          0.0000
             0.0000          0.0000          0.0000
             0.0000          0.0000          0.0000

     Atom 34  H   pos: (  0.184683  0.783202  0.320573)  para_oo sigma:           0.00
             0.0000          0.0000          0.0000
             0.0000          0.0000          0.0000
             0.0000          0.0000          0.0000

     Atom 35  H   pos: (  0.094843  0.095754  0.929265)  para_oo sigma:           0.00
             0.0000          0.0000          0.0000
             0.0000          0.0000          0.0000
             0.0000          0.0000          0.0000

     Atom 36  H   pos: (  0.635636  0.974710  0.896810)  para_oo sigma:           0.00
             0.0000          0.0000          0.0000
             0.0000          0.0000          0.0000
             0.0000          0.0000          0.0000

     Atom 37  C   pos: (  0.801369  1.282334  0.332381)  para_oo sigma:          -1.34
            -1.6286          0.3172         -0.8173
             0.4606         -1.4544          0.2831
            -0.7620          0.1381         -0.9392

     Atom 38  C   pos: (  0.108791  0.403378  0.276310)  para_oo sigma:          -1.34
            -1.6286         -0.3172         -0.8173
            -0.4606         -1.4544         -0.2831
            -0.7620         -0.1381         -0.9392

     Atom 39  C   pos: (  0.018951  0.475578  0.885002)  para_oo sigma:          -1.34
            -1.6286          0.3172         -0.8173
             0.4606         -1.4544          0.2831
            -0.7620          0.1381         -0.9392

     Atom 40  C   pos: (  0.711528  1.354534  0.941073)  para_oo sigma:          -1.34
            -1.6286         -0.3172         -0.8173
            -0.4606         -1.4544         -0.2831
            -0.7620         -0.1381         -0.9392

     Atom 41  H   pos: ( -0.045794  1.257216  0.439462)  para_oo sigma:           0.00
             0.0000          0.0000          0.0000
             0.0000          0.0000          0.0000
             0.0000          0.0000          0.0000

     Atom 42  H   pos: (  0.955953  0.378260  0.169229)  para_oo sigma:           0.00
             0.0000          0.0000          0.0000
             0.0000          0.0000          0.0000
             0.0000          0.0000          0.0000

     Atom 43  H   pos: (  0.866113  0.500696  0.777921)  para_oo sigma:           0.00
             0.0000          0.0000          0.0000
             0.0000          0.0000          0.0000
             0.0000          0.0000          0.0000

     Atom 44  H   pos: ( -0.135634  1.379652  1.048153)  para_oo sigma:           0.00
             0.0000          0.0000          0.0000
             0.0000          0.0000          0.0000
             0.0000          0.0000          0.0000

     Paramagnetic US L_R Q_R contribution in ppm:
 
     Atom  1  H   pos: (  0.262385  1.650330  0.167070)  para_lq sigma:           0.00
             0.0000          0.0000          0.0000
             0.0000          0.0000          0.0000
             0.0000          0.0000          0.0000

     Atom  2  H   pos: (  0.647775  0.771374  0.441622)  para_lq sigma:           0.00
             0.0000          0.0000          0.0000
             0.0000          0.0000          0.0000
             0.0000          0.0000          0.0000

     Atom  3  H   pos: (  0.557935  0.107582  1.050313)  para_lq sigma:           0.00
             0.0000          0.0000          0.0000
             0.0000          0.0000          0.0000
             0.0000          0.0000          0.0000

     Atom  4  H   pos: (  0.172544  0.986538  0.775761)  para_lq sigma:           0.00
             0.0000          0.0000          0.0000
             0.0000          0.0000          0.0000
             0.0000          0.0000          0.0000

     Atom  5  O   pos: (  0.343569  1.544925  0.023683)  para_lq sigma:        -153.42
          -147.4289          2.5929          2.8539
             2.9278       -151.2182         -9.2227
             2.8546         -8.9097       -161.6194

     Atom  6  O   pos: (  0.566590  0.665969  0.585009)  para_lq sigma:        -153.42
          -147.4277         -2.5930          2.8538
            -2.9278       -151.2168          9.2224
             2.8544          8.9094       -161.6179

     Atom  7  O   pos: (  0.476750  0.212987  1.193700)  para_lq sigma:        -153.42
          -147.4289          2.5929          2.8539
             2.9278       -151.2182         -9.2227
             2.8546         -8.9097       -161.6194

     Atom  8  O   pos: (  0.253729  1.091943  0.632374)  para_lq sigma:        -153.42
          -147.4277         -2.5930          2.8538
            -2.9278       -151.2168          9.2224
             2.8544          8.9094       -161.6179

     Atom  9  O   pos: (  0.746892  0.873400  0.262557)  para_lq sigma:        -157.86
          -157.4019         -3.5822          2.7778
            -3.0359       -154.3472          1.1192
             2.7071          0.1585       -161.8197

     Atom 10  O   pos: (  0.163267 -0.005556  0.346134)  para_lq sigma:        -157.86
          -157.4032          3.5823          2.7778
             3.0360       -154.3483         -1.1192
             2.7072         -0.1585       -161.8211

     Atom 11  O   pos: (  0.073427  0.884512  0.954826)  para_lq sigma:        -157.86
          -157.4019         -3.5822          2.7778
            -3.0359       -154.3472          1.1192
             2.7071          0.1585       -161.8197

     Atom 12  O   pos: (  0.657052  1.763468  0.871249)  para_lq sigma:        -157.86
          -157.4032          3.5823          2.7778
             3.0360       -154.3483         -1.1192
             2.7072         -0.1585       -161.8211

     Atom 13  N   pos: (  0.500593  1.406612  0.131975)  para_lq sigma:         -64.86
           -66.4212          2.4583         -9.2270
             1.3833        -68.9319          0.5363
            -9.3798          1.2817        -59.2157

     Atom 14  N   pos: (  0.409567  0.527656  0.476716)  para_lq sigma:         -64.86
           -66.4211         -2.4583         -9.2270
            -1.3833        -68.9317         -0.5363
            -9.3798         -1.2817        -59.2156

     Atom 15  N   pos: (  0.319727  0.351301  1.085407)  para_lq sigma:         -64.86
           -66.4212          2.4583         -9.2270
             1.3833        -68.9319          0.5363
            -9.3798          1.2817        -59.2157

     Atom 16  N   pos: (  0.410752  1.230257  0.740667)  para_lq sigma:         -64.86
           -66.4211         -2.4583         -9.2270
            -1.3833        -68.9317         -0.5363
            -9.3798         -1.2817        -59.2156

     Atom 17  N   pos: (  0.680967  1.097096  0.242507)  para_lq sigma:         -65.25
           -64.1548          0.4214         -7.3698
             1.5116        -73.4530         -0.6516
            -7.1840         -1.2819        -58.1330

     Atom 18  N   pos: (  0.229192  0.218140  0.366185)  para_lq sigma:         -65.25
           -64.1552         -0.4213         -7.3699
            -1.5117        -73.4536          0.6516
            -7.1841          1.2819        -58.1333

     Atom 19  N   pos: (  0.139352  0.660816  0.974876)  para_lq sigma:         -65.25
           -64.1548          0.4214         -7.3698
             1.5116        -73.4530         -0.6516
            -7.1840         -1.2819        -58.1330

     Atom 20  N   pos: (  0.591127  1.539772  0.851198)  para_lq sigma:         -65.25
           -64.1552         -0.4213         -7.3699
            -1.5117        -73.4536          0.6516
            -7.1841          1.2819        -58.1333

     Atom 21  C   pos: (  0.496076  1.172189  0.120144)  para_lq sigma:         -16.39
           -16.2533         -0.6003         -3.6085
            -0.6150        -18.9357         -1.0553
            -3.5575         -0.7301        -13.9875

     Atom 22  C   pos: (  0.414083  0.293233  0.488548)  para_lq sigma:         -16.39
           -16.2534          0.6003         -3.6085
             0.6151        -18.9358          1.0553
            -3.5575          0.7301        -13.9876

     Atom 23  C   pos: (  0.324243  0.585723  1.097239)  para_lq sigma:         -16.39
           -16.2533         -0.6003         -3.6085
            -0.6150        -18.9357         -1.0553
            -3.5575         -0.7301        -13.9875

     Atom 24  C   pos: (  0.406236  1.464679  0.728835)  para_lq sigma:         -16.39
           -16.2534          0.6003         -3.6085
             0.6151        -18.9358          1.0553
            -3.5575          0.7301        -13.9876

     Atom 25  H   pos: (  0.377676  1.068169  0.015530)  para_lq sigma:           0.00
             0.0000          0.0000          0.0000
             0.0000          0.0000          0.0000
             0.0000          0.0000          0.0000

     Atom 26  H   pos: (  0.532484  0.189213  0.593161)  para_lq sigma:           0.00
             0.0000          0.0000          0.0000
             0.0000          0.0000          0.0000
             0.0000          0.0000          0.0000

     Atom 27  H   pos: (  0.442643  0.689743  1.201853)  para_lq sigma:           0.00
             0.0000          0.0000          0.0000
             0.0000          0.0000          0.0000
             0.0000          0.0000          0.0000

     Atom 28  H   pos: (  0.287836  1.568699  0.624222)  para_lq sigma:           0.00
             0.0000          0.0000          0.0000
             0.0000          0.0000          0.0000
             0.0000          0.0000          0.0000

     Atom 29  C   pos: (  0.686043  1.480009  0.261502)  para_lq sigma:         -14.46
           -13.9295          0.8401         -2.1149
             0.0890        -17.2295         -0.0755
            -2.1023          0.0563        -12.2277

     Atom 30  C   pos: (  0.224116  0.601053  0.347189)  para_lq sigma:         -14.46
           -13.9295         -0.8401         -2.1149
            -0.0890        -17.2295          0.0755
            -2.1023         -0.0563        -12.2276

     Atom 31  C   pos: (  0.134276  0.277903  0.955881)  para_lq sigma:         -14.46
           -13.9295          0.8401         -2.1149
             0.0890        -17.2295         -0.0755
            -2.1023          0.0563        -12.2277

     Atom 32  C   pos: (  0.596203  1.156859  0.870194)  para_lq sigma:         -14.46
           -13.9295         -0.8401         -2.1149
            -0.0890        -17.2295          0.0755
            -2.1023         -0.0563        -12.2276

     Atom 33  H   pos: (  0.725476  1.662158  0.288118)  para_lq sigma:           0.00
             0.0000          0.0000          0.0000
             0.0000          0.0000          0.0000
             0.0000          0.0000          0.0000

     Atom 34  H   pos: (  0.184683  0.783202  0.320573)  para_lq sigma:           0.00
             0.0000          0.0000          0.0000
             0.0000          0.0000          0.0000
             0.0000          0.0000          0.0000

     Atom 35  H   pos: (  0.094843  0.095754  0.929265)  para_lq sigma:           0.00
             0.0000          0.0000          0.0000
             0.0000          0.0000          0.0000
             0.0000          0.0000          0.0000

     Atom 36  H   pos: (  0.635636  0.974710  0.896810)  para_lq sigma:           0.00
             0.0000          0.0000          0.0000
             0.0000          0.0000          0.0000
             0.0000          0.0000          0.0000

     Atom 37  C   pos: (  0.801369  1.282334  0.332381)  para_lq sigma:         -14.56
           -14.9303          0.7164         -2.8493
             1.2908        -15.9687          0.6826
            -2.8880          0.2307        -12.7803

     Atom 38  C   pos: (  0.108791  0.403378  0.276310)  para_lq sigma:         -14.56
           -14.9304         -0.7164         -2.8493
            -1.2909        -15.9688         -0.6826
            -2.8880         -0.2307        -12.7803

     Atom 39  C   pos: (  0.018951  0.475578  0.885002)  para_lq sigma:         -14.56
           -14.9303          0.7164         -2.8493
             1.2908        -15.9687          0.6826
            -2.8880          0.2307        -12.7803

     Atom 40  C   pos: (  0.711528  1.354534  0.941073)  para_lq sigma:         -14.56
           -14.9304         -0.7164         -2.8493
            -1.2909        -15.9688         -0.6826
            -2.8880         -0.2307        -12.7803

     Atom 41  H   pos: ( -0.045794  1.257216  0.439462)  para_lq sigma:           0.00
             0.0000          0.0000          0.0000
             0.0000          0.0000          0.0000
             0.0000          0.0000          0.0000

     Atom 42  H   pos: (  0.955953  0.378260  0.169229)  para_lq sigma:           0.00
             0.0000          0.0000          0.0000
             0.0000          0.0000          0.0000
             0.0000          0.0000          0.0000

     Atom 43  H   pos: (  0.866113  0.500696  0.777921)  para_lq sigma:           0.00
             0.0000          0.0000          0.0000
             0.0000          0.0000          0.0000
             0.0000          0.0000          0.0000

     Atom 44  H   pos: ( -0.135634  1.379652  1.048153)  para_lq sigma:           0.00
             0.0000          0.0000          0.0000
             0.0000          0.0000          0.0000
             0.0000          0.0000          0.0000

 
     Total NMR chemical shifts in ppm: ---------------------------------------
     (adopting the Simpson convention for anisotropy and asymmetry)-----------
 
     Atom  1  H   pos: (  0.262385  1.650330  0.167070)  Total sigma:          12.96
             8.7662        -11.4780         -9.3473
           -10.2451         13.0104         13.7557
            -9.6359         14.9263         17.1179

     H    1    anisotropy:     35.82    eta:   -0.1535
     H    1    sigma_11=      2.86    axis=( -0.698780  0.215767 -0.682020)
     H    1    sigma_22=     -0.81    axis=(  0.552225  0.768755 -0.322589)
     H    1    sigma_33=     36.85    axis=( -0.454702  0.602047  0.656343)
 
     Atom  2  H   pos: (  0.647775  0.771374  0.441622)  Total sigma:          12.96
             8.7662         11.4780         -9.3474
            10.2450         13.0104        -13.7556
            -9.6359        -14.9262         17.1179

     H    2    anisotropy:     35.82    eta:   -0.1535
     H    2    sigma_11=      2.86    axis=(  0.698777  0.215773  0.682021)
     H    2    sigma_22=     -0.81    axis=(  0.552228 -0.768755 -0.322583)
     H    2    sigma_33=     36.85    axis=( -0.454703 -0.602045  0.656344)
 
     Atom  3  H   pos: (  0.557935  0.107582  1.050313)  Total sigma:          12.96
             8.7662        -11.4780         -9.3473
           -10.2451         13.0104         13.7557
            -9.6359         14.9263         17.1179

     H    3    anisotropy:     35.82    eta:   -0.1535
     H    3    sigma_11=      2.86    axis=( -0.698780  0.215767 -0.682020)
     H    3    sigma_22=     -0.81    axis=(  0.552225  0.768755 -0.322589)
     H    3    sigma_33=     36.85    axis=( -0.454702  0.602047  0.656343)
 
     Atom  4  H   pos: (  0.172544  0.986538  0.775761)  Total sigma:          12.96
             8.7662         11.4780         -9.3474
            10.2450         13.0104        -13.7556
            -9.6359        -14.9262         17.1179

     H    4    anisotropy:     35.82    eta:   -0.1535
     H    4    sigma_11=      2.86    axis=(  0.698777  0.215773  0.682021)
     H    4    sigma_22=     -0.81    axis=(  0.552228 -0.768755 -0.322583)
     H    4    sigma_33=     36.85    axis=( -0.454703 -0.602045  0.656344)
 
     Atom  5  O   pos: (  0.343569  1.544925  0.023683)  Total sigma:         108.50
           135.9830        -69.3265         -2.3773
           -53.7932         78.8893        -48.7446
            22.4177        -48.9767        110.6375

     O    5    anisotropy:   -127.62    eta:   -0.9596
     O    5    sigma_11=    110.22    axis=(  0.581994  0.112473 -0.805378)
     O    5    sigma_22=    191.87    axis=(  0.702635 -0.568129  0.428407)
     O    5    sigma_33=     23.42    axis=( -0.409374 -0.815217 -0.409675)
 
     Atom  6  O   pos: (  0.566590  0.665969  0.585009)  Total sigma:         108.50
           135.9810         69.3251         -2.3787
            53.7919         78.8870         48.7447
            22.4160         48.9767        110.6372

     O    6    anisotropy:   -127.62    eta:   -0.9596
     O    6    sigma_11=    110.22    axis=(  0.581999 -0.112473 -0.805374)
     O    6    sigma_22=    191.86    axis=( -0.702633 -0.568129 -0.428412)
     O    6    sigma_33=     23.42    axis=( -0.409372  0.815217 -0.409677)
 
     Atom  7  O   pos: (  0.476750  0.212987  1.193700)  Total sigma:         108.50
           135.9830        -69.3265         -2.3773
           -53.7932         78.8893        -48.7446
            22.4177        -48.9767        110.6375

     O    7    anisotropy:   -127.62    eta:   -0.9596
     O    7    sigma_11=    110.22    axis=(  0.581994  0.112473 -0.805378)
     O    7    sigma_22=    191.87    axis=(  0.702635 -0.568129  0.428407)
     O    7    sigma_33=     23.42    axis=( -0.409374 -0.815217 -0.409675)
 
     Atom  8  O   pos: (  0.253729  1.091943  0.632374)  Total sigma:         108.50
           135.9810         69.3251         -2.3787
            53.7919         78.8870         48.7447
            22.4160         48.9767        110.6372

     O    8    anisotropy:   -127.62    eta:   -0.9596
     O    8    sigma_11=    110.22    axis=(  0.581999 -0.112473 -0.805374)
     O    8    sigma_22=    191.86    axis=( -0.702633 -0.568129 -0.428412)
     O    8    sigma_33=     23.42    axis=( -0.409372  0.815217 -0.409677)
 
     Atom  9  O   pos: (  0.746892  0.873400  0.262557)  Total sigma:          88.45
            46.7718        -32.8504        -51.2422
           -38.7307        143.2219        -11.9828
           -51.9968        -13.4922         75.3495

     O    9    anisotropy:   -135.10    eta:   -0.4856
     O    9    sigma_11=    111.61    axis=( -0.514017 -0.251541  0.820069)
     O    9    sigma_22=    155.35    axis=( -0.343054  0.936534  0.072239)
     O    9    sigma_33=     -1.62    axis=(  0.786193  0.244195  0.567687)
 
     Atom 10  O   pos: (  0.163267 -0.005556  0.346134)  Total sigma:          88.45
            46.7695         32.8513        -51.2417
            38.7314        143.2220         11.9829
           -51.9965         13.4923         75.3467

     O   10    anisotropy:   -135.10    eta:   -0.4857
     O   10    sigma_11=    111.61    axis=( -0.514021  0.251532  0.820070)
     O   10    sigma_22=    155.35    axis=( -0.343049 -0.936536  0.072231)
     O   10    sigma_33=     -1.62    axis=( -0.786193  0.244196 -0.567687)
 
     Atom 11  O   pos: (  0.073427  0.884512  0.954826)  Total sigma:          88.45
            46.7718        -32.8504        -51.2422
           -38.7307        143.2219        -11.9828
           -51.9968        -13.4922         75.3495

     O   11    anisotropy:   -135.10    eta:   -0.4856
     O   11    sigma_11=    111.61    axis=( -0.514017 -0.251541  0.820069)
     O   11    sigma_22=    155.35    axis=( -0.343054  0.936534  0.072239)
     O   11    sigma_33=     -1.62    axis=(  0.786193  0.244195  0.567687)
 
     Atom 12  O   pos: (  0.657052  1.763468  0.871249)  Total sigma:          88.45
            46.7695         32.8513        -51.2417
            38.7314        143.2220         11.9829
           -51.9965         13.4923         75.3467

     O   12    anisotropy:   -135.10    eta:   -0.4857
     O   12    sigma_11=    111.61    axis=( -0.514021  0.251532  0.820070)
     O   12    sigma_22=    155.35    axis=( -0.343049 -0.936536  0.072231)
     O   12    sigma_33=     -1.62    axis=( -0.786193  0.244196 -0.567687)
 
     Atom 13  N   pos: (  0.500593  1.406612  0.131975)  Total sigma:           7.98
             1.0432         23.2007        -56.1541
            21.9499        -18.3126          5.1312
           -66.4932          8.4563         41.2229

     N   13    anisotropy:    117.41    eta:   -0.6481
     N   13    sigma_11=     -5.79    axis=(  0.368757  0.858231  0.357013)
     N   13    sigma_22=    -56.52    axis=( -0.713566  0.507507 -0.482969)
     N   13    sigma_33=     86.26    axis=( -0.595685 -0.076654  0.799552)
 
     Atom 14  N   pos: (  0.409567  0.527656  0.476716)  Total sigma:           7.98
             1.0394        -23.2023        -56.1570
           -21.9503        -18.3156         -5.1313
           -66.4962         -8.4572         41.2213

     N   14    anisotropy:    117.42    eta:   -0.6482
     N   14    sigma_11=     -5.79    axis=( -0.368749  0.858238 -0.357005)
     N   14    sigma_22=    -56.53    axis=( -0.713572 -0.507496 -0.482973)
     N   14    sigma_33=     86.26    axis=( -0.595684  0.076653  0.799553)
 
     Atom 15  N   pos: (  0.319727  0.351301  1.085407)  Total sigma:           7.98
             1.0432         23.2007        -56.1541
            21.9499        -18.3126          5.1312
           -66.4932          8.4563         41.2229

     N   15    anisotropy:    117.41    eta:   -0.6481
     N   15    sigma_11=     -5.79    axis=(  0.368757  0.858231  0.357013)
     N   15    sigma_22=    -56.52    axis=( -0.713566  0.507507 -0.482969)
     N   15    sigma_33=     86.26    axis=( -0.595685 -0.076654  0.799552)
 
     Atom 16  N   pos: (  0.410752  1.230257  0.740667)  Total sigma:           7.98
             1.0394        -23.2023        -56.1570
           -21.9503        -18.3156         -5.1313
           -66.4962         -8.4572         41.2213

     N   16    anisotropy:    117.42    eta:   -0.6482
     N   16    sigma_11=     -5.79    axis=( -0.368749  0.858238 -0.357005)
     N   16    sigma_22=    -56.53    axis=( -0.713572 -0.507496 -0.482973)
     N   16    sigma_33=     86.26    axis=( -0.595684  0.076653  0.799553)
 
     Atom 17  N   pos: (  0.680967  1.097096  0.242507)  Total sigma:          -7.54
             4.1391          9.6231        -55.4838
            10.8022        -74.2891         -2.1198
           -54.6217         -6.8997         47.5299

     N   17    anisotropy:    139.67    eta:   -0.4634
     N   17    sigma_11=    -32.52    axis=(  0.812493  0.137487  0.566526)
     N   17    sigma_22=    -75.67    axis=( -0.146804  0.988728 -0.029408)
     N   17    sigma_33=     85.57    axis=( -0.564184 -0.059275  0.823519)
 
     Atom 18  N   pos: (  0.229192  0.218140  0.366185)  Total sigma:          -7.54
             4.1396         -9.6228        -55.4828
           -10.8023        -74.2893          2.1196
           -54.6208          6.8997         47.5295

     N   18    anisotropy:    139.66    eta:   -0.4635
     N   18    sigma_11=    -32.52    axis=( -0.812494  0.137483 -0.566527)
     N   18    sigma_22=    -75.67    axis=( -0.146800 -0.988729 -0.029406)
     N   18    sigma_33=     85.57    axis=( -0.564184  0.059274  0.823518)
 
     Atom 19  N   pos: (  0.139352  0.660816  0.974876)  Total sigma:          -7.54
             4.1391          9.6231        -55.4838
            10.8022        -74.2891         -2.1198
           -54.6217         -6.8997         47.5299

     N   19    anisotropy:    139.67    eta:   -0.4634
     N   19    sigma_11=    -32.52    axis=(  0.812493  0.137487  0.566526)
     N   19    sigma_22=    -75.67    axis=( -0.146804  0.988728 -0.029408)
     N   19    sigma_33=     85.57    axis=( -0.564184 -0.059275  0.823519)
 
     Atom 20  N   pos: (  0.591127  1.539772  0.851198)  Total sigma:          -7.54
             4.1396         -9.6228        -55.4828
           -10.8023        -74.2893          2.1196
           -54.6208          6.8997         47.5295

     N   20    anisotropy:    139.66    eta:   -0.4635
     N   20    sigma_11=    -32.52    axis=( -0.812494  0.137483 -0.566527)
     N   20    sigma_22=    -75.67    axis=( -0.146800 -0.988729 -0.029406)
     N   20    sigma_33=     85.57    axis=( -0.564184  0.059274  0.823518)
 
     Atom 21  C   pos: (  0.496076  1.172189  0.120144)  Total sigma:          40.68
            40.0846          1.5912        -46.6478
            -4.3000          7.6136        -12.1572
           -44.0743        -11.3665         74.3479

     C   21    anisotropy:     98.74    eta:   -0.2379
     C   21    sigma_11=     15.60    axis=( -0.653172  0.659362 -0.372301)
     C   21    sigma_22=     -0.06    axis=( -0.509262 -0.746390 -0.428433)
     C   21    sigma_33=    106.51    axis=( -0.560374 -0.090241  0.823309)
 
     Atom 22  C   pos: (  0.414083  0.293233  0.488548)  Total sigma:          40.68
            40.0857         -1.5909        -46.6469
             4.3009          7.6138         12.1580
           -44.0734         11.3669         74.3484

     C   22    anisotropy:     98.74    eta:   -0.2379
     C   22    sigma_11=     15.60    axis=(  0.653196  0.659328  0.372319)
     C   22    sigma_22=     -0.06    axis=( -0.509232  0.746420 -0.428416)
     C   22    sigma_33=    106.51    axis=( -0.560373  0.090243  0.823309)
 
     Atom 23  C   pos: (  0.324243  0.585723  1.097239)  Total sigma:          40.68
            40.0846          1.5912        -46.6478
            -4.3000          7.6136        -12.1572
           -44.0743        -11.3665         74.3479

     C   23    anisotropy:     98.74    eta:   -0.2379
     C   23    sigma_11=     15.60    axis=( -0.653172  0.659362 -0.372301)
     C   23    sigma_22=     -0.06    axis=( -0.509262 -0.746390 -0.428433)
     C   23    sigma_33=    106.51    axis=( -0.560374 -0.090241  0.823309)
 
     Atom 24  C   pos: (  0.406236  1.464679  0.728835)  Total sigma:          40.68
            40.0857         -1.5909        -46.6469
             4.3009          7.6138         12.1580
           -44.0734         11.3669         74.3484

     C   24    anisotropy:     98.74    eta:   -0.2379
     C   24    sigma_11=     15.60    axis=(  0.653196  0.659328  0.372319)
     C   24    sigma_22=     -0.06    axis=( -0.509232  0.746420 -0.428416)
     C   24    sigma_33=    106.51    axis=( -0.560373  0.090243  0.823309)
 
     Atom 25  H   pos: (  0.377676  1.068169  0.015530)  Total sigma:          20.49
            18.8777          2.3642          3.3658
             2.4208         20.2331          4.2521
             3.2729          2.8638         22.3633

     H   25    anisotropy:      9.85    eta:   -0.1159
     H   25    sigma_11=     17.59    axis=(  0.065219 -0.821353  0.566679)
     H   25    sigma_22=     16.83    axis=( -0.891997  0.206578  0.402078)
     H   25    sigma_33=     27.06    axis=(  0.447311  0.531699  0.719172)
 
     Atom 26  H   pos: (  0.532484  0.189213  0.593161)  Total sigma:          20.49
            18.8779         -2.3643          3.3658
            -2.4207         20.2331         -4.2520
             3.2730         -2.8638         22.3634

     H   26    anisotropy:      9.85    eta:   -0.1159
     H   26    sigma_11=     17.59    axis=(  0.065241  0.821362  0.566664)
     H   26    sigma_22=     16.83    axis=(  0.891993  0.206559 -0.402098)
     H   26    sigma_33=     27.06    axis=(  0.447317 -0.531693  0.719173)
 
     Atom 27  H   pos: (  0.442643  0.689743  1.201853)  Total sigma:          20.49
            18.8777          2.3642          3.3658
             2.4208         20.2331          4.2521
             3.2729          2.8638         22.3633

     H   27    anisotropy:      9.85    eta:   -0.1159
     H   27    sigma_11=     17.59    axis=(  0.065219 -0.821353  0.566679)
     H   27    sigma_22=     16.83    axis=( -0.891997  0.206578  0.402078)
     H   27    sigma_33=     27.06    axis=(  0.447311  0.531699  0.719172)
 
     Atom 28  H   pos: (  0.287836  1.568699  0.624222)  Total sigma:          20.49
            18.8779         -2.3643          3.3658
            -2.4207         20.2331         -4.2520
             3.2730         -2.8638         22.3634

     H   28    anisotropy:      9.85    eta:   -0.1159
     H   28    sigma_11=     17.59    axis=(  0.065241  0.821362  0.566664)
     H   28    sigma_22=     16.83    axis=(  0.891993  0.206559 -0.402098)
     H   28    sigma_33=     27.06    axis=(  0.447317 -0.531693  0.719173)
 
     Atom 29  C   pos: (  0.686043  1.480009  0.261502)  Total sigma:          49.82
            54.5017        -17.0450        -47.7320
           -14.6204          7.9361        -12.8891
           -47.6043         -6.7799         87.0190

     C   29    anisotropy:    106.98    eta:   -0.5501
     C   29    sigma_11=     33.77    axis=(  0.655457 -0.583933  0.478956)
     C   29    sigma_22=     -5.46    axis=( -0.479471 -0.811727 -0.333478)
     C   29    sigma_33=    121.14    axis=( -0.583510  0.011065  0.812031)
 
     Atom 30  C   pos: (  0.224116  0.601053  0.347189)  Total sigma:          49.82
            54.5007         17.0453        -47.7332
            14.6206          7.9351         12.8893
           -47.6054          6.7801         87.0190

     C   30    anisotropy:    106.98    eta:   -0.5501
     C   30    sigma_11=     33.77    axis=(  0.655452  0.583942  0.478951)
     C   30    sigma_22=     -5.46    axis=(  0.479479 -0.811720  0.333483)
     C   30    sigma_33=    121.14    axis=( -0.583509 -0.011065  0.812031)
 
     Atom 31  C   pos: (  0.134276  0.277903  0.955881)  Total sigma:          49.82
            54.5017        -17.0450        -47.7320
           -14.6204          7.9361        -12.8891
           -47.6043         -6.7799         87.0190

     C   31    anisotropy:    106.98    eta:   -0.5501
     C   31    sigma_11=     33.77    axis=(  0.655457 -0.583933  0.478956)
     C   31    sigma_22=     -5.46    axis=( -0.479471 -0.811727 -0.333478)
     C   31    sigma_33=    121.14    axis=( -0.583510  0.011065  0.812031)
 
     Atom 32  C   pos: (  0.596203  1.156859  0.870194)  Total sigma:          49.82
            54.5007         17.0453        -47.7332
            14.6206          7.9351         12.8893
           -47.6054          6.7801         87.0190

     C   32    anisotropy:    106.98    eta:   -0.5501
     C   32    sigma_11=     33.77    axis=(  0.655452  0.583942  0.478951)
     C   32    sigma_22=     -5.46    axis=(  0.479479 -0.811720  0.333483)
     C   32    sigma_33=    121.14    axis=( -0.583509 -0.011065  0.812031)
 
     Atom 33  H   pos: (  0.725476  1.662158  0.288118)  Total sigma:          22.88
            22.7828          1.4573          1.6519
             0.3154         24.0032         -1.2650
             1.8012         -0.2190         21.8511

     H   33    anisotropy:     -4.03    eta:   -0.1997
     H   33    sigma_11=     23.95    axis=( -0.569669  0.507170 -0.646727)
     H   33    sigma_22=     24.49    axis=( -0.564494 -0.813371 -0.140620)
     H   33    sigma_33=     20.19    axis=( -0.597347  0.284966  0.749647)
 
     Atom 34  H   pos: (  0.184683  0.783202  0.320573)  Total sigma:          22.88
            22.7828         -1.4573          1.6518
            -0.3154         24.0031          1.2650
             1.8011          0.2191         21.8511

     H   34    anisotropy:     -4.03    eta:   -0.1997
     H   34    sigma_11=     23.95    axis=(  0.569695  0.507129  0.646736)
     H   34    sigma_22=     24.49    axis=( -0.564469  0.813394 -0.140584)
     H   34    sigma_33=     20.19    axis=( -0.597345 -0.284973  0.749646)
 
     Atom 35  H   pos: (  0.094843  0.095754  0.929265)  Total sigma:          22.88
            22.7828          1.4573          1.6519
             0.3154         24.0032         -1.2650
             1.8012         -0.2190         21.8511

     H   35    anisotropy:     -4.03    eta:   -0.1997
     H   35    sigma_11=     23.95    axis=( -0.569669  0.507170 -0.646727)
     H   35    sigma_22=     24.49    axis=( -0.564494 -0.813371 -0.140620)
     H   35    sigma_33=     20.19    axis=( -0.597347  0.284966  0.749647)
 
     Atom 36  H   pos: (  0.635636  0.974710  0.896810)  Total sigma:          22.88
            22.7828         -1.4573          1.6518
            -0.3154         24.0031          1.2650
             1.8011          0.2191         21.8511

     H   36    anisotropy:     -4.03    eta:   -0.1997
     H   36    sigma_11=     23.95    axis=(  0.569695  0.507129  0.646736)
     H   36    sigma_22=     24.49    axis=( -0.564469  0.813394 -0.140584)
     H   36    sigma_33=     20.19    axis=( -0.597345 -0.284973  0.749646)
 
     Atom 37  C   pos: (  0.801369  1.282334  0.332381)  Total sigma:          50.60
            33.6759          1.5834        -58.0662
             0.0872         34.4466         -5.1514
           -49.1325         -6.5069         83.6651

     C   37    anisotropy:    101.34    eta:   -0.5167
     C   37    sigma_11=     34.27    axis=(  0.093018 -0.995527 -0.016548)
     C   37    sigma_22=     -0.64    axis=(  0.839660  0.069500  0.538648)
     C   37    sigma_33=    118.16    axis=( -0.535088 -0.063998  0.842369)
 
     Atom 38  C   pos: (  0.108791  0.403378  0.276310)  Total sigma:          50.60
            33.6754         -1.5841        -58.0662
            -0.0889         34.4460          5.1503
           -49.1322          6.5066         83.6646

     C   38    anisotropy:    101.34    eta:   -0.5167
     C   38    sigma_11=     34.27    axis=(  0.092986  0.995530 -0.016569)
     C   38    sigma_22=     -0.64    axis=( -0.839663  0.069462 -0.538647)
     C   38    sigma_33=    118.15    axis=( -0.535088  0.063999  0.842369)
 
     Atom 39  C   pos: (  0.018951  0.475578  0.885002)  Total sigma:          50.60
            33.6759          1.5834        -58.0662
             0.0872         34.4466         -5.1514
           -49.1325         -6.5069         83.6651

     C   39    anisotropy:    101.34    eta:   -0.5167
     C   39    sigma_11=     34.27    axis=(  0.093018 -0.995527 -0.016548)
     C   39    sigma_22=     -0.64    axis=(  0.839660  0.069500  0.538648)
     C   39    sigma_33=    118.16    axis=( -0.535088 -0.063998  0.842369)
 
     Atom 40  C   pos: (  0.711528  1.354534  0.941073)  Total sigma:          50.60
            33.6754         -1.5841        -58.0662
            -0.0889         34.4460          5.1503
           -49.1322          6.5066         83.6646

     C   40    anisotropy:    101.34    eta:   -0.5167
     C   40    sigma_11=     34.27    axis=(  0.092986  0.995530 -0.016569)
     C   40    sigma_22=     -0.64    axis=( -0.839663  0.069462 -0.538647)
     C   40    sigma_33=    118.15    axis=( -0.535088  0.063999  0.842369)
 
     Atom 41  H   pos: ( -0.045794  1.257216  0.439462)  Total sigma:          22.59
            25.9075         -2.0782          3.8806
             0.4830         19.6393         -0.5918
             3.1937         -1.3706         22.2241

     H   41    anisotropy:      8.44    eta:   -0.1841
     H   41    sigma_11=     20.29    axis=( -0.520670 -0.451683  0.724490)
     H   41    sigma_22=     19.26    axis=( -0.134990  0.881469  0.452538)
     H   41    sigma_33=     28.22    axis=(  0.843019 -0.137824  0.519927)
 
     Atom 42  H   pos: (  0.955953  0.378260  0.169229)  Total sigma:          22.59
            25.9075          2.0782          3.8806
            -0.4831         19.6393          0.5917
             3.1937          1.3706         22.2241

     H   42    anisotropy:      8.44    eta:   -0.1841
     H   42    sigma_11=     20.29    axis=( -0.520669  0.451665  0.724501)
     H   42    sigma_22=     19.26    axis=(  0.134985  0.881479 -0.452519)
     H   42    sigma_33=     28.22    axis=(  0.843020  0.137816  0.519927)
 
     Atom 43  H   pos: (  0.866113  0.500696  0.777921)  Total sigma:          22.59
            25.9075         -2.0782          3.8806
             0.4830         19.6393         -0.5918
             3.1937         -1.3706         22.2241

     H   43    anisotropy:      8.44    eta:   -0.1841
     H   43    sigma_11=     20.29    axis=( -0.520670 -0.451683  0.724490)
     H   43    sigma_22=     19.26    axis=( -0.134990  0.881469  0.452538)
     H   43    sigma_33=     28.22    axis=(  0.843019 -0.137824  0.519927)
 
     Atom 44  H   pos: ( -0.135634  1.379652  1.048153)  Total sigma:          22.59
            25.9075          2.0782          3.8806
            -0.4831         19.6393          0.5917
             3.1937          1.3706         22.2241

     H   44    anisotropy:      8.44    eta:   -0.1841
     H   44    sigma_11=     20.29    axis=( -0.520669  0.451665  0.724501)
     H   44    sigma_22=     19.26    axis=(  0.134985  0.881479 -0.452519)
     H   44    sigma_33=     28.22    axis=(  0.843020  0.137816  0.519927)
 
     Initialization:
     gipaw_setup  :      0.30s CPU      0.32s WALL (       1 calls)
 
     Linear response
     greenf       :   6651.87s CPU   6835.17s WALL (     240 calls)
     cgsolve      :   6615.80s CPU   6798.95s WALL (     240 calls)
     ch_psi       :   6435.29s CPU   6618.11s WALL (   15146 calls)
     h_psiq       :   5133.53s CPU   5313.22s WALL (   15146 calls)
 
     Apply operators
     h_psi        :   4862.37s CPU   5065.21s WALL (   21434 calls)
     apply_vel    :     86.37s CPU     86.55s WALL (     210 calls)
 
     Induced current
     j_para       :    374.96s CPU    384.07s WALL (     270 calls)
     biot_savart  :      0.04s CPU      0.05s WALL (       1 calls)
 
     Other routines
 
     General routines
     calbec       :   1519.94s CPU   1527.50s WALL (   53756 calls)
     fft          :      0.51s CPU      0.54s WALL (      32 calls)
     fftw         :   3908.50s CPU   4114.31s WALL ( 2879090 calls)
     davcio       :      0.03s CPU      0.58s WALL (     160 calls)
 
     Parallel routines
     fft_scatter  :   1068.81s CPU   1162.08s WALL ( 2879122 calls)
 
     Plugins
 
     GIPAW        :   8331.34s CPU   8565.64s WALL (       1 calls)
