
     Program QE v.6.1 (svn rev. 13369) starts on  7Nov2017 at  0:54: 3 

     This program is part of the open-source Quantum ESPRESSO suite
     for quantum simulation of materials; please cite
         "P. Giannozzi et al., J. Phys.:Condens. Matter 21 395502 (2009);
          URL http://www.quantum-espresso.org", 
     in publications or presentations arising from this work. More details at
     http://www.quantum-espresso.org/quote

     Parallel version (MPI), running on     8 processors
     R & G space division:  proc/nbgrp/npool/nimage =       8
 
     ***** This is GIPAW svn revision unknown      *****
 
     Parallelizing q-star over 1 images
     Message from routine gipaw_readin:
     *** iverbosity is obsolete, use verbosity instead ***

     Reading data from directory:
     /scratch/ahofstet/ML/CCDC/DUFBOV10/wfc/scf.save

   Info: using nr1, nr2, nr3 values from input

   Info: using nr1, nr2, nr3 values from input

     IMPORTANT: XC functional enforced from input :
     Exchange-correlation      =  SLA  PW   PBX  PBC ( 1  4  3  4 0 0)
     Any further DFT definition will be discarded
     Please, verify this is what you really want

               file C.pbe-n-kjpaw_psl.0.1.UPF: wavefunction(s)  2P renormalized
               file N.pbe-n-kjpaw_psl.0.1.UPF: wavefunction(s)  2P renormalized
               file H.pbe-kjpaw_psl.0.1.UPF: wavefunction(s)  1S renormalized
               file O.pbe-n-kjpaw_psl.0.1.UPF: wavefunction(s)  2P renormalized
 
     Parallelization info
     --------------------
     sticks:   dense  smooth     PW     G-vecs:    dense   smooth      PW
     Min         553     553    151                29193    29193    4134
     Max         554     554    152                29195    29195    4136
     Sum        4431    4431   1213               233549   233549   33079
 

     Check: negative/imaginary core charge=   -0.000002    0.000000

     Subspace diagonalization in iterative solution of the eigenvalue problem:
     a serial algorithm will be used

     GIPAW projectors -----------------------------------------------
     atom=  C    l=0  rc=    1.3000  rs=    0.8667
     atom=  C    l=0  rc=    1.3000  rs=    0.8667
     atom=  C    l=1  rc=    1.4500  rs=    0.9667
     atom=  C    l=1  rc=    1.4500  rs=    0.9667
     projs nearly linearly dependent: l=0  n1,n2= 1, 2  s=  0.99877758
     projs nearly linearly dependent: l=1  n1,n2= 1, 2  s=  0.99940894
 
     atom=  N    l=0  rc=    1.3000  rs=    0.8667
     atom=  N    l=0  rc=    1.3000  rs=    0.8667
     atom=  N    l=1  rc=    1.4500  rs=    0.9667
     atom=  N    l=1  rc=    1.4500  rs=    0.9667
     projs nearly linearly dependent: l=0  n1,n2= 1, 2  s=  0.99709514
     projs nearly linearly dependent: l=1  n1,n2= 1, 2  s=  0.99857174
 
     atom=  H    l=0  rc=    1.0000  rs=    0.6667
     atom=  H    l=0  rc=    1.0000  rs=    0.6667
     projs nearly linearly dependent: l=0  n1,n2= 1, 2  s=  0.99968852
 
     atom=  O    l=0  rc=    1.3500  rs=    0.9000
     atom=  O    l=0  rc=    1.3500  rs=    0.9000
     atom=  O    l=1  rc=    1.3500  rs=    0.9000
     atom=  O    l=1  rc=    1.3500  rs=    0.9000
     projs nearly linearly dependent: l=0  n1,n2= 1, 2  s=  0.99100135
     projs nearly linearly dependent: l=1  n1,n2= 1, 2  s=  0.99790100
     -----------------------------------------------------------------
 
     alpha_pv=     41.3091 eV
 
     q-space interpolation up to   110.00 Rydberg
 
     GIPAW job: nmr                                                                             
     NMR macroscopic correction: yes
             0.6667          0.0000          0.0000
             0.0000          0.6667          0.0000
             0.0000          0.0000          0.6667

 
     Largest allocated arrays     est. size (Mb)     dimensions
        KS wavefunctions at k           2.42 Mb     (    3687,   43)
        KS wavefunctions at k+q         2.42 Mb     (    3687,   43)
        First-order wavefunctions      24.19 Mb     (    3687,   43, 10)
        First-order wavefunct (US)     14.51 Mb     (    3687,   43,  6)
        Charge/spin density             0.54 Mb     (   71280,    1)
        Induced current                 4.89 Mb     (   71280,    3,3,1)
        Induced magnetic field          4.89 Mb     (   71280,    3,3,1)
        NL pseudopotentials             7.20 Mb     (    3687,  128)
        GIPAW NL terms                  7.20 Mb     (    3687,  128)
 
     Computing the magnetic susceptibility     isolve=0    ethr=  0.1000E-13
     k-point #    1 of    14      pool #  1    cpu time:       9.0
     Rotating WFCS
     Rotating WFCS
     Rotating WFCS
     Rotating WFCS
     Rotating WFCS
     Rotating WFCS
     Rotating WFCS
     k-point #    2 of    14      pool #  1    cpu time:     170.5
     Rotating WFCS
     c_bands:  1 eigenvalues not converged
     Rotating WFCS
     Rotating WFCS
     Rotating WFCS
     Rotating WFCS
     c_bands:  1 eigenvalues not converged
     Rotating WFCS
     Rotating WFCS
     c_bands:  1 eigenvalues not converged
     k-point #    3 of    14      pool #  1    cpu time:     343.8
     Rotating WFCS
     c_bands:  1 eigenvalues not converged
     Rotating WFCS
     c_bands:  1 eigenvalues not converged
     Rotating WFCS
     c_bands:  1 eigenvalues not converged
     Rotating WFCS
     c_bands:  1 eigenvalues not converged
     Rotating WFCS
     c_bands:  1 eigenvalues not converged
     Rotating WFCS
     c_bands:  1 eigenvalues not converged
     Rotating WFCS
     c_bands:  1 eigenvalues not converged
     k-point #    4 of    14      pool #  1    cpu time:     520.2
     Rotating WFCS
     c_bands:  1 eigenvalues not converged
     Rotating WFCS
     c_bands:  1 eigenvalues not converged
     Rotating WFCS
     c_bands:  1 eigenvalues not converged
     Rotating WFCS
     c_bands:  1 eigenvalues not converged
     Rotating WFCS
     c_bands:  1 eigenvalues not converged
     Rotating WFCS
     c_bands:  1 eigenvalues not converged
     Rotating WFCS
     c_bands:  1 eigenvalues not converged
     k-point #    5 of    14      pool #  1    cpu time:     698.2
     Rotating WFCS
     c_bands:  1 eigenvalues not converged
     Rotating WFCS
     c_bands:  1 eigenvalues not converged
     Rotating WFCS
     c_bands:  1 eigenvalues not converged
     Rotating WFCS
     c_bands:  1 eigenvalues not converged
     Rotating WFCS
     c_bands:  1 eigenvalues not converged
     Rotating WFCS
     c_bands:  1 eigenvalues not converged
     Rotating WFCS
     c_bands:  1 eigenvalues not converged
     k-point #    6 of    14      pool #  1    cpu time:     876.3
     Rotating WFCS
     c_bands:  1 eigenvalues not converged
     Rotating WFCS
     c_bands:  1 eigenvalues not converged
     Rotating WFCS
     c_bands:  1 eigenvalues not converged
     Rotating WFCS
     c_bands:  1 eigenvalues not converged
     Rotating WFCS
     c_bands:  1 eigenvalues not converged
     Rotating WFCS
     c_bands:  1 eigenvalues not converged
     Rotating WFCS
     c_bands:  1 eigenvalues not converged
     k-point #    7 of    14      pool #  1    cpu time:    1054.8
     Rotating WFCS
     Rotating WFCS
     Rotating WFCS
     Rotating WFCS
     c_bands:  1 eigenvalues not converged
     Rotating WFCS
     Rotating WFCS
     Rotating WFCS
     k-point #    8 of    14      pool #  1    cpu time:    1228.6
     Rotating WFCS
     c_bands:  1 eigenvalues not converged
     Rotating WFCS
     c_bands:  1 eigenvalues not converged
     Rotating WFCS
     c_bands:  1 eigenvalues not converged
     Rotating WFCS
     c_bands:  1 eigenvalues not converged
     Rotating WFCS
     c_bands:  1 eigenvalues not converged
     Rotating WFCS
     c_bands:  1 eigenvalues not converged
     Rotating WFCS
     c_bands:  1 eigenvalues not converged
     k-point #    9 of    14      pool #  1    cpu time:    1406.3
     Rotating WFCS
     c_bands:  1 eigenvalues not converged
     Rotating WFCS
     c_bands:  1 eigenvalues not converged
     Rotating WFCS
     c_bands:  1 eigenvalues not converged
     Rotating WFCS
     c_bands:  1 eigenvalues not converged
     Rotating WFCS
     c_bands:  1 eigenvalues not converged
     Rotating WFCS
     c_bands:  1 eigenvalues not converged
     Rotating WFCS
     c_bands:  1 eigenvalues not converged
     k-point #   10 of    14      pool #  1    cpu time:    1583.1
     Rotating WFCS
     c_bands:  1 eigenvalues not converged
     Rotating WFCS
     c_bands:  1 eigenvalues not converged
     Rotating WFCS
     c_bands:  1 eigenvalues not converged
     Rotating WFCS
     c_bands:  1 eigenvalues not converged
     Rotating WFCS
     c_bands:  1 eigenvalues not converged
     Rotating WFCS
     c_bands:  1 eigenvalues not converged
     Rotating WFCS
     c_bands:  1 eigenvalues not converged
     k-point #   11 of    14      pool #  1    cpu time:    1760.6
     Rotating WFCS
     c_bands:  3 eigenvalues not converged
     Rotating WFCS
     c_bands:  3 eigenvalues not converged
     Rotating WFCS
     c_bands:  3 eigenvalues not converged
     Rotating WFCS
     c_bands:  3 eigenvalues not converged
     Rotating WFCS
     c_bands:  3 eigenvalues not converged
     Rotating WFCS
     c_bands:  2 eigenvalues not converged
     Rotating WFCS
     c_bands:  3 eigenvalues not converged
     k-point #   12 of    14      pool #  1    cpu time:    1941.9
     Rotating WFCS
     Rotating WFCS
     Rotating WFCS
     Rotating WFCS
     Rotating WFCS
     Rotating WFCS
     Rotating WFCS
     k-point #   13 of    14      pool #  1    cpu time:    2112.0
     Rotating WFCS
     c_bands:  1 eigenvalues not converged
     Rotating WFCS
     c_bands:  1 eigenvalues not converged
     Rotating WFCS
     c_bands:  1 eigenvalues not converged
     Rotating WFCS
     c_bands:  1 eigenvalues not converged
     Rotating WFCS
     c_bands:  1 eigenvalues not converged
     Rotating WFCS
     c_bands:  1 eigenvalues not converged
     Rotating WFCS
     c_bands:  1 eigenvalues not converged
     k-point #   14 of    14      pool #  1    cpu time:    2283.3
     Rotating WFCS
     c_bands:  1 eigenvalues not converged
     Rotating WFCS
     c_bands:  1 eigenvalues not converged
     Rotating WFCS
     c_bands:  1 eigenvalues not converged
     Rotating WFCS
     c_bands:  1 eigenvalues not converged
     Rotating WFCS
     c_bands:  1 eigenvalues not converged
     Rotating WFCS
     c_bands:  1 eigenvalues not converged
     Rotating WFCS
     c_bands:  1 eigenvalues not converged
     End of magnetic susceptibility calculation
 
     f-sum rule (1st term):
           -69.4594         -0.0000          0.0736
            -0.0000        -69.4191          0.0000
             0.0737          0.0000        -69.4680

     f-sum rule (2nd term):
            -0.9532          0.0001         -0.0739
             0.0000         -0.9878         -0.0000
            -0.0737         -0.0000         -0.9378

     f-sum rule (should be   -70.4057):
           -70.4127          0.0000         -0.0004
             0.0000        -70.4069          0.0000
            -0.0000          0.0000        -70.4058

     chi_bare pGv (HH) in paratec units:
       -22.716579      0.032878     -2.507549
         0.037694    -24.521184     -0.126547
        -2.012158     -0.124254    -25.473777

       -22.716579      0.032878     -2.507549
         0.037694    -24.521184     -0.126547
        -2.012158     -0.124254    -25.473777

     chi_bare vGv (VV) in paratec units:
       -24.631771     -0.000209     -1.822448
         0.000531    -26.355610     -0.095848
        -1.818060     -0.094447    -27.479731

       -24.631771     -0.000209     -1.822448
         0.000531    -26.355610     -0.095848
        -1.818060     -0.094447    -27.479731

     chi_bare pGv (HH) in 10^{-6} cm^3/mol:
          -107.9513          0.1562        -11.9161
             0.1791       -116.5270         -0.6014
            -9.5620         -0.5905       -121.0538

     chi_bare vGv (VV) in 10^{-6} cm^3/mol:
          -117.0525         -0.0010         -8.6604
             0.0025       -125.2443         -0.4555
            -8.6396         -0.4488       -130.5863

     Contributions to the NMR chemical shifts: -------------------------------
 
     Macroscopic shape contribution in ppm:                    6.25
             5.8598          0.0000          0.0000
             0.0000          6.3253          0.0000
             0.0000          0.0000          6.5710

 
     Core contribution in ppm:
 
     Atom  1  O   pos: (  0.699926  0.556053  1.246501)  core sigma:         271.07
     Atom  2  O   pos: (  0.426475  1.461028  0.872712)  core sigma:         271.07
     Atom  3  O   pos: (  0.050948  1.253850  0.166364)  core sigma:         271.07
     Atom  4  O   pos: (  0.324399  0.348875  0.540153)  core sigma:         271.07
     Atom  5  C   pos: (  0.645758  0.777002  1.026973)  core sigma:         200.51
     Atom  6  C   pos: (  0.481044  1.681909  1.092157)  core sigma:         200.51
     Atom  7  C   pos: (  0.105115  1.032901  0.385892)  core sigma:         200.51
     Atom  8  C   pos: (  0.269830  0.127994  0.320708)  core sigma:         200.51
     Atom  9  C   pos: ( -0.104371  0.589209  1.007011)  core sigma:         200.51
     Atom 10  C   pos: (  0.231095  1.494324  1.112446)  core sigma:         200.51
     Atom 11  C   pos: (  0.855245  1.220694  0.405855)  core sigma:         200.51
     Atom 12  C   pos: (  0.519779  0.315579  0.300420)  core sigma:         200.51
     Atom 13  H   pos: (  0.463260  0.727329  0.885787)  core sigma:           0.00
     Atom 14  H   pos: (  0.663618  1.632112  1.233213)  core sigma:           0.00
     Atom 15  H   pos: (  0.287614  1.082574  0.527079)  core sigma:           0.00
     Atom 16  H   pos: (  0.087256  0.177792  0.179652)  core sigma:           0.00
     Atom 17  H   pos: (  0.666363  0.998372  1.102125)  core sigma:           0.00
     Atom 18  H   pos: (  0.460434  0.093432  1.017082)  core sigma:           0.00
     Atom 19  H   pos: (  0.084511  0.811531  0.310740)  core sigma:           0.00
     Atom 20  H   pos: (  0.290440  1.716471  0.395783)  core sigma:           0.00
     Atom 21  H   pos: (  0.112156  0.677568  1.063219)  core sigma:           0.00
     Atom 22  H   pos: (  0.014549  1.582805  1.056398)  core sigma:           0.00
     Atom 23  H   pos: (  0.638718  1.132335  0.349646)  core sigma:           0.00
     Atom 24  H   pos: (  0.736325  0.227098  0.356467)  core sigma:           0.00
     Atom 25  H   pos: ( -0.100185  0.411295  0.852709)  core sigma:           0.00
     Atom 26  H   pos: (  0.226918  1.316375  1.266698)  core sigma:           0.00
     Atom 27  H   pos: (  0.851059  1.398608  0.560156)  core sigma:           0.00
     Atom 28  H   pos: (  0.523956  0.493528  0.146167)  core sigma:           0.00
 
     Bare contribution in ppm:
 
     Atom  1  O   pos: (  0.699926  0.556053  1.246501)  bare sigma:          90.40
           106.8365         -3.9342         16.7783
            -4.9117         98.7582         26.4500
            18.6915         25.5047         65.5909

     Atom  2  O   pos: (  0.426475  1.461028  0.872712)  bare sigma:          90.42
           106.9173          3.8995         16.7095
             4.8590         98.7634        -26.4638
            18.6164        -25.5288         65.5724

     Atom  3  O   pos: (  0.050948  1.253850  0.166364)  bare sigma:          90.40
           106.8365         -3.9342         16.7783
            -4.9117         98.7582         26.4500
            18.6915         25.5047         65.5909

     Atom  4  O   pos: (  0.324399  0.348875  0.540153)  bare sigma:          90.42
           106.9173          3.8995         16.7095
             4.8590         98.7634        -26.4638
            18.6164        -25.5288         65.5724

     Atom  5  C   pos: (  0.645758  0.777002  1.026973)  bare sigma:         -10.80
           -27.1197         19.3742          7.8079
            19.2349         -7.2341         -3.9475
             8.0925         -5.4952          1.9657

     Atom  6  C   pos: (  0.481044  1.681909  1.092157)  bare sigma:         -10.79
           -27.1246        -19.3530          7.8455
           -19.2076         -7.2021          3.9603
             8.1363          5.5174          1.9425

     Atom  7  C   pos: (  0.105115  1.032901  0.385892)  bare sigma:         -10.80
           -27.1197         19.3742          7.8079
            19.2349         -7.2341         -3.9475
             8.0925         -5.4952          1.9657

     Atom  8  C   pos: (  0.269830  0.127994  0.320708)  bare sigma:         -10.79
           -27.1246        -19.3530          7.8455
           -19.2076         -7.2021          3.9603
             8.1363          5.5174          1.9425

     Atom  9  C   pos: ( -0.104371  0.589209  1.007011)  bare sigma:         -12.68
           -19.7645         20.7163         -2.3246
            21.3959        -19.5413          0.6523
            -3.6498          2.4698          1.2749

     Atom 10  C   pos: (  0.231095  1.494324  1.112446)  bare sigma:         -12.68
           -19.7951        -20.7276         -2.2990
           -21.3910        -19.5090         -0.6381
            -3.6191         -2.4467          1.2701

     Atom 11  C   pos: (  0.855245  1.220694  0.405855)  bare sigma:         -12.68
           -19.7645         20.7163         -2.3246
            21.3959        -19.5413          0.6523
            -3.6498          2.4698          1.2749

     Atom 12  C   pos: (  0.519779  0.315579  0.300420)  bare sigma:         -12.68
           -19.7951        -20.7276         -2.2990
           -21.3910        -19.5090         -0.6381
            -3.6191         -2.4467          1.2701

     Atom 13  H   pos: (  0.463260  0.727329  0.885787)  bare sigma:          19.87
            21.3019         -0.7153          4.3902
             4.6373         18.1970          2.8058
             5.5396          0.7337         20.1232

     Atom 14  H   pos: (  0.663618  1.632112  1.233213)  bare sigma:          19.87
            21.3107          0.7162          4.3895
            -4.6380         18.1856         -2.8086
             5.5390         -0.7438         20.1087

     Atom 15  H   pos: (  0.287614  1.082574  0.527079)  bare sigma:          19.87
            21.3019         -0.7153          4.3902
             4.6373         18.1970          2.8058
             5.5396          0.7337         20.1232

     Atom 16  H   pos: (  0.087256  0.177792  0.179652)  bare sigma:          19.87
            21.3107          0.7162          4.3895
            -4.6380         18.1856         -2.8086
             5.5390         -0.7438         20.1087

     Atom 17  H   pos: (  0.666363  0.998372  1.102125)  bare sigma:          20.44
            16.1087          1.8144          3.4606
            -0.7386         27.2825          1.1072
             0.9603          2.1084         17.9170

     Atom 18  H   pos: (  0.460434  0.093432  1.017082)  bare sigma:          20.43
            16.1098         -1.8110          3.4654
             0.7405         27.2832         -1.1079
             0.9645         -2.1007         17.9040

     Atom 19  H   pos: (  0.084511  0.811531  0.310740)  bare sigma:          20.44
            16.1087          1.8144          3.4606
            -0.7386         27.2825          1.1072
             0.9603          2.1084         17.9170

     Atom 20  H   pos: (  0.290440  1.716471  0.395783)  bare sigma:          20.43
            16.1098         -1.8110          3.4654
             0.7405         27.2832         -1.1079
             0.9645         -2.1007         17.9040

     Atom 21  H   pos: (  0.112156  0.677568  1.063219)  bare sigma:          19.43
            26.5187          1.6600         -2.1144
             6.6230         15.9748          1.6074
             0.7975          0.6344         15.8084

     Atom 22  H   pos: (  0.014549  1.582805  1.056398)  bare sigma:          19.43
            26.5142         -1.6665         -2.1227
            -6.6308         15.9683         -1.6059
             0.7897         -0.6374         15.7992

     Atom 23  H   pos: (  0.638718  1.132335  0.349646)  bare sigma:          19.43
            26.5187          1.6600         -2.1144
             6.6230         15.9748          1.6074
             0.7975          0.6344         15.8084

     Atom 24  H   pos: (  0.736325  0.227098  0.356467)  bare sigma:          19.43
            26.5142         -1.6665         -2.1227
            -6.6308         15.9683         -1.6059
             0.7897         -0.6374         15.7992

     Atom 25  H   pos: ( -0.100185  0.411295  0.852709)  bare sigma:          20.12
            19.8286          2.9583         -1.1499
            -1.4425         18.3336          4.9373
            -2.9221          5.5904         22.1986

     Atom 26  H   pos: (  0.226918  1.316375  1.266698)  bare sigma:          20.12
            19.8274         -2.9662         -1.1384
             1.4367         18.3376         -4.9380
            -2.9110         -5.5857         22.2007

     Atom 27  H   pos: (  0.851059  1.398608  0.560156)  bare sigma:          20.12
            19.8286          2.9583         -1.1499
            -1.4425         18.3336          4.9373
            -2.9221          5.5904         22.1986

     Atom 28  H   pos: (  0.523956  0.493528  0.146167)  bare sigma:          20.12
            19.8274         -2.9662         -1.1384
             1.4367         18.3376         -4.9380
            -2.9110         -5.5857         22.2007

     Diamagnetic contribution in ppm:
 
     Atom  1  O   pos: (  0.699926  0.556053  1.246501)  dia sigma:          16.88
            16.8749         -0.5481         -0.5244
            -0.5481         16.6728         -0.7186
            -0.5244         -0.7186         17.0852

     Atom  2  O   pos: (  0.426475  1.461028  0.872712)  dia sigma:          16.88
            16.8746          0.5489         -0.5236
             0.5489         16.6724          0.7183
            -0.5236          0.7183         17.0870

     Atom  3  O   pos: (  0.050948  1.253850  0.166364)  dia sigma:          16.88
            16.8749         -0.5481         -0.5244
            -0.5481         16.6728         -0.7186
            -0.5244         -0.7186         17.0852

     Atom  4  O   pos: (  0.324399  0.348875  0.540153)  dia sigma:          16.88
            16.8746          0.5489         -0.5236
             0.5489         16.6724          0.7183
            -0.5236          0.7183         17.0870

     Atom  5  C   pos: (  0.645758  0.777002  1.026973)  dia sigma:           4.20
             4.0970         -0.0256         -0.0056
            -0.0256          4.2108         -0.1854
            -0.0056         -0.1854          4.2894

     Atom  6  C   pos: (  0.481044  1.681909  1.092157)  dia sigma:           4.20
             4.0973          0.0258         -0.0053
             0.0258          4.2111          0.1852
            -0.0053          0.1852          4.2897

     Atom  7  C   pos: (  0.105115  1.032901  0.385892)  dia sigma:           4.20
             4.0970         -0.0256         -0.0056
            -0.0256          4.2108         -0.1854
            -0.0056         -0.1854          4.2894

     Atom  8  C   pos: (  0.269830  0.127994  0.320708)  dia sigma:           4.20
             4.0973          0.0258         -0.0053
             0.0258          4.2111          0.1852
            -0.0053          0.1852          4.2897

     Atom  9  C   pos: ( -0.104371  0.589209  1.007011)  dia sigma:           4.18
             4.1794          0.0279         -0.1399
             0.0279          4.0928         -0.0726
            -0.1399         -0.0726          4.2827

     Atom 10  C   pos: (  0.231095  1.494324  1.112446)  dia sigma:           4.19
             4.1793         -0.0280         -0.1398
            -0.0280          4.0931          0.0727
            -0.1398          0.0727          4.2833

     Atom 11  C   pos: (  0.855245  1.220694  0.405855)  dia sigma:           4.18
             4.1794          0.0279         -0.1399
             0.0279          4.0928         -0.0726
            -0.1399         -0.0726          4.2827

     Atom 12  C   pos: (  0.519779  0.315579  0.300420)  dia sigma:           4.19
             4.1793         -0.0280         -0.1398
            -0.0280          4.0931          0.0727
            -0.1398          0.0727          4.2833

     Atom 13  H   pos: (  0.463260  0.727329  0.885787)  dia sigma:           1.14
             1.1400         -0.0000         -0.0000
            -0.0000          1.1400          0.0000
            -0.0000          0.0000          1.1400

     Atom 14  H   pos: (  0.663618  1.632112  1.233213)  dia sigma:           1.14
             1.1399         -0.0000         -0.0000
            -0.0000          1.1399          0.0000
            -0.0000          0.0000          1.1399

     Atom 15  H   pos: (  0.287614  1.082574  0.527079)  dia sigma:           1.14
             1.1400         -0.0000         -0.0000
            -0.0000          1.1400          0.0000
            -0.0000          0.0000          1.1400

     Atom 16  H   pos: (  0.087256  0.177792  0.179652)  dia sigma:           1.14
             1.1399         -0.0000         -0.0000
            -0.0000          1.1399          0.0000
            -0.0000          0.0000          1.1399

     Atom 17  H   pos: (  0.666363  0.998372  1.102125)  dia sigma:           1.13
             1.1345         -0.0000         -0.0000
            -0.0000          1.1345          0.0000
            -0.0000          0.0000          1.1345

     Atom 18  H   pos: (  0.460434  0.093432  1.017082)  dia sigma:           1.13
             1.1343         -0.0000         -0.0000
            -0.0000          1.1343          0.0000
            -0.0000          0.0000          1.1343

     Atom 19  H   pos: (  0.084511  0.811531  0.310740)  dia sigma:           1.13
             1.1345         -0.0000         -0.0000
            -0.0000          1.1345          0.0000
            -0.0000          0.0000          1.1345

     Atom 20  H   pos: (  0.290440  1.716471  0.395783)  dia sigma:           1.13
             1.1343         -0.0000         -0.0000
            -0.0000          1.1343          0.0000
            -0.0000          0.0000          1.1343

     Atom 21  H   pos: (  0.112156  0.677568  1.063219)  dia sigma:           1.12
             1.1165         -0.0000         -0.0000
            -0.0000          1.1165          0.0000
            -0.0000          0.0000          1.1165

     Atom 22  H   pos: (  0.014549  1.582805  1.056398)  dia sigma:           1.12
             1.1164         -0.0000         -0.0000
            -0.0000          1.1164          0.0000
            -0.0000          0.0000          1.1164

     Atom 23  H   pos: (  0.638718  1.132335  0.349646)  dia sigma:           1.12
             1.1165         -0.0000         -0.0000
            -0.0000          1.1165          0.0000
            -0.0000          0.0000          1.1165

     Atom 24  H   pos: (  0.736325  0.227098  0.356467)  dia sigma:           1.12
             1.1164         -0.0000         -0.0000
            -0.0000          1.1164          0.0000
            -0.0000          0.0000          1.1164

     Atom 25  H   pos: ( -0.100185  0.411295  0.852709)  dia sigma:           1.14
             1.1399         -0.0000         -0.0000
            -0.0000          1.1399          0.0000
            -0.0000          0.0000          1.1399

     Atom 26  H   pos: (  0.226918  1.316375  1.266698)  dia sigma:           1.14
             1.1399         -0.0000         -0.0000
            -0.0000          1.1399          0.0000
            -0.0000          0.0000          1.1399

     Atom 27  H   pos: (  0.851059  1.398608  0.560156)  dia sigma:           1.14
             1.1399         -0.0000         -0.0000
            -0.0000          1.1399          0.0000
            -0.0000          0.0000          1.1399

     Atom 28  H   pos: (  0.523956  0.493528  0.146167)  dia sigma:           1.14
             1.1399         -0.0000         -0.0000
            -0.0000          1.1399          0.0000
            -0.0000          0.0000          1.1399

     Paramagnetic contribution in ppm:
 
     Atom  1  O   pos: (  0.699926  0.556053  1.246501)  para sigma:          79.19
           125.4271        -17.1881         40.0860
           -19.7117        100.0211         68.8036
            45.2590         65.5397         12.1289

     Atom  2  O   pos: (  0.426475  1.461028  0.872712)  para sigma:          79.24
           125.6210         17.1018         39.9095
            19.5808        100.0236        -68.8380
            45.0663        -65.6022         12.0728

     Atom  3  O   pos: (  0.050948  1.253850  0.166364)  para sigma:          79.19
           125.4271        -17.1881         40.0860
           -19.7117        100.0211         68.8036
            45.2590         65.5397         12.1289

     Atom  4  O   pos: (  0.324399  0.348875  0.540153)  para sigma:          79.24
           125.6210         17.1018         39.9095
            19.5808        100.0236        -68.8380
            45.0663        -65.6022         12.0728

     Atom  5  C   pos: (  0.645758  0.777002  1.026973)  para sigma:         -63.48
           -75.8471         21.1423          4.4718
            18.2094        -62.5268          1.4027
             7.0438         -1.3542        -52.0748

     Atom  6  C   pos: (  0.481044  1.681909  1.092157)  para sigma:         -63.48
           -75.8544        -21.1305          4.4943
           -18.1916        -62.4947         -1.3874
             7.0747          1.3806        -52.0920

     Atom  7  C   pos: (  0.105115  1.032901  0.385892)  para sigma:         -63.48
           -75.8471         21.1423          4.4718
            18.2094        -62.5268          1.4027
             7.0438         -1.3542        -52.0748

     Atom  8  C   pos: (  0.269830  0.127994  0.320708)  para sigma:         -63.48
           -75.8544        -21.1305          4.4943
           -18.1916        -62.4947         -1.3874
             7.0747          1.3806        -52.0920

     Atom  9  C   pos: ( -0.104371  0.589209  1.007011)  para sigma:         -64.67
           -73.5687         18.0410          4.7818
            19.8316        -66.9227         -0.4991
             1.3086          2.9232        -53.5225

     Atom 10  C   pos: (  0.231095  1.494324  1.112446)  para sigma:         -64.67
           -73.5848        -18.0471          4.8038
           -19.8190        -66.8941          0.5098
             1.3355         -2.9027        -53.5405

     Atom 11  C   pos: (  0.855245  1.220694  0.405855)  para sigma:         -64.67
           -73.5687         18.0410          4.7818
            19.8316        -66.9227         -0.4991
             1.3086          2.9232        -53.5225

     Atom 12  C   pos: (  0.519779  0.315579  0.300420)  para sigma:         -64.67
           -73.5848        -18.0471          4.8038
           -19.8190        -66.8941          0.5098
             1.3355         -2.9027        -53.5405

     Atom 13  H   pos: (  0.463260  0.727329  0.885787)  para sigma:           0.00
             0.0000          0.0000          0.0000
             0.0000          0.0000          0.0000
             0.0000          0.0000          0.0000

     Atom 14  H   pos: (  0.663618  1.632112  1.233213)  para sigma:           0.00
             0.0000          0.0000          0.0000
             0.0000          0.0000          0.0000
             0.0000          0.0000          0.0000

     Atom 15  H   pos: (  0.287614  1.082574  0.527079)  para sigma:           0.00
             0.0000          0.0000          0.0000
             0.0000          0.0000          0.0000
             0.0000          0.0000          0.0000

     Atom 16  H   pos: (  0.087256  0.177792  0.179652)  para sigma:           0.00
             0.0000          0.0000          0.0000
             0.0000          0.0000          0.0000
             0.0000          0.0000          0.0000

     Atom 17  H   pos: (  0.666363  0.998372  1.102125)  para sigma:           0.00
             0.0000          0.0000          0.0000
             0.0000          0.0000          0.0000
             0.0000          0.0000          0.0000

     Atom 18  H   pos: (  0.460434  0.093432  1.017082)  para sigma:           0.00
             0.0000          0.0000          0.0000
             0.0000          0.0000          0.0000
             0.0000          0.0000          0.0000

     Atom 19  H   pos: (  0.084511  0.811531  0.310740)  para sigma:           0.00
             0.0000          0.0000          0.0000
             0.0000          0.0000          0.0000
             0.0000          0.0000          0.0000

     Atom 20  H   pos: (  0.290440  1.716471  0.395783)  para sigma:           0.00
             0.0000          0.0000          0.0000
             0.0000          0.0000          0.0000
             0.0000          0.0000          0.0000

     Atom 21  H   pos: (  0.112156  0.677568  1.063219)  para sigma:           0.00
             0.0000          0.0000          0.0000
             0.0000          0.0000          0.0000
             0.0000          0.0000          0.0000

     Atom 22  H   pos: (  0.014549  1.582805  1.056398)  para sigma:           0.00
             0.0000          0.0000          0.0000
             0.0000          0.0000          0.0000
             0.0000          0.0000          0.0000

     Atom 23  H   pos: (  0.638718  1.132335  0.349646)  para sigma:           0.00
             0.0000          0.0000          0.0000
             0.0000          0.0000          0.0000
             0.0000          0.0000          0.0000

     Atom 24  H   pos: (  0.736325  0.227098  0.356467)  para sigma:           0.00
             0.0000          0.0000          0.0000
             0.0000          0.0000          0.0000
             0.0000          0.0000          0.0000

     Atom 25  H   pos: ( -0.100185  0.411295  0.852709)  para sigma:           0.00
             0.0000          0.0000          0.0000
             0.0000          0.0000          0.0000
             0.0000          0.0000          0.0000

     Atom 26  H   pos: (  0.226918  1.316375  1.266698)  para sigma:           0.00
             0.0000          0.0000          0.0000
             0.0000          0.0000          0.0000
             0.0000          0.0000          0.0000

     Atom 27  H   pos: (  0.851059  1.398608  0.560156)  para sigma:           0.00
             0.0000          0.0000          0.0000
             0.0000          0.0000          0.0000
             0.0000          0.0000          0.0000

     Atom 28  H   pos: (  0.523956  0.493528  0.146167)  para sigma:           0.00
             0.0000          0.0000          0.0000
             0.0000          0.0000          0.0000
             0.0000          0.0000          0.0000

     Paramagnetic US occ-occ contribution in ppm:
 
     Atom  1  O   pos: (  0.699926  0.556053  1.246501)  para_oo sigma:           0.23
             0.2490          0.1154          0.0612
             0.0971          0.2530          0.1214
             0.0745          0.1221          0.1970

     Atom  2  O   pos: (  0.426475  1.461028  0.872712)  para_oo sigma:           0.23
             0.2490         -0.1155          0.0613
            -0.0974          0.2532         -0.1212
             0.0745         -0.1219          0.1968

     Atom  3  O   pos: (  0.050948  1.253850  0.166364)  para_oo sigma:           0.23
             0.2490          0.1154          0.0612
             0.0971          0.2530          0.1214
             0.0745          0.1221          0.1970

     Atom  4  O   pos: (  0.324399  0.348875  0.540153)  para_oo sigma:           0.23
             0.2490         -0.1155          0.0613
            -0.0974          0.2532         -0.1212
             0.0745         -0.1219          0.1968

     Atom  5  C   pos: (  0.645758  0.777002  1.026973)  para_oo sigma:          -0.08
            -0.0847         -0.0033         -0.0099
            -0.0231         -0.0773         -0.0234
             0.0050         -0.0346         -0.0718

     Atom  6  C   pos: (  0.481044  1.681909  1.092157)  para_oo sigma:          -0.08
            -0.0848          0.0034         -0.0099
             0.0232         -0.0774          0.0234
             0.0051          0.0346         -0.0719

     Atom  7  C   pos: (  0.105115  1.032901  0.385892)  para_oo sigma:          -0.08
            -0.0847         -0.0033         -0.0099
            -0.0231         -0.0773         -0.0234
             0.0050         -0.0346         -0.0718

     Atom  8  C   pos: (  0.269830  0.127994  0.320708)  para_oo sigma:          -0.08
            -0.0848          0.0034         -0.0099
             0.0232         -0.0774          0.0234
             0.0051          0.0346         -0.0719

     Atom  9  C   pos: ( -0.104371  0.589209  1.007011)  para_oo sigma:          -0.10
            -0.0869         -0.0060         -0.0268
             0.0070         -0.1327         -0.0218
            -0.0535         -0.0075         -0.0685

     Atom 10  C   pos: (  0.231095  1.494324  1.112446)  para_oo sigma:          -0.10
            -0.0870          0.0060         -0.0267
            -0.0070         -0.1326          0.0219
            -0.0534          0.0075         -0.0685

     Atom 11  C   pos: (  0.855245  1.220694  0.405855)  para_oo sigma:          -0.10
            -0.0869         -0.0060         -0.0268
             0.0070         -0.1327         -0.0218
            -0.0535         -0.0075         -0.0685

     Atom 12  C   pos: (  0.519779  0.315579  0.300420)  para_oo sigma:          -0.10
            -0.0870          0.0060         -0.0267
            -0.0070         -0.1326          0.0219
            -0.0534          0.0075         -0.0685

     Atom 13  H   pos: (  0.463260  0.727329  0.885787)  para_oo sigma:           0.00
             0.0000          0.0000          0.0000
             0.0000          0.0000          0.0000
             0.0000          0.0000          0.0000

     Atom 14  H   pos: (  0.663618  1.632112  1.233213)  para_oo sigma:           0.00
             0.0000          0.0000          0.0000
             0.0000          0.0000          0.0000
             0.0000          0.0000          0.0000

     Atom 15  H   pos: (  0.287614  1.082574  0.527079)  para_oo sigma:           0.00
             0.0000          0.0000          0.0000
             0.0000          0.0000          0.0000
             0.0000          0.0000          0.0000

     Atom 16  H   pos: (  0.087256  0.177792  0.179652)  para_oo sigma:           0.00
             0.0000          0.0000          0.0000
             0.0000          0.0000          0.0000
             0.0000          0.0000          0.0000

     Atom 17  H   pos: (  0.666363  0.998372  1.102125)  para_oo sigma:           0.00
             0.0000          0.0000          0.0000
             0.0000          0.0000          0.0000
             0.0000          0.0000          0.0000

     Atom 18  H   pos: (  0.460434  0.093432  1.017082)  para_oo sigma:           0.00
             0.0000          0.0000          0.0000
             0.0000          0.0000          0.0000
             0.0000          0.0000          0.0000

     Atom 19  H   pos: (  0.084511  0.811531  0.310740)  para_oo sigma:           0.00
             0.0000          0.0000          0.0000
             0.0000          0.0000          0.0000
             0.0000          0.0000          0.0000

     Atom 20  H   pos: (  0.290440  1.716471  0.395783)  para_oo sigma:           0.00
             0.0000          0.0000          0.0000
             0.0000          0.0000          0.0000
             0.0000          0.0000          0.0000

     Atom 21  H   pos: (  0.112156  0.677568  1.063219)  para_oo sigma:           0.00
             0.0000          0.0000          0.0000
             0.0000          0.0000          0.0000
             0.0000          0.0000          0.0000

     Atom 22  H   pos: (  0.014549  1.582805  1.056398)  para_oo sigma:           0.00
             0.0000          0.0000          0.0000
             0.0000          0.0000          0.0000
             0.0000          0.0000          0.0000

     Atom 23  H   pos: (  0.638718  1.132335  0.349646)  para_oo sigma:           0.00
             0.0000          0.0000          0.0000
             0.0000          0.0000          0.0000
             0.0000          0.0000          0.0000

     Atom 24  H   pos: (  0.736325  0.227098  0.356467)  para_oo sigma:           0.00
             0.0000          0.0000          0.0000
             0.0000          0.0000          0.0000
             0.0000          0.0000          0.0000

     Atom 25  H   pos: ( -0.100185  0.411295  0.852709)  para_oo sigma:           0.00
             0.0000          0.0000          0.0000
             0.0000          0.0000          0.0000
             0.0000          0.0000          0.0000

     Atom 26  H   pos: (  0.226918  1.316375  1.266698)  para_oo sigma:           0.00
             0.0000          0.0000          0.0000
             0.0000          0.0000          0.0000
             0.0000          0.0000          0.0000

     Atom 27  H   pos: (  0.851059  1.398608  0.560156)  para_oo sigma:           0.00
             0.0000          0.0000          0.0000
             0.0000          0.0000          0.0000
             0.0000          0.0000          0.0000

     Atom 28  H   pos: (  0.523956  0.493528  0.146167)  para_oo sigma:           0.00
             0.0000          0.0000          0.0000
             0.0000          0.0000          0.0000
             0.0000          0.0000          0.0000

     Paramagnetic US L_R Q_R contribution in ppm:
 
     Atom  1  O   pos: (  0.699926  0.556053  1.246501)  para_lq sigma:        -152.89
          -154.5698          9.3603          8.9760
             9.3203       -149.1434          9.2269
             9.2649          9.0749       -154.9677

     Atom  2  O   pos: (  0.426475  1.461028  0.872712)  para_lq sigma:        -152.88
          -154.5464         -9.3690          8.9636
            -9.3306       -149.1265         -9.2227
             9.2519         -9.0717       -154.9814

     Atom  3  O   pos: (  0.050948  1.253850  0.166364)  para_lq sigma:        -152.89
          -154.5698          9.3603          8.9760
             9.3203       -149.1434          9.2269
             9.2649          9.0749       -154.9677

     Atom  4  O   pos: (  0.324399  0.348875  0.540153)  para_lq sigma:        -152.88
          -154.5464         -9.3690          8.9636
            -9.3306       -149.1265         -9.2227
             9.2519         -9.0717       -154.9814

     Atom  5  C   pos: (  0.645758  0.777002  1.026973)  para_lq sigma:         -11.57
           -10.8938          0.2625         -0.7624
             0.2701        -12.2486          0.5793
            -0.8775          0.5647        -11.5551

     Atom  6  C   pos: (  0.481044  1.681909  1.092157)  para_lq sigma:         -11.57
           -10.8963         -0.2641         -0.7632
            -0.2713        -12.2481         -0.5784
            -0.8776         -0.5633        -11.5541

     Atom  7  C   pos: (  0.105115  1.032901  0.385892)  para_lq sigma:         -11.57
           -10.8938          0.2625         -0.7624
             0.2701        -12.2486          0.5793
            -0.8775          0.5647        -11.5551

     Atom  8  C   pos: (  0.269830  0.127994  0.320708)  para_lq sigma:         -11.57
           -10.8963         -0.2641         -0.7632
            -0.2713        -12.2481         -0.5784
            -0.8776         -0.5633        -11.5541

     Atom  9  C   pos: ( -0.104371  0.589209  1.007011)  para_lq sigma:         -11.69
           -12.0836         -0.2401          0.8966
            -0.2549        -11.1772         -0.5966
             0.8075         -0.4037        -11.8055

     Atom 10  C   pos: (  0.231095  1.494324  1.112446)  para_lq sigma:         -11.69
           -12.0806          0.2412          0.8974
             0.2566        -11.1774          0.5962
             0.8082          0.4035        -11.8076

     Atom 11  C   pos: (  0.855245  1.220694  0.405855)  para_lq sigma:         -11.69
           -12.0836         -0.2401          0.8966
            -0.2549        -11.1772         -0.5966
             0.8075         -0.4037        -11.8055

     Atom 12  C   pos: (  0.519779  0.315579  0.300420)  para_lq sigma:         -11.69
           -12.0806          0.2412          0.8974
             0.2566        -11.1774          0.5962
             0.8082          0.4035        -11.8076

     Atom 13  H   pos: (  0.463260  0.727329  0.885787)  para_lq sigma:           0.00
             0.0000          0.0000          0.0000
             0.0000          0.0000          0.0000
             0.0000          0.0000          0.0000

     Atom 14  H   pos: (  0.663618  1.632112  1.233213)  para_lq sigma:           0.00
             0.0000          0.0000          0.0000
             0.0000          0.0000          0.0000
             0.0000          0.0000          0.0000

     Atom 15  H   pos: (  0.287614  1.082574  0.527079)  para_lq sigma:           0.00
             0.0000          0.0000          0.0000
             0.0000          0.0000          0.0000
             0.0000          0.0000          0.0000

     Atom 16  H   pos: (  0.087256  0.177792  0.179652)  para_lq sigma:           0.00
             0.0000          0.0000          0.0000
             0.0000          0.0000          0.0000
             0.0000          0.0000          0.0000

     Atom 17  H   pos: (  0.666363  0.998372  1.102125)  para_lq sigma:           0.00
             0.0000          0.0000          0.0000
             0.0000          0.0000          0.0000
             0.0000          0.0000          0.0000

     Atom 18  H   pos: (  0.460434  0.093432  1.017082)  para_lq sigma:           0.00
             0.0000          0.0000          0.0000
             0.0000          0.0000          0.0000
             0.0000          0.0000          0.0000

     Atom 19  H   pos: (  0.084511  0.811531  0.310740)  para_lq sigma:           0.00
             0.0000          0.0000          0.0000
             0.0000          0.0000          0.0000
             0.0000          0.0000          0.0000

     Atom 20  H   pos: (  0.290440  1.716471  0.395783)  para_lq sigma:           0.00
             0.0000          0.0000          0.0000
             0.0000          0.0000          0.0000
             0.0000          0.0000          0.0000

     Atom 21  H   pos: (  0.112156  0.677568  1.063219)  para_lq sigma:           0.00
             0.0000          0.0000          0.0000
             0.0000          0.0000          0.0000
             0.0000          0.0000          0.0000

     Atom 22  H   pos: (  0.014549  1.582805  1.056398)  para_lq sigma:           0.00
             0.0000          0.0000          0.0000
             0.0000          0.0000          0.0000
             0.0000          0.0000          0.0000

     Atom 23  H   pos: (  0.638718  1.132335  0.349646)  para_lq sigma:           0.00
             0.0000          0.0000          0.0000
             0.0000          0.0000          0.0000
             0.0000          0.0000          0.0000

     Atom 24  H   pos: (  0.736325  0.227098  0.356467)  para_lq sigma:           0.00
             0.0000          0.0000          0.0000
             0.0000          0.0000          0.0000
             0.0000          0.0000          0.0000

     Atom 25  H   pos: ( -0.100185  0.411295  0.852709)  para_lq sigma:           0.00
             0.0000          0.0000          0.0000
             0.0000          0.0000          0.0000
             0.0000          0.0000          0.0000

     Atom 26  H   pos: (  0.226918  1.316375  1.266698)  para_lq sigma:           0.00
             0.0000          0.0000          0.0000
             0.0000          0.0000          0.0000
             0.0000          0.0000          0.0000

     Atom 27  H   pos: (  0.851059  1.398608  0.560156)  para_lq sigma:           0.00
             0.0000          0.0000          0.0000
             0.0000          0.0000          0.0000
             0.0000          0.0000          0.0000

     Atom 28  H   pos: (  0.523956  0.493528  0.146167)  para_lq sigma:           0.00
             0.0000          0.0000          0.0000
             0.0000          0.0000          0.0000
             0.0000          0.0000          0.0000

 
     Total NMR chemical shifts in ppm: ---------------------------------------
     (adopting the Simpson convention for anisotropy and asymmetry)-----------
 
     Atom  1  O   pos: (  0.699926  0.556053  1.246501)  Total sigma:         311.13
           371.7524        -12.1947         65.3771
           -15.7541        343.9618        103.8832
            72.7656         99.5227        217.6803

     O    1    anisotropy:   -254.62    eta:   -0.2477
     O    1    sigma_11=    374.98    axis=( -0.745854  0.658795  0.098439)
     O    1    sigma_22=    417.03    axis=( -0.603577 -0.605902 -0.518244)
     O    1    sigma_33=    141.38    axis=( -0.281773 -0.445950  0.849549)
 
     Atom  2  O   pos: (  0.426475  1.461028  0.872712)  Total sigma:         311.21
           372.0502         12.0657         65.1202
            15.5607        343.9862       -103.9273
            72.4855        -99.6063        217.5935

     O    2    anisotropy:   -254.61    eta:   -0.2479
     O    2    sigma_11=    375.04    axis=( -0.745844 -0.658607  0.099765)
     O    2    sigma_22=    417.11    axis=(  0.604261 -0.605920  0.517426)
     O    2    sigma_33=    141.47    axis=( -0.280331  0.446203  0.849892)
 
     Atom  3  O   pos: (  0.050948  1.253850  0.166364)  Total sigma:         311.13
           371.7524        -12.1947         65.3771
           -15.7541        343.9618        103.8832
            72.7656         99.5227        217.6803

     O    3    anisotropy:   -254.62    eta:   -0.2477
     O    3    sigma_11=    374.98    axis=( -0.745854  0.658795  0.098439)
     O    3    sigma_22=    417.03    axis=( -0.603577 -0.605902 -0.518244)
     O    3    sigma_33=    141.38    axis=( -0.281773 -0.445950  0.849549)
 
     Atom  4  O   pos: (  0.324399  0.348875  0.540153)  Total sigma:         311.21
           372.0502         12.0657         65.1202
            15.5607        343.9862       -103.9273
            72.4855        -99.6063        217.5935

     O    4    anisotropy:   -254.61    eta:   -0.2479
     O    4    sigma_11=    375.04    axis=( -0.745844 -0.658607  0.099765)
     O    4    sigma_22=    417.11    axis=(  0.604261 -0.605920  0.517426)
     O    4    sigma_33=    141.47    axis=( -0.280331  0.446203  0.849892)
 
     Atom  5  C   pos: (  0.645758  0.777002  1.026973)  Total sigma:         125.04
            96.5214         40.7501         11.5018
            37.6657        128.9594         -2.1742
            14.2581         -6.5047        149.6344

     C    5    anisotropy:    -85.27    eta:   -0.1373
     C    5    sigma_11=    149.56    axis=( -0.179141 -0.517249  0.836876)
     C    5    sigma_22=    157.36    axis=(  0.537035  0.661313  0.523696)
     C    5    sigma_33=     68.19    axis=( -0.824319  0.543248  0.159312)
 
     Atom  6  C   pos: (  0.481044  1.681909  1.092157)  Total sigma:         125.04
            96.5069        -40.7184         11.5615
           -37.6215        129.0240          2.2031
            14.3332          6.5547        149.5952

     C    6    anisotropy:    -85.25    eta:   -0.1373
     C    6    sigma_11=    149.56    axis=( -0.177424  0.517070  0.837352)
     C    6    sigma_22=    157.36    axis=( -0.537290  0.661964 -0.522612)
     C    6    sigma_33=     68.21    axis=( -0.824524 -0.542625  0.160368)
 
     Atom  7  C   pos: (  0.105115  1.032901  0.385892)  Total sigma:         125.04
            96.5214         40.7501         11.5018
            37.6657        128.9594         -2.1742
            14.2581         -6.5047        149.6344

     C    7    anisotropy:    -85.27    eta:   -0.1373
     C    7    sigma_11=    149.56    axis=( -0.179141 -0.517249  0.836876)
     C    7    sigma_22=    157.36    axis=(  0.537035  0.661313  0.523696)
     C    7    sigma_33=     68.19    axis=( -0.824319  0.543248  0.159312)
 
     Atom  8  C   pos: (  0.269830  0.127994  0.320708)  Total sigma:         125.04
            96.5069        -40.7184         11.5615
           -37.6215        129.0240          2.2031
            14.3332          6.5547        149.5952

     C    8    anisotropy:    -85.25    eta:   -0.1373
     C    8    sigma_11=    149.56    axis=( -0.177424  0.517070  0.837352)
     C    8    sigma_22=    157.36    axis=( -0.537290  0.661964 -0.522612)
     C    8    sigma_33=     68.21    axis=( -0.824524 -0.542625  0.160368)
 
     Atom  9  C   pos: ( -0.104371  0.589209  1.007011)  Total sigma:         121.81
           105.0455         38.5390          3.1872
            41.0075        113.1542         -0.5379
            -1.7272          4.9092        147.2422

     C    9    anisotropy:    -79.06    eta:   -0.0873
     C    9    sigma_11=    145.87    axis=(  0.375521  0.400747 -0.835695)
     C    9    sigma_22=    150.47    axis=(  0.555577  0.624388  0.549067)
     C    9    sigma_33=     69.11    axis=(  0.741834 -0.670479  0.011825)
 
     Atom 10  C   pos: (  0.231095  1.494324  1.112446)  Total sigma:         121.81
           105.0016        -38.5555          3.2356
           -40.9884        113.2153          0.5625
            -1.6687         -4.8657        147.2178

     C   10    anisotropy:    -79.04    eta:   -0.0880
     C   10    sigma_11=    145.84    axis=(  0.373160 -0.399674 -0.837265)
     C   10    sigma_22=    150.48    axis=( -0.556554  0.625605 -0.546687)
     C   10    sigma_33=     69.12    axis=(  0.742293  0.669985  0.011011)
 
     Atom 11  C   pos: (  0.855245  1.220694  0.405855)  Total sigma:         121.81
           105.0455         38.5390          3.1872
            41.0075        113.1542         -0.5379
            -1.7272          4.9092        147.2422

     C   11    anisotropy:    -79.06    eta:   -0.0873
     C   11    sigma_11=    145.87    axis=(  0.375521  0.400747 -0.835695)
     C   11    sigma_22=    150.47    axis=(  0.555577  0.624388  0.549067)
     C   11    sigma_33=     69.11    axis=(  0.741834 -0.670479  0.011825)
 
     Atom 12  C   pos: (  0.519779  0.315579  0.300420)  Total sigma:         121.81
           105.0016        -38.5555          3.2356
           -40.9884        113.2153          0.5625
            -1.6687         -4.8657        147.2178

     C   12    anisotropy:    -79.04    eta:   -0.0880
     C   12    sigma_11=    145.84    axis=(  0.373160 -0.399674 -0.837265)
     C   12    sigma_22=    150.48    axis=( -0.556554  0.625605 -0.546687)
     C   12    sigma_33=     69.12    axis=(  0.742293  0.669985  0.011011)
 
     Atom 13  H   pos: (  0.463260  0.727329  0.885787)  Total sigma:          27.27
            28.3017         -0.7153          4.3902
             4.6373         25.6623          2.8058
             5.5396          0.7337         27.8342

     H   13    anisotropy:      9.93    eta:   -0.2602
     H   13    sigma_11=     24.82    axis=(  0.193155 -0.951315  0.240188)
     H   13    sigma_22=     23.09    axis=(  0.697236 -0.039151 -0.715772)
     H   13    sigma_33=     33.89    axis=(  0.690328  0.305723  0.655729)
 
     Atom 14  H   pos: (  0.663618  1.632112  1.233213)  Total sigma:          27.26
            28.3104          0.7162          4.3895
            -4.6380         25.6508         -2.8086
             5.5390         -0.7438         27.8197

     H   14    anisotropy:      9.94    eta:   -0.2583
     H   14    sigma_11=     24.80    axis=(  0.196372  0.951433  0.237094)
     H   14    sigma_22=     23.09    axis=( -0.695754 -0.035177  0.717419)
     H   14    sigma_33=     33.88    axis=(  0.690916 -0.305840  0.655055)
 
     Atom 15  H   pos: (  0.287614  1.082574  0.527079)  Total sigma:          27.27
            28.3017         -0.7153          4.3902
             4.6373         25.6623          2.8058
             5.5396          0.7337         27.8342

     H   15    anisotropy:      9.93    eta:   -0.2602
     H   15    sigma_11=     24.82    axis=(  0.193155 -0.951315  0.240188)
     H   15    sigma_22=     23.09    axis=(  0.697236 -0.039151 -0.715772)
     H   15    sigma_33=     33.89    axis=(  0.690328  0.305723  0.655729)
 
     Atom 16  H   pos: (  0.087256  0.177792  0.179652)  Total sigma:          27.26
            28.3104          0.7162          4.3895
            -4.6380         25.6508         -2.8086
             5.5390         -0.7438         27.8197

     H   16    anisotropy:      9.94    eta:   -0.2583
     H   16    sigma_11=     24.80    axis=(  0.196372  0.951433  0.237094)
     H   16    sigma_22=     23.09    axis=( -0.695754 -0.035177  0.717419)
     H   16    sigma_33=     33.88    axis=(  0.690916 -0.305840  0.655055)
 
     Atom 17  H   pos: (  0.666363  0.998372  1.102125)  Total sigma:          27.82
            23.1030          1.8144          3.4606
            -0.7386         34.7423          1.1072
             0.9603          2.1084         25.6225

     H   17    anisotropy:     10.90    eta:   -0.6554
     H   17    sigma_11=     26.57    axis=( -0.504749  0.198520 -0.840130)
     H   17    sigma_22=     21.81    axis=( -0.859733 -0.027642  0.509994)
     H   17    sigma_33=     35.09    axis=(  0.078021  0.979707  0.184627)
 
     Atom 18  H   pos: (  0.460434  0.093432  1.017082)  Total sigma:          27.82
            23.1039         -1.8110          3.4654
             0.7405         34.7428         -1.1079
             0.9645         -2.1007         25.6094

     H   18    anisotropy:     10.90    eta:   -0.6556
     H   18    sigma_11=     26.57    axis=(  0.506262  0.197855  0.839376)
     H   18    sigma_22=     21.80    axis=( -0.858865  0.027884  0.511443)
     H   18    sigma_33=     35.09    axis=(  0.077786 -0.979835  0.184047)
 
     Atom 19  H   pos: (  0.084511  0.811531  0.310740)  Total sigma:          27.82
            23.1030          1.8144          3.4606
            -0.7386         34.7423          1.1072
             0.9603          2.1084         25.6225

     H   19    anisotropy:     10.90    eta:   -0.6554
     H   19    sigma_11=     26.57    axis=( -0.504749  0.198520 -0.840130)
     H   19    sigma_22=     21.81    axis=( -0.859733 -0.027642  0.509994)
     H   19    sigma_33=     35.09    axis=(  0.078021  0.979707  0.184627)
 
     Atom 20  H   pos: (  0.290440  1.716471  0.395783)  Total sigma:          27.82
            23.1039         -1.8110          3.4654
             0.7405         34.7428         -1.1079
             0.9645         -2.1007         25.6094

     H   20    anisotropy:     10.90    eta:   -0.6556
     H   20    sigma_11=     26.57    axis=(  0.506262  0.197855  0.839376)
     H   20    sigma_22=     21.80    axis=( -0.858865  0.027884  0.511443)
     H   20    sigma_33=     35.09    axis=(  0.077786 -0.979835  0.184047)
 
     Atom 21  H   pos: (  0.112156  0.677568  1.063219)  Total sigma:          26.80
            33.4949          1.6600         -2.1144
             6.6230         23.4166          1.6074
             0.7975          0.6344         23.4959

     H   21    anisotropy:     12.27    eta:   -0.3657
     H   21    sigma_11=     24.21    axis=( -0.146652  0.467452  0.871769)
     H   21    sigma_22=     21.22    axis=( -0.302153  0.818009 -0.489455)
     H   21    sigma_33=     34.98    axis=( -0.941911 -0.335187  0.021279)
 
     Atom 22  H   pos: (  0.014549  1.582805  1.056398)  Total sigma:          26.80
            33.4904         -1.6665         -2.1227
            -6.6308         23.4100         -1.6059
             0.7897         -0.6374         23.4866

     H   22    anisotropy:     12.28    eta:   -0.3662
     H   22    sigma_11=     24.20    axis=( -0.146440 -0.467928  0.871550)
     H   22    sigma_22=     21.20    axis=(  0.302615  0.817619  0.489820)
     H   22    sigma_33=     34.98    axis=( -0.941796  0.335473  0.021869)
 
     Atom 23  H   pos: (  0.638718  1.132335  0.349646)  Total sigma:          26.80
            33.4949          1.6600         -2.1144
             6.6230         23.4166          1.6074
             0.7975          0.6344         23.4959

     H   23    anisotropy:     12.27    eta:   -0.3657
     H   23    sigma_11=     24.21    axis=( -0.146652  0.467452  0.871769)
     H   23    sigma_22=     21.22    axis=( -0.302153  0.818009 -0.489455)
     H   23    sigma_33=     34.98    axis=( -0.941911 -0.335187  0.021279)
 
     Atom 24  H   pos: (  0.736325  0.227098  0.356467)  Total sigma:          26.80
            33.4904         -1.6665         -2.1227
            -6.6308         23.4100         -1.6059
             0.7897         -0.6374         23.4866

     H   24    anisotropy:     12.28    eta:   -0.3662
     H   24    sigma_11=     24.20    axis=( -0.146440 -0.467928  0.871550)
     H   24    sigma_22=     21.20    axis=(  0.302615  0.817619  0.489820)
     H   24    sigma_33=     34.98    axis=( -0.941796  0.335473  0.021869)
 
     Atom 25  H   pos: ( -0.100185  0.411295  0.852709)  Total sigma:          27.51
            26.8283          2.9583         -1.1499
            -1.4425         25.7988          4.9373
            -2.9221          5.5904         29.9094

     H   25    anisotropy:      9.34    eta:   -0.9022
     H   25    sigma_11=     27.21    axis=(  0.926354  0.375209 -0.032949)
     H   25    sigma_22=     21.59    axis=( -0.327839  0.760139 -0.560990)
     H   25    sigma_33=     33.74    axis=( -0.185443  0.530478  0.827166)
 
     Atom 26  H   pos: (  0.226918  1.316375  1.266698)  Total sigma:          27.51
            26.8271         -2.9662         -1.1384
             1.4367         25.8029         -4.9380
            -2.9110         -5.5857         29.9116

     H   26    anisotropy:      9.34    eta:   -0.9028
     H   26    sigma_11=     27.21    axis=(  0.926676 -0.374275 -0.034494)
     H   26    sigma_22=     21.59    axis=(  0.327949  0.760301  0.560707)
     H   26    sigma_33=     33.74    axis=( -0.183633 -0.530906  0.827296)
 
     Atom 27  H   pos: (  0.851059  1.398608  0.560156)  Total sigma:          27.51
            26.8283          2.9583         -1.1499
            -1.4425         25.7988          4.9373
            -2.9221          5.5904         29.9094

     H   27    anisotropy:      9.34    eta:   -0.9022
     H   27    sigma_11=     27.21    axis=(  0.926354  0.375209 -0.032949)
     H   27    sigma_22=     21.59    axis=( -0.327839  0.760139 -0.560990)
     H   27    sigma_33=     33.74    axis=( -0.185443  0.530478  0.827166)
 
     Atom 28  H   pos: (  0.523956  0.493528  0.146167)  Total sigma:          27.51
            26.8271         -2.9662         -1.1384
             1.4367         25.8029         -4.9380
            -2.9110         -5.5857         29.9116

     H   28    anisotropy:      9.34    eta:   -0.9028
     H   28    sigma_11=     27.21    axis=(  0.926676 -0.374275 -0.034494)
     H   28    sigma_22=     21.59    axis=(  0.327949  0.760301  0.560707)
     H   28    sigma_33=     33.74    axis=( -0.183633 -0.530906  0.827296)
 
     Initialization:
     gipaw_setup  :      0.24s CPU      0.26s WALL (       1 calls)
 
     Linear response
     greenf       :   1711.50s CPU   1752.05s WALL (     336 calls)
     cgsolve      :   1699.07s CPU   1739.59s WALL (     336 calls)
     ch_psi       :   1672.11s CPU   1712.56s WALL (   14924 calls)
     h_psiq       :   1369.43s CPU   1409.44s WALL (   14924 calls)
 
     Apply operators
     h_psi        :   1426.53s CPU   1475.94s WALL (   25943 calls)
     apply_vel    :     34.63s CPU     34.70s WALL (     294 calls)
 
     Induced current
     j_para       :    148.54s CPU    151.85s WALL (     378 calls)
     biot_savart  :      0.02s CPU      0.03s WALL (       1 calls)
 
     Other routines
 
     General routines
     calbec       :    361.83s CPU    362.71s WALL (   58633 calls)
     fft          :      0.04s CPU      0.05s WALL (      32 calls)
     fftw         :   1174.37s CPU   1222.33s WALL ( 1487450 calls)
     davcio       :      0.06s CPU      0.17s WALL (     224 calls)
 
     Parallel routines
     fft_scatter  :    260.72s CPU    275.91s WALL ( 1487482 calls)
 
     Plugins
 
     GIPAW        :   2393.98s CPU   2460.23s WALL (       1 calls)
