
     Program QE v.6.1 (svn rev. 13369) starts on  7Dec2017 at  0:17:10 

     This program is part of the open-source Quantum ESPRESSO suite
     for quantum simulation of materials; please cite
         "P. Giannozzi et al., J. Phys.:Condens. Matter 21 395502 (2009);
          URL http://www.quantum-espresso.org", 
     in publications or presentations arising from this work. More details at
     http://www.quantum-espresso.org/quote

     Parallel version (MPI), running on     8 processors
     R & G space division:  proc/nbgrp/npool/nimage =       8
 
     ***** This is GIPAW svn revision unknown      *****
 
     Parallelizing q-star over 1 images
     Message from routine gipaw_readin:
     *** iverbosity is obsolete, use verbosity instead ***

     Reading data from directory:
     /scratch/paruzzo/QEspresso/CCDC/ECADIV/wfc/scf.save

   Info: using nr1, nr2, nr3 values from input

   Info: using nr1, nr2, nr3 values from input

     IMPORTANT: XC functional enforced from input :
     Exchange-correlation      =  SLA  PW   PBX  PBC ( 1  4  3  4 0 0)
     Any further DFT definition will be discarded
     Please, verify this is what you really want

               file C.pbe-n-kjpaw_psl.0.1.UPF: wavefunction(s)  2P renormalized
               file N.pbe-n-kjpaw_psl.0.1.UPF: wavefunction(s)  2P renormalized
               file H.pbe-kjpaw_psl.0.1.UPF: wavefunction(s)  1S renormalized
               file O.pbe-n-kjpaw_psl.0.1.UPF: wavefunction(s)  2P renormalized
 
     Parallelization info
     --------------------
     sticks:   dense  smooth     PW     G-vecs:    dense   smooth      PW
     Min         613     613    161                49338    49338    6766
     Max         614     614    162                49341    49341    6771
     Sum        4905    4905   1289               394717   394717   54143
 

     Check: negative/imaginary core charge=   -0.000002    0.000000

     Subspace diagonalization in iterative solution of the eigenvalue problem:
     a serial algorithm will be used

     GIPAW projectors -----------------------------------------------
     atom=  C    l=0  rc=    1.3000  rs=    0.8667
     atom=  C    l=0  rc=    1.3000  rs=    0.8667
     atom=  C    l=1  rc=    1.4500  rs=    0.9667
     atom=  C    l=1  rc=    1.4500  rs=    0.9667
     projs nearly linearly dependent: l=0  n1,n2= 1, 2  s=  0.99877758
     projs nearly linearly dependent: l=1  n1,n2= 1, 2  s=  0.99940894
 
     atom=  N    l=0  rc=    1.3000  rs=    0.8667
     atom=  N    l=0  rc=    1.3000  rs=    0.8667
     atom=  N    l=1  rc=    1.4500  rs=    0.9667
     atom=  N    l=1  rc=    1.4500  rs=    0.9667
     projs nearly linearly dependent: l=0  n1,n2= 1, 2  s=  0.99709514
     projs nearly linearly dependent: l=1  n1,n2= 1, 2  s=  0.99857174
 
     atom=  H    l=0  rc=    1.0000  rs=    0.6667
     atom=  H    l=0  rc=    1.0000  rs=    0.6667
     projs nearly linearly dependent: l=0  n1,n2= 1, 2  s=  0.99968852
 
     atom=  O    l=0  rc=    1.3500  rs=    0.9000
     atom=  O    l=0  rc=    1.3500  rs=    0.9000
     atom=  O    l=1  rc=    1.3500  rs=    0.9000
     atom=  O    l=1  rc=    1.3500  rs=    0.9000
     projs nearly linearly dependent: l=0  n1,n2= 1, 2  s=  0.99100135
     projs nearly linearly dependent: l=1  n1,n2= 1, 2  s=  0.99790100
     -----------------------------------------------------------------
 
     alpha_pv=     50.7784 eV
 
     q-space interpolation up to   110.00 Rydberg
 
     GIPAW job: nmr                                                                             
     NMR macroscopic correction: yes
             0.6667          0.0000          0.0000
             0.0000          0.6667          0.0000
             0.0000          0.0000          0.6667

 
     Largest allocated arrays     est. size (Mb)     dimensions
        KS wavefunctions at k           7.48 Mb     (    6203,   79)
        KS wavefunctions at k+q         7.48 Mb     (    6203,   79)
        First-order wavefunctions      74.77 Mb     (    6203,   79, 10)
        First-order wavefunct (US)     44.86 Mb     (    6203,   79,  6)
        Charge/spin density             0.79 Mb     (  103680,    1)
        Induced current                 7.12 Mb     (  103680,    3,3,1)
        Induced magnetic field          7.12 Mb     (  103680,    3,3,1)
        NL pseudopotentials            21.58 Mb     (    6203,  228)
        GIPAW NL terms                 21.58 Mb     (    6203,  228)
 
     Computing the magnetic susceptibility     isolve=0    ethr=  0.1000E-13
     k-point #    1 of    10      pool #  1    cpu time:       8.7
     Rotating WFCS
     c_bands:  1 eigenvalues not converged
     Rotating WFCS
     c_bands:  2 eigenvalues not converged
     Rotating WFCS
     c_bands:  2 eigenvalues not converged
     Rotating WFCS
     c_bands:  2 eigenvalues not converged
     Rotating WFCS
     c_bands:  1 eigenvalues not converged
     Rotating WFCS
     c_bands:  1 eigenvalues not converged
     Rotating WFCS
     c_bands:  1 eigenvalues not converged
     k-point #    2 of    10      pool #  1    cpu time:     793.2
     Rotating WFCS
     c_bands:  1 eigenvalues not converged
     Rotating WFCS
     c_bands:  1 eigenvalues not converged
     Rotating WFCS
     c_bands:  1 eigenvalues not converged
     Rotating WFCS
     c_bands:  1 eigenvalues not converged
     Rotating WFCS
     c_bands:  1 eigenvalues not converged
     Rotating WFCS
     c_bands:  1 eigenvalues not converged
     Rotating WFCS
     c_bands:  1 eigenvalues not converged
     k-point #    3 of    10      pool #  1    cpu time:    1565.5
     Rotating WFCS
     Rotating WFCS
     c_bands:  1 eigenvalues not converged
     Rotating WFCS
     c_bands:  1 eigenvalues not converged
     Rotating WFCS
     Rotating WFCS
     Rotating WFCS
     Rotating WFCS
     c_bands:  1 eigenvalues not converged
     k-point #    4 of    10      pool #  1    cpu time:    2354.2
     Rotating WFCS
     c_bands:  1 eigenvalues not converged
     Rotating WFCS
     c_bands:  1 eigenvalues not converged
     Rotating WFCS
     c_bands:  2 eigenvalues not converged
     Rotating WFCS
     c_bands:  1 eigenvalues not converged
     Rotating WFCS
     c_bands:  1 eigenvalues not converged
     Rotating WFCS
     c_bands:  1 eigenvalues not converged
     Rotating WFCS
     c_bands:  1 eigenvalues not converged
     k-point #    5 of    10      pool #  1    cpu time:    3158.3
     Rotating WFCS
     c_bands:  1 eigenvalues not converged
     Rotating WFCS
     c_bands:  1 eigenvalues not converged
     Rotating WFCS
     c_bands:  1 eigenvalues not converged
     Rotating WFCS
     Rotating WFCS
     c_bands:  1 eigenvalues not converged
     Rotating WFCS
     c_bands:  1 eigenvalues not converged
     Rotating WFCS
     c_bands:  1 eigenvalues not converged
     k-point #    6 of    10      pool #  1    cpu time:    3944.4
     Rotating WFCS
     c_bands:  1 eigenvalues not converged
     Rotating WFCS
     c_bands:  1 eigenvalues not converged
     Rotating WFCS
     c_bands:  1 eigenvalues not converged
     Rotating WFCS
     c_bands:  1 eigenvalues not converged
     Rotating WFCS
     c_bands:  1 eigenvalues not converged
     Rotating WFCS
     c_bands:  1 eigenvalues not converged
     Rotating WFCS
     c_bands:  1 eigenvalues not converged
     k-point #    7 of    10      pool #  1    cpu time:    4737.7
     Rotating WFCS
     c_bands:  1 eigenvalues not converged
     Rotating WFCS
     c_bands:  1 eigenvalues not converged
     Rotating WFCS
     c_bands:  1 eigenvalues not converged
     Rotating WFCS
     c_bands:  1 eigenvalues not converged
     Rotating WFCS
     c_bands:  1 eigenvalues not converged
     Rotating WFCS
     Rotating WFCS
     c_bands:  1 eigenvalues not converged
     k-point #    8 of    10      pool #  1    cpu time:    5533.7
     Rotating WFCS
     c_bands:  1 eigenvalues not converged
     Rotating WFCS
     c_bands:  1 eigenvalues not converged
     Rotating WFCS
     c_bands:  1 eigenvalues not converged
     Rotating WFCS
     Rotating WFCS
     c_bands:  1 eigenvalues not converged
     Rotating WFCS
     c_bands:  1 eigenvalues not converged
     Rotating WFCS
     c_bands:  1 eigenvalues not converged
     k-point #    9 of    10      pool #  1    cpu time:    6332.3
     Rotating WFCS
     c_bands:  1 eigenvalues not converged
     Rotating WFCS
     Rotating WFCS
     Rotating WFCS
     Rotating WFCS
     Rotating WFCS
     c_bands:  1 eigenvalues not converged
     Rotating WFCS
     k-point #   10 of    10      pool #  1    cpu time:    7124.6
     Rotating WFCS
     c_bands:  1 eigenvalues not converged
     Rotating WFCS
     Rotating WFCS
     c_bands:  1 eigenvalues not converged
     Rotating WFCS
     Rotating WFCS
     Rotating WFCS
     Rotating WFCS
     End of magnetic susceptibility calculation
 
     f-sum rule (1st term):
          -126.5063          0.0039         -0.0330
             0.0039       -126.5197          0.0019
            -0.0322          0.0021       -126.4229

     f-sum rule (2nd term):
            -2.0945         -0.0039          0.0330
            -0.0038         -2.0811         -0.0020
             0.0322         -0.0021         -2.1778

     f-sum rule (should be  -128.6003):
          -128.6009          0.0000         -0.0001
             0.0000       -128.6008         -0.0000
            -0.0000         -0.0000       -128.6007

     chi_bare pGv (HH) in paratec units:
       -38.113807     -0.177539     -0.171077
        -0.072488    -38.100744      0.375723
        -0.408455      0.181211    -42.000865

       -38.113807     -0.177539     -0.171077
        -0.072488    -38.100744      0.375723
        -0.408455      0.181211    -42.000865

     chi_bare vGv (VV) in paratec units:
       -37.910800     -0.391022      0.320016
        -0.374800    -37.931063      0.885661
         0.320084      0.885730    -43.208003

       -37.910800     -0.391022      0.320016
        -0.374800    -37.931063      0.885661
         0.320084      0.885730    -43.208003

     chi_bare pGv (HH) in 10^{-6} cm^3/mol:
          -181.1204         -0.8437         -0.8130
            -0.3445       -181.0583          1.7855
            -1.9410          0.8611       -199.5921

     chi_bare vGv (VV) in 10^{-6} cm^3/mol:
          -180.1557         -1.8582          1.5207
            -1.7811       -180.2520          4.2087
             1.5211          4.2091       -205.3285

     Contributions to the NMR chemical shifts: -------------------------------
 
     Macroscopic shape contribution in ppm:                    6.02
             5.8198          0.0000          0.0000
             0.0000          5.8178          0.0000
             0.0000          0.0000          6.4133

 
     Core contribution in ppm:
 
     Atom  1  N   pos: (  0.733581  1.092259  0.251641)  core sigma:         235.78
     Atom  2  N   pos: (  0.653021  0.379249  1.306687)  core sigma:         235.78
     Atom  3  N   pos: (  0.378697  0.333713  0.190453)  core sigma:         235.78
     Atom  4  N   pos: (  1.007905  1.137795  1.367875)  core sigma:         235.78
     Atom  5  C   pos: (  0.559271  0.254464  0.246362)  core sigma:         200.51
     Atom  6  C   pos: (  0.827331  1.217044  1.311966)  core sigma:         200.51
     Atom  7  C   pos: (  0.731033  0.397214  0.312340)  core sigma:         200.51
     Atom  8  C   pos: (  0.655569  1.074294  1.245987)  core sigma:         200.51
     Atom  9  H   pos: (  0.693470  0.556091  0.265277)  core sigma:           0.00
     Atom 10  H   pos: (  0.693132  0.915417  1.293050)  core sigma:           0.00
     Atom 11  H   pos: (  0.874512  0.351450  0.232694)  core sigma:           0.00
     Atom 12  H   pos: (  0.512090  1.120059  1.325634)  core sigma:           0.00
     Atom 13  C   pos: (  0.765910  0.389456  0.548631)  core sigma:         200.51
     Atom 14  C   pos: (  0.620692  1.082052  1.009696)  core sigma:         200.51
     Atom 15  H   pos: (  0.621235  0.436398  0.628603)  core sigma:           0.00
     Atom 16  H   pos: (  0.765367  1.035110  0.929724)  core sigma:           0.00
     Atom 17  H   pos: (  0.799285  0.228212  0.596460)  core sigma:           0.00
     Atom 18  H   pos: (  0.587317  1.243296  0.961868)  core sigma:           0.00
     Atom 19  C   pos: (  0.943545  0.530033  0.618224)  core sigma:         200.51
     Atom 20  C   pos: (  0.443057  0.941475  0.940104)  core sigma:         200.51
     Atom 21  H   pos: (  1.087901  0.481539  0.538894)  core sigma:           0.00
     Atom 22  H   pos: (  0.298701  0.989970  1.019434)  core sigma:           0.00
     Atom 23  H   pos: (  0.912136  0.690546  0.566170)  core sigma:           0.00
     Atom 24  H   pos: (  0.474466  0.780962  0.992158)  core sigma:           0.00
     Atom 25  C   pos: (  0.974490  0.525393  0.853305)  core sigma:         200.51
     Atom 26  C   pos: (  0.412112  0.946116  0.705023)  core sigma:         200.51
     Atom 27  H   pos: (  0.833838  0.577885  0.934640)  core sigma:           0.00
     Atom 28  H   pos: (  0.552764  0.893624  0.623688)  core sigma:           0.00
     Atom 29  H   pos: (  1.103342  0.626126  0.902116)  core sigma:           0.00
     Atom 30  H   pos: (  0.283260  0.845383  0.656211)  core sigma:           0.00
     Atom 31  H   pos: (  1.009198  0.367345  0.907844)  core sigma:           0.00
     Atom 32  H   pos: (  0.377404  1.104163  0.650483)  core sigma:           0.00
     Atom 33  N   pos: (  1.159387  0.612658  1.364956)  core sigma:         235.78
     Atom 34  N   pos: (  0.227215  0.858850  0.193371)  core sigma:         235.78
     Atom 35  O   pos: (  1.192230  0.427241  1.310305)  core sigma:         271.07
     Atom 36  O   pos: (  0.194372  1.044267  0.248022)  core sigma:         271.07
     Atom 37  O   pos: (  0.973573  0.681479  1.370751)  core sigma:         271.07
     Atom 38  O   pos: (  0.413029  0.790030  0.187577)  core sigma:         271.07
     Atom 39  O   pos: (  0.306781  0.730557  1.412073)  core sigma:         271.07
     Atom 40  O   pos: (  1.079821  0.740952  0.146254)  core sigma:         271.07
     Atom 41  H   pos: (  0.881605  1.039351  0.273123)  core sigma:           0.00
     Atom 42  H   pos: (  0.504997  0.432158  1.285204)  core sigma:           0.00
     Atom 43  H   pos: (  0.614831  0.988749  0.220605)  core sigma:           0.00
     Atom 44  H   pos: (  0.771771  0.482759  1.337722)  core sigma:           0.00
     Atom 45  H   pos: (  0.361663  0.491856  0.182946)  core sigma:           0.00
     Atom 46  H   pos: (  1.024939  0.979653  1.375381)  core sigma:           0.00
     Atom 47  H   pos: (  0.257938  0.239755  0.148350)  core sigma:           0.00
     Atom 48  H   pos: (  1.128664  1.231753  1.409978)  core sigma:           0.00
 
     Bare contribution in ppm:
 
     Atom  1  N   pos: (  0.733581  1.092259  0.251641)  bare sigma:          14.42
           -11.6669         -2.1566        -12.6025
             0.7366         25.6512          1.0423
           -16.1110          0.3741         29.2741

     Atom  2  N   pos: (  0.653021  0.379249  1.306687)  bare sigma:          14.42
           -11.6669         -2.1566        -12.6025
             0.7366         25.6512          1.0423
           -16.1110          0.3741         29.2741

     Atom  3  N   pos: (  0.378697  0.333713  0.190453)  bare sigma:          12.25
            24.1170         -7.9896         -1.0100
            -9.8218        -14.4742         -5.1508
            -4.3625         -2.1294         27.1011

     Atom  4  N   pos: (  1.007905  1.137795  1.367875)  bare sigma:          12.25
            24.1170         -7.9896         -1.0100
            -9.8218        -14.4742         -5.1508
            -4.3625         -2.1294         27.1011

     Atom  5  C   pos: (  0.559271  0.254464  0.246362)  bare sigma:         -73.61
           -94.7645         -0.2964        -23.8615
            -1.0757        -99.6519         -2.1498
           -19.9215         -2.1320        -26.4254

     Atom  6  C   pos: (  0.827331  1.217044  1.311966)  bare sigma:         -73.61
           -94.7645         -0.2964        -23.8615
            -1.0757        -99.6519         -2.1498
           -19.9215         -2.1320        -26.4254

     Atom  7  C   pos: (  0.731033  0.397214  0.312340)  bare sigma:          -2.72
            -3.8701          9.6565          2.9599
             8.7127         -3.9395          0.8447
             6.5327          3.5263         -0.3591

     Atom  8  C   pos: (  0.655569  1.074294  1.245987)  bare sigma:          -2.72
            -3.8701          9.6565          2.9599
             8.7127         -3.9395          0.8447
             6.5327          3.5263         -0.3591

     Atom  9  H   pos: (  0.693470  0.556091  0.265277)  bare sigma:          21.22
            20.2988         -0.1327          2.5041
            -1.6132         24.3283         -2.5803
             2.1270         -2.8650         19.0345

     Atom 10  H   pos: (  0.693132  0.915417  1.293050)  bare sigma:          21.22
            20.2988         -0.1327          2.5041
            -1.6132         24.3283         -2.5803
             2.1270         -2.8650         19.0345

     Atom 11  H   pos: (  0.874512  0.351450  0.232694)  bare sigma:          21.01
            22.7120         -0.8557         -2.5149
            -0.0362         19.7935          1.8023
            -3.4271          1.8181         20.5130

     Atom 12  H   pos: (  0.512090  1.120059  1.325634)  bare sigma:          21.01
            22.7120         -0.8557         -2.5149
            -0.0362         19.7935          1.8023
            -3.4271          1.8181         20.5130

     Atom 13  C   pos: (  0.765910  0.389456  0.548631)  bare sigma:          -4.55
            -8.0623          6.9415          7.4380
             8.2709         -7.8349          4.3746
             6.7335          2.8416          2.2351

     Atom 14  C   pos: (  0.620692  1.082052  1.009696)  bare sigma:          -4.55
            -8.0623          6.9415          7.4380
             8.2709         -7.8349          4.3746
             6.7335          2.8416          2.2351

     Atom 15  H   pos: (  0.621235  0.436398  0.628603)  bare sigma:          22.63
            24.5017         -0.7289         -1.3845
            -0.3577         20.3323          0.6419
            -1.2296          1.5189         23.0468

     Atom 16  H   pos: (  0.765367  1.035110  0.929724)  bare sigma:          22.63
            24.5017         -0.7289         -1.3845
            -0.3577         20.3323          0.6419
            -1.2296          1.5189         23.0468

     Atom 17  H   pos: (  0.799285  0.228212  0.596460)  bare sigma:          22.48
            20.0949          0.2130          0.9028
             0.0996         25.4383         -0.2729
             1.7119         -0.8098         21.8943

     Atom 18  H   pos: (  0.587317  1.243296  0.961868)  bare sigma:          22.48
            20.0949          0.2130          0.9028
             0.0996         25.4383         -0.2729
             1.7119         -0.8098         21.8943

     Atom 19  C   pos: (  0.943545  0.530033  0.618224)  bare sigma:           0.08
            -0.3518          5.0007          5.4028
             5.4945         -2.7609          3.2336
             3.0441          1.1001          3.3471

     Atom 20  C   pos: (  0.443057  0.941475  0.940104)  bare sigma:           0.08
            -0.3518          5.0007          5.4028
             5.4945         -2.7609          3.2336
             3.0441          1.1001          3.3471

     Atom 21  H   pos: (  1.087901  0.481539  0.538894)  bare sigma:          22.49
            25.5079         -0.5501         -2.6077
            -0.2874         19.2875          0.9156
            -2.8545          1.4488         22.6849

     Atom 22  H   pos: (  0.298701  0.989970  1.019434)  bare sigma:          22.49
            25.5079         -0.5501         -2.6077
            -0.2874         19.2875          0.9156
            -2.8545          1.4488         22.6849

     Atom 23  H   pos: (  0.912136  0.690546  0.566170)  bare sigma:          22.70
            19.8732          0.4010          0.6461
             0.1643         26.1094         -1.9150
             1.0795         -2.1767         22.1033

     Atom 24  H   pos: (  0.474466  0.780962  0.992158)  bare sigma:          22.70
            19.8732          0.4010          0.6461
             0.1643         26.1094         -1.9150
             1.0795         -2.1767         22.1033

     Atom 25  C   pos: (  0.974490  0.525393  0.853305)  bare sigma:           7.40
             2.0870          2.1718          2.5537
             1.8856          0.9340         -0.6168
             5.3436          1.7117         19.1859

     Atom 26  C   pos: (  0.412112  0.946116  0.705023)  bare sigma:           7.40
             2.0870          2.1718          2.5537
             1.8856          0.9340         -0.6168
             5.3436          1.7117         19.1859

     Atom 27  H   pos: (  0.833838  0.577885  0.934640)  bare sigma:          23.15
            22.9844         -2.2325         -2.6331
            -1.8242         21.0405          1.2470
            -3.2190          1.6480         25.4133

     Atom 28  H   pos: (  0.552764  0.893624  0.623688)  bare sigma:          23.15
            22.9844         -2.2325         -2.6331
            -1.8242         21.0405          1.2470
            -3.2190          1.6480         25.4133

     Atom 29  H   pos: (  1.103342  0.626126  0.902116)  bare sigma:          22.74
            23.6146          4.6008          2.3054
             4.5234         21.3247          1.1413
             3.5772          2.2339         23.2822

     Atom 30  H   pos: (  0.283260  0.845383  0.656211)  bare sigma:          22.74
            23.6146          4.6008          2.3054
             4.5234         21.3247          1.1413
             3.5772          2.2339         23.2822

     Atom 31  H   pos: (  1.009198  0.367345  0.907844)  bare sigma:          23.19
            20.8072         -2.1159          1.4148
            -2.2827         24.5830         -2.5333
             1.6372         -3.0532         24.1866

     Atom 32  H   pos: (  0.377404  1.104163  0.650483)  bare sigma:          23.19
            20.8072         -2.1159          1.4148
            -2.2827         24.5830         -2.5333
             1.6372         -3.0532         24.1866

     Atom 33  N   pos: (  1.159387  0.612658  1.364956)  bare sigma:         -75.85
           -94.8445          5.1553         -3.0275
             5.5064        -86.9521        -13.7226
            -0.4546        -11.5542        -45.7535

     Atom 34  N   pos: (  0.227215  0.858850  0.193371)  bare sigma:         -75.85
           -94.8445          5.1553         -3.0275
             5.5064        -86.9521        -13.7226
            -0.4546        -11.5542        -45.7535

     Atom 35  O   pos: (  1.192230  0.427241  1.310305)  bare sigma:         -49.29
           -96.7445         -0.2003         -5.0909
           -10.3144        -46.9707        -14.4713
            -8.9166        -16.1767         -4.1676

     Atom 36  O   pos: (  0.194372  1.044267  0.248022)  bare sigma:         -49.29
           -96.7445         -0.2003         -5.0909
           -10.3144        -46.9707        -14.4713
            -8.9166        -16.1767         -4.1676

     Atom 37  O   pos: (  0.973573  0.681479  1.370751)  bare sigma:         -46.77
           -43.1534        -20.1012         -8.2423
           -15.4394        -84.0939        -24.5426
            -9.3043        -22.8267        -13.0484

     Atom 38  O   pos: (  0.413029  0.790030  0.187577)  bare sigma:         -46.77
           -43.1534        -20.1012         -8.2423
           -15.4394        -84.0939        -24.5426
            -9.3043        -22.8267        -13.0484

     Atom 39  O   pos: (  0.306781  0.730557  1.412073)  bare sigma:         -55.77
           -81.2712         15.0766         -1.9915
            19.9249        -81.1460        -25.1403
            -2.7770        -26.1975         -4.8834

     Atom 40  O   pos: (  1.079821  0.740952  0.146254)  bare sigma:         -55.77
           -81.2712         15.0766         -1.9915
            19.9249        -81.1460        -25.1403
            -2.7770        -26.1975         -4.8834

     Atom 41  H   pos: (  0.881605  1.039351  0.273123)  bare sigma:          15.50
            21.6447         -4.9060          0.7562
            -4.9813         15.9461          0.3238
            -0.8139         -0.4006          8.9055

     Atom 42  H   pos: (  0.504997  0.432158  1.285204)  bare sigma:          15.50
            21.6447         -4.9060          0.7562
            -4.9813         15.9461          0.3238
            -0.8139         -0.4006          8.9055

     Atom 43  H   pos: (  0.614831  0.988749  0.220605)  bare sigma:          13.55
            15.7514          7.9508          1.7703
             9.6804         17.6435          2.6689
             0.6313          2.3856          7.2600

     Atom 44  H   pos: (  0.771771  0.482759  1.337722)  bare sigma:          13.55
            15.7514          7.9508          1.7703
             9.6804         17.6435          2.6689
             0.6313          2.3856          7.2600

     Atom 45  H   pos: (  0.361663  0.491856  0.182946)  bare sigma:          14.66
            12.3122         -3.2749          1.1497
            -3.9090         23.8981         -1.2289
             0.9827         -1.8397          7.7725

     Atom 46  H   pos: (  1.024939  0.979653  1.375381)  bare sigma:          14.66
            12.3122         -3.2749          1.1497
            -3.9090         23.8981         -1.2289
             0.9827         -1.8397          7.7725

     Atom 47  H   pos: (  0.257938  0.239755  0.148350)  bare sigma:          15.79
            21.6116          5.4596          3.5956
             4.0650         14.3143          1.1774
             4.1223          0.2933         11.4399

     Atom 48  H   pos: (  1.128664  1.231753  1.409978)  bare sigma:          15.79
            21.6116          5.4596          3.5956
             4.0650         14.3143          1.1774
             4.1223          0.2933         11.4399

     Diamagnetic contribution in ppm:
 
     Atom  1  N   pos: (  0.733581  1.092259  0.251641)  dia sigma:          10.23
            10.3188         -0.0343          0.0734
            -0.0343         10.4678          0.0158
             0.0734          0.0158          9.9001

     Atom  2  N   pos: (  0.653021  0.379249  1.306687)  dia sigma:          10.23
            10.3188         -0.0343          0.0734
            -0.0343         10.4678          0.0158
             0.0734          0.0158          9.9001

     Atom  3  N   pos: (  0.378697  0.333713  0.190453)  dia sigma:          10.20
            10.3646         -0.0381          0.1709
            -0.0381         10.3095         -0.0187
             0.1709         -0.0187          9.9370

     Atom  4  N   pos: (  1.007905  1.137795  1.367875)  dia sigma:          10.20
            10.3646         -0.0381          0.1709
            -0.0381         10.3095         -0.0187
             0.1709         -0.0187          9.9370

     Atom  5  C   pos: (  0.559271  0.254464  0.246362)  dia sigma:           4.09
             3.9946         -0.0416         -0.1052
            -0.0416          3.9834         -0.0252
            -0.1052         -0.0252          4.2791

     Atom  6  C   pos: (  0.827331  1.217044  1.311966)  dia sigma:           4.09
             3.9946         -0.0416         -0.1052
            -0.0416          3.9834         -0.0252
            -0.1052         -0.0252          4.2791

     Atom  7  C   pos: (  0.731033  0.397214  0.312340)  dia sigma:           4.39
             4.3886          0.0685          0.0307
             0.0685          4.3705          0.0200
             0.0307          0.0200          4.4042

     Atom  8  C   pos: (  0.655569  1.074294  1.245987)  dia sigma:           4.39
             4.3886          0.0685          0.0307
             0.0685          4.3705          0.0200
             0.0307          0.0200          4.4042

     Atom  9  H   pos: (  0.693470  0.556091  0.265277)  dia sigma:           1.14
             1.1420         -0.0000         -0.0000
            -0.0000          1.1420          0.0000
            -0.0000          0.0000          1.1420

     Atom 10  H   pos: (  0.693132  0.915417  1.293050)  dia sigma:           1.14
             1.1420         -0.0000         -0.0000
            -0.0000          1.1420          0.0000
            -0.0000          0.0000          1.1420

     Atom 11  H   pos: (  0.874512  0.351450  0.232694)  dia sigma:           1.13
             1.1293         -0.0000         -0.0000
            -0.0000          1.1293          0.0000
            -0.0000          0.0000          1.1293

     Atom 12  H   pos: (  0.512090  1.120059  1.325634)  dia sigma:           1.13
             1.1293         -0.0000         -0.0000
            -0.0000          1.1293          0.0000
            -0.0000          0.0000          1.1293

     Atom 13  C   pos: (  0.765910  0.389456  0.548631)  dia sigma:           4.29
             4.2702          0.0153          0.0156
             0.0153          4.2555         -0.0009
             0.0156         -0.0009          4.3412

     Atom 14  C   pos: (  0.620692  1.082052  1.009696)  dia sigma:           4.29
             4.2702          0.0153          0.0156
             0.0153          4.2555         -0.0009
             0.0156         -0.0009          4.3412

     Atom 15  H   pos: (  0.621235  0.436398  0.628603)  dia sigma:           1.14
             1.1412         -0.0000         -0.0000
            -0.0000          1.1412          0.0000
            -0.0000          0.0000          1.1412

     Atom 16  H   pos: (  0.765367  1.035110  0.929724)  dia sigma:           1.14
             1.1412         -0.0000         -0.0000
            -0.0000          1.1412          0.0000
            -0.0000          0.0000          1.1412

     Atom 17  H   pos: (  0.799285  0.228212  0.596460)  dia sigma:           1.14
             1.1428         -0.0000         -0.0000
            -0.0000          1.1428          0.0000
            -0.0000          0.0000          1.1428

     Atom 18  H   pos: (  0.587317  1.243296  0.961868)  dia sigma:           1.14
             1.1428         -0.0000         -0.0000
            -0.0000          1.1428          0.0000
            -0.0000          0.0000          1.1428

     Atom 19  C   pos: (  0.943545  0.530033  0.618224)  dia sigma:           4.31
             4.3107          0.0262          0.0157
             0.0262          4.3006          0.0053
             0.0157          0.0053          4.3213

     Atom 20  C   pos: (  0.443057  0.941475  0.940104)  dia sigma:           4.31
             4.3107          0.0262          0.0157
             0.0262          4.3006          0.0053
             0.0157          0.0053          4.3213

     Atom 21  H   pos: (  1.087901  0.481539  0.538894)  dia sigma:           1.14
             1.1417         -0.0000         -0.0000
            -0.0000          1.1417          0.0000
            -0.0000          0.0000          1.1417

     Atom 22  H   pos: (  0.298701  0.989970  1.019434)  dia sigma:           1.14
             1.1417         -0.0000         -0.0000
            -0.0000          1.1417          0.0000
            -0.0000          0.0000          1.1417

     Atom 23  H   pos: (  0.912136  0.690546  0.566170)  dia sigma:           1.14
             1.1445         -0.0000         -0.0000
            -0.0000          1.1445          0.0000
            -0.0000          0.0000          1.1445

     Atom 24  H   pos: (  0.474466  0.780962  0.992158)  dia sigma:           1.14
             1.1445         -0.0000         -0.0000
            -0.0000          1.1445          0.0000
            -0.0000          0.0000          1.1445

     Atom 25  C   pos: (  0.974490  0.525393  0.853305)  dia sigma:           4.38
             4.3590          0.0007          0.0044
             0.0007          4.3582         -0.0017
             0.0044         -0.0017          4.4117

     Atom 26  C   pos: (  0.412112  0.946116  0.705023)  dia sigma:           4.38
             4.3590          0.0007          0.0044
             0.0007          4.3582         -0.0017
             0.0044         -0.0017          4.4117

     Atom 27  H   pos: (  0.833838  0.577885  0.934640)  dia sigma:           1.14
             1.1404         -0.0000         -0.0000
            -0.0000          1.1404          0.0000
            -0.0000          0.0000          1.1404

     Atom 28  H   pos: (  0.552764  0.893624  0.623688)  dia sigma:           1.14
             1.1404         -0.0000         -0.0000
            -0.0000          1.1404          0.0000
            -0.0000          0.0000          1.1404

     Atom 29  H   pos: (  1.103342  0.626126  0.902116)  dia sigma:           1.14
             1.1397         -0.0000         -0.0000
            -0.0000          1.1397          0.0000
            -0.0000          0.0000          1.1397

     Atom 30  H   pos: (  0.283260  0.845383  0.656211)  dia sigma:           1.14
             1.1397         -0.0000         -0.0000
            -0.0000          1.1397          0.0000
            -0.0000          0.0000          1.1397

     Atom 31  H   pos: (  1.009198  0.367345  0.907844)  dia sigma:           1.14
             1.1385         -0.0000         -0.0000
            -0.0000          1.1385          0.0000
            -0.0000          0.0000          1.1385

     Atom 32  H   pos: (  0.377404  1.104163  0.650483)  dia sigma:           1.14
             1.1385         -0.0000         -0.0000
            -0.0000          1.1385          0.0000
            -0.0000          0.0000          1.1385

     Atom 33  N   pos: (  1.159387  0.612658  1.364956)  dia sigma:           8.48
             8.5072         -0.0214         -0.0033
            -0.0214          8.4897          0.0140
            -0.0033          0.0140          8.4457

     Atom 34  N   pos: (  0.227215  0.858850  0.193371)  dia sigma:           8.48
             8.5072         -0.0214         -0.0033
            -0.0214          8.4897          0.0140
            -0.0033          0.0140          8.4457

     Atom 35  O   pos: (  1.192230  0.427241  1.310305)  dia sigma:          17.11
            16.1199         -0.3470         -0.2126
            -0.3470         18.1303          0.3139
            -0.2126          0.3139         17.0914

     Atom 36  O   pos: (  0.194372  1.044267  0.248022)  dia sigma:          17.11
            16.1199         -0.3470         -0.2126
            -0.3470         18.1303          0.3139
            -0.2126          0.3139         17.0914

     Atom 37  O   pos: (  0.973573  0.681479  1.370751)  dia sigma:          17.13
            18.0657         -0.6986         -0.1255
            -0.6986         16.4775         -0.2332
            -0.1255         -0.2332         16.8551

     Atom 38  O   pos: (  0.413029  0.790030  0.187577)  dia sigma:          17.13
            18.0657         -0.6986         -0.1255
            -0.6986         16.4775         -0.2332
            -0.1255         -0.2332         16.8551

     Atom 39  O   pos: (  0.306781  0.730557  1.412073)  dia sigma:          17.05
            17.2430          1.0711          0.3471
             1.0711         16.8387          0.0267
             0.3471          0.0267         17.0733

     Atom 40  O   pos: (  1.079821  0.740952  0.146254)  dia sigma:          17.05
            17.2430          1.0711          0.3471
             1.0711         16.8387          0.0267
             0.3471          0.0267         17.0733

     Atom 41  H   pos: (  0.881605  1.039351  0.273123)  dia sigma:           1.05
             1.0480         -0.0000         -0.0000
            -0.0000          1.0480          0.0000
            -0.0000          0.0000          1.0480

     Atom 42  H   pos: (  0.504997  0.432158  1.285204)  dia sigma:           1.05
             1.0480         -0.0000         -0.0000
            -0.0000          1.0480          0.0000
            -0.0000          0.0000          1.0480

     Atom 43  H   pos: (  0.614831  0.988749  0.220605)  dia sigma:           1.02
             1.0166         -0.0000         -0.0000
            -0.0000          1.0166          0.0000
            -0.0000          0.0000          1.0166

     Atom 44  H   pos: (  0.771771  0.482759  1.337722)  dia sigma:           1.02
             1.0166         -0.0000         -0.0000
            -0.0000          1.0166          0.0000
            -0.0000          0.0000          1.0166

     Atom 45  H   pos: (  0.361663  0.491856  0.182946)  dia sigma:           1.03
             1.0342         -0.0000         -0.0000
            -0.0000          1.0342          0.0000
            -0.0000          0.0000          1.0342

     Atom 46  H   pos: (  1.024939  0.979653  1.375381)  dia sigma:           1.03
             1.0342         -0.0000         -0.0000
            -0.0000          1.0342          0.0000
            -0.0000          0.0000          1.0342

     Atom 47  H   pos: (  0.257938  0.239755  0.148350)  dia sigma:           1.05
             1.0525         -0.0000         -0.0000
            -0.0000          1.0525          0.0000
            -0.0000          0.0000          1.0525

     Atom 48  H   pos: (  1.128664  1.231753  1.409978)  dia sigma:           1.05
             1.0525         -0.0000         -0.0000
            -0.0000          1.0525          0.0000
            -0.0000          0.0000          1.0525

     Paramagnetic contribution in ppm:
 
     Atom  1  N   pos: (  0.733581  1.092259  0.251641)  para sigma:         -83.31
          -129.4232         -3.2706        -22.5448
             2.4482        -62.3684          0.9054
           -28.0324          0.5886        -58.1267

     Atom  2  N   pos: (  0.653021  0.379249  1.306687)  para sigma:         -83.31
          -129.4232         -3.2706        -22.5448
             2.4482        -62.3684          0.9054
           -28.0324          0.5886        -58.1267

     Atom  3  N   pos: (  0.378697  0.333713  0.190453)  para sigma:         -86.50
           -63.9694        -12.2475         -1.3031
           -16.2720       -135.7278         -9.2889
            -8.1362         -2.6810        -59.8146

     Atom  4  N   pos: (  1.007905  1.137795  1.367875)  para sigma:         -86.50
           -63.9694        -12.2475         -1.3031
           -16.2720       -135.7278         -9.2889
            -8.1362         -2.6810        -59.8146

     Atom  5  C   pos: (  0.559271  0.254464  0.246362)  para sigma:        -124.60
          -147.9391          3.0587        -27.2700
             1.7239       -155.4550         -2.4046
           -24.3347         -2.2091        -70.4122

     Atom  6  C   pos: (  0.827331  1.217044  1.311966)  para sigma:        -124.60
          -147.9391          3.0587        -27.2700
             1.7239       -155.4550         -2.4046
           -24.3347         -2.2091        -70.4122

     Atom  7  C   pos: (  0.731033  0.397214  0.312340)  para sigma:         -58.26
           -58.4265          8.2774          0.1346
             7.2479        -58.3446         -0.3835
             4.0204          2.7196        -58.0030

     Atom  8  C   pos: (  0.655569  1.074294  1.245987)  para sigma:         -58.26
           -58.4265          8.2774          0.1346
             7.2479        -58.3446         -0.3835
             4.0204          2.7196        -58.0030

     Atom  9  H   pos: (  0.693470  0.556091  0.265277)  para sigma:           0.00
             0.0000          0.0000          0.0000
             0.0000          0.0000          0.0000
             0.0000          0.0000          0.0000

     Atom 10  H   pos: (  0.693132  0.915417  1.293050)  para sigma:           0.00
             0.0000          0.0000          0.0000
             0.0000          0.0000          0.0000
             0.0000          0.0000          0.0000

     Atom 11  H   pos: (  0.874512  0.351450  0.232694)  para sigma:           0.00
             0.0000          0.0000          0.0000
             0.0000          0.0000          0.0000
             0.0000          0.0000          0.0000

     Atom 12  H   pos: (  0.512090  1.120059  1.325634)  para sigma:           0.00
             0.0000          0.0000          0.0000
             0.0000          0.0000          0.0000
             0.0000          0.0000          0.0000

     Atom 13  C   pos: (  0.765910  0.389456  0.548631)  para sigma:         -59.78
           -62.4092          4.6962          4.6878
             5.8908        -61.2148          2.7465
             3.3377          0.9156        -55.7162

     Atom 14  C   pos: (  0.620692  1.082052  1.009696)  para sigma:         -59.78
           -62.4092          4.6962          4.6878
             5.8908        -61.2148          2.7465
             3.3377          0.9156        -55.7162

     Atom 15  H   pos: (  0.621235  0.436398  0.628603)  para sigma:           0.00
             0.0000          0.0000          0.0000
             0.0000          0.0000          0.0000
             0.0000          0.0000          0.0000

     Atom 16  H   pos: (  0.765367  1.035110  0.929724)  para sigma:           0.00
             0.0000          0.0000          0.0000
             0.0000          0.0000          0.0000
             0.0000          0.0000          0.0000

     Atom 17  H   pos: (  0.799285  0.228212  0.596460)  para sigma:           0.00
             0.0000          0.0000          0.0000
             0.0000          0.0000          0.0000
             0.0000          0.0000          0.0000

     Atom 18  H   pos: (  0.587317  1.243296  0.961868)  para sigma:           0.00
             0.0000          0.0000          0.0000
             0.0000          0.0000          0.0000
             0.0000          0.0000          0.0000

     Atom 19  C   pos: (  0.943545  0.530033  0.618224)  para sigma:         -55.04
           -54.3950          2.4814          3.1582
             2.8747        -55.5946          2.2344
             0.3076         -0.2639        -55.1289

     Atom 20  C   pos: (  0.443057  0.941475  0.940104)  para sigma:         -55.04
           -54.3950          2.4814          3.1582
             2.8747        -55.5946          2.2344
             0.3076         -0.2639        -55.1289

     Atom 21  H   pos: (  1.087901  0.481539  0.538894)  para sigma:           0.00
             0.0000          0.0000          0.0000
             0.0000          0.0000          0.0000
             0.0000          0.0000          0.0000

     Atom 22  H   pos: (  0.298701  0.989970  1.019434)  para sigma:           0.00
             0.0000          0.0000          0.0000
             0.0000          0.0000          0.0000
             0.0000          0.0000          0.0000

     Atom 23  H   pos: (  0.912136  0.690546  0.566170)  para sigma:           0.00
             0.0000          0.0000          0.0000
             0.0000          0.0000          0.0000
             0.0000          0.0000          0.0000

     Atom 24  H   pos: (  0.474466  0.780962  0.992158)  para sigma:           0.00
             0.0000          0.0000          0.0000
             0.0000          0.0000          0.0000
             0.0000          0.0000          0.0000

     Atom 25  C   pos: (  0.974490  0.525393  0.853305)  para sigma:         -49.43
           -51.7908          2.1881          0.8235
             1.8021        -52.6136         -0.8705
             3.6094          1.4465        -43.8871

     Atom 26  C   pos: (  0.412112  0.946116  0.705023)  para sigma:         -49.43
           -51.7908          2.1881          0.8235
             1.8021        -52.6136         -0.8705
             3.6094          1.4465        -43.8871

     Atom 27  H   pos: (  0.833838  0.577885  0.934640)  para sigma:           0.00
             0.0000          0.0000          0.0000
             0.0000          0.0000          0.0000
             0.0000          0.0000          0.0000

     Atom 28  H   pos: (  0.552764  0.893624  0.623688)  para sigma:           0.00
             0.0000          0.0000          0.0000
             0.0000          0.0000          0.0000
             0.0000          0.0000          0.0000

     Atom 29  H   pos: (  1.103342  0.626126  0.902116)  para sigma:           0.00
             0.0000          0.0000          0.0000
             0.0000          0.0000          0.0000
             0.0000          0.0000          0.0000

     Atom 30  H   pos: (  0.283260  0.845383  0.656211)  para sigma:           0.00
             0.0000          0.0000          0.0000
             0.0000          0.0000          0.0000
             0.0000          0.0000          0.0000

     Atom 31  H   pos: (  1.009198  0.367345  0.907844)  para sigma:           0.00
             0.0000          0.0000          0.0000
             0.0000          0.0000          0.0000
             0.0000          0.0000          0.0000

     Atom 32  H   pos: (  0.377404  1.104163  0.650483)  para sigma:           0.00
             0.0000          0.0000          0.0000
             0.0000          0.0000          0.0000
             0.0000          0.0000          0.0000

     Atom 33  N   pos: (  1.159387  0.612658  1.364956)  para sigma:        -235.09
          -276.7832          9.4317         -6.3131
            10.6242       -260.5649        -29.4674
            -1.3562        -25.6175       -167.9247

     Atom 34  N   pos: (  0.227215  0.858850  0.193371)  para sigma:        -235.09
          -276.7832          9.4317         -6.3131
            10.6242       -260.5649        -29.4674
            -1.3562        -25.6175       -167.9247

     Atom 35  O   pos: (  1.192230  0.427241  1.310305)  para sigma:        -234.02
          -324.7740          2.2584         -9.9634
           -19.5588       -233.7024        -30.4986
           -16.3288        -34.2831       -143.5772

     Atom 36  O   pos: (  0.194372  1.044267  0.248022)  para sigma:        -234.02
          -324.7740          2.2584         -9.9634
           -19.5588       -233.7024        -30.4986
           -16.3288        -34.2831       -143.5772

     Atom 37  O   pos: (  0.973573  0.681479  1.370751)  para sigma:        -229.24
          -224.5641        -38.1797        -15.5494
           -27.2258       -300.7724        -47.3789
           -18.0968        -42.2909       -162.3729

     Atom 38  O   pos: (  0.413029  0.790030  0.187577)  para sigma:        -229.24
          -224.5641        -38.1797        -15.5494
           -27.2258       -300.7724        -47.3789
           -18.0968        -42.2909       -162.3729

     Atom 39  O   pos: (  0.306781  0.730557  1.412073)  para sigma:        -247.19
          -299.7293         23.2653         -6.2978
            33.4473       -297.9797        -49.6039
            -8.8660        -52.1507       -143.8629

     Atom 40  O   pos: (  1.079821  0.740952  0.146254)  para sigma:        -247.19
          -299.7293         23.2653         -6.2978
            33.4473       -297.9797        -49.6039
            -8.8660        -52.1507       -143.8629

     Atom 41  H   pos: (  0.881605  1.039351  0.273123)  para sigma:           0.00
             0.0000          0.0000          0.0000
             0.0000          0.0000          0.0000
             0.0000          0.0000          0.0000

     Atom 42  H   pos: (  0.504997  0.432158  1.285204)  para sigma:           0.00
             0.0000          0.0000          0.0000
             0.0000          0.0000          0.0000
             0.0000          0.0000          0.0000

     Atom 43  H   pos: (  0.614831  0.988749  0.220605)  para sigma:           0.00
             0.0000          0.0000          0.0000
             0.0000          0.0000          0.0000
             0.0000          0.0000          0.0000

     Atom 44  H   pos: (  0.771771  0.482759  1.337722)  para sigma:           0.00
             0.0000          0.0000          0.0000
             0.0000          0.0000          0.0000
             0.0000          0.0000          0.0000

     Atom 45  H   pos: (  0.361663  0.491856  0.182946)  para sigma:           0.00
             0.0000          0.0000          0.0000
             0.0000          0.0000          0.0000
             0.0000          0.0000          0.0000

     Atom 46  H   pos: (  1.024939  0.979653  1.375381)  para sigma:           0.00
             0.0000          0.0000          0.0000
             0.0000          0.0000          0.0000
             0.0000          0.0000          0.0000

     Atom 47  H   pos: (  0.257938  0.239755  0.148350)  para sigma:           0.00
             0.0000          0.0000          0.0000
             0.0000          0.0000          0.0000
             0.0000          0.0000          0.0000

     Atom 48  H   pos: (  1.128664  1.231753  1.409978)  para sigma:           0.00
             0.0000          0.0000          0.0000
             0.0000          0.0000          0.0000
             0.0000          0.0000          0.0000

     Paramagnetic US occ-occ contribution in ppm:
 
     Atom  1  N   pos: (  0.733581  1.092259  0.251641)  para_oo sigma:          -1.09
            -1.9147         -1.0366         -0.4297
            -0.6984         -0.9898         -0.2030
            -0.5596         -0.3375         -0.3682

     Atom  2  N   pos: (  0.653021  0.379249  1.306687)  para_oo sigma:          -1.09
            -1.9147         -1.0366         -0.4297
            -0.6984         -0.9898         -0.2030
            -0.5596         -0.3375         -0.3682

     Atom  3  N   pos: (  0.378697  0.333713  0.190453)  para_oo sigma:          -1.14
            -1.4356         -0.8126         -0.3826
            -1.1309         -1.6450         -0.4092
            -0.2978         -0.3034         -0.3398

     Atom  4  N   pos: (  1.007905  1.137795  1.367875)  para_oo sigma:          -1.14
            -1.4356         -0.8126         -0.3826
            -1.1309         -1.6450         -0.4092
            -0.2978         -0.3034         -0.3398

     Atom  5  C   pos: (  0.559271  0.254464  0.246362)  para_oo sigma:          -1.82
            -2.4951         -1.0011         -0.6177
            -0.9987         -2.1600         -0.3721
            -0.4687         -0.3597         -0.8001

     Atom  6  C   pos: (  0.827331  1.217044  1.311966)  para_oo sigma:          -1.82
            -2.4951         -1.0011         -0.6177
            -0.9987         -2.1600         -0.3721
            -0.4687         -0.3597         -0.8001

     Atom  7  C   pos: (  0.731033  0.397214  0.312340)  para_oo sigma:          -0.21
            -0.2149          0.1219         -0.0952
             0.1073         -0.2756          0.0390
            -0.0684          0.0075         -0.1380

     Atom  8  C   pos: (  0.655569  1.074294  1.245987)  para_oo sigma:          -0.21
            -0.2149          0.1219         -0.0952
             0.1073         -0.2756          0.0390
            -0.0684          0.0075         -0.1380

     Atom  9  H   pos: (  0.693470  0.556091  0.265277)  para_oo sigma:           0.00
             0.0000          0.0000          0.0000
             0.0000          0.0000          0.0000
             0.0000          0.0000          0.0000

     Atom 10  H   pos: (  0.693132  0.915417  1.293050)  para_oo sigma:           0.00
             0.0000          0.0000          0.0000
             0.0000          0.0000          0.0000
             0.0000          0.0000          0.0000

     Atom 11  H   pos: (  0.874512  0.351450  0.232694)  para_oo sigma:           0.00
             0.0000          0.0000          0.0000
             0.0000          0.0000          0.0000
             0.0000          0.0000          0.0000

     Atom 12  H   pos: (  0.512090  1.120059  1.325634)  para_oo sigma:           0.00
             0.0000          0.0000          0.0000
             0.0000          0.0000          0.0000
             0.0000          0.0000          0.0000

     Atom 13  C   pos: (  0.765910  0.389456  0.548631)  para_oo sigma:          -0.01
             0.0012         -0.0183         -0.0173
            -0.0231          0.0210          0.0012
            -0.0008         -0.0058         -0.0461

     Atom 14  C   pos: (  0.620692  1.082052  1.009696)  para_oo sigma:          -0.01
             0.0012         -0.0183         -0.0173
            -0.0231          0.0210          0.0012
            -0.0008         -0.0058         -0.0461

     Atom 15  H   pos: (  0.621235  0.436398  0.628603)  para_oo sigma:           0.00
             0.0000          0.0000          0.0000
             0.0000          0.0000          0.0000
             0.0000          0.0000          0.0000

     Atom 16  H   pos: (  0.765367  1.035110  0.929724)  para_oo sigma:           0.00
             0.0000          0.0000          0.0000
             0.0000          0.0000          0.0000
             0.0000          0.0000          0.0000

     Atom 17  H   pos: (  0.799285  0.228212  0.596460)  para_oo sigma:           0.00
             0.0000          0.0000          0.0000
             0.0000          0.0000          0.0000
             0.0000          0.0000          0.0000

     Atom 18  H   pos: (  0.587317  1.243296  0.961868)  para_oo sigma:           0.00
             0.0000          0.0000          0.0000
             0.0000          0.0000          0.0000
             0.0000          0.0000          0.0000

     Atom 19  C   pos: (  0.943545  0.530033  0.618224)  para_oo sigma:          -0.03
            -0.0275         -0.0222         -0.0336
            -0.0233         -0.0122         -0.0184
            -0.0166         -0.0110         -0.0451

     Atom 20  C   pos: (  0.443057  0.941475  0.940104)  para_oo sigma:          -0.03
            -0.0275         -0.0222         -0.0336
            -0.0233         -0.0122         -0.0184
            -0.0166         -0.0110         -0.0451

     Atom 21  H   pos: (  1.087901  0.481539  0.538894)  para_oo sigma:           0.00
             0.0000          0.0000          0.0000
             0.0000          0.0000          0.0000
             0.0000          0.0000          0.0000

     Atom 22  H   pos: (  0.298701  0.989970  1.019434)  para_oo sigma:           0.00
             0.0000          0.0000          0.0000
             0.0000          0.0000          0.0000
             0.0000          0.0000          0.0000

     Atom 23  H   pos: (  0.912136  0.690546  0.566170)  para_oo sigma:           0.00
             0.0000          0.0000          0.0000
             0.0000          0.0000          0.0000
             0.0000          0.0000          0.0000

     Atom 24  H   pos: (  0.474466  0.780962  0.992158)  para_oo sigma:           0.00
             0.0000          0.0000          0.0000
             0.0000          0.0000          0.0000
             0.0000          0.0000          0.0000

     Atom 25  C   pos: (  0.974490  0.525393  0.853305)  para_oo sigma:          -0.07
            -0.0510         -0.0013          0.0013
            -0.0009         -0.0527          0.0011
            -0.0001          0.0021         -0.0952

     Atom 26  C   pos: (  0.412112  0.946116  0.705023)  para_oo sigma:          -0.07
            -0.0510         -0.0013          0.0013
            -0.0009         -0.0527          0.0011
            -0.0001          0.0021         -0.0952

     Atom 27  H   pos: (  0.833838  0.577885  0.934640)  para_oo sigma:           0.00
             0.0000          0.0000          0.0000
             0.0000          0.0000          0.0000
             0.0000          0.0000          0.0000

     Atom 28  H   pos: (  0.552764  0.893624  0.623688)  para_oo sigma:           0.00
             0.0000          0.0000          0.0000
             0.0000          0.0000          0.0000
             0.0000          0.0000          0.0000

     Atom 29  H   pos: (  1.103342  0.626126  0.902116)  para_oo sigma:           0.00
             0.0000          0.0000          0.0000
             0.0000          0.0000          0.0000
             0.0000          0.0000          0.0000

     Atom 30  H   pos: (  0.283260  0.845383  0.656211)  para_oo sigma:           0.00
             0.0000          0.0000          0.0000
             0.0000          0.0000          0.0000
             0.0000          0.0000          0.0000

     Atom 31  H   pos: (  1.009198  0.367345  0.907844)  para_oo sigma:           0.00
             0.0000          0.0000          0.0000
             0.0000          0.0000          0.0000
             0.0000          0.0000          0.0000

     Atom 32  H   pos: (  0.377404  1.104163  0.650483)  para_oo sigma:           0.00
             0.0000          0.0000          0.0000
             0.0000          0.0000          0.0000
             0.0000          0.0000          0.0000

     Atom 33  N   pos: (  1.159387  0.612658  1.364956)  para_oo sigma:          -3.27
            -3.7987          0.1864         -0.0418
             0.1944         -3.5160         -0.3111
            -0.0116         -0.2753         -2.4989

     Atom 34  N   pos: (  0.227215  0.858850  0.193371)  para_oo sigma:          -3.27
            -3.7987          0.1864         -0.0418
             0.1944         -3.5160         -0.3111
            -0.0116         -0.2753         -2.4989

     Atom 35  O   pos: (  1.192230  0.427241  1.310305)  para_oo sigma:          -6.43
           -12.3702         -1.0346         -0.8116
            -1.2125         -3.9533         -0.3854
            -1.1025         -0.3329         -2.9577

     Atom 36  O   pos: (  0.194372  1.044267  0.248022)  para_oo sigma:          -6.43
           -12.3702         -1.0346         -0.8116
            -1.2125         -3.9533         -0.3854
            -1.1025         -0.3329         -2.9577

     Atom 37  O   pos: (  0.973573  0.681479  1.370751)  para_oo sigma:          -6.00
            -4.6111         -2.5171         -0.8967
            -2.4630        -10.2421         -2.4538
            -0.8830         -2.5678         -3.1615

     Atom 38  O   pos: (  0.413029  0.790030  0.187577)  para_oo sigma:          -6.00
            -4.6111         -2.5171         -0.8967
            -2.4630        -10.2421         -2.4538
            -0.8830         -2.5678         -3.1615

     Atom 39  O   pos: (  0.306781  0.730557  1.412073)  para_oo sigma:          -6.95
            -8.0486          4.4420          0.9641
             4.5689         -9.2056         -1.4372
             1.0474         -1.4723         -3.5848

     Atom 40  O   pos: (  1.079821  0.740952  0.146254)  para_oo sigma:          -6.95
            -8.0486          4.4420          0.9641
             4.5689         -9.2056         -1.4372
             1.0474         -1.4723         -3.5848

     Atom 41  H   pos: (  0.881605  1.039351  0.273123)  para_oo sigma:           0.00
             0.0000          0.0000          0.0000
             0.0000          0.0000          0.0000
             0.0000          0.0000          0.0000

     Atom 42  H   pos: (  0.504997  0.432158  1.285204)  para_oo sigma:           0.00
             0.0000          0.0000          0.0000
             0.0000          0.0000          0.0000
             0.0000          0.0000          0.0000

     Atom 43  H   pos: (  0.614831  0.988749  0.220605)  para_oo sigma:           0.00
             0.0000          0.0000          0.0000
             0.0000          0.0000          0.0000
             0.0000          0.0000          0.0000

     Atom 44  H   pos: (  0.771771  0.482759  1.337722)  para_oo sigma:           0.00
             0.0000          0.0000          0.0000
             0.0000          0.0000          0.0000
             0.0000          0.0000          0.0000

     Atom 45  H   pos: (  0.361663  0.491856  0.182946)  para_oo sigma:           0.00
             0.0000          0.0000          0.0000
             0.0000          0.0000          0.0000
             0.0000          0.0000          0.0000

     Atom 46  H   pos: (  1.024939  0.979653  1.375381)  para_oo sigma:           0.00
             0.0000          0.0000          0.0000
             0.0000          0.0000          0.0000
             0.0000          0.0000          0.0000

     Atom 47  H   pos: (  0.257938  0.239755  0.148350)  para_oo sigma:           0.00
             0.0000          0.0000          0.0000
             0.0000          0.0000          0.0000
             0.0000          0.0000          0.0000

     Atom 48  H   pos: (  1.128664  1.231753  1.409978)  para_oo sigma:           0.00
             0.0000          0.0000          0.0000
             0.0000          0.0000          0.0000
             0.0000          0.0000          0.0000

     Paramagnetic US L_R Q_R contribution in ppm:
 
     Atom  1  N   pos: (  0.733581  1.092259  0.251641)  para_lq sigma:         -63.34
           -69.6773         -1.1718         -3.4786
            -1.2765        -66.6579         -0.7859
            -3.9963         -0.7962        -53.6906

     Atom  2  N   pos: (  0.653021  0.379249  1.306687)  para_lq sigma:         -63.34
           -69.6773         -1.1718         -3.4786
            -1.2765        -66.6579         -0.7859
            -3.9963         -0.7962        -53.6906

     Atom  3  N   pos: (  0.378697  0.333713  0.190453)  para_lq sigma:         -63.43
           -66.1265         -1.9656         -4.4143
            -1.8839        -69.8247         -0.7682
            -4.3542         -0.7381        -54.3241

     Atom  4  N   pos: (  1.007905  1.137795  1.367875)  para_lq sigma:         -63.43
           -66.1265         -1.9656         -4.4143
            -1.8839        -69.8247         -0.7682
            -4.3542         -0.7381        -54.3241

     Atom  5  C   pos: (  0.559271  0.254464  0.246362)  para_lq sigma:         -15.25
           -17.2325         -1.1131         -2.1482
            -1.0998        -17.2231         -0.5555
            -1.6992         -0.5521        -11.2967

     Atom  6  C   pos: (  0.827331  1.217044  1.311966)  para_lq sigma:         -15.25
           -17.2325         -1.1131         -2.1482
            -1.0998        -17.2231         -0.5555
            -1.6992         -0.5521        -11.2967

     Atom  7  C   pos: (  0.731033  0.397214  0.312340)  para_lq sigma:         -11.28
           -11.3062          0.2274         -0.2017
             0.1728        -11.4280          0.0613
            -0.1325          0.0276        -11.0916

     Atom  8  C   pos: (  0.655569  1.074294  1.245987)  para_lq sigma:         -11.28
           -11.3062          0.2274         -0.2017
             0.1728        -11.4280          0.0613
            -0.1325          0.0276        -11.0916

     Atom  9  H   pos: (  0.693470  0.556091  0.265277)  para_lq sigma:           0.00
             0.0000          0.0000          0.0000
             0.0000          0.0000          0.0000
             0.0000          0.0000          0.0000

     Atom 10  H   pos: (  0.693132  0.915417  1.293050)  para_lq sigma:           0.00
             0.0000          0.0000          0.0000
             0.0000          0.0000          0.0000
             0.0000          0.0000          0.0000

     Atom 11  H   pos: (  0.874512  0.351450  0.232694)  para_lq sigma:           0.00
             0.0000          0.0000          0.0000
             0.0000          0.0000          0.0000
             0.0000          0.0000          0.0000

     Atom 12  H   pos: (  0.512090  1.120059  1.325634)  para_lq sigma:           0.00
             0.0000          0.0000          0.0000
             0.0000          0.0000          0.0000
             0.0000          0.0000          0.0000

     Atom 13  C   pos: (  0.765910  0.389456  0.548631)  para_lq sigma:         -11.20
           -11.1920          0.0708         -0.0016
             0.0679        -11.1182         -0.0043
            -0.0229          0.0070        -11.2842

     Atom 14  C   pos: (  0.620692  1.082052  1.009696)  para_lq sigma:         -11.20
           -11.1920          0.0708         -0.0016
             0.0679        -11.1182         -0.0043
            -0.0229          0.0070        -11.2842

     Atom 15  H   pos: (  0.621235  0.436398  0.628603)  para_lq sigma:           0.00
             0.0000          0.0000          0.0000
             0.0000          0.0000          0.0000
             0.0000          0.0000          0.0000

     Atom 16  H   pos: (  0.765367  1.035110  0.929724)  para_lq sigma:           0.00
             0.0000          0.0000          0.0000
             0.0000          0.0000          0.0000
             0.0000          0.0000          0.0000

     Atom 17  H   pos: (  0.799285  0.228212  0.596460)  para_lq sigma:           0.00
             0.0000          0.0000          0.0000
             0.0000          0.0000          0.0000
             0.0000          0.0000          0.0000

     Atom 18  H   pos: (  0.587317  1.243296  0.961868)  para_lq sigma:           0.00
             0.0000          0.0000          0.0000
             0.0000          0.0000          0.0000
             0.0000          0.0000          0.0000

     Atom 19  C   pos: (  0.943545  0.530033  0.618224)  para_lq sigma:         -11.08
           -11.0607         -0.0532         -0.0579
            -0.0427        -11.0227         -0.0368
            -0.0534         -0.0340        -11.1477

     Atom 20  C   pos: (  0.443057  0.941475  0.940104)  para_lq sigma:         -11.08
           -11.0607         -0.0532         -0.0579
            -0.0427        -11.0227         -0.0368
            -0.0534         -0.0340        -11.1477

     Atom 21  H   pos: (  1.087901  0.481539  0.538894)  para_lq sigma:           0.00
             0.0000          0.0000          0.0000
             0.0000          0.0000          0.0000
             0.0000          0.0000          0.0000

     Atom 22  H   pos: (  0.298701  0.989970  1.019434)  para_lq sigma:           0.00
             0.0000          0.0000          0.0000
             0.0000          0.0000          0.0000
             0.0000          0.0000          0.0000

     Atom 23  H   pos: (  0.912136  0.690546  0.566170)  para_lq sigma:           0.00
             0.0000          0.0000          0.0000
             0.0000          0.0000          0.0000
             0.0000          0.0000          0.0000

     Atom 24  H   pos: (  0.474466  0.780962  0.992158)  para_lq sigma:           0.00
             0.0000          0.0000          0.0000
             0.0000          0.0000          0.0000
             0.0000          0.0000          0.0000

     Atom 25  C   pos: (  0.974490  0.525393  0.853305)  para_lq sigma:         -11.01
           -10.9530          0.0399          0.0016
             0.0347        -10.9691         -0.0000
             0.0189          0.0204        -11.1141

     Atom 26  C   pos: (  0.412112  0.946116  0.705023)  para_lq sigma:         -11.01
           -10.9530          0.0399          0.0016
             0.0347        -10.9691         -0.0000
             0.0189          0.0204        -11.1141

     Atom 27  H   pos: (  0.833838  0.577885  0.934640)  para_lq sigma:           0.00
             0.0000          0.0000          0.0000
             0.0000          0.0000          0.0000
             0.0000          0.0000          0.0000

     Atom 28  H   pos: (  0.552764  0.893624  0.623688)  para_lq sigma:           0.00
             0.0000          0.0000          0.0000
             0.0000          0.0000          0.0000
             0.0000          0.0000          0.0000

     Atom 29  H   pos: (  1.103342  0.626126  0.902116)  para_lq sigma:           0.00
             0.0000          0.0000          0.0000
             0.0000          0.0000          0.0000
             0.0000          0.0000          0.0000

     Atom 30  H   pos: (  0.283260  0.845383  0.656211)  para_lq sigma:           0.00
             0.0000          0.0000          0.0000
             0.0000          0.0000          0.0000
             0.0000          0.0000          0.0000

     Atom 31  H   pos: (  1.009198  0.367345  0.907844)  para_lq sigma:           0.00
             0.0000          0.0000          0.0000
             0.0000          0.0000          0.0000
             0.0000          0.0000          0.0000

     Atom 32  H   pos: (  0.377404  1.104163  0.650483)  para_lq sigma:           0.00
             0.0000          0.0000          0.0000
             0.0000          0.0000          0.0000
             0.0000          0.0000          0.0000

     Atom 33  N   pos: (  1.159387  0.612658  1.364956)  para_lq sigma:         -76.96
           -84.8591          2.0019         -1.1085
             2.0533        -82.0086         -5.7743
            -0.7037         -5.5492        -64.0159

     Atom 34  N   pos: (  0.227215  0.858850  0.193371)  para_lq sigma:         -76.96
           -84.8591          2.0019         -1.1085
             2.0533        -82.0086         -5.7743
            -0.7037         -5.5492        -64.0159

     Atom 35  O   pos: (  1.192230  0.427241  1.310305)  para_lq sigma:        -175.09
          -190.5040          1.4625         -0.4011
            -2.5069       -176.7476         -5.6700
            -2.4905         -5.2182       -158.0316

     Atom 36  O   pos: (  0.194372  1.044267  0.248022)  para_lq sigma:        -175.09
          -190.5040          1.4625         -0.4011
            -2.5069       -176.7476         -5.6700
            -2.4905         -5.2182       -158.0316

     Atom 37  O   pos: (  0.973573  0.681479  1.370751)  para_lq sigma:        -173.56
          -174.6203         -6.2229         -2.6511
            -4.8851       -187.3925         -8.6323
            -2.0907         -9.0052       -158.6634

     Atom 38  O   pos: (  0.413029  0.790030  0.187577)  para_lq sigma:        -173.56
          -174.6203         -6.2229         -2.6511
            -4.8851       -187.3925         -8.6323
            -2.0907         -9.0052       -158.6634

     Atom 39  O   pos: (  0.306781  0.730557  1.412073)  para_lq sigma:        -177.25
          -187.1009          1.9919         -1.7713
             4.6339       -184.7093         -7.6004
            -0.8912         -8.0065       -159.9379

     Atom 40  O   pos: (  1.079821  0.740952  0.146254)  para_lq sigma:        -177.25
          -187.1009          1.9919         -1.7713
             4.6339       -184.7093         -7.6004
            -0.8912         -8.0065       -159.9379

     Atom 41  H   pos: (  0.881605  1.039351  0.273123)  para_lq sigma:           0.00
             0.0000          0.0000          0.0000
             0.0000          0.0000          0.0000
             0.0000          0.0000          0.0000

     Atom 42  H   pos: (  0.504997  0.432158  1.285204)  para_lq sigma:           0.00
             0.0000          0.0000          0.0000
             0.0000          0.0000          0.0000
             0.0000          0.0000          0.0000

     Atom 43  H   pos: (  0.614831  0.988749  0.220605)  para_lq sigma:           0.00
             0.0000          0.0000          0.0000
             0.0000          0.0000          0.0000
             0.0000          0.0000          0.0000

     Atom 44  H   pos: (  0.771771  0.482759  1.337722)  para_lq sigma:           0.00
             0.0000          0.0000          0.0000
             0.0000          0.0000          0.0000
             0.0000          0.0000          0.0000

     Atom 45  H   pos: (  0.361663  0.491856  0.182946)  para_lq sigma:           0.00
             0.0000          0.0000          0.0000
             0.0000          0.0000          0.0000
             0.0000          0.0000          0.0000

     Atom 46  H   pos: (  1.024939  0.979653  1.375381)  para_lq sigma:           0.00
             0.0000          0.0000          0.0000
             0.0000          0.0000          0.0000
             0.0000          0.0000          0.0000

     Atom 47  H   pos: (  0.257938  0.239755  0.148350)  para_lq sigma:           0.00
             0.0000          0.0000          0.0000
             0.0000          0.0000          0.0000
             0.0000          0.0000          0.0000

     Atom 48  H   pos: (  1.128664  1.231753  1.409978)  para_lq sigma:           0.00
             0.0000          0.0000          0.0000
             0.0000          0.0000          0.0000
             0.0000          0.0000          0.0000

 
     Total NMR chemical shifts in ppm: ---------------------------------------
     (adopting the Simpson convention for anisotropy and asymmetry)-----------
 
     Atom  1  N   pos: (  0.733581  1.092259  0.251641)  Total sigma:         118.70
            39.2327         -7.6700        -38.9823
             1.1755        147.6969          0.9746
           -48.6260         -0.1552        169.1782

     N    1    anisotropy:   -139.40    eta:   -0.3755
     N    1    sigma_11=    147.72    axis=( -0.012170  0.998961 -0.043914)
     N    1    sigma_22=    182.62    axis=( -0.292752  0.038433  0.955416)
     N    1    sigma_33=     25.77    axis=( -0.956111 -0.024483 -0.291980)
 
     Atom  2  N   pos: (  0.653021  0.379249  1.306687)  Total sigma:         118.70
            39.2327         -7.6700        -38.9823
             1.1755        147.6969          0.9746
           -48.6260         -0.1552        169.1782

     N    2    anisotropy:   -139.40    eta:   -0.3755
     N    2    sigma_11=    147.72    axis=( -0.012170  0.998961 -0.043914)
     N    2    sigma_22=    182.62    axis=( -0.292752  0.038433  0.955416)
     N    2    sigma_33=     25.77    axis=( -0.956111 -0.024483 -0.291980)
 
     Atom  3  N   pos: (  0.378697  0.333713  0.190453)  Total sigma:         113.18
           144.5460        -23.0534         -6.9390
           -29.1466         30.2318        -15.6358
           -16.9798         -5.8706        164.7491

     N    3    anisotropy:   -134.75    eta:   -0.2722
     N    3    sigma_11=    145.87    axis=(  0.876074 -0.236798  0.420024)
     N    3    sigma_22=    170.32    axis=(  0.429920 -0.010800 -0.902803)
     N    3    sigma_33=     23.34    axis=( -0.218318 -0.971499 -0.092343)
 
     Atom  4  N   pos: (  1.007905  1.137795  1.367875)  Total sigma:         113.18
           144.5460        -23.0534         -6.9390
           -29.1466         30.2318        -15.6358
           -16.9798         -5.8706        164.7491

     N    4    anisotropy:   -134.75    eta:   -0.2722
     N    4    sigma_11=    145.87    axis=(  0.876074 -0.236798  0.420024)
     N    4    sigma_22=    170.32    axis=(  0.429920 -0.010800 -0.902803)
     N    4    sigma_33=     23.34    axis=( -0.218318 -0.971499 -0.092343)
 
     Atom  5  C   pos: (  0.559271  0.254464  0.246362)  Total sigma:          -4.67
           -52.1068          0.6065        -54.0026
            -1.4920        -64.1788         -5.5072
           -46.5293         -5.2782        102.2680

     C    5    anisotropy:    183.01    eta:   -0.0391
     C    5    sigma_11=    -63.29    axis=(  0.451933 -0.885445  0.108370)
     C    5    sigma_22=    -68.06    axis=(  0.845558  0.463913  0.264227)
     C    5    sigma_33=    117.33    axis=( -0.284233 -0.027779  0.958353)
 
     Atom  6  C   pos: (  0.827331  1.217044  1.311966)  Total sigma:          -4.67
           -52.1068          0.6065        -54.0026
            -1.4920        -64.1788         -5.5072
           -46.5293         -5.2782        102.2680

     C    6    anisotropy:    183.01    eta:   -0.0391
     C    6    sigma_11=    -63.29    axis=(  0.451933 -0.885445  0.108370)
     C    6    sigma_22=    -68.06    axis=(  0.845558  0.463913  0.264227)
     C    6    sigma_33=    117.33    axis=( -0.284233 -0.027779  0.958353)
 
     Atom  7  C   pos: (  0.731033  0.397214  0.312340)  Total sigma:         138.45
           136.9008         18.3517          2.8283
            16.3092        136.7104          0.5815
            10.3829          6.3011        141.7358

     C    7    anisotropy:    -28.81    eta:   -0.9725
     C    7    sigma_11=    138.71    axis=(  0.221820  0.367461 -0.903199)
     C    7    sigma_22=    157.39    axis=(  0.661643  0.623679  0.416236)
     C    7    sigma_33=    119.24    axis=(  0.716257 -0.689925 -0.104784)
 
     Atom  8  C   pos: (  0.655569  1.074294  1.245987)  Total sigma:         138.45
           136.9008         18.3517          2.8283
            16.3092        136.7104          0.5815
            10.3829          6.3011        141.7358

     C    8    anisotropy:    -28.81    eta:   -0.9725
     C    8    sigma_11=    138.71    axis=(  0.221820  0.367461 -0.903199)
     C    8    sigma_22=    157.39    axis=(  0.661643  0.623679  0.416236)
     C    8    sigma_33=    119.24    axis=(  0.716257 -0.689925 -0.104784)
 
     Atom  9  H   pos: (  0.693470  0.556091  0.265277)  Total sigma:          28.38
            27.2606         -0.1327          2.5041
            -1.6132         31.2880         -2.5803
             2.1270         -2.8650         26.5898

     H    9    anisotropy:      7.08    eta:   -0.7657
     H    9    sigma_11=     27.83    axis=( -0.782933 -0.494394 -0.377612)
     H    9    sigma_22=     24.21    axis=( -0.541521  0.242828  0.804854)
     H    9    sigma_33=     33.10    axis=(  0.306220 -0.834631  0.457843)
 
     Atom 10  H   pos: (  0.693132  0.915417  1.293050)  Total sigma:          28.38
            27.2606         -0.1327          2.5041
            -1.6132         31.2880         -2.5803
             2.1270         -2.8650         26.5898

     H   10    anisotropy:      7.08    eta:   -0.7657
     H   10    sigma_11=     27.83    axis=( -0.782933 -0.494394 -0.377612)
     H   10    sigma_22=     24.21    axis=( -0.541521  0.242828  0.804854)
     H   10    sigma_33=     33.10    axis=(  0.306220 -0.834631  0.457843)
 
     Atom 11  H   pos: (  0.874512  0.351450  0.232694)  Total sigma:          28.15
            29.6611         -0.8557         -2.5149
            -0.0362         26.7406          1.8023
            -3.4271          1.8181         28.0556

     H   11    anisotropy:      6.26    eta:   -0.5581
     H   11    sigma_11=     27.23    axis=(  0.556446  0.757370  0.341698)
     H   11    sigma_22=     24.90    axis=( -0.382840  0.598696 -0.703560)
     H   11    sigma_33=     32.33    axis=( -0.737429  0.260678  0.623094)
 
     Atom 12  H   pos: (  0.512090  1.120059  1.325634)  Total sigma:          28.15
            29.6611         -0.8557         -2.5149
            -0.0362         26.7406          1.8023
            -3.4271          1.8181         28.0556

     H   12    anisotropy:      6.26    eta:   -0.5581
     H   12    sigma_11=     27.23    axis=(  0.556446  0.757370  0.341698)
     H   12    sigma_22=     24.90    axis=( -0.382840  0.598696 -0.703560)
     H   12    sigma_33=     32.33    axis=( -0.737429  0.260678  0.623094)
 
     Atom 13  C   pos: (  0.765910  0.389456  0.548631)  Total sigma:         135.28
           128.9377         11.7054         12.1225
            14.2217        130.4363          7.1171
            10.0631          3.7575        146.4532

     C   13    anisotropy:     31.93    eta:   -0.8146
     C   13    sigma_11=    133.30    axis=(  0.408393  0.668946 -0.621069)
     C   13    sigma_22=    115.96    axis=(  0.764771 -0.622206 -0.167284)
     C   13    sigma_33=    156.56    axis=(  0.498337  0.406658  0.765696)
 
     Atom 14  C   pos: (  0.620692  1.082052  1.009696)  Total sigma:         135.28
           128.9377         11.7054         12.1225
            14.2217        130.4363          7.1171
            10.0631          3.7575        146.4532

     C   14    anisotropy:     31.93    eta:   -0.8146
     C   14    sigma_11=    133.30    axis=(  0.408393  0.668946 -0.621069)
     C   14    sigma_22=    115.96    axis=(  0.764771 -0.622206 -0.167284)
     C   14    sigma_33=    156.56    axis=(  0.498337  0.406658  0.765696)
 
     Atom 15  H   pos: (  0.621235  0.436398  0.628603)  Total sigma:          29.79
            31.4627         -0.7289         -1.3845
            -0.3577         27.2913          0.6419
            -1.2296          1.5189         30.6013

     H   15    anisotropy:      4.26    eta:   -0.9841
     H   15    sigma_11=     29.76    axis=( -0.635645 -0.187642 -0.748830)
     H   15    sigma_22=     26.96    axis=(  0.036994  0.961492 -0.272333)
     H   15    sigma_33=     32.63    axis=( -0.771095  0.200810  0.604226)
 
     Atom 16  H   pos: (  0.765367  1.035110  0.929724)  Total sigma:          29.79
            31.4627         -0.7289         -1.3845
            -0.3577         27.2913          0.6419
            -1.2296          1.5189         30.6013

     H   16    anisotropy:      4.26    eta:   -0.9841
     H   16    sigma_11=     29.76    axis=( -0.635645 -0.187642 -0.748830)
     H   16    sigma_22=     26.96    axis=(  0.036994  0.961492 -0.272333)
     H   16    sigma_33=     32.63    axis=( -0.771095  0.200810  0.604226)
 
     Atom 17  H   pos: (  0.799285  0.228212  0.596460)  Total sigma:          29.64
            27.0575          0.2130          0.9028
             0.0996         32.3990         -0.2729
             1.7119         -0.8098         29.4504

     H   17    anisotropy:     -4.76    eta:   -0.8015
     H   17    sigma_11=     29.95    axis=(  0.413334  0.171380  0.894306)
     H   17    sigma_22=     32.50    axis=(  0.015334 -0.983300  0.181347)
     H   17    sigma_33=     26.46    axis=( -0.910450  0.061244  0.409059)
 
     Atom 18  H   pos: (  0.587317  1.243296  0.961868)  Total sigma:          29.64
            27.0575          0.2130          0.9028
             0.0996         32.3990         -0.2729
             1.7119         -0.8098         29.4504

     H   18    anisotropy:     -4.76    eta:   -0.8015
     H   18    sigma_11=     29.95    axis=(  0.413334  0.171380  0.894306)
     H   18    sigma_22=     32.50    axis=(  0.015334 -0.983300  0.181347)
     H   18    sigma_33=     26.46    axis=( -0.910450  0.061244  0.409059)
 
     Atom 19  C   pos: (  0.943545  0.530033  0.618224)  Total sigma:         144.77
           144.8055          7.4329          8.4852
             8.3295        141.2379          5.4181
             3.2973          0.7964        148.2700

     C   19    anisotropy:     17.46    eta:   -0.7141
     C   19    sigma_11=    143.11    axis=(  0.417932  0.484449 -0.768532)
     C   19    sigma_22=    134.80    axis=(  0.655284 -0.746680 -0.114328)
     C   19    sigma_33=    156.41    axis=(  0.629234  0.455826  0.629513)
 
     Atom 20  C   pos: (  0.443057  0.941475  0.940104)  Total sigma:         144.77
           144.8055          7.4329          8.4852
             8.3295        141.2379          5.4181
             3.2973          0.7964        148.2700

     C   20    anisotropy:     17.46    eta:   -0.7141
     C   20    sigma_11=    143.11    axis=(  0.417932  0.484449 -0.768532)
     C   20    sigma_22=    134.80    axis=(  0.655284 -0.746680 -0.114328)
     C   20    sigma_33=    156.41    axis=(  0.629234  0.455826  0.629513)
 
     Atom 21  H   pos: (  1.087901  0.481539  0.538894)  Total sigma:          29.65
            32.4694         -0.5501         -2.6077
            -0.2874         26.2470          0.9156
            -2.8545          1.4488         30.2399

     H   21    anisotropy:      7.17    eta:   -0.5695
     H   21    sigma_11=     28.62    axis=( -0.575875 -0.280515 -0.767906)
     H   21    sigma_22=     25.90    axis=( -0.063965  0.951871 -0.299749)
     H   21    sigma_33=     34.43    axis=( -0.815032  0.123499  0.566102)
 
     Atom 22  H   pos: (  0.298701  0.989970  1.019434)  Total sigma:          29.65
            32.4694         -0.5501         -2.6077
            -0.2874         26.2470          0.9156
            -2.8545          1.4488         30.2399

     H   22    anisotropy:      7.17    eta:   -0.5695
     H   22    sigma_11=     28.62    axis=( -0.575875 -0.280515 -0.767906)
     H   22    sigma_22=     25.90    axis=( -0.063965  0.951871 -0.299749)
     H   22    sigma_33=     34.43    axis=( -0.815032  0.123499  0.566102)
 
     Atom 23  H   pos: (  0.912136  0.690546  0.566170)  Total sigma:          29.86
            26.8375          0.4010          0.6461
             0.1643         33.0717         -1.9150
             1.0795         -2.1767         29.6611

     H   23    anisotropy:      6.26    eta:   -0.6216
     H   23    sigma_11=     29.07    axis=(  0.374420  0.400753  0.836186)
     H   23    sigma_22=     26.47    axis=(  0.927128 -0.146613 -0.344875)
     H   23    sigma_33=     34.03    axis=(  0.015614 -0.904379  0.426444)
 
     Atom 24  H   pos: (  0.474466  0.780962  0.992158)  Total sigma:          29.86
            26.8375          0.4010          0.6461
             0.1643         33.0717         -1.9150
             1.0795         -2.1767         29.6611

     H   24    anisotropy:      6.26    eta:   -0.6216
     H   24    sigma_11=     29.07    axis=(  0.374420  0.400753  0.836186)
     H   24    sigma_22=     26.47    axis=(  0.927128 -0.146613 -0.344874)
     H   24    sigma_33=     34.03    axis=(  0.015614 -0.904379  0.426444)
 
     Atom 25  C   pos: (  0.974490  0.525393  0.853305)  Total sigma:         157.80
           149.9810          4.3992          3.3845
             3.7221        147.9845         -1.4880
             8.9763          3.1790        175.4244

     C   25    anisotropy:     28.73    eta:   -0.3943
     C   25    sigma_11=    152.00    axis=(  0.708761  0.673075 -0.211253)
     C   25    sigma_22=    144.44    axis=(  0.666335 -0.737070 -0.112810)
     C   25    sigma_33=    176.95    axis=(  0.231638  0.060810  0.970900)
 
     Atom 26  C   pos: (  0.412112  0.946116  0.705023)  Total sigma:         157.80
           149.9810          4.3992          3.3845
             3.7221        147.9845         -1.4880
             8.9763          3.1790        175.4244

     C   26    anisotropy:     28.73    eta:   -0.3943
     C   26    sigma_11=    152.00    axis=(  0.708761  0.673075 -0.211253)
     C   26    sigma_22=    144.44    axis=(  0.666335 -0.737070 -0.112810)
     C   26    sigma_33=    176.95    axis=(  0.231638  0.060810  0.970900)
 
     Atom 27  H   pos: (  0.833838  0.577885  0.934640)  Total sigma:          30.30
            29.9446         -2.2325         -2.6331
            -1.8242         27.9987          1.2470
            -3.2190          1.6480         32.9671

     H   27    anisotropy:      7.74    eta:   -0.3987
     H   27    sigma_11=     28.75    axis=( -0.617594  0.505718 -0.602351)
     H   27    sigma_22=     26.69    axis=(  0.580897  0.809617  0.084137)
     H   27    sigma_33=     35.46    axis=( -0.530223  0.297942  0.793785)
 
     Atom 28  H   pos: (  0.552764  0.893624  0.623688)  Total sigma:          30.30
            29.9446         -2.2325         -2.6331
            -1.8242         27.9987          1.2470
            -3.2190          1.6480         32.9671

     H   28    anisotropy:      7.74    eta:   -0.3987
     H   28    sigma_11=     28.75    axis=( -0.617594  0.505718 -0.602351)
     H   28    sigma_22=     26.69    axis=(  0.580897  0.809617  0.084137)
     H   28    sigma_33=     35.46    axis=( -0.530223  0.297942  0.793785)
 
     Atom 29  H   pos: (  1.103342  0.626126  0.902116)  Total sigma:          29.90
            30.5741          4.6008          2.3054
             4.5234         28.2822          1.1413
             3.5772          2.2339         30.8353

     H   29    anisotropy:      9.50    eta:   -0.6484
     H   29    sigma_11=     28.78    axis=(  0.356151  0.403609 -0.842767)
     H   29    sigma_22=     24.68    axis=(  0.638609 -0.763546 -0.095794)
     H   29    sigma_33=     36.23    axis=(  0.682154  0.504081  0.529686)
 
     Atom 30  H   pos: (  0.283260  0.845383  0.656211)  Total sigma:          29.90
            30.5741          4.6008          2.3054
             4.5234         28.2822          1.1413
             3.5772          2.2339         30.8353

     H   30    anisotropy:      9.50    eta:   -0.6484
     H   30    sigma_11=     28.78    axis=(  0.356151  0.403609 -0.842767)
     H   30    sigma_22=     24.68    axis=(  0.638609 -0.763546 -0.095794)
     H   30    sigma_33=     36.23    axis=(  0.682154  0.504081  0.529686)
 
     Atom 31  H   pos: (  1.009198  0.367345  0.907844)  Total sigma:          30.35
            27.7654         -2.1159          1.4148
            -2.2827         31.5392         -2.5333
             1.6372         -3.0532         31.7384

     H   31    anisotropy:      7.50    eta:   -0.4431
     H   31    sigma_11=     28.96    axis=( -0.207858  0.631052  0.747374)
     H   31    sigma_22=     26.74    axis=(  0.921281  0.383046 -0.067204)
     H   31    sigma_33=     35.35    axis=(  0.328688 -0.674573  0.660996)
 
     Atom 32  H   pos: (  0.377404  1.104163  0.650483)  Total sigma:          30.35
            27.7654         -2.1159          1.4148
            -2.2827         31.5392         -2.5333
             1.6372         -3.0532         31.7384

     H   32    anisotropy:      7.50    eta:   -0.4431
     H   32    sigma_11=     28.96    axis=( -0.207858  0.631052  0.747374)
     H   32    sigma_22=     26.74    axis=(  0.921281  0.383046 -0.067204)
     H   32    sigma_33=     35.35    axis=(  0.328688 -0.674573  0.660996)
 
     Atom 33  N   pos: (  1.159387  0.612658  1.364956)  Total sigma:        -140.90
          -210.1823         16.7540        -10.4942
            18.3568       -182.9580        -49.2614
            -2.5294        -42.9821        -29.5578

     N   33    anisotropy:    187.15    eta:   -0.2711
     N   33    sigma_11=   -186.37    axis=(  0.525879  0.809836  0.260032)
     N   33    sigma_22=   -220.20    axis=( -0.848660  0.520002  0.096817)
     N   33    sigma_33=    -16.13    axis=( -0.056811 -0.271593  0.960734)
 
     Atom 34  N   pos: (  0.227215  0.858850  0.193371)  Total sigma:        -140.90
          -210.1823         16.7540        -10.4942
            18.3568       -182.9580        -49.2614
            -2.5294        -42.9821        -29.5578

     N   34    anisotropy:    187.15    eta:   -0.2711
     N   34    sigma_11=   -186.37    axis=(  0.525879  0.809836  0.260032)
     N   34    sigma_22=   -220.20    axis=( -0.848660  0.520002  0.096817)
     N   34    sigma_33=    -16.13    axis=( -0.056811 -0.271593  0.960734)
 
     Atom 35  O   pos: (  1.192230  0.427241  1.310305)  Total sigma:        -170.63
          -331.3781          2.1389        -16.4796
           -33.9396       -166.3510        -50.7114
           -29.0511        -55.6970        -14.1545

     O   35    anisotropy:    261.14    eta:   -0.8930
     O   35    sigma_11=   -179.94    axis=( -0.142333  0.947995  0.284686)
     O   35    sigma_22=   -335.41    axis=( -0.988509 -0.121344 -0.090147)
     O   35    sigma_33=      3.46    axis=( -0.050914 -0.294245  0.954373)
 
     Atom 36  O   pos: (  0.194372  1.044267  0.248022)  Total sigma:        -170.63
          -331.3781          2.1389        -16.4796
           -33.9396       -166.3510        -50.7114
           -29.0511        -55.6970        -14.1545

     O   36    anisotropy:    261.14    eta:   -0.8930
     O   36    sigma_11=   -179.94    axis=( -0.142333  0.947995  0.284686)
     O   36    sigma_22=   -335.41    axis=( -0.988509 -0.121344 -0.090147)
     O   36    sigma_33=      3.46    axis=( -0.050914 -0.294245  0.954373)
 
     Atom 37  O   pos: (  0.973573  0.681479  1.370751)  Total sigma:        -161.34
          -151.9886        -67.7194        -27.4650
           -50.7119       -289.1306        -83.2408
           -30.5003        -76.9238        -42.9028

     O   37    anisotropy:   -261.86    eta:   -0.6405
     O   37    sigma_11=   -129.96    axis=( -0.938201  0.346038  0.005972)
     O   37    sigma_22=    -18.15    axis=( -0.091202 -0.263845  0.960244)
     O   37    sigma_33=   -335.91    axis=( -0.333857 -0.900357 -0.279099)
 
     Atom 38  O   pos: (  0.413029  0.790030  0.187577)  Total sigma:        -161.34
          -151.9886        -67.7194        -27.4650
           -50.7119       -289.1306        -83.2408
           -30.5003        -76.9238        -42.9028

     O   38    anisotropy:   -261.86    eta:   -0.6405
     O   38    sigma_11=   -129.96    axis=( -0.938201  0.346038  0.005972)
     O   38    sigma_22=    -18.15    axis=( -0.091202 -0.263845  0.960244)
     O   38    sigma_33=   -335.91    axis=( -0.333857 -0.900357 -0.279099)
 
     Atom 39  O   pos: (  0.306781  0.730557  1.412073)  Total sigma:        -193.01
          -282.0123         45.8469         -8.7493
            63.6462       -279.3092        -83.7551
           -11.1397        -87.8003        -17.7076

     O   39    anisotropy:    304.73    eta:   -0.4972
     O   39    sigma_11=   -244.08    axis=(  0.772713  0.581581  0.254319)
     O   39    sigma_22=   -345.09    axis=( -0.628591  0.756810  0.179198)
     O   39    sigma_33=     10.14    axis=( -0.088253 -0.298331  0.950374)
 
     Atom 40  O   pos: (  1.079821  0.740952  0.146254)  Total sigma:        -193.01
          -282.0123         45.8469         -8.7493
            63.6462       -279.3092        -83.7551
           -11.1397        -87.8003        -17.7076

     O   40    anisotropy:    304.73    eta:   -0.4972
     O   40    sigma_11=   -244.08    axis=(  0.772713  0.581581  0.254319)
     O   40    sigma_22=   -345.09    axis=( -0.628591  0.756810  0.179198)
     O   40    sigma_33=     10.14    axis=( -0.088253 -0.298331  0.950374)
 
     Atom 41  H   pos: (  0.881605  1.039351  0.273123)  Total sigma:          22.56
            28.5125         -4.9060          0.7562
            -4.9813         22.8119          0.3238
            -0.8139         -0.4006         16.3669

     H   41    anisotropy:     13.21    eta:   -0.4077
     H   41    sigma_11=     19.96    axis=(  0.500209  0.865803 -0.013284)
     H   41    sigma_22=     16.37    axis=(  0.006980  0.011310  0.999912)
     H   41    sigma_33=     31.37    axis=( -0.865877  0.500257  0.000386)
 
     Atom 42  H   pos: (  0.504997  0.432158  1.285204)  Total sigma:          22.56
            28.5125         -4.9060          0.7562
            -4.9813         22.8119          0.3238
            -0.8139         -0.4006         16.3669

     H   42    anisotropy:     13.21    eta:   -0.4077
     H   42    sigma_11=     19.96    axis=(  0.500209  0.865803 -0.013284)
     H   42    sigma_22=     16.37    axis=(  0.006979  0.011310  0.999912)
     H   42    sigma_33=     31.37    axis=( -0.865877  0.500257  0.000386)
 
     Atom 43  H   pos: (  0.614831  0.988749  0.220605)  Total sigma:          20.59
            22.5878          7.9508          1.7703
             9.6804         24.4779          2.6689
             0.6313          2.3856         14.6899

     H   43    anisotropy:     18.32    eta:   -0.1325
     H   43    sigma_11=     15.29    axis=(  0.647702 -0.452845 -0.612710)
     H   43    sigma_22=     13.67    axis=( -0.386964  0.497220 -0.776551)
     H   43    sigma_33=     32.80    axis=( -0.656308 -0.740071 -0.146816)
 
     Atom 44  H   pos: (  0.771771  0.482759  1.337722)  Total sigma:          20.59
            22.5878          7.9508          1.7703
             9.6804         24.4779          2.6689
             0.6313          2.3856         14.6899

     H   44    anisotropy:     18.32    eta:   -0.1325
     H   44    sigma_11=     15.29    axis=(  0.647702 -0.452845 -0.612710)
     H   44    sigma_22=     13.67    axis=( -0.386964  0.497220 -0.776551)
     H   44    sigma_33=     32.80    axis=( -0.656308 -0.740071 -0.146816)
 
     Atom 45  H   pos: (  0.361663  0.491856  0.182946)  Total sigma:          21.71
            19.1662         -3.2749          1.1497
            -3.9090         30.7501         -1.2289
             0.9827         -1.8397         15.2200

     H   45    anisotropy:     15.37    eta:   -0.3253
     H   45    sigma_11=     18.25    axis=( -0.938850 -0.292244 -0.182080)
     H   45    sigma_22=     14.92    axis=( -0.204645  0.048322  0.977643)
     H   45    sigma_33=     31.96    axis=(  0.276912 -0.955122  0.105174)
 
     Atom 46  H   pos: (  1.024939  0.979653  1.375381)  Total sigma:          21.71
            19.1662         -3.2749          1.1497
            -3.9090         30.7501         -1.2289
             0.9827         -1.8397         15.2200

     H   46    anisotropy:     15.37    eta:   -0.3253
     H   46    sigma_11=     18.25    axis=( -0.938850 -0.292244 -0.182080)
     H   46    sigma_22=     14.92    axis=( -0.204645  0.048322  0.977643)
     H   46    sigma_33=     31.96    axis=(  0.276912 -0.955122  0.105174)
 
     Atom 47  H   pos: (  0.257938  0.239755  0.148350)  Total sigma:          22.86
            28.4838          5.4596          3.5956
             4.0650         21.1846          1.1774
             4.1223          0.2933         18.9057

     H   47    anisotropy:     13.62    eta:   -0.2486
     H   47    sigma_11=     19.45    axis=(  0.229005 -0.837142  0.496739)
     H   47    sigma_22=     17.19    axis=( -0.435784  0.368139  0.821319)
     H   47    sigma_33=     31.94    axis=(  0.870430  0.404557  0.280508)
 
     Atom 48  H   pos: (  1.128664  1.231753  1.409978)  Total sigma:          22.86
            28.4838          5.4596          3.5956
             4.0650         21.1846          1.1774
             4.1223          0.2933         18.9057

     H   48    anisotropy:     13.62    eta:   -0.2486
     H   48    sigma_11=     19.45    axis=(  0.229005 -0.837142  0.496739)
     H   48    sigma_22=     17.19    axis=( -0.435784  0.368139  0.821319)
     H   48    sigma_33=     31.94    axis=(  0.870430  0.404557  0.280508)
 
     Initialization:
     gipaw_setup  :      0.36s CPU      0.38s WALL (       1 calls)
 
     Linear response
     greenf       :   6044.07s CPU   6277.81s WALL (     240 calls)
     cgsolve      :   6014.42s CPU   6248.05s WALL (     240 calls)
     ch_psi       :   5885.84s CPU   6119.27s WALL (   16397 calls)
     h_psiq       :   4686.08s CPU   4917.92s WALL (   16397 calls)
 
     Apply operators
     h_psi        :   4454.28s CPU   4719.32s WALL (   24742 calls)
     apply_vel    :     80.62s CPU     80.75s WALL (     210 calls)
 
     Induced current
     j_para       :    320.26s CPU    331.64s WALL (     270 calls)
     biot_savart  :      0.05s CPU      0.05s WALL (       1 calls)
 
     Other routines
 
     General routines
     calbec       :   1274.09s CPU   1279.38s WALL (   59566 calls)
     fft          :      0.14s CPU      0.16s WALL (      32 calls)
     fftw         :   3457.02s CPU   3716.30s WALL ( 2688884 calls)
     davcio       :      0.03s CPU      1.00s WALL (     160 calls)
 
     Parallel routines
     fft_scatter  :    777.27s CPU    918.76s WALL ( 2688916 calls)
 
     Plugins
 
     GIPAW        :   7621.42s CPU   7908.11s WALL (       1 calls)
