
     Program QE v.6.1 (svn rev. 13369) starts on  4Dec2017 at 21:21:42 

     This program is part of the open-source Quantum ESPRESSO suite
     for quantum simulation of materials; please cite
         "P. Giannozzi et al., J. Phys.:Condens. Matter 21 395502 (2009);
          URL http://www.quantum-espresso.org", 
     in publications or presentations arising from this work. More details at
     http://www.quantum-espresso.org/quote

     Parallel version (MPI), running on     8 processors
     R & G space division:  proc/nbgrp/npool/nimage =       8
 
     ***** This is GIPAW svn revision unknown      *****
 
     Parallelizing q-star over 1 images
     Message from routine gipaw_readin:
     *** iverbosity is obsolete, use verbosity instead ***

     Reading data from directory:
     /scratch/paruzzo/QEspresso/CCDC/ETANOL/wfc/scf.save

   Info: using nr1, nr2, nr3 values from input

   Info: using nr1, nr2, nr3 values from input

     IMPORTANT: XC functional enforced from input :
     Exchange-correlation      =  SLA  PW   PBX  PBC ( 1  4  3  4 0 0)
     Any further DFT definition will be discarded
     Please, verify this is what you really want

               file C.pbe-n-kjpaw_psl.0.1.UPF: wavefunction(s)  2P renormalized
               file N.pbe-n-kjpaw_psl.0.1.UPF: wavefunction(s)  2P renormalized
               file H.pbe-kjpaw_psl.0.1.UPF: wavefunction(s)  1S renormalized
               file O.pbe-n-kjpaw_psl.0.1.UPF: wavefunction(s)  2P renormalized
 
     Parallelization info
     --------------------
     sticks:   dense  smooth     PW     G-vecs:    dense   smooth      PW
     Min         526     526    141                34026    34026    4725
     Max         529     529    144                34028    34028    4726
     Sum        4211    4211   1131               272215   272215   37803
 

     Check: negative/imaginary core charge=   -0.000002    0.000000

     Subspace diagonalization in iterative solution of the eigenvalue problem:
     a serial algorithm will be used

     GIPAW projectors -----------------------------------------------
     atom=  C    l=0  rc=    1.3000  rs=    0.8667
     atom=  C    l=0  rc=    1.3000  rs=    0.8667
     atom=  C    l=1  rc=    1.4500  rs=    0.9667
     atom=  C    l=1  rc=    1.4500  rs=    0.9667
     projs nearly linearly dependent: l=0  n1,n2= 1, 2  s=  0.99877758
     projs nearly linearly dependent: l=1  n1,n2= 1, 2  s=  0.99940894
 
     atom=  N    l=0  rc=    1.3000  rs=    0.8667
     atom=  N    l=0  rc=    1.3000  rs=    0.8667
     atom=  N    l=1  rc=    1.4500  rs=    0.9667
     atom=  N    l=1  rc=    1.4500  rs=    0.9667
     projs nearly linearly dependent: l=0  n1,n2= 1, 2  s=  0.99709514
     projs nearly linearly dependent: l=1  n1,n2= 1, 2  s=  0.99857174
 
     atom=  H    l=0  rc=    1.0000  rs=    0.6667
     atom=  H    l=0  rc=    1.0000  rs=    0.6667
     projs nearly linearly dependent: l=0  n1,n2= 1, 2  s=  0.99968852
 
     atom=  O    l=0  rc=    1.3500  rs=    0.9000
     atom=  O    l=0  rc=    1.3500  rs=    0.9000
     atom=  O    l=1  rc=    1.3500  rs=    0.9000
     atom=  O    l=1  rc=    1.3500  rs=    0.9000
     projs nearly linearly dependent: l=0  n1,n2= 1, 2  s=  0.99100135
     projs nearly linearly dependent: l=1  n1,n2= 1, 2  s=  0.99790100
     -----------------------------------------------------------------
 
     alpha_pv=     39.1263 eV
 
     q-space interpolation up to   110.00 Rydberg
 
     GIPAW job: nmr                                                                             
     NMR macroscopic correction: yes
             0.6667          0.0000          0.0000
             0.0000          0.6667          0.0000
             0.0000          0.0000          0.6667

 
     Largest allocated arrays     est. size (Mb)     dimensions
        KS wavefunctions at k           3.14 Mb     (    4289,   48)
        KS wavefunctions at k+q         3.14 Mb     (    4289,   48)
        First-order wavefunctions      31.41 Mb     (    4289,   48, 10)
        First-order wavefunct (US)     18.85 Mb     (    4289,   48,  6)
        Charge/spin density             0.64 Mb     (   84240,    1)
        Induced current                 5.78 Mb     (   84240,    3,3,1)
        Induced magnetic field          5.78 Mb     (   84240,    3,3,1)
        NL pseudopotentials             9.42 Mb     (    4289,  144)
        GIPAW NL terms                  9.42 Mb     (    4289,  144)
 
     Computing the magnetic susceptibility     isolve=0    ethr=  0.1000E-13
     k-point #    1 of    14      pool #  1    cpu time:       5.3
     Rotating WFCS
     Rotating WFCS
     Rotating WFCS
     Rotating WFCS
     Rotating WFCS
     Rotating WFCS
     Rotating WFCS
     k-point #    2 of    14      pool #  1    cpu time:     220.1
     Rotating WFCS
     Rotating WFCS
     Rotating WFCS
     Rotating WFCS
     c_bands:  1 eigenvalues not converged
     Rotating WFCS
     Rotating WFCS
     Rotating WFCS
     k-point #    3 of    14      pool #  1    cpu time:     435.3
     Rotating WFCS
     Rotating WFCS
     Rotating WFCS
     Rotating WFCS
     Rotating WFCS
     Rotating WFCS
     Rotating WFCS
     k-point #    4 of    14      pool #  1    cpu time:     672.1
     Rotating WFCS
     Rotating WFCS
     Rotating WFCS
     Rotating WFCS
     Rotating WFCS
     Rotating WFCS
     Rotating WFCS
     k-point #    5 of    14      pool #  1    cpu time:     901.4
     Rotating WFCS
     Rotating WFCS
     Rotating WFCS
     Rotating WFCS
     Rotating WFCS
     Rotating WFCS
     Rotating WFCS
     k-point #    6 of    14      pool #  1    cpu time:    1114.5
     Rotating WFCS
     Rotating WFCS
     Rotating WFCS
     Rotating WFCS
     Rotating WFCS
     Rotating WFCS
     Rotating WFCS
     k-point #    7 of    14      pool #  1    cpu time:    1327.0
     Rotating WFCS
     c_bands:  1 eigenvalues not converged
     Rotating WFCS
     Rotating WFCS
     Rotating WFCS
     c_bands:  1 eigenvalues not converged
     Rotating WFCS
     Rotating WFCS
     Rotating WFCS
     c_bands:  1 eigenvalues not converged
     k-point #    8 of    14      pool #  1    cpu time:    1549.8
     Rotating WFCS
     Rotating WFCS
     c_bands:  1 eigenvalues not converged
     Rotating WFCS
     c_bands:  1 eigenvalues not converged
     Rotating WFCS
     c_bands:  1 eigenvalues not converged
     Rotating WFCS
     c_bands:  1 eigenvalues not converged
     Rotating WFCS
     c_bands:  1 eigenvalues not converged
     Rotating WFCS
     c_bands:  1 eigenvalues not converged
     k-point #    9 of    14      pool #  1    cpu time:    1782.5
     Rotating WFCS
     Rotating WFCS
     Rotating WFCS
     Rotating WFCS
     Rotating WFCS
     Rotating WFCS
     Rotating WFCS
     k-point #   10 of    14      pool #  1    cpu time:    2004.4
     Rotating WFCS
     Rotating WFCS
     Rotating WFCS
     Rotating WFCS
     Rotating WFCS
     Rotating WFCS
     Rotating WFCS
     k-point #   11 of    14      pool #  1    cpu time:    2234.9
     Rotating WFCS
     Rotating WFCS
     Rotating WFCS
     Rotating WFCS
     Rotating WFCS
     Rotating WFCS
     Rotating WFCS
     k-point #   12 of    14      pool #  1    cpu time:    2441.8
     Rotating WFCS
     Rotating WFCS
     Rotating WFCS
     Rotating WFCS
     Rotating WFCS
     Rotating WFCS
     Rotating WFCS
     k-point #   13 of    14      pool #  1    cpu time:    2653.9
     Rotating WFCS
     Rotating WFCS
     Rotating WFCS
     Rotating WFCS
     c_bands:  1 eigenvalues not converged
     Rotating WFCS
     Rotating WFCS
     Rotating WFCS
     k-point #   14 of    14      pool #  1    cpu time:    2875.0
     Rotating WFCS
     c_bands:  1 eigenvalues not converged
     Rotating WFCS
     c_bands:  1 eigenvalues not converged
     Rotating WFCS
     c_bands:  1 eigenvalues not converged
     Rotating WFCS
     c_bands:  1 eigenvalues not converged
     Rotating WFCS
     c_bands:  1 eigenvalues not converged
     Rotating WFCS
     c_bands:  1 eigenvalues not converged
     Rotating WFCS
     c_bands:  1 eigenvalues not converged
     End of magnetic susceptibility calculation
 
     f-sum rule (1st term):
           -77.1597          0.0000          0.0241
             0.0000        -77.1867          0.0000
             0.0264          0.0000        -77.1782

     f-sum rule (2nd term):
            -0.9867          0.0000         -0.0241
             0.0000         -0.9585          0.0000
            -0.0264          0.0000         -0.9670

     f-sum rule (should be   -78.1450):
           -78.1464          0.0000          0.0000
             0.0000        -78.1452          0.0000
             0.0000          0.0000        -78.1452

     chi_bare pGv (HH) in paratec units:
       -26.725852     -0.120143      0.401124
        -0.067613    -26.441609      0.126608
         0.367503      0.225081    -25.491102

       -26.725852      0.000000      0.401124
         0.000000    -26.441609      0.000000
         0.367503      0.000000    -25.491102

     chi_bare vGv (VV) in paratec units:
       -28.060523     -0.085677      0.580511
        -0.084655    -27.679216      0.104266
         0.573192      0.104910    -27.142737

       -28.060523      0.000000      0.580511
         0.000000    -27.679216      0.000000
         0.573192      0.000000    -27.142737

     chi_bare pGv (HH) in 10^{-6} cm^3/mol:
          -127.0038          0.0000          1.9062
             0.0000       -125.6530          0.0000
             1.7464          0.0000       -121.1361

     chi_bare vGv (VV) in 10^{-6} cm^3/mol:
          -133.3462          0.0000          2.7586
             0.0000       -131.5342          0.0000
             2.7239          0.0000       -128.9848

     Contributions to the NMR chemical shifts: -------------------------------
 
     Macroscopic shape contribution in ppm:                    5.81
             5.9174          0.0000          0.0000
             0.0000          5.8545          0.0000
             0.0000          0.0000          5.6440

 
     Core contribution in ppm:
 
     Atom  1  C   pos: ( -0.053031  0.373216  0.225763)  core sigma:         200.51
     Atom  2  C   pos: ( -0.215248  0.906679  0.976048)  core sigma:         200.51
     Atom  3  C   pos: (  0.439165  0.316557  0.784785)  core sigma:         200.51
     Atom  4  C   pos: (  0.601382  0.963339  0.034499)  core sigma:         200.51
     Atom  5  C   pos: (  0.344191  0.344749  1.049805)  core sigma:         200.51
     Atom  6  C   pos: (  0.506408  0.935147  0.299520)  core sigma:         200.51
     Atom  7  C   pos: (  0.173975  0.377980  0.057504)  core sigma:         200.51
     Atom  8  C   pos: (  0.011757  0.901916  0.807789)  core sigma:         200.51
     Atom  9  H   pos: (  0.893711  0.008543  0.245471)  core sigma:           0.00
     Atom 10  H   pos: (  0.731493  1.271353  0.995756)  core sigma:           0.00
     Atom 11  H   pos: (  0.757230  0.186542  0.624874)  core sigma:           0.00
     Atom 12  H   pos: (  0.595012  1.093354  1.375159)  core sigma:           0.00
     Atom 13  H   pos: (  0.315073  0.192458  0.676896)  core sigma:           0.00
     Atom 14  H   pos: (  0.152855  1.087438  1.427182)  core sigma:           0.00
     Atom 15  H   pos: (  0.442559  0.499111  0.691344)  core sigma:           0.00
     Atom 16  H   pos: (  0.280341  0.780785  1.441630)  core sigma:           0.00
     Atom 17  H   pos: (  0.473803  0.458566  1.159528)  core sigma:           0.00
     Atom 18  H   pos: (  0.636020  0.821330  0.409243)  core sigma:           0.00
     Atom 19  H   pos: (  0.325855  0.161889  1.139979)  core sigma:           0.00
     Atom 20  H   pos: (  0.488073  1.118007  0.389693)  core sigma:           0.00
     Atom 21  H   pos: (  0.160687  0.433661  1.049433)  core sigma:           0.00
     Atom 22  H   pos: (  0.322904  0.846235  0.299147)  core sigma:           0.00
     Atom 23  H   pos: ( -0.045406  0.525758  0.361938)  core sigma:           0.00
     Atom 24  H   pos: ( -0.207623  0.754138  1.112223)  core sigma:           0.00
     Atom 25  H   pos: (  0.773233  0.402102  0.112729)  core sigma:           0.00
     Atom 26  H   pos: (  0.611016  0.877794  0.863014)  core sigma:           0.00
     Atom 27  H   pos: ( -0.154852  0.225248  1.422178)  core sigma:           0.00
     Atom 28  H   pos: (  0.007366  1.054648  0.671893)  core sigma:           0.00
     Atom 29  H   pos: (  0.350899  0.363066  0.166075)  core sigma:           0.00
     Atom 30  H   pos: (  0.188681  0.916830  0.916360)  core sigma:           0.00
     Atom 31  H   pos: ( -0.143920  0.555401  1.456602)  core sigma:           0.00
     Atom 32  H   pos: (  0.018298  0.724495  0.706317)  core sigma:           0.00
     Atom 33  O   pos: ( -0.074943  0.148339  0.365956)  core sigma:         271.07
     Atom 34  O   pos: ( -0.237160  1.131556  1.116242)  core sigma:         271.07
     Atom 35  O   pos: (  0.687554  0.216970  0.795000)  core sigma:         271.07
     Atom 36  O   pos: (  0.849771  1.062926  0.044715)  core sigma:         271.07
 
     Bare contribution in ppm:
 
     Atom  1  C   pos: ( -0.053031  0.373216  0.225763)  bare sigma:         -20.35
           -29.4872          1.7043         -7.0547
            -0.2575         -4.8646        -19.2892
            -5.7187        -19.4927        -26.7047

     Atom  2  C   pos: ( -0.215248  0.906679  0.976048)  bare sigma:         -20.35
           -29.4872         -1.7043         -7.0547
             0.2575         -4.8646         19.2892
            -5.7187         19.4927        -26.7047

     Atom  3  C   pos: (  0.439165  0.316557  0.784785)  bare sigma:         -19.94
             1.2208        -16.7892          1.5101
           -15.7265        -29.4581         -1.5555
             0.4537         -0.6262        -31.5946

     Atom  4  C   pos: (  0.601382  0.963339  0.034499)  bare sigma:         -19.94
             1.2208         16.7892          1.5101
            15.7265        -29.4581          1.5555
             0.4537          0.6262        -31.5946

     Atom  5  C   pos: (  0.344191  0.344749  1.049805)  bare sigma:           6.07
             5.5124         -2.6183         -1.8055
            -2.4448         -0.0487          0.5853
            -5.3473          2.7333         12.7425

     Atom  6  C   pos: (  0.506408  0.935147  0.299520)  bare sigma:           6.07
             5.5124          2.6183         -1.8055
             2.4448         -0.0487         -0.5853
            -5.3473         -2.7333         12.7425

     Atom  7  C   pos: (  0.173975  0.377980  0.057504)  bare sigma:           3.99
             6.9169          2.8164         -7.9304
            -0.6876          1.3375         -2.7227
            -7.0655         -5.9862          3.7292

     Atom  8  C   pos: (  0.011757  0.901916  0.807789)  bare sigma:           3.99
             6.9169         -2.8164         -7.9304
             0.6876          1.3375          2.7227
            -7.0655          5.9862          3.7292

     Atom  9  H   pos: (  0.893711  0.008543  0.245471)  bare sigma:          15.60
             3.6727          6.2806          3.3798
             5.9690         25.0707         15.4100
             3.0269         13.5210         18.0646

     Atom 10  H   pos: (  0.731493  1.271353  0.995756)  bare sigma:          15.60
             3.6727         -6.2806          3.3798
            -5.9690         25.0707        -15.4100
             3.0269        -13.5210         18.0646

     Atom 11  H   pos: (  0.757230  0.186542  0.624874)  bare sigma:          15.81
            12.5931         -3.6241        -13.8927
            -3.7744          3.9418          3.8533
           -12.3170          4.1964         30.8937

     Atom 12  H   pos: (  0.595012  1.093354  1.375159)  bare sigma:          15.81
            12.5931          3.6241        -13.8927
             3.7744          3.9418         -3.8533
           -12.3170         -4.1964         30.8937

     Atom 13  H   pos: (  0.315073  0.192458  0.676896)  bare sigma:          19.01
            23.1221          1.4514          3.8925
            -0.2147         14.9665          2.1049
             3.2625          2.3351         18.9516

     Atom 14  H   pos: (  0.152855  1.087438  1.427182)  bare sigma:          19.01
            23.1221         -1.4514          3.8925
             0.2147         14.9665         -2.1049
             3.2625         -2.3351         18.9516

     Atom 15  H   pos: (  0.442559  0.499111  0.691344)  bare sigma:          19.58
            19.3416         -3.9424          0.2469
            -2.1070         21.0242         -3.4503
             0.2414         -2.7030         18.3648

     Atom 16  H   pos: (  0.280341  0.780785  1.441630)  bare sigma:          19.58
            19.3416          3.9424          0.2469
             2.1070         21.0242          3.4503
             0.2414          2.7030         18.3648

     Atom 17  H   pos: (  0.473803  0.458566  1.159528)  bare sigma:          22.55
            21.0280          2.0580          1.9596
             1.6943         22.9653          1.8797
             2.8090          2.7204         23.6479

     Atom 18  H   pos: (  0.636020  0.821330  0.409243)  bare sigma:          22.55
            21.0280         -2.0580          1.9596
            -1.6943         22.9653         -1.8797
             2.8090         -2.7204         23.6479

     Atom 19  H   pos: (  0.325855  0.161889  1.139979)  bare sigma:          22.44
            20.8228          0.6140         -1.0643
             0.8417         24.1368         -3.0391
            -0.8786         -3.1321         22.3488

     Atom 20  H   pos: (  0.488073  1.118007  0.389693)  bare sigma:          22.44
            20.8228         -0.6140         -1.0643
            -0.8417         24.1368          3.0391
            -0.8786          3.1321         22.3488

     Atom 21  H   pos: (  0.160687  0.433661  1.049433)  bare sigma:          22.15
            25.7578         -3.0216         -0.9245
            -3.4810         20.7140         -0.1171
            -1.2993          0.4153         19.9910

     Atom 22  H   pos: (  0.322904  0.846235  0.299147)  bare sigma:          22.15
            25.7578          3.0216         -0.9245
             3.4810         20.7140          0.1171
            -1.2993         -0.4153         19.9910

     Atom 23  H   pos: ( -0.045406  0.525758  0.361938)  bare sigma:          19.43
            15.9006         -0.5539         -1.4855
            -0.5055         23.8172          1.8766
            -2.1151          0.6852         18.5703

     Atom 24  H   pos: ( -0.207623  0.754138  1.112223)  bare sigma:          19.43
            15.9006          0.5539         -1.4855
             0.5055         23.8172         -1.8766
            -2.1151         -0.6852         18.5703

     Atom 25  H   pos: (  0.773233  0.402102  0.112729)  bare sigma:          18.99
            19.9396         -1.4125          1.3882
            -2.7010         19.0391         -3.9331
             1.7594         -3.1888         17.9891

     Atom 26  H   pos: (  0.611016  0.877794  0.863014)  bare sigma:          18.99
            19.9396          1.4125          1.3882
             2.7010         19.0391          3.9331
             1.7594          3.1888         17.9891

     Atom 27  H   pos: ( -0.154852  0.225248  1.422178)  bare sigma:          22.18
            19.8978          0.2453         -0.6101
             1.1052         22.3092          4.0347
            -0.4753          3.7662         24.3270

     Atom 28  H   pos: (  0.007366  1.054648  0.671893)  bare sigma:          22.18
            19.8978         -0.2453         -0.6101
            -1.1052         22.3092         -4.0347
            -0.4753         -3.7662         24.3270

     Atom 29  H   pos: (  0.350899  0.363066  0.166075)  bare sigma:          22.09
            25.8749          0.5488          2.4636
             0.5989         19.8613          0.1840
             1.8239          0.8244         20.5422

     Atom 30  H   pos: (  0.188681  0.916830  0.916360)  bare sigma:          22.09
            25.8749         -0.5488          2.4636
            -0.5989         19.8613         -0.1840
             1.8239         -0.8244         20.5422

     Atom 31  H   pos: ( -0.143920  0.555401  1.456602)  bare sigma:          22.17
            19.8867          2.0221         -1.2593
             1.3397         24.4324         -3.7947
            -0.9326         -4.1043         22.1818

     Atom 32  H   pos: (  0.018298  0.724495  0.706317)  bare sigma:          22.17
            19.8867         -2.0221         -1.2593
            -1.3397         24.4324          3.7947
            -0.9326          4.1043         22.1818

     Atom 33  O   pos: ( -0.074943  0.148339  0.365956)  bare sigma:          73.08
            67.8994          4.7329         -8.5327
             4.2497         72.6759          3.2500
            -5.5820          5.8553         78.6700

     Atom 34  O   pos: ( -0.237160  1.131556  1.116242)  bare sigma:          73.08
            67.8994         -4.7329         -8.5327
            -4.2497         72.6759         -3.2500
            -5.5820         -5.8553         78.6700

     Atom 35  O   pos: (  0.687554  0.216970  0.795000)  bare sigma:          77.47
            76.8637         -7.2317         -7.3000
            -6.9289         66.5895          0.3771
           -12.4345          1.7992         88.9683

     Atom 36  O   pos: (  0.849771  1.062926  0.044715)  bare sigma:          77.47
            76.8637          7.2317         -7.3000
             6.9289         66.5895         -0.3771
           -12.4345         -1.7992         88.9683

     Diamagnetic contribution in ppm:
 
     Atom  1  C   pos: ( -0.053031  0.373216  0.225763)  dia sigma:           4.11
             4.0317          0.0116         -0.0224
             0.0116          4.2293         -0.1481
            -0.0224         -0.1481          4.0821

     Atom  2  C   pos: ( -0.215248  0.906679  0.976048)  dia sigma:           4.11
             4.0317         -0.0116         -0.0224
            -0.0116          4.2293          0.1481
            -0.0224          0.1481          4.0821

     Atom  3  C   pos: (  0.439165  0.316557  0.784785)  dia sigma:           4.12
             4.2967         -0.1287         -0.0030
            -0.1287          4.0449         -0.0065
            -0.0030         -0.0065          4.0286

     Atom  4  C   pos: (  0.601382  0.963339  0.034499)  dia sigma:           4.12
             4.2967          0.1287         -0.0030
             0.1287          4.0449          0.0065
            -0.0030          0.0065          4.0286

     Atom  5  C   pos: (  0.344191  0.344749  1.049805)  dia sigma:           4.39
             4.3754          0.0014         -0.0116
             0.0014          4.3778          0.0056
            -0.0116          0.0056          4.4318

     Atom  6  C   pos: (  0.506408  0.935147  0.299520)  dia sigma:           4.39
             4.3754         -0.0014         -0.0116
            -0.0014          4.3778         -0.0056
            -0.0116         -0.0056          4.4318

     Atom  7  C   pos: (  0.173975  0.377980  0.057504)  dia sigma:           4.36
             4.3908         -0.0025         -0.0146
            -0.0025          4.3433         -0.0091
            -0.0146         -0.0091          4.3593

     Atom  8  C   pos: (  0.011757  0.901916  0.807789)  dia sigma:           4.36
             4.3908          0.0025         -0.0146
             0.0025          4.3433          0.0091
            -0.0146          0.0091          4.3593

     Atom  9  H   pos: (  0.893711  0.008543  0.245471)  dia sigma:           0.95
             0.9505         -0.0000         -0.0000
            -0.0000          0.9505          0.0000
            -0.0000          0.0000          0.9505

     Atom 10  H   pos: (  0.731493  1.271353  0.995756)  dia sigma:           0.95
             0.9505          0.0000         -0.0000
             0.0000          0.9505         -0.0000
            -0.0000         -0.0000          0.9505

     Atom 11  H   pos: (  0.757230  0.186542  0.624874)  dia sigma:           0.96
             0.9585         -0.0000         -0.0000
            -0.0000          0.9585          0.0000
            -0.0000          0.0000          0.9585

     Atom 12  H   pos: (  0.595012  1.093354  1.375159)  dia sigma:           0.96
             0.9585          0.0000         -0.0000
             0.0000          0.9585         -0.0000
            -0.0000         -0.0000          0.9585

     Atom 13  H   pos: (  0.315073  0.192458  0.676896)  dia sigma:           1.14
             1.1445          0.0000         -0.0000
             0.0000          1.1445         -0.0000
            -0.0000         -0.0000          1.1445

     Atom 14  H   pos: (  0.152855  1.087438  1.427182)  dia sigma:           1.14
             1.1445         -0.0000         -0.0000
            -0.0000          1.1445          0.0000
            -0.0000          0.0000          1.1445

     Atom 15  H   pos: (  0.442559  0.499111  0.691344)  dia sigma:           1.16
             1.1612          0.0000         -0.0000
             0.0000          1.1612         -0.0000
            -0.0000         -0.0000          1.1612

     Atom 16  H   pos: (  0.280341  0.780785  1.441630)  dia sigma:           1.16
             1.1612         -0.0000         -0.0000
            -0.0000          1.1612          0.0000
            -0.0000          0.0000          1.1612

     Atom 17  H   pos: (  0.473803  0.458566  1.159528)  dia sigma:           1.14
             1.1389          0.0000         -0.0000
             0.0000          1.1389         -0.0000
            -0.0000         -0.0000          1.1389

     Atom 18  H   pos: (  0.636020  0.821330  0.409243)  dia sigma:           1.14
             1.1389         -0.0000         -0.0000
            -0.0000          1.1389          0.0000
            -0.0000          0.0000          1.1389

     Atom 19  H   pos: (  0.325855  0.161889  1.139979)  dia sigma:           1.13
             1.1338         -0.0000         -0.0000
            -0.0000          1.1338          0.0000
            -0.0000          0.0000          1.1338

     Atom 20  H   pos: (  0.488073  1.118007  0.389693)  dia sigma:           1.13
             1.1338          0.0000         -0.0000
             0.0000          1.1338         -0.0000
            -0.0000         -0.0000          1.1338

     Atom 21  H   pos: (  0.160687  0.433661  1.049433)  dia sigma:           1.13
             1.1339         -0.0000         -0.0000
            -0.0000          1.1339          0.0000
            -0.0000          0.0000          1.1339

     Atom 22  H   pos: (  0.322904  0.846235  0.299147)  dia sigma:           1.13
             1.1339          0.0000         -0.0000
             0.0000          1.1339         -0.0000
            -0.0000         -0.0000          1.1339

     Atom 23  H   pos: ( -0.045406  0.525758  0.361938)  dia sigma:           1.16
             1.1625         -0.0000         -0.0000
            -0.0000          1.1625          0.0000
            -0.0000          0.0000          1.1625

     Atom 24  H   pos: ( -0.207623  0.754138  1.112223)  dia sigma:           1.16
             1.1625          0.0000         -0.0000
             0.0000          1.1625         -0.0000
            -0.0000         -0.0000          1.1625

     Atom 25  H   pos: (  0.773233  0.402102  0.112729)  dia sigma:           1.13
             1.1310          0.0000         -0.0000
             0.0000          1.1310         -0.0000
            -0.0000         -0.0000          1.1310

     Atom 26  H   pos: (  0.611016  0.877794  0.863014)  dia sigma:           1.13
             1.1310         -0.0000         -0.0000
            -0.0000          1.1310          0.0000
            -0.0000          0.0000          1.1310

     Atom 27  H   pos: ( -0.154852  0.225248  1.422178)  dia sigma:           1.13
             1.1303         -0.0000         -0.0000
            -0.0000          1.1303          0.0000
            -0.0000          0.0000          1.1303

     Atom 28  H   pos: (  0.007366  1.054648  0.671893)  dia sigma:           1.13
             1.1303          0.0000         -0.0000
             0.0000          1.1303         -0.0000
            -0.0000         -0.0000          1.1303

     Atom 29  H   pos: (  0.350899  0.363066  0.166075)  dia sigma:           1.11
             1.1098         -0.0000         -0.0000
            -0.0000          1.1098          0.0000
            -0.0000          0.0000          1.1098

     Atom 30  H   pos: (  0.188681  0.916830  0.916360)  dia sigma:           1.11
             1.1098          0.0000         -0.0000
             0.0000          1.1098         -0.0000
            -0.0000         -0.0000          1.1098

     Atom 31  H   pos: ( -0.143920  0.555401  1.456602)  dia sigma:           1.13
             1.1341          0.0000         -0.0000
             0.0000          1.1341         -0.0000
            -0.0000         -0.0000          1.1341

     Atom 32  H   pos: (  0.018298  0.724495  0.706317)  dia sigma:           1.13
             1.1341         -0.0000         -0.0000
            -0.0000          1.1341          0.0000
            -0.0000          0.0000          1.1341

     Atom 33  O   pos: ( -0.074943  0.148339  0.365956)  dia sigma:          18.01
            17.1842          0.2181         -0.0273
             0.2181         18.7869         -0.1904
            -0.0273         -0.1904         18.0505

     Atom 34  O   pos: ( -0.237160  1.131556  1.116242)  dia sigma:          18.01
            17.1842         -0.2181         -0.0273
            -0.2181         18.7869          0.1904
            -0.0273          0.1904         18.0505

     Atom 35  O   pos: (  0.687554  0.216970  0.795000)  dia sigma:          18.02
            18.5580         -0.6058         -0.2337
            -0.6058         17.4221          0.0304
            -0.2337          0.0304         18.0813

     Atom 36  O   pos: (  0.849771  1.062926  0.044715)  dia sigma:          18.02
            18.5580          0.6058         -0.2337
             0.6058         17.4221         -0.0304
            -0.2337         -0.0304         18.0813

     Paramagnetic contribution in ppm:
 
     Atom  1  C   pos: ( -0.053031  0.373216  0.225763)  para sigma:         -70.07
           -75.8287          0.3964         -3.7410
            -1.7183        -59.1431        -12.6384
            -1.8734        -12.2160        -75.2240

     Atom  2  C   pos: ( -0.215248  0.906679  0.976048)  para sigma:         -70.07
           -75.8287         -0.3964         -3.7410
             1.7183        -59.1431         12.6384
            -1.8734         12.2160        -75.2240

     Atom  3  C   pos: (  0.439165  0.316557  0.784785)  para sigma:         -69.99
           -55.8081        -10.8114          3.0245
            -9.9063        -75.5222         -1.6865
             1.0886         -0.9363        -78.6309

     Atom  4  C   pos: (  0.601382  0.963339  0.034499)  para sigma:         -69.99
           -55.8081         10.8114          3.0245
             9.9063        -75.5222          1.6865
             1.0886          0.9363        -78.6309

     Atom  5  C   pos: (  0.344191  0.344749  1.049805)  para sigma:         -50.93
           -50.2413         -2.6626          0.7105
            -2.2616        -56.1643          0.0416
            -3.8725          2.0532        -46.3942

     Atom  6  C   pos: (  0.506408  0.935147  0.299520)  para sigma:         -50.93
           -50.2413          2.6626          0.7105
             2.2616        -56.1643         -0.0416
            -3.8725         -2.0532        -46.3942

     Atom  7  C   pos: (  0.173975  0.377980  0.057504)  para sigma:         -52.78
           -51.3208          1.6892         -5.8170
            -2.7813        -53.2657         -2.5705
            -4.5689         -6.2780        -53.7399

     Atom  8  C   pos: (  0.011757  0.901916  0.807789)  para sigma:         -52.78
           -51.3208         -1.6892         -5.8170
             2.7813        -53.2657          2.5705
            -4.5689          6.2780        -53.7399

     Atom  9  H   pos: (  0.893711  0.008543  0.245471)  para sigma:           0.00
             0.0000          0.0000          0.0000
             0.0000          0.0000          0.0000
             0.0000          0.0000          0.0000

     Atom 10  H   pos: (  0.731493  1.271353  0.995756)  para sigma:           0.00
             0.0000          0.0000          0.0000
             0.0000          0.0000          0.0000
             0.0000          0.0000          0.0000

     Atom 11  H   pos: (  0.757230  0.186542  0.624874)  para sigma:           0.00
             0.0000          0.0000          0.0000
             0.0000          0.0000          0.0000
             0.0000          0.0000          0.0000

     Atom 12  H   pos: (  0.595012  1.093354  1.375159)  para sigma:           0.00
             0.0000          0.0000          0.0000
             0.0000          0.0000          0.0000
             0.0000          0.0000          0.0000

     Atom 13  H   pos: (  0.315073  0.192458  0.676896)  para sigma:           0.00
             0.0000          0.0000          0.0000
             0.0000          0.0000          0.0000
             0.0000          0.0000          0.0000

     Atom 14  H   pos: (  0.152855  1.087438  1.427182)  para sigma:           0.00
             0.0000          0.0000          0.0000
             0.0000          0.0000          0.0000
             0.0000          0.0000          0.0000

     Atom 15  H   pos: (  0.442559  0.499111  0.691344)  para sigma:           0.00
             0.0000          0.0000          0.0000
             0.0000          0.0000          0.0000
             0.0000          0.0000          0.0000

     Atom 16  H   pos: (  0.280341  0.780785  1.441630)  para sigma:           0.00
             0.0000          0.0000          0.0000
             0.0000          0.0000          0.0000
             0.0000          0.0000          0.0000

     Atom 17  H   pos: (  0.473803  0.458566  1.159528)  para sigma:           0.00
             0.0000          0.0000          0.0000
             0.0000          0.0000          0.0000
             0.0000          0.0000          0.0000

     Atom 18  H   pos: (  0.636020  0.821330  0.409243)  para sigma:           0.00
             0.0000          0.0000          0.0000
             0.0000          0.0000          0.0000
             0.0000          0.0000          0.0000

     Atom 19  H   pos: (  0.325855  0.161889  1.139979)  para sigma:           0.00
             0.0000          0.0000          0.0000
             0.0000          0.0000          0.0000
             0.0000          0.0000          0.0000

     Atom 20  H   pos: (  0.488073  1.118007  0.389693)  para sigma:           0.00
             0.0000          0.0000          0.0000
             0.0000          0.0000          0.0000
             0.0000          0.0000          0.0000

     Atom 21  H   pos: (  0.160687  0.433661  1.049433)  para sigma:           0.00
             0.0000          0.0000          0.0000
             0.0000          0.0000          0.0000
             0.0000          0.0000          0.0000

     Atom 22  H   pos: (  0.322904  0.846235  0.299147)  para sigma:           0.00
             0.0000          0.0000          0.0000
             0.0000          0.0000          0.0000
             0.0000          0.0000          0.0000

     Atom 23  H   pos: ( -0.045406  0.525758  0.361938)  para sigma:           0.00
             0.0000          0.0000          0.0000
             0.0000          0.0000          0.0000
             0.0000          0.0000          0.0000

     Atom 24  H   pos: ( -0.207623  0.754138  1.112223)  para sigma:           0.00
             0.0000          0.0000          0.0000
             0.0000          0.0000          0.0000
             0.0000          0.0000          0.0000

     Atom 25  H   pos: (  0.773233  0.402102  0.112729)  para sigma:           0.00
             0.0000          0.0000          0.0000
             0.0000          0.0000          0.0000
             0.0000          0.0000          0.0000

     Atom 26  H   pos: (  0.611016  0.877794  0.863014)  para sigma:           0.00
             0.0000          0.0000          0.0000
             0.0000          0.0000          0.0000
             0.0000          0.0000          0.0000

     Atom 27  H   pos: ( -0.154852  0.225248  1.422178)  para sigma:           0.00
             0.0000          0.0000          0.0000
             0.0000          0.0000          0.0000
             0.0000          0.0000          0.0000

     Atom 28  H   pos: (  0.007366  1.054648  0.671893)  para sigma:           0.00
             0.0000          0.0000          0.0000
             0.0000          0.0000          0.0000
             0.0000          0.0000          0.0000

     Atom 29  H   pos: (  0.350899  0.363066  0.166075)  para sigma:           0.00
             0.0000          0.0000          0.0000
             0.0000          0.0000          0.0000
             0.0000          0.0000          0.0000

     Atom 30  H   pos: (  0.188681  0.916830  0.916360)  para sigma:           0.00
             0.0000          0.0000          0.0000
             0.0000          0.0000          0.0000
             0.0000          0.0000          0.0000

     Atom 31  H   pos: ( -0.143920  0.555401  1.456602)  para sigma:           0.00
             0.0000          0.0000          0.0000
             0.0000          0.0000          0.0000
             0.0000          0.0000          0.0000

     Atom 32  H   pos: (  0.018298  0.724495  0.706317)  para sigma:           0.00
             0.0000          0.0000          0.0000
             0.0000          0.0000          0.0000
             0.0000          0.0000          0.0000

     Atom 33  O   pos: ( -0.074943  0.148339  0.365956)  para sigma:          18.76
            10.7643          9.0497        -17.6142
             8.8709         13.3652         20.0152
           -10.0948         27.5638         32.1569

     Atom 34  O   pos: ( -0.237160  1.131556  1.116242)  para sigma:          18.76
            10.7643         -9.0497        -17.6142
            -8.8709         13.3652        -20.0152
           -10.0948        -27.5638         32.1569

     Atom 35  O   pos: (  0.687554  0.216970  0.795000)  para sigma:          30.10
            17.1983         -9.8491        -19.9108
            -9.3516          2.5638          5.3038
           -33.0281          6.7839         70.5382

     Atom 36  O   pos: (  0.849771  1.062926  0.044715)  para sigma:          30.10
            17.1983          9.8491        -19.9108
             9.3516          2.5638         -5.3038
           -33.0281         -6.7839         70.5382

     Paramagnetic US occ-occ contribution in ppm:
 
     Atom  1  C   pos: ( -0.053031  0.373216  0.225763)  para_oo sigma:          -0.08
            -0.0590         -0.0203         -0.0102
            -0.0193         -0.0561         -0.0425
            -0.0088         -0.0323         -0.1151

     Atom  2  C   pos: ( -0.215248  0.906679  0.976048)  para_oo sigma:          -0.08
            -0.0590          0.0203         -0.0102
             0.0193         -0.0561          0.0425
            -0.0088          0.0323         -0.1151

     Atom  3  C   pos: (  0.439165  0.316557  0.784785)  para_oo sigma:          -0.07
            -0.0427         -0.0180          0.0111
            -0.0126         -0.0714         -0.0155
             0.0127         -0.0189         -0.0864

     Atom  4  C   pos: (  0.601382  0.963339  0.034499)  para_oo sigma:          -0.07
            -0.0427          0.0180          0.0111
             0.0126         -0.0714          0.0155
             0.0127          0.0189         -0.0864

     Atom  5  C   pos: (  0.344191  0.344749  1.049805)  para_oo sigma:          -0.07
            -0.0475          0.0405         -0.0340
             0.0382          0.0137          0.0267
            -0.0053          0.0208         -0.1757

     Atom  6  C   pos: (  0.506408  0.935147  0.299520)  para_oo sigma:          -0.07
            -0.0475         -0.0405         -0.0340
            -0.0382          0.0137         -0.0267
            -0.0053         -0.0208         -0.1757

     Atom  7  C   pos: (  0.173975  0.377980  0.057504)  para_oo sigma:          -0.05
            -0.0804          0.0240          0.0598
             0.0684         -0.0384          0.0165
             0.0636          0.0217         -0.0189

     Atom  8  C   pos: (  0.011757  0.901916  0.807789)  para_oo sigma:          -0.05
            -0.0804         -0.0240          0.0598
            -0.0684         -0.0384         -0.0165
             0.0636         -0.0217         -0.0189

     Atom  9  H   pos: (  0.893711  0.008543  0.245471)  para_oo sigma:           0.00
             0.0000          0.0000          0.0000
             0.0000          0.0000          0.0000
             0.0000          0.0000          0.0000

     Atom 10  H   pos: (  0.731493  1.271353  0.995756)  para_oo sigma:           0.00
             0.0000          0.0000          0.0000
             0.0000          0.0000          0.0000
             0.0000          0.0000          0.0000

     Atom 11  H   pos: (  0.757230  0.186542  0.624874)  para_oo sigma:           0.00
             0.0000          0.0000          0.0000
             0.0000          0.0000          0.0000
             0.0000          0.0000          0.0000

     Atom 12  H   pos: (  0.595012  1.093354  1.375159)  para_oo sigma:           0.00
             0.0000          0.0000          0.0000
             0.0000          0.0000          0.0000
             0.0000          0.0000          0.0000

     Atom 13  H   pos: (  0.315073  0.192458  0.676896)  para_oo sigma:           0.00
             0.0000          0.0000          0.0000
             0.0000          0.0000          0.0000
             0.0000          0.0000          0.0000

     Atom 14  H   pos: (  0.152855  1.087438  1.427182)  para_oo sigma:           0.00
             0.0000          0.0000          0.0000
             0.0000          0.0000          0.0000
             0.0000          0.0000          0.0000

     Atom 15  H   pos: (  0.442559  0.499111  0.691344)  para_oo sigma:           0.00
             0.0000          0.0000          0.0000
             0.0000          0.0000          0.0000
             0.0000          0.0000          0.0000

     Atom 16  H   pos: (  0.280341  0.780785  1.441630)  para_oo sigma:           0.00
             0.0000          0.0000          0.0000
             0.0000          0.0000          0.0000
             0.0000          0.0000          0.0000

     Atom 17  H   pos: (  0.473803  0.458566  1.159528)  para_oo sigma:           0.00
             0.0000          0.0000          0.0000
             0.0000          0.0000          0.0000
             0.0000          0.0000          0.0000

     Atom 18  H   pos: (  0.636020  0.821330  0.409243)  para_oo sigma:           0.00
             0.0000          0.0000          0.0000
             0.0000          0.0000          0.0000
             0.0000          0.0000          0.0000

     Atom 19  H   pos: (  0.325855  0.161889  1.139979)  para_oo sigma:           0.00
             0.0000          0.0000          0.0000
             0.0000          0.0000          0.0000
             0.0000          0.0000          0.0000

     Atom 20  H   pos: (  0.488073  1.118007  0.389693)  para_oo sigma:           0.00
             0.0000          0.0000          0.0000
             0.0000          0.0000          0.0000
             0.0000          0.0000          0.0000

     Atom 21  H   pos: (  0.160687  0.433661  1.049433)  para_oo sigma:           0.00
             0.0000          0.0000          0.0000
             0.0000          0.0000          0.0000
             0.0000          0.0000          0.0000

     Atom 22  H   pos: (  0.322904  0.846235  0.299147)  para_oo sigma:           0.00
             0.0000          0.0000          0.0000
             0.0000          0.0000          0.0000
             0.0000          0.0000          0.0000

     Atom 23  H   pos: ( -0.045406  0.525758  0.361938)  para_oo sigma:           0.00
             0.0000          0.0000          0.0000
             0.0000          0.0000          0.0000
             0.0000          0.0000          0.0000

     Atom 24  H   pos: ( -0.207623  0.754138  1.112223)  para_oo sigma:           0.00
             0.0000          0.0000          0.0000
             0.0000          0.0000          0.0000
             0.0000          0.0000          0.0000

     Atom 25  H   pos: (  0.773233  0.402102  0.112729)  para_oo sigma:           0.00
             0.0000          0.0000          0.0000
             0.0000          0.0000          0.0000
             0.0000          0.0000          0.0000

     Atom 26  H   pos: (  0.611016  0.877794  0.863014)  para_oo sigma:           0.00
             0.0000          0.0000          0.0000
             0.0000          0.0000          0.0000
             0.0000          0.0000          0.0000

     Atom 27  H   pos: ( -0.154852  0.225248  1.422178)  para_oo sigma:           0.00
             0.0000          0.0000          0.0000
             0.0000          0.0000          0.0000
             0.0000          0.0000          0.0000

     Atom 28  H   pos: (  0.007366  1.054648  0.671893)  para_oo sigma:           0.00
             0.0000          0.0000          0.0000
             0.0000          0.0000          0.0000
             0.0000          0.0000          0.0000

     Atom 29  H   pos: (  0.350899  0.363066  0.166075)  para_oo sigma:           0.00
             0.0000          0.0000          0.0000
             0.0000          0.0000          0.0000
             0.0000          0.0000          0.0000

     Atom 30  H   pos: (  0.188681  0.916830  0.916360)  para_oo sigma:           0.00
             0.0000          0.0000          0.0000
             0.0000          0.0000          0.0000
             0.0000          0.0000          0.0000

     Atom 31  H   pos: ( -0.143920  0.555401  1.456602)  para_oo sigma:           0.00
             0.0000          0.0000          0.0000
             0.0000          0.0000          0.0000
             0.0000          0.0000          0.0000

     Atom 32  H   pos: (  0.018298  0.724495  0.706317)  para_oo sigma:           0.00
             0.0000          0.0000          0.0000
             0.0000          0.0000          0.0000
             0.0000          0.0000          0.0000

     Atom 33  O   pos: ( -0.074943  0.148339  0.365956)  para_oo sigma:          -0.35
            -0.2768         -0.0267          0.1231
            -0.0537         -0.5433          0.4011
             0.1014          0.4456         -0.2424

     Atom 34  O   pos: ( -0.237160  1.131556  1.116242)  para_oo sigma:          -0.35
            -0.2768          0.0267          0.1231
             0.0537         -0.5433         -0.4011
             0.1014         -0.4456         -0.2424

     Atom 35  O   pos: (  0.687554  0.216970  0.795000)  para_oo sigma:          -0.33
            -0.5501          0.1760         -0.0652
             0.2191         -0.3791         -0.0245
            -0.0870         -0.0150         -0.0553

     Atom 36  O   pos: (  0.849771  1.062926  0.044715)  para_oo sigma:          -0.33
            -0.5501         -0.1760         -0.0652
            -0.2191         -0.3791          0.0245
            -0.0870          0.0150         -0.0553

     Paramagnetic US L_R Q_R contribution in ppm:
 
     Atom  1  C   pos: ( -0.053031  0.373216  0.225763)  para_lq sigma:         -10.94
           -10.3481         -0.1636          0.0364
            -0.1888        -11.6174          0.6597
             0.0542          0.6607        -10.8683

     Atom  2  C   pos: ( -0.215248  0.906679  0.976048)  para_lq sigma:         -10.94
           -10.3481          0.1636          0.0364
             0.1888        -11.6174         -0.6597
             0.0542         -0.6607        -10.8683

     Atom  3  C   pos: (  0.439165  0.316557  0.784785)  para_lq sigma:         -10.86
           -11.7490          0.5500         -0.0374
             0.5812        -10.5898          0.0200
             0.0452         -0.0375        -10.2338

     Atom  4  C   pos: (  0.601382  0.963339  0.034499)  para_lq sigma:         -10.86
           -11.7490         -0.5500         -0.0374
            -0.5812        -10.5898         -0.0200
             0.0452          0.0375        -10.2338

     Atom  5  C   pos: (  0.344191  0.344749  1.049805)  para_lq sigma:         -11.05
           -10.9985          0.0134         -0.0101
             0.0113        -11.0016          0.0103
             0.0383          0.0043        -11.1438

     Atom  6  C   pos: (  0.506408  0.935147  0.299520)  para_lq sigma:         -11.05
           -10.9985         -0.0134         -0.0101
            -0.0113        -11.0016         -0.0103
             0.0383         -0.0043        -11.1438

     Atom  7  C   pos: (  0.173975  0.377980  0.057504)  para_lq sigma:         -11.11
           -11.1338         -0.0035          0.0512
             0.0970        -11.1404          0.0210
             0.0214         -0.0323        -11.0551

     Atom  8  C   pos: (  0.011757  0.901916  0.807789)  para_lq sigma:         -11.11
           -11.1338          0.0035          0.0512
            -0.0970        -11.1404         -0.0210
             0.0214          0.0323        -11.0551

     Atom  9  H   pos: (  0.893711  0.008543  0.245471)  para_lq sigma:           0.00
             0.0000          0.0000          0.0000
             0.0000          0.0000          0.0000
             0.0000          0.0000          0.0000

     Atom 10  H   pos: (  0.731493  1.271353  0.995756)  para_lq sigma:           0.00
             0.0000          0.0000          0.0000
             0.0000          0.0000          0.0000
             0.0000          0.0000          0.0000

     Atom 11  H   pos: (  0.757230  0.186542  0.624874)  para_lq sigma:           0.00
             0.0000          0.0000          0.0000
             0.0000          0.0000          0.0000
             0.0000          0.0000          0.0000

     Atom 12  H   pos: (  0.595012  1.093354  1.375159)  para_lq sigma:           0.00
             0.0000          0.0000          0.0000
             0.0000          0.0000          0.0000
             0.0000          0.0000          0.0000

     Atom 13  H   pos: (  0.315073  0.192458  0.676896)  para_lq sigma:           0.00
             0.0000          0.0000          0.0000
             0.0000          0.0000          0.0000
             0.0000          0.0000          0.0000

     Atom 14  H   pos: (  0.152855  1.087438  1.427182)  para_lq sigma:           0.00
             0.0000          0.0000          0.0000
             0.0000          0.0000          0.0000
             0.0000          0.0000          0.0000

     Atom 15  H   pos: (  0.442559  0.499111  0.691344)  para_lq sigma:           0.00
             0.0000          0.0000          0.0000
             0.0000          0.0000          0.0000
             0.0000          0.0000          0.0000

     Atom 16  H   pos: (  0.280341  0.780785  1.441630)  para_lq sigma:           0.00
             0.0000          0.0000          0.0000
             0.0000          0.0000          0.0000
             0.0000          0.0000          0.0000

     Atom 17  H   pos: (  0.473803  0.458566  1.159528)  para_lq sigma:           0.00
             0.0000          0.0000          0.0000
             0.0000          0.0000          0.0000
             0.0000          0.0000          0.0000

     Atom 18  H   pos: (  0.636020  0.821330  0.409243)  para_lq sigma:           0.00
             0.0000          0.0000          0.0000
             0.0000          0.0000          0.0000
             0.0000          0.0000          0.0000

     Atom 19  H   pos: (  0.325855  0.161889  1.139979)  para_lq sigma:           0.00
             0.0000          0.0000          0.0000
             0.0000          0.0000          0.0000
             0.0000          0.0000          0.0000

     Atom 20  H   pos: (  0.488073  1.118007  0.389693)  para_lq sigma:           0.00
             0.0000          0.0000          0.0000
             0.0000          0.0000          0.0000
             0.0000          0.0000          0.0000

     Atom 21  H   pos: (  0.160687  0.433661  1.049433)  para_lq sigma:           0.00
             0.0000          0.0000          0.0000
             0.0000          0.0000          0.0000
             0.0000          0.0000          0.0000

     Atom 22  H   pos: (  0.322904  0.846235  0.299147)  para_lq sigma:           0.00
             0.0000          0.0000          0.0000
             0.0000          0.0000          0.0000
             0.0000          0.0000          0.0000

     Atom 23  H   pos: ( -0.045406  0.525758  0.361938)  para_lq sigma:           0.00
             0.0000          0.0000          0.0000
             0.0000          0.0000          0.0000
             0.0000          0.0000          0.0000

     Atom 24  H   pos: ( -0.207623  0.754138  1.112223)  para_lq sigma:           0.00
             0.0000          0.0000          0.0000
             0.0000          0.0000          0.0000
             0.0000          0.0000          0.0000

     Atom 25  H   pos: (  0.773233  0.402102  0.112729)  para_lq sigma:           0.00
             0.0000          0.0000          0.0000
             0.0000          0.0000          0.0000
             0.0000          0.0000          0.0000

     Atom 26  H   pos: (  0.611016  0.877794  0.863014)  para_lq sigma:           0.00
             0.0000          0.0000          0.0000
             0.0000          0.0000          0.0000
             0.0000          0.0000          0.0000

     Atom 27  H   pos: ( -0.154852  0.225248  1.422178)  para_lq sigma:           0.00
             0.0000          0.0000          0.0000
             0.0000          0.0000          0.0000
             0.0000          0.0000          0.0000

     Atom 28  H   pos: (  0.007366  1.054648  0.671893)  para_lq sigma:           0.00
             0.0000          0.0000          0.0000
             0.0000          0.0000          0.0000
             0.0000          0.0000          0.0000

     Atom 29  H   pos: (  0.350899  0.363066  0.166075)  para_lq sigma:           0.00
             0.0000          0.0000          0.0000
             0.0000          0.0000          0.0000
             0.0000          0.0000          0.0000

     Atom 30  H   pos: (  0.188681  0.916830  0.916360)  para_lq sigma:           0.00
             0.0000          0.0000          0.0000
             0.0000          0.0000          0.0000
             0.0000          0.0000          0.0000

     Atom 31  H   pos: ( -0.143920  0.555401  1.456602)  para_lq sigma:           0.00
             0.0000          0.0000          0.0000
             0.0000          0.0000          0.0000
             0.0000          0.0000          0.0000

     Atom 32  H   pos: (  0.018298  0.724495  0.706317)  para_lq sigma:           0.00
             0.0000          0.0000          0.0000
             0.0000          0.0000          0.0000
             0.0000          0.0000          0.0000

     Atom 33  O   pos: ( -0.074943  0.148339  0.365956)  para_lq sigma:        -137.39
          -126.9508         -2.6567         -0.4463
            -2.7672       -142.8611         -3.0199
            -0.3698         -2.9879       -142.3540

     Atom 34  O   pos: ( -0.237160  1.131556  1.116242)  para_lq sigma:        -137.39
          -126.9508          2.6567         -0.4463
             2.7672       -142.8611          3.0199
            -0.3698          2.9879       -142.3540

     Atom 35  O   pos: (  0.687554  0.216970  0.795000)  para_lq sigma:        -137.60
          -138.3348          5.3611          3.1241
             5.4510       -129.1734         -0.2787
             2.8875         -0.1476       -145.3015

     Atom 36  O   pos: (  0.849771  1.062926  0.044715)  para_lq sigma:        -137.60
          -138.3348         -5.3611          3.1241
            -5.4510       -129.1734          0.2787
             2.8875          0.1476       -145.3015

 
     Total NMR chemical shifts in ppm: ---------------------------------------
     (adopting the Simpson convention for anisotropy and asymmetry)-----------
 
     Atom  1  C   pos: ( -0.053031  0.373216  0.225763)  Total sigma:         108.99
            94.7361          1.9284        -10.7919
            -2.1723        134.9127        -31.4585
            -7.5691        -31.2284         97.3240

     C    1    anisotropy:     66.02    eta:   -0.4966
     C    1    sigma_11=     97.91    axis=(  0.913213 -0.261624 -0.312401)
     C    1    sigma_22=     76.06    axis=(  0.400187  0.431410  0.808539)
     C    1    sigma_33=    153.00    axis=(  0.076761  0.863388 -0.498668)
 
     Atom  2  C   pos: ( -0.215248  0.906679  0.976048)  Total sigma:         108.99
            94.7361         -1.9284        -10.7919
             2.1723        134.9127         31.4585
            -7.5691         31.2284         97.3240

     C    2    anisotropy:     66.02    eta:   -0.4966
     C    2    sigma_11=     97.91    axis=( -0.913213 -0.261624  0.312401)
     C    2    sigma_22=     76.06    axis=(  0.400187 -0.431410  0.808539)
     C    2    sigma_33=    153.00    axis=(  0.076761 -0.863388 -0.498668)
 
     Atom  3  C   pos: (  0.439165  0.316557  0.784785)  Total sigma:         109.58
           144.3451        -27.1972          4.5052
           -25.1930         94.7680         -3.2440
             1.5973         -1.6254         89.6368

     C    3    anisotropy:     69.38    eta:   -0.1357
     C    3    sigma_11=     89.60    axis=( -0.117245 -0.130372  0.984508)
     C    3    sigma_22=     83.32    axis=(  0.381960  0.909170  0.165883)
     C    3    sigma_33=    155.84    axis=(  0.916712 -0.395492  0.056799)
 
     Atom  4  C   pos: (  0.601382  0.963339  0.034499)  Total sigma:         109.58
           144.3451         27.1972          4.5052
            25.1930         94.7680          3.2440
             1.5973          1.6254         89.6368

     C    4    anisotropy:     69.38    eta:   -0.1357
     C    4    sigma_11=     89.60    axis=(  0.117245 -0.130372 -0.984508)
     C    4    sigma_22=     83.32    axis=(  0.381960 -0.909170  0.165883)
     C    4    sigma_33=    155.84    axis=(  0.916712  0.395492  0.056799)
 
     Atom  5  C   pos: (  0.344191  0.344749  1.049805)  Total sigma:         154.73
           155.0278         -5.2257         -1.1507
            -4.6554        143.5413          0.6696
            -9.1983          4.8172        165.6146

     C    5    anisotropy:     20.70    eta:   -0.8911
     C    5    sigma_11=    153.98    axis=( -0.849088  0.285086 -0.444719)
     C    5    sigma_22=    141.68    axis=(  0.334779  0.941626 -0.035555)
     C    5    sigma_33=    168.53    axis=( -0.408623  0.179072  0.894964)
 
     Atom  6  C   pos: (  0.506408  0.935147  0.299520)  Total sigma:         154.73
           155.0278          5.2257         -1.1507
             4.6554        143.5413         -0.6696
            -9.1983         -4.8172        165.6146

     C    6    anisotropy:     20.70    eta:   -0.8911
     C    6    sigma_11=    153.98    axis=(  0.849088  0.285086  0.444719)
     C    6    sigma_22=    141.68    axis=(  0.334779 -0.941626 -0.035555)
     C    6    sigma_33=    168.53    axis=( -0.408623 -0.179072  0.894964)
 
     Atom  7  C   pos: (  0.173975  0.377980  0.057504)  Total sigma:         150.74
           155.2000          4.5235        -13.6509
            -3.3060        147.6008         -5.2648
           -11.5639        -12.2839        149.4286

     C    7    anisotropy:     24.69    eta:   -0.8497
     C    7    sigma_11=    149.51    axis=( -0.557259  0.802573 -0.212928)
     C    7    sigma_22=    135.52    axis=(  0.453187  0.508847  0.731913)
     C    7    sigma_33=    167.20    axis=( -0.695762 -0.311369  0.647275)
 
     Atom  8  C   pos: (  0.011757  0.901916  0.807789)  Total sigma:         150.74
           155.2000         -4.5235        -13.6509
             3.3060        147.6008          5.2648
           -11.5639         12.2839        149.4286

     C    8    anisotropy:     24.69    eta:   -0.8497
     C    8    sigma_11=    149.51    axis=(  0.557259  0.802573  0.212928)
     C    8    sigma_22=    135.52    axis=(  0.453187 -0.508847  0.731913)
     C    8    sigma_33=    167.20    axis=( -0.695762  0.311369  0.647275)
 
     Atom  9  H   pos: (  0.893711  0.008543  0.245471)  Total sigma:          22.36
            10.5407          6.2806          3.3798
             5.9690         31.8758         15.4100
             3.0269         13.5210         24.6592

     H    9    anisotropy:     33.27    eta:   -0.2181
     H    9    sigma_11=     13.69    axis=(  0.255090  0.547804 -0.796768)
     H    9    sigma_22=      8.85    axis=(  0.946768 -0.308857  0.090765)
     H    9    sigma_33=     44.54    axis=(  0.196366  0.777508  0.597429)
 
     Atom 10  H   pos: (  0.731493  1.271353  0.995756)  Total sigma:          22.36
            10.5407         -6.2806          3.3798
            -5.9690         31.8758        -15.4100
             3.0269        -13.5210         24.6592

     H   10    anisotropy:     33.27    eta:   -0.2181
     H   10    sigma_11=     13.69    axis=( -0.255090  0.547804  0.796768)
     H   10    sigma_22=      8.85    axis=(  0.946768  0.308857  0.090765)
     H   10    sigma_33=     44.54    axis=(  0.196366 -0.777508  0.597429)
 
     Atom 11  H   pos: (  0.757230  0.186542  0.624874)  Total sigma:          22.57
            19.4690         -3.6241        -13.8927
            -3.7744         10.7548          3.8533
           -12.3170          4.1964         37.4962

     H   11    anisotropy:     33.94    eta:   -0.1688
     H   11    sigma_11=     13.17    axis=( -0.782670  0.388910 -0.485981)
     H   11    sigma_22=      9.35    axis=(  0.412846  0.908669  0.062283)
     H   11    sigma_33=     45.20    axis=( -0.465818  0.151888  0.871748)
 
     Atom 12  H   pos: (  0.595012  1.093354  1.375159)  Total sigma:          22.57
            19.4690          3.6241        -13.8927
             3.7744         10.7548         -3.8533
           -12.3170         -4.1964         37.4962

     H   12    anisotropy:     33.94    eta:   -0.1688
     H   12    sigma_11=     13.17    axis=(  0.782670  0.388910  0.485981)
     H   12    sigma_22=      9.35    axis=(  0.412846 -0.908669  0.062283)
     H   12    sigma_33=     45.20    axis=( -0.465818 -0.151888  0.871748)
 
     Atom 13  H   pos: (  0.315073  0.192458  0.676896)  Total sigma:          25.96
            30.1840          1.4514          3.8925
            -0.2147         21.9655          2.1049
             3.2625          2.3351         25.7401

     H   13    anisotropy:      9.70    eta:   -0.5909
     H   13    sigma_11=     24.64    axis=( -0.514079  0.474332  0.714655)
     H   13    sigma_22=     20.82    axis=(  0.127398  0.866164 -0.483250)
     H   13    sigma_33=     32.43    axis=(  0.848229  0.157383  0.505706)
 
     Atom 14  H   pos: (  0.152855  1.087438  1.427182)  Total sigma:          25.96
            30.1840         -1.4514          3.8925
             0.2147         21.9655         -2.1049
             3.2625         -2.3351         25.7401

     H   14    anisotropy:      9.70    eta:   -0.5909
     H   14    sigma_11=     24.64    axis=( -0.514079 -0.474332  0.714655)
     H   14    sigma_22=     20.82    axis=( -0.127398  0.866164  0.483250)
     H   14    sigma_33=     32.43    axis=(  0.848229 -0.157383  0.505706)
 
     Atom 15  H   pos: (  0.442559  0.499111  0.691344)  Total sigma:          26.54
            26.4203         -3.9424          0.2469
            -2.1070         28.0399         -3.4503
             0.2414         -2.7030         25.1700

     H   15    anisotropy:      7.42    eta:   -0.6251
     H   15    sigma_11=     25.62    axis=(  0.761983  0.151753 -0.629566)
     H   15    sigma_22=     22.52    axis=(  0.430194  0.608047  0.667242)
     H   15    sigma_33=     31.49    axis=( -0.484062  0.779263 -0.398038)
 
     Atom 16  H   pos: (  0.280341  0.780785  1.441630)  Total sigma:          26.54
            26.4203          3.9424          0.2469
             2.1070         28.0399          3.4503
             0.2414          2.7030         25.1700

     H   16    anisotropy:      7.42    eta:   -0.6251
     H   16    sigma_11=     25.62    axis=(  0.761982 -0.151753 -0.629566)
     H   16    sigma_22=     22.52    axis=( -0.430194  0.608047 -0.667242)
     H   16    sigma_33=     31.49    axis=( -0.484062 -0.779263 -0.398038)
 
     Atom 17  H   pos: (  0.473803  0.458566  1.159528)  Total sigma:          29.49
            28.0843          2.0580          1.9596
             1.6943         29.9587          1.8797
             2.8090          2.7204         30.4308

     H   17    anisotropy:      6.83    eta:   -0.3037
     H   17    sigma_11=     27.91    axis=(  0.111980 -0.784988  0.609307)
     H   17    sigma_22=     26.52    axis=( -0.884394  0.200859  0.421310)
     H   17    sigma_33=     34.05    axis=(  0.453108  0.586046  0.671747)
 
     Atom 18  H   pos: (  0.636020  0.821330  0.409243)  Total sigma:          29.49
            28.0843         -2.0580          1.9596
            -1.6943         29.9587         -1.8797
             2.8090         -2.7204         30.4308

     H   18    anisotropy:      6.83    eta:   -0.3037
     H   18    sigma_11=     27.91    axis=(  0.111980  0.784988  0.609307)
     H   18    sigma_22=     26.52    axis=(  0.884394  0.200859 -0.421310)
     H   18    sigma_33=     34.05    axis=(  0.453108 -0.586046  0.671747)
 
     Atom 19  H   pos: (  0.325855  0.161889  1.139979)  Total sigma:          29.38
            27.8739          0.6140         -1.0643
             0.8417         31.1251         -3.0391
            -0.8786         -3.1321         29.1266

     H   19    anisotropy:      6.34    eta:   -0.2440
     H   19    sigma_11=     27.78    axis=(  0.911736 -0.367424 -0.183678)
     H   19    sigma_22=     26.74    axis=(  0.359344  0.496759  0.790001)
     H   19    sigma_33=     33.60    axis=( -0.199022 -0.786276  0.584945)
 
     Atom 20  H   pos: (  0.488073  1.118007  0.389693)  Total sigma:          29.38
            27.8739         -0.6140         -1.0643
            -0.8417         31.1251          3.0391
            -0.8786          3.1321         29.1266

     H   20    anisotropy:      6.34    eta:   -0.2440
     H   20    sigma_11=     27.78    axis=(  0.911736  0.367424 -0.183678)
     H   20    sigma_22=     26.74    axis=( -0.359344  0.496759 -0.790001)
     H   20    sigma_33=     33.60    axis=( -0.199022  0.786276  0.584945)
 
     Atom 21  H   pos: (  0.160687  0.433661  1.049433)  Total sigma:          29.09
            32.8091         -3.0216         -0.9245
            -3.4810         27.7024         -0.1171
            -1.2993          0.4153         26.7690

     H   21    anisotropy:      8.16    eta:   -0.1579
     H   21    sigma_11=     26.80    axis=( -0.088210 -0.464357  0.881244)
     H   21    sigma_22=     25.94    axis=( -0.440420 -0.775339 -0.452637)
     H   21    sigma_33=     34.54    axis=(  0.893448 -0.428045 -0.136120)
 
     Atom 22  H   pos: (  0.322904  0.846235  0.299147)  Total sigma:          29.09
            32.8091          3.0216         -0.9245
             3.4810         27.7024          0.1171
            -1.2993         -0.4153         26.7690

     H   22    anisotropy:      8.16    eta:   -0.1579
     H   22    sigma_11=     26.80    axis=( -0.088210  0.464357  0.881244)
     H   22    sigma_22=     25.94    axis=(  0.440420 -0.775339  0.452637)
     H   22    sigma_33=     34.54    axis=(  0.893448  0.428045 -0.136120)
 
     Atom 23  H   pos: ( -0.045406  0.525758  0.361938)  Total sigma:          26.40
            22.9806         -0.5539         -1.4855
            -0.5055         30.8342          1.8766
            -2.1151          0.6852         25.3769

     H   23    anisotropy:      7.24    eta:   -0.8156
     H   23    sigma_11=     25.95    axis=(  0.462817  0.271596 -0.843822)
     H   23    sigma_22=     22.01    axis=( -0.878884  0.016453 -0.476752)
     H   23    sigma_33=     31.23    axis=(  0.115601 -0.962271 -0.246316)
 
     Atom 24  H   pos: ( -0.207623  0.754138  1.112223)  Total sigma:          26.40
            22.9806          0.5539         -1.4855
             0.5055         30.8342         -1.8766
            -2.1151         -0.6852         25.3769

     H   24    anisotropy:      7.24    eta:   -0.8156
     H   24    sigma_11=     25.95    axis=(  0.462817 -0.271596 -0.843822)
     H   24    sigma_22=     22.01    axis=(  0.878884  0.016453  0.476752)
     H   24    sigma_33=     31.23    axis=(  0.115601  0.962271 -0.246316)
 
     Atom 25  H   pos: (  0.773233  0.402102  0.112729)  Total sigma:          25.93
            26.9880         -1.4125          1.3882
            -2.7010         26.0246         -3.9331
             1.7594         -3.1888         24.7641

     H   25    anisotropy:      7.28    eta:   -0.7109
     H   25    sigma_11=     25.22    axis=(  0.825352  0.414322 -0.383578)
     H   25    sigma_22=     21.77    axis=(  0.026957  0.649667  0.759741)
     H   25    sigma_33=     30.78    axis=( -0.563975  0.637393 -0.525035)
 
     Atom 26  H   pos: (  0.611016  0.877794  0.863014)  Total sigma:          25.93
            26.9880          1.4125          1.3882
             2.7010         26.0246          3.9331
             1.7594          3.1888         24.7641

     H   26    anisotropy:      7.28    eta:   -0.7109
     H   26    sigma_11=     25.22    axis=( -0.825352  0.414322  0.383578)
     H   26    sigma_22=     21.77    axis=(  0.026957 -0.649667  0.759741)
     H   26    sigma_33=     30.78    axis=( -0.563975 -0.637393 -0.525035)
 
     Atom 27  H   pos: ( -0.154852  0.225248  1.422178)  Total sigma:          29.11
            26.9455          0.2453         -0.6101
             1.1052         29.2940          4.0347
            -0.4753          3.7662         31.1014

     H   27    anisotropy:      7.63    eta:   -0.3712
     H   27    sigma_11=     27.51    axis=(  0.836050  0.429879 -0.340916)
     H   27    sigma_22=     25.63    axis=( -0.548652  0.654313 -0.520438)
     H   27    sigma_33=     34.20    axis=( -0.000660  0.622156  0.782893)
 
     Atom 28  H   pos: (  0.007366  1.054648  0.671893)  Total sigma:          29.11
            26.9455         -0.2453         -0.6101
            -1.1052         29.2940         -4.0347
            -0.4753         -3.7662         31.1014

     H   28    anisotropy:      7.63    eta:   -0.3712
     H   28    sigma_11=     27.51    axis=( -0.836050  0.429879  0.340916)
     H   28    sigma_22=     25.63    axis=( -0.548652 -0.654313 -0.520438)
     H   28    sigma_33=     34.20    axis=( -0.000660 -0.622156  0.782893)
 
     Atom 29  H   pos: (  0.350899  0.363066  0.166075)  Total sigma:          29.01
            32.9021          0.5488          2.4636
             0.5989         26.8255          0.1840
             1.8239          0.8244         27.2961

     H   29    anisotropy:      7.04    eta:   -0.1304
     H   29    sigma_11=     26.97    axis=(  0.270229 -0.801450 -0.533530)
     H   29    sigma_22=     26.36    axis=(  0.204318  0.589261 -0.781681)
     H   29    sigma_33=     33.70    axis=(  0.940867  0.102223  0.322986)
 
     Atom 30  H   pos: (  0.188681  0.916830  0.916360)  Total sigma:          29.01
            32.9021         -0.5488          2.4636
            -0.5989         26.8255         -0.1840
             1.8239         -0.8244         27.2961

     H   30    anisotropy:      7.04    eta:   -0.1304
     H   30    sigma_11=     26.97    axis=( -0.270229 -0.801450  0.533530)
     H   30    sigma_22=     26.36    axis=(  0.204318 -0.589261 -0.781681)
     H   30    sigma_33=     33.70    axis=(  0.940867 -0.102223  0.322986)
 
     Atom 31  H   pos: ( -0.143920  0.555401  1.456602)  Total sigma:          29.11
            26.9383          2.0221         -1.2593
             1.3397         31.4210         -3.7947
            -0.9326         -4.1043         28.9600

     H   31    anisotropy:      8.59    eta:   -0.0761
     H   31    sigma_11=     26.46    axis=(  0.935359 -0.036868  0.351774)
     H   31    sigma_22=     26.02    axis=( -0.254205  0.621459  0.741059)
     H   31    sigma_33=     34.84    axis=( -0.245934 -0.782579  0.571915)
 
     Atom 32  H   pos: (  0.018298  0.724495  0.706317)  Total sigma:          29.11
            26.9383         -2.0221         -1.2593
            -1.3397         31.4210          3.7947
            -0.9326          4.1043         28.9600

     H   32    anisotropy:      8.59    eta:   -0.0761
     H   32    sigma_11=     26.46    axis=(  0.935359  0.036868  0.351773)
     H   32    sigma_22=     26.02    axis=(  0.254205  0.621459 -0.741059)
     H   32    sigma_33=     34.84    axis=( -0.245934  0.782579  0.571915)
 
     Atom 33  O   pos: ( -0.074943  0.148339  0.365956)  Total sigma:         248.99
           245.6127         11.3174        -26.4973
            10.5178        238.3529         20.4561
           -15.9724         30.6865        262.9999

     O   33    anisotropy:    -58.82    eta:   -0.7751
     O   33    sigma_11=    253.40    axis=(  0.775915  0.629619  0.039194)
     O   33    sigma_22=    283.79    axis=(  0.359660 -0.390476 -0.847451)
     O   33    sigma_33=    209.77    axis=(  0.518267 -0.671647  0.529425)
 
     Atom 34  O   pos: ( -0.237160  1.131556  1.116242)  Total sigma:         248.99
           245.6127        -11.3174        -26.4973
           -10.5178        238.3529        -20.4561
           -15.9724        -30.6865        262.9999

     O   34    anisotropy:    -58.82    eta:   -0.7751
     O   34    sigma_11=    253.40    axis=(  0.775915 -0.629619  0.039194)
     O   34    sigma_22=    283.79    axis=( -0.359660 -0.390476  0.847451)
     O   34    sigma_33=    209.77    axis=(  0.518267  0.671647  0.529425)
 
     Atom 35  O   pos: (  0.687554  0.216970  0.795000)  Total sigma:         264.54
           250.7275        -12.1494        -24.3857
           -11.2162        233.9523          5.4081
           -42.8958          8.4509        308.9498

     O   35    anisotropy:     91.73    eta:   -0.2554
     O   35    sigma_11=    241.78    axis=( -0.661570  0.636203 -0.396953)
     O   35    sigma_22=    226.16    axis=(  0.619813  0.761878  0.188082)
     O   35    sigma_33=    325.69    axis=( -0.422088  0.121607  0.898362)
 
     Atom 36  O   pos: (  0.849771  1.062926  0.044715)  Total sigma:         264.54
           250.7275         12.1494        -24.3857
            11.2162        233.9523         -5.4081
           -42.8958         -8.4509        308.9498

     O   36    anisotropy:     91.73    eta:   -0.2554
     O   36    sigma_11=    241.78    axis=(  0.661570  0.636203  0.396953)
     O   36    sigma_22=    226.16    axis=(  0.619813 -0.761878  0.188082)
     O   36    sigma_33=    325.69    axis=( -0.422088 -0.121607  0.898362)
 
     Initialization:
     gipaw_setup  :      0.28s CPU      0.28s WALL (       1 calls)
 
     Linear response
     greenf       :   2199.91s CPU   2270.91s WALL (     336 calls)
     cgsolve      :   2184.20s CPU   2255.15s WALL (     336 calls)
     ch_psi       :   2119.87s CPU   2190.69s WALL (   14718 calls)
     h_psiq       :   1783.04s CPU   1853.38s WALL (   14718 calls)
 
     Apply operators
     h_psi        :   1873.82s CPU   1958.12s WALL (   22127 calls)
     apply_vel    :     46.45s CPU     46.50s WALL (     294 calls)
 
     Induced current
     j_para       :    222.04s CPU    225.66s WALL (     378 calls)
     biot_savart  :      0.03s CPU      0.04s WALL (       1 calls)
 
     Other routines
 
     General routines
     calbec       :    378.76s CPU    379.99s WALL (   54405 calls)
     fft          :      0.28s CPU      0.29s WALL (      32 calls)
     fftw         :   1676.51s CPU   1760.74s WALL ( 1587950 calls)
     davcio       :      0.03s CPU      0.23s WALL (     224 calls)
 
     Parallel routines
     fft_scatter  :    440.13s CPU    475.35s WALL ( 1587982 calls)
 
     Plugins
 
     GIPAW        :   3013.40s CPU   3107.09s WALL (       1 calls)
