
     Program QE v.6.1 (svn rev. 13369) starts on 13Nov2017 at 12:28:51 

     This program is part of the open-source Quantum ESPRESSO suite
     for quantum simulation of materials; please cite
         "P. Giannozzi et al., J. Phys.:Condens. Matter 21 395502 (2009);
          URL http://www.quantum-espresso.org", 
     in publications or presentations arising from this work. More details at
     http://www.quantum-espresso.org/quote

     Parallel version (MPI), running on     8 processors
     R & G space division:  proc/nbgrp/npool/nimage =       8
 
     ***** This is GIPAW svn revision unknown      *****
 
     Parallelizing q-star over 1 images
     Message from routine gipaw_readin:
     *** iverbosity is obsolete, use verbosity instead ***

     Reading data from directory:
     /scratch/paruzzo/QEspresso/CCDC/ETDIAM17/wfc/scf.save

   Info: using nr1, nr2, nr3 values from input

   Info: using nr1, nr2, nr3 values from input

     IMPORTANT: XC functional enforced from input :
     Exchange-correlation      =  SLA  PW   PBX  PBC ( 1  4  3  4 0 0)
     Any further DFT definition will be discarded
     Please, verify this is what you really want

               file C.pbe-n-kjpaw_psl.0.1.UPF: wavefunction(s)  2P renormalized
               file N.pbe-n-kjpaw_psl.0.1.UPF: wavefunction(s)  2P renormalized
               file H.pbe-kjpaw_psl.0.1.UPF: wavefunction(s)  1S renormalized
               file O.pbe-n-kjpaw_psl.0.1.UPF: wavefunction(s)  2P renormalized
 
     Parallelization info
     --------------------
     sticks:   dense  smooth     PW     G-vecs:    dense   smooth      PW
     Min        1031    1031    284                36631    36631    5311
     Max        1032    1032    285                36632    36632    5312
     Sum        8255    8255   2279               293049   293049   42491
 

     Check: negative/imaginary core charge=   -0.000002    0.000000

     Subspace diagonalization in iterative solution of the eigenvalue problem:
     a serial algorithm will be used

     GIPAW projectors -----------------------------------------------
     atom=  C    l=0  rc=    1.3000  rs=    0.8667
     atom=  C    l=0  rc=    1.3000  rs=    0.8667
     atom=  C    l=1  rc=    1.4500  rs=    0.9667
     atom=  C    l=1  rc=    1.4500  rs=    0.9667
     projs nearly linearly dependent: l=0  n1,n2= 1, 2  s=  0.99877758
     projs nearly linearly dependent: l=1  n1,n2= 1, 2  s=  0.99940894
 
     atom=  N    l=0  rc=    1.3000  rs=    0.8667
     atom=  N    l=0  rc=    1.3000  rs=    0.8667
     atom=  N    l=1  rc=    1.4500  rs=    0.9667
     atom=  N    l=1  rc=    1.4500  rs=    0.9667
     projs nearly linearly dependent: l=0  n1,n2= 1, 2  s=  0.99709514
     projs nearly linearly dependent: l=1  n1,n2= 1, 2  s=  0.99857174
 
     atom=  H    l=0  rc=    1.0000  rs=    0.6667
     atom=  H    l=0  rc=    1.0000  rs=    0.6667
     projs nearly linearly dependent: l=0  n1,n2= 1, 2  s=  0.99968852
 
     atom=  O    l=0  rc=    1.3500  rs=    0.9000
     atom=  O    l=0  rc=    1.3500  rs=    0.9000
     atom=  O    l=1  rc=    1.3500  rs=    0.9000
     atom=  O    l=1  rc=    1.3500  rs=    0.9000
     projs nearly linearly dependent: l=0  n1,n2= 1, 2  s=  0.99100135
     projs nearly linearly dependent: l=1  n1,n2= 1, 2  s=  0.99790100
     -----------------------------------------------------------------
 
     alpha_pv=     35.7430 eV
 
     q-space interpolation up to   110.00 Rydberg
 
     GIPAW job: nmr                                                                             
     NMR macroscopic correction: yes
             0.6667          0.0000          0.0000
             0.0000          0.6667          0.0000
             0.0000          0.0000          0.6667

 
     Largest allocated arrays     est. size (Mb)     dimensions
        KS wavefunctions at k           4.35 Mb     (    4602,   62)
        KS wavefunctions at k+q         4.35 Mb     (    4602,   62)
        First-order wavefunctions      43.54 Mb     (    4602,   62, 10)
        First-order wavefunct (US)     26.12 Mb     (    4602,   62,  6)
        Charge/spin density             0.70 Mb     (   92160,    1)
        Induced current                 6.33 Mb     (   92160,    3,3,1)
        Induced magnetic field          6.33 Mb     (   92160,    3,3,1)
        NL pseudopotentials            13.48 Mb     (    4602,  192)
        GIPAW NL terms                 13.48 Mb     (    4602,  192)
 
     Computing the magnetic susceptibility     isolve=0    ethr=  0.1000E-13
     k-point #    1 of    14      pool #  1    cpu time:       6.1
     Rotating WFCS
     Rotating WFCS
     Rotating WFCS
     Rotating WFCS
     Rotating WFCS
     Rotating WFCS
     Rotating WFCS
     k-point #    2 of    14      pool #  1    cpu time:     322.2
     Rotating WFCS
     Rotating WFCS
     Rotating WFCS
     Rotating WFCS
     Rotating WFCS
     Rotating WFCS
     Rotating WFCS
     k-point #    3 of    14      pool #  1    cpu time:     650.5
     Rotating WFCS
     c_bands:  2 eigenvalues not converged
     Rotating WFCS
     Rotating WFCS
     Rotating WFCS
     Rotating WFCS
     Rotating WFCS
     Rotating WFCS
     k-point #    4 of    14      pool #  1    cpu time:     974.1
     Rotating WFCS
     Rotating WFCS
     Rotating WFCS
     Rotating WFCS
     Rotating WFCS
     Rotating WFCS
     Rotating WFCS
     k-point #    5 of    14      pool #  1    cpu time:    1300.2
     Rotating WFCS
     Rotating WFCS
     Rotating WFCS
     Rotating WFCS
     Rotating WFCS
     Rotating WFCS
     Rotating WFCS
     k-point #    6 of    14      pool #  1    cpu time:    1634.1
     Rotating WFCS
     Rotating WFCS
     Rotating WFCS
     Rotating WFCS
     Rotating WFCS
     Rotating WFCS
     Rotating WFCS
     k-point #    7 of    14      pool #  1    cpu time:    1954.6
     Rotating WFCS
     Rotating WFCS
     c_bands:  1 eigenvalues not converged
     Rotating WFCS
     c_bands:  1 eigenvalues not converged
     Rotating WFCS
     Rotating WFCS
     Rotating WFCS
     Rotating WFCS
     k-point #    8 of    14      pool #  1    cpu time:    2278.8
     Rotating WFCS
     c_bands:  1 eigenvalues not converged
     Rotating WFCS
     Rotating WFCS
     c_bands:  1 eigenvalues not converged
     Rotating WFCS
     Rotating WFCS
     Rotating WFCS
     Rotating WFCS
     k-point #    9 of    14      pool #  1    cpu time:    2608.4
     Rotating WFCS
     Rotating WFCS
     Rotating WFCS
     Rotating WFCS
     Rotating WFCS
     Rotating WFCS
     Rotating WFCS
     k-point #   10 of    14      pool #  1    cpu time:    2919.0
     Rotating WFCS
     c_bands:  1 eigenvalues not converged
     Rotating WFCS
     c_bands:  1 eigenvalues not converged
     Rotating WFCS
     c_bands:  1 eigenvalues not converged
     Rotating WFCS
     c_bands:  1 eigenvalues not converged
     Rotating WFCS
     Rotating WFCS
     Rotating WFCS
     k-point #   11 of    14      pool #  1    cpu time:    3256.0
     Rotating WFCS
     Rotating WFCS
     Rotating WFCS
     Rotating WFCS
     Rotating WFCS
     Rotating WFCS
     Rotating WFCS
     k-point #   12 of    14      pool #  1    cpu time:    3592.8
     Rotating WFCS
     Rotating WFCS
     Rotating WFCS
     Rotating WFCS
     Rotating WFCS
     Rotating WFCS
     Rotating WFCS
     k-point #   13 of    14      pool #  1    cpu time:    3906.8
     Rotating WFCS
     Rotating WFCS
     Rotating WFCS
     Rotating WFCS
     Rotating WFCS
     Rotating WFCS
     Rotating WFCS
     k-point #   14 of    14      pool #  1    cpu time:    4242.1
     Rotating WFCS
     Rotating WFCS
     Rotating WFCS
     Rotating WFCS
     Rotating WFCS
     Rotating WFCS
     Rotating WFCS
     End of magnetic susceptibility calculation
 
     f-sum rule (1st term):
          -101.1245          0.0000         -0.0694
            -0.0000       -101.0077         -0.0000
            -0.0710         -0.0000       -100.9458

     f-sum rule (2nd term):
            -0.9817         -0.0000          0.0821
            -0.0000         -1.0892          0.0000
             0.0829          0.0000         -1.1787

     f-sum rule (should be  -102.0971):
          -102.1063         -0.0000          0.0127
            -0.0000       -102.0969         -0.0000
             0.0118         -0.0000       -102.1245

     chi_bare pGv (HH) in paratec units:
       -34.790964      0.000841     -0.396577
         0.000343    -33.068263      0.006059
        -0.376381      0.005109    -31.851877

       -34.790964      0.000841     -0.396577
         0.000343    -33.068263      0.006059
        -0.376381      0.005109    -31.851877

     chi_bare vGv (VV) in paratec units:
       -36.371115      0.000427     -0.877143
         0.000514    -35.127160      0.006658
        -0.901198      0.006328    -34.002317

       -36.371115      0.000427     -0.877143
         0.000514    -35.127160      0.006658
        -0.901198      0.006328    -34.002317

     chi_bare pGv (HH) in 10^{-6} cm^3/mol:
          -165.3299          0.0040         -1.8846
             0.0016       -157.1435          0.0288
            -1.7886          0.0243       -151.3631

     chi_bare vGv (VV) in 10^{-6} cm^3/mol:
          -172.8390          0.0020         -4.1683
             0.0024       -166.9276          0.0316
            -4.2826          0.0301       -161.5822

     Contributions to the NMR chemical shifts: -------------------------------
 
     Macroscopic shape contribution in ppm:                    6.84
             7.1556          0.0000          0.0000
             0.0000          6.8013          0.0000
             0.0000          0.0000          6.5511

 
     Core contribution in ppm:
 
     Atom  1  N   pos: (  0.118465  0.274036  0.111225)  core sigma:         235.78
     Atom  2  N   pos: (  0.779767  0.660417  0.117351)  core sigma:         235.78
     Atom  3  N   pos: (  0.677998  0.498720  0.345925)  core sigma:         235.78
     Atom  4  N   pos: (  0.016697  0.112339  0.339799)  core sigma:         235.78
     Atom  5  H   pos: (  0.163041  0.215817  0.031540)  core sigma:           0.00
     Atom  6  H   pos: (  0.735190  0.602199  0.197035)  core sigma:           0.00
     Atom  7  H   pos: (  0.633423  0.556938  0.425610)  core sigma:           0.00
     Atom  8  H   pos: (  0.061274  0.170557  0.260115)  core sigma:           0.00
     Atom  9  H   pos: (  0.188286  0.349250  0.135702)  core sigma:           0.00
     Atom 10  H   pos: (  0.709944  0.735634  0.092874)  core sigma:           0.00
     Atom 11  H   pos: (  0.608178  0.423505  0.321448)  core sigma:           0.00
     Atom 12  H   pos: (  0.086520  0.037121  0.364276)  core sigma:           0.00
     Atom 13  C   pos: (  0.990928  0.336897  0.059860)  core sigma:         200.51
     Atom 14  C   pos: ( -0.092695  0.723270  0.168716)  core sigma:         200.51
     Atom 15  C   pos: ( -0.194464  0.435858  0.397290)  core sigma:         200.51
     Atom 16  C   pos: (  0.889158  0.049486  0.288434)  core sigma:         200.51
     Atom 17  H   pos: (  0.936394  0.393832  0.147180)  core sigma:           0.00
     Atom 18  H   pos: ( -0.038160  0.780209  0.081395)  core sigma:           0.00
     Atom 19  H   pos: ( -0.139930  0.378923  0.309970)  core sigma:           0.00
     Atom 20  H   pos: (  0.834624 -0.007454  0.375754)  core sigma:           0.00
     Atom 21  H   pos: (  0.715758  0.254180  0.486480)  core sigma:           0.00
     Atom 22  H   pos: ( -0.021066  0.640558  0.199245)  core sigma:           0.00
     Atom 23  H   pos: (  0.080706  0.518576 -0.029330)  core sigma:           0.00
     Atom 24  H   pos: (  0.817530  0.132197  0.257904)  core sigma:           0.00
     Atom 25  N   pos: (  0.615587  0.272268  0.106869)  core sigma:         235.78
     Atom 26  N   pos: (  0.282646  0.658644  0.121702)  core sigma:         235.78
     Atom 27  N   pos: (  0.180877  0.500487  0.350281)  core sigma:         235.78
     Atom 28  N   pos: (  0.513817  0.114111  0.335448)  core sigma:         235.78
     Atom 29  H   pos: (  0.685772  0.346273  0.133473)  core sigma:           0.00
     Atom 30  H   pos: (  0.212462  0.732649  0.095101)  core sigma:           0.00
     Atom 31  H   pos: (  0.110692  0.426482  0.323677)  core sigma:           0.00
     Atom 32  H   pos: (  0.584002  0.040106  0.362048)  core sigma:           0.00
     Atom 33  H   pos: (  0.591548  0.214406  0.195337)  core sigma:           0.00
     Atom 34  H   pos: (  0.306686  0.600784  0.033238)  core sigma:           0.00
     Atom 35  H   pos: (  0.204915  0.558350  0.261813)  core sigma:           0.00
     Atom 36  H   pos: (  0.489778  0.171972  0.423912)  core sigma:           0.00
     Atom 37  C   pos: (  0.488102  0.338362  0.060044)  core sigma:         200.51
     Atom 38  C   pos: (  0.410127  0.724747  0.168528)  core sigma:         200.51
     Atom 39  C   pos: (  0.308362  0.434394  0.397106)  core sigma:         200.51
     Atom 40  C   pos: (  0.386337  0.048008  0.288622)  core sigma:         200.51
     Atom 41  H   pos: (  0.434304  0.398527  0.146405)  core sigma:           0.00
     Atom 42  H   pos: (  0.463930  0.784908  0.082163)  core sigma:           0.00
     Atom 43  H   pos: (  0.362160  0.374229  0.310745)  core sigma:           0.00
     Atom 44  H   pos: (  0.332534 -0.012152  0.374987)  core sigma:           0.00
     Atom 45  H   pos: (  0.414186  0.257349  0.030406)  core sigma:           0.00
     Atom 46  H   pos: (  0.484036  0.643737  0.198167)  core sigma:           0.00
     Atom 47  H   pos: (  0.382277  0.515406  0.426744)  core sigma:           0.00
     Atom 48  H   pos: (  0.312428  0.129019  0.258983)  core sigma:           0.00
 
     Bare contribution in ppm:
 
     Atom  1  N   pos: (  0.118465  0.274036  0.111225)  bare sigma:          38.75
            35.8613         -2.2613          1.2256
            -0.5185         42.3783          2.1031
            -0.1231          1.7246         38.0120

     Atom  2  N   pos: (  0.779767  0.660417  0.117351)  bare sigma:          38.75
            35.8574          2.2593          1.2260
             0.5162         42.3779         -2.1036
            -0.1218         -1.7244         38.0097

     Atom  3  N   pos: (  0.677998  0.498720  0.345925)  bare sigma:          38.75
            35.8613         -2.2613          1.2256
            -0.5185         42.3783          2.1031
            -0.1231          1.7246         38.0120

     Atom  4  N   pos: (  0.016697  0.112339  0.339799)  bare sigma:          38.75
            35.8574          2.2593          1.2260
             0.5162         42.3779         -2.1036
            -0.1218         -1.7244         38.0097

     Atom  5  H   pos: (  0.163041  0.215817  0.031540)  bare sigma:          14.32
             9.7779         -7.0609         -7.1394
            -6.6985         14.1868         11.6338
            -5.8472         11.7143         18.9812

     Atom  6  H   pos: (  0.735190  0.602199  0.197035)  bare sigma:          14.32
             9.7779          7.0609         -7.1395
             6.6981         14.1867        -11.6340
            -5.8470        -11.7142         18.9810

     Atom  7  H   pos: (  0.633423  0.556938  0.425610)  bare sigma:          14.32
             9.7779         -7.0609         -7.1394
            -6.6985         14.1868         11.6338
            -5.8472         11.7143         18.9812

     Atom  8  H   pos: (  0.061274  0.170557  0.260115)  bare sigma:          14.32
             9.7779          7.0609         -7.1395
             6.6981         14.1867        -11.6340
            -5.8470        -11.7142         18.9810

     Atom  9  H   pos: (  0.188286  0.349250  0.135702)  bare sigma:          21.81
            23.2997          5.6033          2.5096
             3.8203         22.8782          3.5840
             2.0501          3.5212         19.2582

     Atom 10  H   pos: (  0.709944  0.735634  0.092874)  bare sigma:          21.81
            23.2989         -5.6029          2.5092
            -3.8200         22.8774         -3.5838
             2.0496         -3.5212         19.2576

     Atom 11  H   pos: (  0.608178  0.423505  0.321448)  bare sigma:          21.81
            23.2997          5.6033          2.5096
             3.8203         22.8782          3.5840
             2.0501          3.5212         19.2582

     Atom 12  H   pos: (  0.086520  0.037121  0.364276)  bare sigma:          21.81
            23.2989         -5.6029          2.5092
            -3.8200         22.8774         -3.5838
             2.0496         -3.5212         19.2576

     Atom 13  C   pos: (  0.990928  0.336897  0.059860)  bare sigma:         -16.00
           -10.0587         -7.1741          2.9632
           -12.0588        -21.2741        -11.3529
             7.8570        -11.8957        -16.6763

     Atom 14  C   pos: ( -0.092695  0.723270  0.168716)  bare sigma:         -16.00
           -10.0583          7.1750          2.9636
            12.0604        -21.2751         11.3538
             7.8575         11.8963        -16.6739

     Atom 15  C   pos: ( -0.194464  0.435858  0.397290)  bare sigma:         -16.00
           -10.0587         -7.1741          2.9632
           -12.0588        -21.2741        -11.3529
             7.8570        -11.8957        -16.6763

     Atom 16  C   pos: (  0.889158  0.049486  0.288434)  bare sigma:         -16.00
           -10.0583          7.1750          2.9636
            12.0604        -21.2751         11.3538
             7.8575         11.8963        -16.6739

     Atom 17  H   pos: (  0.936394  0.393832  0.147180)  bare sigma:          18.53
            18.2271         -2.3451         -2.9885
            -2.4431         16.5401          0.5617
            -2.4110          0.5667         20.8296

     Atom 18  H   pos: ( -0.038160  0.780209  0.081395)  bare sigma:          18.53
            18.2267          2.3450         -2.9883
             2.4428         16.5395         -0.5619
            -2.4111         -0.5669         20.8293

     Atom 19  H   pos: ( -0.139930  0.378923  0.309970)  bare sigma:          18.53
            18.2271         -2.3451         -2.9885
            -2.4431         16.5401          0.5617
            -2.4110          0.5667         20.8296

     Atom 20  H   pos: (  0.834624 -0.007454  0.375754)  bare sigma:          18.53
            18.2267          2.3450         -2.9883
             2.4428         16.5395         -0.5619
            -2.4111         -0.5669         20.8293

     Atom 21  H   pos: (  0.715758  0.254180  0.486480)  bare sigma:          19.88
            21.5450          2.2790          2.0522
             1.0091         20.3748         -1.0482
             1.0063          0.0499         17.7160

     Atom 22  H   pos: ( -0.021066  0.640558  0.199245)  bare sigma:          19.88
            21.5465         -2.2788          2.0522
            -1.0083         20.3761          1.0482
             1.0062         -0.0504         17.7178

     Atom 23  H   pos: (  0.080706  0.518576 -0.029330)  bare sigma:          19.88
            21.5450          2.2790          2.0522
             1.0091         20.3748         -1.0482
             1.0063          0.0499         17.7160

     Atom 24  H   pos: (  0.817530  0.132197  0.257904)  bare sigma:          19.88
            21.5465         -2.2788          2.0522
            -1.0083         20.3761          1.0482
             1.0062         -0.0504         17.7178

     Atom 25  N   pos: (  0.615587  0.272268  0.106869)  bare sigma:          39.53
            37.5863          0.8537          0.5163
             4.4278         43.7703         -6.0721
            -3.0321         -7.7303         37.2373

     Atom 26  N   pos: (  0.282646  0.658644  0.121702)  bare sigma:          39.53
            37.5902         -0.8528          0.5157
            -4.4266         43.7701          6.0717
            -3.0333          7.7289         37.2410

     Atom 27  N   pos: (  0.180877  0.500487  0.350281)  bare sigma:          39.53
            37.5863          0.8537          0.5163
             4.4278         43.7703         -6.0721
            -3.0321         -7.7303         37.2373

     Atom 28  N   pos: (  0.513817  0.114111  0.335448)  bare sigma:          39.53
            37.5902         -0.8528          0.5157
            -4.4266         43.7701          6.0717
            -3.0333          7.7289         37.2410

     Atom 29  H   pos: (  0.685772  0.346273  0.133473)  bare sigma:          22.16
            23.2844          5.9197          2.0237
             4.6468         23.2158          1.6241
             2.9816          1.7590         19.9657

     Atom 30  H   pos: (  0.212462  0.732649  0.095101)  bare sigma:          22.16
            23.2852         -5.9200          2.0238
            -4.6468         23.2162         -1.6242
             2.9817         -1.7590         19.9656

     Atom 31  H   pos: (  0.110692  0.426482  0.323677)  bare sigma:          22.16
            23.2844          5.9197          2.0237
             4.6468         23.2158          1.6241
             2.9816          1.7590         19.9657

     Atom 32  H   pos: (  0.584002  0.040106  0.362048)  bare sigma:          22.16
            23.2852         -5.9200          2.0238
            -4.6468         23.2162         -1.6242
             2.9817         -1.7590         19.9656

     Atom 33  H   pos: (  0.591548  0.214406  0.195337)  bare sigma:          13.67
             7.4731          4.1291         -4.5184
             5.5142         13.2611        -12.8406
            -6.3355        -12.9890         20.2664

     Atom 34  H   pos: (  0.306686  0.600784  0.033238)  bare sigma:          13.67
             7.4729         -4.1295         -4.5192
            -5.5143         13.2619         12.8414
            -6.3362         12.9899         20.2671

     Atom 35  H   pos: (  0.204915  0.558350  0.261813)  bare sigma:          13.67
             7.4731          4.1291         -4.5184
             5.5142         13.2611        -12.8406
            -6.3355        -12.9890         20.2664

     Atom 36  H   pos: (  0.489778  0.171972  0.423912)  bare sigma:          13.67
             7.4729         -4.1295         -4.5192
            -5.5143         13.2618         12.8414
            -6.3362         12.9899         20.2671

     Atom 37  C   pos: (  0.488102  0.338362  0.060044)  bare sigma:         -14.06
            -8.3954         -8.0202          2.6894
           -12.0143        -18.6654         -5.1823
             7.2048         -4.6421        -15.1133

     Atom 38  C   pos: (  0.410127  0.724747  0.168528)  bare sigma:         -14.05
            -8.3922          8.0240          2.6844
            12.0169        -18.6626          5.1812
             7.1996          4.6410        -15.1101

     Atom 39  C   pos: (  0.308362  0.434394  0.397106)  bare sigma:         -14.06
            -8.3954         -8.0202          2.6894
           -12.0143        -18.6654         -5.1823
             7.2048         -4.6421        -15.1133

     Atom 40  C   pos: (  0.386337  0.048008  0.288622)  bare sigma:         -14.05
            -8.3922          8.0240          2.6844
            12.0169        -18.6626          5.1812
             7.1996          4.6410        -15.1101

     Atom 41  H   pos: (  0.434304  0.398527  0.146405)  bare sigma:          17.89
            17.6359         -2.9239         -3.0796
            -3.5869         16.2090          1.9649
            -2.1081          1.0448         19.8226

     Atom 42  H   pos: (  0.463930  0.784908  0.082163)  bare sigma:          17.89
            17.6363          2.9242         -3.0805
             3.5876         16.2083         -1.9646
            -2.1087         -1.0444         19.8227

     Atom 43  H   pos: (  0.362160  0.374229  0.310745)  bare sigma:          17.89
            17.6359         -2.9239         -3.0796
            -3.5869         16.2090          1.9649
            -2.1081          1.0448         19.8226

     Atom 44  H   pos: (  0.332534 -0.012152  0.374987)  bare sigma:          17.89
            17.6363          2.9242         -3.0805
             3.5876         16.2083         -1.9646
            -2.1087         -1.0444         19.8227

     Atom 45  H   pos: (  0.414186  0.257349  0.030406)  bare sigma:          19.63
            21.4667          2.5628          2.0826
             1.2021         20.2331         -0.4314
             2.0210          0.8404         17.1755

     Atom 46  H   pos: (  0.484036  0.643737  0.198167)  bare sigma:          19.63
            21.4670         -2.5629          2.0829
            -1.2024         20.2341          0.4315
             2.0209         -0.8397         17.1766

     Atom 47  H   pos: (  0.382277  0.515406  0.426744)  bare sigma:          19.63
            21.4667          2.5628          2.0826
             1.2021         20.2331         -0.4314
             2.0210          0.8404         17.1755

     Atom 48  H   pos: (  0.312428  0.129019  0.258983)  bare sigma:          19.63
            21.4670         -2.5629          2.0829
            -1.2024         20.2341          0.4315
             2.0209         -0.8397         17.1766

     Diamagnetic contribution in ppm:
 
     Atom  1  N   pos: (  0.118465  0.274036  0.111225)  dia sigma:           9.59
             9.9227         -0.0962          0.2152
            -0.0962          9.5822          0.2528
             0.2152          0.2528          9.2720

     Atom  2  N   pos: (  0.779767  0.660417  0.117351)  dia sigma:           9.59
             9.9227          0.0962          0.2152
             0.0962          9.5821         -0.2528
             0.2152         -0.2528          9.2719

     Atom  3  N   pos: (  0.677998  0.498720  0.345925)  dia sigma:           9.59
             9.9227         -0.0962          0.2152
            -0.0962          9.5822          0.2528
             0.2152          0.2528          9.2720

     Atom  4  N   pos: (  0.016697  0.112339  0.339799)  dia sigma:           9.59
             9.9227          0.0962          0.2152
             0.0962          9.5821         -0.2528
             0.2152         -0.2528          9.2719

     Atom  5  H   pos: (  0.163041  0.215817  0.031540)  dia sigma:           1.03
             1.0263         -0.0000         -0.0000
            -0.0000          1.0263          0.0000
            -0.0000          0.0000          1.0263

     Atom  6  H   pos: (  0.735190  0.602199  0.197035)  dia sigma:           1.03
             1.0263         -0.0000         -0.0000
            -0.0000          1.0263          0.0000
            -0.0000          0.0000          1.0263

     Atom  7  H   pos: (  0.633423  0.556938  0.425610)  dia sigma:           1.03
             1.0263         -0.0000         -0.0000
            -0.0000          1.0263          0.0000
            -0.0000          0.0000          1.0263

     Atom  8  H   pos: (  0.061274  0.170557  0.260115)  dia sigma:           1.03
             1.0263         -0.0000         -0.0000
            -0.0000          1.0263          0.0000
            -0.0000          0.0000          1.0263

     Atom  9  H   pos: (  0.188286  0.349250  0.135702)  dia sigma:           1.12
             1.1228         -0.0000         -0.0000
            -0.0000          1.1228          0.0000
            -0.0000          0.0000          1.1228

     Atom 10  H   pos: (  0.709944  0.735634  0.092874)  dia sigma:           1.12
             1.1228         -0.0000         -0.0000
            -0.0000          1.1228          0.0000
            -0.0000          0.0000          1.1228

     Atom 11  H   pos: (  0.608178  0.423505  0.321448)  dia sigma:           1.12
             1.1228         -0.0000         -0.0000
            -0.0000          1.1228          0.0000
            -0.0000          0.0000          1.1228

     Atom 12  H   pos: (  0.086520  0.037121  0.364276)  dia sigma:           1.12
             1.1228         -0.0000         -0.0000
            -0.0000          1.1228          0.0000
            -0.0000          0.0000          1.1228

     Atom 13  C   pos: (  0.990928  0.336897  0.059860)  dia sigma:           4.21
             4.2666         -0.0638          0.0319
            -0.0638          4.1667         -0.0271
             0.0319         -0.0271          4.1832

     Atom 14  C   pos: ( -0.092695  0.723270  0.168716)  dia sigma:           4.21
             4.2667          0.0638          0.0318
             0.0638          4.1667          0.0271
             0.0318          0.0271          4.1832

     Atom 15  C   pos: ( -0.194464  0.435858  0.397290)  dia sigma:           4.21
             4.2666         -0.0638          0.0319
            -0.0638          4.1667         -0.0271
             0.0319         -0.0271          4.1832

     Atom 16  C   pos: (  0.889158  0.049486  0.288434)  dia sigma:           4.21
             4.2667          0.0638          0.0318
             0.0638          4.1667          0.0271
             0.0318          0.0271          4.1832

     Atom 17  H   pos: (  0.936394  0.393832  0.147180)  dia sigma:           1.11
             1.1108         -0.0000         -0.0000
            -0.0000          1.1108          0.0000
            -0.0000          0.0000          1.1108

     Atom 18  H   pos: ( -0.038160  0.780209  0.081395)  dia sigma:           1.11
             1.1108         -0.0000         -0.0000
            -0.0000          1.1108          0.0000
            -0.0000          0.0000          1.1108

     Atom 19  H   pos: ( -0.139930  0.378923  0.309970)  dia sigma:           1.11
             1.1108         -0.0000         -0.0000
            -0.0000          1.1108          0.0000
            -0.0000          0.0000          1.1108

     Atom 20  H   pos: (  0.834624 -0.007454  0.375754)  dia sigma:           1.11
             1.1108         -0.0000         -0.0000
            -0.0000          1.1108          0.0000
            -0.0000          0.0000          1.1108

     Atom 21  H   pos: (  0.715758  0.254180  0.486480)  dia sigma:           1.16
             1.1556         -0.0000         -0.0000
            -0.0000          1.1556          0.0000
            -0.0000          0.0000          1.1556

     Atom 22  H   pos: ( -0.021066  0.640558  0.199245)  dia sigma:           1.16
             1.1557         -0.0000         -0.0000
            -0.0000          1.1557          0.0000
            -0.0000          0.0000          1.1557

     Atom 23  H   pos: (  0.080706  0.518576 -0.029330)  dia sigma:           1.16
             1.1556         -0.0000         -0.0000
            -0.0000          1.1556          0.0000
            -0.0000          0.0000          1.1556

     Atom 24  H   pos: (  0.817530  0.132197  0.257904)  dia sigma:           1.16
             1.1557         -0.0000         -0.0000
            -0.0000          1.1557          0.0000
            -0.0000          0.0000          1.1557

     Atom 25  N   pos: (  0.615587  0.272268  0.106869)  dia sigma:           9.60
             9.8770          0.0910          0.2828
             0.0910          9.5815         -0.2626
             0.2828         -0.2626          9.3337

     Atom 26  N   pos: (  0.282646  0.658644  0.121702)  dia sigma:           9.60
             9.8771         -0.0909          0.2827
            -0.0909          9.5817          0.2626
             0.2827          0.2626          9.3338

     Atom 27  N   pos: (  0.180877  0.500487  0.350281)  dia sigma:           9.60
             9.8770          0.0910          0.2828
             0.0910          9.5815         -0.2626
             0.2828         -0.2626          9.3337

     Atom 28  N   pos: (  0.513817  0.114111  0.335448)  dia sigma:           9.60
             9.8771         -0.0909          0.2827
            -0.0909          9.5817          0.2626
             0.2827          0.2626          9.3338

     Atom 29  H   pos: (  0.685772  0.346273  0.133473)  dia sigma:           1.13
             1.1277         -0.0000         -0.0000
            -0.0000          1.1277          0.0000
            -0.0000          0.0000          1.1277

     Atom 30  H   pos: (  0.212462  0.732649  0.095101)  dia sigma:           1.13
             1.1277         -0.0000         -0.0000
            -0.0000          1.1277          0.0000
            -0.0000          0.0000          1.1277

     Atom 31  H   pos: (  0.110692  0.426482  0.323677)  dia sigma:           1.13
             1.1277         -0.0000         -0.0000
            -0.0000          1.1277          0.0000
            -0.0000          0.0000          1.1277

     Atom 32  H   pos: (  0.584002  0.040106  0.362048)  dia sigma:           1.13
             1.1277         -0.0000         -0.0000
            -0.0000          1.1277          0.0000
            -0.0000          0.0000          1.1277

     Atom 33  H   pos: (  0.591548  0.214406  0.195337)  dia sigma:           1.02
             1.0214         -0.0000         -0.0000
            -0.0000          1.0214          0.0000
            -0.0000          0.0000          1.0214

     Atom 34  H   pos: (  0.306686  0.600784  0.033238)  dia sigma:           1.02
             1.0215         -0.0000         -0.0000
            -0.0000          1.0215          0.0000
            -0.0000          0.0000          1.0215

     Atom 35  H   pos: (  0.204915  0.558350  0.261813)  dia sigma:           1.02
             1.0214         -0.0000         -0.0000
            -0.0000          1.0214          0.0000
            -0.0000          0.0000          1.0214

     Atom 36  H   pos: (  0.489778  0.171972  0.423912)  dia sigma:           1.02
             1.0215         -0.0000         -0.0000
            -0.0000          1.0215          0.0000
            -0.0000          0.0000          1.0215

     Atom 37  C   pos: (  0.488102  0.338362  0.060044)  dia sigma:           4.22
             4.2822         -0.0716          0.0253
            -0.0716          4.1834         -0.0223
             0.0253         -0.0223          4.1951

     Atom 38  C   pos: (  0.410127  0.724747  0.168528)  dia sigma:           4.22
             4.2823          0.0717          0.0252
             0.0717          4.1835          0.0222
             0.0252          0.0222          4.1952

     Atom 39  C   pos: (  0.308362  0.434394  0.397106)  dia sigma:           4.22
             4.2822         -0.0716          0.0253
            -0.0716          4.1834         -0.0223
             0.0253         -0.0223          4.1951

     Atom 40  C   pos: (  0.386337  0.048008  0.288622)  dia sigma:           4.22
             4.2823          0.0717          0.0252
             0.0717          4.1835          0.0222
             0.0252          0.0222          4.1952

     Atom 41  H   pos: (  0.434304  0.398527  0.146405)  dia sigma:           1.11
             1.1078         -0.0000         -0.0000
            -0.0000          1.1078          0.0000
            -0.0000          0.0000          1.1078

     Atom 42  H   pos: (  0.463930  0.784908  0.082163)  dia sigma:           1.11
             1.1078         -0.0000         -0.0000
            -0.0000          1.1078          0.0000
            -0.0000          0.0000          1.1078

     Atom 43  H   pos: (  0.362160  0.374229  0.310745)  dia sigma:           1.11
             1.1078         -0.0000         -0.0000
            -0.0000          1.1078          0.0000
            -0.0000          0.0000          1.1078

     Atom 44  H   pos: (  0.332534 -0.012152  0.374987)  dia sigma:           1.11
             1.1078         -0.0000         -0.0000
            -0.0000          1.1078          0.0000
            -0.0000          0.0000          1.1078

     Atom 45  H   pos: (  0.414186  0.257349  0.030406)  dia sigma:           1.16
             1.1552         -0.0000         -0.0000
            -0.0000          1.1552          0.0000
            -0.0000          0.0000          1.1552

     Atom 46  H   pos: (  0.484036  0.643737  0.198167)  dia sigma:           1.16
             1.1553         -0.0000         -0.0000
            -0.0000          1.1553          0.0000
            -0.0000          0.0000          1.1553

     Atom 47  H   pos: (  0.382277  0.515406  0.426744)  dia sigma:           1.16
             1.1552         -0.0000         -0.0000
            -0.0000          1.1552          0.0000
            -0.0000          0.0000          1.1552

     Atom 48  H   pos: (  0.312428  0.129019  0.258983)  dia sigma:           1.16
             1.1553         -0.0000         -0.0000
            -0.0000          1.1553          0.0000
            -0.0000          0.0000          1.1553

     Paramagnetic contribution in ppm:
 
     Atom  1  N   pos: (  0.118465  0.274036  0.111225)  para sigma:         -37.75
           -45.6052         -0.2196         -0.4621
             4.0098        -28.9502          9.0629
            -3.0311          7.9466        -38.6883

     Atom  2  N   pos: (  0.779767  0.660417  0.117351)  para sigma:         -37.75
           -45.6114          0.2164         -0.4622
            -4.0131        -28.9501         -9.0636
            -3.0292         -7.9462        -38.6918

     Atom  3  N   pos: (  0.677998  0.498720  0.345925)  para sigma:         -37.75
           -45.6052         -0.2196         -0.4621
             4.0098        -28.9502          9.0629
            -3.0311          7.9466        -38.6883

     Atom  4  N   pos: (  0.016697  0.112339  0.339799)  para sigma:         -37.75
           -45.6114          0.2164         -0.4622
            -4.0131        -28.9501         -9.0636
            -3.0292         -7.9462        -38.6918

     Atom  5  H   pos: (  0.163041  0.215817  0.031540)  para sigma:           0.00
             0.0000          0.0000          0.0000
             0.0000          0.0000          0.0000
             0.0000          0.0000          0.0000

     Atom  6  H   pos: (  0.735190  0.602199  0.197035)  para sigma:           0.00
             0.0000          0.0000          0.0000
             0.0000          0.0000          0.0000
             0.0000          0.0000          0.0000

     Atom  7  H   pos: (  0.633423  0.556938  0.425610)  para sigma:           0.00
             0.0000          0.0000          0.0000
             0.0000          0.0000          0.0000
             0.0000          0.0000          0.0000

     Atom  8  H   pos: (  0.061274  0.170557  0.260115)  para sigma:           0.00
             0.0000          0.0000          0.0000
             0.0000          0.0000          0.0000
             0.0000          0.0000          0.0000

     Atom  9  H   pos: (  0.188286  0.349250  0.135702)  para sigma:           0.00
             0.0000          0.0000          0.0000
             0.0000          0.0000          0.0000
             0.0000          0.0000          0.0000

     Atom 10  H   pos: (  0.709944  0.735634  0.092874)  para sigma:           0.00
             0.0000          0.0000          0.0000
             0.0000          0.0000          0.0000
             0.0000          0.0000          0.0000

     Atom 11  H   pos: (  0.608178  0.423505  0.321448)  para sigma:           0.00
             0.0000          0.0000          0.0000
             0.0000          0.0000          0.0000
             0.0000          0.0000          0.0000

     Atom 12  H   pos: (  0.086520  0.037121  0.364276)  para sigma:           0.00
             0.0000          0.0000          0.0000
             0.0000          0.0000          0.0000
             0.0000          0.0000          0.0000

     Atom 13  C   pos: (  0.990928  0.336897  0.059860)  para sigma:         -66.50
           -63.1007         -2.6718         -0.5072
            -7.5880        -70.1230         -6.2789
             5.9043         -7.7904        -66.2734

     Atom 14  C   pos: ( -0.092695  0.723270  0.168716)  para sigma:         -66.50
           -63.1012          2.6725         -0.5073
             7.5894        -70.1234          6.2797
             5.9046          7.7907        -66.2712

     Atom 15  C   pos: ( -0.194464  0.435858  0.397290)  para sigma:         -66.50
           -63.1007         -2.6718         -0.5072
            -7.5880        -70.1230         -6.2789
             5.9043         -7.7904        -66.2734

     Atom 16  C   pos: (  0.889158  0.049486  0.288434)  para sigma:         -66.50
           -63.1012          2.6725         -0.5073
             7.5894        -70.1234          6.2797
             5.9046          7.7907        -66.2712

     Atom 17  H   pos: (  0.936394  0.393832  0.147180)  para sigma:           0.00
             0.0000          0.0000          0.0000
             0.0000          0.0000          0.0000
             0.0000          0.0000          0.0000

     Atom 18  H   pos: ( -0.038160  0.780209  0.081395)  para sigma:           0.00
             0.0000          0.0000          0.0000
             0.0000          0.0000          0.0000
             0.0000          0.0000          0.0000

     Atom 19  H   pos: ( -0.139930  0.378923  0.309970)  para sigma:           0.00
             0.0000          0.0000          0.0000
             0.0000          0.0000          0.0000
             0.0000          0.0000          0.0000

     Atom 20  H   pos: (  0.834624 -0.007454  0.375754)  para sigma:           0.00
             0.0000          0.0000          0.0000
             0.0000          0.0000          0.0000
             0.0000          0.0000          0.0000

     Atom 21  H   pos: (  0.715758  0.254180  0.486480)  para sigma:           0.00
             0.0000          0.0000          0.0000
             0.0000          0.0000          0.0000
             0.0000          0.0000          0.0000

     Atom 22  H   pos: ( -0.021066  0.640558  0.199245)  para sigma:           0.00
             0.0000          0.0000          0.0000
             0.0000          0.0000          0.0000
             0.0000          0.0000          0.0000

     Atom 23  H   pos: (  0.080706  0.518576 -0.029330)  para sigma:           0.00
             0.0000          0.0000          0.0000
             0.0000          0.0000          0.0000
             0.0000          0.0000          0.0000

     Atom 24  H   pos: (  0.817530  0.132197  0.257904)  para sigma:           0.00
             0.0000          0.0000          0.0000
             0.0000          0.0000          0.0000
             0.0000          0.0000          0.0000

     Atom 25  N   pos: (  0.615587  0.272268  0.106869)  para sigma:         -36.01
           -41.9281          8.2657         -1.0278
            16.0148        -26.5411        -12.3995
            -8.3611        -15.7648        -39.5735

     Atom 26  N   pos: (  0.282646  0.658644  0.121702)  para sigma:         -36.01
           -41.9224         -8.2644         -1.0289
           -16.0131        -26.5424         12.3994
            -8.3634         15.7631        -39.5680

     Atom 27  N   pos: (  0.180877  0.500487  0.350281)  para sigma:         -36.01
           -41.9281          8.2657         -1.0278
            16.0148        -26.5411        -12.3995
            -8.3611        -15.7648        -39.5735

     Atom 28  N   pos: (  0.513817  0.114111  0.335448)  para sigma:         -36.01
           -41.9224         -8.2644         -1.0289
           -16.0131        -26.5424         12.3994
            -8.3634         15.7631        -39.5680

     Atom 29  H   pos: (  0.685772  0.346273  0.133473)  para sigma:           0.00
             0.0000          0.0000          0.0000
             0.0000          0.0000          0.0000
             0.0000          0.0000          0.0000

     Atom 30  H   pos: (  0.212462  0.732649  0.095101)  para sigma:           0.00
             0.0000          0.0000          0.0000
             0.0000          0.0000          0.0000
             0.0000          0.0000          0.0000

     Atom 31  H   pos: (  0.110692  0.426482  0.323677)  para sigma:           0.00
             0.0000          0.0000          0.0000
             0.0000          0.0000          0.0000
             0.0000          0.0000          0.0000

     Atom 32  H   pos: (  0.584002  0.040106  0.362048)  para sigma:           0.00
             0.0000          0.0000          0.0000
             0.0000          0.0000          0.0000
             0.0000          0.0000          0.0000

     Atom 33  H   pos: (  0.591548  0.214406  0.195337)  para sigma:           0.00
             0.0000          0.0000          0.0000
             0.0000          0.0000          0.0000
             0.0000          0.0000          0.0000

     Atom 34  H   pos: (  0.306686  0.600784  0.033238)  para sigma:           0.00
             0.0000          0.0000          0.0000
             0.0000          0.0000          0.0000
             0.0000          0.0000          0.0000

     Atom 35  H   pos: (  0.204915  0.558350  0.261813)  para sigma:           0.00
             0.0000          0.0000          0.0000
             0.0000          0.0000          0.0000
             0.0000          0.0000          0.0000

     Atom 36  H   pos: (  0.489778  0.171972  0.423912)  para sigma:           0.00
             0.0000          0.0000          0.0000
             0.0000          0.0000          0.0000
             0.0000          0.0000          0.0000

     Atom 37  C   pos: (  0.488102  0.338362  0.060044)  para sigma:         -64.19
           -61.2097         -3.1938         -0.4254
            -6.7931        -67.6102         -2.4789
             4.9180         -2.7475        -63.7623

     Atom 38  C   pos: (  0.410127  0.724747  0.168528)  para sigma:         -64.19
           -61.2066          3.1974         -0.4298
             6.7953        -67.6081          2.4778
             4.9132          2.7463        -63.7610

     Atom 39  C   pos: (  0.308362  0.434394  0.397106)  para sigma:         -64.19
           -61.2097         -3.1938         -0.4254
            -6.7931        -67.6102         -2.4789
             4.9180         -2.7475        -63.7623

     Atom 40  C   pos: (  0.386337  0.048008  0.288622)  para sigma:         -64.19
           -61.2066          3.1974         -0.4298
             6.7953        -67.6081          2.4778
             4.9132          2.7463        -63.7610

     Atom 41  H   pos: (  0.434304  0.398527  0.146405)  para sigma:           0.00
             0.0000          0.0000          0.0000
             0.0000          0.0000          0.0000
             0.0000          0.0000          0.0000

     Atom 42  H   pos: (  0.463930  0.784908  0.082163)  para sigma:           0.00
             0.0000          0.0000          0.0000
             0.0000          0.0000          0.0000
             0.0000          0.0000          0.0000

     Atom 43  H   pos: (  0.362160  0.374229  0.310745)  para sigma:           0.00
             0.0000          0.0000          0.0000
             0.0000          0.0000          0.0000
             0.0000          0.0000          0.0000

     Atom 44  H   pos: (  0.332534 -0.012152  0.374987)  para sigma:           0.00
             0.0000          0.0000          0.0000
             0.0000          0.0000          0.0000
             0.0000          0.0000          0.0000

     Atom 45  H   pos: (  0.414186  0.257349  0.030406)  para sigma:           0.00
             0.0000          0.0000          0.0000
             0.0000          0.0000          0.0000
             0.0000          0.0000          0.0000

     Atom 46  H   pos: (  0.484036  0.643737  0.198167)  para sigma:           0.00
             0.0000          0.0000          0.0000
             0.0000          0.0000          0.0000
             0.0000          0.0000          0.0000

     Atom 47  H   pos: (  0.382277  0.515406  0.426744)  para sigma:           0.00
             0.0000          0.0000          0.0000
             0.0000          0.0000          0.0000
             0.0000          0.0000          0.0000

     Atom 48  H   pos: (  0.312428  0.129019  0.258983)  para sigma:           0.00
             0.0000          0.0000          0.0000
             0.0000          0.0000          0.0000
             0.0000          0.0000          0.0000

     Paramagnetic US occ-occ contribution in ppm:
 
     Atom  1  N   pos: (  0.118465  0.274036  0.111225)  para_oo sigma:          -0.29
            -0.4484          0.0508         -0.1096
             0.0603         -0.2435         -0.0204
            -0.1125         -0.0086         -0.1847

     Atom  2  N   pos: (  0.779767  0.660417  0.117351)  para_oo sigma:          -0.29
            -0.4484         -0.0508         -0.1096
            -0.0603         -0.2435          0.0204
            -0.1125          0.0086         -0.1847

     Atom  3  N   pos: (  0.677998  0.498720  0.345925)  para_oo sigma:          -0.29
            -0.4484          0.0508         -0.1096
             0.0603         -0.2435         -0.0204
            -0.1125         -0.0086         -0.1847

     Atom  4  N   pos: (  0.016697  0.112339  0.339799)  para_oo sigma:          -0.29
            -0.4484         -0.0508         -0.1096
            -0.0603         -0.2435          0.0204
            -0.1125          0.0086         -0.1847

     Atom  5  H   pos: (  0.163041  0.215817  0.031540)  para_oo sigma:           0.00
             0.0000          0.0000          0.0000
             0.0000          0.0000          0.0000
             0.0000          0.0000          0.0000

     Atom  6  H   pos: (  0.735190  0.602199  0.197035)  para_oo sigma:           0.00
             0.0000          0.0000          0.0000
             0.0000          0.0000          0.0000
             0.0000          0.0000          0.0000

     Atom  7  H   pos: (  0.633423  0.556938  0.425610)  para_oo sigma:           0.00
             0.0000          0.0000          0.0000
             0.0000          0.0000          0.0000
             0.0000          0.0000          0.0000

     Atom  8  H   pos: (  0.061274  0.170557  0.260115)  para_oo sigma:           0.00
             0.0000          0.0000          0.0000
             0.0000          0.0000          0.0000
             0.0000          0.0000          0.0000

     Atom  9  H   pos: (  0.188286  0.349250  0.135702)  para_oo sigma:           0.00
             0.0000          0.0000          0.0000
             0.0000          0.0000          0.0000
             0.0000          0.0000          0.0000

     Atom 10  H   pos: (  0.709944  0.735634  0.092874)  para_oo sigma:           0.00
             0.0000          0.0000          0.0000
             0.0000          0.0000          0.0000
             0.0000          0.0000          0.0000

     Atom 11  H   pos: (  0.608178  0.423505  0.321448)  para_oo sigma:           0.00
             0.0000          0.0000          0.0000
             0.0000          0.0000          0.0000
             0.0000          0.0000          0.0000

     Atom 12  H   pos: (  0.086520  0.037121  0.364276)  para_oo sigma:           0.00
             0.0000          0.0000          0.0000
             0.0000          0.0000          0.0000
             0.0000          0.0000          0.0000

     Atom 13  C   pos: (  0.990928  0.336897  0.059860)  para_oo sigma:          -0.14
            -0.0816         -0.0550          0.0431
            -0.0340         -0.1784         -0.0048
             0.0106         -0.0052         -0.1608

     Atom 14  C   pos: ( -0.092695  0.723270  0.168716)  para_oo sigma:          -0.14
            -0.0816          0.0550          0.0431
             0.0340         -0.1785          0.0048
             0.0106          0.0052         -0.1608

     Atom 15  C   pos: ( -0.194464  0.435858  0.397290)  para_oo sigma:          -0.14
            -0.0816         -0.0550          0.0431
            -0.0340         -0.1784         -0.0048
             0.0106         -0.0052         -0.1608

     Atom 16  C   pos: (  0.889158  0.049486  0.288434)  para_oo sigma:          -0.14
            -0.0816          0.0550          0.0431
             0.0340         -0.1785          0.0048
             0.0106          0.0052         -0.1608

     Atom 17  H   pos: (  0.936394  0.393832  0.147180)  para_oo sigma:           0.00
             0.0000          0.0000          0.0000
             0.0000          0.0000          0.0000
             0.0000          0.0000          0.0000

     Atom 18  H   pos: ( -0.038160  0.780209  0.081395)  para_oo sigma:           0.00
             0.0000          0.0000          0.0000
             0.0000          0.0000          0.0000
             0.0000          0.0000          0.0000

     Atom 19  H   pos: ( -0.139930  0.378923  0.309970)  para_oo sigma:           0.00
             0.0000          0.0000          0.0000
             0.0000          0.0000          0.0000
             0.0000          0.0000          0.0000

     Atom 20  H   pos: (  0.834624 -0.007454  0.375754)  para_oo sigma:           0.00
             0.0000          0.0000          0.0000
             0.0000          0.0000          0.0000
             0.0000          0.0000          0.0000

     Atom 21  H   pos: (  0.715758  0.254180  0.486480)  para_oo sigma:           0.00
             0.0000          0.0000          0.0000
             0.0000          0.0000          0.0000
             0.0000          0.0000          0.0000

     Atom 22  H   pos: ( -0.021066  0.640558  0.199245)  para_oo sigma:           0.00
             0.0000          0.0000          0.0000
             0.0000          0.0000          0.0000
             0.0000          0.0000          0.0000

     Atom 23  H   pos: (  0.080706  0.518576 -0.029330)  para_oo sigma:           0.00
             0.0000          0.0000          0.0000
             0.0000          0.0000          0.0000
             0.0000          0.0000          0.0000

     Atom 24  H   pos: (  0.817530  0.132197  0.257904)  para_oo sigma:           0.00
             0.0000          0.0000          0.0000
             0.0000          0.0000          0.0000
             0.0000          0.0000          0.0000

     Atom 25  N   pos: (  0.615587  0.272268  0.106869)  para_oo sigma:          -0.33
            -0.5401          0.0483         -0.1161
             0.0259         -0.2678          0.0486
            -0.0864          0.0252         -0.1781

     Atom 26  N   pos: (  0.282646  0.658644  0.121702)  para_oo sigma:          -0.33
            -0.5401         -0.0483         -0.1161
            -0.0259         -0.2678         -0.0486
            -0.0864         -0.0253         -0.1780

     Atom 27  N   pos: (  0.180877  0.500487  0.350281)  para_oo sigma:          -0.33
            -0.5401          0.0483         -0.1161
             0.0259         -0.2678          0.0486
            -0.0864          0.0252         -0.1781

     Atom 28  N   pos: (  0.513817  0.114111  0.335448)  para_oo sigma:          -0.33
            -0.5401         -0.0483         -0.1161
            -0.0259         -0.2678         -0.0486
            -0.0864         -0.0253         -0.1780

     Atom 29  H   pos: (  0.685772  0.346273  0.133473)  para_oo sigma:           0.00
             0.0000          0.0000          0.0000
             0.0000          0.0000          0.0000
             0.0000          0.0000          0.0000

     Atom 30  H   pos: (  0.212462  0.732649  0.095101)  para_oo sigma:           0.00
             0.0000          0.0000          0.0000
             0.0000          0.0000          0.0000
             0.0000          0.0000          0.0000

     Atom 31  H   pos: (  0.110692  0.426482  0.323677)  para_oo sigma:           0.00
             0.0000          0.0000          0.0000
             0.0000          0.0000          0.0000
             0.0000          0.0000          0.0000

     Atom 32  H   pos: (  0.584002  0.040106  0.362048)  para_oo sigma:           0.00
             0.0000          0.0000          0.0000
             0.0000          0.0000          0.0000
             0.0000          0.0000          0.0000

     Atom 33  H   pos: (  0.591548  0.214406  0.195337)  para_oo sigma:           0.00
             0.0000          0.0000          0.0000
             0.0000          0.0000          0.0000
             0.0000          0.0000          0.0000

     Atom 34  H   pos: (  0.306686  0.600784  0.033238)  para_oo sigma:           0.00
             0.0000          0.0000          0.0000
             0.0000          0.0000          0.0000
             0.0000          0.0000          0.0000

     Atom 35  H   pos: (  0.204915  0.558350  0.261813)  para_oo sigma:           0.00
             0.0000          0.0000          0.0000
             0.0000          0.0000          0.0000
             0.0000          0.0000          0.0000

     Atom 36  H   pos: (  0.489778  0.171972  0.423912)  para_oo sigma:           0.00
             0.0000          0.0000          0.0000
             0.0000          0.0000          0.0000
             0.0000          0.0000          0.0000

     Atom 37  C   pos: (  0.488102  0.338362  0.060044)  para_oo sigma:          -0.16
            -0.1384         -0.0780          0.0747
            -0.0633         -0.1831          0.0290
             0.0471          0.0356         -0.1544

     Atom 38  C   pos: (  0.410127  0.724747  0.168528)  para_oo sigma:          -0.16
            -0.1384          0.0780          0.0747
             0.0633         -0.1831         -0.0289
             0.0471         -0.0356         -0.1543

     Atom 39  C   pos: (  0.308362  0.434394  0.397106)  para_oo sigma:          -0.16
            -0.1384         -0.0780          0.0747
            -0.0633         -0.1831          0.0290
             0.0471          0.0356         -0.1544

     Atom 40  C   pos: (  0.386337  0.048008  0.288622)  para_oo sigma:          -0.16
            -0.1384          0.0780          0.0747
             0.0633         -0.1831         -0.0289
             0.0471         -0.0356         -0.1543

     Atom 41  H   pos: (  0.434304  0.398527  0.146405)  para_oo sigma:           0.00
             0.0000          0.0000          0.0000
             0.0000          0.0000          0.0000
             0.0000          0.0000          0.0000

     Atom 42  H   pos: (  0.463930  0.784908  0.082163)  para_oo sigma:           0.00
             0.0000          0.0000          0.0000
             0.0000          0.0000          0.0000
             0.0000          0.0000          0.0000

     Atom 43  H   pos: (  0.362160  0.374229  0.310745)  para_oo sigma:           0.00
             0.0000          0.0000          0.0000
             0.0000          0.0000          0.0000
             0.0000          0.0000          0.0000

     Atom 44  H   pos: (  0.332534 -0.012152  0.374987)  para_oo sigma:           0.00
             0.0000          0.0000          0.0000
             0.0000          0.0000          0.0000
             0.0000          0.0000          0.0000

     Atom 45  H   pos: (  0.414186  0.257349  0.030406)  para_oo sigma:           0.00
             0.0000          0.0000          0.0000
             0.0000          0.0000          0.0000
             0.0000          0.0000          0.0000

     Atom 46  H   pos: (  0.484036  0.643737  0.198167)  para_oo sigma:           0.00
             0.0000          0.0000          0.0000
             0.0000          0.0000          0.0000
             0.0000          0.0000          0.0000

     Atom 47  H   pos: (  0.382277  0.515406  0.426744)  para_oo sigma:           0.00
             0.0000          0.0000          0.0000
             0.0000          0.0000          0.0000
             0.0000          0.0000          0.0000

     Atom 48  H   pos: (  0.312428  0.129019  0.258983)  para_oo sigma:           0.00
             0.0000          0.0000          0.0000
             0.0000          0.0000          0.0000
             0.0000          0.0000          0.0000

     Paramagnetic US L_R Q_R contribution in ppm:
 
     Atom  1  N   pos: (  0.118465  0.274036  0.111225)  para_lq sigma:         -63.09
           -66.8075          1.5407         -2.3057
             1.6110        -63.8916         -5.4367
            -2.3844         -5.4020        -58.5699

     Atom  2  N   pos: (  0.779767  0.660417  0.117351)  para_lq sigma:         -63.09
           -66.8085         -1.5409         -2.3053
            -1.6113        -63.8915          5.4365
            -2.3841          5.4018        -58.5697

     Atom  3  N   pos: (  0.677998  0.498720  0.345925)  para_lq sigma:         -63.09
           -66.8075          1.5407         -2.3057
             1.6110        -63.8916         -5.4367
            -2.3844         -5.4020        -58.5699

     Atom  4  N   pos: (  0.016697  0.112339  0.339799)  para_lq sigma:         -63.09
           -66.8085         -1.5409         -2.3053
            -1.6113        -63.8915          5.4365
            -2.3841          5.4018        -58.5697

     Atom  5  H   pos: (  0.163041  0.215817  0.031540)  para_lq sigma:           0.00
             0.0000          0.0000          0.0000
             0.0000          0.0000          0.0000
             0.0000          0.0000          0.0000

     Atom  6  H   pos: (  0.735190  0.602199  0.197035)  para_lq sigma:           0.00
             0.0000          0.0000          0.0000
             0.0000          0.0000          0.0000
             0.0000          0.0000          0.0000

     Atom  7  H   pos: (  0.633423  0.556938  0.425610)  para_lq sigma:           0.00
             0.0000          0.0000          0.0000
             0.0000          0.0000          0.0000
             0.0000          0.0000          0.0000

     Atom  8  H   pos: (  0.061274  0.170557  0.260115)  para_lq sigma:           0.00
             0.0000          0.0000          0.0000
             0.0000          0.0000          0.0000
             0.0000          0.0000          0.0000

     Atom  9  H   pos: (  0.188286  0.349250  0.135702)  para_lq sigma:           0.00
             0.0000          0.0000          0.0000
             0.0000          0.0000          0.0000
             0.0000          0.0000          0.0000

     Atom 10  H   pos: (  0.709944  0.735634  0.092874)  para_lq sigma:           0.00
             0.0000          0.0000          0.0000
             0.0000          0.0000          0.0000
             0.0000          0.0000          0.0000

     Atom 11  H   pos: (  0.608178  0.423505  0.321448)  para_lq sigma:           0.00
             0.0000          0.0000          0.0000
             0.0000          0.0000          0.0000
             0.0000          0.0000          0.0000

     Atom 12  H   pos: (  0.086520  0.037121  0.364276)  para_lq sigma:           0.00
             0.0000          0.0000          0.0000
             0.0000          0.0000          0.0000
             0.0000          0.0000          0.0000

     Atom 13  C   pos: (  0.990928  0.336897  0.059860)  para_lq sigma:         -11.29
           -11.6797          0.2920         -0.2773
             0.2745        -11.1875         -0.0423
            -0.3047         -0.0361        -11.0086

     Atom 14  C   pos: ( -0.092695  0.723270  0.168716)  para_lq sigma:         -11.29
           -11.6797         -0.2919         -0.2773
            -0.2743        -11.1876          0.0424
            -0.3048          0.0361        -11.0085

     Atom 15  C   pos: ( -0.194464  0.435858  0.397290)  para_lq sigma:         -11.29
           -11.6797          0.2920         -0.2773
             0.2745        -11.1875         -0.0423
            -0.3047         -0.0361        -11.0086

     Atom 16  C   pos: (  0.889158  0.049486  0.288434)  para_lq sigma:         -11.29
           -11.6797         -0.2919         -0.2773
            -0.2743        -11.1876          0.0424
            -0.3048          0.0361        -11.0085

     Atom 17  H   pos: (  0.936394  0.393832  0.147180)  para_lq sigma:           0.00
             0.0000          0.0000          0.0000
             0.0000          0.0000          0.0000
             0.0000          0.0000          0.0000

     Atom 18  H   pos: ( -0.038160  0.780209  0.081395)  para_lq sigma:           0.00
             0.0000          0.0000          0.0000
             0.0000          0.0000          0.0000
             0.0000          0.0000          0.0000

     Atom 19  H   pos: ( -0.139930  0.378923  0.309970)  para_lq sigma:           0.00
             0.0000          0.0000          0.0000
             0.0000          0.0000          0.0000
             0.0000          0.0000          0.0000

     Atom 20  H   pos: (  0.834624 -0.007454  0.375754)  para_lq sigma:           0.00
             0.0000          0.0000          0.0000
             0.0000          0.0000          0.0000
             0.0000          0.0000          0.0000

     Atom 21  H   pos: (  0.715758  0.254180  0.486480)  para_lq sigma:           0.00
             0.0000          0.0000          0.0000
             0.0000          0.0000          0.0000
             0.0000          0.0000          0.0000

     Atom 22  H   pos: ( -0.021066  0.640558  0.199245)  para_lq sigma:           0.00
             0.0000          0.0000          0.0000
             0.0000          0.0000          0.0000
             0.0000          0.0000          0.0000

     Atom 23  H   pos: (  0.080706  0.518576 -0.029330)  para_lq sigma:           0.00
             0.0000          0.0000          0.0000
             0.0000          0.0000          0.0000
             0.0000          0.0000          0.0000

     Atom 24  H   pos: (  0.817530  0.132197  0.257904)  para_lq sigma:           0.00
             0.0000          0.0000          0.0000
             0.0000          0.0000          0.0000
             0.0000          0.0000          0.0000

     Atom 25  N   pos: (  0.615587  0.272268  0.106869)  para_lq sigma:         -63.04
           -65.8017         -2.2186         -3.6129
            -2.2568        -63.7549          5.2018
            -3.5279          5.0244        -59.5592

     Atom 26  N   pos: (  0.282646  0.658644  0.121702)  para_lq sigma:         -63.04
           -65.8009          2.2186         -3.6123
             2.2567        -63.7552         -5.2021
            -3.5274         -5.0247        -59.5584

     Atom 27  N   pos: (  0.180877  0.500487  0.350281)  para_lq sigma:         -63.04
           -65.8017         -2.2186         -3.6129
            -2.2568        -63.7549          5.2018
            -3.5279          5.0244        -59.5592

     Atom 28  N   pos: (  0.513817  0.114111  0.335448)  para_lq sigma:         -63.04
           -65.8009          2.2186         -3.6123
             2.2567        -63.7552         -5.2021
            -3.5274         -5.0247        -59.5584

     Atom 29  H   pos: (  0.685772  0.346273  0.133473)  para_lq sigma:           0.00
             0.0000          0.0000          0.0000
             0.0000          0.0000          0.0000
             0.0000          0.0000          0.0000

     Atom 30  H   pos: (  0.212462  0.732649  0.095101)  para_lq sigma:           0.00
             0.0000          0.0000          0.0000
             0.0000          0.0000          0.0000
             0.0000          0.0000          0.0000

     Atom 31  H   pos: (  0.110692  0.426482  0.323677)  para_lq sigma:           0.00
             0.0000          0.0000          0.0000
             0.0000          0.0000          0.0000
             0.0000          0.0000          0.0000

     Atom 32  H   pos: (  0.584002  0.040106  0.362048)  para_lq sigma:           0.00
             0.0000          0.0000          0.0000
             0.0000          0.0000          0.0000
             0.0000          0.0000          0.0000

     Atom 33  H   pos: (  0.591548  0.214406  0.195337)  para_lq sigma:           0.00
             0.0000          0.0000          0.0000
             0.0000          0.0000          0.0000
             0.0000          0.0000          0.0000

     Atom 34  H   pos: (  0.306686  0.600784  0.033238)  para_lq sigma:           0.00
             0.0000          0.0000          0.0000
             0.0000          0.0000          0.0000
             0.0000          0.0000          0.0000

     Atom 35  H   pos: (  0.204915  0.558350  0.261813)  para_lq sigma:           0.00
             0.0000          0.0000          0.0000
             0.0000          0.0000          0.0000
             0.0000          0.0000          0.0000

     Atom 36  H   pos: (  0.489778  0.171972  0.423912)  para_lq sigma:           0.00
             0.0000          0.0000          0.0000
             0.0000          0.0000          0.0000
             0.0000          0.0000          0.0000

     Atom 37  C   pos: (  0.488102  0.338362  0.060044)  para_lq sigma:         -11.18
           -11.5643          0.2465         -0.2396
             0.2588        -11.0908          0.0767
            -0.2165          0.1841        -10.8858

     Atom 38  C   pos: (  0.410127  0.724747  0.168528)  para_lq sigma:         -11.18
           -11.5641         -0.2466         -0.2397
            -0.2589        -11.0906         -0.0767
            -0.2165         -0.1841        -10.8859

     Atom 39  C   pos: (  0.308362  0.434394  0.397106)  para_lq sigma:         -11.18
           -11.5643          0.2465         -0.2396
             0.2588        -11.0908          0.0767
            -0.2165          0.1841        -10.8858

     Atom 40  C   pos: (  0.386337  0.048008  0.288622)  para_lq sigma:         -11.18
           -11.5641         -0.2466         -0.2397
            -0.2589        -11.0906         -0.0767
            -0.2165         -0.1841        -10.8859

     Atom 41  H   pos: (  0.434304  0.398527  0.146405)  para_lq sigma:           0.00
             0.0000          0.0000          0.0000
             0.0000          0.0000          0.0000
             0.0000          0.0000          0.0000

     Atom 42  H   pos: (  0.463930  0.784908  0.082163)  para_lq sigma:           0.00
             0.0000          0.0000          0.0000
             0.0000          0.0000          0.0000
             0.0000          0.0000          0.0000

     Atom 43  H   pos: (  0.362160  0.374229  0.310745)  para_lq sigma:           0.00
             0.0000          0.0000          0.0000
             0.0000          0.0000          0.0000
             0.0000          0.0000          0.0000

     Atom 44  H   pos: (  0.332534 -0.012152  0.374987)  para_lq sigma:           0.00
             0.0000          0.0000          0.0000
             0.0000          0.0000          0.0000
             0.0000          0.0000          0.0000

     Atom 45  H   pos: (  0.414186  0.257349  0.030406)  para_lq sigma:           0.00
             0.0000          0.0000          0.0000
             0.0000          0.0000          0.0000
             0.0000          0.0000          0.0000

     Atom 46  H   pos: (  0.484036  0.643737  0.198167)  para_lq sigma:           0.00
             0.0000          0.0000          0.0000
             0.0000          0.0000          0.0000
             0.0000          0.0000          0.0000

     Atom 47  H   pos: (  0.382277  0.515406  0.426744)  para_lq sigma:           0.00
             0.0000          0.0000          0.0000
             0.0000          0.0000          0.0000
             0.0000          0.0000          0.0000

     Atom 48  H   pos: (  0.312428  0.129019  0.258983)  para_lq sigma:           0.00
             0.0000          0.0000          0.0000
             0.0000          0.0000          0.0000
             0.0000          0.0000          0.0000

 
     Total NMR chemical shifts in ppm: ---------------------------------------
     (adopting the Simpson convention for anisotropy and asymmetry)-----------
 
     Atom  1  N   pos: (  0.118465  0.274036  0.111225)  Total sigma:         189.83
           175.8547         -0.9856         -1.4366
             5.0664        201.4527          5.9617
            -5.4358          4.5134        192.1684

     N    1    anisotropy:    -22.54    eta:   -0.8621
     N    1    sigma_11=    190.86    axis=(  0.255541  0.388556 -0.885281)
     N    1    sigma_22=    203.82    axis=(  0.016796  0.913761  0.405904)
     N    1    sigma_33=    174.80    axis=(  0.966652 -0.118594  0.226978)
 
     Atom  2  N   pos: (  0.779767  0.660417  0.117351)  Total sigma:         189.82
           175.8437          0.9802         -1.4359
            -5.0723        201.4525         -5.9630
            -5.4323         -4.5130        192.1627

     N    2    anisotropy:    -22.55    eta:   -0.8621
     N    2    sigma_11=    190.86    axis=( -0.255463  0.388342  0.885398)
     N    2    sigma_22=    203.82    axis=(  0.017033 -0.913835  0.405729)
     N    2    sigma_33=    174.79    axis=(  0.966669  0.118730  0.226836)
 
     Atom  3  N   pos: (  0.677998  0.498720  0.345925)  Total sigma:         189.83
           175.8547         -0.9856         -1.4366
             5.0664        201.4527          5.9617
            -5.4358          4.5134        192.1684

     N    3    anisotropy:    -22.54    eta:   -0.8621
     N    3    sigma_11=    190.86    axis=(  0.255541  0.388556 -0.885281)
     N    3    sigma_22=    203.82    axis=(  0.016796  0.913761  0.405904)
     N    3    sigma_33=    174.80    axis=(  0.966652 -0.118594  0.226978)
 
     Atom  4  N   pos: (  0.016697  0.112339  0.339799)  Total sigma:         189.82
           175.8437          0.9802         -1.4359
            -5.0723        201.4525         -5.9630
            -5.4323         -4.5130        192.1627

     N    4    anisotropy:    -22.55    eta:   -0.8621
     N    4    sigma_11=    190.86    axis=( -0.255463  0.388342  0.885398)
     N    4    sigma_22=    203.82    axis=(  0.017033 -0.913835  0.405729)
     N    4    sigma_33=    174.79    axis=(  0.966669  0.118730  0.226836)
 
     Atom  5  H   pos: (  0.163041  0.215817  0.031540)  Total sigma:          22.18
            17.9598         -7.0609         -7.1394
            -6.6985         22.0144         11.6338
            -5.8472         11.7143         26.5587

     H    5    anisotropy:     26.97    eta:   -0.1502
     H    5    sigma_11=     14.54    axis=(  0.819051 -0.121748  0.560654)
     H    5    sigma_22=     11.84    axis=( -0.420637 -0.791986  0.442519)
     H    5    sigma_33=     40.16    axis=( -0.390154  0.598277  0.699888)
 
     Atom  6  H   pos: (  0.735190  0.602199  0.197035)  Total sigma:          22.18
            17.9598          7.0609         -7.1395
             6.6981         22.0143        -11.6340
            -5.8470        -11.7142         26.5585

     H    6    anisotropy:     26.97    eta:   -0.1502
     H    6    sigma_11=     14.54    axis=(  0.819089  0.121680  0.560613)
     H    6    sigma_22=     11.84    axis=(  0.420565 -0.791995 -0.442570)
     H    6    sigma_33=     40.16    axis=( -0.390151 -0.598279  0.699889)
 
     Atom  7  H   pos: (  0.633423  0.556938  0.425610)  Total sigma:          22.18
            17.9598         -7.0609         -7.1394
            -6.6985         22.0144         11.6338
            -5.8472         11.7143         26.5587

     H    7    anisotropy:     26.97    eta:   -0.1502
     H    7    sigma_11=     14.54    axis=(  0.819051 -0.121748  0.560654)
     H    7    sigma_22=     11.84    axis=( -0.420637 -0.791986  0.442519)
     H    7    sigma_33=     40.16    axis=( -0.390154  0.598277  0.699888)
 
     Atom  8  H   pos: (  0.061274  0.170557  0.260115)  Total sigma:          22.18
            17.9598          7.0609         -7.1395
             6.6981         22.0143        -11.6340
            -5.8470        -11.7142         26.5585

     H    8    anisotropy:     26.97    eta:   -0.1502
     H    8    sigma_11=     14.54    axis=(  0.819089  0.121680  0.560613)
     H    8    sigma_22=     11.84    axis=(  0.420565 -0.791995 -0.442570)
     H    8    sigma_33=     40.16    axis=( -0.390151 -0.598279  0.699889)
 
     Atom  9  H   pos: (  0.188286  0.349250  0.135702)  Total sigma:          29.77
            31.5781          5.6033          2.5096
             3.8203         30.8024          3.5840
             2.0501          3.5212         26.9322

     H    9    anisotropy:     11.61    eta:   -0.2938
     H    9    sigma_11=     27.04    axis=( -0.739488  0.488358  0.463319)
     H    9    sigma_22=     24.76    axis=(  0.126953 -0.574742  0.808427)
     H    9    sigma_33=     37.51    axis=( -0.661090 -0.656642 -0.363016)
 
     Atom 10  H   pos: (  0.709944  0.735634  0.092874)  Total sigma:          29.77
            31.5772         -5.6029          2.5092
            -3.8200         30.8014         -3.5838
             2.0496         -3.5212         26.9315

     H   10    anisotropy:     11.61    eta:   -0.2938
     H   10    sigma_11=     27.04    axis=(  0.739480  0.488324 -0.463367)
     H   10    sigma_22=     24.76    axis=(  0.127002  0.574765  0.808403)
     H   10    sigma_33=     37.51    axis=( -0.661090  0.656646 -0.363009)
 
     Atom 11  H   pos: (  0.608178  0.423505  0.321448)  Total sigma:          29.77
            31.5781          5.6033          2.5096
             3.8203         30.8024          3.5840
             2.0501          3.5212         26.9322

     H   11    anisotropy:     11.61    eta:   -0.2938
     H   11    sigma_11=     27.04    axis=( -0.739488  0.488358  0.463319)
     H   11    sigma_22=     24.76    axis=(  0.126953 -0.574742  0.808427)
     H   11    sigma_33=     37.51    axis=( -0.661090 -0.656642 -0.363016)
 
     Atom 12  H   pos: (  0.086520  0.037121  0.364276)  Total sigma:          29.77
            31.5772         -5.6029          2.5092
            -3.8200         30.8014         -3.5838
             2.0496         -3.5212         26.9315

     H   12    anisotropy:     11.61    eta:   -0.2938
     H   12    sigma_11=     27.04    axis=(  0.739480  0.488324 -0.463367)
     H   12    sigma_22=     24.76    axis=(  0.127002  0.574765  0.808403)
     H   12    sigma_33=     37.51    axis=( -0.661090  0.656646 -0.363009)
 
     Atom 13  C   pos: (  0.990928  0.336897  0.059860)  Total sigma:         117.62
           127.0116         -9.6727          2.2537
           -19.4702        108.7148        -17.7060
            13.4990        -19.7544        117.1253

     C   13    anisotropy:     41.63    eta:   -0.8256
     C   13    sigma_11=    115.20    axis=( -0.724850 -0.238289  0.646382)
     C   13    sigma_22=     92.28    axis=(  0.217296  0.811293  0.542758)
     C   13    sigma_33=    145.37    axis=(  0.653739 -0.533875  0.536287)
 
     Atom 14  C   pos: ( -0.092695  0.723270  0.168716)  Total sigma:         117.62
           127.0114          9.6745          2.2539
            19.4734        108.7134         17.7077
            13.4997         19.7553        117.1301

     C   14    anisotropy:     41.64    eta:   -0.8257
     C   14    sigma_11=    115.20    axis=( -0.724858  0.238155  0.646423)
     C   14    sigma_22=     92.28    axis=( -0.217378  0.811333 -0.542665)
     C   14    sigma_33=    145.38    axis=(  0.653703  0.533873  0.536331)
 
     Atom 15  C   pos: ( -0.194464  0.435858  0.397290)  Total sigma:         117.62
           127.0116         -9.6727          2.2537
           -19.4702        108.7148        -17.7060
            13.4990        -19.7544        117.1253

     C   15    anisotropy:     41.63    eta:   -0.8256
     C   15    sigma_11=    115.20    axis=( -0.724850 -0.238289  0.646382)
     C   15    sigma_22=     92.28    axis=(  0.217296  0.811293  0.542758)
     C   15    sigma_33=    145.37    axis=(  0.653739 -0.533875  0.536287)
 
     Atom 16  C   pos: (  0.889158  0.049486  0.288434)  Total sigma:         117.62
           127.0114          9.6745          2.2539
            19.4734        108.7134         17.7077
            13.4997         19.7553        117.1301

     C   16    anisotropy:     41.64    eta:   -0.8257
     C   16    sigma_11=    115.20    axis=( -0.724858  0.238155  0.646423)
     C   16    sigma_22=     92.28    axis=( -0.217378  0.811333 -0.542665)
     C   16    sigma_33=    145.38    axis=(  0.653703  0.533873  0.536331)
 
     Atom 17  H   pos: (  0.936394  0.393832  0.147180)  Total sigma:          26.48
            26.4935         -2.3451         -2.9885
            -2.4431         24.4522          0.5617
            -2.4110          0.5667         28.4915

     H   17    anisotropy:      6.67    eta:   -0.7237
     H   17    sigma_11=     25.86    axis=( -0.497373  0.588330 -0.637564)
     H   17    sigma_22=     22.65    axis=(  0.619782  0.755206  0.213386)
     H   17    sigma_33=     30.93    axis=( -0.607034  0.289019  0.740256)
 
     Atom 18  H   pos: ( -0.038160  0.780209  0.081395)  Total sigma:          26.48
            26.4931          2.3450         -2.9883
             2.4428         24.4516         -0.5619
            -2.4111         -0.5669         28.4912

     H   18    anisotropy:      6.67    eta:   -0.7236
     H   18    sigma_11=     25.86    axis=(  0.497420  0.588305  0.637551)
     H   18    sigma_22=     22.65    axis=(  0.619766 -0.755230  0.213350)
     H   18    sigma_33=     30.93    axis=( -0.607012 -0.289007  0.740278)
 
     Atom 19  H   pos: ( -0.139930  0.378923  0.309970)  Total sigma:          26.48
            26.4935         -2.3451         -2.9885
            -2.4431         24.4522          0.5617
            -2.4110          0.5667         28.4915

     H   19    anisotropy:      6.67    eta:   -0.7237
     H   19    sigma_11=     25.86    axis=( -0.497373  0.588330 -0.637564)
     H   19    sigma_22=     22.65    axis=(  0.619782  0.755206  0.213386)
     H   19    sigma_33=     30.93    axis=( -0.607034  0.289019  0.740256)
 
     Atom 20  H   pos: (  0.834624 -0.007454  0.375754)  Total sigma:          26.48
            26.4931          2.3450         -2.9883
             2.4428         24.4516         -0.5619
            -2.4111         -0.5669         28.4912

     H   20    anisotropy:      6.67    eta:   -0.7236
     H   20    sigma_11=     25.86    axis=(  0.497420  0.588305  0.637551)
     H   20    sigma_22=     22.65    axis=(  0.619766 -0.755230  0.213350)
     H   20    sigma_33=     30.93    axis=( -0.607012 -0.289007  0.740278)
 
     Atom 21  H   pos: (  0.715758  0.254180  0.486480)  Total sigma:          27.87
            29.8562          2.2790          2.0522
             1.0091         28.3318         -1.0482
             1.0063          0.0499         25.4227

     H   21    anisotropy:      4.85    eta:   -0.9828
     H   21    sigma_11=     27.84    axis=( -0.371906  0.834228 -0.407123)
     H   21    sigma_22=     24.66    axis=( -0.351647  0.279283  0.893502)
     H   21    sigma_33=     31.10    axis=( -0.859087 -0.475462 -0.189487)
 
     Atom 22  H   pos: ( -0.021066  0.640558  0.199245)  Total sigma:          27.87
            29.8579         -2.2788          2.0522
            -1.0083         28.3331          1.0482
             1.0062         -0.0504         25.4247

     H   22    anisotropy:      4.85    eta:   -0.9828
     H   22    sigma_11=     27.84    axis=(  0.371811  0.834305  0.407052)
     H   22    sigma_22=     24.67    axis=( -0.351634 -0.279236  0.893522)
     H   22    sigma_33=     31.10    axis=( -0.859133  0.475355 -0.189547)
 
     Atom 23  H   pos: (  0.080706  0.518576 -0.029330)  Total sigma:          27.87
            29.8562          2.2790          2.0522
             1.0091         28.3318         -1.0482
             1.0063          0.0499         25.4227

     H   23    anisotropy:      4.85    eta:   -0.9828
     H   23    sigma_11=     27.84    axis=( -0.371906  0.834228 -0.407123)
     H   23    sigma_22=     24.66    axis=( -0.351647  0.279283  0.893502)
     H   23    sigma_33=     31.10    axis=( -0.859087 -0.475462 -0.189487)
 
     Atom 24  H   pos: (  0.817530  0.132197  0.257904)  Total sigma:          27.87
            29.8579         -2.2788          2.0522
            -1.0083         28.3331          1.0482
             1.0062         -0.0504         25.4247

     H   24    anisotropy:      4.85    eta:   -0.9828
     H   24    sigma_11=     27.84    axis=(  0.371811  0.834305  0.407052)
     H   24    sigma_22=     24.67    axis=( -0.351634 -0.279236  0.893522)
     H   24    sigma_33=     31.10    axis=( -0.859133  0.475355 -0.189547)
 
     Atom 25  N   pos: (  0.615587  0.272268  0.106869)  Total sigma:         192.36
           182.1251          7.0401         -3.9577
            18.3027        205.3656        -13.4838
           -14.7248        -18.7081        189.5875

     N   25    anisotropy:     43.92    eta:   -0.1470
     N   25    sigma_11=    179.87    axis=( -0.251210  0.602916  0.757222)
     N   25    sigma_22=    175.57    axis=(  0.894674 -0.153920  0.419365)
     N   25    sigma_33=    221.64    axis=( -0.369394 -0.782816  0.500747)
 
     Atom 26  N   pos: (  0.282646  0.658644  0.121702)  Total sigma:         192.37
           182.1356         -7.0379         -3.9589
           -18.2997        205.3639         13.4830
           -14.7277         18.7046        189.5975

     N   26    anisotropy:     43.91    eta:   -0.1470
     N   26    sigma_11=    179.88    axis=(  0.251447  0.603075 -0.757017)
     N   26    sigma_22=    175.58    axis=(  0.894582  0.153750  0.419624)
     N   26    sigma_33=    221.64    axis=( -0.369456  0.782727  0.500840)
 
     Atom 27  N   pos: (  0.180877  0.500487  0.350281)  Total sigma:         192.36
           182.1251          7.0401         -3.9577
            18.3027        205.3656        -13.4838
           -14.7248        -18.7081        189.5875

     N   27    anisotropy:     43.92    eta:   -0.1470
     N   27    sigma_11=    179.87    axis=( -0.251210  0.602916  0.757222)
     N   27    sigma_22=    175.57    axis=(  0.894674 -0.153920  0.419365)
     N   27    sigma_33=    221.64    axis=( -0.369394 -0.782816  0.500747)
 
     Atom 28  N   pos: (  0.513817  0.114111  0.335448)  Total sigma:         192.37
           182.1356         -7.0379         -3.9589
           -18.2997        205.3639         13.4830
           -14.7277         18.7046        189.5975

     N   28    anisotropy:     43.91    eta:   -0.1470
     N   28    sigma_11=    179.88    axis=(  0.251447  0.603075 -0.757017)
     N   28    sigma_22=    175.58    axis=(  0.894582  0.153750  0.419624)
     N   28    sigma_33=    221.64    axis=( -0.369456  0.782727  0.500840)
 
     Atom 29  H   pos: (  0.685772  0.346273  0.133473)  Total sigma:          30.12
            31.5677          5.9197          2.0237
             4.6468         31.1448          1.6241
             2.9816          1.7590         27.6445

     H   29    anisotropy:     11.13    eta:   -0.1614
     H   29    sigma_11=     27.01    axis=( -0.132866  0.515651 -0.846434)
     H   29    sigma_22=     25.81    axis=(  0.702353 -0.553579 -0.447493)
     H   29    sigma_33=     37.54    axis=(  0.699319  0.653952  0.288617)
 
     Atom 30  H   pos: (  0.212462  0.732649  0.095101)  Total sigma:          30.12
            31.5685         -5.9200          2.0238
            -4.6468         31.1452         -1.6242
             2.9817         -1.7590         27.6444

     H   30    anisotropy:     11.13    eta:   -0.1613
     H   30    sigma_11=     27.01    axis=(  0.132986  0.515740  0.846361)
     H   30    sigma_22=     25.81    axis=(  0.702317  0.553507 -0.447639)
     H   30    sigma_33=     37.54    axis=(  0.699333 -0.653943  0.288604)
 
     Atom 31  H   pos: (  0.110692  0.426482  0.323677)  Total sigma:          30.12
            31.5677          5.9197          2.0237
             4.6468         31.1448          1.6241
             2.9816          1.7590         27.6445

     H   31    anisotropy:     11.13    eta:   -0.1614
     H   31    sigma_11=     27.01    axis=( -0.132866  0.515651 -0.846434)
     H   31    sigma_22=     25.81    axis=(  0.702353 -0.553579 -0.447493)
     H   31    sigma_33=     37.54    axis=(  0.699319  0.653952  0.288617)
 
     Atom 32  H   pos: (  0.584002  0.040106  0.362048)  Total sigma:          30.12
            31.5685         -5.9200          2.0238
            -4.6468         31.1452         -1.6242
             2.9817         -1.7590         27.6444

     H   32    anisotropy:     11.13    eta:   -0.1613
     H   32    sigma_11=     27.01    axis=(  0.132986  0.515740  0.846361)
     H   32    sigma_22=     25.81    axis=(  0.702317  0.553507 -0.447639)
     H   32    sigma_33=     37.54    axis=(  0.699333 -0.653943  0.288604)
 
     Atom 33  H   pos: (  0.591548  0.214406  0.195337)  Total sigma:          21.52
            15.6501          4.1291         -4.5184
             5.5142         21.0838        -12.8406
            -6.3355        -12.9890         27.8390

     H   33    anisotropy:     27.67    eta:   -0.1392
     H   33    sigma_11=     13.59    axis=(  0.940637 -0.021428  0.338738)
     H   33    sigma_22=     11.02    axis=( -0.183533  0.807406  0.560724)
     H   33    sigma_33=     39.97    axis=( -0.285514 -0.589607  0.755543)
 
     Atom 34  H   pos: (  0.306686  0.600784  0.033238)  Total sigma:          21.52
            15.6500         -4.1295         -4.5192
            -5.5143         21.0846         12.8414
            -6.3362         12.9899         27.8397

     H   34    anisotropy:     27.67    eta:   -0.1391
     H   34    sigma_11=     13.59    axis=(  0.940650  0.021499  0.338696)
     H   34    sigma_22=     11.02    axis=(  0.183455  0.807401 -0.560756)
     H   34    sigma_33=     39.97    axis=( -0.285519  0.589611  0.755538)
 
     Atom 35  H   pos: (  0.204915  0.558350  0.261813)  Total sigma:          21.52
            15.6501          4.1291         -4.5184
             5.5142         21.0838        -12.8406
            -6.3355        -12.9890         27.8390

     H   35    anisotropy:     27.67    eta:   -0.1392
     H   35    sigma_11=     13.59    axis=(  0.940637 -0.021428  0.338738)
     H   35    sigma_22=     11.02    axis=( -0.183533  0.807406  0.560724)
     H   35    sigma_33=     39.97    axis=( -0.285514 -0.589607  0.755543)
 
     Atom 36  H   pos: (  0.489778  0.171972  0.423912)  Total sigma:          21.52
            15.6500         -4.1295         -4.5192
            -5.5143         21.0846         12.8414
            -6.3362         12.9899         27.8397

     H   36    anisotropy:     27.67    eta:   -0.1391
     H   36    sigma_11=     13.59    axis=(  0.940650  0.021499  0.338696)
     H   36    sigma_22=     11.02    axis=(  0.183455  0.807401 -0.560756)
     H   36    sigma_33=     39.97    axis=( -0.285519  0.589611  0.755538)
 
     Atom 37  C   pos: (  0.488102  0.338362  0.060044)  Total sigma:         121.98
           130.6400        -11.1171          2.1243
           -18.6834        113.9452         -7.5778
            11.9787         -7.1923        121.3405

     C   37    anisotropy:     32.62    eta:   -0.5938
     C   37    sigma_11=    117.56    axis=( -0.449364  0.028083  0.892907)
     C   37    sigma_22=    104.65    axis=(  0.446702  0.872643  0.197362)
     C   37    sigma_33=    143.72    axis=(  0.773646 -0.487551  0.404679)
 
     Atom 38  C   pos: (  0.410127  0.724747  0.168528)  Total sigma:         121.98
           130.6467         11.1244          2.1148
            18.6883        113.9503          7.5756
            11.9687          7.1898        121.3450

     C   38    anisotropy:     32.61    eta:   -0.5945
     C   38    sigma_11=    117.57    axis=(  0.449098  0.027977 -0.893044)
     C   38    sigma_22=    104.65    axis=(  0.446825 -0.872579  0.197366)
     C   38    sigma_33=    143.72    axis=(  0.773730  0.487671  0.404374)
 
     Atom 39  C   pos: (  0.308362  0.434394  0.397106)  Total sigma:         121.98
           130.6400        -11.1171          2.1243
           -18.6834        113.9452         -7.5778
            11.9787         -7.1923        121.3405

     C   39    anisotropy:     32.62    eta:   -0.5938
     C   39    sigma_11=    117.56    axis=( -0.449364  0.028083  0.892907)
     C   39    sigma_22=    104.65    axis=(  0.446702  0.872643  0.197362)
     C   39    sigma_33=    143.72    axis=(  0.773646 -0.487551  0.404679)
 
     Atom 40  C   pos: (  0.386337  0.048008  0.288622)  Total sigma:         121.98
           130.6467         11.1244          2.1148
            18.6883        113.9503          7.5756
            11.9687          7.1898        121.3450

     C   40    anisotropy:     32.61    eta:   -0.5945
     C   40    sigma_11=    117.57    axis=(  0.449098  0.027977 -0.893044)
     C   40    sigma_22=    104.65    axis=(  0.446825 -0.872579  0.197366)
     C   40    sigma_33=    143.72    axis=(  0.773730  0.487671  0.404374)
 
     Atom 41  H   pos: (  0.434304  0.398527  0.146405)  Total sigma:          25.83
            25.8993         -2.9239         -3.0796
            -3.5869         24.1181          1.9649
            -2.1081          1.0448         27.4815

     H   41    anisotropy:      7.67    eta:   -0.6541
     H   41    sigma_11=     24.95    axis=( -0.466452  0.463849 -0.753171)
     H   41    sigma_22=     21.60    axis=(  0.632892  0.769868  0.082171)
     H   41    sigma_33=     30.95    axis=( -0.617957  0.438347  0.652672)
 
     Atom 42  H   pos: (  0.463930  0.784908  0.082163)  Total sigma:          25.83
            25.8997          2.9242         -3.0805
             3.5876         24.1174         -1.9646
            -2.1087         -1.0444         27.4816

     H   42    anisotropy:      7.67    eta:   -0.6542
     H   42    sigma_11=     24.95    axis=(  0.466411  0.463893  0.753169)
     H   42    sigma_22=     21.60    axis=(  0.632868 -0.769877  0.082270)
     H   42    sigma_33=     30.95    axis=( -0.618012 -0.438285  0.652662)
 
     Atom 43  H   pos: (  0.362160  0.374229  0.310745)  Total sigma:          25.83
            25.8993         -2.9239         -3.0796
            -3.5869         24.1181          1.9649
            -2.1081          1.0448         27.4815

     H   43    anisotropy:      7.67    eta:   -0.6541
     H   43    sigma_11=     24.95    axis=( -0.466452  0.463849 -0.753171)
     H   43    sigma_22=     21.60    axis=(  0.632892  0.769868  0.082171)
     H   43    sigma_33=     30.95    axis=( -0.617957  0.438347  0.652672)
 
     Atom 44  H   pos: (  0.332534 -0.012152  0.374987)  Total sigma:          25.83
            25.8997          2.9242         -3.0805
             3.5876         24.1174         -1.9646
            -2.1087         -1.0444         27.4816

     H   44    anisotropy:      7.67    eta:   -0.6542
     H   44    sigma_11=     24.95    axis=(  0.466411  0.463893  0.753169)
     H   44    sigma_22=     21.60    axis=(  0.632868 -0.769877  0.082270)
     H   44    sigma_33=     30.95    axis=( -0.618012 -0.438285  0.652662)
 
     Atom 45  H   pos: (  0.414186  0.257349  0.030406)  Total sigma:          27.62
            29.7775          2.5628          2.0826
             1.2021         28.1897         -0.4314
             2.0210          0.8404         24.8819

     H   45    anisotropy:      5.89    eta:   -0.8026
     H   45    sigma_11=     27.23    axis=(  0.411181 -0.866192  0.283976)
     H   45    sigma_22=     24.08    axis=( -0.372347  0.124756  0.919671)
     H   45    sigma_33=     31.54    axis=(  0.832039  0.483889  0.271226)
 
     Atom 46  H   pos: (  0.484036  0.643737  0.198167)  Total sigma:          27.62
            29.7779         -2.5629          2.0829
            -1.2024         28.1907          0.4315
             2.0209         -0.8397         24.8830

     H   46    anisotropy:      5.89    eta:   -0.8027
     H   46    sigma_11=     27.23    axis=( -0.411178 -0.866140 -0.284139)
     H   46    sigma_22=     24.08    axis=( -0.372416 -0.124889  0.919624)
     H   46    sigma_33=     31.54    axis=(  0.832009 -0.483947  0.271213)
 
     Atom 47  H   pos: (  0.382277  0.515406  0.426744)  Total sigma:          27.62
            29.7775          2.5628          2.0826
             1.2021         28.1897         -0.4314
             2.0210          0.8404         24.8819

     H   47    anisotropy:      5.89    eta:   -0.8026
     H   47    sigma_11=     27.23    axis=(  0.411181 -0.866192  0.283976)
     H   47    sigma_22=     24.08    axis=( -0.372347  0.124756  0.919671)
     H   47    sigma_33=     31.54    axis=(  0.832039  0.483889  0.271226)
 
     Atom 48  H   pos: (  0.312428  0.129019  0.258983)  Total sigma:          27.62
            29.7779         -2.5629          2.0829
            -1.2024         28.1907          0.4315
             2.0209         -0.8397         24.8830

     H   48    anisotropy:      5.89    eta:   -0.8027
     H   48    sigma_11=     27.23    axis=( -0.411178 -0.866140 -0.284139)
     H   48    sigma_22=     24.08    axis=( -0.372416 -0.124889  0.919624)
     H   48    sigma_33=     31.54    axis=(  0.832009 -0.483947  0.271213)
 
     Initialization:
     gipaw_setup  :      0.34s CPU      0.36s WALL (       1 calls)
 
     Linear response
     greenf       :   3351.30s CPU   3455.27s WALL (     336 calls)
     cgsolve      :   3328.44s CPU   3432.32s WALL (     336 calls)
     ch_psi       :   3241.85s CPU   3345.61s WALL (   15882 calls)
     h_psiq       :   2684.22s CPU   2786.54s WALL (   15882 calls)
 
     Apply operators
     h_psi        :   2705.89s CPU   2824.67s WALL (   22578 calls)
     apply_vel    :     61.17s CPU     61.31s WALL (     294 calls)
 
     Induced current
     j_para       :    282.85s CPU    292.36s WALL (     378 calls)
     biot_savart  :      0.04s CPU      0.04s WALL (       1 calls)
 
     Other routines
 
     General routines
     calbec       :    667.93s CPU    672.05s WALL (   57184 calls)
     fft          :      0.45s CPU      0.47s WALL (      32 calls)
     fftw         :   2322.21s CPU   2446.52s WALL ( 2177548 calls)
     davcio       :      0.04s CPU      0.32s WALL (     224 calls)
 
     Parallel routines
     fft_scatter  :    608.75s CPU    659.76s WALL ( 2177580 calls)
 
     Plugins
 
     GIPAW        :   4439.28s CPU   4577.05s WALL (       1 calls)
