
     Program QE v.6.1 (svn rev. 13369) starts on  5Dec2017 at  0:11:29 

     This program is part of the open-source Quantum ESPRESSO suite
     for quantum simulation of materials; please cite
         "P. Giannozzi et al., J. Phys.:Condens. Matter 21 395502 (2009);
          URL http://www.quantum-espresso.org", 
     in publications or presentations arising from this work. More details at
     http://www.quantum-espresso.org/quote

     Parallel version (MPI), running on     8 processors
     R & G space division:  proc/nbgrp/npool/nimage =       8
 
     ***** This is GIPAW svn revision unknown      *****
 
     Parallelizing q-star over 1 images
     Message from routine gipaw_readin:
     *** iverbosity is obsolete, use verbosity instead ***

     Reading data from directory:
     /scratch/paruzzo/QEspresso/CCDC/EVIQAB/wfc/scf.save

   Info: using nr1, nr2, nr3 values from input

   Info: using nr1, nr2, nr3 values from input

     IMPORTANT: XC functional enforced from input :
     Exchange-correlation      =  SLA  PW   PBX  PBC ( 1  4  3  4 0 0)
     Any further DFT definition will be discarded
     Please, verify this is what you really want

               file C.pbe-n-kjpaw_psl.0.1.UPF: wavefunction(s)  2P renormalized
               file N.pbe-n-kjpaw_psl.0.1.UPF: wavefunction(s)  2P renormalized
               file H.pbe-kjpaw_psl.0.1.UPF: wavefunction(s)  1S renormalized
               file O.pbe-n-kjpaw_psl.0.1.UPF: wavefunction(s)  2P renormalized
 
     Parallelization info
     --------------------
     sticks:   dense  smooth     PW     G-vecs:    dense   smooth      PW
     Min         967     967    259                49428    49428    6832
     Max         968     968    260                49429    49429    6833
     Sum        7739    7739   2075               395425   395425   54659
 

     Check: negative/imaginary core charge=   -0.000003    0.000000

     Subspace diagonalization in iterative solution of the eigenvalue problem:
     a serial algorithm will be used

     GIPAW projectors -----------------------------------------------
     atom=  C    l=0  rc=    1.3000  rs=    0.8667
     atom=  C    l=0  rc=    1.3000  rs=    0.8667
     atom=  C    l=1  rc=    1.4500  rs=    0.9667
     atom=  C    l=1  rc=    1.4500  rs=    0.9667
     projs nearly linearly dependent: l=0  n1,n2= 1, 2  s=  0.99877758
     projs nearly linearly dependent: l=1  n1,n2= 1, 2  s=  0.99940894
 
     atom=  N    l=0  rc=    1.3000  rs=    0.8667
     atom=  N    l=0  rc=    1.3000  rs=    0.8667
     atom=  N    l=1  rc=    1.4500  rs=    0.9667
     atom=  N    l=1  rc=    1.4500  rs=    0.9667
     projs nearly linearly dependent: l=0  n1,n2= 1, 2  s=  0.99709514
     projs nearly linearly dependent: l=1  n1,n2= 1, 2  s=  0.99857174
 
     atom=  H    l=0  rc=    1.0000  rs=    0.6667
     atom=  H    l=0  rc=    1.0000  rs=    0.6667
     projs nearly linearly dependent: l=0  n1,n2= 1, 2  s=  0.99968852
 
     atom=  O    l=0  rc=    1.3500  rs=    0.9000
     atom=  O    l=0  rc=    1.3500  rs=    0.9000
     atom=  O    l=1  rc=    1.3500  rs=    0.9000
     atom=  O    l=1  rc=    1.3500  rs=    0.9000
     projs nearly linearly dependent: l=0  n1,n2= 1, 2  s=  0.99100135
     projs nearly linearly dependent: l=1  n1,n2= 1, 2  s=  0.99790100
     -----------------------------------------------------------------
 
     alpha_pv=     42.5340 eV
 
     q-space interpolation up to   110.00 Rydberg
 
     GIPAW job: nmr                                                                             
     NMR macroscopic correction: yes
             0.6667          0.0000          0.0000
             0.0000          0.6667          0.0000
             0.0000          0.0000          0.6667

 
     Largest allocated arrays     est. size (Mb)     dimensions
        KS wavefunctions at k           9.07 Mb     (    6190,   96)
        KS wavefunctions at k+q         9.07 Mb     (    6190,   96)
        First-order wavefunctions      90.67 Mb     (    6190,   96, 10)
        First-order wavefunct (US)     54.40 Mb     (    6190,   96,  6)
        Charge/spin density             0.99 Mb     (  129600,    1)
        Induced current                 8.90 Mb     (  129600,    3,3,1)
        Induced magnetic field          8.90 Mb     (  129600,    3,3,1)
        NL pseudopotentials            24.94 Mb     (    6190,  264)
        GIPAW NL terms                 24.94 Mb     (    6190,  264)
 
     Computing the magnetic susceptibility     isolve=0    ethr=  0.1000E-13
     k-point #    1 of    10      pool #  1    cpu time:       8.7
     Rotating WFCS
     Rotating WFCS
     c_bands:  1 eigenvalues not converged
     Rotating WFCS
     c_bands:  1 eigenvalues not converged
     Rotating WFCS
     Rotating WFCS
     Rotating WFCS
     Rotating WFCS
     k-point #    2 of    10      pool #  1    cpu time:     963.2
     Rotating WFCS
     c_bands:  1 eigenvalues not converged
     Rotating WFCS
     c_bands:  1 eigenvalues not converged
     Rotating WFCS
     c_bands:  1 eigenvalues not converged
     Rotating WFCS
     c_bands:  1 eigenvalues not converged
     Rotating WFCS
     c_bands:  1 eigenvalues not converged
     Rotating WFCS
     Rotating WFCS
     c_bands:  1 eigenvalues not converged
     k-point #    3 of    10      pool #  1    cpu time:    1933.5
     Rotating WFCS
     Rotating WFCS
     Rotating WFCS
     Rotating WFCS
     Rotating WFCS
     Rotating WFCS
     Rotating WFCS
     k-point #    4 of    10      pool #  1    cpu time:    2881.9
     Rotating WFCS
     Rotating WFCS
     Rotating WFCS
     Rotating WFCS
     Rotating WFCS
     Rotating WFCS
     Rotating WFCS
     k-point #    5 of    10      pool #  1    cpu time:    3826.0
     Rotating WFCS
     c_bands:  1 eigenvalues not converged
     Rotating WFCS
     c_bands:  1 eigenvalues not converged
     Rotating WFCS
     c_bands:  1 eigenvalues not converged
     Rotating WFCS
     c_bands:  1 eigenvalues not converged
     Rotating WFCS
     c_bands:  1 eigenvalues not converged
     Rotating WFCS
     c_bands:  1 eigenvalues not converged
     Rotating WFCS
     c_bands:  1 eigenvalues not converged
     k-point #    6 of    10      pool #  1    cpu time:    4781.1
     Rotating WFCS
     c_bands:  1 eigenvalues not converged
     Rotating WFCS
     c_bands:  1 eigenvalues not converged
     Rotating WFCS
     c_bands:  1 eigenvalues not converged
     Rotating WFCS
     c_bands:  2 eigenvalues not converged
     Rotating WFCS
     c_bands:  2 eigenvalues not converged
     Rotating WFCS
     c_bands:  1 eigenvalues not converged
     Rotating WFCS
     c_bands:  1 eigenvalues not converged
     k-point #    7 of    10      pool #  1    cpu time:    5721.0
     Rotating WFCS
     c_bands:  1 eigenvalues not converged
     Rotating WFCS
     Rotating WFCS
     c_bands:  1 eigenvalues not converged
     Rotating WFCS
     c_bands:  1 eigenvalues not converged
     Rotating WFCS
     c_bands:  2 eigenvalues not converged
     Rotating WFCS
     c_bands:  1 eigenvalues not converged
     Rotating WFCS
     k-point #    8 of    10      pool #  1    cpu time:    6679.0
     Rotating WFCS
     Rotating WFCS
     Rotating WFCS
     Rotating WFCS
     Rotating WFCS
     Rotating WFCS
     Rotating WFCS
     k-point #    9 of    10      pool #  1    cpu time:    7589.4
     Rotating WFCS
     Rotating WFCS
     Rotating WFCS
     Rotating WFCS
     Rotating WFCS
     Rotating WFCS
     Rotating WFCS
     k-point #   10 of    10      pool #  1    cpu time:    8474.3
     Rotating WFCS
     Rotating WFCS
     Rotating WFCS
     Rotating WFCS
     Rotating WFCS
     Rotating WFCS
     Rotating WFCS
     End of magnetic susceptibility calculation
 
     f-sum rule (1st term):
          -151.7322          0.0000         -0.0166
             0.0000       -151.8863          0.0000
            -0.0175          0.0000       -151.7592

     f-sum rule (2nd term):
            -3.2366          0.0000          0.0166
             0.0000         -3.0827          0.0000
             0.0176          0.0000         -3.2088

     f-sum rule (should be  -154.9680):
          -154.9688          0.0000         -0.0000
             0.0000       -154.9690          0.0000
             0.0000          0.0000       -154.9680

     chi_bare pGv (HH) in paratec units:
       -39.573151      0.000772      0.815058
         0.000285    -39.339913     -0.000965
         1.708716     -0.001208    -44.526989

       -39.573151      0.000000      0.815058
         0.000000    -39.339913      0.000000
         1.708716      0.000000    -44.526989

     chi_bare vGv (VV) in paratec units:
       -38.854363      0.000642      0.994060
         0.000383    -38.753751     -0.000797
         1.022980     -0.000869    -46.023606

       -38.854363      0.000000      0.994060
         0.000000    -38.753751      0.000000
         1.022980      0.000000    -46.023606

     chi_bare pGv (HH) in 10^{-6} cm^3/mol:
          -188.0553          0.0000          3.8732
             0.0000       -186.9470          0.0000
             8.1200          0.0000       -211.5964

     chi_bare vGv (VV) in 10^{-6} cm^3/mol:
          -184.6396          0.0000          4.7239
             0.0000       -184.1615          0.0000
             4.8613          0.0000       -218.7085

     Contributions to the NMR chemical shifts: -------------------------------
 
     Macroscopic shape contribution in ppm:                    6.27
             6.0317          0.0000          0.0000
             0.0000          5.9962          0.0000
             0.0000          0.0000          6.7868

 
     Core contribution in ppm:
 
     Atom  1  O   pos: (  0.040903  0.637014  0.620462)  core sigma:         271.07
     Atom  2  O   pos: (  0.252741  1.211315  0.192742)  core sigma:         271.07
     Atom  3  O   pos: (  0.535420  0.595205  0.234978)  core sigma:         271.07
     Atom  4  O   pos: (  0.323581  0.020904  0.662698)  core sigma:         271.07
     Atom  5  O   pos: ( -0.012327  0.908182  0.747281)  core sigma:         271.07
     Atom  6  O   pos: (  0.199512  0.940147  0.319560)  core sigma:         271.07
     Atom  7  O   pos: (  0.588650  0.324037  0.108160)  core sigma:         271.07
     Atom  8  O   pos: (  0.376811  0.292073  0.535880)  core sigma:         271.07
     Atom  9  H   pos: ( -0.148750  0.875569  0.727000)  core sigma:           0.00
     Atom 10  H   pos: (  0.063089  0.972760  0.299280)  core sigma:           0.00
     Atom 11  H   pos: (  0.725072  0.356650  0.128441)  core sigma:           0.00
     Atom 12  H   pos: (  0.513234  0.259460  0.556161)  core sigma:           0.00
     Atom 13  O   pos: ( -0.343879  0.852677  0.722399)  core sigma:         271.07
     Atom 14  O   pos: ( -0.132041  0.995652  0.294678)  core sigma:         271.07
     Atom 15  O   pos: (  0.920202  0.379542  0.133042)  core sigma:         271.07
     Atom 16  O   pos: (  0.708364  0.236567  0.560762)  core sigma:         271.07
     Atom 17  N   pos: (  0.409457  0.687292  0.654630)  core sigma:         235.78
     Atom 18  N   pos: (  0.621296  1.161037  0.226910)  core sigma:         235.78
     Atom 19  N   pos: (  0.166866  0.544928  0.200810)  core sigma:         235.78
     Atom 20  N   pos: ( -0.044973  0.071182  0.628531)  core sigma:         235.78
     Atom 21  H   pos: (  0.359935  0.571335  0.599491)  core sigma:           0.00
     Atom 22  H   pos: (  0.571774  0.044775  0.171771)  core sigma:           0.00
     Atom 23  H   pos: (  0.216388  0.660885  0.255949)  core sigma:           0.00
     Atom 24  H   pos: (  0.004549  1.187444  0.683670)  core sigma:           0.00
     Atom 25  C   pos: (  0.093811  0.775258  0.693823)  core sigma:         200.51
     Atom 26  C   pos: (  0.305649  1.073070  0.266103)  core sigma:         200.51
     Atom 27  C   pos: (  0.482512  0.456961  0.161618)  core sigma:         200.51
     Atom 28  C   pos: (  0.270673  0.159149  0.589338)  core sigma:         200.51
     Atom 29  C   pos: (  0.287316  0.813688  0.738959)  core sigma:         200.51
     Atom 30  C   pos: (  0.499155  1.034640  0.311239)  core sigma:         200.51
     Atom 31  C   pos: (  0.289007  0.418531  0.116482)  core sigma:         200.51
     Atom 32  C   pos: (  0.077168  0.197579  0.544202)  core sigma:         200.51
     Atom 33  H   pos: (  0.320414  0.951835  0.698441)  core sigma:           0.00
     Atom 34  H   pos: (  0.532253  0.896494  0.270721)  core sigma:           0.00
     Atom 35  H   pos: (  0.255909  0.280384  0.157000)  core sigma:           0.00
     Atom 36  H   pos: (  0.044070  0.335725  0.584720)  core sigma:           0.00
     Atom 37  H   pos: (  0.725101  0.808842  0.031172)  core sigma:           0.00
     Atom 38  H   pos: (  0.513263  1.039487  0.458892)  core sigma:           0.00
     Atom 39  H   pos: ( -0.148778  0.423377  0.824268)  core sigma:           0.00
     Atom 40  H   pos: (  0.063060  0.192732  0.396548)  core sigma:           0.00
     Atom 41  C   pos: (  0.586609  0.715611  0.653603)  core sigma:         200.51
     Atom 42  C   pos: (  0.798447  1.132717  0.225883)  core sigma:         200.51
     Atom 43  C   pos: ( -0.010286  0.516608  0.201838)  core sigma:         200.51
     Atom 44  C   pos: ( -0.222124  0.099502  0.629558)  core sigma:         200.51
     Atom 45  H   pos: (  0.666906  0.609755  0.588173)  core sigma:           0.00
     Atom 46  H   pos: (  0.878745  1.238574  0.160452)  core sigma:           0.00
     Atom 47  H   pos: ( -0.090583  0.622465  0.267268)  core sigma:           0.00
     Atom 48  H   pos: ( -0.302422 -0.006355  0.694988)  core sigma:           0.00
 
     Bare contribution in ppm:
 
     Atom  1  O   pos: (  0.040903  0.637014  0.620462)  bare sigma:         -22.51
           -58.3118         20.5165         -7.6269
            17.8975        -55.3834        -64.7979
            -9.0187        -68.6040         46.1652

     Atom  2  O   pos: (  0.252741  1.211315  0.192742)  bare sigma:         -22.51
           -58.3118        -20.5165         -7.6269
           -17.8975        -55.3834         64.7979
            -9.0187         68.6040         46.1652

     Atom  3  O   pos: (  0.535420  0.595205  0.234978)  bare sigma:         -22.51
           -58.3118         20.5165         -7.6269
            17.8975        -55.3834        -64.7979
            -9.0187        -68.6040         46.1652

     Atom  4  O   pos: (  0.323581  0.020904  0.662698)  bare sigma:         -22.51
           -58.3118        -20.5165         -7.6269
           -17.8975        -55.3834         64.7979
            -9.0187         68.6040         46.1652

     Atom  5  O   pos: ( -0.012327  0.908182  0.747281)  bare sigma:          19.53
            10.5223        -13.6774         -9.5875
           -43.6392         13.8784        -19.4492
           -26.7394        -18.4906         34.2032

     Atom  6  O   pos: (  0.199512  0.940147  0.319560)  bare sigma:          19.53
            10.5223         13.6774         -9.5875
            43.6392         13.8784         19.4492
           -26.7394         18.4906         34.2032

     Atom  7  O   pos: (  0.588650  0.324037  0.108160)  bare sigma:          19.53
            10.5223        -13.6774         -9.5875
           -43.6392         13.8784        -19.4492
           -26.7394        -18.4906         34.2032

     Atom  8  O   pos: (  0.376811  0.292073  0.535880)  bare sigma:          19.53
            10.5223         13.6774         -9.5875
            43.6392         13.8784         19.4492
           -26.7394         18.4906         34.2032

     Atom  9  H   pos: ( -0.148750  0.875569  0.727000)  bare sigma:           6.63
            26.8897          3.9797          2.2770
             1.6062         -2.4917          0.3015
             0.7634          0.3141         -4.5025

     Atom 10  H   pos: (  0.063089  0.972760  0.299280)  bare sigma:           6.63
            26.8897         -3.9797          2.2770
            -1.6062         -2.4917         -0.3015
             0.7634         -0.3141         -4.5025

     Atom 11  H   pos: (  0.725072  0.356650  0.128441)  bare sigma:           6.63
            26.8897          3.9797          2.2770
             1.6062         -2.4917          0.3015
             0.7634          0.3141         -4.5025

     Atom 12  H   pos: (  0.513234  0.259460  0.556161)  bare sigma:           6.63
            26.8897         -3.9797          2.2770
            -1.6062         -2.4917         -0.3015
             0.7634         -0.3141         -4.5025

     Atom 13  O   pos: ( -0.343879  0.852677  0.722399)  bare sigma:          -7.79
           -52.8326        -20.4182          3.7597
           -16.1974        -21.1156        -58.3302
             0.1436        -65.5260         50.5889

     Atom 14  O   pos: ( -0.132041  0.995652  0.294678)  bare sigma:          -7.79
           -52.8326         20.4182          3.7597
            16.1974        -21.1156         58.3302
             0.1436         65.5260         50.5889

     Atom 15  O   pos: (  0.920202  0.379542  0.133042)  bare sigma:          -7.79
           -52.8326        -20.4182          3.7597
           -16.1974        -21.1156        -58.3302
             0.1436        -65.5260         50.5889

     Atom 16  O   pos: (  0.708364  0.236567  0.560762)  bare sigma:          -7.79
           -52.8326         20.4182          3.7597
            16.1974        -21.1156         58.3302
             0.1436         65.5260         50.5889

     Atom 17  N   pos: (  0.409457  0.687292  0.654630)  bare sigma:           6.68
            30.3921         -9.1157         -5.7602
             5.6107        -20.6158        -25.8915
             2.6105        -22.1559         10.2491

     Atom 18  N   pos: (  0.621296  1.161037  0.226910)  bare sigma:           6.68
            30.3921          9.1157         -5.7602
            -5.6107        -20.6158         25.8915
             2.6105         22.1559         10.2491

     Atom 19  N   pos: (  0.166866  0.544928  0.200810)  bare sigma:           6.68
            30.3921         -9.1157         -5.7602
             5.6107        -20.6158        -25.8915
             2.6105        -22.1559         10.2491

     Atom 20  N   pos: ( -0.044973  0.071182  0.628531)  bare sigma:           6.68
            30.3921          9.1157         -5.7602
            -5.6107        -20.6158         25.8915
             2.6105         22.1559         10.2491

     Atom 21  H   pos: (  0.359935  0.571335  0.599491)  bare sigma:          15.63
            16.7132          1.8359          0.3539
             6.2477         19.5202          2.0594
             2.6940          4.5405         10.6670

     Atom 22  H   pos: (  0.571774  0.044775  0.171771)  bare sigma:          15.63
            16.7132         -1.8359          0.3539
            -6.2477         19.5202         -2.0594
             2.6940         -4.5405         10.6670

     Atom 23  H   pos: (  0.216388  0.660885  0.255949)  bare sigma:          15.63
            16.7132          1.8359          0.3539
             6.2477         19.5202          2.0594
             2.6940          4.5405         10.6670

     Atom 24  H   pos: (  0.004549  1.187444  0.683670)  bare sigma:          15.63
            16.7132         -1.8359          0.3539
            -6.2477         19.5202         -2.0594
             2.6940         -4.5405         10.6670

     Atom 25  C   pos: (  0.093811  0.775258  0.693823)  bare sigma:         -77.59
          -110.5070         13.7329         -0.9300
            20.7521        -69.6364         -8.9960
             3.5390         -8.9372        -52.6216

     Atom 26  C   pos: (  0.305649  1.073070  0.266103)  bare sigma:         -77.59
          -110.5070        -13.7329         -0.9300
           -20.7521        -69.6364          8.9960
             3.5390          8.9372        -52.6216

     Atom 27  C   pos: (  0.482512  0.456961  0.161618)  bare sigma:         -77.59
          -110.5070         13.7329         -0.9300
            20.7521        -69.6364         -8.9960
             3.5390         -8.9372        -52.6216

     Atom 28  C   pos: (  0.270673  0.159149  0.589338)  bare sigma:         -77.59
          -110.5070        -13.7329         -0.9300
           -20.7521        -69.6364          8.9960
             3.5390          8.9372        -52.6216

     Atom 29  C   pos: (  0.287316  0.813688  0.738959)  bare sigma:         -10.19
            -1.7176        -13.2901         -7.0150
            -8.3168        -15.3327         -1.3108
            -2.3430          0.8773        -13.5163

     Atom 30  C   pos: (  0.499155  1.034640  0.311239)  bare sigma:         -10.19
            -1.7176         13.2901         -7.0150
             8.3168        -15.3327          1.3108
            -2.3430         -0.8773        -13.5163

     Atom 31  C   pos: (  0.289007  0.418531  0.116482)  bare sigma:         -10.19
            -1.7176        -13.2901         -7.0150
            -8.3168        -15.3327         -1.3108
            -2.3430          0.8773        -13.5163

     Atom 32  C   pos: (  0.077168  0.197579  0.544202)  bare sigma:         -10.19
            -1.7176         13.2901         -7.0150
             8.3168        -15.3327          1.3108
            -2.3430         -0.8773        -13.5163

     Atom 33  H   pos: (  0.320414  0.951835  0.698441)  bare sigma:          17.95
            16.6405         -1.4304         -1.2005
            -1.3892         22.9965         -0.6497
            -1.5488         -2.0607         14.2021

     Atom 34  H   pos: (  0.532253  0.896494  0.270721)  bare sigma:          17.95
            16.6405          1.4304         -1.2005
             1.3892         22.9965          0.6497
            -1.5488          2.0607         14.2021

     Atom 35  H   pos: (  0.255909  0.280384  0.157000)  bare sigma:          17.95
            16.6405         -1.4304         -1.2005
            -1.3892         22.9965         -0.6497
            -1.5488         -2.0607         14.2021

     Atom 36  H   pos: (  0.044070  0.335725  0.584720)  bare sigma:          17.95
            16.6405          1.4304         -1.2005
             1.3892         22.9965          0.6497
            -1.5488          2.0607         14.2021

     Atom 37  H   pos: (  0.725101  0.808842  0.031172)  bare sigma:          19.48
            17.5613         -1.1966         -1.1632
            -0.8736         17.7089          0.4802
            -0.5228          2.4212         23.1828

     Atom 38  H   pos: (  0.513263  1.039487  0.458892)  bare sigma:          19.48
            17.5613          1.1966         -1.1632
             0.8736         17.7089         -0.4802
            -0.5228         -2.4212         23.1828

     Atom 39  H   pos: ( -0.148778  0.423377  0.824268)  bare sigma:          19.48
            17.5613         -1.1966         -1.1632
            -0.8736         17.7089          0.4802
            -0.5228          2.4212         23.1828

     Atom 40  H   pos: (  0.063060  0.192732  0.396548)  bare sigma:          19.48
            17.5613          1.1966         -1.1632
             0.8736         17.7089         -0.4802
            -0.5228         -2.4212         23.1828

     Atom 41  C   pos: (  0.586609  0.715611  0.653603)  bare sigma:         -71.94
           -92.5466         17.4568         15.9827
             9.7245        -75.2970        -24.7496
            10.5563        -25.8493        -47.9695

     Atom 42  C   pos: (  0.798447  1.132717  0.225883)  bare sigma:         -71.94
           -92.5466        -17.4568         15.9827
            -9.7245        -75.2970         24.7496
            10.5563         25.8493        -47.9695

     Atom 43  C   pos: ( -0.010286  0.516608  0.201838)  bare sigma:         -71.94
           -92.5466         17.4568         15.9827
             9.7245        -75.2970        -24.7496
            10.5563        -25.8493        -47.9695

     Atom 44  C   pos: ( -0.222124  0.099502  0.629558)  bare sigma:         -71.94
           -92.5466        -17.4568         15.9827
            -9.7245        -75.2970         24.7496
            10.5563         25.8493        -47.9695

     Atom 45  H   pos: (  0.666906  0.609755  0.588173)  bare sigma:          14.73
            15.7627          1.1290          1.4164
            -0.9139         15.9729          1.4481
            -0.3803          3.0375         12.4491

     Atom 46  H   pos: (  0.878745  1.238574  0.160452)  bare sigma:          14.73
            15.7627         -1.1290          1.4164
             0.9139         15.9729         -1.4481
            -0.3803         -3.0375         12.4491

     Atom 47  H   pos: ( -0.090583  0.622465  0.267268)  bare sigma:          14.73
            15.7627          1.1290          1.4164
            -0.9139         15.9729          1.4481
            -0.3803          3.0375         12.4491

     Atom 48  H   pos: ( -0.302422 -0.006355  0.694988)  bare sigma:          14.73
            15.7627         -1.1290          1.4164
             0.9139         15.9729         -1.4481
            -0.3803         -3.0375         12.4491

     Diamagnetic contribution in ppm:
 
     Atom  1  O   pos: (  0.040903  0.637014  0.620462)  dia sigma:          17.58
            16.9132          0.3649          0.0459
             0.3649         17.8375         -0.0296
             0.0459         -0.0296         17.9768

     Atom  2  O   pos: (  0.252741  1.211315  0.192742)  dia sigma:          17.58
            16.9132         -0.3649          0.0459
            -0.3649         17.8375          0.0296
             0.0459          0.0296         17.9768

     Atom  3  O   pos: (  0.535420  0.595205  0.234978)  dia sigma:          17.58
            16.9132          0.3649          0.0459
             0.3649         17.8375         -0.0296
             0.0459         -0.0296         17.9768

     Atom  4  O   pos: (  0.323581  0.020904  0.662698)  dia sigma:          17.58
            16.9132         -0.3649          0.0459
            -0.3649         17.8375          0.0296
             0.0459          0.0296         17.9768

     Atom  5  O   pos: ( -0.012327  0.908182  0.747281)  dia sigma:          17.96
            18.3205         -0.4056         -0.1598
            -0.4056         17.9435          0.0922
            -0.1598          0.0922         17.6299

     Atom  6  O   pos: (  0.199512  0.940147  0.319560)  dia sigma:          17.96
            18.3205          0.4056         -0.1598
             0.4056         17.9435         -0.0922
            -0.1598         -0.0922         17.6299

     Atom  7  O   pos: (  0.588650  0.324037  0.108160)  dia sigma:          17.96
            18.3205         -0.4056         -0.1598
            -0.4056         17.9435          0.0922
            -0.1598          0.0922         17.6299

     Atom  8  O   pos: (  0.376811  0.292073  0.535880)  dia sigma:          17.96
            18.3205          0.4056         -0.1598
             0.4056         17.9435         -0.0922
            -0.1598         -0.0922         17.6299

     Atom  9  H   pos: ( -0.148750  0.875569  0.727000)  dia sigma:           0.85
             0.8478          0.0000         -0.0000
             0.0000          0.8478         -0.0000
            -0.0000         -0.0000          0.8478

     Atom 10  H   pos: (  0.063089  0.972760  0.299280)  dia sigma:           0.85
             0.8478         -0.0000         -0.0000
            -0.0000          0.8478          0.0000
            -0.0000          0.0000          0.8478

     Atom 11  H   pos: (  0.725072  0.356650  0.128441)  dia sigma:           0.85
             0.8478          0.0000         -0.0000
             0.0000          0.8478         -0.0000
            -0.0000         -0.0000          0.8478

     Atom 12  H   pos: (  0.513234  0.259460  0.556161)  dia sigma:           0.85
             0.8478         -0.0000         -0.0000
            -0.0000          0.8478          0.0000
            -0.0000          0.0000          0.8478

     Atom 13  O   pos: ( -0.343879  0.852677  0.722399)  dia sigma:          17.75
            17.3619          0.4216          0.3045
             0.4216         18.0033         -0.0120
             0.3045         -0.0120         17.8957

     Atom 14  O   pos: ( -0.132041  0.995652  0.294678)  dia sigma:          17.75
            17.3619         -0.4216          0.3045
            -0.4216         18.0033          0.0120
             0.3045          0.0120         17.8957

     Atom 15  O   pos: (  0.920202  0.379542  0.133042)  dia sigma:          17.75
            17.3619          0.4216          0.3045
             0.4216         18.0033         -0.0120
             0.3045         -0.0120         17.8957

     Atom 16  O   pos: (  0.708364  0.236567  0.560762)  dia sigma:          17.75
            17.3619         -0.4216          0.3045
            -0.4216         18.0033          0.0120
             0.3045          0.0120         17.8957

     Atom 17  N   pos: (  0.409457  0.687292  0.654630)  dia sigma:          10.03
            10.2431         -0.0443         -0.1001
            -0.0443         10.0807          0.2571
            -0.1001          0.2571          9.7737

     Atom 18  N   pos: (  0.621296  1.161037  0.226910)  dia sigma:          10.03
            10.2431          0.0443         -0.1001
             0.0443         10.0807         -0.2571
            -0.1001         -0.2571          9.7737

     Atom 19  N   pos: (  0.166866  0.544928  0.200810)  dia sigma:          10.03
            10.2431         -0.0443         -0.1001
            -0.0443         10.0807          0.2571
            -0.1001          0.2571          9.7737

     Atom 20  N   pos: ( -0.044973  0.071182  0.628531)  dia sigma:          10.03
            10.2431          0.0443         -0.1001
             0.0443         10.0807         -0.2571
            -0.1001         -0.2571          9.7737

     Atom 21  H   pos: (  0.359935  0.571335  0.599491)  dia sigma:           1.05
             1.0515         -0.0000         -0.0000
            -0.0000          1.0515          0.0000
            -0.0000          0.0000          1.0515

     Atom 22  H   pos: (  0.571774  0.044775  0.171771)  dia sigma:           1.05
             1.0515          0.0000         -0.0000
             0.0000          1.0515         -0.0000
            -0.0000         -0.0000          1.0515

     Atom 23  H   pos: (  0.216388  0.660885  0.255949)  dia sigma:           1.05
             1.0515         -0.0000         -0.0000
            -0.0000          1.0515          0.0000
            -0.0000          0.0000          1.0515

     Atom 24  H   pos: (  0.004549  1.187444  0.683670)  dia sigma:           1.05
             1.0515          0.0000         -0.0000
             0.0000          1.0515         -0.0000
            -0.0000         -0.0000          1.0515

     Atom 25  C   pos: (  0.093811  0.775258  0.693823)  dia sigma:           3.91
             3.7978         -0.0608         -0.0609
            -0.0608          3.8836         -0.1181
            -0.0609         -0.1181          4.0480

     Atom 26  C   pos: (  0.305649  1.073070  0.266103)  dia sigma:           3.91
             3.7978          0.0608         -0.0609
             0.0608          3.8836          0.1181
            -0.0609          0.1181          4.0480

     Atom 27  C   pos: (  0.482512  0.456961  0.161618)  dia sigma:           3.91
             3.7978         -0.0608         -0.0609
            -0.0608          3.8836         -0.1181
            -0.0609         -0.1181          4.0480

     Atom 28  C   pos: (  0.270673  0.159149  0.589338)  dia sigma:           3.91
             3.7978          0.0608         -0.0609
             0.0608          3.8836          0.1181
            -0.0609          0.1181          4.0480

     Atom 29  C   pos: (  0.287316  0.813688  0.738959)  dia sigma:           4.34
             4.3976         -0.1033         -0.0573
            -0.1033          4.3220          0.0808
            -0.0573          0.0808          4.2920

     Atom 30  C   pos: (  0.499155  1.034640  0.311239)  dia sigma:           4.34
             4.3976          0.1033         -0.0573
             0.1033          4.3220         -0.0808
            -0.0573         -0.0808          4.2920

     Atom 31  C   pos: (  0.289007  0.418531  0.116482)  dia sigma:           4.34
             4.3976         -0.1033         -0.0573
            -0.1033          4.3220          0.0808
            -0.0573          0.0808          4.2920

     Atom 32  C   pos: (  0.077168  0.197579  0.544202)  dia sigma:           4.34
             4.3976          0.1033         -0.0573
             0.1033          4.3220         -0.0808
            -0.0573         -0.0808          4.2920

     Atom 33  H   pos: (  0.320414  0.951835  0.698441)  dia sigma:           1.11
             1.1131         -0.0000          0.0000
            -0.0000          1.1131          0.0000
             0.0000          0.0000          1.1131

     Atom 34  H   pos: (  0.532253  0.896494  0.270721)  dia sigma:           1.11
             1.1131          0.0000          0.0000
             0.0000          1.1131         -0.0000
             0.0000         -0.0000          1.1131

     Atom 35  H   pos: (  0.255909  0.280384  0.157000)  dia sigma:           1.11
             1.1131         -0.0000          0.0000
            -0.0000          1.1131          0.0000
             0.0000          0.0000          1.1131

     Atom 36  H   pos: (  0.044070  0.335725  0.584720)  dia sigma:           1.11
             1.1131          0.0000          0.0000
             0.0000          1.1131         -0.0000
             0.0000         -0.0000          1.1131

     Atom 37  H   pos: (  0.725101  0.808842  0.031172)  dia sigma:           1.11
             1.1147          0.0000         -0.0000
             0.0000          1.1147         -0.0000
            -0.0000         -0.0000          1.1147

     Atom 38  H   pos: (  0.513263  1.039487  0.458892)  dia sigma:           1.11
             1.1147         -0.0000         -0.0000
            -0.0000          1.1147          0.0000
            -0.0000          0.0000          1.1147

     Atom 39  H   pos: ( -0.148778  0.423377  0.824268)  dia sigma:           1.11
             1.1147          0.0000         -0.0000
             0.0000          1.1147         -0.0000
            -0.0000         -0.0000          1.1147

     Atom 40  H   pos: (  0.063060  0.192732  0.396548)  dia sigma:           1.11
             1.1147         -0.0000         -0.0000
            -0.0000          1.1147          0.0000
            -0.0000          0.0000          1.1147

     Atom 41  C   pos: (  0.586609  0.715611  0.653603)  dia sigma:           4.06
             3.9856          0.0328          0.0453
             0.0328          4.0006         -0.1481
             0.0453         -0.1481          4.1802

     Atom 42  C   pos: (  0.798447  1.132717  0.225883)  dia sigma:           4.06
             3.9856         -0.0328          0.0453
            -0.0328          4.0006          0.1481
             0.0453          0.1481          4.1802

     Atom 43  C   pos: ( -0.010286  0.516608  0.201838)  dia sigma:           4.06
             3.9856          0.0328          0.0453
             0.0328          4.0006         -0.1481
             0.0453         -0.1481          4.1802

     Atom 44  C   pos: ( -0.222124  0.099502  0.629558)  dia sigma:           4.06
             3.9856         -0.0328          0.0453
            -0.0328          4.0006          0.1481
             0.0453          0.1481          4.1802

     Atom 45  H   pos: (  0.666906  0.609755  0.588173)  dia sigma:           1.12
             1.1219         -0.0000         -0.0000
            -0.0000          1.1219          0.0000
            -0.0000          0.0000          1.1219

     Atom 46  H   pos: (  0.878745  1.238574  0.160452)  dia sigma:           1.12
             1.1219          0.0000         -0.0000
             0.0000          1.1219         -0.0000
            -0.0000         -0.0000          1.1219

     Atom 47  H   pos: ( -0.090583  0.622465  0.267268)  dia sigma:           1.12
             1.1219         -0.0000         -0.0000
            -0.0000          1.1219          0.0000
            -0.0000          0.0000          1.1219

     Atom 48  H   pos: ( -0.302422 -0.006355  0.694988)  dia sigma:           1.12
             1.1219          0.0000         -0.0000
             0.0000          1.1219         -0.0000
            -0.0000         -0.0000          1.1219

     Paramagnetic contribution in ppm:
 
     Atom  1  O   pos: (  0.040903  0.637014  0.620462)  para sigma:        -194.14
          -271.8754         64.2655         -5.7935
            45.3445       -270.2377       -141.6050
           -16.9437       -154.5743        -40.3147

     Atom  2  O   pos: (  0.252741  1.211315  0.192742)  para sigma:        -194.14
          -271.8754        -64.2655         -5.7935
           -45.3445       -270.2377        141.6050
           -16.9437        154.5743        -40.3147

     Atom  3  O   pos: (  0.535420  0.595205  0.234978)  para sigma:        -194.14
          -271.8754         64.2655         -5.7935
            45.3445       -270.2377       -141.6050
           -16.9437       -154.5743        -40.3147

     Atom  4  O   pos: (  0.323581  0.020904  0.662698)  para sigma:        -194.14
          -271.8754        -64.2655         -5.7935
           -45.3445       -270.2377        141.6050
           -16.9437        154.5743        -40.3147

     Atom  5  O   pos: ( -0.012327  0.908182  0.747281)  para sigma:        -105.29
          -111.9847        -35.4786        -21.8682
           -96.8779       -124.6516        -41.7387
           -57.3829        -40.2820        -79.2472

     Atom  6  O   pos: (  0.199512  0.940147  0.319560)  para sigma:        -105.29
          -111.9847         35.4786        -21.8682
            96.8779       -124.6516         41.7387
           -57.3829         40.2820        -79.2472

     Atom  7  O   pos: (  0.588650  0.324037  0.108160)  para sigma:        -105.29
          -111.9847        -35.4786        -21.8682
           -96.8779       -124.6516        -41.7387
           -57.3829        -40.2820        -79.2472

     Atom  8  O   pos: (  0.376811  0.292073  0.535880)  para sigma:        -105.29
          -111.9847         35.4786        -21.8682
            96.8779       -124.6516         41.7387
           -57.3829         40.2820        -79.2472

     Atom  9  H   pos: ( -0.148750  0.875569  0.727000)  para sigma:           0.00
             0.0000          0.0000          0.0000
             0.0000          0.0000          0.0000
             0.0000          0.0000          0.0000

     Atom 10  H   pos: (  0.063089  0.972760  0.299280)  para sigma:           0.00
             0.0000          0.0000          0.0000
             0.0000          0.0000          0.0000
             0.0000          0.0000          0.0000

     Atom 11  H   pos: (  0.725072  0.356650  0.128441)  para sigma:           0.00
             0.0000          0.0000          0.0000
             0.0000          0.0000          0.0000
             0.0000          0.0000          0.0000

     Atom 12  H   pos: (  0.513234  0.259460  0.556161)  para sigma:           0.00
             0.0000          0.0000          0.0000
             0.0000          0.0000          0.0000
             0.0000          0.0000          0.0000

     Atom 13  O   pos: ( -0.343879  0.852677  0.722399)  para sigma:        -160.77
          -278.1580        -51.8346          4.8118
           -36.2506       -180.8026       -126.7270
            -0.7070       -144.1572        -23.3509

     Atom 14  O   pos: ( -0.132041  0.995652  0.294678)  para sigma:        -160.77
          -278.1580         51.8346          4.8118
            36.2506       -180.8026        126.7270
            -0.7070        144.1572        -23.3509

     Atom 15  O   pos: (  0.920202  0.379542  0.133042)  para sigma:        -160.77
          -278.1580        -51.8346          4.8118
           -36.2506       -180.8026       -126.7270
            -0.7070       -144.1572        -23.3509

     Atom 16  O   pos: (  0.708364  0.236567  0.560762)  para sigma:        -160.77
          -278.1580         51.8346          4.8118
            36.2506       -180.8026        126.7270
            -0.7070        144.1572        -23.3509

     Atom 17  N   pos: (  0.409457  0.687292  0.654630)  para sigma:         -93.42
           -47.5423        -12.2045         -8.7883
            10.9855       -144.1435        -43.8377
             4.8380        -39.3009        -88.5843

     Atom 18  N   pos: (  0.621296  1.161037  0.226910)  para sigma:         -93.42
           -47.5423         12.2045         -8.7883
           -10.9855       -144.1435         43.8377
             4.8380         39.3009        -88.5843

     Atom 19  N   pos: (  0.166866  0.544928  0.200810)  para sigma:         -93.42
           -47.5423        -12.2045         -8.7883
            10.9855       -144.1435        -43.8377
             4.8380        -39.3009        -88.5843

     Atom 20  N   pos: ( -0.044973  0.071182  0.628531)  para sigma:         -93.42
           -47.5423         12.2045         -8.7883
           -10.9855       -144.1435         43.8377
             4.8380         39.3009        -88.5843

     Atom 21  H   pos: (  0.359935  0.571335  0.599491)  para sigma:           0.00
             0.0000          0.0000          0.0000
             0.0000          0.0000          0.0000
             0.0000          0.0000          0.0000

     Atom 22  H   pos: (  0.571774  0.044775  0.171771)  para sigma:           0.00
             0.0000          0.0000          0.0000
             0.0000          0.0000          0.0000
             0.0000          0.0000          0.0000

     Atom 23  H   pos: (  0.216388  0.660885  0.255949)  para sigma:           0.00
             0.0000          0.0000          0.0000
             0.0000          0.0000          0.0000
             0.0000          0.0000          0.0000

     Atom 24  H   pos: (  0.004549  1.187444  0.683670)  para sigma:           0.00
             0.0000          0.0000          0.0000
             0.0000          0.0000          0.0000
             0.0000          0.0000          0.0000

     Atom 25  C   pos: (  0.093811  0.775258  0.693823)  para sigma:        -124.19
          -160.0138         17.0603         -0.1100
            25.1324       -120.1893        -13.4901
             4.5270        -14.8100        -92.3607

     Atom 26  C   pos: (  0.305649  1.073070  0.266103)  para sigma:        -124.19
          -160.0138        -17.0603         -0.1100
           -25.1324       -120.1893         13.4901
             4.5270         14.8100        -92.3607

     Atom 27  C   pos: (  0.482512  0.456961  0.161618)  para sigma:        -124.19
          -160.0138         17.0603         -0.1100
            25.1324       -120.1893        -13.4901
             4.5270        -14.8100        -92.3607

     Atom 28  C   pos: (  0.270673  0.159149  0.589338)  para sigma:        -124.19
          -160.0138        -17.0603         -0.1100
           -25.1324       -120.1893         13.4901
             4.5270         14.8100        -92.3607

     Atom 29  C   pos: (  0.287316  0.813688  0.738959)  para sigma:         -61.32
           -56.1667         -6.8796         -3.2906
            -4.1864        -65.3908         -2.9343
             0.5266         -1.5116        -62.3920

     Atom 30  C   pos: (  0.499155  1.034640  0.311239)  para sigma:         -61.32
           -56.1667          6.8796         -3.2906
             4.1864        -65.3908          2.9343
             0.5266          1.5116        -62.3920

     Atom 31  C   pos: (  0.289007  0.418531  0.116482)  para sigma:         -61.32
           -56.1667         -6.8796         -3.2906
            -4.1864        -65.3908         -2.9343
             0.5266         -1.5116        -62.3920

     Atom 32  C   pos: (  0.077168  0.197579  0.544202)  para sigma:         -61.32
           -56.1667          6.8796         -3.2906
             4.1864        -65.3908          2.9343
             0.5266          1.5116        -62.3920

     Atom 33  H   pos: (  0.320414  0.951835  0.698441)  para sigma:           0.00
             0.0000          0.0000          0.0000
             0.0000          0.0000          0.0000
             0.0000          0.0000          0.0000

     Atom 34  H   pos: (  0.532253  0.896494  0.270721)  para sigma:           0.00
             0.0000          0.0000          0.0000
             0.0000          0.0000          0.0000
             0.0000          0.0000          0.0000

     Atom 35  H   pos: (  0.255909  0.280384  0.157000)  para sigma:           0.00
             0.0000          0.0000          0.0000
             0.0000          0.0000          0.0000
             0.0000          0.0000          0.0000

     Atom 36  H   pos: (  0.044070  0.335725  0.584720)  para sigma:           0.00
             0.0000          0.0000          0.0000
             0.0000          0.0000          0.0000
             0.0000          0.0000          0.0000

     Atom 37  H   pos: (  0.725101  0.808842  0.031172)  para sigma:           0.00
             0.0000          0.0000          0.0000
             0.0000          0.0000          0.0000
             0.0000          0.0000          0.0000

     Atom 38  H   pos: (  0.513263  1.039487  0.458892)  para sigma:           0.00
             0.0000          0.0000          0.0000
             0.0000          0.0000          0.0000
             0.0000          0.0000          0.0000

     Atom 39  H   pos: ( -0.148778  0.423377  0.824268)  para sigma:           0.00
             0.0000          0.0000          0.0000
             0.0000          0.0000          0.0000
             0.0000          0.0000          0.0000

     Atom 40  H   pos: (  0.063060  0.192732  0.396548)  para sigma:           0.00
             0.0000          0.0000          0.0000
             0.0000          0.0000          0.0000
             0.0000          0.0000          0.0000

     Atom 41  C   pos: (  0.586609  0.715611  0.653603)  para sigma:        -118.67
          -145.0292         11.2598         12.8986
             5.5578       -123.0623        -28.4899
             9.5057        -30.1864        -87.9191

     Atom 42  C   pos: (  0.798447  1.132717  0.225883)  para sigma:        -118.67
          -145.0292        -11.2598         12.8986
            -5.5578       -123.0623         28.4899
             9.5057         30.1864        -87.9191

     Atom 43  C   pos: ( -0.010286  0.516608  0.201838)  para sigma:        -118.67
          -145.0292         11.2598         12.8986
             5.5578       -123.0623        -28.4899
             9.5057        -30.1864        -87.9191

     Atom 44  C   pos: ( -0.222124  0.099502  0.629558)  para sigma:        -118.67
          -145.0292        -11.2598         12.8986
            -5.5578       -123.0623         28.4899
             9.5057         30.1864        -87.9191

     Atom 45  H   pos: (  0.666906  0.609755  0.588173)  para sigma:           0.00
             0.0000          0.0000          0.0000
             0.0000          0.0000          0.0000
             0.0000          0.0000          0.0000

     Atom 46  H   pos: (  0.878745  1.238574  0.160452)  para sigma:           0.00
             0.0000          0.0000          0.0000
             0.0000          0.0000          0.0000
             0.0000          0.0000          0.0000

     Atom 47  H   pos: ( -0.090583  0.622465  0.267268)  para sigma:           0.00
             0.0000          0.0000          0.0000
             0.0000          0.0000          0.0000
             0.0000          0.0000          0.0000

     Atom 48  H   pos: ( -0.302422 -0.006355  0.694988)  para sigma:           0.00
             0.0000          0.0000          0.0000
             0.0000          0.0000          0.0000
             0.0000          0.0000          0.0000

     Paramagnetic US occ-occ contribution in ppm:
 
     Atom  1  O   pos: (  0.040903  0.637014  0.620462)  para_oo sigma:          -2.19
            -4.7892         -2.2218         -1.6453
             0.6366         -0.9242         -0.0592
            -0.1439         -0.3509         -0.8569

     Atom  2  O   pos: (  0.252741  1.211315  0.192742)  para_oo sigma:          -2.19
            -4.7892          2.2218         -1.6453
            -0.6366         -0.9242          0.0592
            -0.1439          0.3509         -0.8569

     Atom  3  O   pos: (  0.535420  0.595205  0.234978)  para_oo sigma:          -2.19
            -4.7892         -2.2218         -1.6453
             0.6366         -0.9242         -0.0592
            -0.1439         -0.3509         -0.8569

     Atom  4  O   pos: (  0.323581  0.020904  0.662698)  para_oo sigma:          -2.19
            -4.7892          2.2218         -1.6453
            -0.6366         -0.9242          0.0592
            -0.1439          0.3509         -0.8569

     Atom  5  O   pos: ( -0.012327  0.908182  0.747281)  para_oo sigma:          -1.63
            -4.1074          0.4234         -0.1865
            -0.8345         -0.8102         -0.5859
            -1.0226         -0.4685          0.0350

     Atom  6  O   pos: (  0.199512  0.940147  0.319560)  para_oo sigma:          -1.63
            -4.1074         -0.4234         -0.1865
             0.8345         -0.8102          0.5859
            -1.0226          0.4685          0.0350

     Atom  7  O   pos: (  0.588650  0.324037  0.108160)  para_oo sigma:          -1.63
            -4.1074          0.4234         -0.1865
            -0.8345         -0.8102         -0.5859
            -1.0226         -0.4685          0.0350

     Atom  8  O   pos: (  0.376811  0.292073  0.535880)  para_oo sigma:          -1.63
            -4.1074         -0.4234         -0.1865
             0.8345         -0.8102          0.5859
            -1.0226          0.4685          0.0350

     Atom  9  H   pos: ( -0.148750  0.875569  0.727000)  para_oo sigma:           0.00
             0.0000          0.0000          0.0000
             0.0000          0.0000          0.0000
             0.0000          0.0000          0.0000

     Atom 10  H   pos: (  0.063089  0.972760  0.299280)  para_oo sigma:           0.00
             0.0000          0.0000          0.0000
             0.0000          0.0000          0.0000
             0.0000          0.0000          0.0000

     Atom 11  H   pos: (  0.725072  0.356650  0.128441)  para_oo sigma:           0.00
             0.0000          0.0000          0.0000
             0.0000          0.0000          0.0000
             0.0000          0.0000          0.0000

     Atom 12  H   pos: (  0.513234  0.259460  0.556161)  para_oo sigma:           0.00
             0.0000          0.0000          0.0000
             0.0000          0.0000          0.0000
             0.0000          0.0000          0.0000

     Atom 13  O   pos: ( -0.343879  0.852677  0.722399)  para_oo sigma:          -2.34
            -1.6922          3.2096          1.8245
             0.5081         -3.6048         -1.5424
             0.3870         -1.8726         -1.7356

     Atom 14  O   pos: ( -0.132041  0.995652  0.294678)  para_oo sigma:          -2.34
            -1.6922         -3.2096          1.8245
            -0.5081         -3.6048          1.5424
             0.3870          1.8726         -1.7356

     Atom 15  O   pos: (  0.920202  0.379542  0.133042)  para_oo sigma:          -2.34
            -1.6922          3.2096          1.8245
             0.5081         -3.6048         -1.5424
             0.3870         -1.8726         -1.7356

     Atom 16  O   pos: (  0.708364  0.236567  0.560762)  para_oo sigma:          -2.34
            -1.6922         -3.2096          1.8245
            -0.5081         -3.6048          1.5424
             0.3870          1.8726         -1.7356

     Atom 17  N   pos: (  0.409457  0.687292  0.654630)  para_oo sigma:          -0.97
            -0.9761          0.6652          0.4967
             1.0282         -1.5034         -1.0728
             0.6700         -0.9948         -0.4236

     Atom 18  N   pos: (  0.621296  1.161037  0.226910)  para_oo sigma:          -0.97
            -0.9761         -0.6652          0.4967
            -1.0282         -1.5034          1.0728
             0.6700          0.9948         -0.4236

     Atom 19  N   pos: (  0.166866  0.544928  0.200810)  para_oo sigma:          -0.97
            -0.9761          0.6652          0.4967
             1.0282         -1.5034         -1.0728
             0.6700         -0.9948         -0.4236

     Atom 20  N   pos: ( -0.044973  0.071182  0.628531)  para_oo sigma:          -0.97
            -0.9761         -0.6652          0.4967
            -1.0282         -1.5034          1.0728
             0.6700          0.9948         -0.4236

     Atom 21  H   pos: (  0.359935  0.571335  0.599491)  para_oo sigma:           0.00
             0.0000          0.0000          0.0000
             0.0000          0.0000          0.0000
             0.0000          0.0000          0.0000

     Atom 22  H   pos: (  0.571774  0.044775  0.171771)  para_oo sigma:           0.00
             0.0000          0.0000          0.0000
             0.0000          0.0000          0.0000
             0.0000          0.0000          0.0000

     Atom 23  H   pos: (  0.216388  0.660885  0.255949)  para_oo sigma:           0.00
             0.0000          0.0000          0.0000
             0.0000          0.0000          0.0000
             0.0000          0.0000          0.0000

     Atom 24  H   pos: (  0.004549  1.187444  0.683670)  para_oo sigma:           0.00
             0.0000          0.0000          0.0000
             0.0000          0.0000          0.0000
             0.0000          0.0000          0.0000

     Atom 25  C   pos: (  0.093811  0.775258  0.693823)  para_oo sigma:          -1.67
            -2.8782          0.2027         -0.1052
             0.1984         -1.0311          0.0733
            -0.0702          0.1185         -1.0954

     Atom 26  C   pos: (  0.305649  1.073070  0.266103)  para_oo sigma:          -1.67
            -2.8782         -0.2027         -0.1052
            -0.1984         -1.0311         -0.0733
            -0.0702         -0.1185         -1.0954

     Atom 27  C   pos: (  0.482512  0.456961  0.161618)  para_oo sigma:          -1.67
            -2.8782          0.2027         -0.1052
             0.1984         -1.0311          0.0733
            -0.0702          0.1185         -1.0954

     Atom 28  C   pos: (  0.270673  0.159149  0.589338)  para_oo sigma:          -1.67
            -2.8782         -0.2027         -0.1052
            -0.1984         -1.0311         -0.0733
            -0.0702         -0.1185         -1.0954

     Atom 29  C   pos: (  0.287316  0.813688  0.738959)  para_oo sigma:          -0.41
            -0.3137         -0.0535         -0.0413
             0.0122         -0.5613         -0.1617
            -0.0313         -0.1280         -0.3678

     Atom 30  C   pos: (  0.499155  1.034640  0.311239)  para_oo sigma:          -0.41
            -0.3137          0.0535         -0.0413
            -0.0122         -0.5613          0.1617
            -0.0313          0.1280         -0.3678

     Atom 31  C   pos: (  0.289007  0.418531  0.116482)  para_oo sigma:          -0.41
            -0.3137         -0.0535         -0.0413
             0.0122         -0.5613         -0.1617
            -0.0313         -0.1280         -0.3678

     Atom 32  C   pos: (  0.077168  0.197579  0.544202)  para_oo sigma:          -0.41
            -0.3137          0.0535         -0.0413
            -0.0122         -0.5613          0.1617
            -0.0313          0.1280         -0.3678

     Atom 33  H   pos: (  0.320414  0.951835  0.698441)  para_oo sigma:           0.00
             0.0000          0.0000          0.0000
             0.0000          0.0000          0.0000
             0.0000          0.0000          0.0000

     Atom 34  H   pos: (  0.532253  0.896494  0.270721)  para_oo sigma:           0.00
             0.0000          0.0000          0.0000
             0.0000          0.0000          0.0000
             0.0000          0.0000          0.0000

     Atom 35  H   pos: (  0.255909  0.280384  0.157000)  para_oo sigma:           0.00
             0.0000          0.0000          0.0000
             0.0000          0.0000          0.0000
             0.0000          0.0000          0.0000

     Atom 36  H   pos: (  0.044070  0.335725  0.584720)  para_oo sigma:           0.00
             0.0000          0.0000          0.0000
             0.0000          0.0000          0.0000
             0.0000          0.0000          0.0000

     Atom 37  H   pos: (  0.725101  0.808842  0.031172)  para_oo sigma:           0.00
             0.0000          0.0000          0.0000
             0.0000          0.0000          0.0000
             0.0000          0.0000          0.0000

     Atom 38  H   pos: (  0.513263  1.039487  0.458892)  para_oo sigma:           0.00
             0.0000          0.0000          0.0000
             0.0000          0.0000          0.0000
             0.0000          0.0000          0.0000

     Atom 39  H   pos: ( -0.148778  0.423377  0.824268)  para_oo sigma:           0.00
             0.0000          0.0000          0.0000
             0.0000          0.0000          0.0000
             0.0000          0.0000          0.0000

     Atom 40  H   pos: (  0.063060  0.192732  0.396548)  para_oo sigma:           0.00
             0.0000          0.0000          0.0000
             0.0000          0.0000          0.0000
             0.0000          0.0000          0.0000

     Atom 41  C   pos: (  0.586609  0.715611  0.653603)  para_oo sigma:          -1.81
            -1.7773          0.7941          0.5143
             0.6804         -2.2371         -0.7589
             0.4673         -0.7891         -1.4086

     Atom 42  C   pos: (  0.798447  1.132717  0.225883)  para_oo sigma:          -1.81
            -1.7773         -0.7941          0.5143
            -0.6804         -2.2371          0.7589
             0.4673          0.7891         -1.4086

     Atom 43  C   pos: ( -0.010286  0.516608  0.201838)  para_oo sigma:          -1.81
            -1.7773          0.7941          0.5143
             0.6804         -2.2371         -0.7589
             0.4673         -0.7891         -1.4086

     Atom 44  C   pos: ( -0.222124  0.099502  0.629558)  para_oo sigma:          -1.81
            -1.7773         -0.7941          0.5143
            -0.6804         -2.2371          0.7589
             0.4673          0.7891         -1.4086

     Atom 45  H   pos: (  0.666906  0.609755  0.588173)  para_oo sigma:           0.00
             0.0000          0.0000          0.0000
             0.0000          0.0000          0.0000
             0.0000          0.0000          0.0000

     Atom 46  H   pos: (  0.878745  1.238574  0.160452)  para_oo sigma:           0.00
             0.0000          0.0000          0.0000
             0.0000          0.0000          0.0000
             0.0000          0.0000          0.0000

     Atom 47  H   pos: ( -0.090583  0.622465  0.267268)  para_oo sigma:           0.00
             0.0000          0.0000          0.0000
             0.0000          0.0000          0.0000
             0.0000          0.0000          0.0000

     Atom 48  H   pos: ( -0.302422 -0.006355  0.694988)  para_oo sigma:           0.00
             0.0000          0.0000          0.0000
             0.0000          0.0000          0.0000
             0.0000          0.0000          0.0000

     Paramagnetic US L_R Q_R contribution in ppm:
 
     Atom  1  O   pos: (  0.040903  0.637014  0.620462)  para_lq sigma:        -154.85
          -158.1636        -13.1341         -9.2618
            -4.0856       -163.6096        -14.3795
            -4.2731        -15.3634       -142.7689

     Atom  2  O   pos: (  0.252741  1.211315  0.192742)  para_lq sigma:        -154.85
          -158.1636         13.1341         -9.2618
             4.0856       -163.6096         14.3795
            -4.2731         15.3634       -142.7689

     Atom  3  O   pos: (  0.535420  0.595205  0.234978)  para_lq sigma:        -154.85
          -158.1636        -13.1341         -9.2618
            -4.0856       -163.6096        -14.3795
            -4.2731        -15.3634       -142.7689

     Atom  4  O   pos: (  0.323581  0.020904  0.662698)  para_lq sigma:        -154.85
          -158.1636         13.1341         -9.2618
             4.0856       -163.6096         14.3795
            -4.2731         15.3634       -142.7689

     Atom  5  O   pos: ( -0.012327  0.908182  0.747281)  para_lq sigma:        -142.55
          -158.1985          1.6549         -1.2111
            -9.0700       -140.1033         -6.8953
            -7.3480         -6.2523       -129.3361

     Atom  6  O   pos: (  0.199512  0.940147  0.319560)  para_lq sigma:        -142.55
          -158.1985         -1.6549         -1.2111
             9.0700       -140.1033          6.8953
            -7.3480          6.2523       -129.3361

     Atom  7  O   pos: (  0.588650  0.324037  0.108160)  para_lq sigma:        -142.55
          -158.1985          1.6549         -1.2111
            -9.0700       -140.1033         -6.8953
            -7.3480         -6.2523       -129.3361

     Atom  8  O   pos: (  0.376811  0.292073  0.535880)  para_lq sigma:        -142.55
          -158.1985         -1.6549         -1.2111
             9.0700       -140.1033          6.8953
            -7.3480          6.2523       -129.3361

     Atom  9  H   pos: ( -0.148750  0.875569  0.727000)  para_lq sigma:           0.00
             0.0000          0.0000          0.0000
             0.0000          0.0000          0.0000
             0.0000          0.0000          0.0000

     Atom 10  H   pos: (  0.063089  0.972760  0.299280)  para_lq sigma:           0.00
             0.0000          0.0000          0.0000
             0.0000          0.0000          0.0000
             0.0000          0.0000          0.0000

     Atom 11  H   pos: (  0.725072  0.356650  0.128441)  para_lq sigma:           0.00
             0.0000          0.0000          0.0000
             0.0000          0.0000          0.0000
             0.0000          0.0000          0.0000

     Atom 12  H   pos: (  0.513234  0.259460  0.556161)  para_lq sigma:           0.00
             0.0000          0.0000          0.0000
             0.0000          0.0000          0.0000
             0.0000          0.0000          0.0000

     Atom 13  O   pos: ( -0.343879  0.852677  0.722399)  para_lq sigma:        -149.94
          -150.5123         -7.7438         -2.9007
            -9.2711       -158.8907        -12.8750
            -3.7752        -13.1876       -140.4055

     Atom 14  O   pos: ( -0.132041  0.995652  0.294678)  para_lq sigma:        -149.94
          -150.5123          7.7438         -2.9007
             9.2711       -158.8907         12.8750
            -3.7752         13.1876       -140.4055

     Atom 15  O   pos: (  0.920202  0.379542  0.133042)  para_lq sigma:        -149.94
          -150.5123         -7.7438         -2.9007
            -9.2711       -158.8907        -12.8750
            -3.7752        -13.1876       -140.4055

     Atom 16  O   pos: (  0.708364  0.236567  0.560762)  para_lq sigma:        -149.94
          -150.5123          7.7438         -2.9007
             9.2711       -158.8907         12.8750
            -3.7752         13.1876       -140.4055

     Atom 17  N   pos: (  0.409457  0.687292  0.654630)  para_lq sigma:         -66.17
           -67.8322         -0.9141          1.0768
             1.2346        -71.6750        -10.1868
             2.3888         -9.7421        -58.9976

     Atom 18  N   pos: (  0.621296  1.161037  0.226910)  para_lq sigma:         -66.17
           -67.8322          0.9141          1.0768
            -1.2346        -71.6750         10.1868
             2.3888          9.7421        -58.9976

     Atom 19  N   pos: (  0.166866  0.544928  0.200810)  para_lq sigma:         -66.17
           -67.8322         -0.9141          1.0768
             1.2346        -71.6750        -10.1868
             2.3888         -9.7421        -58.9976

     Atom 20  N   pos: ( -0.044973  0.071182  0.628531)  para_lq sigma:         -66.17
           -67.8322          0.9141          1.0768
            -1.2346        -71.6750         10.1868
             2.3888          9.7421        -58.9976

     Atom 21  H   pos: (  0.359935  0.571335  0.599491)  para_lq sigma:           0.00
             0.0000          0.0000          0.0000
             0.0000          0.0000          0.0000
             0.0000          0.0000          0.0000

     Atom 22  H   pos: (  0.571774  0.044775  0.171771)  para_lq sigma:           0.00
             0.0000          0.0000          0.0000
             0.0000          0.0000          0.0000
             0.0000          0.0000          0.0000

     Atom 23  H   pos: (  0.216388  0.660885  0.255949)  para_lq sigma:           0.00
             0.0000          0.0000          0.0000
             0.0000          0.0000          0.0000
             0.0000          0.0000          0.0000

     Atom 24  H   pos: (  0.004549  1.187444  0.683670)  para_lq sigma:           0.00
             0.0000          0.0000          0.0000
             0.0000          0.0000          0.0000
             0.0000          0.0000          0.0000

     Atom 25  C   pos: (  0.093811  0.775258  0.693823)  para_lq sigma:         -16.96
           -23.2060          2.2261         -0.0501
             3.1245        -14.2447          0.0535
             0.5275          0.0458        -13.4228

     Atom 26  C   pos: (  0.305649  1.073070  0.266103)  para_lq sigma:         -16.96
           -23.2060         -2.2261         -0.0501
            -3.1245        -14.2447         -0.0535
             0.5275         -0.0458        -13.4228

     Atom 27  C   pos: (  0.482512  0.456961  0.161618)  para_lq sigma:         -16.96
           -23.2060          2.2261         -0.0501
             3.1245        -14.2447          0.0535
             0.5275          0.0458        -13.4228

     Atom 28  C   pos: (  0.270673  0.159149  0.589338)  para_lq sigma:         -16.96
           -23.2060         -2.2261         -0.0501
            -3.1245        -14.2447         -0.0535
             0.5275         -0.0458        -13.4228

     Atom 29  C   pos: (  0.287316  0.813688  0.738959)  para_lq sigma:         -11.73
           -11.2618          0.4040          0.2606
             0.7789        -12.3080         -0.9094
             0.4181         -0.7143        -11.6176

     Atom 30  C   pos: (  0.499155  1.034640  0.311239)  para_lq sigma:         -11.73
           -11.2618         -0.4040          0.2606
            -0.7789        -12.3080          0.9094
             0.4181          0.7143        -11.6176

     Atom 31  C   pos: (  0.289007  0.418531  0.116482)  para_lq sigma:         -11.73
           -11.2618          0.4040          0.2606
             0.7789        -12.3080         -0.9094
             0.4181         -0.7143        -11.6176

     Atom 32  C   pos: (  0.077168  0.197579  0.544202)  para_lq sigma:         -11.73
           -11.2618         -0.4040          0.2606
            -0.7789        -12.3080          0.9094
             0.4181          0.7143        -11.6176

     Atom 33  H   pos: (  0.320414  0.951835  0.698441)  para_lq sigma:           0.00
             0.0000          0.0000          0.0000
             0.0000          0.0000          0.0000
             0.0000          0.0000          0.0000

     Atom 34  H   pos: (  0.532253  0.896494  0.270721)  para_lq sigma:           0.00
             0.0000          0.0000          0.0000
             0.0000          0.0000          0.0000
             0.0000          0.0000          0.0000

     Atom 35  H   pos: (  0.255909  0.280384  0.157000)  para_lq sigma:           0.00
             0.0000          0.0000          0.0000
             0.0000          0.0000          0.0000
             0.0000          0.0000          0.0000

     Atom 36  H   pos: (  0.044070  0.335725  0.584720)  para_lq sigma:           0.00
             0.0000          0.0000          0.0000
             0.0000          0.0000          0.0000
             0.0000          0.0000          0.0000

     Atom 37  H   pos: (  0.725101  0.808842  0.031172)  para_lq sigma:           0.00
             0.0000          0.0000          0.0000
             0.0000          0.0000          0.0000
             0.0000          0.0000          0.0000

     Atom 38  H   pos: (  0.513263  1.039487  0.458892)  para_lq sigma:           0.00
             0.0000          0.0000          0.0000
             0.0000          0.0000          0.0000
             0.0000          0.0000          0.0000

     Atom 39  H   pos: ( -0.148778  0.423377  0.824268)  para_lq sigma:           0.00
             0.0000          0.0000          0.0000
             0.0000          0.0000          0.0000
             0.0000          0.0000          0.0000

     Atom 40  H   pos: (  0.063060  0.192732  0.396548)  para_lq sigma:           0.00
             0.0000          0.0000          0.0000
             0.0000          0.0000          0.0000
             0.0000          0.0000          0.0000

     Atom 41  C   pos: (  0.586609  0.715611  0.653603)  para_lq sigma:         -16.26
           -19.6580          2.7092          2.1848
             1.6954        -15.7229         -2.1398
             1.6443         -2.3058        -13.4125

     Atom 42  C   pos: (  0.798447  1.132717  0.225883)  para_lq sigma:         -16.26
           -19.6580         -2.7092          2.1848
            -1.6954        -15.7229          2.1398
             1.6443          2.3058        -13.4125

     Atom 43  C   pos: ( -0.010286  0.516608  0.201838)  para_lq sigma:         -16.26
           -19.6580          2.7092          2.1848
             1.6954        -15.7229         -2.1398
             1.6443         -2.3058        -13.4125

     Atom 44  C   pos: ( -0.222124  0.099502  0.629558)  para_lq sigma:         -16.26
           -19.6580         -2.7092          2.1848
            -1.6954        -15.7229          2.1398
             1.6443          2.3058        -13.4125

     Atom 45  H   pos: (  0.666906  0.609755  0.588173)  para_lq sigma:           0.00
             0.0000          0.0000          0.0000
             0.0000          0.0000          0.0000
             0.0000          0.0000          0.0000

     Atom 46  H   pos: (  0.878745  1.238574  0.160452)  para_lq sigma:           0.00
             0.0000          0.0000          0.0000
             0.0000          0.0000          0.0000
             0.0000          0.0000          0.0000

     Atom 47  H   pos: ( -0.090583  0.622465  0.267268)  para_lq sigma:           0.00
             0.0000          0.0000          0.0000
             0.0000          0.0000          0.0000
             0.0000          0.0000          0.0000

     Atom 48  H   pos: ( -0.302422 -0.006355  0.694988)  para_lq sigma:           0.00
             0.0000          0.0000          0.0000
             0.0000          0.0000          0.0000
             0.0000          0.0000          0.0000

 
     Total NMR chemical shifts in ppm: ---------------------------------------
     (adopting the Simpson convention for anisotropy and asymmetry)-----------
 
     Atom  1  O   pos: (  0.040903  0.637014  0.620462)  Total sigma:         -78.77
          -199.1202         69.7910        -24.2815
            60.1579       -195.2464       -220.8712
           -30.3335       -238.9222        158.0631

     O    1    anisotropy:    534.14    eta:   -0.3886
     O    1    sigma_11=   -187.62    axis=(  0.928651  0.270841  0.253480)
     O    1    sigma_22=   -326.01    axis=( -0.353694  0.852491  0.384916)
     O    1    sigma_33=    277.33    axis=( -0.111838 -0.447107  0.887461)
 
     Atom  2  O   pos: (  0.252741  1.211315  0.192742)  Total sigma:         -78.77
          -199.1202        -69.7910        -24.2815
           -60.1579       -195.2464        220.8712
           -30.3335        238.9222        158.0631

     O    2    anisotropy:    534.14    eta:   -0.3886
     O    2    sigma_11=   -187.62    axis=( -0.928651  0.270841 -0.253480)
     O    2    sigma_22=   -326.01    axis=( -0.353694 -0.852491  0.384916)
     O    2    sigma_33=    277.33    axis=( -0.111838  0.447107  0.887461)
 
     Atom  3  O   pos: (  0.535420  0.595205  0.234978)  Total sigma:         -78.77
          -199.1202         69.7910        -24.2815
            60.1579       -195.2464       -220.8712
           -30.3335       -238.9222        158.0631

     O    3    anisotropy:    534.14    eta:   -0.3886
     O    3    sigma_11=   -187.62    axis=(  0.928651  0.270841  0.253480)
     O    3    sigma_22=   -326.01    axis=( -0.353694  0.852491  0.384916)
     O    3    sigma_33=    277.33    axis=( -0.111838 -0.447107  0.887461)
 
     Atom  4  O   pos: (  0.323581  0.020904  0.662698)  Total sigma:         -78.77
          -199.1202        -69.7910        -24.2815
           -60.1579       -195.2464        220.8712
           -30.3335        238.9222        158.0631

     O    4    anisotropy:    534.14    eta:   -0.3886
     O    4    sigma_11=   -187.62    axis=( -0.928651  0.270841 -0.253480)
     O    4    sigma_22=   -326.01    axis=( -0.353694 -0.852491  0.384916)
     O    4    sigma_33=    277.33    axis=( -0.111838  0.447107  0.887461)
 
     Atom  5  O   pos: ( -0.012327  0.908182  0.747281)  Total sigma:          65.38
            31.6589        -47.4833        -33.0131
          -150.8273         43.3280        -68.5770
           -92.6527        -65.4012        121.1464

     O    5    anisotropy:   -247.88    eta:   -0.1491
     O    5    sigma_11=    135.69    axis=( -0.736075  0.647772  0.196427)
     O    5    sigma_22=    160.33    axis=( -0.122528 -0.412900  0.902497)
     O    5    sigma_33=    -99.88    axis=(  0.665717  0.640238  0.383296)
 
     Atom  6  O   pos: (  0.199512  0.940147  0.319560)  Total sigma:          65.38
            31.6589         47.4833        -33.0131
           150.8273         43.3280         68.5770
           -92.6527         65.4012        121.1464

     O    6    anisotropy:   -247.88    eta:   -0.1491
     O    6    sigma_11=    135.69    axis=(  0.736075  0.647772 -0.196427)
     O    6    sigma_22=    160.33    axis=( -0.122528  0.412900  0.902497)
     O    6    sigma_33=    -99.88    axis=(  0.665717 -0.640238  0.383296)
 
     Atom  7  O   pos: (  0.588650  0.324037  0.108160)  Total sigma:          65.38
            31.6589        -47.4833        -33.0131
          -150.8273         43.3280        -68.5770
           -92.6527        -65.4012        121.1464

     O    7    anisotropy:   -247.88    eta:   -0.1491
     O    7    sigma_11=    135.69    axis=( -0.736075  0.647772  0.196427)
     O    7    sigma_22=    160.33    axis=( -0.122528 -0.412900  0.902497)
     O    7    sigma_33=    -99.88    axis=(  0.665717  0.640238  0.383296)
 
     Atom  8  O   pos: (  0.376811  0.292073  0.535880)  Total sigma:          65.38
            31.6589         47.4833        -33.0131
           150.8273         43.3280         68.5770
           -92.6527         65.4012        121.1464

     O    8    anisotropy:   -247.88    eta:   -0.1491
     O    8    sigma_11=    135.69    axis=(  0.736075  0.647772 -0.196427)
     O    8    sigma_22=    160.33    axis=( -0.122528  0.412900  0.902497)
     O    8    sigma_33=    -99.88    axis=(  0.665717 -0.640238  0.383296)
 
     Atom  9  H   pos: ( -0.148750  0.875569  0.727000)  Total sigma:          13.75
            33.7692          3.9797          2.2770
             1.6062          4.3523          0.3015
             0.7634          0.3141          3.1321

     H    9    anisotropy:     30.54    eta:   -0.0533
     H    9    sigma_11=      4.11    axis=( -0.100422  0.983173  0.152601)
     H    9    sigma_22=      3.03    axis=( -0.034573 -0.156732  0.987036)
     H    9    sigma_33=     34.11    axis=( -0.994344 -0.093844 -0.049731)
 
     Atom 10  H   pos: (  0.063089  0.972760  0.299280)  Total sigma:          13.75
            33.7692         -3.9797          2.2770
            -1.6062          4.3523         -0.3015
             0.7634         -0.3141          3.1321

     H   10    anisotropy:     30.54    eta:   -0.0533
     H   10    sigma_11=      4.11    axis=(  0.100422  0.983173 -0.152601)
     H   10    sigma_22=      3.03    axis=( -0.034573  0.156732  0.987036)
     H   10    sigma_33=     34.11    axis=( -0.994344  0.093844 -0.049731)
 
     Atom 11  H   pos: (  0.725072  0.356650  0.128441)  Total sigma:          13.75
            33.7692          3.9797          2.2770
             1.6062          4.3523          0.3015
             0.7634          0.3141          3.1321

     H   11    anisotropy:     30.54    eta:   -0.0533
     H   11    sigma_11=      4.11    axis=( -0.100422  0.983173  0.152601)
     H   11    sigma_22=      3.03    axis=( -0.034573 -0.156732  0.987036)
     H   11    sigma_33=     34.11    axis=( -0.994344 -0.093844 -0.049731)
 
     Atom 12  H   pos: (  0.513234  0.259460  0.556161)  Total sigma:          13.75
            33.7692         -3.9797          2.2770
            -1.6062          4.3523         -0.3015
             0.7634         -0.3141          3.1321

     H   12    anisotropy:     30.54    eta:   -0.0533
     H   12    sigma_11=      4.11    axis=(  0.100422  0.983173 -0.152601)
     H   12    sigma_22=      3.03    axis=( -0.034573  0.156732  0.987036)
     H   12    sigma_33=     34.11    axis=( -0.994344  0.093844 -0.049731)
 
     Atom 13  O   pos: ( -0.343879  0.852677  0.722399)  Total sigma:         -25.74
          -188.7267        -76.3654          7.7999
           -60.7893        -69.3394       -199.4867
            -3.6472       -224.7554        180.8543

     O   13    anisotropy:    495.59    eta:   -0.3533
     O   13    sigma_11=   -132.57    axis=( -0.702369  0.587328  0.402148)
     O   13    sigma_22=   -249.30    axis=( -0.708016 -0.634722 -0.309584)
     O   13    sigma_33=    304.66    axis=(  0.073425 -0.502169  0.861647)
 
     Atom 14  O   pos: ( -0.132041  0.995652  0.294678)  Total sigma:         -25.74
          -188.7267         76.3654          7.7999
            60.7893        -69.3394        199.4867
            -3.6472        224.7554        180.8543

     O   14    anisotropy:    495.59    eta:   -0.3533
     O   14    sigma_11=   -132.57    axis=(  0.702369  0.587328 -0.402148)
     O   14    sigma_22=   -249.30    axis=( -0.708016  0.634722 -0.309584)
     O   14    sigma_33=    304.66    axis=(  0.073425  0.502169  0.861647)
 
     Atom 15  O   pos: (  0.920202  0.379542  0.133042)  Total sigma:         -25.74
          -188.7267        -76.3654          7.7999
           -60.7893        -69.3394       -199.4867
            -3.6472       -224.7554        180.8543

     O   15    anisotropy:    495.59    eta:   -0.3533
     O   15    sigma_11=   -132.57    axis=( -0.702369  0.587328  0.402148)
     O   15    sigma_22=   -249.30    axis=( -0.708016 -0.634722 -0.309584)
     O   15    sigma_33=    304.66    axis=(  0.073425 -0.502169  0.861647)
 
     Atom 16  O   pos: (  0.708364  0.236567  0.560762)  Total sigma:         -25.74
          -188.7267         76.3654          7.7999
            60.7893        -69.3394        199.4867
            -3.6472        224.7554        180.8543

     O   16    anisotropy:    495.59    eta:   -0.3533
     O   16    sigma_11=   -132.57    axis=(  0.702369  0.587328 -0.402148)
     O   16    sigma_22=   -249.30    axis=( -0.708016  0.634722 -0.309584)
     O   16    sigma_33=    304.66    axis=(  0.073425  0.502169  0.861647)
 
     Atom 17  N   pos: (  0.409457  0.687292  0.654630)  Total sigma:          98.20
           166.0925        -21.6135        -13.0750
            18.8147         13.9154        -80.7317
            10.4072        -71.9367        114.5803

     N   17    anisotropy:   -188.10    eta:   -0.0836
     N   17    sigma_11=    155.66    axis=(  0.048825 -0.473964  0.879190)
     N   17    sigma_22=    166.14    axis=( -0.998761 -0.014667  0.047558)
     N   17    sigma_33=    -27.20    axis=(  0.009645  0.880422  0.474093)
 
     Atom 18  N   pos: (  0.621296  1.161037  0.226910)  Total sigma:          98.20
           166.0925         21.6135        -13.0750
           -18.8147         13.9154         80.7317
            10.4072         71.9367        114.5803

     N   18    anisotropy:   -188.10    eta:   -0.0836
     N   18    sigma_11=    155.66    axis=(  0.048825  0.473964  0.879190)
     N   18    sigma_22=    166.14    axis=(  0.998761 -0.014667 -0.047558)
     N   18    sigma_33=    -27.20    axis=(  0.009645 -0.880422  0.474093)
 
     Atom 19  N   pos: (  0.166866  0.544928  0.200810)  Total sigma:          98.20
           166.0925        -21.6135        -13.0750
            18.8147         13.9154        -80.7317
            10.4072        -71.9367        114.5803

     N   19    anisotropy:   -188.10    eta:   -0.0836
     N   19    sigma_11=    155.66    axis=(  0.048825 -0.473964  0.879190)
     N   19    sigma_22=    166.14    axis=( -0.998761 -0.014667  0.047558)
     N   19    sigma_33=    -27.20    axis=(  0.009645  0.880422  0.474093)
 
     Atom 20  N   pos: ( -0.044973  0.071182  0.628531)  Total sigma:          98.20
           166.0925         21.6135        -13.0750
           -18.8147         13.9154         80.7317
            10.4072         71.9367        114.5803

     N   20    anisotropy:   -188.10    eta:   -0.0836
     N   20    sigma_11=    155.66    axis=(  0.048825  0.473964  0.879190)
     N   20    sigma_22=    166.14    axis=(  0.998761 -0.014667 -0.047558)
     N   20    sigma_33=    -27.20    axis=(  0.009645 -0.880422  0.474093)
 
     Atom 21  H   pos: (  0.359935  0.571335  0.599491)  Total sigma:          22.96
            23.7965          1.8359          0.3539
             6.2477         26.5679          2.0594
             2.6940          4.5405         18.5053

     H   21    anisotropy:     11.35    eta:   -0.4889
     H   21    sigma_11=     21.02    axis=( -0.841219  0.514753  0.165469)
     H   21    sigma_22=     17.33    axis=( -0.016220 -0.329917  0.943870)
     H   21    sigma_33=     30.52    axis=( -0.540451 -0.791318 -0.285882)
 
     Atom 22  H   pos: (  0.571774  0.044775  0.171771)  Total sigma:          22.96
            23.7965         -1.8359          0.3539
            -6.2477         26.5679         -2.0594
             2.6940         -4.5405         18.5053

     H   22    anisotropy:     11.35    eta:   -0.4889
     H   22    sigma_11=     21.02    axis=(  0.841219  0.514753 -0.165469)
     H   22    sigma_22=     17.33    axis=( -0.016220  0.329917  0.943870)
     H   22    sigma_33=     30.52    axis=( -0.540451  0.791318 -0.285882)
 
     Atom 23  H   pos: (  0.216388  0.660885  0.255949)  Total sigma:          22.96
            23.7965          1.8359          0.3539
             6.2477         26.5679          2.0594
             2.6940          4.5405         18.5053

     H   23    anisotropy:     11.35    eta:   -0.4889
     H   23    sigma_11=     21.02    axis=( -0.841219  0.514753  0.165469)
     H   23    sigma_22=     17.33    axis=( -0.016220 -0.329917  0.943870)
     H   23    sigma_33=     30.52    axis=( -0.540451 -0.791318 -0.285882)
 
     Atom 24  H   pos: (  0.004549  1.187444  0.683670)  Total sigma:          22.96
            23.7965         -1.8359          0.3539
            -6.2477         26.5679         -2.0594
             2.6940         -4.5405         18.5053

     H   24    anisotropy:     11.35    eta:   -0.4889
     H   24    sigma_11=     21.02    axis=(  0.841219  0.514753 -0.165469)
     H   24    sigma_22=     17.33    axis=( -0.016220  0.329917  0.943870)
     H   24    sigma_33=     30.52    axis=( -0.540451  0.791318 -0.285882)
 
     Atom 25  C   pos: (  0.093811  0.775258  0.693823)  Total sigma:          -9.71
           -86.2654         33.1613         -1.2562
            49.1467          5.2882        -22.4774
             8.4624        -23.7010         51.8443

     C   25    anisotropy:   -139.84    eta:   -0.5506
     C   25    sigma_11=     11.24    axis=(  0.363595  0.823290  0.435881)
     C   25    sigma_22=     62.57    axis=( -0.097647 -0.431645  0.896743)
     C   25    sigma_33=   -102.94    axis=( -0.926425  0.368614  0.076553)
 
     Atom 26  C   pos: (  0.305649  1.073070  0.266103)  Total sigma:          -9.71
           -86.2654        -33.1613         -1.2562
           -49.1467          5.2882         22.4774
             8.4624         23.7010         51.8443

     C   26    anisotropy:   -139.84    eta:   -0.5506
     C   26    sigma_11=     11.24    axis=( -0.363595  0.823290 -0.435881)
     C   26    sigma_22=     62.57    axis=( -0.097647  0.431645  0.896743)
     C   26    sigma_33=   -102.94    axis=( -0.926425 -0.368614  0.076553)
 
     Atom 27  C   pos: (  0.482512  0.456961  0.161618)  Total sigma:          -9.71
           -86.2654         33.1613         -1.2562
            49.1467          5.2882        -22.4774
             8.4624        -23.7010         51.8443

     C   27    anisotropy:   -139.84    eta:   -0.5506
     C   27    sigma_11=     11.24    axis=(  0.363595  0.823290  0.435881)
     C   27    sigma_22=     62.57    axis=( -0.097647 -0.431645  0.896743)
     C   27    sigma_33=   -102.94    axis=( -0.926425  0.368614  0.076553)
 
     Atom 28  C   pos: (  0.270673  0.159149  0.589338)  Total sigma:          -9.71
           -86.2654        -33.1613         -1.2562
           -49.1467          5.2882         22.4774
             8.4624         23.7010         51.8443

     C   28    anisotropy:   -139.84    eta:   -0.5506
     C   28    sigma_11=     11.24    axis=( -0.363595  0.823290 -0.435881)
     C   28    sigma_22=     62.57    axis=( -0.097647  0.431645  0.896743)
     C   28    sigma_33=   -102.94    axis=( -0.926425 -0.368614  0.076553)
 
     Atom 29  C   pos: (  0.287316  0.813688  0.738959)  Total sigma:         127.47
           141.4795        -19.9225        -10.1436
           -11.8154        117.2355         -5.2355
            -1.4869         -1.3958        123.6951

     C   29    anisotropy:     33.61    eta:   -0.7867
     C   29    sigma_11=    125.08    axis=( -0.017160 -0.359612  0.932944)
     C   29    sigma_22=    107.45    axis=(  0.444725  0.832955  0.329250)
     C   29    sigma_33=    149.88    axis=( -0.895503  0.420554  0.145635)
 
     Atom 30  C   pos: (  0.499155  1.034640  0.311239)  Total sigma:         127.47
           141.4795         19.9225        -10.1436
            11.8154        117.2355          5.2355
            -1.4869          1.3958        123.6951

     C   30    anisotropy:     33.61    eta:   -0.7867
     C   30    sigma_11=    125.08    axis=( -0.017160  0.359612  0.932944)
     C   30    sigma_22=    107.45    axis=( -0.444725  0.832955 -0.329250)
     C   30    sigma_33=    149.88    axis=( -0.895503 -0.420554  0.145635)
 
     Atom 31  C   pos: (  0.289007  0.418531  0.116482)  Total sigma:         127.47
           141.4795        -19.9225        -10.1436
           -11.8154        117.2355         -5.2355
            -1.4869         -1.3958        123.6951

     C   31    anisotropy:     33.61    eta:   -0.7867
     C   31    sigma_11=    125.08    axis=( -0.017160 -0.359612  0.932944)
     C   31    sigma_22=    107.45    axis=(  0.444725  0.832955  0.329250)
     C   31    sigma_33=    149.88    axis=( -0.895503  0.420554  0.145635)
 
     Atom 32  C   pos: (  0.077168  0.197579  0.544202)  Total sigma:         127.47
           141.4795         19.9225        -10.1436
            11.8154        117.2355          5.2355
            -1.4869          1.3958        123.6951

     C   32    anisotropy:     33.61    eta:   -0.7867
     C   32    sigma_11=    125.08    axis=( -0.017160  0.359612  0.932944)
     C   32    sigma_22=    107.45    axis=( -0.444725  0.832955 -0.329250)
     C   32    sigma_33=    149.88    axis=( -0.895503 -0.420554  0.145635)
 
     Atom 33  H   pos: (  0.320414  0.951835  0.698441)  Total sigma:          25.33
            23.7853         -1.4304         -1.2005
            -1.3892         30.1058         -0.6497
            -1.5488         -2.0607         22.1020

     H   33    anisotropy:      7.81    eta:   -0.6838
     H   33    sigma_11=     24.51    axis=(  0.843938  0.084283 -0.529779)
     H   33    sigma_22=     20.95    axis=(  0.506169  0.201951  0.838456)
     H   33    sigma_33=     30.54    axis=( -0.177657  0.975762 -0.127772)
 
     Atom 34  H   pos: (  0.532253  0.896494  0.270721)  Total sigma:          25.33
            23.7853          1.4304         -1.2005
             1.3892         30.1058          0.6497
            -1.5488          2.0607         22.1020

     H   34    anisotropy:      7.81    eta:   -0.6838
     H   34    sigma_11=     24.51    axis=( -0.843938  0.084283  0.529779)
     H   34    sigma_22=     20.95    axis=(  0.506169 -0.201951  0.838456)
     H   34    sigma_33=     30.54    axis=( -0.177657 -0.975762 -0.127772)
 
     Atom 35  H   pos: (  0.255909  0.280384  0.157000)  Total sigma:          25.33
            23.7853         -1.4304         -1.2005
            -1.3892         30.1058         -0.6497
            -1.5488         -2.0607         22.1020

     H   35    anisotropy:      7.81    eta:   -0.6838
     H   35    sigma_11=     24.51    axis=(  0.843938  0.084283 -0.529779)
     H   35    sigma_22=     20.95    axis=(  0.506169  0.201951  0.838456)
     H   35    sigma_33=     30.54    axis=( -0.177657  0.975762 -0.127772)
 
     Atom 36  H   pos: (  0.044070  0.335725  0.584720)  Total sigma:          25.33
            23.7853          1.4304         -1.2005
             1.3892         30.1058          0.6497
            -1.5488          2.0607         22.1020

     H   36    anisotropy:      7.81    eta:   -0.6838
     H   36    sigma_11=     24.51    axis=( -0.843938  0.084283  0.529779)
     H   36    sigma_22=     20.95    axis=(  0.506169 -0.201951  0.838456)
     H   36    sigma_33=     30.54    axis=( -0.177657 -0.975762 -0.127772)
 
     Atom 37  H   pos: (  0.725101  0.808842  0.031172)  Total sigma:          26.87
            24.7077         -1.1966         -1.1632
            -0.8736         24.8198          0.4802
            -0.5228          2.4212         31.0843

     H   37    anisotropy:      7.04    eta:   -0.3494
     H   37    sigma_11=     25.34    axis=( -0.707516  0.653492 -0.269016)
     H   37    sigma_22=     23.70    axis=(  0.689965  0.721103 -0.062918)
     H   37    sigma_33=     31.57    axis=( -0.152871  0.230127  0.961078)
 
     Atom 38  H   pos: (  0.513263  1.039487  0.458892)  Total sigma:          26.87
            24.7077          1.1966         -1.1632
             0.8736         24.8198         -0.4802
            -0.5228         -2.4212         31.0843

     H   38    anisotropy:      7.04    eta:   -0.3494
     H   38    sigma_11=     25.34    axis=(  0.707516  0.653492  0.269016)
     H   38    sigma_22=     23.70    axis=(  0.689965 -0.721103 -0.062918)
     H   38    sigma_33=     31.57    axis=( -0.152871 -0.230127  0.961078)
 
     Atom 39  H   pos: ( -0.148778  0.423377  0.824268)  Total sigma:          26.87
            24.7077         -1.1966         -1.1632
            -0.8736         24.8198          0.4802
            -0.5228          2.4212         31.0843

     H   39    anisotropy:      7.04    eta:   -0.3494
     H   39    sigma_11=     25.34    axis=( -0.707516  0.653492 -0.269016)
     H   39    sigma_22=     23.70    axis=(  0.689965  0.721103 -0.062918)
     H   39    sigma_33=     31.57    axis=( -0.152871  0.230127  0.961078)
 
     Atom 40  H   pos: (  0.063060  0.192732  0.396548)  Total sigma:          26.87
            24.7077          1.1966         -1.1632
             0.8736         24.8198         -0.4802
            -0.5228         -2.4212         31.0843

     H   40    anisotropy:      7.04    eta:   -0.3494
     H   40    sigma_11=     25.34    axis=(  0.707516  0.653492  0.269016)
     H   40    sigma_22=     23.70    axis=(  0.689965 -0.721103 -0.062918)
     H   40    sigma_33=     31.57    axis=( -0.152871 -0.230127  0.961078)
 
     Atom 41  C   pos: (  0.586609  0.715611  0.653603)  Total sigma:           2.16
           -48.4838         32.2527         31.6257
            17.6909         -5.8126        -56.2863
            22.2189        -59.2787         60.7672

     C   41    anisotropy:    139.32    eta:   -0.7611
     C   41    sigma_11=     -8.94    axis=(  0.651655  0.688248  0.318842)
     C   41    sigma_22=    -79.63    axis=( -0.754262  0.543520  0.368340)
     C   41    sigma_33=     95.03    axis=(  0.080213 -0.480521  0.873307)
 
     Atom 42  C   pos: (  0.798447  1.132717  0.225883)  Total sigma:           2.16
           -48.4838        -32.2527         31.6257
           -17.6909         -5.8126         56.2863
            22.2189         59.2787         60.7672

     C   42    anisotropy:    139.32    eta:   -0.7611
     C   42    sigma_11=     -8.94    axis=(  0.651655 -0.688248  0.318842)
     C   42    sigma_22=    -79.63    axis=(  0.754262  0.543520 -0.368340)
     C   42    sigma_33=     95.03    axis=(  0.080213  0.480521  0.873307)
 
     Atom 43  C   pos: ( -0.010286  0.516608  0.201838)  Total sigma:           2.16
           -48.4838         32.2527         31.6257
            17.6909         -5.8126        -56.2863
            22.2189        -59.2787         60.7672

     C   43    anisotropy:    139.32    eta:   -0.7611
     C   43    sigma_11=     -8.94    axis=(  0.651655  0.688248  0.318842)
     C   43    sigma_22=    -79.63    axis=( -0.754262  0.543520  0.368340)
     C   43    sigma_33=     95.03    axis=(  0.080213 -0.480521  0.873307)
 
     Atom 44  C   pos: ( -0.222124  0.099502  0.629558)  Total sigma:           2.16
           -48.4838        -32.2527         31.6257
           -17.6909         -5.8126         56.2863
            22.2189         59.2787         60.7672

     C   44    anisotropy:    139.32    eta:   -0.7611
     C   44    sigma_11=     -8.94    axis=(  0.651655 -0.688248  0.318842)
     C   44    sigma_22=    -79.63    axis=(  0.754262  0.543520 -0.368340)
     C   44    sigma_33=     95.03    axis=(  0.080213  0.480521  0.873307)
 
     Atom 45  H   pos: (  0.666906  0.609755  0.588173)  Total sigma:          22.12
            22.9163          1.1290          1.4164
            -0.9139         23.0910          1.4481
            -0.3803          3.0375         20.3578

     H   45    anisotropy:     -4.60    eta:   -0.5075
     H   45    sigma_11=     22.88    axis=( -0.968227  0.249051  0.022610)
     H   45    sigma_22=     24.43    axis=( -0.227679 -0.840505 -0.491644)
     H   45    sigma_33=     19.06    axis=( -0.103440 -0.481170  0.870503)
 
     Atom 46  H   pos: (  0.878745  1.238574  0.160452)  Total sigma:          22.12
            22.9163         -1.1290          1.4164
             0.9139         23.0910         -1.4481
            -0.3803         -3.0375         20.3578

     H   46    anisotropy:     -4.60    eta:   -0.5075
     H   46    sigma_11=     22.88    axis=( -0.968227 -0.249050  0.022610)
     H   46    sigma_22=     24.43    axis=(  0.227679 -0.840505  0.491644)
     H   46    sigma_33=     19.06    axis=( -0.103440  0.481170  0.870503)
 
     Atom 47  H   pos: ( -0.090583  0.622465  0.267268)  Total sigma:          22.12
            22.9163          1.1290          1.4164
            -0.9139         23.0910          1.4481
            -0.3803          3.0375         20.3578

     H   47    anisotropy:     -4.60    eta:   -0.5075
     H   47    sigma_11=     22.88    axis=( -0.968227  0.249051  0.022610)
     H   47    sigma_22=     24.43    axis=( -0.227679 -0.840505 -0.491644)
     H   47    sigma_33=     19.06    axis=( -0.103440 -0.481170  0.870503)
 
     Atom 48  H   pos: ( -0.302422 -0.006355  0.694988)  Total sigma:          22.12
            22.9163         -1.1290          1.4164
             0.9139         23.0910         -1.4481
            -0.3803         -3.0375         20.3578

     H   48    anisotropy:     -4.60    eta:   -0.5075
     H   48    sigma_11=     22.88    axis=( -0.968227 -0.249050  0.022610)
     H   48    sigma_22=     24.43    axis=(  0.227679 -0.840505  0.491644)
     H   48    sigma_33=     19.06    axis=( -0.103440  0.481170  0.870503)
 
     Initialization:
     gipaw_setup  :      0.42s CPU      0.44s WALL (       1 calls)
 
     Linear response
     greenf       :   7075.55s CPU   7269.56s WALL (     240 calls)
     cgsolve      :   7036.03s CPU   7229.85s WALL (     240 calls)
     ch_psi       :   6887.64s CPU   7081.22s WALL (   13345 calls)
     h_psiq       :   5559.15s CPU   5750.00s WALL (   13345 calls)
 
     Apply operators
     h_psi        :   5431.37s CPU   5652.04s WALL (   20578 calls)
     apply_vel    :     98.39s CPU     98.60s WALL (     210 calls)
 
     Induced current
     j_para       :    477.94s CPU    487.97s WALL (     270 calls)
     biot_savart  :      0.05s CPU      0.06s WALL (       1 calls)
 
     Other routines
 
     General routines
     calbec       :   1484.69s CPU   1491.58s WALL (   49298 calls)
     fft          :      0.13s CPU      0.16s WALL (      32 calls)
     fftw         :   4415.17s CPU   4638.24s WALL ( 2739648 calls)
     davcio       :      0.04s CPU      1.16s WALL (     160 calls)
 
     Parallel routines
     fft_scatter  :    883.20s CPU    999.56s WALL ( 2739680 calls)
 
     Plugins
 
     GIPAW        :   9166.62s CPU   9415.94s WALL (       1 calls)
