
     Program QE v.6.1 (svn rev. 13369) starts on  7Nov2017 at  0: 0:57 

     This program is part of the open-source Quantum ESPRESSO suite
     for quantum simulation of materials; please cite
         "P. Giannozzi et al., J. Phys.:Condens. Matter 21 395502 (2009);
          URL http://www.quantum-espresso.org", 
     in publications or presentations arising from this work. More details at
     http://www.quantum-espresso.org/quote

     Parallel version (MPI), running on     8 processors
     R & G space division:  proc/nbgrp/npool/nimage =       8
 
     ***** This is GIPAW svn revision unknown      *****
 
     Parallelizing q-star over 1 images
     Message from routine gipaw_readin:
     *** iverbosity is obsolete, use verbosity instead ***

     Reading data from directory:
     /scratch/ahofstet/ML/CCDC/FUNSOW/wfc/scf.save

   Info: using nr1, nr2, nr3 values from input

   Info: using nr1, nr2, nr3 values from input

     IMPORTANT: XC functional enforced from input :
     Exchange-correlation      =  SLA  PW   PBX  PBC ( 1  4  3  4 0 0)
     Any further DFT definition will be discarded
     Please, verify this is what you really want

               file C.pbe-n-kjpaw_psl.0.1.UPF: wavefunction(s)  2P renormalized
               file N.pbe-n-kjpaw_psl.0.1.UPF: wavefunction(s)  2P renormalized
               file H.pbe-kjpaw_psl.0.1.UPF: wavefunction(s)  1S renormalized
               file O.pbe-n-kjpaw_psl.0.1.UPF: wavefunction(s)  2P renormalized
 
     Parallelization info
     --------------------
     sticks:   dense  smooth     PW     G-vecs:    dense   smooth      PW
     Min         903     903    241                50248    50248    6932
     Max         904     904    242                50249    50249    6933
     Sum        7227    7227   1931               401987   401987   55463
 

     Check: negative/imaginary core charge=   -0.000002    0.000000

     Subspace diagonalization in iterative solution of the eigenvalue problem:
     a serial algorithm will be used

     GIPAW projectors -----------------------------------------------
     atom=  C    l=0  rc=    1.3000  rs=    0.8667
     atom=  C    l=0  rc=    1.3000  rs=    0.8667
     atom=  C    l=1  rc=    1.4500  rs=    0.9667
     atom=  C    l=1  rc=    1.4500  rs=    0.9667
     projs nearly linearly dependent: l=0  n1,n2= 1, 2  s=  0.99877758
     projs nearly linearly dependent: l=1  n1,n2= 1, 2  s=  0.99940894
 
     atom=  N    l=0  rc=    1.3000  rs=    0.8667
     atom=  N    l=0  rc=    1.3000  rs=    0.8667
     atom=  N    l=1  rc=    1.4500  rs=    0.9667
     atom=  N    l=1  rc=    1.4500  rs=    0.9667
     projs nearly linearly dependent: l=0  n1,n2= 1, 2  s=  0.99709514
     projs nearly linearly dependent: l=1  n1,n2= 1, 2  s=  0.99857174
 
     atom=  H    l=0  rc=    1.0000  rs=    0.6667
     atom=  H    l=0  rc=    1.0000  rs=    0.6667
     projs nearly linearly dependent: l=0  n1,n2= 1, 2  s=  0.99968852
 
     atom=  O    l=0  rc=    1.3500  rs=    0.9000
     atom=  O    l=0  rc=    1.3500  rs=    0.9000
     atom=  O    l=1  rc=    1.3500  rs=    0.9000
     atom=  O    l=1  rc=    1.3500  rs=    0.9000
     projs nearly linearly dependent: l=0  n1,n2= 1, 2  s=  0.99100135
     projs nearly linearly dependent: l=1  n1,n2= 1, 2  s=  0.99790100
     -----------------------------------------------------------------
 
     alpha_pv=     47.7749 eV
 
     q-space interpolation up to   110.00 Rydberg
 
     GIPAW job: nmr                                                                             
     NMR macroscopic correction: yes
             0.6667          0.0000          0.0000
             0.0000          0.6667          0.0000
             0.0000          0.0000          0.6667

 
     Largest allocated arrays     est. size (Mb)     dimensions
        KS wavefunctions at k           8.25 Mb     (    6287,   86)
        KS wavefunctions at k+q         8.25 Mb     (    6287,   86)
        First-order wavefunctions      82.50 Mb     (    6287,   86, 10)
        First-order wavefunct (US)     49.50 Mb     (    6287,   86,  6)
        Charge/spin density             0.89 Mb     (  116640,    1)
        Induced current                 8.01 Mb     (  116640,    3,3,1)
        Induced magnetic field          8.01 Mb     (  116640,    3,3,1)
        NL pseudopotentials            23.02 Mb     (    6287,  240)
        GIPAW NL terms                 23.02 Mb     (    6287,  240)
 
     Computing the magnetic susceptibility     isolve=0    ethr=  0.1000E-13
     k-point #    1 of    10      pool #  1    cpu time:      14.4
     Rotating WFCS
     c_bands:  2 eigenvalues not converged
     Rotating WFCS
     c_bands:  1 eigenvalues not converged
     Rotating WFCS
     Rotating WFCS
     c_bands:  2 eigenvalues not converged
     Rotating WFCS
     Rotating WFCS
     Rotating WFCS
     c_bands:  1 eigenvalues not converged
     k-point #    2 of    10      pool #  1    cpu time:     851.9
     Rotating WFCS
     c_bands:  2 eigenvalues not converged
     Rotating WFCS
     Rotating WFCS
     Rotating WFCS
     Rotating WFCS
     Rotating WFCS
     Rotating WFCS
     k-point #    3 of    10      pool #  1    cpu time:    1703.2
     Rotating WFCS
     Rotating WFCS
     Rotating WFCS
     Rotating WFCS
     Rotating WFCS
     Rotating WFCS
     Rotating WFCS
     k-point #    4 of    10      pool #  1    cpu time:    2511.3
     Rotating WFCS
     Rotating WFCS
     Rotating WFCS
     Rotating WFCS
     Rotating WFCS
     Rotating WFCS
     Rotating WFCS
     k-point #    5 of    10      pool #  1    cpu time:    3330.5
     Rotating WFCS
     Rotating WFCS
     Rotating WFCS
     Rotating WFCS
     Rotating WFCS
     Rotating WFCS
     Rotating WFCS
     k-point #    6 of    10      pool #  1    cpu time:    4168.1
     Rotating WFCS
     c_bands:  2 eigenvalues not converged
     Rotating WFCS
     Rotating WFCS
     Rotating WFCS
     Rotating WFCS
     Rotating WFCS
     Rotating WFCS
     k-point #    7 of    10      pool #  1    cpu time:    5021.6
     Rotating WFCS
     c_bands:  1 eigenvalues not converged
     Rotating WFCS
     c_bands:  1 eigenvalues not converged
     Rotating WFCS
     c_bands:  1 eigenvalues not converged
     Rotating WFCS
     c_bands:  1 eigenvalues not converged
     Rotating WFCS
     c_bands:  1 eigenvalues not converged
     Rotating WFCS
     c_bands:  1 eigenvalues not converged
     Rotating WFCS
     c_bands:  1 eigenvalues not converged
     k-point #    8 of    10      pool #  1    cpu time:    5886.0
     Rotating WFCS
     Rotating WFCS
     Rotating WFCS
     Rotating WFCS
     Rotating WFCS
     Rotating WFCS
     Rotating WFCS
     k-point #    9 of    10      pool #  1    cpu time:    6708.8
     Rotating WFCS
     Rotating WFCS
     Rotating WFCS
     Rotating WFCS
     Rotating WFCS
     Rotating WFCS
     Rotating WFCS
     k-point #   10 of    10      pool #  1    cpu time:    7518.1
     Rotating WFCS
     Rotating WFCS
     Rotating WFCS
     Rotating WFCS
     Rotating WFCS
     Rotating WFCS
     Rotating WFCS
     End of magnetic susceptibility calculation
 
     f-sum rule (1st term):
          -137.3676          0.0000         -0.0008
             0.0000       -137.2528          0.0000
             0.0089          0.0000       -137.3478

     f-sum rule (2nd term):
            -2.6796          0.0000          0.0008
             0.0000         -2.7940          0.0000
            -0.0090          0.0000         -2.6991

     f-sum rule (should be  -140.0468):
          -140.0472          0.0000         -0.0001
             0.0000       -140.0468          0.0000
            -0.0001          0.0000       -140.0469

     chi_bare pGv (HH) in paratec units:
       -35.190746      0.000143     -1.053684
        -0.000153    -36.670469      0.000359
        -1.015161      0.000414    -36.442659

       -35.190746      0.000000     -1.053684
         0.000000    -36.670469      0.000000
        -1.015161      0.000000    -36.442659

     chi_bare vGv (VV) in paratec units:
       -36.642097      0.000038     -1.130592
        -0.000049    -37.701444      0.000311
        -1.110014      0.000362    -36.711676

       -36.642097      0.000000     -1.130592
         0.000000    -37.701444      0.000000
        -1.110014      0.000000    -36.711676

     chi_bare pGv (HH) in 10^{-6} cm^3/mol:
          -167.2297          0.0000         -5.0072
             0.0000       -174.2615          0.0000
            -4.8241          0.0000       -173.1790

     chi_bare vGv (VV) in 10^{-6} cm^3/mol:
          -174.1267          0.0000         -5.3727
             0.0000       -179.1608          0.0000
            -5.2749          0.0000       -174.4573

     Contributions to the NMR chemical shifts: -------------------------------
 
     Macroscopic shape contribution in ppm:                    5.41
             5.2747          0.0000          0.0000
             0.0000          5.4965          0.0000
             0.0000          0.0000          5.4623

 
     Core contribution in ppm:
 
     Atom  1  O   pos: (  0.310520  0.948315  0.536997)  core sigma:         271.07
     Atom  2  O   pos: (  0.554767  0.368394  0.870044)  core sigma:         271.07
     Atom  3  O   pos: (  0.266338  0.211528  0.401030)  core sigma:         271.07
     Atom  4  O   pos: (  0.022091  0.791449  0.067983)  core sigma:         271.07
     Atom  5  O   pos: ( -0.026017  0.958561  0.555769)  core sigma:         271.07
     Atom  6  O   pos: ( -0.108695  0.378639  0.851272)  core sigma:         271.07
     Atom  7  O   pos: (  0.602875  0.201283  0.382258)  core sigma:         271.07
     Atom  8  O   pos: (  0.685554  0.781204  0.086755)  core sigma:         271.07
     Atom  9  N   pos: (  0.236060  1.038240  0.661735)  core sigma:         235.78
     Atom 10  N   pos: (  0.629227  0.458318  0.745307)  core sigma:         235.78
     Atom 11  N   pos: (  0.340798  0.121604  0.276293)  core sigma:         235.78
     Atom 12  N   pos: ( -0.052369  0.701525  0.192721)  core sigma:         235.78
     Atom 13  N   pos: (  0.065250  1.054379  0.688502)  core sigma:         235.78
     Atom 14  N   pos: ( -0.199962  0.474458  0.718539)  core sigma:         235.78
     Atom 15  N   pos: (  0.511608  0.105464  0.249526)  core sigma:         235.78
     Atom 16  N   pos: (  0.776821  0.685386  0.219488)  core sigma:         235.78
     Atom 17  C   pos: (  0.350297  1.138109  0.791732)  core sigma:         200.51
     Atom 18  C   pos: (  0.514991  0.558188  0.615309)  core sigma:         200.51
     Atom 19  C   pos: (  0.226561  0.021734  0.146295)  core sigma:         200.51
     Atom 20  C   pos: (  0.061868  0.601656  0.322719)  core sigma:         200.51
     Atom 21  C   pos: ( -0.216969  0.964018  0.598177)  core sigma:         200.51
     Atom 22  C   pos: (  0.082257  0.384096  0.808864)  core sigma:         200.51
     Atom 23  C   pos: (  0.793827  0.195826  0.339850)  core sigma:         200.51
     Atom 24  C   pos: (  0.494602  0.775747  0.129163)  core sigma:         200.51
     Atom 25  H   pos: (  0.419708  0.085587  0.716859)  core sigma:           0.00
     Atom 26  H   pos: (  0.445579  0.665508  0.690182)  core sigma:           0.00
     Atom 27  H   pos: (  0.157150  1.074256  0.221169)  core sigma:           0.00
     Atom 28  H   pos: (  0.131279  0.494335  0.247845)  core sigma:           0.00
     Atom 29  H   pos: (  0.263948  0.034837  0.897647)  core sigma:           0.00
     Atom 30  H   pos: (  0.601340  0.614758  0.509394)  core sigma:           0.00
     Atom 31  H   pos: (  0.312910  1.125007  0.040381)  core sigma:           0.00
     Atom 32  H   pos: ( -0.024481  0.545085  0.428633)  core sigma:           0.00
     Atom 33  H   pos: (  0.445485  1.039808  0.848764)  core sigma:           0.00
     Atom 34  H   pos: (  0.419802  0.459886  0.558278)  core sigma:           0.00
     Atom 35  H   pos: (  0.131373  0.120035  0.089264)  core sigma:           0.00
     Atom 36  H   pos: (  0.157056  0.699957  0.379750)  core sigma:           0.00
     Atom 37  H   pos: ( -0.247046  0.877988  0.715354)  core sigma:           0.00
     Atom 38  H   pos: (  0.112334  0.298067  0.691687)  core sigma:           0.00
     Atom 39  H   pos: (  0.823904  0.281855  0.222673)  core sigma:           0.00
     Atom 40  H   pos: (  0.464525  0.861777  0.246340)  core sigma:           0.00
     Atom 41  H   pos: ( -0.261422  1.103402  0.622831)  core sigma:           0.00
     Atom 42  H   pos: (  0.126710  0.523481  0.784210)  core sigma:           0.00
     Atom 43  H   pos: (  0.838280  0.056441  0.315196)  core sigma:           0.00
     Atom 44  H   pos: (  0.450149  0.636363  0.153817)  core sigma:           0.00
     Atom 45  H   pos: (  0.716389  0.910540  0.477700)  core sigma:           0.00
     Atom 46  H   pos: (  0.148899  0.330618  0.929341)  core sigma:           0.00
     Atom 47  H   pos: ( -0.139531  0.249303  0.460328)  core sigma:           0.00
     Atom 48  H   pos: (  0.427960  0.829225  0.008686)  core sigma:           0.00
 
     Bare contribution in ppm:
 
     Atom  1  O   pos: (  0.310520  0.948315  0.536997)  bare sigma:         -51.13
           -90.2352          7.4846         18.7424
            11.8078         -4.3130        -84.1188
            20.1239        -83.0948        -58.8392

     Atom  2  O   pos: (  0.554767  0.368394  0.870044)  bare sigma:         -51.13
           -90.2352         -7.4846         18.7424
           -11.8078         -4.3130         84.1188
            20.1239         83.0948        -58.8392

     Atom  3  O   pos: (  0.266338  0.211528  0.401030)  bare sigma:         -51.13
           -90.2352          7.4846         18.7424
            11.8078         -4.3130        -84.1188
            20.1239        -83.0948        -58.8392

     Atom  4  O   pos: (  0.022091  0.791449  0.067983)  bare sigma:         -51.13
           -90.2352         -7.4846         18.7424
           -11.8078         -4.3130         84.1188
            20.1239         83.0948        -58.8392

     Atom  5  O   pos: ( -0.026017  0.958561  0.555769)  bare sigma:          14.67
           -34.5674         10.6320         23.4215
            20.0277         37.7052          4.9465
            31.8750          4.7889         40.8694

     Atom  6  O   pos: ( -0.108695  0.378639  0.851272)  bare sigma:          14.67
           -34.5674        -10.6320         23.4215
           -20.0277         37.7052         -4.9465
            31.8750         -4.7889         40.8694

     Atom  7  O   pos: (  0.602875  0.201283  0.382258)  bare sigma:          14.67
           -34.5674         10.6320         23.4215
            20.0277         37.7052          4.9465
            31.8750          4.7889         40.8694

     Atom  8  O   pos: (  0.685554  0.781204  0.086755)  bare sigma:          14.67
           -34.5674        -10.6320         23.4215
           -20.0277         37.7052         -4.9465
            31.8750         -4.7889         40.8694

     Atom  9  N   pos: (  0.236060  1.038240  0.661735)  bare sigma:         -61.01
           -72.5251        -28.4762        -36.6106
            -9.0169        -45.0438        -37.1582
           -12.2739        -36.6046        -65.4637

     Atom 10  N   pos: (  0.629227  0.458318  0.745307)  bare sigma:         -61.01
           -72.5251         28.4762        -36.6106
             9.0169        -45.0438         37.1582
           -12.2739         36.6046        -65.4637

     Atom 11  N   pos: (  0.340798  0.121604  0.276293)  bare sigma:         -61.01
           -72.5251        -28.4762        -36.6106
            -9.0169        -45.0438        -37.1582
           -12.2739        -36.6046        -65.4637

     Atom 12  N   pos: ( -0.052369  0.701525  0.192721)  bare sigma:         -61.01
           -72.5251         28.4762        -36.6106
             9.0169        -45.0438         37.1582
           -12.2739         36.6046        -65.4637

     Atom 13  N   pos: (  0.065250  1.054379  0.688502)  bare sigma:         -85.73
           -98.8367          6.6610         12.6018
           -23.7739        -64.4004        -45.1459
           -22.6252        -43.9597        -93.9617

     Atom 14  N   pos: ( -0.199962  0.474458  0.718539)  bare sigma:         -85.73
           -98.8367         -6.6610         12.6018
            23.7739        -64.4004         45.1459
           -22.6252         43.9597        -93.9617

     Atom 15  N   pos: (  0.511608  0.105464  0.249526)  bare sigma:         -85.73
           -98.8367          6.6610         12.6018
           -23.7739        -64.4004        -45.1459
           -22.6252        -43.9597        -93.9617

     Atom 16  N   pos: (  0.776821  0.685386  0.219488)  bare sigma:         -85.73
           -98.8367         -6.6610         12.6018
            23.7739        -64.4004         45.1459
           -22.6252         43.9597        -93.9617

     Atom 17  C   pos: (  0.350297  1.138109  0.791732)  bare sigma:         -13.17
           -13.4640         10.2870         15.1009
            12.1244        -17.4382         14.6533
            15.6844         14.6380         -8.6114

     Atom 18  C   pos: (  0.514991  0.558188  0.615309)  bare sigma:         -13.17
           -13.4640        -10.2870         15.1009
           -12.1244        -17.4382        -14.6533
            15.6844        -14.6380         -8.6114

     Atom 19  C   pos: (  0.226561  0.021734  0.146295)  bare sigma:         -13.17
           -13.4640         10.2870         15.1009
            12.1244        -17.4382         14.6533
            15.6844         14.6380         -8.6114

     Atom 20  C   pos: (  0.061868  0.601656  0.322719)  bare sigma:         -13.17
           -13.4640        -10.2870         15.1009
           -12.1244        -17.4382        -14.6533
            15.6844        -14.6380         -8.6114

     Atom 21  C   pos: ( -0.216969  0.964018  0.598177)  bare sigma:         -21.56
            12.4327          2.0397         -4.6349
             0.6164        -38.5058         -0.5288
            -8.9353         -1.0285        -38.6142

     Atom 22  C   pos: (  0.082257  0.384096  0.808864)  bare sigma:         -21.56
            12.4327         -2.0397         -4.6349
            -0.6164        -38.5058          0.5288
            -8.9353          1.0285        -38.6142

     Atom 23  C   pos: (  0.793827  0.195826  0.339850)  bare sigma:         -21.56
            12.4327          2.0397         -4.6349
             0.6164        -38.5058         -0.5288
            -8.9353         -1.0285        -38.6142

     Atom 24  C   pos: (  0.494602  0.775747  0.129163)  bare sigma:         -21.56
            12.4327         -2.0397         -4.6349
            -0.6164        -38.5058          0.5288
            -8.9353          1.0285        -38.6142

     Atom 25  H   pos: (  0.419708  0.085587  0.716859)  bare sigma:          20.30
            19.7262          1.5660         -0.8916
             4.0726         22.1054         -1.5988
             0.4309          0.3376         19.0581

     Atom 26  H   pos: (  0.445579  0.665508  0.690182)  bare sigma:          20.30
            19.7262         -1.5660         -0.8916
            -4.0726         22.1054          1.5988
             0.4309         -0.3376         19.0581

     Atom 27  H   pos: (  0.157150  1.074256  0.221169)  bare sigma:          20.30
            19.7262          1.5660         -0.8916
             4.0726         22.1054         -1.5988
             0.4309          0.3376         19.0581

     Atom 28  H   pos: (  0.131279  0.494335  0.247845)  bare sigma:          20.30
            19.7262         -1.5660         -0.8916
            -4.0726         22.1054          1.5988
             0.4309         -0.3376         19.0581

     Atom 29  H   pos: (  0.263948  0.034837  0.897647)  bare sigma:          19.57
            18.8255         -0.5825         -0.3183
            -0.7511         18.2285          2.2647
            -1.4560          3.8401         21.6579

     Atom 30  H   pos: (  0.601340  0.614758  0.509394)  bare sigma:          19.57
            18.8255          0.5825         -0.3183
             0.7511         18.2285         -2.2647
            -1.4560         -3.8401         21.6579

     Atom 31  H   pos: (  0.312910  1.125007  0.040381)  bare sigma:          19.57
            18.8255         -0.5825         -0.3183
            -0.7511         18.2285          2.2647
            -1.4560          3.8401         21.6579

     Atom 32  H   pos: ( -0.024481  0.545085  0.428633)  bare sigma:          19.57
            18.8255          0.5825         -0.3183
             0.7511         18.2285         -2.2647
            -1.4560         -3.8401         21.6579

     Atom 33  H   pos: (  0.445485  1.039808  0.848764)  bare sigma:          19.69
            20.4081         -1.7431          0.8126
            -0.8500         18.8598         -3.4859
             3.1676         -2.0185         19.8096

     Atom 34  H   pos: (  0.419802  0.459886  0.558278)  bare sigma:          19.69
            20.4081          1.7431          0.8126
             0.8500         18.8598          3.4859
             3.1676          2.0185         19.8096

     Atom 35  H   pos: (  0.131373  0.120035  0.089264)  bare sigma:          19.69
            20.4081         -1.7431          0.8126
            -0.8500         18.8598         -3.4859
             3.1676         -2.0185         19.8096

     Atom 36  H   pos: (  0.157056  0.699957  0.379750)  bare sigma:          19.69
            20.4081          1.7431          0.8126
             0.8500         18.8598          3.4859
             3.1676          2.0185         19.8096

     Atom 37  H   pos: ( -0.247046  0.877988  0.715354)  bare sigma:          19.56
            21.2539          2.7612         -3.0455
             1.5563         18.4139         -1.8518
            -3.0947         -2.1053         19.0264

     Atom 38  H   pos: (  0.112334  0.298067  0.691687)  bare sigma:          19.56
            21.2539         -2.7612         -3.0455
            -1.5563         18.4139          1.8518
            -3.0947          2.1053         19.0264

     Atom 39  H   pos: (  0.823904  0.281855  0.222673)  bare sigma:          19.56
            21.2539          2.7612         -3.0455
             1.5563         18.4139         -1.8518
            -3.0947         -2.1053         19.0264

     Atom 40  H   pos: (  0.464525  0.861777  0.246340)  bare sigma:          19.56
            21.2539         -2.7612         -3.0455
            -1.5563         18.4139          1.8518
            -3.0947          2.1053         19.0264

     Atom 41  H   pos: ( -0.261422  1.103402  0.622831)  bare sigma:          20.06
            21.7849         -2.7023         -0.8204
            -3.0340         19.9375         -1.1787
            -0.6302         -0.5101         18.4517

     Atom 42  H   pos: (  0.126710  0.523481  0.784210)  bare sigma:          20.06
            21.7849          2.7023         -0.8204
             3.0340         19.9375          1.1787
            -0.6302          0.5101         18.4517

     Atom 43  H   pos: (  0.838280  0.056441  0.315196)  bare sigma:          20.06
            21.7849         -2.7023         -0.8204
            -3.0340         19.9375         -1.1787
            -0.6302         -0.5101         18.4517

     Atom 44  H   pos: (  0.450149  0.636363  0.153817)  bare sigma:          20.06
            21.7849          2.7023         -0.8204
             3.0340         19.9375          1.1787
            -0.6302          0.5101         18.4517

     Atom 45  H   pos: (  0.716389  0.910540  0.477700)  bare sigma:          19.79
            22.3858          2.0337          2.9919
             0.3515         17.9948          1.9890
             0.9722          1.5173         18.9764

     Atom 46  H   pos: (  0.148899  0.330618  0.929341)  bare sigma:          19.79
            22.3858         -2.0337          2.9919
            -0.3515         17.9948         -1.9890
             0.9722         -1.5173         18.9764

     Atom 47  H   pos: ( -0.139531  0.249303  0.460328)  bare sigma:          19.79
            22.3858          2.0337          2.9919
             0.3515         17.9948          1.9890
             0.9722          1.5173         18.9764

     Atom 48  H   pos: (  0.427960  0.829225  0.008686)  bare sigma:          19.79
            22.3858         -2.0337          2.9919
            -0.3515         17.9948         -1.9890
             0.9722         -1.5173         18.9764

     Diamagnetic contribution in ppm:
 
     Atom  1  O   pos: (  0.310520  0.948315  0.536997)  dia sigma:          17.01
            16.3690         -0.5777         -0.7721
            -0.5777         17.1971          0.3920
            -0.7721          0.3920         17.4580

     Atom  2  O   pos: (  0.554767  0.368394  0.870044)  dia sigma:          17.01
            16.3690          0.5777         -0.7721
             0.5777         17.1971         -0.3920
            -0.7721         -0.3920         17.4580

     Atom  3  O   pos: (  0.266338  0.211528  0.401030)  dia sigma:          17.01
            16.3690         -0.5777         -0.7721
            -0.5777         17.1971          0.3920
            -0.7721          0.3920         17.4580

     Atom  4  O   pos: (  0.022091  0.791449  0.067983)  dia sigma:          17.01
            16.3690          0.5777         -0.7721
             0.5777         17.1971         -0.3920
            -0.7721         -0.3920         17.4580

     Atom  5  O   pos: ( -0.026017  0.958561  0.555769)  dia sigma:          17.09
            17.7442          0.4662          0.3951
             0.4662         16.4814          0.6560
             0.3951          0.6560         17.0294

     Atom  6  O   pos: ( -0.108695  0.378639  0.851272)  dia sigma:          17.09
            17.7442         -0.4662          0.3951
            -0.4662         16.4814         -0.6560
             0.3951         -0.6560         17.0294

     Atom  7  O   pos: (  0.602875  0.201283  0.382258)  dia sigma:          17.09
            17.7442          0.4662          0.3951
             0.4662         16.4814          0.6560
             0.3951          0.6560         17.0294

     Atom  8  O   pos: (  0.685554  0.781204  0.086755)  dia sigma:          17.09
            17.7442         -0.4662          0.3951
            -0.4662         16.4814         -0.6560
             0.3951         -0.6560         17.0294

     Atom  9  N   pos: (  0.236060  1.038240  0.661735)  dia sigma:           9.07
             9.1273         -0.0807         -0.1053
            -0.0807          9.0019          0.1136
            -0.1053          0.1136          9.0716

     Atom 10  N   pos: (  0.629227  0.458318  0.745307)  dia sigma:           9.07
             9.1273          0.0807         -0.1053
             0.0807          9.0019         -0.1136
            -0.1053         -0.1136          9.0716

     Atom 11  N   pos: (  0.340798  0.121604  0.276293)  dia sigma:           9.07
             9.1273         -0.0807         -0.1053
            -0.0807          9.0019          0.1136
            -0.1053          0.1136          9.0716

     Atom 12  N   pos: ( -0.052369  0.701525  0.192721)  dia sigma:           9.07
             9.1273          0.0807         -0.1053
             0.0807          9.0019         -0.1136
            -0.1053         -0.1136          9.0716

     Atom 13  N   pos: (  0.065250  1.054379  0.688502)  dia sigma:           7.77
             8.0016          0.2805          0.3918
             0.2805          7.6456          0.0608
             0.3918          0.0608          7.6768

     Atom 14  N   pos: ( -0.199962  0.474458  0.718539)  dia sigma:           7.77
             8.0016         -0.2805          0.3918
            -0.2805          7.6456         -0.0608
             0.3918         -0.0608          7.6768

     Atom 15  N   pos: (  0.511608  0.105464  0.249526)  dia sigma:           7.77
             8.0016          0.2805          0.3918
             0.2805          7.6456          0.0608
             0.3918          0.0608          7.6768

     Atom 16  N   pos: (  0.776821  0.685386  0.219488)  dia sigma:           7.77
             8.0016         -0.2805          0.3918
            -0.2805          7.6456         -0.0608
             0.3918         -0.0608          7.6768

     Atom 17  C   pos: (  0.350297  1.138109  0.791732)  dia sigma:           4.31
             4.3126          0.1085          0.1398
             0.1085          4.2807          0.1148
             0.1398          0.1148          4.3473

     Atom 18  C   pos: (  0.514991  0.558188  0.615309)  dia sigma:           4.31
             4.3126         -0.1085          0.1398
            -0.1085          4.2807         -0.1148
             0.1398         -0.1148          4.3473

     Atom 19  C   pos: (  0.226561  0.021734  0.146295)  dia sigma:           4.31
             4.3126          0.1085          0.1398
             0.1085          4.2807          0.1148
             0.1398          0.1148          4.3473

     Atom 20  C   pos: (  0.061868  0.601656  0.322719)  dia sigma:           4.31
             4.3126         -0.1085          0.1398
            -0.1085          4.2807         -0.1148
             0.1398         -0.1148          4.3473

     Atom 21  C   pos: ( -0.216969  0.964018  0.598177)  dia sigma:           4.20
             4.4688         -0.0087         -0.0765
            -0.0087          4.0601         -0.0005
            -0.0765         -0.0005          4.0667

     Atom 22  C   pos: (  0.082257  0.384096  0.808864)  dia sigma:           4.20
             4.4688          0.0087         -0.0765
             0.0087          4.0601          0.0005
            -0.0765          0.0005          4.0667

     Atom 23  C   pos: (  0.793827  0.195826  0.339850)  dia sigma:           4.20
             4.4688         -0.0087         -0.0765
            -0.0087          4.0601         -0.0005
            -0.0765         -0.0005          4.0667

     Atom 24  C   pos: (  0.494602  0.775747  0.129163)  dia sigma:           4.20
             4.4688          0.0087         -0.0765
             0.0087          4.0601          0.0005
            -0.0765          0.0005          4.0667

     Atom 25  H   pos: (  0.419708  0.085587  0.716859)  dia sigma:           1.12
             1.1178          0.0000         -0.0000
             0.0000          1.1178         -0.0000
            -0.0000         -0.0000          1.1178

     Atom 26  H   pos: (  0.445579  0.665508  0.690182)  dia sigma:           1.12
             1.1178         -0.0000         -0.0000
            -0.0000          1.1178          0.0000
            -0.0000          0.0000          1.1178

     Atom 27  H   pos: (  0.157150  1.074256  0.221169)  dia sigma:           1.12
             1.1178          0.0000         -0.0000
             0.0000          1.1178         -0.0000
            -0.0000         -0.0000          1.1178

     Atom 28  H   pos: (  0.131279  0.494335  0.247845)  dia sigma:           1.12
             1.1178         -0.0000         -0.0000
            -0.0000          1.1178          0.0000
            -0.0000          0.0000          1.1178

     Atom 29  H   pos: (  0.263948  0.034837  0.897647)  dia sigma:           1.13
             1.1250          0.0000         -0.0000
             0.0000          1.1250         -0.0000
            -0.0000         -0.0000          1.1250

     Atom 30  H   pos: (  0.601340  0.614758  0.509394)  dia sigma:           1.13
             1.1250         -0.0000         -0.0000
            -0.0000          1.1250          0.0000
            -0.0000          0.0000          1.1250

     Atom 31  H   pos: (  0.312910  1.125007  0.040381)  dia sigma:           1.13
             1.1250          0.0000         -0.0000
             0.0000          1.1250         -0.0000
            -0.0000         -0.0000          1.1250

     Atom 32  H   pos: ( -0.024481  0.545085  0.428633)  dia sigma:           1.13
             1.1250         -0.0000         -0.0000
            -0.0000          1.1250          0.0000
            -0.0000          0.0000          1.1250

     Atom 33  H   pos: (  0.445485  1.039808  0.848764)  dia sigma:           1.11
             1.1150         -0.0000         -0.0000
            -0.0000          1.1150          0.0000
            -0.0000          0.0000          1.1150

     Atom 34  H   pos: (  0.419802  0.459886  0.558278)  dia sigma:           1.11
             1.1150          0.0000         -0.0000
             0.0000          1.1150         -0.0000
            -0.0000         -0.0000          1.1150

     Atom 35  H   pos: (  0.131373  0.120035  0.089264)  dia sigma:           1.11
             1.1150         -0.0000         -0.0000
            -0.0000          1.1150          0.0000
            -0.0000          0.0000          1.1150

     Atom 36  H   pos: (  0.157056  0.699957  0.379750)  dia sigma:           1.11
             1.1150          0.0000         -0.0000
             0.0000          1.1150         -0.0000
            -0.0000         -0.0000          1.1150

     Atom 37  H   pos: ( -0.247046  0.877988  0.715354)  dia sigma:           1.14
             1.1385          0.0000         -0.0000
             0.0000          1.1385         -0.0000
            -0.0000         -0.0000          1.1385

     Atom 38  H   pos: (  0.112334  0.298067  0.691687)  dia sigma:           1.14
             1.1385         -0.0000         -0.0000
            -0.0000          1.1385          0.0000
            -0.0000          0.0000          1.1385

     Atom 39  H   pos: (  0.823904  0.281855  0.222673)  dia sigma:           1.14
             1.1385          0.0000         -0.0000
             0.0000          1.1385         -0.0000
            -0.0000         -0.0000          1.1385

     Atom 40  H   pos: (  0.464525  0.861777  0.246340)  dia sigma:           1.14
             1.1385         -0.0000         -0.0000
            -0.0000          1.1385          0.0000
            -0.0000          0.0000          1.1385

     Atom 41  H   pos: ( -0.261422  1.103402  0.622831)  dia sigma:           1.14
             1.1428          0.0000         -0.0000
             0.0000          1.1428         -0.0000
            -0.0000         -0.0000          1.1428

     Atom 42  H   pos: (  0.126710  0.523481  0.784210)  dia sigma:           1.14
             1.1428         -0.0000         -0.0000
            -0.0000          1.1428          0.0000
            -0.0000          0.0000          1.1428

     Atom 43  H   pos: (  0.838280  0.056441  0.315196)  dia sigma:           1.14
             1.1428          0.0000         -0.0000
             0.0000          1.1428         -0.0000
            -0.0000         -0.0000          1.1428

     Atom 44  H   pos: (  0.450149  0.636363  0.153817)  dia sigma:           1.14
             1.1428         -0.0000         -0.0000
            -0.0000          1.1428          0.0000
            -0.0000          0.0000          1.1428

     Atom 45  H   pos: (  0.716389  0.910540  0.477700)  dia sigma:           1.14
             1.1447         -0.0000         -0.0000
            -0.0000          1.1447          0.0000
            -0.0000          0.0000          1.1447

     Atom 46  H   pos: (  0.148899  0.330618  0.929341)  dia sigma:           1.14
             1.1447          0.0000         -0.0000
             0.0000          1.1447         -0.0000
            -0.0000         -0.0000          1.1447

     Atom 47  H   pos: ( -0.139531  0.249303  0.460328)  dia sigma:           1.14
             1.1447         -0.0000         -0.0000
            -0.0000          1.1447          0.0000
            -0.0000          0.0000          1.1447

     Atom 48  H   pos: (  0.427960  0.829225  0.008686)  dia sigma:           1.14
             1.1447          0.0000         -0.0000
             0.0000          1.1447         -0.0000
            -0.0000         -0.0000          1.1447

     Paramagnetic contribution in ppm:
 
     Atom  1  O   pos: (  0.310520  0.948315  0.536997)  para sigma:        -234.43
          -324.6677         31.7704         61.2207
            31.5395       -128.5983       -185.7836
            51.7402       -181.6435       -250.0164

     Atom  2  O   pos: (  0.554767  0.368394  0.870044)  para sigma:        -234.43
          -324.6677        -31.7704         61.2207
           -31.5395       -128.5983        185.7836
            51.7402        181.6435       -250.0164

     Atom  3  O   pos: (  0.266338  0.211528  0.401030)  para sigma:        -234.43
          -324.6677         31.7704         61.2207
            31.5395       -128.5983       -185.7836
            51.7402       -181.6435       -250.0164

     Atom  4  O   pos: (  0.022091  0.791449  0.067983)  para sigma:        -234.43
          -324.6677        -31.7704         61.2207
           -31.5395       -128.5983        185.7836
            51.7402        181.6435       -250.0164

     Atom  5  O   pos: ( -0.026017  0.958561  0.555769)  para sigma:         -95.08
          -212.1189         20.1381         47.9656
            46.1242        -43.4231         19.6276
            74.3362         19.9935        -29.6845

     Atom  6  O   pos: ( -0.108695  0.378639  0.851272)  para sigma:         -95.08
          -212.1189        -20.1381         47.9656
           -46.1242        -43.4231        -19.6276
            74.3362        -19.9935        -29.6845

     Atom  7  O   pos: (  0.602875  0.201283  0.382258)  para sigma:         -95.08
          -212.1189         20.1381         47.9656
            46.1242        -43.4231         19.6276
            74.3362         19.9935        -29.6845

     Atom  8  O   pos: (  0.685554  0.781204  0.086755)  para sigma:         -95.08
          -212.1189        -20.1381         47.9656
           -46.1242        -43.4231        -19.6276
            74.3362        -19.9935        -29.6845

     Atom  9  N   pos: (  0.236060  1.038240  0.661735)  para sigma:        -204.67
          -222.1773        -49.8824        -63.4114
           -20.8422       -174.6851        -73.3384
           -27.9142        -71.9935       -217.1419

     Atom 10  N   pos: (  0.629227  0.458318  0.745307)  para sigma:        -204.67
          -222.1773         49.8824        -63.4114
            20.8422       -174.6851         73.3384
           -27.9142         71.9935       -217.1419

     Atom 11  N   pos: (  0.340798  0.121604  0.276293)  para sigma:        -204.67
          -222.1773        -49.8824        -63.4114
           -20.8422       -174.6851        -73.3384
           -27.9142        -71.9935       -217.1419

     Atom 12  N   pos: ( -0.052369  0.701525  0.192721)  para sigma:        -204.67
          -222.1773         49.8824        -63.4114
            20.8422       -174.6851         73.3384
           -27.9142         71.9935       -217.1419

     Atom 13  N   pos: (  0.065250  1.054379  0.688502)  para sigma:        -244.60
          -267.8607          9.3291         19.5647
           -39.8568       -206.0799        -78.7290
           -36.0598        -77.3710       -259.8527

     Atom 14  N   pos: ( -0.199962  0.474458  0.718539)  para sigma:        -244.60
          -267.8607         -9.3291         19.5647
            39.8568       -206.0799         78.7290
           -36.0598         77.3710       -259.8527

     Atom 15  N   pos: (  0.511608  0.105464  0.249526)  para sigma:        -244.60
          -267.8607          9.3291         19.5647
           -39.8568       -206.0799        -78.7290
           -36.0598        -77.3710       -259.8527

     Atom 16  N   pos: (  0.776821  0.685386  0.219488)  para sigma:        -244.60
          -267.8607         -9.3291         19.5647
            39.8568       -206.0799         78.7290
           -36.0598         77.3710       -259.8527

     Atom 17  C   pos: (  0.350297  1.138109  0.791732)  para sigma:         -67.13
           -67.6062          8.7491         13.1037
             7.5890        -70.5824         13.4939
            10.2737         11.8181        -63.1943

     Atom 18  C   pos: (  0.514991  0.558188  0.615309)  para sigma:         -67.13
           -67.6062         -8.7491         13.1037
            -7.5890        -70.5824        -13.4939
            10.2737        -11.8181        -63.1943

     Atom 19  C   pos: (  0.226561  0.021734  0.146295)  para sigma:         -67.13
           -67.6062          8.7491         13.1037
             7.5890        -70.5824         13.4939
            10.2737         11.8181        -63.1943

     Atom 20  C   pos: (  0.061868  0.601656  0.322719)  para sigma:         -67.13
           -67.6062         -8.7491         13.1037
            -7.5890        -70.5824        -13.4939
            10.2737        -11.8181        -63.1943

     Atom 21  C   pos: ( -0.216969  0.964018  0.598177)  para sigma:         -72.88
           -48.1428          0.8860         -2.9850
             0.6806        -85.3298          0.2660
            -6.0575         -0.1858        -85.1600

     Atom 22  C   pos: (  0.082257  0.384096  0.808864)  para sigma:         -72.88
           -48.1428         -0.8860         -2.9850
            -0.6806        -85.3298         -0.2660
            -6.0575          0.1858        -85.1600

     Atom 23  C   pos: (  0.793827  0.195826  0.339850)  para sigma:         -72.88
           -48.1428          0.8860         -2.9850
             0.6806        -85.3298          0.2660
            -6.0575         -0.1858        -85.1600

     Atom 24  C   pos: (  0.494602  0.775747  0.129163)  para sigma:         -72.88
           -48.1428         -0.8860         -2.9850
            -0.6806        -85.3298         -0.2660
            -6.0575          0.1858        -85.1600

     Atom 25  H   pos: (  0.419708  0.085587  0.716859)  para sigma:           0.00
             0.0000          0.0000          0.0000
             0.0000          0.0000          0.0000
             0.0000          0.0000          0.0000

     Atom 26  H   pos: (  0.445579  0.665508  0.690182)  para sigma:           0.00
             0.0000          0.0000          0.0000
             0.0000          0.0000          0.0000
             0.0000          0.0000          0.0000

     Atom 27  H   pos: (  0.157150  1.074256  0.221169)  para sigma:           0.00
             0.0000          0.0000          0.0000
             0.0000          0.0000          0.0000
             0.0000          0.0000          0.0000

     Atom 28  H   pos: (  0.131279  0.494335  0.247845)  para sigma:           0.00
             0.0000          0.0000          0.0000
             0.0000          0.0000          0.0000
             0.0000          0.0000          0.0000

     Atom 29  H   pos: (  0.263948  0.034837  0.897647)  para sigma:           0.00
             0.0000          0.0000          0.0000
             0.0000          0.0000          0.0000
             0.0000          0.0000          0.0000

     Atom 30  H   pos: (  0.601340  0.614758  0.509394)  para sigma:           0.00
             0.0000          0.0000          0.0000
             0.0000          0.0000          0.0000
             0.0000          0.0000          0.0000

     Atom 31  H   pos: (  0.312910  1.125007  0.040381)  para sigma:           0.00
             0.0000          0.0000          0.0000
             0.0000          0.0000          0.0000
             0.0000          0.0000          0.0000

     Atom 32  H   pos: ( -0.024481  0.545085  0.428633)  para sigma:           0.00
             0.0000          0.0000          0.0000
             0.0000          0.0000          0.0000
             0.0000          0.0000          0.0000

     Atom 33  H   pos: (  0.445485  1.039808  0.848764)  para sigma:           0.00
             0.0000          0.0000          0.0000
             0.0000          0.0000          0.0000
             0.0000          0.0000          0.0000

     Atom 34  H   pos: (  0.419802  0.459886  0.558278)  para sigma:           0.00
             0.0000          0.0000          0.0000
             0.0000          0.0000          0.0000
             0.0000          0.0000          0.0000

     Atom 35  H   pos: (  0.131373  0.120035  0.089264)  para sigma:           0.00
             0.0000          0.0000          0.0000
             0.0000          0.0000          0.0000
             0.0000          0.0000          0.0000

     Atom 36  H   pos: (  0.157056  0.699957  0.379750)  para sigma:           0.00
             0.0000          0.0000          0.0000
             0.0000          0.0000          0.0000
             0.0000          0.0000          0.0000

     Atom 37  H   pos: ( -0.247046  0.877988  0.715354)  para sigma:           0.00
             0.0000          0.0000          0.0000
             0.0000          0.0000          0.0000
             0.0000          0.0000          0.0000

     Atom 38  H   pos: (  0.112334  0.298067  0.691687)  para sigma:           0.00
             0.0000          0.0000          0.0000
             0.0000          0.0000          0.0000
             0.0000          0.0000          0.0000

     Atom 39  H   pos: (  0.823904  0.281855  0.222673)  para sigma:           0.00
             0.0000          0.0000          0.0000
             0.0000          0.0000          0.0000
             0.0000          0.0000          0.0000

     Atom 40  H   pos: (  0.464525  0.861777  0.246340)  para sigma:           0.00
             0.0000          0.0000          0.0000
             0.0000          0.0000          0.0000
             0.0000          0.0000          0.0000

     Atom 41  H   pos: ( -0.261422  1.103402  0.622831)  para sigma:           0.00
             0.0000          0.0000          0.0000
             0.0000          0.0000          0.0000
             0.0000          0.0000          0.0000

     Atom 42  H   pos: (  0.126710  0.523481  0.784210)  para sigma:           0.00
             0.0000          0.0000          0.0000
             0.0000          0.0000          0.0000
             0.0000          0.0000          0.0000

     Atom 43  H   pos: (  0.838280  0.056441  0.315196)  para sigma:           0.00
             0.0000          0.0000          0.0000
             0.0000          0.0000          0.0000
             0.0000          0.0000          0.0000

     Atom 44  H   pos: (  0.450149  0.636363  0.153817)  para sigma:           0.00
             0.0000          0.0000          0.0000
             0.0000          0.0000          0.0000
             0.0000          0.0000          0.0000

     Atom 45  H   pos: (  0.716389  0.910540  0.477700)  para sigma:           0.00
             0.0000          0.0000          0.0000
             0.0000          0.0000          0.0000
             0.0000          0.0000          0.0000

     Atom 46  H   pos: (  0.148899  0.330618  0.929341)  para sigma:           0.00
             0.0000          0.0000          0.0000
             0.0000          0.0000          0.0000
             0.0000          0.0000          0.0000

     Atom 47  H   pos: ( -0.139531  0.249303  0.460328)  para sigma:           0.00
             0.0000          0.0000          0.0000
             0.0000          0.0000          0.0000
             0.0000          0.0000          0.0000

     Atom 48  H   pos: (  0.427960  0.829225  0.008686)  para sigma:           0.00
             0.0000          0.0000          0.0000
             0.0000          0.0000          0.0000
             0.0000          0.0000          0.0000

     Paramagnetic US occ-occ contribution in ppm:
 
     Atom  1  O   pos: (  0.310520  0.948315  0.536997)  para_oo sigma:          -4.07
            -5.0007         -3.3413         -4.4733
            -0.9457         -3.6980          0.0432
            -1.1867          0.0862         -3.4972

     Atom  2  O   pos: (  0.554767  0.368394  0.870044)  para_oo sigma:          -4.07
            -5.0007          3.3413         -4.4733
             0.9457         -3.6980         -0.0432
            -1.1867         -0.0862         -3.4972

     Atom  3  O   pos: (  0.266338  0.211528  0.401030)  para_oo sigma:          -4.07
            -5.0007         -3.3413         -4.4733
            -0.9457         -3.6980          0.0432
            -1.1867          0.0862         -3.4972

     Atom  4  O   pos: (  0.022091  0.791449  0.067983)  para_oo sigma:          -4.07
            -5.0007          3.3413         -4.4733
             0.9457         -3.6980         -0.0432
            -1.1867         -0.0862         -3.4972

     Atom  5  O   pos: ( -0.026017  0.958561  0.555769)  para_oo sigma:          -1.19
            -1.1740          1.1838          1.8657
             0.2036         -0.8795         -0.7295
             0.4357         -0.7012         -1.5057

     Atom  6  O   pos: ( -0.108695  0.378639  0.851272)  para_oo sigma:          -1.19
            -1.1740         -1.1838          1.8657
            -0.2036         -0.8795          0.7295
             0.4357          0.7012         -1.5057

     Atom  7  O   pos: (  0.602875  0.201283  0.382258)  para_oo sigma:          -1.19
            -1.1740          1.1838          1.8657
             0.2036         -0.8795         -0.7295
             0.4357         -0.7012         -1.5057

     Atom  8  O   pos: (  0.685554  0.781204  0.086755)  para_oo sigma:          -1.19
            -1.1740         -1.1838          1.8657
            -0.2036         -0.8795          0.7295
             0.4357          0.7012         -1.5057

     Atom  9  N   pos: (  0.236060  1.038240  0.661735)  para_oo sigma:          -3.54
            -2.4308         -0.5285         -0.6781
            -0.2657         -3.2621         -2.4040
            -0.2354         -2.5701         -4.9274

     Atom 10  N   pos: (  0.629227  0.458318  0.745307)  para_oo sigma:          -3.54
            -2.4308          0.5285         -0.6781
             0.2657         -3.2621          2.4040
            -0.2354          2.5701         -4.9274

     Atom 11  N   pos: (  0.340798  0.121604  0.276293)  para_oo sigma:          -3.54
            -2.4308         -0.5285         -0.6781
            -0.2657         -3.2621         -2.4040
            -0.2354         -2.5701         -4.9274

     Atom 12  N   pos: ( -0.052369  0.701525  0.192721)  para_oo sigma:          -3.54
            -2.4308          0.5285         -0.6781
             0.2657         -3.2621          2.4040
            -0.2354          2.5701         -4.9274

     Atom 13  N   pos: (  0.065250  1.054379  0.688502)  para_oo sigma:          -3.74
            -2.4453         -0.9584         -1.2702
            -2.0360         -3.3884         -3.2126
            -2.6280         -3.1485         -5.3925

     Atom 14  N   pos: ( -0.199962  0.474458  0.718539)  para_oo sigma:          -3.74
            -2.4453          0.9584         -1.2702
             2.0360         -3.3884          3.2126
            -2.6280          3.1485         -5.3925

     Atom 15  N   pos: (  0.511608  0.105464  0.249526)  para_oo sigma:          -3.74
            -2.4453         -0.9584         -1.2702
            -2.0360         -3.3884         -3.2126
            -2.6280         -3.1485         -5.3925

     Atom 16  N   pos: (  0.776821  0.685386  0.219488)  para_oo sigma:          -3.74
            -2.4453          0.9584         -1.2702
             2.0360         -3.3884          3.2126
            -2.6280          3.1485         -5.3925

     Atom 17  C   pos: (  0.350297  1.138109  0.791732)  para_oo sigma:          -0.49
            -0.5684          0.1469          0.2253
             0.1727         -0.4326         -0.0840
             0.2301         -0.0690         -0.4741

     Atom 18  C   pos: (  0.514991  0.558188  0.615309)  para_oo sigma:          -0.49
            -0.5684         -0.1469          0.2253
            -0.1727         -0.4326          0.0840
             0.2301          0.0690         -0.4741

     Atom 19  C   pos: (  0.226561  0.021734  0.146295)  para_oo sigma:          -0.49
            -0.5684          0.1469          0.2253
             0.1727         -0.4326         -0.0840
             0.2301         -0.0690         -0.4741

     Atom 20  C   pos: (  0.061868  0.601656  0.322719)  para_oo sigma:          -0.49
            -0.5684         -0.1469          0.2253
            -0.1727         -0.4326          0.0840
             0.2301          0.0690         -0.4741

     Atom 21  C   pos: ( -0.216969  0.964018  0.598177)  para_oo sigma:          -0.17
            -0.1383          0.0300          0.0383
             0.0503         -0.1578         -0.0172
             0.0903         -0.0281         -0.2200

     Atom 22  C   pos: (  0.082257  0.384096  0.808864)  para_oo sigma:          -0.17
            -0.1383         -0.0300          0.0383
            -0.0503         -0.1578          0.0172
             0.0903          0.0281         -0.2200

     Atom 23  C   pos: (  0.793827  0.195826  0.339850)  para_oo sigma:          -0.17
            -0.1383          0.0300          0.0383
             0.0503         -0.1578         -0.0172
             0.0903         -0.0281         -0.2200

     Atom 24  C   pos: (  0.494602  0.775747  0.129163)  para_oo sigma:          -0.17
            -0.1383         -0.0300          0.0383
            -0.0503         -0.1578          0.0172
             0.0903          0.0281         -0.2200

     Atom 25  H   pos: (  0.419708  0.085587  0.716859)  para_oo sigma:           0.00
             0.0000          0.0000          0.0000
             0.0000          0.0000          0.0000
             0.0000          0.0000          0.0000

     Atom 26  H   pos: (  0.445579  0.665508  0.690182)  para_oo sigma:           0.00
             0.0000          0.0000          0.0000
             0.0000          0.0000          0.0000
             0.0000          0.0000          0.0000

     Atom 27  H   pos: (  0.157150  1.074256  0.221169)  para_oo sigma:           0.00
             0.0000          0.0000          0.0000
             0.0000          0.0000          0.0000
             0.0000          0.0000          0.0000

     Atom 28  H   pos: (  0.131279  0.494335  0.247845)  para_oo sigma:           0.00
             0.0000          0.0000          0.0000
             0.0000          0.0000          0.0000
             0.0000          0.0000          0.0000

     Atom 29  H   pos: (  0.263948  0.034837  0.897647)  para_oo sigma:           0.00
             0.0000          0.0000          0.0000
             0.0000          0.0000          0.0000
             0.0000          0.0000          0.0000

     Atom 30  H   pos: (  0.601340  0.614758  0.509394)  para_oo sigma:           0.00
             0.0000          0.0000          0.0000
             0.0000          0.0000          0.0000
             0.0000          0.0000          0.0000

     Atom 31  H   pos: (  0.312910  1.125007  0.040381)  para_oo sigma:           0.00
             0.0000          0.0000          0.0000
             0.0000          0.0000          0.0000
             0.0000          0.0000          0.0000

     Atom 32  H   pos: ( -0.024481  0.545085  0.428633)  para_oo sigma:           0.00
             0.0000          0.0000          0.0000
             0.0000          0.0000          0.0000
             0.0000          0.0000          0.0000

     Atom 33  H   pos: (  0.445485  1.039808  0.848764)  para_oo sigma:           0.00
             0.0000          0.0000          0.0000
             0.0000          0.0000          0.0000
             0.0000          0.0000          0.0000

     Atom 34  H   pos: (  0.419802  0.459886  0.558278)  para_oo sigma:           0.00
             0.0000          0.0000          0.0000
             0.0000          0.0000          0.0000
             0.0000          0.0000          0.0000

     Atom 35  H   pos: (  0.131373  0.120035  0.089264)  para_oo sigma:           0.00
             0.0000          0.0000          0.0000
             0.0000          0.0000          0.0000
             0.0000          0.0000          0.0000

     Atom 36  H   pos: (  0.157056  0.699957  0.379750)  para_oo sigma:           0.00
             0.0000          0.0000          0.0000
             0.0000          0.0000          0.0000
             0.0000          0.0000          0.0000

     Atom 37  H   pos: ( -0.247046  0.877988  0.715354)  para_oo sigma:           0.00
             0.0000          0.0000          0.0000
             0.0000          0.0000          0.0000
             0.0000          0.0000          0.0000

     Atom 38  H   pos: (  0.112334  0.298067  0.691687)  para_oo sigma:           0.00
             0.0000          0.0000          0.0000
             0.0000          0.0000          0.0000
             0.0000          0.0000          0.0000

     Atom 39  H   pos: (  0.823904  0.281855  0.222673)  para_oo sigma:           0.00
             0.0000          0.0000          0.0000
             0.0000          0.0000          0.0000
             0.0000          0.0000          0.0000

     Atom 40  H   pos: (  0.464525  0.861777  0.246340)  para_oo sigma:           0.00
             0.0000          0.0000          0.0000
             0.0000          0.0000          0.0000
             0.0000          0.0000          0.0000

     Atom 41  H   pos: ( -0.261422  1.103402  0.622831)  para_oo sigma:           0.00
             0.0000          0.0000          0.0000
             0.0000          0.0000          0.0000
             0.0000          0.0000          0.0000

     Atom 42  H   pos: (  0.126710  0.523481  0.784210)  para_oo sigma:           0.00
             0.0000          0.0000          0.0000
             0.0000          0.0000          0.0000
             0.0000          0.0000          0.0000

     Atom 43  H   pos: (  0.838280  0.056441  0.315196)  para_oo sigma:           0.00
             0.0000          0.0000          0.0000
             0.0000          0.0000          0.0000
             0.0000          0.0000          0.0000

     Atom 44  H   pos: (  0.450149  0.636363  0.153817)  para_oo sigma:           0.00
             0.0000          0.0000          0.0000
             0.0000          0.0000          0.0000
             0.0000          0.0000          0.0000

     Atom 45  H   pos: (  0.716389  0.910540  0.477700)  para_oo sigma:           0.00
             0.0000          0.0000          0.0000
             0.0000          0.0000          0.0000
             0.0000          0.0000          0.0000

     Atom 46  H   pos: (  0.148899  0.330618  0.929341)  para_oo sigma:           0.00
             0.0000          0.0000          0.0000
             0.0000          0.0000          0.0000
             0.0000          0.0000          0.0000

     Atom 47  H   pos: ( -0.139531  0.249303  0.460328)  para_oo sigma:           0.00
             0.0000          0.0000          0.0000
             0.0000          0.0000          0.0000
             0.0000          0.0000          0.0000

     Atom 48  H   pos: (  0.427960  0.829225  0.008686)  para_oo sigma:           0.00
             0.0000          0.0000          0.0000
             0.0000          0.0000          0.0000
             0.0000          0.0000          0.0000

     Paramagnetic US L_R Q_R contribution in ppm:
 
     Atom  1  O   pos: (  0.310520  0.948315  0.536997)  para_lq sigma:        -178.28
          -175.9086          0.6711          2.0981
             4.5817       -172.4028        -20.8466
             7.9690        -20.9864       -186.5390

     Atom  2  O   pos: (  0.554767  0.368394  0.870044)  para_lq sigma:        -178.28
          -175.9086         -0.6711          2.0981
            -4.5817       -172.4028         20.8466
             7.9690         20.9864       -186.5390

     Atom  3  O   pos: (  0.266338  0.211528  0.401030)  para_lq sigma:        -178.28
          -175.9086          0.6711          2.0981
             4.5817       -172.4028        -20.8466
             7.9690        -20.9864       -186.5390

     Atom  4  O   pos: (  0.022091  0.791449  0.067983)  para_lq sigma:        -178.28
          -175.9086         -0.6711          2.0981
            -4.5817       -172.4028         20.8466
             7.9690         20.9864       -186.5390

     Atom  5  O   pos: ( -0.026017  0.958561  0.555769)  para_lq sigma:        -157.81
          -179.4874         -1.0624          5.9677
            -0.8021       -141.3259        -10.8389
             4.9804        -10.7811       -152.6076

     Atom  6  O   pos: ( -0.108695  0.378639  0.851272)  para_lq sigma:        -157.81
          -179.4874          1.0624          5.9677
             0.8021       -141.3259         10.8389
             4.9804         10.7811       -152.6076

     Atom  7  O   pos: (  0.602875  0.201283  0.382258)  para_lq sigma:        -157.81
          -179.4874         -1.0624          5.9677
            -0.8021       -141.3259        -10.8389
             4.9804        -10.7811       -152.6076

     Atom  8  O   pos: (  0.685554  0.781204  0.086755)  para_lq sigma:        -157.81
          -179.4874          1.0624          5.9677
             0.8021       -141.3259         10.8389
             4.9804         10.7811       -152.6076

     Atom  9  N   pos: (  0.236060  1.038240  0.661735)  para_lq sigma:         -75.23
           -79.6604         -6.0839         -7.5142
            -1.7793        -68.4776        -14.5669
            -1.8469        -14.8162        -77.5526

     Atom 10  N   pos: (  0.629227  0.458318  0.745307)  para_lq sigma:         -75.23
           -79.6604          6.0839         -7.5142
             1.7793        -68.4776         14.5669
            -1.8469         14.8162        -77.5526

     Atom 11  N   pos: (  0.340798  0.121604  0.276293)  para_lq sigma:         -75.23
           -79.6604         -6.0839         -7.5142
            -1.7793        -68.4776        -14.5669
            -1.8469        -14.8162        -77.5526

     Atom 12  N   pos: ( -0.052369  0.701525  0.192721)  para_lq sigma:         -75.23
           -79.6604          6.0839         -7.5142
             1.7793        -68.4776         14.5669
            -1.8469         14.8162        -77.5526

     Atom 13  N   pos: (  0.065250  1.054379  0.688502)  para_lq sigma:         -84.29
           -88.8116         -5.0664         -6.3082
           -12.5973        -76.1706        -18.2435
           -15.7245        -17.9539        -87.9024

     Atom 14  N   pos: ( -0.199962  0.474458  0.718539)  para_lq sigma:         -84.29
           -88.8116          5.0664         -6.3082
            12.5973        -76.1706         18.2435
           -15.7245         17.9539        -87.9024

     Atom 15  N   pos: (  0.511608  0.105464  0.249526)  para_lq sigma:         -84.29
           -88.8116         -5.0664         -6.3082
           -12.5973        -76.1706        -18.2435
           -15.7245        -17.9539        -87.9024

     Atom 16  N   pos: (  0.776821  0.685386  0.219488)  para_lq sigma:         -84.29
           -88.8116          5.0664         -6.3082
            12.5973        -76.1706         18.2435
           -15.7245         17.9539        -87.9024

     Atom 17  C   pos: (  0.350297  1.138109  0.791732)  para_lq sigma:         -11.77
           -12.1017          0.0833          0.3154
             0.3906        -11.4629         -0.3328
             0.6257         -0.2948        -11.7325

     Atom 18  C   pos: (  0.514991  0.558188  0.615309)  para_lq sigma:         -11.77
           -12.1017         -0.0833          0.3154
            -0.3906        -11.4629          0.3328
             0.6257          0.2948        -11.7325

     Atom 19  C   pos: (  0.226561  0.021734  0.146295)  para_lq sigma:         -11.77
           -12.1017          0.0833          0.3154
             0.3906        -11.4629         -0.3328
             0.6257         -0.2948        -11.7325

     Atom 20  C   pos: (  0.061868  0.601656  0.322719)  para_lq sigma:         -11.77
           -12.1017         -0.0833          0.3154
            -0.3906        -11.4629          0.3328
             0.6257          0.2948        -11.7325

     Atom 21  C   pos: ( -0.216969  0.964018  0.598177)  para_lq sigma:         -11.08
           -11.8942          0.2347          0.5086
             0.0462        -10.7618          0.3387
             0.2291          0.3203        -10.5859

     Atom 22  C   pos: (  0.082257  0.384096  0.808864)  para_lq sigma:         -11.08
           -11.8942         -0.2347          0.5086
            -0.0462        -10.7618         -0.3387
             0.2291         -0.3203        -10.5859

     Atom 23  C   pos: (  0.793827  0.195826  0.339850)  para_lq sigma:         -11.08
           -11.8942          0.2347          0.5086
             0.0462        -10.7618          0.3387
             0.2291          0.3203        -10.5859

     Atom 24  C   pos: (  0.494602  0.775747  0.129163)  para_lq sigma:         -11.08
           -11.8942         -0.2347          0.5086
            -0.0462        -10.7618         -0.3387
             0.2291         -0.3203        -10.5859

     Atom 25  H   pos: (  0.419708  0.085587  0.716859)  para_lq sigma:           0.00
             0.0000          0.0000          0.0000
             0.0000          0.0000          0.0000
             0.0000          0.0000          0.0000

     Atom 26  H   pos: (  0.445579  0.665508  0.690182)  para_lq sigma:           0.00
             0.0000          0.0000          0.0000
             0.0000          0.0000          0.0000
             0.0000          0.0000          0.0000

     Atom 27  H   pos: (  0.157150  1.074256  0.221169)  para_lq sigma:           0.00
             0.0000          0.0000          0.0000
             0.0000          0.0000          0.0000
             0.0000          0.0000          0.0000

     Atom 28  H   pos: (  0.131279  0.494335  0.247845)  para_lq sigma:           0.00
             0.0000          0.0000          0.0000
             0.0000          0.0000          0.0000
             0.0000          0.0000          0.0000

     Atom 29  H   pos: (  0.263948  0.034837  0.897647)  para_lq sigma:           0.00
             0.0000          0.0000          0.0000
             0.0000          0.0000          0.0000
             0.0000          0.0000          0.0000

     Atom 30  H   pos: (  0.601340  0.614758  0.509394)  para_lq sigma:           0.00
             0.0000          0.0000          0.0000
             0.0000          0.0000          0.0000
             0.0000          0.0000          0.0000

     Atom 31  H   pos: (  0.312910  1.125007  0.040381)  para_lq sigma:           0.00
             0.0000          0.0000          0.0000
             0.0000          0.0000          0.0000
             0.0000          0.0000          0.0000

     Atom 32  H   pos: ( -0.024481  0.545085  0.428633)  para_lq sigma:           0.00
             0.0000          0.0000          0.0000
             0.0000          0.0000          0.0000
             0.0000          0.0000          0.0000

     Atom 33  H   pos: (  0.445485  1.039808  0.848764)  para_lq sigma:           0.00
             0.0000          0.0000          0.0000
             0.0000          0.0000          0.0000
             0.0000          0.0000          0.0000

     Atom 34  H   pos: (  0.419802  0.459886  0.558278)  para_lq sigma:           0.00
             0.0000          0.0000          0.0000
             0.0000          0.0000          0.0000
             0.0000          0.0000          0.0000

     Atom 35  H   pos: (  0.131373  0.120035  0.089264)  para_lq sigma:           0.00
             0.0000          0.0000          0.0000
             0.0000          0.0000          0.0000
             0.0000          0.0000          0.0000

     Atom 36  H   pos: (  0.157056  0.699957  0.379750)  para_lq sigma:           0.00
             0.0000          0.0000          0.0000
             0.0000          0.0000          0.0000
             0.0000          0.0000          0.0000

     Atom 37  H   pos: ( -0.247046  0.877988  0.715354)  para_lq sigma:           0.00
             0.0000          0.0000          0.0000
             0.0000          0.0000          0.0000
             0.0000          0.0000          0.0000

     Atom 38  H   pos: (  0.112334  0.298067  0.691687)  para_lq sigma:           0.00
             0.0000          0.0000          0.0000
             0.0000          0.0000          0.0000
             0.0000          0.0000          0.0000

     Atom 39  H   pos: (  0.823904  0.281855  0.222673)  para_lq sigma:           0.00
             0.0000          0.0000          0.0000
             0.0000          0.0000          0.0000
             0.0000          0.0000          0.0000

     Atom 40  H   pos: (  0.464525  0.861777  0.246340)  para_lq sigma:           0.00
             0.0000          0.0000          0.0000
             0.0000          0.0000          0.0000
             0.0000          0.0000          0.0000

     Atom 41  H   pos: ( -0.261422  1.103402  0.622831)  para_lq sigma:           0.00
             0.0000          0.0000          0.0000
             0.0000          0.0000          0.0000
             0.0000          0.0000          0.0000

     Atom 42  H   pos: (  0.126710  0.523481  0.784210)  para_lq sigma:           0.00
             0.0000          0.0000          0.0000
             0.0000          0.0000          0.0000
             0.0000          0.0000          0.0000

     Atom 43  H   pos: (  0.838280  0.056441  0.315196)  para_lq sigma:           0.00
             0.0000          0.0000          0.0000
             0.0000          0.0000          0.0000
             0.0000          0.0000          0.0000

     Atom 44  H   pos: (  0.450149  0.636363  0.153817)  para_lq sigma:           0.00
             0.0000          0.0000          0.0000
             0.0000          0.0000          0.0000
             0.0000          0.0000          0.0000

     Atom 45  H   pos: (  0.716389  0.910540  0.477700)  para_lq sigma:           0.00
             0.0000          0.0000          0.0000
             0.0000          0.0000          0.0000
             0.0000          0.0000          0.0000

     Atom 46  H   pos: (  0.148899  0.330618  0.929341)  para_lq sigma:           0.00
             0.0000          0.0000          0.0000
             0.0000          0.0000          0.0000
             0.0000          0.0000          0.0000

     Atom 47  H   pos: ( -0.139531  0.249303  0.460328)  para_lq sigma:           0.00
             0.0000          0.0000          0.0000
             0.0000          0.0000          0.0000
             0.0000          0.0000          0.0000

     Atom 48  H   pos: (  0.427960  0.829225  0.008686)  para_lq sigma:           0.00
             0.0000          0.0000          0.0000
             0.0000          0.0000          0.0000
             0.0000          0.0000          0.0000

 
     Total NMR chemical shifts in ppm: ---------------------------------------
     (adopting the Simpson convention for anisotropy and asymmetry)-----------
 
     Atom  1  O   pos: (  0.310520  0.948315  0.536997)  Total sigma:        -174.41
          -303.0935         36.0071         76.8158
            46.4056        -15.2437       -290.3138
            77.8744       -285.2464       -204.8967

     O    1    anisotropy:    551.46    eta:   -0.5585
     O    1    sigma_11=   -255.56    axis=( -0.875538 -0.301741 -0.377339)
     O    1    sigma_22=   -460.90    axis=(  0.482518 -0.506194 -0.714804)
     O    1    sigma_33=    193.23    axis=(  0.024679 -0.807911  0.588788)
 
     Atom  2  O   pos: (  0.554767  0.368394  0.870044)  Total sigma:        -174.41
          -303.0935        -36.0071         76.8158
           -46.4056        -15.2437        290.3138
            77.8744        285.2464       -204.8967

     O    2    anisotropy:    551.46    eta:   -0.5585
     O    2    sigma_11=   -255.56    axis=( -0.875538  0.301741 -0.377339)
     O    2    sigma_22=   -460.90    axis=( -0.482518 -0.506194  0.714804)
     O    2    sigma_33=    193.23    axis=(  0.024679  0.807911  0.588788)
 
     Atom  3  O   pos: (  0.266338  0.211528  0.401030)  Total sigma:        -174.41
          -303.0935         36.0071         76.8158
            46.4056        -15.2437       -290.3138
            77.8744       -285.2464       -204.8967

     O    3    anisotropy:    551.46    eta:   -0.5585
     O    3    sigma_11=   -255.56    axis=( -0.875538 -0.301741 -0.377339)
     O    3    sigma_22=   -460.90    axis=(  0.482518 -0.506194 -0.714804)
     O    3    sigma_33=    193.23    axis=(  0.024679 -0.807911  0.588788)
 
     Atom  4  O   pos: (  0.022091  0.791449  0.067983)  Total sigma:        -174.41
          -303.0935        -36.0071         76.8158
           -46.4056        -15.2437        290.3138
            77.8744        285.2464       -204.8967

     O    4    anisotropy:    551.46    eta:   -0.5585
     O    4    sigma_11=   -255.56    axis=( -0.875538  0.301741 -0.377339)
     O    4    sigma_22=   -460.90    axis=( -0.482518 -0.506194  0.714804)
     O    4    sigma_33=    193.23    axis=(  0.024679  0.807911  0.588788)
 
     Atom  5  O   pos: ( -0.026017  0.958561  0.555769)  Total sigma:          54.17
          -133.2539         31.3576         79.6157
            66.0196        145.1294         13.6616
           112.0224         13.9560        150.6382

     O    5    anisotropy:   -333.82    eta:   -0.2772
     O    5    sigma_11=    134.60    axis=(  0.034169 -0.849173  0.527008)
     O    5    sigma_22=    196.29    axis=( -0.308771 -0.510488 -0.802535)
     O    5    sigma_33=   -168.37    axis=( -0.950522  0.135303  0.279643)
 
     Atom  6  O   pos: ( -0.108695  0.378639  0.851272)  Total sigma:          54.17
          -133.2539        -31.3576         79.6157
           -66.0196        145.1294        -13.6616
           112.0224        -13.9560        150.6382

     O    6    anisotropy:   -333.82    eta:   -0.2772
     O    6    sigma_11=    134.60    axis=(  0.034169  0.849173  0.527008)
     O    6    sigma_22=    196.29    axis=(  0.308771 -0.510488  0.802535)
     O    6    sigma_33=   -168.37    axis=( -0.950522 -0.135303  0.279643)
 
     Atom  7  O   pos: (  0.602875  0.201283  0.382258)  Total sigma:          54.17
          -133.2539         31.3576         79.6157
            66.0196        145.1294         13.6616
           112.0224         13.9560        150.6382

     O    7    anisotropy:   -333.82    eta:   -0.2772
     O    7    sigma_11=    134.60    axis=(  0.034169 -0.849173  0.527008)
     O    7    sigma_22=    196.29    axis=( -0.308771 -0.510488 -0.802535)
     O    7    sigma_33=   -168.37    axis=( -0.950522  0.135303  0.279643)
 
     Atom  8  O   pos: (  0.685554  0.781204  0.086755)  Total sigma:          54.17
          -133.2539        -31.3576         79.6157
           -66.0196        145.1294        -13.6616
           112.0224        -13.9560        150.6382

     O    8    anisotropy:   -333.82    eta:   -0.2772
     O    8    sigma_11=    134.60    axis=(  0.034169  0.849173  0.527008)
     O    8    sigma_22=    196.29    axis=(  0.308771 -0.510488  0.802535)
     O    8    sigma_33=   -168.37    axis=( -0.950522 -0.135303  0.279643)
 
     Atom  9  N   pos: (  0.236060  1.038240  0.661735)  Total sigma:         -94.20
          -126.6156        -85.0517       -108.3196
           -31.9848        -41.1940       -127.3540
           -42.3757       -125.8707       -114.7755

     N    9    anisotropy:   -267.15    eta:   -0.6628
     N    9    sigma_11=    -64.17    axis=( -0.836530  0.320075  0.444712)
     N    9    sigma_22=     53.88    axis=( -0.010672  0.801965 -0.597276)
     N    9    sigma_33=   -272.30    axis=( -0.547817 -0.504385 -0.667452)
 
     Atom 10  N   pos: (  0.629227  0.458318  0.745307)  Total sigma:         -94.20
          -126.6156         85.0517       -108.3196
            31.9848        -41.1940        127.3540
           -42.3757        125.8707       -114.7755

     N   10    anisotropy:   -267.15    eta:   -0.6628
     N   10    sigma_11=    -64.17    axis=(  0.836530  0.320075 -0.444712)
     N   10    sigma_22=     53.88    axis=( -0.010672 -0.801965 -0.597276)
     N   10    sigma_33=   -272.30    axis=( -0.547817  0.504385 -0.667452)
 
     Atom 11  N   pos: (  0.340798  0.121604  0.276293)  Total sigma:         -94.20
          -126.6156        -85.0517       -108.3196
           -31.9848        -41.1940       -127.3540
           -42.3757       -125.8707       -114.7755

     N   11    anisotropy:   -267.15    eta:   -0.6628
     N   11    sigma_11=    -64.17    axis=( -0.836530  0.320075  0.444712)
     N   11    sigma_22=     53.88    axis=( -0.010672  0.801965 -0.597276)
     N   11    sigma_33=   -272.30    axis=( -0.547817 -0.504385 -0.667452)
 
     Atom 12  N   pos: ( -0.052369  0.701525  0.192721)  Total sigma:         -94.20
          -126.6156         85.0517       -108.3196
            31.9848        -41.1940        127.3540
           -42.3757        125.8707       -114.7755

     N   12    anisotropy:   -267.15    eta:   -0.6628
     N   12    sigma_11=    -64.17    axis=(  0.836530  0.320075 -0.444712)
     N   12    sigma_22=     53.88    axis=( -0.010672 -0.801965 -0.597276)
     N   12    sigma_33=   -272.30    axis=( -0.547817  0.504385 -0.667452)
 
     Atom 13  N   pos: (  0.065250  1.054379  0.688502)  Total sigma:        -169.41
          -208.9019         10.2459         24.9800
           -77.9835       -101.1212       -145.2701
           -76.6458       -142.3722       -198.1941

     N   13    anisotropy:    258.43    eta:   -0.7120
     N   13    sigma_11=   -194.22    axis=(  0.933179 -0.158695 -0.322478)
     N   13    sigma_22=   -316.89    axis=(  0.354331  0.556531  0.751480)
     N   13    sigma_33=      2.88    axis=( -0.060213  0.815530 -0.575574)
 
     Atom 14  N   pos: ( -0.199962  0.474458  0.718539)  Total sigma:        -169.41
          -208.9019        -10.2459         24.9800
            77.9835       -101.1212        145.2701
           -76.6458        142.3722       -198.1941

     N   14    anisotropy:    258.43    eta:   -0.7120
     N   14    sigma_11=   -194.22    axis=(  0.933179  0.158695 -0.322478)
     N   14    sigma_22=   -316.89    axis=( -0.354331  0.556531 -0.751480)
     N   14    sigma_33=      2.88    axis=( -0.060213 -0.815530 -0.575574)
 
     Atom 15  N   pos: (  0.511608  0.105464  0.249526)  Total sigma:        -169.41
          -208.9019         10.2459         24.9800
           -77.9835       -101.1212       -145.2701
           -76.6458       -142.3722       -198.1941

     N   15    anisotropy:    258.43    eta:   -0.7120
     N   15    sigma_11=   -194.22    axis=(  0.933179 -0.158695 -0.322478)
     N   15    sigma_22=   -316.89    axis=(  0.354331  0.556531  0.751480)
     N   15    sigma_33=      2.88    axis=( -0.060213  0.815530 -0.575574)
 
     Atom 16  N   pos: (  0.776821  0.685386  0.219488)  Total sigma:        -169.41
          -208.9019        -10.2459         24.9800
            77.9835       -101.1212        145.2701
           -76.6458        142.3722       -198.1941

     N   16    anisotropy:    258.43    eta:   -0.7120
     N   16    sigma_11=   -194.22    axis=(  0.933179  0.158695 -0.322478)
     N   16    sigma_22=   -316.89    axis=( -0.354331  0.556531 -0.751480)
     N   16    sigma_33=      2.88    axis=( -0.060213 -0.815530 -0.575574)
 
     Atom 17  C   pos: (  0.350297  1.138109  0.791732)  Total sigma:         117.68
           116.3569         19.3749         28.8851
            20.3852        110.3710         27.8452
            26.9536         26.2071        126.3072

     C   17    anisotropy:     76.79    eta:   -0.0794
     C   17    sigma_11=     94.11    axis=(  0.825254 -0.456605 -0.332368)
     C   17    sigma_22=     90.05    axis=(  0.142550  0.737862 -0.659726)
     C   17    sigma_33=    168.87    axis=(  0.546476  0.497063  0.674012)
 
     Atom 18  C   pos: (  0.514991  0.558188  0.615309)  Total sigma:         117.68
           116.3569        -19.3749         28.8851
           -20.3852        110.3710        -27.8452
            26.9536        -26.2071        126.3072

     C   18    anisotropy:     76.79    eta:   -0.0794
     C   18    sigma_11=     94.11    axis=(  0.825254  0.456605 -0.332368)
     C   18    sigma_22=     90.05    axis=( -0.142550  0.737862  0.659726)
     C   18    sigma_33=    168.87    axis=(  0.546476 -0.497063  0.674012)
 
     Atom 19  C   pos: (  0.226561  0.021734  0.146295)  Total sigma:         117.68
           116.3569         19.3749         28.8851
            20.3852        110.3710         27.8452
            26.9536         26.2071        126.3072

     C   19    anisotropy:     76.79    eta:   -0.0794
     C   19    sigma_11=     94.11    axis=(  0.825254 -0.456605 -0.332368)
     C   19    sigma_22=     90.05    axis=(  0.142550  0.737862 -0.659726)
     C   19    sigma_33=    168.87    axis=(  0.546476  0.497063  0.674012)
 
     Atom 20  C   pos: (  0.061868  0.601656  0.322719)  Total sigma:         117.68
           116.3569        -19.3749         28.8851
           -20.3852        110.3710        -27.8452
            26.9536        -26.2071        126.3072

     C   20    anisotropy:     76.79    eta:   -0.0794
     C   20    sigma_11=     94.11    axis=(  0.825254  0.456605 -0.332368)
     C   20    sigma_22=     90.05    axis=( -0.142550  0.737862  0.659726)
     C   20    sigma_33=    168.87    axis=(  0.546476 -0.497063  0.674012)
 
     Atom 21  C   pos: ( -0.216969  0.964018  0.598177)  Total sigma:         104.43
           162.5108          3.1816         -7.1495
             1.3847         75.3113          0.0582
           -14.7499         -0.9225         75.4588

     C   21    anisotropy:     89.25    eta:   -0.0199
     C   21    sigma_11=     75.27    axis=(  0.041248 -0.991690  0.121862)
     C   21    sigma_22=     74.08    axis=(  0.118706  0.125966  0.984907)
     C   21    sigma_33=    163.93    axis=( -0.992072 -0.026160  0.122916)
 
     Atom 22  C   pos: (  0.082257  0.384096  0.808864)  Total sigma:         104.43
           162.5108         -3.1816         -7.1495
            -1.3847         75.3113         -0.0582
           -14.7499          0.9225         75.4588

     C   22    anisotropy:     89.25    eta:   -0.0199
     C   22    sigma_11=     75.27    axis=(  0.041248  0.991690  0.121862)
     C   22    sigma_22=     74.08    axis=( -0.118706  0.125966 -0.984907)
     C   22    sigma_33=    163.93    axis=( -0.992072  0.026160  0.122916)
 
     Atom 23  C   pos: (  0.793827  0.195826  0.339850)  Total sigma:         104.43
           162.5108          3.1816         -7.1495
             1.3847         75.3113          0.0582
           -14.7499         -0.9225         75.4588

     C   23    anisotropy:     89.25    eta:   -0.0199
     C   23    sigma_11=     75.27    axis=(  0.041248 -0.991690  0.121862)
     C   23    sigma_22=     74.08    axis=(  0.118706  0.125966  0.984907)
     C   23    sigma_33=    163.93    axis=( -0.992072 -0.026160  0.122916)
 
     Atom 24  C   pos: (  0.494602  0.775747  0.129163)  Total sigma:         104.43
           162.5108         -3.1816         -7.1495
            -1.3847         75.3113         -0.0582
           -14.7499          0.9225         75.4588

     C   24    anisotropy:     89.25    eta:   -0.0199
     C   24    sigma_11=     75.27    axis=(  0.041248  0.991690  0.121862)
     C   24    sigma_22=     74.08    axis=( -0.118706  0.125966 -0.984907)
     C   24    sigma_33=    163.93    axis=( -0.992072  0.026160  0.122916)
 
     Atom 25  H   pos: (  0.419708  0.085587  0.716859)  Total sigma:          26.83
            26.1186          1.5660         -0.8916
             4.0726         28.7196         -1.5988
             0.4309          0.3376         25.6382

     H   25    anisotropy:      5.68    eta:   -0.3358
     H   25    sigma_11=     25.57    axis=(  0.166687  0.047944  0.984844)
     H   25    sigma_22=     24.30    axis=(  0.830266 -0.545592 -0.113964)
     H   25    sigma_33=     30.61    axis=( -0.531858 -0.836679  0.130749)
 
     Atom 26  H   pos: (  0.445579  0.665508  0.690182)  Total sigma:          26.83
            26.1186         -1.5660         -0.8916
            -4.0726         28.7196          1.5988
             0.4309         -0.3376         25.6382

     H   26    anisotropy:      5.68    eta:   -0.3358
     H   26    sigma_11=     25.57    axis=( -0.166687  0.047944 -0.984844)
     H   26    sigma_22=     24.30    axis=(  0.830266  0.545592 -0.113964)
     H   26    sigma_33=     30.61    axis=( -0.531858  0.836679  0.130749)
 
     Atom 27  H   pos: (  0.157150  1.074256  0.221169)  Total sigma:          26.83
            26.1186          1.5660         -0.8916
             4.0726         28.7196         -1.5988
             0.4309          0.3376         25.6382

     H   27    anisotropy:      5.68    eta:   -0.3358
     H   27    sigma_11=     25.57    axis=(  0.166687  0.047944  0.984844)
     H   27    sigma_22=     24.30    axis=(  0.830266 -0.545592 -0.113964)
     H   27    sigma_33=     30.61    axis=( -0.531858 -0.836679  0.130749)
 
     Atom 28  H   pos: (  0.131279  0.494335  0.247845)  Total sigma:          26.83
            26.1186         -1.5660         -0.8916
            -4.0726         28.7196          1.5988
             0.4309         -0.3376         25.6382

     H   28    anisotropy:      5.68    eta:   -0.3358
     H   28    sigma_11=     25.57    axis=( -0.166687  0.047944 -0.984844)
     H   28    sigma_22=     24.30    axis=(  0.830266  0.545592 -0.113964)
     H   28    sigma_33=     30.61    axis=( -0.531858  0.836679  0.130749)
 
     Atom 29  H   pos: (  0.263948  0.034837  0.897647)  Total sigma:          26.11
            25.2252         -0.5825         -0.3183
            -0.7511         24.8500          2.2647
            -1.4560          3.8401         28.2453

     H   29    anisotropy:      6.26    eta:   -0.4660
     H   29    sigma_11=     24.99    axis=(  0.975024  0.053728  0.215502)
     H   29    sigma_22=     23.05    axis=(  0.062269  0.865253 -0.497454)
     H   29    sigma_33=     30.28    axis=( -0.213190  0.498449  0.840297)
 
     Atom 30  H   pos: (  0.601340  0.614758  0.509394)  Total sigma:          26.11
            25.2252          0.5825         -0.3183
             0.7511         24.8500         -2.2647
            -1.4560         -3.8401         28.2453

     H   30    anisotropy:      6.26    eta:   -0.4660
     H   30    sigma_11=     24.99    axis=(  0.975024 -0.053728  0.215502)
     H   30    sigma_22=     23.05    axis=( -0.062269  0.865253  0.497454)
     H   30    sigma_33=     30.28    axis=( -0.213190 -0.498449  0.840297)
 
     Atom 31  H   pos: (  0.312910  1.125007  0.040381)  Total sigma:          26.11
            25.2252         -0.5825         -0.3183
            -0.7511         24.8500          2.2647
            -1.4560          3.8401         28.2453

     H   31    anisotropy:      6.26    eta:   -0.4660
     H   31    sigma_11=     24.99    axis=(  0.975024  0.053728  0.215502)
     H   31    sigma_22=     23.05    axis=(  0.062269  0.865253 -0.497454)
     H   31    sigma_33=     30.28    axis=( -0.213190  0.498449  0.840297)
 
     Atom 32  H   pos: ( -0.024481  0.545085  0.428633)  Total sigma:          26.11
            25.2252          0.5825         -0.3183
             0.7511         24.8500         -2.2647
            -1.4560         -3.8401         28.2453

     H   32    anisotropy:      6.26    eta:   -0.4660
     H   32    sigma_11=     24.99    axis=(  0.975024 -0.053728  0.215502)
     H   32    sigma_22=     23.05    axis=( -0.062269  0.865253  0.497454)
     H   32    sigma_33=     30.28    axis=( -0.213190 -0.498449  0.840297)
 
     Atom 33  H   pos: (  0.445485  1.039808  0.848764)  Total sigma:          26.22
            26.7977         -1.7431          0.8126
            -0.8500         25.4712         -3.4859
             3.1676         -2.0185         26.3869

     H   33    anisotropy:      6.13    eta:   -0.5225
     H   33    sigma_11=     25.24    axis=(  0.822156  0.448951 -0.350003)
     H   33    sigma_22=     23.11    axis=( -0.109290  0.727882  0.676936)
     H   33    sigma_33=     30.31    axis=(  0.558672 -0.518295  0.647499)
 
     Atom 34  H   pos: (  0.419802  0.459886  0.558278)  Total sigma:          26.22
            26.7977          1.7431          0.8126
             0.8500         25.4712          3.4859
             3.1676          2.0185         26.3869

     H   34    anisotropy:      6.13    eta:   -0.5225
     H   34    sigma_11=     25.24    axis=(  0.822156 -0.448951 -0.350003)
     H   34    sigma_22=     23.11    axis=(  0.109290  0.727882 -0.676936)
     H   34    sigma_33=     30.31    axis=(  0.558672  0.518295  0.647499)
 
     Atom 35  H   pos: (  0.131373  0.120035  0.089264)  Total sigma:          26.22
            26.7977         -1.7431          0.8126
            -0.8500         25.4712         -3.4859
             3.1676         -2.0185         26.3869

     H   35    anisotropy:      6.13    eta:   -0.5225
     H   35    sigma_11=     25.24    axis=(  0.822156  0.448951 -0.350003)
     H   35    sigma_22=     23.11    axis=( -0.109290  0.727882  0.676936)
     H   35    sigma_33=     30.31    axis=(  0.558672 -0.518295  0.647499)
 
     Atom 36  H   pos: (  0.157056  0.699957  0.379750)  Total sigma:          26.22
            26.7977          1.7431          0.8126
             0.8500         25.4712          3.4859
             3.1676          2.0185         26.3869

     H   36    anisotropy:      6.13    eta:   -0.5225
     H   36    sigma_11=     25.24    axis=(  0.822156 -0.448951 -0.350003)
     H   36    sigma_22=     23.11    axis=(  0.109290  0.727882 -0.676936)
     H   36    sigma_33=     30.31    axis=(  0.558673  0.518295  0.647499)
 
     Atom 37  H   pos: ( -0.247046  0.877988  0.715354)  Total sigma:          26.11
            27.6671          2.7612         -3.0455
             1.5563         25.0489         -1.8518
            -3.0947         -2.1053         25.6272

     H   37    anisotropy:      7.70    eta:   -0.1317
     H   37    sigma_11=     23.88    axis=(  0.615450 -0.754604  0.227585)
     H   37    sigma_22=     23.21    axis=(  0.314029  0.499607  0.807328)
     H   37    sigma_33=     31.25    axis=( -0.722916 -0.425401  0.544450)
 
     Atom 38  H   pos: (  0.112334  0.298067  0.691687)  Total sigma:          26.11
            27.6671         -2.7612         -3.0455
            -1.5563         25.0489          1.8518
            -3.0947          2.1053         25.6272

     H   38    anisotropy:      7.70    eta:   -0.1317
     H   38    sigma_11=     23.88    axis=(  0.615450  0.754604  0.227585)
     H   38    sigma_22=     23.21    axis=( -0.314029  0.499607 -0.807328)
     H   38    sigma_33=     31.25    axis=( -0.722916  0.425401  0.544450)
 
     Atom 39  H   pos: (  0.823904  0.281855  0.222673)  Total sigma:          26.11
            27.6671          2.7612         -3.0455
             1.5563         25.0489         -1.8518
            -3.0947         -2.1053         25.6272

     H   39    anisotropy:      7.70    eta:   -0.1317
     H   39    sigma_11=     23.88    axis=(  0.615450 -0.754604  0.227585)
     H   39    sigma_22=     23.21    axis=(  0.314029  0.499607  0.807328)
     H   39    sigma_33=     31.25    axis=( -0.722916 -0.425401  0.544450)
 
     Atom 40  H   pos: (  0.464525  0.861777  0.246340)  Total sigma:          26.11
            27.6671         -2.7612         -3.0455
            -1.5563         25.0489          1.8518
            -3.0947          2.1053         25.6272

     H   40    anisotropy:      7.70    eta:   -0.1317
     H   40    sigma_11=     23.88    axis=(  0.615450  0.754604  0.227586)
     H   40    sigma_22=     23.21    axis=( -0.314029  0.499607 -0.807328)
     H   40    sigma_33=     31.25    axis=( -0.722916  0.425401  0.544450)
 
     Atom 41  H   pos: ( -0.261422  1.103402  0.622831)  Total sigma:          26.61
            28.2024         -2.7023         -0.8204
            -3.0340         26.5768         -1.1787
            -0.6302         -0.5101         25.0568

     H   41    anisotropy:      5.64    eta:   -0.6155
     H   41    sigma_11=     25.89    axis=( -0.352006 -0.486155  0.799841)
     H   41    sigma_22=     23.58    axis=(  0.487288  0.634413  0.600059)
     H   41    sigma_33=     30.37    axis=( -0.799151  0.600978  0.013580)
 
     Atom 42  H   pos: (  0.126710  0.523481  0.784210)  Total sigma:          26.61
            28.2024          2.7023         -0.8204
             3.0340         26.5768          1.1787
            -0.6302          0.5101         25.0568

     H   42    anisotropy:      5.64    eta:   -0.6155
     H   42    sigma_11=     25.89    axis=( -0.352006  0.486155  0.799841)
     H   42    sigma_22=     23.58    axis=( -0.487288  0.634413 -0.600059)
     H   42    sigma_33=     30.37    axis=( -0.799151 -0.600978  0.013580)
 
     Atom 43  H   pos: (  0.838280  0.056441  0.315196)  Total sigma:          26.61
            28.2024         -2.7023         -0.8204
            -3.0340         26.5768         -1.1787
            -0.6302         -0.5101         25.0568

     H   43    anisotropy:      5.64    eta:   -0.6155
     H   43    sigma_11=     25.89    axis=( -0.352006 -0.486155  0.799841)
     H   43    sigma_22=     23.58    axis=(  0.487288  0.634413  0.600059)
     H   43    sigma_33=     30.37    axis=( -0.799151  0.600978  0.013580)
 
     Atom 44  H   pos: (  0.450149  0.636363  0.153817)  Total sigma:          26.61
            28.2024          2.7023         -0.8204
             3.0340         26.5768          1.1787
            -0.6302          0.5101         25.0568

     H   44    anisotropy:      5.64    eta:   -0.6155
     H   44    sigma_11=     25.89    axis=( -0.352006  0.486155  0.799841)
     H   44    sigma_22=     23.58    axis=( -0.487288  0.634413 -0.600059)
     H   44    sigma_33=     30.37    axis=( -0.799151 -0.600978  0.013580)
 
     Atom 45  H   pos: (  0.716389  0.910540  0.477700)  Total sigma:          26.34
            28.8052          2.0337          2.9919
             0.3515         24.6359          1.9890
             0.9722          1.5173         25.5834

     H   45    anisotropy:      6.02    eta:   -0.5268
     H   45    sigma_11=     25.39    axis=(  0.553756 -0.558569 -0.617540)
     H   45    sigma_22=     23.28    axis=(  0.063064  0.767633 -0.637779)
     H   45    sigma_33=     30.36    axis=(  0.830288  0.314229  0.460307)
 
     Atom 46  H   pos: (  0.148899  0.330618  0.929341)  Total sigma:          26.34
            28.8052         -2.0337          2.9919
            -0.3515         24.6359         -1.9890
             0.9722         -1.5173         25.5834

     H   46    anisotropy:      6.02    eta:   -0.5268
     H   46    sigma_11=     25.39    axis=( -0.553756 -0.558569  0.617540)
     H   46    sigma_22=     23.28    axis=(  0.063064 -0.767633 -0.637779)
     H   46    sigma_33=     30.36    axis=(  0.830288 -0.314229  0.460307)
 
     Atom 47  H   pos: ( -0.139531  0.249303  0.460328)  Total sigma:          26.34
            28.8052          2.0337          2.9919
             0.3515         24.6359          1.9890
             0.9722          1.5173         25.5834

     H   47    anisotropy:      6.02    eta:   -0.5268
     H   47    sigma_11=     25.39    axis=(  0.553756 -0.558569 -0.617540)
     H   47    sigma_22=     23.28    axis=(  0.063064  0.767633 -0.637779)
     H   47    sigma_33=     30.36    axis=(  0.830288  0.314229  0.460307)
 
     Atom 48  H   pos: (  0.427960  0.829225  0.008686)  Total sigma:          26.34
            28.8052         -2.0337          2.9919
            -0.3515         24.6359         -1.9890
             0.9722         -1.5173         25.5834

     H   48    anisotropy:      6.02    eta:   -0.5268
     H   48    sigma_11=     25.39    axis=( -0.553756 -0.558569  0.617540)
     H   48    sigma_22=     23.28    axis=(  0.063064 -0.767633 -0.637779)
     H   48    sigma_33=     30.36    axis=(  0.830288 -0.314229  0.460307)
 
     Initialization:
     gipaw_setup  :      0.38s CPU      0.40s WALL (       1 calls)
 
     Linear response
     greenf       :   6284.47s CPU   6541.93s WALL (     240 calls)
     cgsolve      :   6251.44s CPU   6508.78s WALL (     240 calls)
     ch_psi       :   6140.51s CPU   6397.65s WALL (   14232 calls)
     h_psiq       :   4953.76s CPU   5208.85s WALL (   14232 calls)
 
     Apply operators
     h_psi        :   4784.84s CPU   5076.08s WALL (   20205 calls)
     apply_vel    :     87.17s CPU     87.32s WALL (     210 calls)
 
     Induced current
     j_para       :    397.08s CPU    416.55s WALL (     270 calls)
     biot_savart  :      0.05s CPU      0.06s WALL (       1 calls)
 
     Other routines
 
     General routines
     calbec       :   1282.46s CPU   1288.74s WALL (   50699 calls)
     fft          :      0.08s CPU      0.21s WALL (      32 calls)
     fftw         :   3852.58s CPU   4145.90s WALL ( 2591116 calls)
     davcio       :      0.03s CPU      1.85s WALL (     160 calls)
 
     Parallel routines
     fft_scatter  :    786.65s CPU    955.32s WALL ( 2591148 calls)
 
     Plugins
 
     GIPAW        :   8005.15s CPU   8338.72s WALL (       1 calls)
