
     Program QE v.6.1 (svn rev. 13369) starts on  6Nov2017 at 12:46:51 

     This program is part of the open-source Quantum ESPRESSO suite
     for quantum simulation of materials; please cite
         "P. Giannozzi et al., J. Phys.:Condens. Matter 21 395502 (2009);
          URL http://www.quantum-espresso.org", 
     in publications or presentations arising from this work. More details at
     http://www.quantum-espresso.org/quote

     Parallel version (MPI), running on     8 processors
     R & G space division:  proc/nbgrp/npool/nimage =       8
 
     ***** This is GIPAW svn revision unknown      *****
 
     Parallelizing q-star over 1 images
     Message from routine gipaw_readin:
     *** iverbosity is obsolete, use verbosity instead ***

     Reading data from directory:
     /scratch/ahofstet/ML/CCDC/FUQYIB/wfc/scf.save

   Info: using nr1, nr2, nr3 values from input

   Info: using nr1, nr2, nr3 values from input

     IMPORTANT: XC functional enforced from input :
     Exchange-correlation      =  SLA  PW   PBX  PBC ( 1  4  3  4 0 0)
     Any further DFT definition will be discarded
     Please, verify this is what you really want

               file C.pbe-n-kjpaw_psl.0.1.UPF: wavefunction(s)  2P renormalized
               file N.pbe-n-kjpaw_psl.0.1.UPF: wavefunction(s)  2P renormalized
               file H.pbe-kjpaw_psl.0.1.UPF: wavefunction(s)  1S renormalized
               file O.pbe-n-kjpaw_psl.0.1.UPF: wavefunction(s)  2P renormalized
 
     Parallelization info
     --------------------
     sticks:   dense  smooth     PW     G-vecs:    dense   smooth      PW
     Min         496     496    135                40351    40351    5729
     Max         497     497    136                40356    40356    5733
     Sum        3975    3975   1083               322839   322839   45841
 

     Check: negative/imaginary core charge=   -0.000002    0.000000

     Subspace diagonalization in iterative solution of the eigenvalue problem:
     a serial algorithm will be used

     GIPAW projectors -----------------------------------------------
     atom=  C    l=0  rc=    1.3000  rs=    0.8667
     atom=  C    l=0  rc=    1.3000  rs=    0.8667
     atom=  C    l=1  rc=    1.4500  rs=    0.9667
     atom=  C    l=1  rc=    1.4500  rs=    0.9667
     projs nearly linearly dependent: l=0  n1,n2= 1, 2  s=  0.99877758
     projs nearly linearly dependent: l=1  n1,n2= 1, 2  s=  0.99940894
 
     atom=  N    l=0  rc=    1.3000  rs=    0.8667
     atom=  N    l=0  rc=    1.3000  rs=    0.8667
     atom=  N    l=1  rc=    1.4500  rs=    0.9667
     atom=  N    l=1  rc=    1.4500  rs=    0.9667
     projs nearly linearly dependent: l=0  n1,n2= 1, 2  s=  0.99709514
     projs nearly linearly dependent: l=1  n1,n2= 1, 2  s=  0.99857174
 
     atom=  H    l=0  rc=    1.0000  rs=    0.6667
     atom=  H    l=0  rc=    1.0000  rs=    0.6667
     projs nearly linearly dependent: l=0  n1,n2= 1, 2  s=  0.99968852
 
     atom=  O    l=0  rc=    1.3500  rs=    0.9000
     atom=  O    l=0  rc=    1.3500  rs=    0.9000
     atom=  O    l=1  rc=    1.3500  rs=    0.9000
     atom=  O    l=1  rc=    1.3500  rs=    0.9000
     projs nearly linearly dependent: l=0  n1,n2= 1, 2  s=  0.99100135
     projs nearly linearly dependent: l=1  n1,n2= 1, 2  s=  0.99790100
     -----------------------------------------------------------------
 
     alpha_pv=     51.6937 eV
 
     q-space interpolation up to   110.00 Rydberg
 
     GIPAW job: nmr                                                                             
     NMR macroscopic correction: yes
             0.6667          0.0000          0.0000
             0.0000          0.6667          0.0000
             0.0000          0.0000          0.6667

 
     Largest allocated arrays     est. size (Mb)     dimensions
        KS wavefunctions at k           6.09 Mb     (    5056,   79)
        KS wavefunctions at k+q         6.09 Mb     (    5056,   79)
        First-order wavefunctions      60.95 Mb     (    5056,   79, 10)
        First-order wavefunct (US)     36.57 Mb     (    5056,   79,  6)
        Charge/spin density             0.66 Mb     (   86400,    1)
        Induced current                 5.93 Mb     (   86400,    3,3,1)
        Induced magnetic field          5.93 Mb     (   86400,    3,3,1)
        NL pseudopotentials            16.97 Mb     (    5056,  220)
        GIPAW NL terms                 16.97 Mb     (    5056,  220)
 
     Computing the magnetic susceptibility     isolve=0    ethr=  0.1000E-13
     k-point #    1 of    12      pool #  1    cpu time:      11.6
     Rotating WFCS
     Rotating WFCS
     Rotating WFCS
     Rotating WFCS
     Rotating WFCS
     Rotating WFCS
     Rotating WFCS
     k-point #    2 of    12      pool #  1    cpu time:     711.9
     Rotating WFCS
     c_bands:  1 eigenvalues not converged
     Rotating WFCS
     Rotating WFCS
     Rotating WFCS
     Rotating WFCS
     Rotating WFCS
     Rotating WFCS
     k-point #    3 of    12      pool #  1    cpu time:    1428.4
     Rotating WFCS
     Rotating WFCS
     Rotating WFCS
     Rotating WFCS
     Rotating WFCS
     Rotating WFCS
     Rotating WFCS
     k-point #    4 of    12      pool #  1    cpu time:    2129.0
     Rotating WFCS
     c_bands:  1 eigenvalues not converged
     Rotating WFCS
     Rotating WFCS
     Rotating WFCS
     Rotating WFCS
     Rotating WFCS
     Rotating WFCS
     c_bands:  1 eigenvalues not converged
     k-point #    5 of    12      pool #  1    cpu time:    2835.6
     Rotating WFCS
     Rotating WFCS
     Rotating WFCS
     Rotating WFCS
     Rotating WFCS
     Rotating WFCS
     Rotating WFCS
     k-point #    6 of    12      pool #  1    cpu time:    3570.1
     Rotating WFCS
     Rotating WFCS
     Rotating WFCS
     Rotating WFCS
     Rotating WFCS
     Rotating WFCS
     Rotating WFCS
     k-point #    7 of    12      pool #  1    cpu time:    4317.1
     Rotating WFCS
     Rotating WFCS
     Rotating WFCS
     Rotating WFCS
     Rotating WFCS
     Rotating WFCS
     Rotating WFCS
     k-point #    8 of    12      pool #  1    cpu time:    5059.1
     Rotating WFCS
     Rotating WFCS
     Rotating WFCS
     Rotating WFCS
     Rotating WFCS
     Rotating WFCS
     Rotating WFCS
     k-point #    9 of    12      pool #  1    cpu time:    5808.6
     Rotating WFCS
     c_bands:  1 eigenvalues not converged
     Rotating WFCS
     Rotating WFCS
     Rotating WFCS
     Rotating WFCS
     Rotating WFCS
     Rotating WFCS
     c_bands:  1 eigenvalues not converged
     k-point #   10 of    12      pool #  1    cpu time:    6626.5
     Rotating WFCS
     Rotating WFCS
     Rotating WFCS
     Rotating WFCS
     Rotating WFCS
     Rotating WFCS
     Rotating WFCS
     k-point #   11 of    12      pool #  1    cpu time:    7417.0
     Rotating WFCS
     c_bands:  1 eigenvalues not converged
     Rotating WFCS
     c_bands:  1 eigenvalues not converged
     Rotating WFCS
     Rotating WFCS
     Rotating WFCS
     Rotating WFCS
     c_bands:  1 eigenvalues not converged
     Rotating WFCS
     c_bands:  1 eigenvalues not converged
     k-point #   12 of    12      pool #  1    cpu time:    8233.2
     Rotating WFCS
     Rotating WFCS
     Rotating WFCS
     Rotating WFCS
     Rotating WFCS
     Rotating WFCS
     Rotating WFCS
     End of magnetic susceptibility calculation
 
     f-sum rule (1st term):
          -125.4216         -0.1433         -0.0410
            -0.1336       -125.5840          0.0109
            -0.0366          0.0112       -125.6462

     f-sum rule (2nd term):
            -2.6087          0.1322          0.0414
             0.1336         -2.5936         -0.0109
             0.0367         -0.0112         -2.5306

     f-sum rule (should be  -128.1771):
          -128.0303         -0.0110          0.0004
             0.0000       -128.1776          0.0000
             0.0001          0.0000       -128.1768

     chi_bare pGv (HH) in paratec units:
       -32.012745      5.070180      1.117857
         5.132914    -29.725595      1.102982
         0.761659      0.970429    -26.227492

       -32.012745      5.070180      1.117857
         5.132914    -29.725595      1.102982
         0.761659      0.970429    -26.227492

     chi_bare vGv (VV) in paratec units:
       -32.228672      6.692197      0.803721
         6.690732    -29.617642      0.381813
         0.793603      0.376392    -24.571868

       -32.228672      6.692197      0.803721
         6.690732    -29.617642      0.381813
         0.793603      0.376392    -24.571868

     chi_bare pGv (HH) in 10^{-6} cm^3/mol:
          -152.1276         24.0940          5.3122
            24.3921       -141.2588          5.2415
             3.6195          4.6116       -124.6355

     chi_bare vGv (VV) in 10^{-6} cm^3/mol:
          -153.1537         31.8019          3.8194
            31.7950       -140.7458          1.8144
             3.7713          1.7887       -116.7678

     Contributions to the NMR chemical shifts: -------------------------------
 
     Macroscopic shape contribution in ppm:                    5.48
             5.9782          0.0000          0.0000
             0.0000          5.5510          0.0000
             0.0000          0.0000          4.8978

 
     Core contribution in ppm:
 
     Atom  1  C   pos: (  0.556129  2.333946  0.927212)  core sigma:         200.51
     Atom  2  C   pos: (  0.762662  1.185513  1.885333)  core sigma:         200.51
     Atom  3  C   pos: (  0.092144  1.927407  0.829513)  core sigma:         200.51
     Atom  4  C   pos: (  1.226647  1.592052  1.983032)  core sigma:         200.51
     Atom  5  C   pos: (  0.070181  2.034727  0.447513)  core sigma:         200.51
     Atom  6  C   pos: (  1.248610  1.484732  2.365032)  core sigma:         200.51
     Atom  7  H   pos: ( -0.122150  1.893504  0.264601)  core sigma:           0.00
     Atom  8  H   pos: (  1.440941  1.625956  2.547944)  core sigma:           0.00
     Atom  9  C   pos: (  0.311374  2.288486  0.317519)  core sigma:         200.51
     Atom 10  C   pos: (  1.007417  1.230973  2.495026)  core sigma:         200.51
     Atom 11  H   pos: (  0.322825  2.375713  0.026608)  core sigma:           0.00
     Atom 12  H   pos: (  0.995966  1.143747  2.785937)  core sigma:           0.00
     Atom 13  N   pos: (  0.565095  2.417269  0.549886)  core sigma:         235.78
     Atom 14  N   pos: (  0.753696  1.102190  2.262659)  core sigma:         235.78
     Atom 15  H   pos: (  0.721595  2.649595  0.488649)  core sigma:           0.00
     Atom 16  H   pos: (  0.597196  0.869864  2.323896)  core sigma:           0.00
     Atom 17  N   pos: (  0.323629  2.090991  1.069652)  core sigma:         235.78
     Atom 18  N   pos: (  0.995162  1.428469  1.742893)  core sigma:         235.78
     Atom 19  N   pos: (  0.799383  2.494024  1.140727)  core sigma:         235.78
     Atom 20  N   pos: (  0.519408  1.025435  1.671818)  core sigma:         235.78
     Atom 21  H   pos: (  0.768018  2.490427  1.424012)  core sigma:           0.00
     Atom 22  H   pos: (  0.550773  1.029032  1.388533)  core sigma:           0.00
     Atom 23  H   pos: (  0.946720  2.712255  1.023329)  core sigma:           0.00
     Atom 24  H   pos: (  0.372071  0.807204  1.789216)  core sigma:           0.00
     Atom 25  N   pos: ( -0.136751  1.687563  0.976537)  core sigma:         235.78
     Atom 26  N   pos: (  1.455542  1.831896  1.836008)  core sigma:         235.78
     Atom 27  H   pos: ( -0.299934  1.525806  0.812518)  core sigma:           0.00
     Atom 28  H   pos: (  1.618725  1.993654  2.000027)  core sigma:           0.00
     Atom 29  H   pos: ( -0.093853  1.598530  1.247560)  core sigma:           0.00
     Atom 30  H   pos: (  1.412645  1.920929  1.564985)  core sigma:           0.00
     Atom 31  N   pos: (  0.847016  0.665273  0.706883)  core sigma:         235.78
     Atom 32  N   pos: (  0.471775  2.854186  2.105662)  core sigma:         235.78
     Atom 33  O   pos: (  0.875612  0.315935  0.621907)  core sigma:         271.07
     Atom 34  O   pos: (  0.443179  3.203524  2.190638)  core sigma:         271.07
     Atom 35  O   pos: (  0.587365  0.768430  0.915058)  core sigma:         271.07
     Atom 36  O   pos: (  0.731426  2.751029  1.897487)  core sigma:         271.07
     Atom 37  O   pos: (  0.083933  0.883688  0.582916)  core sigma:         271.07
     Atom 38  O   pos: (  1.234858  2.635771  2.229629)  core sigma:         271.07
 
     Bare contribution in ppm:
 
     Atom  1  C   pos: (  0.556129  2.333946  0.927212)  bare sigma:         -64.37
           -49.0817        -19.3916         -9.1390
           -27.4705        -53.0420          4.1973
             0.3702         10.9496        -90.9892

     Atom  2  C   pos: (  0.762662  1.185513  1.885333)  bare sigma:         -64.37
           -49.0817        -19.3916         -9.1390
           -27.4705        -53.0420          4.1973
             0.3702         10.9496        -90.9892

     Atom  3  C   pos: (  0.092144  1.927407  0.829513)  bare sigma:         -67.02
           -59.1090        -38.4888         -7.1789
           -35.0608        -53.4787          8.3468
           -15.6192          9.0287        -88.4794

     Atom  4  C   pos: (  1.226647  1.592052  1.983032)  bare sigma:         -67.02
           -59.1090        -38.4888         -7.1789
           -35.0608        -53.4787          8.3468
           -15.6192          9.0287        -88.4794

     Atom  5  C   pos: (  0.070181  2.034727  0.447513)  bare sigma:         -42.19
           -29.8286        -31.2963        -19.8141
           -37.1306        -31.2801          8.5502
           -25.1422         -2.2646        -65.4679

     Atom  6  C   pos: (  1.248610  1.484732  2.365032)  bare sigma:         -42.19
           -29.8286        -31.2963        -19.8141
           -37.1306        -31.2801          8.5502
           -25.1422         -2.2646        -65.4679

     Atom  7  H   pos: ( -0.122150  1.893504  0.264601)  bare sigma:          18.34
            19.2832          0.2346         -3.5736
            -0.3838         16.8700         -1.2064
            -1.0440         -1.3887         18.8709

     Atom  8  H   pos: (  1.440941  1.625956  2.547944)  bare sigma:          18.34
            19.2832          0.2346         -3.5736
            -0.3838         16.8700         -1.2064
            -1.0440         -1.3887         18.8709

     Atom  9  C   pos: (  0.311374  2.288486  0.317519)  bare sigma:         -50.99
           -35.0310        -21.6770        -16.4960
           -29.6657        -32.8944         13.2224
           -20.3122          8.5616        -85.0585

     Atom 10  C   pos: (  1.007417  1.230973  2.495026)  bare sigma:         -50.99
           -35.0310        -21.6770        -16.4960
           -29.6657        -32.8944         13.2224
           -20.3122          8.5616        -85.0585

     Atom 11  H   pos: (  0.322825  2.375713  0.026608)  bare sigma:          16.04
            14.5116          4.2627          1.7264
             2.2249         13.0187         -0.9158
            -0.1867         -0.2380         20.5820

     Atom 12  H   pos: (  0.995966  1.143747  2.785937)  bare sigma:          16.04
            14.5116          4.2627          1.7264
             2.2249         13.0187         -0.9158
            -0.1867         -0.2380         20.5820

     Atom 13  N   pos: (  0.565095  2.417269  0.549886)  bare sigma:          -8.70
             1.6034        -36.4240        -11.3533
           -43.8227         -2.5675         -3.9347
            -9.1860         10.8155        -25.1322

     Atom 14  N   pos: (  0.753696  1.102190  2.262659)  bare sigma:          -8.70
             1.6034        -36.4240        -11.3533
           -43.8227         -2.5675         -3.9347
            -9.1860         10.8155        -25.1322

     Atom 15  H   pos: (  0.721595  2.649595  0.488649)  bare sigma:          13.40
            12.9737          5.9953          3.0744
             8.0705         15.5855         -0.9583
             1.2831          0.0437         11.6315

     Atom 16  H   pos: (  0.597196  0.869864  2.323896)  bare sigma:          13.40
            12.9737          5.9953          3.0744
             8.0705         15.5855         -0.9583
             1.2831          0.0437         11.6315

     Atom 17  N   pos: (  0.323629  2.090991  1.069652)  bare sigma:         -31.85
           -22.1737        -66.0356        -14.3258
           -71.8421        -20.8320         10.5622
           -16.5302          8.8528        -52.5415

     Atom 18  N   pos: (  0.995162  1.428469  1.742893)  bare sigma:         -31.85
           -22.1737        -66.0356        -14.3258
           -71.8421        -20.8320         10.5622
           -16.5302          8.8528        -52.5415

     Atom 19  N   pos: (  0.799383  2.494024  1.140727)  bare sigma:          11.58
            25.7172         -8.3205          4.6719
           -14.8310         15.8755         23.9175
             8.4228         13.1054         -6.8493

     Atom 20  N   pos: (  0.519408  1.025435  1.671818)  bare sigma:          11.58
            25.7172         -8.3205          4.6719
           -14.8310         15.8755         23.9175
             8.4228         13.1054         -6.8493

     Atom 21  H   pos: (  0.768018  2.490427  1.424012)  bare sigma:          16.26
            11.1560          1.1570         -2.3470
             1.4415         12.7316          4.9904
            -1.2306          2.0564         24.8873

     Atom 22  H   pos: (  0.550773  1.029032  1.388533)  bare sigma:          16.26
            11.1560          1.1570         -2.3470
             1.4415         12.7316          4.9904
            -1.2306          2.0564         24.8873

     Atom 23  H   pos: (  0.946720  2.712255  1.023329)  bare sigma:          15.46
            12.8975          4.5496         -2.0648
             6.9368         18.3132         -6.0140
            -1.3335         -4.1168         15.1647

     Atom 24  H   pos: (  0.372071  0.807204  1.789216)  bare sigma:          15.46
            12.8975          4.5496         -2.0648
             6.9368         18.3132         -6.0140
            -1.3335         -4.1168         15.1647

     Atom 25  N   pos: ( -0.136751  1.687563  0.976537)  bare sigma:           5.14
            14.5693        -10.0656        -15.5673
           -10.9700         20.1721        -11.7653
           -15.1555         -1.1343        -19.3268

     Atom 26  N   pos: (  1.455542  1.831896  1.836008)  bare sigma:           5.14
            14.5693        -10.0656        -15.5673
           -10.9700         20.1721        -11.7653
           -15.1555         -1.1343        -19.3268

     Atom 27  H   pos: ( -0.299934  1.525806  0.812518)  bare sigma:          18.92
            18.2012          2.3788          1.0429
             4.0770         21.4645          1.3806
             0.5211         -1.2379         17.1087

     Atom 28  H   pos: (  1.618725  1.993654  2.000027)  bare sigma:          18.92
            18.2012          2.3788          1.0429
             4.0770         21.4645          1.3806
             0.5211         -1.2379         17.1087

     Atom 29  H   pos: ( -0.093853  1.598530  1.247560)  bare sigma:          13.24
             9.0918          3.3515          3.7793
             2.8612         10.2353         -9.7813
             2.1714         -3.7631         20.4033

     Atom 30  H   pos: (  1.412645  1.920929  1.564985)  bare sigma:          13.24
             9.0918          3.3515          3.7793
             2.8612         10.2353         -9.7813
             2.1714         -3.7631         20.4033

     Atom 31  N   pos: (  0.847016  0.665273  0.706883)  bare sigma:         -69.07
           -60.2328          2.9756         13.9650
             1.9666        -91.2361         -9.2864
            15.5078        -11.5004        -55.7488

     Atom 32  N   pos: (  0.471775  2.854186  2.105662)  bare sigma:         -69.07
           -60.2328          2.9756         13.9650
             1.9666        -91.2361         -9.2864
            15.5078        -11.5004        -55.7488

     Atom 33  O   pos: (  0.875612  0.315935  0.621907)  bare sigma:         -34.13
           -58.0218        -14.3926         32.2434
           -11.0403         -8.7456          6.8731
            30.1131          2.3667        -35.6153

     Atom 34  O   pos: (  0.443179  3.203524  2.190638)  bare sigma:         -34.13
           -58.0218        -14.3926         32.2434
           -11.0403         -8.7456          6.8731
            30.1131          2.3667        -35.6153

     Atom 35  O   pos: (  0.587365  0.768430  0.915058)  bare sigma:         -51.59
           -39.2315        -25.0039         32.8376
            -6.7589        -98.9778        -14.8275
            30.2242          0.0409        -16.5596

     Atom 36  O   pos: (  0.731426  2.751029  1.897487)  bare sigma:         -51.59
           -39.2315        -25.0039         32.8376
            -6.7589        -98.9778        -14.8275
            30.2242          0.0409        -16.5596

     Atom 37  O   pos: (  0.083933  0.883688  0.582916)  bare sigma:         -62.56
           -51.0405          2.2147         53.0728
           -11.9089       -102.0223        -10.2088
            47.4930        -25.3031        -34.6130

     Atom 38  O   pos: (  1.234858  2.635771  2.229629)  bare sigma:         -62.56
           -51.0405          2.2147         53.0728
           -11.9089       -102.0223        -10.2088
            47.4930        -25.3031        -34.6130

     Diamagnetic contribution in ppm:
 
     Atom  1  C   pos: (  0.556129  2.333946  0.927212)  dia sigma:           4.28
             4.2639         -0.1026         -0.0258
            -0.1026          4.2636         -0.0057
            -0.0258         -0.0057          4.3164

     Atom  2  C   pos: (  0.762662  1.185513  1.885333)  dia sigma:           4.28
             4.2639         -0.1026         -0.0258
            -0.1026          4.2636         -0.0057
            -0.0258         -0.0057          4.3164

     Atom  3  C   pos: (  0.092144  1.927407  0.829513)  dia sigma:           4.29
             4.3385         -0.0925         -0.0337
            -0.0925          4.3270          0.0468
            -0.0337          0.0468          4.1947

     Atom  4  C   pos: (  1.226647  1.592052  1.983032)  dia sigma:           4.29
             4.3385         -0.0925         -0.0337
            -0.0925          4.3270          0.0468
            -0.0337          0.0468          4.1947

     Atom  5  C   pos: (  0.070181  2.034727  0.447513)  dia sigma:           4.52
             4.4956         -0.0888         -0.0071
            -0.0888          4.5322          0.0163
            -0.0071          0.0163          4.5214

     Atom  6  C   pos: (  1.248610  1.484732  2.365032)  dia sigma:           4.52
             4.4956         -0.0888         -0.0071
            -0.0888          4.5322          0.0163
            -0.0071          0.0163          4.5214

     Atom  7  H   pos: ( -0.122150  1.893504  0.264601)  dia sigma:           1.14
             1.1368         -0.0000         -0.0000
            -0.0000          1.1368          0.0000
            -0.0000          0.0000          1.1368

     Atom  8  H   pos: (  1.440941  1.625956  2.547944)  dia sigma:           1.14
             1.1368         -0.0000         -0.0000
            -0.0000          1.1368          0.0000
            -0.0000          0.0000          1.1368

     Atom  9  C   pos: (  0.311374  2.288486  0.317519)  dia sigma:           4.43
             4.4702         -0.1012          0.0490
            -0.1012          4.4367          0.0898
             0.0490          0.0898          4.3771

     Atom 10  C   pos: (  1.007417  1.230973  2.495026)  dia sigma:           4.43
             4.4702         -0.1012          0.0490
            -0.1012          4.4367          0.0898
             0.0490          0.0898          4.3771

     Atom 11  H   pos: (  0.322825  2.375713  0.026608)  dia sigma:           1.11
             1.1070         -0.0000         -0.0000
            -0.0000          1.1070          0.0000
            -0.0000          0.0000          1.1070

     Atom 12  H   pos: (  0.995966  1.143747  2.785937)  dia sigma:           1.11
             1.1070         -0.0000         -0.0000
            -0.0000          1.1070          0.0000
            -0.0000          0.0000          1.1070

     Atom 13  N   pos: (  0.565095  2.417269  0.549886)  dia sigma:          10.16
            10.0164          0.1671          0.0991
             0.1671         10.0746         -0.0964
             0.0991         -0.0964         10.3920

     Atom 14  N   pos: (  0.753696  1.102190  2.262659)  dia sigma:          10.16
            10.0164          0.1671          0.0991
             0.1671         10.0746         -0.0964
             0.0991         -0.0964         10.3920

     Atom 15  H   pos: (  0.721595  2.649595  0.488649)  dia sigma:           1.03
             1.0320         -0.0000         -0.0000
            -0.0000          1.0320          0.0000
            -0.0000          0.0000          1.0320

     Atom 16  H   pos: (  0.597196  0.869864  2.323896)  dia sigma:           1.03
             1.0320         -0.0000         -0.0000
            -0.0000          1.0320          0.0000
            -0.0000          0.0000          1.0320

     Atom 17  N   pos: (  0.323629  2.090991  1.069652)  dia sigma:           9.48
             9.6327          0.1370          0.0229
             0.1370          9.6265          0.1156
             0.0229          0.1156          9.1848

     Atom 18  N   pos: (  0.995162  1.428469  1.742893)  dia sigma:           9.48
             9.6327          0.1370          0.0229
             0.1370          9.6265          0.1156
             0.0229          0.1156          9.1848

     Atom 19  N   pos: (  0.799383  2.494024  1.140727)  dia sigma:          10.32
            10.2085          0.2929          0.0785
             0.2929         10.2299          0.0181
             0.0785          0.0181         10.5273

     Atom 20  N   pos: (  0.519408  1.025435  1.671818)  dia sigma:          10.32
            10.2085          0.2929          0.0785
             0.2929         10.2299          0.0181
             0.0785          0.0181         10.5273

     Atom 21  H   pos: (  0.768018  2.490427  1.424012)  dia sigma:           1.03
             1.0341         -0.0000         -0.0000
            -0.0000          1.0341          0.0000
            -0.0000          0.0000          1.0341

     Atom 22  H   pos: (  0.550773  1.029032  1.388533)  dia sigma:           1.03
             1.0341         -0.0000         -0.0000
            -0.0000          1.0341          0.0000
            -0.0000          0.0000          1.0341

     Atom 23  H   pos: (  0.946720  2.712255  1.023329)  dia sigma:           1.02
             1.0197         -0.0000         -0.0000
            -0.0000          1.0197          0.0000
            -0.0000          0.0000          1.0197

     Atom 24  H   pos: (  0.372071  0.807204  1.789216)  dia sigma:           1.02
             1.0197         -0.0000         -0.0000
            -0.0000          1.0197          0.0000
            -0.0000          0.0000          1.0197

     Atom 25  N   pos: ( -0.136751  1.687563  0.976537)  dia sigma:          10.28
            10.1805          0.3003          0.0724
             0.3003         10.2451         -0.0734
             0.0724         -0.0734         10.4031

     Atom 26  N   pos: (  1.455542  1.831896  1.836008)  dia sigma:          10.28
            10.1805          0.3003          0.0724
             0.3003         10.2451         -0.0734
             0.0724         -0.0734         10.4031

     Atom 27  H   pos: ( -0.299934  1.525806  0.812518)  dia sigma:           1.09
             1.0867         -0.0000         -0.0000
            -0.0000          1.0867          0.0000
            -0.0000          0.0000          1.0867

     Atom 28  H   pos: (  1.618725  1.993654  2.000027)  dia sigma:           1.09
             1.0867         -0.0000         -0.0000
            -0.0000          1.0867          0.0000
            -0.0000          0.0000          1.0867

     Atom 29  H   pos: ( -0.093853  1.598530  1.247560)  dia sigma:           1.01
             1.0129         -0.0000         -0.0000
            -0.0000          1.0129          0.0000
            -0.0000          0.0000          1.0129

     Atom 30  H   pos: (  1.412645  1.920929  1.564985)  dia sigma:           1.01
             1.0129         -0.0000         -0.0000
            -0.0000          1.0129          0.0000
            -0.0000          0.0000          1.0129

     Atom 31  N   pos: (  0.847016  0.665273  0.706883)  dia sigma:           8.57
             8.5641         -0.0087         -0.0578
            -0.0087          8.6503          0.0459
            -0.0578          0.0459          8.4835

     Atom 32  N   pos: (  0.471775  2.854186  2.105662)  dia sigma:           8.57
             8.5641         -0.0087         -0.0578
            -0.0087          8.6503          0.0459
            -0.0578          0.0459          8.4835

     Atom 33  O   pos: (  0.875612  0.315935  0.621907)  dia sigma:          17.26
            16.4772         -0.2297          0.3298
            -0.2297         18.3994          0.4082
             0.3298          0.4082         16.8895

     Atom 34  O   pos: (  0.443179  3.203524  2.190638)  dia sigma:          17.26
            16.4772         -0.2297          0.3298
            -0.2297         18.3994          0.4082
             0.3298          0.4082         16.8895

     Atom 35  O   pos: (  0.587365  0.768430  0.915058)  dia sigma:          17.10
            17.5790         -0.6169         -0.4987
            -0.6169         16.2435          0.2948
            -0.4987          0.2948         17.4776

     Atom 36  O   pos: (  0.731426  2.751029  1.897487)  dia sigma:          17.10
            17.5790         -0.6169         -0.4987
            -0.6169         16.2435          0.2948
            -0.4987          0.2948         17.4776

     Atom 37  O   pos: (  0.083933  0.883688  0.582916)  dia sigma:          17.00
            17.3163          0.8777          0.0190
             0.8777         16.7792         -0.6704
             0.0190         -0.6704         16.9050

     Atom 38  O   pos: (  1.234858  2.635771  2.229629)  dia sigma:          17.00
            17.3163          0.8777          0.0190
             0.8777         16.7792         -0.6704
             0.0190         -0.6704         16.9050

     Paramagnetic contribution in ppm:
 
     Atom  1  C   pos: (  0.556129  2.333946  0.927212)  para sigma:        -111.20
           -96.3828        -24.8621        -11.4929
           -31.6814        -96.8655          7.1990
            -1.9486         13.5091       -140.3644

     Atom  2  C   pos: (  0.762662  1.185513  1.885333)  para sigma:        -111.20
           -96.3828        -24.8621        -11.4929
           -31.6814        -96.8655          7.1990
            -1.9486         13.5091       -140.3644

     Atom  3  C   pos: (  0.092144  1.927407  0.829513)  para sigma:        -114.44
          -109.0217        -45.9087         -7.6778
           -40.2791       -100.4880         10.6761
           -13.1724         10.4383       -133.8078

     Atom  4  C   pos: (  1.226647  1.592052  1.983032)  para sigma:        -114.44
          -109.0217        -45.9087         -7.6778
           -40.2791       -100.4880         10.6761
           -13.1724         10.4383       -133.8078

     Atom  5  C   pos: (  0.070181  2.034727  0.447513)  para sigma:         -96.23
           -86.9568        -31.3798        -20.2162
           -34.8435        -82.3370          9.5965
           -24.1542         -1.0145       -119.4023

     Atom  6  C   pos: (  1.248610  1.484732  2.365032)  para sigma:         -96.23
           -86.9568        -31.3798        -20.2162
           -34.8435        -82.3370          9.5965
           -24.1542         -1.0145       -119.4023

     Atom  7  H   pos: ( -0.122150  1.893504  0.264601)  para sigma:           0.00
             0.0000          0.0000          0.0000
             0.0000          0.0000          0.0000
             0.0000          0.0000          0.0000

     Atom  8  H   pos: (  1.440941  1.625956  2.547944)  para sigma:           0.00
             0.0000          0.0000          0.0000
             0.0000          0.0000          0.0000
             0.0000          0.0000          0.0000

     Atom  9  C   pos: (  0.311374  2.288486  0.317519)  para sigma:        -102.22
           -88.3241        -25.5785        -23.1387
           -28.2560        -78.6296         11.8317
           -24.3309          6.4332       -139.7064

     Atom 10  C   pos: (  1.007417  1.230973  2.495026)  para sigma:        -102.22
           -88.3241        -25.5785        -23.1387
           -28.2560        -78.6296         11.8317
           -24.3309          6.4332       -139.7064

     Atom 11  H   pos: (  0.322825  2.375713  0.026608)  para sigma:           0.00
             0.0000          0.0000          0.0000
             0.0000          0.0000          0.0000
             0.0000          0.0000          0.0000

     Atom 12  H   pos: (  0.995966  1.143747  2.785937)  para sigma:           0.00
             0.0000          0.0000          0.0000
             0.0000          0.0000          0.0000
             0.0000          0.0000          0.0000

     Atom 13  N   pos: (  0.565095  2.417269  0.549886)  para sigma:        -118.71
          -106.9159        -64.8817        -22.2854
           -73.6539       -103.6753         -7.4703
           -16.5593         18.1081       -145.5457

     Atom 14  N   pos: (  0.753696  1.102190  2.262659)  para sigma:        -118.71
          -106.9159        -64.8817        -22.2854
           -73.6539       -103.6753         -7.4703
           -16.5593         18.1081       -145.5457

     Atom 15  H   pos: (  0.721595  2.649595  0.488649)  para sigma:           0.00
             0.0000          0.0000          0.0000
             0.0000          0.0000          0.0000
             0.0000          0.0000          0.0000

     Atom 16  H   pos: (  0.597196  0.869864  2.323896)  para sigma:           0.00
             0.0000          0.0000          0.0000
             0.0000          0.0000          0.0000
             0.0000          0.0000          0.0000

     Atom 17  N   pos: (  0.323629  2.090991  1.069652)  para sigma:        -155.84
          -150.3255       -116.2496        -25.7512
          -124.4717       -138.1330         19.4804
           -27.8632         13.8013       -179.0580

     Atom 18  N   pos: (  0.995162  1.428469  1.742893)  para sigma:        -155.84
          -150.3255       -116.2496        -25.7512
          -124.4717       -138.1330         19.4804
           -27.8632         13.8013       -179.0580

     Atom 19  N   pos: (  0.799383  2.494024  1.140727)  para sigma:         -89.08
           -65.6894        -11.7666         10.0363
           -23.3326        -82.2133         43.8616
            16.0770         23.8653       -119.3487

     Atom 20  N   pos: (  0.519408  1.025435  1.671818)  para sigma:         -89.08
           -65.6894        -11.7666         10.0363
           -23.3326        -82.2133         43.8616
            16.0770         23.8653       -119.3487

     Atom 21  H   pos: (  0.768018  2.490427  1.424012)  para sigma:           0.00
             0.0000          0.0000          0.0000
             0.0000          0.0000          0.0000
             0.0000          0.0000          0.0000

     Atom 22  H   pos: (  0.550773  1.029032  1.388533)  para sigma:           0.00
             0.0000          0.0000          0.0000
             0.0000          0.0000          0.0000
             0.0000          0.0000          0.0000

     Atom 23  H   pos: (  0.946720  2.712255  1.023329)  para sigma:           0.00
             0.0000          0.0000          0.0000
             0.0000          0.0000          0.0000
             0.0000          0.0000          0.0000

     Atom 24  H   pos: (  0.372071  0.807204  1.789216)  para sigma:           0.00
             0.0000          0.0000          0.0000
             0.0000          0.0000          0.0000
             0.0000          0.0000          0.0000

     Atom 25  N   pos: ( -0.136751  1.687563  0.976537)  para sigma:         -99.26
           -85.0695        -16.0144        -30.0047
           -16.3556        -72.9174        -20.0385
           -26.2442         -2.3976       -139.7812

     Atom 26  N   pos: (  1.455542  1.831896  1.836008)  para sigma:         -99.26
           -85.0695        -16.0144        -30.0047
           -16.3556        -72.9174        -20.0385
           -26.2442         -2.3976       -139.7812

     Atom 27  H   pos: ( -0.299934  1.525806  0.812518)  para sigma:           0.00
             0.0000          0.0000          0.0000
             0.0000          0.0000          0.0000
             0.0000          0.0000          0.0000

     Atom 28  H   pos: (  1.618725  1.993654  2.000027)  para sigma:           0.00
             0.0000          0.0000          0.0000
             0.0000          0.0000          0.0000
             0.0000          0.0000          0.0000

     Atom 29  H   pos: ( -0.093853  1.598530  1.247560)  para sigma:           0.00
             0.0000          0.0000          0.0000
             0.0000          0.0000          0.0000
             0.0000          0.0000          0.0000

     Atom 30  H   pos: (  1.412645  1.920929  1.564985)  para sigma:           0.00
             0.0000          0.0000          0.0000
             0.0000          0.0000          0.0000
             0.0000          0.0000          0.0000

     Atom 31  N   pos: (  0.847016  0.665273  0.706883)  para sigma:        -223.22
          -205.5222          3.8753         34.8033
            -1.5262       -270.5139        -21.6055
            33.7160        -24.6890       -193.6145

     Atom 32  N   pos: (  0.471775  2.854186  2.105662)  para sigma:        -223.22
          -205.5222          3.8753         34.8033
            -1.5262       -270.5139        -21.6055
            33.7160        -24.6890       -193.6145

     Atom 33  O   pos: (  0.875612  0.315935  0.621907)  para sigma:        -204.12
          -248.0978        -28.3007         58.2670
           -24.0883       -156.8515         14.7015
            53.9538          2.7870       -207.4036

     Atom 34  O   pos: (  0.443179  3.203524  2.190638)  para sigma:        -204.12
          -248.0978        -28.3007         58.2670
           -24.0883       -156.8515         14.7015
            53.9538          2.7870       -207.4036

     Atom 35  O   pos: (  0.587365  0.768430  0.915058)  para sigma:        -240.58
          -222.0857        -48.6341         70.9359
           -14.2067       -328.7808        -34.0099
            58.7663         -0.3575       -170.8762

     Atom 36  O   pos: (  0.731426  2.751029  1.897487)  para sigma:        -240.58
          -222.0857        -48.6341         70.9359
           -14.2067       -328.7808        -34.0099
            58.7663         -0.3575       -170.8762

     Atom 37  O   pos: (  0.083933  0.883688  0.582916)  para sigma:        -263.92
          -244.4448         -2.8139        110.0022
           -33.9683       -341.7833        -16.5198
            93.8380        -47.5254       -205.5447

     Atom 38  O   pos: (  1.234858  2.635771  2.229629)  para sigma:        -263.92
          -244.4448         -2.8139        110.0022
           -33.9683       -341.7833        -16.5198
            93.8380        -47.5254       -205.5447

     Paramagnetic US occ-occ contribution in ppm:
 
     Atom  1  C   pos: (  0.556129  2.333946  0.927212)  para_oo sigma:          -2.15
            -1.8093         -0.7411         -0.0563
            -0.7386         -1.8124          0.2589
            -0.0949          0.2218         -2.8172

     Atom  2  C   pos: (  0.762662  1.185513  1.885333)  para_oo sigma:          -2.15
            -1.8093         -0.7411         -0.0563
            -0.7386         -1.8124          0.2589
            -0.0949          0.2218         -2.8172

     Atom  3  C   pos: (  0.092144  1.927407  0.829513)  para_oo sigma:          -1.70
            -1.1861         -0.3759         -0.3885
            -0.3763         -1.1337          0.2254
            -0.4150          0.2117         -2.7860

     Atom  4  C   pos: (  1.226647  1.592052  1.983032)  para_oo sigma:          -1.70
            -1.1861         -0.3759         -0.3885
            -0.3763         -1.1337          0.2254
            -0.4150          0.2117         -2.7860

     Atom  5  C   pos: (  0.070181  2.034727  0.447513)  para_oo sigma:          -0.64
            -0.4701         -0.2883         -0.4176
            -0.2595         -0.3012         -0.0472
            -0.4189         -0.0987         -1.1361

     Atom  6  C   pos: (  1.248610  1.484732  2.365032)  para_oo sigma:          -0.64
            -0.4701         -0.2883         -0.4176
            -0.2595         -0.3012         -0.0472
            -0.4189         -0.0987         -1.1361

     Atom  7  H   pos: ( -0.122150  1.893504  0.264601)  para_oo sigma:           0.00
             0.0000          0.0000          0.0000
             0.0000          0.0000          0.0000
             0.0000          0.0000          0.0000

     Atom  8  H   pos: (  1.440941  1.625956  2.547944)  para_oo sigma:           0.00
             0.0000          0.0000          0.0000
             0.0000          0.0000          0.0000
             0.0000          0.0000          0.0000

     Atom  9  C   pos: (  0.311374  2.288486  0.317519)  para_oo sigma:          -0.93
            -0.5584         -0.3209          0.4339
            -0.3838         -0.9014          0.7721
             0.3976          0.6686         -1.3444

     Atom 10  C   pos: (  1.007417  1.230973  2.495026)  para_oo sigma:          -0.93
            -0.5584         -0.3209          0.4339
            -0.3838         -0.9014          0.7721
             0.3976          0.6686         -1.3444

     Atom 11  H   pos: (  0.322825  2.375713  0.026608)  para_oo sigma:           0.00
             0.0000          0.0000          0.0000
             0.0000          0.0000          0.0000
             0.0000          0.0000          0.0000

     Atom 12  H   pos: (  0.995966  1.143747  2.785937)  para_oo sigma:           0.00
             0.0000          0.0000          0.0000
             0.0000          0.0000          0.0000
             0.0000          0.0000          0.0000

     Atom 13  N   pos: (  0.565095  2.417269  0.549886)  para_oo sigma:          -0.97
            -0.9016         -1.0433          0.2484
            -0.9927         -1.0774          0.4363
             0.3183          0.6463         -0.9371

     Atom 14  N   pos: (  0.753696  1.102190  2.262659)  para_oo sigma:          -0.97
            -0.9016         -1.0433          0.2484
            -0.9927         -1.0774          0.4363
             0.3183          0.6463         -0.9371

     Atom 15  H   pos: (  0.721595  2.649595  0.488649)  para_oo sigma:           0.00
             0.0000          0.0000          0.0000
             0.0000          0.0000          0.0000
             0.0000          0.0000          0.0000

     Atom 16  H   pos: (  0.597196  0.869864  2.323896)  para_oo sigma:           0.00
             0.0000          0.0000          0.0000
             0.0000          0.0000          0.0000
             0.0000          0.0000          0.0000

     Atom 17  N   pos: (  0.323629  2.090991  1.069652)  para_oo sigma:          -1.76
            -0.7569         -0.5516         -0.2626
            -0.5334         -0.7043          0.5899
            -0.3754          0.5787         -3.8044

     Atom 18  N   pos: (  0.995162  1.428469  1.742893)  para_oo sigma:          -1.76
            -0.7569         -0.5516         -0.2626
            -0.5334         -0.7043          0.5899
            -0.3754          0.5787         -3.8044

     Atom 19  N   pos: (  0.799383  2.494024  1.140727)  para_oo sigma:          -1.49
            -1.0222         -0.6796          0.2934
            -0.7006         -1.1028          0.8736
             0.3300          0.6120         -2.3589

     Atom 20  N   pos: (  0.519408  1.025435  1.671818)  para_oo sigma:          -1.49
            -1.0222         -0.6796          0.2934
            -0.7006         -1.1028          0.8736
             0.3300          0.6120         -2.3589

     Atom 21  H   pos: (  0.768018  2.490427  1.424012)  para_oo sigma:           0.00
             0.0000          0.0000          0.0000
             0.0000          0.0000          0.0000
             0.0000          0.0000          0.0000

     Atom 22  H   pos: (  0.550773  1.029032  1.388533)  para_oo sigma:           0.00
             0.0000          0.0000          0.0000
             0.0000          0.0000          0.0000
             0.0000          0.0000          0.0000

     Atom 23  H   pos: (  0.946720  2.712255  1.023329)  para_oo sigma:           0.00
             0.0000          0.0000          0.0000
             0.0000          0.0000          0.0000
             0.0000          0.0000          0.0000

     Atom 24  H   pos: (  0.372071  0.807204  1.789216)  para_oo sigma:           0.00
             0.0000          0.0000          0.0000
             0.0000          0.0000          0.0000
             0.0000          0.0000          0.0000

     Atom 25  N   pos: ( -0.136751  1.687563  0.976537)  para_oo sigma:          -1.04
            -0.4651         -0.1748         -0.3912
            -0.2117         -0.3865          0.0844
            -0.3352          0.3013         -2.2684

     Atom 26  N   pos: (  1.455542  1.831896  1.836008)  para_oo sigma:          -1.04
            -0.4651         -0.1748         -0.3912
            -0.2117         -0.3865          0.0844
            -0.3352          0.3013         -2.2684

     Atom 27  H   pos: ( -0.299934  1.525806  0.812518)  para_oo sigma:           0.00
             0.0000          0.0000          0.0000
             0.0000          0.0000          0.0000
             0.0000          0.0000          0.0000

     Atom 28  H   pos: (  1.618725  1.993654  2.000027)  para_oo sigma:           0.00
             0.0000          0.0000          0.0000
             0.0000          0.0000          0.0000
             0.0000          0.0000          0.0000

     Atom 29  H   pos: ( -0.093853  1.598530  1.247560)  para_oo sigma:           0.00
             0.0000          0.0000          0.0000
             0.0000          0.0000          0.0000
             0.0000          0.0000          0.0000

     Atom 30  H   pos: (  1.412645  1.920929  1.564985)  para_oo sigma:           0.00
             0.0000          0.0000          0.0000
             0.0000          0.0000          0.0000
             0.0000          0.0000          0.0000

     Atom 31  N   pos: (  0.847016  0.665273  0.706883)  para_oo sigma:          -3.32
            -2.7563          0.0994          0.1909
             0.0485         -4.1736         -0.3718
             0.4469         -0.3750         -3.0373

     Atom 32  N   pos: (  0.471775  2.854186  2.105662)  para_oo sigma:          -3.32
            -2.7563          0.0994          0.1909
             0.0485         -4.1736         -0.3718
             0.4469         -0.3750         -3.0373

     Atom 33  O   pos: (  0.875612  0.315935  0.621907)  para_oo sigma:          -5.00
            -6.9830         -1.4854          3.7529
            -1.3166         -3.3141          0.6775
             3.4279          0.5358         -4.7078

     Atom 34  O   pos: (  0.443179  3.203524  2.190638)  para_oo sigma:          -5.00
            -6.9830         -1.4854          3.7529
            -1.3166         -3.3141          0.6775
             3.4279          0.5358         -4.7078

     Atom 35  O   pos: (  0.587365  0.768430  0.915058)  para_oo sigma:          -6.88
            -4.4815         -3.0745          0.4041
            -2.5473        -12.4211          0.0637
             0.5597          0.2910         -3.7437

     Atom 36  O   pos: (  0.731426  2.751029  1.897487)  para_oo sigma:          -6.88
            -4.4815         -3.0745          0.4041
            -2.5473        -12.4211          0.0637
             0.5597          0.2910         -3.7437

     Atom 37  O   pos: (  0.083933  0.883688  0.582916)  para_oo sigma:          -7.53
            -5.8730          3.4809          2.5807
             3.0278        -10.0902         -3.7993
             2.3649         -3.6913         -6.6363

     Atom 38  O   pos: (  1.234858  2.635771  2.229629)  para_oo sigma:          -7.53
            -5.8730          3.4809          2.5807
             3.0278        -10.0902         -3.7993
             2.3649         -3.6913         -6.6363

     Paramagnetic US L_R Q_R contribution in ppm:
 
     Atom  1  C   pos: (  0.556129  2.333946  0.927212)  para_lq sigma:         -15.49
           -14.2381         -2.8114         -1.4564
            -2.8878        -13.5594          0.2167
            -0.4962          1.0649        -18.6794

     Atom  2  C   pos: (  0.762662  1.185513  1.885333)  para_lq sigma:         -15.49
           -14.2381         -2.8114         -1.4564
            -2.8878        -13.5594          0.2167
            -0.4962          1.0649        -18.6794

     Atom  3  C   pos: (  0.092144  1.927407  0.829513)  para_lq sigma:         -14.90
           -13.8941         -3.0225         -0.3951
            -2.7018        -13.5349          1.2564
            -1.0033          0.9891        -17.2639

     Atom  4  C   pos: (  1.226647  1.592052  1.983032)  para_lq sigma:         -14.90
           -13.8941         -3.0225         -0.3951
            -2.7018        -13.5349          1.2564
            -1.0033          0.9891        -17.2639

     Atom  5  C   pos: (  0.070181  2.034727  0.447513)  para_lq sigma:         -13.16
           -12.5352         -1.6742         -1.2071
            -1.4550        -12.0843          0.2820
            -1.7103         -0.3556        -14.8659

     Atom  6  C   pos: (  1.248610  1.484732  2.365032)  para_lq sigma:         -13.16
           -12.5352         -1.6742         -1.2071
            -1.4550        -12.0843          0.2820
            -1.7103         -0.3556        -14.8659

     Atom  7  H   pos: ( -0.122150  1.893504  0.264601)  para_lq sigma:           0.00
             0.0000          0.0000          0.0000
             0.0000          0.0000          0.0000
             0.0000          0.0000          0.0000

     Atom  8  H   pos: (  1.440941  1.625956  2.547944)  para_lq sigma:           0.00
             0.0000          0.0000          0.0000
             0.0000          0.0000          0.0000
             0.0000          0.0000          0.0000

     Atom  9  C   pos: (  0.311374  2.288486  0.317519)  para_lq sigma:         -13.56
           -12.6744         -1.7623         -0.4669
            -1.8306        -12.3398          1.4791
            -0.6492          1.1293        -15.6559

     Atom 10  C   pos: (  1.007417  1.230973  2.495026)  para_lq sigma:         -13.56
           -12.6744         -1.7623         -0.4669
            -1.8306        -12.3398          1.4791
            -0.6492          1.1293        -15.6559

     Atom 11  H   pos: (  0.322825  2.375713  0.026608)  para_lq sigma:           0.00
             0.0000          0.0000          0.0000
             0.0000          0.0000          0.0000
             0.0000          0.0000          0.0000

     Atom 12  H   pos: (  0.995966  1.143747  2.785937)  para_lq sigma:           0.00
             0.0000          0.0000          0.0000
             0.0000          0.0000          0.0000
             0.0000          0.0000          0.0000

     Atom 13  N   pos: (  0.565095  2.417269  0.549886)  para_lq sigma:         -64.50
           -62.5394         -8.7154         -3.4384
            -8.8653        -62.7090          1.6558
            -2.5149          2.7721        -68.2475

     Atom 14  N   pos: (  0.753696  1.102190  2.262659)  para_lq sigma:         -64.50
           -62.5394         -8.7154         -3.4384
            -8.8653        -62.7090          1.6558
            -2.5149          2.7721        -68.2475

     Atom 15  H   pos: (  0.721595  2.649595  0.488649)  para_lq sigma:           0.00
             0.0000          0.0000          0.0000
             0.0000          0.0000          0.0000
             0.0000          0.0000          0.0000

     Atom 16  H   pos: (  0.597196  0.869864  2.323896)  para_lq sigma:           0.00
             0.0000          0.0000          0.0000
             0.0000          0.0000          0.0000
             0.0000          0.0000          0.0000

     Atom 17  N   pos: (  0.323629  2.090991  1.069652)  para_lq sigma:         -68.52
           -69.1430         -9.6261         -2.0741
            -9.7881        -67.3709          0.3068
            -2.4335          0.2331        -69.0607

     Atom 18  N   pos: (  0.995162  1.428469  1.742893)  para_lq sigma:         -68.52
           -69.1430         -9.6261         -2.0741
            -9.7881        -67.3709          0.3068
            -2.4335          0.2331        -69.0607

     Atom 19  N   pos: (  0.799383  2.494024  1.140727)  para_lq sigma:         -63.58
           -60.3160         -7.7072          0.2725
            -7.7570        -60.7646          2.7001
            -0.1744          1.7222        -69.6659

     Atom 20  N   pos: (  0.519408  1.025435  1.671818)  para_lq sigma:         -63.58
           -60.3160         -7.7072          0.2725
            -7.7570        -60.7646          2.7001
            -0.1744          1.7222        -69.6659

     Atom 21  H   pos: (  0.768018  2.490427  1.424012)  para_lq sigma:           0.00
             0.0000          0.0000          0.0000
             0.0000          0.0000          0.0000
             0.0000          0.0000          0.0000

     Atom 22  H   pos: (  0.550773  1.029032  1.388533)  para_lq sigma:           0.00
             0.0000          0.0000          0.0000
             0.0000          0.0000          0.0000
             0.0000          0.0000          0.0000

     Atom 23  H   pos: (  0.946720  2.712255  1.023329)  para_lq sigma:           0.00
             0.0000          0.0000          0.0000
             0.0000          0.0000          0.0000
             0.0000          0.0000          0.0000

     Atom 24  H   pos: (  0.372071  0.807204  1.789216)  para_lq sigma:           0.00
             0.0000          0.0000          0.0000
             0.0000          0.0000          0.0000
             0.0000          0.0000          0.0000

     Atom 25  N   pos: ( -0.136751  1.687563  0.976537)  para_lq sigma:         -63.71
           -60.6444         -7.4199         -3.3641
            -7.5883        -61.2583          1.5968
            -2.9714          1.9902        -69.2373

     Atom 26  N   pos: (  1.455542  1.831896  1.836008)  para_lq sigma:         -63.71
           -60.6444         -7.4199         -3.3641
            -7.5883        -61.2583          1.5968
            -2.9714          1.9902        -69.2373

     Atom 27  H   pos: ( -0.299934  1.525806  0.812518)  para_lq sigma:           0.00
             0.0000          0.0000          0.0000
             0.0000          0.0000          0.0000
             0.0000          0.0000          0.0000

     Atom 28  H   pos: (  1.618725  1.993654  2.000027)  para_lq sigma:           0.00
             0.0000          0.0000          0.0000
             0.0000          0.0000          0.0000
             0.0000          0.0000          0.0000

     Atom 29  H   pos: ( -0.093853  1.598530  1.247560)  para_lq sigma:           0.00
             0.0000          0.0000          0.0000
             0.0000          0.0000          0.0000
             0.0000          0.0000          0.0000

     Atom 30  H   pos: (  1.412645  1.920929  1.564985)  para_lq sigma:           0.00
             0.0000          0.0000          0.0000
             0.0000          0.0000          0.0000
             0.0000          0.0000          0.0000

     Atom 31  N   pos: (  0.847016  0.665273  0.706883)  para_lq sigma:         -76.10
           -72.7605          0.1462          7.6367
            -0.2515        -86.2047         -4.7380
             7.8522         -5.2351        -69.3259

     Atom 32  N   pos: (  0.471775  2.854186  2.105662)  para_lq sigma:         -76.10
           -72.7605          0.1462          7.6367
            -0.2515        -86.2047         -4.7380
             7.8522         -5.2351        -69.3259

     Atom 33  O   pos: (  0.875612  0.315935  0.621907)  para_lq sigma:        -170.30
          -174.3637         -4.4324         12.4417
            -4.3944       -166.8390          1.7593
            11.5107          0.7594       -169.7023

     Atom 34  O   pos: (  0.443179  3.203524  2.190638)  para_lq sigma:        -170.30
          -174.3637         -4.4324         12.4417
            -4.3944       -166.8390          1.7593
            11.5107          0.7594       -169.7023

     Atom 35  O   pos: (  0.587365  0.768430  0.915058)  para_lq sigma:        -176.31
          -171.1246         -7.0578          9.8111
             0.8521       -190.6918         -8.6038
            11.5817         -2.2619       -167.1142

     Atom 36  O   pos: (  0.731426  2.751029  1.897487)  para_lq sigma:        -176.31
          -171.1246         -7.0578          9.8111
             0.8521       -190.6918         -8.6038
            11.5817         -2.2619       -167.1142

     Atom 37  O   pos: (  0.083933  0.883688  0.582916)  para_lq sigma:        -179.19
          -174.9933         -0.4795         14.4719
            -7.7508       -192.1491         -1.7559
            13.1267         -6.4942       -170.4182

     Atom 38  O   pos: (  1.234858  2.635771  2.229629)  para_lq sigma:        -179.19
          -174.9933         -0.4795         14.4719
            -7.7508       -192.1491         -1.7559
            13.1267         -6.4942       -170.4182

 
     Total NMR chemical shifts in ppm: ---------------------------------------
     (adopting the Simpson convention for anisotropy and asymmetry)-----------
 
     Atom  1  C   pos: (  0.556129  2.333946  0.927212)  Total sigma:          17.05
            49.2401        -47.9089        -22.1705
           -62.8810         45.0453         11.8662
            -2.1953         25.7397        -43.1261

     C    1    anisotropy:    133.09    eta:   -0.4434
     C    1    sigma_11=     -7.64    axis=(  0.705869  0.696879  0.126917)
     C    1    sigma_22=    -46.98    axis=(  0.013490 -0.192368  0.981230)
     C    1    sigma_33=    105.78    axis=(  0.708214 -0.690908 -0.145188)
 
     Atom  2  C   pos: (  0.762662  1.185513  1.885333)  Total sigma:          17.05
            49.2401        -47.9089        -22.1705
           -62.8810         45.0453         11.8662
            -2.1953         25.7397        -43.1261

     C    2    anisotropy:    133.09    eta:   -0.4434
     C    2    sigma_11=     -7.64    axis=(  0.705869  0.696879  0.126917)
     C    2    sigma_22=    -46.98    axis=(  0.013490 -0.192368  0.981230)
     C    2    sigma_33=    105.78    axis=(  0.708214 -0.690908 -0.145188)
 
     Atom  3  C   pos: (  0.092144  1.927407  0.829513)  Total sigma:          12.21
            27.6157        -87.8883        -15.6740
           -78.5106         41.7528         20.5515
           -30.2436         20.7146        -32.7346

     C    3    anisotropy:    167.99    eta:   -0.1037
     C    3    sigma_11=    -37.98    axis=( -0.063780 -0.311877  0.947979)
     C    3    sigma_22=    -49.59    axis=( -0.742941 -0.619390 -0.253759)
     C    3    sigma_33=    124.20    axis=(  0.666311 -0.720478 -0.192202)
 
     Atom  4  C   pos: (  1.226647  1.592052  1.983032)  Total sigma:          12.21
            27.6157        -87.8883        -15.6740
           -78.5106         41.7528         20.5515
           -30.2436         20.7146        -32.7346

     C    4    anisotropy:    167.99    eta:   -0.1037
     C    4    sigma_11=    -37.98    axis=( -0.063780 -0.311877  0.947979)
     C    4    sigma_22=    -49.59    axis=( -0.742941 -0.619390 -0.253759)
     C    4    sigma_33=    124.20    axis=(  0.666311 -0.720478 -0.192202)
 
     Atom  5  C   pos: (  0.070181  2.034727  0.447513)  Total sigma:          58.28
            81.1931        -64.7274        -41.6621
           -73.7774         84.5906         18.3977
           -51.4327         -3.7170          9.0571

     C    5    anisotropy:    155.34    eta:   -0.5440
     C    5    sigma_11=     34.67    axis=(  0.431271  0.684662 -0.587574)
     C    5    sigma_22=    -21.67    axis=( -0.557294 -0.310004 -0.770273)
     C    5    sigma_33=    161.84    axis=(  0.709527 -0.659648 -0.247863)
 
     Atom  6  C   pos: (  1.248610  1.484732  2.365032)  Total sigma:          58.28
            81.1931        -64.7274        -41.6621
           -73.7774         84.5906         18.3977
           -51.4327         -3.7170          9.0571

     C    6    anisotropy:    155.34    eta:   -0.5440
     C    6    sigma_11=     34.67    axis=(  0.431271  0.684662 -0.587574)
     C    6    sigma_22=    -21.67    axis=( -0.557294 -0.310004 -0.770273)
     C    6    sigma_33=    161.84    axis=(  0.709527 -0.659648 -0.247863)
 
     Atom  7  H   pos: ( -0.122150  1.893504  0.264601)  Total sigma:          24.95
            26.3981          0.2346         -3.5736
            -0.3838         23.5578         -1.2064
            -1.0440         -1.3887         24.9055

     H    7    anisotropy:      4.86    eta:   -0.6711
     H    7    sigma_11=     24.42    axis=(  0.506627 -0.730867  0.457342)
     H    7    sigma_22=     22.25    axis=(  0.372675  0.663983  0.648259)
     H    7    sigma_33=     28.19    axis=( -0.777459 -0.157986  0.608768)
 
     Atom  8  H   pos: (  1.440941  1.625956  2.547944)  Total sigma:          24.95
            26.3981          0.2346         -3.5736
            -0.3838         23.5578         -1.2064
            -1.0440         -1.3887         24.9055

     H    8    anisotropy:      4.86    eta:   -0.6711
     H    8    sigma_11=     24.42    axis=(  0.506627 -0.730867  0.457342)
     H    8    sigma_22=     22.25    axis=(  0.372675  0.663983  0.648259)
     H    8    sigma_33=     28.19    axis=( -0.777459 -0.157986  0.608768)
 
     Atom  9  C   pos: (  0.311374  2.288486  0.317519)  Total sigma:          42.71
            74.3703        -49.4398        -39.6186
           -60.2372         85.7326         27.3950
           -44.8456         16.8824        -31.9803

     C    9    anisotropy:    155.74    eta:   -0.7240
     C    9    sigma_11=     28.38    axis=( -0.667080 -0.716530  0.203936)
     C    9    sigma_22=    -46.79    axis=(  0.318277 -0.026603  0.947624)
     C    9    sigma_33=    146.53    axis=(  0.673576 -0.697049 -0.245801)
 
     Atom 10  C   pos: (  1.007417  1.230973  2.495026)  Total sigma:          42.71
            74.3703        -49.4398        -39.6186
           -60.2372         85.7326         27.3950
           -44.8456         16.8824        -31.9803

     C   10    anisotropy:    155.74    eta:   -0.7240
     C   10    sigma_11=     28.38    axis=( -0.667080 -0.716530  0.203936)
     C   10    sigma_22=    -46.79    axis=(  0.318277 -0.026603  0.947624)
     C   10    sigma_33=    146.53    axis=(  0.673576 -0.697049 -0.245801)
 
     Atom 11  H   pos: (  0.322825  2.375713  0.026608)  Total sigma:          22.62
            21.5968          4.2627          1.7264
             2.2249         19.6767         -0.9158
            -0.1867         -0.2380         26.5868

     H   11    anisotropy:     -8.19    eta:   -0.4970
     H   11    sigma_11=     23.99    axis=(  0.789008  0.606302 -0.099317)
     H   11    sigma_22=     26.70    axis=(  0.138126 -0.017538  0.990259)
     H   11    sigma_33=     17.16    axis=( -0.598655  0.795041  0.097583)
 
     Atom 12  H   pos: (  0.995966  1.143747  2.785937)  Total sigma:          22.62
            21.5968          4.2627          1.7264
             2.2249         19.6767         -0.9158
            -0.1867         -0.2380         26.5868

     H   12    anisotropy:     -8.19    eta:   -0.4970
     H   12    sigma_11=     23.99    axis=(  0.789008  0.606302 -0.099317)
     H   12    sigma_22=     26.70    axis=(  0.138126 -0.017538  0.990259)
     H   12    sigma_33=     17.16    axis=( -0.598655  0.795041  0.097583)
 
     Atom 13  N   pos: (  0.565095  2.417269  0.549886)  Total sigma:          58.53
            83.0171       -110.8974        -36.7295
          -127.1675         81.3725         -9.4093
           -27.8428         32.2456         11.2035

     N   13    anisotropy:    221.45    eta:   -0.3519
     N   13    sigma_11=     10.69    axis=(  0.096237  0.314615 -0.944328)
     N   13    sigma_22=    -41.26    axis=(  0.700284  0.652811  0.288859)
     N   13    sigma_33=    206.17    axis=( -0.707347  0.689097  0.157495)
 
     Atom 14  N   pos: (  0.753696  1.102190  2.262659)  Total sigma:          58.53
            83.0171       -110.8974        -36.7295
          -127.1675         81.3725         -9.4093
           -27.8428         32.2456         11.2035

     N   14    anisotropy:    221.45    eta:   -0.3519
     N   14    sigma_11=     10.69    axis=(  0.096237  0.314615 -0.944328)
     N   14    sigma_22=    -41.26    axis=(  0.700284  0.652811  0.288859)
     N   14    sigma_33=    206.17    axis=( -0.707347  0.689097  0.157495)
 
     Atom 15  H   pos: (  0.721595  2.649595  0.488649)  Total sigma:          19.90
            19.9838          5.9953          3.0744
             8.0705         22.1685         -0.9583
             1.2831          0.0437         17.5613

     H   15    anisotropy:     12.60    eta:   -0.6225
     H   15    sigma_11=     18.32    axis=(  0.244772 -0.339308  0.908271)
     H   15    sigma_22=     13.09    axis=( -0.712441  0.572460  0.405854)
     H   15    sigma_33=     28.30    axis=( -0.657658 -0.746432 -0.101615)
 
     Atom 16  H   pos: (  0.597196  0.869864  2.323896)  Total sigma:          19.90
            19.9838          5.9953          3.0744
             8.0705         22.1685         -0.9583
             1.2831          0.0437         17.5613

     H   16    anisotropy:     12.60    eta:   -0.6225
     H   16    sigma_11=     18.32    axis=(  0.244771 -0.339308  0.908271)
     H   16    sigma_22=     13.09    axis=( -0.712441  0.572460  0.405854)
     H   16    sigma_33=     28.30    axis=( -0.657658 -0.746432 -0.101615)
 
     Atom 17  N   pos: (  0.323629  2.090991  1.069652)  Total sigma:          -7.23
             8.9879       -192.3259        -42.3908
          -206.4983         23.9135         31.0549
           -47.1795         23.5814        -54.6058

     N   17    anisotropy:    348.68    eta:   -0.5255
     N   17    sigma_11=    -62.39    axis=(  0.046057 -0.203173  0.978059)
     N   17    sigma_22=   -184.53    axis=( -0.725412 -0.679935 -0.107083)
     N   17    sigma_33=    225.22    axis=(  0.686773 -0.704564 -0.178700)
 
     Atom 18  N   pos: (  0.995162  1.428469  1.742893)  Total sigma:          -7.23
             8.9879       -192.3259        -42.3908
          -206.4983         23.9135         31.0549
           -47.1795         23.5814        -54.6058

     N   18    anisotropy:    348.68    eta:   -0.5255
     N   18    sigma_11=    -62.39    axis=(  0.046057 -0.203173  0.978059)
     N   18    sigma_22=   -184.53    axis=( -0.725412 -0.679935 -0.107083)
     N   18    sigma_33=    225.22    axis=(  0.686773 -0.704564 -0.178700)
 
     Atom 19  N   pos: (  0.799383  2.494024  1.140727)  Total sigma:         108.99
           150.6525        -28.1810         15.3526
           -46.3283        123.3519         71.3709
            24.7339         39.3230         52.9785

     N   19    anisotropy:   -143.76    eta:   -0.4684
     N   19    sigma_11=    134.47    axis=(  0.629408  0.562087  0.536566)
     N   19    sigma_22=    179.36    axis=( -0.733571  0.657581  0.171641)
     N   19    sigma_33=     13.16    axis=( -0.256359 -0.501642  0.826218)
 
     Atom 20  N   pos: (  0.519408  1.025435  1.671818)  Total sigma:         108.99
           150.6525        -28.1810         15.3526
           -46.3283        123.3519         71.3709
            24.7339         39.3230         52.9785

     N   20    anisotropy:   -143.76    eta:   -0.4684
     N   20    sigma_11=    134.47    axis=(  0.629408  0.562087  0.536566)
     N   20    sigma_22=    179.36    axis=( -0.733571  0.657581  0.171641)
     N   20    sigma_33=     13.16    axis=( -0.256359 -0.501642  0.826218)
 
     Atom 21  H   pos: (  0.768018  2.490427  1.424012)  Total sigma:          22.77
            18.1683          1.1570         -2.3470
             1.4415         19.3168          4.9904
            -1.2306          2.0564         30.8192

     H   21    anisotropy:     13.77    eta:   -0.3775
     H   21    sigma_11=     19.91    axis=(  0.672648  0.729286 -0.125244)
     H   21    sigma_22=     16.44    axis=( -0.733115  0.633835 -0.246569)
     H   21    sigma_33=     31.95    axis=( -0.100436  0.257673  0.960998)
 
     Atom 22  H   pos: (  0.550773  1.029032  1.388533)  Total sigma:          22.77
            18.1683          1.1570         -2.3470
             1.4415         19.3168          4.9904
            -1.2306          2.0564         30.8192

     H   22    anisotropy:     13.77    eta:   -0.3775
     H   22    sigma_11=     19.91    axis=(  0.672648  0.729286 -0.125244)
     H   22    sigma_22=     16.44    axis=( -0.733115  0.633835 -0.246569)
     H   22    sigma_33=     31.95    axis=( -0.100436  0.257673  0.960998)
 
     Atom 23  H   pos: (  0.946720  2.712255  1.023329)  Total sigma:          21.95
            19.8954          4.5496         -2.0648
             6.9368         24.8840         -6.0140
            -1.3335         -4.1168         21.0822

     H   23    anisotropy:     14.01    eta:   -0.3616
     H   23    sigma_11=     18.97    axis=(  0.562599  0.150038  0.813001)
     H   23    sigma_22=     15.59    axis=(  0.691097 -0.625058 -0.362888)
     H   23    sigma_33=     31.30    axis=( -0.453726 -0.766023  0.455348)
 
     Atom 24  H   pos: (  0.372071  0.807204  1.789216)  Total sigma:          21.95
            19.8954          4.5496         -2.0648
             6.9368         24.8840         -6.0140
            -1.3335         -4.1168         21.0822

     H   24    anisotropy:     14.01    eta:   -0.3616
     H   24    sigma_11=     18.97    axis=(  0.562599  0.150038  0.813001)
     H   24    sigma_22=     15.59    axis=(  0.691097 -0.625058 -0.362888)
     H   24    sigma_33=     31.30    axis=( -0.453726 -0.766023  0.455348)
 
     Atom 25  N   pos: ( -0.136751  1.687563  0.976537)  Total sigma:          92.66
           120.3251        -33.3745        -49.2550
           -34.8254        137.1821        -30.1961
           -44.6339         -1.3138         20.4634

     N   25    anisotropy:   -144.36    eta:   -0.5292
     N   25    sigma_11=    115.31    axis=(  0.619341  0.665203 -0.417038)
     N   25    sigma_22=    166.24    axis=( -0.679027  0.720484  0.140799)
     N   25    sigma_33=     -3.58    axis=(  0.394130  0.195978  0.897917)
 
     Atom 26  N   pos: (  1.455542  1.831896  1.836008)  Total sigma:          92.66
           120.3251        -33.3745        -49.2550
           -34.8254        137.1821        -30.1961
           -44.6339         -1.3138         20.4634

     N   26    anisotropy:   -144.36    eta:   -0.5292
     N   26    sigma_11=    115.31    axis=(  0.619341  0.665203 -0.417038)
     N   26    sigma_22=    166.24    axis=( -0.679027  0.720484  0.140799)
     N   26    sigma_33=     -3.58    axis=(  0.394130  0.195978  0.897917)
 
     Atom 27  H   pos: ( -0.299934  1.525806  0.812518)  Total sigma:          25.49
            25.2660          2.3788          1.0429
             4.0770         28.1022          1.3806
             0.5211         -1.2379         23.0931

     H   27    anisotropy:      7.13    eta:   -0.2592
     H   27    sigma_11=     23.73    axis=(  0.587430 -0.444254  0.676435)
     H   27    sigma_22=     22.49    axis=( -0.593285  0.332069  0.733310)
     H   27    sigma_33=     30.24    axis=(  0.550399  0.832087  0.068502)
 
     Atom 28  H   pos: (  1.618725  1.993654  2.000027)  Total sigma:          25.49
            25.2660          2.3788          1.0429
             4.0770         28.1022          1.3806
             0.5211         -1.2379         23.0931

     H   28    anisotropy:      7.13    eta:   -0.2592
     H   28    sigma_11=     23.73    axis=(  0.587431 -0.444254  0.676435)
     H   28    sigma_22=     22.49    axis=( -0.593285  0.332069  0.733310)
     H   28    sigma_33=     30.24    axis=(  0.550398  0.832087  0.068502)
 
     Atom 29  H   pos: ( -0.093853  1.598530  1.247560)  Total sigma:          19.73
            16.0829          3.3515          3.7793
             2.8612         16.7993         -9.7813
             2.1714         -3.7631         26.3140

     H   29    anisotropy:     15.32    eta:   -0.8475
     H   29    sigma_11=     18.95    axis=(  0.805314  0.561280  0.190875)
     H   29    sigma_22=     10.30    axis=( -0.585407  0.702013  0.405557)
     H   29    sigma_33=     29.95    axis=(  0.093634 -0.438341  0.893918)
 
     Atom 30  H   pos: (  1.412645  1.920929  1.564985)  Total sigma:          19.73
            16.0829          3.3515          3.7793
             2.8612         16.7993         -9.7813
             2.1714         -3.7631         26.3140

     H   30    anisotropy:     15.32    eta:   -0.8475
     H   30    sigma_11=     18.95    axis=(  0.805314  0.561280  0.190875)
     H   30    sigma_22=     10.30    axis=( -0.585407  0.702013  0.405557)
     H   30    sigma_33=     29.95    axis=(  0.093634 -0.438341  0.893918)
 
     Atom 31  N   pos: (  0.847016  0.665273  0.706883)  Total sigma:        -121.89
           -90.9534          7.0879         56.5381
             0.2287       -202.1507        -35.9558
            57.4651        -41.7536        -72.5691

     N   31    anisotropy:    153.12    eta:   -0.8479
     N   31    sigma_11=   -129.65    axis=( -0.770775 -0.330738  0.544535)
     N   31    sigma_22=   -216.21    axis=(  0.173103 -0.931262 -0.320605)
     N   31    sigma_33=    -19.81    axis=(  0.613140 -0.152854  0.775045)
 
     Atom 32  N   pos: (  0.471775  2.854186  2.105662)  Total sigma:        -121.89
           -90.9534          7.0879         56.5381
             0.2287       -202.1507        -35.9558
            57.4651        -41.7536        -72.5691

     N   32    anisotropy:    153.12    eta:   -0.8479
     N   32    sigma_11=   -129.65    axis=( -0.770775 -0.330738  0.544535)
     N   32    sigma_22=   -216.21    axis=(  0.173103 -0.931262 -0.320605)
     N   32    sigma_33=    -19.81    axis=(  0.613140 -0.152854  0.775045)
 
     Atom 33  O   pos: (  0.875612  0.315935  0.621907)  Total sigma:        -119.74
          -193.9359        -48.8409        107.0348
           -41.0692        -40.7248         24.4196
            99.3354          6.8571       -124.5668

     O   33    anisotropy:   -235.82    eta:   -0.2059
     O   33    sigma_11=    -57.32    axis=( -0.437478 -0.453210 -0.776668)
     O   33    sigma_22=    -24.95    axis=(  0.403276 -0.870860  0.281019)
     O   33    sigma_33=   -276.95    axis=(  0.803730  0.190272 -0.563751)
 
     Atom 34  O   pos: (  0.443179  3.203524  2.190638)  Total sigma:        -119.74
          -193.9359        -48.8409        107.0348
           -41.0692        -40.7248         24.4196
            99.3354          6.8571       -124.5668

     O   34    anisotropy:   -235.82    eta:   -0.2059
     O   34    sigma_11=    -57.32    axis=( -0.437478 -0.453210 -0.776668)
     O   34    sigma_22=    -24.95    axis=(  0.403276 -0.870860  0.281019)
     O   34    sigma_33=   -276.95    axis=(  0.803730  0.190272 -0.563751)
 
     Atom 35  O   pos: (  0.587365  0.768430  0.915058)  Total sigma:        -181.71
          -142.2912        -84.3873        113.4899
           -23.2778       -338.0021        -57.0828
           100.6331         -1.9927        -64.8435

     O   35    anisotropy:    300.86    eta:   -0.6965
     O   35    sigma_11=   -212.15    axis=( -0.775555  0.190486  0.601855)
     O   35    sigma_22=   -351.85    axis=( -0.244726 -0.969555 -0.008494)
     O   35    sigma_33=     18.86    axis=(  0.581914 -0.153877  0.798560)
 
     Atom 36  O   pos: (  0.731426  2.751029  1.897487)  Total sigma:        -181.71
          -142.2912        -84.3873        113.4899
           -23.2778       -338.0021        -57.0828
           100.6331         -1.9927        -64.8435

     O   36    anisotropy:    300.86    eta:   -0.6965
     O   36    sigma_11=   -212.15    axis=( -0.775555  0.190486  0.601855)
     O   36    sigma_22=   -351.85    axis=( -0.244726 -0.969555 -0.008494)
     O   36    sigma_33=     18.86    axis=(  0.581914 -0.153877  0.798560)
 
     Atom 37  O   pos: (  0.083933  0.883688  0.582916)  Total sigma:        -219.65
          -181.9823          3.2799        180.1466
           -49.7224       -352.6397        -32.9541
           156.8415        -83.6844       -124.3345

     O   37    anisotropy:    370.20    eta:   -0.2209
     O   37    sigma_11=   -315.80    axis=( -0.747859 -0.384875  0.540904)
     O   37    sigma_22=   -370.31    axis=(  0.208765 -0.909801 -0.358719)
     O   37    sigma_33=     27.15    axis=(  0.630177 -0.155350  0.760752)
 
     Atom 38  O   pos: (  1.234858  2.635771  2.229629)  Total sigma:        -219.65
          -181.9823          3.2799        180.1466
           -49.7224       -352.6397        -32.9541
           156.8415        -83.6844       -124.3345

     O   38    anisotropy:    370.20    eta:   -0.2209
     O   38    sigma_11=   -315.80    axis=( -0.747859 -0.384875  0.540904)
     O   38    sigma_22=   -370.31    axis=(  0.208765 -0.909801 -0.358719)
     O   38    sigma_33=     27.15    axis=(  0.630177 -0.155350  0.760752)
 
     Initialization:
     gipaw_setup  :      0.25s CPU      0.27s WALL (       1 calls)
 
     Linear response
     greenf       :   7371.67s CPU   7566.08s WALL (     288 calls)
     cgsolve      :   7335.48s CPU   7529.75s WALL (     288 calls)
     ch_psi       :   7230.69s CPU   7424.84s WALL (   22430 calls)
     h_psiq       :   5492.39s CPU   5682.81s WALL (   22430 calls)
 
     Apply operators
     h_psi        :   4724.08s CPU   4931.74s WALL (   28626 calls)
     apply_vel    :     83.87s CPU     84.07s WALL (     252 calls)
 
     Induced current
     j_para       :    280.87s CPU    297.73s WALL (     324 calls)
     biot_savart  :      0.03s CPU      0.04s WALL (       1 calls)
 
     Other routines
 
     General routines
     calbec       :   1966.15s CPU   1975.13s WALL (   75922 calls)
     fft          :      0.06s CPU      0.13s WALL (      32 calls)
     fftw         :   3267.76s CPU   3477.07s WALL ( 3537722 calls)
     davcio       :      0.04s CPU      0.55s WALL (     192 calls)
 
     Parallel routines
     fft_scatter  :    855.84s CPU    941.67s WALL ( 3537754 calls)
 
     Plugins
 
     GIPAW        :   8781.22s CPU   9029.80s WALL (       1 calls)
