
     Program QE v.6.1 (svn rev. 13369) starts on 14Nov2017 at  2:31:14 

     This program is part of the open-source Quantum ESPRESSO suite
     for quantum simulation of materials; please cite
         "P. Giannozzi et al., J. Phys.:Condens. Matter 21 395502 (2009);
          URL http://www.quantum-espresso.org", 
     in publications or presentations arising from this work. More details at
     http://www.quantum-espresso.org/quote

     Parallel version (MPI), running on     8 processors
     R & G space division:  proc/nbgrp/npool/nimage =       8
 
     ***** This is GIPAW svn revision unknown      *****
 
     Parallelizing q-star over 1 images
     Message from routine gipaw_readin:
     *** iverbosity is obsolete, use verbosity instead ***

     Reading data from directory:
     /scratch/ahofstet/ML/CCDC/GAFRAJ/wfc/scf.save

   Info: using nr1, nr2, nr3 values from input

   Info: using nr1, nr2, nr3 values from input

     IMPORTANT: XC functional enforced from input :
     Exchange-correlation      =  SLA  PW   PBX  PBC ( 1  4  3  4 0 0)
     Any further DFT definition will be discarded
     Please, verify this is what you really want

               file C.pbe-n-kjpaw_psl.0.1.UPF: wavefunction(s)  2P renormalized
               file N.pbe-n-kjpaw_psl.0.1.UPF: wavefunction(s)  2P renormalized
               file H.pbe-kjpaw_psl.0.1.UPF: wavefunction(s)  1S renormalized
               file O.pbe-n-kjpaw_psl.0.1.UPF: wavefunction(s)  2P renormalized
 
     Parallelization info
     --------------------
     sticks:   dense  smooth     PW     G-vecs:    dense   smooth      PW
     Min         902     902    243                51451    51451    7219
     Max         903     903    244                51452    51452    7221
     Sum        7219    7219   1949               411611   411611   57759
 

     Check: negative/imaginary core charge=   -0.000002    0.000000

     Subspace diagonalization in iterative solution of the eigenvalue problem:
     a serial algorithm will be used

     GIPAW projectors -----------------------------------------------
     atom=  C    l=0  rc=    1.3000  rs=    0.8667
     atom=  C    l=0  rc=    1.3000  rs=    0.8667
     atom=  C    l=1  rc=    1.4500  rs=    0.9667
     atom=  C    l=1  rc=    1.4500  rs=    0.9667
     projs nearly linearly dependent: l=0  n1,n2= 1, 2  s=  0.99877758
     projs nearly linearly dependent: l=1  n1,n2= 1, 2  s=  0.99940894
 
     atom=  N    l=0  rc=    1.3000  rs=    0.8667
     atom=  N    l=0  rc=    1.3000  rs=    0.8667
     atom=  N    l=1  rc=    1.4500  rs=    0.9667
     atom=  N    l=1  rc=    1.4500  rs=    0.9667
     projs nearly linearly dependent: l=0  n1,n2= 1, 2  s=  0.99709514
     projs nearly linearly dependent: l=1  n1,n2= 1, 2  s=  0.99857174
 
     atom=  H    l=0  rc=    1.0000  rs=    0.6667
     atom=  H    l=0  rc=    1.0000  rs=    0.6667
     projs nearly linearly dependent: l=0  n1,n2= 1, 2  s=  0.99968852
 
     atom=  O    l=0  rc=    1.3500  rs=    0.9000
     atom=  O    l=0  rc=    1.3500  rs=    0.9000
     atom=  O    l=1  rc=    1.3500  rs=    0.9000
     atom=  O    l=1  rc=    1.3500  rs=    0.9000
     projs nearly linearly dependent: l=0  n1,n2= 1, 2  s=  0.99100135
     projs nearly linearly dependent: l=1  n1,n2= 1, 2  s=  0.99790100
     -----------------------------------------------------------------
 
     alpha_pv=     46.7929 eV
 
     q-space interpolation up to   110.00 Rydberg
 
     GIPAW job: nmr                                                                             
     NMR macroscopic correction: yes
             0.6667          0.0000          0.0000
             0.0000          0.6667          0.0000
             0.0000          0.0000          0.6667

 
     Largest allocated arrays     est. size (Mb)     dimensions
        KS wavefunctions at k          10.14 Mb     (    6453,  103)
        KS wavefunctions at k+q        10.14 Mb     (    6453,  103)
        First-order wavefunctions     101.42 Mb     (    6453,  103, 10)
        First-order wavefunct (US)     60.85 Mb     (    6453,  103,  6)
        Charge/spin density             1.03 Mb     (  134400,    1)
        Induced current                 9.23 Mb     (  134400,    3,3,1)
        Induced magnetic field          9.23 Mb     (  134400,    3,3,1)
        NL pseudopotentials            28.36 Mb     (    6453,  288)
        GIPAW NL terms                 28.36 Mb     (    6453,  288)
 
     Computing the magnetic susceptibility     isolve=0    ethr=  0.1000E-13
     k-point #    1 of    10      pool #  1    cpu time:      13.9
     Rotating WFCS
     Rotating WFCS
     Rotating WFCS
     Rotating WFCS
     Rotating WFCS
     Rotating WFCS
     Rotating WFCS
     k-point #    2 of    10      pool #  1    cpu time:    1460.8
     Rotating WFCS
     c_bands:  1 eigenvalues not converged
     Rotating WFCS
     Rotating WFCS
     Rotating WFCS
     Rotating WFCS
     Rotating WFCS
     Rotating WFCS
     k-point #    3 of    10      pool #  1    cpu time:    2888.5
     Rotating WFCS
     c_bands:  1 eigenvalues not converged
     Rotating WFCS
     c_bands:  1 eigenvalues not converged
     Rotating WFCS
     c_bands:  1 eigenvalues not converged
     Rotating WFCS
     c_bands:  1 eigenvalues not converged
     Rotating WFCS
     Rotating WFCS
     Rotating WFCS
     k-point #    4 of    10      pool #  1    cpu time:    4389.0
     Rotating WFCS
     c_bands:  1 eigenvalues not converged
     Rotating WFCS
     Rotating WFCS
     Rotating WFCS
     Rotating WFCS
     Rotating WFCS
     Rotating WFCS
     k-point #    5 of    10      pool #  1    cpu time:    5850.1
     Rotating WFCS
     c_bands:  2 eigenvalues not converged
     Rotating WFCS
     Rotating WFCS
     Rotating WFCS
     Rotating WFCS
     Rotating WFCS
     Rotating WFCS
     k-point #    6 of    10      pool #  1    cpu time:    7341.5
     Rotating WFCS
     c_bands:  2 eigenvalues not converged
     Rotating WFCS
     Rotating WFCS
     Rotating WFCS
     Rotating WFCS
     Rotating WFCS
     Rotating WFCS
     k-point #    7 of    10      pool #  1    cpu time:    8814.5
     Rotating WFCS
     c_bands:  1 eigenvalues not converged
     Rotating WFCS
     Rotating WFCS
     Rotating WFCS
     Rotating WFCS
     Rotating WFCS
     Rotating WFCS
     k-point #    8 of    10      pool #  1    cpu time:   10304.8
     Rotating WFCS
     c_bands:  1 eigenvalues not converged
     Rotating WFCS
     Rotating WFCS
     Rotating WFCS
     Rotating WFCS
     Rotating WFCS
     Rotating WFCS
     k-point #    9 of    10      pool #  1    cpu time:   11793.6
     Rotating WFCS
     Rotating WFCS
     Rotating WFCS
     Rotating WFCS
     Rotating WFCS
     Rotating WFCS
     Rotating WFCS
     k-point #   10 of    10      pool #  1    cpu time:   13266.3
     Rotating WFCS
     c_bands:  1 eigenvalues not converged
     Rotating WFCS
     Rotating WFCS
     Rotating WFCS
     Rotating WFCS
     Rotating WFCS
     Rotating WFCS
     End of magnetic susceptibility calculation
 
     f-sum rule (1st term):
          -164.1829         -0.0011          0.0691
            -0.0000       -164.2001         -0.0708
             0.0669         -0.0665       -164.1766

     f-sum rule (2nd term):
            -3.3203          0.0014         -0.0680
             0.0003         -3.3025          0.0718
            -0.0658          0.0674         -3.3249

     f-sum rule (should be  -167.5025):
          -167.5032          0.0003          0.0011
             0.0003       -167.5026          0.0010
             0.0011          0.0009       -167.5016

     chi_bare pGv (HH) in paratec units:
       -49.767110      4.206598     -6.868220
         2.725438    -41.256411      0.854474
        -6.041992      0.875238    -41.932795

       -49.767110      4.206598     -6.868220
         2.725438    -41.256411      0.854474
        -6.041992      0.875238    -41.932795

     chi_bare vGv (VV) in paratec units:
       -51.751999      5.833959     -8.773158
         5.821748    -40.175276      2.414720
        -8.802240      2.369145    -41.171879

       -51.751999      5.833959     -8.773158
         5.821748    -40.175276      2.414720
        -8.802240      2.369145    -41.171879

     chi_bare pGv (HH) in 10^{-6} cm^3/mol:
          -236.4980         19.9901        -32.6384
            12.9515       -196.0544          4.0605
           -28.7121          4.1592       -199.2686

     chi_bare vGv (VV) in 10^{-6} cm^3/mol:
          -245.9304         27.7235        -41.6909
            27.6655       -190.9167         11.4750
           -41.8291         11.2584       -195.6526

     Contributions to the NMR chemical shifts: -------------------------------
 
     Macroscopic shape contribution in ppm:                    6.49
             7.2873          0.0000          0.0000
             0.0000          6.0411          0.0000
             0.0000          0.0000          6.1401

 
     Core contribution in ppm:
 
     Atom  1  C   pos: (  0.717934  0.963820  0.204607)  core sigma:         200.51
     Atom  2  C   pos: (  0.751073  0.562662  0.715630)  core sigma:         200.51
     Atom  3  C   pos: (  1.100427  1.234328  0.905964)  core sigma:         200.51
     Atom  4  C   pos: (  0.368580  0.292154  0.014273)  core sigma:         200.51
     Atom  5  H   pos: (  1.139481  1.180265  0.782044)  core sigma:           0.00
     Atom  6  H   pos: (  0.329525  0.346217  0.138193)  core sigma:           0.00
     Atom  7  C   pos: (  0.358907  0.538384  0.518175)  core sigma:         200.51
     Atom  8  C   pos: (  1.110100  0.988098  0.402062)  core sigma:         200.51
     Atom  9  C   pos: (  1.300188  0.720363  0.743327)  core sigma:         200.51
     Atom 10  C   pos: (  0.168819  0.806119  0.176910)  core sigma:         200.51
     Atom 11  H   pos: (  1.257344  0.764644  0.870406)  core sigma:           0.00
     Atom 12  H   pos: (  0.211663  0.761838  0.049831)  core sigma:           0.00
     Atom 13  H   pos: (  0.517814  0.742763  0.397319)  core sigma:           0.00
     Atom 14  H   pos: (  0.951193  0.783719  0.522918)  core sigma:           0.00
     Atom 15  N   pos: (  0.640755  0.812926  0.242535)  core sigma:         235.78
     Atom 16  N   pos: (  0.828252  0.713556  0.677702)  core sigma:         235.78
     Atom 17  N   pos: (  0.667045  0.697546  0.106978)  core sigma:         235.78
     Atom 18  N   pos: (  0.801962  0.828936  0.813259)  core sigma:         235.78
     Atom 19  N   pos: (  0.793464  0.941338  0.037936)  core sigma:         235.78
     Atom 20  N   pos: (  0.675542  0.585144  0.882301)  core sigma:         235.78
     Atom 21  N   pos: (  1.104865  0.465736  0.886218)  core sigma:         235.78
     Atom 22  N   pos: (  0.364142  1.060746  0.034019)  core sigma:         235.78
     Atom 23  N   pos: (  1.173198  0.422987  0.744144)  core sigma:         235.78
     Atom 24  N   pos: (  0.295808  1.103495  0.176094)  core sigma:         235.78
     Atom 25  N   pos: (  1.268246  0.556393  0.677753)  core sigma:         235.78
     Atom 26  N   pos: (  0.200760  0.970089  0.242484)  core sigma:         235.78
     Atom 27  N   pos: (  0.399696  0.805661  0.637032)  core sigma:         235.78
     Atom 28  N   pos: (  1.069311  0.720821  0.283205)  core sigma:         235.78
     Atom 29  N   pos: (  0.432947  0.697518  0.499623)  core sigma:         235.78
     Atom 30  N   pos: (  1.036059  0.828964  0.420614)  core sigma:         235.78
     Atom 31  O   pos: (  0.727517  1.101820  0.290671)  core sigma:         271.07
     Atom 32  O   pos: (  0.741490  0.424662  0.629566)  core sigma:         271.07
     Atom 33  O   pos: (  0.367363  0.408544  0.425678)  core sigma:         271.07
     Atom 34  O   pos: (  1.101644  1.117938  0.494559)  core sigma:         271.07
     Atom 35  H   pos: (  0.968019  0.271796  0.319485)  core sigma:           0.00
     Atom 36  H   pos: (  0.500988  1.254686  0.600752)  core sigma:           0.00
     Atom 37  H   pos: (  0.972405  0.479174  0.260594)  core sigma:           0.00
     Atom 38  H   pos: (  0.496602  1.047308  0.659643)  core sigma:           0.00
     Atom 39  N   pos: (  0.917794  0.359988  0.232823)  core sigma:         235.78
     Atom 40  N   pos: (  0.551213  1.166494  0.687415)  core sigma:         235.78
     Atom 41  N   pos: (  0.735232  0.375460  0.274819)  core sigma:         235.78
     Atom 42  N   pos: (  0.733775  1.151022  0.645418)  core sigma:         235.78
     Atom 43  H   pos: (  0.717711  0.406749  0.406197)  core sigma:           0.00
     Atom 44  H   pos: (  0.751296  1.119733  0.514040)  core sigma:           0.00
     Atom 45  H   pos: (  0.675551  0.256436  0.250073)  core sigma:           0.00
     Atom 46  H   pos: (  0.793456  1.270046  0.670164)  core sigma:           0.00
     Atom 47  H   pos: (  0.683316  0.475092  0.197079)  core sigma:           0.00
     Atom 48  H   pos: (  0.785691  1.051390  0.723158)  core sigma:           0.00
 
     Bare contribution in ppm:
 
     Atom  1  C   pos: (  0.717934  0.963820  0.204607)  bare sigma:         -69.44
           -64.4426         -2.5883         17.5311
             2.4414        -50.7443         -2.3106
            23.8897          9.3497        -93.1392

     Atom  2  C   pos: (  0.751073  0.562662  0.715630)  bare sigma:         -69.44
           -64.4426         -2.5883         17.5311
             2.4414        -50.7443         -2.3106
            23.8897          9.3497        -93.1392

     Atom  3  C   pos: (  1.100427  1.234328  0.905964)  bare sigma:         -55.28
           -29.2574         -2.5427         16.3958
            -9.2646        -75.1738        -24.2728
             8.8976        -33.0562        -61.4186

     Atom  4  C   pos: (  0.368580  0.292154  0.014273)  bare sigma:         -55.28
           -29.2574         -2.5427         16.3958
            -9.2646        -75.1738        -24.2728
             8.8976        -33.0562        -61.4186

     Atom  5  H   pos: (  1.139481  1.180265  0.782044)  bare sigma:          13.70
            11.3553          2.3968         -1.9946
             1.3916         11.9495          0.9940
            -3.4581          0.0523         17.7840

     Atom  6  H   pos: (  0.329525  0.346217  0.138193)  bare sigma:          13.70
            11.3553          2.3968         -1.9946
             1.3916         11.9495          0.9940
            -3.4581          0.0523         17.7840

     Atom  7  C   pos: (  0.358907  0.538384  0.518175)  bare sigma:         -66.78
           -72.2223        -10.0801         21.6149
            -8.0601        -49.4004         16.7814
            23.4922         22.1446        -78.7043

     Atom  8  C   pos: (  1.110100  0.988098  0.402062)  bare sigma:         -66.78
           -72.2223        -10.0801         21.6149
            -8.0601        -49.4004         16.7814
            23.4922         22.1446        -78.7043

     Atom  9  C   pos: (  1.300188  0.720363  0.743327)  bare sigma:         -54.65
           -28.4140         -4.8646         14.9603
           -11.8069        -71.7073        -21.3673
            13.2421        -28.7106        -63.8341

     Atom 10  C   pos: (  0.168819  0.806119  0.176910)  bare sigma:         -54.65
           -28.4140         -4.8646         14.9603
           -11.8069        -71.7073        -21.3673
            13.2421        -28.7106        -63.8341

     Atom 11  H   pos: (  1.257344  0.764644  0.870406)  bare sigma:          12.92
             8.9174          1.7003         -4.3747
             1.2781         10.8505          1.6460
            -4.0125          0.6126         18.9788

     Atom 12  H   pos: (  0.211663  0.761838  0.049831)  bare sigma:          12.92
             8.9174          1.7003         -4.3747
             1.2781         10.8505          1.6460
            -4.0125          0.6126         18.9788

     Atom 13  H   pos: (  0.517814  0.742763  0.397319)  bare sigma:           6.08
             4.4335          5.1301        -11.9657
             5.7900          2.9158         -4.9874
           -11.3096         -3.3823         10.8947

     Atom 14  H   pos: (  0.951193  0.783719  0.522918)  bare sigma:           6.08
             4.4335          5.1301        -11.9657
             5.7900          2.9158         -4.9874
           -11.3096         -3.3823         10.8947

     Atom 15  N   pos: (  0.640755  0.812926  0.242535)  bare sigma:         -34.70
             0.3954        -16.1629         20.4072
           -14.7784        -59.2171        -24.1900
            23.6823        -21.3951        -45.2846

     Atom 16  N   pos: (  0.828252  0.713556  0.677702)  bare sigma:         -34.70
             0.3954        -16.1629         20.4072
           -14.7784        -59.2171        -24.1900
            23.6823        -21.3951        -45.2846

     Atom 17  N   pos: (  0.667045  0.697546  0.106978)  bare sigma:         -51.81
            -4.5907        -21.0632         48.4243
           -23.0829        -70.4754        -26.0127
            45.3257        -33.3787        -80.3545

     Atom 18  N   pos: (  0.801962  0.828936  0.813259)  bare sigma:         -51.81
            -4.5907        -21.0632         48.4243
           -23.0829        -70.4754        -26.0127
            45.3257        -33.3787        -80.3545

     Atom 19  N   pos: (  0.793464  0.941338  0.037936)  bare sigma:         -30.67
           -14.1903         -1.9971         21.7206
           -11.1178        -34.7813         -5.7768
            15.9315        -19.5224        -43.0430

     Atom 20  N   pos: (  0.675542  0.585144  0.882301)  bare sigma:         -30.67
           -14.1903         -1.9971         21.7206
           -11.1178        -34.7813         -5.7768
            15.9315        -19.5224        -43.0430

     Atom 21  N   pos: (  1.104865  0.465736  0.886218)  bare sigma:         -86.23
           -66.5282        -70.4430         72.1233
           -59.3766       -101.5976         25.4764
            73.7876         38.8656        -90.5774

     Atom 22  N   pos: (  0.364142  1.060746  0.034019)  bare sigma:         -86.23
           -66.5282        -70.4430         72.1233
           -59.3766       -101.5976         25.4764
            73.7876         38.8656        -90.5774

     Atom 23  N   pos: (  1.173198  0.422987  0.744144)  bare sigma:         -87.81
           -69.4732        -72.8119         72.9582
           -60.2196       -102.9816         26.0450
            73.9524         41.5029        -90.9648

     Atom 24  N   pos: (  0.295808  1.103495  0.176094)  bare sigma:         -87.81
           -69.4732        -72.8119         72.9582
           -60.2196       -102.9816         26.0450
            73.9524         41.5029        -90.9648

     Atom 25  N   pos: (  1.268246  0.556393  0.677753)  bare sigma:         -30.35
           -14.4798          2.0141         20.1038
           -10.9144        -34.6234         -5.7540
            14.3017        -21.6782        -41.9412

     Atom 26  N   pos: (  0.200760  0.970089  0.242484)  bare sigma:         -30.35
           -14.4798          2.0141         20.1038
           -10.9144        -34.6234         -5.7540
            14.3017        -21.6782        -41.9412

     Atom 27  N   pos: (  0.399696  0.805661  0.637032)  bare sigma:         -43.71
            -4.0607        -21.3505         50.6064
           -20.4867        -53.7350        -30.9665
            48.8967        -33.7938        -73.3200

     Atom 28  N   pos: (  1.069311  0.720821  0.283205)  bare sigma:         -43.71
            -4.0607        -21.3505         50.6064
           -20.4867        -53.7350        -30.9665
            48.8967        -33.7938        -73.3200

     Atom 29  N   pos: (  0.432947  0.697518  0.499623)  bare sigma:         -16.35
            -4.6196        -12.5914         20.5901
            -6.3911        -19.4553        -11.8433
            20.3103         -2.5147        -24.9798

     Atom 30  N   pos: (  1.036059  0.828964  0.420614)  bare sigma:         -16.35
            -4.6196        -12.5914         20.5901
            -6.3911        -19.4553        -11.8433
            20.3103         -2.5147        -24.9798

     Atom 31  O   pos: (  0.727517  1.101820  0.290671)  bare sigma:          31.71
            59.0382        -29.6134         27.2027
           -22.9354         14.0837         -8.6608
            30.9049        -10.0299         22.0204

     Atom 32  O   pos: (  0.741490  0.424662  0.629566)  bare sigma:          31.71
            59.0382        -29.6134         27.2027
           -22.9354         14.0837         -8.6608
            30.9049        -10.0299         22.0204

     Atom 33  O   pos: (  0.367363  0.408544  0.425678)  bare sigma:          21.24
            58.8258        -24.8575         47.4465
           -28.3043        -11.8488        -24.1421
            44.2696        -14.4205         16.7391

     Atom 34  O   pos: (  1.101644  1.117938  0.494559)  bare sigma:          21.24
            58.8258        -24.8575         47.4465
           -28.3043        -11.8488        -24.1421
            44.2696        -14.4205         16.7391

     Atom 35  H   pos: (  0.968019  0.271796  0.319485)  bare sigma:          18.58
            17.5325         -4.6259          1.1364
            -2.7333         21.2835         -6.0784
             0.5757         -6.7365         16.9262

     Atom 36  H   pos: (  0.500988  1.254686  0.600752)  bare sigma:          18.58
            17.5325         -4.6259          1.1364
            -2.7333         21.2835         -6.0784
             0.5757         -6.7365         16.9262

     Atom 37  H   pos: (  0.972405  0.479174  0.260594)  bare sigma:          17.31
            16.5744          9.3448         -1.4449
             8.7125         25.0099          2.5600
            -0.9520          2.4948         10.3489

     Atom 38  H   pos: (  0.496602  1.047308  0.659643)  bare sigma:          17.31
            16.5744          9.3448         -1.4449
             8.7125         25.0099          2.5600
            -0.9520          2.4948         10.3489

     Atom 39  N   pos: (  0.917794  0.359988  0.232823)  bare sigma:          34.97
            56.9200         -0.8137         -7.3489
            -1.9970         25.0186          0.0010
            -9.5099         -0.3198         22.9796

     Atom 40  N   pos: (  0.551213  1.166494  0.687415)  bare sigma:          34.97
            56.9200         -0.8137         -7.3489
            -1.9970         25.0186          0.0010
            -9.5099         -0.3198         22.9796

     Atom 41  N   pos: (  0.735232  0.375460  0.274819)  bare sigma:          32.90
            44.4630         -0.7717         -7.1741
            -0.5792         26.6946          0.5328
            -9.1621          0.3749         27.5379

     Atom 42  N   pos: (  0.733775  1.151022  0.645418)  bare sigma:          32.90
            44.4630         -0.7717         -7.1741
            -0.5792         26.6946          0.5328
            -9.1621          0.3749         27.5379

     Atom 43  H   pos: (  0.717711  0.406749  0.406197)  bare sigma:          13.58
             6.2825          0.3633         -5.2622
             0.3656          6.2976          4.9826
            -4.2772          5.1942         28.1661

     Atom 44  H   pos: (  0.751296  1.119733  0.514040)  bare sigma:          13.58
             6.2825          0.3633         -5.2622
             0.3656          6.2976          4.9826
            -4.2772          5.1942         28.1661

     Atom 45  H   pos: (  0.675551  0.256436  0.250073)  bare sigma:          14.68
            11.4000         10.7091         -0.4889
             9.0128         24.9244          1.6269
            -1.3764          1.5306          7.7150

     Atom 46  H   pos: (  0.793456  1.270046  0.670164)  bare sigma:          14.68
            11.4000         10.7091         -0.4889
             9.0128         24.9244          1.6269
            -1.3764          1.5306          7.7150

     Atom 47  H   pos: (  0.683316  0.475092  0.197079)  bare sigma:          13.76
             8.2657         -5.8902          2.0971
            -3.5115         20.5200         -7.7359
             0.3608         -8.1867         12.5007

     Atom 48  H   pos: (  0.785691  1.051390  0.723158)  bare sigma:          13.76
             8.2657         -5.8902          2.0971
            -3.5115         20.5200         -7.7359
             0.3608         -8.1867         12.5007

     Diamagnetic contribution in ppm:
 
     Atom  1  C   pos: (  0.717934  0.963820  0.204607)  dia sigma:           4.07
             4.1134         -0.0547         -0.0082
            -0.0547          3.9568         -0.0243
            -0.0082         -0.0243          4.1289

     Atom  2  C   pos: (  0.751073  0.562662  0.715630)  dia sigma:           4.07
             4.1134         -0.0547         -0.0082
            -0.0547          3.9568         -0.0243
            -0.0082         -0.0243          4.1289

     Atom  3  C   pos: (  1.100427  1.234328  0.905964)  dia sigma:           4.28
             4.2947          0.0276          0.0731
             0.0276          4.3850         -0.0132
             0.0731         -0.0132          4.1551

     Atom  4  C   pos: (  0.368580  0.292154  0.014273)  dia sigma:           4.28
             4.2947          0.0276          0.0731
             0.0276          4.3850         -0.0132
             0.0731         -0.0132          4.1551

     Atom  5  H   pos: (  1.139481  1.180265  0.782044)  dia sigma:           1.09
             1.0910         -0.0000         -0.0000
            -0.0000          1.0910          0.0000
            -0.0000          0.0000          1.0910

     Atom  6  H   pos: (  0.329525  0.346217  0.138193)  dia sigma:           1.09
             1.0910         -0.0000         -0.0000
            -0.0000          1.0910          0.0000
            -0.0000          0.0000          1.0910

     Atom  7  C   pos: (  0.358907  0.538384  0.518175)  dia sigma:           4.07
             4.1311         -0.0238          0.0026
            -0.0238          3.9788         -0.0683
             0.0026         -0.0683          4.0948

     Atom  8  C   pos: (  1.110100  0.988098  0.402062)  dia sigma:           4.07
             4.1311         -0.0238          0.0026
            -0.0238          3.9788         -0.0683
             0.0026         -0.0683          4.0948

     Atom  9  C   pos: (  1.300188  0.720363  0.743327)  dia sigma:           4.28
             4.2940          0.0224          0.0984
             0.0224          4.3842         -0.0073
             0.0984         -0.0073          4.1577

     Atom 10  C   pos: (  0.168819  0.806119  0.176910)  dia sigma:           4.28
             4.2940          0.0224          0.0984
             0.0224          4.3842         -0.0073
             0.0984         -0.0073          4.1577

     Atom 11  H   pos: (  1.257344  0.764644  0.870406)  dia sigma:           1.07
             1.0740         -0.0000         -0.0000
            -0.0000          1.0740          0.0000
            -0.0000          0.0000          1.0740

     Atom 12  H   pos: (  0.211663  0.761838  0.049831)  dia sigma:           1.07
             1.0740         -0.0000         -0.0000
            -0.0000          1.0740          0.0000
            -0.0000          0.0000          1.0740

     Atom 13  H   pos: (  0.517814  0.742763  0.397319)  dia sigma:           0.90
             0.8958         -0.0000         -0.0000
            -0.0000          0.8958          0.0000
            -0.0000          0.0000          0.8958

     Atom 14  H   pos: (  0.951193  0.783719  0.522918)  dia sigma:           0.90
             0.8958         -0.0000         -0.0000
            -0.0000          0.8958          0.0000
            -0.0000          0.0000          0.8958

     Atom 15  N   pos: (  0.640755  0.812926  0.242535)  dia sigma:           8.90
             8.6912         -0.0214          0.0942
            -0.0214          9.1802          0.3719
             0.0942          0.3719          8.8172

     Atom 16  N   pos: (  0.828252  0.713556  0.677702)  dia sigma:           8.90
             8.6912         -0.0214          0.0942
            -0.0214          9.1802          0.3719
             0.0942          0.3719          8.8172

     Atom 17  N   pos: (  0.667045  0.697546  0.106978)  dia sigma:           8.62
             8.6589         -0.3079          0.0014
            -0.3079          8.2746          0.2081
             0.0014          0.2081          8.9316

     Atom 18  N   pos: (  0.801962  0.828936  0.813259)  dia sigma:           8.62
             8.6589         -0.3079          0.0014
            -0.3079          8.2746          0.2081
             0.0014          0.2081          8.9316

     Atom 19  N   pos: (  0.793464  0.941338  0.037936)  dia sigma:           9.73
             9.5365          0.2810         -0.2547
             0.2810          9.9226         -0.0269
            -0.2547         -0.0269          9.7390

     Atom 20  N   pos: (  0.675542  0.585144  0.882301)  dia sigma:           9.73
             9.5365          0.2810         -0.2547
             0.2810          9.9226         -0.0269
            -0.2547         -0.0269          9.7390

     Atom 21  N   pos: (  1.104865  0.465736  0.886218)  dia sigma:           8.37
             8.6496          0.0740         -0.0909
             0.0740          8.0730         -0.4591
            -0.0909         -0.4591          8.3980

     Atom 22  N   pos: (  0.364142  1.060746  0.034019)  dia sigma:           8.37
             8.6496          0.0740         -0.0909
             0.0740          8.0730         -0.4591
            -0.0909         -0.4591          8.3980

     Atom 23  N   pos: (  1.173198  0.422987  0.744144)  dia sigma:           8.27
             8.5471          0.0984         -0.0904
             0.0984          7.9996         -0.4668
            -0.0904         -0.4668          8.2729

     Atom 24  N   pos: (  0.295808  1.103495  0.176094)  dia sigma:           8.27
             8.5471          0.0984         -0.0904
             0.0984          7.9996         -0.4668
            -0.0904         -0.4668          8.2729

     Atom 25  N   pos: (  1.268246  0.556393  0.677753)  dia sigma:           9.74
             9.5606          0.2759         -0.2703
             0.2759          9.9471          0.0059
            -0.2703          0.0059          9.7236

     Atom 26  N   pos: (  0.200760  0.970089  0.242484)  dia sigma:           9.74
             9.5606          0.2759         -0.2703
             0.2759          9.9471          0.0059
            -0.2703          0.0059          9.7236

     Atom 27  N   pos: (  0.399696  0.805661  0.637032)  dia sigma:           8.61
             8.6160         -0.3257         -0.0545
            -0.3257          8.2424          0.1997
            -0.0545          0.1997          8.9633

     Atom 28  N   pos: (  1.069311  0.720821  0.283205)  dia sigma:           8.61
             8.6160         -0.3257         -0.0545
            -0.3257          8.2424          0.1997
            -0.0545          0.1997          8.9633

     Atom 29  N   pos: (  0.432947  0.697518  0.499623)  dia sigma:           9.72
             9.4241          0.0910         -0.1565
             0.0910          9.9636          0.3212
            -0.1565          0.3212          9.7802

     Atom 30  N   pos: (  1.036059  0.828964  0.420614)  dia sigma:           9.72
             9.4241          0.0910         -0.1565
             0.0910          9.9636          0.3212
            -0.1565          0.3212          9.7802

     Atom 31  O   pos: (  0.727517  1.101820  0.290671)  dia sigma:          17.82
            17.5730         -0.0809          0.2484
            -0.0809         18.1723          0.4758
             0.2484          0.4758         17.7147

     Atom 32  O   pos: (  0.741490  0.424662  0.629566)  dia sigma:          17.82
            17.5730         -0.0809          0.2484
            -0.0809         18.1723          0.4758
             0.2484          0.4758         17.7147

     Atom 33  O   pos: (  0.367363  0.408544  0.425678)  dia sigma:          17.60
            17.4247         -0.2582          0.2567
            -0.2582         17.8156          0.4422
             0.2567          0.4422         17.5496

     Atom 34  O   pos: (  1.101644  1.117938  0.494559)  dia sigma:          17.60
            17.4247         -0.2582          0.2567
            -0.2582         17.8156          0.4422
             0.2567          0.4422         17.5496

     Atom 35  H   pos: (  0.968019  0.271796  0.319485)  dia sigma:           1.08
             1.0813         -0.0000         -0.0000
            -0.0000          1.0813          0.0000
            -0.0000          0.0000          1.0813

     Atom 36  H   pos: (  0.500988  1.254686  0.600752)  dia sigma:           1.08
             1.0813         -0.0000         -0.0000
            -0.0000          1.0813          0.0000
            -0.0000          0.0000          1.0813

     Atom 37  H   pos: (  0.972405  0.479174  0.260594)  dia sigma:           1.07
             1.0662         -0.0000         -0.0000
            -0.0000          1.0662          0.0000
            -0.0000          0.0000          1.0662

     Atom 38  H   pos: (  0.496602  1.047308  0.659643)  dia sigma:           1.07
             1.0662         -0.0000         -0.0000
            -0.0000          1.0662          0.0000
            -0.0000          0.0000          1.0662

     Atom 39  N   pos: (  0.917794  0.359988  0.232823)  dia sigma:           9.19
             9.9547         -0.0573         -0.1082
            -0.0573          9.1040         -0.2025
            -0.1082         -0.2025          8.5152

     Atom 40  N   pos: (  0.551213  1.166494  0.687415)  dia sigma:           9.19
             9.9547         -0.0573         -0.1082
            -0.0573          9.1040         -0.2025
            -0.1082         -0.2025          8.5152

     Atom 41  N   pos: (  0.735232  0.375460  0.274819)  dia sigma:           9.75
            10.1168         -0.0417         -0.1243
            -0.0417          9.5666          0.0145
            -0.1243          0.0145          9.5697

     Atom 42  N   pos: (  0.733775  1.151022  0.645418)  dia sigma:           9.75
            10.1168         -0.0417         -0.1243
            -0.0417          9.5666          0.0145
            -0.1243          0.0145          9.5697

     Atom 43  H   pos: (  0.717711  0.406749  0.406197)  dia sigma:           1.01
             1.0125         -0.0000         -0.0000
            -0.0000          1.0125          0.0000
            -0.0000          0.0000          1.0125

     Atom 44  H   pos: (  0.751296  1.119733  0.514040)  dia sigma:           1.01
             1.0125         -0.0000         -0.0000
            -0.0000          1.0125          0.0000
            -0.0000          0.0000          1.0125

     Atom 45  H   pos: (  0.675551  0.256436  0.250073)  dia sigma:           1.02
             1.0171         -0.0000         -0.0000
            -0.0000          1.0171          0.0000
            -0.0000          0.0000          1.0171

     Atom 46  H   pos: (  0.793456  1.270046  0.670164)  dia sigma:           1.02
             1.0171         -0.0000         -0.0000
            -0.0000          1.0171          0.0000
            -0.0000          0.0000          1.0171

     Atom 47  H   pos: (  0.683316  0.475092  0.197079)  dia sigma:           1.00
             0.9986         -0.0000         -0.0000
            -0.0000          0.9986          0.0000
            -0.0000          0.0000          0.9986

     Atom 48  H   pos: (  0.785691  1.051390  0.723158)  dia sigma:           1.00
             0.9986         -0.0000         -0.0000
            -0.0000          0.9986          0.0000
            -0.0000          0.0000          0.9986

     Paramagnetic contribution in ppm:
 
     Atom  1  C   pos: (  0.717934  0.963820  0.204607)  para sigma:        -115.03
          -103.0619         -5.2104         19.2959
             0.4623       -102.0586         -8.8807
            25.5396          3.7641       -139.9562

     Atom  2  C   pos: (  0.751073  0.562662  0.715630)  para sigma:        -115.03
          -103.0619         -5.2104         19.2959
             0.4623       -102.0586         -8.8807
            25.5396          3.7641       -139.9562

     Atom  3  C   pos: (  1.100427  1.234328  0.905964)  para sigma:        -103.69
           -76.4324         -4.1386         14.1361
           -10.0064       -126.9036        -24.9924
             7.2448        -33.4297       -107.7439

     Atom  4  C   pos: (  0.368580  0.292154  0.014273)  para sigma:        -103.69
           -76.4324         -4.1386         14.1361
           -10.0064       -126.9036        -24.9924
             7.2448        -33.4297       -107.7439

     Atom  5  H   pos: (  1.139481  1.180265  0.782044)  para sigma:           0.00
             0.0000          0.0000          0.0000
             0.0000          0.0000          0.0000
             0.0000          0.0000          0.0000

     Atom  6  H   pos: (  0.329525  0.346217  0.138193)  para sigma:           0.00
             0.0000          0.0000          0.0000
             0.0000          0.0000          0.0000
             0.0000          0.0000          0.0000

     Atom  7  C   pos: (  0.358907  0.538384  0.518175)  para sigma:        -110.67
          -108.7561        -12.3009         26.2577
           -10.6466       -100.4001          9.6878
            28.2471         16.0622       -122.8651

     Atom  8  C   pos: (  1.110100  0.988098  0.402062)  para sigma:        -110.67
          -108.7561        -12.3009         26.2577
           -10.6466       -100.4001          9.6878
            28.2471         16.0622       -122.8651

     Atom  9  C   pos: (  1.300188  0.720363  0.743327)  para sigma:        -103.52
           -75.9633         -6.6228         13.3151
           -13.1203       -123.8724        -22.5308
            11.7104        -29.7229       -110.7378

     Atom 10  C   pos: (  0.168819  0.806119  0.176910)  para sigma:        -103.52
           -75.9633         -6.6228         13.3151
           -13.1203       -123.8724        -22.5308
            11.7104        -29.7229       -110.7378

     Atom 11  H   pos: (  1.257344  0.764644  0.870406)  para sigma:           0.00
             0.0000          0.0000          0.0000
             0.0000          0.0000          0.0000
             0.0000          0.0000          0.0000

     Atom 12  H   pos: (  0.211663  0.761838  0.049831)  para sigma:           0.00
             0.0000          0.0000          0.0000
             0.0000          0.0000          0.0000
             0.0000          0.0000          0.0000

     Atom 13  H   pos: (  0.517814  0.742763  0.397319)  para sigma:           0.00
             0.0000          0.0000          0.0000
             0.0000          0.0000          0.0000
             0.0000          0.0000          0.0000

     Atom 14  H   pos: (  0.951193  0.783719  0.522918)  para sigma:           0.00
             0.0000          0.0000          0.0000
             0.0000          0.0000          0.0000
             0.0000          0.0000          0.0000

     Atom 15  N   pos: (  0.640755  0.812926  0.242535)  para sigma:        -160.06
           -96.9682        -24.7801         32.8530
           -22.9051       -204.9952        -47.7080
            37.7319        -43.5707       -178.2160

     Atom 16  N   pos: (  0.828252  0.713556  0.677702)  para sigma:        -160.06
           -96.9682        -24.7801         32.8530
           -22.9051       -204.9952        -47.7080
            37.7319        -43.5707       -178.2160

     Atom 17  N   pos: (  0.667045  0.697546  0.106978)  para sigma:        -191.24
          -102.9539        -34.0738         82.5052
           -39.4903       -229.4551        -50.8433
            75.4775        -67.5105       -241.3072

     Atom 18  N   pos: (  0.801962  0.828936  0.813259)  para sigma:        -191.24
          -102.9539        -34.0738         82.5052
           -39.4903       -229.4551        -50.8433
            75.4775        -67.5105       -241.3072

     Atom 19  N   pos: (  0.793464  0.941338  0.037936)  para sigma:        -147.89
          -124.7780         -1.6435         32.8559
           -18.1528       -152.4897         -1.5484
            22.4485        -26.3168       -166.4130

     Atom 20  N   pos: (  0.675542  0.585144  0.882301)  para sigma:        -147.89
          -124.7780         -1.6435         32.8559
           -18.1528       -152.4897         -1.5484
            22.4485        -26.3168       -166.4130

     Atom 21  N   pos: (  1.104865  0.465736  0.886218)  para sigma:        -238.11
          -204.2461       -127.8399        127.6243
          -105.8209       -265.2356         46.4916
           131.1402         74.5417       -244.8467

     Atom 22  N   pos: (  0.364142  1.060746  0.034019)  para sigma:        -238.11
          -204.2461       -127.8399        127.6243
          -105.8209       -265.2356         46.4916
           131.1402         74.5417       -244.8467

     Atom 23  N   pos: (  1.173198  0.422987  0.744144)  para sigma:        -239.95
          -208.9000       -132.8605        130.2433
          -107.4184       -267.2440         47.0783
           133.1379         78.0189       -243.7075

     Atom 24  N   pos: (  0.295808  1.103495  0.176094)  para sigma:        -239.95
          -208.9000       -132.8605        130.2433
          -107.4184       -267.2440         47.0783
           133.1379         78.0189       -243.7075

     Atom 25  N   pos: (  1.268246  0.556393  0.677753)  para sigma:        -146.81
          -122.3346          4.0711         31.5810
           -19.4442       -153.9503         -4.3760
            21.9580        -33.5479       -164.1574

     Atom 26  N   pos: (  0.200760  0.970089  0.242484)  para sigma:        -146.81
          -122.3346          4.0711         31.5810
           -19.4442       -153.9503         -4.3760
            21.9580        -33.5479       -164.1574

     Atom 27  N   pos: (  0.399696  0.805661  0.637032)  para sigma:        -178.16
          -104.7582        -34.0706         84.0916
           -33.7368       -199.5800        -62.1988
            79.8216        -70.3098       -230.1465

     Atom 28  N   pos: (  1.069311  0.720821  0.283205)  para sigma:        -178.16
          -104.7582        -34.0706         84.0916
           -33.7368       -199.5800        -62.1988
            79.8216        -70.3098       -230.1465

     Atom 29  N   pos: (  0.432947  0.697518  0.499623)  para sigma:        -130.32
          -108.4067        -17.1552         31.1038
            -6.1077       -137.2227        -26.8197
            31.1610        -10.8187       -145.3367

     Atom 30  N   pos: (  1.036059  0.828964  0.420614)  para sigma:        -130.32
          -108.4067        -17.1552         31.1038
            -6.1077       -137.2227        -26.8197
            31.1610        -10.8187       -145.3367

     Atom 31  O   pos: (  0.727517  1.101820  0.290671)  para sigma:         -64.68
             1.7238        -72.6766         63.1001
           -57.3554       -108.6845        -17.5716
            71.6653        -22.4806        -87.0694

     Atom 32  O   pos: (  0.741490  0.424662  0.629566)  para sigma:         -64.68
             1.7238        -72.6766         63.1001
           -57.3554       -108.6845        -17.5716
            71.6653        -22.4806        -87.0694

     Atom 33  O   pos: (  0.367363  0.408544  0.425678)  para sigma:         -87.27
             1.1054        -59.5715        112.0930
           -68.0519       -167.5874        -56.1301
           104.8094        -31.2712        -95.3175

     Atom 34  O   pos: (  1.101644  1.117938  0.494559)  para sigma:         -87.27
             1.1054        -59.5715        112.0930
           -68.0519       -167.5874        -56.1301
           104.8094        -31.2712        -95.3175

     Atom 35  H   pos: (  0.968019  0.271796  0.319485)  para sigma:           0.00
             0.0000          0.0000          0.0000
             0.0000          0.0000          0.0000
             0.0000          0.0000          0.0000

     Atom 36  H   pos: (  0.500988  1.254686  0.600752)  para sigma:           0.00
             0.0000          0.0000          0.0000
             0.0000          0.0000          0.0000
             0.0000          0.0000          0.0000

     Atom 37  H   pos: (  0.972405  0.479174  0.260594)  para sigma:           0.00
             0.0000          0.0000          0.0000
             0.0000          0.0000          0.0000
             0.0000          0.0000          0.0000

     Atom 38  H   pos: (  0.496602  1.047308  0.659643)  para sigma:           0.00
             0.0000          0.0000          0.0000
             0.0000          0.0000          0.0000
             0.0000          0.0000          0.0000

     Atom 39  N   pos: (  0.917794  0.359988  0.232823)  para sigma:         -42.90
           -15.0765         -0.7534         -3.1176
            -3.7816        -51.7583         -3.4980
            -7.4666         -3.4576        -61.8783

     Atom 40  N   pos: (  0.551213  1.166494  0.687415)  para sigma:         -42.90
           -15.0765         -0.7534         -3.1176
            -3.7816        -51.7583         -3.4980
            -7.4666         -3.4576        -61.8783

     Atom 41  N   pos: (  0.735232  0.375460  0.274819)  para sigma:         -50.23
           -40.8400         -1.8410         -4.5860
            -1.3117        -55.2042         -0.1285
            -6.5233         -0.3496        -54.6502

     Atom 42  N   pos: (  0.733775  1.151022  0.645418)  para sigma:         -50.23
           -40.8400         -1.8410         -4.5860
            -1.3117        -55.2042         -0.1285
            -6.5233         -0.3496        -54.6502

     Atom 43  H   pos: (  0.717711  0.406749  0.406197)  para sigma:           0.00
             0.0000          0.0000          0.0000
             0.0000          0.0000          0.0000
             0.0000          0.0000          0.0000

     Atom 44  H   pos: (  0.751296  1.119733  0.514040)  para sigma:           0.00
             0.0000          0.0000          0.0000
             0.0000          0.0000          0.0000
             0.0000          0.0000          0.0000

     Atom 45  H   pos: (  0.675551  0.256436  0.250073)  para sigma:           0.00
             0.0000          0.0000          0.0000
             0.0000          0.0000          0.0000
             0.0000          0.0000          0.0000

     Atom 46  H   pos: (  0.793456  1.270046  0.670164)  para sigma:           0.00
             0.0000          0.0000          0.0000
             0.0000          0.0000          0.0000
             0.0000          0.0000          0.0000

     Atom 47  H   pos: (  0.683316  0.475092  0.197079)  para sigma:           0.00
             0.0000          0.0000          0.0000
             0.0000          0.0000          0.0000
             0.0000          0.0000          0.0000

     Atom 48  H   pos: (  0.785691  1.051390  0.723158)  para sigma:           0.00
             0.0000          0.0000          0.0000
             0.0000          0.0000          0.0000
             0.0000          0.0000          0.0000

     Paramagnetic US occ-occ contribution in ppm:
 
     Atom  1  C   pos: (  0.717934  0.963820  0.204607)  para_oo sigma:          -2.05
            -1.8756         -0.0776          0.5272
            -0.0718         -1.6741          0.0675
             0.5454          0.0853         -2.6115

     Atom  2  C   pos: (  0.751073  0.562662  0.715630)  para_oo sigma:          -2.05
            -1.8756         -0.0776          0.5272
            -0.0718         -1.6741          0.0675
             0.5454          0.0853         -2.6115

     Atom  3  C   pos: (  1.100427  1.234328  0.905964)  para_oo sigma:          -1.95
            -1.1927          0.0062          0.3507
            -0.1068         -2.3925         -0.8011
             0.2536         -0.9203         -2.2561

     Atom  4  C   pos: (  0.368580  0.292154  0.014273)  para_oo sigma:          -1.95
            -1.1927          0.0062          0.3507
            -0.1068         -2.3925         -0.8011
             0.2536         -0.9203         -2.2561

     Atom  5  H   pos: (  1.139481  1.180265  0.782044)  para_oo sigma:           0.00
             0.0000          0.0000          0.0000
             0.0000          0.0000          0.0000
             0.0000          0.0000          0.0000

     Atom  6  H   pos: (  0.329525  0.346217  0.138193)  para_oo sigma:           0.00
             0.0000          0.0000          0.0000
             0.0000          0.0000          0.0000
             0.0000          0.0000          0.0000

     Atom  7  C   pos: (  0.358907  0.538384  0.518175)  para_oo sigma:          -2.17
            -2.1992         -0.3200          0.6483
            -0.2365         -1.7487          0.3311
             0.7261          0.4254         -2.5622

     Atom  8  C   pos: (  1.110100  0.988098  0.402062)  para_oo sigma:          -2.17
            -2.1992         -0.3200          0.6483
            -0.2365         -1.7487          0.3311
             0.7261          0.4254         -2.5622

     Atom  9  C   pos: (  1.300188  0.720363  0.743327)  para_oo sigma:          -2.04
            -1.2369         -0.0017          0.3541
            -0.0668         -2.4441         -1.0116
             0.2891         -1.0357         -2.4293

     Atom 10  C   pos: (  0.168819  0.806119  0.176910)  para_oo sigma:          -2.04
            -1.2369         -0.0017          0.3541
            -0.0668         -2.4441         -1.0116
             0.2891         -1.0357         -2.4293

     Atom 11  H   pos: (  1.257344  0.764644  0.870406)  para_oo sigma:           0.00
             0.0000          0.0000          0.0000
             0.0000          0.0000          0.0000
             0.0000          0.0000          0.0000

     Atom 12  H   pos: (  0.211663  0.761838  0.049831)  para_oo sigma:           0.00
             0.0000          0.0000          0.0000
             0.0000          0.0000          0.0000
             0.0000          0.0000          0.0000

     Atom 13  H   pos: (  0.517814  0.742763  0.397319)  para_oo sigma:           0.00
             0.0000          0.0000          0.0000
             0.0000          0.0000          0.0000
             0.0000          0.0000          0.0000

     Atom 14  H   pos: (  0.951193  0.783719  0.522918)  para_oo sigma:           0.00
             0.0000          0.0000          0.0000
             0.0000          0.0000          0.0000
             0.0000          0.0000          0.0000

     Atom 15  N   pos: (  0.640755  0.812926  0.242535)  para_oo sigma:          -2.21
            -1.7567         -0.7410          0.6963
            -0.4202         -2.3037         -0.0039
             0.9712          0.5908         -2.5652

     Atom 16  N   pos: (  0.828252  0.713556  0.677702)  para_oo sigma:          -2.21
            -1.7567         -0.7410          0.6963
            -0.4202         -2.3037         -0.0039
             0.9712          0.5908         -2.5652

     Atom 17  N   pos: (  0.667045  0.697546  0.106978)  para_oo sigma:          -2.21
            -1.4725         -0.4089          0.8978
            -0.5204         -2.4822         -0.0231
             0.7657         -0.3935         -2.6604

     Atom 18  N   pos: (  0.801962  0.828936  0.813259)  para_oo sigma:          -2.21
            -1.4725         -0.4089          0.8978
            -0.5204         -2.4822         -0.0231
             0.7657         -0.3935         -2.6604

     Atom 19  N   pos: (  0.793464  0.941338  0.037936)  para_oo sigma:          -2.72
            -1.1749         -0.0178          0.3728
            -0.2899         -4.0734         -1.8150
             0.2279         -2.0466         -2.9072

     Atom 20  N   pos: (  0.675542  0.585144  0.882301)  para_oo sigma:          -2.72
            -1.1749         -0.0178          0.3728
            -0.2899         -4.0734         -1.8150
             0.2279         -2.0466         -2.9072

     Atom 21  N   pos: (  1.104865  0.465736  0.886218)  para_oo sigma:          -3.72
            -2.3838         -1.5420          0.0577
            -1.0497         -6.0145         -1.2251
             0.4787         -0.3793         -2.7562

     Atom 22  N   pos: (  0.364142  1.060746  0.034019)  para_oo sigma:          -3.72
            -2.3838         -1.5420          0.0577
            -1.0497         -6.0145         -1.2251
             0.4787         -0.3793         -2.7562

     Atom 23  N   pos: (  1.173198  0.422987  0.744144)  para_oo sigma:          -3.73
            -2.4066         -1.6012          0.0854
            -1.0838         -6.0604         -1.1704
             0.4900         -0.3433         -2.7373

     Atom 24  N   pos: (  0.295808  1.103495  0.176094)  para_oo sigma:          -3.73
            -2.4066         -1.6012          0.0854
            -1.0838         -6.0604         -1.1704
             0.4900         -0.3433         -2.7373

     Atom 25  N   pos: (  1.268246  0.556393  0.677753)  para_oo sigma:          -2.63
            -1.2283          0.0285          0.3800
            -0.2020         -3.8418         -1.6397
             0.2934         -1.9209         -2.8249

     Atom 26  N   pos: (  0.200760  0.970089  0.242484)  para_oo sigma:          -2.63
            -1.2283          0.0285          0.3800
            -0.2020         -3.8418         -1.6397
             0.2934         -1.9209         -2.8249

     Atom 27  N   pos: (  0.399696  0.805661  0.637032)  para_oo sigma:          -2.28
            -1.6424         -0.4423          1.0007
            -0.5933         -2.4899         -0.1962
             0.8273         -0.4576         -2.7207

     Atom 28  N   pos: (  1.069311  0.720821  0.283205)  para_oo sigma:          -2.28
            -1.6424         -0.4423          1.0007
            -0.5933         -2.4899         -0.1962
             0.8273         -0.4576         -2.7207

     Atom 29  N   pos: (  0.432947  0.697518  0.499623)  para_oo sigma:          -1.98
            -1.7907         -0.5423          0.7916
            -0.3432         -1.9068          0.0349
             0.8875          0.4132         -2.2530

     Atom 30  N   pos: (  1.036059  0.828964  0.420614)  para_oo sigma:          -1.98
            -1.7907         -0.5423          0.7916
            -0.3432         -1.9068          0.0349
             0.8875          0.4132         -2.2530

     Atom 31  O   pos: (  0.727517  1.101820  0.290671)  para_oo sigma:          -3.25
            -2.5198         -0.4303          2.0686
            -0.7312         -2.4667          0.7166
             1.6106         -0.0528         -4.7534

     Atom 32  O   pos: (  0.741490  0.424662  0.629566)  para_oo sigma:          -3.25
            -2.5198         -0.4303          2.0686
            -0.7312         -2.4667          0.7166
             1.6106         -0.0528         -4.7534

     Atom 33  O   pos: (  0.367363  0.408544  0.425678)  para_oo sigma:          -3.54
            -3.2105         -0.6719          2.1179
            -1.0491         -2.8428          0.9920
             1.9240          0.1307         -4.5648

     Atom 34  O   pos: (  1.101644  1.117938  0.494559)  para_oo sigma:          -3.54
            -3.2105         -0.6719          2.1179
            -1.0491         -2.8428          0.9920
             1.9240          0.1307         -4.5648

     Atom 35  H   pos: (  0.968019  0.271796  0.319485)  para_oo sigma:           0.00
             0.0000          0.0000          0.0000
             0.0000          0.0000          0.0000
             0.0000          0.0000          0.0000

     Atom 36  H   pos: (  0.500988  1.254686  0.600752)  para_oo sigma:           0.00
             0.0000          0.0000          0.0000
             0.0000          0.0000          0.0000
             0.0000          0.0000          0.0000

     Atom 37  H   pos: (  0.972405  0.479174  0.260594)  para_oo sigma:           0.00
             0.0000          0.0000          0.0000
             0.0000          0.0000          0.0000
             0.0000          0.0000          0.0000

     Atom 38  H   pos: (  0.496602  1.047308  0.659643)  para_oo sigma:           0.00
             0.0000          0.0000          0.0000
             0.0000          0.0000          0.0000
             0.0000          0.0000          0.0000

     Atom 39  N   pos: (  0.917794  0.359988  0.232823)  para_oo sigma:          -0.05
            -0.2437          0.0185          0.0667
             0.0496          0.1086         -0.0444
             0.0422         -0.0484         -0.0104

     Atom 40  N   pos: (  0.551213  1.166494  0.687415)  para_oo sigma:          -0.05
            -0.2437          0.0185          0.0667
             0.0496          0.1086         -0.0444
             0.0422         -0.0484         -0.0104

     Atom 41  N   pos: (  0.735232  0.375460  0.274819)  para_oo sigma:          -0.20
            -0.4680          0.0592          0.0467
             0.0794         -0.0276         -0.0452
             0.0280         -0.0287         -0.1172

     Atom 42  N   pos: (  0.733775  1.151022  0.645418)  para_oo sigma:          -0.20
            -0.4680          0.0592          0.0467
             0.0794         -0.0276         -0.0452
             0.0280         -0.0287         -0.1172

     Atom 43  H   pos: (  0.717711  0.406749  0.406197)  para_oo sigma:           0.00
             0.0000          0.0000          0.0000
             0.0000          0.0000          0.0000
             0.0000          0.0000          0.0000

     Atom 44  H   pos: (  0.751296  1.119733  0.514040)  para_oo sigma:           0.00
             0.0000          0.0000          0.0000
             0.0000          0.0000          0.0000
             0.0000          0.0000          0.0000

     Atom 45  H   pos: (  0.675551  0.256436  0.250073)  para_oo sigma:           0.00
             0.0000          0.0000          0.0000
             0.0000          0.0000          0.0000
             0.0000          0.0000          0.0000

     Atom 46  H   pos: (  0.793456  1.270046  0.670164)  para_oo sigma:           0.00
             0.0000          0.0000          0.0000
             0.0000          0.0000          0.0000
             0.0000          0.0000          0.0000

     Atom 47  H   pos: (  0.683316  0.475092  0.197079)  para_oo sigma:           0.00
             0.0000          0.0000          0.0000
             0.0000          0.0000          0.0000
             0.0000          0.0000          0.0000

     Atom 48  H   pos: (  0.785691  1.051390  0.723158)  para_oo sigma:           0.00
             0.0000          0.0000          0.0000
             0.0000          0.0000          0.0000
             0.0000          0.0000          0.0000

     Paramagnetic US L_R Q_R contribution in ppm:
 
     Atom  1  C   pos: (  0.717934  0.963820  0.204607)  para_lq sigma:         -16.24
           -15.5626         -0.4609          2.8917
             0.1189        -13.4368          0.1512
             3.4343          1.4828        -19.7259

     Atom  2  C   pos: (  0.751073  0.562662  0.715630)  para_lq sigma:         -16.24
           -15.5626         -0.4609          2.8917
             0.1189        -13.4368          0.1512
             3.4343          1.4828        -19.7259

     Atom  3  C   pos: (  1.100427  1.234328  0.905964)  para_lq sigma:         -15.96
           -12.5632         -0.4334          1.4851
            -1.0355        -18.6514         -3.1712
             1.0070         -3.9974        -16.6727

     Atom  4  C   pos: (  0.368580  0.292154  0.014273)  para_lq sigma:         -15.96
           -12.5632         -0.4334          1.4851
            -1.0355        -18.6514         -3.1712
             1.0070         -3.9974        -16.6727

     Atom  5  H   pos: (  1.139481  1.180265  0.782044)  para_lq sigma:           0.00
             0.0000          0.0000          0.0000
             0.0000          0.0000          0.0000
             0.0000          0.0000          0.0000

     Atom  6  H   pos: (  0.329525  0.346217  0.138193)  para_lq sigma:           0.00
             0.0000          0.0000          0.0000
             0.0000          0.0000          0.0000
             0.0000          0.0000          0.0000

     Atom  7  C   pos: (  0.358907  0.538384  0.518175)  para_lq sigma:         -16.09
           -17.0382         -1.7677          3.3524
            -1.3921        -13.2160          2.9831
             3.6963          3.4377        -18.0035

     Atom  8  C   pos: (  1.110100  0.988098  0.402062)  para_lq sigma:         -16.09
           -17.0382         -1.7677          3.3524
            -1.3921        -13.2160          2.9831
             3.6963          3.4377        -18.0035

     Atom  9  C   pos: (  1.300188  0.720363  0.743327)  para_lq sigma:         -15.81
           -12.6911         -0.4873          1.7433
            -1.1423        -17.7369         -2.9179
             1.2215         -3.8600        -16.9909

     Atom 10  C   pos: (  0.168819  0.806119  0.176910)  para_lq sigma:         -15.81
           -12.6911         -0.4873          1.7433
            -1.1423        -17.7369         -2.9179
             1.2215         -3.8600        -16.9909

     Atom 11  H   pos: (  1.257344  0.764644  0.870406)  para_lq sigma:           0.00
             0.0000          0.0000          0.0000
             0.0000          0.0000          0.0000
             0.0000          0.0000          0.0000

     Atom 12  H   pos: (  0.211663  0.761838  0.049831)  para_lq sigma:           0.00
             0.0000          0.0000          0.0000
             0.0000          0.0000          0.0000
             0.0000          0.0000          0.0000

     Atom 13  H   pos: (  0.517814  0.742763  0.397319)  para_lq sigma:           0.00
             0.0000          0.0000          0.0000
             0.0000          0.0000          0.0000
             0.0000          0.0000          0.0000

     Atom 14  H   pos: (  0.951193  0.783719  0.522918)  para_lq sigma:           0.00
             0.0000          0.0000          0.0000
             0.0000          0.0000          0.0000
             0.0000          0.0000          0.0000

     Atom 15  N   pos: (  0.640755  0.812926  0.242535)  para_lq sigma:         -72.21
           -64.0121         -3.4941          4.3261
            -3.0028        -78.3090         -7.1908
             4.9363         -6.3131        -74.3223

     Atom 16  N   pos: (  0.828252  0.713556  0.677702)  para_lq sigma:         -72.21
           -64.0121         -3.4941          4.3261
            -3.0028        -78.3090         -7.1908
             4.9363         -6.3131        -74.3223

     Atom 17  N   pos: (  0.667045  0.697546  0.106978)  para_lq sigma:         -72.48
           -65.7806         -0.3366          7.8445
             0.0844        -70.3392         -5.0439
             8.0676         -4.7924        -81.3235

     Atom 18  N   pos: (  0.801962  0.828936  0.813259)  para_lq sigma:         -72.48
           -65.7806         -0.3366          7.8445
             0.0844        -70.3392         -5.0439
             8.0676         -4.7924        -81.3235

     Atom 19  N   pos: (  0.793464  0.941338  0.037936)  para_lq sigma:         -69.89
           -62.7866         -3.8367          7.7479
            -5.9759        -74.2732         -2.3248
             6.2471         -5.5989        -72.6147

     Atom 20  N   pos: (  0.675542  0.585144  0.882301)  para_lq sigma:         -69.89
           -62.7866         -3.8367          7.7479
            -5.9759        -74.2732         -2.3248
             6.2471         -5.5989        -72.6147

     Atom 21  N   pos: (  1.104865  0.465736  0.886218)  para_lq sigma:         -82.50
           -81.3795        -16.5933         16.8970
           -16.0867        -83.0184         14.0476
            17.2740         14.8955        -83.0987

     Atom 22  N   pos: (  0.364142  1.060746  0.034019)  para_lq sigma:         -82.50
           -81.3795        -16.5933         16.8970
           -16.0867        -83.0184         14.0476
            17.2740         14.8955        -83.0987

     Atom 23  N   pos: (  1.173198  0.422987  0.744144)  para_lq sigma:         -82.66
           -81.7695        -17.2137         16.7476
           -16.2603        -83.5945         14.0063
            17.3628         15.4988        -82.6263

     Atom 24  N   pos: (  0.295808  1.103495  0.176094)  para_lq sigma:         -82.66
           -81.7695        -17.2137         16.7476
           -16.2603        -83.5945         14.0063
            17.3628         15.4988        -82.6263

     Atom 25  N   pos: (  1.268246  0.556393  0.677753)  para_lq sigma:         -70.17
           -63.2873         -3.5150          7.9697
            -6.0944        -74.9498         -2.7213
             6.7699         -5.9728        -72.2607

     Atom 26  N   pos: (  0.200760  0.970089  0.242484)  para_lq sigma:         -70.17
           -63.2873         -3.5150          7.9697
            -6.0944        -74.9498         -2.7213
             6.7699         -5.9728        -72.2607

     Atom 27  N   pos: (  0.399696  0.805661  0.637032)  para_lq sigma:         -71.78
           -67.3016         -0.1365          8.8581
             0.4340        -67.3054         -4.6587
             9.1364         -4.0078        -80.7299

     Atom 28  N   pos: (  1.069311  0.720821  0.283205)  para_lq sigma:         -71.78
           -67.3016         -0.1365          8.8581
             0.4340        -67.3054         -4.6587
             9.1364         -4.0078        -80.7299

     Atom 29  N   pos: (  0.432947  0.697518  0.499623)  para_lq sigma:         -69.03
           -62.7407         -4.5992          8.9273
            -3.5331        -71.0307         -5.0269
             9.2721         -3.1202        -73.3229

     Atom 30  N   pos: (  1.036059  0.828964  0.420614)  para_lq sigma:         -69.03
           -62.7407         -4.5992          8.9273
            -3.5331        -71.0307         -5.0269
             9.2721         -3.1202        -73.3229

     Atom 31  O   pos: (  0.727517  1.101820  0.290671)  para_lq sigma:        -146.96
          -138.5111         -3.5892          1.5466
            -2.9513       -154.8576         -7.5150
             1.6888         -7.1524       -147.5235

     Atom 32  O   pos: (  0.741490  0.424662  0.629566)  para_lq sigma:        -146.96
          -138.5111         -3.5892          1.5466
            -2.9513       -154.8576         -7.5150
             1.6888         -7.1524       -147.5235

     Atom 33  O   pos: (  0.367363  0.408544  0.425678)  para_lq sigma:        -149.80
          -140.7779         -1.6459          3.8667
            -1.1323       -157.5106        -10.0195
             4.2725         -9.9143       -151.1168

     Atom 34  O   pos: (  1.101644  1.117938  0.494559)  para_lq sigma:        -149.80
          -140.7779         -1.6459          3.8667
            -1.1323       -157.5106        -10.0195
             4.2725         -9.9143       -151.1168

     Atom 35  H   pos: (  0.968019  0.271796  0.319485)  para_lq sigma:           0.00
             0.0000          0.0000          0.0000
             0.0000          0.0000          0.0000
             0.0000          0.0000          0.0000

     Atom 36  H   pos: (  0.500988  1.254686  0.600752)  para_lq sigma:           0.00
             0.0000          0.0000          0.0000
             0.0000          0.0000          0.0000
             0.0000          0.0000          0.0000

     Atom 37  H   pos: (  0.972405  0.479174  0.260594)  para_lq sigma:           0.00
             0.0000          0.0000          0.0000
             0.0000          0.0000          0.0000
             0.0000          0.0000          0.0000

     Atom 38  H   pos: (  0.496602  1.047308  0.659643)  para_lq sigma:           0.00
             0.0000          0.0000          0.0000
             0.0000          0.0000          0.0000
             0.0000          0.0000          0.0000

     Atom 39  N   pos: (  0.917794  0.359988  0.232823)  para_lq sigma:         -63.74
           -67.8060         -0.1207         -0.0390
            -0.0608        -68.9579          4.9117
            -0.0894          4.9112        -54.4662

     Atom 40  N   pos: (  0.551213  1.166494  0.687415)  para_lq sigma:         -63.74
           -67.8060         -0.1207         -0.0390
            -0.0608        -68.9579          4.9117
            -0.0894          4.9112        -54.4662

     Atom 41  N   pos: (  0.735232  0.375460  0.274819)  para_lq sigma:         -57.80
           -60.0805          0.1204          0.6019
             0.1486        -56.3332         -0.4557
             0.5462         -0.4440        -56.9815

     Atom 42  N   pos: (  0.733775  1.151022  0.645418)  para_lq sigma:         -57.80
           -60.0805          0.1204          0.6019
             0.1486        -56.3332         -0.4557
             0.5462         -0.4440        -56.9815

     Atom 43  H   pos: (  0.717711  0.406749  0.406197)  para_lq sigma:           0.00
             0.0000          0.0000          0.0000
             0.0000          0.0000          0.0000
             0.0000          0.0000          0.0000

     Atom 44  H   pos: (  0.751296  1.119733  0.514040)  para_lq sigma:           0.00
             0.0000          0.0000          0.0000
             0.0000          0.0000          0.0000
             0.0000          0.0000          0.0000

     Atom 45  H   pos: (  0.675551  0.256436  0.250073)  para_lq sigma:           0.00
             0.0000          0.0000          0.0000
             0.0000          0.0000          0.0000
             0.0000          0.0000          0.0000

     Atom 46  H   pos: (  0.793456  1.270046  0.670164)  para_lq sigma:           0.00
             0.0000          0.0000          0.0000
             0.0000          0.0000          0.0000
             0.0000          0.0000          0.0000

     Atom 47  H   pos: (  0.683316  0.475092  0.197079)  para_lq sigma:           0.00
             0.0000          0.0000          0.0000
             0.0000          0.0000          0.0000
             0.0000          0.0000          0.0000

     Atom 48  H   pos: (  0.785691  1.051390  0.723158)  para_lq sigma:           0.00
             0.0000          0.0000          0.0000
             0.0000          0.0000          0.0000
             0.0000          0.0000          0.0000

 
     Total NMR chemical shifts in ppm: ---------------------------------------
     (adopting the Simpson convention for anisotropy and asymmetry)-----------
 
     Atom  1  C   pos: (  0.717934  0.963820  0.204607)  Total sigma:           8.30
            26.9680         -8.3920         40.2378
             2.8962         42.5940        -10.9969
            53.4009         14.6578        -44.6539

     C    1    anisotropy:   -114.25    eta:   -0.1068
     C    1    sigma_11=     42.32    axis=( -0.174893 -0.977880 -0.114731)
     C    1    sigma_22=     50.45    axis=(  0.879218 -0.207560  0.428830)
     C    1    sigma_33=    -67.86    axis=( -0.443158 -0.025874  0.896070)
 
     Atom  2  C   pos: (  0.751073  0.562662  0.715630)  Total sigma:           8.30
            26.9680         -8.3920         40.2378
             2.8962         42.5940        -10.9969
            53.4009         14.6578        -44.6539

     C    2    anisotropy:   -114.25    eta:   -0.1068
     C    2    sigma_11=     42.32    axis=( -0.174893 -0.977880 -0.114731)
     C    2    sigma_22=     50.45    axis=(  0.879218 -0.207560  0.428830)
     C    2    sigma_33=    -67.86    axis=( -0.443158 -0.025874  0.896070)
 
     Atom  3  C   pos: (  1.100427  1.234328  0.905964)  Total sigma:          34.39
            92.6462         -7.0810         32.4407
           -20.3857        -12.1853        -53.2508
            17.4762        -71.4167         22.7139

     C    3    anisotropy:   -140.96    eta:   -0.6467
     C    3    sigma_11=     50.99    axis=(  0.558866  0.517678 -0.647826)
     C    3    sigma_22=    111.76    axis=(  0.828774 -0.321985  0.457667)
     C    3    sigma_33=    -59.58    axis=( -0.028334  0.792676  0.608984)
 
     Atom  4  C   pos: (  0.368580  0.292154  0.014273)  Total sigma:          34.39
            92.6462         -7.0810         32.4407
           -20.3857        -12.1853        -53.2508
            17.4762        -71.4167         22.7139

     C    4    anisotropy:   -140.96    eta:   -0.6467
     C    4    sigma_11=     50.99    axis=(  0.558866  0.517678 -0.647826)
     C    4    sigma_22=    111.76    axis=(  0.828774 -0.321985  0.457667)
     C    4    sigma_33=    -59.58    axis=( -0.028334  0.792676  0.608984)
 
     Atom  5  H   pos: (  1.139481  1.180265  0.782044)  Total sigma:          21.28
            19.7336          2.3968         -1.9946
             1.3916         19.0815          0.9940
            -3.4581          0.0523         25.0151

     H    5    anisotropy:      7.35    eta:   -0.8005
     H    5    sigma_11=     20.79    axis=(  0.594733  0.749484  0.290802)
     H    5    sigma_22=     16.86    axis=( -0.697971  0.660877 -0.275824)
     H    5    sigma_33=     26.18    axis=( -0.398910 -0.038930  0.916163)
 
     Atom  6  H   pos: (  0.329525  0.346217  0.138193)  Total sigma:          21.28
            19.7336          2.3968         -1.9946
             1.3916         19.0815          0.9940
            -3.4581          0.0523         25.0151

     H    6    anisotropy:      7.35    eta:   -0.8005
     H    6    sigma_11=     20.79    axis=(  0.594733  0.749484  0.290802)
     H    6    sigma_22=     16.86    axis=( -0.697971  0.660877 -0.275824)
     H    6    sigma_33=     26.18    axis=( -0.398910 -0.038930  0.916163)
 
     Atom  7  C   pos: (  0.358907  0.538384  0.518175)  Total sigma:          15.36
            11.7125        -24.4925         51.8760
           -20.3590         45.7646         29.7153
            56.1643         42.0016        -11.3902

     C    7    anisotropy:   -128.49    eta:   -0.1295
     C    7    sigma_11=     52.65    axis=( -0.787332  0.466724 -0.402835)
     C    7    sigma_22=     63.74    axis=( -0.207978 -0.816155 -0.539107)
     C    7    sigma_33=    -70.29    axis=( -0.580390 -0.340676  0.739654)
 
     Atom  8  C   pos: (  1.110100  0.988098  0.402062)  Total sigma:          15.36
            11.7125        -24.4925         51.8760
           -20.3590         45.7646         29.7153
            56.1643         42.0016        -11.3902

     C    8    anisotropy:   -128.49    eta:   -0.1295
     C    8    sigma_11=     52.65    axis=( -0.787332  0.466724 -0.402835)
     C    8    sigma_22=     63.74    axis=( -0.207978 -0.816155 -0.539107)
     C    8    sigma_33=    -70.29    axis=( -0.580390 -0.340676  0.739654)
 
     Atom  9  C   pos: (  1.300188  0.720363  0.743327)  Total sigma:          35.26
            93.7860        -11.9539         30.4712
           -26.1138         -4.8254        -47.8349
            26.5615        -63.3366         16.8157

     C    9    anisotropy:   -128.97    eta:   -0.8725
     C    9    sigma_11=     40.74    axis=(  0.539838  0.550901 -0.636462)
     C    9    sigma_22=    115.76    axis=( -0.841377  0.330080 -0.427938)
     C    9    sigma_33=    -50.72    axis=( -0.025668  0.766522  0.641705)
 
     Atom 10  C   pos: (  0.168819  0.806119  0.176910)  Total sigma:          35.26
            93.7860        -11.9539         30.4712
           -26.1138         -4.8254        -47.8349
            26.5615        -63.3366         16.8157

     C   10    anisotropy:   -128.97    eta:   -0.8725
     C   10    sigma_11=     40.74    axis=(  0.539838  0.550901 -0.636462)
     C   10    sigma_22=    115.76    axis=( -0.841377  0.330080 -0.427938)
     C   10    sigma_33=    -50.72    axis=( -0.025668  0.766522  0.641705)
 
     Atom 11  H   pos: (  1.257344  0.764644  0.870406)  Total sigma:          20.48
            17.2787          1.7003         -4.3747
             1.2781         17.9656          1.6460
            -4.0125          0.6126         26.1930

     H   11    anisotropy:     11.10    eta:   -0.5785
     H   11    sigma_11=     18.92    axis=(  0.462511  0.876956  0.130503)
     H   11    sigma_22=     14.64    axis=( -0.809795  0.477767 -0.340544)
     H   11    sigma_33=     27.88    axis=( -0.360993  0.051824  0.931127)
 
     Atom 12  H   pos: (  0.211663  0.761838  0.049831)  Total sigma:          20.48
            17.2787          1.7003         -4.3747
             1.2781         17.9656          1.6460
            -4.0125          0.6126         26.1930

     H   12    anisotropy:     11.10    eta:   -0.5785
     H   12    sigma_11=     18.92    axis=(  0.462511  0.876956  0.130503)
     H   12    sigma_22=     14.64    axis=( -0.809795  0.477767 -0.340544)
     H   12    sigma_33=     27.88    axis=( -0.360993  0.051824  0.931127)
 
     Atom 13  H   pos: (  0.517814  0.742763  0.397319)  Total sigma:          13.47
            12.6167          5.1301        -11.9657
             5.7900          9.8527         -4.9874
           -11.3096         -3.3823         17.9306

     H   13    anisotropy:     24.04    eta:   -0.3301
     H   13    sigma_11=      8.10    axis=(  0.049050  0.896767  0.439776)
     H   13    sigma_22=      2.81    axis=( -0.794043  0.302105 -0.527474)
     H   13    sigma_33=     29.49    axis=( -0.605880 -0.323328  0.726889)
 
     Atom 14  H   pos: (  0.951193  0.783719  0.522918)  Total sigma:          13.47
            12.6167          5.1301        -11.9657
             5.7900          9.8527         -4.9874
           -11.3096         -3.3823         17.9306

     H   14    anisotropy:     24.04    eta:   -0.3301
     H   14    sigma_11=      8.10    axis=(  0.049050  0.896767  0.439776)
     H   14    sigma_22=      2.81    axis=( -0.794043  0.302105 -0.527474)
     H   14    sigma_33=     29.49    axis=( -0.605880 -0.323328  0.726889)
 
     Atom 15  N   pos: (  0.640755  0.812926  0.242535)  Total sigma:         -18.02
            89.4130        -45.1996         58.3770
           -41.1279        -93.8276        -78.7207
            67.4160        -70.3162        -49.6545

     N   15    anisotropy:    228.95    eta:   -0.7229
     N   15    sigma_11=    -39.17    axis=( -0.509624 -0.525932  0.680939)
     N   15    sigma_22=   -149.51    axis=( -0.015086  0.796765  0.604101)
     N   15    sigma_33=    134.61    axis=(  0.860265 -0.297592  0.413985)
 
     Atom 16  N   pos: (  0.828252  0.713556  0.677702)  Total sigma:         -18.02
            89.4130        -45.1996         58.3770
           -41.1279        -93.8276        -78.7207
            67.4160        -70.3162        -49.6545

     N   16    anisotropy:    228.95    eta:   -0.7229
     N   16    sigma_11=    -39.17    axis=( -0.509624 -0.525932  0.680939)
     N   16    sigma_22=   -149.51    axis=( -0.015086  0.796765  0.604101)
     N   16    sigma_33=    134.61    axis=(  0.860265 -0.297592  0.413985)
 
     Atom 17  N   pos: (  0.667045  0.697546  0.106978)  Total sigma:         -66.84
            76.9247        -56.1903        139.6734
           -63.3171       -122.6602        -81.7148
           129.6380       -105.8670       -154.7977

     N   17    anisotropy:    354.61    eta:   -0.5575
     N   17    sigma_11=   -119.15    axis=(  0.477372  0.812522 -0.334549)
     N   17    sigma_22=   -250.95    axis=( -0.252671  0.491582  0.833369)
     N   17    sigma_33=    169.56    axis=( -0.841590  0.313297 -0.439968)
 
     Atom 18  N   pos: (  0.801962  0.828936  0.813259)  Total sigma:         -66.84
            76.9247        -56.1903        139.6734
           -63.3171       -122.6602        -81.7148
           129.6380       -105.8670       -154.7977

     N   18    anisotropy:    354.61    eta:   -0.5575
     N   18    sigma_11=   -119.15    axis=(  0.477372  0.812522 -0.334549)
     N   18    sigma_22=   -250.95    axis=( -0.252671  0.491582  0.833369)
     N   18    sigma_33=    169.56    axis=( -0.841590  0.313297 -0.439968)
 
     Atom 19  N   pos: (  0.793464  0.941338  0.037936)  Total sigma:           0.82
            49.6703         -7.2140         62.4425
           -35.2555        -13.8778        -11.4919
            44.6003        -53.5116        -33.3227

     N   19    anisotropy:    129.59    eta:   -0.5940
     N   19    sigma_11=    -16.71    axis=(  0.454854  0.862460 -0.221969)
     N   19    sigma_22=    -68.03    axis=( -0.321453  0.391441  0.862231)
     N   19    sigma_33=     87.21    axis=(  0.830527 -0.320836  0.455289)
 
     Atom 20  N   pos: (  0.675542  0.585144  0.882301)  Total sigma:           0.82
            49.6703         -7.2140         62.4425
           -35.2555        -13.8778        -11.4919
            44.6003        -53.5116        -33.3227

     N   20    anisotropy:    129.59    eta:   -0.5940
     N   20    sigma_11=    -16.71    axis=(  0.454854  0.862460 -0.221969)
     N   20    sigma_22=    -68.03    axis=( -0.321453  0.391441  0.862231)
     N   20    sigma_33=     87.21    axis=(  0.830527 -0.320836  0.455289)
 
     Atom 21  N   pos: (  1.104865  0.465736  0.886218)  Total sigma:        -159.92
          -102.8245       -216.3441        216.6113
          -182.2599       -205.9758         84.3314
           222.5895        127.4645       -170.9647

     N   21    anisotropy:   -525.09    eta:   -0.5715
     N   21    sigma_11=    -84.92    axis=( -0.096927  0.740934  0.664546)
     N   21    sigma_22=    115.14    axis=( -0.803080  0.336194 -0.491971)
     N   21    sigma_33=   -509.98    axis=(  0.587935  0.581369 -0.562443)
 
     Atom 22  N   pos: (  0.364142  1.060746  0.034019)  Total sigma:        -159.92
          -102.8245       -216.3441        216.6113
          -182.2599       -205.9758         84.3314
           222.5895        127.4645       -170.9647

     N   22    anisotropy:   -525.09    eta:   -0.5715
     N   22    sigma_11=    -84.92    axis=( -0.096927  0.740934  0.664546)
     N   22    sigma_22=    115.14    axis=( -0.803080  0.336194 -0.491971)
     N   22    sigma_33=   -509.98    axis=(  0.587935  0.581369 -0.562443)
 
     Atom 23  N   pos: (  1.173198  0.422987  0.744144)  Total sigma:        -163.62
          -110.9387       -224.3890        219.9441
          -184.8837       -210.0637         85.4925
           224.8527        134.2105       -169.8468

     N   23    anisotropy:   -537.47    eta:   -0.5469
     N   23    sigma_11=    -82.44    axis=( -0.102887  0.738512  0.666344)
     N   23    sigma_22=    113.52    axis=( -0.799658  0.336999 -0.496969)
     N   23    sigma_33=   -521.93    axis=(  0.591575  0.583979 -0.555884)
 
     Atom 24  N   pos: (  0.295808  1.103495  0.176094)  Total sigma:        -163.62
          -110.9387       -224.3890        219.9441
          -184.8837       -210.0637         85.4925
           224.8527        134.2105       -169.8468

     N   24    anisotropy:   -537.47    eta:   -0.5469
     N   24    sigma_11=    -82.44    axis=( -0.102887  0.738512  0.666344)
     N   24    sigma_22=    113.52    axis=( -0.799658  0.336999 -0.496969)
     N   24    sigma_33=   -521.93    axis=(  0.591575  0.583979 -0.555884)
 
     Atom 25  N   pos: (  1.268246  0.556393  0.677753)  Total sigma:           2.05
            51.2940          2.8747         59.7641
           -36.3791        -15.6010        -14.4850
            43.0527        -63.1138        -29.5443

     N   25    anisotropy:    127.18    eta:   -0.7095
     N   25    sigma_11=    -10.27    axis=(  0.490010  0.809702 -0.322913)
     N   25    sigma_22=    -70.42    axis=( -0.278838  0.496561  0.821995)
     N   25    sigma_33=     86.84    axis=(  0.825918 -0.312745  0.469096)
 
     Atom 26  N   pos: (  0.200760  0.970089  0.242484)  Total sigma:           2.05
            51.2940          2.8747         59.7641
           -36.3791        -15.6010        -14.4850
            43.0527        -63.1138        -29.5443

     N   26    anisotropy:    127.18    eta:   -0.7095
     N   26    sigma_11=    -10.27    axis=(  0.490010  0.809702 -0.322913)
     N   26    sigma_22=    -70.42    axis=( -0.278838  0.496561  0.821995)
     N   26    sigma_33=     86.84    axis=(  0.825918 -0.312745  0.469096)
 
     Atom 27  N   pos: (  0.399696  0.805661  0.637032)  Total sigma:         -45.06
            73.9166        -56.3257        144.5024
           -54.7085        -73.0508        -97.8206
           138.6274       -108.3694       -136.0374

     N   27    anisotropy:    341.86    eta:   -0.7022
     N   27    sigma_11=    -79.00    axis=(  0.511605  0.828497 -0.227711)
     N   27    sigma_22=   -239.03    axis=( -0.309451  0.424904  0.850704)
     N   27    sigma_33=    182.85    axis=( -0.801561  0.364759 -0.473762)
 
     Atom 28  N   pos: (  1.069311  0.720821  0.283205)  Total sigma:         -45.06
            73.9166        -56.3257        144.5024
           -54.7085        -73.0508        -97.8206
           138.6274       -108.3694       -136.0374

     N   28    anisotropy:    341.86    eta:   -0.7022
     N   28    sigma_11=    -79.00    axis=(  0.511605  0.828497 -0.227711)
     N   28    sigma_22=   -239.03    axis=( -0.309451  0.424904  0.850704)
     N   28    sigma_33=    182.85    axis=( -0.801561  0.364759 -0.473762)
 
     Atom 29  N   pos: (  0.432947  0.697518  0.499623)  Total sigma:          34.30
            74.9299        -34.7972         61.2564
           -16.2841         22.1654        -43.3338
            61.4745        -15.7193          5.8040

     N   29    anisotropy:    135.00    eta:   -0.5067
     N   29    sigma_11=     12.10    axis=(  0.427531  0.901846 -0.062382)
     N   29    sigma_22=    -33.50    axis=( -0.427669  0.262572  0.864960)
     N   29    sigma_33=    124.30    axis=( -0.796440  0.343118 -0.497949)
 
     Atom 30  N   pos: (  1.036059  0.828964  0.420614)  Total sigma:          34.30
            74.9299        -34.7972         61.2564
           -16.2841         22.1654        -43.3338
            61.4745        -15.7193          5.8040

     N   30    anisotropy:    135.00    eta:   -0.5067
     N   30    sigma_11=     12.10    axis=(  0.427531  0.901846 -0.062382)
     N   30    sigma_22=    -33.50    axis=( -0.427669  0.262572  0.864960)
     N   30    sigma_33=    124.30    axis=( -0.796440  0.343118 -0.497949)
 
     Atom 31  O   pos: (  0.727517  1.101820  0.290671)  Total sigma:         112.21
           215.6663       -106.3904         94.1665
           -84.0543         43.3631        -32.5549
           106.1179        -39.2398         77.6039

     O   31    anisotropy:    292.23    eta:   -0.1587
     O   31    sigma_11=     30.26    axis=( -0.279443  0.382209  0.880811)
     O   31    sigma_22=     -0.65    axis=(  0.476128  0.851783 -0.218559)
     O   31    sigma_33=    307.03    axis=(  0.833795 -0.358304  0.420005)
 
     Atom 32  O   pos: (  0.741490  0.424662  0.629566)  Total sigma:         112.21
           215.6663       -106.3904         94.1665
           -84.0543         43.3631        -32.5549
           106.1179        -39.2398         77.6039

     O   32    anisotropy:    292.23    eta:   -0.1587
     O   32    sigma_11=     30.26    axis=( -0.279443  0.382209  0.880811)
     O   32    sigma_22=     -0.65    axis=(  0.476128  0.851783 -0.218559)
     O   32    sigma_33=    307.03    axis=(  0.833795 -0.358304  0.420005)
 
     Atom 33  O   pos: (  0.367363  0.408544  0.425678)  Total sigma:          75.79
           211.7296        -87.0050        165.7808
           -98.7959        -44.8580        -88.8576
           155.5321        -55.0330         60.5046

     O   33    anisotropy:    409.06    eta:   -0.1599
     O   33    sigma_11=    -38.76    axis=( -0.585179 -0.236493  0.775652)
     O   33    sigma_22=    -82.36    axis=(  0.098221  0.928813  0.357293)
     O   33    sigma_33=    348.50    axis=( -0.804933  0.285266 -0.520293)
 
     Atom 34  O   pos: (  1.101644  1.117938  0.494559)  Total sigma:          75.79
           211.7296        -87.0050        165.7808
           -98.7959        -44.8580        -88.8576
           155.5321        -55.0330         60.5046

     O   34    anisotropy:    409.06    eta:   -0.1599
     O   34    sigma_11=    -38.76    axis=( -0.585179 -0.236493  0.775652)
     O   34    sigma_22=    -82.36    axis=(  0.098221  0.928813  0.357293)
     O   34    sigma_33=    348.50    axis=( -0.804933  0.285266 -0.520293)
 
     Atom 35  H   pos: (  0.968019  0.271796  0.319485)  Total sigma:          26.15
            25.9011         -4.6259          1.1364
            -2.7333         28.4058         -6.0784
             0.5757         -6.7365         24.1476

     H   35    anisotropy:     12.48    eta:   -0.6805
     H   35    sigma_11=     24.82    axis=(  0.892231  0.163561 -0.420918)
     H   35    sigma_22=     19.16    axis=(  0.240971  0.615856  0.750103)
     H   35    sigma_33=     34.47    axis=( -0.381912  0.770694 -0.510072)
 
     Atom 36  H   pos: (  0.500988  1.254686  0.600752)  Total sigma:          26.15
            25.9011         -4.6259          1.1364
            -2.7333         28.4058         -6.0784
             0.5757         -6.7365         24.1476

     H   36    anisotropy:     12.48    eta:   -0.6805
     H   36    sigma_11=     24.82    axis=(  0.892231  0.163561 -0.420918)
     H   36    sigma_22=     19.16    axis=(  0.240971  0.615856  0.750103)
     H   36    sigma_33=     34.47    axis=( -0.381912  0.770694 -0.510072)
 
     Atom 37  H   pos: (  0.972405  0.479174  0.260594)  Total sigma:          24.87
            24.9280          9.3448         -1.4449
             8.7125         32.1173          2.5600
            -0.9520          2.4948         17.5553

     H   37    anisotropy:     20.21    eta:   -0.3707
     H   37    sigma_11=     20.63    axis=(  0.686545 -0.406962 -0.602527)
     H   37    sigma_22=     15.63    axis=( -0.472214  0.380562 -0.795102)
     H   37    sigma_33=     38.34    axis=( -0.552875 -0.830394 -0.069100)
 
     Atom 38  H   pos: (  0.496602  1.047308  0.659643)  Total sigma:          24.87
            24.9280          9.3448         -1.4449
             8.7125         32.1173          2.5600
            -0.9520          2.4948         17.5553

     H   38    anisotropy:     20.21    eta:   -0.3707
     H   38    sigma_11=     20.63    axis=(  0.686545 -0.406962 -0.602527)
     H   38    sigma_22=     15.63    axis=( -0.472214  0.380562 -0.795102)
     H   38    sigma_33=     38.34    axis=( -0.552875 -0.830394 -0.069100)
 
     Atom 39  N   pos: (  0.917794  0.359988  0.232823)  Total sigma:         179.73
           226.8119         -1.7266        -10.5471
            -5.8471        155.3322          1.1678
           -17.1319          0.8829        157.0562

     N   39    anisotropy:     74.89    eta:   -0.0186
     N   39    sigma_11=    155.23    axis=(  0.112199  0.939660  0.323189)
     N   39    sigma_22=    154.30    axis=( -0.159383  0.338049 -0.927534)
     N   39    sigma_33=    229.66    axis=( -0.980820  0.052557  0.187695)
 
     Atom 40  N   pos: (  0.551213  1.166494  0.687415)  Total sigma:         179.73
           226.8119         -1.7266        -10.5471
            -5.8471        155.3322          1.1678
           -17.1319          0.8829        157.0562

     N   40    anisotropy:     74.89    eta:   -0.0186
     N   40    sigma_11=    155.23    axis=(  0.112199  0.939660  0.323189)
     N   40    sigma_22=    154.30    axis=( -0.159383  0.338049 -0.927534)
     N   40    sigma_33=    229.66    axis=( -0.980820  0.052557  0.187695)
 
     Atom 41  N   pos: (  0.735232  0.375460  0.274819)  Total sigma:         176.68
           196.2548         -2.4747        -11.2358
            -1.7047        166.5135         -0.0820
           -15.2355         -0.4329        167.2749

     N   41    anisotropy:     37.21    eta:   -0.1901
     N   41    sigma_11=    166.64    axis=(  0.029610 -0.975005  0.220200)
     N   41    sigma_22=    161.92    axis=(  0.362619  0.215767  0.906616)
     N   41    sigma_33=    201.49    axis=( -0.931467  0.053004  0.359944)
 
     Atom 42  N   pos: (  0.733775  1.151022  0.645418)  Total sigma:         176.68
           196.2548         -2.4747        -11.2358
            -1.7047        166.5135         -0.0820
           -15.2355         -0.4329        167.2749

     N   42    anisotropy:     37.21    eta:   -0.1901
     N   42    sigma_11=    166.64    axis=(  0.029610 -0.975005  0.220200)
     N   42    sigma_22=    161.92    axis=(  0.362619  0.215767  0.906616)
     N   42    sigma_33=    201.49    axis=( -0.931467  0.053004  0.359944)
 
     Atom 43  H   pos: (  0.717711  0.406749  0.406197)  Total sigma:          21.08
            14.5824          0.3633         -5.2622
             0.3656         13.3513          4.9826
            -4.2772          5.1942         35.3188

     H   43    anisotropy:     24.42    eta:   -0.1884
     H   43    sigma_11=     14.48    axis=(  0.838670  0.541350  0.059768)
     H   43    sigma_22=     11.41    axis=( -0.507491  0.816581 -0.275041)
     H   43    sigma_33=     37.36    axis=( -0.197699  0.200337  0.959573)
 
     Atom 44  H   pos: (  0.751296  1.119733  0.514040)  Total sigma:          21.08
            14.5824          0.3633         -5.2622
             0.3656         13.3513          4.9826
            -4.2772          5.1942         35.3188

     H   44    anisotropy:     24.42    eta:   -0.1884
     H   44    sigma_11=     14.48    axis=(  0.838670  0.541350  0.059768)
     H   44    sigma_22=     11.41    axis=( -0.507491  0.816581 -0.275041)
     H   44    sigma_33=     37.36    axis=( -0.197699  0.200337  0.959573)
 
     Atom 45  H   pos: (  0.675551  0.256436  0.250073)  Total sigma:          22.19
            19.7044         10.7091         -0.4889
             9.0128         31.9827          1.6269
            -1.3764          1.5306         14.8723

     H   45    anisotropy:     22.97    eta:   -0.2102
     H   45    sigma_11=     16.14    axis=(  0.573123 -0.279988 -0.770154)
     H   45    sigma_22=     12.92    axis=( -0.662235  0.395316 -0.636529)
     H   45    sigma_33=     37.50    axis=( -0.482675 -0.874832 -0.041147)
 
     Atom 46  H   pos: (  0.793456  1.270046  0.670164)  Total sigma:          22.19
            19.7044         10.7091         -0.4889
             9.0128         31.9827          1.6269
            -1.3764          1.5306         14.8723

     H   46    anisotropy:     22.97    eta:   -0.2102
     H   46    sigma_11=     16.14    axis=(  0.573123 -0.279988 -0.770154)
     H   46    sigma_22=     12.92    axis=( -0.662235  0.395316 -0.636529)
     H   46    sigma_33=     37.50    axis=( -0.482675 -0.874832 -0.041147)
 
     Atom 47  H   pos: (  0.683316  0.475092  0.197079)  Total sigma:          21.25
            16.5516         -5.8902          2.0971
            -3.5115         27.5597         -7.7359
             0.3608         -8.1867         19.6394

     H   47    anisotropy:     18.75    eta:   -0.2260
     H   47    sigma_11=     16.41    axis=( -0.747799  0.147039  0.647438)
     H   47    sigma_22=     13.59    axis=(  0.610002  0.537125  0.582575)
     H   47    sigma_33=     33.75    axis=(  0.262094 -0.830588  0.491356)
 
     Atom 48  H   pos: (  0.785691  1.051390  0.723158)  Total sigma:          21.25
            16.5516         -5.8902          2.0971
            -3.5115         27.5597         -7.7359
             0.3608         -8.1867         19.6394

     H   48    anisotropy:     18.75    eta:   -0.2260
     H   48    sigma_11=     16.41    axis=( -0.747799  0.147039  0.647438)
     H   48    sigma_22=     13.59    axis=(  0.610002  0.537125  0.582575)
     H   48    sigma_33=     33.75    axis=(  0.262094 -0.830588  0.491356)
 
     Initialization:
     gipaw_setup  :      0.34s CPU      0.36s WALL (       1 calls)
 
     Linear response
     greenf       :  11860.91s CPU  12193.59s WALL (     240 calls)
     cgsolve      :  11799.92s CPU  12132.40s WALL (     240 calls)
     ch_psi       :  11665.68s CPU  11997.90s WALL (   17024 calls)
     h_psiq       :   8934.48s CPU   9261.12s WALL (   17024 calls)
 
     Apply operators
     h_psi        :   7830.19s CPU   8191.89s WALL (   22390 calls)
     apply_vel    :    135.13s CPU    135.38s WALL (     210 calls)
 
     Induced current
     j_para       :    485.72s CPU    511.99s WALL (     270 calls)
     biot_savart  :      0.05s CPU      0.06s WALL (       1 calls)
 
     Other routines
 
     General routines
     calbec       :   3156.36s CPU   3168.85s WALL (   58468 calls)
     fft          :      0.11s CPU      0.15s WALL (      32 calls)
     fftw         :   5525.85s CPU   5888.92s WALL ( 3565986 calls)
     davcio       :      0.03s CPU      0.56s WALL (     160 calls)
 
     Parallel routines
     fft_scatter  :   1351.11s CPU   1576.36s WALL ( 3566018 calls)
 
     Plugins
 
     GIPAW        :  14328.78s CPU  14744.65s WALL (       1 calls)
