
     Program QE v.6.1 (svn rev. 13369) starts on 20Dec2017 at 17:54:59 

     This program is part of the open-source Quantum ESPRESSO suite
     for quantum simulation of materials; please cite
         "P. Giannozzi et al., J. Phys.:Condens. Matter 21 395502 (2009);
          URL http://www.quantum-espresso.org", 
     in publications or presentations arising from this work. More details at
     http://www.quantum-espresso.org/quote

     Parallel version (MPI), running on     8 processors
     R & G space division:  proc/nbgrp/npool/nimage =       8
 
     ***** This is GIPAW svn revision unknown      *****
 
     Parallelizing q-star over 1 images
     Message from routine gipaw_readin:
     *** iverbosity is obsolete, use verbosity instead ***

     Reading data from directory:
     /scratch/paruzzo/QEspresso/CCDC/GAVLUK/wfc/scf.save

   Info: using nr1, nr2, nr3 values from input

   Info: using nr1, nr2, nr3 values from input

     IMPORTANT: XC functional enforced from input :
     Exchange-correlation      =  SLA  PW   PBX  PBC ( 1  4  3  4 0 0)
     Any further DFT definition will be discarded
     Please, verify this is what you really want

               file C.pbe-n-kjpaw_psl.0.1.UPF: wavefunction(s)  2P renormalized
               file N.pbe-n-kjpaw_psl.0.1.UPF: wavefunction(s)  2P renormalized
               file H.pbe-kjpaw_psl.0.1.UPF: wavefunction(s)  1S renormalized
               file O.pbe-n-kjpaw_psl.0.1.UPF: wavefunction(s)  2P renormalized
 
     Parallelization info
     --------------------
     sticks:   dense  smooth     PW     G-vecs:    dense   smooth      PW
     Min         832     832    226                37198    37198    5268
     Max         833     833    227                37199    37199    5269
     Sum        6661    6661   1815               297587   297587   42151
 

     Check: negative/imaginary core charge=   -0.000003    0.000000

     Subspace diagonalization in iterative solution of the eigenvalue problem:
     a serial algorithm will be used

     GIPAW projectors -----------------------------------------------
     atom=  C    l=0  rc=    1.3000  rs=    0.8667
     atom=  C    l=0  rc=    1.3000  rs=    0.8667
     atom=  C    l=1  rc=    1.4500  rs=    0.9667
     atom=  C    l=1  rc=    1.4500  rs=    0.9667
     projs nearly linearly dependent: l=0  n1,n2= 1, 2  s=  0.99877758
     projs nearly linearly dependent: l=1  n1,n2= 1, 2  s=  0.99940894
 
     atom=  N    l=0  rc=    1.3000  rs=    0.8667
     atom=  N    l=0  rc=    1.3000  rs=    0.8667
     atom=  N    l=1  rc=    1.4500  rs=    0.9667
     atom=  N    l=1  rc=    1.4500  rs=    0.9667
     projs nearly linearly dependent: l=0  n1,n2= 1, 2  s=  0.99709514
     projs nearly linearly dependent: l=1  n1,n2= 1, 2  s=  0.99857174
 
     atom=  H    l=0  rc=    1.0000  rs=    0.6667
     atom=  H    l=0  rc=    1.0000  rs=    0.6667
     projs nearly linearly dependent: l=0  n1,n2= 1, 2  s=  0.99968852
 
     atom=  O    l=0  rc=    1.3500  rs=    0.9000
     atom=  O    l=0  rc=    1.3500  rs=    0.9000
     atom=  O    l=1  rc=    1.3500  rs=    0.9000
     atom=  O    l=1  rc=    1.3500  rs=    0.9000
     projs nearly linearly dependent: l=0  n1,n2= 1, 2  s=  0.99100135
     projs nearly linearly dependent: l=1  n1,n2= 1, 2  s=  0.99790100
     -----------------------------------------------------------------
 
     alpha_pv=     44.7176 eV
 
     q-space interpolation up to   110.00 Rydberg
 
     GIPAW job: nmr                                                                             
     NMR macroscopic correction: yes
             0.6667          0.0000          0.0000
             0.0000          0.6667          0.0000
             0.0000          0.0000          0.6667

 
     Largest allocated arrays     est. size (Mb)     dimensions
        KS wavefunctions at k           5.12 Mb     (    4662,   72)
        KS wavefunctions at k+q         5.12 Mb     (    4662,   72)
        First-order wavefunctions      51.22 Mb     (    4662,   72, 10)
        First-order wavefunct (US)     30.73 Mb     (    4662,   72,  6)
        Charge/spin density             0.67 Mb     (   87480,    1)
        Induced current                 6.01 Mb     (   87480,    3,3,1)
        Induced magnetic field          6.01 Mb     (   87480,    3,3,1)
        NL pseudopotentials            14.23 Mb     (    4662,  200)
        GIPAW NL terms                 14.23 Mb     (    4662,  200)
 
     Computing the magnetic susceptibility     isolve=0    ethr=  0.1000E-13
     k-point #    1 of    14      pool #  1    cpu time:       7.1
     Rotating WFCS
     Rotating WFCS
     Rotating WFCS
     Rotating WFCS
     Rotating WFCS
     Rotating WFCS
     c_bands:  1 eigenvalues not converged
     Rotating WFCS
     c_bands:  1 eigenvalues not converged
     k-point #    2 of    14      pool #  1    cpu time:     442.8
     Rotating WFCS
     Rotating WFCS
     Rotating WFCS
     Rotating WFCS
     c_bands:  1 eigenvalues not converged
     Rotating WFCS
     c_bands:  1 eigenvalues not converged
     Rotating WFCS
     c_bands:  1 eigenvalues not converged
     Rotating WFCS
     c_bands:  1 eigenvalues not converged
     k-point #    3 of    14      pool #  1    cpu time:     882.9
     Rotating WFCS
     Rotating WFCS
     Rotating WFCS
     Rotating WFCS
     Rotating WFCS
     Rotating WFCS
     Rotating WFCS
     k-point #    4 of    14      pool #  1    cpu time:    1296.5
     Rotating WFCS
     c_bands:  1 eigenvalues not converged
     Rotating WFCS
     c_bands:  1 eigenvalues not converged
     Rotating WFCS
     c_bands:  1 eigenvalues not converged
     Rotating WFCS
     c_bands:  2 eigenvalues not converged
     Rotating WFCS
     c_bands:  1 eigenvalues not converged
     Rotating WFCS
     c_bands:  1 eigenvalues not converged
     Rotating WFCS
     c_bands:  1 eigenvalues not converged
     k-point #    5 of    14      pool #  1    cpu time:    1754.6
     Rotating WFCS
     Rotating WFCS
     Rotating WFCS
     Rotating WFCS
     Rotating WFCS
     Rotating WFCS
     Rotating WFCS
     k-point #    6 of    14      pool #  1    cpu time:    2186.8
     Rotating WFCS
     c_bands:  1 eigenvalues not converged
     Rotating WFCS
     Rotating WFCS
     Rotating WFCS
     Rotating WFCS
     Rotating WFCS
     c_bands:  1 eigenvalues not converged
     Rotating WFCS
     k-point #    7 of    14      pool #  1    cpu time:    2627.9
     Rotating WFCS
     c_bands:  1 eigenvalues not converged
     Rotating WFCS
     c_bands:  1 eigenvalues not converged
     Rotating WFCS
     c_bands:  1 eigenvalues not converged
     Rotating WFCS
     c_bands:  1 eigenvalues not converged
     Rotating WFCS
     c_bands:  1 eigenvalues not converged
     Rotating WFCS
     c_bands:  1 eigenvalues not converged
     Rotating WFCS
     c_bands:  1 eigenvalues not converged
     k-point #    8 of    14      pool #  1    cpu time:    3085.0
     Rotating WFCS
     c_bands:  1 eigenvalues not converged
     Rotating WFCS
     Rotating WFCS
     Rotating WFCS
     c_bands:  1 eigenvalues not converged
     Rotating WFCS
     c_bands:  1 eigenvalues not converged
     Rotating WFCS
     Rotating WFCS
     c_bands:  1 eigenvalues not converged
     k-point #    9 of    14      pool #  1    cpu time:    3540.5
     Rotating WFCS
     Rotating WFCS
     Rotating WFCS
     Rotating WFCS
     Rotating WFCS
     Rotating WFCS
     Rotating WFCS
     k-point #   10 of    14      pool #  1    cpu time:    3990.7
     Rotating WFCS
     c_bands:  1 eigenvalues not converged
     Rotating WFCS
     Rotating WFCS
     c_bands:  1 eigenvalues not converged
     Rotating WFCS
     c_bands:  1 eigenvalues not converged
     Rotating WFCS
     c_bands:  1 eigenvalues not converged
     Rotating WFCS
     Rotating WFCS
     c_bands:  1 eigenvalues not converged
     k-point #   11 of    14      pool #  1    cpu time:    4445.9
     Rotating WFCS
     Rotating WFCS
     Rotating WFCS
     Rotating WFCS
     Rotating WFCS
     Rotating WFCS
     Rotating WFCS
     k-point #   12 of    14      pool #  1    cpu time:    4869.0
     Rotating WFCS
     c_bands:  1 eigenvalues not converged
     Rotating WFCS
     Rotating WFCS
     Rotating WFCS
     Rotating WFCS
     Rotating WFCS
     Rotating WFCS
     c_bands:  1 eigenvalues not converged
     k-point #   13 of    14      pool #  1    cpu time:    5307.0
     Rotating WFCS
     c_bands:  1 eigenvalues not converged
     Rotating WFCS
     Rotating WFCS
     Rotating WFCS
     Rotating WFCS
     Rotating WFCS
     Rotating WFCS
     c_bands:  1 eigenvalues not converged
     k-point #   14 of    14      pool #  1    cpu time:    5744.9
     Rotating WFCS
     Rotating WFCS
     Rotating WFCS
     Rotating WFCS
     Rotating WFCS
     Rotating WFCS
     Rotating WFCS
     End of magnetic susceptibility calculation
 
     f-sum rule (1st term):
          -114.2520          0.0070          0.0012
             0.0071       -114.2565          0.0051
            -0.0006          0.0057       -114.2148

     f-sum rule (2nd term):
            -2.2676         -0.0068         -0.0006
            -0.0072         -2.2523         -0.0050
             0.0009         -0.0055         -2.2960

     f-sum rule (should be  -116.5087):
          -116.5196          0.0002          0.0005
            -0.0001       -116.5088          0.0001
             0.0003          0.0002       -116.5108

     chi_bare pGv (HH) in paratec units:
       -33.165276     -0.275120     -1.643451
        -0.986952    -32.174803     -0.032035
        -2.053438     -0.069012    -33.552922

       -33.165276     -0.275120     -1.643451
        -0.986952    -32.174803     -0.032035
        -2.053438     -0.069012    -33.552922

     chi_bare vGv (VV) in paratec units:
       -34.153863      0.281622     -2.293137
         0.290259    -33.660497      0.008580
        -2.294854      0.007608    -35.347020

       -34.153863      0.281622     -2.293137
         0.290259    -33.660497      0.008580
        -2.294854      0.007608    -35.347020

     chi_bare pGv (HH) in 10^{-6} cm^3/mol:
          -157.6045         -1.3074         -7.8098
            -4.6901       -152.8977         -0.1522
            -9.7581         -0.3280       -159.4466

     chi_bare vGv (VV) in 10^{-6} cm^3/mol:
          -162.3024          1.3383        -10.8972
             1.3793       -159.9579          0.0408
           -10.9054          0.0362       -167.9724

     Contributions to the NMR chemical shifts: -------------------------------
 
     Macroscopic shape contribution in ppm:                    6.67
             6.7152          0.0000          0.0000
             0.0000          6.5146          0.0000
             0.0000          0.0000          6.7936

 
     Core contribution in ppm:
 
     Atom  1  C   pos: (  0.158236  2.419198  0.458694)  core sigma:         200.51
     Atom  2  C   pos: (  0.467039  0.837963  0.869892)  core sigma:         200.51
     Atom  3  C   pos: (  0.114231  2.346452  0.107494)  core sigma:         200.51
     Atom  4  C   pos: (  0.511045  0.910709  1.221091)  core sigma:         200.51
     Atom  5  O   pos: (  0.860381  2.127381  0.031312)  core sigma:         271.07
     Atom  6  O   pos: ( -0.235105  1.129780  1.297274)  core sigma:         271.07
     Atom  7  C   pos: (  0.187896  2.006273  0.073130)  core sigma:         200.51
     Atom  8  C   pos: (  0.437380  1.250888  1.255456)  core sigma:         200.51
     Atom  9  O   pos: (  0.253595  1.869868  0.370881)  core sigma:         271.07
     Atom 10  O   pos: (  0.371681  1.387293  0.957705)  core sigma:         271.07
     Atom 11  C   pos: (  0.252400  2.104483  0.601080)  core sigma:         200.51
     Atom 12  C   pos: (  0.372875  1.152678  0.727506)  core sigma:         200.51
     Atom 13  O   pos: ( -0.050103  2.247454  0.674076)  core sigma:         271.07
     Atom 14  O   pos: (  0.675379  1.009708  0.654509)  core sigma:         271.07
     Atom 15  C   pos: (  0.384631  2.680244  0.541529)  core sigma:         200.51
     Atom 16  C   pos: (  0.240645  0.576917  0.787057)  core sigma:         200.51
     Atom 17  O   pos: (  0.606979  2.731681  0.362046)  core sigma:         271.07
     Atom 18  O   pos: (  0.018297  0.525480  0.966540)  core sigma:         271.07
     Atom 19  O   pos: (  0.341958  2.817320  0.830550)  core sigma:         271.07
     Atom 20  O   pos: (  0.283318  0.439841  0.498036)  core sigma:         271.07
     Atom 21  C   pos: (  0.617103  2.983034  0.950692)  core sigma:         200.51
     Atom 22  C   pos: (  0.008173  0.274127  0.377894)  core sigma:         200.51
     Atom 23  H   pos: ( -0.140653  2.466386  1.263358)  core sigma:           0.00
     Atom 24  H   pos: (  0.765929  0.790776  0.065227)  core sigma:           0.00
     Atom 25  H   pos: ( -0.033454  1.803379  1.201602)  core sigma:           0.00
     Atom 26  H   pos: (  0.658730  1.453782  0.126984)  core sigma:           0.00
     Atom 27  H   pos: (  0.411541  2.070779  0.804921)  core sigma:           0.00
     Atom 28  H   pos: (  0.213735  1.186383  0.523664)  core sigma:           0.00
     Atom 29  H   pos: (  0.616851  3.232557  0.869316)  core sigma:           0.00
     Atom 30  H   pos: (  0.008425  0.024604  0.459270)  core sigma:           0.00
     Atom 31  H   pos: (  0.596733  2.974325  1.211175)  core sigma:           0.00
     Atom 32  H   pos: (  0.028543  0.282836  0.117410)  core sigma:           0.00
     Atom 33  H   pos: ( -0.158857  2.864662  0.867355)  core sigma:           0.00
     Atom 34  H   pos: (  0.784133  0.392499  0.461230)  core sigma:           0.00
 
     Bare contribution in ppm:
 
     Atom  1  C   pos: (  0.158236  2.419198  0.458694)  bare sigma:         -20.33
           -20.6871          7.6645         -3.8907
            12.5400        -33.1204         17.8670
             2.8313         21.7335         -7.1770

     Atom  2  C   pos: (  0.467039  0.837963  0.869892)  bare sigma:         -20.33
           -20.6871          7.6645         -3.8907
            12.5400        -33.1204         17.8670
             2.8313         21.7335         -7.1770

     Atom  3  C   pos: (  0.114231  2.346452  0.107494)  bare sigma:         -19.90
           -15.6782          6.0500          3.9468
             9.5820        -43.5205         -1.1473
             2.7393         -3.0811         -0.5120

     Atom  4  C   pos: (  0.511045  0.910709  1.221091)  bare sigma:         -19.90
           -15.6782          6.0500          3.9468
             9.5820        -43.5205         -1.1473
             2.7393         -3.0811         -0.5120

     Atom  5  O   pos: (  0.860381  2.127381  0.031312)  bare sigma:          58.13
            23.6488         -6.8944         -8.5195
           -33.2227         58.5305        -16.4510
           -10.9481        -12.6941         92.2239

     Atom  6  O   pos: ( -0.235105  1.129780  1.297274)  bare sigma:          58.13
            23.6488         -6.8944         -8.5195
           -33.2227         58.5305        -16.4510
           -10.9481        -12.6941         92.2239

     Atom  7  C   pos: (  0.187896  2.006273  0.073130)  bare sigma:         -41.58
           -58.7021          7.4237          9.4515
            -1.4778        -58.1299        -12.1568
             8.6889        -19.7959         -7.9062

     Atom  8  C   pos: (  0.437380  1.250888  1.255456)  bare sigma:         -41.58
           -58.7021          7.4237          9.4515
            -1.4778        -58.1299        -12.1568
             8.6889        -19.7959         -7.9062

     Atom  9  O   pos: (  0.253595  1.869868  0.370881)  bare sigma:          53.74
            57.8632         11.8192         -1.8490
             4.1926         35.7791          3.8417
             0.1938          3.9759         67.5733

     Atom 10  O   pos: (  0.371681  1.387293  0.957705)  bare sigma:          53.74
            57.8632         11.8192         -1.8490
             4.1926         35.7791          3.8417
             0.1938          3.9759         67.5733

     Atom 11  C   pos: (  0.252400  2.104483  0.601080)  bare sigma:         -42.54
           -61.5452         10.3697         -1.1267
             5.7242        -38.9676         21.4150
            -1.0313         26.8169        -27.1034

     Atom 12  C   pos: (  0.372875  1.152678  0.727506)  bare sigma:         -42.54
           -61.5452         10.3697         -1.1267
             5.7242        -38.9676         21.4150
            -1.0313         26.8169        -27.1034

     Atom 13  O   pos: ( -0.050103  2.247454  0.674076)  bare sigma:          51.26
            26.6128         12.4913         20.9962
           -15.8441         74.9933         18.2954
            19.8736          7.5050         52.1674

     Atom 14  O   pos: (  0.675379  1.009708  0.654509)  bare sigma:          51.26
            26.6128         12.4913         20.9962
           -15.8441         74.9933         18.2954
            19.8736          7.5050         52.1674

     Atom 15  C   pos: (  0.384631  2.680244  0.541529)  bare sigma:         -76.19
           -63.0833        -10.3071         -5.1209
           -22.2267        -77.9100        -18.1534
           -16.8589        -28.9672        -87.5671

     Atom 16  C   pos: (  0.240645  0.576917  0.787057)  bare sigma:         -76.19
           -63.0833        -10.3071         -5.1209
           -22.2267        -77.9100        -18.1534
           -16.8589        -28.9672        -87.5671

     Atom 17  O   pos: (  0.606979  2.731681  0.362046)  bare sigma:         -28.57
           -32.4022        -54.5205         51.1242
           -54.2641         16.4479        -46.1469
            48.0188        -54.4243        -69.7647

     Atom 18  O   pos: (  0.018297  0.525480  0.966540)  bare sigma:         -28.57
           -32.4022        -54.5205         51.1242
           -54.2641         16.4479        -46.1469
            48.0188        -54.4243        -69.7647

     Atom 19  O   pos: (  0.341958  2.817320  0.830550)  bare sigma:          32.33
             1.4579        -36.5725         -8.4523
           -30.6275         40.4786         -9.2655
            25.3207         14.8675         55.0403

     Atom 20  O   pos: (  0.283318  0.439841  0.498036)  bare sigma:          32.33
             1.4579        -36.5725         -8.4523
           -30.6275         40.4786         -9.2655
            25.3207         14.8675         55.0403

     Atom 21  C   pos: (  0.617103  2.983034  0.950692)  bare sigma:         -18.31
            -7.6899         14.3261         18.0037
            15.1678        -17.6389          5.9731
            18.7253          5.1700        -29.6000

     Atom 22  C   pos: (  0.008173  0.274127  0.377894)  bare sigma:         -18.31
            -7.6899         14.3261         18.0037
            15.1678        -17.6389          5.9731
            18.7253          5.1700        -29.6000

     Atom 23  H   pos: ( -0.140653  2.466386  1.263358)  bare sigma:          18.16
            14.8541          2.6654         -1.9667
             1.2717         16.5608         -1.9895
            -1.9074         -5.6556         23.0633

     Atom 24  H   pos: (  0.765929  0.790776  0.065227)  bare sigma:          18.16
            14.8541          2.6654         -1.9667
             1.2717         16.5608         -1.9895
            -1.9074         -5.6556         23.0633

     Atom 25  H   pos: ( -0.033454  1.803379  1.201602)  bare sigma:          16.54
            13.5949         -2.0832         -1.9067
            -1.8181         13.9834         -0.5833
            -2.8895          2.2378         22.0556

     Atom 26  H   pos: (  0.658730  1.453782  0.126984)  bare sigma:          16.54
            13.5949         -2.0832         -1.9067
            -1.8181         13.9834         -0.5833
            -2.8895          2.2378         22.0556

     Atom 27  H   pos: (  0.411541  2.070779  0.804921)  bare sigma:          16.15
            14.7156         -1.0458          3.2027
             0.7114         12.1714          2.0608
             3.7593          0.2045         21.5483

     Atom 28  H   pos: (  0.213735  1.186383  0.523664)  bare sigma:          16.15
            14.7156         -1.0458          3.2027
             0.7114         12.1714          2.0608
             3.7593          0.2045         21.5483

     Atom 29  H   pos: (  0.616851  3.232557  0.869316)  bare sigma:          18.37
            15.9993          2.4931          0.4255
             2.4698         25.7053          0.1734
             0.7120         -0.2052         13.3914

     Atom 30  H   pos: (  0.008425  0.024604  0.459270)  bare sigma:          18.37
            15.9993          2.4931          0.4255
             2.4698         25.7053          0.1734
             0.7120         -0.2052         13.3914

     Atom 31  H   pos: (  0.596733  2.974325  1.211175)  bare sigma:          18.06
            14.9460          1.3457          3.2209
             1.2132         18.4047          0.8202
             1.3089          0.9324         20.8354

     Atom 32  H   pos: (  0.028543  0.282836  0.117410)  bare sigma:          18.06
            14.9460          1.3457          3.2209
             1.2132         18.4047          0.8202
             1.3089          0.9324         20.8354

     Atom 33  H   pos: ( -0.158857  2.864662  0.867355)  bare sigma:          16.30
            22.3954         -1.3925         -0.9785
            -1.7345         14.6105          1.5354
             1.2358          1.2308         11.8896

     Atom 34  H   pos: (  0.784133  0.392499  0.461230)  bare sigma:          16.30
            22.3954         -1.3925         -0.9785
            -1.7345         14.6105          1.5354
             1.2358          1.2308         11.8896

     Diamagnetic contribution in ppm:
 
     Atom  1  C   pos: (  0.158236  2.419198  0.458694)  dia sigma:           4.17
             4.1917          0.0961         -0.1051
             0.0961          4.1140         -0.0726
            -0.1051         -0.0726          4.1949

     Atom  2  C   pos: (  0.467039  0.837963  0.869892)  dia sigma:           4.17
             4.1917          0.0961         -0.1051
             0.0961          4.1140         -0.0726
            -0.1051         -0.0726          4.1949

     Atom  3  C   pos: (  0.114231  2.346452  0.107494)  dia sigma:           4.17
             4.2628          0.1142          0.0520
             0.1142          4.1395          0.0891
             0.0520          0.0891          4.1208

     Atom  4  C   pos: (  0.511045  0.910709  1.221091)  dia sigma:           4.17
             4.2628          0.1142          0.0520
             0.1142          4.1395          0.0891
             0.0520          0.0891          4.1208

     Atom  5  O   pos: (  0.860381  2.127381  0.031312)  dia sigma:          16.79
            17.3790          0.0692          0.3684
             0.0692         17.1953          0.2268
             0.3684          0.2268         15.7850

     Atom  6  O   pos: ( -0.235105  1.129780  1.297274)  dia sigma:          16.79
            17.3790          0.0692          0.3684
             0.0692         17.1953          0.2268
             0.3684          0.2268         15.7850

     Atom  7  C   pos: (  0.187896  2.006273  0.073130)  dia sigma:           3.95
             4.0600         -0.0867          0.0652
            -0.0867          3.8238         -0.1720
             0.0652         -0.1720          3.9778

     Atom  8  C   pos: (  0.437380  1.250888  1.255456)  dia sigma:           3.95
             4.0600         -0.0867          0.0652
            -0.0867          3.8238         -0.1720
             0.0652         -0.1720          3.9778

     Atom  9  O   pos: (  0.253595  1.869868  0.370881)  dia sigma:          17.73
            16.9555         -0.0800          0.2235
            -0.0800         17.6511          0.2017
             0.2235          0.2017         18.5973

     Atom 10  O   pos: (  0.371681  1.387293  0.957705)  dia sigma:          17.73
            16.9555         -0.0800          0.2235
            -0.0800         17.6511          0.2017
             0.2235          0.2017         18.5973

     Atom 11  C   pos: (  0.252400  2.104483  0.601080)  dia sigma:           3.98
             4.0281         -0.0554         -0.0828
            -0.0554          4.0337          0.1548
            -0.0828          0.1548          3.8750

     Atom 12  C   pos: (  0.372875  1.152678  0.727506)  dia sigma:           3.98
             4.0281         -0.0554         -0.0828
            -0.0554          4.0337          0.1548
            -0.0828          0.1548          3.8750

     Atom 13  O   pos: ( -0.050103  2.247454  0.674076)  dia sigma:          16.86
            17.1188         -0.1818         -0.6483
            -0.1818         17.0657         -0.6233
            -0.6483         -0.6233         16.3864

     Atom 14  O   pos: (  0.675379  1.009708  0.654509)  dia sigma:          16.86
            17.1188         -0.1818         -0.6483
            -0.1818         17.0657         -0.6233
            -0.6483         -0.6233         16.3864

     Atom 15  C   pos: (  0.384631  2.680244  0.541529)  dia sigma:           3.93
             3.8507         -0.1380          0.0707
            -0.1380          3.9948         -0.0197
             0.0707         -0.0197          3.9582

     Atom 16  C   pos: (  0.240645  0.576917  0.787057)  dia sigma:           3.93
             3.8507         -0.1380          0.0707
            -0.1380          3.9948         -0.0197
             0.0707         -0.0197          3.9582

     Atom 17  O   pos: (  0.606979  2.731681  0.362046)  dia sigma:          17.54
            17.7700         -0.2966         -0.2371
            -0.2966         17.3920         -0.4857
            -0.2371         -0.4857         17.4607

     Atom 18  O   pos: (  0.018297  0.525480  0.966540)  dia sigma:          17.54
            17.7700         -0.2966         -0.2371
            -0.2966         17.3920         -0.4857
            -0.2371         -0.4857         17.4607

     Atom 19  O   pos: (  0.341958  2.817320  0.830550)  dia sigma:          17.66
            17.6308          0.3097          0.3143
             0.3097         17.4540          0.6064
             0.3143          0.6064         17.8983

     Atom 20  O   pos: (  0.283318  0.439841  0.498036)  dia sigma:          17.66
            17.6308          0.3097          0.3143
             0.3097         17.4540          0.6064
             0.3143          0.6064         17.8983

     Atom 21  C   pos: (  0.617103  2.983034  0.950692)  dia sigma:           4.19
             4.3098          0.1649          0.1408
             0.1649          4.1560          0.0725
             0.1408          0.0725          4.1135

     Atom 22  C   pos: (  0.008173  0.274127  0.377894)  dia sigma:           4.19
             4.3098          0.1649          0.1408
             0.1649          4.1560          0.0725
             0.1408          0.0725          4.1135

     Atom 23  H   pos: ( -0.140653  2.466386  1.263358)  dia sigma:           1.14
             1.1369         -0.0000         -0.0000
            -0.0000          1.1369          0.0000
            -0.0000          0.0000          1.1369

     Atom 24  H   pos: (  0.765929  0.790776  0.065227)  dia sigma:           1.14
             1.1369         -0.0000         -0.0000
            -0.0000          1.1369          0.0000
            -0.0000          0.0000          1.1369

     Atom 25  H   pos: ( -0.033454  1.803379  1.201602)  dia sigma:           1.14
             1.1361         -0.0000         -0.0000
            -0.0000          1.1361          0.0000
            -0.0000          0.0000          1.1361

     Atom 26  H   pos: (  0.658730  1.453782  0.126984)  dia sigma:           1.14
             1.1361         -0.0000         -0.0000
            -0.0000          1.1361          0.0000
            -0.0000          0.0000          1.1361

     Atom 27  H   pos: (  0.411541  2.070779  0.804921)  dia sigma:           1.11
             1.1094         -0.0000         -0.0000
            -0.0000          1.1094          0.0000
            -0.0000          0.0000          1.1094

     Atom 28  H   pos: (  0.213735  1.186383  0.523664)  dia sigma:           1.11
             1.1094         -0.0000         -0.0000
            -0.0000          1.1094          0.0000
            -0.0000          0.0000          1.1094

     Atom 29  H   pos: (  0.616851  3.232557  0.869316)  dia sigma:           1.14
             1.1382         -0.0000         -0.0000
            -0.0000          1.1382          0.0000
            -0.0000          0.0000          1.1382

     Atom 30  H   pos: (  0.008425  0.024604  0.459270)  dia sigma:           1.14
             1.1382         -0.0000         -0.0000
            -0.0000          1.1382          0.0000
            -0.0000          0.0000          1.1382

     Atom 31  H   pos: (  0.596733  2.974325  1.211175)  dia sigma:           1.14
             1.1397         -0.0000         -0.0000
            -0.0000          1.1397          0.0000
            -0.0000          0.0000          1.1397

     Atom 32  H   pos: (  0.028543  0.282836  0.117410)  dia sigma:           1.14
             1.1397         -0.0000         -0.0000
            -0.0000          1.1397          0.0000
            -0.0000          0.0000          1.1397

     Atom 33  H   pos: ( -0.158857  2.864662  0.867355)  dia sigma:           1.10
             1.0964         -0.0000         -0.0000
            -0.0000          1.0964          0.0000
            -0.0000          0.0000          1.0964

     Atom 34  H   pos: (  0.784133  0.392499  0.461230)  dia sigma:           1.10
             1.0964         -0.0000         -0.0000
            -0.0000          1.0964          0.0000
            -0.0000          0.0000          1.0964

     Paramagnetic contribution in ppm:
 
     Atom  1  C   pos: (  0.158236  2.419198  0.458694)  para sigma:         -72.21
           -74.9993          3.2549          0.3346
             6.3244        -81.9374         20.2761
             7.3536         20.8426        -59.6860

     Atom  2  C   pos: (  0.467039  0.837963  0.869892)  para sigma:         -72.21
           -74.9993          3.2549          0.3346
             6.3244        -81.9374         20.2761
             7.3536         20.8426        -59.6860

     Atom  3  C   pos: (  0.114231  2.346452  0.107494)  para sigma:         -72.28
           -70.9449          1.3767          1.8133
             3.1963        -93.0054         -3.9340
             1.9943         -3.2177        -52.8771

     Atom  4  C   pos: (  0.511045  0.910709  1.221091)  para sigma:         -72.28
           -70.9449          1.3767          1.8133
             3.1963        -93.0054         -3.9340
             1.9943         -3.2177        -52.8771

     Atom  5  O   pos: (  0.860381  2.127381  0.031312)  para sigma:          -1.40
           -92.6308        -21.1803        -25.3139
           -92.7171          6.4099        -44.7868
           -31.0519        -33.0817         82.0236

     Atom  6  O   pos: ( -0.235105  1.129780  1.297274)  para sigma:          -1.40
           -92.6308        -21.1803        -25.3139
           -92.7171          6.4099        -44.7868
           -31.0519        -33.0817         82.0236

     Atom  7  C   pos: (  0.187896  2.006273  0.073130)  para sigma:         -91.24
          -113.0292         14.0510          7.1038
             4.2914       -101.2127         -8.5855
             7.2180        -15.8698        -59.4821

     Atom  8  C   pos: (  0.437380  1.250888  1.255456)  para sigma:         -91.24
          -113.0292         14.0510          7.1038
             4.2914       -101.2127         -8.5855
             7.2180        -15.8698        -59.4821

     Atom  9  O   pos: (  0.253595  1.869868  0.370881)  para sigma:         -30.42
           -16.2848         30.5442         -3.2049
            16.0756        -77.6557          9.5747
            -0.6101         10.5372          2.6949

     Atom 10  O   pos: (  0.371681  1.387293  0.957705)  para sigma:         -30.42
           -16.2848         30.5442         -3.2049
            16.0756        -77.6557          9.5747
            -0.6101         10.5372          2.6949

     Atom 11  C   pos: (  0.252400  2.104483  0.601080)  para sigma:         -92.26
          -113.7278         16.9988          0.9046
            10.8035        -87.8330         14.6461
             1.2985         19.8131        -75.2311

     Atom 12  C   pos: (  0.372875  1.152678  0.727506)  para sigma:         -92.26
          -113.7278         16.9988          0.9046
            10.8035        -87.8330         14.6461
             1.2985         19.8131        -75.2311

     Atom 13  O   pos: ( -0.050103  2.247454  0.674076)  para sigma:         -18.97
           -78.9182         28.5785         59.0631
           -46.1341         44.6482         52.7064
            62.3286         21.2633        -22.6521

     Atom 14  O   pos: (  0.675379  1.009708  0.654509)  para sigma:         -18.97
           -78.9182         28.5785         59.0631
           -46.1341         44.6482         52.7064
            62.3286         21.2633        -22.6521

     Atom 15  C   pos: (  0.384631  2.680244  0.541529)  para sigma:        -122.98
          -108.8378        -14.4826         -1.6406
           -25.4876       -122.6473        -23.3495
           -13.2607        -36.0481       -137.4450

     Atom 16  C   pos: (  0.240645  0.576917  0.787057)  para sigma:        -122.98
          -108.8378        -14.4826         -1.6406
           -25.4876       -122.6473        -23.3495
           -13.2607        -36.0481       -137.4450

     Atom 17  O   pos: (  0.606979  2.731681  0.362046)  para sigma:        -206.67
          -210.5710       -118.6384        108.9470
          -111.3510       -108.1371       -112.2178
           111.1620       -124.0347       -301.2961

     Atom 18  O   pos: (  0.018297  0.525480  0.966540)  para sigma:        -206.67
          -210.5710       -118.6384        108.9470
          -111.3510       -108.1371       -112.2178
           111.1620       -124.0347       -301.2961

     Atom 19  O   pos: (  0.341958  2.817320  0.830550)  para sigma:         -64.88
          -141.2858        -85.6970        -23.9497
           -71.7009        -50.0512        -17.1945
            48.3513         33.6649         -3.2936

     Atom 20  O   pos: (  0.283318  0.439841  0.498036)  para sigma:         -64.88
          -141.2858        -85.6970        -23.9497
           -71.7009        -50.0512        -17.1945
            48.3513         33.6649         -3.2936

     Atom 21  C   pos: (  0.617103  2.983034  0.950692)  para sigma:         -68.12
           -59.7006          8.8413         11.7604
            10.0626        -69.6192          2.5448
            12.1162          2.2036        -75.0526

     Atom 22  C   pos: (  0.008173  0.274127  0.377894)  para sigma:         -68.12
           -59.7006          8.8413         11.7604
            10.0626        -69.6192          2.5448
            12.1162          2.2036        -75.0526

     Atom 23  H   pos: ( -0.140653  2.466386  1.263358)  para sigma:           0.00
             0.0000          0.0000          0.0000
             0.0000          0.0000          0.0000
             0.0000          0.0000          0.0000

     Atom 24  H   pos: (  0.765929  0.790776  0.065227)  para sigma:           0.00
             0.0000          0.0000          0.0000
             0.0000          0.0000          0.0000
             0.0000          0.0000          0.0000

     Atom 25  H   pos: ( -0.033454  1.803379  1.201602)  para sigma:           0.00
             0.0000          0.0000          0.0000
             0.0000          0.0000          0.0000
             0.0000          0.0000          0.0000

     Atom 26  H   pos: (  0.658730  1.453782  0.126984)  para sigma:           0.00
             0.0000          0.0000          0.0000
             0.0000          0.0000          0.0000
             0.0000          0.0000          0.0000

     Atom 27  H   pos: (  0.411541  2.070779  0.804921)  para sigma:           0.00
             0.0000          0.0000          0.0000
             0.0000          0.0000          0.0000
             0.0000          0.0000          0.0000

     Atom 28  H   pos: (  0.213735  1.186383  0.523664)  para sigma:           0.00
             0.0000          0.0000          0.0000
             0.0000          0.0000          0.0000
             0.0000          0.0000          0.0000

     Atom 29  H   pos: (  0.616851  3.232557  0.869316)  para sigma:           0.00
             0.0000          0.0000          0.0000
             0.0000          0.0000          0.0000
             0.0000          0.0000          0.0000

     Atom 30  H   pos: (  0.008425  0.024604  0.459270)  para sigma:           0.00
             0.0000          0.0000          0.0000
             0.0000          0.0000          0.0000
             0.0000          0.0000          0.0000

     Atom 31  H   pos: (  0.596733  2.974325  1.211175)  para sigma:           0.00
             0.0000          0.0000          0.0000
             0.0000          0.0000          0.0000
             0.0000          0.0000          0.0000

     Atom 32  H   pos: (  0.028543  0.282836  0.117410)  para sigma:           0.00
             0.0000          0.0000          0.0000
             0.0000          0.0000          0.0000
             0.0000          0.0000          0.0000

     Atom 33  H   pos: ( -0.158857  2.864662  0.867355)  para sigma:           0.00
             0.0000          0.0000          0.0000
             0.0000          0.0000          0.0000
             0.0000          0.0000          0.0000

     Atom 34  H   pos: (  0.784133  0.392499  0.461230)  para sigma:           0.00
             0.0000          0.0000          0.0000
             0.0000          0.0000          0.0000
             0.0000          0.0000          0.0000

     Paramagnetic US occ-occ contribution in ppm:
 
     Atom  1  C   pos: (  0.158236  2.419198  0.458694)  para_oo sigma:          -0.30
            -0.1842         -0.0521          0.2907
            -0.0491         -0.1253         -0.0227
             0.2993          0.1156         -0.5849

     Atom  2  C   pos: (  0.467039  0.837963  0.869892)  para_oo sigma:          -0.30
            -0.1842         -0.0521          0.2907
            -0.0491         -0.1253         -0.0227
             0.2993          0.1156         -0.5849

     Atom  3  C   pos: (  0.114231  2.346452  0.107494)  para_oo sigma:          -0.14
            -0.1086         -0.0036         -0.0176
            -0.1062         -0.2164         -0.0363
            -0.1118         -0.0663         -0.0886

     Atom  4  C   pos: (  0.511045  0.910709  1.221091)  para_oo sigma:          -0.14
            -0.1086         -0.0036         -0.0176
            -0.1062         -0.2164         -0.0363
            -0.1118         -0.0663         -0.0886

     Atom  5  O   pos: (  0.860381  2.127381  0.031312)  para_oo sigma:           0.63
             0.0235          0.1112         -0.3841
             0.7658          0.8963          0.5524
             0.4743          0.6156          0.9757

     Atom  6  O   pos: ( -0.235105  1.129780  1.297274)  para_oo sigma:           0.63
             0.0235          0.1112         -0.3841
             0.7658          0.8963          0.5524
             0.4743          0.6156          0.9757

     Atom  7  C   pos: (  0.187896  2.006273  0.073130)  para_oo sigma:          -0.38
            -0.2442          0.0268          0.0245
             0.1013         -0.6880         -0.2335
             0.0547         -0.2693         -0.2026

     Atom  8  C   pos: (  0.437380  1.250888  1.255456)  para_oo sigma:          -0.38
            -0.2442          0.0268          0.0245
             0.1013         -0.6880         -0.2335
             0.0547         -0.2693         -0.2026

     Atom  9  O   pos: (  0.253595  1.869868  0.370881)  para_oo sigma:           0.26
            -0.1700          0.6933         -0.4361
            -0.0531          1.0751         -0.3161
            -0.0556         -0.3222         -0.1159

     Atom 10  O   pos: (  0.371681  1.387293  0.957705)  para_oo sigma:           0.26
            -0.1700          0.6933         -0.4361
            -0.0531          1.0751         -0.3161
            -0.0556         -0.3222         -0.1159

     Atom 11  C   pos: (  0.252400  2.104483  0.601080)  para_oo sigma:          -0.42
            -0.3495          0.0632         -0.0973
             0.1761         -0.4696          0.3601
            -0.2010          0.3895         -0.4457

     Atom 12  C   pos: (  0.372875  1.152678  0.727506)  para_oo sigma:          -0.42
            -0.3495          0.0632         -0.0973
             0.1761         -0.4696          0.3601
            -0.2010          0.3895         -0.4457

     Atom 13  O   pos: ( -0.050103  2.247454  0.674076)  para_oo sigma:           0.30
            -0.2892          0.4114          0.6065
             0.5030          0.3425         -0.7881
            -0.6263         -0.2358          0.8442

     Atom 14  O   pos: (  0.675379  1.009708  0.654509)  para_oo sigma:           0.30
            -0.2892          0.4114          0.6065
             0.5030          0.3425         -0.7881
            -0.6263         -0.2358          0.8442

     Atom 15  C   pos: (  0.384631  2.680244  0.541529)  para_oo sigma:          -1.69
            -1.5726         -0.5806         -0.5761
            -0.5008         -2.0062         -0.6269
            -0.6275         -0.6046         -1.4955

     Atom 16  C   pos: (  0.240645  0.576917  0.787057)  para_oo sigma:          -1.69
            -1.5726         -0.5806         -0.5761
            -0.5008         -2.0062         -0.6269
            -0.6275         -0.6046         -1.4955

     Atom 17  O   pos: (  0.606979  2.731681  0.362046)  para_oo sigma:          -2.38
            -3.2302         -1.4430          0.8190
            -2.4543         -2.6937          0.2568
            -1.7154         -1.5969         -1.2301

     Atom 18  O   pos: (  0.018297  0.525480  0.966540)  para_oo sigma:          -2.38
            -3.2302         -1.4430          0.8190
            -2.4543         -2.6937          0.2568
            -1.7154         -1.5969         -1.2301

     Atom 19  O   pos: (  0.341958  2.817320  0.830550)  para_oo sigma:          -0.88
            -1.5966         -1.8511         -0.8894
            -1.9095         -0.9401         -1.4083
             0.0518         -0.5109         -0.1126

     Atom 20  O   pos: (  0.283318  0.439841  0.498036)  para_oo sigma:          -0.88
            -1.5966         -1.8511         -0.8894
            -1.9095         -0.9401         -1.4083
             0.0518         -0.5109         -0.1126

     Atom 21  C   pos: (  0.617103  2.983034  0.950692)  para_oo sigma:          -0.13
            -0.1277          0.0308         -0.0176
             0.0017         -0.1302          0.0267
             0.0037          0.0088         -0.1366

     Atom 22  C   pos: (  0.008173  0.274127  0.377894)  para_oo sigma:          -0.13
            -0.1277          0.0308         -0.0176
             0.0017         -0.1302          0.0267
             0.0037          0.0088         -0.1366

     Atom 23  H   pos: ( -0.140653  2.466386  1.263358)  para_oo sigma:           0.00
             0.0000          0.0000          0.0000
             0.0000          0.0000          0.0000
             0.0000          0.0000          0.0000

     Atom 24  H   pos: (  0.765929  0.790776  0.065227)  para_oo sigma:           0.00
             0.0000          0.0000          0.0000
             0.0000          0.0000          0.0000
             0.0000          0.0000          0.0000

     Atom 25  H   pos: ( -0.033454  1.803379  1.201602)  para_oo sigma:           0.00
             0.0000          0.0000          0.0000
             0.0000          0.0000          0.0000
             0.0000          0.0000          0.0000

     Atom 26  H   pos: (  0.658730  1.453782  0.126984)  para_oo sigma:           0.00
             0.0000          0.0000          0.0000
             0.0000          0.0000          0.0000
             0.0000          0.0000          0.0000

     Atom 27  H   pos: (  0.411541  2.070779  0.804921)  para_oo sigma:           0.00
             0.0000          0.0000          0.0000
             0.0000          0.0000          0.0000
             0.0000          0.0000          0.0000

     Atom 28  H   pos: (  0.213735  1.186383  0.523664)  para_oo sigma:           0.00
             0.0000          0.0000          0.0000
             0.0000          0.0000          0.0000
             0.0000          0.0000          0.0000

     Atom 29  H   pos: (  0.616851  3.232557  0.869316)  para_oo sigma:           0.00
             0.0000          0.0000          0.0000
             0.0000          0.0000          0.0000
             0.0000          0.0000          0.0000

     Atom 30  H   pos: (  0.008425  0.024604  0.459270)  para_oo sigma:           0.00
             0.0000          0.0000          0.0000
             0.0000          0.0000          0.0000
             0.0000          0.0000          0.0000

     Atom 31  H   pos: (  0.596733  2.974325  1.211175)  para_oo sigma:           0.00
             0.0000          0.0000          0.0000
             0.0000          0.0000          0.0000
             0.0000          0.0000          0.0000

     Atom 32  H   pos: (  0.028543  0.282836  0.117410)  para_oo sigma:           0.00
             0.0000          0.0000          0.0000
             0.0000          0.0000          0.0000
             0.0000          0.0000          0.0000

     Atom 33  H   pos: ( -0.158857  2.864662  0.867355)  para_oo sigma:           0.00
             0.0000          0.0000          0.0000
             0.0000          0.0000          0.0000
             0.0000          0.0000          0.0000

     Atom 34  H   pos: (  0.784133  0.392499  0.461230)  para_oo sigma:           0.00
             0.0000          0.0000          0.0000
             0.0000          0.0000          0.0000
             0.0000          0.0000          0.0000

     Paramagnetic US L_R Q_R contribution in ppm:
 
     Atom  1  C   pos: (  0.158236  2.419198  0.458694)  para_lq sigma:         -12.73
           -12.7604         -0.9221          1.0232
            -0.6409        -12.4586          0.8875
             1.6553          1.4683        -12.9627

     Atom  2  C   pos: (  0.467039  0.837963  0.869892)  para_lq sigma:         -12.73
           -12.7604         -0.9221          1.0232
            -0.6409        -12.4586          0.8875
             1.6553          1.4683        -12.9627

     Atom  3  C   pos: (  0.114231  2.346452  0.107494)  para_lq sigma:         -11.96
           -11.9923         -0.9263         -0.4189
            -1.0389        -12.8236         -0.1688
            -0.4735         -0.1329        -11.0745

     Atom  4  C   pos: (  0.511045  0.910709  1.221091)  para_lq sigma:         -11.96
           -11.9923         -0.9263         -0.4189
            -1.0389        -12.8236         -0.1688
            -0.4735         -0.1329        -11.0745

     Atom  5  O   pos: (  0.860381  2.127381  0.031312)  para_lq sigma:        -152.27
          -159.5808          1.5683         -5.5053
             4.2517       -158.7596         -2.9840
            -4.6125         -2.6412       -138.4830

     Atom  6  O   pos: ( -0.235105  1.129780  1.297274)  para_lq sigma:        -152.27
          -159.5808          1.5683         -5.5053
             4.2517       -158.7596         -2.9840
            -4.6125         -2.6412       -138.4830

     Atom  7  C   pos: (  0.187896  2.006273  0.073130)  para_lq sigma:         -13.16
           -12.4787          0.7071         -0.1780
             1.6867        -13.9827         -0.4231
             0.1222         -1.3846        -13.0162

     Atom  8  C   pos: (  0.437380  1.250888  1.255456)  para_lq sigma:         -13.16
           -12.4787          0.7071         -0.1780
             1.6867        -13.9827         -0.4231
             0.1222         -1.3846        -13.0162

     Atom  9  O   pos: (  0.253595  1.869868  0.370881)  para_lq sigma:        -139.23
          -132.1428          8.4157         -3.6997
             3.0239       -140.5614         -1.6221
            -2.1726         -2.0799       -144.9927

     Atom 10  O   pos: (  0.371681  1.387293  0.957705)  para_lq sigma:        -139.23
          -132.1428          8.4157         -3.6997
             3.0239       -140.5614         -1.6221
            -2.1726         -2.0799       -144.9927

     Atom 11  C   pos: (  0.252400  2.104483  0.601080)  para_lq sigma:         -13.43
           -13.1462          1.2065         -0.1299
             1.7617        -13.3019          0.1410
            -1.2488          0.8326        -13.8406

     Atom 12  C   pos: (  0.372875  1.152678  0.727506)  para_lq sigma:         -13.43
           -13.1462          1.2065         -0.1299
             1.7617        -13.3019          0.1410
            -1.2488          0.8326        -13.8406

     Atom 13  O   pos: ( -0.050103  2.247454  0.674076)  para_lq sigma:        -152.60
          -158.6009          8.7158          9.4247
            10.2680       -153.1443          4.0484
             3.9554          4.9998       -146.0618

     Atom 14  O   pos: (  0.675379  1.009708  0.654509)  para_lq sigma:        -152.60
          -158.6009          8.7158          9.4247
            10.2680       -153.1443          4.0484
             3.9554          4.9998       -146.0618

     Atom 15  C   pos: (  0.384631  2.680244  0.541529)  para_lq sigma:         -16.89
           -14.8453         -2.1740         -3.0188
            -2.8456        -18.5058         -3.6178
            -4.5403         -5.1522        -17.3249

     Atom 16  C   pos: (  0.240645  0.576917  0.787057)  para_lq sigma:         -16.89
           -14.8453         -2.1740         -3.0188
            -2.8456        -18.5058         -3.6178
            -4.5403         -5.1522        -17.3249

     Atom 17  O   pos: (  0.606979  2.731681  0.362046)  para_lq sigma:        -155.64
          -164.1842        -11.3788         16.4337
           -13.3458       -145.1242          0.9070
            11.2707         -5.0954       -157.5978

     Atom 18  O   pos: (  0.018297  0.525480  0.966540)  para_lq sigma:        -155.64
          -164.1842        -11.3788         16.4337
           -13.3458       -145.1242          0.9070
            11.2707         -5.0954       -157.5978

     Atom 19  O   pos: (  0.341958  2.817320  0.830550)  para_lq sigma:        -146.54
          -155.6902        -14.1286         -4.5554
           -12.3227       -141.5104        -11.7334
             6.2303         -4.4511       -142.4230

     Atom 20  O   pos: (  0.283318  0.439841  0.498036)  para_lq sigma:        -146.54
          -155.6902        -14.1286         -4.5554
           -12.3227       -141.5104        -11.7334
             6.2303         -4.4511       -142.4230

     Atom 21  C   pos: (  0.617103  2.983034  0.950692)  para_lq sigma:         -11.11
           -11.4550         -0.6052         -0.5447
            -0.6813        -11.0871         -0.0728
            -0.5630         -0.3631        -10.7809

     Atom 22  C   pos: (  0.008173  0.274127  0.377894)  para_lq sigma:         -11.11
           -11.4550         -0.6052         -0.5447
            -0.6813        -11.0871         -0.0728
            -0.5630         -0.3631        -10.7809

     Atom 23  H   pos: ( -0.140653  2.466386  1.263358)  para_lq sigma:           0.00
             0.0000          0.0000          0.0000
             0.0000          0.0000          0.0000
             0.0000          0.0000          0.0000

     Atom 24  H   pos: (  0.765929  0.790776  0.065227)  para_lq sigma:           0.00
             0.0000          0.0000          0.0000
             0.0000          0.0000          0.0000
             0.0000          0.0000          0.0000

     Atom 25  H   pos: ( -0.033454  1.803379  1.201602)  para_lq sigma:           0.00
             0.0000          0.0000          0.0000
             0.0000          0.0000          0.0000
             0.0000          0.0000          0.0000

     Atom 26  H   pos: (  0.658730  1.453782  0.126984)  para_lq sigma:           0.00
             0.0000          0.0000          0.0000
             0.0000          0.0000          0.0000
             0.0000          0.0000          0.0000

     Atom 27  H   pos: (  0.411541  2.070779  0.804921)  para_lq sigma:           0.00
             0.0000          0.0000          0.0000
             0.0000          0.0000          0.0000
             0.0000          0.0000          0.0000

     Atom 28  H   pos: (  0.213735  1.186383  0.523664)  para_lq sigma:           0.00
             0.0000          0.0000          0.0000
             0.0000          0.0000          0.0000
             0.0000          0.0000          0.0000

     Atom 29  H   pos: (  0.616851  3.232557  0.869316)  para_lq sigma:           0.00
             0.0000          0.0000          0.0000
             0.0000          0.0000          0.0000
             0.0000          0.0000          0.0000

     Atom 30  H   pos: (  0.008425  0.024604  0.459270)  para_lq sigma:           0.00
             0.0000          0.0000          0.0000
             0.0000          0.0000          0.0000
             0.0000          0.0000          0.0000

     Atom 31  H   pos: (  0.596733  2.974325  1.211175)  para_lq sigma:           0.00
             0.0000          0.0000          0.0000
             0.0000          0.0000          0.0000
             0.0000          0.0000          0.0000

     Atom 32  H   pos: (  0.028543  0.282836  0.117410)  para_lq sigma:           0.00
             0.0000          0.0000          0.0000
             0.0000          0.0000          0.0000
             0.0000          0.0000          0.0000

     Atom 33  H   pos: ( -0.158857  2.864662  0.867355)  para_lq sigma:           0.00
             0.0000          0.0000          0.0000
             0.0000          0.0000          0.0000
             0.0000          0.0000          0.0000

     Atom 34  H   pos: (  0.784133  0.392499  0.461230)  para_lq sigma:           0.00
             0.0000          0.0000          0.0000
             0.0000          0.0000          0.0000
             0.0000          0.0000          0.0000

 
     Total NMR chemical shifts in ppm: ---------------------------------------
     (adopting the Simpson convention for anisotropy and asymmetry)-----------
 
     Atom  1  C   pos: (  0.158236  2.419198  0.458694)  Total sigma:         105.79
           102.7859         10.0413         -2.3473
            18.2705         83.4968         38.9352
            12.0344         44.0874        131.0880

     C    1    anisotropy:     77.58    eta:   -0.8765
     C    1    sigma_11=    102.60    axis=(  0.954357  0.085138 -0.286277)
     C    1    sigma_22=     57.26    axis=( -0.216724  0.856940 -0.467637)
     C    1    sigma_33=    157.51    axis=(  0.205509  0.508336  0.836278)
 
     Atom  2  C   pos: (  0.467039  0.837963  0.869892)  Total sigma:         105.79
           102.7859         10.0413         -2.3473
            18.2705         83.4968         38.9352
            12.0344         44.0874        131.0880

     C    2    anisotropy:     77.58    eta:   -0.8765
     C    2    sigma_11=    102.60    axis=(  0.954357  0.085138 -0.286277)
     C    2    sigma_22=     57.26    axis=( -0.216724  0.856940 -0.467637)
     C    2    sigma_33=    157.51    axis=(  0.205509  0.508336  0.836278)
 
     Atom  3  C   pos: (  0.114231  2.346452  0.107494)  Total sigma:         107.08
           112.7640          6.6111          5.3756
            11.7474         61.5982         -5.1973
             4.2004         -6.4088        146.8724

     C    3    anisotropy:    -71.35    eta:   -0.7111
     C    3    sigma_11=    113.95    axis=(  0.976885  0.183449 -0.109736)
     C    3    sigma_22=    147.77    axis=(  0.121441 -0.053807  0.991139)
     C    3    sigma_33=     59.51    axis=( -0.175919  0.981556  0.074842)
 
     Atom  4  C   pos: (  0.511045  0.910709  1.221091)  Total sigma:         107.08
           112.7640          6.6111          5.3756
            11.7474         61.5982         -5.1973
             4.2004         -6.4088        146.8724

     C    4    anisotropy:    -71.35    eta:   -0.7111
     C    4    sigma_11=    113.95    axis=(  0.976885  0.183449 -0.109736)
     C    4    sigma_22=    147.77    axis=(  0.121441 -0.053807  0.991139)
     C    4    sigma_33=     59.51    axis=( -0.175919  0.981556  0.074842)
 
     Atom  5  O   pos: (  0.860381  2.127381  0.031312)  Total sigma:         199.63
            66.6299        -26.3260        -39.3545
          -120.8531        201.8620        -63.4427
           -45.7699        -47.5747        330.3937

     O    5    anisotropy:   -266.57    eta:   -0.7134
     O    5    sigma_11=    225.09    axis=(  0.463225 -0.847406 -0.259470)
     O    5    sigma_22=    351.88    axis=(  0.058168  0.321217 -0.945218)
     O    5    sigma_33=     21.92    axis=( -0.884330 -0.422756 -0.198088)
 
     Atom  6  O   pos: ( -0.235105  1.129780  1.297274)  Total sigma:         199.63
            66.6299        -26.3260        -39.3545
          -120.8531        201.8620        -63.4427
           -45.7699        -47.5747        330.3937

     O    6    anisotropy:   -266.57    eta:   -0.7134
     O    6    sigma_11=    225.09    axis=(  0.463225 -0.847406 -0.259470)
     O    6    sigma_22=    351.88    axis=(  0.058168  0.321217 -0.945218)
     O    6    sigma_33=     21.92    axis=( -0.884330 -0.422756 -0.198088)
 
     Atom  7  C   pos: (  0.187896  2.006273  0.073130)  Total sigma:          64.78
            26.8309         22.1217         16.4671
             4.5148         36.8351        -21.5710
            16.1489        -37.4917        130.6743

     C    7    anisotropy:    113.56    eta:   -0.4563
     C    7    sigma_11=     44.20    axis=(  0.673526  0.729034  0.121949)
     C    7    sigma_22=      9.65    axis=( -0.731337  0.633317  0.253092)
     C    7    sigma_33=    140.49    axis=(  0.107281 -0.259650  0.959725)
 
     Atom  8  C   pos: (  0.437380  1.250888  1.255456)  Total sigma:          64.78
            26.8309         22.1217         16.4671
             4.5148         36.8351        -21.5710
            16.1489        -37.4917        130.6743

     C    8    anisotropy:    113.56    eta:   -0.4563
     C    8    sigma_11=     44.20    axis=(  0.673526  0.729034  0.121949)
     C    8    sigma_22=      9.65    axis=( -0.731337  0.633317  0.253092)
     C    8    sigma_33=    140.49    axis=(  0.107281 -0.259650  0.959725)
 
     Atom  9  O   pos: (  0.253595  1.869868  0.370881)  Total sigma:         179.84
           204.0112         51.3925         -8.9663
            23.1590        113.8778         11.6800
            -2.4210         12.3126        221.6255

     O    9    anisotropy:   -121.21    eta:   -0.0765
     O    9    sigma_11=    217.15    axis=(  0.911181  0.353478  0.211666)
     O    9    sigma_22=    223.33    axis=(  0.235815 -0.026162 -0.971446)
     O    9    sigma_33=     99.03    axis=(  0.337847 -0.935077  0.107194)
 
     Atom 10  O   pos: (  0.371681  1.387293  0.957705)  Total sigma:         179.84
           204.0112         51.3925         -8.9663
            23.1590        113.8778         11.6800
            -2.4210         12.3126        221.6255

     O   10    anisotropy:   -121.21    eta:   -0.0765
     O   10    sigma_11=    217.15    axis=(  0.911181  0.353478  0.211666)
     O   10    sigma_22=    223.33    axis=(  0.235815 -0.026162 -0.971446)
     O   10    sigma_33=     99.03    axis=(  0.337847 -0.935077  0.107194)
 
     Atom 11  C   pos: (  0.252400  2.104483  0.601080)  Total sigma:          62.51
            22.4846         28.5828         -0.5321
            18.4102         70.4863         36.7169
            -1.2654         48.0068         94.5578

     C   11    anisotropy:     98.74    eta:   -0.6400
     C   11    sigma_11=     50.66    axis=(  0.531425  0.614971 -0.582578)
     C   11    sigma_22=      8.53    axis=(  0.836914 -0.487515  0.248807)
     C   11    sigma_33=    128.34    axis=(  0.131006  0.619790  0.773756)
 
     Atom 12  C   pos: (  0.372875  1.152678  0.727506)  Total sigma:          62.51
            22.4846         28.5828         -0.5321
            18.4102         70.4863         36.7169
            -1.2654         48.0068         94.5578

     C   12    anisotropy:     98.74    eta:   -0.6400
     C   12    sigma_11=     50.66    axis=(  0.531425  0.614971 -0.582578)
     C   12    sigma_22=      8.53    axis=(  0.836914 -0.487515  0.248807)
     C   12    sigma_33=    128.34    axis=(  0.131006  0.619790  0.773756)
 
     Atom 13  O   pos: ( -0.050103  2.247454  0.674076)  Total sigma:         174.59
            83.7133         50.0153         89.4421
           -51.3891        261.4949         73.6388
            84.8829         32.9091        178.5526

     O   13    anisotropy:   -219.23    eta:   -0.6604
     O   13    sigma_11=    199.40    axis=( -0.500439  0.560555 -0.659802)
     O   13    sigma_22=    295.92    axis=(  0.215838  0.818812  0.531941)
     O   13    sigma_33=     28.44    axis=(  0.838436  0.123794 -0.530754)
 
     Atom 14  O   pos: (  0.675379  1.009708  0.654509)  Total sigma:         174.59
            83.7133         50.0153         89.4421
           -51.3891        261.4949         73.6388
            84.8829         32.9091        178.5526

     O   14    anisotropy:   -219.23    eta:   -0.6604
     O   14    sigma_11=    199.40    axis=( -0.500439  0.560555 -0.659802)
     O   14    sigma_22=    295.92    axis=(  0.215838  0.818812  0.531941)
     O   14    sigma_33=     28.44    axis=(  0.838436  0.123794 -0.530754)
 
     Atom 15  C   pos: (  0.384631  2.680244  0.541529)  Total sigma:          -6.63
            22.7368        -27.6822        -10.2857
           -51.1987        -10.0500        -45.7674
           -35.2168        -70.7919        -32.5707

     C   15    anisotropy:   -134.37    eta:   -0.3346
     C   15    sigma_11=     23.18    axis=(  0.656933  0.371236 -0.656218)
     C   15    sigma_22=     53.15    axis=( -0.671881  0.683155 -0.286138)
     C   15    sigma_33=    -96.21    axis=(  0.342074  0.628874  0.698214)
 
     Atom 16  C   pos: (  0.240645  0.576917  0.787057)  Total sigma:          -6.63
            22.7368        -27.6822        -10.2857
           -51.1987        -10.0500        -45.7674
           -35.2168        -70.7919        -32.5707

     C   16    anisotropy:   -134.37    eta:   -0.3346
     C   16    sigma_11=     23.18    axis=(  0.656933  0.371236 -0.656218)
     C   16    sigma_22=     53.15    axis=( -0.671881  0.683155 -0.286138)
     C   16    sigma_33=    -96.21    axis=(  0.342074  0.628874  0.698214)
 
     Atom 17  O   pos: (  0.606979  2.731681  0.362046)  Total sigma:         -97.97
          -114.8275       -186.2774        177.0868
          -181.7117         55.4743       -157.6866
           168.4990       -185.6371       -234.5595

     O   17    anisotropy:    571.95    eta:   -0.3847
     O   17    sigma_11=   -215.27    axis=(  0.688673  0.659311  0.301724)
     O   17    sigma_22=   -361.97    axis=( -0.500557  0.131253  0.855696)
     O   17    sigma_33=    283.33    axis=( -0.524568  0.740325 -0.420413)
 
     Atom 18  O   pos: (  0.018297  0.525480  0.966540)  Total sigma:         -97.97
          -114.8275       -186.2774        177.0868
          -181.7117         55.4743       -157.6866
           168.4990       -185.6371       -234.5595

     O   18    anisotropy:    571.95    eta:   -0.3847
     O   18    sigma_11=   -215.27    axis=(  0.688673  0.659311  0.301724)
     O   18    sigma_22=   -361.97    axis=( -0.500557  0.131253  0.855696)
     O   18    sigma_33=    283.33    axis=( -0.524568  0.740325 -0.420413)
 
     Atom 19  O   pos: (  0.341958  2.817320  0.830550)  Total sigma:         115.43
            -1.6938       -137.9395        -37.5326
          -116.2509        143.0204        -38.9952
            80.2684         44.1769        204.9779

     O   19    anisotropy:   -288.61    eta:   -0.1038
     O   19    sigma_11=    201.65    axis=( -0.190358  0.451155  0.871908)
     O   19    sigma_22=    221.62    axis=( -0.467224  0.739478 -0.484637)
     O   19    sigma_33=    -76.97    axis=( -0.863403 -0.499631  0.070025)
 
     Atom 20  O   pos: (  0.283318  0.439841  0.498036)  Total sigma:         115.43
            -1.6938       -137.9395        -37.5326
          -116.2509        143.0204        -38.9952
            80.2684         44.1769        204.9779

     O   20    anisotropy:   -288.61    eta:   -0.1038
     O   20    sigma_11=    201.65    axis=( -0.190358  0.451155  0.871908)
     O   20    sigma_22=    221.62    axis=( -0.467224  0.739478 -0.484637)
     O   20    sigma_33=    -76.97    axis=( -0.863403 -0.499631  0.070025)
 
     Atom 21  C   pos: (  0.617103  2.983034  0.950692)  Total sigma:         113.70
           132.5617         22.7579         29.3425
            24.7157        112.7052          8.5444
            30.4230          7.0917         95.8471

     C   21    anisotropy:     71.91    eta:   -0.4788
     C   21    sigma_11=    101.21    axis=(  0.297521 -0.874678  0.382647)
     C   21    sigma_22=     78.26    axis=( -0.533493  0.180066  0.826415)
     C   21    sigma_33=    161.64    axis=(  0.791749  0.450016  0.413061)
 
     Atom 22  C   pos: (  0.008173  0.274127  0.377894)  Total sigma:         113.70
           132.5617         22.7579         29.3425
            24.7157        112.7052          8.5444
            30.4230          7.0917         95.8471

     C   22    anisotropy:     71.91    eta:   -0.4788
     C   22    sigma_11=    101.21    axis=(  0.297521 -0.874678  0.382647)
     C   22    sigma_22=     78.26    axis=( -0.533493  0.180066  0.826415)
     C   22    sigma_33=    161.64    axis=(  0.791749  0.450016  0.413061)
 
     Atom 23  H   pos: ( -0.140653  2.466386  1.263358)  Total sigma:          25.97
            22.7061          2.6654         -1.9667
             1.2717         24.2123         -1.9895
            -1.9074         -5.6556         30.9939

     H   23    anisotropy:     11.06    eta:   -0.2696
     H   23    sigma_11=     23.28    axis=(  0.608862  0.639315  0.469642)
     H   23    sigma_22=     21.29    axis=(  0.757007 -0.645225 -0.103079)
     H   23    sigma_33=     33.34    axis=( -0.237125 -0.418283  0.876819)
 
     Atom 24  H   pos: (  0.765929  0.790776  0.065227)  Total sigma:          25.97
            22.7061          2.6654         -1.9667
             1.2717         24.2123         -1.9895
            -1.9074         -5.6556         30.9939

     H   24    anisotropy:     11.06    eta:   -0.2696
     H   24    sigma_11=     23.28    axis=(  0.608862  0.639315  0.469642)
     H   24    sigma_22=     21.29    axis=(  0.757007 -0.645225 -0.103079)
     H   24    sigma_33=     33.34    axis=( -0.237125 -0.418283  0.876819)
 
     Atom 25  H   pos: ( -0.033454  1.803379  1.201602)  Total sigma:          24.36
            21.4462         -2.0832         -1.9067
            -1.8181         21.6341         -0.5833
            -2.8895          2.2378         29.9854

     H   25    anisotropy:      9.67    eta:   -0.5247
     H   25    sigma_11=     22.82    axis=( -0.583965  0.760706 -0.283394)
     H   25    sigma_22=     19.44    axis=(  0.764210  0.632906  0.124150)
     H   25    sigma_33=     30.80    axis=( -0.273804  0.144073  0.950933)
 
     Atom 26  H   pos: (  0.658730  1.453782  0.126984)  Total sigma:          24.36
            21.4462         -2.0832         -1.9067
            -1.8181         21.6341         -0.5833
            -2.8895          2.2378         29.9854

     H   26    anisotropy:      9.67    eta:   -0.5247
     H   26    sigma_11=     22.82    axis=( -0.583965  0.760706 -0.283394)
     H   26    sigma_22=     19.44    axis=(  0.764210  0.632906  0.124150)
     H   26    sigma_33=     30.80    axis=( -0.273804  0.144073  0.950933)
 
     Atom 27  H   pos: (  0.411541  2.070779  0.804921)  Total sigma:          23.93
            22.5401         -1.0458          3.2027
             0.7114         19.7954          2.0608
             3.7593          0.2045         29.4513

     H   27    anisotropy:     10.59    eta:   -0.2569
     H   27    sigma_11=     21.31    axis=( -0.879922  0.343439  0.328308)
     H   27    sigma_22=     19.49    axis=(  0.287754  0.935078 -0.206946)
     H   27    sigma_33=     30.99    axis=(  0.378067  0.087624  0.921622)
 
     Atom 28  H   pos: (  0.213735  1.186383  0.523664)  Total sigma:          23.93
            22.5401         -1.0458          3.2027
             0.7114         19.7954          2.0608
             3.7593          0.2045         29.4513

     H   28    anisotropy:     10.59    eta:   -0.2569
     H   28    sigma_11=     21.31    axis=( -0.879922  0.343439  0.328308)
     H   28    sigma_22=     19.49    axis=(  0.287754  0.935078 -0.206945)
     H   28    sigma_33=     30.99    axis=(  0.378067  0.087624  0.921622)
 
     Atom 29  H   pos: (  0.616851  3.232557  0.869316)  Total sigma:          26.18
            23.8526          2.4931          0.4255
             2.4698         33.3581          0.1734
             0.7120         -0.2052         21.3232

     H   29    anisotropy:     11.69    eta:   -0.2850
     H   29    sigma_11=     23.39    axis=( -0.937270  0.232985 -0.259314)
     H   29    sigma_22=     21.17    axis=( -0.254020  0.052991  0.965746)
     H   29    sigma_33=     33.97    axis=( -0.238745 -0.971036 -0.009516)
 
     Atom 30  H   pos: (  0.008425  0.024604  0.459270)  Total sigma:          26.18
            23.8526          2.4931          0.4255
             2.4698         33.3581          0.1734
             0.7120         -0.2052         21.3232

     H   30    anisotropy:     11.69    eta:   -0.2850
     H   30    sigma_11=     23.39    axis=( -0.937270  0.232985 -0.259314)
     H   30    sigma_22=     21.17    axis=( -0.254020  0.052991  0.965746)
     H   30    sigma_33=     33.97    axis=( -0.238745 -0.971036 -0.009516)
 
     Atom 31  H   pos: (  0.596733  2.974325  1.211175)  Total sigma:          25.88
            22.8009          1.3457          3.2209
             1.2132         26.0590          0.8202
             1.3089          0.9324         28.7688

     H   31    anisotropy:      6.09    eta:   -0.9958
     H   31    sigma_11=     25.87    axis=( -0.113655 -0.923041  0.367529)
     H   31    sigma_22=     21.82    axis=(  0.934352 -0.225058 -0.276287)
     H   31    sigma_33=     29.94    axis=(  0.337740  0.312001  0.888024)
 
     Atom 32  H   pos: (  0.028543  0.282836  0.117410)  Total sigma:          25.88
            22.8009          1.3457          3.2209
             1.2132         26.0590          0.8202
             1.3089          0.9324         28.7688

     H   32    anisotropy:      6.09    eta:   -0.9958
     H   32    sigma_11=     25.87    axis=( -0.113655 -0.923041  0.367529)
     H   32    sigma_22=     21.82    axis=(  0.934352 -0.225058 -0.276287)
     H   32    sigma_33=     29.94    axis=(  0.337740  0.312001  0.888024)
 
     Atom 33  H   pos: ( -0.158857  2.864662  0.867355)  Total sigma:          24.07
            30.2069         -1.3925         -0.9785
            -1.7345         22.2215          1.5354
             1.2358          1.2308         19.7796

     H   33    anisotropy:      9.65    eta:   -0.5443
     H   33    sigma_11=     22.60    axis=(  0.173760  0.881236  0.439580)
     H   33    sigma_22=     19.10    axis=( -0.071491 -0.433904  0.898118)
     H   33    sigma_33=     30.50    axis=( -0.982190  0.187483  0.012395)
 
     Atom 34  H   pos: (  0.784133  0.392499  0.461230)  Total sigma:          24.07
            30.2069         -1.3925         -0.9785
            -1.7345         22.2215          1.5354
             1.2358          1.2308         19.7796

     H   34    anisotropy:      9.65    eta:   -0.5443
     H   34    sigma_11=     22.60    axis=(  0.173760  0.881236  0.439580)
     H   34    sigma_22=     19.10    axis=( -0.071491 -0.433904  0.898118)
     H   34    sigma_33=     30.50    axis=( -0.982190  0.187483  0.012395)
 
     Initialization:
     gipaw_setup  :      0.39s CPU      0.40s WALL (       1 calls)
 
     Linear response
     greenf       :   4564.36s CPU   4673.63s WALL (     336 calls)
     cgsolve      :   4537.14s CPU   4646.33s WALL (     336 calls)
     ch_psi       :   4410.33s CPU   4519.26s WALL (   17968 calls)
     h_psiq       :   3611.25s CPU   3718.30s WALL (   17968 calls)
 
     Apply operators
     h_psi        :   3613.57s CPU   3737.66s WALL (   27004 calls)
     apply_vel    :     71.37s CPU     71.53s WALL (     294 calls)
 
     Induced current
     j_para       :    345.11s CPU    352.83s WALL (     378 calls)
     biot_savart  :      0.04s CPU      0.04s WALL (       1 calls)
 
     Other routines
 
     General routines
     calbec       :    917.64s CPU    922.11s WALL (   65782 calls)
     fft          :      0.06s CPU      0.07s WALL (      32 calls)
     fftw         :   3039.18s CPU   3162.94s WALL ( 2802594 calls)
     davcio       :      0.03s CPU      0.39s WALL (     224 calls)
 
     Parallel routines
     fft_scatter  :    697.39s CPU    754.36s WALL ( 2802626 calls)
 
     Plugins
 
     GIPAW        :   6035.62s CPU   6180.96s WALL (       1 calls)
