
     Program QE v.6.1 (svn rev. 13369) starts on 15Dec2017 at  0:13:14 

     This program is part of the open-source Quantum ESPRESSO suite
     for quantum simulation of materials; please cite
         "P. Giannozzi et al., J. Phys.:Condens. Matter 21 395502 (2009);
          URL http://www.quantum-espresso.org", 
     in publications or presentations arising from this work. More details at
     http://www.quantum-espresso.org/quote

     Parallel version (MPI), running on     8 processors
     R & G space division:  proc/nbgrp/npool/nimage =       8
 
     ***** This is GIPAW svn revision unknown      *****
 
     Parallelizing q-star over 1 images
     Message from routine gipaw_readin:
     *** iverbosity is obsolete, use verbosity instead ***

     Reading data from directory:
     /scratch/ahofstet/ML/CCDC2/GEMZAZ/wfc/scf.save

   Info: using nr1, nr2, nr3 values from input

   Info: using nr1, nr2, nr3 values from input

     IMPORTANT: XC functional enforced from input :
     Exchange-correlation      =  SLA  PW   PBX  PBC ( 1  4  3  4 0 0)
     Any further DFT definition will be discarded
     Please, verify this is what you really want

               file C.pbe-n-kjpaw_psl.0.1.UPF: wavefunction(s)  2P renormalized
               file N.pbe-n-kjpaw_psl.0.1.UPF: wavefunction(s)  2P renormalized
               file H.pbe-kjpaw_psl.0.1.UPF: wavefunction(s)  1S renormalized
               file O.pbe-n-kjpaw_psl.0.1.UPF: wavefunction(s)  2P renormalized
 
     Parallelization info
     --------------------
     sticks:   dense  smooth     PW     G-vecs:    dense   smooth      PW
     Min         630     630    166                44094    44094    6015
     Max         631     631    167                44095    44095    6020
     Sum        5047    5047   1331               352755   352755   48137
 

     Check: negative/imaginary core charge=   -0.000003    0.000000

     Subspace diagonalization in iterative solution of the eigenvalue problem:
     a serial algorithm will be used

     GIPAW projectors -----------------------------------------------
     atom=  C    l=0  rc=    1.3000  rs=    0.8667
     atom=  C    l=0  rc=    1.3000  rs=    0.8667
     atom=  C    l=1  rc=    1.4500  rs=    0.9667
     atom=  C    l=1  rc=    1.4500  rs=    0.9667
     projs nearly linearly dependent: l=0  n1,n2= 1, 2  s=  0.99877758
     projs nearly linearly dependent: l=1  n1,n2= 1, 2  s=  0.99940894
 
     atom=  N    l=0  rc=    1.3000  rs=    0.8667
     atom=  N    l=0  rc=    1.3000  rs=    0.8667
     atom=  N    l=1  rc=    1.4500  rs=    0.9667
     atom=  N    l=1  rc=    1.4500  rs=    0.9667
     projs nearly linearly dependent: l=0  n1,n2= 1, 2  s=  0.99709514
     projs nearly linearly dependent: l=1  n1,n2= 1, 2  s=  0.99857174
 
     atom=  H    l=0  rc=    1.0000  rs=    0.6667
     atom=  H    l=0  rc=    1.0000  rs=    0.6667
     projs nearly linearly dependent: l=0  n1,n2= 1, 2  s=  0.99968852
 
     atom=  O    l=0  rc=    1.3500  rs=    0.9000
     atom=  O    l=0  rc=    1.3500  rs=    0.9000
     atom=  O    l=1  rc=    1.3500  rs=    0.9000
     atom=  O    l=1  rc=    1.3500  rs=    0.9000
     projs nearly linearly dependent: l=0  n1,n2= 1, 2  s=  0.99100135
     projs nearly linearly dependent: l=1  n1,n2= 1, 2  s=  0.99790100
     -----------------------------------------------------------------
 
     alpha_pv=     50.6165 eV
 
     q-space interpolation up to   110.00 Rydberg
 
     GIPAW job: nmr                                                                             
     NMR macroscopic correction: yes
             0.6667          0.0000          0.0000
             0.0000          0.6667          0.0000
             0.0000          0.0000          0.6667

 
     Largest allocated arrays     est. size (Mb)     dimensions
        KS wavefunctions at k           8.66 Mb     (    5512,  103)
        KS wavefunctions at k+q         8.66 Mb     (    5512,  103)
        First-order wavefunctions      86.63 Mb     (    5512,  103, 10)
        First-order wavefunct (US)     51.98 Mb     (    5512,  103,  6)
        Charge/spin density             0.82 Mb     (  108000,    1)
        Induced current                 7.42 Mb     (  108000,    3,3,1)
        Induced magnetic field          7.42 Mb     (  108000,    3,3,1)
        NL pseudopotentials            22.88 Mb     (    5512,  272)
        GIPAW NL terms                 22.88 Mb     (    5512,  272)
 
     Computing the magnetic susceptibility     isolve=0    ethr=  0.1000E-13
     k-point #    1 of    10      pool #  1    cpu time:      13.1
     Rotating WFCS
     Rotating WFCS
     c_bands:  1 eigenvalues not converged
     Rotating WFCS
     c_bands:  1 eigenvalues not converged
     Rotating WFCS
     c_bands:  1 eigenvalues not converged
     Rotating WFCS
     c_bands:  1 eigenvalues not converged
     Rotating WFCS
     c_bands:  1 eigenvalues not converged
     Rotating WFCS
     c_bands:  1 eigenvalues not converged
     k-point #    2 of    10      pool #  1    cpu time:    1060.5
     Rotating WFCS
     Rotating WFCS
     Rotating WFCS
     Rotating WFCS
     Rotating WFCS
     Rotating WFCS
     Rotating WFCS
     k-point #    3 of    10      pool #  1    cpu time:    2081.5
     Rotating WFCS
     c_bands:  1 eigenvalues not converged
     Rotating WFCS
     c_bands:  1 eigenvalues not converged
     Rotating WFCS
     c_bands:  1 eigenvalues not converged
     Rotating WFCS
     Rotating WFCS
     Rotating WFCS
     Rotating WFCS
     k-point #    4 of    10      pool #  1    cpu time:    3142.8
     Rotating WFCS
     Rotating WFCS
     c_bands:  1 eigenvalues not converged
     Rotating WFCS
     c_bands:  1 eigenvalues not converged
     Rotating WFCS
     c_bands:  1 eigenvalues not converged
     Rotating WFCS
     c_bands:  1 eigenvalues not converged
     Rotating WFCS
     c_bands:  1 eigenvalues not converged
     Rotating WFCS
     c_bands:  1 eigenvalues not converged
     k-point #    5 of    10      pool #  1    cpu time:    4209.7
     Rotating WFCS
     c_bands:  1 eigenvalues not converged
     Rotating WFCS
     c_bands:  1 eigenvalues not converged
     Rotating WFCS
     c_bands:  1 eigenvalues not converged
     Rotating WFCS
     c_bands:  1 eigenvalues not converged
     Rotating WFCS
     c_bands:  1 eigenvalues not converged
     Rotating WFCS
     c_bands:  1 eigenvalues not converged
     Rotating WFCS
     c_bands:  1 eigenvalues not converged
     k-point #    6 of    10      pool #  1    cpu time:    5284.7
     Rotating WFCS
     Rotating WFCS
     c_bands:  1 eigenvalues not converged
     Rotating WFCS
     c_bands:  1 eigenvalues not converged
     Rotating WFCS
     Rotating WFCS
     c_bands:  1 eigenvalues not converged
     Rotating WFCS
     c_bands:  1 eigenvalues not converged
     Rotating WFCS
     c_bands:  1 eigenvalues not converged
     k-point #    7 of    10      pool #  1    cpu time:    6355.0
     Rotating WFCS
     c_bands:  1 eigenvalues not converged
     Rotating WFCS
     Rotating WFCS
     Rotating WFCS
     c_bands:  1 eigenvalues not converged
     Rotating WFCS
     c_bands:  1 eigenvalues not converged
     Rotating WFCS
     Rotating WFCS
     c_bands:  1 eigenvalues not converged
     k-point #    8 of    10      pool #  1    cpu time:    7427.0
     Rotating WFCS
     Rotating WFCS
     c_bands:  1 eigenvalues not converged
     Rotating WFCS
     c_bands:  1 eigenvalues not converged
     Rotating WFCS
     c_bands:  1 eigenvalues not converged
     Rotating WFCS
     c_bands:  1 eigenvalues not converged
     Rotating WFCS
     c_bands:  1 eigenvalues not converged
     Rotating WFCS
     c_bands:  1 eigenvalues not converged
     k-point #    9 of    10      pool #  1    cpu time:    8491.3
     Rotating WFCS
     Rotating WFCS
     Rotating WFCS
     Rotating WFCS
     Rotating WFCS
     Rotating WFCS
     Rotating WFCS
     k-point #   10 of    10      pool #  1    cpu time:    9538.6
     Rotating WFCS
     c_bands:  1 eigenvalues not converged
     Rotating WFCS
     c_bands:  1 eigenvalues not converged
     Rotating WFCS
     c_bands:  2 eigenvalues not converged
     Rotating WFCS
     c_bands:  1 eigenvalues not converged
     Rotating WFCS
     c_bands:  1 eigenvalues not converged
     Rotating WFCS
     c_bands:  2 eigenvalues not converged
     Rotating WFCS
     c_bands:  1 eigenvalues not converged
     End of magnetic susceptibility calculation
 
     f-sum rule (1st term):
          -162.1186         -0.0859          0.1213
            -0.0819       -162.0009         -0.0112
             0.1206         -0.0103       -162.2291

     f-sum rule (2nd term):
            -4.0320          0.0858         -0.1212
             0.0820         -4.1521          0.0113
            -0.1205          0.0104         -3.9235

     f-sum rule (should be  -166.1523):
          -166.1506         -0.0000          0.0001
             0.0002       -166.1531          0.0001
             0.0001          0.0001       -166.1526

     chi_bare pGv (HH) in paratec units:
       -37.285728      0.767294     -0.148976
         0.990454    -36.714193     -0.974151
        -0.107733     -0.783797    -37.342976

       -37.285728      0.767294     -0.148976
         0.990454    -36.714193     -0.974151
        -0.107733     -0.783797    -37.342976

     chi_bare vGv (VV) in paratec units:
       -37.387727     -0.183792     -0.181723
        -0.184806    -35.523441     -2.545880
        -0.198193     -2.530796    -36.699185

       -37.387727     -0.183792     -0.181723
        -0.184806    -35.523441     -2.545880
        -0.198193     -2.530796    -36.699185

     chi_bare pGv (HH) in 10^{-6} cm^3/mol:
          -177.1853          3.6463         -0.7079
             4.7067       -174.4693         -4.6293
            -0.5120         -3.7247       -177.4573

     chi_bare vGv (VV) in 10^{-6} cm^3/mol:
          -177.6700         -0.8734         -0.8636
            -0.8782       -168.8107        -12.0983
            -0.9418        -12.0266       -174.3980

     Contributions to the NMR chemical shifts: -------------------------------
 
     Macroscopic shape contribution in ppm:                    6.34
             6.3706          0.0000          0.0000
             0.0000          6.2730          0.0000
             0.0000          0.0000          6.3804

 
     Core contribution in ppm:
 
     Atom  1  N   pos: (  0.238076  0.360010  0.110093)  core sigma:         235.78
     Atom  2  N   pos: (  0.346032  0.355234  1.254986)  core sigma:         235.78
     Atom  3  C   pos: (  0.425297  0.267496  0.145786)  core sigma:         200.51
     Atom  4  C   pos: (  0.158812  0.447748  1.219292)  core sigma:         200.51
     Atom  5  O   pos: (  0.597038  0.324172  0.082763)  core sigma:         271.07
     Atom  6  O   pos: ( -0.012929  0.391072  1.282315)  core sigma:         271.07
     Atom  7  N   pos: (  0.378770  0.083817  0.263706)  core sigma:         235.78
     Atom  8  N   pos: (  0.205339  0.631427  1.101373)  core sigma:         235.78
     Atom  9  N   pos: (  0.524847 -0.051423  0.345448)  core sigma:         235.78
     Atom 10  N   pos: (  0.059262  0.766667  1.019631)  core sigma:         235.78
     Atom 11  O   pos: (  0.325080  0.887814  0.449329)  core sigma:         271.07
     Atom 12  O   pos: (  0.259028 -0.172570  0.915750)  core sigma:         271.07
     Atom 13  O   pos: (  0.709928 -0.018846  0.308030)  core sigma:         271.07
     Atom 14  O   pos: ( -0.125819  0.734090  1.057048)  core sigma:         271.07
     Atom 15  C   pos: (  0.155182  0.070504  0.327381)  core sigma:         200.51
     Atom 16  C   pos: (  0.428926  0.644740  1.037697)  core sigma:         200.51
     Atom 17  N   pos: (  0.123040  0.088448  0.547425)  core sigma:         235.78
     Atom 18  N   pos: (  0.461068  0.626797  0.817654)  core sigma:         235.78
     Atom 19  C   pos: (  0.057209  0.278101  0.616566)  core sigma:         200.51
     Atom 20  C   pos: (  0.526900  0.437143  0.748513)  core sigma:         200.51
     Atom 21  O   pos: (  0.025634  0.333122  0.795278)  core sigma:         271.07
     Atom 22  O   pos: (  0.558475  0.382122  0.569801)  core sigma:         271.07
     Atom 23  N   pos: (  0.035920  0.401573  0.429381)  core sigma:         235.78
     Atom 24  N   pos: (  0.548189  0.313672  0.935697)  core sigma:         235.78
     Atom 25  N   pos: ( -0.051870  0.596620  0.419063)  core sigma:         235.78
     Atom 26  N   pos: (  0.635978  0.118624  0.946015)  core sigma:         235.78
     Atom 27  O   pos: ( -0.090082  0.689527  0.582458)  core sigma:         271.07
     Atom 28  O   pos: (  0.674191  0.025717  0.782620)  core sigma:         271.07
     Atom 29  O   pos: ( -0.078766  0.664014  0.239235)  core sigma:         271.07
     Atom 30  O   pos: (  0.662875  0.051230  1.125843)  core sigma:         271.07
     Atom 31  C   pos: (  0.070118  0.280988  0.235535)  core sigma:         200.51
     Atom 32  C   pos: (  0.513990  0.434256  1.129543)  core sigma:         200.51
     Atom 33  H   pos: (  0.084474 -0.071760  0.262691)  core sigma:           0.00
     Atom 34  H   pos: (  0.499635  0.787005  1.102387)  core sigma:           0.00
     Atom 35  H   pos: ( -0.077943  0.266722  0.149105)  core sigma:           0.00
     Atom 36  H   pos: ( -0.337949  0.448522  1.215973)  core sigma:           0.00
     Atom 37  H   pos: (  0.137029 -0.034145  0.648497)  core sigma:           0.00
     Atom 38  H   pos: (  0.447079  0.749389  0.716582)  core sigma:           0.00
     Atom 39  H   pos: (  0.231558  0.501821  0.032965)  core sigma:           0.00
     Atom 40  H   pos: (  0.352550  0.213423  1.332114)  core sigma:           0.00
 
     Bare contribution in ppm:
 
     Atom  1  N   pos: (  0.238076  0.360010  0.110093)  bare sigma:          13.83
            21.2683        -23.7783         14.5981
            -6.3617          9.6646          6.9061
             1.3666          9.9376         10.5633

     Atom  2  N   pos: (  0.346032  0.355234  1.254986)  bare sigma:          13.83
            21.2683        -23.7783         14.5981
            -6.3617          9.6646          6.9061
             1.3666          9.9376         10.5633

     Atom  3  C   pos: (  0.425297  0.267496  0.145786)  bare sigma:         -68.17
           -45.0020          8.3793         -8.2324
            16.3090        -93.4938         19.6174
           -13.2472         20.5850        -66.0273

     Atom  4  C   pos: (  0.158812  0.447748  1.219292)  bare sigma:         -68.17
           -45.0020          8.3793         -8.2324
            16.3090        -93.4938         19.6174
           -13.2472         20.5850        -66.0273

     Atom  5  O   pos: (  0.597038  0.324172  0.082763)  bare sigma:           8.03
           -26.7869          9.8833         16.2928
            -1.6104         -2.4635         54.6428
            18.9372         51.8255         53.3395

     Atom  6  O   pos: ( -0.012929  0.391072  1.282315)  bare sigma:           8.03
           -26.7869          9.8833         16.2928
            -1.6104         -2.4635         54.6428
            18.9372         51.8255         53.3395

     Atom  7  N   pos: (  0.378770  0.083817  0.263706)  bare sigma:         -30.10
           -51.9778        -20.4317         17.7012
           -33.9922        -17.5020          2.9226
            25.3199         -3.8698        -20.8235

     Atom  8  N   pos: (  0.205339  0.631427  1.101373)  bare sigma:         -30.10
           -51.9778        -20.4317         17.7012
           -33.9922        -17.5020          2.9226
            25.3199         -3.8698        -20.8235

     Atom  9  N   pos: (  0.524847 -0.051423  0.345448)  bare sigma:         -64.62
           -70.7857         24.6703        -14.0603
            26.0061        -70.7630         18.9660
           -12.7951         20.9398        -52.3024

     Atom 10  N   pos: (  0.059262  0.766667  1.019631)  bare sigma:         -64.62
           -70.7857         24.6703        -14.0603
            26.0061        -70.7630         18.9660
           -12.7951         20.9398        -52.3024

     Atom 11  O   pos: (  0.325080  0.887814  0.449329)  bare sigma:         -61.33
           -98.7626         22.1907         -6.5345
           -16.6606        -60.8553         55.2953
            23.9110         54.7030        -24.3758

     Atom 12  O   pos: (  0.259028 -0.172570  0.915750)  bare sigma:         -61.33
           -98.7626         22.1907         -6.5345
           -16.6606        -60.8553         55.2953
            23.9110         54.7030        -24.3758

     Atom 13  O   pos: (  0.709928 -0.018846  0.308030)  bare sigma:         -66.89
          -125.2159        -20.4181         29.0914
            26.7813        -61.2629         59.8353
             0.7341         69.5936        -14.2033

     Atom 14  O   pos: ( -0.125819  0.734090  1.057048)  bare sigma:         -66.89
          -125.2159        -20.4181         29.0914
            26.7813        -61.2629         59.8353
             0.7341         69.5936        -14.2033

     Atom 15  C   pos: (  0.155182  0.070504  0.327381)  bare sigma:         -25.06
           -11.8209         -0.1833         -1.1871
            -1.0548        -39.7667         -0.7874
            -3.7961         -0.5391        -23.5883

     Atom 16  C   pos: (  0.428926  0.644740  1.037697)  bare sigma:         -25.06
           -11.8209         -0.1833         -1.1871
            -1.0548        -39.7667         -0.7874
            -3.7961         -0.5391        -23.5883

     Atom 17  N   pos: (  0.123040  0.088448  0.547425)  bare sigma:          16.28
            19.5109         -8.5431          4.5276
            -4.0801         30.9481          1.5224
            -2.8128         22.1428         -1.6075

     Atom 18  N   pos: (  0.461068  0.626797  0.817654)  bare sigma:          16.28
            19.5109         -8.5431          4.5276
            -4.0801         30.9481          1.5224
            -2.8128         22.1428         -1.6075

     Atom 19  C   pos: (  0.057209  0.278101  0.616566)  bare sigma:         -65.68
           -59.0026          7.7934         -7.8439
             8.2313        -90.6064         27.0118
           -11.9175         34.8411        -47.4191

     Atom 20  C   pos: (  0.526900  0.437143  0.748513)  bare sigma:         -65.68
           -59.0026          7.7934         -7.8439
             8.2313        -90.6064         27.0118
           -11.9175         34.8411        -47.4191

     Atom 21  O   pos: (  0.025634  0.333122  0.795278)  bare sigma:           5.38
            81.8703         39.2196          9.9154
            38.1945        -22.0802          8.2594
            12.9106         -0.2551        -43.6551

     Atom 22  O   pos: (  0.558475  0.382122  0.569801)  bare sigma:           5.38
            81.8703         39.2196          9.9154
            38.1945        -22.0802          8.2594
            12.9106         -0.2551        -43.6551

     Atom 23  N   pos: (  0.035920  0.401573  0.429381)  bare sigma:         -29.22
           -17.5379         -2.2730          0.4353
            -8.9319         -2.9715         -9.8273
             9.7729        -23.5116        -67.1622

     Atom 24  N   pos: (  0.548189  0.313672  0.935697)  bare sigma:         -29.22
           -17.5379         -2.2730          0.4353
            -8.9319         -2.9715         -9.8273
             9.7729        -23.5116        -67.1622

     Atom 25  N   pos: ( -0.051870  0.596620  0.419063)  bare sigma:         -65.11
           -48.6022         25.0456         -0.8460
            23.1605        -96.0310          7.2115
            -2.4300          5.1165        -50.7021

     Atom 26  N   pos: (  0.635978  0.118624  0.946015)  bare sigma:         -65.11
           -48.6022         25.0456         -0.8460
            23.1605        -96.0310          7.2115
            -2.4300          5.1165        -50.7021

     Atom 27  O   pos: ( -0.090082  0.689527  0.582458)  bare sigma:         -63.75
            14.7816         46.2831         14.3556
            53.7270        -90.0310        -35.9316
            -8.5803         14.2421       -115.9868

     Atom 28  O   pos: (  0.674191  0.025717  0.782620)  bare sigma:         -63.75
            14.7816         46.2831         14.3556
            53.7270        -90.0310        -35.9316
            -8.5803         14.2421       -115.9868

     Atom 29  O   pos: ( -0.078766  0.664014  0.239235)  bare sigma:         -63.77
            -0.4672         33.8874          1.2811
            42.4448        -83.7864         26.2902
            10.0787        -21.0333       -107.0484

     Atom 30  O   pos: (  0.662875  0.051230  1.125843)  bare sigma:         -63.77
            -0.4672         33.8874          1.2811
            42.4448        -83.7864         26.2902
            10.0787        -21.0333       -107.0484

     Atom 31  C   pos: (  0.070118  0.280988  0.235535)  bare sigma:         -25.04
           -30.6349          0.4614         -9.0264
             5.1175        -23.0601          6.1497
            -7.3852          8.6078        -21.4356

     Atom 32  C   pos: (  0.513990  0.434256  1.129543)  bare sigma:         -25.04
           -30.6349          0.4614         -9.0264
             5.1175        -23.0601          6.1497
            -7.3852          8.6078        -21.4356

     Atom 33  H   pos: (  0.084474 -0.071760  0.262691)  bare sigma:          15.44
            14.1612          3.9268          0.3254
             2.3855         18.5177          2.1573
             0.9838          3.0033         13.6293

     Atom 34  H   pos: (  0.499635  0.787005  1.102387)  bare sigma:          15.44
            14.1612          3.9268          0.3254
             2.3855         18.5177          2.1573
             0.9838          3.0033         13.6293

     Atom 35  H   pos: ( -0.077943  0.266722  0.149105)  bare sigma:          14.91
            19.8076          0.6555          3.0971
             1.2212         11.0661          0.1313
             3.0120         -0.0058         13.8517

     Atom 36  H   pos: ( -0.337949  0.448522  1.215973)  bare sigma:          14.91
            19.8076          0.6555          3.0971
             1.2212         11.0661          0.1313
             3.0120         -0.0058         13.8517

     Atom 37  H   pos: (  0.137029 -0.034145  0.648497)  bare sigma:          15.33
            10.2711         -2.7429          0.2190
            -1.6263         20.5005         -7.0815
            -0.1741         -6.6121         15.2100

     Atom 38  H   pos: (  0.447079  0.749389  0.716582)  bare sigma:          15.33
            10.2711         -2.7429          0.2190
            -1.6263         20.5005         -7.0815
            -0.1741         -6.6121         15.2100

     Atom 39  H   pos: (  0.231558  0.501821  0.032965)  bare sigma:          12.89
             8.6909         -2.2777          0.4239
            -1.0034         20.3867         -9.8796
            -0.9873         -7.7637          9.5891

     Atom 40  H   pos: (  0.352550  0.213423  1.332114)  bare sigma:          12.89
             8.6909         -2.2777          0.4239
            -1.0034         20.3867         -9.8796
            -0.9873         -7.7637          9.5891

     Diamagnetic contribution in ppm:
 
     Atom  1  N   pos: (  0.238076  0.360010  0.110093)  dia sigma:          10.12
            10.4447         -0.0832         -0.1911
            -0.0832         10.0350         -0.2998
            -0.1911         -0.2998          9.8825

     Atom  2  N   pos: (  0.346032  0.355234  1.254986)  dia sigma:          10.12
            10.4447         -0.0832         -0.1911
            -0.0832         10.0350         -0.2998
            -0.1911         -0.2998          9.8825

     Atom  3  C   pos: (  0.425297  0.267496  0.145786)  dia sigma:           4.01
             3.8654          0.0034          0.0529
             0.0034          4.0637          0.0424
             0.0529          0.0424          4.0928

     Atom  4  C   pos: (  0.158812  0.447748  1.219292)  dia sigma:           4.01
             3.8654          0.0034          0.0529
             0.0034          4.0637          0.0424
             0.0529          0.0424          4.0928

     Atom  5  O   pos: (  0.597038  0.324172  0.082763)  dia sigma:          17.68
            17.9138          0.4438         -0.2541
             0.4438         17.3661          0.2520
            -0.2541          0.2520         17.7504

     Atom  6  O   pos: ( -0.012929  0.391072  1.282315)  dia sigma:          17.68
            17.9138          0.4438         -0.2541
             0.4438         17.3661          0.2520
            -0.2541          0.2520         17.7504

     Atom  7  N   pos: (  0.378770  0.083817  0.263706)  dia sigma:           9.69
            10.0346         -0.2474         -0.0018
            -0.2474          9.7253         -0.4824
            -0.0018         -0.4824          9.3196

     Atom  8  N   pos: (  0.205339  0.631427  1.101373)  dia sigma:           9.69
            10.0346         -0.2474         -0.0018
            -0.2474          9.7253         -0.4824
            -0.0018         -0.4824          9.3196

     Atom  9  N   pos: (  0.524847 -0.051423  0.345448)  dia sigma:           8.70
             8.7342         -0.0716          0.0505
            -0.0716          8.7103         -0.0813
             0.0505         -0.0813          8.6478

     Atom 10  N   pos: (  0.059262  0.766667  1.019631)  dia sigma:           8.70
             8.7342         -0.0716          0.0505
            -0.0716          8.7103         -0.0813
             0.0505         -0.0813          8.6478

     Atom 11  O   pos: (  0.325080  0.887814  0.449329)  dia sigma:          17.05
            16.2197          0.6769         -0.3750
             0.6769         17.5677         -0.3872
            -0.3750         -0.3872         17.3612

     Atom 12  O   pos: (  0.259028 -0.172570  0.915750)  dia sigma:          17.05
            16.2197          0.6769         -0.3750
             0.6769         17.5677         -0.3872
            -0.3750         -0.3872         17.3612

     Atom 13  O   pos: (  0.709928 -0.018846  0.308030)  dia sigma:          17.02
            17.9795          0.3972         -0.3306
             0.3972         16.2752          0.5316
            -0.3306          0.5316         16.7991

     Atom 14  O   pos: ( -0.125819  0.734090  1.057048)  dia sigma:          17.02
            17.9795          0.3972         -0.3306
             0.3972         16.2752          0.5316
            -0.3306          0.5316         16.7991

     Atom 15  C   pos: (  0.155182  0.070504  0.327381)  dia sigma:           4.09
             4.2293         -0.0543         -0.0757
            -0.0543          3.9095         -0.0404
            -0.0757         -0.0404          4.1329

     Atom 16  C   pos: (  0.428926  0.644740  1.037697)  dia sigma:           4.09
             4.2293         -0.0543         -0.0757
            -0.0543          3.9095         -0.0404
            -0.0757         -0.0404          4.1329

     Atom 17  N   pos: (  0.123040  0.088448  0.547425)  dia sigma:          10.21
             9.7237         -0.2046         -0.1597
            -0.2046         10.3745          0.0551
            -0.1597          0.0551         10.5225

     Atom 18  N   pos: (  0.461068  0.626797  0.817654)  dia sigma:          10.21
             9.7237         -0.2046         -0.1597
            -0.2046         10.3745          0.0551
            -0.1597          0.0551         10.5225

     Atom 19  C   pos: (  0.057209  0.278101  0.616566)  dia sigma:           4.02
             4.1156          0.0484          0.0406
             0.0484          4.0163         -0.0872
             0.0406         -0.0872          3.9190

     Atom 20  C   pos: (  0.526900  0.437143  0.748513)  dia sigma:           4.02
             4.1156          0.0484          0.0406
             0.0484          4.0163         -0.0872
             0.0406         -0.0872          3.9190

     Atom 21  O   pos: (  0.025634  0.333122  0.795278)  dia sigma:          17.61
            17.8345          0.2572         -0.0955
             0.2572         17.0386          0.3201
            -0.0955          0.3201         17.9712

     Atom 22  O   pos: (  0.558475  0.382122  0.569801)  dia sigma:          17.61
            17.8345          0.2572         -0.0955
             0.2572         17.0386          0.3201
            -0.0955          0.3201         17.9712

     Atom 23  N   pos: (  0.035920  0.401573  0.429381)  dia sigma:           9.70
             9.1776         -0.4452         -0.0267
            -0.4452         10.0681         -0.0002
            -0.0267         -0.0002          9.8526

     Atom 24  N   pos: (  0.548189  0.313672  0.935697)  dia sigma:           9.70
             9.1776         -0.4452         -0.0267
            -0.4452         10.0681         -0.0002
            -0.0267         -0.0002          9.8526

     Atom 25  N   pos: ( -0.051870  0.596620  0.419063)  dia sigma:           8.71
             8.6693         -0.1048          0.0108
            -0.1048          8.7886         -0.0183
             0.0108         -0.0183          8.6772

     Atom 26  N   pos: (  0.635978  0.118624  0.946015)  dia sigma:           8.71
             8.6693         -0.1048          0.0108
            -0.1048          8.7886         -0.0183
             0.0108         -0.0183          8.6772

     Atom 27  O   pos: ( -0.090082  0.689527  0.582458)  dia sigma:          16.99
            16.9786          0.2177         -0.3952
             0.2177         16.5766          0.9625
            -0.3952          0.9625         17.4043

     Atom 28  O   pos: (  0.674191  0.025717  0.782620)  dia sigma:          16.99
            16.9786          0.2177         -0.3952
             0.2177         16.5766          0.9625
            -0.3952          0.9625         17.4043

     Atom 29  O   pos: ( -0.078766  0.664014  0.239235)  dia sigma:          17.02
            16.9043          0.3108          0.3028
             0.3108         16.3510         -0.7397
             0.3028         -0.7397         17.8012

     Atom 30  O   pos: (  0.662875  0.051230  1.125843)  dia sigma:          17.02
            16.9043          0.3108          0.3028
             0.3108         16.3510         -0.7397
             0.3028         -0.7397         17.8012

     Atom 31  C   pos: (  0.070118  0.280988  0.235535)  dia sigma:           4.10
             3.9839          0.0131         -0.1470
             0.0131          4.1449          0.0697
            -0.1470          0.0697          4.1674

     Atom 32  C   pos: (  0.513990  0.434256  1.129543)  dia sigma:           4.10
             3.9839          0.0131         -0.1470
             0.0131          4.1449          0.0697
            -0.1470          0.0697          4.1674

     Atom 33  H   pos: (  0.084474 -0.071760  0.262691)  dia sigma:           1.12
             1.1207         -0.0000         -0.0000
            -0.0000          1.1207          0.0000
            -0.0000          0.0000          1.1207

     Atom 34  H   pos: (  0.499635  0.787005  1.102387)  dia sigma:           1.12
             1.1207         -0.0000         -0.0000
            -0.0000          1.1207          0.0000
            -0.0000          0.0000          1.1207

     Atom 35  H   pos: ( -0.077943  0.266722  0.149105)  dia sigma:           1.11
             1.1092         -0.0000         -0.0000
            -0.0000          1.1092          0.0000
            -0.0000          0.0000          1.1092

     Atom 36  H   pos: ( -0.337949  0.448522  1.215973)  dia sigma:           1.11
             1.1092         -0.0000         -0.0000
            -0.0000          1.1092          0.0000
            -0.0000          0.0000          1.1092

     Atom 37  H   pos: (  0.137029 -0.034145  0.648497)  dia sigma:           1.04
             1.0389         -0.0000         -0.0000
            -0.0000          1.0389          0.0000
            -0.0000          0.0000          1.0389

     Atom 38  H   pos: (  0.447079  0.749389  0.716582)  dia sigma:           1.04
             1.0389         -0.0000         -0.0000
            -0.0000          1.0389          0.0000
            -0.0000          0.0000          1.0389

     Atom 39  H   pos: (  0.231558  0.501821  0.032965)  dia sigma:           1.00
             1.0021         -0.0000         -0.0000
            -0.0000          1.0021          0.0000
            -0.0000          0.0000          1.0021

     Atom 40  H   pos: (  0.352550  0.213423  1.332114)  dia sigma:           1.00
             1.0021         -0.0000         -0.0000
            -0.0000          1.0021          0.0000
            -0.0000          0.0000          1.0021

     Paramagnetic contribution in ppm:
 
     Atom  1  N   pos: (  0.238076  0.360010  0.110093)  para sigma:         -79.43
           -71.7269        -42.2898         31.0076
           -13.0057        -81.5495         13.7724
             7.6453         18.3210        -85.0066

     Atom  2  N   pos: (  0.346032  0.355234  1.254986)  para sigma:         -79.43
           -71.7269        -42.2898         31.0076
           -13.0057        -81.5495         13.7724
             7.6453         18.3210        -85.0066

     Atom  3  C   pos: (  0.425297  0.267496  0.145786)  para sigma:        -111.72
           -95.9511         10.0673         -5.2114
            18.2913       -136.6094         27.4653
           -10.7384         27.8062       -102.5935

     Atom  4  C   pos: (  0.158812  0.447748  1.219292)  para sigma:        -111.72
           -95.9511         10.0673         -5.2114
            18.2913       -136.6094         27.4653
           -10.7384         27.8062       -102.5935

     Atom  5  O   pos: (  0.597038  0.324172  0.082763)  para sigma:        -122.75
          -205.1915         24.5869         36.0431
             1.3935       -146.2629        126.9431
            40.5601        117.9852        -16.7837

     Atom  6  O   pos: ( -0.012929  0.391072  1.282315)  para sigma:        -122.75
          -205.1915         24.5869         36.0431
             1.3935       -146.2629        126.9431
            40.5601        117.9852        -16.7837

     Atom  7  N   pos: (  0.378770  0.083817  0.263706)  para sigma:        -141.72
          -180.8076        -26.9995         28.7855
           -49.0415       -121.0403          6.3168
            41.6137         -5.2140       -123.3206

     Atom  8  N   pos: (  0.205339  0.631427  1.101373)  para sigma:        -141.72
          -180.8076        -26.9995         28.7855
           -49.0415       -121.0403          6.3168
            41.6137         -5.2140       -123.3206

     Atom  9  N   pos: (  0.524847 -0.051423  0.345448)  para sigma:        -208.04
          -223.8011         45.1739        -23.1608
            48.3272       -220.7433         45.3342
           -22.1964         49.7912       -179.5667

     Atom 10  N   pos: (  0.059262  0.766667  1.019631)  para sigma:        -208.04
          -223.8011         45.1739        -23.1608
            48.3272       -220.7433         45.3342
           -22.1964         49.7912       -179.5667

     Atom 11  O   pos: (  0.325080  0.887814  0.449329)  para sigma:        -262.34
          -336.9060         31.8043         -4.4776
           -43.4822       -262.1879        113.6874
            55.8669        116.9408       -187.9310

     Atom 12  O   pos: (  0.259028 -0.172570  0.915750)  para sigma:        -262.34
          -336.9060         31.8043         -4.4776
           -43.4822       -262.1879        113.6874
            55.8669        116.9408       -187.9310

     Atom 13  O   pos: (  0.709928 -0.018846  0.308030)  para sigma:        -270.25
          -398.4630        -51.0630         65.7859
            43.5636       -254.2819        124.2559
            11.5119        146.6565       -157.9952

     Atom 14  O   pos: ( -0.125819  0.734090  1.057048)  para sigma:        -270.25
          -398.4630        -51.0630         65.7859
            43.5636       -254.2819        124.2559
            11.5119        146.6565       -157.9952

     Atom 15  C   pos: (  0.155182  0.070504  0.327381)  para sigma:         -70.78
           -58.4046          1.5061          2.4975
             1.3531        -81.8558         -1.5724
            -0.9186         -0.6464        -72.0674

     Atom 16  C   pos: (  0.428926  0.644740  1.037697)  para sigma:         -70.78
           -58.4046          1.5061          2.4975
             1.3531        -81.8558         -1.5724
            -0.9186         -0.6464        -72.0674

     Atom 17  N   pos: (  0.123040  0.088448  0.547425)  para sigma:         -75.08
           -67.6900        -13.8463         11.8393
            -6.3397        -45.0522         -1.4069
            -1.2470         35.5101       -112.5006

     Atom 18  N   pos: (  0.461068  0.626797  0.817654)  para sigma:         -75.08
           -67.6900        -13.8463         11.8393
            -6.3397        -45.0522         -1.4069
            -1.2470         35.5101       -112.5006

     Atom 19  C   pos: (  0.057209  0.278101  0.616566)  para sigma:        -109.60
           -93.2758         13.7987         -5.2325
            14.1470       -138.4014         25.8382
            -9.4202         34.0535        -97.1211

     Atom 20  C   pos: (  0.526900  0.437143  0.748513)  para sigma:        -109.60
           -93.2758         13.7987         -5.2325
            14.1470       -138.4014         25.8382
            -9.4202         34.0535        -97.1211

     Atom 21  O   pos: (  0.025634  0.333122  0.795278)  para sigma:        -130.62
            42.4215         89.9649         22.7956
            88.8151       -195.1665         13.6275
            29.6240         -3.0140       -239.1014

     Atom 22  O   pos: (  0.558475  0.382122  0.569801)  para sigma:        -130.62
            42.4215         89.9649         22.7956
            88.8151       -195.1665         13.6275
            29.6240         -3.0140       -239.1014

     Atom 23  N   pos: (  0.035920  0.401573  0.429381)  para sigma:        -140.87
          -119.6768          3.7273          2.9430
            -8.2182       -102.3694        -16.3202
            18.5844        -38.9845       -200.5583

     Atom 24  N   pos: (  0.548189  0.313672  0.935697)  para sigma:        -140.87
          -119.6768          3.7273          2.9430
            -8.2182       -102.3694        -16.3202
            18.5844        -38.9845       -200.5583

     Atom 25  N   pos: ( -0.051870  0.596620  0.419063)  para sigma:        -209.42
          -168.0670         52.5995         -0.9331
            50.4908       -270.0034         15.7413
            -4.8046         12.7255       -190.2014

     Atom 26  N   pos: (  0.635978  0.118624  0.946015)  para sigma:        -209.42
          -168.0670         52.5995         -0.9331
            50.4908       -270.0034         15.7413
            -4.8046         12.7255       -190.2014

     Atom 27  O   pos: ( -0.090082  0.689527  0.582458)  para sigma:        -264.11
           -94.3177         89.1803         29.5939
           107.7192       -311.2055        -75.9450
           -15.6525         24.5481       -386.8070

     Atom 28  O   pos: (  0.674191  0.025717  0.782620)  para sigma:        -264.11
           -94.3177         89.1803         29.5939
           107.7192       -311.2055        -75.9450
           -15.6525         24.5481       -386.8070

     Atom 29  O   pos: ( -0.078766  0.664014  0.239235)  para sigma:        -266.64
          -132.1331         61.3899          7.3939
            83.8638       -297.8189         55.0224
            17.4975        -39.1013       -369.9625

     Atom 30  O   pos: (  0.662875  0.051230  1.125843)  para sigma:        -266.64
          -132.1331         61.3899          7.3939
            83.8638       -297.8189         55.0224
            17.4975        -39.1013       -369.9625

     Atom 31  C   pos: (  0.070118  0.280988  0.235535)  para sigma:         -70.78
           -76.6659          1.2305         -3.8186
             5.7472        -67.7773          5.7252
            -2.4354          8.5298        -67.9042

     Atom 32  C   pos: (  0.513990  0.434256  1.129543)  para sigma:         -70.78
           -76.6659          1.2305         -3.8186
             5.7472        -67.7773          5.7252
            -2.4354          8.5298        -67.9042

     Atom 33  H   pos: (  0.084474 -0.071760  0.262691)  para sigma:           0.00
             0.0000          0.0000          0.0000
             0.0000          0.0000          0.0000
             0.0000          0.0000          0.0000

     Atom 34  H   pos: (  0.499635  0.787005  1.102387)  para sigma:           0.00
             0.0000          0.0000          0.0000
             0.0000          0.0000          0.0000
             0.0000          0.0000          0.0000

     Atom 35  H   pos: ( -0.077943  0.266722  0.149105)  para sigma:           0.00
             0.0000          0.0000          0.0000
             0.0000          0.0000          0.0000
             0.0000          0.0000          0.0000

     Atom 36  H   pos: ( -0.337949  0.448522  1.215973)  para sigma:           0.00
             0.0000          0.0000          0.0000
             0.0000          0.0000          0.0000
             0.0000          0.0000          0.0000

     Atom 37  H   pos: (  0.137029 -0.034145  0.648497)  para sigma:           0.00
             0.0000          0.0000          0.0000
             0.0000          0.0000          0.0000
             0.0000          0.0000          0.0000

     Atom 38  H   pos: (  0.447079  0.749389  0.716582)  para sigma:           0.00
             0.0000          0.0000          0.0000
             0.0000          0.0000          0.0000
             0.0000          0.0000          0.0000

     Atom 39  H   pos: (  0.231558  0.501821  0.032965)  para sigma:           0.00
             0.0000          0.0000          0.0000
             0.0000          0.0000          0.0000
             0.0000          0.0000          0.0000

     Atom 40  H   pos: (  0.352550  0.213423  1.332114)  para sigma:           0.00
             0.0000          0.0000          0.0000
             0.0000          0.0000          0.0000
             0.0000          0.0000          0.0000

     Paramagnetic US occ-occ contribution in ppm:
 
     Atom  1  N   pos: (  0.238076  0.360010  0.110093)  para_oo sigma:          -1.17
            -1.0369         -0.5107          0.4900
            -0.2956         -1.3594          0.6967
             0.1993          0.7002         -1.1023

     Atom  2  N   pos: (  0.346032  0.355234  1.254986)  para_oo sigma:          -1.17
            -1.0369         -0.5107          0.4900
            -0.2956         -1.3594          0.6967
             0.1993          0.7002         -1.1023

     Atom  3  C   pos: (  0.425297  0.267496  0.145786)  para_oo sigma:          -2.24
            -1.8927          0.2449         -0.0926
             0.3214         -2.7438          0.6141
            -0.0156          0.6936         -2.0887

     Atom  4  C   pos: (  0.158812  0.447748  1.219292)  para_oo sigma:          -2.24
            -1.8927          0.2449         -0.0926
             0.3214         -2.7438          0.6141
            -0.0156          0.6936         -2.0887

     Atom  5  O   pos: (  0.597038  0.324172  0.082763)  para_oo sigma:          -3.07
            -2.2245          1.1520         -0.5239
             0.0978         -4.5484          1.9536
             0.2298          2.0330         -2.4503

     Atom  6  O   pos: ( -0.012929  0.391072  1.282315)  para_oo sigma:          -3.07
            -2.2245          1.1520         -0.5239
             0.0978         -4.5484          1.9536
             0.2298          2.0330         -2.4503

     Atom  7  N   pos: (  0.378770  0.083817  0.263706)  para_oo sigma:          -2.63
            -4.6558         -1.2700          1.4521
            -1.4663         -1.8218          1.1663
             1.4957          1.0754         -1.3994

     Atom  8  N   pos: (  0.205339  0.631427  1.101373)  para_oo sigma:          -2.63
            -4.6558         -1.2700          1.4521
            -1.4663         -1.8218          1.1663
             1.4957          1.0754         -1.3994

     Atom  9  N   pos: (  0.524847 -0.051423  0.345448)  para_oo sigma:          -3.75
            -3.9473          0.4335         -0.1646
             0.3662         -3.9966          0.8061
            -0.0970          0.8196         -3.3120

     Atom 10  N   pos: (  0.059262  0.766667  1.019631)  para_oo sigma:          -3.75
            -3.9473          0.4335         -0.1646
             0.3662         -3.9966          0.8061
            -0.0970          0.8196         -3.3120

     Atom 11  O   pos: (  0.325080  0.887814  0.449329)  para_oo sigma:          -6.96
           -11.5283          4.2647         -2.3207
             2.7091         -5.4058          1.2519
            -0.8365          1.0505         -3.9465

     Atom 12  O   pos: (  0.259028 -0.172570  0.915750)  para_oo sigma:          -6.96
           -11.5283          4.2647         -2.3207
             2.7091         -5.4058          1.2519
            -0.8365          1.0505         -3.9465

     Atom 13  O   pos: (  0.709928 -0.018846  0.308030)  para_oo sigma:          -7.52
            -4.9254          1.6875         -0.9796
             3.5248        -10.9917          4.5882
            -2.3473          4.7716         -6.6342

     Atom 14  O   pos: ( -0.125819  0.734090  1.057048)  para_oo sigma:          -7.52
            -4.9254          1.6875         -0.9796
             3.5248        -10.9917          4.5882
            -2.3473          4.7716         -6.6342

     Atom 15  C   pos: (  0.155182  0.070504  0.327381)  para_oo sigma:          -0.63
            -0.4060          0.0031         -0.0425
            -0.0909         -1.0434         -0.0129
            -0.0622          0.0532         -0.4548

     Atom 16  C   pos: (  0.428926  0.644740  1.037697)  para_oo sigma:          -0.63
            -0.4060          0.0031         -0.0425
            -0.0909         -1.0434         -0.0129
            -0.0622          0.0532         -0.4548

     Atom 17  N   pos: (  0.123040  0.088448  0.547425)  para_oo sigma:          -1.15
            -0.4865         -0.0567         -0.0440
             0.0493         -1.0558          0.3381
             0.0756          0.7216         -1.9065

     Atom 18  N   pos: (  0.461068  0.626797  0.817654)  para_oo sigma:          -1.15
            -0.4865         -0.0567         -0.0440
             0.0493         -1.0558          0.3381
             0.0756          0.7216         -1.9065

     Atom 19  C   pos: (  0.057209  0.278101  0.616566)  para_oo sigma:          -2.27
            -1.8512          0.2607         -0.1111
             0.2843         -2.8160          0.6567
            -0.1719          0.6916         -2.1446

     Atom 20  C   pos: (  0.526900  0.437143  0.748513)  para_oo sigma:          -2.27
            -1.8512          0.2607         -0.1111
             0.2843         -2.8160          0.6567
            -0.1719          0.6916         -2.1446

     Atom 21  O   pos: (  0.025634  0.333122  0.795278)  para_oo sigma:          -3.24
            -1.8357          0.9884         -0.2498
             0.7627         -4.4432          2.5434
            -0.1982          1.0814         -3.4266

     Atom 22  O   pos: (  0.558475  0.382122  0.569801)  para_oo sigma:          -3.24
            -1.8357          0.9884         -0.2498
             0.7627         -4.4432          2.5434
            -0.1982          1.0814         -3.4266

     Atom 23  N   pos: (  0.035920  0.401573  0.429381)  para_oo sigma:          -2.63
            -0.6606          0.3862          0.3721
             0.3927         -1.5539         -0.7986
             0.4973         -0.9611         -5.6816

     Atom 24  N   pos: (  0.548189  0.313672  0.935697)  para_oo sigma:          -2.63
            -0.6606          0.3862          0.3721
             0.3927         -1.5539         -0.7986
             0.4973         -0.9611         -5.6816

     Atom 25  N   pos: ( -0.051870  0.596620  0.419063)  para_oo sigma:          -3.70
            -2.9517          0.6503         -0.1164
             0.6310         -4.2966          0.2908
            -0.0740          0.2178         -3.8563

     Atom 26  N   pos: (  0.635978  0.118624  0.946015)  para_oo sigma:          -3.70
            -2.9517          0.6503         -0.1164
             0.6310         -4.2966          0.2908
            -0.0740          0.2178         -3.8563

     Atom 27  O   pos: ( -0.090082  0.689527  0.582458)  para_oo sigma:          -7.55
            -4.9474          3.2005         -1.0392
             3.1832        -11.1947          3.3355
            -2.2167          5.3598         -6.5006

     Atom 28  O   pos: (  0.674191  0.025717  0.782620)  para_oo sigma:          -7.55
            -4.9474          3.2005         -1.0392
             3.1832        -11.1947          3.3355
            -2.2167          5.3598         -6.5006

     Atom 29  O   pos: ( -0.078766  0.664014  0.239235)  para_oo sigma:          -6.89
            -4.6263          3.4065          0.4730
             3.1984        -11.0751         -1.6223
             1.3850         -3.4789         -4.9823

     Atom 30  O   pos: (  0.662875  0.051230  1.125843)  para_oo sigma:          -6.89
            -4.6263          3.4065          0.4730
             3.1984        -11.0751         -1.6223
             1.3850         -3.4789         -4.9823

     Atom 31  C   pos: (  0.070118  0.280988  0.235535)  para_oo sigma:          -0.63
            -0.6907          0.0799         -0.2250
             0.1751         -0.6065          0.1946
            -0.2429          0.1362         -0.5854

     Atom 32  C   pos: (  0.513990  0.434256  1.129543)  para_oo sigma:          -0.63
            -0.6907          0.0799         -0.2250
             0.1751         -0.6065          0.1946
            -0.2429          0.1362         -0.5854

     Atom 33  H   pos: (  0.084474 -0.071760  0.262691)  para_oo sigma:           0.00
             0.0000          0.0000          0.0000
             0.0000          0.0000          0.0000
             0.0000          0.0000          0.0000

     Atom 34  H   pos: (  0.499635  0.787005  1.102387)  para_oo sigma:           0.00
             0.0000          0.0000          0.0000
             0.0000          0.0000          0.0000
             0.0000          0.0000          0.0000

     Atom 35  H   pos: ( -0.077943  0.266722  0.149105)  para_oo sigma:           0.00
             0.0000          0.0000          0.0000
             0.0000          0.0000          0.0000
             0.0000          0.0000          0.0000

     Atom 36  H   pos: ( -0.337949  0.448522  1.215973)  para_oo sigma:           0.00
             0.0000          0.0000          0.0000
             0.0000          0.0000          0.0000
             0.0000          0.0000          0.0000

     Atom 37  H   pos: (  0.137029 -0.034145  0.648497)  para_oo sigma:           0.00
             0.0000          0.0000          0.0000
             0.0000          0.0000          0.0000
             0.0000          0.0000          0.0000

     Atom 38  H   pos: (  0.447079  0.749389  0.716582)  para_oo sigma:           0.00
             0.0000          0.0000          0.0000
             0.0000          0.0000          0.0000
             0.0000          0.0000          0.0000

     Atom 39  H   pos: (  0.231558  0.501821  0.032965)  para_oo sigma:           0.00
             0.0000          0.0000          0.0000
             0.0000          0.0000          0.0000
             0.0000          0.0000          0.0000

     Atom 40  H   pos: (  0.352550  0.213423  1.332114)  para_oo sigma:           0.00
             0.0000          0.0000          0.0000
             0.0000          0.0000          0.0000
             0.0000          0.0000          0.0000

     Paramagnetic US L_R Q_R contribution in ppm:
 
     Atom  1  N   pos: (  0.238076  0.360010  0.110093)  para_lq sigma:         -65.28
           -67.3150         -1.5221          4.8151
             1.0543        -66.9546          9.2433
             2.7064          9.4471        -61.5845

     Atom  2  N   pos: (  0.346032  0.355234  1.254986)  para_lq sigma:         -65.28
           -67.3150         -1.5221          4.8151
             1.0543        -66.9546          9.2433
             2.7064          9.4471        -61.5845

     Atom  3  C   pos: (  0.425297  0.267496  0.145786)  para_lq sigma:         -15.82
           -12.3060          2.1263         -1.6817
             3.4723        -19.6556          2.9424
            -2.4361          3.2777        -15.5007

     Atom  4  C   pos: (  0.158812  0.447748  1.219292)  para_lq sigma:         -15.82
           -12.3060          2.1263         -1.6817
             3.4723        -19.6556          2.9424
            -2.4361          3.2777        -15.5007

     Atom  5  O   pos: (  0.597038  0.324172  0.082763)  para_lq sigma:        -148.21
          -156.3874         -3.7029          6.0764
            -7.7840       -146.2856          7.2723
             8.7877          7.1271       -141.9520

     Atom  6  O   pos: ( -0.012929  0.391072  1.282315)  para_lq sigma:        -148.21
          -156.3874         -3.7029          6.0764
            -7.7840       -146.2856          7.2723
             8.7877          7.1271       -141.9520

     Atom  7  N   pos: (  0.378770  0.083817  0.263706)  para_lq sigma:         -76.75
           -90.2891         -5.5283          9.1742
            -7.1968        -73.3446         11.8726
             9.3610         11.1057        -66.6081

     Atom  8  N   pos: (  0.205339  0.631427  1.101373)  para_lq sigma:         -76.75
           -90.2891         -5.5283          9.1742
            -7.1968        -73.3446         11.8726
             9.3610         11.1057        -66.6081

     Atom  9  N   pos: (  0.524847 -0.051423  0.345448)  para_lq sigma:         -73.67
           -76.9765          7.9238         -4.1355
             7.7889        -76.1658          8.9018
            -4.1595          9.0526        -67.8594

     Atom 10  N   pos: (  0.059262  0.766667  1.019631)  para_lq sigma:         -73.67
           -76.9765          7.9238         -4.1355
             7.7889        -76.1658          8.9018
            -4.1595          9.0526        -67.8594

     Atom 11  O   pos: (  0.325080  0.887814  0.449329)  para_lq sigma:        -175.98
          -180.3993         15.5724         -9.1325
            -7.4572       -181.7780         21.4541
             7.8510         18.8421       -165.7564

     Atom 12  O   pos: (  0.259028 -0.172570  0.915750)  para_lq sigma:        -175.98
          -180.3993         15.5724         -9.1325
            -7.4572       -181.7780         21.4541
             7.8510         18.8421       -165.7564

     Atom 13  O   pos: (  0.709928 -0.018846  0.308030)  para_lq sigma:        -178.88
          -201.8691         -7.1138          9.5622
            16.3547       -172.9144         12.6582
            -6.6941         15.1999       -161.8615

     Atom 14  O   pos: ( -0.125819  0.734090  1.057048)  para_lq sigma:        -178.88
          -201.8691         -7.1138          9.5622
            16.3547       -172.9144         12.6582
            -6.6941         15.1999       -161.8615

     Atom 15  C   pos: (  0.155182  0.070504  0.327381)  para_lq sigma:         -11.89
           -11.6202          0.1206          0.6673
            -0.1428        -11.9807         -0.1953
             0.1918         -0.0618        -12.0622

     Atom 16  C   pos: (  0.428926  0.644740  1.037697)  para_lq sigma:         -11.89
           -11.6202          0.1206          0.6673
            -0.1428        -11.9807         -0.1953
             0.1918         -0.0618        -12.0622

     Atom 17  N   pos: (  0.123040  0.088448  0.547425)  para_lq sigma:         -65.51
           -54.5901          2.5299          2.6348
             3.3312        -68.6014          2.5388
             1.8594          5.3246        -73.3387

     Atom 18  N   pos: (  0.461068  0.626797  0.817654)  para_lq sigma:         -65.51
           -54.5901          2.5299          2.6348
             3.3312        -68.6014          2.5388
             1.8594          5.3246        -73.3387

     Atom 19  C   pos: (  0.057209  0.278101  0.616566)  para_lq sigma:         -15.59
           -14.7688          1.4480         -1.2407
             1.5864        -20.1794          3.9700
            -1.8400          5.3302        -11.8310

     Atom 20  C   pos: (  0.526900  0.437143  0.748513)  para_lq sigma:         -15.59
           -14.7688          1.4480         -1.2407
             1.5864        -20.1794          3.9700
            -1.8400          5.3302        -11.8310

     Atom 21  O   pos: (  0.025634  0.333122  0.795278)  para_lq sigma:        -149.22
          -138.3296          2.8286          2.6132
             2.5181       -144.8282         -0.7350
             3.9618         -4.8526       -164.4960

     Atom 22  O   pos: (  0.558475  0.382122  0.569801)  para_lq sigma:        -149.22
          -138.3296          2.8286          2.6132
             2.5181       -144.8282         -0.7350
             3.9618         -4.8526       -164.4960

     Atom 23  N   pos: (  0.035920  0.401573  0.429381)  para_lq sigma:         -76.56
           -60.3777          6.6835          2.0928
             6.3022        -73.2033         -3.7054
             3.0578         -4.9091        -96.0975

     Atom 24  N   pos: (  0.548189  0.313672  0.935697)  para_lq sigma:         -76.56
           -60.3777          6.6835          2.0928
             6.3022        -73.2033         -3.7054
             3.0578         -4.9091        -96.0975

     Atom 25  N   pos: ( -0.051870  0.596620  0.419063)  para_lq sigma:         -73.77
           -66.0624          9.7244         -0.9346
             9.5280        -84.4325          2.3805
            -0.8297          2.0936        -70.8199

     Atom 26  N   pos: (  0.635978  0.118624  0.946015)  para_lq sigma:         -73.77
           -66.0624          9.7244         -0.9346
             9.5280        -84.4325          2.3805
            -0.8297          2.0936        -70.8199

     Atom 27  O   pos: ( -0.090082  0.689527  0.582458)  para_lq sigma:        -178.45
          -158.6157         15.6722          9.7772
            16.0816       -189.7332        -21.8494
            -1.8877          4.4891       -186.9916

     Atom 28  O   pos: (  0.674191  0.025717  0.782620)  para_lq sigma:        -178.45
          -158.6157         15.6722          9.7772
            16.0816       -189.7332        -21.8494
            -1.8877          4.4891       -186.9916

     Atom 29  O   pos: ( -0.078766  0.664014  0.239235)  para_lq sigma:        -176.42
          -158.0948         14.2335         -8.8258
            13.9734       -186.0096         19.5107
             2.5549         -6.4465       -185.1490

     Atom 30  O   pos: (  0.662875  0.051230  1.125843)  para_lq sigma:        -176.42
          -158.0948         14.2335         -8.8258
            13.9734       -186.0096         19.5107
             2.5549         -6.4465       -185.1490

     Atom 31  C   pos: (  0.070118  0.280988  0.235535)  para_lq sigma:         -11.85
           -12.0075         -0.2318          0.2475
             0.3685        -11.4607          0.0516
             0.3727          0.2428        -12.0767

     Atom 32  C   pos: (  0.513990  0.434256  1.129543)  para_lq sigma:         -11.85
           -12.0075         -0.2318          0.2475
             0.3685        -11.4607          0.0516
             0.3727          0.2428        -12.0767

     Atom 33  H   pos: (  0.084474 -0.071760  0.262691)  para_lq sigma:           0.00
             0.0000          0.0000          0.0000
             0.0000          0.0000          0.0000
             0.0000          0.0000          0.0000

     Atom 34  H   pos: (  0.499635  0.787005  1.102387)  para_lq sigma:           0.00
             0.0000          0.0000          0.0000
             0.0000          0.0000          0.0000
             0.0000          0.0000          0.0000

     Atom 35  H   pos: ( -0.077943  0.266722  0.149105)  para_lq sigma:           0.00
             0.0000          0.0000          0.0000
             0.0000          0.0000          0.0000
             0.0000          0.0000          0.0000

     Atom 36  H   pos: ( -0.337949  0.448522  1.215973)  para_lq sigma:           0.00
             0.0000          0.0000          0.0000
             0.0000          0.0000          0.0000
             0.0000          0.0000          0.0000

     Atom 37  H   pos: (  0.137029 -0.034145  0.648497)  para_lq sigma:           0.00
             0.0000          0.0000          0.0000
             0.0000          0.0000          0.0000
             0.0000          0.0000          0.0000

     Atom 38  H   pos: (  0.447079  0.749389  0.716582)  para_lq sigma:           0.00
             0.0000          0.0000          0.0000
             0.0000          0.0000          0.0000
             0.0000          0.0000          0.0000

     Atom 39  H   pos: (  0.231558  0.501821  0.032965)  para_lq sigma:           0.00
             0.0000          0.0000          0.0000
             0.0000          0.0000          0.0000
             0.0000          0.0000          0.0000

     Atom 40  H   pos: (  0.352550  0.213423  1.332114)  para_lq sigma:           0.00
             0.0000          0.0000          0.0000
             0.0000          0.0000          0.0000
             0.0000          0.0000          0.0000

 
     Total NMR chemical shifts in ppm: ---------------------------------------
     (adopting the Simpson convention for anisotropy and asymmetry)-----------
 
     Atom  1  N   pos: (  0.238076  0.360010  0.110093)  Total sigma:         120.19
           133.7810        -68.1841         50.7197
           -18.6919        111.8853         30.3187
            11.7265         38.1061        114.9090

     N    1    anisotropy:   -110.21    eta:   -0.3032
     N    1    sigma_11=    145.79    axis=(  0.236561  0.523129  0.818764)
     N    1    sigma_22=    168.07    axis=(  0.819611 -0.559999  0.120991)
     N    1    sigma_33=     46.72    axis=( -0.521801 -0.642447  0.561236)
 
     Atom  2  N   pos: (  0.346032  0.355234  1.254986)  Total sigma:         120.19
           133.7810        -68.1841         50.7197
           -18.6919        111.8853         30.3187
            11.7265         38.1061        114.9090

     N    2    anisotropy:   -110.21    eta:   -0.3032
     N    2    sigma_11=    145.79    axis=(  0.236561  0.523129  0.818764)
     N    2    sigma_22=    168.07    axis=(  0.819611 -0.559999  0.120991)
     N    2    sigma_33=     46.72    axis=( -0.521801 -0.642447  0.561236)
 
     Atom  3  C   pos: (  0.425297  0.267496  0.145786)  Total sigma:          12.90
            55.5943         20.8212        -15.1653
            38.3974        -41.6559         50.6816
           -26.3844         52.4049         24.7730

     C    3    anisotropy:   -138.37    eta:   -0.1581
     C    3    sigma_11=     51.74    axis=(  0.269274  0.529385  0.804514)
     C    3    sigma_22=     66.32    axis=( -0.927973 -0.080820  0.363777)
     C    3    sigma_33=    -79.34    axis=(  0.257599 -0.844523  0.469493)
 
     Atom  4  C   pos: (  0.158812  0.447748  1.219292)  Total sigma:          12.90
            55.5943         20.8212        -15.1653
            38.3974        -41.6559         50.6816
           -26.3844         52.4049         24.7730

     C    4    anisotropy:   -138.37    eta:   -0.1581
     C    4    sigma_11=     51.74    axis=(  0.269274  0.529385  0.804514)
     C    4    sigma_22=     66.32    axis=( -0.927973 -0.080820  0.363777)
     C    4    sigma_33=    -79.34    axis=(  0.257599 -0.844523  0.469493)
 
     Atom  5  O   pos: (  0.597038  0.324172  0.082763)  Total sigma:          29.09
           -95.2310         32.3631         57.6343
            -7.4592         -4.8464        191.0638
            68.2607        179.2229        187.3592

     O    5    anisotropy:    419.66    eta:   -0.1628
     O    5    sigma_11=    -88.02    axis=(  0.793216 -0.573629  0.204347)
     O    5    sigma_22=   -133.57    axis=(  0.590706  0.643341 -0.487009)
     O    5    sigma_33=    308.87    axis=(  0.147898  0.507012  0.849155)
 
     Atom  6  O   pos: ( -0.012929  0.391072  1.282315)  Total sigma:          29.09
           -95.2310         32.3631         57.6343
            -7.4592         -4.8464        191.0638
            68.2607        179.2229        187.3592

     O    6    anisotropy:    419.66    eta:   -0.1628
     O    6    sigma_11=    -88.02    axis=(  0.793216 -0.573629  0.204347)
     O    6    sigma_22=   -133.57    axis=(  0.590706  0.643341 -0.487009)
     O    6    sigma_33=    308.87    axis=(  0.147898  0.507012  0.849155)
 
     Atom  7  N   pos: (  0.378770  0.083817  0.263706)  Total sigma:           0.61
           -75.5490        -54.4769         57.1111
           -91.9442         38.0658         21.7959
            77.7886          2.6150         39.3246

     N    7    anisotropy:   -205.51    eta:   -0.2658
     N    7    sigma_11=     50.91    axis=( -0.005412 -0.672497 -0.740080)
     N    7    sigma_22=     87.32    axis=( -0.521476  0.633388 -0.571736)
     N    7    sigma_33=   -136.39    axis=( -0.853249 -0.382840  0.354119)
 
     Atom  8  N   pos: (  0.205339  0.631427  1.101373)  Total sigma:           0.61
           -75.5490        -54.4769         57.1111
           -91.9442         38.0658         21.7959
            77.7886          2.6150         39.3246

     N    8    anisotropy:   -205.51    eta:   -0.2658
     N    8    sigma_11=     50.91    axis=( -0.005412 -0.672497 -0.740080)
     N    8    sigma_22=     87.32    axis=( -0.521476  0.633388 -0.571736)
     N    8    sigma_33=   -136.39    axis=( -0.853249 -0.382840  0.354119)
 
     Atom  9  N   pos: (  0.524847 -0.051423  0.345448)  Total sigma:         -99.26
          -124.6296         78.1298        -41.4707
            82.4168       -120.9093         73.9267
           -39.1975         80.5218        -52.2362

     N    9    anisotropy:   -211.52    eta:   -0.3967
     N    9    sigma_11=    -56.72    axis=(  0.780293  0.433707 -0.450600)
     N    9    sigma_22=     -0.78    axis=(  0.127372  0.595180  0.793434)
     N    9    sigma_33=   -240.27    axis=( -0.612306  0.676505 -0.409173)
 
     Atom 10  N   pos: (  0.059262  0.766667  1.019631)  Total sigma:         -99.26
          -124.6296         78.1298        -41.4707
            82.4168       -120.9093         73.9267
           -39.1975         80.5218        -52.2362

     N   10    anisotropy:   -211.52    eta:   -0.3967
     N   10    sigma_11=    -56.72    axis=(  0.780293  0.433707 -0.450600)
     N   10    sigma_22=     -0.78    axis=(  0.127372  0.595180  0.793434)
     N   10    sigma_33=   -240.27    axis=( -0.612306  0.676505 -0.409173)
 
     Atom 11  O   pos: (  0.325080  0.887814  0.449329)  Total sigma:        -212.15
          -333.9309         74.5089        -22.8402
           -64.2141       -215.3115        191.3016
            86.4174        191.1492        -87.1933

     O   11    anisotropy:    397.07    eta:   -0.1257
     O   11    sigma_11=   -327.86    axis=( -0.865317  0.441795 -0.236737)
     O   11    sigma_22=   -361.14    axis=( -0.495669 -0.684123  0.535059)
     O   11    sigma_33=     52.57    axis=(  0.074429  0.580339  0.810967)
 
     Atom 12  O   pos: (  0.259028 -0.172570  0.915750)  Total sigma:        -212.15
          -333.9309         74.5089        -22.8402
           -64.2141       -215.3115        191.3016
            86.4174        191.1492        -87.1933

     O   12    anisotropy:    397.07    eta:   -0.1257
     O   12    sigma_11=   -327.86    axis=( -0.865317  0.441795 -0.236737)
     O   12    sigma_22=   -361.14    axis=( -0.495669 -0.684123  0.535059)
     O   12    sigma_33=     52.57    axis=(  0.074429  0.580339  0.810967)
 
     Atom 13  O   pos: (  0.709928 -0.018846  0.308030)  Total sigma:        -229.11
          -435.0483        -76.5103        103.1294
            90.6216       -205.8277        201.8691
             2.8741        236.7533        -46.4397

     O   13    anisotropy:    510.67    eta:   -0.2749
     O   13    sigma_11=   -352.53    axis=( -0.271132  0.804051 -0.529140)
     O   13    sigma_22=   -446.12    axis=( -0.958627 -0.176032  0.223714)
     O   13    sigma_33=    111.34    axis=(  0.086732  0.567904  0.818512)
 
     Atom 14  O   pos: ( -0.125819  0.734090  1.057048)  Total sigma:        -229.11
          -435.0483        -76.5103        103.1294
            90.6216       -205.8277        201.8691
             2.8741        236.7533        -46.4397

     O   14    anisotropy:    510.67    eta:   -0.2749
     O   14    sigma_11=   -352.53    axis=( -0.271132  0.804051 -0.529140)
     O   14    sigma_22=   -446.12    axis=( -0.958627 -0.176032  0.223714)
     O   14    sigma_33=    111.34    axis=(  0.086732  0.567904  0.818512)
 
     Atom 15  C   pos: (  0.155182  0.070504  0.327381)  Total sigma:         102.58
           128.8581          1.3921          1.8594
             0.0102         76.0460         -2.6085
            -4.6608         -1.2346        102.8506

     C   15    anisotropy:    -40.02    eta:   -0.9759
     C   15    sigma_11=    102.91    axis=(  0.055644 -0.069798  0.996008)
     C   15    sigma_22=    128.95    axis=( -0.998386 -0.015221  0.054711)
     C   15    sigma_33=     75.90    axis=( -0.011341  0.997445  0.070532)
 
     Atom 16  C   pos: (  0.428926  0.644740  1.037697)  Total sigma:         102.58
           128.8581          1.3921          1.8594
             0.0102         76.0460         -2.6085
            -4.6608         -1.2346        102.8506

     C   16    anisotropy:    -40.02    eta:   -0.9759
     C   16    sigma_11=    102.91    axis=(  0.055644 -0.069798  0.996008)
     C   16    sigma_22=    128.95    axis=( -0.998386 -0.015221  0.054711)
     C   16    sigma_33=     75.90    axis=( -0.011341  0.997445  0.070532)
 
     Atom 17  N   pos: (  0.123040  0.088448  0.547425)  Total sigma:         126.87
           148.6149        -20.1207         18.7980
            -7.2439        168.6624          3.0476
            -2.2846         63.7543         63.3257

     N   17    anisotropy:   -112.03    eta:   -0.4763
     N   17    sigma_11=    146.42    axis=(  0.940235  0.273221  0.203243)
     N   17    sigma_22=    182.00    axis=( -0.317901  0.918201  0.236318)
     N   17    sigma_33=     52.18    axis=( -0.122051 -0.286806  0.950182)
 
     Atom 18  N   pos: (  0.461068  0.626797  0.817654)  Total sigma:         126.87
           148.6149        -20.1207         18.7980
            -7.2439        168.6624          3.0476
            -2.2846         63.7543         63.3257

     N   18    anisotropy:   -112.03    eta:   -0.4763
     N   18    sigma_11=    146.42    axis=(  0.940235  0.273221  0.203243)
     N   18    sigma_22=    182.00    axis=( -0.317901  0.918201  0.236318)
     N   18    sigma_33=     52.18    axis=( -0.122051 -0.286806  0.950182)
 
     Atom 19  C   pos: (  0.057209  0.278101  0.616566)  Total sigma:          17.73
            42.0979         23.3493        -14.3877
            24.2974        -41.2039         57.3895
           -23.3090         74.8291         52.2936

     C   19    anisotropy:   -150.45    eta:   -0.3884
     C   19    sigma_11=     48.40    axis=(  0.961778  0.272844  0.023225)
     C   19    sigma_22=     87.35    axis=(  0.143873 -0.431338 -0.890645)
     C   19    sigma_33=    -82.57    axis=(  0.232989 -0.859944  0.454106)
 
     Atom 20  C   pos: (  0.526900  0.437143  0.748513)  Total sigma:          17.73
            42.0979         23.3493        -14.3877
            24.2974        -41.2039         57.3895
           -23.3090         74.8291         52.2936

     C   20    anisotropy:   -150.45    eta:   -0.3884
     C   20    sigma_11=     48.40    axis=(  0.961778  0.272844  0.023225)
     C   20    sigma_22=     87.35    axis=(  0.143873 -0.431338 -0.890645)
     C   20    sigma_33=    -82.57    axis=(  0.232989 -0.859944  0.454106)
 
     Atom 21  O   pos: (  0.025634  0.333122  0.795278)  Total sigma:          17.34
           279.4066        133.2587         34.9790
           130.5475        -72.1316         24.0154
            46.2028         -6.7202       -155.2525

     O   21    anisotropy:    464.37    eta:   -0.1410
     O   21    sigma_11=   -115.63    axis=(  0.305114 -0.946397  0.106008)
     O   21    sigma_22=   -159.27    axis=(  0.113987 -0.074222 -0.990706)
     O   21    sigma_33=    326.92    axis=(  0.945469  0.314362  0.085230)
 
     Atom 22  O   pos: (  0.558475  0.382122  0.569801)  Total sigma:          17.34
           279.4066        133.2587         34.9790
           130.5475        -72.1316         24.0154
            46.2028         -6.7202       -155.2525

     O   22    anisotropy:    464.37    eta:   -0.1410
     O   22    sigma_11=   -115.63    axis=(  0.305114 -0.946397  0.106008)
     O   22    sigma_22=   -159.27    axis=(  0.113987 -0.074222 -0.990706)
     O   22    sigma_33=    326.92    axis=(  0.945469  0.314362  0.085230)
 
     Atom 23  N   pos: (  0.035920  0.401573  0.429381)  Total sigma:           2.53
            53.0714          8.0788          5.8165
           -10.9004         72.0191        -30.6517
            31.8856        -68.3664       -117.4905

     N   23    anisotropy:   -200.90    eta:   -0.2359
     N   23    sigma_11=     53.70    axis=(  0.977459  0.205552  0.048187)
     N   23    sigma_22=     85.29    axis=( -0.187500  0.950078 -0.249389)
     N   23    sigma_33=   -131.40    axis=( -0.097044  0.234732  0.967204)
 
     Atom 24  N   pos: (  0.548189  0.313672  0.935697)  Total sigma:           2.53
            53.0714          8.0788          5.8165
           -10.9004         72.0191        -30.6517
            31.8856        -68.3664       -117.4905

     N   24    anisotropy:   -200.90    eta:   -0.2359
     N   24    sigma_11=     53.70    axis=(  0.977459  0.205552  0.048187)
     N   24    sigma_22=     85.29    axis=( -0.187500  0.950078 -0.249389)
     N   24    sigma_33=   -131.40    axis=( -0.097044  0.234732  0.967204)
 
     Atom 25  N   pos: ( -0.051870  0.596620  0.419063)  Total sigma:        -101.18
           -34.8672         87.9150         -2.8194
            83.7054       -203.9258         25.6057
            -8.1275         20.1350        -64.7459

     N   25    anisotropy:   -212.54    eta:   -0.4462
     N   25    sigma_11=    -61.94    axis=( -0.104689  0.096173  0.989844)
     N   25    sigma_22=      1.28    axis=(  0.918602  0.390727  0.059191)
     N   25    sigma_33=   -242.87    axis=(  0.381066 -0.915469  0.129249)
 
     Atom 26  N   pos: (  0.635978  0.118624  0.946015)  Total sigma:        -101.18
           -34.8672         87.9150         -2.8194
            83.7054       -203.9258         25.6057
            -8.1275         20.1350        -64.7459

     N   26    anisotropy:   -212.54    eta:   -0.4462
     N   26    sigma_11=    -61.94    axis=( -0.104689  0.096173  0.989844)
     N   26    sigma_22=      1.28    axis=(  0.918602  0.390727  0.059191)
     N   26    sigma_33=   -242.87    axis=(  0.381066 -0.915469  0.129249)
 
     Atom 27  O   pos: ( -0.090082  0.689527  0.582458)  Total sigma:        -219.45
            51.3249        154.5537         52.2923
           180.9287       -308.2399       -129.4281
           -28.7324         49.6016       -401.4264

     O   27    anisotropy:    505.35    eta:   -0.2589
     O   27    sigma_11=   -344.28    axis=( -0.301157  0.751489 -0.587000)
     O   27    sigma_22=   -431.51    axis=( -0.210177  0.548129  0.809556)
     O   27    sigma_33=    117.45    axis=(  0.930124  0.367177 -0.007128)
 
     Atom 28  O   pos: (  0.674191  0.025717  0.782620)  Total sigma:        -219.45
            51.3249        154.5537         52.2923
           180.9287       -308.2399       -129.4281
           -28.7324         49.6016       -401.4264

     O   28    anisotropy:    505.35    eta:   -0.2589
     O   28    sigma_11=   -344.28    axis=( -0.301157  0.751489 -0.587000)
     O   28    sigma_22=   -431.51    axis=( -0.210177  0.548129  0.809556)
     O   28    sigma_33=    117.45    axis=(  0.930124  0.367177 -0.007128)
 
     Atom 29  O   pos: ( -0.078766  0.664014  0.239235)  Total sigma:        -219.28
            -0.9716        113.2281          0.6249
           143.7912       -284.9912         98.4614
            31.8189        -70.7996       -371.8857

     O   29    anisotropy:    403.18    eta:   -0.1520
     O   29    sigma_11=   -333.25    axis=(  0.362565 -0.915302 -0.175410)
     O   29    sigma_22=   -374.11    axis=(  0.019493 -0.180728  0.983340)
     O   29    sigma_33=     49.50    axis=(  0.931755  0.359944  0.047683)
 
     Atom 30  O   pos: (  0.662875  0.051230  1.125843)  Total sigma:        -219.28
            -0.9716        113.2281          0.6249
           143.7912       -284.9912         98.4614
            31.8189        -70.7996       -371.8857

     O   30    anisotropy:    403.18    eta:   -0.1520
     O   30    sigma_11=   -333.25    axis=(  0.362565 -0.915302 -0.175410)
     O   30    sigma_22=   -374.11    axis=(  0.019493 -0.180728  0.983340)
     O   30    sigma_33=     49.50    axis=(  0.931755  0.359944  0.047683)
 
     Atom 31  C   pos: (  0.070118  0.280988  0.235535)  Total sigma:         102.65
            90.8654          1.5531        -12.9695
            11.4215        108.0232         12.1907
            -9.8378         17.5862        109.0559

     C   31    anisotropy:    -34.85    eta:   -0.8319
     C   31    sigma_11=    104.60    axis=(  0.651219  0.626804 -0.427820)
     C   31    sigma_22=    123.93    axis=(  0.131427 -0.648378 -0.749889)
     C   31    sigma_33=     79.42    axis=(  0.747422 -0.432115  0.504615)
 
     Atom 32  C   pos: (  0.513990  0.434256  1.129543)  Total sigma:         102.65
            90.8654          1.5531        -12.9695
            11.4215        108.0232         12.1907
            -9.8378         17.5862        109.0559

     C   32    anisotropy:    -34.85    eta:   -0.8319
     C   32    sigma_11=    104.60    axis=(  0.651219  0.626804 -0.427820)
     C   32    sigma_22=    123.93    axis=(  0.131427 -0.648378 -0.749889)
     C   32    sigma_33=     79.42    axis=(  0.747422 -0.432115  0.504615)
 
     Atom 33  H   pos: (  0.084474 -0.071760  0.262691)  Total sigma:          22.90
            21.6526          3.9268          0.3254
             2.3855         25.9113          2.1573
             0.9838          3.0033         21.1305

     H   33    anisotropy:      8.41    eta:   -0.2179
     H   33    sigma_11=     20.71    axis=( -0.683922  0.054045  0.727550)
     H   33    sigma_22=     19.49    axis=( -0.596043  0.533667 -0.599943)
     H   33    sigma_33=     28.50    axis=(  0.420694  0.843966  0.332774)
 
     Atom 34  H   pos: (  0.499635  0.787005  1.102387)  Total sigma:          22.90
            21.6526          3.9268          0.3254
             2.3855         25.9113          2.1573
             0.9838          3.0033         21.1305

     H   34    anisotropy:      8.41    eta:   -0.2179
     H   34    sigma_11=     20.71    axis=( -0.683922  0.054045  0.727550)
     H   34    sigma_22=     19.49    axis=( -0.596043  0.533667 -0.599943)
     H   34    sigma_33=     28.50    axis=(  0.420694  0.843966  0.332774)
 
     Atom 35  H   pos: ( -0.077943  0.266722  0.149105)  Total sigma:          22.36
            27.2874          0.6555          3.0971
             1.2212         18.4483          0.1313
             3.0120         -0.0058         21.3413

     H   35    anisotropy:      9.44    eta:   -0.2841
     H   35    sigma_11=     20.11    axis=(  0.366309  0.172783 -0.914311)
     H   35    sigma_22=     18.32    axis=(  0.145865 -0.981123 -0.126970)
     H   35    sigma_33=     28.65    axis=(  0.918989  0.086856  0.384597)
 
     Atom 36  H   pos: ( -0.337949  0.448522  1.215973)  Total sigma:          22.36
            27.2874          0.6555          3.0971
             1.2212         18.4483          0.1313
             3.0120         -0.0058         21.3413

     H   36    anisotropy:      9.44    eta:   -0.2841
     H   36    sigma_11=     20.11    axis=(  0.366309  0.172783 -0.914311)
     H   36    sigma_22=     18.32    axis=(  0.145865 -0.981123 -0.126970)
     H   36    sigma_33=     28.65    axis=(  0.918989  0.086856  0.384597)
 
     Atom 37  H   pos: (  0.137029 -0.034145  0.648497)  Total sigma:          22.71
            17.6806         -2.7429          0.2190
            -1.6263         27.8124         -7.0815
            -0.1741         -6.6121         22.6293

     H   37    anisotropy:     15.08    eta:   -0.2454
     H   37    sigma_11=     18.91    axis=( -0.636170  0.366324  0.679040)
     H   37    sigma_22=     16.45    axis=(  0.762165  0.435225  0.479254)
     H   37    sigma_33=     32.76    axis=(  0.119973 -0.822427  0.556075)
 
     Atom 38  H   pos: (  0.447079  0.749389  0.716582)  Total sigma:          22.71
            17.6806         -2.7429          0.2190
            -1.6263         27.8124         -7.0815
            -0.1741         -6.6121         22.6293

     H   38    anisotropy:     15.08    eta:   -0.2454
     H   38    sigma_11=     18.91    axis=( -0.636170  0.366324  0.679040)
     H   38    sigma_22=     16.45    axis=(  0.762165  0.435225  0.479254)
     H   38    sigma_33=     32.76    axis=(  0.119973 -0.822427  0.556075)
 
     Atom 39  H   pos: (  0.231558  0.501821  0.032965)  Total sigma:          20.23
            16.0636         -2.2777          0.4239
            -1.0034         27.6618         -9.8796
            -0.9873         -7.7637         16.9715

     H   39    anisotropy:     18.75    eta:   -0.3586
     H   39    sigma_11=     16.22    axis=(  0.967582 -0.051856 -0.247176)
     H   39    sigma_22=     11.74    axis=(  0.240381  0.489311  0.838327)
     H   39    sigma_33=     32.73    axis=(  0.077474 -0.870566  0.485914)
 
     Atom 40  H   pos: (  0.352550  0.213423  1.332114)  Total sigma:          20.23
            16.0636         -2.2777          0.4239
            -1.0034         27.6618         -9.8796
            -0.9873         -7.7637         16.9715

     H   40    anisotropy:     18.75    eta:   -0.3586
     H   40    sigma_11=     16.22    axis=(  0.967582 -0.051856 -0.247176)
     H   40    sigma_22=     11.74    axis=(  0.240381  0.489311  0.838327)
     H   40    sigma_33=     32.73    axis=(  0.077474 -0.870566  0.485914)
 
     Initialization:
     gipaw_setup  :      0.39s CPU      0.41s WALL (       1 calls)
 
     Linear response
     greenf       :   8121.70s CPU   8424.61s WALL (     240 calls)
     cgsolve      :   8083.70s CPU   8386.46s WALL (     240 calls)
     ch_psi       :   7919.55s CPU   8222.28s WALL (   16356 calls)
     h_psiq       :   6294.86s CPU   6594.41s WALL (   16356 calls)
 
     Apply operators
     h_psi        :   5959.43s CPU   6298.46s WALL (   24142 calls)
     apply_vel    :     94.73s CPU     94.87s WALL (     210 calls)
 
     Induced current
     j_para       :    412.99s CPU    437.11s WALL (     270 calls)
     biot_savart  :      0.04s CPU      0.05s WALL (       1 calls)
 
     Other routines
 
     General routines
     calbec       :   1726.35s CPU   1734.28s WALL (   58884 calls)
     fft          :      0.08s CPU      0.10s WALL (      32 calls)
     fftw         :   4656.41s CPU   4997.77s WALL ( 3485902 calls)
     davcio       :      0.03s CPU      1.71s WALL (     160 calls)
 
     Parallel routines
     fft_scatter  :    989.22s CPU   1179.91s WALL ( 3485934 calls)
 
     Plugins
 
     GIPAW        :  10221.60s CPU  10610.25s WALL (       1 calls)
