
     Program QE v.6.1 (svn rev. 13369) starts on  4Nov2017 at  7:24:30 

     This program is part of the open-source Quantum ESPRESSO suite
     for quantum simulation of materials; please cite
         "P. Giannozzi et al., J. Phys.:Condens. Matter 21 395502 (2009);
          URL http://www.quantum-espresso.org", 
     in publications or presentations arising from this work. More details at
     http://www.quantum-espresso.org/quote

     Parallel version (MPI), running on     8 processors
     R & G space division:  proc/nbgrp/npool/nimage =       8
 
     ***** This is GIPAW svn revision unknown      *****
 
     Parallelizing q-star over 1 images
     Message from routine gipaw_readin:
     *** iverbosity is obsolete, use verbosity instead ***

     Reading data from directory:
     /scratch/paruzzo/QEspresso/CCDC/GIRKOI/wfc/scf.save

   Info: using nr1, nr2, nr3 values from input

   Info: using nr1, nr2, nr3 values from input

     IMPORTANT: XC functional enforced from input :
     Exchange-correlation      =  SLA  PW   PBX  PBC ( 1  4  3  4 0 0)
     Any further DFT definition will be discarded
     Please, verify this is what you really want

               file C.pbe-n-kjpaw_psl.0.1.UPF: wavefunction(s)  2P renormalized
               file N.pbe-n-kjpaw_psl.0.1.UPF: wavefunction(s)  2P renormalized
               file H.pbe-kjpaw_psl.0.1.UPF: wavefunction(s)  1S renormalized
               file O.pbe-n-kjpaw_psl.0.1.UPF: wavefunction(s)  2P renormalized
 
     Parallelization info
     --------------------
     sticks:   dense  smooth     PW     G-vecs:    dense   smooth      PW
     Min         740     740    196                48417    48417    6605
     Max         741     741    197                48418    48418    6608
     Sum        5925    5925   1569               387337   387337   52845
 

     Check: negative/imaginary core charge=   -0.000002    0.000000

     Subspace diagonalization in iterative solution of the eigenvalue problem:
     a serial algorithm will be used

     GIPAW projectors -----------------------------------------------
     atom=  C    l=0  rc=    1.3000  rs=    0.8667
     atom=  C    l=0  rc=    1.3000  rs=    0.8667
     atom=  C    l=1  rc=    1.4500  rs=    0.9667
     atom=  C    l=1  rc=    1.4500  rs=    0.9667
     projs nearly linearly dependent: l=0  n1,n2= 1, 2  s=  0.99877758
     projs nearly linearly dependent: l=1  n1,n2= 1, 2  s=  0.99940894
 
     atom=  N    l=0  rc=    1.3000  rs=    0.8667
     atom=  N    l=0  rc=    1.3000  rs=    0.8667
     atom=  N    l=1  rc=    1.4500  rs=    0.9667
     atom=  N    l=1  rc=    1.4500  rs=    0.9667
     projs nearly linearly dependent: l=0  n1,n2= 1, 2  s=  0.99709514
     projs nearly linearly dependent: l=1  n1,n2= 1, 2  s=  0.99857174
 
     atom=  H    l=0  rc=    1.0000  rs=    0.6667
     atom=  H    l=0  rc=    1.0000  rs=    0.6667
     projs nearly linearly dependent: l=0  n1,n2= 1, 2  s=  0.99968852
 
     atom=  O    l=0  rc=    1.3500  rs=    0.9000
     atom=  O    l=0  rc=    1.3500  rs=    0.9000
     atom=  O    l=1  rc=    1.3500  rs=    0.9000
     atom=  O    l=1  rc=    1.3500  rs=    0.9000
     projs nearly linearly dependent: l=0  n1,n2= 1, 2  s=  0.99100135
     projs nearly linearly dependent: l=1  n1,n2= 1, 2  s=  0.99790100
     -----------------------------------------------------------------
 
     alpha_pv=     44.4813 eV
 
     q-space interpolation up to   110.00 Rydberg
 
     GIPAW job: nmr                                                                             
     NMR macroscopic correction: yes
             0.6667          0.0000          0.0000
             0.0000          0.6667          0.0000
             0.0000          0.0000          0.6667

 
     Largest allocated arrays     est. size (Mb)     dimensions
        KS wavefunctions at k           7.48 Mb     (    6051,   81)
        KS wavefunctions at k+q         7.48 Mb     (    6051,   81)
        First-order wavefunctions      74.79 Mb     (    6051,   81, 10)
        First-order wavefunct (US)     44.87 Mb     (    6051,   81,  6)
        Charge/spin density             0.99 Mb     (  129600,    1)
        Induced current                 8.90 Mb     (  129600,    3,3,1)
        Induced magnetic field          8.90 Mb     (  129600,    3,3,1)
        NL pseudopotentials            23.27 Mb     (    6051,  252)
        GIPAW NL terms                 23.27 Mb     (    6051,  252)
 
     Computing the magnetic susceptibility     isolve=0    ethr=  0.1000E-13
     k-point #    1 of    10      pool #  1    cpu time:       8.1
     Rotating WFCS
     c_bands:  1 eigenvalues not converged
     Rotating WFCS
     c_bands:  1 eigenvalues not converged
     Rotating WFCS
     c_bands:  2 eigenvalues not converged
     Rotating WFCS
     Rotating WFCS
     c_bands:  1 eigenvalues not converged
     Rotating WFCS
     Rotating WFCS
     k-point #    2 of    10      pool #  1    cpu time:     907.0
     Rotating WFCS
     c_bands:  2 eigenvalues not converged
     Rotating WFCS
     c_bands:  1 eigenvalues not converged
     Rotating WFCS
     c_bands:  1 eigenvalues not converged
     Rotating WFCS
     c_bands:  1 eigenvalues not converged
     Rotating WFCS
     c_bands:  1 eigenvalues not converged
     Rotating WFCS
     c_bands:  1 eigenvalues not converged
     Rotating WFCS
     c_bands:  1 eigenvalues not converged
     k-point #    3 of    10      pool #  1    cpu time:    1835.6
     Rotating WFCS
     Rotating WFCS
     Rotating WFCS
     Rotating WFCS
     Rotating WFCS
     Rotating WFCS
     Rotating WFCS
     k-point #    4 of    10      pool #  1    cpu time:    2753.6
     Rotating WFCS
     c_bands:  1 eigenvalues not converged
     Rotating WFCS
     Rotating WFCS
     Rotating WFCS
     c_bands:  1 eigenvalues not converged
     Rotating WFCS
     c_bands:  1 eigenvalues not converged
     Rotating WFCS
     c_bands:  1 eigenvalues not converged
     Rotating WFCS
     c_bands:  1 eigenvalues not converged
     k-point #    5 of    10      pool #  1    cpu time:    3693.9
     Rotating WFCS
     c_bands:  1 eigenvalues not converged
     Rotating WFCS
     c_bands:  1 eigenvalues not converged
     Rotating WFCS
     c_bands:  1 eigenvalues not converged
     Rotating WFCS
     c_bands:  1 eigenvalues not converged
     Rotating WFCS
     c_bands:  1 eigenvalues not converged
     Rotating WFCS
     c_bands:  1 eigenvalues not converged
     Rotating WFCS
     c_bands:  1 eigenvalues not converged
     k-point #    6 of    10      pool #  1    cpu time:    4642.2
     Rotating WFCS
     c_bands:  1 eigenvalues not converged
     Rotating WFCS
     c_bands:  1 eigenvalues not converged
     Rotating WFCS
     c_bands:  1 eigenvalues not converged
     Rotating WFCS
     c_bands:  1 eigenvalues not converged
     Rotating WFCS
     c_bands:  1 eigenvalues not converged
     Rotating WFCS
     c_bands:  1 eigenvalues not converged
     Rotating WFCS
     c_bands:  1 eigenvalues not converged
     k-point #    7 of    10      pool #  1    cpu time:    5580.1
     Rotating WFCS
     c_bands:  1 eigenvalues not converged
     Rotating WFCS
     c_bands:  1 eigenvalues not converged
     Rotating WFCS
     c_bands:  1 eigenvalues not converged
     Rotating WFCS
     c_bands:  1 eigenvalues not converged
     Rotating WFCS
     Rotating WFCS
     Rotating WFCS
     k-point #    8 of    10      pool #  1    cpu time:    6520.1
     Rotating WFCS
     c_bands:  1 eigenvalues not converged
     Rotating WFCS
     c_bands:  1 eigenvalues not converged
     Rotating WFCS
     c_bands:  1 eigenvalues not converged
     Rotating WFCS
     Rotating WFCS
     Rotating WFCS
     Rotating WFCS
     k-point #    9 of    10      pool #  1    cpu time:    7453.1
     Rotating WFCS
     c_bands:  1 eigenvalues not converged
     Rotating WFCS
     c_bands:  1 eigenvalues not converged
     Rotating WFCS
     c_bands:  1 eigenvalues not converged
     Rotating WFCS
     c_bands:  1 eigenvalues not converged
     Rotating WFCS
     c_bands:  2 eigenvalues not converged
     Rotating WFCS
     c_bands:  2 eigenvalues not converged
     Rotating WFCS
     c_bands:  1 eigenvalues not converged
     k-point #   10 of    10      pool #  1    cpu time:    8395.7
     Rotating WFCS
     c_bands:  1 eigenvalues not converged
     Rotating WFCS
     c_bands:  1 eigenvalues not converged
     Rotating WFCS
     Rotating WFCS
     c_bands:  1 eigenvalues not converged
     Rotating WFCS
     c_bands:  1 eigenvalues not converged
     Rotating WFCS
     c_bands:  1 eigenvalues not converged
     Rotating WFCS
     c_bands:  1 eigenvalues not converged
     End of magnetic susceptibility calculation
 
     f-sum rule (1st term):
          -132.2448         -0.0290         -0.0625
            -0.0296       -132.3520         -0.0506
            -0.0621         -0.0498       -132.4702

     f-sum rule (2nd term):
            -1.5169          0.0287          0.0634
             0.0290         -1.4117          0.0549
             0.0635          0.0538         -1.3006

     f-sum rule (should be  -133.7615):
          -133.7617         -0.0004          0.0009
            -0.0006       -133.7637          0.0043
             0.0014          0.0040       -133.7708

     chi_bare pGv (HH) in paratec units:
       -54.294324      2.113455      2.762723
         1.099755    -37.277021     -1.136889
         2.663446     -0.888424    -40.776239

       -54.294324      2.113455      2.762723
         1.099755    -37.277021     -1.136889
         2.663446     -0.888424    -40.776239

     chi_bare vGv (VV) in paratec units:
       -56.081998      1.662266      4.138897
         1.656476    -35.371506     -1.272376
         4.147081     -1.233879    -39.194725

       -56.081998      1.662266      4.138897
         1.656476    -35.371506     -1.272376
         4.147081     -1.233879    -39.194725

     chi_bare pGv (HH) in 10^{-6} cm^3/mol:
          -258.0117         10.0433         13.1287
             5.2261       -177.1439         -5.4026
            12.6569         -4.2219       -193.7725

     chi_bare vGv (VV) in 10^{-6} cm^3/mol:
          -266.5069          7.8992         19.6684
             7.8717       -168.0887         -6.0465
            19.7073         -5.8635       -186.2570

     Contributions to the NMR chemical shifts: -------------------------------
 
     Macroscopic shape contribution in ppm:                    6.87
             8.4507          0.0000          0.0000
             0.0000          5.8020          0.0000
             0.0000          0.0000          6.3467

 
     Core contribution in ppm:
 
     Atom  1  O   pos: (  0.053311 -0.284343  0.815004)  core sigma:         271.07
     Atom  2  O   pos: (  0.493046  0.755620  0.319414)  core sigma:         271.07
     Atom  3  N   pos: ( -0.092993  0.747184  0.070242)  core sigma:         235.78
     Atom  4  N   pos: (  0.639350 -0.275907  1.064176)  core sigma:         235.78
     Atom  5  N   pos: (  0.696771  0.116977  0.908914)  core sigma:         235.78
     Atom  6  N   pos: ( -0.150413  0.354300  0.225504)  core sigma:         235.78
     Atom  7  N   pos: (  0.659069  0.450590  0.641605)  core sigma:         235.78
     Atom  8  N   pos: ( -0.112712  0.020688  0.492813)  core sigma:         235.78
     Atom  9  C   pos: ( -0.257185  0.255859  1.026403)  core sigma:         200.51
     Atom 10  C   pos: (  0.803542  0.215418  0.108015)  core sigma:         200.51
     Atom 11  C   pos: ( -0.251156  0.444452  0.970492)  core sigma:         200.51
     Atom 12  C   pos: (  0.797513  0.026825  0.163926)  core sigma:         200.51
     Atom 13  C   pos: (  0.122684 -0.425141  1.099940)  core sigma:         200.51
     Atom 14  C   pos: (  0.423673  0.896418  0.034478)  core sigma:         200.51
     Atom 15  C   pos: (  0.287285  0.067154  0.148936)  core sigma:         200.51
     Atom 16  C   pos: (  0.259072  0.404123  0.985482)  core sigma:         200.51
     Atom 17  C   pos: ( -0.048165  0.881915  0.192157)  core sigma:         200.51
     Atom 18  C   pos: (  0.594522 -0.410637  0.942261)  core sigma:         200.51
     Atom 19  C   pos: ( -0.294672  0.530577  0.793871)  core sigma:         200.51
     Atom 20  C   pos: (  0.841029 -0.059300  0.340547)  core sigma:         200.51
     Atom 21  C   pos: (  0.110481 -0.240537  1.003564)  core sigma:         200.51
     Atom 22  C   pos: (  0.435877  0.711814  0.130854)  core sigma:         200.51
     Atom 23  C   pos: (  0.001192  0.819824  0.384429)  core sigma:         200.51
     Atom 24  C   pos: (  0.545166 -0.348546  0.749989)  core sigma:         200.51
     Atom 25  C   pos: (  0.331291  0.209936  0.294166)  core sigma:         200.51
     Atom 26  C   pos: (  0.215066  0.261342  0.840252)  core sigma:         200.51
     Atom 27  H   pos: (  0.006116 -0.147469  1.065512)  core sigma:           0.00
     Atom 28  H   pos: (  0.540242  0.618746  0.068906)  core sigma:           0.00
     Atom 29  H   pos: (  0.246190 -0.169343  0.997580)  core sigma:           0.00
     Atom 30  H   pos: (  0.300167  0.640621  0.136838)  core sigma:           0.00
     Atom 31  H   pos: (  0.687005 -0.017727  0.957096)  core sigma:           0.00
     Atom 32  H   pos: ( -0.140647  0.489004  0.177322)  core sigma:           0.00
     Atom 33  H   pos: (  0.682148  0.148465  0.771562)  core sigma:           0.00
     Atom 34  H   pos: ( -0.135791  0.322812  0.362856)  core sigma:           0.00
     Atom 35  H   pos: (  0.631757  0.545339  0.538144)  core sigma:           0.00
     Atom 36  H   pos: ( -0.085399 -0.074062  0.596274)  core sigma:           0.00
     Atom 37  H   pos: (  0.006456  0.667936  0.393170)  core sigma:           0.00
     Atom 38  H   pos: (  0.539901 -0.196659  0.741248)  core sigma:           0.00
     Atom 39  H   pos: (  0.230058 -0.134902  0.486117)  core sigma:           0.00
     Atom 40  H   pos: (  0.316299  0.606179  0.648301)  core sigma:           0.00
     Atom 41  H   pos: (  0.468195 -0.130291  0.425494)  core sigma:           0.00
     Atom 42  H   pos: (  0.078162  0.601568  0.708924)  core sigma:           0.00
     Atom 43  H   pos: (  0.468516  0.186328  0.357782)  core sigma:           0.00
     Atom 44  H   pos: (  0.077842  0.284949  0.776636)  core sigma:           0.00
     Atom 45  H   pos: (  0.330639  0.350553  0.235026)  core sigma:           0.00
     Atom 46  H   pos: (  0.215718  0.120724  0.899392)  core sigma:           0.00
     Atom 47  H   pos: (  0.227245  0.205041  0.406480)  core sigma:           0.00
     Atom 48  H   pos: (  0.319112  0.266236  0.727938)  core sigma:           0.00
 
     Bare contribution in ppm:
 
     Atom  1  O   pos: (  0.053311 -0.284343  0.815004)  bare sigma:          33.37
            36.7288          1.0415         -9.3871
            -0.2924         61.4228         -7.7171
           -10.3702         -4.2921          1.9561

     Atom  2  O   pos: (  0.493046  0.755620  0.319414)  bare sigma:          33.37
            36.7288          1.0414         -9.3871
            -0.2924         61.4228         -7.7171
           -10.3702         -4.2921          1.9561

     Atom  3  N   pos: ( -0.092993  0.747184  0.070242)  bare sigma:         -39.71
            35.5161        -11.1820        -35.4306
           -15.0711        -68.9639        -14.0538
           -33.8507        -11.6820        -85.6902

     Atom  4  N   pos: (  0.639350 -0.275907  1.064176)  bare sigma:         -39.71
            35.5161        -11.1820        -35.4306
           -15.0711        -68.9639        -14.0538
           -33.8507        -11.6820        -85.6902

     Atom  5  N   pos: (  0.696771  0.116977  0.908914)  bare sigma:          20.71
            29.2016          6.3808         -1.2205
             0.7585         22.5989         13.3043
            -0.4796         19.9951         10.3219

     Atom  6  N   pos: ( -0.150413  0.354300  0.225504)  bare sigma:          20.71
            29.2016          6.3808         -1.2205
             0.7585         22.5989         13.3043
            -0.4796         19.9951         10.3219

     Atom  7  N   pos: (  0.659069  0.450590  0.641605)  bare sigma:         -16.11
            36.4335         -0.5364        -22.0305
             3.3338        -39.4955         26.5726
           -24.9850         17.1269        -45.2541

     Atom  8  N   pos: ( -0.112712  0.020688  0.492813)  bare sigma:         -16.11
            36.4335         -0.5364        -22.0305
             3.3338        -39.4955         26.5726
           -24.9850         17.1269        -45.2541

     Atom  9  C   pos: ( -0.257185  0.255859  1.026403)  bare sigma:         -67.68
           -30.5876        -10.7694        -13.2235
            -5.8185        -87.8346          5.7372
           -15.5255         -5.1671        -84.6128

     Atom 10  C   pos: (  0.803542  0.215418  0.108015)  bare sigma:         -67.68
           -30.5876        -10.7694        -13.2235
            -5.8185        -87.8346          5.7372
           -15.5255         -5.1671        -84.6128

     Atom 11  C   pos: ( -0.251156  0.444452  0.970492)  bare sigma:         -39.41
            -2.4188         -3.2402        -18.8435
            -3.5156        -55.8680          7.4144
           -14.9027         12.2719        -59.9552

     Atom 12  C   pos: (  0.797513  0.026825  0.163926)  bare sigma:         -39.41
            -2.4188         -3.2402        -18.8435
            -3.5156        -55.8680          7.4144
           -14.9027         12.2719        -59.9552

     Atom 13  C   pos: (  0.122684 -0.425141  1.099940)  bare sigma:         -64.55
            -9.9691         -2.4924        -16.8201
            -4.4699       -102.9226         10.2363
           -17.7084          8.8648        -80.7449

     Atom 14  C   pos: (  0.423673  0.896418  0.034478)  bare sigma:         -64.55
            -9.9691         -2.4924        -16.8201
            -4.4699       -102.9226         10.2363
           -17.7084          8.8648        -80.7449

     Atom 15  C   pos: (  0.287285  0.067154  0.148936)  bare sigma:         -45.67
             1.1272         -7.1583        -18.4450
            -9.6113        -70.8327        -16.3379
           -18.3445         -7.0677        -67.3053

     Atom 16  C   pos: (  0.259072  0.404123  0.985482)  bare sigma:         -45.67
             1.1272         -7.1583        -18.4450
            -9.6113        -70.8327        -16.3379
           -18.3445         -7.0677        -67.3053

     Atom 17  C   pos: ( -0.048165  0.881915  0.192157)  bare sigma:         -69.47
           -19.6952         -3.5482        -23.7460
            -7.5443        -82.8979         -7.0844
           -25.3412          4.1254       -105.8101

     Atom 18  C   pos: (  0.594522 -0.410637  0.942261)  bare sigma:         -69.47
           -19.6952         -3.5482        -23.7460
            -7.5443        -82.8979         -7.0844
           -25.3412          4.1254       -105.8101

     Atom 19  C   pos: ( -0.294672  0.530577  0.793871)  bare sigma:         -74.61
           -59.0981          5.3983         -0.5765
             1.2618       -102.8134         13.0679
             0.5095         27.8803        -61.9249

     Atom 20  C   pos: (  0.841029 -0.059300  0.340547)  bare sigma:         -74.61
           -59.0981          5.3983         -0.5765
             1.2618       -102.8134         13.0679
             0.5095         27.8803        -61.9249

     Atom 21  C   pos: (  0.110481 -0.240537  1.003564)  bare sigma:         -27.99
           -40.0802          3.0336         12.2498
             2.0484        -36.6508          6.3075
            10.9864          6.8230         -7.2477

     Atom 22  C   pos: (  0.435877  0.711814  0.130854)  bare sigma:         -27.99
           -40.0802          3.0336         12.2498
             2.0484        -36.6508          6.3075
            10.9864          6.8230         -7.2477

     Atom 23  C   pos: (  0.001192  0.819824  0.384429)  bare sigma:           2.10
            -4.9087         -1.8851          4.8821
            -2.4484          0.3174         -9.5682
             6.2869         -8.7055         10.8874

     Atom 24  C   pos: (  0.545166 -0.348546  0.749989)  bare sigma:           2.10
            -4.9087         -1.8851          4.8821
            -2.4484          0.3174         -9.5682
             6.2869         -8.7055         10.8874

     Atom 25  C   pos: (  0.331291  0.209936  0.294166)  bare sigma:           5.60
             3.6924          1.6384          1.5443
             1.1799          7.9506          4.9065
             1.2671          5.5165          5.1542

     Atom 26  C   pos: (  0.215066  0.261342  0.840252)  bare sigma:           5.60
             3.6924          1.6384          1.5443
             1.1799          7.9506          4.9065
             1.2671          5.5165          5.1542

     Atom 27  H   pos: (  0.006116 -0.147469  1.065512)  bare sigma:          17.40
            14.9008         -3.0749          0.2388
            -0.9317         18.8325          1.8398
            -0.5601          2.5859         18.4684

     Atom 28  H   pos: (  0.540242  0.618746  0.068906)  bare sigma:          17.40
            14.9008         -3.0749          0.2388
            -0.9317         18.8325          1.8398
            -0.5601          2.5859         18.4684

     Atom 29  H   pos: (  0.246190 -0.169343  0.997580)  bare sigma:          17.57
            17.4225          4.0744          3.1888
             2.1205         18.4858          0.8506
             1.9828          1.2895         16.7940

     Atom 30  H   pos: (  0.300167  0.640621  0.136838)  bare sigma:          17.57
            17.4225          4.0744          3.1888
             2.1205         18.4858          0.8506
             1.9828          1.2895         16.7940

     Atom 31  H   pos: (  0.687005 -0.017727  0.957096)  bare sigma:          13.36
             3.3846          2.7214         -0.0165
             2.1458         25.7773         -4.3098
             1.2722         -2.8809         10.9184

     Atom 32  H   pos: ( -0.140647  0.489004  0.177322)  bare sigma:          13.36
             3.3846          2.7214         -0.0165
             2.1458         25.7773         -4.3098
             1.2722         -2.8809         10.9184

     Atom 33  H   pos: (  0.682148  0.148465  0.771562)  bare sigma:          16.32
             7.3578         -1.1278          0.8277
             0.0812         17.4401         -0.3051
             2.2465         -2.0096         24.1757

     Atom 34  H   pos: ( -0.135791  0.322812  0.362856)  bare sigma:          16.32
             7.3578         -1.1278          0.8277
             0.0812         17.4401         -0.3051
             2.2465         -2.0096         24.1757

     Atom 35  H   pos: (  0.631757  0.545339  0.538144)  bare sigma:          15.42
            13.1577         -1.2218          0.2970
            -0.8465         16.3568         -2.1037
             0.6070         -2.5882         16.7453

     Atom 36  H   pos: ( -0.085399 -0.074062  0.596274)  bare sigma:          15.42
            13.1577         -1.2218          0.2970
            -0.8465         16.3568         -2.1037
             0.6070         -2.5882         16.7453

     Atom 37  H   pos: (  0.006456  0.667936  0.393170)  bare sigma:          21.51
            16.9001          0.5596          1.8291
             0.6894         25.8710         -0.5454
             1.9054         -2.1101         21.7550

     Atom 38  H   pos: (  0.539901 -0.196659  0.741248)  bare sigma:          21.51
            16.9001          0.5596          1.8291
             0.6894         25.8710         -0.5454
             1.9054         -2.1101         21.7550

     Atom 39  H   pos: (  0.230058 -0.134902  0.486117)  bare sigma:          20.57
            18.8324         -1.2505         -3.3764
            -0.8793         19.7122         -1.1953
            -1.8278         -0.7445         23.1676

     Atom 40  H   pos: (  0.316299  0.606179  0.648301)  bare sigma:          20.57
            18.8324         -1.2505         -3.3764
            -0.8793         19.7122         -1.1953
            -1.8278         -0.7445         23.1676

     Atom 41  H   pos: (  0.468195 -0.130291  0.425494)  bare sigma:          21.33
            22.4395          2.5476          3.3343
             0.4964         20.2534         -2.1126
             2.6100         -1.5975         21.3117

     Atom 42  H   pos: (  0.078162  0.601568  0.708924)  bare sigma:          21.33
            22.4395          2.5476          3.3343
             0.4964         20.2534         -2.1126
             2.6100         -1.5975         21.3117

     Atom 43  H   pos: (  0.468516  0.186328  0.357782)  bare sigma:          21.17
            23.0745         -0.1470          3.5182
             0.7596         20.0555          0.8715
             3.1088         -0.0048         20.3882

     Atom 44  H   pos: (  0.077842  0.284949  0.776636)  bare sigma:          21.17
            23.0745         -0.1470          3.5182
             0.7596         20.0555          0.8715
             3.1088         -0.0048         20.3882

     Atom 45  H   pos: (  0.330639  0.350553  0.235026)  bare sigma:          21.14
            15.8385          0.9253          1.4929
             1.1322         27.1944         -1.6864
             1.4888         -0.6650         20.3971

     Atom 46  H   pos: (  0.215718  0.120724  0.899392)  bare sigma:          21.14
            15.8385          0.9253          1.4929
             1.1322         27.1944         -1.6864
             1.4888         -0.6650         20.3971

     Atom 47  H   pos: (  0.227245  0.205041  0.406480)  bare sigma:          20.70
            19.0433          0.4949         -3.5467
             0.4226         19.1631          1.8605
            -2.4773          0.7258         23.8907

     Atom 48  H   pos: (  0.319112  0.266236  0.727938)  bare sigma:          20.70
            19.0433          0.4949         -3.5467
             0.4226         19.1631          1.8605
            -2.4773          0.7258         23.8907

     Diamagnetic contribution in ppm:
 
     Atom  1  O   pos: (  0.053311 -0.284343  0.815004)  dia sigma:          17.56
            16.8764          0.2062          0.3601
             0.2062         17.9578          0.4883
             0.3601          0.4883         17.8546

     Atom  2  O   pos: (  0.493046  0.755620  0.319414)  dia sigma:          17.56
            16.8764          0.2062          0.3601
             0.2062         17.9578          0.4883
             0.3601          0.4883         17.8546

     Atom  3  N   pos: ( -0.092993  0.747184  0.070242)  dia sigma:           9.21
             9.4280         -0.0037          0.0248
            -0.0037          8.7906          0.1971
             0.0248          0.1971          9.4147

     Atom  4  N   pos: (  0.639350 -0.275907  1.064176)  dia sigma:           9.21
             9.4280         -0.0037          0.0248
            -0.0037          8.7906          0.1971
             0.0248          0.1971          9.4147

     Atom  5  N   pos: (  0.696771  0.116977  0.908914)  dia sigma:          10.21
             9.7959          0.1167          0.1128
             0.1167         10.4217          0.0541
             0.1128          0.0541         10.4194

     Atom  6  N   pos: ( -0.150413  0.354300  0.225504)  dia sigma:          10.21
             9.7959          0.1167          0.1128
             0.1167         10.4217          0.0541
             0.1128          0.0541         10.4194

     Atom  7  N   pos: (  0.659069  0.450590  0.641605)  dia sigma:           9.09
             9.2441         -0.0474          0.0114
            -0.0474          8.7508         -0.0765
             0.0114         -0.0765          9.2879

     Atom  8  N   pos: ( -0.112712  0.020688  0.492813)  dia sigma:           9.09
             9.2441         -0.0474          0.0114
            -0.0474          8.7508         -0.0765
             0.0114         -0.0765          9.2879

     Atom  9  C   pos: ( -0.257185  0.255859  1.026403)  dia sigma:           4.17
             4.2952         -0.0131         -0.0386
            -0.0131          4.0799          0.0345
            -0.0386          0.0345          4.1293

     Atom 10  C   pos: (  0.803542  0.215418  0.108015)  dia sigma:           4.17
             4.2952         -0.0131         -0.0386
            -0.0131          4.0799          0.0345
            -0.0386          0.0345          4.1293

     Atom 11  C   pos: ( -0.251156  0.444452  0.970492)  dia sigma:           4.50
             4.5565         -0.0194         -0.0228
            -0.0194          4.4571         -0.0274
            -0.0228         -0.0274          4.4852

     Atom 12  C   pos: (  0.797513  0.026825  0.163926)  dia sigma:           4.50
             4.5565         -0.0194         -0.0228
            -0.0194          4.4571         -0.0274
            -0.0228         -0.0274          4.4852

     Atom 13  C   pos: (  0.122684 -0.425141  1.099940)  dia sigma:           4.31
             4.4702         -0.0232         -0.0798
            -0.0232          4.2644         -0.0222
            -0.0798         -0.0222          4.1847

     Atom 14  C   pos: (  0.423673  0.896418  0.034478)  dia sigma:           4.31
             4.4702         -0.0232         -0.0798
            -0.0232          4.2644         -0.0222
            -0.0798         -0.0222          4.1847

     Atom 15  C   pos: (  0.287285  0.067154  0.148936)  dia sigma:           4.37
             4.4479         -0.0035         -0.0334
            -0.0035          4.3277          0.0193
            -0.0334          0.0193          4.3298

     Atom 16  C   pos: (  0.259072  0.404123  0.985482)  dia sigma:           4.37
             4.4479         -0.0035         -0.0334
            -0.0035          4.3277          0.0193
            -0.0334          0.0193          4.3298

     Atom 17  C   pos: ( -0.048165  0.881915  0.192157)  dia sigma:           4.15
             4.3012         -0.0091         -0.0563
            -0.0091          4.0525          0.0468
            -0.0563          0.0468          4.0963

     Atom 18  C   pos: (  0.594522 -0.410637  0.942261)  dia sigma:           4.15
             4.3012         -0.0091         -0.0563
            -0.0091          4.0525          0.0468
            -0.0563          0.0468          4.0963

     Atom 19  C   pos: ( -0.294672  0.530577  0.793871)  dia sigma:           3.99
             4.0788         -0.0033         -0.0904
            -0.0033          4.1116         -0.0011
            -0.0904         -0.0011          3.7788

     Atom 20  C   pos: (  0.841029 -0.059300  0.340547)  dia sigma:           3.99
             4.0788         -0.0033         -0.0904
            -0.0033          4.1116         -0.0011
            -0.0904         -0.0011          3.7788

     Atom 21  C   pos: (  0.110481 -0.240537  1.003564)  dia sigma:           4.15
             4.0468          0.0227          0.1066
             0.0227          4.0499          0.0483
             0.1066          0.0483          4.3645

     Atom 22  C   pos: (  0.435877  0.711814  0.130854)  dia sigma:           4.15
             4.0468          0.0227          0.1066
             0.0227          4.0499          0.0483
             0.1066          0.0483          4.3645

     Atom 23  C   pos: (  0.001192  0.819824  0.384429)  dia sigma:           4.43
             4.4263         -0.0058          0.0101
            -0.0058          4.4156         -0.0277
             0.0101         -0.0277          4.4527

     Atom 24  C   pos: (  0.545166 -0.348546  0.749989)  dia sigma:           4.43
             4.4263         -0.0058          0.0101
            -0.0058          4.4156         -0.0277
             0.0101         -0.0277          4.4527

     Atom 25  C   pos: (  0.331291  0.209936  0.294166)  dia sigma:           4.41
             4.3885          0.0095          0.0101
             0.0095          4.4295          0.0353
             0.0101          0.0353          4.4152

     Atom 26  C   pos: (  0.215066  0.261342  0.840252)  dia sigma:           4.41
             4.3885          0.0095          0.0101
             0.0095          4.4295          0.0353
             0.0101          0.0353          4.4152

     Atom 27  H   pos: (  0.006116 -0.147469  1.065512)  dia sigma:           1.13
             1.1327         -0.0000         -0.0000
            -0.0000          1.1327          0.0000
            -0.0000          0.0000          1.1327

     Atom 28  H   pos: (  0.540242  0.618746  0.068906)  dia sigma:           1.13
             1.1327         -0.0000         -0.0000
            -0.0000          1.1327          0.0000
            -0.0000          0.0000          1.1327

     Atom 29  H   pos: (  0.246190 -0.169343  0.997580)  dia sigma:           1.13
             1.1346         -0.0000         -0.0000
            -0.0000          1.1346          0.0000
            -0.0000          0.0000          1.1346

     Atom 30  H   pos: (  0.300167  0.640621  0.136838)  dia sigma:           1.13
             1.1346         -0.0000         -0.0000
            -0.0000          1.1346          0.0000
            -0.0000          0.0000          1.1346

     Atom 31  H   pos: (  0.687005 -0.017727  0.957096)  dia sigma:           1.02
             1.0237         -0.0000         -0.0000
            -0.0000          1.0237          0.0000
            -0.0000          0.0000          1.0237

     Atom 32  H   pos: ( -0.140647  0.489004  0.177322)  dia sigma:           1.02
             1.0237         -0.0000         -0.0000
            -0.0000          1.0237          0.0000
            -0.0000          0.0000          1.0237

     Atom 33  H   pos: (  0.682148  0.148465  0.771562)  dia sigma:           1.06
             1.0638         -0.0000         -0.0000
            -0.0000          1.0638          0.0000
            -0.0000          0.0000          1.0638

     Atom 34  H   pos: ( -0.135791  0.322812  0.362856)  dia sigma:           1.06
             1.0638         -0.0000         -0.0000
            -0.0000          1.0638          0.0000
            -0.0000          0.0000          1.0638

     Atom 35  H   pos: (  0.631757  0.545339  0.538144)  dia sigma:           1.09
             1.0900         -0.0000         -0.0000
            -0.0000          1.0900          0.0000
            -0.0000          0.0000          1.0900

     Atom 36  H   pos: ( -0.085399 -0.074062  0.596274)  dia sigma:           1.09
             1.0900         -0.0000         -0.0000
            -0.0000          1.0900          0.0000
            -0.0000          0.0000          1.0900

     Atom 37  H   pos: (  0.006456  0.667936  0.393170)  dia sigma:           1.14
             1.1415         -0.0000         -0.0000
            -0.0000          1.1415          0.0000
            -0.0000          0.0000          1.1415

     Atom 38  H   pos: (  0.539901 -0.196659  0.741248)  dia sigma:           1.14
             1.1415         -0.0000         -0.0000
            -0.0000          1.1415          0.0000
            -0.0000          0.0000          1.1415

     Atom 39  H   pos: (  0.230058 -0.134902  0.486117)  dia sigma:           1.12
             1.1159         -0.0000         -0.0000
            -0.0000          1.1159          0.0000
            -0.0000          0.0000          1.1159

     Atom 40  H   pos: (  0.316299  0.606179  0.648301)  dia sigma:           1.12
             1.1159         -0.0000         -0.0000
            -0.0000          1.1159          0.0000
            -0.0000          0.0000          1.1159

     Atom 41  H   pos: (  0.468195 -0.130291  0.425494)  dia sigma:           1.13
             1.1294         -0.0000         -0.0000
            -0.0000          1.1294          0.0000
            -0.0000          0.0000          1.1294

     Atom 42  H   pos: (  0.078162  0.601568  0.708924)  dia sigma:           1.13
             1.1294         -0.0000         -0.0000
            -0.0000          1.1294          0.0000
            -0.0000          0.0000          1.1294

     Atom 43  H   pos: (  0.468516  0.186328  0.357782)  dia sigma:           1.12
             1.1243         -0.0000         -0.0000
            -0.0000          1.1243          0.0000
            -0.0000          0.0000          1.1243

     Atom 44  H   pos: (  0.077842  0.284949  0.776636)  dia sigma:           1.12
             1.1243         -0.0000         -0.0000
            -0.0000          1.1243          0.0000
            -0.0000          0.0000          1.1243

     Atom 45  H   pos: (  0.330639  0.350553  0.235026)  dia sigma:           1.14
             1.1432         -0.0000         -0.0000
            -0.0000          1.1432          0.0000
            -0.0000          0.0000          1.1432

     Atom 46  H   pos: (  0.215718  0.120724  0.899392)  dia sigma:           1.14
             1.1432         -0.0000         -0.0000
            -0.0000          1.1432          0.0000
            -0.0000          0.0000          1.1432

     Atom 47  H   pos: (  0.227245  0.205041  0.406480)  dia sigma:           1.12
             1.1218         -0.0000         -0.0000
            -0.0000          1.1218          0.0000
            -0.0000          0.0000          1.1218

     Atom 48  H   pos: (  0.319112  0.266236  0.727938)  dia sigma:           1.12
             1.1218         -0.0000         -0.0000
            -0.0000          1.1218          0.0000
            -0.0000          0.0000          1.1218

     Paramagnetic contribution in ppm:
 
     Atom  1  O   pos: (  0.053311 -0.284343  0.815004)  para sigma:         -62.95
           -57.1805         -1.6232        -22.9286
            -2.8680         11.3162        -27.2006
           -25.8357        -22.2603       -142.9856

     Atom  2  O   pos: (  0.493046  0.755620  0.319414)  para sigma:         -62.95
           -57.1805         -1.6232        -22.9286
            -2.8680         11.3162        -27.2006
           -25.8357        -22.2603       -142.9856

     Atom  3  N   pos: ( -0.092993  0.747184  0.070242)  para sigma:        -172.25
           -42.4597        -18.7496        -63.6800
           -26.7999       -222.8803        -26.0725
           -58.8964        -20.5683       -251.3995

     Atom  4  N   pos: (  0.639350 -0.275907  1.064176)  para sigma:        -172.25
           -42.4597        -18.7496        -63.6800
           -26.7999       -222.8803        -26.0725
           -58.8964        -20.5683       -251.3995

     Atom  5  N   pos: (  0.696771  0.116977  0.908914)  para sigma:         -67.44
           -47.2948         13.2632         -3.2637
             1.9729        -66.5020         21.9677
            -3.2757         34.3000        -88.5211

     Atom  6  N   pos: ( -0.150413  0.354300  0.225504)  para sigma:         -67.44
           -47.2948         13.2632         -3.2637
             1.9729        -66.5020         21.9677
            -3.2757         34.3000        -88.5211

     Atom  7  N   pos: (  0.659069  0.450590  0.641605)  para sigma:        -130.19
           -36.3467         -0.6981        -33.5669
             4.5143       -179.0255         43.4270
           -41.1575         30.4550       -175.2101

     Atom  8  N   pos: ( -0.112712  0.020688  0.492813)  para sigma:        -130.19
           -36.3467         -0.6981        -33.5669
             4.5143       -179.0255         43.4270
           -41.1575         30.4550       -175.2101

     Atom  9  C   pos: ( -0.257185  0.255859  1.026403)  para sigma:        -114.13
           -70.4581        -12.7508        -18.2799
            -7.9910       -136.0315          1.7103
           -19.0310        -10.6340       -135.8891

     Atom 10  C   pos: (  0.803542  0.215418  0.108015)  para sigma:        -114.13
           -70.4581        -12.7508        -18.2799
            -7.9910       -136.0315          1.7103
           -19.0310        -10.6340       -135.8891

     Atom 11  C   pos: ( -0.251156  0.444452  0.970492)  para sigma:         -94.43
           -59.6781         -2.4773        -19.7122
            -2.5784       -108.4512          9.4542
           -14.5649         14.2574       -115.1751

     Atom 12  C   pos: (  0.797513  0.026825  0.163926)  para sigma:         -94.43
           -59.6781         -2.4773        -19.7122
            -2.5784       -108.4512          9.4542
           -14.5649         14.2574       -115.1751

     Atom 13  C   pos: (  0.122684 -0.425141  1.099940)  para sigma:        -119.97
           -68.0539         -1.6186        -16.0571
            -3.0405       -158.4617         14.2858
           -16.0413         11.5339       -133.3901

     Atom 14  C   pos: (  0.423673  0.896418  0.034478)  para sigma:        -119.97
           -68.0539         -1.6186        -16.0571
            -3.0405       -158.4617         14.2858
           -16.0413         11.5339       -133.3901

     Atom 15  C   pos: (  0.287285  0.067154  0.148936)  para sigma:         -99.92
           -52.7354         -8.9962        -19.9286
           -10.8498       -124.9383        -21.2462
           -19.2271        -12.0940       -122.0742

     Atom 16  C   pos: (  0.259072  0.404123  0.985482)  para sigma:         -99.92
           -52.7354         -8.9962        -19.9286
           -10.8498       -124.9383        -21.2462
           -19.2271        -12.0940       -122.0742

     Atom 17  C   pos: ( -0.048165  0.881915  0.192157)  para sigma:        -120.73
           -70.6879         -4.3976        -26.0110
            -7.8676       -131.0109         -7.6228
           -26.7978          3.7686       -160.5019

     Atom 18  C   pos: (  0.594522 -0.410637  0.942261)  para sigma:        -120.73
           -70.6879         -4.3976        -26.0110
            -7.8676       -131.0109         -7.6228
           -26.7978          3.7686       -160.5019

     Atom 19  C   pos: ( -0.294672  0.530577  0.793871)  para sigma:        -123.38
           -99.3650          3.4481         -2.2161
            -0.7143       -162.0152          9.6755
            -1.5720         25.6520       -108.7521

     Atom 20  C   pos: (  0.841029 -0.059300  0.340547)  para sigma:        -123.38
           -99.3650          3.4481         -2.2161
            -0.7143       -162.0152          9.6755
            -1.5720         25.6520       -108.7521

     Atom 21  C   pos: (  0.110481 -0.240537  1.003564)  para sigma:         -77.18
           -86.5938          1.4518          8.6580
             1.0065        -82.9438          3.0382
             8.0171          2.3029        -62.0025

     Atom 22  C   pos: (  0.435877  0.711814  0.130854)  para sigma:         -77.18
           -86.5938          1.4518          8.6580
             1.0065        -82.9438          3.0382
             8.0171          2.3029        -62.0025

     Atom 23  C   pos: (  0.001192  0.819824  0.384429)  para sigma:         -53.65
           -57.4565         -2.5738          3.0855
            -2.3707        -56.0533         -7.0201
             4.3609         -6.4507        -47.4422

     Atom 24  C   pos: (  0.545166 -0.348546  0.749989)  para sigma:         -53.65
           -57.4565         -2.5738          3.0855
            -2.3707        -56.0533         -7.0201
             4.3609         -6.4507        -47.4422

     Atom 25  C   pos: (  0.331291  0.209936  0.294166)  para sigma:         -49.44
           -48.2843          0.7411          0.3630
             0.1656        -48.7572          2.7484
            -0.2909          3.3701        -51.2680

     Atom 26  C   pos: (  0.215066  0.261342  0.840252)  para sigma:         -49.44
           -48.2843          0.7411          0.3630
             0.1656        -48.7572          2.7484
            -0.2909          3.3701        -51.2680

     Atom 27  H   pos: (  0.006116 -0.147469  1.065512)  para sigma:           0.00
             0.0000          0.0000          0.0000
             0.0000          0.0000          0.0000
             0.0000          0.0000          0.0000

     Atom 28  H   pos: (  0.540242  0.618746  0.068906)  para sigma:           0.00
             0.0000          0.0000          0.0000
             0.0000          0.0000          0.0000
             0.0000          0.0000          0.0000

     Atom 29  H   pos: (  0.246190 -0.169343  0.997580)  para sigma:           0.00
             0.0000          0.0000          0.0000
             0.0000          0.0000          0.0000
             0.0000          0.0000          0.0000

     Atom 30  H   pos: (  0.300167  0.640621  0.136838)  para sigma:           0.00
             0.0000          0.0000          0.0000
             0.0000          0.0000          0.0000
             0.0000          0.0000          0.0000

     Atom 31  H   pos: (  0.687005 -0.017727  0.957096)  para sigma:           0.00
             0.0000          0.0000          0.0000
             0.0000          0.0000          0.0000
             0.0000          0.0000          0.0000

     Atom 32  H   pos: ( -0.140647  0.489004  0.177322)  para sigma:           0.00
             0.0000          0.0000          0.0000
             0.0000          0.0000          0.0000
             0.0000          0.0000          0.0000

     Atom 33  H   pos: (  0.682148  0.148465  0.771562)  para sigma:           0.00
             0.0000          0.0000          0.0000
             0.0000          0.0000          0.0000
             0.0000          0.0000          0.0000

     Atom 34  H   pos: ( -0.135791  0.322812  0.362856)  para sigma:           0.00
             0.0000          0.0000          0.0000
             0.0000          0.0000          0.0000
             0.0000          0.0000          0.0000

     Atom 35  H   pos: (  0.631757  0.545339  0.538144)  para sigma:           0.00
             0.0000          0.0000          0.0000
             0.0000          0.0000          0.0000
             0.0000          0.0000          0.0000

     Atom 36  H   pos: ( -0.085399 -0.074062  0.596274)  para sigma:           0.00
             0.0000          0.0000          0.0000
             0.0000          0.0000          0.0000
             0.0000          0.0000          0.0000

     Atom 37  H   pos: (  0.006456  0.667936  0.393170)  para sigma:           0.00
             0.0000          0.0000          0.0000
             0.0000          0.0000          0.0000
             0.0000          0.0000          0.0000

     Atom 38  H   pos: (  0.539901 -0.196659  0.741248)  para sigma:           0.00
             0.0000          0.0000          0.0000
             0.0000          0.0000          0.0000
             0.0000          0.0000          0.0000

     Atom 39  H   pos: (  0.230058 -0.134902  0.486117)  para sigma:           0.00
             0.0000          0.0000          0.0000
             0.0000          0.0000          0.0000
             0.0000          0.0000          0.0000

     Atom 40  H   pos: (  0.316299  0.606179  0.648301)  para sigma:           0.00
             0.0000          0.0000          0.0000
             0.0000          0.0000          0.0000
             0.0000          0.0000          0.0000

     Atom 41  H   pos: (  0.468195 -0.130291  0.425494)  para sigma:           0.00
             0.0000          0.0000          0.0000
             0.0000          0.0000          0.0000
             0.0000          0.0000          0.0000

     Atom 42  H   pos: (  0.078162  0.601568  0.708924)  para sigma:           0.00
             0.0000          0.0000          0.0000
             0.0000          0.0000          0.0000
             0.0000          0.0000          0.0000

     Atom 43  H   pos: (  0.468516  0.186328  0.357782)  para sigma:           0.00
             0.0000          0.0000          0.0000
             0.0000          0.0000          0.0000
             0.0000          0.0000          0.0000

     Atom 44  H   pos: (  0.077842  0.284949  0.776636)  para sigma:           0.00
             0.0000          0.0000          0.0000
             0.0000          0.0000          0.0000
             0.0000          0.0000          0.0000

     Atom 45  H   pos: (  0.330639  0.350553  0.235026)  para sigma:           0.00
             0.0000          0.0000          0.0000
             0.0000          0.0000          0.0000
             0.0000          0.0000          0.0000

     Atom 46  H   pos: (  0.215718  0.120724  0.899392)  para sigma:           0.00
             0.0000          0.0000          0.0000
             0.0000          0.0000          0.0000
             0.0000          0.0000          0.0000

     Atom 47  H   pos: (  0.227245  0.205041  0.406480)  para sigma:           0.00
             0.0000          0.0000          0.0000
             0.0000          0.0000          0.0000
             0.0000          0.0000          0.0000

     Atom 48  H   pos: (  0.319112  0.266236  0.727938)  para sigma:           0.00
             0.0000          0.0000          0.0000
             0.0000          0.0000          0.0000
             0.0000          0.0000          0.0000

     Paramagnetic US occ-occ contribution in ppm:
 
     Atom  1  O   pos: (  0.053311 -0.284343  0.815004)  para_oo sigma:          -0.40
             0.1963          0.2365         -0.2311
            -0.1046         -0.8070         -0.1661
            -0.1732          1.0239         -0.6025

     Atom  2  O   pos: (  0.493046  0.755620  0.319414)  para_oo sigma:          -0.40
             0.1963          0.2365         -0.2311
            -0.1046         -0.8070         -0.1661
            -0.1732          1.0239         -0.6025

     Atom  3  N   pos: ( -0.092993  0.747184  0.070242)  para_oo sigma:          -1.18
            -0.1392         -0.0931         -0.1169
             0.1018         -2.1699          1.2225
            -0.2569          0.5711         -1.2353

     Atom  4  N   pos: (  0.639350 -0.275907  1.064176)  para_oo sigma:          -1.18
            -0.1392         -0.0931         -0.1169
             0.1018         -2.1699          1.2225
            -0.2569          0.5711         -1.2353

     Atom  5  N   pos: (  0.696771  0.116977  0.908914)  para_oo sigma:          -0.84
            -0.1101          0.0528         -0.1263
            -0.0957         -1.6561          0.7110
             0.0150          1.0965         -0.7624

     Atom  6  N   pos: ( -0.150413  0.354300  0.225504)  para_oo sigma:          -0.84
            -0.1101          0.0528         -0.1263
            -0.0957         -1.6561          0.7110
             0.0150          1.0965         -0.7624

     Atom  7  N   pos: (  0.659069  0.450590  0.641605)  para_oo sigma:          -1.67
            -0.5594          0.2302         -0.4594
             0.5982         -1.8971          2.3811
            -0.5510          1.1616         -2.5590

     Atom  8  N   pos: ( -0.112712  0.020688  0.492813)  para_oo sigma:          -1.67
            -0.5594          0.2302         -0.4594
             0.5982         -1.8971          2.3811
            -0.5510          1.1616         -2.5590

     Atom  9  C   pos: ( -0.257185  0.255859  1.026403)  para_oo sigma:          -1.51
            -0.6722         -0.1409         -0.0939
            -0.1235         -2.3647          0.3540
            -0.1571          0.4079         -1.4934

     Atom 10  C   pos: (  0.803542  0.215418  0.108015)  para_oo sigma:          -1.51
            -0.6722         -0.1409         -0.0939
            -0.1235         -2.3647          0.3540
            -0.1571          0.4079         -1.4934

     Atom 11  C   pos: ( -0.251156  0.444452  0.970492)  para_oo sigma:          -0.81
            -0.2754         -0.0524         -0.2299
            -0.0512         -0.9345          0.0411
            -0.2663          0.0516         -1.2326

     Atom 12  C   pos: (  0.797513  0.026825  0.163926)  para_oo sigma:          -0.81
            -0.2754         -0.0524         -0.2299
            -0.0512         -0.9345          0.0411
            -0.2663          0.0516         -1.2326

     Atom 13  C   pos: (  0.122684 -0.425141  1.099940)  para_oo sigma:          -0.40
            -0.1437         -0.0646         -0.0665
            -0.0591         -0.6915         -0.0728
            -0.0645         -0.0826         -0.3743

     Atom 14  C   pos: (  0.423673  0.896418  0.034478)  para_oo sigma:          -0.40
            -0.1437         -0.0646         -0.0665
            -0.0591         -0.6915         -0.0728
            -0.0645         -0.0826         -0.3743

     Atom 15  C   pos: (  0.287285  0.067154  0.148936)  para_oo sigma:          -0.42
            -0.0494         -0.0754         -0.1924
            -0.0994         -0.6222         -0.2266
            -0.1540         -0.1107         -0.5939

     Atom 16  C   pos: (  0.259072  0.404123  0.985482)  para_oo sigma:          -0.42
            -0.0494         -0.0754         -0.1924
            -0.0994         -0.6222         -0.2266
            -0.1540         -0.1107         -0.5939

     Atom 17  C   pos: ( -0.048165  0.881915  0.192157)  para_oo sigma:          -0.98
            -0.4162          0.1694         -0.2093
             0.1773         -1.0787          0.8697
            -0.2239          0.8507         -1.4506

     Atom 18  C   pos: (  0.594522 -0.410637  0.942261)  para_oo sigma:          -0.98
            -0.4162          0.1694         -0.2093
             0.1773         -1.0787          0.8697
            -0.2239          0.8507         -1.4506

     Atom 19  C   pos: ( -0.294672  0.530577  0.793871)  para_oo sigma:          -1.61
            -1.0199          0.2253         -0.0873
             0.2558         -2.3134          1.1660
            -0.0911          0.9824         -1.4991

     Atom 20  C   pos: (  0.841029 -0.059300  0.340547)  para_oo sigma:          -1.61
            -1.0199          0.2253         -0.0873
             0.2558         -2.3134          1.1660
            -0.0911          0.9824         -1.4991

     Atom 21  C   pos: (  0.110481 -0.240537  1.003564)  para_oo sigma:          -0.19
            -0.2203          0.0099          0.0134
             0.0083         -0.1511          0.0264
             0.0115          0.0014         -0.1945

     Atom 22  C   pos: (  0.435877  0.711814  0.130854)  para_oo sigma:          -0.19
            -0.2203          0.0099          0.0134
             0.0083         -0.1511          0.0264
             0.0115          0.0014         -0.1945

     Atom 23  C   pos: (  0.001192  0.819824  0.384429)  para_oo sigma:          -0.19
            -0.0931         -0.0234          0.0008
            -0.0082         -0.3362          0.0462
            -0.0076          0.0238         -0.1266

     Atom 24  C   pos: (  0.545166 -0.348546  0.749989)  para_oo sigma:          -0.19
            -0.0931         -0.0234          0.0008
            -0.0082         -0.3362          0.0462
            -0.0076          0.0238         -0.1266

     Atom 25  C   pos: (  0.331291  0.209936  0.294166)  para_oo sigma:          -0.10
            -0.0659          0.0036         -0.0112
            -0.0005         -0.1158          0.0157
            -0.0094          0.0174         -0.1239

     Atom 26  C   pos: (  0.215066  0.261342  0.840252)  para_oo sigma:          -0.10
            -0.0659          0.0036         -0.0112
            -0.0005         -0.1158          0.0157
            -0.0094          0.0174         -0.1239

     Atom 27  H   pos: (  0.006116 -0.147469  1.065512)  para_oo sigma:           0.00
             0.0000          0.0000          0.0000
             0.0000          0.0000          0.0000
             0.0000          0.0000          0.0000

     Atom 28  H   pos: (  0.540242  0.618746  0.068906)  para_oo sigma:           0.00
             0.0000          0.0000          0.0000
             0.0000          0.0000          0.0000
             0.0000          0.0000          0.0000

     Atom 29  H   pos: (  0.246190 -0.169343  0.997580)  para_oo sigma:           0.00
             0.0000          0.0000          0.0000
             0.0000          0.0000          0.0000
             0.0000          0.0000          0.0000

     Atom 30  H   pos: (  0.300167  0.640621  0.136838)  para_oo sigma:           0.00
             0.0000          0.0000          0.0000
             0.0000          0.0000          0.0000
             0.0000          0.0000          0.0000

     Atom 31  H   pos: (  0.687005 -0.017727  0.957096)  para_oo sigma:           0.00
             0.0000          0.0000          0.0000
             0.0000          0.0000          0.0000
             0.0000          0.0000          0.0000

     Atom 32  H   pos: ( -0.140647  0.489004  0.177322)  para_oo sigma:           0.00
             0.0000          0.0000          0.0000
             0.0000          0.0000          0.0000
             0.0000          0.0000          0.0000

     Atom 33  H   pos: (  0.682148  0.148465  0.771562)  para_oo sigma:           0.00
             0.0000          0.0000          0.0000
             0.0000          0.0000          0.0000
             0.0000          0.0000          0.0000

     Atom 34  H   pos: ( -0.135791  0.322812  0.362856)  para_oo sigma:           0.00
             0.0000          0.0000          0.0000
             0.0000          0.0000          0.0000
             0.0000          0.0000          0.0000

     Atom 35  H   pos: (  0.631757  0.545339  0.538144)  para_oo sigma:           0.00
             0.0000          0.0000          0.0000
             0.0000          0.0000          0.0000
             0.0000          0.0000          0.0000

     Atom 36  H   pos: ( -0.085399 -0.074062  0.596274)  para_oo sigma:           0.00
             0.0000          0.0000          0.0000
             0.0000          0.0000          0.0000
             0.0000          0.0000          0.0000

     Atom 37  H   pos: (  0.006456  0.667936  0.393170)  para_oo sigma:           0.00
             0.0000          0.0000          0.0000
             0.0000          0.0000          0.0000
             0.0000          0.0000          0.0000

     Atom 38  H   pos: (  0.539901 -0.196659  0.741248)  para_oo sigma:           0.00
             0.0000          0.0000          0.0000
             0.0000          0.0000          0.0000
             0.0000          0.0000          0.0000

     Atom 39  H   pos: (  0.230058 -0.134902  0.486117)  para_oo sigma:           0.00
             0.0000          0.0000          0.0000
             0.0000          0.0000          0.0000
             0.0000          0.0000          0.0000

     Atom 40  H   pos: (  0.316299  0.606179  0.648301)  para_oo sigma:           0.00
             0.0000          0.0000          0.0000
             0.0000          0.0000          0.0000
             0.0000          0.0000          0.0000

     Atom 41  H   pos: (  0.468195 -0.130291  0.425494)  para_oo sigma:           0.00
             0.0000          0.0000          0.0000
             0.0000          0.0000          0.0000
             0.0000          0.0000          0.0000

     Atom 42  H   pos: (  0.078162  0.601568  0.708924)  para_oo sigma:           0.00
             0.0000          0.0000          0.0000
             0.0000          0.0000          0.0000
             0.0000          0.0000          0.0000

     Atom 43  H   pos: (  0.468516  0.186328  0.357782)  para_oo sigma:           0.00
             0.0000          0.0000          0.0000
             0.0000          0.0000          0.0000
             0.0000          0.0000          0.0000

     Atom 44  H   pos: (  0.077842  0.284949  0.776636)  para_oo sigma:           0.00
             0.0000          0.0000          0.0000
             0.0000          0.0000          0.0000
             0.0000          0.0000          0.0000

     Atom 45  H   pos: (  0.330639  0.350553  0.235026)  para_oo sigma:           0.00
             0.0000          0.0000          0.0000
             0.0000          0.0000          0.0000
             0.0000          0.0000          0.0000

     Atom 46  H   pos: (  0.215718  0.120724  0.899392)  para_oo sigma:           0.00
             0.0000          0.0000          0.0000
             0.0000          0.0000          0.0000
             0.0000          0.0000          0.0000

     Atom 47  H   pos: (  0.227245  0.205041  0.406480)  para_oo sigma:           0.00
             0.0000          0.0000          0.0000
             0.0000          0.0000          0.0000
             0.0000          0.0000          0.0000

     Atom 48  H   pos: (  0.319112  0.266236  0.727938)  para_oo sigma:           0.00
             0.0000          0.0000          0.0000
             0.0000          0.0000          0.0000
             0.0000          0.0000          0.0000

     Paramagnetic US L_R Q_R contribution in ppm:
 
     Atom  1  O   pos: (  0.053311 -0.284343  0.815004)  para_lq sigma:        -146.68
          -134.3889         -0.3860         -6.5480
            -0.3542       -150.4660          1.7033
            -6.4399          1.8360       -155.1724

     Atom  2  O   pos: (  0.493046  0.755620  0.319414)  para_lq sigma:        -146.68
          -134.3889         -0.3860         -6.5480
            -0.3542       -150.4660          1.7033
            -6.4399          1.8360       -155.1724

     Atom  3  N   pos: ( -0.092993  0.747184  0.070242)  para_lq sigma:         -70.32
           -62.4597         -1.9297         -5.5480
            -1.7484        -67.5202         -3.7130
            -5.6113         -4.2262        -80.9948

     Atom  4  N   pos: (  0.639350 -0.275907  1.064176)  para_lq sigma:         -70.32
           -62.4597         -1.9297         -5.5480
            -1.7484        -67.5202         -3.7130
            -5.6113         -4.2262        -80.9948

     Atom  5  N   pos: (  0.696771  0.116977  0.908914)  para_lq sigma:         -63.66
           -53.1399         -1.6898         -2.9029
            -2.2874        -68.7446          1.6269
            -2.3959          3.2731        -69.0821

     Atom  6  N   pos: ( -0.150413  0.354300  0.225504)  para_lq sigma:         -63.66
           -53.1399         -1.6898         -2.9029
            -2.2874        -68.7446          1.6269
            -2.3959          3.2731        -69.0821

     Atom  7  N   pos: (  0.659069  0.450590  0.641605)  para_lq sigma:         -69.63
           -62.3373          0.8414         -4.9744
             1.8921        -66.6386          7.2530
            -5.3207          3.7759        -79.9154

     Atom  8  N   pos: ( -0.112712  0.020688  0.492813)  para_lq sigma:         -69.63
           -62.3373          0.8414         -4.9744
             1.8921        -66.6386          7.2530
            -5.3207          3.7759        -79.9154

     Atom  9  C   pos: ( -0.257185  0.255859  1.026403)  para_lq sigma:         -14.79
           -11.1816         -1.0758         -0.9674
            -0.6753        -17.5239          0.5853
            -1.2998         -0.6547        -15.6689

     Atom 10  C   pos: (  0.803542  0.215418  0.108015)  para_lq sigma:         -14.79
           -11.1816         -1.0758         -0.9674
            -0.6753        -17.5239          0.5853
            -1.2998         -0.6547        -15.6689

     Atom 11  C   pos: ( -0.251156  0.444452  0.970492)  para_lq sigma:         -13.46
           -11.4498         -0.1382         -0.7715
            -0.1394        -14.2738          0.4954
            -0.8249          0.5600        -14.6509

     Atom 12  C   pos: (  0.797513  0.026825  0.163926)  para_lq sigma:         -13.46
           -11.4498         -0.1382         -0.7715
            -0.1394        -14.2738          0.4954
            -0.8249          0.5600        -14.6509

     Atom 13  C   pos: (  0.122684 -0.425141  1.099940)  para_lq sigma:         -13.67
           -11.5959         -0.0969         -0.7040
            -0.1513        -15.0544          0.3630
            -0.6742          0.4422        -14.3505

     Atom 14  C   pos: (  0.423673  0.896418  0.034478)  para_lq sigma:         -13.67
           -11.5959         -0.0969         -0.7040
            -0.1513        -15.0544          0.3630
            -0.6742          0.4422        -14.3505

     Atom 15  C   pos: (  0.287285  0.067154  0.148936)  para_lq sigma:         -13.44
           -10.9015         -0.4568         -1.1417
            -0.4773        -14.6406         -0.7330
            -1.0370         -0.5638        -14.7629

     Atom 16  C   pos: (  0.259072  0.404123  0.985482)  para_lq sigma:         -13.44
           -10.9015         -0.4568         -1.1417
            -0.4773        -14.6406         -0.7330
            -1.0370         -0.5638        -14.7629

     Atom 17  C   pos: ( -0.048165  0.881915  0.192157)  para_lq sigma:         -14.54
           -11.4769          0.2206         -1.5848
            -0.0575        -14.8092          0.9567
            -1.5904          2.0032        -17.3422

     Atom 18  C   pos: (  0.594522 -0.410637  0.942261)  para_lq sigma:         -14.54
           -11.4769          0.2206         -1.5848
            -0.0575        -14.8092          0.9567
            -1.5904          2.0032        -17.3422

     Atom 19  C   pos: ( -0.294672  0.530577  0.793871)  para_lq sigma:         -15.29
           -12.3757          0.6946         -0.5756
             0.0284        -18.9123          1.3430
            -0.4898          3.5243        -14.5841

     Atom 20  C   pos: (  0.841029 -0.059300  0.340547)  para_lq sigma:         -15.29
           -12.3757          0.6946         -0.5756
             0.0284        -18.9123          1.3430
            -0.4898          3.5243        -14.5841

     Atom 21  C   pos: (  0.110481 -0.240537  1.003564)  para_lq sigma:         -11.43
           -11.4180         -0.0299         -0.2520
            -0.1036        -10.7257         -0.3490
            -0.2426         -0.3064        -12.1362

     Atom 22  C   pos: (  0.435877  0.711814  0.130854)  para_lq sigma:         -11.43
           -11.4180         -0.0299         -0.2520
            -0.1036        -10.7257         -0.3490
            -0.2426         -0.3064        -12.1362

     Atom 23  C   pos: (  0.001192  0.819824  0.384429)  para_lq sigma:         -11.12
           -10.9937         -0.0967         -0.0083
            -0.0319        -11.3658         -0.0210
            -0.0158         -0.1827        -11.0148

     Atom 24  C   pos: (  0.545166 -0.348546  0.749989)  para_lq sigma:         -11.12
           -10.9937         -0.0967         -0.0083
            -0.0319        -11.3658         -0.0210
            -0.0158         -0.1827        -11.0148

     Atom 25  C   pos: (  0.331291  0.209936  0.294166)  para_lq sigma:         -11.04
           -10.8262         -0.0252         -0.0791
            -0.0354        -11.1571          0.0201
            -0.0731          0.0245        -11.1282

     Atom 26  C   pos: (  0.215066  0.261342  0.840252)  para_lq sigma:         -11.04
           -10.8262         -0.0252         -0.0791
            -0.0354        -11.1571          0.0201
            -0.0731          0.0245        -11.1282

     Atom 27  H   pos: (  0.006116 -0.147469  1.065512)  para_lq sigma:           0.00
             0.0000          0.0000          0.0000
             0.0000          0.0000          0.0000
             0.0000          0.0000          0.0000

     Atom 28  H   pos: (  0.540242  0.618746  0.068906)  para_lq sigma:           0.00
             0.0000          0.0000          0.0000
             0.0000          0.0000          0.0000
             0.0000          0.0000          0.0000

     Atom 29  H   pos: (  0.246190 -0.169343  0.997580)  para_lq sigma:           0.00
             0.0000          0.0000          0.0000
             0.0000          0.0000          0.0000
             0.0000          0.0000          0.0000

     Atom 30  H   pos: (  0.300167  0.640621  0.136838)  para_lq sigma:           0.00
             0.0000          0.0000          0.0000
             0.0000          0.0000          0.0000
             0.0000          0.0000          0.0000

     Atom 31  H   pos: (  0.687005 -0.017727  0.957096)  para_lq sigma:           0.00
             0.0000          0.0000          0.0000
             0.0000          0.0000          0.0000
             0.0000          0.0000          0.0000

     Atom 32  H   pos: ( -0.140647  0.489004  0.177322)  para_lq sigma:           0.00
             0.0000          0.0000          0.0000
             0.0000          0.0000          0.0000
             0.0000          0.0000          0.0000

     Atom 33  H   pos: (  0.682148  0.148465  0.771562)  para_lq sigma:           0.00
             0.0000          0.0000          0.0000
             0.0000          0.0000          0.0000
             0.0000          0.0000          0.0000

     Atom 34  H   pos: ( -0.135791  0.322812  0.362856)  para_lq sigma:           0.00
             0.0000          0.0000          0.0000
             0.0000          0.0000          0.0000
             0.0000          0.0000          0.0000

     Atom 35  H   pos: (  0.631757  0.545339  0.538144)  para_lq sigma:           0.00
             0.0000          0.0000          0.0000
             0.0000          0.0000          0.0000
             0.0000          0.0000          0.0000

     Atom 36  H   pos: ( -0.085399 -0.074062  0.596274)  para_lq sigma:           0.00
             0.0000          0.0000          0.0000
             0.0000          0.0000          0.0000
             0.0000          0.0000          0.0000

     Atom 37  H   pos: (  0.006456  0.667936  0.393170)  para_lq sigma:           0.00
             0.0000          0.0000          0.0000
             0.0000          0.0000          0.0000
             0.0000          0.0000          0.0000

     Atom 38  H   pos: (  0.539901 -0.196659  0.741248)  para_lq sigma:           0.00
             0.0000          0.0000          0.0000
             0.0000          0.0000          0.0000
             0.0000          0.0000          0.0000

     Atom 39  H   pos: (  0.230058 -0.134902  0.486117)  para_lq sigma:           0.00
             0.0000          0.0000          0.0000
             0.0000          0.0000          0.0000
             0.0000          0.0000          0.0000

     Atom 40  H   pos: (  0.316299  0.606179  0.648301)  para_lq sigma:           0.00
             0.0000          0.0000          0.0000
             0.0000          0.0000          0.0000
             0.0000          0.0000          0.0000

     Atom 41  H   pos: (  0.468195 -0.130291  0.425494)  para_lq sigma:           0.00
             0.0000          0.0000          0.0000
             0.0000          0.0000          0.0000
             0.0000          0.0000          0.0000

     Atom 42  H   pos: (  0.078162  0.601568  0.708924)  para_lq sigma:           0.00
             0.0000          0.0000          0.0000
             0.0000          0.0000          0.0000
             0.0000          0.0000          0.0000

     Atom 43  H   pos: (  0.468516  0.186328  0.357782)  para_lq sigma:           0.00
             0.0000          0.0000          0.0000
             0.0000          0.0000          0.0000
             0.0000          0.0000          0.0000

     Atom 44  H   pos: (  0.077842  0.284949  0.776636)  para_lq sigma:           0.00
             0.0000          0.0000          0.0000
             0.0000          0.0000          0.0000
             0.0000          0.0000          0.0000

     Atom 45  H   pos: (  0.330639  0.350553  0.235026)  para_lq sigma:           0.00
             0.0000          0.0000          0.0000
             0.0000          0.0000          0.0000
             0.0000          0.0000          0.0000

     Atom 46  H   pos: (  0.215718  0.120724  0.899392)  para_lq sigma:           0.00
             0.0000          0.0000          0.0000
             0.0000          0.0000          0.0000
             0.0000          0.0000          0.0000

     Atom 47  H   pos: (  0.227245  0.205041  0.406480)  para_lq sigma:           0.00
             0.0000          0.0000          0.0000
             0.0000          0.0000          0.0000
             0.0000          0.0000          0.0000

     Atom 48  H   pos: (  0.319112  0.266236  0.727938)  para_lq sigma:           0.00
             0.0000          0.0000          0.0000
             0.0000          0.0000          0.0000
             0.0000          0.0000          0.0000

 
     Total NMR chemical shifts in ppm: ---------------------------------------
     (adopting the Simpson convention for anisotropy and asymmetry)-----------
 
     Atom  1  O   pos: (  0.053311 -0.284343  0.815004)  Total sigma:         118.84
           141.7577         -0.5250        -38.7347
            -3.4131        216.3007        -32.8922
           -42.4588        -23.2042         -1.5283

     O    1    anisotropy:   -201.55    eta:   -0.5056
     O    1    sigma_11=    152.06    axis=(  0.967345 -0.075932 -0.241822)
     O    1    sigma_22=    219.99    axis=(  0.044346  0.990058 -0.133484)
     O    1    sigma_33=    -15.52    axis=(  0.249554  0.118401  0.961095)
 
     Atom  2  O   pos: (  0.493046  0.755620  0.319414)  Total sigma:         118.84
           141.7577         -0.5250        -38.7347
            -3.4131        216.3007        -32.8922
           -42.4588        -23.2042         -1.5283

     O    2    anisotropy:   -201.55    eta:   -0.5056
     O    2    sigma_11=    152.06    axis=(  0.967345 -0.075932 -0.241822)
     O    2    sigma_22=    219.99    axis=(  0.044346  0.990058 -0.133484)
     O    2    sigma_33=    -15.52    axis=(  0.249554  0.118401  0.961095)
 
     Atom  3  N   pos: ( -0.092993  0.747184  0.070242)  Total sigma:         -31.61
           184.1124        -31.9582       -104.7507
           -43.5212       -111.1655        -42.4198
           -98.5907        -35.7083       -167.7823

     N    3    anisotropy:    367.74    eta:   -0.5104
     N    3    sigma_11=    -91.63    axis=(  0.031736 -0.905886  0.422332)
     N    3    sigma_22=   -216.75    axis=(  0.260178  0.415465  0.871605)
     N    3    sigma_33=    213.55    axis=(  0.965039 -0.082221 -0.248877)
 
     Atom  4  N   pos: (  0.639350 -0.275907  1.064176)  Total sigma:         -31.61
           184.1124        -31.9582       -104.7507
           -43.5212       -111.1655        -42.4198
           -98.5907        -35.7083       -167.7823

     N    4    anisotropy:    367.74    eta:   -0.5104
     N    4    sigma_11=    -91.63    axis=(  0.031736 -0.905886  0.422332)
     N    4    sigma_22=   -216.75    axis=(  0.260178  0.415465  0.871605)
     N    4    sigma_33=    213.55    axis=(  0.965039 -0.082221 -0.248877)
 
     Atom  5  N   pos: (  0.696771  0.116977  0.908914)  Total sigma:         141.62
           182.6796         18.1237         -7.4006
             0.4650        137.6959         37.6640
            -6.0234         58.7187        104.4985

     N    5    anisotropy:   -108.81    eta:   -0.1896
     N    5    sigma_11=    171.02    axis=( -0.274838  0.765239  0.582128)
     N    5    sigma_22=    184.77    axis=( -0.956757 -0.277668 -0.086700)
     N    5    sigma_33=     69.09    axis=(  0.095292 -0.580783  0.808462)
 
     Atom  6  N   pos: ( -0.150413  0.354300  0.225504)  Total sigma:         141.62
           182.6796         18.1237         -7.4006
             0.4650        137.6959         37.6640
            -6.0234         58.7187        104.4985

     N    6    anisotropy:   -108.81    eta:   -0.1896
     N    6    sigma_11=    171.02    axis=( -0.274838  0.765239  0.582128)
     N    6    sigma_22=    184.77    axis=( -0.956757 -0.277668 -0.086700)
     N    6    sigma_33=     69.09    axis=(  0.095292 -0.580783  0.808462)
 
     Atom  7  N   pos: (  0.659069  0.450590  0.641605)  Total sigma:          34.14
           190.6611         -0.2102        -61.0198
            10.2909        -36.7277         79.5572
           -72.0027         52.4429        -51.5279

     N    7    anisotropy:    261.25    eta:   -0.7690
     N    7    sigma_11=     14.02    axis=(  0.198933  0.784196  0.587761)
     N    7    sigma_22=   -119.92    axis=(  0.174134 -0.618489  0.766256)
     N    7    sigma_33=    208.30    axis=( -0.964418  0.050084  0.259594)
 
     Atom  8  N   pos: ( -0.112712  0.020688  0.492813)  Total sigma:          34.14
           190.6611         -0.2102        -61.0198
            10.2909        -36.7277         79.5572
           -72.0027         52.4429        -51.5279

     N    8    anisotropy:    261.25    eta:   -0.7690
     N    8    sigma_11=     14.02    axis=(  0.198933  0.784196  0.587761)
     N    8    sigma_22=   -119.92    axis=(  0.174134 -0.618489  0.766256)
     N    8    sigma_33=    208.30    axis=( -0.964418  0.050084  0.259594)
 
     Atom  9  C   pos: ( -0.257185  0.255859  1.026403)  Total sigma:          13.44
           100.3563        -24.7501        -32.6033
           -14.6214        -33.3629          8.4213
           -36.0521        -16.0135        -26.6782

     C    9    anisotropy:    146.83    eta:   -0.1725
     C    9    sigma_11=    -27.06    axis=(  0.084876 -0.695245  0.713744)
     C    9    sigma_22=    -43.95    axis=( -0.253414 -0.707836 -0.659356)
     C    9    sigma_33=    111.32    axis=( -0.963627  0.124909  0.236263)
 
     Atom 10  C   pos: (  0.803542  0.215418  0.108015)  Total sigma:          13.44
           100.3563        -24.7501        -32.6033
           -14.6214        -33.3629          8.4213
           -36.0521        -16.0135        -26.6782

     C   10    anisotropy:    146.83    eta:   -0.1725
     C   10    sigma_11=    -27.06    axis=(  0.084876 -0.695245  0.713744)
     C   10    sigma_22=    -43.95    axis=( -0.253414 -0.707836 -0.659356)
     C   10    sigma_33=    111.32    axis=( -0.963627  0.124909  0.236263)
 
     Atom 11  C   pos: ( -0.251156  0.444452  0.970492)  Total sigma:          63.75
           139.6951         -5.9275        -39.5799
            -6.3041         31.2417         17.3777
           -30.5816         27.1136         20.3282

     C   11    anisotropy:    130.01    eta:   -0.5076
     C   11    sigma_11=     42.42    axis=(  0.228450  0.843305  0.486465)
     C   11    sigma_22=     -1.58    axis=(  0.183071 -0.527976  0.829293)
     C   11    sigma_33=    150.43    axis=( -0.956188  0.100394  0.275001)
 
     Atom 12  C   pos: (  0.797513  0.026825  0.163926)  Total sigma:          63.75
           139.6951         -5.9275        -39.5799
            -6.3041         31.2417         17.3777
           -30.5816         27.1136         20.3282

     C   12    anisotropy:    130.01    eta:   -0.5076
     C   12    sigma_11=     42.42    axis=(  0.228450  0.843305  0.486465)
     C   12    sigma_22=     -1.58    axis=(  0.183071 -0.527976  0.829293)
     C   12    sigma_33=    150.43    axis=( -0.956188  0.100394  0.275001)
 
     Atom 13  C   pos: (  0.122684 -0.425141  1.099940)  Total sigma:          13.10
           123.6684         -4.2957        -33.7275
            -7.7441        -66.5538         24.7901
           -34.5682         20.7362        -17.8185

     C   13    anisotropy:    178.49    eta:   -0.4941
     C   13    sigma_11=    -17.00    axis=(  0.233401  0.382334  0.894061)
     C   13    sigma_22=    -75.80    axis=(  0.037991 -0.922339  0.384509)
     C   13    sigma_33=    132.09    axis=( -0.971638  0.055779  0.229800)
 
     Atom 14  C   pos: (  0.423673  0.896418  0.034478)  Total sigma:          13.10
           123.6684         -4.2957        -33.7275
            -7.7441        -66.5538         24.7901
           -34.5682         20.7362        -17.8185

     C   14    anisotropy:    178.49    eta:   -0.4941
     C   14    sigma_11=    -17.00    axis=(  0.233401  0.382334  0.894061)
     C   14    sigma_22=    -75.80    axis=(  0.037991 -0.922339  0.384509)
     C   14    sigma_33=    132.09    axis=( -0.971638  0.055779  0.229800)
 
     Atom 15  C   pos: (  0.287285  0.067154  0.148936)  Total sigma:          52.30
           150.8495        -16.6901        -39.7411
           -21.0412         -0.3941        -38.5243
           -38.7960        -19.8169          6.4500

     C   15    anisotropy:    163.99    eta:   -0.6012
     C   15    sigma_11=     30.50    axis=(  0.111869 -0.717474  0.687544)
     C   15    sigma_22=    -35.22    axis=( -0.215460 -0.692940 -0.688049)
     C   15    sigma_33=    161.63    axis=( -0.970084  0.071167  0.232105)
 
     Atom 16  C   pos: (  0.259072  0.404123  0.985482)  Total sigma:          52.30
           150.8495        -16.6901        -39.7411
           -21.0412         -0.3941        -38.5243
           -38.7960        -19.8169          6.4500

     C   16    anisotropy:    163.99    eta:   -0.6012
     C   16    sigma_11=     30.50    axis=(  0.111869 -0.717474  0.687544)
     C   16    sigma_22=    -35.22    axis=( -0.215460 -0.692940 -0.688049)
     C   16    sigma_33=    161.63    axis=( -0.970084  0.071167  0.232105)
 
     Atom 17  C   pos: ( -0.048165  0.881915  0.192157)  Total sigma:           5.80
           110.9857         -7.5649        -51.6075
           -15.3011        -19.4321        -12.8341
           -54.0095         10.7946        -74.1518

     C   17    anisotropy:    179.99    eta:   -0.5698
     C   17    sigma_11=    -20.01    axis=( -0.056944 -0.995609  0.074294)
     C   17    sigma_22=    -88.38    axis=( -0.258696 -0.057159 -0.964266)
     C   17    sigma_33=    125.79    axis=(  0.964279 -0.074129 -0.254305)
 
     Atom 18  C   pos: (  0.594522 -0.410637  0.942261)  Total sigma:           5.80
           110.9857         -7.5649        -51.6075
           -15.3011        -19.4321        -12.8341
           -54.0095         10.7946        -74.1518

     C   18    anisotropy:    179.99    eta:   -0.5698
     C   18    sigma_11=    -20.01    axis=( -0.056944 -0.995609  0.074294)
     C   18    sigma_22=    -88.38    axis=( -0.258696 -0.057159 -0.964266)
     C   18    sigma_33=    125.79    axis=(  0.964279 -0.074129 -0.254305)
 
     Atom 19  C   pos: ( -0.294672  0.530577  0.793871)  Total sigma:          -3.52
            41.1807          9.7629         -3.5459
             0.8284        -75.6307         25.2512
            -1.7337         58.0380         23.8753

     C   19    anisotropy:   -131.24    eta:   -0.0318
     C   19    sigma_11=     38.83    axis=(  0.249078  0.341284  0.906358)
     C   19    sigma_22=     41.62    axis=( -0.967464  0.044752  0.249020)
     C   19    sigma_33=    -91.02    axis=(  0.044425 -0.938894  0.341327)
 
     Atom 20  C   pos: (  0.841029 -0.059300  0.340547)  Total sigma:          -3.52
            41.1807          9.7629         -3.5459
             0.8284        -75.6307         25.2512
            -1.7337         58.0380         23.8753

     C   20    anisotropy:   -131.24    eta:   -0.0318
     C   20    sigma_11=     38.83    axis=(  0.249078  0.341284  0.906358)
     C   20    sigma_22=     41.62    axis=( -0.967464  0.044752  0.249020)
     C   20    sigma_33=    -91.02    axis=(  0.044425 -0.938894  0.341327)
 
     Atom 21  C   pos: (  0.110481 -0.240537  1.003564)  Total sigma:          94.74
            74.6952          4.4882         20.7758
             2.9823         79.8905          9.0715
            18.8790          8.8692        129.6404

     C   21    anisotropy:     64.39    eta:   -0.2353
     C   21    sigma_11=     78.33    axis=( -0.023419 -0.983216  0.180936)
     C   21    sigma_22=     68.23    axis=(  0.952038 -0.077164 -0.296091)
     C   21    sigma_33=    137.67    axis=(  0.305083  0.165324  0.937866)
 
     Atom 22  C   pos: (  0.435877  0.711814  0.130854)  Total sigma:          94.74
            74.6952          4.4882         20.7758
             2.9823         79.8905          9.0715
            18.8790          8.8692        129.6404

     C   22    anisotropy:     64.39    eta:   -0.2353
     C   22    sigma_11=     78.33    axis=( -0.023419 -0.983216  0.180936)
     C   22    sigma_22=     68.23    axis=(  0.952038 -0.077164 -0.296091)
     C   22    sigma_33=    137.67    axis=(  0.305083  0.165324  0.937866)
 
     Atom 23  C   pos: (  0.001192  0.819824  0.384429)  Total sigma:         148.95
           139.9350         -4.5848          7.9703
            -4.8649        143.2897        -16.5908
            10.6346        -15.3428        163.6132

     C   23    anisotropy:     39.74    eta:   -0.0918
     C   23    sigma_11=    136.92    axis=(  0.950855  0.251146 -0.181110)
     C   23    sigma_22=    134.48    axis=( -0.128263  0.851842  0.507852)
     C   23    sigma_33=    175.44    axis=(  0.281823 -0.459664  0.842191)
 
     Atom 24  C   pos: (  0.545166 -0.348546  0.749989)  Total sigma:         148.95
           139.9350         -4.5848          7.9703
            -4.8649        143.2897        -16.5908
            10.6346        -15.3428        163.6132

     C   24    anisotropy:     39.74    eta:   -0.0918
     C   24    sigma_11=    136.92    axis=(  0.950855  0.251146 -0.181110)
     C   24    sigma_22=    134.48    axis=( -0.128263  0.851842  0.507852)
     C   24    sigma_33=    175.44    axis=(  0.281823 -0.459664  0.842191)
 
     Atom 25  C   pos: (  0.331291  0.209936  0.294166)  Total sigma:         156.81
           157.8653          2.3673          1.8271
             1.3191        158.6621          7.7260
             0.9037          8.9636        153.9060

     C   25    anisotropy:    -13.81    eta:   -0.9180
     C   25    sigma_11=    157.19    axis=( -0.959106  0.224661  0.172170)
     C   25    sigma_22=    165.64    axis=( -0.283039 -0.765701 -0.577573)
     C   25    sigma_33=    147.61    axis=(  0.002073 -0.602685  0.797977)
 
     Atom 26  C   pos: (  0.215066  0.261342  0.840252)  Total sigma:         156.81
           157.8653          2.3673          1.8271
             1.3191        158.6621          7.7260
             0.9037          8.9636        153.9060

     C   26    anisotropy:    -13.81    eta:   -0.9180
     C   26    sigma_11=    157.19    axis=( -0.959106  0.224661  0.172170)
     C   26    sigma_22=    165.64    axis=( -0.283039 -0.765701 -0.577573)
     C   26    sigma_33=    147.61    axis=(  0.002073 -0.602685  0.797977)
 
     Atom 27  H   pos: (  0.006116 -0.147469  1.065512)  Total sigma:          25.40
            24.4842         -3.0749          0.2388
            -0.9317         25.7672          1.8398
            -0.5601          2.5859         25.9478

     H   27    anisotropy:      4.89    eta:   -0.7717
     H   27    sigma_11=     25.03    axis=(  0.678528 -0.239612  0.694396)
     H   27    sigma_22=     22.51    axis=( -0.637987 -0.660783  0.395396)
     H   27    sigma_33=     28.66    axis=( -0.364104  0.711303  0.601229)
 
     Atom 28  H   pos: (  0.540242  0.618746  0.068906)  Total sigma:          25.40
            24.4842         -3.0749          0.2388
            -0.9317         25.7672          1.8398
            -0.5601          2.5859         25.9478

     H   28    anisotropy:      4.89    eta:   -0.7717
     H   28    sigma_11=     25.03    axis=(  0.678528 -0.239612  0.694396)
     H   28    sigma_22=     22.51    axis=( -0.637987 -0.660783  0.395396)
     H   28    sigma_33=     28.66    axis=( -0.364104  0.711303  0.601229)
 
     Atom 29  H   pos: (  0.246190 -0.169343  0.997580)  Total sigma:          25.57
            27.0078          4.0744          3.1888
             2.1205         25.4224          0.8506
             1.9828          1.2895         24.2753

     H   29    anisotropy:      7.52    eta:   -0.2722
     H   29    sigma_11=     23.74    axis=(  0.165207 -0.728790  0.664509)
     H   29    sigma_22=     22.38    axis=( -0.642608  0.431576  0.633086)
     H   29    sigma_33=     30.58    axis=(  0.748173  0.531608  0.397027)
 
     Atom 30  H   pos: (  0.300167  0.640621  0.136838)  Total sigma:          25.57
            27.0078          4.0744          3.1888
             2.1205         25.4224          0.8506
             1.9828          1.2895         24.2753

     H   30    anisotropy:      7.52    eta:   -0.2722
     H   30    sigma_11=     23.74    axis=(  0.165207 -0.728790  0.664509)
     H   30    sigma_22=     22.38    axis=( -0.642608  0.431576  0.633086)
     H   30    sigma_33=     30.58    axis=(  0.748173  0.531608  0.397027)
 
     Atom 31  H   pos: (  0.687005 -0.017727  0.957096)  Total sigma:          21.25
            12.8590          2.7214         -0.0165
             2.1458         32.6030         -4.3098
             1.2722         -2.8809         18.2888

     H   31    anisotropy:     18.66    eta:   -0.4298
     H   31    sigma_11=     17.70    axis=(  0.221520  0.194399  0.955582)
     H   31    sigma_22=     12.35    axis=(  0.969320 -0.150944 -0.193997)
     H   31    sigma_33=     33.69    axis=( -0.106527 -0.969239  0.221872)
 
     Atom 32  H   pos: ( -0.140647  0.489004  0.177322)  Total sigma:          21.25
            12.8590          2.7214         -0.0165
             2.1458         32.6030         -4.3098
             1.2722         -2.8809         18.2888

     H   32    anisotropy:     18.66    eta:   -0.4298
     H   32    sigma_11=     17.70    axis=(  0.221520  0.194399  0.955582)
     H   32    sigma_22=     12.35    axis=(  0.969320 -0.150944 -0.193997)
     H   32    sigma_33=     33.69    axis=( -0.106527 -0.969239  0.221872)
 
     Atom 33  H   pos: (  0.682148  0.148465  0.771562)  Total sigma:          24.25
            16.8723         -1.1278          0.8277
             0.0812         24.3059         -0.3051
             2.2465         -2.0096         31.5862

     H   33    anisotropy:     11.52    eta:   -0.9693
     H   33    sigma_11=     24.14    axis=( -0.037011  0.986282  0.160864)
     H   33    sigma_22=     16.69    axis=( -0.993716 -0.053340  0.098406)
     H   33    sigma_33=     31.94    axis=(  0.105637 -0.156211  0.982059)
 
     Atom 34  H   pos: ( -0.135791  0.322812  0.362856)  Total sigma:          24.25
            16.8723         -1.1278          0.8277
             0.0812         24.3059         -0.3051
             2.2465         -2.0096         31.5862

     H   34    anisotropy:     11.52    eta:   -0.9693
     H   34    sigma_11=     24.14    axis=( -0.037011  0.986282  0.160864)
     H   34    sigma_22=     16.69    axis=( -0.993716 -0.053340  0.098406)
     H   34    sigma_33=     31.94    axis=(  0.105637 -0.156211  0.982059)
 
     Atom 35  H   pos: (  0.631757  0.545339  0.538144)  Total sigma:          23.38
            22.6985         -1.2218          0.2970
            -0.8465         23.2488         -2.1037
             0.6070         -2.5882         24.1820

     H   35    anisotropy:      4.51    eta:   -0.4925
     H   35    sigma_11=     22.61    axis=( -0.897715  0.112019  0.426097)
     H   35    sigma_22=     21.13    axis=( -0.350837 -0.766764 -0.537575)
     H   35    sigma_33=     26.39    axis=(  0.266498 -0.632080  0.727636)
 
     Atom 36  H   pos: ( -0.085399 -0.074062  0.596274)  Total sigma:          23.38
            22.6985         -1.2218          0.2970
            -0.8465         23.2488         -2.1037
             0.6070         -2.5882         24.1820

     H   36    anisotropy:      4.51    eta:   -0.4925
     H   36    sigma_11=     22.61    axis=( -0.897715  0.112019  0.426097)
     H   36    sigma_22=     21.13    axis=( -0.350837 -0.766764 -0.537575)
     H   36    sigma_33=     26.39    axis=(  0.266498 -0.632080  0.727636)
 
     Atom 37  H   pos: (  0.006456  0.667936  0.393170)  Total sigma:          29.52
            26.4923          0.5596          1.8291
             0.6894         32.8145         -0.5454
             1.9054         -2.1101         29.2432

     H   37    anisotropy:     -6.23    eta:   -0.8004
     H   37    sigma_11=     29.93    axis=(  0.496888  0.271860  0.824133)
     H   37    sigma_22=     33.25    axis=( -0.001028 -0.949479  0.313829)
     H   37    sigma_33=     25.36    axis=( -0.867814  0.156785  0.471505)
 
     Atom 38  H   pos: (  0.539901 -0.196659  0.741248)  Total sigma:          29.52
            26.4923          0.5596          1.8291
             0.6894         32.8145         -0.5454
             1.9054         -2.1101         29.2432

     H   38    anisotropy:     -6.23    eta:   -0.8004
     H   38    sigma_11=     29.93    axis=(  0.496888  0.271860  0.824133)
     H   38    sigma_22=     33.25    axis=( -0.001028 -0.949479  0.313828)
     H   38    sigma_33=     25.36    axis=( -0.867814  0.156785  0.471505)
 
     Atom 39  H   pos: (  0.230058 -0.134902  0.486117)  Total sigma:          28.55
            28.3990         -1.2505         -3.3764
            -0.8793         26.6302         -1.1953
            -1.8278         -0.7445         30.6302

     H   39    anisotropy:      5.70    eta:   -0.7481
     H   39    sigma_11=     28.07    axis=(  0.616775 -0.698524  0.362840)
     H   39    sigma_22=     25.23    axis=(  0.571561  0.714375  0.403716)
     H   39    sigma_33=     32.36    axis=( -0.541209 -0.041617  0.839857)
 
     Atom 40  H   pos: (  0.316299  0.606179  0.648301)  Total sigma:          28.55
            28.3990         -1.2505         -3.3764
            -0.8793         26.6302         -1.1953
            -1.8278         -0.7445         30.6302

     H   40    anisotropy:      5.70    eta:   -0.7481
     H   40    sigma_11=     28.07    axis=(  0.616775 -0.698524  0.362840)
     H   40    sigma_22=     25.23    axis=(  0.571561  0.714375  0.403716)
     H   40    sigma_33=     32.36    axis=( -0.541209 -0.041617  0.839857)
 
     Atom 41  H   pos: (  0.468195 -0.130291  0.425494)  Total sigma:          29.33
            32.0197          2.5476          3.3343
             0.4964         27.1849         -2.1126
             2.6100         -1.5975         28.7878

     H   41    anisotropy:     -6.91    eta:   -0.9435
     H   41    sigma_11=     29.46    axis=(  0.304359  0.715755 -0.628538)
     H   41    sigma_22=     33.81    axis=( -0.868770 -0.062022 -0.491316)
     H   41    sigma_33=     24.72    axis=( -0.390645  0.695592  0.602950)
 
     Atom 42  H   pos: (  0.078162  0.601568  0.708924)  Total sigma:          29.33
            32.0197          2.5476          3.3343
             0.4964         27.1849         -2.1126
             2.6100         -1.5975         28.7878

     H   42    anisotropy:     -6.91    eta:   -0.9435
     H   42    sigma_11=     29.46    axis=(  0.304359  0.715755 -0.628538)
     H   42    sigma_22=     33.81    axis=( -0.868770 -0.062022 -0.491316)
     H   42    sigma_33=     24.72    axis=( -0.390645  0.695592  0.602950)
 
     Atom 43  H   pos: (  0.468516  0.186328  0.357782)  Total sigma:          29.16
            32.6495         -0.1470          3.5182
             0.7596         26.9819          0.8715
             3.1088         -0.0048         27.8592

     H   43    anisotropy:      7.81    eta:   -0.1780
     H   43    sigma_11=     27.02    axis=(  0.180426 -0.959190 -0.217718)
     H   43    sigma_22=     26.10    axis=(  0.423415  0.275535 -0.863018)
     H   43    sigma_33=     34.37    axis=(  0.887787  0.063526  0.455849)
 
     Atom 44  H   pos: (  0.077842  0.284949  0.776636)  Total sigma:          29.16
            32.6495         -0.1470          3.5182
             0.7596         26.9819          0.8715
             3.1088         -0.0048         27.8592

     H   44    anisotropy:      7.81    eta:   -0.1780
     H   44    sigma_11=     27.02    axis=(  0.180426 -0.959190 -0.217718)
     H   44    sigma_22=     26.10    axis=(  0.423415  0.275535 -0.863018)
     H   44    sigma_33=     34.37    axis=(  0.887787  0.063526  0.455849)
 
     Atom 45  H   pos: (  0.330639  0.350553  0.235026)  Total sigma:          29.15
            25.4324          0.9253          1.4929
             1.1322         34.1396         -1.6864
             1.4888         -0.6650         27.8870

     H   45    anisotropy:      7.90    eta:   -0.7624
     H   45    sigma_11=     28.53    axis=(  0.458761  0.100845  0.882818)
     H   45    sigma_22=     24.51    axis=( -0.884337  0.148564  0.442580)
     H   45    sigma_33=     34.42    axis=( -0.086523 -0.983747  0.157336)
 
     Atom 46  H   pos: (  0.215718  0.120724  0.899392)  Total sigma:          29.15
            25.4324          0.9253          1.4929
             1.1322         34.1396         -1.6864
             1.4888         -0.6650         27.8870

     H   46    anisotropy:      7.90    eta:   -0.7624
     H   46    sigma_11=     28.53    axis=(  0.458761  0.100845  0.882818)
     H   46    sigma_22=     24.51    axis=( -0.884337  0.148564  0.442580)
     H   46    sigma_33=     34.42    axis=( -0.086523 -0.983747  0.157336)
 
     Atom 47  H   pos: (  0.227245  0.205041  0.406480)  Total sigma:          28.69
            28.6158          0.4949         -3.5467
             0.4226         26.0870          1.8605
            -2.4773          0.7258         31.3592

     H   47    anisotropy:      7.06    eta:   -0.4806
     H   47    sigma_11=     27.46    axis=(  0.724108  0.584647  0.365863)
     H   47    sigma_22=     25.20    axis=(  0.451444 -0.802832  0.389434)
     H   47    sigma_33=     33.40    axis=( -0.521408  0.116826  0.845272)
 
     Atom 48  H   pos: (  0.319112  0.266236  0.727938)  Total sigma:          28.69
            28.6158          0.4949         -3.5467
             0.4226         26.0870          1.8605
            -2.4773          0.7258         31.3592

     H   48    anisotropy:      7.06    eta:   -0.4806
     H   48    sigma_11=     27.46    axis=(  0.724108  0.584647  0.365863)
     H   48    sigma_22=     25.20    axis=(  0.451444 -0.802832  0.389434)
     H   48    sigma_33=     33.40    axis=( -0.521408  0.116826  0.845272)
 
     Initialization:
     gipaw_setup  :      0.37s CPU      0.39s WALL (       1 calls)
 
     Linear response
     greenf       :   7100.94s CPU   7403.86s WALL (     240 calls)
     cgsolve      :   7069.26s CPU   7372.10s WALL (     240 calls)
     ch_psi       :   6954.85s CPU   7257.57s WALL (   16744 calls)
     h_psiq       :   5639.36s CPU   5939.65s WALL (   16744 calls)
 
     Apply operators
     h_psi        :   5461.95s CPU   5805.82s WALL (   25057 calls)
     apply_vel    :     85.09s CPU     85.22s WALL (     210 calls)
 
     Induced current
     j_para       :    388.41s CPU    408.85s WALL (     270 calls)
     biot_savart  :      0.05s CPU      0.06s WALL (       1 calls)
 
     Other routines
 
     General routines
     calbec       :   1456.17s CPU   1463.87s WALL (   60575 calls)
     fft          :      0.08s CPU      0.11s WALL (      32 calls)
     fftw         :   4311.78s CPU   4653.60s WALL ( 2843364 calls)
     davcio       :      0.03s CPU      0.77s WALL (     160 calls)
 
     Parallel routines
     fft_scatter  :    890.86s CPU   1091.64s WALL ( 2843396 calls)
 
     Plugins
 
     GIPAW        :   8964.54s CPU   9339.26s WALL (       1 calls)
