
     Program QE v.6.1 (svn rev. 13369) starts on  4Nov2017 at  8:55:29 

     This program is part of the open-source Quantum ESPRESSO suite
     for quantum simulation of materials; please cite
         "P. Giannozzi et al., J. Phys.:Condens. Matter 21 395502 (2009);
          URL http://www.quantum-espresso.org", 
     in publications or presentations arising from this work. More details at
     http://www.quantum-espresso.org/quote

     Parallel version (MPI), running on     8 processors
     R & G space division:  proc/nbgrp/npool/nimage =       8
 
     ***** This is GIPAW svn revision unknown      *****
 
     Parallelizing q-star over 1 images
     Message from routine gipaw_readin:
     *** iverbosity is obsolete, use verbosity instead ***

     Reading data from directory:
     /scratch/paruzzo/QEspresso/CCDC/HIFKUC01/wfc/scf.save

   Info: using nr1, nr2, nr3 values from input

   Info: using nr1, nr2, nr3 values from input

     IMPORTANT: XC functional enforced from input :
     Exchange-correlation      =  SLA  PW   PBX  PBC ( 1  4  3  4 0 0)
     Any further DFT definition will be discarded
     Please, verify this is what you really want

               file C.pbe-n-kjpaw_psl.0.1.UPF: wavefunction(s)  2P renormalized
               file N.pbe-n-kjpaw_psl.0.1.UPF: wavefunction(s)  2P renormalized
               file H.pbe-kjpaw_psl.0.1.UPF: wavefunction(s)  1S renormalized
               file O.pbe-n-kjpaw_psl.0.1.UPF: wavefunction(s)  2P renormalized
 
     Parallelization info
     --------------------
     sticks:   dense  smooth     PW     G-vecs:    dense   smooth      PW
     Min         423     423    114                54562    54562    7646
     Max         424     424    115                54571    54571    7653
     Sum        3391    3391    915               436547   436547   61185
 

     Check: negative/imaginary core charge=   -0.000003    0.000000

     Subspace diagonalization in iterative solution of the eigenvalue problem:
     a serial algorithm will be used

     GIPAW projectors -----------------------------------------------
     atom=  C    l=0  rc=    1.3000  rs=    0.8667
     atom=  C    l=0  rc=    1.3000  rs=    0.8667
     atom=  C    l=1  rc=    1.4500  rs=    0.9667
     atom=  C    l=1  rc=    1.4500  rs=    0.9667
     projs nearly linearly dependent: l=0  n1,n2= 1, 2  s=  0.99877758
     projs nearly linearly dependent: l=1  n1,n2= 1, 2  s=  0.99940894
 
     atom=  N    l=0  rc=    1.3000  rs=    0.8667
     atom=  N    l=0  rc=    1.3000  rs=    0.8667
     atom=  N    l=1  rc=    1.4500  rs=    0.9667
     atom=  N    l=1  rc=    1.4500  rs=    0.9667
     projs nearly linearly dependent: l=0  n1,n2= 1, 2  s=  0.99709514
     projs nearly linearly dependent: l=1  n1,n2= 1, 2  s=  0.99857174
 
     atom=  H    l=0  rc=    1.0000  rs=    0.6667
     atom=  H    l=0  rc=    1.0000  rs=    0.6667
     projs nearly linearly dependent: l=0  n1,n2= 1, 2  s=  0.99968852
 
     atom=  O    l=0  rc=    1.3500  rs=    0.9000
     atom=  O    l=0  rc=    1.3500  rs=    0.9000
     atom=  O    l=1  rc=    1.3500  rs=    0.9000
     atom=  O    l=1  rc=    1.3500  rs=    0.9000
     projs nearly linearly dependent: l=0  n1,n2= 1, 2  s=  0.99100135
     projs nearly linearly dependent: l=1  n1,n2= 1, 2  s=  0.99790100
     -----------------------------------------------------------------
 
     alpha_pv=     44.8418 eV
 
     q-space interpolation up to   110.00 Rydberg
 
     GIPAW job: nmr                                                                             
     NMR macroscopic correction: yes
             0.6667          0.0000          0.0000
             0.0000          0.6667          0.0000
             0.0000          0.0000          0.6667

 
     Largest allocated arrays     est. size (Mb)     dimensions
        KS wavefunctions at k          10.49 Mb     (    6875,  100)
        KS wavefunctions at k+q        10.49 Mb     (    6875,  100)
        First-order wavefunctions     104.90 Mb     (    6875,  100, 10)
        First-order wavefunct (US)     62.94 Mb     (    6875,  100,  6)
        Charge/spin density             0.88 Mb     (  115200,    1)
        Induced current                 7.91 Mb     (  115200,    3,3,1)
        Induced magnetic field          7.91 Mb     (  115200,    3,3,1)
        NL pseudopotentials            30.21 Mb     (    6875,  288)
        GIPAW NL terms                 30.21 Mb     (    6875,  288)
 
     Computing the magnetic susceptibility     isolve=0    ethr=  0.1000E-13
     k-point #    1 of    12      pool #  1    cpu time:       9.7
     Rotating WFCS
     Rotating WFCS
     Rotating WFCS
     Rotating WFCS
     c_bands:  1 eigenvalues not converged
     Rotating WFCS
     c_bands:  1 eigenvalues not converged
     Rotating WFCS
     Rotating WFCS
     k-point #    2 of    12      pool #  1    cpu time:    1087.3
     Rotating WFCS
     Rotating WFCS
     Rotating WFCS
     Rotating WFCS
     Rotating WFCS
     Rotating WFCS
     Rotating WFCS
     k-point #    3 of    12      pool #  1    cpu time:    2189.5
     Rotating WFCS
     Rotating WFCS
     Rotating WFCS
     Rotating WFCS
     Rotating WFCS
     Rotating WFCS
     Rotating WFCS
     k-point #    4 of    12      pool #  1    cpu time:    3280.5
     Rotating WFCS
     Rotating WFCS
     Rotating WFCS
     Rotating WFCS
     Rotating WFCS
     Rotating WFCS
     Rotating WFCS
     k-point #    5 of    12      pool #  1    cpu time:    4393.0
     Rotating WFCS
     Rotating WFCS
     Rotating WFCS
     Rotating WFCS
     Rotating WFCS
     Rotating WFCS
     Rotating WFCS
     k-point #    6 of    12      pool #  1    cpu time:    5510.3
     Rotating WFCS
     Rotating WFCS
     Rotating WFCS
     Rotating WFCS
     Rotating WFCS
     Rotating WFCS
     Rotating WFCS
     k-point #    7 of    12      pool #  1    cpu time:    6628.8
     Rotating WFCS
     Rotating WFCS
     c_bands:  1 eigenvalues not converged
     Rotating WFCS
     Rotating WFCS
     Rotating WFCS
     Rotating WFCS
     Rotating WFCS
     k-point #    8 of    12      pool #  1    cpu time:    7778.4
     Rotating WFCS
     Rotating WFCS
     Rotating WFCS
     Rotating WFCS
     Rotating WFCS
     Rotating WFCS
     Rotating WFCS
     k-point #    9 of    12      pool #  1    cpu time:    8912.9
     Rotating WFCS
     c_bands:  1 eigenvalues not converged
     Rotating WFCS
     Rotating WFCS
     Rotating WFCS
     Rotating WFCS
     Rotating WFCS
     Rotating WFCS
     k-point #   10 of    12      pool #  1    cpu time:   10004.3
     Rotating WFCS
     c_bands:  2 eigenvalues not converged
     Rotating WFCS
     Rotating WFCS
     Rotating WFCS
     c_bands:  2 eigenvalues not converged
     Rotating WFCS
     c_bands:  2 eigenvalues not converged
     Rotating WFCS
     Rotating WFCS
     k-point #   11 of    12      pool #  1    cpu time:   11152.3
     Rotating WFCS
     c_bands:  1 eigenvalues not converged
     Rotating WFCS
     Rotating WFCS
     Rotating WFCS
     Rotating WFCS
     Rotating WFCS
     Rotating WFCS
     k-point #   12 of    12      pool #  1    cpu time:   12276.4
     Rotating WFCS
     Rotating WFCS
     Rotating WFCS
     Rotating WFCS
     Rotating WFCS
     Rotating WFCS
     Rotating WFCS
     End of magnetic susceptibility calculation
 
     f-sum rule (1st term):
          -160.7176          0.0000          0.0935
             0.0000       -160.7639          0.0000
             0.0924          0.0000       -160.7703

     f-sum rule (2nd term):
            -2.8543          0.0000         -0.0936
             0.0000         -2.8056          0.0000
            -0.0923          0.0000         -2.7984

     f-sum rule (should be  -163.5682):
          -163.5720          0.0000         -0.0001
             0.0000       -163.5695          0.0000
             0.0001          0.0000       -163.5686

     chi_bare pGv (HH) in paratec units:
       -50.207318      0.117283     -9.158573
         0.102407    -43.851676     -0.101938
        -9.798625      0.174636    -53.496979

       -50.207318      0.000000     -9.158573
         0.000000    -43.851676      0.000000
        -9.798625      0.000000    -53.496979

     chi_bare vGv (VV) in paratec units:
       -48.760733      0.080563    -13.516052
         0.082203    -42.031414     -0.006845
       -13.531246     -0.005720    -52.194388

       -48.760733      0.000000    -13.516052
         0.000000    -42.031414      0.000000
       -13.531246      0.000000    -52.194388

     chi_bare pGv (HH) in 10^{-6} cm^3/mol:
          -238.5899          0.0000        -43.5224
             0.0000       -208.3873          0.0000
           -46.5640          0.0000       -254.2227

     chi_bare vGv (VV) in 10^{-6} cm^3/mol:
          -231.7156          0.0000        -64.2296
             0.0000       -199.7372          0.0000
           -64.3018          0.0000       -248.0326

     Contributions to the NMR chemical shifts: -------------------------------
 
     Macroscopic shape contribution in ppm:                    6.79
             6.9325          0.0000          0.0000
             0.0000          6.0549          0.0000
             0.0000          0.0000          7.3867

 
     Core contribution in ppm:
 
     Atom  1  C   pos: (  0.245109  1.014019  0.234320)  core sigma:         200.51
     Atom  2  C   pos: (  0.737819  0.441023  1.333209)  core sigma:         200.51
     Atom  3  C   pos: (  0.720747  0.131973  2.900738)  core sigma:         200.51
     Atom  4  C   pos: (  0.228036  0.704970  1.801849)  core sigma:         200.51
     Atom  5  C   pos: (  0.031590  0.900463  0.387073)  core sigma:         200.51
     Atom  6  C   pos: (  0.951337  0.327467  1.180456)  core sigma:         200.51
     Atom  7  C   pos: (  0.934265  0.245529  2.747985)  core sigma:         200.51
     Atom  8  C   pos: (  0.014518  0.818526  1.954602)  core sigma:         200.51
     Atom  9  C   pos: (  0.913165  0.661317  0.340522)  core sigma:         200.51
     Atom 10  C   pos: (  0.069763  0.088321  1.227007)  core sigma:         200.51
     Atom 11  C   pos: (  0.052691  0.484675  2.794536)  core sigma:         200.51
     Atom 12  C   pos: (  0.896092  1.057671  1.908052)  core sigma:         200.51
     Atom 13  H   pos: ( -0.043631  0.501447  0.208295)  core sigma:           0.00
     Atom 14  H   pos: (  1.026558  1.074444  1.359234)  core sigma:           0.00
     Atom 15  H   pos: (  1.009486  0.644545  2.926763)  core sigma:           0.00
     Atom 16  H   pos: ( -0.060703  0.071549  1.775824)  core sigma:           0.00
     Atom 17  C   pos: (  0.685593  0.853208  0.651328)  core sigma:         200.51
     Atom 18  C   pos: (  0.297334  0.280212  0.916201)  core sigma:         200.51
     Atom 19  C   pos: (  0.280262  0.292784  2.483730)  core sigma:         200.51
     Atom 20  C   pos: (  0.668521  0.865780  2.218857)  core sigma:         200.51
     Atom 21  H   pos: (  0.528441  0.854254  0.793519)  core sigma:           0.00
     Atom 22  H   pos: (  0.454487  0.281258  0.774010)  core sigma:           0.00
     Atom 23  H   pos: (  0.437414  0.291738  2.341539)  core sigma:           0.00
     Atom 24  H   pos: (  0.511368  0.864734  2.361048)  core sigma:           0.00
     Atom 25  C   pos: (  0.879976  1.024381  0.589836)  core sigma:         200.51
     Atom 26  C   pos: (  0.102951  0.451385  0.977693)  core sigma:         200.51
     Atom 27  C   pos: (  0.085879  0.121611  2.545222)  core sigma:         200.51
     Atom 28  C   pos: (  0.862904  0.694608  2.157365)  core sigma:         200.51
     Atom 29  H   pos: (  0.918868  0.066270  0.679212)  core sigma:           0.00
     Atom 30  H   pos: (  0.064060  0.639266  0.888317)  core sigma:           0.00
     Atom 31  H   pos: (  0.046987  1.079722  2.455846)  core sigma:           0.00
     Atom 32  H   pos: (  0.901795  0.506726  2.246741)  core sigma:           0.00
     Atom 33  O   pos: (  0.339453  0.856342  0.051501)  core sigma:         271.07
     Atom 34  O   pos: (  0.643475  0.283346  1.516028)  core sigma:         271.07
     Atom 35  O   pos: (  0.626402  0.289650  3.083557)  core sigma:         271.07
     Atom 36  O   pos: (  0.322380  0.862646  1.619030)  core sigma:         271.07
     Atom 37  O   pos: (  0.320613  0.097667  0.268226)  core sigma:         271.07
     Atom 38  O   pos: (  0.662315  0.670663  1.299303)  core sigma:         271.07
     Atom 39  O   pos: (  0.645242  1.048326  2.866832)  core sigma:         271.07
     Atom 40  O   pos: (  0.303541  0.475329  1.835755)  core sigma:         271.07
     Atom 41  O   pos: (  0.704063  0.630837  0.498999)  core sigma:         271.07
     Atom 42  O   pos: (  0.278865  0.057841  1.068530)  core sigma:         271.07
     Atom 43  O   pos: (  0.261792  0.515155  2.636060)  core sigma:         271.07
     Atom 44  O   pos: (  0.686990  1.088151  2.066528)  core sigma:         271.07
     Atom 45  H   pos: (  0.443194  0.943801  3.067333)  core sigma:           0.00
     Atom 46  H   pos: (  0.505589  0.370805  1.635254)  core sigma:           0.00
     Atom 47  H   pos: (  0.522661  0.202191  0.067725)  core sigma:           0.00
     Atom 48  H   pos: (  0.460266  0.775187  1.499804)  core sigma:           0.00
 
     Bare contribution in ppm:
 
     Atom  1  C   pos: (  0.245109  1.014019  0.234320)  bare sigma:         -77.94
           -79.4498         -6.0411         25.9819
            -2.0471        -68.4658         -7.7324
            29.4071         -3.8534        -85.9148

     Atom  2  C   pos: (  0.737819  0.441023  1.333209)  bare sigma:         -77.94
           -79.4498          6.0411         25.9819
             2.0471        -68.4658          7.7324
            29.4071          3.8534        -85.9148

     Atom  3  C   pos: (  0.720747  0.131973  2.900738)  bare sigma:         -77.94
           -79.4498         -6.0411         25.9819
            -2.0471        -68.4658         -7.7324
            29.4071         -3.8534        -85.9148

     Atom  4  C   pos: (  0.228036  0.704970  1.801849)  bare sigma:         -77.94
           -79.4498          6.0411         25.9819
             2.0471        -68.4658          7.7324
            29.4071          3.8534        -85.9148

     Atom  5  C   pos: (  0.031590  0.900463  0.387073)  bare sigma:         -47.17
           -48.9473        -10.6668         28.5536
           -10.7758        -47.5733        -13.1010
            26.2292        -15.0978        -44.9980

     Atom  6  C   pos: (  0.951337  0.327467  1.180456)  bare sigma:         -47.17
           -48.9473         10.6668         28.5536
            10.7758        -47.5733         13.1010
            26.2292         15.0978        -44.9980

     Atom  7  C   pos: (  0.934265  0.245529  2.747985)  bare sigma:         -47.17
           -48.9473        -10.6668         28.5536
           -10.7758        -47.5733        -13.1010
            26.2292        -15.0978        -44.9980

     Atom  8  C   pos: (  0.014518  0.818526  1.954602)  bare sigma:         -47.17
           -48.9473         10.6668         28.5536
            10.7758        -47.5733         13.1010
            26.2292         15.0978        -44.9980

     Atom  9  C   pos: (  0.913165  0.661317  0.340522)  bare sigma:         -65.72
           -64.7589         -1.0156         33.4474
           -13.5283        -68.0951        -15.6527
            29.1128        -27.5481        -64.2980

     Atom 10  C   pos: (  0.069763  0.088321  1.227007)  bare sigma:         -65.72
           -64.7589          1.0156         33.4474
            13.5283        -68.0951         15.6527
            29.1128         27.5481        -64.2980

     Atom 11  C   pos: (  0.052691  0.484675  2.794536)  bare sigma:         -65.72
           -64.7589         -1.0156         33.4474
           -13.5283        -68.0951        -15.6527
            29.1128        -27.5481        -64.2980

     Atom 12  C   pos: (  0.896092  1.057671  1.908052)  bare sigma:         -65.72
           -64.7589          1.0156         33.4474
            13.5283        -68.0951         15.6527
            29.1128         27.5481        -64.2980

     Atom 13  H   pos: ( -0.043631  0.501447  0.208295)  bare sigma:          13.65
            12.5817          1.2312         -1.1078
             0.0705         14.7647          2.9230
            -2.3013          0.9566         13.6096

     Atom 14  H   pos: (  1.026558  1.074444  1.359234)  bare sigma:          13.65
            12.5817         -1.2312         -1.1078
            -0.0705         14.7647         -2.9230
            -2.3013         -0.9566         13.6096

     Atom 15  H   pos: (  1.009486  0.644545  2.926763)  bare sigma:          13.65
            12.5817          1.2312         -1.1078
             0.0705         14.7647          2.9230
            -2.3013          0.9566         13.6096

     Atom 16  H   pos: ( -0.060703  0.071549  1.775824)  bare sigma:          13.65
            12.5817         -1.2312         -1.1078
            -0.0705         14.7647         -2.9230
            -2.3013         -0.9566         13.6096

     Atom 17  C   pos: (  0.685593  0.853208  0.651328)  bare sigma:         -60.89
           -57.8179         -3.4860         22.9264
             2.6163        -61.1310        -23.6178
            28.0297        -17.7614        -63.7355

     Atom 18  C   pos: (  0.297334  0.280212  0.916201)  bare sigma:         -60.89
           -57.8179          3.4860         22.9264
            -2.6163        -61.1310         23.6178
            28.0297         17.7614        -63.7355

     Atom 19  C   pos: (  0.280262  0.292784  2.483730)  bare sigma:         -60.89
           -57.8179         -3.4860         22.9264
             2.6163        -61.1310        -23.6178
            28.0297        -17.7614        -63.7355

     Atom 20  C   pos: (  0.668521  0.865780  2.218857)  bare sigma:         -60.89
           -57.8179          3.4860         22.9264
            -2.6163        -61.1310         23.6178
            28.0297         17.7614        -63.7355

     Atom 21  H   pos: (  0.528441  0.854254  0.793519)  bare sigma:          14.70
            15.0983          0.5428         -3.9076
            -0.4759         15.7487         -0.2175
            -2.9873          1.0001         13.2436

     Atom 22  H   pos: (  0.454487  0.281258  0.774010)  bare sigma:          14.70
            15.0983         -0.5428         -3.9076
             0.4759         15.7487          0.2175
            -2.9873         -1.0001         13.2436

     Atom 23  H   pos: (  0.437414  0.291738  2.341539)  bare sigma:          14.70
            15.0983          0.5428         -3.9076
            -0.4759         15.7487         -0.2175
            -2.9873          1.0001         13.2436

     Atom 24  H   pos: (  0.511368  0.864734  2.361048)  bare sigma:          14.70
            15.0983         -0.5428         -3.9076
             0.4759         15.7487          0.2175
            -2.9873         -1.0001         13.2436

     Atom 25  C   pos: (  0.879976  1.024381  0.589836)  bare sigma:         -41.26
           -28.8024        -10.5017         26.1674
           -10.8770        -59.4323        -33.2805
            26.5461        -31.5118        -35.5454

     Atom 26  C   pos: (  0.102951  0.451385  0.977693)  bare sigma:         -41.26
           -28.8024         10.5017         26.1674
            10.8770        -59.4323         33.2805
            26.5461         31.5118        -35.5454

     Atom 27  C   pos: (  0.085879  0.121611  2.545222)  bare sigma:         -41.26
           -28.8024        -10.5017         26.1674
           -10.8770        -59.4323        -33.2805
            26.5461        -31.5118        -35.5454

     Atom 28  C   pos: (  0.862904  0.694608  2.157365)  bare sigma:         -41.26
           -28.8024         10.5017         26.1674
            10.8770        -59.4323         33.2805
            26.5461         31.5118        -35.5454

     Atom 29  H   pos: (  0.918868  0.066270  0.679212)  bare sigma:          17.70
            16.9652          1.4111          1.4479
             2.4136         18.7607          2.7496
             0.8344          1.9380         17.3832

     Atom 30  H   pos: (  0.064060  0.639266  0.888317)  bare sigma:          17.70
            16.9652         -1.4111          1.4479
            -2.4136         18.7607         -2.7496
             0.8344         -1.9380         17.3832

     Atom 31  H   pos: (  0.046987  1.079722  2.455846)  bare sigma:          17.70
            16.9652          1.4111          1.4479
             2.4136         18.7607          2.7496
             0.8344          1.9380         17.3832

     Atom 32  H   pos: (  0.901795  0.506726  2.246741)  bare sigma:          17.70
            16.9652         -1.4111          1.4479
            -2.4136         18.7607         -2.7496
             0.8344         -1.9380         17.3832

     Atom 33  O   pos: (  0.339453  0.856342  0.051501)  bare sigma:          21.45
            23.2037        -19.3701         19.4043
           -39.3358          2.6506         18.5055
            11.1435          0.0057         38.4937

     Atom 34  O   pos: (  0.643475  0.283346  1.516028)  bare sigma:          21.45
            23.2037         19.3701         19.4043
            39.3358          2.6506        -18.5055
            11.1435         -0.0057         38.4937

     Atom 35  O   pos: (  0.626402  0.289650  3.083557)  bare sigma:          21.45
            23.2037        -19.3701         19.4043
           -39.3358          2.6506         18.5055
            11.1435          0.0057         38.4937

     Atom 36  O   pos: (  0.322380  0.862646  1.619030)  bare sigma:          21.45
            23.2037         19.3701         19.4043
            39.3358          2.6506        -18.5055
            11.1435         -0.0057         38.4937

     Atom 37  O   pos: (  0.320613  0.097667  0.268226)  bare sigma:         -13.34
             8.2259        -27.4223         48.6201
           -22.3424        -43.7753        -32.0984
            53.2058        -29.3288         -4.4595

     Atom 38  O   pos: (  0.662315  0.670663  1.299303)  bare sigma:         -13.34
             8.2259         27.4223         48.6201
            22.3424        -43.7753         32.0984
            53.2058         29.3288         -4.4595

     Atom 39  O   pos: (  0.645242  1.048326  2.866832)  bare sigma:         -13.34
             8.2259        -27.4223         48.6201
           -22.3424        -43.7753        -32.0984
            53.2058        -29.3288         -4.4595

     Atom 40  O   pos: (  0.303541  0.475329  1.835755)  bare sigma:         -13.34
             8.2259         27.4223         48.6201
            22.3424        -43.7753         32.0984
            53.2058         29.3288         -4.4595

     Atom 41  O   pos: (  0.704063  0.630837  0.498999)  bare sigma:          -0.85
             0.3317        -18.4367         47.7269
           -21.6329        -10.7150        -31.2170
            45.8451        -36.6157          7.8373

     Atom 42  O   pos: (  0.278865  0.057841  1.068530)  bare sigma:          -0.85
             0.3317         18.4367         47.7269
            21.6329        -10.7150         31.2170
            45.8451         36.6157          7.8373

     Atom 43  O   pos: (  0.261792  0.515155  2.636060)  bare sigma:          -0.85
             0.3317        -18.4367         47.7269
           -21.6329        -10.7150        -31.2170
            45.8451        -36.6157          7.8373

     Atom 44  O   pos: (  0.686990  1.088151  2.066528)  bare sigma:          -0.85
             0.3317         18.4367         47.7269
            21.6329        -10.7150         31.2170
            45.8451         36.6157          7.8373

     Atom 45  H   pos: (  0.443194  0.943801  3.067333)  bare sigma:           7.93
             9.8811          5.5320        -13.4867
             5.1929          3.3112         -4.0255
           -14.9602         -5.7235         10.6060

     Atom 46  H   pos: (  0.505589  0.370805  1.635254)  bare sigma:           7.93
             9.8811         -5.5320        -13.4867
            -5.1929          3.3112          4.0255
           -14.9602          5.7235         10.6060

     Atom 47  H   pos: (  0.522661  0.202191  0.067725)  bare sigma:           7.93
             9.8811          5.5320        -13.4867
             5.1929          3.3112         -4.0255
           -14.9602         -5.7235         10.6060

     Atom 48  H   pos: (  0.460266  0.775187  1.499804)  bare sigma:           7.93
             9.8811         -5.5320        -13.4867
            -5.1929          3.3112          4.0255
           -14.9602          5.7235         10.6060

     Diamagnetic contribution in ppm:
 
     Atom  1  C   pos: (  0.245109  1.014019  0.234320)  dia sigma:           3.90
             3.9168         -0.1172          0.1233
            -0.1172          3.8366         -0.0051
             0.1233         -0.0051          3.9583

     Atom  2  C   pos: (  0.737819  0.441023  1.333209)  dia sigma:           3.90
             3.9168          0.1172          0.1233
             0.1172          3.8366          0.0051
             0.1233          0.0051          3.9583

     Atom  3  C   pos: (  0.720747  0.131973  2.900738)  dia sigma:           3.90
             3.9168         -0.1172          0.1233
            -0.1172          3.8366         -0.0051
             0.1233         -0.0051          3.9583

     Atom  4  C   pos: (  0.228036  0.704970  1.801849)  dia sigma:           3.90
             3.9168          0.1172          0.1233
             0.1172          3.8366          0.0051
             0.1233          0.0051          3.9583

     Atom  5  C   pos: (  0.031590  0.900463  0.387073)  dia sigma:           4.39
             4.4073         -0.0303          0.0320
            -0.0303          4.3609         -0.0321
             0.0320         -0.0321          4.4149

     Atom  6  C   pos: (  0.951337  0.327467  1.180456)  dia sigma:           4.39
             4.4073          0.0303          0.0320
             0.0303          4.3609          0.0321
             0.0320          0.0321          4.4149

     Atom  7  C   pos: (  0.934265  0.245529  2.747985)  dia sigma:           4.39
             4.4073         -0.0303          0.0320
            -0.0303          4.3609         -0.0321
             0.0320         -0.0321          4.4149

     Atom  8  C   pos: (  0.014518  0.818526  1.954602)  dia sigma:           4.39
             4.4073          0.0303          0.0320
             0.0303          4.3609          0.0321
             0.0320          0.0321          4.4149

     Atom  9  C   pos: (  0.913165  0.661317  0.340522)  dia sigma:           4.15
             4.2739         -0.0226         -0.0546
            -0.0226          3.9923         -0.1193
            -0.0546         -0.1193          4.1942

     Atom 10  C   pos: (  0.069763  0.088321  1.227007)  dia sigma:           4.15
             4.2739          0.0226         -0.0546
             0.0226          3.9923          0.1193
            -0.0546          0.1193          4.1942

     Atom 11  C   pos: (  0.052691  0.484675  2.794536)  dia sigma:           4.15
             4.2739         -0.0226         -0.0546
            -0.0226          3.9923         -0.1193
            -0.0546         -0.1193          4.1942

     Atom 12  C   pos: (  0.896092  1.057671  1.908052)  dia sigma:           4.15
             4.2739          0.0226         -0.0546
             0.0226          3.9923          0.1193
            -0.0546          0.1193          4.1942

     Atom 13  H   pos: ( -0.043631  0.501447  0.208295)  dia sigma:           1.11
             1.1137         -0.0000         -0.0000
            -0.0000          1.1137          0.0000
            -0.0000          0.0000          1.1137

     Atom 14  H   pos: (  1.026558  1.074444  1.359234)  dia sigma:           1.11
             1.1137          0.0000         -0.0000
             0.0000          1.1137         -0.0000
            -0.0000         -0.0000          1.1137

     Atom 15  H   pos: (  1.009486  0.644545  2.926763)  dia sigma:           1.11
             1.1137         -0.0000         -0.0000
            -0.0000          1.1137          0.0000
            -0.0000          0.0000          1.1137

     Atom 16  H   pos: ( -0.060703  0.071549  1.775824)  dia sigma:           1.11
             1.1137          0.0000         -0.0000
             0.0000          1.1137         -0.0000
            -0.0000         -0.0000          1.1137

     Atom 17  C   pos: (  0.685593  0.853208  0.651328)  dia sigma:           4.19
             4.0587         -0.0755          0.0749
            -0.0755          4.3031          0.1322
             0.0749          0.1322          4.2130

     Atom 18  C   pos: (  0.297334  0.280212  0.916201)  dia sigma:           4.19
             4.0587          0.0755          0.0749
             0.0755          4.3031         -0.1322
             0.0749         -0.1322          4.2130

     Atom 19  C   pos: (  0.280262  0.292784  2.483730)  dia sigma:           4.19
             4.0587         -0.0755          0.0749
            -0.0755          4.3031          0.1322
             0.0749          0.1322          4.2130

     Atom 20  C   pos: (  0.668521  0.865780  2.218857)  dia sigma:           4.19
             4.0587          0.0755          0.0749
             0.0755          4.3031         -0.1322
             0.0749         -0.1322          4.2130

     Atom 21  H   pos: (  0.528441  0.854254  0.793519)  dia sigma:           1.12
             1.1199          0.0000         -0.0000
             0.0000          1.1199         -0.0000
            -0.0000         -0.0000          1.1199

     Atom 22  H   pos: (  0.454487  0.281258  0.774010)  dia sigma:           1.12
             1.1199         -0.0000         -0.0000
            -0.0000          1.1199          0.0000
            -0.0000          0.0000          1.1199

     Atom 23  H   pos: (  0.437414  0.291738  2.341539)  dia sigma:           1.12
             1.1199          0.0000         -0.0000
             0.0000          1.1199         -0.0000
            -0.0000         -0.0000          1.1199

     Atom 24  H   pos: (  0.511368  0.864734  2.361048)  dia sigma:           1.12
             1.1199         -0.0000         -0.0000
            -0.0000          1.1199          0.0000
            -0.0000          0.0000          1.1199

     Atom 25  C   pos: (  0.879976  1.024381  0.589836)  dia sigma:           4.38
             4.3911         -0.0753          0.0522
            -0.0753          4.3180         -0.0482
             0.0522         -0.0482          4.4216

     Atom 26  C   pos: (  0.102951  0.451385  0.977693)  dia sigma:           4.38
             4.3911          0.0753          0.0522
             0.0753          4.3180          0.0482
             0.0522          0.0482          4.4216

     Atom 27  C   pos: (  0.085879  0.121611  2.545222)  dia sigma:           4.38
             4.3911         -0.0753          0.0522
            -0.0753          4.3180         -0.0482
             0.0522         -0.0482          4.4216

     Atom 28  C   pos: (  0.862904  0.694608  2.157365)  dia sigma:           4.38
             4.3911          0.0753          0.0522
             0.0753          4.3180          0.0482
             0.0522          0.0482          4.4216

     Atom 29  H   pos: (  0.918868  0.066270  0.679212)  dia sigma:           1.12
             1.1182         -0.0000         -0.0000
            -0.0000          1.1182          0.0000
            -0.0000          0.0000          1.1182

     Atom 30  H   pos: (  0.064060  0.639266  0.888317)  dia sigma:           1.12
             1.1182          0.0000         -0.0000
             0.0000          1.1182         -0.0000
            -0.0000         -0.0000          1.1182

     Atom 31  H   pos: (  0.046987  1.079722  2.455846)  dia sigma:           1.12
             1.1182         -0.0000         -0.0000
            -0.0000          1.1182          0.0000
            -0.0000          0.0000          1.1182

     Atom 32  H   pos: (  0.901795  0.506726  2.246741)  dia sigma:           1.12
             1.1182          0.0000         -0.0000
             0.0000          1.1182         -0.0000
            -0.0000         -0.0000          1.1182

     Atom 33  O   pos: (  0.339453  0.856342  0.051501)  dia sigma:          17.98
            17.9276         -0.1590         -0.4627
            -0.1590         17.7426          0.2346
            -0.4627          0.2346         18.2694

     Atom 34  O   pos: (  0.643475  0.283346  1.516028)  dia sigma:          17.98
            17.9276          0.1590         -0.4627
             0.1590         17.7426         -0.2346
            -0.4627         -0.2346         18.2694

     Atom 35  O   pos: (  0.626402  0.289650  3.083557)  dia sigma:          17.98
            17.9276         -0.1590         -0.4627
            -0.1590         17.7426          0.2346
            -0.4627          0.2346         18.2694

     Atom 36  O   pos: (  0.322380  0.862646  1.619030)  dia sigma:          17.98
            17.9276          0.1590         -0.4627
             0.1590         17.7426         -0.2346
            -0.4627         -0.2346         18.2694

     Atom 37  O   pos: (  0.320613  0.097667  0.268226)  dia sigma:          17.65
            17.5150          0.1681          0.4391
             0.1681         18.0556         -0.1075
             0.4391         -0.1075         17.3703

     Atom 38  O   pos: (  0.662315  0.670663  1.299303)  dia sigma:          17.65
            17.5150         -0.1681          0.4391
            -0.1681         18.0556          0.1075
             0.4391          0.1075         17.3703

     Atom 39  O   pos: (  0.645242  1.048326  2.866832)  dia sigma:          17.65
            17.5150          0.1681          0.4391
             0.1681         18.0556         -0.1075
             0.4391         -0.1075         17.3703

     Atom 40  O   pos: (  0.303541  0.475329  1.835755)  dia sigma:          17.65
            17.5150         -0.1681          0.4391
            -0.1681         18.0556          0.1075
             0.4391          0.1075         17.3703

     Atom 41  O   pos: (  0.704063  0.630837  0.498999)  dia sigma:          17.54
            17.4862         -0.2896         -0.3991
            -0.2896         17.3702          0.3339
            -0.3991          0.3339         17.7534

     Atom 42  O   pos: (  0.278865  0.057841  1.068530)  dia sigma:          17.54
            17.4862          0.2896         -0.3991
             0.2896         17.3702         -0.3339
            -0.3991         -0.3339         17.7534

     Atom 43  O   pos: (  0.261792  0.515155  2.636060)  dia sigma:          17.54
            17.4862         -0.2896         -0.3991
            -0.2896         17.3702          0.3339
            -0.3991          0.3339         17.7534

     Atom 44  O   pos: (  0.686990  1.088151  2.066528)  dia sigma:          17.54
            17.4862          0.2896         -0.3991
             0.2896         17.3702         -0.3339
            -0.3991         -0.3339         17.7534

     Atom 45  H   pos: (  0.443194  0.943801  3.067333)  dia sigma:           0.88
             0.8805          0.0000         -0.0000
             0.0000          0.8805         -0.0000
            -0.0000         -0.0000          0.8805

     Atom 46  H   pos: (  0.505589  0.370805  1.635254)  dia sigma:           0.88
             0.8805         -0.0000         -0.0000
            -0.0000          0.8805          0.0000
            -0.0000          0.0000          0.8805

     Atom 47  H   pos: (  0.522661  0.202191  0.067725)  dia sigma:           0.88
             0.8805          0.0000         -0.0000
             0.0000          0.8805         -0.0000
            -0.0000         -0.0000          0.8805

     Atom 48  H   pos: (  0.460266  0.775187  1.499804)  dia sigma:           0.88
             0.8805         -0.0000         -0.0000
            -0.0000          0.8805          0.0000
            -0.0000          0.0000          0.8805

     Paramagnetic contribution in ppm:
 
     Atom  1  C   pos: (  0.245109  1.014019  0.234320)  para sigma:        -121.93
          -119.2063         -7.4686         32.8511
            -2.3457       -118.0607        -15.1401
            36.8529         -9.4907       -128.5117

     Atom  2  C   pos: (  0.737819  0.441023  1.333209)  para sigma:        -121.93
          -119.2063          7.4686         32.8511
             2.3457       -118.0607         15.1401
            36.8529          9.4907       -128.5117

     Atom  3  C   pos: (  0.720747  0.131973  2.900738)  para sigma:        -121.93
          -119.2063         -7.4686         32.8511
            -2.3457       -118.0607        -15.1401
            36.8529         -9.4907       -128.5117

     Atom  4  C   pos: (  0.228036  0.704970  1.801849)  para sigma:        -121.93
          -119.2063          7.4686         32.8511
             2.3457       -118.0607         15.1401
            36.8529          9.4907       -128.5117

     Atom  5  C   pos: (  0.031590  0.900463  0.387073)  para sigma:        -103.68
          -108.9649        -10.1067         30.0346
            -9.3428        -99.9155         -8.8674
            27.2665         -9.9028       -102.1662

     Atom  6  C   pos: (  0.951337  0.327467  1.180456)  para sigma:        -103.68
          -108.9649         10.1067         30.0346
             9.3428        -99.9155          8.8674
            27.2665          9.9028       -102.1662

     Atom  7  C   pos: (  0.934265  0.245529  2.747985)  para sigma:        -103.68
          -108.9649        -10.1067         30.0346
            -9.3428        -99.9155         -8.8674
            27.2665         -9.9028       -102.1662

     Atom  8  C   pos: (  0.014518  0.818526  1.954602)  para sigma:        -103.68
          -108.9649         10.1067         30.0346
             9.3428        -99.9155          8.8674
            27.2665          9.9028       -102.1662

     Atom  9  C   pos: (  0.913165  0.661317  0.340522)  para sigma:        -119.44
          -121.8330          2.6153         36.8178
            -9.3522       -115.1141        -13.0880
            32.5828        -23.1964       -121.3731

     Atom 10  C   pos: (  0.069763  0.088321  1.227007)  para sigma:        -119.44
          -121.8330         -2.6153         36.8178
             9.3522       -115.1141         13.0880
            32.5828         23.1964       -121.3731

     Atom 11  C   pos: (  0.052691  0.484675  2.794536)  para sigma:        -119.44
          -121.8330          2.6153         36.8178
            -9.3522       -115.1141        -13.0880
            32.5828        -23.1964       -121.3731

     Atom 12  C   pos: (  0.896092  1.057671  1.908052)  para sigma:        -119.44
          -121.8330         -2.6153         36.8178
             9.3522       -115.1141         13.0880
            32.5828         23.1964       -121.3731

     Atom 13  H   pos: ( -0.043631  0.501447  0.208295)  para sigma:           0.00
             0.0000          0.0000          0.0000
             0.0000          0.0000          0.0000
             0.0000          0.0000          0.0000

     Atom 14  H   pos: (  1.026558  1.074444  1.359234)  para sigma:           0.00
             0.0000          0.0000          0.0000
             0.0000          0.0000          0.0000
             0.0000          0.0000          0.0000

     Atom 15  H   pos: (  1.009486  0.644545  2.926763)  para sigma:           0.00
             0.0000          0.0000          0.0000
             0.0000          0.0000          0.0000
             0.0000          0.0000          0.0000

     Atom 16  H   pos: ( -0.060703  0.071549  1.775824)  para sigma:           0.00
             0.0000          0.0000          0.0000
             0.0000          0.0000          0.0000
             0.0000          0.0000          0.0000

     Atom 17  C   pos: (  0.685593  0.853208  0.651328)  para sigma:        -116.30
          -109.3784          1.6596         21.4873
             8.8383       -118.6579        -27.8359
            26.4400        -20.7817       -120.8565

     Atom 18  C   pos: (  0.297334  0.280212  0.916201)  para sigma:        -116.30
          -109.3784         -1.6596         21.4873
            -8.8383       -118.6579         27.8359
            26.4400         20.7817       -120.8565

     Atom 19  C   pos: (  0.280262  0.292784  2.483730)  para sigma:        -116.30
          -109.3784          1.6596         21.4873
             8.8383       -118.6579        -27.8359
            26.4400        -20.7817       -120.8565

     Atom 20  C   pos: (  0.668521  0.865780  2.218857)  para sigma:        -116.30
          -109.3784         -1.6596         21.4873
            -8.8383       -118.6579         27.8359
            26.4400         20.7817       -120.8565

     Atom 21  H   pos: (  0.528441  0.854254  0.793519)  para sigma:           0.00
             0.0000          0.0000          0.0000
             0.0000          0.0000          0.0000
             0.0000          0.0000          0.0000

     Atom 22  H   pos: (  0.454487  0.281258  0.774010)  para sigma:           0.00
             0.0000          0.0000          0.0000
             0.0000          0.0000          0.0000
             0.0000          0.0000          0.0000

     Atom 23  H   pos: (  0.437414  0.291738  2.341539)  para sigma:           0.00
             0.0000          0.0000          0.0000
             0.0000          0.0000          0.0000
             0.0000          0.0000          0.0000

     Atom 24  H   pos: (  0.511368  0.864734  2.361048)  para sigma:           0.00
             0.0000          0.0000          0.0000
             0.0000          0.0000          0.0000
             0.0000          0.0000          0.0000

     Atom 25  C   pos: (  0.879976  1.024381  0.589836)  para sigma:         -99.91
           -85.3300         -6.7927         22.6299
            -7.9468       -119.0599        -33.2971
            22.4218        -31.4161        -95.3282

     Atom 26  C   pos: (  0.102951  0.451385  0.977693)  para sigma:         -99.91
           -85.3300          6.7927         22.6299
             7.9468       -119.0599         33.2971
            22.4218         31.4161        -95.3282

     Atom 27  C   pos: (  0.085879  0.121611  2.545222)  para sigma:         -99.91
           -85.3300         -6.7927         22.6299
            -7.9468       -119.0599        -33.2971
            22.4218        -31.4161        -95.3282

     Atom 28  C   pos: (  0.862904  0.694608  2.157365)  para sigma:         -99.91
           -85.3300          6.7927         22.6299
             7.9468       -119.0599         33.2971
            22.4218         31.4161        -95.3282

     Atom 29  H   pos: (  0.918868  0.066270  0.679212)  para sigma:           0.00
             0.0000          0.0000          0.0000
             0.0000          0.0000          0.0000
             0.0000          0.0000          0.0000

     Atom 30  H   pos: (  0.064060  0.639266  0.888317)  para sigma:           0.00
             0.0000          0.0000          0.0000
             0.0000          0.0000          0.0000
             0.0000          0.0000          0.0000

     Atom 31  H   pos: (  0.046987  1.079722  2.455846)  para sigma:           0.00
             0.0000          0.0000          0.0000
             0.0000          0.0000          0.0000
             0.0000          0.0000          0.0000

     Atom 32  H   pos: (  0.901795  0.506726  2.246741)  para sigma:           0.00
             0.0000          0.0000          0.0000
             0.0000          0.0000          0.0000
             0.0000          0.0000          0.0000

     Atom 33  O   pos: (  0.339453  0.856342  0.051501)  para sigma:         -97.36
           -90.7399        -44.3251         35.1894
           -83.2492       -146.2629         36.2851
            20.2201          0.9697        -55.0741

     Atom 34  O   pos: (  0.643475  0.283346  1.516028)  para sigma:         -97.36
           -90.7399         44.3251         35.1894
            83.2492       -146.2629        -36.2851
            20.2201         -0.9697        -55.0741

     Atom 35  O   pos: (  0.626402  0.289650  3.083557)  para sigma:         -97.36
           -90.7399        -44.3251         35.1894
           -83.2492       -146.2629         36.2851
            20.2201          0.9697        -55.0741

     Atom 36  O   pos: (  0.322380  0.862646  1.619030)  para sigma:         -97.36
           -90.7399         44.3251         35.1894
            83.2492       -146.2629        -36.2851
            20.2201         -0.9697        -55.0741

     Atom 37  O   pos: (  0.320613  0.097667  0.268226)  para sigma:        -171.15
          -120.2759        -45.5171        114.9189
           -42.5808       -236.2499        -76.4720
           122.3789        -75.0207       -156.9122

     Atom 38  O   pos: (  0.662315  0.670663  1.299303)  para sigma:        -171.15
          -120.2759         45.5171        114.9189
            42.5808       -236.2499         76.4720
           122.3789         75.0207       -156.9122

     Atom 39  O   pos: (  0.645242  1.048326  2.866832)  para sigma:        -171.15
          -120.2759        -45.5171        114.9189
           -42.5808       -236.2499        -76.4720
           122.3789        -75.0207       -156.9122

     Atom 40  O   pos: (  0.303541  0.475329  1.835755)  para sigma:        -171.15
          -120.2759         45.5171        114.9189
            42.5808       -236.2499         76.4720
           122.3789         75.0207       -156.9122

     Atom 41  O   pos: (  0.704063  0.630837  0.498999)  para sigma:        -158.31
          -154.6851        -38.1585        102.9579
           -45.7085       -182.9964        -68.1928
            97.6206        -76.1933       -137.2620

     Atom 42  O   pos: (  0.278865  0.057841  1.068530)  para sigma:        -158.31
          -154.6851         38.1585        102.9579
            45.7085       -182.9964         68.1928
            97.6206         76.1933       -137.2620

     Atom 43  O   pos: (  0.261792  0.515155  2.636060)  para sigma:        -158.31
          -154.6851        -38.1585        102.9579
           -45.7085       -182.9964        -68.1928
            97.6206        -76.1933       -137.2620

     Atom 44  O   pos: (  0.686990  1.088151  2.066528)  para sigma:        -158.31
          -154.6851         38.1585        102.9579
            45.7085       -182.9964         68.1928
            97.6206         76.1933       -137.2620

     Atom 45  H   pos: (  0.443194  0.943801  3.067333)  para sigma:           0.00
             0.0000          0.0000          0.0000
             0.0000          0.0000          0.0000
             0.0000          0.0000          0.0000

     Atom 46  H   pos: (  0.505589  0.370805  1.635254)  para sigma:           0.00
             0.0000          0.0000          0.0000
             0.0000          0.0000          0.0000
             0.0000          0.0000          0.0000

     Atom 47  H   pos: (  0.522661  0.202191  0.067725)  para sigma:           0.00
             0.0000          0.0000          0.0000
             0.0000          0.0000          0.0000
             0.0000          0.0000          0.0000

     Atom 48  H   pos: (  0.460266  0.775187  1.499804)  para sigma:           0.00
             0.0000          0.0000          0.0000
             0.0000          0.0000          0.0000
             0.0000          0.0000          0.0000

     Paramagnetic US occ-occ contribution in ppm:
 
     Atom  1  C   pos: (  0.245109  1.014019  0.234320)  para_oo sigma:          -1.53
            -1.8773         -0.2473          0.8175
            -0.2356         -0.9784          0.2433
             0.8441          0.2776         -1.7346

     Atom  2  C   pos: (  0.737819  0.441023  1.333209)  para_oo sigma:          -1.53
            -1.8773          0.2473          0.8175
             0.2356         -0.9784         -0.2433
             0.8441         -0.2776         -1.7346

     Atom  3  C   pos: (  0.720747  0.131973  2.900738)  para_oo sigma:          -1.53
            -1.8773         -0.2473          0.8175
            -0.2356         -0.9784          0.2433
             0.8441          0.2776         -1.7346

     Atom  4  C   pos: (  0.228036  0.704970  1.801849)  para_oo sigma:          -1.53
            -1.8773          0.2473          0.8175
             0.2356         -0.9784         -0.2433
             0.8441         -0.2776         -1.7346

     Atom  5  C   pos: (  0.031590  0.900463  0.387073)  para_oo sigma:          -0.77
            -0.4996          0.0598          0.3574
            -0.0561         -1.0747         -0.4659
             0.2573         -0.5306         -0.7279

     Atom  6  C   pos: (  0.951337  0.327467  1.180456)  para_oo sigma:          -0.77
            -0.4996         -0.0598          0.3574
             0.0561         -1.0747          0.4659
             0.2573          0.5306         -0.7279

     Atom  7  C   pos: (  0.934265  0.245529  2.747985)  para_oo sigma:          -0.77
            -0.4996          0.0598          0.3574
            -0.0561         -1.0747         -0.4659
             0.2573         -0.5306         -0.7279

     Atom  8  C   pos: (  0.014518  0.818526  1.954602)  para_oo sigma:          -0.77
            -0.4996         -0.0598          0.3574
             0.0561         -1.0747          0.4659
             0.2573          0.5306         -0.7279

     Atom  9  C   pos: (  0.913165  0.661317  0.340522)  para_oo sigma:          -0.74
            -0.4159         -0.1432          0.0530
            -0.2781         -1.2736         -0.3743
            -0.0134         -0.4684         -0.5247

     Atom 10  C   pos: (  0.069763  0.088321  1.227007)  para_oo sigma:          -0.74
            -0.4159          0.1432          0.0530
             0.2781         -1.2736          0.3743
            -0.0134          0.4684         -0.5247

     Atom 11  C   pos: (  0.052691  0.484675  2.794536)  para_oo sigma:          -0.74
            -0.4159         -0.1432          0.0530
            -0.2781         -1.2736         -0.3743
            -0.0134         -0.4684         -0.5247

     Atom 12  C   pos: (  0.896092  1.057671  1.908052)  para_oo sigma:          -0.74
            -0.4159          0.1432          0.0530
             0.2781         -1.2736          0.3743
            -0.0134          0.4684         -0.5247

     Atom 13  H   pos: ( -0.043631  0.501447  0.208295)  para_oo sigma:           0.00
             0.0000          0.0000          0.0000
             0.0000          0.0000          0.0000
             0.0000          0.0000          0.0000

     Atom 14  H   pos: (  1.026558  1.074444  1.359234)  para_oo sigma:           0.00
             0.0000          0.0000          0.0000
             0.0000          0.0000          0.0000
             0.0000          0.0000          0.0000

     Atom 15  H   pos: (  1.009486  0.644545  2.926763)  para_oo sigma:           0.00
             0.0000          0.0000          0.0000
             0.0000          0.0000          0.0000
             0.0000          0.0000          0.0000

     Atom 16  H   pos: ( -0.060703  0.071549  1.775824)  para_oo sigma:           0.00
             0.0000          0.0000          0.0000
             0.0000          0.0000          0.0000
             0.0000          0.0000          0.0000

     Atom 17  C   pos: (  0.685593  0.853208  0.651328)  para_oo sigma:          -0.66
            -0.8362         -0.2061          0.4342
            -0.1557         -0.5376         -0.0884
             0.4642         -0.0500         -0.6137

     Atom 18  C   pos: (  0.297334  0.280212  0.916201)  para_oo sigma:          -0.66
            -0.8362          0.2061          0.4342
             0.1557         -0.5376          0.0884
             0.4642          0.0500         -0.6137

     Atom 19  C   pos: (  0.280262  0.292784  2.483730)  para_oo sigma:          -0.66
            -0.8362         -0.2061          0.4342
            -0.1557         -0.5376         -0.0884
             0.4642         -0.0500         -0.6137

     Atom 20  C   pos: (  0.668521  0.865780  2.218857)  para_oo sigma:          -0.66
            -0.8362          0.2061          0.4342
             0.1557         -0.5376          0.0884
             0.4642          0.0500         -0.6137

     Atom 21  H   pos: (  0.528441  0.854254  0.793519)  para_oo sigma:           0.00
             0.0000          0.0000          0.0000
             0.0000          0.0000          0.0000
             0.0000          0.0000          0.0000

     Atom 22  H   pos: (  0.454487  0.281258  0.774010)  para_oo sigma:           0.00
             0.0000          0.0000          0.0000
             0.0000          0.0000          0.0000
             0.0000          0.0000          0.0000

     Atom 23  H   pos: (  0.437414  0.291738  2.341539)  para_oo sigma:           0.00
             0.0000          0.0000          0.0000
             0.0000          0.0000          0.0000
             0.0000          0.0000          0.0000

     Atom 24  H   pos: (  0.511368  0.864734  2.361048)  para_oo sigma:           0.00
             0.0000          0.0000          0.0000
             0.0000          0.0000          0.0000
             0.0000          0.0000          0.0000

     Atom 25  C   pos: (  0.879976  1.024381  0.589836)  para_oo sigma:          -0.54
            -0.5323         -0.0000          0.2946
             0.1422         -0.4718         -0.2984
             0.3796         -0.1782         -0.6208

     Atom 26  C   pos: (  0.102951  0.451385  0.977693)  para_oo sigma:          -0.54
            -0.5323          0.0000          0.2946
            -0.1422         -0.4718          0.2984
             0.3796          0.1782         -0.6208

     Atom 27  C   pos: (  0.085879  0.121611  2.545222)  para_oo sigma:          -0.54
            -0.5323         -0.0000          0.2946
             0.1422         -0.4718         -0.2984
             0.3796         -0.1782         -0.6208

     Atom 28  C   pos: (  0.862904  0.694608  2.157365)  para_oo sigma:          -0.54
            -0.5323          0.0000          0.2946
            -0.1422         -0.4718          0.2984
             0.3796          0.1782         -0.6208

     Atom 29  H   pos: (  0.918868  0.066270  0.679212)  para_oo sigma:           0.00
             0.0000          0.0000          0.0000
             0.0000          0.0000          0.0000
             0.0000          0.0000          0.0000

     Atom 30  H   pos: (  0.064060  0.639266  0.888317)  para_oo sigma:           0.00
             0.0000          0.0000          0.0000
             0.0000          0.0000          0.0000
             0.0000          0.0000          0.0000

     Atom 31  H   pos: (  0.046987  1.079722  2.455846)  para_oo sigma:           0.00
             0.0000          0.0000          0.0000
             0.0000          0.0000          0.0000
             0.0000          0.0000          0.0000

     Atom 32  H   pos: (  0.901795  0.506726  2.246741)  para_oo sigma:           0.00
             0.0000          0.0000          0.0000
             0.0000          0.0000          0.0000
             0.0000          0.0000          0.0000

     Atom 33  O   pos: (  0.339453  0.856342  0.051501)  para_oo sigma:          -1.58
            -1.9470         -0.5377          1.9742
            -1.2524         -1.1537          0.6752
             1.5512         -0.1765         -1.6411

     Atom 34  O   pos: (  0.643475  0.283346  1.516028)  para_oo sigma:          -1.58
            -1.9470          0.5377          1.9742
             1.2524         -1.1537         -0.6752
             1.5512          0.1765         -1.6411

     Atom 35  O   pos: (  0.626402  0.289650  3.083557)  para_oo sigma:          -1.58
            -1.9470         -0.5377          1.9742
            -1.2524         -1.1537          0.6752
             1.5512         -0.1765         -1.6411

     Atom 36  O   pos: (  0.322380  0.862646  1.619030)  para_oo sigma:          -1.58
            -1.9470          0.5377          1.9742
             1.2524         -1.1537         -0.6752
             1.5512          0.1765         -1.6411

     Atom 37  O   pos: (  0.320613  0.097667  0.268226)  para_oo sigma:          -1.93
            -2.6111         -2.2130          1.1770
            -0.3567         -1.4501         -0.1089
             2.1033          1.9222         -1.7379

     Atom 38  O   pos: (  0.662315  0.670663  1.299303)  para_oo sigma:          -1.93
            -2.6111          2.2130          1.1770
             0.3567         -1.4501          0.1089
             2.1033         -1.9222         -1.7379

     Atom 39  O   pos: (  0.645242  1.048326  2.866832)  para_oo sigma:          -1.93
            -2.6111         -2.2130          1.1770
            -0.3567         -1.4501         -0.1089
             2.1033          1.9222         -1.7379

     Atom 40  O   pos: (  0.303541  0.475329  1.835755)  para_oo sigma:          -1.93
            -2.6111          2.2130          1.1770
             0.3567         -1.4501          0.1089
             2.1033         -1.9222         -1.7379

     Atom 41  O   pos: (  0.704063  0.630837  0.498999)  para_oo sigma:          -0.75
            -0.6861         -0.4606          0.5988
            -0.5104         -1.1398         -0.4667
             0.5436         -0.4825         -0.4212

     Atom 42  O   pos: (  0.278865  0.057841  1.068530)  para_oo sigma:          -0.75
            -0.6861          0.4606          0.5988
             0.5104         -1.1398          0.4667
             0.5436          0.4825         -0.4212

     Atom 43  O   pos: (  0.261792  0.515155  2.636060)  para_oo sigma:          -0.75
            -0.6861         -0.4606          0.5988
            -0.5104         -1.1398         -0.4667
             0.5436         -0.4825         -0.4212

     Atom 44  O   pos: (  0.686990  1.088151  2.066528)  para_oo sigma:          -0.75
            -0.6861          0.4606          0.5988
             0.5104         -1.1398          0.4667
             0.5436          0.4825         -0.4212

     Atom 45  H   pos: (  0.443194  0.943801  3.067333)  para_oo sigma:           0.00
             0.0000          0.0000          0.0000
             0.0000          0.0000          0.0000
             0.0000          0.0000          0.0000

     Atom 46  H   pos: (  0.505589  0.370805  1.635254)  para_oo sigma:           0.00
             0.0000          0.0000          0.0000
             0.0000          0.0000          0.0000
             0.0000          0.0000          0.0000

     Atom 47  H   pos: (  0.522661  0.202191  0.067725)  para_oo sigma:           0.00
             0.0000          0.0000          0.0000
             0.0000          0.0000          0.0000
             0.0000          0.0000          0.0000

     Atom 48  H   pos: (  0.460266  0.775187  1.499804)  para_oo sigma:           0.00
             0.0000          0.0000          0.0000
             0.0000          0.0000          0.0000
             0.0000          0.0000          0.0000

     Paramagnetic US L_R Q_R contribution in ppm:
 
     Atom  1  C   pos: (  0.245109  1.014019  0.234320)  para_lq sigma:         -16.55
           -17.6889         -0.9927          4.7900
            -0.2761        -13.9390         -0.3744
             5.2334          0.4223        -18.0315

     Atom  2  C   pos: (  0.737819  0.441023  1.333209)  para_lq sigma:         -16.55
           -17.6889          0.9927          4.7900
             0.2761        -13.9390          0.3744
             5.2334         -0.4223        -18.0315

     Atom  3  C   pos: (  0.720747  0.131973  2.900738)  para_lq sigma:         -16.55
           -17.6889         -0.9927          4.7900
            -0.2761        -13.9390         -0.3744
             5.2334          0.4223        -18.0315

     Atom  4  C   pos: (  0.228036  0.704970  1.801849)  para_lq sigma:         -16.55
           -17.6889          0.9927          4.7900
             0.2761        -13.9390          0.3744
             5.2334         -0.4223        -18.0315

     Atom  5  C   pos: (  0.031590  0.900463  0.387073)  para_lq sigma:         -13.69
           -13.2957          0.0608          1.9807
             0.2705        -13.7648         -1.7319
             1.9911         -1.5153        -14.0004

     Atom  6  C   pos: (  0.951337  0.327467  1.180456)  para_lq sigma:         -13.69
           -13.2957         -0.0608          1.9807
            -0.2705        -13.7648          1.7319
             1.9911          1.5153        -14.0004

     Atom  7  C   pos: (  0.934265  0.245529  2.747985)  para_lq sigma:         -13.69
           -13.2957          0.0608          1.9807
             0.2705        -13.7648         -1.7319
             1.9911         -1.5153        -14.0004

     Atom  8  C   pos: (  0.014518  0.818526  1.954602)  para_lq sigma:         -13.69
           -13.2957         -0.0608          1.9807
            -0.2705        -13.7648          1.7319
             1.9911          1.5153        -14.0004

     Atom  9  C   pos: (  0.913165  0.661317  0.340522)  para_lq sigma:         -14.94
           -14.2013         -0.6052          2.4869
            -1.8599        -16.4856         -1.8118
             1.8690         -2.9658        -14.1396

     Atom 10  C   pos: (  0.069763  0.088321  1.227007)  para_lq sigma:         -14.94
           -14.2013          0.6052          2.4869
             1.8599        -16.4856          1.8118
             1.8690          2.9658        -14.1396

     Atom 11  C   pos: (  0.052691  0.484675  2.794536)  para_lq sigma:         -14.94
           -14.2013         -0.6052          2.4869
            -1.8599        -16.4856         -1.8118
             1.8690         -2.9658        -14.1396

     Atom 12  C   pos: (  0.896092  1.057671  1.908052)  para_lq sigma:         -14.94
           -14.2013          0.6052          2.4869
             1.8599        -16.4856          1.8118
             1.8690          2.9658        -14.1396

     Atom 13  H   pos: ( -0.043631  0.501447  0.208295)  para_lq sigma:           0.00
             0.0000          0.0000          0.0000
             0.0000          0.0000          0.0000
             0.0000          0.0000          0.0000

     Atom 14  H   pos: (  1.026558  1.074444  1.359234)  para_lq sigma:           0.00
             0.0000          0.0000          0.0000
             0.0000          0.0000          0.0000
             0.0000          0.0000          0.0000

     Atom 15  H   pos: (  1.009486  0.644545  2.926763)  para_lq sigma:           0.00
             0.0000          0.0000          0.0000
             0.0000          0.0000          0.0000
             0.0000          0.0000          0.0000

     Atom 16  H   pos: ( -0.060703  0.071549  1.775824)  para_lq sigma:           0.00
             0.0000          0.0000          0.0000
             0.0000          0.0000          0.0000
             0.0000          0.0000          0.0000

     Atom 17  C   pos: (  0.685593  0.853208  0.651328)  para_lq sigma:         -14.61
           -14.8757         -1.2902          2.9496
            -0.8105        -14.7061         -1.9135
             3.2580         -1.5126        -14.2603

     Atom 18  C   pos: (  0.297334  0.280212  0.916201)  para_lq sigma:         -14.61
           -14.8757          1.2902          2.9496
             0.8105        -14.7061          1.9135
             3.2580          1.5126        -14.2603

     Atom 19  C   pos: (  0.280262  0.292784  2.483730)  para_lq sigma:         -14.61
           -14.8757         -1.2902          2.9496
            -0.8105        -14.7061         -1.9135
             3.2580         -1.5126        -14.2603

     Atom 20  C   pos: (  0.668521  0.865780  2.218857)  para_lq sigma:         -14.61
           -14.8757          1.2902          2.9496
             0.8105        -14.7061          1.9135
             3.2580          1.5126        -14.2603

     Atom 21  H   pos: (  0.528441  0.854254  0.793519)  para_lq sigma:           0.00
             0.0000          0.0000          0.0000
             0.0000          0.0000          0.0000
             0.0000          0.0000          0.0000

     Atom 22  H   pos: (  0.454487  0.281258  0.774010)  para_lq sigma:           0.00
             0.0000          0.0000          0.0000
             0.0000          0.0000          0.0000
             0.0000          0.0000          0.0000

     Atom 23  H   pos: (  0.437414  0.291738  2.341539)  para_lq sigma:           0.00
             0.0000          0.0000          0.0000
             0.0000          0.0000          0.0000
             0.0000          0.0000          0.0000

     Atom 24  H   pos: (  0.511368  0.864734  2.361048)  para_lq sigma:           0.00
             0.0000          0.0000          0.0000
             0.0000          0.0000          0.0000
             0.0000          0.0000          0.0000

     Atom 25  C   pos: (  0.879976  1.024381  0.589836)  para_lq sigma:         -13.22
           -12.8368          0.3225          1.7088
             0.1984        -13.3360         -1.6151
             1.6025         -1.6773        -13.4780

     Atom 26  C   pos: (  0.102951  0.451385  0.977693)  para_lq sigma:         -13.22
           -12.8368         -0.3225          1.7088
            -0.1984        -13.3360          1.6151
             1.6025          1.6773        -13.4780

     Atom 27  C   pos: (  0.085879  0.121611  2.545222)  para_lq sigma:         -13.22
           -12.8368          0.3225          1.7088
             0.1984        -13.3360         -1.6151
             1.6025         -1.6773        -13.4780

     Atom 28  C   pos: (  0.862904  0.694608  2.157365)  para_lq sigma:         -13.22
           -12.8368         -0.3225          1.7088
            -0.1984        -13.3360          1.6151
             1.6025          1.6773        -13.4780

     Atom 29  H   pos: (  0.918868  0.066270  0.679212)  para_lq sigma:           0.00
             0.0000          0.0000          0.0000
             0.0000          0.0000          0.0000
             0.0000          0.0000          0.0000

     Atom 30  H   pos: (  0.064060  0.639266  0.888317)  para_lq sigma:           0.00
             0.0000          0.0000          0.0000
             0.0000          0.0000          0.0000
             0.0000          0.0000          0.0000

     Atom 31  H   pos: (  0.046987  1.079722  2.455846)  para_lq sigma:           0.00
             0.0000          0.0000          0.0000
             0.0000          0.0000          0.0000
             0.0000          0.0000          0.0000

     Atom 32  H   pos: (  0.901795  0.506726  2.246741)  para_lq sigma:           0.00
             0.0000          0.0000          0.0000
             0.0000          0.0000          0.0000
             0.0000          0.0000          0.0000

     Atom 33  O   pos: (  0.339453  0.856342  0.051501)  para_lq sigma:        -143.30
          -143.8676         -5.6228         17.1764
           -12.6910       -143.5770          5.1663
            13.4859         -2.8193       -142.4436

     Atom 34  O   pos: (  0.643475  0.283346  1.516028)  para_lq sigma:        -143.30
          -143.8676          5.6228         17.1764
            12.6910       -143.5770         -5.1663
            13.4859          2.8193       -142.4436

     Atom 35  O   pos: (  0.626402  0.289650  3.083557)  para_lq sigma:        -143.30
          -143.8676         -5.6228         17.1764
           -12.6910       -143.5770          5.1663
            13.4859         -2.8193       -142.4436

     Atom 36  O   pos: (  0.322380  0.862646  1.619030)  para_lq sigma:        -143.30
          -143.8676          5.6228         17.1764
            12.6910       -143.5770         -5.1663
            13.4859          2.8193       -142.4436

     Atom 37  O   pos: (  0.320613  0.097667  0.268226)  para_lq sigma:        -152.57
          -148.3263        -18.8054          7.0850
           -10.9887       -165.8360         -4.5130
            11.1544          4.0115       -143.5335

     Atom 38  O   pos: (  0.662315  0.670663  1.299303)  para_lq sigma:        -152.57
          -148.3263         18.8054          7.0850
            10.9887       -165.8360          4.5130
            11.1544         -4.0115       -143.5335

     Atom 39  O   pos: (  0.645242  1.048326  2.866832)  para_lq sigma:        -152.57
          -148.3263        -18.8054          7.0850
           -10.9887       -165.8360         -4.5130
            11.1544          4.0115       -143.5335

     Atom 40  O   pos: (  0.303541  0.475329  1.835755)  para_lq sigma:        -152.57
          -148.3263         18.8054          7.0850
            10.9887       -165.8360          4.5130
            11.1544         -4.0115       -143.5335

     Atom 41  O   pos: (  0.704063  0.630837  0.498999)  para_lq sigma:        -142.71
          -142.4724         -0.1533         12.1810
            -1.0067       -142.2666         -7.6849
            11.7062         -8.5923       -143.3825

     Atom 42  O   pos: (  0.278865  0.057841  1.068530)  para_lq sigma:        -142.71
          -142.4724          0.1533         12.1810
             1.0067       -142.2666          7.6849
            11.7062          8.5923       -143.3825

     Atom 43  O   pos: (  0.261792  0.515155  2.636060)  para_lq sigma:        -142.71
          -142.4724         -0.1533         12.1810
            -1.0067       -142.2666         -7.6849
            11.7062         -8.5923       -143.3825

     Atom 44  O   pos: (  0.686990  1.088151  2.066528)  para_lq sigma:        -142.71
          -142.4724          0.1533         12.1810
             1.0067       -142.2666          7.6849
            11.7062          8.5923       -143.3825

     Atom 45  H   pos: (  0.443194  0.943801  3.067333)  para_lq sigma:           0.00
             0.0000          0.0000          0.0000
             0.0000          0.0000          0.0000
             0.0000          0.0000          0.0000

     Atom 46  H   pos: (  0.505589  0.370805  1.635254)  para_lq sigma:           0.00
             0.0000          0.0000          0.0000
             0.0000          0.0000          0.0000
             0.0000          0.0000          0.0000

     Atom 47  H   pos: (  0.522661  0.202191  0.067725)  para_lq sigma:           0.00
             0.0000          0.0000          0.0000
             0.0000          0.0000          0.0000
             0.0000          0.0000          0.0000

     Atom 48  H   pos: (  0.460266  0.775187  1.499804)  para_lq sigma:           0.00
             0.0000          0.0000          0.0000
             0.0000          0.0000          0.0000
             0.0000          0.0000          0.0000

 
     Total NMR chemical shifts in ppm: ---------------------------------------
     (adopting the Simpson convention for anisotropy and asymmetry)-----------
 
     Atom  1  C   pos: (  0.245109  1.014019  0.234320)  Total sigma:          -6.75
            -6.8630        -14.8668         64.5638
            -5.0217          8.9575        -23.0088
            72.4608        -12.6493        -22.3375

     C    1    anisotropy:   -115.94    eta:   -0.7654
     C    1    sigma_11=      2.32    axis=(  0.307009  0.935125  0.176881)
     C    1    sigma_22=     61.48    axis=(  0.688787 -0.346578  0.636755)
     C    1    sigma_33=    -84.04    axis=(  0.656748 -0.073656 -0.750504)
 
     Atom  2  C   pos: (  0.737819  0.441023  1.333209)  Total sigma:          -6.75
            -6.8630         14.8668         64.5638
             5.0217          8.9575         23.0088
            72.4608         12.6493        -22.3375

     C    2    anisotropy:   -115.94    eta:   -0.7654
     C    2    sigma_11=      2.32    axis=(  0.307009 -0.935125  0.176881)
     C    2    sigma_22=     61.48    axis=( -0.688787 -0.346578 -0.636755)
     C    2    sigma_33=    -84.04    axis=(  0.656748  0.073656 -0.750504)
 
     Atom  3  C   pos: (  0.720747  0.131973  2.900738)  Total sigma:          -6.75
            -6.8630        -14.8668         64.5638
            -5.0217          8.9575        -23.0088
            72.4608        -12.6493        -22.3375

     C    3    anisotropy:   -115.94    eta:   -0.7654
     C    3    sigma_11=      2.32    axis=(  0.307009  0.935125  0.176881)
     C    3    sigma_22=     61.48    axis=(  0.688787 -0.346578  0.636755)
     C    3    sigma_33=    -84.04    axis=(  0.656748 -0.073656 -0.750504)
 
     Atom  4  C   pos: (  0.228036  0.704970  1.801849)  Total sigma:          -6.75
            -6.8630         14.8668         64.5638
             5.0217          8.9575         23.0088
            72.4608         12.6493        -22.3375

     C    4    anisotropy:   -115.94    eta:   -0.7654
     C    4    sigma_11=      2.32    axis=(  0.307009 -0.935125  0.176881)
     C    4    sigma_22=     61.48    axis=( -0.688787 -0.346578 -0.636755)
     C    4    sigma_33=    -84.04    axis=(  0.656748  0.073656 -0.750504)
 
     Atom  5  C   pos: (  0.031590  0.900463  0.387073)  Total sigma:          46.39
            40.1423        -20.6833         60.9583
           -19.9345         48.5975        -24.1984
            55.7761        -27.0786         50.4192

     C    5    anisotropy:    108.92    eta:   -0.6471
     C    5    sigma_11=     33.57    axis=(  0.317352  0.906156  0.279587)
     C    5    sigma_22=    -13.42    axis=( -0.728395  0.044136  0.683734)
     C    5    sigma_33=    119.00    axis=(  0.607230 -0.420634  0.674047)
 
     Atom  6  C   pos: (  0.951337  0.327467  1.180456)  Total sigma:          46.39
            40.1423         20.6833         60.9583
            19.9345         48.5975         24.1984
            55.7761         27.0786         50.4192

     C    6    anisotropy:    108.92    eta:   -0.6471
     C    6    sigma_11=     33.57    axis=(  0.317352 -0.906156  0.279587)
     C    6    sigma_22=    -13.42    axis=(  0.728395  0.044136 -0.683734)
     C    6    sigma_33=    119.00    axis=(  0.607230  0.420634  0.674047)
 
     Atom  7  C   pos: (  0.934265  0.245529  2.747985)  Total sigma:          46.39
            40.1423        -20.6833         60.9583
           -19.9345         48.5975        -24.1984
            55.7761        -27.0786         50.4192

     C    7    anisotropy:    108.92    eta:   -0.6471
     C    7    sigma_11=     33.57    axis=(  0.317352  0.906156  0.279587)
     C    7    sigma_22=    -13.42    axis=( -0.728395  0.044136  0.683734)
     C    7    sigma_33=    119.00    axis=(  0.607230 -0.420634  0.674047)
 
     Atom  8  C   pos: (  0.014518  0.818526  1.954602)  Total sigma:          46.39
            40.1423         20.6833         60.9583
            19.9345         48.5975         24.1984
            55.7761         27.0786         50.4192

     C    8    anisotropy:    108.92    eta:   -0.6471
     C    8    sigma_11=     33.57    axis=(  0.317352 -0.906156  0.279587)
     C    8    sigma_22=    -13.42    axis=(  0.728395  0.044136 -0.683734)
     C    8    sigma_33=    119.00    axis=(  0.607230  0.420634  0.674047)
 
     Atom  9  C   pos: (  0.913165  0.661317  0.340522)  Total sigma:          10.62
            10.5074          0.8286         72.7505
           -25.0412          9.5889        -31.0461
            63.4966        -54.2979         11.7556

     C    9    anisotropy:    129.72    eta:   -0.7314
     C    9    sigma_11=     -1.00    axis=(  0.521259  0.851054  0.063221)
     C    9    sigma_22=    -64.25    axis=( -0.609491  0.319402  0.725605)
     C    9    sigma_33=     97.10    axis=(  0.597336 -0.416761  0.685201)
 
     Atom 10  C   pos: (  0.069763  0.088321  1.227007)  Total sigma:          10.62
            10.5074         -0.8286         72.7505
            25.0412          9.5889         31.0461
            63.4966         54.2979         11.7556

     C   10    anisotropy:    129.72    eta:   -0.7314
     C   10    sigma_11=     -1.00    axis=(  0.521259 -0.851054  0.063221)
     C   10    sigma_22=    -64.25    axis=(  0.609491  0.319402 -0.725605)
     C   10    sigma_33=     97.10    axis=(  0.597336  0.416761  0.685201)
 
     Atom 11  C   pos: (  0.052691  0.484675  2.794536)  Total sigma:          10.62
            10.5074          0.8286         72.7505
           -25.0412          9.5889        -31.0461
            63.4966        -54.2979         11.7556

     C   11    anisotropy:    129.72    eta:   -0.7314
     C   11    sigma_11=     -1.00    axis=(  0.521259  0.851054  0.063221)
     C   11    sigma_22=    -64.25    axis=( -0.609491  0.319402  0.725605)
     C   11    sigma_33=     97.10    axis=(  0.597336 -0.416761  0.685201)
 
     Atom 12  C   pos: (  0.896092  1.057671  1.908052)  Total sigma:          10.62
            10.5074         -0.8286         72.7505
            25.0412          9.5889         31.0461
            63.4966         54.2979         11.7556

     C   12    anisotropy:    129.72    eta:   -0.7314
     C   12    sigma_11=     -1.00    axis=(  0.521259 -0.851054  0.063221)
     C   12    sigma_22=    -64.25    axis=(  0.609491  0.319402 -0.725605)
     C   12    sigma_33=     97.10    axis=(  0.597336  0.416761  0.685201)
 
     Atom 13  H   pos: ( -0.043631  0.501447  0.208295)  Total sigma:          21.56
            20.6279          1.2312         -1.1078
             0.0705         21.9333          2.9230
            -2.3013          0.9566         22.1101

     H   13    anisotropy:     -4.38    eta:   -0.7919
     H   13    sigma_11=     21.86    axis=(  0.708056  0.655781 -0.261933)
     H   13    sigma_22=     24.18    axis=(  0.260431 -0.587283 -0.766338)
     H   13    sigma_33=     18.63    axis=(  0.656379 -0.474394  0.586615)
 
     Atom 14  H   pos: (  1.026558  1.074444  1.359234)  Total sigma:          21.56
            20.6279         -1.2312         -1.1078
            -0.0705         21.9333         -2.9230
            -2.3013         -0.9566         22.1101

     H   14    anisotropy:     -4.38    eta:   -0.7919
     H   14    sigma_11=     21.86    axis=(  0.708056 -0.655781 -0.261933)
     H   14    sigma_22=     24.18    axis=( -0.260431 -0.587283  0.766338)
     H   14    sigma_33=     18.63    axis=(  0.656379  0.474394  0.586615)
 
     Atom 15  H   pos: (  1.009486  0.644545  2.926763)  Total sigma:          21.56
            20.6279          1.2312         -1.1078
             0.0705         21.9333          2.9230
            -2.3013          0.9566         22.1101

     H   15    anisotropy:     -4.38    eta:   -0.7919
     H   15    sigma_11=     21.86    axis=(  0.708056  0.655781 -0.261933)
     H   15    sigma_22=     24.18    axis=(  0.260431 -0.587283 -0.766338)
     H   15    sigma_33=     18.63    axis=(  0.656379 -0.474394  0.586615)
 
     Atom 16  H   pos: ( -0.060703  0.071549  1.775824)  Total sigma:          21.56
            20.6279         -1.2312         -1.1078
            -0.0705         21.9333         -2.9230
            -2.3013         -0.9566         22.1101

     H   16    anisotropy:     -4.38    eta:   -0.7919
     H   16    sigma_11=     21.86    axis=(  0.708056 -0.655781 -0.261933)
     H   16    sigma_22=     24.18    axis=( -0.260431 -0.587283  0.766338)
     H   16    sigma_33=     18.63    axis=(  0.656379  0.474394  0.586615)
 
     Atom 17  C   pos: (  0.685593  0.853208  0.651328)  Total sigma:          19.02
            28.5931         -3.3981         47.8723
            10.4130         15.8354        -53.3234
            58.2667        -39.9736         12.6437

     C   17    anisotropy:   -110.91    eta:   -0.8448
     C   17    sigma_11=     24.76    axis=( -0.644574 -0.758407  0.096659)
     C   17    sigma_22=     87.23    axis=(  0.595490 -0.418728  0.685608)
     C   17    sigma_33=    -54.92    axis=( -0.479496  0.499485  0.721525)
 
     Atom 18  C   pos: (  0.297334  0.280212  0.916201)  Total sigma:          19.02
            28.5931          3.3981         47.8723
           -10.4130         15.8354         53.3234
            58.2667         39.9736         12.6437

     C   18    anisotropy:   -110.91    eta:   -0.8448
     C   18    sigma_11=     24.76    axis=( -0.644574  0.758407  0.096659)
     C   18    sigma_22=     87.23    axis=( -0.595490 -0.418728 -0.685608)
     C   18    sigma_33=    -54.92    axis=( -0.479496 -0.499485  0.721525)
 
     Atom 19  C   pos: (  0.280262  0.292784  2.483730)  Total sigma:          19.02
            28.5931         -3.3981         47.8723
            10.4130         15.8354        -53.3234
            58.2667        -39.9736         12.6437

     C   19    anisotropy:   -110.91    eta:   -0.8448
     C   19    sigma_11=     24.76    axis=( -0.644574 -0.758407  0.096659)
     C   19    sigma_22=     87.23    axis=(  0.595490 -0.418728  0.685608)
     C   19    sigma_33=    -54.92    axis=( -0.479496  0.499485  0.721525)
 
     Atom 20  C   pos: (  0.668521  0.865780  2.218857)  Total sigma:          19.02
            28.5931          3.3981         47.8723
           -10.4130         15.8354         53.3234
            58.2667         39.9736         12.6437

     C   20    anisotropy:   -110.91    eta:   -0.8448
     C   20    sigma_11=     24.76    axis=( -0.644574  0.758407  0.096659)
     C   20    sigma_22=     87.23    axis=( -0.595490 -0.418728 -0.685608)
     C   20    sigma_33=    -54.92    axis=( -0.479496 -0.499485  0.721525)
 
     Atom 21  H   pos: (  0.528441  0.854254  0.793519)  Total sigma:          22.61
            23.1507          0.5428         -3.9076
            -0.4759         22.9236         -0.2175
            -2.9873          1.0001         21.7503

     H   21    anisotropy:     -5.55    eta:   -0.8242
     H   21    sigma_11=     22.93    axis=( -0.107207 -0.994101 -0.016400)
     H   21    sigma_22=     25.98    axis=(  0.770132 -0.072598 -0.633739)
     H   21    sigma_33=     18.91    axis=(  0.628811 -0.080571  0.773373)
 
     Atom 22  H   pos: (  0.454487  0.281258  0.774010)  Total sigma:          22.61
            23.1507         -0.5428         -3.9076
             0.4759         22.9236          0.2175
            -2.9873         -1.0001         21.7503

     H   22    anisotropy:     -5.55    eta:   -0.8242
     H   22    sigma_11=     22.93    axis=( -0.107207  0.994101 -0.016400)
     H   22    sigma_22=     25.98    axis=( -0.770132 -0.072598  0.633739)
     H   22    sigma_33=     18.91    axis=(  0.628811  0.080571  0.773373)
 
     Atom 23  H   pos: (  0.437414  0.291738  2.341539)  Total sigma:          22.61
            23.1507          0.5428         -3.9076
            -0.4759         22.9236         -0.2175
            -2.9873          1.0001         21.7503

     H   23    anisotropy:     -5.55    eta:   -0.8242
     H   23    sigma_11=     22.93    axis=( -0.107207 -0.994101 -0.016400)
     H   23    sigma_22=     25.98    axis=(  0.770132 -0.072598 -0.633739)
     H   23    sigma_33=     18.91    axis=(  0.628811 -0.080571  0.773373)
 
     Atom 24  H   pos: (  0.511368  0.864734  2.361048)  Total sigma:          22.61
            23.1507         -0.5428         -3.9076
             0.4759         22.9236          0.2175
            -2.9873         -1.0001         21.7503

     H   24    anisotropy:     -5.55    eta:   -0.8242
     H   24    sigma_11=     22.93    axis=( -0.107207  0.994101 -0.016400)
     H   24    sigma_22=     25.98    axis=( -0.770132 -0.072598  0.633739)
     H   24    sigma_33=     18.91    axis=(  0.628811  0.080571  0.773373)
 
     Atom 25  C   pos: (  0.879976  1.024381  0.589836)  Total sigma:          56.75
            84.3321        -17.0473         50.8529
           -18.5585         18.5830        -68.5393
            51.0022        -64.8316         67.3459

     C   25    anisotropy:    145.25    eta:   -0.7971
     C   25    sigma_11=     46.93    axis=(  0.781307  0.471467 -0.408996)
     C   25    sigma_22=    -30.26    axis=( -0.150207  0.778063  0.609964)
     C   25    sigma_33=    153.59    axis=(  0.605803 -0.415136  0.678723)
 
     Atom 26  C   pos: (  0.102951  0.451385  0.977693)  Total sigma:          56.75
            84.3321         17.0473         50.8529
            18.5585         18.5830         68.5393
            51.0022         64.8316         67.3459

     C   26    anisotropy:    145.25    eta:   -0.7971
     C   26    sigma_11=     46.93    axis=(  0.781307 -0.471467 -0.408996)
     C   26    sigma_22=    -30.26    axis=(  0.150207  0.778063 -0.609964)
     C   26    sigma_33=    153.59    axis=(  0.605803  0.415136  0.678723)
 
     Atom 27  C   pos: (  0.085879  0.121611  2.545222)  Total sigma:          56.75
            84.3321        -17.0473         50.8529
           -18.5585         18.5830        -68.5393
            51.0022        -64.8316         67.3459

     C   27    anisotropy:    145.25    eta:   -0.7971
     C   27    sigma_11=     46.93    axis=(  0.781307  0.471467 -0.408996)
     C   27    sigma_22=    -30.26    axis=( -0.150207  0.778063  0.609964)
     C   27    sigma_33=    153.59    axis=(  0.605803 -0.415136  0.678723)
 
     Atom 28  C   pos: (  0.862904  0.694608  2.157365)  Total sigma:          56.75
            84.3321         17.0473         50.8529
            18.5585         18.5830         68.5393
            51.0022         64.8316         67.3459

     C   28    anisotropy:    145.25    eta:   -0.7971
     C   28    sigma_11=     46.93    axis=(  0.781307 -0.471467 -0.408996)
     C   28    sigma_22=    -30.26    axis=(  0.150207  0.778063 -0.609964)
     C   28    sigma_33=    153.59    axis=(  0.605803  0.415136  0.678723)
 
     Atom 29  H   pos: (  0.918868  0.066270  0.679212)  Total sigma:          25.61
            25.0160          1.4111          1.4479
             2.4136         25.9339          2.7496
             0.8344          1.9380         25.8882

     H   29    anisotropy:      5.60    eta:   -0.2752
     H   29    sigma_11=     24.26    axis=( -0.727497 -0.115756  0.676275)
     H   29    sigma_22=     23.23    axis=( -0.517616  0.739579 -0.430229)
     H   29    sigma_33=     29.35    axis=(  0.450357  0.663041  0.597959)
 
     Atom 30  H   pos: (  0.064060  0.639266  0.888317)  Total sigma:          25.61
            25.0160         -1.4111          1.4479
            -2.4136         25.9339         -2.7496
             0.8344         -1.9380         25.8882

     H   30    anisotropy:      5.60    eta:   -0.2752
     H   30    sigma_11=     24.26    axis=( -0.727497  0.115756  0.676275)
     H   30    sigma_22=     23.23    axis=(  0.517616  0.739579  0.430229)
     H   30    sigma_33=     29.35    axis=(  0.450357 -0.663041  0.597959)
 
     Atom 31  H   pos: (  0.046987  1.079722  2.455846)  Total sigma:          25.61
            25.0160          1.4111          1.4479
             2.4136         25.9339          2.7496
             0.8344          1.9380         25.8882

     H   31    anisotropy:      5.60    eta:   -0.2752
     H   31    sigma_11=     24.26    axis=( -0.727497 -0.115756  0.676275)
     H   31    sigma_22=     23.23    axis=( -0.517616  0.739579 -0.430229)
     H   31    sigma_33=     29.35    axis=(  0.450357  0.663041  0.597959)
 
     Atom 32  H   pos: (  0.901795  0.506726  2.246741)  Total sigma:          25.61
            25.0160         -1.4111          1.4479
            -2.4136         25.9339         -2.7496
             0.8344         -1.9380         25.8882

     H   32    anisotropy:      5.60    eta:   -0.2752
     H   32    sigma_11=     24.26    axis=( -0.727497  0.115756  0.676275)
     H   32    sigma_22=     23.23    axis=(  0.517616  0.739579  0.430229)
     H   32    sigma_33=     29.35    axis=(  0.450357 -0.663041  0.597959)
 
     Atom 33  O   pos: (  0.339453  0.856342  0.051501)  Total sigma:          75.06
            82.5842        -70.0146         73.2815
          -136.6875          6.5295         60.8666
            45.9379         -1.7858        136.0659

     O   33    anisotropy:   -234.88    eta:   -0.3949
     O   33    sigma_11=    122.43    axis=( -0.440986  0.569930  0.693333)
     O   33    sigma_22=    184.27    axis=( -0.684252  0.286413 -0.670646)
     O   33    sigma_33=    -81.52    axis=( -0.580801 -0.770161  0.263671)
 
     Atom 34  O   pos: (  0.643475  0.283346  1.516028)  Total sigma:          75.06
            82.5842         70.0146         73.2815
           136.6875          6.5295        -60.8666
            45.9379          1.7858        136.0659

     O   34    anisotropy:   -234.88    eta:   -0.3949
     O   34    sigma_11=    122.43    axis=( -0.440986 -0.569930  0.693333)
     O   34    sigma_22=    184.27    axis=(  0.684252  0.286413  0.670646)
     O   34    sigma_33=    -81.52    axis=( -0.580801  0.770161  0.263671)
 
     Atom 35  O   pos: (  0.626402  0.289650  3.083557)  Total sigma:          75.06
            82.5842        -70.0146         73.2815
          -136.6875          6.5295         60.8666
            45.9379         -1.7858        136.0659

     O   35    anisotropy:   -234.88    eta:   -0.3949
     O   35    sigma_11=    122.43    axis=( -0.440986  0.569930  0.693333)
     O   35    sigma_22=    184.27    axis=( -0.684252  0.286413 -0.670646)
     O   35    sigma_33=    -81.52    axis=( -0.580801 -0.770161  0.263671)
 
     Atom 36  O   pos: (  0.322380  0.862646  1.619030)  Total sigma:          75.06
            82.5842         70.0146         73.2815
           136.6875          6.5295        -60.8666
            45.9379          1.7858        136.0659

     O   36    anisotropy:   -234.88    eta:   -0.3949
     O   36    sigma_11=    122.43    axis=( -0.440986 -0.569930  0.693333)
     O   36    sigma_22=    184.27    axis=(  0.684252  0.286413  0.670646)
     O   36    sigma_33=    -81.52    axis=( -0.580801  0.770161  0.263671)
 
     Atom 37  O   pos: (  0.320613  0.097667  0.268226)  Total sigma:         -43.47
            32.5349        -93.7897        172.2401
           -76.1004       -152.1259       -113.2998
           189.2814        -98.5234        -10.8112

     O   37    anisotropy:    423.51    eta:   -0.1798
     O   37    sigma_11=   -159.26    axis=(  0.708974  0.456072 -0.537917)
     O   37    sigma_22=   -210.02    axis=( -0.117726  0.828583  0.547349)
     O   37    sigma_33=    238.87    axis=( -0.695339  0.324729 -0.641135)
 
     Atom 38  O   pos: (  0.662315  0.670663  1.299303)  Total sigma:         -43.47
            32.5349         93.7897        172.2401
            76.1004       -152.1259        113.2998
           189.2814         98.5234        -10.8112

     O   38    anisotropy:    423.51    eta:   -0.1798
     O   38    sigma_11=   -159.26    axis=(  0.708974 -0.456072 -0.537917)
     O   38    sigma_22=   -210.02    axis=(  0.117726  0.828583 -0.547349)
     O   38    sigma_33=    238.87    axis=( -0.695339 -0.324729 -0.641135)
 
     Atom 39  O   pos: (  0.645242  1.048326  2.866832)  Total sigma:         -43.47
            32.5349        -93.7897        172.2401
           -76.1004       -152.1259       -113.2998
           189.2814        -98.5234        -10.8112

     O   39    anisotropy:    423.51    eta:   -0.1798
     O   39    sigma_11=   -159.26    axis=(  0.708974  0.456072 -0.537917)
     O   39    sigma_22=   -210.02    axis=( -0.117726  0.828583  0.547349)
     O   39    sigma_33=    238.87    axis=( -0.695339  0.324729 -0.641135)
 
     Atom 40  O   pos: (  0.303541  0.475329  1.835755)  Total sigma:         -43.47
            32.5349         93.7897        172.2401
            76.1004       -152.1259        113.2998
           189.2814         98.5234        -10.8112

     O   40    anisotropy:    423.51    eta:   -0.1798
     O   40    sigma_11=   -159.26    axis=(  0.708974 -0.456072 -0.537917)
     O   40    sigma_22=   -210.02    axis=(  0.117726  0.828583 -0.547349)
     O   40    sigma_33=    238.87    axis=( -0.695339 -0.324729 -0.641135)
 
     Atom 41  O   pos: (  0.704063  0.630837  0.498999)  Total sigma:          -7.22
            -2.0184        -57.4986        163.0655
           -69.1481        -42.6177       -107.2275
           155.3164       -121.5499         22.9867

     O   41    anisotropy:    355.67    eta:   -0.3118
     O   41    sigma_11=    -88.80    axis=( -0.579816 -0.814709 -0.007980)
     O   41    sigma_22=   -162.74    axis=( -0.563719  0.394080  0.725894)
     O   41    sigma_33=    229.89    axis=(  0.588247 -0.425383  0.687760)
 
     Atom 42  O   pos: (  0.278865  0.057841  1.068530)  Total sigma:          -7.22
            -2.0184         57.4986        163.0655
            69.1481        -42.6177        107.2275
           155.3164        121.5499         22.9867

     O   42    anisotropy:    355.67    eta:   -0.3118
     O   42    sigma_11=    -88.80    axis=( -0.579816  0.814709 -0.007980)
     O   42    sigma_22=   -162.74    axis=( -0.563719 -0.394080  0.725894)
     O   42    sigma_33=    229.89    axis=( -0.588247 -0.425383 -0.687760)
 
     Atom 43  O   pos: (  0.261792  0.515155  2.636060)  Total sigma:          -7.22
            -2.0184        -57.4986        163.0655
           -69.1481        -42.6177       -107.2275
           155.3164       -121.5499         22.9867

     O   43    anisotropy:    355.67    eta:   -0.3118
     O   43    sigma_11=    -88.80    axis=( -0.579816 -0.814709 -0.007980)
     O   43    sigma_22=   -162.74    axis=( -0.563719  0.394080  0.725894)
     O   43    sigma_33=    229.89    axis=(  0.588247 -0.425383  0.687760)
 
     Atom 44  O   pos: (  0.686990  1.088151  2.066528)  Total sigma:          -7.22
            -2.0184         57.4986        163.0655
            69.1481        -42.6177        107.2275
           155.3164        121.5499         22.9867

     O   44    anisotropy:    355.67    eta:   -0.3118
     O   44    sigma_11=    -88.80    axis=( -0.579816  0.814709 -0.007980)
     O   44    sigma_22=   -162.74    axis=( -0.563719 -0.394080  0.725894)
     O   44    sigma_33=    229.89    axis=( -0.588247 -0.425383 -0.687760)
 
     Atom 45  H   pos: (  0.443194  0.943801  3.067333)  Total sigma:          15.60
            17.6940          5.5320        -13.4867
             5.1929         10.2466         -4.0255
           -14.9602         -5.7235         18.8732

     H   45    anisotropy:     28.58    eta:   -0.2187
     H   45    sigma_11=      8.16    axis=(  0.112990 -0.952348 -0.283312)
     H   45    sigma_22=      3.99    axis=(  0.736347 -0.111182  0.667406)
     H   45    sigma_33=     34.66    axis=( -0.667103 -0.284027  0.688696)
 
     Atom 46  H   pos: (  0.505589  0.370805  1.635254)  Total sigma:          15.60
            17.6940         -5.5320        -13.4867
            -5.1929         10.2466          4.0255
           -14.9602          5.7235         18.8732

     H   46    anisotropy:     28.58    eta:   -0.2187
     H   46    sigma_11=      8.16    axis=(  0.112990  0.952348 -0.283312)
     H   46    sigma_22=      3.99    axis=( -0.736347 -0.111182 -0.667406)
     H   46    sigma_33=     34.66    axis=( -0.667103  0.284027  0.688696)
 
     Atom 47  H   pos: (  0.522661  0.202191  0.067725)  Total sigma:          15.60
            17.6940          5.5320        -13.4867
             5.1929         10.2466         -4.0255
           -14.9602         -5.7235         18.8732

     H   47    anisotropy:     28.58    eta:   -0.2187
     H   47    sigma_11=      8.16    axis=(  0.112990 -0.952348 -0.283312)
     H   47    sigma_22=      3.99    axis=(  0.736347 -0.111182  0.667406)
     H   47    sigma_33=     34.66    axis=( -0.667103 -0.284027  0.688696)
 
     Atom 48  H   pos: (  0.460266  0.775187  1.499804)  Total sigma:          15.60
            17.6940         -5.5320        -13.4867
            -5.1929         10.2466          4.0255
           -14.9602          5.7235         18.8732

     H   48    anisotropy:     28.58    eta:   -0.2187
     H   48    sigma_11=      8.16    axis=(  0.112990  0.952348 -0.283312)
     H   48    sigma_22=      3.99    axis=( -0.736347 -0.111182 -0.667406)
     H   48    sigma_33=     34.66    axis=( -0.667103  0.284027  0.688696)
 
     Initialization:
     gipaw_setup  :      0.30s CPU      0.31s WALL (       1 calls)
 
     Linear response
     greenf       :  10455.23s CPU  10748.48s WALL (     288 calls)
     cgsolve      :  10379.85s CPU  10672.94s WALL (     288 calls)
     ch_psi       :  10228.17s CPU  10520.97s WALL (   16334 calls)
     h_psiq       :   7521.27s CPU   7808.79s WALL (   16334 calls)
 
     Apply operators
     h_psi        :   6384.21s CPU   6709.98s WALL (   22110 calls)
     apply_vel    :    169.71s CPU    170.02s WALL (     252 calls)
 
     Induced current
     j_para       :    451.32s CPU    475.89s WALL (     324 calls)
     biot_savart  :      0.04s CPU      0.05s WALL (       1 calls)
 
     Other routines
 
     General routines
     calbec       :   3210.79s CPU   3222.42s WALL (   57214 calls)
     fft          :      0.14s CPU      0.17s WALL (      32 calls)
     fftw         :   4064.12s CPU   4395.45s WALL ( 3475036 calls)
     davcio       :      0.03s CPU      1.69s WALL (     192 calls)
 
     Parallel routines
     fft_scatter  :   1106.79s CPU   1293.85s WALL ( 3475068 calls)
 
     Plugins
 
     GIPAW        :  13032.99s CPU  13407.75s WALL (       1 calls)
