
     Program QE v.6.1 (svn rev. 13369) starts on 20Dec2017 at 18: 3: 5 

     This program is part of the open-source Quantum ESPRESSO suite
     for quantum simulation of materials; please cite
         "P. Giannozzi et al., J. Phys.:Condens. Matter 21 395502 (2009);
          URL http://www.quantum-espresso.org", 
     in publications or presentations arising from this work. More details at
     http://www.quantum-espresso.org/quote

     Parallel version (MPI), running on     8 processors
     R & G space division:  proc/nbgrp/npool/nimage =       8
 
     ***** This is GIPAW svn revision unknown      *****
 
     Parallelizing q-star over 1 images
     Message from routine gipaw_readin:
     *** iverbosity is obsolete, use verbosity instead ***

     Reading data from directory:
     /scratch/paruzzo/QEspresso/CCDC/HOPKUT01/wfc/scf.save

   Info: using nr1, nr2, nr3 values from input

   Info: using nr1, nr2, nr3 values from input

     IMPORTANT: XC functional enforced from input :
     Exchange-correlation      =  SLA  PW   PBX  PBC ( 1  4  3  4 0 0)
     Any further DFT definition will be discarded
     Please, verify this is what you really want

               file C.pbe-n-kjpaw_psl.0.1.UPF: wavefunction(s)  2P renormalized
               file N.pbe-n-kjpaw_psl.0.1.UPF: wavefunction(s)  2P renormalized
               file H.pbe-kjpaw_psl.0.1.UPF: wavefunction(s)  1S renormalized
               file O.pbe-n-kjpaw_psl.0.1.UPF: wavefunction(s)  2P renormalized
 
     Parallelization info
     --------------------
     sticks:   dense  smooth     PW     G-vecs:    dense   smooth      PW
     Min         716     716    192                45586    45586    6361
     Max         717     717    193                45589    45589    6362
     Sum        5729    5729   1543               364691   364691   50889
 

     Check: negative/imaginary core charge=   -0.000002    0.000000

     Subspace diagonalization in iterative solution of the eigenvalue problem:
     a serial algorithm will be used

     GIPAW projectors -----------------------------------------------
     atom=  C    l=0  rc=    1.3000  rs=    0.8667
     atom=  C    l=0  rc=    1.3000  rs=    0.8667
     atom=  C    l=1  rc=    1.4500  rs=    0.9667
     atom=  C    l=1  rc=    1.4500  rs=    0.9667
     projs nearly linearly dependent: l=0  n1,n2= 1, 2  s=  0.99877758
     projs nearly linearly dependent: l=1  n1,n2= 1, 2  s=  0.99940894
 
     atom=  N    l=0  rc=    1.3000  rs=    0.8667
     atom=  N    l=0  rc=    1.3000  rs=    0.8667
     atom=  N    l=1  rc=    1.4500  rs=    0.9667
     atom=  N    l=1  rc=    1.4500  rs=    0.9667
     projs nearly linearly dependent: l=0  n1,n2= 1, 2  s=  0.99709514
     projs nearly linearly dependent: l=1  n1,n2= 1, 2  s=  0.99857174
 
     atom=  H    l=0  rc=    1.0000  rs=    0.6667
     atom=  H    l=0  rc=    1.0000  rs=    0.6667
     projs nearly linearly dependent: l=0  n1,n2= 1, 2  s=  0.99968852
 
     atom=  O    l=0  rc=    1.3500  rs=    0.9000
     atom=  O    l=0  rc=    1.3500  rs=    0.9000
     atom=  O    l=1  rc=    1.3500  rs=    0.9000
     atom=  O    l=1  rc=    1.3500  rs=    0.9000
     projs nearly linearly dependent: l=0  n1,n2= 1, 2  s=  0.99100135
     projs nearly linearly dependent: l=1  n1,n2= 1, 2  s=  0.99790100
     -----------------------------------------------------------------
 
     alpha_pv=     48.7387 eV
 
     q-space interpolation up to   110.00 Rydberg
 
     GIPAW job: nmr                                                                             
     NMR macroscopic correction: yes
             0.6667          0.0000          0.0000
             0.0000          0.6667          0.0000
             0.0000          0.0000          0.6667

 
     Largest allocated arrays     est. size (Mb)     dimensions
        KS wavefunctions at k           8.75 Mb     (    5732,  100)
        KS wavefunctions at k+q         8.75 Mb     (    5732,  100)
        First-order wavefunctions      87.46 Mb     (    5732,  100, 10)
        First-order wavefunct (US)     52.48 Mb     (    5732,  100,  6)
        Charge/spin density             0.86 Mb     (  112320,    1)
        Induced current                 7.71 Mb     (  112320,    3,3,1)
        Induced magnetic field          7.71 Mb     (  112320,    3,3,1)
        NL pseudopotentials            23.09 Mb     (    5732,  264)
        GIPAW NL terms                 23.09 Mb     (    5732,  264)
 
     Computing the magnetic susceptibility     isolve=0    ethr=  0.1000E-13
     k-point #    1 of    14      pool #  1    cpu time:       8.6
     Rotating WFCS
     Rotating WFCS
     Rotating WFCS
     Rotating WFCS
     Rotating WFCS
     Rotating WFCS
     Rotating WFCS
     k-point #    2 of    14      pool #  1    cpu time:    1114.1
     Rotating WFCS
     Rotating WFCS
     Rotating WFCS
     Rotating WFCS
     Rotating WFCS
     Rotating WFCS
     Rotating WFCS
     k-point #    3 of    14      pool #  1    cpu time:    2229.9
     Rotating WFCS
     c_bands:  2 eigenvalues not converged
     Rotating WFCS
     Rotating WFCS
     Rotating WFCS
     Rotating WFCS
     Rotating WFCS
     Rotating WFCS
     k-point #    4 of    14      pool #  1    cpu time:    3319.3
     Rotating WFCS
     Rotating WFCS
     Rotating WFCS
     Rotating WFCS
     Rotating WFCS
     Rotating WFCS
     Rotating WFCS
     k-point #    5 of    14      pool #  1    cpu time:    4396.7
     Rotating WFCS
     Rotating WFCS
     Rotating WFCS
     Rotating WFCS
     Rotating WFCS
     Rotating WFCS
     Rotating WFCS
     k-point #    6 of    14      pool #  1    cpu time:    5518.2
     Rotating WFCS
     Rotating WFCS
     Rotating WFCS
     Rotating WFCS
     Rotating WFCS
     Rotating WFCS
     Rotating WFCS
     k-point #    7 of    14      pool #  1    cpu time:    6646.0
     Rotating WFCS
     c_bands:  1 eigenvalues not converged
     Rotating WFCS
     Rotating WFCS
     Rotating WFCS
     c_bands:  1 eigenvalues not converged
     Rotating WFCS
     c_bands:  1 eigenvalues not converged
     Rotating WFCS
     Rotating WFCS
     k-point #    8 of    14      pool #  1    cpu time:    7780.6
     Rotating WFCS
     Rotating WFCS
     Rotating WFCS
     Rotating WFCS
     Rotating WFCS
     Rotating WFCS
     Rotating WFCS
     k-point #    9 of    14      pool #  1    cpu time:    8863.8
     Rotating WFCS
     Rotating WFCS
     Rotating WFCS
     Rotating WFCS
     Rotating WFCS
     Rotating WFCS
     Rotating WFCS
     k-point #   10 of    14      pool #  1    cpu time:    9943.6
     Rotating WFCS
     Rotating WFCS
     Rotating WFCS
     Rotating WFCS
     Rotating WFCS
     Rotating WFCS
     Rotating WFCS
     k-point #   11 of    14      pool #  1    cpu time:   11038.4
     Rotating WFCS
     Rotating WFCS
     Rotating WFCS
     Rotating WFCS
     Rotating WFCS
     Rotating WFCS
     Rotating WFCS
     k-point #   12 of    14      pool #  1    cpu time:   12127.6
     Rotating WFCS
     Rotating WFCS
     Rotating WFCS
     Rotating WFCS
     Rotating WFCS
     Rotating WFCS
     Rotating WFCS
     k-point #   13 of    14      pool #  1    cpu time:   13255.7
     Rotating WFCS
     Rotating WFCS
     Rotating WFCS
     Rotating WFCS
     Rotating WFCS
     Rotating WFCS
     Rotating WFCS
     k-point #   14 of    14      pool #  1    cpu time:   14315.0
     Rotating WFCS
     Rotating WFCS
     Rotating WFCS
     Rotating WFCS
     Rotating WFCS
     Rotating WFCS
     Rotating WFCS
     End of magnetic susceptibility calculation
 
     f-sum rule (1st term):
          -158.8444          0.0000          0.0551
             0.0000       -158.8593          0.0000
             0.0561          0.0000       -158.8657

     f-sum rule (2nd term):
            -4.0625          0.0000         -0.0551
             0.0000         -4.0501          0.0000
            -0.0562          0.0000         -4.0412

     f-sum rule (should be  -162.9068):
          -162.9069          0.0000         -0.0001
             0.0000       -162.9094          0.0000
            -0.0001          0.0000       -162.9069

     chi_bare pGv (HH) in paratec units:
       -39.482759      0.006193      2.290332
         0.004930    -37.500254      0.001578
         2.991671      0.000306    -44.194922

       -39.482759      0.000000      2.290332
         0.000000    -37.500254      0.000000
         2.991671      0.000000    -44.194922

     chi_bare vGv (VV) in paratec units:
       -38.131186      0.004526      4.383075
         0.004487    -35.912475      0.002305
         4.370292      0.002022    -43.137506

       -38.131186      0.000000      4.383075
         0.000000    -35.912475      0.000000
         4.370292      0.000000    -43.137506

     chi_bare pGv (HH) in 10^{-6} cm^3/mol:
          -187.6258          0.0000         10.8839
             0.0000       -178.2047          0.0000
            14.2167          0.0000       -210.0184

     chi_bare vGv (VV) in 10^{-6} cm^3/mol:
          -181.2030          0.0000         20.8288
             0.0000       -170.6595          0.0000
            20.7680          0.0000       -204.9935

     Contributions to the NMR chemical shifts: -------------------------------
 
     Macroscopic shape contribution in ppm:                    6.67
             6.5231          0.0000          0.0000
             0.0000          6.1955          0.0000
             0.0000          0.0000          7.3016

 
     Core contribution in ppm:
 
     Atom  1  O   pos: ( -0.075710  0.652806  0.698096)  core sigma:         271.07
     Atom  2  O   pos: (  0.618626  1.539443  0.790452)  core sigma:         271.07
     Atom  3  O   pos: (  0.604743  0.641520  0.957420)  core sigma:         271.07
     Atom  4  O   pos: ( -0.061827  1.528158  0.531128)  core sigma:         271.07
     Atom  5  N   pos: (  0.688683  0.332958  0.376929)  core sigma:         235.78
     Atom  6  N   pos: ( -0.145768  1.219596  1.111619)  core sigma:         235.78
     Atom  7  N   pos: (  0.531592  0.165421  0.289033)  core sigma:         235.78
     Atom  8  N   pos: (  0.011324  1.052058  1.199515)  core sigma:         235.78
     Atom  9  N   pos: (  0.357442  0.133677  0.465711)  core sigma:         235.78
     Atom 10  N   pos: (  0.185474  1.020314  1.022838)  core sigma:         235.78
     Atom 11  N   pos: (  0.389468  0.271746  0.668412)  core sigma:         235.78
     Atom 12  N   pos: (  0.153448  1.158383  0.820137)  core sigma:         235.78
     Atom 13  N   pos: (  0.718440  0.575552  0.766107)  core sigma:         235.78
     Atom 14  N   pos: ( -0.175524  1.462190  0.722442)  core sigma:         235.78
     Atom 15  C   pos: (  0.598251  0.393122  0.605678)  core sigma:         200.51
     Atom 16  C   pos: ( -0.055336  1.279759  0.882870)  core sigma:         200.51
     Atom 17  H   pos: (  0.218323  0.001661  0.448518)  core sigma:           0.00
     Atom 18  H   pos: (  0.324592  0.888298  1.040031)  core sigma:           0.00
     Atom 19  O   pos: (  0.123270  0.444750  1.212814)  core sigma:         271.07
     Atom 20  O   pos: (  0.419646  1.331387  0.275735)  core sigma:         271.07
     Atom 21  O   pos: ( -0.038211  0.123193  1.012706)  core sigma:         271.07
     Atom 22  O   pos: (  0.581127  1.009831  0.475842)  core sigma:         271.07
     Atom 23  N   pos: (  0.494691  0.152478  1.405297)  core sigma:         235.78
     Atom 24  N   pos: (  0.048225  1.039115  0.083251)  core sigma:         235.78
     Atom 25  N   pos: (  0.064272  1.728093  0.013653)  core sigma:         235.78
     Atom 26  N   pos: (  0.478643  0.841456  1.474895)  core sigma:         235.78
     Atom 27  N   pos: (  0.481375  1.530488  1.417058)  core sigma:         235.78
     Atom 28  N   pos: (  0.061541  0.643851  0.071490)  core sigma:         235.78
     Atom 29  N   pos: (  0.290867  1.584721  1.269713)  core sigma:         235.78
     Atom 30  N   pos: (  0.252049  0.698084  0.218836)  core sigma:         235.78
     Atom 31  N   pos: (  0.115424  0.221664  1.154864)  core sigma:         235.78
     Atom 32  N   pos: (  0.427491  1.108301  0.333684)  core sigma:         235.78
     Atom 33  C   pos: (  0.302993  0.061138  1.268643)  core sigma:         200.51
     Atom 34  C   pos: (  0.239922  0.947775  0.219905)  core sigma:         200.51
     Atom 35  H   pos: (  0.530276  1.344942  1.470266)  core sigma:           0.00
     Atom 36  H   pos: (  0.012640  0.458305  0.018282)  core sigma:           0.00
 
     Bare contribution in ppm:
 
     Atom  1  O   pos: ( -0.075710  0.652806  0.698096)  bare sigma:        -106.63
          -167.3656        -53.3656         92.4521
           -91.2315        -48.9512        -48.3437
            47.9331        -75.5820       -103.5602

     Atom  2  O   pos: (  0.618626  1.539443  0.790452)  bare sigma:        -106.63
          -167.3656         53.3656         92.4521
            91.2315        -48.9512         48.3437
            47.9331         75.5820       -103.5602

     Atom  3  O   pos: (  0.604743  0.641520  0.957420)  bare sigma:         -92.63
          -124.7295        -62.0768         40.9822
           -24.4439        -43.3335        -90.8835
            86.9244        -51.9738       -109.8224

     Atom  4  O   pos: ( -0.061827  1.528158  0.531128)  bare sigma:         -92.63
          -124.7295         62.0768         40.9822
            24.4439        -43.3335         90.8835
            86.9244         51.9738       -109.8224

     Atom  5  N   pos: (  0.688683  0.332958  0.376929)  bare sigma:         -68.44
           -60.6574        -64.6197         15.0073
           -69.6033        -47.5361        -63.4844
            12.7080        -63.2188        -97.1216

     Atom  6  N   pos: ( -0.145768  1.219596  1.111619)  bare sigma:         -68.44
           -60.6574         64.6197         15.0073
            69.6033        -47.5361         63.4844
            12.7080         63.2188        -97.1216

     Atom  7  N   pos: (  0.531592  0.165421  0.289033)  bare sigma:         -86.36
          -114.0408        -74.5190         35.6040
           -83.9683        -66.6710        -24.5891
            22.7938        -27.4955        -78.3673

     Atom  8  N   pos: (  0.011324  1.052058  1.199515)  bare sigma:         -86.36
          -114.0408         74.5190         35.6040
            83.9683        -66.6710         24.5891
            22.7938         27.4955        -78.3673

     Atom  9  N   pos: (  0.357442  0.133677  0.465711)  bare sigma:         -46.55
           -55.4989        -48.2853        -10.3699
           -42.1155        -50.9625        -30.3302
             0.9900        -18.9725        -33.1739

     Atom 10  N   pos: (  0.185474  1.020314  1.022838)  bare sigma:         -46.55
           -55.4989         48.2853        -10.3699
            42.1155        -50.9625         30.3302
             0.9900         18.9725        -33.1739

     Atom 11  N   pos: (  0.389468  0.271746  0.668412)  bare sigma:         -58.64
           -60.2758        -76.2611          2.9047
           -76.2713        -46.3233        -58.8380
            12.3828        -55.4331        -69.3230

     Atom 12  N   pos: (  0.153448  1.158383  0.820137)  bare sigma:         -58.64
           -60.2758         76.2611          2.9047
            76.2713        -46.3233         58.8380
            12.3828         55.4331        -69.3230

     Atom 13  N   pos: (  0.718440  0.575552  0.766107)  bare sigma:         -76.46
           -77.8422        -24.1016          1.2238
           -25.2873        -70.6767        -37.0150
             2.9137        -35.4294        -80.8680

     Atom 14  N   pos: ( -0.175524  1.462190  0.722442)  bare sigma:         -76.46
           -77.8422         24.1016          1.2238
            25.2873        -70.6767         37.0150
             2.9137         35.4294        -80.8680

     Atom 15  C   pos: (  0.598251  0.393122  0.605678)  bare sigma:         -74.38
           -69.3271        -13.9802         -6.1740
           -21.4783        -73.4997        -14.4596
            -4.6821        -20.3798        -80.3021

     Atom 16  C   pos: ( -0.055336  1.279759  0.882870)  bare sigma:         -74.38
           -69.3271         13.9802         -6.1740
            21.4783        -73.4997         14.4596
            -4.6821         20.3798        -80.3021

     Atom 17  H   pos: (  0.218323  0.001661  0.448518)  bare sigma:           9.06
            10.3750          3.4014         -4.2887
             4.7354          9.0611         -0.9851
             1.7539          1.0718          7.7561

     Atom 18  H   pos: (  0.324592  0.888298  1.040031)  bare sigma:           9.06
            10.3750         -3.4014         -4.2887
            -4.7354          9.0611          0.9851
             1.7539         -1.0718          7.7561

     Atom 19  O   pos: (  0.123270  0.444750  1.212814)  bare sigma:        -105.18
           -75.8541         46.6357        -77.6029
           -15.4446       -191.1490        -68.8234
           -93.4753        -36.9804        -48.5235

     Atom 20  O   pos: (  0.419646  1.331387  0.275735)  bare sigma:        -105.18
           -75.8541        -46.6357        -77.6029
            15.4446       -191.1490         68.8234
           -93.4753         36.9804        -48.5235

     Atom 21  O   pos: ( -0.038211  0.123193  1.012706)  bare sigma:         -95.81
           -92.4023        -23.3306       -104.6233
            28.3506       -146.4709        -23.3691
           -90.3927        -64.4636        -48.5630

     Atom 22  O   pos: (  0.581127  1.009831  0.475842)  bare sigma:         -95.81
           -92.4023         23.3306       -104.6233
           -28.3506       -146.4709         23.3691
           -90.3927         64.4636        -48.5630

     Atom 23  N   pos: (  0.494691  0.152478  1.405297)  bare sigma:         -60.95
           -60.9218         19.6560        -68.2900
             6.6792        -98.0683         12.0477
           -75.4161         12.0593        -23.8584

     Atom 24  N   pos: (  0.048225  1.039115  0.083251)  bare sigma:         -60.95
           -60.9218        -19.6560        -68.2900
            -6.6792        -98.0683        -12.0477
           -75.4161        -12.0593        -23.8584

     Atom 25  N   pos: (  0.064272  1.728093  0.013653)  bare sigma:         -84.40
           -52.9964         18.7554        -48.4106
            -1.2898       -167.1862          9.0048
           -51.9730         14.3414        -33.0154

     Atom 26  N   pos: (  0.478643  0.841456  1.474895)  bare sigma:         -84.40
           -52.9964        -18.7554        -48.4106
             1.2898       -167.1862         -9.0048
           -51.9730        -14.3414        -33.0154

     Atom 27  N   pos: (  0.481375  1.530488  1.417058)  bare sigma:         -52.15
           -41.7114         12.0667        -30.2631
            25.2247        -86.2157         26.5585
           -31.9450         16.6804        -28.5365

     Atom 28  N   pos: (  0.061541  0.643851  0.071490)  bare sigma:         -52.15
           -41.7114        -12.0667        -30.2631
           -25.2247        -86.2157        -26.5585
           -31.9450        -16.6804        -28.5365

     Atom 29  N   pos: (  0.290867  1.584721  1.269713)  bare sigma:         -57.20
           -52.5968         18.5263        -71.5092
            31.4696       -107.2534         30.8059
           -69.5882         31.8365        -11.7381

     Atom 30  N   pos: (  0.252049  0.698084  0.218836)  bare sigma:         -57.20
           -52.5968        -18.5263        -71.5092
           -31.4696       -107.2534        -30.8059
           -69.5882        -31.8365        -11.7381

     Atom 31  N   pos: (  0.115424  0.221664  1.154864)  bare sigma:         -76.22
           -80.9332         26.1590        -31.2197
            23.4411        -88.7920          2.9194
           -34.8728          4.7794        -58.9435

     Atom 32  N   pos: (  0.427491  1.108301  0.333684)  bare sigma:         -76.22
           -80.9332        -26.1590        -31.2197
           -23.4411        -88.7920         -2.9194
           -34.8728         -4.7794        -58.9435

     Atom 33  C   pos: (  0.302993  0.061138  1.268643)  bare sigma:         -74.17
           -80.2544         12.7444        -15.9828
            12.8755        -78.8530          7.5521
           -18.7404         14.0780        -63.4167

     Atom 34  C   pos: (  0.239922  0.947775  0.219905)  bare sigma:         -74.17
           -80.2544        -12.7444        -15.9828
           -12.8755        -78.8530         -7.5521
           -18.7404        -14.0780        -63.4167

     Atom 35  H   pos: (  0.530276  1.344942  1.470266)  bare sigma:           4.91
             1.9825         -1.7739          8.4643
             2.1251         15.2020          0.7387
             6.3540         -5.5230         -2.4494

     Atom 36  H   pos: (  0.012640  0.458305  0.018282)  bare sigma:           4.91
             1.9825          1.7739          8.4643
            -2.1251         15.2020         -0.7387
             6.3540          5.5230         -2.4494

     Diamagnetic contribution in ppm:
 
     Atom  1  O   pos: ( -0.075710  0.652806  0.698096)  dia sigma:          16.89
            17.7139          0.1496         -0.2272
             0.1496         16.6956         -0.8409
            -0.2272         -0.8409         16.2459

     Atom  2  O   pos: (  0.618626  1.539443  0.790452)  dia sigma:          16.89
            17.7139         -0.1496         -0.2272
            -0.1496         16.6956          0.8409
            -0.2272          0.8409         16.2459

     Atom  3  O   pos: (  0.604743  0.641520  0.957420)  dia sigma:          17.01
            16.6049         -0.8032         -0.5944
            -0.8032         16.7522         -0.0242
            -0.5944         -0.0242         17.6810

     Atom  4  O   pos: ( -0.061827  1.528158  0.531128)  dia sigma:          17.01
            16.6049          0.8032         -0.5944
             0.8032         16.7522          0.0242
            -0.5944          0.0242         17.6810

     Atom  5  N   pos: (  0.688683  0.332958  0.376929)  dia sigma:           8.43
             8.1774         -0.1696          0.4213
            -0.1696          8.6670          0.1717
             0.4213          0.1717          8.4383

     Atom  6  N   pos: ( -0.145768  1.219596  1.111619)  dia sigma:           8.43
             8.1774          0.1696          0.4213
             0.1696          8.6670         -0.1717
             0.4213         -0.1717          8.4383

     Atom  7  N   pos: (  0.531592  0.165421  0.289033)  dia sigma:           7.91
             8.2810          0.0840         -0.0953
             0.0840          7.9324         -0.3839
            -0.0953         -0.3839          7.5102

     Atom  8  N   pos: (  0.011324  1.052058  1.199515)  dia sigma:           7.91
             8.2810         -0.0840         -0.0953
            -0.0840          7.9324          0.3839
            -0.0953          0.3839          7.5102

     Atom  9  N   pos: (  0.357442  0.133677  0.465711)  dia sigma:           9.43
             9.3213          0.0599         -0.1718
             0.0599          9.2937          0.1779
            -0.1718          0.1779          9.6824

     Atom 10  N   pos: (  0.185474  1.020314  1.022838)  dia sigma:           9.43
             9.3213         -0.0599         -0.1718
            -0.0599          9.2937         -0.1779
            -0.1718         -0.1779          9.6824

     Atom 11  N   pos: (  0.389468  0.271746  0.668412)  dia sigma:           8.43
             8.3026         -0.0235          0.4716
            -0.0235          8.7120          0.1473
             0.4716          0.1473          8.2890

     Atom 12  N   pos: (  0.153448  1.158383  0.820137)  dia sigma:           8.43
             8.3026          0.0235          0.4716
             0.0235          8.7120         -0.1473
             0.4716         -0.1473          8.2890

     Atom 13  N   pos: (  0.718440  0.575552  0.766107)  dia sigma:           8.77
             8.7820         -0.0298         -0.0360
            -0.0298          8.7438         -0.0306
            -0.0360         -0.0306          8.7873

     Atom 14  N   pos: ( -0.175524  1.462190  0.722442)  dia sigma:           8.77
             8.7820          0.0298         -0.0360
             0.0298          8.7438          0.0306
            -0.0360          0.0306          8.7873

     Atom 15  C   pos: (  0.598251  0.393122  0.605678)  dia sigma:           4.27
             4.2647          0.0201          0.0275
             0.0201          4.2834          0.0296
             0.0275          0.0296          4.2700

     Atom 16  C   pos: ( -0.055336  1.279759  0.882870)  dia sigma:           4.27
             4.2647         -0.0201          0.0275
            -0.0201          4.2834         -0.0296
             0.0275         -0.0296          4.2700

     Atom 17  H   pos: (  0.218323  0.001661  0.448518)  dia sigma:           1.02
             1.0222          0.0000         -0.0000
             0.0000          1.0222         -0.0000
            -0.0000         -0.0000          1.0222

     Atom 18  H   pos: (  0.324592  0.888298  1.040031)  dia sigma:           1.02
             1.0222         -0.0000         -0.0000
            -0.0000          1.0222          0.0000
            -0.0000          0.0000          1.0222

     Atom 19  O   pos: (  0.123270  0.444750  1.212814)  dia sigma:          16.87
            16.1971          0.2528         -0.7149
             0.2528         17.7488          0.3386
            -0.7149          0.3386         16.6767

     Atom 20  O   pos: (  0.419646  1.331387  0.275735)  dia sigma:          16.87
            16.1971         -0.2528         -0.7149
            -0.2528         17.7488         -0.3386
            -0.7149         -0.3386         16.6767

     Atom 21  O   pos: ( -0.038211  0.123193  1.012706)  dia sigma:          16.94
            17.2096          0.7942          0.2255
             0.7942         16.1586          0.3749
             0.2255          0.3749         17.4484

     Atom 22  O   pos: (  0.581127  1.009831  0.475842)  dia sigma:          16.94
            17.2096         -0.7942          0.2255
            -0.7942         16.1586         -0.3749
             0.2255         -0.3749         17.4484

     Atom 23  N   pos: (  0.494691  0.152478  1.405297)  dia sigma:           8.67
             8.8237         -0.2970         -0.0010
            -0.2970          8.3066         -0.1990
            -0.0010         -0.1990          8.8888

     Atom 24  N   pos: (  0.048225  1.039115  0.083251)  dia sigma:           8.67
             8.8237          0.2970         -0.0010
             0.2970          8.3066          0.1990
            -0.0010          0.1990          8.8888

     Atom 25  N   pos: (  0.064272  1.728093  0.013653)  dia sigma:           7.95
             7.6207          0.0697         -0.3642
             0.0697          8.3829          0.0224
            -0.3642          0.0224          7.8342

     Atom 26  N   pos: (  0.478643  0.841456  1.474895)  dia sigma:           7.95
             7.6207         -0.0697         -0.3642
            -0.0697          8.3829         -0.0224
            -0.3642         -0.0224          7.8342

     Atom 27  N   pos: (  0.481375  1.530488  1.417058)  dia sigma:           9.32
             9.4442          0.1370          0.2560
             0.1370          9.2025          0.0862
             0.2560          0.0862          9.3002

     Atom 28  N   pos: (  0.061541  0.643851  0.071490)  dia sigma:           9.32
             9.4442         -0.1370          0.2560
            -0.1370          9.2025         -0.0862
             0.2560         -0.0862          9.3002

     Atom 29  N   pos: (  0.290867  1.584721  1.269713)  dia sigma:           8.43
             8.4990         -0.4052         -0.1029
            -0.4052          8.2026         -0.2840
            -0.1029         -0.2840          8.6012

     Atom 30  N   pos: (  0.252049  0.698084  0.218836)  dia sigma:           8.43
             8.4990          0.4052         -0.1029
             0.4052          8.2026          0.2840
            -0.1029          0.2840          8.6012

     Atom 31  N   pos: (  0.115424  0.221664  1.154864)  dia sigma:           8.78
             8.7691          0.0316         -0.0073
             0.0316          8.7811          0.0287
            -0.0073          0.0287          8.7863

     Atom 32  N   pos: (  0.427491  1.108301  0.333684)  dia sigma:           8.78
             8.7691         -0.0316         -0.0073
            -0.0316          8.7811         -0.0287
            -0.0073         -0.0287          8.7863

     Atom 33  C   pos: (  0.302993  0.061138  1.268643)  dia sigma:           4.27
             4.2887         -0.0314          0.0198
            -0.0314          4.2601         -0.0169
             0.0198         -0.0169          4.2541

     Atom 34  C   pos: (  0.239922  0.947775  0.219905)  dia sigma:           4.27
             4.2887          0.0314          0.0198
             0.0314          4.2601          0.0169
             0.0198          0.0169          4.2541

     Atom 35  H   pos: (  0.530276  1.344942  1.470266)  dia sigma:           0.93
             0.9331         -0.0000         -0.0000
            -0.0000          0.9331          0.0000
            -0.0000          0.0000          0.9331

     Atom 36  H   pos: (  0.012640  0.458305  0.018282)  dia sigma:           0.93
             0.9331          0.0000         -0.0000
             0.0000          0.9331         -0.0000
            -0.0000         -0.0000          0.9331

     Paramagnetic contribution in ppm:
 
     Atom  1  O   pos: ( -0.075710  0.652806  0.698096)  para sigma:        -358.43
          -483.6379       -112.4146        203.4407
          -172.9352       -231.3264       -103.8565
           119.2663       -150.9572       -360.3186

     Atom  2  O   pos: (  0.618626  1.539443  0.790452)  para sigma:        -358.43
          -483.6379        112.4146        203.4407
           172.9352       -231.3264        103.8565
           119.2663        150.9572       -360.3186

     Atom  3  O   pos: (  0.604743  0.641520  0.957420)  para sigma:        -325.85
          -403.8723       -126.9190        106.0676
           -51.1674       -217.9596       -176.0397
           181.5662       -102.6440       -355.7262

     Atom  4  O   pos: ( -0.061827  1.528158  0.531128)  para sigma:        -325.85
          -403.8723        126.9190        106.0676
            51.1674       -217.9596        176.0397
           181.5662        102.6440       -355.7262

     Atom  5  N   pos: (  0.688683  0.332958  0.376929)  para sigma:        -221.16
          -210.9917       -106.3207         17.2116
          -106.2869       -191.0230       -100.8134
            17.2020       -100.0841       -261.4801

     Atom  6  N   pos: ( -0.145768  1.219596  1.111619)  para sigma:        -221.16
          -210.9917        106.3207         17.2116
           106.2869       -191.0230        100.8134
            17.2020        100.0841       -261.4801

     Atom  7  N   pos: (  0.531592  0.165421  0.289033)  para sigma:        -251.12
          -299.9119       -115.9295         61.1931
          -129.4338       -219.0185        -32.3164
            39.8788        -39.8387       -234.4349

     Atom  8  N   pos: (  0.011324  1.052058  1.199515)  para sigma:        -251.12
          -299.9119        115.9295         61.1931
           129.4338       -219.0185         32.3164
            39.8788         39.8387       -234.4349

     Atom  9  N   pos: (  0.357442  0.133677  0.465711)  para sigma:        -185.95
          -199.3534        -69.0256        -21.5295
           -55.6799       -200.0391        -40.8462
            -7.2146        -22.6954       -158.4652

     Atom 10  N   pos: (  0.185474  1.020314  1.022838)  para sigma:        -185.95
          -199.3534         69.0256        -21.5295
            55.6799       -200.0391         40.8462
            -7.2146         22.6954       -158.4652

     Atom 11  N   pos: (  0.389468  0.271746  0.668412)  para sigma:        -204.47
          -196.4376       -114.8461          5.6663
          -109.9954       -184.5733        -96.3271
            14.9680        -94.0129       -232.3896

     Atom 12  N   pos: (  0.153448  1.158383  0.820137)  para sigma:        -204.47
          -196.4376        114.8461          5.6663
           109.9954       -184.5733         96.3271
            14.9680         94.0129       -232.3896

     Atom 13  N   pos: (  0.718440  0.575552  0.766107)  para sigma:        -221.46
          -220.7876        -50.2586          3.7585
           -47.2181       -211.3400        -71.2715
             3.6736        -69.5128       -232.2609

     Atom 14  N   pos: ( -0.175524  1.462190  0.722442)  para sigma:        -221.46
          -220.7876         50.2586          3.7585
            47.2181       -211.3400         71.2715
             3.6736         69.5128       -232.2609

     Atom 15  C   pos: (  0.598251  0.393122  0.605678)  para sigma:        -123.96
          -115.9686        -10.7511        -11.6147
           -14.4142       -127.4406        -12.5941
           -11.6784        -19.4245       -128.4695

     Atom 16  C   pos: ( -0.055336  1.279759  0.882870)  para sigma:        -123.96
          -115.9686         10.7511        -11.6147
            14.4142       -127.4406         12.5941
           -11.6784         19.4245       -128.4695

     Atom 17  H   pos: (  0.218323  0.001661  0.448518)  para sigma:           0.00
             0.0000          0.0000          0.0000
             0.0000          0.0000          0.0000
             0.0000          0.0000          0.0000

     Atom 18  H   pos: (  0.324592  0.888298  1.040031)  para sigma:           0.00
             0.0000          0.0000          0.0000
             0.0000          0.0000          0.0000
             0.0000          0.0000          0.0000

     Atom 19  O   pos: (  0.123270  0.444750  1.212814)  para sigma:        -351.94
          -289.3160         73.9622       -169.0839
           -39.3856       -530.2985       -144.9670
          -196.7585       -103.4512       -236.2148

     Atom 20  O   pos: (  0.419646  1.331387  0.275735)  para sigma:        -351.94
          -289.3160        -73.9622       -169.0839
            39.3856       -530.2985        144.9670
          -196.7585        103.4512       -236.2148

     Atom 21  O   pos: ( -0.038211  0.123193  1.012706)  para sigma:        -334.09
          -316.9745        -59.8779       -213.8403
            42.8997       -452.2888        -61.3990
          -182.6676       -142.5316       -233.0130

     Atom 22  O   pos: (  0.581127  1.009831  0.475842)  para sigma:        -334.09
          -316.9745         59.8779       -213.8403
           -42.8997       -452.2888         61.3990
          -182.6676        142.5316       -233.0130

     Atom 23  N   pos: (  0.494691  0.152478  1.405297)  para sigma:        -207.56
          -206.0425         31.7848       -105.9299
            16.0351       -268.8320         22.2498
          -115.2806         13.6693       -147.7946

     Atom 24  N   pos: (  0.048225  1.039115  0.083251)  para sigma:        -207.56
          -206.0425        -31.7848       -105.9299
           -16.0351       -268.8320        -22.2498
          -115.2806        -13.6693       -147.7946

     Atom 25  N   pos: (  0.064272  1.728093  0.013653)  para sigma:        -245.77
          -194.1578         26.3986        -74.7809
            -5.9155       -380.8043         10.7990
           -79.0645         18.5655       -162.3499

     Atom 26  N   pos: (  0.478643  0.841456  1.474895)  para sigma:        -245.77
          -194.1578        -26.3986        -74.7809
             5.9155       -380.8043        -10.7990
           -79.0645        -18.5655       -162.3499

     Atom 27  N   pos: (  0.481375  1.530488  1.417058)  para sigma:        -194.84
          -179.8221         17.6117        -44.2543
            37.9891       -243.4299         39.1673
           -42.6425         27.3278       -161.2760

     Atom 28  N   pos: (  0.061541  0.643851  0.071490)  para sigma:        -194.84
          -179.8221        -17.6117        -44.2543
           -37.9891       -243.4299        -39.1673
           -42.6425        -27.3278       -161.2760

     Atom 29  N   pos: (  0.290867  1.584721  1.269713)  para sigma:        -202.79
          -204.3233         25.6956       -122.2892
            44.1993       -270.4186         44.2557
          -114.7810         49.9770       -133.6328

     Atom 30  N   pos: (  0.252049  0.698084  0.218836)  para sigma:        -202.79
          -204.3233        -25.6956       -122.2892
           -44.1993       -270.4186        -44.2557
          -114.7810        -49.9770       -133.6328

     Atom 31  N   pos: (  0.115424  0.221664  1.154864)  para sigma:        -220.31
          -230.9899         43.6364        -66.0575
            43.5142       -246.1263          8.5119
           -67.3023          6.3495       -183.8193

     Atom 32  N   pos: (  0.427491  1.108301  0.333684)  para sigma:        -220.31
          -230.9899        -43.6364        -66.0575
           -43.5142       -246.1263         -8.5119
           -67.3023         -6.3495       -183.8193

     Atom 33  C   pos: (  0.302993  0.061138  1.268643)  para sigma:        -123.36
          -132.7128         13.8376        -13.8008
            15.2357       -122.1580          8.8596
           -13.0539         12.7643       -115.1992

     Atom 34  C   pos: (  0.239922  0.947775  0.219905)  para sigma:        -123.36
          -132.7128        -13.8376        -13.8008
           -15.2357       -122.1580         -8.8596
           -13.0539        -12.7643       -115.1992

     Atom 35  H   pos: (  0.530276  1.344942  1.470266)  para sigma:           0.00
             0.0000          0.0000          0.0000
             0.0000          0.0000          0.0000
             0.0000          0.0000          0.0000

     Atom 36  H   pos: (  0.012640  0.458305  0.018282)  para sigma:           0.00
             0.0000          0.0000          0.0000
             0.0000          0.0000          0.0000
             0.0000          0.0000          0.0000

     Paramagnetic US occ-occ contribution in ppm:
 
     Atom  1  O   pos: ( -0.075710  0.652806  0.698096)  para_oo sigma:          -5.80
            -3.2133         -1.3818         -1.0183
            -4.3106         -7.6400         -3.9473
            -5.3505         -6.6857         -6.5500

     Atom  2  O   pos: (  0.618626  1.539443  0.790452)  para_oo sigma:          -5.80
            -3.2133          1.3818         -1.0183
             4.3106         -7.6400          3.9473
            -5.3505          6.6857         -6.5500

     Atom  3  O   pos: (  0.604743  0.641520  0.957420)  para_oo sigma:          -5.42
            -4.7951         -5.3271         -4.8951
            -2.6292         -6.7765         -5.0715
            -1.1568         -3.0004         -4.6788

     Atom  4  O   pos: ( -0.061827  1.528158  0.531128)  para_oo sigma:          -5.42
            -4.7951          5.3271         -4.8951
             2.6292         -6.7765          5.0715
            -1.1568          3.0004         -4.6788

     Atom  5  N   pos: (  0.688683  0.332958  0.376929)  para_oo sigma:          -3.48
            -2.2385          0.6900          1.8009
             0.0407         -2.2575         -0.9621
             0.7122         -1.7452         -5.9351

     Atom  6  N   pos: ( -0.145768  1.219596  1.111619)  para_oo sigma:          -3.48
            -2.2385         -0.6900          1.8009
            -0.0407         -2.2575          0.9621
             0.7122          1.7452         -5.9351

     Atom  7  N   pos: (  0.531592  0.165421  0.289033)  para_oo sigma:          -4.14
            -3.9139         -1.1347          0.9588
            -1.5541         -3.5287         -1.0751
             0.4924         -1.4246         -4.9922

     Atom  8  N   pos: (  0.011324  1.052058  1.199515)  para_oo sigma:          -4.14
            -3.9139          1.1347          0.9588
             1.5541         -3.5287          1.0751
             0.4924          1.4246         -4.9922

     Atom  9  N   pos: (  0.357442  0.133677  0.465711)  para_oo sigma:          -2.80
            -3.2914         -1.6956         -0.0405
            -1.4378         -2.7570         -0.6009
             0.3432         -0.3788         -2.3658

     Atom 10  N   pos: (  0.185474  1.020314  1.022838)  para_oo sigma:          -2.80
            -3.2914          1.6956         -0.0405
             1.4378         -2.7570          0.6009
             0.3432          0.3788         -2.3658

     Atom 11  N   pos: (  0.389468  0.271746  0.668412)  para_oo sigma:          -3.11
            -4.3542         -2.2348         -0.1666
            -1.6957         -3.0412         -0.2537
             0.8357          0.4406         -1.9234

     Atom 12  N   pos: (  0.153448  1.158383  0.820137)  para_oo sigma:          -3.11
            -4.3542          2.2348         -0.1666
             1.6957         -3.0412          0.2537
             0.8357         -0.4406         -1.9234

     Atom 13  N   pos: (  0.718440  0.575552  0.766107)  para_oo sigma:          -2.88
            -2.3767         -0.8737         -0.8157
            -0.8293         -3.3717         -1.3117
            -0.9276         -1.2118         -2.8983

     Atom 14  N   pos: ( -0.175524  1.462190  0.722442)  para_oo sigma:          -2.88
            -2.3767          0.8737         -0.8157
             0.8293         -3.3717          1.3117
            -0.9276          1.2118         -2.8983

     Atom 15  C   pos: (  0.598251  0.393122  0.605678)  para_oo sigma:          -2.18
            -2.1513         -0.4940          0.2868
            -0.4497         -1.8894         -0.6803
             0.2308         -0.6351         -2.4876

     Atom 16  C   pos: ( -0.055336  1.279759  0.882870)  para_oo sigma:          -2.18
            -2.1513          0.4940          0.2868
             0.4497         -1.8894          0.6803
             0.2308          0.6351         -2.4876

     Atom 17  H   pos: (  0.218323  0.001661  0.448518)  para_oo sigma:           0.00
             0.0000          0.0000          0.0000
             0.0000          0.0000          0.0000
             0.0000          0.0000          0.0000

     Atom 18  H   pos: (  0.324592  0.888298  1.040031)  para_oo sigma:           0.00
             0.0000          0.0000          0.0000
             0.0000          0.0000          0.0000
             0.0000          0.0000          0.0000

     Atom 19  O   pos: (  0.123270  0.444750  1.212814)  para_oo sigma:          -5.67
            -7.9736          6.8962         -3.2732
             2.4767         -4.6940          1.2383
            -4.2190          4.7511         -4.3455

     Atom 20  O   pos: (  0.419646  1.331387  0.275735)  para_oo sigma:          -5.67
            -7.9736         -6.8962         -3.2732
            -2.4767         -4.6940         -1.2383
            -4.2190         -4.7511         -4.3455

     Atom 21  O   pos: ( -0.038211  0.123193  1.012706)  para_oo sigma:          -5.67
            -6.7405          3.2888         -3.0625
             7.3370         -7.0873          4.2714
            -2.1567          1.0372         -3.1872

     Atom 22  O   pos: (  0.581127  1.009831  0.475842)  para_oo sigma:          -5.67
            -6.7405         -3.2888         -3.0625
            -7.3370         -7.0873         -4.2714
            -2.1567         -1.0372         -3.1872

     Atom 23  N   pos: (  0.494691  0.152478  1.405297)  para_oo sigma:          -3.22
            -4.3536         -0.3953         -2.0191
            -1.4298         -2.2163         -1.0711
            -2.0678         -0.2189         -3.0893

     Atom 24  N   pos: (  0.048225  1.039115  0.083251)  para_oo sigma:          -3.22
            -4.3536          0.3953         -2.0191
             1.4298         -2.2163          1.0711
            -2.0678          0.2189         -3.0893

     Atom 25  N   pos: (  0.064272  1.728093  0.013653)  para_oo sigma:          -4.07
            -4.1005          0.2377         -1.9888
            -0.2677         -5.0056          0.0632
            -1.8563          0.5511         -3.1188

     Atom 26  N   pos: (  0.478643  0.841456  1.474895)  para_oo sigma:          -4.07
            -4.1005         -0.2377         -1.9888
             0.2677         -5.0056         -0.0632
            -1.8563         -0.5511         -3.1188

     Atom 27  N   pos: (  0.481375  1.530488  1.417058)  para_oo sigma:          -3.03
            -2.4199          0.2562         -0.9141
             0.6711         -4.6035          0.7576
            -0.9065          0.4323         -2.0547

     Atom 28  N   pos: (  0.061541  0.643851  0.071490)  para_oo sigma:          -3.03
            -2.4199         -0.2562         -0.9141
            -0.6711         -4.6035         -0.7576
            -0.9065         -0.4323         -2.0547

     Atom 29  N   pos: (  0.290867  1.584721  1.269713)  para_oo sigma:          -3.16
            -1.8868         -0.1681         -0.2133
             0.8641         -5.7840          0.8498
            -0.2689          0.0256         -1.7960

     Atom 30  N   pos: (  0.252049  0.698084  0.218836)  para_oo sigma:          -3.16
            -1.8868          0.1681         -0.2133
            -0.8641         -5.7840         -0.8498
            -0.2689         -0.0256         -1.7960

     Atom 31  N   pos: (  0.115424  0.221664  1.154864)  para_oo sigma:          -2.87
            -3.3483          1.3387         -0.7746
             1.2718         -2.8795          0.8360
            -0.8442          0.7472         -2.3845

     Atom 32  N   pos: (  0.427491  1.108301  0.333684)  para_oo sigma:          -2.87
            -3.3483         -1.3387         -0.7746
            -1.2718         -2.8795         -0.8360
            -0.8442         -0.7472         -2.3845

     Atom 33  C   pos: (  0.302993  0.061138  1.268643)  para_oo sigma:          -2.18
            -2.2294          0.1773         -0.7217
             0.0929         -2.5063         -0.0155
            -0.9131         -0.0013         -1.8076

     Atom 34  C   pos: (  0.239922  0.947775  0.219905)  para_oo sigma:          -2.18
            -2.2294         -0.1773         -0.7217
            -0.0929         -2.5063          0.0155
            -0.9131          0.0013         -1.8076

     Atom 35  H   pos: (  0.530276  1.344942  1.470266)  para_oo sigma:           0.00
             0.0000          0.0000          0.0000
             0.0000          0.0000          0.0000
             0.0000          0.0000          0.0000

     Atom 36  H   pos: (  0.012640  0.458305  0.018282)  para_oo sigma:           0.00
             0.0000          0.0000          0.0000
             0.0000          0.0000          0.0000
             0.0000          0.0000          0.0000

     Paramagnetic US L_R Q_R contribution in ppm:
 
     Atom  1  O   pos: ( -0.075710  0.652806  0.698096)  para_lq sigma:        -189.56
          -213.2620        -20.1362         26.9591
           -40.3228       -177.0180         -6.0178
            -2.1630        -23.1861       -178.4097

     Atom  2  O   pos: (  0.618626  1.539443  0.790452)  para_lq sigma:        -189.56
          -213.2620         20.1362         26.9591
            40.3228       -177.0180          6.0178
            -2.1630         23.1861       -178.4097

     Atom  3  O   pos: (  0.604743  0.641520  0.957420)  para_lq sigma:        -185.96
          -182.8931        -18.9826          2.0190
             1.6049       -174.1484        -36.9906
            30.3566        -19.6967       -200.8525

     Atom  4  O   pos: ( -0.061827  1.528158  0.531128)  para_lq sigma:        -185.96
          -182.8931         18.9826          2.0190
            -1.6049       -174.1484         36.9906
            30.3566         19.6967       -200.8525

     Atom  5  N   pos: (  0.688683  0.332958  0.376929)  para_lq sigma:         -76.32
           -69.4379         -3.8694         -0.6797
            -5.9536        -75.4725        -11.1571
            -3.7206        -13.4427        -84.0375

     Atom  6  N   pos: ( -0.145768  1.219596  1.111619)  para_lq sigma:         -76.32
           -69.4379          3.8694         -0.6797
             5.9536        -75.4725         11.1571
            -3.7206         13.4427        -84.0375

     Atom  7  N   pos: (  0.531592  0.165421  0.289033)  para_lq sigma:         -80.97
           -90.6697        -16.6263          6.1528
           -17.6879        -78.2515         -0.6853
             5.3184         -1.1420        -73.9976

     Atom  8  N   pos: (  0.011324  1.052058  1.199515)  para_lq sigma:         -80.97
           -90.6697         16.6263          6.1528
            17.6879        -78.2515          0.6853
             5.3184          1.1420        -73.9976

     Atom  9  N   pos: (  0.357442  0.133677  0.465711)  para_lq sigma:         -72.43
           -73.0697        -14.0173          0.0165
           -12.6124        -71.7602         -9.0579
             1.9736         -7.9155        -72.4467

     Atom 10  N   pos: (  0.185474  1.020314  1.022838)  para_lq sigma:         -72.43
           -73.0697         14.0173          0.0165
            12.6124        -71.7602          9.0579
             1.9736          7.9155        -72.4467

     Atom 11  N   pos: (  0.389468  0.271746  0.668412)  para_lq sigma:         -76.02
           -78.1054        -14.8556         -7.5212
           -13.6322        -79.6479         -8.3678
            -5.0405         -7.2079        -70.2924

     Atom 12  N   pos: (  0.153448  1.158383  0.820137)  para_lq sigma:         -76.02
           -78.1054         14.8556         -7.5212
            13.6322        -79.6479          8.3678
            -5.0405          7.2079        -70.2924

     Atom 13  N   pos: (  0.718440  0.575552  0.766107)  para_lq sigma:         -75.17
           -74.7663         -8.5227          0.2500
            -8.2371        -73.7645        -12.3124
             0.2212        -11.8820        -76.9866

     Atom 14  N   pos: ( -0.175524  1.462190  0.722442)  para_lq sigma:         -75.17
           -74.7663          8.5227          0.2500
             8.2371        -73.7645         12.3124
             0.2212         11.8820        -76.9866

     Atom 15  C   pos: (  0.598251  0.393122  0.605678)  para_lq sigma:         -17.00
           -16.4868         -2.4631         -0.2641
            -2.3424        -16.5401         -3.0847
            -0.2459         -3.0432        -17.9649

     Atom 16  C   pos: ( -0.055336  1.279759  0.882870)  para_lq sigma:         -17.00
           -16.4868          2.4631         -0.2641
             2.3424        -16.5401          3.0847
            -0.2459          3.0432        -17.9649

     Atom 17  H   pos: (  0.218323  0.001661  0.448518)  para_lq sigma:           0.00
             0.0000          0.0000          0.0000
             0.0000          0.0000          0.0000
             0.0000          0.0000          0.0000

     Atom 18  H   pos: (  0.324592  0.888298  1.040031)  para_lq sigma:           0.00
             0.0000          0.0000          0.0000
             0.0000          0.0000          0.0000
             0.0000          0.0000          0.0000

     Atom 19  O   pos: (  0.123270  0.444750  1.212814)  para_lq sigma:        -188.73
          -176.0512         27.9156        -15.3252
            -3.4693       -224.8079        -21.1133
           -22.3635          2.3102       -165.3246

     Atom 20  O   pos: (  0.419646  1.331387  0.275735)  para_lq sigma:        -188.73
          -176.0512        -27.9156        -15.3252
             3.4693       -224.8079         21.1133
           -22.3635         -2.3102       -165.3246

     Atom 21  O   pos: ( -0.038211  0.123193  1.012706)  para_lq sigma:        -186.75
          -194.6469        -14.0511        -39.2210
            17.2346       -188.3247          3.4850
           -32.1703        -20.8406       -177.2644

     Atom 22  O   pos: (  0.581127  1.009831  0.475842)  para_lq sigma:        -186.75
          -194.6469         14.0511        -39.2210
           -17.2346       -188.3247         -3.4850
           -32.1703         20.8406       -177.2644

     Atom 23  N   pos: (  0.494691  0.152478  1.405297)  para_lq sigma:         -74.96
           -79.4741          5.2929        -12.1368
             1.8058        -72.6928          1.8512
           -12.5390          4.3203        -72.7134

     Atom 24  N   pos: (  0.048225  1.039115  0.083251)  para_lq sigma:         -74.96
           -79.4741         -5.2929        -12.1368
            -1.8058        -72.6928         -1.8512
           -12.5390         -4.3203        -72.7134

     Atom 25  N   pos: (  0.064272  1.728093  0.013653)  para_lq sigma:         -80.67
           -71.0876          2.1171         -6.1802
             0.4154       -102.1138          2.9850
            -5.7244          4.2251        -68.8051

     Atom 26  N   pos: (  0.478643  0.841456  1.474895)  para_lq sigma:         -80.67
           -71.0876         -2.1171         -6.1802
            -0.4154       -102.1138         -2.9850
            -5.7244         -4.2251        -68.8051

     Atom 27  N   pos: (  0.481375  1.530488  1.417058)  para_lq sigma:         -73.16
           -71.4195          2.4084        -11.6630
             4.4242        -81.9661          5.4423
           -11.6113          4.0322        -66.1035

     Atom 28  N   pos: (  0.061541  0.643851  0.071490)  para_lq sigma:         -73.16
           -71.4195         -2.4084        -11.6630
            -4.4242        -81.9661         -5.4423
           -11.6113         -4.0322        -66.1035

     Atom 29  N   pos: (  0.290867  1.584721  1.269713)  para_lq sigma:         -75.97
           -72.6031          9.1618         -6.7004
            11.9460        -86.0504          9.9195
            -5.9783          8.6808        -69.2572

     Atom 30  N   pos: (  0.252049  0.698084  0.218836)  para_lq sigma:         -75.97
           -72.6031         -9.1618         -6.7004
           -11.9460        -86.0504         -9.9195
            -5.9783         -8.6808        -69.2572

     Atom 31  N   pos: (  0.115424  0.221664  1.154864)  para_lq sigma:         -75.14
           -77.0755          7.7860        -11.4112
             7.7699        -79.4158          1.5477
           -11.5768          1.1062        -68.9287

     Atom 32  N   pos: (  0.427491  1.108301  0.333684)  para_lq sigma:         -75.14
           -77.0755         -7.7860        -11.4112
            -7.7699        -79.4158         -1.5477
           -11.5768         -1.1062        -68.9287

     Atom 33  C   pos: (  0.302993  0.061138  1.268643)  para_lq sigma:         -16.98
           -17.6926          1.3285         -2.9285
             1.7115        -17.8954          0.9442
            -3.4939          0.8276        -15.3388

     Atom 34  C   pos: (  0.239922  0.947775  0.219905)  para_lq sigma:         -16.98
           -17.6926         -1.3285         -2.9285
            -1.7115        -17.8954         -0.9442
            -3.4939         -0.8276        -15.3388

     Atom 35  H   pos: (  0.530276  1.344942  1.470266)  para_lq sigma:           0.00
             0.0000          0.0000          0.0000
             0.0000          0.0000          0.0000
             0.0000          0.0000          0.0000

     Atom 36  H   pos: (  0.012640  0.458305  0.018282)  para_lq sigma:           0.00
             0.0000          0.0000          0.0000
             0.0000          0.0000          0.0000
             0.0000          0.0000          0.0000

 
     Total NMR chemical shifts in ppm: ---------------------------------------
     (adopting the Simpson convention for anisotropy and asymmetry)-----------
 
     Atom  1  O   pos: ( -0.075710  0.652806  0.698096)  Total sigma:        -365.78
          -572.1670       -187.1486        321.6064
          -308.6504       -170.9695       -163.0063
           159.4588       -257.2519       -354.2161

     O    1    anisotropy:    746.20    eta:   -0.5424
     O    1    sigma_11=   -479.62    axis=(  0.181774  0.648966  0.738784)
     O    1    sigma_22=   -749.42    axis=(  0.880854  0.226494 -0.415687)
     O    1    sigma_33=    131.68    axis=(  0.437097 -0.726322  0.530474)
 
     Atom  2  O   pos: (  0.618626  1.539443  0.790452)  Total sigma:        -365.78
          -572.1670        187.1486        321.6064
           308.6504       -170.9695        163.0063
           159.4588        257.2519       -354.2161

     O    2    anisotropy:    746.20    eta:   -0.5424
     O    2    sigma_11=   -479.62    axis=( -0.181774  0.648966 -0.738784)
     O    2    sigma_22=   -749.42    axis=(  0.880854 -0.226494 -0.415687)
     O    2    sigma_33=    131.68    axis=(  0.437097  0.726322  0.530474)
 
     Atom  3  O   pos: (  0.604743  0.641520  0.957420)  Total sigma:        -315.10
          -422.0872       -214.1087        143.5793
           -77.4388       -148.1954       -309.0095
           297.0960       -177.3391       -375.0224

     O    3    anisotropy:    649.93    eta:   -0.4517
     O    3    sigma_11=   -433.90    axis=( -0.625807 -0.665517 -0.406758)
     O    3    sigma_22=   -629.60    axis=(  0.658301 -0.170968 -0.733083)
     O    3    sigma_33=    118.19    axis=(  0.418337 -0.726538  0.545103)
 
     Atom  4  O   pos: ( -0.061827  1.528158  0.531128)  Total sigma:        -315.10
          -422.0872        214.1087        143.5793
            77.4388       -148.1954        309.0095
           297.0960        177.3391       -375.0224

     O    4    anisotropy:    649.93    eta:   -0.4517
     O    4    sigma_11=   -433.90    axis=( -0.625807  0.665517 -0.406758)
     O    4    sigma_22=   -629.60    axis=( -0.658301 -0.170968  0.733083)
     O    4    sigma_33=    118.19    axis=(  0.418337  0.726538  0.545103)
 
     Atom  5  N   pos: (  0.688683  0.332958  0.376929)  Total sigma:        -118.52
           -92.8489       -174.2894         33.7614
          -181.9728        -65.6503       -176.2453
            27.3230       -178.3191       -197.0584

     N    5    anisotropy:    427.04    eta:   -0.6328
     N    5    sigma_11=   -170.78    axis=( -0.750466 -0.221576  0.622660)
     N    5    sigma_22=   -350.95    axis=( -0.365941 -0.645218 -0.670657)
     N    5    sigma_33=    166.18    axis=( -0.550353  0.731162 -0.403130)
 
     Atom  6  N   pos: ( -0.145768  1.219596  1.111619)  Total sigma:        -118.52
           -92.8489        174.2894         33.7614
           181.9728        -65.6503        176.2453
            27.3230        178.3191       -197.0584

     N    6    anisotropy:    427.04    eta:   -0.6328
     N    6    sigma_11=   -170.78    axis=(  0.750466 -0.221576 -0.622660)
     N    6    sigma_22=   -350.95    axis=( -0.365941  0.645218 -0.670657)
     N    6    sigma_33=    166.18    axis=( -0.550353 -0.731162 -0.403130)
 
     Atom  7  N   pos: (  0.531592  0.165421  0.289033)  Total sigma:        -172.24
          -257.9561       -208.1255        103.8134
          -232.5600       -117.5656        -59.0498
            68.3880        -70.2846       -141.2041

     N    7    anisotropy:    393.09    eta:   -0.9123
     N    7    sigma_11=   -183.73    axis=( -0.144630  0.402019  0.904137)
     N    7    sigma_22=   -422.81    axis=(  0.816853  0.564185 -0.120193)
     N    7    sigma_33=     89.82    axis=(  0.558420 -0.721163  0.409989)
 
     Atom  8  N   pos: (  0.011324  1.052058  1.199515)  Total sigma:        -172.24
          -257.9561        208.1255        103.8134
           232.5600       -117.5656         59.0498
            68.3880         70.2846       -141.2041

     N    8    anisotropy:    393.09    eta:   -0.9123
     N    8    sigma_11=   -183.73    axis=( -0.144630 -0.402019  0.904137)
     N    8    sigma_22=   -422.81    axis=(  0.816853 -0.564185 -0.120193)
     N    8    sigma_33=     89.82    axis=( -0.558420 -0.721163 -0.409989)
 
     Atom  9  N   pos: (  0.357442  0.133677  0.465711)  Total sigma:         -55.85
           -79.5929       -132.9639        -32.0951
          -111.7856        -74.2534        -80.6573
            -4.0796        -49.7843        -13.6914

     N    9    anisotropy:   -241.12    eta:   -0.4846
     N    9    sigma_11=    -14.42    axis=(  0.522380 -0.154246 -0.838646)
     N    9    sigma_22=     63.47    axis=( -0.540538  0.700754 -0.465577)
     N    9    sigma_33=   -216.59    axis=(  0.659498  0.696529  0.282684)
 
     Atom 10  N   pos: (  0.185474  1.020314  1.022838)  Total sigma:         -55.85
           -79.5929        132.9639        -32.0951
           111.7856        -74.2534         80.6573
            -4.0796         49.7843        -13.6914

     N   10    anisotropy:   -241.12    eta:   -0.4846
     N   10    sigma_11=    -14.42    axis=( -0.522380 -0.154246  0.838646)
     N   10    sigma_22=     63.47    axis=( -0.540538 -0.700754 -0.465577)
     N   10    sigma_33=   -216.59    axis=(  0.659498 -0.696529  0.282684)
 
     Atom 11  N   pos: (  0.389468  0.271746  0.668412)  Total sigma:         -91.34
           -88.5712       -208.2211          1.3548
          -201.6182        -62.9020       -163.6393
            23.6177       -156.0659       -122.5617

     N   11    anisotropy:    413.62    eta:   -0.7802
     N   11    sigma_11=   -121.65    axis=( -0.623628 -0.053152  0.779912)
     N   11    sigma_22=   -336.78    axis=(  0.543483  0.687635  0.481439)
     N   11    sigma_33=    184.40    axis=(  0.561884 -0.724108  0.399942)
 
     Atom 12  N   pos: (  0.153448  1.158383  0.820137)  Total sigma:         -91.34
           -88.5712        208.2211          1.3548
           201.6182        -62.9020        163.6393
            23.6177        156.0659       -122.5617

     N   12    anisotropy:    413.62    eta:   -0.7802
     N   12    sigma_11=   -121.65    axis=( -0.623628  0.053152  0.779912)
     N   12    sigma_22=   -336.78    axis=( -0.543483  0.687635 -0.481439)
     N   12    sigma_33=    184.40    axis=(  0.561884  0.724108  0.399942)
 
     Atom 13  N   pos: (  0.718440  0.575552  0.766107)  Total sigma:        -124.76
          -124.6917        -83.7864          4.3806
           -81.6016       -108.4375       -121.9413
             5.8451       -118.0666       -141.1488

     N   13    anisotropy:    227.16    eta:   -0.8693
     N   13    sigma_11=   -134.66    axis=( -0.828285 -0.065398  0.556478)
     N   13    sigma_22=   -266.30    axis=( -0.372652 -0.677366 -0.634276)
     N   13    sigma_33=     26.68    axis=( -0.418420  0.732733 -0.536681)
 
     Atom 14  N   pos: ( -0.175524  1.462190  0.722442)  Total sigma:        -124.76
          -124.6917         83.7864          4.3806
            81.6016       -108.4375        121.9413
             5.8451        118.0666       -141.1488

     N   14    anisotropy:    227.16    eta:   -0.8693
     N   14    sigma_11=   -134.66    axis=(  0.828285 -0.065398 -0.556478)
     N   14    sigma_22=   -266.30    axis=( -0.372652  0.677366 -0.634276)
     N   14    sigma_33=     26.68    axis=( -0.418420 -0.732733 -0.536681)
 
     Atom 15  C   pos: (  0.598251  0.393122  0.605678)  Total sigma:          -6.05
             7.3639        -27.6682        -17.7385
           -38.6644         -8.3810        -30.7890
           -16.3480        -43.4530        -17.1424

     C   15    anisotropy:    -91.23    eta:   -0.4003
     C   15    sigma_11=     12.18    axis=( -0.634477 -0.278350  0.721083)
     C   15    sigma_22=     36.53    axis=( -0.640435  0.711640 -0.288811)
     C   15    sigma_33=    -66.87    axis=( -0.432761 -0.645050 -0.629784)
 
     Atom 16  C   pos: ( -0.055336  1.279759  0.882870)  Total sigma:          -6.05
             7.3639         27.6682        -17.7385
            38.6644         -8.3810         30.7890
           -16.3480         43.4530        -17.1424

     C   16    anisotropy:    -91.23    eta:   -0.4003
     C   16    sigma_11=     12.18    axis=( -0.634477  0.278350  0.721083)
     C   16    sigma_22=     36.53    axis=(  0.640435  0.711640  0.288811)
     C   16    sigma_33=    -66.87    axis=( -0.432761  0.645050 -0.629784)
 
     Atom 17  H   pos: (  0.218323  0.001661  0.448518)  Total sigma:          16.76
            17.9202          3.4014         -4.2887
             4.7354         16.2788         -0.9851
             1.7539          1.0718         16.0798

     H   17    anisotropy:      6.99    eta:   -0.7269
     H   17    sigma_11=     16.12    axis=( -0.021871  0.306149  0.951732)
     H   17    sigma_22=     12.73    axis=( -0.634651  0.731304 -0.249826)
     H   17    sigma_33=     21.42    axis=( -0.772489 -0.609482  0.178303)
 
     Atom 18  H   pos: (  0.324592  0.888298  1.040031)  Total sigma:          16.76
            17.9202         -3.4014         -4.2887
            -4.7354         16.2788          0.9851
             1.7539         -1.0718         16.0798

     H   18    anisotropy:      6.99    eta:   -0.7269
     H   18    sigma_11=     16.12    axis=( -0.021871 -0.306149  0.951732)
     H   18    sigma_22=     12.73    axis=(  0.634651  0.731304  0.249826)
     H   18    sigma_33=     21.42    axis=( -0.772489  0.609482  0.178303)
 
     Atom 19  O   pos: (  0.123270  0.444750  1.212814)  Total sigma:        -356.90
          -255.4000        155.6624       -266.0002
           -55.5700       -655.9302       -233.3267
          -317.5313       -133.0317       -159.3551

     O   19    anisotropy:    725.30    eta:   -0.5101
     O   19    sigma_11=   -475.34    axis=(  0.781249 -0.324433  0.533285)
     O   19    sigma_22=   -721.98    axis=(  0.131246  0.920600  0.367791)
     O   19    sigma_33=    126.64    axis=( -0.610266 -0.217345  0.761798)
 
     Atom 20  O   pos: (  0.419646  1.331387  0.275735)  Total sigma:        -356.90
          -255.4000       -155.6624       -266.0002
            55.5700       -655.9302        233.3267
          -317.5313        133.0317       -159.3551

     O   20    anisotropy:    725.30    eta:   -0.5101
     O   20    sigma_11=   -475.34    axis=( -0.781249 -0.324433 -0.533285)
     O   20    sigma_22=   -721.98    axis=(  0.131246 -0.920600  0.367791)
     O   20    sigma_33=    126.64    axis=( -0.610266  0.217345  0.761798)
 
     Atom 21  O   pos: ( -0.038211  0.123193  1.012706)  Total sigma:        -327.63
          -315.9568        -93.1766       -360.5216
            96.6161       -500.7428        -76.6369
          -307.1618       -226.4237       -166.2028

     O   21    anisotropy:    677.92    eta:   -0.4269
     O   21    sigma_11=   -457.14    axis=( -0.563706  0.792044 -0.234312)
     O   21    sigma_22=   -650.07    axis=( -0.574407 -0.579764 -0.577867)
     O   21    sigma_33=    124.31    axis=( -0.593542 -0.191156  0.781772)
 
     Atom 22  O   pos: (  0.581127  1.009831  0.475842)  Total sigma:        -327.63
          -315.9568         93.1766       -360.5216
           -96.6161       -500.7428         76.6369
          -307.1618        226.4237       -166.2028

     O   22    anisotropy:    677.92    eta:   -0.4269
     O   22    sigma_11=   -457.14    axis=( -0.563706 -0.792044 -0.234312)
     O   22    sigma_22=   -650.07    axis=(  0.574407 -0.579764  0.577867)
     O   22    sigma_33=    124.31    axis=( -0.593542  0.191156  0.781772)
 
     Atom 23  N   pos: (  0.494691  0.152478  1.405297)  Total sigma:         -95.56
           -99.6692         56.0414       -188.3768
            22.7933       -191.5310         34.8786
          -205.3046         29.6309          4.5109

     N   23    anisotropy:    377.41    eta:   -0.4690
     N   23    sigma_11=   -162.36    axis=( -0.396522 -0.867613 -0.300030)
     N   23    sigma_22=   -280.37    axis=(  0.686459 -0.497220  0.530609)
     N   23    sigma_33=    156.04    axis=( -0.609544  0.004439  0.792740)
 
     Atom 24  N   pos: (  0.048225  1.039115  0.083251)  Total sigma:         -95.56
           -99.6692        -56.0414       -188.3768
           -22.7933       -191.5310        -34.8786
          -205.3046        -29.6309          4.5109

     N   24    anisotropy:    377.41    eta:   -0.4690
     N   24    sigma_11=   -162.36    axis=(  0.396522 -0.867613  0.300030)
     N   24    sigma_22=   -280.37    axis=(  0.686459  0.497220  0.530609)
     N   24    sigma_33=    156.04    axis=( -0.609544 -0.004439  0.792740)
 
     Atom 25  N   pos: (  0.064272  1.728093  0.013653)  Total sigma:        -164.52
           -72.4224         47.5785       -131.7246
            -6.9879       -404.7554         22.8744
          -138.9823         37.7055        -16.3773

     N   25    anisotropy:    387.86    eta:   -0.9012
     N   25    sigma_11=   -177.29    axis=( -0.770306 -0.151222 -0.619484)
     N   25    sigma_22=   -410.32    axis=(  0.104129 -0.988264  0.111764)
     N   25    sigma_33=     94.05    axis=( -0.629115  0.021587  0.777012)
 
     Atom 26  N   pos: (  0.478643  0.841456  1.474895)  Total sigma:        -164.52
           -72.4224        -47.5785       -131.7246
             6.9879       -404.7554        -22.8744
          -138.9823        -37.7055        -16.3773

     N   26    anisotropy:    387.86    eta:   -0.9012
     N   26    sigma_11=   -177.29    axis=(  0.770306 -0.151222  0.619484)
     N   26    sigma_22=   -410.32    axis=(  0.104129  0.988264  0.111764)
     N   26    sigma_33=     94.05    axis=( -0.629115 -0.021587  0.777012)
 
     Atom 27  N   pos: (  0.481375  1.530488  1.417058)  Total sigma:         -71.42
           -43.6296         32.4801        -86.8385
            68.4462       -165.0410         72.0119
           -86.8493         48.5589         -5.5928

     N   27    anisotropy:   -224.55    eta:   -0.8290
     N   27    sigma_11=    -58.63    axis=( -0.678274 -0.578394 -0.453215)
     N   27    sigma_22=     65.48    axis=( -0.598711  0.077422  0.797215)
     N   27    sigma_33=   -221.12    axis=(  0.426016 -0.812075  0.398804)
 
     Atom 28  N   pos: (  0.061541  0.643851  0.071490)  Total sigma:         -71.42
           -43.6296        -32.4801        -86.8385
           -68.4462       -165.0410        -72.0119
           -86.8493        -48.5589         -5.5928

     N   28    anisotropy:   -224.55    eta:   -0.8290
     N   28    sigma_11=    -58.63    axis=(  0.678274 -0.578394  0.453215)
     N   28    sigma_22=     65.48    axis=( -0.598711 -0.077422  0.797215)
     N   28    sigma_33=   -221.12    axis=(  0.426016  0.812075  0.398804)
 
     Atom 29  N   pos: (  0.290867  1.584721  1.269713)  Total sigma:         -88.23
           -80.6119         52.8105       -200.8150
            88.0738       -219.3321         85.5469
          -190.7193         90.2360         35.2549

     N   29    anisotropy:    407.77    eta:   -0.8003
     N   29    sigma_11=   -115.37    axis=( -0.599571 -0.713219 -0.363089)
     N   29    sigma_22=   -332.94    axis=(  0.550862 -0.696881  0.459248)
     N   29    sigma_33=    183.62    axis=( -0.580574  0.075339  0.810714)
 
     Atom 30  N   pos: (  0.252049  0.698084  0.218836)  Total sigma:         -88.23
           -80.6119        -52.8105       -200.8150
           -88.0738       -219.3321        -85.5469
          -190.7193        -90.2360         35.2549

     N   30    anisotropy:    407.77    eta:   -0.8003
     N   30    sigma_11=   -115.37    axis=(  0.599571 -0.713219  0.363089)
     N   30    sigma_22=   -332.94    axis=(  0.550862  0.696881  0.459248)
     N   30    sigma_33=    183.62    axis=( -0.580574 -0.075339  0.810714)
 
     Atom 31  N   pos: (  0.115424  0.221664  1.154864)  Total sigma:        -123.32
          -141.2786         78.9517       -109.4702
            76.0286       -166.4607         13.8438
          -114.6034         13.0111        -62.2121

     N   31    anisotropy:   -221.22    eta:   -0.9950
     N   31    sigma_11=   -122.95    axis=( -0.360719 -0.793641 -0.489915)
     N   31    sigma_22=     23.80    axis=( -0.611840 -0.195099  0.766543)
     N   31    sigma_33=   -270.80    axis=(  0.703941 -0.576256  0.415205)
 
     Atom 32  N   pos: (  0.427491  1.108301  0.333684)  Total sigma:        -123.32
          -141.2786        -78.9517       -109.4702
           -76.0286       -166.4607        -13.8438
          -114.6034        -13.0111        -62.2121

     N   32    anisotropy:   -221.22    eta:   -0.9950
     N   32    sigma_11=   -122.95    axis=(  0.360719 -0.793641  0.489915)
     N   32    sigma_22=     23.80    axis=( -0.611840  0.195099  0.766543)
     N   32    sigma_33=   -270.80    axis=(  0.703941  0.576256  0.415205)
 
     Atom 33  C   pos: (  0.302993  0.061138  1.268643)  Total sigma:          -5.24
           -21.5675         28.0565        -33.4140
            29.8843        -10.4470         17.3236
           -36.1815         27.6517         16.3033

     C   33    anisotropy:    -91.33    eta:   -0.4083
     C   33    sigma_11=     12.78    axis=(  0.547349  0.824091  0.145888)
     C   33    sigma_22=     37.64    axis=(  0.449000 -0.142051 -0.882168)
     C   33    sigma_33=    -66.12    axis=( -0.706263  0.548357 -0.447768)
 
     Atom 34  C   pos: (  0.239922  0.947775  0.219905)  Total sigma:          -5.24
           -21.5675        -28.0565        -33.4140
           -29.8843        -10.4470        -17.3236
           -36.1815        -27.6517         16.3033

     C   34    anisotropy:    -91.33    eta:   -0.4083
     C   34    sigma_11=     12.78    axis=(  0.547349 -0.824091  0.145888)
     C   34    sigma_22=     37.64    axis=( -0.449000 -0.142051  0.882168)
     C   34    sigma_33=    -66.12    axis=( -0.706263 -0.548357 -0.447768)
 
     Atom 35  H   pos: (  0.530276  1.344942  1.470266)  Total sigma:          12.52
             9.4386         -1.7739          8.4643
             2.1251         22.3306          0.7387
             6.3540         -5.5230          5.7852

     H   35    anisotropy:    -19.07    eta:   -0.6084
     H   35    sigma_11=     15.01    axis=( -0.789233 -0.173501 -0.589075)
     H   35    sigma_22=     22.74    axis=(  0.084723 -0.980849  0.175379)
     H   35    sigma_33=     -0.20    axis=( -0.608222  0.088506  0.788817)
 
     Atom 36  H   pos: (  0.012640  0.458305  0.018282)  Total sigma:          12.52
             9.4386          1.7739          8.4643
            -2.1251         22.3306         -0.7387
             6.3540          5.5230          5.7852

     H   36    anisotropy:    -19.07    eta:   -0.6084
     H   36    sigma_11=     15.01    axis=(  0.789233 -0.173501  0.589075)
     H   36    sigma_22=     22.74    axis=(  0.084723  0.980849  0.175379)
     H   36    sigma_33=     -0.20    axis=( -0.608222 -0.088506  0.788817)
 
     Initialization:
     gipaw_setup  :      0.34s CPU      0.36s WALL (       1 calls)
 
     Linear response
     greenf       :  12301.92s CPU  12452.95s WALL (     336 calls)
     cgsolve      :  12228.77s CPU  12379.53s WALL (     336 calls)
     ch_psi       :  11999.84s CPU  12150.01s WALL (   20903 calls)
     h_psiq       :   9155.53s CPU   9300.22s WALL (   20903 calls)
 
     Apply operators
     h_psi        :   8128.19s CPU   8289.01s WALL (   28499 calls)
     apply_vel    :    163.01s CPU    163.34s WALL (     294 calls)
 
     Induced current
     j_para       :    565.97s CPU    576.65s WALL (     378 calls)
     biot_savart  :      0.04s CPU      0.05s WALL (       1 calls)
 
     Other routines
 
     General routines
     calbec       :   3315.40s CPU   3328.21s WALL (   73147 calls)
     fft          :      0.13s CPU      0.15s WALL (      32 calls)
     fftw         :   5858.31s CPU   6016.53s WALL ( 4368254 calls)
     davcio       :      0.05s CPU      0.91s WALL (     224 calls)
 
     Parallel routines
     fft_scatter  :   1502.06s CPU   1592.62s WALL ( 4368286 calls)
 
     Plugins
 
     GIPAW        :  15189.43s CPU  15386.46s WALL (       1 calls)
