
     Program QE v.6.1 (svn rev. 13369) starts on 14Nov2017 at  0: 1: 5 

     This program is part of the open-source Quantum ESPRESSO suite
     for quantum simulation of materials; please cite
         "P. Giannozzi et al., J. Phys.:Condens. Matter 21 395502 (2009);
          URL http://www.quantum-espresso.org", 
     in publications or presentations arising from this work. More details at
     http://www.quantum-espresso.org/quote

     Parallel version (MPI), running on     8 processors
     R & G space division:  proc/nbgrp/npool/nimage =       8
 
     ***** This is GIPAW svn revision unknown      *****
 
     Parallelizing q-star over 1 images
     Message from routine gipaw_readin:
     *** iverbosity is obsolete, use verbosity instead ***

     Reading data from directory:
     /scratch/ahofstet/ML/CCDC/HOQHAW/wfc/scf.save

   Info: using nr1, nr2, nr3 values from input

   Info: using nr1, nr2, nr3 values from input

     IMPORTANT: XC functional enforced from input :
     Exchange-correlation      =  SLA  PW   PBX  PBC ( 1  4  3  4 0 0)
     Any further DFT definition will be discarded
     Please, verify this is what you really want

               file C.pbe-n-kjpaw_psl.0.1.UPF: wavefunction(s)  2P renormalized
               file N.pbe-n-kjpaw_psl.0.1.UPF: wavefunction(s)  2P renormalized
               file H.pbe-kjpaw_psl.0.1.UPF: wavefunction(s)  1S renormalized
               file O.pbe-n-kjpaw_psl.0.1.UPF: wavefunction(s)  2P renormalized
 
     Parallelization info
     --------------------
     sticks:   dense  smooth     PW     G-vecs:    dense   smooth      PW
     Min         567     567    151                30612    30612    4199
     Max         568     568    152                30613    30613    4202
     Sum        4539    4539   1209               244899   244899   33599
 

     Check: negative/imaginary core charge=   -0.000002    0.000000

     Subspace diagonalization in iterative solution of the eigenvalue problem:
     a serial algorithm will be used

     GIPAW projectors -----------------------------------------------
     atom=  C    l=0  rc=    1.3000  rs=    0.8667
     atom=  C    l=0  rc=    1.3000  rs=    0.8667
     atom=  C    l=1  rc=    1.4500  rs=    0.9667
     atom=  C    l=1  rc=    1.4500  rs=    0.9667
     projs nearly linearly dependent: l=0  n1,n2= 1, 2  s=  0.99877758
     projs nearly linearly dependent: l=1  n1,n2= 1, 2  s=  0.99940894
 
     atom=  N    l=0  rc=    1.3000  rs=    0.8667
     atom=  N    l=0  rc=    1.3000  rs=    0.8667
     atom=  N    l=1  rc=    1.4500  rs=    0.9667
     atom=  N    l=1  rc=    1.4500  rs=    0.9667
     projs nearly linearly dependent: l=0  n1,n2= 1, 2  s=  0.99709514
     projs nearly linearly dependent: l=1  n1,n2= 1, 2  s=  0.99857174
 
     atom=  H    l=0  rc=    1.0000  rs=    0.6667
     atom=  H    l=0  rc=    1.0000  rs=    0.6667
     projs nearly linearly dependent: l=0  n1,n2= 1, 2  s=  0.99968852
 
     atom=  O    l=0  rc=    1.3500  rs=    0.9000
     atom=  O    l=0  rc=    1.3500  rs=    0.9000
     atom=  O    l=1  rc=    1.3500  rs=    0.9000
     atom=  O    l=1  rc=    1.3500  rs=    0.9000
     projs nearly linearly dependent: l=0  n1,n2= 1, 2  s=  0.99100135
     projs nearly linearly dependent: l=1  n1,n2= 1, 2  s=  0.99790100
     -----------------------------------------------------------------
 
     alpha_pv=     41.7777 eV
 
     q-space interpolation up to   110.00 Rydberg
 
     GIPAW job: nmr                                                                             
     NMR macroscopic correction: yes
             0.6667          0.0000          0.0000
             0.0000          0.6667          0.0000
             0.0000          0.0000          0.6667

 
     Largest allocated arrays     est. size (Mb)     dimensions
        KS wavefunctions at k           3.52 Mb     (    3840,   60)
        KS wavefunctions at k+q         3.52 Mb     (    3840,   60)
        First-order wavefunctions      35.16 Mb     (    3840,   60, 10)
        First-order wavefunct (US)     21.09 Mb     (    3840,   60,  6)
        Charge/spin density             0.55 Mb     (   72000,    1)
        Induced current                 4.94 Mb     (   72000,    3,3,1)
        Induced magnetic field          4.94 Mb     (   72000,    3,3,1)
        NL pseudopotentials             9.61 Mb     (    3840,  164)
        GIPAW NL terms                  9.61 Mb     (    3840,  164)
 
     Computing the magnetic susceptibility     isolve=0    ethr=  0.1000E-13
     k-point #    1 of    14      pool #  1    cpu time:       9.5
     Rotating WFCS
     Rotating WFCS
     Rotating WFCS
     Rotating WFCS
     Rotating WFCS
     Rotating WFCS
     Rotating WFCS
     k-point #    2 of    14      pool #  1    cpu time:     250.6
     Rotating WFCS
     Rotating WFCS
     Rotating WFCS
     Rotating WFCS
     Rotating WFCS
     Rotating WFCS
     c_bands:  1 eigenvalues not converged
     Rotating WFCS
     k-point #    3 of    14      pool #  1    cpu time:     517.4
     Rotating WFCS
     Rotating WFCS
     Rotating WFCS
     Rotating WFCS
     Rotating WFCS
     Rotating WFCS
     Rotating WFCS
     k-point #    4 of    14      pool #  1    cpu time:     779.9
     Rotating WFCS
     Rotating WFCS
     Rotating WFCS
     Rotating WFCS
     Rotating WFCS
     Rotating WFCS
     Rotating WFCS
     k-point #    5 of    14      pool #  1    cpu time:    1059.9
     Rotating WFCS
     c_bands:  1 eigenvalues not converged
     Rotating WFCS
     c_bands:  1 eigenvalues not converged
     Rotating WFCS
     c_bands:  1 eigenvalues not converged
     Rotating WFCS
     Rotating WFCS
     Rotating WFCS
     c_bands:  1 eigenvalues not converged
     Rotating WFCS
     c_bands:  1 eigenvalues not converged
     k-point #    6 of    14      pool #  1    cpu time:    1329.5
     Rotating WFCS
     c_bands:  1 eigenvalues not converged
     Rotating WFCS
     Rotating WFCS
     Rotating WFCS
     Rotating WFCS
     Rotating WFCS
     Rotating WFCS
     k-point #    7 of    14      pool #  1    cpu time:    1595.4
     Rotating WFCS
     Rotating WFCS
     Rotating WFCS
     Rotating WFCS
     Rotating WFCS
     Rotating WFCS
     Rotating WFCS
     k-point #    8 of    14      pool #  1    cpu time:    1844.3
     Rotating WFCS
     c_bands:  1 eigenvalues not converged
     Rotating WFCS
     c_bands:  1 eigenvalues not converged
     Rotating WFCS
     c_bands:  1 eigenvalues not converged
     Rotating WFCS
     c_bands:  1 eigenvalues not converged
     Rotating WFCS
     c_bands:  1 eigenvalues not converged
     Rotating WFCS
     c_bands:  1 eigenvalues not converged
     Rotating WFCS
     c_bands:  1 eigenvalues not converged
     k-point #    9 of    14      pool #  1    cpu time:    2129.5
     Rotating WFCS
     Rotating WFCS
     Rotating WFCS
     Rotating WFCS
     Rotating WFCS
     Rotating WFCS
     Rotating WFCS
     k-point #   10 of    14      pool #  1    cpu time:    2402.6
     Rotating WFCS
     Rotating WFCS
     Rotating WFCS
     c_bands:  1 eigenvalues not converged
     Rotating WFCS
     Rotating WFCS
     Rotating WFCS
     c_bands:  1 eigenvalues not converged
     Rotating WFCS
     c_bands:  1 eigenvalues not converged
     k-point #   11 of    14      pool #  1    cpu time:    2681.7
     Rotating WFCS
     c_bands:  1 eigenvalues not converged
     Rotating WFCS
     Rotating WFCS
     Rotating WFCS
     Rotating WFCS
     c_bands:  1 eigenvalues not converged
     Rotating WFCS
     c_bands:  1 eigenvalues not converged
     Rotating WFCS
     k-point #   12 of    14      pool #  1    cpu time:    2961.8
     Rotating WFCS
     c_bands:  1 eigenvalues not converged
     Rotating WFCS
     c_bands:  1 eigenvalues not converged
     Rotating WFCS
     c_bands:  1 eigenvalues not converged
     Rotating WFCS
     c_bands:  1 eigenvalues not converged
     Rotating WFCS
     c_bands:  1 eigenvalues not converged
     Rotating WFCS
     c_bands:  1 eigenvalues not converged
     Rotating WFCS
     c_bands:  1 eigenvalues not converged
     k-point #   13 of    14      pool #  1    cpu time:    3246.6
     Rotating WFCS
     Rotating WFCS
     Rotating WFCS
     Rotating WFCS
     Rotating WFCS
     Rotating WFCS
     Rotating WFCS
     k-point #   14 of    14      pool #  1    cpu time:    3519.4
     Rotating WFCS
     Rotating WFCS
     c_bands:  1 eigenvalues not converged
     Rotating WFCS
     c_bands:  1 eigenvalues not converged
     Rotating WFCS
     Rotating WFCS
     Rotating WFCS
     c_bands:  1 eigenvalues not converged
     Rotating WFCS
     c_bands:  1 eigenvalues not converged
     End of magnetic susceptibility calculation
 
     f-sum rule (1st term):
           -94.8640         -0.0000         -0.0680
            -0.0000        -94.6833          0.0000
            -0.0698          0.0000        -94.7771

     f-sum rule (2nd term):
            -1.9767          0.0000          0.0677
            -0.0000         -2.1629          0.0000
             0.0695         -0.0000         -2.0666

     f-sum rule (should be   -96.8452):
           -96.8407         -0.0000         -0.0003
            -0.0000        -96.8462          0.0000
            -0.0003          0.0000        -96.8437

     chi_bare pGv (HH) in paratec units:
       -23.152159     -0.000276     -0.910100
         0.000389    -28.141589      0.000779
        -0.901944      0.000700    -24.166610

       -23.152159     -0.000276     -0.910100
         0.000389    -28.141589      0.000779
        -0.901944      0.000700    -24.166610

     chi_bare vGv (VV) in paratec units:
       -22.368835     -0.000071     -0.934462
         0.000030    -29.719870      0.000464
        -0.952025      0.000557    -23.098310

       -22.368835     -0.000071     -0.934462
         0.000030    -29.719870      0.000464
        -0.952025      0.000557    -23.098310

     chi_bare pGv (HH) in 10^{-6} cm^3/mol:
          -110.0212         -0.0013         -4.3249
             0.0018       -133.7315          0.0037
            -4.2861          0.0033       -114.8420

     chi_bare vGv (VV) in 10^{-6} cm^3/mol:
          -106.2988         -0.0003         -4.4407
             0.0001       -141.2316          0.0022
            -4.5241          0.0026       -109.7653

     Contributions to the NMR chemical shifts: -------------------------------
 
     Macroscopic shape contribution in ppm:                    6.19
             5.6995          0.0000          0.0000
             0.0000          6.9278          0.0000
             0.0000          0.0000          5.9493

 
     Core contribution in ppm:
 
     Atom  1  O   pos: (  0.569075  0.241417  0.433167)  core sigma:         271.07
     Atom  2  O   pos: (  0.251901  0.724252  0.612079)  core sigma:         271.07
     Atom  3  O   pos: (  0.114043  0.241417  0.892460)  core sigma:         271.07
     Atom  4  O   pos: (  0.706933  0.724252  0.152786)  core sigma:         271.07
     Atom  5  N   pos: (  0.509867  0.241417  0.786603)  core sigma:         235.78
     Atom  6  N   pos: (  0.311109  0.724252  0.258643)  core sigma:         235.78
     Atom  7  H   pos: (  0.349146  0.241417  0.772368)  core sigma:           0.00
     Atom  8  H   pos: (  0.471830  0.724252  0.272879)  core sigma:           0.00
     Atom  9  N   pos: (  0.846625  0.241417  0.658415)  core sigma:         235.78
     Atom 10  N   pos: ( -0.025649  0.724252  0.386832)  core sigma:         235.78
     Atom 11  H   pos: ( -0.040901  0.241417  0.537052)  core sigma:           0.00
     Atom 12  H   pos: (  0.861877  0.724252  0.508195)  core sigma:           0.00
     Atom 13  N   pos: (  0.785795  0.241417  1.023671)  core sigma:         235.78
     Atom 14  N   pos: (  0.035181  0.724252  0.021575)  core sigma:         235.78
     Atom 15  C   pos: (  0.639124  0.241417  0.611630)  core sigma:         200.51
     Atom 16  C   pos: (  0.181852  0.724252  0.433616)  core sigma:         200.51
     Atom 17  C   pos: ( -0.075714  0.241417  0.858337)  core sigma:         200.51
     Atom 18  C   pos: (  0.896690  0.724252  0.186909)  core sigma:         200.51
     Atom 19  C   pos: (  0.588056  0.241417  0.981679)  core sigma:         200.51
     Atom 20  C   pos: (  0.232919  0.724252  0.063568)  core sigma:         200.51
     Atom 21  H   pos: (  0.654260  0.241417  0.064973)  core sigma:           0.00
     Atom 22  H   pos: (  0.166716  0.724252  0.980274)  core sigma:           0.00
     Atom 23  O   pos: (  0.140273  0.241417  0.367925)  core sigma:         271.07
     Atom 24  O   pos: (  0.680703  0.724252  0.677322)  core sigma:         271.07
     Atom 25  H   pos: (  0.091800  0.241417  0.221021)  core sigma:           0.00
     Atom 26  H   pos: (  0.729176  0.724252  0.824225)  core sigma:           0.00
     Atom 27  H   pos: (  0.292881  0.241417  0.374175)  core sigma:           0.00
     Atom 28  H   pos: (  0.528095  0.724252  0.671071)  core sigma:           0.00
 
     Bare contribution in ppm:
 
     Atom  1  O   pos: (  0.569075  0.241417  0.433167)  bare sigma:           2.51
           -29.4081          0.0000         -4.4544
             0.0000         78.1139          0.0000
            -4.4301          0.0000        -41.1631

     Atom  2  O   pos: (  0.251901  0.724252  0.612079)  bare sigma:           2.51
           -29.4081          0.0000         -4.4544
             0.0000         78.1139          0.0000
            -4.4301          0.0000        -41.1631

     Atom  3  O   pos: (  0.114043  0.241417  0.892460)  bare sigma:          -7.05
           -58.2341         -0.0000         -3.3476
            -0.0000         74.5860         -0.0000
            -6.0205         -0.0000        -37.5052

     Atom  4  O   pos: (  0.706933  0.724252  0.152786)  bare sigma:          -7.05
           -58.2341         -0.0000         -3.3476
            -0.0000         74.5860         -0.0000
            -6.0205         -0.0000        -37.5052

     Atom  5  N   pos: (  0.509867  0.241417  0.786603)  bare sigma:          -7.62
           -43.9299          0.0000         -2.3600
            -0.0000         27.4816         -0.0000
           -11.3843          0.0000         -6.4237

     Atom  6  N   pos: (  0.311109  0.724252  0.258643)  bare sigma:          -7.62
           -43.9299          0.0000         -2.3600
            -0.0000         27.4816         -0.0000
           -11.3843          0.0000         -6.4237

     Atom  7  H   pos: (  0.349146  0.241417  0.772368)  bare sigma:          10.08
            21.3369          0.0000         -0.9662
            -0.0000          1.3752          0.0000
            -2.6962          0.0000          7.5355

     Atom  8  H   pos: (  0.471830  0.724252  0.272879)  bare sigma:          10.08
            21.3369          0.0000         -0.9662
            -0.0000          1.3752          0.0000
            -2.6962          0.0000          7.5355

     Atom  9  N   pos: (  0.846625  0.241417  0.658415)  bare sigma:          -7.04
           -17.4468         -0.0000         10.5087
            -0.0000         17.3279         -0.0000
            12.3045          0.0000        -21.0079

     Atom 10  N   pos: ( -0.025649  0.724252  0.386832)  bare sigma:          -7.04
           -17.4468         -0.0000         10.5087
            -0.0000         17.3279         -0.0000
            12.3045          0.0000        -21.0079

     Atom 11  H   pos: ( -0.040901  0.241417  0.537052)  bare sigma:           7.49
            12.6868         -0.0000        -13.7226
             0.0000         -1.9949         -0.0000
           -12.8715          0.0000         11.7864

     Atom 12  H   pos: (  0.861877  0.724252  0.508195)  bare sigma:           7.49
            12.6868         -0.0000        -13.7226
             0.0000         -1.9949         -0.0000
           -12.8715          0.0000         11.7864

     Atom 13  N   pos: (  0.785795  0.241417  1.023671)  bare sigma:         -29.64
           -75.2276         -0.0000          5.7219
             0.0000         45.3920          0.0000
             4.7149         -0.0000        -59.0935

     Atom 14  N   pos: (  0.035181  0.724252  0.021575)  bare sigma:         -29.64
           -75.2276         -0.0000          5.7219
             0.0000         45.3920          0.0000
             4.7149         -0.0000        -59.0935

     Atom 15  C   pos: (  0.639124  0.241417  0.611630)  bare sigma:         -68.31
           -96.8244         -0.0000         20.2610
            -0.0000        -45.8448          0.0000
            21.0122          0.0000        -62.2558

     Atom 16  C   pos: (  0.181852  0.724252  0.433616)  bare sigma:         -68.31
           -96.8244         -0.0000         20.2610
            -0.0000        -45.8448          0.0000
            21.0122          0.0000        -62.2558

     Atom 17  C   pos: ( -0.075714  0.241417  0.858337)  bare sigma:         -71.85
           -65.4545         -0.0000          5.4665
             0.0000        -48.2292          0.0000
             6.4636         -0.0000       -101.8561

     Atom 18  C   pos: (  0.896690  0.724252  0.186909)  bare sigma:         -71.85
           -65.4545         -0.0000          5.4665
             0.0000        -48.2292          0.0000
             6.4636         -0.0000       -101.8561

     Atom 19  C   pos: (  0.588056  0.241417  0.981679)  bare sigma:         -69.93
           -83.9618         -0.0000         23.2906
            -0.0000        -23.8673         -0.0000
            13.2220          0.0000       -101.9554

     Atom 20  C   pos: (  0.232919  0.724252  0.063568)  bare sigma:         -69.93
           -83.9618         -0.0000         23.2906
            -0.0000        -23.8673         -0.0000
            13.2220          0.0000       -101.9554

     Atom 21  H   pos: (  0.654260  0.241417  0.064973)  bare sigma:          14.87
            17.3198          0.0000          0.8852
             0.0000          9.8430          0.0000
            -0.2403         -0.0000         17.4577

     Atom 22  H   pos: (  0.166716  0.724252  0.980274)  bare sigma:          14.87
            17.3198          0.0000          0.8852
             0.0000          9.8430          0.0000
            -0.2403         -0.0000         17.4577

     Atom 23  O   pos: (  0.140273  0.241417  0.367925)  bare sigma:          77.58
            82.3234          0.0000          0.7879
            -0.0000         65.6394          0.0000
             1.9804          0.0000         84.7835

     Atom 24  O   pos: (  0.680703  0.724252  0.677322)  bare sigma:          77.58
            82.3234          0.0000          0.7879
            -0.0000         65.6394          0.0000
             1.9804          0.0000         84.7835

     Atom 25  H   pos: (  0.091800  0.241417  0.221021)  bare sigma:          15.74
            10.9089         -0.0000          8.4919
             0.0000          4.8369          0.0000
            10.7130         -0.0000         31.4729

     Atom 26  H   pos: (  0.729176  0.724252  0.824225)  bare sigma:          15.74
            10.9089         -0.0000          8.4919
             0.0000          4.8369          0.0000
            10.7130         -0.0000         31.4729

     Atom 27  H   pos: (  0.292881  0.241417  0.374175)  bare sigma:          17.37
            35.3749          0.0000          4.4106
            -0.0000          7.1509         -0.0000
             3.5897          0.0000          9.5907

     Atom 28  H   pos: (  0.528095  0.724252  0.671071)  bare sigma:          17.37
            35.3749          0.0000          4.4106
            -0.0000          7.1509         -0.0000
             3.5897          0.0000          9.5907

     Diamagnetic contribution in ppm:
 
     Atom  1  O   pos: (  0.569075  0.241417  0.433167)  dia sigma:          17.67
            17.1434         -0.0000          0.4534
            -0.0000         17.8847          0.0000
             0.4534          0.0000         17.9925

     Atom  2  O   pos: (  0.251901  0.724252  0.612079)  dia sigma:          17.67
            17.1434         -0.0000          0.4534
            -0.0000         17.8847          0.0000
             0.4534          0.0000         17.9925

     Atom  3  O   pos: (  0.114043  0.241417  0.892460)  dia sigma:          17.76
            18.2242         -0.0000          0.2219
            -0.0000         18.0235         -0.0000
             0.2219         -0.0000         17.0184

     Atom  4  O   pos: (  0.706933  0.724252  0.152786)  dia sigma:          17.76
            18.2242         -0.0000          0.2219
            -0.0000         18.0235         -0.0000
             0.2219         -0.0000         17.0184

     Atom  5  N   pos: (  0.509867  0.241417  0.786603)  dia sigma:          10.01
            10.0510          0.0000         -0.0487
             0.0000          9.7362         -0.0000
            -0.0487         -0.0000         10.2548

     Atom  6  N   pos: (  0.311109  0.724252  0.258643)  dia sigma:          10.01
            10.0510          0.0000         -0.0487
             0.0000          9.7362         -0.0000
            -0.0487         -0.0000         10.2548

     Atom  7  H   pos: (  0.349146  0.241417  0.772368)  dia sigma:           0.99
             0.9885         -0.0000         -0.0000
            -0.0000          0.9885          0.0000
            -0.0000          0.0000          0.9885

     Atom  8  H   pos: (  0.471830  0.724252  0.272879)  dia sigma:           0.99
             0.9885         -0.0000         -0.0000
            -0.0000          0.9885          0.0000
            -0.0000          0.0000          0.9885

     Atom  9  N   pos: (  0.846625  0.241417  0.658415)  dia sigma:          10.01
            10.1866         -0.0000          0.1414
            -0.0000          9.7121          0.0000
             0.1414          0.0000         10.1343

     Atom 10  N   pos: ( -0.025649  0.724252  0.386832)  dia sigma:          10.01
            10.1866         -0.0000          0.1414
            -0.0000          9.7121          0.0000
             0.1414          0.0000         10.1343

     Atom 11  H   pos: ( -0.040901  0.241417  0.537052)  dia sigma:           0.93
             0.9308         -0.0000         -0.0000
            -0.0000          0.9308          0.0000
            -0.0000          0.0000          0.9308

     Atom 12  H   pos: (  0.861877  0.724252  0.508195)  dia sigma:           0.93
             0.9308         -0.0000         -0.0000
            -0.0000          0.9308          0.0000
            -0.0000          0.0000          0.9308

     Atom 13  N   pos: (  0.785795  0.241417  1.023671)  dia sigma:           9.25
             9.3987         -0.0000         -0.2617
            -0.0000          9.4074         -0.0000
            -0.2617         -0.0000          8.9393

     Atom 14  N   pos: (  0.035181  0.724252  0.021575)  dia sigma:           9.25
             9.3987         -0.0000         -0.2617
            -0.0000          9.4074         -0.0000
            -0.2617         -0.0000          8.9393

     Atom 15  C   pos: (  0.639124  0.241417  0.611630)  dia sigma:           4.00
             3.9705          0.0000         -0.0528
             0.0000          4.1364          0.0000
            -0.0528          0.0000          3.9067

     Atom 16  C   pos: (  0.181852  0.724252  0.433616)  dia sigma:           4.00
             3.9705          0.0000         -0.0528
             0.0000          4.1364          0.0000
            -0.0528          0.0000          3.9067

     Atom 17  C   pos: ( -0.075714  0.241417  0.858337)  dia sigma:           3.99
             3.8552          0.0000          0.0101
             0.0000          4.1360          0.0000
             0.0101          0.0000          3.9667

     Atom 18  C   pos: (  0.896690  0.724252  0.186909)  dia sigma:           3.99
             3.8552          0.0000          0.0101
             0.0000          4.1360          0.0000
             0.0101          0.0000          3.9667

     Atom 19  C   pos: (  0.588056  0.241417  0.981679)  dia sigma:           4.12
             3.9625          0.0000          0.0829
             0.0000          4.3473         -0.0000
             0.0829         -0.0000          4.0565

     Atom 20  C   pos: (  0.232919  0.724252  0.063568)  dia sigma:           4.12
             3.9625          0.0000          0.0829
             0.0000          4.3473         -0.0000
             0.0829         -0.0000          4.0565

     Atom 21  H   pos: (  0.654260  0.241417  0.064973)  dia sigma:           1.10
             1.1023         -0.0000         -0.0000
            -0.0000          1.1023          0.0000
            -0.0000          0.0000          1.1023

     Atom 22  H   pos: (  0.166716  0.724252  0.980274)  dia sigma:           1.10
             1.1023         -0.0000         -0.0000
            -0.0000          1.1023          0.0000
            -0.0000          0.0000          1.1023

     Atom 23  O   pos: (  0.140273  0.241417  0.367925)  dia sigma:          18.38
            18.8846          0.0000          0.2627
             0.0000         17.6434          0.0000
             0.2627          0.0000         18.6255

     Atom 24  O   pos: (  0.680703  0.724252  0.677322)  dia sigma:          18.38
            18.8846          0.0000          0.2627
             0.0000         17.6434          0.0000
             0.2627          0.0000         18.6255

     Atom 25  H   pos: (  0.091800  0.241417  0.221021)  dia sigma:           0.96
             0.9638         -0.0000         -0.0000
            -0.0000          0.9638          0.0000
            -0.0000          0.0000          0.9638

     Atom 26  H   pos: (  0.729176  0.724252  0.824225)  dia sigma:           0.96
             0.9638         -0.0000         -0.0000
            -0.0000          0.9638          0.0000
            -0.0000          0.0000          0.9638

     Atom 27  H   pos: (  0.292881  0.241417  0.374175)  dia sigma:           1.00
             0.9955         -0.0000         -0.0000
            -0.0000          0.9955          0.0000
            -0.0000          0.0000          0.9955

     Atom 28  H   pos: (  0.528095  0.724252  0.671071)  dia sigma:           1.00
             0.9955         -0.0000         -0.0000
            -0.0000          0.9955          0.0000
            -0.0000          0.0000          0.9955

     Paramagnetic contribution in ppm:
 
     Atom  1  O   pos: (  0.569075  0.241417  0.433167)  para sigma:        -136.10
          -216.0054          0.0000         -7.3474
             0.0000         36.0724          0.0001
            -8.9981          0.0001       -228.3538

     Atom  2  O   pos: (  0.251901  0.724252  0.612079)  para sigma:        -136.10
          -216.0054          0.0000         -7.3474
             0.0000         36.0724          0.0001
            -8.9981          0.0001       -228.3538

     Atom  3  O   pos: (  0.114043  0.241417  0.892460)  para sigma:        -157.26
          -265.8950         -0.0001         -5.4113
             0.0000         28.1636         -0.0000
           -12.8950         -0.0000       -234.0428

     Atom  4  O   pos: (  0.706933  0.724252  0.152786)  para sigma:        -157.26
          -265.8950         -0.0001         -5.4113
             0.0000         28.1636         -0.0000
           -12.8950         -0.0000       -234.0428

     Atom  5  N   pos: (  0.509867  0.241417  0.786603)  para sigma:        -115.43
          -179.3636          0.0000         -7.1827
            -0.0000        -52.4394         -0.0000
           -20.7724         -0.0000       -114.4901

     Atom  6  N   pos: (  0.311109  0.724252  0.258643)  para sigma:        -115.43
          -179.3636          0.0000         -7.1827
            -0.0000        -52.4394         -0.0000
           -20.7724         -0.0000       -114.4901

     Atom  7  H   pos: (  0.349146  0.241417  0.772368)  para sigma:           0.00
             0.0000          0.0000          0.0000
             0.0000          0.0000          0.0000
             0.0000          0.0000          0.0000

     Atom  8  H   pos: (  0.471830  0.724252  0.272879)  para sigma:           0.00
             0.0000          0.0000          0.0000
             0.0000          0.0000          0.0000
             0.0000          0.0000          0.0000

     Atom  9  N   pos: (  0.846625  0.241417  0.658415)  para sigma:        -113.71
          -132.2122         -0.0000         12.5993
            -0.0000        -71.8586         -0.0000
            14.4134         -0.0000       -137.0689

     Atom 10  N   pos: ( -0.025649  0.724252  0.386832)  para sigma:        -113.71
          -132.2122         -0.0000         12.5993
            -0.0000        -71.8586         -0.0000
            14.4134         -0.0000       -137.0689

     Atom 11  H   pos: ( -0.040901  0.241417  0.537052)  para sigma:           0.00
             0.0000          0.0000          0.0000
             0.0000          0.0000          0.0000
             0.0000          0.0000          0.0000

     Atom 12  H   pos: (  0.861877  0.724252  0.508195)  para sigma:           0.00
             0.0000          0.0000          0.0000
             0.0000          0.0000          0.0000
             0.0000          0.0000          0.0000

     Atom 13  N   pos: (  0.785795  0.241417  1.023671)  para sigma:        -154.24
          -230.4705         -0.0000          9.7595
             0.0000        -23.6178         -0.0000
             4.7214         -0.0000       -208.6446

     Atom 14  N   pos: (  0.035181  0.724252  0.021575)  para sigma:        -154.24
          -230.4705         -0.0000          9.7595
             0.0000        -23.6178         -0.0000
             4.7214         -0.0000       -208.6446

     Atom 15  C   pos: (  0.639124  0.241417  0.611630)  para sigma:        -111.37
          -143.7434         -0.0000         17.5708
            -0.0000        -76.9842         -0.0000
            18.9179          0.0000       -113.3914

     Atom 16  C   pos: (  0.181852  0.724252  0.433616)  para sigma:        -111.37
          -143.7434         -0.0000         17.5708
            -0.0000        -76.9842         -0.0000
            18.9179          0.0000       -113.3914

     Atom 17  C   pos: ( -0.075714  0.241417  0.858337)  para sigma:        -114.45
          -114.1458         -0.0000          3.6023
             0.0000        -80.5135          0.0000
             4.4161         -0.0000       -148.6800

     Atom 18  C   pos: (  0.896690  0.724252  0.186909)  para sigma:        -114.45
          -114.1458         -0.0000          3.6023
             0.0000        -80.5135          0.0000
             4.4161         -0.0000       -148.6800

     Atom 19  C   pos: (  0.588056  0.241417  0.981679)  para sigma:        -116.24
          -130.9514         -0.0000         19.5880
            -0.0000        -63.5484         -0.0000
             9.0621          0.0000       -154.2327

     Atom 20  C   pos: (  0.232919  0.724252  0.063568)  para sigma:        -116.24
          -130.9514         -0.0000         19.5880
            -0.0000        -63.5484         -0.0000
             9.0621          0.0000       -154.2327

     Atom 21  H   pos: (  0.654260  0.241417  0.064973)  para sigma:           0.00
             0.0000          0.0000          0.0000
             0.0000          0.0000          0.0000
             0.0000          0.0000          0.0000

     Atom 22  H   pos: (  0.166716  0.724252  0.980274)  para sigma:           0.00
             0.0000          0.0000          0.0000
             0.0000          0.0000          0.0000
             0.0000          0.0000          0.0000

     Atom 23  O   pos: (  0.140273  0.241417  0.367925)  para sigma:          19.51
            33.9050          0.0000          7.8216
            -0.0000        -14.8533          0.0000
             9.4285          0.0000         39.4856

     Atom 24  O   pos: (  0.680703  0.724252  0.677322)  para sigma:          19.51
            33.9050          0.0000          7.8216
            -0.0000        -14.8533          0.0000
             9.4285          0.0000         39.4856

     Atom 25  H   pos: (  0.091800  0.241417  0.221021)  para sigma:           0.00
             0.0000          0.0000          0.0000
             0.0000          0.0000          0.0000
             0.0000          0.0000          0.0000

     Atom 26  H   pos: (  0.729176  0.724252  0.824225)  para sigma:           0.00
             0.0000          0.0000          0.0000
             0.0000          0.0000          0.0000
             0.0000          0.0000          0.0000

     Atom 27  H   pos: (  0.292881  0.241417  0.374175)  para sigma:           0.00
             0.0000          0.0000          0.0000
             0.0000          0.0000          0.0000
             0.0000          0.0000          0.0000

     Atom 28  H   pos: (  0.528095  0.724252  0.671071)  para sigma:           0.00
             0.0000          0.0000          0.0000
             0.0000          0.0000          0.0000
             0.0000          0.0000          0.0000

     Paramagnetic US occ-occ contribution in ppm:
 
     Atom  1  O   pos: (  0.569075  0.241417  0.433167)  para_oo sigma:          -3.13
            -4.9273          0.0000          0.6050
             0.0000         -0.8452          0.0000
             0.7401          0.0000         -3.6302

     Atom  2  O   pos: (  0.251901  0.724252  0.612079)  para_oo sigma:          -3.13
            -4.9273          0.0000          0.6050
             0.0000         -0.8452          0.0000
             0.7401          0.0000         -3.6302

     Atom  3  O   pos: (  0.114043  0.241417  0.892460)  para_oo sigma:          -2.79
            -3.1310         -0.0000          0.5341
            -0.0000         -0.3709         -0.0000
             0.8244         -0.0000         -4.8647

     Atom  4  O   pos: (  0.706933  0.724252  0.152786)  para_oo sigma:          -2.79
            -3.1310         -0.0000          0.5341
            -0.0000         -0.3709         -0.0000
             0.8244         -0.0000         -4.8647

     Atom  5  N   pos: (  0.509867  0.241417  0.786603)  para_oo sigma:          -1.08
            -2.2969          0.0000          0.3855
             0.0000          0.2757          0.0000
            -0.2092          0.0000         -1.2316

     Atom  6  N   pos: (  0.311109  0.724252  0.258643)  para_oo sigma:          -1.08
            -2.2969          0.0000          0.3855
             0.0000          0.2757          0.0000
            -0.2092          0.0000         -1.2316

     Atom  7  H   pos: (  0.349146  0.241417  0.772368)  para_oo sigma:           0.00
             0.0000          0.0000          0.0000
             0.0000          0.0000          0.0000
             0.0000          0.0000          0.0000

     Atom  8  H   pos: (  0.471830  0.724252  0.272879)  para_oo sigma:           0.00
             0.0000          0.0000          0.0000
             0.0000          0.0000          0.0000
             0.0000          0.0000          0.0000

     Atom  9  N   pos: (  0.846625  0.241417  0.658415)  para_oo sigma:          -1.46
            -2.1332         -0.0000          1.1713
            -0.0000          0.4639          0.0000
             1.3317          0.0000         -2.6983

     Atom 10  N   pos: ( -0.025649  0.724252  0.386832)  para_oo sigma:          -1.46
            -2.1332         -0.0000          1.1713
            -0.0000          0.4639          0.0000
             1.3317          0.0000         -2.6983

     Atom 11  H   pos: ( -0.040901  0.241417  0.537052)  para_oo sigma:           0.00
             0.0000          0.0000          0.0000
             0.0000          0.0000          0.0000
             0.0000          0.0000          0.0000

     Atom 12  H   pos: (  0.861877  0.724252  0.508195)  para_oo sigma:           0.00
             0.0000          0.0000          0.0000
             0.0000          0.0000          0.0000
             0.0000          0.0000          0.0000

     Atom 13  N   pos: (  0.785795  0.241417  1.023671)  para_oo sigma:          -1.47
            -1.5144         -0.0000          0.2070
            -0.0000          0.2893          0.0000
             0.9114         -0.0000         -3.1808

     Atom 14  N   pos: (  0.035181  0.724252  0.021575)  para_oo sigma:          -1.47
            -1.5144         -0.0000          0.2070
            -0.0000          0.2893          0.0000
             0.9114         -0.0000         -3.1808

     Atom 15  C   pos: (  0.639124  0.241417  0.611630)  para_oo sigma:          -2.11
            -2.8378         -0.0000          0.3236
             0.0000         -1.3539         -0.0000
             0.4279          0.0000         -2.1468

     Atom 16  C   pos: (  0.181852  0.724252  0.433616)  para_oo sigma:          -2.11
            -2.8378         -0.0000          0.3236
             0.0000         -1.3539         -0.0000
             0.4279          0.0000         -2.1468

     Atom 17  C   pos: ( -0.075714  0.241417  0.858337)  para_oo sigma:          -2.06
            -2.0270         -0.0000          0.3407
            -0.0000         -1.3667         -0.0000
             0.2027         -0.0000         -2.7914

     Atom 18  C   pos: (  0.896690  0.724252  0.186909)  para_oo sigma:          -2.06
            -2.0270         -0.0000          0.3407
            -0.0000         -1.3667         -0.0000
             0.2027         -0.0000         -2.7914

     Atom 19  C   pos: (  0.588056  0.241417  0.981679)  para_oo sigma:          -1.70
            -1.8355         -0.0000          1.0379
             0.0000         -0.8161         -0.0000
             1.0971          0.0000         -2.4335

     Atom 20  C   pos: (  0.232919  0.724252  0.063568)  para_oo sigma:          -1.70
            -1.8355         -0.0000          1.0379
             0.0000         -0.8161         -0.0000
             1.0971          0.0000         -2.4335

     Atom 21  H   pos: (  0.654260  0.241417  0.064973)  para_oo sigma:           0.00
             0.0000          0.0000          0.0000
             0.0000          0.0000          0.0000
             0.0000          0.0000          0.0000

     Atom 22  H   pos: (  0.166716  0.724252  0.980274)  para_oo sigma:           0.00
             0.0000          0.0000          0.0000
             0.0000          0.0000          0.0000
             0.0000          0.0000          0.0000

     Atom 23  O   pos: (  0.140273  0.241417  0.367925)  para_oo sigma:          -0.58
            -0.5300          0.0000          0.0367
             0.0000         -0.5368         -0.0000
            -0.0138          0.0000         -0.6744

     Atom 24  O   pos: (  0.680703  0.724252  0.677322)  para_oo sigma:          -0.58
            -0.5300          0.0000          0.0367
             0.0000         -0.5368         -0.0000
            -0.0138          0.0000         -0.6744

     Atom 25  H   pos: (  0.091800  0.241417  0.221021)  para_oo sigma:           0.00
             0.0000          0.0000          0.0000
             0.0000          0.0000          0.0000
             0.0000          0.0000          0.0000

     Atom 26  H   pos: (  0.729176  0.724252  0.824225)  para_oo sigma:           0.00
             0.0000          0.0000          0.0000
             0.0000          0.0000          0.0000
             0.0000          0.0000          0.0000

     Atom 27  H   pos: (  0.292881  0.241417  0.374175)  para_oo sigma:           0.00
             0.0000          0.0000          0.0000
             0.0000          0.0000          0.0000
             0.0000          0.0000          0.0000

     Atom 28  H   pos: (  0.528095  0.724252  0.671071)  para_oo sigma:           0.00
             0.0000          0.0000          0.0000
             0.0000          0.0000          0.0000
             0.0000          0.0000          0.0000

     Paramagnetic US L_R Q_R contribution in ppm:
 
     Atom  1  O   pos: (  0.569075  0.241417  0.433167)  para_lq sigma:        -149.51
          -148.2791          0.0000         -8.5723
             0.0000       -134.8479          0.0000
            -8.0782          0.0000       -165.3883

     Atom  2  O   pos: (  0.251901  0.724252  0.612079)  para_lq sigma:        -149.51
          -148.2791          0.0000         -8.5723
             0.0000       -134.8479          0.0000
            -8.0782          0.0000       -165.3883

     Atom  3  O   pos: (  0.114043  0.241417  0.892460)  para_lq sigma:        -150.41
          -172.8784         -0.0000         -2.6360
            -0.0000       -133.8686          0.0000
            -2.5655         -0.0000       -144.4874

     Atom  4  O   pos: (  0.706933  0.724252  0.152786)  para_lq sigma:        -150.41
          -172.8784         -0.0000         -2.6360
            -0.0000       -133.8686          0.0000
            -2.5655         -0.0000       -144.4874

     Atom  5  N   pos: (  0.509867  0.241417  0.786603)  para_lq sigma:         -66.59
           -75.7873          0.0000         -0.6370
            -0.0000        -53.5311         -0.0000
            -0.5121         -0.0000        -70.4398

     Atom  6  N   pos: (  0.311109  0.724252  0.258643)  para_lq sigma:         -66.59
           -75.7873          0.0000         -0.6370
            -0.0000        -53.5311         -0.0000
            -0.5121         -0.0000        -70.4398

     Atom  7  H   pos: (  0.349146  0.241417  0.772368)  para_lq sigma:           0.00
             0.0000          0.0000          0.0000
             0.0000          0.0000          0.0000
             0.0000          0.0000          0.0000

     Atom  8  H   pos: (  0.471830  0.724252  0.272879)  para_lq sigma:           0.00
             0.0000          0.0000          0.0000
             0.0000          0.0000          0.0000
             0.0000          0.0000          0.0000

     Atom  9  N   pos: (  0.846625  0.241417  0.658415)  para_lq sigma:         -67.26
           -73.6699          0.0000          3.5989
            -0.0000        -53.9937          0.0000
             3.7941          0.0000        -74.1131

     Atom 10  N   pos: ( -0.025649  0.724252  0.386832)  para_lq sigma:         -67.26
           -73.6699          0.0000          3.5989
            -0.0000        -53.9937          0.0000
             3.7941          0.0000        -74.1131

     Atom 11  H   pos: ( -0.040901  0.241417  0.537052)  para_lq sigma:           0.00
             0.0000          0.0000          0.0000
             0.0000          0.0000          0.0000
             0.0000          0.0000          0.0000

     Atom 12  H   pos: (  0.861877  0.724252  0.508195)  para_lq sigma:           0.00
             0.0000          0.0000          0.0000
             0.0000          0.0000          0.0000
             0.0000          0.0000          0.0000

     Atom 13  N   pos: (  0.785795  0.241417  1.023671)  para_lq sigma:         -69.99
           -79.4526         -0.0000          4.5377
            -0.0000        -59.3216          0.0000
             5.1389          0.0000        -71.2020

     Atom 14  N   pos: (  0.035181  0.724252  0.021575)  para_lq sigma:         -69.99
           -79.4526         -0.0000          4.5377
            -0.0000        -59.3216          0.0000
             5.1389          0.0000        -71.2020

     Atom 15  C   pos: (  0.639124  0.241417  0.611630)  para_lq sigma:         -15.90
           -20.5139         -0.0000          3.0059
            -0.0000        -12.9191         -0.0000
             3.5945          0.0000        -14.2526

     Atom 16  C   pos: (  0.181852  0.724252  0.433616)  para_lq sigma:         -15.90
           -20.5139         -0.0000          3.0059
            -0.0000        -12.9191         -0.0000
             3.5945          0.0000        -14.2526

     Atom 17  C   pos: ( -0.075714  0.241417  0.858337)  para_lq sigma:         -16.09
           -13.9985         -0.0000          1.3295
             0.0000        -12.9468         -0.0000
             0.8597         -0.0000        -21.3380

     Atom 18  C   pos: (  0.896690  0.724252  0.186909)  para_lq sigma:         -16.09
           -13.9985         -0.0000          1.3295
             0.0000        -12.9468         -0.0000
             0.8597         -0.0000        -21.3380

     Atom 19  C   pos: (  0.588056  0.241417  0.981679)  para_lq sigma:         -15.15
           -15.8076         -0.0000          3.6466
             0.0000        -11.1168          0.0000
             2.2024          0.0000        -18.5404

     Atom 20  C   pos: (  0.232919  0.724252  0.063568)  para_lq sigma:         -15.15
           -15.8076         -0.0000          3.6466
             0.0000        -11.1168          0.0000
             2.2024          0.0000        -18.5404

     Atom 21  H   pos: (  0.654260  0.241417  0.064973)  para_lq sigma:           0.00
             0.0000          0.0000          0.0000
             0.0000          0.0000          0.0000
             0.0000          0.0000          0.0000

     Atom 22  H   pos: (  0.166716  0.724252  0.980274)  para_lq sigma:           0.00
             0.0000          0.0000          0.0000
             0.0000          0.0000          0.0000
             0.0000          0.0000          0.0000

     Atom 23  O   pos: (  0.140273  0.241417  0.367925)  para_lq sigma:        -132.11
          -137.5937          0.0000         -2.0437
             0.0000       -121.6125          0.0000
            -2.0998          0.0000       -137.1171

     Atom 24  O   pos: (  0.680703  0.724252  0.677322)  para_lq sigma:        -132.11
          -137.5937          0.0000         -2.0437
             0.0000       -121.6125          0.0000
            -2.0998          0.0000       -137.1171

     Atom 25  H   pos: (  0.091800  0.241417  0.221021)  para_lq sigma:           0.00
             0.0000          0.0000          0.0000
             0.0000          0.0000          0.0000
             0.0000          0.0000          0.0000

     Atom 26  H   pos: (  0.729176  0.724252  0.824225)  para_lq sigma:           0.00
             0.0000          0.0000          0.0000
             0.0000          0.0000          0.0000
             0.0000          0.0000          0.0000

     Atom 27  H   pos: (  0.292881  0.241417  0.374175)  para_lq sigma:           0.00
             0.0000          0.0000          0.0000
             0.0000          0.0000          0.0000
             0.0000          0.0000          0.0000

     Atom 28  H   pos: (  0.528095  0.724252  0.671071)  para_lq sigma:           0.00
             0.0000          0.0000          0.0000
             0.0000          0.0000          0.0000
             0.0000          0.0000          0.0000

 
     Total NMR chemical shifts in ppm: ---------------------------------------
     (adopting the Simpson convention for anisotropy and asymmetry)-----------
 
     Atom  1  O   pos: (  0.569075  0.241417  0.433167)  Total sigma:           8.72
          -104.7021          0.0000        -19.3157
             0.0001        274.3806          0.0002
           -20.3129          0.0001       -143.5188

     O    1    anisotropy:    398.49    eta:   -0.2088
     O    1    sigma_11=    -96.37    axis=( -0.921887 -0.000000  0.387459)
     O    1    sigma_22=   -151.85    axis=(  0.387459 -0.000000  0.921887)
     O    1    sigma_33=    274.38    axis=( -0.000000 -1.000000 -0.000000)
 
     Atom  2  O   pos: (  0.251901  0.724252  0.612079)  Total sigma:           8.72
          -104.7021          0.0000        -19.3157
             0.0001        274.3806          0.0002
           -20.3129          0.0001       -143.5188

     O    2    anisotropy:    398.49    eta:   -0.2088
     O    2    sigma_11=    -96.37    axis=( -0.921887 -0.000000  0.387459)
     O    2    sigma_22=   -151.85    axis=(  0.387459 -0.000000  0.921887)
     O    2    sigma_33=    274.38    axis=( -0.000000 -1.000000 -0.000000)
 
     Atom  3  O   pos: (  0.114043  0.241417  0.892460)  Total sigma:         -22.49
          -205.1398         -0.0001        -10.6389
            -0.0000        264.5363         -0.0000
           -20.4348         -0.0000       -126.8576

     O    3    anisotropy:    430.54    eta:   -0.2934
     O    3    sigma_11=   -123.89    axis=( -0.187812  0.000000  0.982205)
     O    3    sigma_22=   -208.11    axis=(  0.982205  0.000000  0.187812)
     O    3    sigma_33=    264.54    axis=( -0.000000  1.000000 -0.000000)
 
     Atom  4  O   pos: (  0.706933  0.724252  0.152786)  Total sigma:         -22.49
          -205.1398         -0.0001        -10.6389
            -0.0000        264.5363         -0.0000
           -20.4348         -0.0000       -126.8576

     O    4    anisotropy:    430.54    eta:   -0.2934
     O    4    sigma_11=   -123.89    axis=( -0.187812  0.000000  0.982205)
     O    4    sigma_22=   -208.11    axis=(  0.982205  0.000000  0.187812)
     O    4    sigma_33=    264.54    axis=( -0.000000  1.000000 -0.000000)
 
     Atom  5  N   pos: (  0.509867  0.241417  0.786603)  Total sigma:          61.26
           -49.8510          0.0000         -9.8430
            -0.0000        174.2269         -0.0000
           -32.9267         -0.0000         59.3951

     N    5    anisotropy:   -172.72    eta:   -0.9622
     N    5    sigma_11=     63.43    axis=( -0.185497  0.000000  0.982645)
     N    5    sigma_22=    174.23    axis=( -0.000000  1.000000 -0.000000)
     N    5    sigma_33=    -53.89    axis=(  0.982645  0.000000  0.185497)
 
     Atom  6  N   pos: (  0.311109  0.724252  0.258643)  Total sigma:          61.26
           -49.8510          0.0000         -9.8430
            -0.0000        174.2269         -0.0000
           -32.9267         -0.0000         59.3951

     N    6    anisotropy:   -172.72    eta:   -0.9622
     N    6    sigma_11=     63.43    axis=( -0.185497  0.000000  0.982645)
     N    6    sigma_22=    174.23    axis=( -0.000000  1.000000 -0.000000)
     N    6    sigma_33=    -53.89    axis=(  0.982645  0.000000  0.185497)
 
     Atom  7  H   pos: (  0.349146  0.241417  0.772368)  Total sigma:          17.26
            28.0249          0.0000         -0.9662
            -0.0000          9.2914          0.0000
            -2.6962          0.0000         14.4732

     H    7    anisotropy:     16.51    eta:   -0.4488
     H    7    sigma_11=     14.23    axis=( -0.131593 -0.000000 -0.991304)
     H    7    sigma_22=      9.29    axis=( -0.000000  1.000000 -0.000000)
     H    7    sigma_33=     28.27    axis=( -0.991304  0.000000  0.131593)
 
     Atom  8  H   pos: (  0.471830  0.724252  0.272879)  Total sigma:          17.26
            28.0249          0.0000         -0.9662
            -0.0000          9.2914          0.0000
            -2.6962          0.0000         14.4732

     H    8    anisotropy:     16.51    eta:   -0.4488
     H    8    sigma_11=     14.23    axis=( -0.131593 -0.000000 -0.991304)
     H    8    sigma_22=      9.29    axis=( -0.000000  1.000000 -0.000000)
     H    8    sigma_33=     28.27    axis=( -0.991304  0.000000  0.131593)
 
     Atom  9  N   pos: (  0.846625  0.241417  0.658415)  Total sigma:          62.51
            26.2002         -0.0000         28.0196
            -0.0000        144.3556         -0.0000
            31.9850          0.0000         16.9716

     N    9    anisotropy:    122.77    eta:   -0.7418
     N    9    sigma_11=     51.94    axis=( -0.758950 -0.000000 -0.651149)
     N    9    sigma_22=     -8.77    axis=( -0.651149  0.000000  0.758950)
     N    9    sigma_33=    144.36    axis=(  0.000000 -1.000000  0.000000)
 
     Atom 10  N   pos: ( -0.025649  0.724252  0.386832)  Total sigma:          62.51
            26.2002         -0.0000         28.0196
            -0.0000        144.3556         -0.0000
            31.9850          0.0000         16.9716

     N   10    anisotropy:    122.77    eta:   -0.7418
     N   10    sigma_11=     51.94    axis=( -0.758950 -0.000000 -0.651149)
     N   10    sigma_22=     -8.77    axis=( -0.651149  0.000000  0.758950)
     N   10    sigma_33=    144.36    axis=(  0.000000 -1.000000  0.000000)
 
     Atom 11  H   pos: ( -0.040901  0.241417  0.537052)  Total sigma:          14.62
            19.3171         -0.0000        -13.7226
             0.0000          5.8637         -0.0000
           -12.8715          0.0000         18.6665

     H   11    anisotropy:     26.52    eta:   -0.0098
     H   11    sigma_11=      5.86    axis=( -0.000001  1.000000 -0.000001)
     H   11    sigma_22=      5.69    axis=( -0.698406 -0.000001 -0.715701)
     H   11    sigma_33=     32.29    axis=( -0.715701  0.000000  0.698406)
 
     Atom 12  H   pos: (  0.861877  0.724252  0.508195)  Total sigma:          14.62
            19.3171         -0.0000        -13.7226
             0.0000          5.8637         -0.0000
           -12.8715          0.0000         18.6665

     H   12    anisotropy:     26.52    eta:   -0.0098
     H   12    sigma_11=      5.86    axis=( -0.000001  1.000000 -0.000001)
     H   12    sigma_22=      5.69    axis=( -0.698406 -0.000001 -0.715701)
     H   12    sigma_33=     32.29    axis=( -0.715701  0.000000  0.698406)
 
     Atom 13  N   pos: (  0.785795  0.241417  1.023671)  Total sigma:          -4.13
          -135.7907         -0.0000         19.9644
             0.0000        214.8533          0.0000
            15.2250         -0.0000        -91.4562

     N   13    anisotropy:    328.48    eta:   -0.2585
     N   13    sigma_11=    -85.32    axis=(  0.329196  0.000000  0.944262)
     N   13    sigma_22=   -141.92    axis=( -0.944262 -0.000000  0.329196)
     N   13    sigma_33=    214.85    axis=(  0.000000 -1.000000  0.000000)
 
     Atom 14  N   pos: (  0.035181  0.724252  0.021575)  Total sigma:          -4.13
          -135.7907         -0.0000         19.9644
             0.0000        214.8533          0.0000
            15.2250         -0.0000        -91.4562

     N   14    anisotropy:    328.48    eta:   -0.2585
     N   14    sigma_11=    -85.32    axis=(  0.329196  0.000000  0.944262)
     N   14    sigma_22=   -141.92    axis=( -0.944262 -0.000000  0.329196)
     N   14    sigma_33=    214.85    axis=(  0.000000 -1.000000  0.000000)
 
     Atom 15  C   pos: (  0.639124  0.241417  0.611630)  Total sigma:          13.02
           -53.7394         -0.0000         41.1085
            -0.0000         74.4722         -0.0000
            43.8998          0.0000         18.3194

     C   15    anisotropy:   -129.67    eta:   -0.4218
     C   15    sigma_11=     38.01    axis=(  0.420348  0.000000  0.907363)
     C   15    sigma_22=     74.47    axis=(  0.000000 -1.000000  0.000000)
     C   15    sigma_33=    -73.43    axis=( -0.907363 -0.000000  0.420348)
 
     Atom 16  C   pos: (  0.181852  0.724252  0.433616)  Total sigma:          13.02
           -53.7394         -0.0000         41.1085
            -0.0000         74.4722         -0.0000
            43.8998          0.0000         18.3194

     C   16    anisotropy:   -129.67    eta:   -0.4218
     C   16    sigma_11=     38.01    axis=(  0.420348  0.000000  0.907363)
     C   16    sigma_22=     74.47    axis=(  0.000000 -1.000000  0.000000)
     C   16    sigma_33=    -73.43    axis=( -0.907363 -0.000000  0.420348)
 
     Atom 17  C   pos: ( -0.075714  0.241417  0.858337)  Total sigma:           6.24
            14.4389         -0.0000         10.7491
             0.0000         68.5175          0.0000
            11.9522         -0.0000        -64.2395

     C   17    anisotropy:   -108.12    eta:   -0.7280
     C   17    sigma_11=     16.04    axis=(  0.990153 -0.000000  0.139991)
     C   17    sigma_22=     68.52    axis=(  0.000000  1.000000  0.000000)
     C   17    sigma_33=    -65.84    axis=( -0.139991 -0.000000  0.990153)
 
     Atom 18  C   pos: (  0.896690  0.724252  0.186909)  Total sigma:           6.24
            14.4389         -0.0000         10.7491
             0.0000         68.5175          0.0000
            11.9522         -0.0000        -64.2395

     C   18    anisotropy:   -108.12    eta:   -0.7280
     C   18    sigma_11=     16.04    axis=(  0.990153 -0.000000  0.139991)
     C   18    sigma_22=     68.52    axis=(  0.000000  1.000000  0.000000)
     C   18    sigma_33=    -65.84    axis=( -0.139991 -0.000000  0.990153)
 
     Atom 19  C   pos: (  0.588056  0.241417  0.981679)  Total sigma:           7.80
           -22.3843         -0.0000         47.6459
            -0.0000        112.4365         -0.0000
            25.6664          0.0000        -66.6462

     C   19    anisotropy:    156.95    eta:   -0.8184
     C   19    sigma_11=     -1.70    axis=( -0.870876 -0.000000 -0.491503)
     C   19    sigma_22=    -87.33    axis=( -0.491503 -0.000000  0.870876)
     C   19    sigma_33=    112.44    axis=(  0.000000 -1.000000  0.000000)
 
     Atom 20  C   pos: (  0.232919  0.724252  0.063568)  Total sigma:           7.80
           -22.3843         -0.0000         47.6459
            -0.0000        112.4365         -0.0000
            25.6664          0.0000        -66.6462

     C   20    anisotropy:    156.95    eta:   -0.8184
     C   20    sigma_11=     -1.70    axis=( -0.870876 -0.000000 -0.491503)
     C   20    sigma_22=    -87.33    axis=( -0.491503 -0.000000  0.870876)
     C   20    sigma_33=    112.44    axis=(  0.000000 -1.000000  0.000000)
 
     Atom 21  H   pos: (  0.654260  0.241417  0.064973)  Total sigma:          22.17
            24.1216          0.0000          0.8852
             0.0000         17.8731          0.0000
            -0.2403         -0.0000         24.5092

     H   21    anisotropy:     -6.44    eta:   -0.1752
     H   21    sigma_11=     23.94    axis=( -0.870393 -0.000001  0.492357)
     H   21    sigma_22=     24.69    axis=(  0.492357 -0.000000  0.870393)
     H   21    sigma_33=     17.87    axis=( -0.000000  1.000000  0.000000)
 
     Atom 22  H   pos: (  0.166716  0.724252  0.980274)  Total sigma:          22.17
            24.1216          0.0000          0.8852
             0.0000         17.8731          0.0000
            -0.2403         -0.0000         24.5092

     H   22    anisotropy:     -6.44    eta:   -0.1752
     H   22    sigma_11=     23.94    axis=( -0.870393 -0.000001  0.492357)
     H   22    sigma_22=     24.69    axis=(  0.492357 -0.000000  0.870393)
     H   22    sigma_33=     17.87    axis=( -0.000000  1.000000  0.000000)
 
     Atom 23  O   pos: (  0.140273  0.241417  0.367925)  Total sigma:         260.06
           273.7637          0.0000          6.8652
            -0.0000        224.2828          0.0000
             9.5579          0.0000        282.1274

     O   23    anisotropy:    -53.66    eta:   -0.5152
     O   23    sigma_11=    268.73    axis=(  0.852586 -0.000000 -0.522587)
     O   23    sigma_22=    287.16    axis=(  0.522587  0.000000  0.852586)
     O   23    sigma_33=    224.28    axis=( -0.000000 -1.000000  0.000000)
 
     Atom 24  O   pos: (  0.680703  0.724252  0.677322)  Total sigma:         260.06
           273.7637          0.0000          6.8652
            -0.0000        224.2828          0.0000
             9.5579          0.0000        282.1274

     O   24    anisotropy:    -53.66    eta:   -0.5152
     O   24    sigma_11=    268.73    axis=(  0.852586 -0.000000 -0.522587)
     O   24    sigma_22=    287.16    axis=(  0.522587  0.000000  0.852586)
     O   24    sigma_33=    224.28    axis=( -0.000000 -1.000000  0.000000)
 
     Atom 25  H   pos: (  0.091800  0.241417  0.221021)  Total sigma:          22.90
            17.5723         -0.0000          8.4919
             0.0000         12.7285          0.0000
            10.7130         -0.0000         38.3860

     H   25    anisotropy:     28.87    eta:   -0.0567
     H   25    sigma_11=     13.82    axis=( -0.931381 -0.000000  0.364047)
     H   25    sigma_22=     12.73    axis=( -0.000000  1.000000  0.000000)
     H   25    sigma_33=     42.14    axis=(  0.364047 -0.000000  0.931381)
 
     Atom 26  H   pos: (  0.729176  0.724252  0.824225)  Total sigma:          22.90
            17.5723         -0.0000          8.4919
             0.0000         12.7285          0.0000
            10.7130         -0.0000         38.3860

     H   26    anisotropy:     28.87    eta:   -0.0567
     H   26    sigma_11=     13.82    axis=( -0.931381 -0.000000  0.364047)
     H   26    sigma_22=     12.73    axis=( -0.000000  1.000000  0.000000)
     H   26    sigma_33=     42.14    axis=(  0.364047 -0.000000  0.931381)
 
     Atom 27  H   pos: (  0.292881  0.241417  0.374175)  Total sigma:          24.56
            42.0699          0.0000          4.4106
            -0.0000         15.0743         -0.0000
             3.5897          0.0000         16.5355

     H   27    anisotropy:     27.18    eta:   -0.0469
     H   27    sigma_11=     15.92    axis=( -0.151230 -0.000000  0.988499)
     H   27    sigma_22=     15.07    axis=(  0.000000  1.000000  0.000000)
     H   27    sigma_33=     42.68    axis=(  0.988499 -0.000000  0.151230)
 
     Atom 28  H   pos: (  0.528095  0.724252  0.671071)  Total sigma:          24.56
            42.0699          0.0000          4.4106
            -0.0000         15.0743         -0.0000
             3.5897          0.0000         16.5355

     H   28    anisotropy:     27.18    eta:   -0.0469
     H   28    sigma_11=     15.92    axis=( -0.151230 -0.000000  0.988499)
     H   28    sigma_22=     15.07    axis=(  0.000000  1.000000  0.000000)
     H   28    sigma_33=     42.68    axis=(  0.988499 -0.000000  0.151230)
 
     Initialization:
     gipaw_setup  :      0.30s CPU      0.32s WALL (       1 calls)
 
     Linear response
     greenf       :   2848.89s CPU   2918.27s WALL (     336 calls)
     cgsolve      :   2833.22s CPU   2902.56s WALL (     336 calls)
     ch_psi       :   2783.79s CPU   2853.06s WALL (   18203 calls)
     h_psiq       :   2326.12s CPU   2394.51s WALL (   18203 calls)
 
     Apply operators
     h_psi        :   2335.80s CPU   2414.29s WALL (   26789 calls)
     apply_vel    :     43.96s CPU     44.04s WALL (     294 calls)
 
     Induced current
     j_para       :    219.45s CPU    224.17s WALL (     378 calls)
     biot_savart  :      0.03s CPU      0.03s WALL (       1 calls)
 
     Other routines
 
     General routines
     calbec       :    499.10s CPU    502.32s WALL (   66037 calls)
     fft          :      0.07s CPU      0.17s WALL (      32 calls)
     fftw         :   1988.47s CPU   2063.46s WALL ( 2324388 calls)
     davcio       :      0.03s CPU      0.64s WALL (     224 calls)
 
     Parallel routines
     fft_scatter  :    438.89s CPU    464.23s WALL ( 2324420 calls)
 
     Plugins
 
     GIPAW        :   3705.17s CPU   3800.54s WALL (       1 calls)
