
     Program QE v.6.1 (svn rev. 13369) starts on  9Nov2017 at  0: 0:49 

     This program is part of the open-source Quantum ESPRESSO suite
     for quantum simulation of materials; please cite
         "P. Giannozzi et al., J. Phys.:Condens. Matter 21 395502 (2009);
          URL http://www.quantum-espresso.org", 
     in publications or presentations arising from this work. More details at
     http://www.quantum-espresso.org/quote

     Parallel version (MPI), running on     8 processors
     R & G space division:  proc/nbgrp/npool/nimage =       8
 
     ***** This is GIPAW svn revision unknown      *****
 
     Parallelizing q-star over 1 images
     Message from routine gipaw_readin:
     *** iverbosity is obsolete, use verbosity instead ***

     Reading data from directory:
     /scratch/ahofstet/ML/CCDC/MINGEX01/wfc/scf.save

   Info: using nr1, nr2, nr3 values from input

   Info: using nr1, nr2, nr3 values from input

     IMPORTANT: XC functional enforced from input :
     Exchange-correlation      =  SLA  PW   PBX  PBC ( 1  4  3  4 0 0)
     Any further DFT definition will be discarded
     Please, verify this is what you really want

               file C.pbe-n-kjpaw_psl.0.1.UPF: wavefunction(s)  2P renormalized
               file N.pbe-n-kjpaw_psl.0.1.UPF: wavefunction(s)  2P renormalized
               file H.pbe-kjpaw_psl.0.1.UPF: wavefunction(s)  1S renormalized
               file O.pbe-n-kjpaw_psl.0.1.UPF: wavefunction(s)  2P renormalized
 
     Parallelization info
     --------------------
     sticks:   dense  smooth     PW     G-vecs:    dense   smooth      PW
     Min         623     623    165                44400    44400    6033
     Max         624     624    167                44403    44403    6035
     Sum        4991    4991   1325               355213   355213   48267
 

     Check: negative/imaginary core charge=   -0.000002    0.000000

     Subspace diagonalization in iterative solution of the eigenvalue problem:
     a serial algorithm will be used

     GIPAW projectors -----------------------------------------------
     atom=  C    l=0  rc=    1.3000  rs=    0.8667
     atom=  C    l=0  rc=    1.3000  rs=    0.8667
     atom=  C    l=1  rc=    1.4500  rs=    0.9667
     atom=  C    l=1  rc=    1.4500  rs=    0.9667
     projs nearly linearly dependent: l=0  n1,n2= 1, 2  s=  0.99877758
     projs nearly linearly dependent: l=1  n1,n2= 1, 2  s=  0.99940894
 
     atom=  N    l=0  rc=    1.3000  rs=    0.8667
     atom=  N    l=0  rc=    1.3000  rs=    0.8667
     atom=  N    l=1  rc=    1.4500  rs=    0.9667
     atom=  N    l=1  rc=    1.4500  rs=    0.9667
     projs nearly linearly dependent: l=0  n1,n2= 1, 2  s=  0.99709514
     projs nearly linearly dependent: l=1  n1,n2= 1, 2  s=  0.99857174
 
     atom=  H    l=0  rc=    1.0000  rs=    0.6667
     atom=  H    l=0  rc=    1.0000  rs=    0.6667
     projs nearly linearly dependent: l=0  n1,n2= 1, 2  s=  0.99968852
 
     atom=  O    l=0  rc=    1.3500  rs=    0.9000
     atom=  O    l=0  rc=    1.3500  rs=    0.9000
     atom=  O    l=1  rc=    1.3500  rs=    0.9000
     atom=  O    l=1  rc=    1.3500  rs=    0.9000
     projs nearly linearly dependent: l=0  n1,n2= 1, 2  s=  0.99100135
     projs nearly linearly dependent: l=1  n1,n2= 1, 2  s=  0.99790100
     -----------------------------------------------------------------
 
     alpha_pv=     39.1959 eV
 
     q-space interpolation up to   110.00 Rydberg
 
     GIPAW job: nmr                                                                             
     NMR macroscopic correction: yes
             0.6667          0.0000          0.0000
             0.0000          0.6667          0.0000
             0.0000          0.0000          0.6667

 
     Largest allocated arrays     est. size (Mb)     dimensions
        KS wavefunctions at k           5.71 Mb     (    5589,   67)
        KS wavefunctions at k+q         5.71 Mb     (    5589,   67)
        First-order wavefunctions      57.14 Mb     (    5589,   67, 10)
        First-order wavefunct (US)     34.28 Mb     (    5589,   67,  6)
        Charge/spin density             0.77 Mb     (  101250,    1)
        Induced current                 6.95 Mb     (  101250,    3,3,1)
        Induced magnetic field          6.95 Mb     (  101250,    3,3,1)
        NL pseudopotentials            18.42 Mb     (    5589,  216)
        GIPAW NL terms                 18.42 Mb     (    5589,  216)
 
     Computing the magnetic susceptibility     isolve=0    ethr=  0.1000E-13
     k-point #    1 of     8      pool #  1    cpu time:       9.1
     Rotating WFCS
     Rotating WFCS
     c_bands:  1 eigenvalues not converged
     Rotating WFCS
     c_bands:  1 eigenvalues not converged
     Rotating WFCS
     c_bands:  1 eigenvalues not converged
     Rotating WFCS
     c_bands:  1 eigenvalues not converged
     Rotating WFCS
     c_bands:  1 eigenvalues not converged
     Rotating WFCS
     c_bands:  1 eigenvalues not converged
     k-point #    2 of     8      pool #  1    cpu time:     575.4
     Rotating WFCS
     Rotating WFCS
     Rotating WFCS
     Rotating WFCS
     Rotating WFCS
     Rotating WFCS
     Rotating WFCS
     k-point #    3 of     8      pool #  1    cpu time:    1126.1
     Rotating WFCS
     c_bands:  1 eigenvalues not converged
     Rotating WFCS
     c_bands:  2 eigenvalues not converged
     Rotating WFCS
     c_bands:  2 eigenvalues not converged
     Rotating WFCS
     c_bands:  1 eigenvalues not converged
     Rotating WFCS
     c_bands:  1 eigenvalues not converged
     Rotating WFCS
     c_bands:  1 eigenvalues not converged
     Rotating WFCS
     c_bands:  2 eigenvalues not converged
     k-point #    4 of     8      pool #  1    cpu time:    1705.4
     Rotating WFCS
     Rotating WFCS
     Rotating WFCS
     Rotating WFCS
     Rotating WFCS
     Rotating WFCS
     c_bands:  1 eigenvalues not converged
     Rotating WFCS
     k-point #    5 of     8      pool #  1    cpu time:    2273.4
     Rotating WFCS
     Rotating WFCS
     c_bands:  1 eigenvalues not converged
     Rotating WFCS
     c_bands:  2 eigenvalues not converged
     Rotating WFCS
     c_bands:  1 eigenvalues not converged
     Rotating WFCS
     c_bands:  1 eigenvalues not converged
     Rotating WFCS
     Rotating WFCS
     c_bands:  2 eigenvalues not converged
     k-point #    6 of     8      pool #  1    cpu time:    2869.5
     Rotating WFCS
     Rotating WFCS
     Rotating WFCS
     Rotating WFCS
     Rotating WFCS
     Rotating WFCS
     Rotating WFCS
     k-point #    7 of     8      pool #  1    cpu time:    3452.0
     Rotating WFCS
     Rotating WFCS
     Rotating WFCS
     c_bands:  1 eigenvalues not converged
     Rotating WFCS
     c_bands:  1 eigenvalues not converged
     Rotating WFCS
     Rotating WFCS
     c_bands:  1 eigenvalues not converged
     Rotating WFCS
     c_bands:  1 eigenvalues not converged
     k-point #    8 of     8      pool #  1    cpu time:    4046.6
     Rotating WFCS
     Rotating WFCS
     Rotating WFCS
     Rotating WFCS
     Rotating WFCS
     Rotating WFCS
     Rotating WFCS
     End of magnetic susceptibility calculation
 
     f-sum rule (1st term):
          -109.8973          0.0000         -0.0047
             0.0000       -109.8529          0.0000
            -0.0046          0.0000       -109.9426

     f-sum rule (2nd term):
            -0.7588          0.0000          0.0049
             0.0000         -0.8026          0.0000
             0.0047          0.0000         -0.7129

     f-sum rule (should be  -110.6554):
          -110.6561          0.0000          0.0002
             0.0000       -110.6554          0.0000
             0.0001          0.0000       -110.6555

     chi_bare pGv (HH) in paratec units:
       -42.510890     -0.159168     -0.236412
        -0.158437    -48.397584      0.315360
        -0.315062      0.298724    -38.141787

       -42.510890      0.000000     -0.236412
         0.000000    -48.397584      0.000000
        -0.315062      0.000000    -38.141787

     chi_bare vGv (VV) in paratec units:
       -41.274772     -0.143786     -0.314361
        -0.144284    -48.312016      0.244587
        -0.321770      0.244716    -35.801021

       -41.274772      0.000000     -0.314361
         0.000000    -48.312016      0.000000
        -0.321770      0.000000    -35.801021

     chi_bare pGv (HH) in 10^{-6} cm^3/mol:
          -202.0158          0.0000         -1.1235
             0.0000       -229.9899          0.0000
            -1.4972          0.0000       -181.2534

     chi_bare vGv (VV) in 10^{-6} cm^3/mol:
          -196.1416          0.0000         -1.4939
             0.0000       -229.5833          0.0000
            -1.5291          0.0000       -170.1298

     Contributions to the NMR chemical shifts: -------------------------------
 
     Macroscopic shape contribution in ppm:                    7.30
             7.2125          0.0000          0.0000
             0.0000          8.2112          0.0000
             0.0000          0.0000          6.4712

 
     Core contribution in ppm:
 
     Atom  1  N   pos: (  0.426017  0.400575  0.751359)  core sigma:         235.78
     Atom  2  N   pos: (  0.295584  1.002709  0.714454)  core sigma:         235.78
     Atom  3  H   pos: (  0.306531  0.512250  0.708153)  core sigma:           0.00
     Atom  4  H   pos: (  0.415070  1.114385  0.757660)  core sigma:           0.00
     Atom  5  N   pos: (  0.437226  0.481710  0.022019)  core sigma:         235.78
     Atom  6  N   pos: (  0.284375  1.083845  1.443794)  core sigma:         235.78
     Atom  7  H   pos: (  0.270675  0.596327  1.433401)  core sigma:           0.00
     Atom  8  H   pos: (  0.450926  1.198462  0.032412)  core sigma:           0.00
     Atom  9  C   pos: (  0.626965  0.425451  0.386778)  core sigma:         200.51
     Atom 10  C   pos: (  0.094635  1.027585  1.079035)  core sigma:         200.51
     Atom 11  H   pos: (  0.783446  0.354460  0.324244)  core sigma:           0.00
     Atom 12  H   pos: ( -0.061845  0.956594  1.141569)  core sigma:           0.00
     Atom 13  H   pos: (  0.655828  0.605771  0.393939)  core sigma:           0.00
     Atom 14  H   pos: (  0.065773  1.207905  1.071873)  core sigma:           0.00
     Atom 15  C   pos: (  0.594939  0.334649  0.614452)  core sigma:         200.51
     Atom 16  C   pos: (  0.126662  0.936783  0.851361)  core sigma:         200.51
     Atom 17  C   pos: (  0.722086  0.182214  0.730635)  core sigma:         200.51
     Atom 18  C   pos: ( -0.000485  0.784348  0.735177)  core sigma:         200.51
     Atom 19  H   pos: (  0.867332  0.097471  0.667122)  core sigma:           0.00
     Atom 20  H   pos: ( -0.145731  0.699606  0.798691)  core sigma:           0.00
     Atom 21  C   pos: (  0.624897  0.157507  0.944601)  core sigma:         200.51
     Atom 22  C   pos: (  0.096703  0.759642  0.521212)  core sigma:         200.51
     Atom 23  H   pos: (  0.679516  0.049735  1.077174)  core sigma:           0.00
     Atom 24  H   pos: (  0.042085  0.651869  0.388639)  core sigma:           0.00
     Atom 25  C   pos: (  0.441728  0.294889  0.952036)  core sigma:         200.51
     Atom 26  C   pos: (  0.279872  0.897024  0.513776)  core sigma:         200.51
     Atom 27  H   pos: (  0.321937  0.324100  1.082558)  core sigma:           0.00
     Atom 28  H   pos: (  0.399663  0.926235  0.383255)  core sigma:           0.00
     Atom 29  C   pos: (  0.442546  0.380925  0.226032)  core sigma:         200.51
     Atom 30  C   pos: (  0.279055  0.983059  1.239781)  core sigma:         200.51
     Atom 31  C   pos: (  0.260243  0.240580  0.236476)  core sigma:         200.51
     Atom 32  C   pos: (  0.461358  0.842715  1.229336)  core sigma:         200.51
     Atom 33  H   pos: (  0.219646  0.133921  0.375459)  core sigma:           0.00
     Atom 34  H   pos: (  0.501955  0.736055  1.090354)  core sigma:           0.00
     Atom 35  C   pos: (  0.145558  0.256195  0.030020)  core sigma:         200.51
     Atom 36  C   pos: (  0.576043  0.858329  1.435792)  core sigma:         200.51
     Atom 37  H   pos: ( -0.280745  0.166059  1.448437)  core sigma:           0.00
     Atom 38  H   pos: (  1.002346  0.768193  0.017375)  core sigma:           0.00
     Atom 39  C   pos: ( -0.019117  0.406678  1.366896)  core sigma:         200.51
     Atom 40  C   pos: (  0.740718  1.008812  0.098917)  core sigma:         200.51
     Atom 41  H   pos: ( -0.052999  0.467816  1.201400)  core sigma:           0.00
     Atom 42  H   pos: (  0.774600  1.069951  0.264412)  core sigma:           0.00
 
     Bare contribution in ppm:
 
     Atom  1  N   pos: (  0.426017  0.400575  0.751359)  bare sigma:          -3.15
            -9.4116         29.2329          2.4040
            30.0783          5.1874         19.0608
             4.8365         14.5004         -5.2113

     Atom  2  N   pos: (  0.295584  1.002709  0.714454)  bare sigma:          -3.15
            -9.4116        -29.2329          2.4040
           -30.0783          5.1874        -19.0608
             4.8365        -14.5004         -5.2113

     Atom  3  H   pos: (  0.306531  0.512250  0.708153)  bare sigma:          14.54
            14.6363        -12.1478          0.3518
            -8.3992         18.0651         -1.7692
             2.8884         -5.7951         10.9148

     Atom  4  H   pos: (  0.415070  1.114385  0.757660)  bare sigma:          14.54
            14.6363         12.1478          0.3518
             8.3992         18.0651          1.7692
             2.8884          5.7951         10.9148

     Atom  5  N   pos: (  0.437226  0.481710  0.022019)  bare sigma:          -3.45
           -10.0541        -27.4802         -4.6143
           -28.7439          2.3526         17.2402
            -2.9751         15.1103         -2.6365

     Atom  6  N   pos: (  0.284375  1.083845  1.443794)  bare sigma:          -3.45
           -10.0541         27.4802         -4.6143
            28.7439          2.3526        -17.2402
            -2.9751        -15.1103         -2.6365

     Atom  7  H   pos: (  0.270675  0.596327  1.433401)  bare sigma:          14.53
            13.6346         11.8393         -1.5217
             7.8493         18.6898         -4.7384
            -4.0808         -7.7867         11.2547

     Atom  8  H   pos: (  0.450926  1.198462  0.032412)  bare sigma:          14.53
            13.6346        -11.8393         -1.5217
            -7.8493         18.6898          4.7384
            -4.0808          7.7867         11.2547

     Atom  9  C   pos: (  0.626965  0.425451  0.386778)  bare sigma:          -4.40
            -4.7669          3.3935          4.5198
             2.2955        -11.4677         -0.0548
             3.5764         -2.3327          3.0298

     Atom 10  C   pos: (  0.094635  1.027585  1.079035)  bare sigma:          -4.40
            -4.7669         -3.3935          4.5198
            -2.2955        -11.4677          0.0548
             3.5764          2.3327          3.0298

     Atom 11  H   pos: (  0.783446  0.354460  0.324244)  bare sigma:          18.25
            23.5843         -0.4954         -1.6347
            -4.3911         12.3525         -0.0843
            -2.4788         -1.2974         18.7987

     Atom 12  H   pos: ( -0.061845  0.956594  1.141569)  bare sigma:          18.25
            23.5843          0.4954         -1.6347
             4.3911         12.3525          0.0843
            -2.4788          1.2974         18.7987

     Atom 13  H   pos: (  0.655828  0.605771  0.393939)  bare sigma:          18.18
            16.0628          4.2711         -1.9295
             0.9253         20.2310         -2.4261
             1.8690         -0.5041         18.2394

     Atom 14  H   pos: (  0.065773  1.207905  1.071873)  bare sigma:          18.18
            16.0628         -4.2711         -1.9295
            -0.9253         20.2310          2.4261
             1.8690          0.5041         18.2394

     Atom 15  C   pos: (  0.594939  0.334649  0.614452)  bare sigma:         -51.88
           -50.2060         19.5232         21.1856
            21.7402        -35.5602         10.8002
            20.2533         11.4986        -69.8664

     Atom 16  C   pos: (  0.126662  0.936783  0.851361)  bare sigma:         -51.88
           -50.2060        -19.5232         21.1856
           -21.7402        -35.5602        -10.8002
            20.2533        -11.4986        -69.8664

     Atom 17  C   pos: (  0.722086  0.182214  0.730635)  bare sigma:         -39.69
           -48.9578         30.2134         20.2506
            30.6927        -24.3650          3.8531
            19.0353          5.7302        -45.7460

     Atom 18  C   pos: ( -0.000485  0.784348  0.735177)  bare sigma:         -39.69
           -48.9578        -30.2134         20.2506
           -30.6927        -24.3650         -3.8531
            19.0353         -5.7302        -45.7460

     Atom 19  H   pos: (  0.867332  0.097471  0.667122)  bare sigma:          17.03
            18.6278         -3.1957         -0.5513
            -2.0025         16.4625         -0.1237
             0.7586         -1.8002         16.0013

     Atom 20  H   pos: ( -0.145731  0.699606  0.798691)  bare sigma:          17.03
            18.6278          3.1957         -0.5513
             2.0025         16.4625          0.1237
             0.7586          1.8002         16.0013

     Atom 21  C   pos: (  0.624897  0.157507  0.944601)  bare sigma:         -39.78
           -31.1955         27.8782          6.4285
            28.8246        -28.0496         25.4907
             7.8897         25.5366        -60.0896

     Atom 22  C   pos: (  0.096703  0.759642  0.521212)  bare sigma:         -39.78
           -31.1955        -27.8782          6.4285
           -28.8246        -28.0496        -25.4907
             7.8897        -25.5366        -60.0896

     Atom 23  H   pos: (  0.679516  0.049735  1.077174)  bare sigma:          16.61
            17.2555          0.9237         -1.6737
             1.1672         15.2083         -2.1677
             1.2709         -2.1582         17.3652

     Atom 24  H   pos: (  0.042085  0.651869  0.388639)  bare sigma:          16.61
            17.2555         -0.9237         -1.6737
            -1.1672         15.2083          2.1677
             1.2709          2.1582         17.3652

     Atom 25  C   pos: (  0.441728  0.294889  0.952036)  bare sigma:         -46.15
           -42.9091         18.7326         16.7807
            17.2063        -26.6378         16.5867
            22.0574         11.5285        -68.9118

     Atom 26  C   pos: (  0.279872  0.897024  0.513776)  bare sigma:         -46.15
           -42.9091        -18.7326         16.7807
           -17.2063        -26.6378        -16.5867
            22.0574        -11.5285        -68.9118

     Atom 27  H   pos: (  0.321937  0.324100  1.082558)  bare sigma:          15.31
            14.7715          0.0887         -4.0169
            -1.5237         13.8232          2.1932
            -2.8428         -1.1197         17.3319

     Atom 28  H   pos: (  0.399663  0.926235  0.383255)  bare sigma:          15.31
            14.7715         -0.0887         -4.0169
             1.5237         13.8232         -2.1932
            -2.8428          1.1197         17.3319

     Atom 29  C   pos: (  0.442546  0.380925  0.226032)  bare sigma:         -54.88
           -51.9885        -18.6774        -14.3867
           -18.7495        -40.0678         20.9314
           -18.8822         16.9929        -72.5904

     Atom 30  C   pos: (  0.279055  0.983059  1.239781)  bare sigma:         -54.88
           -51.9885         18.6774        -14.3867
            18.7495        -40.0678        -20.9314
           -18.8822        -16.9929        -72.5904

     Atom 31  C   pos: (  0.260243  0.240580  0.236476)  bare sigma:         -39.13
           -34.7267        -27.6390         -7.3210
           -22.0075        -25.2965         31.1567
            -8.3766         27.2832        -57.3603

     Atom 32  C   pos: (  0.461358  0.842715  1.229336)  bare sigma:         -39.13
           -34.7267         27.6390         -7.3210
            22.0075        -25.2965        -31.1567
            -8.3766        -27.2832        -57.3603

     Atom 33  H   pos: (  0.219646  0.133921  0.375459)  bare sigma:          16.41
            15.1382         -1.3172          2.4213
             2.5742         16.0851         -0.2223
            -0.3762         -2.4541         18.0093

     Atom 34  H   pos: (  0.501955  0.736055  1.090354)  bare sigma:          16.41
            15.1382          1.3172          2.4213
            -2.5742         16.0851          0.2223
            -0.3762          2.4541         18.0093

     Atom 35  C   pos: (  0.145558  0.256195  0.030020)  bare sigma:         -41.14
           -50.5409        -34.0736        -20.7470
           -32.7553        -25.5067         14.6021
           -22.2371         10.7533        -47.3644

     Atom 36  C   pos: (  0.576043  0.858329  1.435792)  bare sigma:         -41.14
           -50.5409         34.0736        -20.7470
            32.7553        -25.5067        -14.6021
           -22.2371        -10.7533        -47.3644

     Atom 37  H   pos: ( -0.280745  0.166059  1.448437)  bare sigma:          16.32
            17.5963          2.8299          1.5135
             2.2241         15.7195          1.7552
            -0.8290         -0.7162         15.6347

     Atom 38  H   pos: (  1.002346  0.768193  0.017375)  bare sigma:          16.32
            17.5963         -2.8299          1.5135
            -2.2241         15.7195         -1.7552
            -0.8290          0.7162         15.6347

     Atom 39  C   pos: ( -0.019117  0.406678  1.366896)  bare sigma:         -45.60
           -43.2098        -15.5687        -22.8975
           -17.1467        -26.4996         12.6748
           -20.2462         15.5398        -67.0774

     Atom 40  C   pos: (  0.740718  1.008812  0.098917)  bare sigma:         -45.60
           -43.2098         15.5687        -22.8975
            17.1467        -26.4996        -12.6748
           -20.2462        -15.5398        -67.0774

     Atom 41  H   pos: ( -0.052999  0.467816  1.201400)  bare sigma:          15.40
            14.7766          0.7861          2.1274
             2.2892         13.7329         -0.0543
             0.4615         -1.7625         17.7012

     Atom 42  H   pos: (  0.774600  1.069951  0.264412)  bare sigma:          15.40
            14.7766         -0.7861          2.1274
            -2.2892         13.7329          0.0543
             0.4615          1.7625         17.7012

     Diamagnetic contribution in ppm:
 
     Atom  1  N   pos: (  0.426017  0.400575  0.751359)  dia sigma:           9.94
             9.9169         -0.1584         -0.1104
            -0.1584          9.8240         -0.1002
            -0.1104         -0.1002         10.0688

     Atom  2  N   pos: (  0.295584  1.002709  0.714454)  dia sigma:           9.94
             9.9169          0.1584         -0.1104
             0.1584          9.8240          0.1002
            -0.1104          0.1002         10.0688

     Atom  3  H   pos: (  0.306531  0.512250  0.708153)  dia sigma:           1.06
             1.0568         -0.0000         -0.0000
            -0.0000          1.0568          0.0000
            -0.0000          0.0000          1.0568

     Atom  4  H   pos: (  0.415070  1.114385  0.757660)  dia sigma:           1.06
             1.0568          0.0000         -0.0000
             0.0000          1.0568         -0.0000
            -0.0000         -0.0000          1.0568

     Atom  5  N   pos: (  0.437226  0.481710  0.022019)  dia sigma:           9.93
             9.9155          0.1564          0.1279
             0.1564          9.8187         -0.1114
             0.1279         -0.1114         10.0449

     Atom  6  N   pos: (  0.284375  1.083845  1.443794)  dia sigma:           9.93
             9.9155         -0.1564          0.1279
            -0.1564          9.8187          0.1114
             0.1279          0.1114         10.0449

     Atom  7  H   pos: (  0.270675  0.596327  1.433401)  dia sigma:           1.06
             1.0574          0.0000         -0.0000
             0.0000          1.0574         -0.0000
            -0.0000         -0.0000          1.0574

     Atom  8  H   pos: (  0.450926  1.198462  0.032412)  dia sigma:           1.06
             1.0574         -0.0000         -0.0000
            -0.0000          1.0574          0.0000
            -0.0000          0.0000          1.0574

     Atom  9  C   pos: (  0.626965  0.425451  0.386778)  dia sigma:           4.38
             4.3734          0.0192          0.0294
             0.0192          4.3342         -0.0095
             0.0294         -0.0095          4.4183

     Atom 10  C   pos: (  0.094635  1.027585  1.079035)  dia sigma:           4.38
             4.3734         -0.0192          0.0294
            -0.0192          4.3342          0.0095
             0.0294          0.0095          4.4183

     Atom 11  H   pos: (  0.783446  0.354460  0.324244)  dia sigma:           1.13
             1.1256          0.0000         -0.0000
             0.0000          1.1256         -0.0000
            -0.0000         -0.0000          1.1256

     Atom 12  H   pos: ( -0.061845  0.956594  1.141569)  dia sigma:           1.13
             1.1256         -0.0000         -0.0000
            -0.0000          1.1256          0.0000
            -0.0000          0.0000          1.1256

     Atom 13  H   pos: (  0.655828  0.605771  0.393939)  dia sigma:           1.13
             1.1265          0.0000         -0.0000
             0.0000          1.1265         -0.0000
            -0.0000         -0.0000          1.1265

     Atom 14  H   pos: (  0.065773  1.207905  1.071873)  dia sigma:           1.13
             1.1265         -0.0000         -0.0000
            -0.0000          1.1265          0.0000
            -0.0000          0.0000          1.1265

     Atom 15  C   pos: (  0.594939  0.334649  0.614452)  dia sigma:           4.28
             4.3146          0.0194         -0.0700
             0.0194          4.2574          0.0686
            -0.0700          0.0686          4.2626

     Atom 16  C   pos: (  0.126662  0.936783  0.851361)  dia sigma:           4.28
             4.3146         -0.0194         -0.0700
            -0.0194          4.2574         -0.0686
            -0.0700         -0.0686          4.2626

     Atom 17  C   pos: (  0.722086  0.182214  0.730635)  dia sigma:           4.36
             4.3515          0.0639          0.0240
             0.0639          4.3848          0.0268
             0.0240          0.0268          4.3423

     Atom 18  C   pos: ( -0.000485  0.784348  0.735177)  dia sigma:           4.36
             4.3515         -0.0639          0.0240
            -0.0639          4.3848         -0.0268
             0.0240         -0.0268          4.3423

     Atom 19  H   pos: (  0.867332  0.097471  0.667122)  dia sigma:           1.13
             1.1253         -0.0000         -0.0000
            -0.0000          1.1253          0.0000
            -0.0000          0.0000          1.1253

     Atom 20  H   pos: ( -0.145731  0.699606  0.798691)  dia sigma:           1.13
             1.1253          0.0000         -0.0000
             0.0000          1.1253         -0.0000
            -0.0000         -0.0000          1.1253

     Atom 21  C   pos: (  0.624897  0.157507  0.944601)  dia sigma:           4.37
             4.3724          0.0668          0.0134
             0.0668          4.3891          0.0498
             0.0134          0.0498          4.3463

     Atom 22  C   pos: (  0.096703  0.759642  0.521212)  dia sigma:           4.37
             4.3724         -0.0668          0.0134
            -0.0668          4.3891         -0.0498
             0.0134         -0.0498          4.3463

     Atom 23  H   pos: (  0.679516  0.049735  1.077174)  dia sigma:           1.13
             1.1288         -0.0000         -0.0000
            -0.0000          1.1288          0.0000
            -0.0000          0.0000          1.1288

     Atom 24  H   pos: (  0.042085  0.651869  0.388639)  dia sigma:           1.13
             1.1288          0.0000         -0.0000
             0.0000          1.1288         -0.0000
            -0.0000         -0.0000          1.1288

     Atom 25  C   pos: (  0.441728  0.294889  0.952036)  dia sigma:           4.31
             4.2349          0.0597          0.0542
             0.0597          4.3279         -0.0535
             0.0542         -0.0535          4.3745

     Atom 26  C   pos: (  0.279872  0.897024  0.513776)  dia sigma:           4.31
             4.2349         -0.0597          0.0542
            -0.0597          4.3279          0.0535
             0.0542          0.0535          4.3745

     Atom 27  H   pos: (  0.321937  0.324100  1.082558)  dia sigma:           1.13
             1.1251          0.0000         -0.0000
             0.0000          1.1251         -0.0000
            -0.0000         -0.0000          1.1251

     Atom 28  H   pos: (  0.399663  0.926235  0.383255)  dia sigma:           1.13
             1.1251         -0.0000         -0.0000
            -0.0000          1.1251          0.0000
            -0.0000          0.0000          1.1251

     Atom 29  C   pos: (  0.442546  0.380925  0.226032)  dia sigma:           4.25
             4.1724         -0.0657         -0.0199
            -0.0657          4.2494         -0.0364
            -0.0199         -0.0364          4.3181

     Atom 30  C   pos: (  0.279055  0.983059  1.239781)  dia sigma:           4.25
             4.1724          0.0657         -0.0199
             0.0657          4.2494          0.0364
            -0.0199          0.0364          4.3181

     Atom 31  C   pos: (  0.260243  0.240580  0.236476)  dia sigma:           4.37
             4.3714         -0.0499         -0.0119
            -0.0499          4.3875          0.0463
            -0.0119          0.0463          4.3462

     Atom 32  C   pos: (  0.461358  0.842715  1.229336)  dia sigma:           4.37
             4.3714          0.0499         -0.0119
             0.0499          4.3875         -0.0463
            -0.0119         -0.0463          4.3462

     Atom 33  H   pos: (  0.219646  0.133921  0.375459)  dia sigma:           1.12
             1.1236         -0.0000         -0.0000
            -0.0000          1.1236          0.0000
            -0.0000          0.0000          1.1236

     Atom 34  H   pos: (  0.501955  0.736055  1.090354)  dia sigma:           1.12
             1.1236          0.0000         -0.0000
             0.0000          1.1236         -0.0000
            -0.0000         -0.0000          1.1236

     Atom 35  C   pos: (  0.145558  0.256195  0.030020)  dia sigma:           4.36
             4.3500         -0.0771         -0.0259
            -0.0771          4.3821          0.0359
            -0.0259          0.0359          4.3531

     Atom 36  C   pos: (  0.576043  0.858329  1.435792)  dia sigma:           4.36
             4.3500          0.0771         -0.0259
             0.0771          4.3821         -0.0359
            -0.0259         -0.0359          4.3531

     Atom 37  H   pos: ( -0.280745  0.166059  1.448437)  dia sigma:           1.13
             1.1251          0.0000         -0.0000
             0.0000          1.1251         -0.0000
            -0.0000         -0.0000          1.1251

     Atom 38  H   pos: (  1.002346  0.768193  0.017375)  dia sigma:           1.13
             1.1251         -0.0000         -0.0000
            -0.0000          1.1251          0.0000
            -0.0000          0.0000          1.1251

     Atom 39  C   pos: ( -0.019117  0.406678  1.366896)  dia sigma:           4.31
             4.3753         -0.0046          0.0596
            -0.0046          4.2986          0.0880
             0.0596          0.0880          4.2604

     Atom 40  C   pos: (  0.740718  1.008812  0.098917)  dia sigma:           4.31
             4.3753          0.0046          0.0596
             0.0046          4.2986         -0.0880
             0.0596         -0.0880          4.2604

     Atom 41  H   pos: ( -0.052999  0.467816  1.201400)  dia sigma:           1.12
             1.1222         -0.0000         -0.0000
            -0.0000          1.1222          0.0000
            -0.0000          0.0000          1.1222

     Atom 42  H   pos: (  0.774600  1.069951  0.264412)  dia sigma:           1.12
             1.1222          0.0000         -0.0000
             0.0000          1.1222         -0.0000
            -0.0000         -0.0000          1.1222

     Paramagnetic contribution in ppm:
 
     Atom  1  N   pos: (  0.426017  0.400575  0.751359)  para sigma:        -118.97
          -128.8166         46.8525         -0.2137
            45.7310       -109.8464         27.8042
             1.4793         23.7372       -118.2408

     Atom  2  N   pos: (  0.295584  1.002709  0.714454)  para sigma:        -118.97
          -128.8166        -46.8525         -0.2137
           -45.7310       -109.8464        -27.8042
             1.4793        -23.7372       -118.2408

     Atom  3  H   pos: (  0.306531  0.512250  0.708153)  para sigma:           0.00
             0.0000          0.0000          0.0000
             0.0000          0.0000          0.0000
             0.0000          0.0000          0.0000

     Atom  4  H   pos: (  0.415070  1.114385  0.757660)  para sigma:           0.00
             0.0000          0.0000          0.0000
             0.0000          0.0000          0.0000
             0.0000          0.0000          0.0000

     Atom  5  N   pos: (  0.437226  0.481710  0.022019)  para sigma:        -119.35
          -130.6702        -44.3305         -4.3135
           -44.3552       -114.3852         24.2607
             2.5008         24.1404       -112.9916

     Atom  6  N   pos: (  0.284375  1.083845  1.443794)  para sigma:        -119.35
          -130.6702         44.3305         -4.3135
            44.3552       -114.3852        -24.2607
             2.5008        -24.1404       -112.9916

     Atom  7  H   pos: (  0.270675  0.596327  1.433401)  para sigma:           0.00
             0.0000          0.0000          0.0000
             0.0000          0.0000          0.0000
             0.0000          0.0000          0.0000

     Atom  8  H   pos: (  0.450926  1.198462  0.032412)  para sigma:           0.00
             0.0000          0.0000          0.0000
             0.0000          0.0000          0.0000
             0.0000          0.0000          0.0000

     Atom  9  C   pos: (  0.626965  0.425451  0.386778)  para sigma:         -53.93
           -54.1603          1.3664          2.7568
             2.4231        -56.6285          2.2118
             0.8807          0.4997        -51.0135

     Atom 10  C   pos: (  0.094635  1.027585  1.079035)  para sigma:         -53.93
           -54.1603         -1.3664          2.7568
            -2.4231        -56.6285         -2.2118
             0.8807         -0.4997        -51.0135

     Atom 11  H   pos: (  0.783446  0.354460  0.324244)  para sigma:           0.00
             0.0000          0.0000          0.0000
             0.0000          0.0000          0.0000
             0.0000          0.0000          0.0000

     Atom 12  H   pos: ( -0.061845  0.956594  1.141569)  para sigma:           0.00
             0.0000          0.0000          0.0000
             0.0000          0.0000          0.0000
             0.0000          0.0000          0.0000

     Atom 13  H   pos: (  0.655828  0.605771  0.393939)  para sigma:           0.00
             0.0000          0.0000          0.0000
             0.0000          0.0000          0.0000
             0.0000          0.0000          0.0000

     Atom 14  H   pos: (  0.065773  1.207905  1.071873)  para sigma:           0.00
             0.0000          0.0000          0.0000
             0.0000          0.0000          0.0000
             0.0000          0.0000          0.0000

     Atom 15  C   pos: (  0.594939  0.334649  0.614452)  para sigma:        -106.83
          -103.8885         15.1615         25.6356
            17.9846        -87.1197          8.1832
            23.0071         11.0916       -129.4912

     Atom 16  C   pos: (  0.126662  0.936783  0.851361)  para sigma:        -106.83
          -103.8885        -15.1615         25.6356
           -17.9846        -87.1197         -8.1832
            23.0071        -11.0916       -129.4912

     Atom 17  C   pos: (  0.722086  0.182214  0.730635)  para sigma:         -98.12
          -109.3468         27.7009         21.0651
            27.2760        -82.5273          0.9856
            18.1878          4.0508       -102.5002

     Atom 18  C   pos: ( -0.000485  0.784348  0.735177)  para sigma:         -98.12
          -109.3468        -27.7009         21.0651
           -27.2760        -82.5273         -0.9856
            18.1878         -4.0508       -102.5002

     Atom 19  H   pos: (  0.867332  0.097471  0.667122)  para sigma:           0.00
             0.0000          0.0000          0.0000
             0.0000          0.0000          0.0000
             0.0000          0.0000          0.0000

     Atom 20  H   pos: ( -0.145731  0.699606  0.798691)  para sigma:           0.00
             0.0000          0.0000          0.0000
             0.0000          0.0000          0.0000
             0.0000          0.0000          0.0000

     Atom 21  C   pos: (  0.624897  0.157507  0.944601)  para sigma:         -98.38
           -88.2570         22.8214          4.8155
            23.5784        -87.1218         25.3231
             4.1962         26.4600       -119.7482

     Atom 22  C   pos: (  0.096703  0.759642  0.521212)  para sigma:         -98.38
           -88.2570        -22.8214          4.8155
           -23.5784        -87.1218        -25.3231
             4.1962        -26.4600       -119.7482

     Atom 23  H   pos: (  0.679516  0.049735  1.077174)  para sigma:           0.00
             0.0000          0.0000          0.0000
             0.0000          0.0000          0.0000
             0.0000          0.0000          0.0000

     Atom 24  H   pos: (  0.042085  0.651869  0.388639)  para sigma:           0.00
             0.0000          0.0000          0.0000
             0.0000          0.0000          0.0000
             0.0000          0.0000          0.0000

     Atom 25  C   pos: (  0.441728  0.294889  0.952036)  para sigma:        -102.29
           -94.2017         12.5785         16.3582
            10.9304        -82.9198         16.8152
            21.0560         13.2056       -129.7444

     Atom 26  C   pos: (  0.279872  0.897024  0.513776)  para sigma:        -102.29
           -94.2017        -12.5785         16.3582
           -10.9304        -82.9198        -16.8152
            21.0560        -13.2056       -129.7444

     Atom 27  H   pos: (  0.321937  0.324100  1.082558)  para sigma:           0.00
             0.0000          0.0000          0.0000
             0.0000          0.0000          0.0000
             0.0000          0.0000          0.0000

     Atom 28  H   pos: (  0.399663  0.926235  0.383255)  para sigma:           0.00
             0.0000          0.0000          0.0000
             0.0000          0.0000          0.0000
             0.0000          0.0000          0.0000

     Atom 29  C   pos: (  0.442546  0.380925  0.226032)  para sigma:        -109.73
          -103.6249        -13.9847        -16.9245
           -13.2453        -91.9172         19.3336
           -22.0491         16.9773       -133.6433

     Atom 30  C   pos: (  0.279055  0.983059  1.239781)  para sigma:        -109.73
          -103.6249         13.9847        -16.9245
            13.2453        -91.9172        -19.3336
           -22.0491        -16.9773       -133.6433

     Atom 31  C   pos: (  0.260243  0.240580  0.236476)  para sigma:         -97.45
           -91.2492        -22.3773         -6.2483
           -18.0059        -83.7300         27.9826
            -5.9281         26.8214       -117.3853

     Atom 32  C   pos: (  0.461358  0.842715  1.229336)  para sigma:         -97.45
           -91.2492         22.3773         -6.2483
            18.0059        -83.7300        -27.9826
            -5.9281        -26.8214       -117.3853

     Atom 33  H   pos: (  0.219646  0.133921  0.375459)  para sigma:           0.00
             0.0000          0.0000          0.0000
             0.0000          0.0000          0.0000
             0.0000          0.0000          0.0000

     Atom 34  H   pos: (  0.501955  0.736055  1.090354)  para sigma:           0.00
             0.0000          0.0000          0.0000
             0.0000          0.0000          0.0000
             0.0000          0.0000          0.0000

     Atom 35  C   pos: (  0.145558  0.256195  0.030020)  para sigma:         -99.41
          -110.9237        -31.0273        -21.6653
           -29.8583        -83.5530          9.1472
           -21.5788          7.2014       -103.7491

     Atom 36  C   pos: (  0.576043  0.858329  1.435792)  para sigma:         -99.41
          -110.9237         31.0273        -21.6653
            29.8583        -83.5530         -9.1472
           -21.5788         -7.2014       -103.7491

     Atom 37  H   pos: ( -0.280745  0.166059  1.448437)  para sigma:           0.00
             0.0000          0.0000          0.0000
             0.0000          0.0000          0.0000
             0.0000          0.0000          0.0000

     Atom 38  H   pos: (  1.002346  0.768193  0.017375)  para sigma:           0.00
             0.0000          0.0000          0.0000
             0.0000          0.0000          0.0000
             0.0000          0.0000          0.0000

     Atom 39  C   pos: ( -0.019117  0.406678  1.366896)  para sigma:        -101.51
          -100.7904        -11.8341        -27.6749
           -14.1218        -80.6971          6.0086
           -22.7577         11.4343       -123.0489

     Atom 40  C   pos: (  0.740718  1.008812  0.098917)  para sigma:        -101.51
          -100.7904         11.8341        -27.6749
            14.1218        -80.6971         -6.0086
           -22.7577        -11.4343       -123.0489

     Atom 41  H   pos: ( -0.052999  0.467816  1.201400)  para sigma:           0.00
             0.0000          0.0000          0.0000
             0.0000          0.0000          0.0000
             0.0000          0.0000          0.0000

     Atom 42  H   pos: (  0.774600  1.069951  0.264412)  para sigma:           0.00
             0.0000          0.0000          0.0000
             0.0000          0.0000          0.0000
             0.0000          0.0000          0.0000

     Paramagnetic US occ-occ contribution in ppm:
 
     Atom  1  N   pos: (  0.426017  0.400575  0.751359)  para_oo sigma:          -0.68
            -0.7186          0.4727          0.1327
             0.4651         -0.5079          0.2849
             0.1187          0.2853         -0.8144

     Atom  2  N   pos: (  0.295584  1.002709  0.714454)  para_oo sigma:          -0.68
            -0.7186         -0.4727          0.1327
            -0.4651         -0.5079         -0.2849
             0.1187         -0.2853         -0.8144

     Atom  3  H   pos: (  0.306531  0.512250  0.708153)  para_oo sigma:           0.00
             0.0000          0.0000          0.0000
             0.0000          0.0000          0.0000
             0.0000          0.0000          0.0000

     Atom  4  H   pos: (  0.415070  1.114385  0.757660)  para_oo sigma:           0.00
             0.0000          0.0000          0.0000
             0.0000          0.0000          0.0000
             0.0000          0.0000          0.0000

     Atom  5  N   pos: (  0.437226  0.481710  0.022019)  para_oo sigma:          -0.68
            -0.7692         -0.4841         -0.1473
            -0.4441         -0.5100          0.2722
            -0.1464          0.2702         -0.7657

     Atom  6  N   pos: (  0.284375  1.083845  1.443794)  para_oo sigma:          -0.68
            -0.7692          0.4841         -0.1473
             0.4441         -0.5100         -0.2722
            -0.1464         -0.2702         -0.7657

     Atom  7  H   pos: (  0.270675  0.596327  1.433401)  para_oo sigma:           0.00
             0.0000          0.0000          0.0000
             0.0000          0.0000          0.0000
             0.0000          0.0000          0.0000

     Atom  8  H   pos: (  0.450926  1.198462  0.032412)  para_oo sigma:           0.00
             0.0000          0.0000          0.0000
             0.0000          0.0000          0.0000
             0.0000          0.0000          0.0000

     Atom  9  C   pos: (  0.626965  0.425451  0.386778)  para_oo sigma:          -0.22
            -0.2852         -0.0041          0.0134
             0.0068         -0.2237          0.0967
             0.0260          0.0737         -0.1467

     Atom 10  C   pos: (  0.094635  1.027585  1.079035)  para_oo sigma:          -0.22
            -0.2852          0.0041          0.0134
            -0.0068         -0.2237         -0.0967
             0.0260         -0.0737         -0.1467

     Atom 11  H   pos: (  0.783446  0.354460  0.324244)  para_oo sigma:           0.00
             0.0000          0.0000          0.0000
             0.0000          0.0000          0.0000
             0.0000          0.0000          0.0000

     Atom 12  H   pos: ( -0.061845  0.956594  1.141569)  para_oo sigma:           0.00
             0.0000          0.0000          0.0000
             0.0000          0.0000          0.0000
             0.0000          0.0000          0.0000

     Atom 13  H   pos: (  0.655828  0.605771  0.393939)  para_oo sigma:           0.00
             0.0000          0.0000          0.0000
             0.0000          0.0000          0.0000
             0.0000          0.0000          0.0000

     Atom 14  H   pos: (  0.065773  1.207905  1.071873)  para_oo sigma:           0.00
             0.0000          0.0000          0.0000
             0.0000          0.0000          0.0000
             0.0000          0.0000          0.0000

     Atom 15  C   pos: (  0.594939  0.334649  0.614452)  para_oo sigma:          -0.93
            -0.5989          0.3433         -0.2187
             0.3262         -0.8613          0.6623
            -0.1715          0.6370         -1.3419

     Atom 16  C   pos: (  0.126662  0.936783  0.851361)  para_oo sigma:          -0.93
            -0.5989         -0.3433         -0.2187
            -0.3262         -0.8613         -0.6623
            -0.1715         -0.6370         -1.3419

     Atom 17  C   pos: (  0.722086  0.182214  0.730635)  para_oo sigma:          -0.57
            -0.4883          0.1106          0.2359
             0.1497         -0.3785          0.1078
             0.1825          0.1558         -0.8488

     Atom 18  C   pos: ( -0.000485  0.784348  0.735177)  para_oo sigma:          -0.57
            -0.4883         -0.1106          0.2359
            -0.1497         -0.3785         -0.1078
             0.1825         -0.1558         -0.8488

     Atom 19  H   pos: (  0.867332  0.097471  0.667122)  para_oo sigma:           0.00
             0.0000          0.0000          0.0000
             0.0000          0.0000          0.0000
             0.0000          0.0000          0.0000

     Atom 20  H   pos: ( -0.145731  0.699606  0.798691)  para_oo sigma:           0.00
             0.0000          0.0000          0.0000
             0.0000          0.0000          0.0000
             0.0000          0.0000          0.0000

     Atom 21  C   pos: (  0.624897  0.157507  0.944601)  para_oo sigma:          -0.58
            -0.5314          0.1693          0.2242
             0.1365         -0.3526          0.1358
             0.2968          0.0800         -0.8422

     Atom 22  C   pos: (  0.096703  0.759642  0.521212)  para_oo sigma:          -0.58
            -0.5314         -0.1693          0.2242
            -0.1365         -0.3526         -0.1358
             0.2968         -0.0800         -0.8422

     Atom 23  H   pos: (  0.679516  0.049735  1.077174)  para_oo sigma:           0.00
             0.0000          0.0000          0.0000
             0.0000          0.0000          0.0000
             0.0000          0.0000          0.0000

     Atom 24  H   pos: (  0.042085  0.651869  0.388639)  para_oo sigma:           0.00
             0.0000          0.0000          0.0000
             0.0000          0.0000          0.0000
             0.0000          0.0000          0.0000

     Atom 25  C   pos: (  0.441728  0.294889  0.952036)  para_oo sigma:          -0.91
            -1.3137          0.5543          0.4653
             0.5532         -0.6487         -0.1390
             0.4585         -0.1313         -0.7538

     Atom 26  C   pos: (  0.279872  0.897024  0.513776)  para_oo sigma:          -0.91
            -1.3137         -0.5543          0.4653
            -0.5532         -0.6487          0.1390
             0.4585          0.1313         -0.7538

     Atom 27  H   pos: (  0.321937  0.324100  1.082558)  para_oo sigma:           0.00
             0.0000          0.0000          0.0000
             0.0000          0.0000          0.0000
             0.0000          0.0000          0.0000

     Atom 28  H   pos: (  0.399663  0.926235  0.383255)  para_oo sigma:           0.00
             0.0000          0.0000          0.0000
             0.0000          0.0000          0.0000
             0.0000          0.0000          0.0000

     Atom 29  C   pos: (  0.442546  0.380925  0.226032)  para_oo sigma:          -0.93
            -1.4172         -0.6062         -0.4120
            -0.6435         -0.6899         -0.1168
            -0.4042         -0.0807         -0.6802

     Atom 30  C   pos: (  0.279055  0.983059  1.239781)  para_oo sigma:          -0.93
            -1.4172          0.6062         -0.4120
             0.6435         -0.6899          0.1168
            -0.4042          0.0807         -0.6802

     Atom 31  C   pos: (  0.260243  0.240580  0.236476)  para_oo sigma:          -0.58
            -0.5566         -0.1399         -0.2214
            -0.1178         -0.3728          0.1407
            -0.2700          0.0988         -0.8034

     Atom 32  C   pos: (  0.461358  0.842715  1.229336)  para_oo sigma:          -0.58
            -0.5566          0.1399         -0.2214
             0.1178         -0.3728         -0.1407
            -0.2700         -0.0988         -0.8034

     Atom 33  H   pos: (  0.219646  0.133921  0.375459)  para_oo sigma:           0.00
             0.0000          0.0000          0.0000
             0.0000          0.0000          0.0000
             0.0000          0.0000          0.0000

     Atom 34  H   pos: (  0.501955  0.736055  1.090354)  para_oo sigma:           0.00
             0.0000          0.0000          0.0000
             0.0000          0.0000          0.0000
             0.0000          0.0000          0.0000

     Atom 35  C   pos: (  0.145558  0.256195  0.030020)  para_oo sigma:          -0.57
            -0.5119         -0.1113         -0.2734
            -0.1472         -0.3619          0.1310
            -0.1975          0.1800         -0.8494

     Atom 36  C   pos: (  0.576043  0.858329  1.435792)  para_oo sigma:          -0.57
            -0.5119          0.1113         -0.2734
             0.1472         -0.3619         -0.1310
            -0.1975         -0.1800         -0.8494

     Atom 37  H   pos: ( -0.280745  0.166059  1.448437)  para_oo sigma:           0.00
             0.0000          0.0000          0.0000
             0.0000          0.0000          0.0000
             0.0000          0.0000          0.0000

     Atom 38  H   pos: (  1.002346  0.768193  0.017375)  para_oo sigma:           0.00
             0.0000          0.0000          0.0000
             0.0000          0.0000          0.0000
             0.0000          0.0000          0.0000

     Atom 39  C   pos: ( -0.019117  0.406678  1.366896)  para_oo sigma:          -0.89
            -0.5389         -0.2444          0.1117
            -0.2440         -0.8027          0.6287
             0.1070          0.6150         -1.3372

     Atom 40  C   pos: (  0.740718  1.008812  0.098917)  para_oo sigma:          -0.89
            -0.5389          0.2444          0.1117
             0.2440         -0.8027         -0.6287
             0.1070         -0.6150         -1.3372

     Atom 41  H   pos: ( -0.052999  0.467816  1.201400)  para_oo sigma:           0.00
             0.0000          0.0000          0.0000
             0.0000          0.0000          0.0000
             0.0000          0.0000          0.0000

     Atom 42  H   pos: (  0.774600  1.069951  0.264412)  para_oo sigma:           0.00
             0.0000          0.0000          0.0000
             0.0000          0.0000          0.0000
             0.0000          0.0000          0.0000

     Paramagnetic US L_R Q_R contribution in ppm:
 
     Atom  1  N   pos: (  0.426017  0.400575  0.751359)  para_lq sigma:         -63.93
           -64.0666          6.8313          2.6850
             6.7709        -60.7473          4.1915
             2.6450          4.1928        -66.9889

     Atom  2  N   pos: (  0.295584  1.002709  0.714454)  para_lq sigma:         -63.93
           -64.0666         -6.8313          2.6850
            -6.7709        -60.7473         -4.1915
             2.6450         -4.1928        -66.9889

     Atom  3  H   pos: (  0.306531  0.512250  0.708153)  para_lq sigma:           0.00
             0.0000          0.0000          0.0000
             0.0000          0.0000          0.0000
             0.0000          0.0000          0.0000

     Atom  4  H   pos: (  0.415070  1.114385  0.757660)  para_lq sigma:           0.00
             0.0000          0.0000          0.0000
             0.0000          0.0000          0.0000
             0.0000          0.0000          0.0000

     Atom  5  N   pos: (  0.437226  0.481710  0.022019)  para_lq sigma:         -63.99
           -64.5337         -6.8205         -3.1167
            -6.7004        -61.0068          4.1900
            -3.0800          4.2245        -66.4241

     Atom  6  N   pos: (  0.284375  1.083845  1.443794)  para_lq sigma:         -63.99
           -64.5337          6.8205         -3.1167
             6.7004        -61.0068         -4.1900
            -3.0800         -4.2245        -66.4241

     Atom  7  H   pos: (  0.270675  0.596327  1.433401)  para_lq sigma:           0.00
             0.0000          0.0000          0.0000
             0.0000          0.0000          0.0000
             0.0000          0.0000          0.0000

     Atom  8  H   pos: (  0.450926  1.198462  0.032412)  para_lq sigma:           0.00
             0.0000          0.0000          0.0000
             0.0000          0.0000          0.0000
             0.0000          0.0000          0.0000

     Atom  9  C   pos: (  0.626965  0.425451  0.386778)  para_lq sigma:         -11.14
           -11.2261         -0.0631          0.0051
            -0.0077        -11.0029          0.2411
            -0.0524          0.1811        -11.2050

     Atom 10  C   pos: (  0.094635  1.027585  1.079035)  para_lq sigma:         -11.14
           -11.2261          0.0631          0.0051
             0.0077        -11.0029         -0.2411
            -0.0524         -0.1811        -11.2050

     Atom 11  H   pos: (  0.783446  0.354460  0.324244)  para_lq sigma:           0.00
             0.0000          0.0000          0.0000
             0.0000          0.0000          0.0000
             0.0000          0.0000          0.0000

     Atom 12  H   pos: ( -0.061845  0.956594  1.141569)  para_lq sigma:           0.00
             0.0000          0.0000          0.0000
             0.0000          0.0000          0.0000
             0.0000          0.0000          0.0000

     Atom 13  H   pos: (  0.655828  0.605771  0.393939)  para_lq sigma:           0.00
             0.0000          0.0000          0.0000
             0.0000          0.0000          0.0000
             0.0000          0.0000          0.0000

     Atom 14  H   pos: (  0.065773  1.207905  1.071873)  para_lq sigma:           0.00
             0.0000          0.0000          0.0000
             0.0000          0.0000          0.0000
             0.0000          0.0000          0.0000

     Atom 15  C   pos: (  0.594939  0.334649  0.614452)  para_lq sigma:         -14.01
           -13.6023          2.0403          0.7523
             1.9742        -12.9188          1.7476
             0.9918          1.6338        -15.5220

     Atom 16  C   pos: (  0.126662  0.936783  0.851361)  para_lq sigma:         -14.01
           -13.6023         -2.0403          0.7523
            -1.9742        -12.9188         -1.7476
             0.9918         -1.6338        -15.5220

     Atom 17  C   pos: (  0.722086  0.182214  0.730635)  para_lq sigma:         -12.99
           -13.0536          1.2866          1.0997
             1.2250        -12.0043          0.6271
             1.2762          0.4703        -13.9125

     Atom 18  C   pos: ( -0.000485  0.784348  0.735177)  para_lq sigma:         -12.99
           -13.0536         -1.2866          1.0997
            -1.2250        -12.0043         -0.6271
             1.2762         -0.4703        -13.9125

     Atom 19  H   pos: (  0.867332  0.097471  0.667122)  para_lq sigma:           0.00
             0.0000          0.0000          0.0000
             0.0000          0.0000          0.0000
             0.0000          0.0000          0.0000

     Atom 20  H   pos: ( -0.145731  0.699606  0.798691)  para_lq sigma:           0.00
             0.0000          0.0000          0.0000
             0.0000          0.0000          0.0000
             0.0000          0.0000          0.0000

     Atom 21  C   pos: (  0.624897  0.157507  0.944601)  para_lq sigma:         -12.99
           -12.6387          1.1088          0.8883
             1.1998        -12.0799          0.9833
             0.6881          1.1409        -14.2389

     Atom 22  C   pos: (  0.096703  0.759642  0.521212)  para_lq sigma:         -12.99
           -12.6387         -1.1088          0.8883
            -1.1998        -12.0799         -0.9833
             0.6881         -1.1409        -14.2389

     Atom 23  H   pos: (  0.679516  0.049735  1.077174)  para_lq sigma:           0.00
             0.0000          0.0000          0.0000
             0.0000          0.0000          0.0000
             0.0000          0.0000          0.0000

     Atom 24  H   pos: (  0.042085  0.651869  0.388639)  para_lq sigma:           0.00
             0.0000          0.0000          0.0000
             0.0000          0.0000          0.0000
             0.0000          0.0000          0.0000

     Atom 25  C   pos: (  0.441728  0.294889  0.952036)  para_lq sigma:         -13.82
           -14.0930          2.0850          1.4677
             2.1531        -12.5212          0.9699
             1.2932          1.0919        -14.8571

     Atom 26  C   pos: (  0.279872  0.897024  0.513776)  para_lq sigma:         -13.82
           -14.0930         -2.0850          1.4677
            -2.1531        -12.5212         -0.9699
             1.2932         -1.0919        -14.8571

     Atom 27  H   pos: (  0.321937  0.324100  1.082558)  para_lq sigma:           0.00
             0.0000          0.0000          0.0000
             0.0000          0.0000          0.0000
             0.0000          0.0000          0.0000

     Atom 28  H   pos: (  0.399663  0.926235  0.383255)  para_lq sigma:           0.00
             0.0000          0.0000          0.0000
             0.0000          0.0000          0.0000
             0.0000          0.0000          0.0000

     Atom 29  C   pos: (  0.442546  0.380925  0.226032)  para_lq sigma:         -14.10
           -14.6001         -2.0122         -1.5372
            -2.2520        -12.8533          1.0415
            -1.3719          1.2342        -14.8518

     Atom 30  C   pos: (  0.279055  0.983059  1.239781)  para_lq sigma:         -14.10
           -14.6001          2.0122         -1.5372
             2.2520        -12.8533         -1.0415
            -1.3719         -1.2342        -14.8518

     Atom 31  C   pos: (  0.260243  0.240580  0.236476)  para_lq sigma:         -13.00
           -12.6905         -0.9543         -0.9727
            -1.0422        -12.0961          1.0799
            -0.7868          1.1759        -14.2059

     Atom 32  C   pos: (  0.461358  0.842715  1.229336)  para_lq sigma:         -13.00
           -12.6905          0.9543         -0.9727
             1.0422        -12.0961         -1.0799
            -0.7868         -1.1759        -14.2059

     Atom 33  H   pos: (  0.219646  0.133921  0.375459)  para_lq sigma:           0.00
             0.0000          0.0000          0.0000
             0.0000          0.0000          0.0000
             0.0000          0.0000          0.0000

     Atom 34  H   pos: (  0.501955  0.736055  1.090354)  para_lq sigma:           0.00
             0.0000          0.0000          0.0000
             0.0000          0.0000          0.0000
             0.0000          0.0000          0.0000

     Atom 35  C   pos: (  0.145558  0.256195  0.030020)  para_lq sigma:         -12.99
           -13.1724         -1.3355         -1.0754
            -1.2129        -11.9744          0.7398
            -1.2748          0.5629        -13.8203

     Atom 36  C   pos: (  0.576043  0.858329  1.435792)  para_lq sigma:         -12.99
           -13.1724          1.3355         -1.0754
             1.2129        -11.9744         -0.7398
            -1.2748         -0.5629        -13.8203

     Atom 37  H   pos: ( -0.280745  0.166059  1.448437)  para_lq sigma:           0.00
             0.0000          0.0000          0.0000
             0.0000          0.0000          0.0000
             0.0000          0.0000          0.0000

     Atom 38  H   pos: (  1.002346  0.768193  0.017375)  para_lq sigma:           0.00
             0.0000          0.0000          0.0000
             0.0000          0.0000          0.0000
             0.0000          0.0000          0.0000

     Atom 39  C   pos: ( -0.019117  0.406678  1.366896)  para_lq sigma:         -13.79
           -13.5501         -1.8606         -1.0036
            -1.8017        -12.6796          1.6442
            -1.1388          1.5455        -15.1478

     Atom 40  C   pos: (  0.740718  1.008812  0.098917)  para_lq sigma:         -13.79
           -13.5501          1.8606         -1.0036
             1.8017        -12.6796         -1.6442
            -1.1388         -1.5455        -15.1478

     Atom 41  H   pos: ( -0.052999  0.467816  1.201400)  para_lq sigma:           0.00
             0.0000          0.0000          0.0000
             0.0000          0.0000          0.0000
             0.0000          0.0000          0.0000

     Atom 42  H   pos: (  0.774600  1.069951  0.264412)  para_lq sigma:           0.00
             0.0000          0.0000          0.0000
             0.0000          0.0000          0.0000
             0.0000          0.0000          0.0000

 
     Total NMR chemical shifts in ppm: ---------------------------------------
     (adopting the Simpson convention for anisotropy and asymmetry)-----------
 
     Atom  1  N   pos: (  0.426017  0.400575  0.751359)  Total sigma:          66.28
            49.8921         83.2310          4.8976
            82.8870         87.8972         51.2411
             8.9691         42.6155         61.0607

     N    1    anisotropy:    155.56    eta:   -0.7380
     N    1    sigma_11=     52.70    axis=(  0.461006  0.089262 -0.882896)
     N    1    sigma_22=    -23.84    axis=(  0.700718 -0.647084  0.300460)
     N    1    sigma_33=    169.99    axis=(  0.544488  0.757175  0.360857)
 
     Atom  2  N   pos: (  0.295584  1.002709  0.714454)  Total sigma:          66.28
            49.8921        -83.2310          4.8976
           -82.8870         87.8972        -51.2411
             8.9691        -42.6155         61.0607

     N    2    anisotropy:    155.56    eta:   -0.7380
     N    2    sigma_11=     52.70    axis=( -0.461006  0.089262  0.882896)
     N    2    sigma_22=    -23.84    axis=(  0.700718  0.647084  0.300460)
     N    2    sigma_33=    169.99    axis=(  0.544488 -0.757175  0.360857)
 
     Atom  3  H   pos: (  0.306531  0.512250  0.708153)  Total sigma:          22.89
            22.9055        -12.1478          0.3518
            -8.3992         27.3331         -1.7692
             2.8884         -5.7951         18.4428

     H    3    anisotropy:     20.41    eta:   -0.2705
     H    3    sigma_11=     17.93    axis=( -0.372715 -0.034230  0.927314)
     H    3    sigma_22=     14.25    axis=(  0.703605  0.641108  0.306465)
     H    3    sigma_33=     36.50    axis=(  0.604999 -0.766687  0.214866)
 
     Atom  4  H   pos: (  0.415070  1.114385  0.757660)  Total sigma:          22.89
            22.9055         12.1478          0.3518
             8.3992         27.3331          1.7692
             2.8884          5.7951         18.4428

     H    4    anisotropy:     20.41    eta:   -0.2705
     H    4    sigma_11=     17.93    axis=(  0.372715 -0.034230 -0.927314)
     H    4    sigma_22=     14.25    axis=(  0.703605 -0.641108  0.306465)
     H    4    sigma_33=     36.50    axis=(  0.604999  0.766687  0.214866)
 
     Atom  5  N   pos: (  0.437226  0.481710  0.022019)  Total sigma:          65.54
            46.8769        -78.9590        -12.0639
           -80.0871         80.2568         45.8516
            -3.5728         43.6339         69.4745

     N    5    anisotropy:    145.12    eta:   -0.8414
     N    5    sigma_11=     57.87    axis=( -0.452686  0.148988 -0.879135)
     N    5    sigma_22=    -23.54    axis=(  0.711265  0.654941 -0.255253)
     N    5    sigma_33=    162.29    axis=( -0.537752  0.740847  0.402453)
 
     Atom  6  N   pos: (  0.284375  1.083845  1.443794)  Total sigma:          65.54
            46.8769         78.9590        -12.0639
            80.0871         80.2568        -45.8516
            -3.5728        -43.6339         69.4745

     N    6    anisotropy:    145.12    eta:   -0.8414
     N    6    sigma_11=     57.87    axis=(  0.452686  0.148988  0.879135)
     N    6    sigma_22=    -23.54    axis=(  0.711265 -0.654941 -0.255253)
     N    6    sigma_33=    162.29    axis=( -0.537752 -0.740847  0.402453)
 
     Atom  7  H   pos: (  0.270675  0.596327  1.433401)  Total sigma:          22.88
            21.9045         11.8393         -1.5217
             7.8493         27.9584         -4.7384
            -4.0808         -7.7867         18.7832

     H    7    anisotropy:     22.12    eta:   -0.2229
     H    7    sigma_11=     17.15    axis=(  0.566702 -0.039314  0.822984)
     H    7    sigma_22=     13.87    axis=(  0.620463 -0.636840 -0.457669)
     H    7    sigma_33=     37.63    axis=( -0.542102 -0.769993  0.336505)
 
     Atom  8  H   pos: (  0.450926  1.198462  0.032412)  Total sigma:          22.88
            21.9045        -11.8393         -1.5217
            -7.8493         27.9584          4.7384
            -4.0808          7.7867         18.7832

     H    8    anisotropy:     22.12    eta:   -0.2229
     H    8    sigma_11=     17.15    axis=(  0.566702  0.039314  0.822984)
     H    8    sigma_22=     13.87    axis=( -0.620463 -0.636840  0.457669)
     H    8    sigma_33=     37.63    axis=( -0.542102  0.769993  0.336505)
 
     Atom  9  C   pos: (  0.626965  0.425451  0.386778)  Total sigma:         142.48
           141.6574          4.7119          7.3245
             4.7369        133.7327          2.4853
             4.4601         -1.5878        152.0641

     C    9    anisotropy:     18.77    eta:   -0.7893
     C    9    sigma_11=    141.17    axis=(  0.771192  0.463781 -0.436086)
     C    9    sigma_22=    131.29    axis=(  0.464469 -0.878379 -0.112777)
     C    9    sigma_33=    155.00    axis=(  0.435352  0.115575  0.892811)
 
     Atom 10  C   pos: (  0.094635  1.027585  1.079035)  Total sigma:         142.48
           141.6574         -4.7119          7.3245
            -4.7369        133.7327         -2.4853
             4.4601          1.5878        152.0641

     C   10    anisotropy:     18.77    eta:   -0.7893
     C   10    sigma_11=    141.17    axis=( -0.771192  0.463781  0.436086)
     C   10    sigma_22=    131.29    axis=(  0.464469  0.878379 -0.112777)
     C   10    sigma_33=    155.00    axis=(  0.435352 -0.115575  0.892811)
 
     Atom 11  H   pos: (  0.783446  0.354460  0.324244)  Total sigma:          26.67
            31.9225         -0.4954         -1.6347
            -4.3911         21.6894         -0.0843
            -2.4788         -1.2974         26.3955

     H   11    anisotropy:      9.50    eta:   -0.8240
     H   11    sigma_11=     26.11    axis=(  0.219455 -0.267805  0.938147)
     H   11    sigma_22=     20.89    axis=( -0.248801 -0.945157 -0.211605)
     H   11    sigma_33=     33.00    axis=( -0.943365  0.186974  0.274050)
 
     Atom 12  H   pos: ( -0.061845  0.956594  1.141569)  Total sigma:          26.67
            31.9225          0.4954         -1.6347
             4.3911         21.6894          0.0843
            -2.4788          1.2974         26.3956

     H   12    anisotropy:      9.50    eta:   -0.8240
     H   12    sigma_11=     26.11    axis=( -0.219455 -0.267805 -0.938147)
     H   12    sigma_22=     20.89    axis=( -0.248801  0.945157 -0.211605)
     H   12    sigma_33=     33.00    axis=( -0.943365 -0.186974  0.274050)
 
     Atom 13  H   pos: (  0.655828  0.605771  0.393939)  Total sigma:          26.60
            24.4018          4.2711         -1.9295
             0.9253         29.5687         -2.4261
             1.8690         -0.5041         25.8371

     H   13    anisotropy:      6.61    eta:   -0.5428
     H   13    sigma_11=     25.59    axis=(  0.302036  0.149617  0.941482)
     H   13    sigma_22=     23.20    axis=(  0.884893 -0.411362 -0.218509)
     H   13    sigma_33=     31.01    axis=( -0.354597 -0.899109  0.256641)
 
     Atom 14  H   pos: (  0.065773  1.207905  1.071873)  Total sigma:          26.60
            24.4018         -4.2711         -1.9295
            -0.9253         29.5687          2.4261
             1.8690          0.5041         25.8371

     H   14    anisotropy:      6.61    eta:   -0.5428
     H   14    sigma_11=     25.59    axis=( -0.302036  0.149617 -0.941482)
     H   14    sigma_22=     23.20    axis=(  0.884893  0.411362 -0.218509)
     H   14    sigma_33=     31.01    axis=( -0.354597  0.899109  0.256641)
 
     Atom 15  C   pos: (  0.594939  0.334649  0.614452)  Total sigma:          38.43
            43.7414         37.0877         47.2849
            42.0445         76.5186         21.4619
            44.0107         24.9296         -4.9777

     C   15    anisotropy:    122.00    eta:   -0.7407
     C   15    sigma_11=     27.88    axis=(  0.621237 -0.686006  0.378762)
     C   15    sigma_22=    -32.36    axis=( -0.516363  0.005205  0.856354)
     C   15    sigma_33=    119.76    axis=(  0.589435  0.727577  0.350995)
 
     Atom 16  C   pos: (  0.126662  0.936783  0.851361)  Total sigma:          38.43
            43.7414        -37.0877         47.2849
           -42.0445         76.5186        -21.4619
            44.0107        -24.9296         -4.9777

     C   16    anisotropy:    122.00    eta:   -0.7407
     C   16    sigma_11=     27.88    axis=( -0.621237 -0.686006 -0.378762)
     C   16    sigma_22=    -32.36    axis=( -0.516363 -0.005205  0.856354)
     C   16    sigma_33=    119.76    axis=(  0.589435 -0.727577  0.350995)
 
     Atom 17  C   pos: (  0.722086  0.182214  0.730635)  Total sigma:          60.79
            40.2274         59.3753         42.6752
            59.4074         93.8309          5.6005
            38.7058         10.4339         48.3160

     C   17    anisotropy:    121.40    eta:   -0.8452
     C   17    sigma_11=     54.53    axis=( -0.227399  0.512534 -0.828009)
     C   17    sigma_22=    -13.88    axis=( -0.789497  0.400732  0.464874)
     C   17    sigma_33=    141.72    axis=(  0.570073  0.759423  0.313518)
 
     Atom 18  C   pos: ( -0.000485  0.784348  0.735177)  Total sigma:          60.79
            40.2274        -59.3753         42.6752
           -59.4074         93.8309         -5.6005
            38.7058        -10.4339         48.3160

     C   18    anisotropy:    121.40    eta:   -0.8452
     C   18    sigma_11=     54.53    axis=(  0.227399  0.512534  0.828009)
     C   18    sigma_22=    -13.88    axis=( -0.789497 -0.400732  0.464874)
     C   18    sigma_33=    141.72    axis=(  0.570073 -0.759423  0.313518)
 
     Atom 19  H   pos: (  0.867332  0.097471  0.667122)  Total sigma:          25.45
            26.9657         -3.1957         -0.5513
            -2.0025         25.7991         -0.1237
             0.7586         -1.8002         23.5978

     H   19    anisotropy:      5.52    eta:   -0.3745
     H   19    sigma_11=     24.30    axis=(  0.545911  0.533268 -0.646225)
     H   19    sigma_22=     22.93    axis=(  0.342352  0.561992  0.752967)
     H   19    sigma_33=     29.13    axis=( -0.764707  0.632290 -0.124232)
 
     Atom 20  H   pos: ( -0.145731  0.699606  0.798691)  Total sigma:          25.45
            26.9657          3.1957         -0.5513
             2.0025         25.7991          0.1237
             0.7586          1.8002         23.5978

     H   20    anisotropy:      5.52    eta:   -0.3745
     H   20    sigma_11=     24.30    axis=(  0.545911 -0.533268 -0.646225)
     H   20    sigma_22=     22.93    axis=( -0.342352  0.561992 -0.752967)
     H   20    sigma_33=     29.13    axis=( -0.764707 -0.632290 -0.124232)
 
     Atom 21  C   pos: (  0.624897  0.157507  0.944601)  Total sigma:          60.46
            79.4723         52.0445         12.3699
            53.8060         85.5065         51.9826
            13.0842         53.2673         16.4087

     C   21    anisotropy:    138.01    eta:   -0.6333
     C   21    sigma_11=     43.59    axis=( -0.784989  0.423434  0.452212)
     C   21    sigma_22=    -14.67    axis=(  0.187959 -0.532759  0.825130)
     C   21    sigma_33=    152.47    axis=( -0.590308 -0.732715 -0.338622)
 
     Atom 22  C   pos: (  0.096703  0.759642  0.521212)  Total sigma:          60.46
            79.4723        -52.0445         12.3699
           -53.8060         85.5065        -51.9826
            13.0842        -53.2673         16.4087

     C   22    anisotropy:    138.01    eta:   -0.6333
     C   22    sigma_11=     43.59    axis=(  0.784989  0.423434 -0.452212)
     C   22    sigma_22=    -14.67    axis=(  0.187959  0.532759  0.825130)
     C   22    sigma_33=    152.47    axis=( -0.590308  0.732715 -0.338622)
 
     Atom 23  H   pos: (  0.679516  0.049735  1.077174)  Total sigma:          25.04
            25.5968          0.9237         -1.6737
             1.1672         24.5483         -2.1677
             1.2709         -2.1582         24.9652

     H   23    anisotropy:     -3.88    eta:   -0.7958
     H   23    sigma_11=     25.30    axis=(  0.867475 -0.154220  0.472973)
     H   23    sigma_22=     27.36    axis=(  0.451524  0.643188 -0.618414)
     H   23    sigma_33=     22.45    axis=( -0.208839  0.750017  0.627583)
 
     Atom 24  H   pos: (  0.042085  0.651869  0.388639)  Total sigma:          25.04
            25.5968         -0.9237         -1.6737
            -1.1672         24.5483          2.1677
             1.2709          2.1582         24.9652

     H   24    anisotropy:     -3.88    eta:   -0.7958
     H   24    sigma_11=     25.30    axis=(  0.867475  0.154220  0.472973)
     H   24    sigma_22=     27.36    axis=( -0.451524  0.643188  0.618414)
     H   24    sigma_33=     22.45    axis=( -0.208839 -0.750017  0.627583)
 
     Atom 25  C   pos: (  0.441728  0.294889  0.952036)  Total sigma:          48.95
            59.4398         34.0101         35.1262
            30.9027         90.3217         34.1793
            44.9194         25.6412         -2.9115

     C   25    anisotropy:    118.47    eta:   -0.8500
     C   25    sigma_11=     43.03    axis=(  0.733548 -0.642868  0.220518)
     C   25    sigma_22=    -24.11    axis=( -0.387293 -0.128772  0.912919)
     C   25    sigma_33=    127.93    axis=(  0.558490  0.755075  0.343439)
 
     Atom 26  C   pos: (  0.279872  0.897024  0.513776)  Total sigma:          48.95
            59.4398        -34.0101         35.1262
           -30.9027         90.3217        -34.1793
            44.9194        -25.6412         -2.9115

     C   26    anisotropy:    118.47    eta:   -0.8500
     C   26    sigma_11=     43.03    axis=( -0.733548 -0.642868 -0.220518)
     C   26    sigma_22=    -24.11    axis=( -0.387293  0.128772  0.912919)
     C   26    sigma_33=    127.93    axis=(  0.558490 -0.755075  0.343439)
 
     Atom 27  H   pos: (  0.321937  0.324100  1.082558)  Total sigma:          23.73
            23.1091          0.0887         -4.0169
            -1.5237         23.1595          2.1932
            -2.8428         -1.1197         24.9282

     H   27    anisotropy:      6.00    eta:   -0.6430
     H   27    sigma_11=     23.02    axis=(  0.039731  0.978248 -0.203596)
     H   27    sigma_22=     20.45    axis=( -0.795956 -0.092192 -0.598293)
     H   27    sigma_33=     27.73    axis=( -0.604049  0.185824  0.774980)
 
     Atom 28  H   pos: (  0.399663  0.926235  0.383255)  Total sigma:          23.73
            23.1091         -0.0887         -4.0169
             1.5237         23.1595         -2.1932
            -2.8428          1.1197         24.9282

     H   28    anisotropy:      6.00    eta:   -0.6430
     H   28    sigma_11=     23.02    axis=(  0.039731 -0.978248 -0.203596)
     H   28    sigma_22=     20.45    axis=(  0.795957 -0.092192  0.598293)
     H   28    sigma_33=     27.73    axis=( -0.604049 -0.185824  0.774980)
 
     Atom 29  C   pos: (  0.442546  0.380925  0.226032)  Total sigma:          32.41
            40.2641        -35.3462        -33.2803
           -34.9560         67.4425         41.1533
           -42.7272         35.0874        -10.4664

     C   29    anisotropy:    122.67    eta:   -0.6382
     C   29    sigma_11=     17.62    axis=( -0.752298 -0.642449  0.145971)
     C   29    sigma_22=    -34.57    axis=(  0.359933 -0.215210  0.907818)
     C   29    sigma_33=    114.19    axis=(  0.551812 -0.735489 -0.393140)
 
     Atom 30  C   pos: (  0.279055  0.983059  1.239781)  Total sigma:          32.41
            40.2641         35.3462        -33.2803
            34.9560         67.4425        -41.1533
           -42.7272        -35.0874        -10.4664

     C   30    anisotropy:    122.67    eta:   -0.6382
     C   30    sigma_11=     17.62    axis=(  0.752298 -0.642449 -0.145971)
     C   30    sigma_22=    -34.57    axis=(  0.359933  0.215210  0.907818)
     C   30    sigma_33=    114.19    axis=(  0.551812  0.735489 -0.393140)
 
     Atom 31  C   pos: (  0.260243  0.240580  0.236476)  Total sigma:          62.02
            72.8709        -51.1605        -14.7753
           -41.2233         91.6132         60.4062
           -15.3733         55.4256         21.5725

     C   31    anisotropy:    136.25    eta:   -0.6390
     C   31    sigma_11=     45.63    axis=(  0.846570  0.376574  0.376180)
     C   31    sigma_22=    -12.42    axis=( -0.137688 -0.527754  0.838163)
     C   31    sigma_33=    152.85    axis=( -0.514161  0.761359  0.394931)
 
     Atom 32  C   pos: (  0.461358  0.842715  1.229336)  Total sigma:          62.02
            72.8709         51.1605        -14.7753
            41.2233         91.6132        -60.4062
           -15.3733        -55.4256         21.5725

     C   32    anisotropy:    136.25    eta:   -0.6390
     C   32    sigma_11=     45.63    axis=( -0.846570  0.376574 -0.376180)
     C   32    sigma_22=    -12.42    axis=( -0.137688  0.527754  0.838163)
     C   32    sigma_33=    152.85    axis=( -0.514161 -0.761359  0.394931)
 
     Atom 33  H   pos: (  0.219646  0.133921  0.375459)  Total sigma:          24.83
            23.4743         -1.3172          2.4213
             2.5742         25.4199         -0.2223
            -0.3762         -2.4541         25.6041

     H   33    anisotropy:     -3.35    eta:   -0.8399
     H   33    sigma_11=     25.01    axis=(  0.584865  0.657325  0.475244)
     H   33    sigma_22=     26.89    axis=( -0.108301  0.643941 -0.757371)
     H   33    sigma_33=     22.60    axis=(  0.803868 -0.391490 -0.447807)
 
     Atom 34  H   pos: (  0.501955  0.736055  1.090354)  Total sigma:          24.83
            23.4743          1.3172          2.4213
            -2.5742         25.4199          0.2223
            -0.3762          2.4541         25.6041

     H   34    anisotropy:     -3.35    eta:   -0.8399
     H   34    sigma_11=     25.01    axis=(  0.584865 -0.657325  0.475244)
     H   34    sigma_22=     26.89    axis=(  0.108301  0.643941  0.757371)
     H   34    sigma_33=     22.60    axis=(  0.803868  0.391490 -0.447807)
 
     Atom 35  C   pos: (  0.145558  0.256195  0.030020)  Total sigma:          58.06
            36.9236        -66.6248        -43.7870
           -64.0508         91.7073         24.6561
           -45.3141         18.7335         45.5512

     C   35    anisotropy:    142.16    eta:   -0.6171
     C   35    sigma_11=     39.92    axis=( -0.164598 -0.550510  0.818441)
     C   35    sigma_22=    -18.57    axis=( -0.811411 -0.396209 -0.429687)
     C   35    sigma_33=    152.84    axis=( -0.560820  0.734818  0.381474)
 
     Atom 36  C   pos: (  0.576043  0.858329  1.435792)  Total sigma:          58.06
            36.9236         66.6248        -43.7870
            64.0508         91.7073        -24.6561
           -45.3141        -18.7335         45.5512

     C   36    anisotropy:    142.16    eta:   -0.6171
     C   36    sigma_11=     39.92    axis=( -0.164598  0.550510  0.818441)
     C   36    sigma_22=    -18.57    axis=(  0.811411 -0.396209  0.429687)
     C   36    sigma_33=    152.84    axis=( -0.560820 -0.734818  0.381474)
 
     Atom 37  H   pos: ( -0.280745  0.166059  1.448437)  Total sigma:          24.74
            25.9339          2.8299          1.5135
             2.2241         25.0558          1.7552
            -0.8290         -0.7162         23.2310

     H   37    anisotropy:      5.09    eta:   -0.1237
     H   37    sigma_11=     23.25    axis=( -0.389984  0.295472  0.872129)
     H   37    sigma_22=     22.83    axis=( -0.524324  0.707330 -0.474098)
     H   37    sigma_33=     28.13    axis=( -0.756966 -0.642168 -0.120924)
 
     Atom 38  H   pos: (  1.002346  0.768193  0.017375)  Total sigma:          24.74
            25.9339         -2.8299          1.5135
            -2.2241         25.0558         -1.7552
            -0.8290          0.7162         23.2310

     H   38    anisotropy:      5.09    eta:   -0.1237
     H   38    sigma_11=     23.25    axis=( -0.389984 -0.295472  0.872129)
     H   38    sigma_22=     22.83    axis=(  0.524324  0.707330  0.474097)
     H   38    sigma_33=     28.13    axis=( -0.756966  0.642168 -0.120924)
 
     Atom 39  C   pos: ( -0.019117  0.406678  1.366896)  Total sigma:          50.33
            54.0086        -29.5124        -51.4047
           -33.3188         92.3409         21.0443
           -43.9761         29.2226          4.6303

     C   39    anisotropy:    116.44    eta:   -0.9316
     C   39    sigma_11=     47.67    axis=( -0.663323 -0.662397  0.348185)
     C   39    sigma_22=    -24.64    axis=(  0.503077 -0.050265  0.862779)
     C   39    sigma_33=    127.95    axis=(  0.554000 -0.747465 -0.366578)
 
     Atom 40  C   pos: (  0.740718  1.008812  0.098917)  Total sigma:          50.33
            54.0086         29.5124        -51.4047
            33.3188         92.3409        -21.0443
           -43.9761        -29.2226          4.6303

     C   40    anisotropy:    116.44    eta:   -0.9316
     C   40    sigma_11=     47.67    axis=(  0.663323 -0.662397 -0.348185)
     C   40    sigma_22=    -24.64    axis=(  0.503077  0.050265  0.862779)
     C   40    sigma_33=    127.95    axis=(  0.554000  0.747465 -0.366578)
 
     Atom 41  H   pos: ( -0.052999  0.467816  1.201400)  Total sigma:          23.82
            23.1113          0.7861          2.1274
             2.2892         23.0663         -0.0543
             0.4615         -1.7625         25.2946

     H   41    anisotropy:     -4.26    eta:   -0.4718
     H   41    sigma_11=     24.57    axis=(  0.630952  0.753957 -0.182891)
     H   41    sigma_22=     25.91    axis=( -0.376126  0.091090 -0.922080)
     H   41    sigma_33=     20.99    axis=(  0.678549 -0.650578 -0.341056)
 
     Atom 42  H   pos: (  0.774600  1.069951  0.264412)  Total sigma:          23.82
            23.1113         -0.7861          2.1274
            -2.2892         23.0663          0.0543
             0.4615          1.7625         25.2946

     H   42    anisotropy:     -4.26    eta:   -0.4718
     H   42    sigma_11=     24.57    axis=(  0.630952 -0.753957 -0.182891)
     H   42    sigma_22=     25.91    axis=(  0.376126  0.091090  0.922080)
     H   42    sigma_33=     20.99    axis=(  0.678549  0.650578 -0.341056)
 
     Initialization:
     gipaw_setup  :      0.28s CPU      0.31s WALL (       1 calls)
 
     Linear response
     greenf       :   3403.15s CPU   3486.05s WALL (     192 calls)
     cgsolve      :   3380.68s CPU   3463.52s WALL (     192 calls)
     ch_psi       :   3331.25s CPU   3414.01s WALL (   10113 calls)
     h_psiq       :   2622.72s CPU   2703.99s WALL (   10113 calls)
 
     Apply operators
     h_psi        :   2542.34s CPU   2638.74s WALL (   16143 calls)
     apply_vel    :     55.12s CPU     55.46s WALL (     168 calls)
 
     Induced current
     j_para       :    211.54s CPU    220.35s WALL (     216 calls)
     biot_savart  :      0.04s CPU      0.05s WALL (       1 calls)
 
     Other routines
 
     General routines
     calbec       :    872.18s CPU    876.19s WALL (   37993 calls)
     fft          :      0.24s CPU      0.37s WALL (      32 calls)
     fftw         :   1918.10s CPU   2018.90s WALL ( 1507810 calls)
     davcio       :      0.02s CPU      0.29s WALL (     128 calls)
 
     Parallel routines
     fft_scatter  :    462.39s CPU    512.19s WALL ( 1507842 calls)
 
     Plugins
 
     GIPAW        :   4514.71s CPU   4635.05s WALL (       1 calls)
