
     Program QE v.6.1 (svn rev. 13369) starts on 13Nov2017 at 12:33: 8 

     This program is part of the open-source Quantum ESPRESSO suite
     for quantum simulation of materials; please cite
         "P. Giannozzi et al., J. Phys.:Condens. Matter 21 395502 (2009);
          URL http://www.quantum-espresso.org", 
     in publications or presentations arising from this work. More details at
     http://www.quantum-espresso.org/quote

     Parallel version (MPI), running on     8 processors
     R & G space division:  proc/nbgrp/npool/nimage =       8
 
     ***** This is GIPAW svn revision unknown      *****
 
     Parallelizing q-star over 1 images
     Message from routine gipaw_readin:
     *** iverbosity is obsolete, use verbosity instead ***

     Reading data from directory:
     /scratch/paruzzo/QEspresso/CCDC/MOYHAJ/wfc/scf.save

   Info: using nr1, nr2, nr3 values from input

   Info: using nr1, nr2, nr3 values from input

     IMPORTANT: XC functional enforced from input :
     Exchange-correlation      =  SLA  PW   PBX  PBC ( 1  4  3  4 0 0)
     Any further DFT definition will be discarded
     Please, verify this is what you really want

               file C.pbe-n-kjpaw_psl.0.1.UPF: wavefunction(s)  2P renormalized
               file N.pbe-n-kjpaw_psl.0.1.UPF: wavefunction(s)  2P renormalized
               file H.pbe-kjpaw_psl.0.1.UPF: wavefunction(s)  1S renormalized
               file O.pbe-n-kjpaw_psl.0.1.UPF: wavefunction(s)  2P renormalized
 
     Parallelization info
     --------------------
     sticks:   dense  smooth     PW     G-vecs:    dense   smooth      PW
     Min         842     842    228                50746    50746    7151
     Max         843     843    229                50747    50747    7153
     Sum        6739    6739   1827               405975   405975   57215
 

     Check: negative/imaginary core charge=   -0.000003    0.000000

     Subspace diagonalization in iterative solution of the eigenvalue problem:
     a serial algorithm will be used

     GIPAW projectors -----------------------------------------------
     atom=  C    l=0  rc=    1.3000  rs=    0.8667
     atom=  C    l=0  rc=    1.3000  rs=    0.8667
     atom=  C    l=1  rc=    1.4500  rs=    0.9667
     atom=  C    l=1  rc=    1.4500  rs=    0.9667
     projs nearly linearly dependent: l=0  n1,n2= 1, 2  s=  0.99877758
     projs nearly linearly dependent: l=1  n1,n2= 1, 2  s=  0.99940894
 
     atom=  N    l=0  rc=    1.3000  rs=    0.8667
     atom=  N    l=0  rc=    1.3000  rs=    0.8667
     atom=  N    l=1  rc=    1.4500  rs=    0.9667
     atom=  N    l=1  rc=    1.4500  rs=    0.9667
     projs nearly linearly dependent: l=0  n1,n2= 1, 2  s=  0.99709514
     projs nearly linearly dependent: l=1  n1,n2= 1, 2  s=  0.99857174
 
     atom=  H    l=0  rc=    1.0000  rs=    0.6667
     atom=  H    l=0  rc=    1.0000  rs=    0.6667
     projs nearly linearly dependent: l=0  n1,n2= 1, 2  s=  0.99968852
 
     atom=  O    l=0  rc=    1.3500  rs=    0.9000
     atom=  O    l=0  rc=    1.3500  rs=    0.9000
     atom=  O    l=1  rc=    1.3500  rs=    0.9000
     atom=  O    l=1  rc=    1.3500  rs=    0.9000
     projs nearly linearly dependent: l=0  n1,n2= 1, 2  s=  0.99100135
     projs nearly linearly dependent: l=1  n1,n2= 1, 2  s=  0.99790100
     -----------------------------------------------------------------
 
     alpha_pv=     43.8689 eV
 
     q-space interpolation up to   110.00 Rydberg
 
     GIPAW job: nmr                                                                             
     NMR macroscopic correction: yes
             0.6667          0.0000          0.0000
             0.0000          0.6667          0.0000
             0.0000          0.0000          0.6667

 
     Largest allocated arrays     est. size (Mb)     dimensions
        KS wavefunctions at k           9.71 Mb     (    6366,  100)
        KS wavefunctions at k+q         9.71 Mb     (    6366,  100)
        First-order wavefunctions      97.14 Mb     (    6366,  100, 10)
        First-order wavefunct (US)     58.28 Mb     (    6366,  100,  6)
        Charge/spin density             0.89 Mb     (  116640,    1)
        Induced current                 8.01 Mb     (  116640,    3,3,1)
        Induced magnetic field          8.01 Mb     (  116640,    3,3,1)
        NL pseudopotentials            25.64 Mb     (    6366,  264)
        GIPAW NL terms                 25.64 Mb     (    6366,  264)
 
     Computing the magnetic susceptibility     isolve=0    ethr=  0.1000E-13
     k-point #    1 of    14      pool #  1    cpu time:      13.7
     Rotating WFCS
     c_bands:  1 eigenvalues not converged
     Rotating WFCS
     c_bands:  1 eigenvalues not converged
     Rotating WFCS
     c_bands:  1 eigenvalues not converged
     Rotating WFCS
     c_bands:  1 eigenvalues not converged
     Rotating WFCS
     c_bands:  1 eigenvalues not converged
     Rotating WFCS
     c_bands:  1 eigenvalues not converged
     Rotating WFCS
     c_bands:  1 eigenvalues not converged
     k-point #    2 of    14      pool #  1    cpu time:    1043.9
     Rotating WFCS
     Rotating WFCS
     Rotating WFCS
     Rotating WFCS
     Rotating WFCS
     Rotating WFCS
     Rotating WFCS
     k-point #    3 of    14      pool #  1    cpu time:    2096.2
     Rotating WFCS
     Rotating WFCS
     c_bands:  2 eigenvalues not converged
     Rotating WFCS
     c_bands:  2 eigenvalues not converged
     Rotating WFCS
     Rotating WFCS
     c_bands:  2 eigenvalues not converged
     Rotating WFCS
     c_bands:  2 eigenvalues not converged
     Rotating WFCS
     c_bands:  2 eigenvalues not converged
     k-point #    4 of    14      pool #  1    cpu time:    3201.7
     Rotating WFCS
     Rotating WFCS
     Rotating WFCS
     Rotating WFCS
     Rotating WFCS
     Rotating WFCS
     Rotating WFCS
     k-point #    5 of    14      pool #  1    cpu time:    4240.9
     Rotating WFCS
     Rotating WFCS
     Rotating WFCS
     c_bands:  1 eigenvalues not converged
     Rotating WFCS
     Rotating WFCS
     Rotating WFCS
     Rotating WFCS
     k-point #    6 of    14      pool #  1    cpu time:    5306.4
     Rotating WFCS
     Rotating WFCS
     Rotating WFCS
     Rotating WFCS
     c_bands:  1 eigenvalues not converged
     Rotating WFCS
     c_bands:  1 eigenvalues not converged
     Rotating WFCS
     Rotating WFCS
     k-point #    7 of    14      pool #  1    cpu time:    6369.1
     Rotating WFCS
     Rotating WFCS
     c_bands:  1 eigenvalues not converged
     Rotating WFCS
     Rotating WFCS
     Rotating WFCS
     Rotating WFCS
     c_bands:  1 eigenvalues not converged
     Rotating WFCS
     k-point #    8 of    14      pool #  1    cpu time:    7442.4
     Rotating WFCS
     Rotating WFCS
     Rotating WFCS
     Rotating WFCS
     Rotating WFCS
     Rotating WFCS
     Rotating WFCS
     k-point #    9 of    14      pool #  1    cpu time:    8499.1
     Rotating WFCS
     Rotating WFCS
     Rotating WFCS
     Rotating WFCS
     Rotating WFCS
     Rotating WFCS
     Rotating WFCS
     k-point #   10 of    14      pool #  1    cpu time:    9534.9
     Rotating WFCS
     Rotating WFCS
     Rotating WFCS
     Rotating WFCS
     Rotating WFCS
     Rotating WFCS
     Rotating WFCS
     k-point #   11 of    14      pool #  1    cpu time:   10566.7
     Rotating WFCS
     Rotating WFCS
     Rotating WFCS
     Rotating WFCS
     Rotating WFCS
     Rotating WFCS
     Rotating WFCS
     k-point #   12 of    14      pool #  1    cpu time:   11566.7
     Rotating WFCS
     Rotating WFCS
     Rotating WFCS
     Rotating WFCS
     c_bands:  1 eigenvalues not converged
     Rotating WFCS
     c_bands:  1 eigenvalues not converged
     Rotating WFCS
     Rotating WFCS
     k-point #   13 of    14      pool #  1    cpu time:   12615.0
     Rotating WFCS
     Rotating WFCS
     Rotating WFCS
     Rotating WFCS
     c_bands:  1 eigenvalues not converged
     Rotating WFCS
     c_bands:  1 eigenvalues not converged
     Rotating WFCS
     Rotating WFCS
     k-point #   14 of    14      pool #  1    cpu time:   13672.0
     Rotating WFCS
     Rotating WFCS
     Rotating WFCS
     Rotating WFCS
     Rotating WFCS
     Rotating WFCS
     Rotating WFCS
     End of magnetic susceptibility calculation
 
     f-sum rule (1st term):
          -157.7381          0.0000          0.1149
             0.0000       -157.9306          0.0000
             0.1169          0.0000       -157.7964

     f-sum rule (2nd term):
            -4.0449          0.0000         -0.1150
             0.0000         -3.8516          0.0000
            -0.1169          0.0000         -3.9859

     f-sum rule (should be  -161.7823):
          -161.7829          0.0000         -0.0001
             0.0000       -161.7822          0.0000
            -0.0000          0.0000       -161.7823

     chi_bare pGv (HH) in paratec units:
       -40.917977     -0.000037      0.486598
         0.000044    -36.360870     -0.000099
         0.395171     -0.000130    -42.417550

       -40.917977      0.000000      0.486598
         0.000000    -36.360870      0.000000
         0.395171      0.000000    -42.417550

     chi_bare vGv (VV) in paratec units:
       -40.734551     -0.000041      4.005152
         0.000007    -37.241028     -0.000108
         4.000517     -0.000111    -42.632795

       -40.734551      0.000000      4.005152
         0.000000    -37.241028      0.000000
         4.000517      0.000000    -42.632795

     chi_bare pGv (HH) in 10^{-6} cm^3/mol:
          -194.4461          0.0000          2.3124
             0.0000       -172.7903          0.0000
             1.8779          0.0000       -201.5722

     chi_bare vGv (VV) in 10^{-6} cm^3/mol:
          -193.5744          0.0000         19.0329
             0.0000       -176.9729          0.0000
            19.0108          0.0000       -202.5951

     Contributions to the NMR chemical shifts: -------------------------------
 
     Macroscopic shape contribution in ppm:                    5.92
             6.0742          0.0000          0.0000
             0.0000          5.3977          0.0000
             0.0000          0.0000          6.2968

 
     Core contribution in ppm:
 
     Atom  1  N   pos: (  0.722307  0.160244  0.376605)  core sigma:         235.78
     Atom  2  N   pos: (  0.084914  1.714909  0.485695)  core sigma:         235.78
     Atom  3  N   pos: ( -0.107865  2.949087  1.347995)  core sigma:         235.78
     Atom  4  N   pos: (  0.529529  1.394422  1.238906)  core sigma:         235.78
     Atom  5  H   pos: (  0.759300  0.256942  0.590467)  core sigma:           0.00
     Atom  6  H   pos: (  0.047921  1.811608  0.271833)  core sigma:           0.00
     Atom  7  H   pos: ( -0.144857  2.852389  1.134134)  core sigma:           0.00
     Atom  8  H   pos: (  0.566522  1.297723  1.452767)  core sigma:           0.00
     Atom  9  H   pos: (  0.906841  0.012510  0.334230)  core sigma:           0.00
     Atom 10  H   pos: ( -0.099619  1.567176  0.528071)  core sigma:           0.00
     Atom 11  H   pos: ( -0.292398  3.096821  1.390371)  core sigma:           0.00
     Atom 12  H   pos: (  0.714062  1.542155  1.196530)  core sigma:           0.00
     Atom 13  H   pos: (  0.707052  0.331993  0.216724)  core sigma:           0.00
     Atom 14  H   pos: (  0.100169  1.886658  0.645576)  core sigma:           0.00
     Atom 15  H   pos: ( -0.092609  2.777338  1.507876)  core sigma:           0.00
     Atom 16  H   pos: (  0.514273  1.222673  1.079025)  core sigma:           0.00
     Atom 17  H   pos: (  0.522595  0.024115  0.380961)  core sigma:           0.00
     Atom 18  H   pos: (  0.284626  1.578780  0.481339)  core sigma:           0.00
     Atom 19  H   pos: (  0.091848  3.085216  1.343640)  core sigma:           0.00
     Atom 20  H   pos: (  0.329816  1.530551  1.243261)  core sigma:           0.00
     Atom 21  O   pos: (  0.323885  0.729528  0.057701)  core sigma:         271.07
     Atom 22  O   pos: (  0.483336  2.284193  0.804600)  core sigma:         271.07
     Atom 23  O   pos: (  0.290558  2.379803  1.666900)  core sigma:         271.07
     Atom 24  O   pos: (  0.131106  0.825138  0.920001)  core sigma:         271.07
     Atom 25  O   pos: (  0.749974  0.852572  0.475293)  core sigma:         271.07
     Atom 26  O   pos: (  0.057248  2.407238  0.387007)  core sigma:         271.07
     Atom 27  O   pos: ( -0.135531  2.256758  1.249307)  core sigma:         271.07
     Atom 28  O   pos: (  0.557195  0.702093  1.337594)  core sigma:         271.07
     Atom 29  O   pos: (  0.126842  1.205629  0.115764)  core sigma:         271.07
     Atom 30  O   pos: (  0.680380  2.760294  0.746536)  core sigma:         271.07
     Atom 31  O   pos: (  0.487601  1.903702  1.608837)  core sigma:         271.07
     Atom 32  O   pos: ( -0.065937  0.349037  0.978064)  core sigma:         271.07
     Atom 33  O   pos: (  0.586864  1.342734  0.518169)  core sigma:         271.07
     Atom 34  O   pos: (  0.220357  2.897399  0.344131)  core sigma:         271.07
     Atom 35  O   pos: (  0.027579  1.766597  1.206431)  core sigma:         271.07
     Atom 36  O   pos: (  0.394086  0.211932  1.380469)  core sigma:         271.07
     Atom 37  C   pos: (  0.316426  1.007008  0.176766)  core sigma:         200.51
     Atom 38  C   pos: (  0.490795  2.561673  0.685534)  core sigma:         200.51
     Atom 39  C   pos: (  0.298017  2.102323  1.547834)  core sigma:         200.51
     Atom 40  C   pos: (  0.123648  0.547658  1.039067)  core sigma:         200.51
     Atom 41  C   pos: (  0.577662  1.072735  0.409443)  core sigma:         200.51
     Atom 42  C   pos: (  0.229560  2.627401  0.452857)  core sigma:         200.51
     Atom 43  C   pos: (  0.036781  2.036596  1.315157)  core sigma:         200.51
     Atom 44  C   pos: (  0.384883  0.481930  1.271743)  core sigma:         200.51
     Atom 45  H   pos: ( -0.227572  0.707530  1.611490)  core sigma:           0.00
     Atom 46  H   pos: (  0.649236  2.262196  0.975411)  core sigma:           0.00
     Atom 47  H   pos: (  0.842014  2.401801  0.113111)  core sigma:           0.00
     Atom 48  H   pos: ( -0.034793  0.847135  0.749190)  core sigma:           0.00
 
     Bare contribution in ppm:
 
     Atom  1  N   pos: (  0.722307  0.160244  0.376605)  bare sigma:          46.41
            43.0645          0.0058          1.6171
            -0.6672         49.2420         -1.2610
             2.1036         -1.7307         46.9110

     Atom  2  N   pos: (  0.084914  1.714909  0.485695)  bare sigma:          46.41
            43.0645         -0.0058          1.6171
             0.6672         49.2420          1.2610
             2.1036          1.7307         46.9110

     Atom  3  N   pos: ( -0.107865  2.949087  1.347995)  bare sigma:          46.41
            43.0645          0.0058          1.6171
            -0.6672         49.2420         -1.2610
             2.1036         -1.7307         46.9110

     Atom  4  N   pos: (  0.529529  1.394422  1.238906)  bare sigma:          46.41
            43.0645         -0.0058          1.6171
             0.6672         49.2420          1.2610
             2.1036          1.7307         46.9110

     Atom  5  H   pos: (  0.759300  0.256942  0.590467)  bare sigma:          17.24
             9.9320          1.6104          4.5536
             1.8346         15.1820          7.5014
             6.0765          6.3115         26.5935

     Atom  6  H   pos: (  0.047921  1.811608  0.271833)  bare sigma:          17.24
             9.9320         -1.6104          4.5536
            -1.8346         15.1820         -7.5014
             6.0765         -6.3115         26.5935

     Atom  7  H   pos: ( -0.144857  2.852389  1.134134)  bare sigma:          17.24
             9.9320          1.6104          4.5536
             1.8346         15.1820          7.5014
             6.0765          6.3115         26.5935

     Atom  8  H   pos: (  0.566522  1.297723  1.452767)  bare sigma:          17.24
             9.9320         -1.6104          4.5536
            -1.8346         15.1820         -7.5014
             6.0765         -6.3115         26.5935

     Atom  9  H   pos: (  0.906841  0.012510  0.334230)  bare sigma:          14.49
            21.2339        -12.7047         -0.8174
           -13.3787         17.0132          1.2339
            -2.1391          1.1812          5.2223

     Atom 10  H   pos: ( -0.099619  1.567176  0.528071)  bare sigma:          14.49
            21.2339         12.7047         -0.8174
            13.3787         17.0132         -1.2339
            -2.1391         -1.1812          5.2223

     Atom 11  H   pos: ( -0.292398  3.096821  1.390371)  bare sigma:          14.49
            21.2339        -12.7047         -0.8174
           -13.3787         17.0132          1.2339
            -2.1391          1.1812          5.2223

     Atom 12  H   pos: (  0.714062  1.542155  1.196530)  bare sigma:          14.49
            21.2339         12.7047         -0.8174
            13.3787         17.0132         -1.2339
            -2.1391         -1.1812          5.2223

     Atom 13  H   pos: (  0.707052  0.331993  0.216724)  bare sigma:          19.28
            13.1211         -0.9265          1.3355
            -1.4532         23.3427         -6.5213
             1.7203         -7.3561         21.3671

     Atom 14  H   pos: (  0.100169  1.886658  0.645576)  bare sigma:          19.28
            13.1211          0.9265          1.3355
             1.4532         23.3427          6.5213
             1.7203          7.3561         21.3671

     Atom 15  H   pos: ( -0.092609  2.777338  1.507876)  bare sigma:          19.28
            13.1211         -0.9265          1.3355
            -1.4532         23.3427         -6.5213
             1.7203         -7.3561         21.3671

     Atom 16  H   pos: (  0.514273  1.222673  1.079025)  bare sigma:          19.28
            13.1211          0.9265          1.3355
             1.4532         23.3427          6.5213
             1.7203          7.3561         21.3671

     Atom 17  H   pos: (  0.522595  0.024115  0.380961)  bare sigma:          12.58
            20.9122         13.9221          2.0376
            12.3899         14.2637         -0.2647
             1.4957         -1.7620          2.5541

     Atom 18  H   pos: (  0.284626  1.578780  0.481339)  bare sigma:          12.58
            20.9122        -13.9221          2.0376
           -12.3899         14.2637          0.2647
             1.4957          1.7620          2.5541

     Atom 19  H   pos: (  0.091848  3.085216  1.343640)  bare sigma:          12.58
            20.9122         13.9221          2.0376
            12.3899         14.2637         -0.2647
             1.4957         -1.7620          2.5541

     Atom 20  H   pos: (  0.329816  1.530551  1.243261)  bare sigma:          12.58
            20.9122        -13.9221          2.0376
           -12.3899         14.2637          0.2647
             1.4957          1.7620          2.5541

     Atom 21  O   pos: (  0.323885  0.729528  0.057701)  bare sigma:          20.13
             2.7986         11.0513        -40.1673
            28.2027         27.9618         12.4189
           -30.0011         -2.7391         29.6194

     Atom 22  O   pos: (  0.483336  2.284193  0.804600)  bare sigma:          20.13
             2.7986        -11.0513        -40.1673
           -28.2027         27.9618        -12.4189
           -30.0011          2.7391         29.6194

     Atom 23  O   pos: (  0.290558  2.379803  1.666900)  bare sigma:          20.13
             2.7986         11.0513        -40.1673
            28.2027         27.9618         12.4189
           -30.0011         -2.7391         29.6194

     Atom 24  O   pos: (  0.131106  0.825138  0.920001)  bare sigma:          20.13
             2.7986        -11.0513        -40.1673
           -28.2027         27.9618        -12.4189
           -30.0011          2.7391         29.6194

     Atom 25  O   pos: (  0.749974  0.852572  0.475293)  bare sigma:         -10.55
             3.9683         14.0567        -45.8639
             6.8887        -47.9954        -40.6669
           -45.7647        -30.1277         12.3788

     Atom 26  O   pos: (  0.057248  2.407238  0.387007)  bare sigma:         -10.55
             3.9683        -14.0567        -45.8639
            -6.8887        -47.9954         40.6669
           -45.7647         30.1277         12.3788

     Atom 27  O   pos: ( -0.135531  2.256758  1.249307)  bare sigma:         -10.55
             3.9683         14.0567        -45.8639
             6.8887        -47.9954        -40.6669
           -45.7647        -30.1277         12.3788

     Atom 28  O   pos: (  0.557195  0.702093  1.337594)  bare sigma:         -10.55
             3.9683        -14.0567        -45.8639
            -6.8887        -47.9954         40.6669
           -45.7647         30.1277         12.3788

     Atom 29  O   pos: (  0.126842  1.205629  0.115764)  bare sigma:         -24.29
           -18.2431         34.5365        -60.7438
            33.5412        -68.7783        -39.2436
           -61.3423        -40.4368         14.1548

     Atom 30  O   pos: (  0.680380  2.760294  0.746536)  bare sigma:         -24.29
           -18.2431        -34.5365        -60.7438
           -33.5412        -68.7783         39.2436
           -61.3423         40.4368         14.1548

     Atom 31  O   pos: (  0.487601  1.903702  1.608837)  bare sigma:         -24.29
           -18.2431         34.5365        -60.7438
            33.5412        -68.7783        -39.2436
           -61.3423        -40.4368         14.1548

     Atom 32  O   pos: ( -0.065937  0.349037  0.978064)  bare sigma:         -24.29
           -18.2431        -34.5365        -60.7438
           -33.5412        -68.7783         39.2436
           -61.3423         40.4368         14.1548

     Atom 33  O   pos: (  0.586864  1.342734  0.518169)  bare sigma:          -5.57
            -3.7414         20.0643        -48.6916
            35.4010        -31.2150         -9.0097
           -46.0961        -14.8514         18.2506

     Atom 34  O   pos: (  0.220357  2.897399  0.344131)  bare sigma:          -5.57
            -3.7414        -20.0643        -48.6916
           -35.4010        -31.2150          9.0097
           -46.0961         14.8514         18.2506

     Atom 35  O   pos: (  0.027579  1.766597  1.206431)  bare sigma:          -5.57
            -3.7414         20.0643        -48.6916
            35.4010        -31.2150         -9.0097
           -46.0961        -14.8514         18.2506

     Atom 36  O   pos: (  0.394086  0.211932  1.380469)  bare sigma:          -5.57
            -3.7414        -20.0643        -48.6916
           -35.4010        -31.2150          9.0097
           -46.0961         14.8514         18.2506

     Atom 37  C   pos: (  0.316426  1.007008  0.176766)  bare sigma:         -74.34
           -72.5892        -11.2409        -19.9031
           -17.8756        -69.4491        -22.1935
           -24.7723        -18.5901        -80.9941

     Atom 38  C   pos: (  0.490795  2.561673  0.685534)  bare sigma:         -74.34
           -72.5892         11.2409        -19.9031
            17.8756        -69.4491         22.1935
           -24.7723         18.5901        -80.9941

     Atom 39  C   pos: (  0.298017  2.102323  1.547834)  bare sigma:         -74.34
           -72.5892        -11.2409        -19.9031
           -17.8756        -69.4491        -22.1935
           -24.7723        -18.5901        -80.9941

     Atom 40  C   pos: (  0.123648  0.547658  1.039067)  bare sigma:         -74.34
           -72.5892         11.2409        -19.9031
            17.8756        -69.4491         22.1935
           -24.7723         18.5901        -80.9941

     Atom 41  C   pos: (  0.577662  1.072735  0.409443)  bare sigma:         -73.88
           -82.2511        -10.8269        -27.9608
            -7.6635        -59.4222         -7.5001
           -26.3966        -12.7445        -79.9755

     Atom 42  C   pos: (  0.229560  2.627401  0.452857)  bare sigma:         -73.88
           -82.2511         10.8269        -27.9608
             7.6635        -59.4222          7.5001
           -26.3966         12.7445        -79.9755

     Atom 43  C   pos: (  0.036781  2.036596  1.315157)  bare sigma:         -73.88
           -82.2511        -10.8269        -27.9608
            -7.6635        -59.4222         -7.5001
           -26.3966        -12.7445        -79.9755

     Atom 44  C   pos: (  0.384883  0.481930  1.271743)  bare sigma:         -73.88
           -82.2511         10.8269        -27.9608
             7.6635        -59.4222          7.5001
           -26.3966         12.7445        -79.9755

     Atom 45  H   pos: ( -0.227572  0.707530  1.611490)  bare sigma:           7.65
             8.1464          3.4238         12.5958
             4.2558          0.5530          4.6292
            14.4836          4.7341         14.2365

     Atom 46  H   pos: (  0.649236  2.262196  0.975411)  bare sigma:           7.65
             8.1464         -3.4238         12.5958
            -4.2558          0.5530         -4.6292
            14.4836         -4.7341         14.2365

     Atom 47  H   pos: (  0.842014  2.401801  0.113111)  bare sigma:           7.65
             8.1464          3.4238         12.5958
             4.2558          0.5530          4.6292
            14.4836          4.7341         14.2365

     Atom 48  H   pos: ( -0.034793  0.847135  0.749190)  bare sigma:           7.65
             8.1464         -3.4238         12.5958
            -4.2558          0.5530         -4.6292
            14.4836         -4.7341         14.2365

     Diamagnetic contribution in ppm:
 
     Atom  1  N   pos: (  0.722307  0.160244  0.376605)  dia sigma:          10.16
            10.0868         -0.0127          0.0153
            -0.0127         10.1709         -0.0380
             0.0153         -0.0380         10.2138

     Atom  2  N   pos: (  0.084914  1.714909  0.485695)  dia sigma:          10.16
            10.0868          0.0127          0.0153
             0.0127         10.1709          0.0380
             0.0153          0.0380         10.2138

     Atom  3  N   pos: ( -0.107865  2.949087  1.347995)  dia sigma:          10.16
            10.0868         -0.0127          0.0153
            -0.0127         10.1709         -0.0380
             0.0153         -0.0380         10.2138

     Atom  4  N   pos: (  0.529529  1.394422  1.238906)  dia sigma:          10.16
            10.0868          0.0127          0.0153
             0.0127         10.1709          0.0380
             0.0153          0.0380         10.2138

     Atom  5  H   pos: (  0.759300  0.256942  0.590467)  dia sigma:           1.03
             1.0310         -0.0000         -0.0000
            -0.0000          1.0310          0.0000
            -0.0000          0.0000          1.0310

     Atom  6  H   pos: (  0.047921  1.811608  0.271833)  dia sigma:           1.03
             1.0310          0.0000         -0.0000
             0.0000          1.0310         -0.0000
            -0.0000         -0.0000          1.0310

     Atom  7  H   pos: ( -0.144857  2.852389  1.134134)  dia sigma:           1.03
             1.0310         -0.0000         -0.0000
            -0.0000          1.0310          0.0000
            -0.0000          0.0000          1.0310

     Atom  8  H   pos: (  0.566522  1.297723  1.452767)  dia sigma:           1.03
             1.0310          0.0000         -0.0000
             0.0000          1.0310         -0.0000
            -0.0000         -0.0000          1.0310

     Atom  9  H   pos: (  0.906841  0.012510  0.334230)  dia sigma:           1.00
             0.9972          0.0000         -0.0000
             0.0000          0.9972         -0.0000
            -0.0000         -0.0000          0.9972

     Atom 10  H   pos: ( -0.099619  1.567176  0.528071)  dia sigma:           1.00
             0.9972         -0.0000         -0.0000
            -0.0000          0.9972          0.0000
            -0.0000          0.0000          0.9972

     Atom 11  H   pos: ( -0.292398  3.096821  1.390371)  dia sigma:           1.00
             0.9972          0.0000         -0.0000
             0.0000          0.9972         -0.0000
            -0.0000         -0.0000          0.9972

     Atom 12  H   pos: (  0.714062  1.542155  1.196530)  dia sigma:           1.00
             0.9972         -0.0000         -0.0000
            -0.0000          0.9972          0.0000
            -0.0000          0.0000          0.9972

     Atom 13  H   pos: (  0.707052  0.331993  0.216724)  dia sigma:           1.07
             1.0673          0.0000         -0.0000
             0.0000          1.0673         -0.0000
            -0.0000         -0.0000          1.0673

     Atom 14  H   pos: (  0.100169  1.886658  0.645576)  dia sigma:           1.07
             1.0673         -0.0000         -0.0000
            -0.0000          1.0673          0.0000
            -0.0000          0.0000          1.0673

     Atom 15  H   pos: ( -0.092609  2.777338  1.507876)  dia sigma:           1.07
             1.0673          0.0000         -0.0000
             0.0000          1.0673         -0.0000
            -0.0000         -0.0000          1.0673

     Atom 16  H   pos: (  0.514273  1.222673  1.079025)  dia sigma:           1.07
             1.0673         -0.0000         -0.0000
            -0.0000          1.0673          0.0000
            -0.0000          0.0000          1.0673

     Atom 17  H   pos: (  0.522595  0.024115  0.380961)  dia sigma:           0.98
             0.9770          0.0000         -0.0000
             0.0000          0.9770         -0.0000
            -0.0000         -0.0000          0.9770

     Atom 18  H   pos: (  0.284626  1.578780  0.481339)  dia sigma:           0.98
             0.9770         -0.0000         -0.0000
            -0.0000          0.9770          0.0000
            -0.0000          0.0000          0.9770

     Atom 19  H   pos: (  0.091848  3.085216  1.343640)  dia sigma:           0.98
             0.9770          0.0000         -0.0000
             0.0000          0.9770         -0.0000
            -0.0000         -0.0000          0.9770

     Atom 20  H   pos: (  0.329816  1.530551  1.243261)  dia sigma:           0.98
             0.9770         -0.0000         -0.0000
            -0.0000          0.9770          0.0000
            -0.0000          0.0000          0.9770

     Atom 21  O   pos: (  0.323885  0.729528  0.057701)  dia sigma:          17.92
            17.6160          0.2037          0.1489
             0.2037         18.1641          0.4172
             0.1489          0.4172         17.9666

     Atom 22  O   pos: (  0.483336  2.284193  0.804600)  dia sigma:          17.92
            17.6160         -0.2037          0.1489
            -0.2037         18.1641         -0.4172
             0.1489         -0.4172         17.9666

     Atom 23  O   pos: (  0.290558  2.379803  1.666900)  dia sigma:          17.92
            17.6160          0.2037          0.1489
             0.2037         18.1641          0.4172
             0.1489          0.4172         17.9666

     Atom 24  O   pos: (  0.131106  0.825138  0.920001)  dia sigma:          17.92
            17.6160         -0.2037          0.1489
            -0.2037         18.1641         -0.4172
             0.1489         -0.4172         17.9666

     Atom 25  O   pos: (  0.749974  0.852572  0.475293)  dia sigma:          17.76
            17.8515         -0.3899         -0.1947
            -0.3899         17.7312         -0.4189
            -0.1947         -0.4189         17.6898

     Atom 26  O   pos: (  0.057248  2.407238  0.387007)  dia sigma:          17.76
            17.8515          0.3899         -0.1947
             0.3899         17.7312          0.4189
            -0.1947          0.4189         17.6898

     Atom 27  O   pos: ( -0.135531  2.256758  1.249307)  dia sigma:          17.76
            17.8515         -0.3899         -0.1947
            -0.3899         17.7312         -0.4189
            -0.1947         -0.4189         17.6898

     Atom 28  O   pos: (  0.557195  0.702093  1.337594)  dia sigma:          17.76
            17.8515          0.3899         -0.1947
             0.3899         17.7312          0.4189
            -0.1947          0.4189         17.6898

     Atom 29  O   pos: (  0.126842  1.205629  0.115764)  dia sigma:          17.67
            17.8086         -0.3468         -0.3542
            -0.3468         17.5584         -0.4823
            -0.3542         -0.4823         17.6448

     Atom 30  O   pos: (  0.680380  2.760294  0.746536)  dia sigma:          17.67
            17.8086          0.3468         -0.3542
             0.3468         17.5584          0.4823
            -0.3542          0.4823         17.6448

     Atom 31  O   pos: (  0.487601  1.903702  1.608837)  dia sigma:          17.67
            17.8086         -0.3468         -0.3542
            -0.3468         17.5584         -0.4823
            -0.3542         -0.4823         17.6448

     Atom 32  O   pos: ( -0.065937  0.349037  0.978064)  dia sigma:          17.67
            17.8086          0.3468         -0.3542
             0.3468         17.5584          0.4823
            -0.3542          0.4823         17.6448

     Atom 33  O   pos: (  0.586864  1.342734  0.518169)  dia sigma:          17.77
            17.4274          0.1864         -0.3768
             0.1864         18.1946          0.2493
            -0.3768          0.2493         17.7010

     Atom 34  O   pos: (  0.220357  2.897399  0.344131)  dia sigma:          17.77
            17.4274         -0.1864         -0.3768
            -0.1864         18.1946         -0.2493
            -0.3768         -0.2493         17.7010

     Atom 35  O   pos: (  0.027579  1.766597  1.206431)  dia sigma:          17.77
            17.4274          0.1864         -0.3768
             0.1864         18.1946          0.2493
            -0.3768          0.2493         17.7010

     Atom 36  O   pos: (  0.394086  0.211932  1.380469)  dia sigma:          17.77
            17.4274         -0.1864         -0.3768
            -0.1864         18.1946         -0.2493
            -0.3768         -0.2493         17.7010

     Atom 37  C   pos: (  0.316426  1.007008  0.176766)  dia sigma:           3.90
             3.8550          0.0767         -0.1630
             0.0767          3.8946         -0.0312
            -0.1630         -0.0312          3.9569

     Atom 38  C   pos: (  0.490795  2.561673  0.685534)  dia sigma:           3.90
             3.8550         -0.0767         -0.1630
            -0.0767          3.8946          0.0312
            -0.1630          0.0312          3.9569

     Atom 39  C   pos: (  0.298017  2.102323  1.547834)  dia sigma:           3.90
             3.8550          0.0767         -0.1630
             0.0767          3.8946         -0.0312
            -0.1630         -0.0312          3.9569

     Atom 40  C   pos: (  0.123648  0.547658  1.039067)  dia sigma:           3.90
             3.8550         -0.0767         -0.1630
            -0.0767          3.8946          0.0312
            -0.1630          0.0312          3.9569

     Atom 41  C   pos: (  0.577662  1.072735  0.409443)  dia sigma:           3.92
             3.9250          0.0520         -0.1287
             0.0520          3.8454         -0.0452
            -0.1287         -0.0452          3.9767

     Atom 42  C   pos: (  0.229560  2.627401  0.452857)  dia sigma:           3.92
             3.9250         -0.0520         -0.1287
            -0.0520          3.8454          0.0452
            -0.1287          0.0452          3.9767

     Atom 43  C   pos: (  0.036781  2.036596  1.315157)  dia sigma:           3.92
             3.9250          0.0520         -0.1287
             0.0520          3.8454         -0.0452
            -0.1287         -0.0452          3.9767

     Atom 44  C   pos: (  0.384883  0.481930  1.271743)  dia sigma:           3.92
             3.9250         -0.0520         -0.1287
            -0.0520          3.8454          0.0452
            -0.1287          0.0452          3.9767

     Atom 45  H   pos: ( -0.227572  0.707530  1.611490)  dia sigma:           0.86
             0.8640          0.0000         -0.0000
             0.0000          0.8640         -0.0000
            -0.0000         -0.0000          0.8640

     Atom 46  H   pos: (  0.649236  2.262196  0.975411)  dia sigma:           0.86
             0.8640         -0.0000         -0.0000
            -0.0000          0.8640          0.0000
            -0.0000          0.0000          0.8640

     Atom 47  H   pos: (  0.842014  2.401801  0.113111)  dia sigma:           0.86
             0.8640          0.0000         -0.0000
             0.0000          0.8640         -0.0000
            -0.0000         -0.0000          0.8640

     Atom 48  H   pos: ( -0.034793  0.847135  0.749190)  dia sigma:           0.86
             0.8640         -0.0000         -0.0000
            -0.0000          0.8640          0.0000
            -0.0000          0.0000          0.8640

     Paramagnetic contribution in ppm:
 
     Atom  1  N   pos: (  0.722307  0.160244  0.376605)  para sigma:         -34.49
           -39.4036         -0.5917          0.6676
            -0.7660        -31.5220         -2.2123
             1.4728         -0.9571        -32.5563

     Atom  2  N   pos: (  0.084914  1.714909  0.485695)  para sigma:         -34.49
           -39.4036          0.5917          0.6676
             0.7660        -31.5220          2.2123
             1.4728          0.9571        -32.5563

     Atom  3  N   pos: ( -0.107865  2.949087  1.347995)  para sigma:         -34.49
           -39.4036         -0.5917          0.6676
            -0.7660        -31.5220         -2.2123
             1.4728         -0.9571        -32.5563

     Atom  4  N   pos: (  0.529529  1.394422  1.238906)  para sigma:         -34.49
           -39.4036          0.5917          0.6676
             0.7660        -31.5220          2.2123
             1.4728          0.9571        -32.5563

     Atom  5  H   pos: (  0.759300  0.256942  0.590467)  para sigma:           0.00
             0.0000          0.0000          0.0000
             0.0000          0.0000          0.0000
             0.0000          0.0000          0.0000

     Atom  6  H   pos: (  0.047921  1.811608  0.271833)  para sigma:           0.00
             0.0000          0.0000          0.0000
             0.0000          0.0000          0.0000
             0.0000          0.0000          0.0000

     Atom  7  H   pos: ( -0.144857  2.852389  1.134134)  para sigma:           0.00
             0.0000          0.0000          0.0000
             0.0000          0.0000          0.0000
             0.0000          0.0000          0.0000

     Atom  8  H   pos: (  0.566522  1.297723  1.452767)  para sigma:           0.00
             0.0000          0.0000          0.0000
             0.0000          0.0000          0.0000
             0.0000          0.0000          0.0000

     Atom  9  H   pos: (  0.906841  0.012510  0.334230)  para sigma:           0.00
             0.0000          0.0000          0.0000
             0.0000          0.0000          0.0000
             0.0000          0.0000          0.0000

     Atom 10  H   pos: ( -0.099619  1.567176  0.528071)  para sigma:           0.00
             0.0000          0.0000          0.0000
             0.0000          0.0000          0.0000
             0.0000          0.0000          0.0000

     Atom 11  H   pos: ( -0.292398  3.096821  1.390371)  para sigma:           0.00
             0.0000          0.0000          0.0000
             0.0000          0.0000          0.0000
             0.0000          0.0000          0.0000

     Atom 12  H   pos: (  0.714062  1.542155  1.196530)  para sigma:           0.00
             0.0000          0.0000          0.0000
             0.0000          0.0000          0.0000
             0.0000          0.0000          0.0000

     Atom 13  H   pos: (  0.707052  0.331993  0.216724)  para sigma:           0.00
             0.0000          0.0000          0.0000
             0.0000          0.0000          0.0000
             0.0000          0.0000          0.0000

     Atom 14  H   pos: (  0.100169  1.886658  0.645576)  para sigma:           0.00
             0.0000          0.0000          0.0000
             0.0000          0.0000          0.0000
             0.0000          0.0000          0.0000

     Atom 15  H   pos: ( -0.092609  2.777338  1.507876)  para sigma:           0.00
             0.0000          0.0000          0.0000
             0.0000          0.0000          0.0000
             0.0000          0.0000          0.0000

     Atom 16  H   pos: (  0.514273  1.222673  1.079025)  para sigma:           0.00
             0.0000          0.0000          0.0000
             0.0000          0.0000          0.0000
             0.0000          0.0000          0.0000

     Atom 17  H   pos: (  0.522595  0.024115  0.380961)  para sigma:           0.00
             0.0000          0.0000          0.0000
             0.0000          0.0000          0.0000
             0.0000          0.0000          0.0000

     Atom 18  H   pos: (  0.284626  1.578780  0.481339)  para sigma:           0.00
             0.0000          0.0000          0.0000
             0.0000          0.0000          0.0000
             0.0000          0.0000          0.0000

     Atom 19  H   pos: (  0.091848  3.085216  1.343640)  para sigma:           0.00
             0.0000          0.0000          0.0000
             0.0000          0.0000          0.0000
             0.0000          0.0000          0.0000

     Atom 20  H   pos: (  0.329816  1.530551  1.243261)  para sigma:           0.00
             0.0000          0.0000          0.0000
             0.0000          0.0000          0.0000
             0.0000          0.0000          0.0000

     Atom 21  O   pos: (  0.323885  0.729528  0.057701)  para sigma:        -102.55
          -143.3592         33.3953        -82.3233
            69.4803        -86.5250         34.7809
           -61.2128          1.6474        -77.7630

     Atom 22  O   pos: (  0.483336  2.284193  0.804600)  para sigma:        -102.55
          -143.3592        -33.3953        -82.3233
           -69.4803        -86.5250        -34.7809
           -61.2128         -1.6474        -77.7630

     Atom 23  O   pos: (  0.290558  2.379803  1.666900)  para sigma:        -102.55
          -143.3592         33.3953        -82.3233
            69.4803        -86.5250         34.7809
           -61.2128          1.6474        -77.7630

     Atom 24  O   pos: (  0.131106  0.825138  0.920001)  para sigma:        -102.55
          -143.3592        -33.3953        -82.3233
           -69.4803        -86.5250        -34.7809
           -61.2128         -1.6474        -77.7630

     Atom 25  O   pos: (  0.749974  0.852572  0.475293)  para sigma:        -168.13
          -126.4477         20.3276        -93.8577
            13.4285       -261.2878        -94.6283
           -92.4152        -75.6317       -116.6674

     Atom 26  O   pos: (  0.057248  2.407238  0.387007)  para sigma:        -168.13
          -126.4477        -20.3276        -93.8577
           -13.4285       -261.2878         94.6283
           -92.4152         75.6317       -116.6674

     Atom 27  O   pos: ( -0.135531  2.256758  1.249307)  para sigma:        -168.13
          -126.4477         20.3276        -93.8577
            13.4285       -261.2878        -94.6283
           -92.4152        -75.6317       -116.6674

     Atom 28  O   pos: (  0.557195  0.702093  1.337594)  para sigma:        -168.13
          -126.4477        -20.3276        -93.8577
           -13.4285       -261.2878         94.6283
           -92.4152         75.6317       -116.6674

     Atom 29  O   pos: (  0.126842  1.205629  0.115764)  para sigma:        -198.58
          -172.7259         66.3736       -130.7995
            72.4141       -310.0240        -92.8433
          -126.4721       -104.0491       -112.9976

     Atom 30  O   pos: (  0.680380  2.760294  0.746536)  para sigma:        -198.58
          -172.7259        -66.3736       -130.7995
           -72.4141       -310.0240         92.8433
          -126.4721        104.0491       -112.9976

     Atom 31  O   pos: (  0.487601  1.903702  1.608837)  para sigma:        -198.58
          -172.7259         66.3736       -130.7995
            72.4141       -310.0240        -92.8433
          -126.4721       -104.0491       -112.9976

     Atom 32  O   pos: ( -0.065937  0.349037  0.978064)  para sigma:        -198.58
          -172.7259        -66.3736       -130.7995
           -72.4141       -310.0240         92.8433
          -126.4721        104.0491       -112.9976

     Atom 33  O   pos: (  0.586864  1.342734  0.518169)  para sigma:        -156.41
          -158.6640         58.9853       -103.9175
            84.4959       -212.1610        -12.2725
           -99.4223        -19.9226        -98.3936

     Atom 34  O   pos: (  0.220357  2.897399  0.344131)  para sigma:        -156.41
          -158.6640        -58.9853       -103.9175
           -84.4959       -212.1610         12.2725
           -99.4223         19.9226        -98.3936

     Atom 35  O   pos: (  0.027579  1.766597  1.206431)  para sigma:        -156.41
          -158.6640         58.9853       -103.9175
            84.4959       -212.1610        -12.2725
           -99.4223        -19.9226        -98.3936

     Atom 36  O   pos: (  0.394086  0.211932  1.380469)  para sigma:        -156.41
          -158.6640        -58.9853       -103.9175
           -84.4959       -212.1610         12.2725
           -99.4223         19.9226        -98.3936

     Atom 37  C   pos: (  0.316426  1.007008  0.176766)  para sigma:        -119.22
          -114.8727         -7.4061        -24.3179
           -14.5532       -121.2870        -26.6099
           -28.5505        -23.6919       -121.5051

     Atom 38  C   pos: (  0.490795  2.561673  0.685534)  para sigma:        -119.22
          -114.8727          7.4061        -24.3179
            14.5532       -121.2870         26.6099
           -28.5505         23.6919       -121.5051

     Atom 39  C   pos: (  0.298017  2.102323  1.547834)  para sigma:        -119.22
          -114.8727         -7.4061        -24.3179
           -14.5532       -121.2870        -26.6099
           -28.5505        -23.6919       -121.5051

     Atom 40  C   pos: (  0.123648  0.547658  1.039067)  para sigma:        -119.22
          -114.8727          7.4061        -24.3179
            14.5532       -121.2870         26.6099
           -28.5505         23.6919       -121.5051

     Atom 41  C   pos: (  0.577662  1.072735  0.409443)  para sigma:        -118.60
          -125.9661         -6.6969        -32.5656
            -3.2901       -110.6709         -9.7387
           -30.7669        -15.1944       -119.1714

     Atom 42  C   pos: (  0.229560  2.627401  0.452857)  para sigma:        -118.60
          -125.9661          6.6969        -32.5656
             3.2901       -110.6709          9.7387
           -30.7669         15.1944       -119.1714

     Atom 43  C   pos: (  0.036781  2.036596  1.315157)  para sigma:        -118.60
          -125.9661         -6.6969        -32.5656
            -3.2901       -110.6709         -9.7387
           -30.7669        -15.1944       -119.1714

     Atom 44  C   pos: (  0.384883  0.481930  1.271743)  para sigma:        -118.60
          -125.9661          6.6969        -32.5656
             3.2901       -110.6709          9.7387
           -30.7669         15.1944       -119.1714

     Atom 45  H   pos: ( -0.227572  0.707530  1.611490)  para sigma:           0.00
             0.0000          0.0000          0.0000
             0.0000          0.0000          0.0000
             0.0000          0.0000          0.0000

     Atom 46  H   pos: (  0.649236  2.262196  0.975411)  para sigma:           0.00
             0.0000          0.0000          0.0000
             0.0000          0.0000          0.0000
             0.0000          0.0000          0.0000

     Atom 47  H   pos: (  0.842014  2.401801  0.113111)  para sigma:           0.00
             0.0000          0.0000          0.0000
             0.0000          0.0000          0.0000
             0.0000          0.0000          0.0000

     Atom 48  H   pos: ( -0.034793  0.847135  0.749190)  para sigma:           0.00
             0.0000          0.0000          0.0000
             0.0000          0.0000          0.0000
             0.0000          0.0000          0.0000

     Paramagnetic US occ-occ contribution in ppm:
 
     Atom  1  N   pos: (  0.722307  0.160244  0.376605)  para_oo sigma:          -0.53
            -0.4944         -0.0441          0.0584
            -0.0141         -0.5471          0.0540
             0.0439          0.0300         -0.5355

     Atom  2  N   pos: (  0.084914  1.714909  0.485695)  para_oo sigma:          -0.53
            -0.4944          0.0441          0.0584
             0.0141         -0.5471         -0.0540
             0.0439         -0.0300         -0.5355

     Atom  3  N   pos: ( -0.107865  2.949087  1.347995)  para_oo sigma:          -0.53
            -0.4944         -0.0441          0.0584
            -0.0141         -0.5471          0.0540
             0.0439          0.0300         -0.5355

     Atom  4  N   pos: (  0.529529  1.394422  1.238906)  para_oo sigma:          -0.53
            -0.4944          0.0441          0.0584
             0.0141         -0.5471         -0.0540
             0.0439         -0.0300         -0.5355

     Atom  5  H   pos: (  0.759300  0.256942  0.590467)  para_oo sigma:           0.00
             0.0000          0.0000          0.0000
             0.0000          0.0000          0.0000
             0.0000          0.0000          0.0000

     Atom  6  H   pos: (  0.047921  1.811608  0.271833)  para_oo sigma:           0.00
             0.0000          0.0000          0.0000
             0.0000          0.0000          0.0000
             0.0000          0.0000          0.0000

     Atom  7  H   pos: ( -0.144857  2.852389  1.134134)  para_oo sigma:           0.00
             0.0000          0.0000          0.0000
             0.0000          0.0000          0.0000
             0.0000          0.0000          0.0000

     Atom  8  H   pos: (  0.566522  1.297723  1.452767)  para_oo sigma:           0.00
             0.0000          0.0000          0.0000
             0.0000          0.0000          0.0000
             0.0000          0.0000          0.0000

     Atom  9  H   pos: (  0.906841  0.012510  0.334230)  para_oo sigma:           0.00
             0.0000          0.0000          0.0000
             0.0000          0.0000          0.0000
             0.0000          0.0000          0.0000

     Atom 10  H   pos: ( -0.099619  1.567176  0.528071)  para_oo sigma:           0.00
             0.0000          0.0000          0.0000
             0.0000          0.0000          0.0000
             0.0000          0.0000          0.0000

     Atom 11  H   pos: ( -0.292398  3.096821  1.390371)  para_oo sigma:           0.00
             0.0000          0.0000          0.0000
             0.0000          0.0000          0.0000
             0.0000          0.0000          0.0000

     Atom 12  H   pos: (  0.714062  1.542155  1.196530)  para_oo sigma:           0.00
             0.0000          0.0000          0.0000
             0.0000          0.0000          0.0000
             0.0000          0.0000          0.0000

     Atom 13  H   pos: (  0.707052  0.331993  0.216724)  para_oo sigma:           0.00
             0.0000          0.0000          0.0000
             0.0000          0.0000          0.0000
             0.0000          0.0000          0.0000

     Atom 14  H   pos: (  0.100169  1.886658  0.645576)  para_oo sigma:           0.00
             0.0000          0.0000          0.0000
             0.0000          0.0000          0.0000
             0.0000          0.0000          0.0000

     Atom 15  H   pos: ( -0.092609  2.777338  1.507876)  para_oo sigma:           0.00
             0.0000          0.0000          0.0000
             0.0000          0.0000          0.0000
             0.0000          0.0000          0.0000

     Atom 16  H   pos: (  0.514273  1.222673  1.079025)  para_oo sigma:           0.00
             0.0000          0.0000          0.0000
             0.0000          0.0000          0.0000
             0.0000          0.0000          0.0000

     Atom 17  H   pos: (  0.522595  0.024115  0.380961)  para_oo sigma:           0.00
             0.0000          0.0000          0.0000
             0.0000          0.0000          0.0000
             0.0000          0.0000          0.0000

     Atom 18  H   pos: (  0.284626  1.578780  0.481339)  para_oo sigma:           0.00
             0.0000          0.0000          0.0000
             0.0000          0.0000          0.0000
             0.0000          0.0000          0.0000

     Atom 19  H   pos: (  0.091848  3.085216  1.343640)  para_oo sigma:           0.00
             0.0000          0.0000          0.0000
             0.0000          0.0000          0.0000
             0.0000          0.0000          0.0000

     Atom 20  H   pos: (  0.329816  1.530551  1.243261)  para_oo sigma:           0.00
             0.0000          0.0000          0.0000
             0.0000          0.0000          0.0000
             0.0000          0.0000          0.0000

     Atom 21  O   pos: (  0.323885  0.729528  0.057701)  para_oo sigma:          -1.61
            -1.9107         -0.9656         -2.3244
            -0.0530         -1.1541         -0.7088
            -1.7133         -1.4042         -1.7769

     Atom 22  O   pos: (  0.483336  2.284193  0.804600)  para_oo sigma:          -1.61
            -1.9107          0.9656         -2.3244
             0.0530         -1.1541          0.7088
            -1.7133          1.4042         -1.7769

     Atom 23  O   pos: (  0.290558  2.379803  1.666900)  para_oo sigma:          -1.61
            -1.9107         -0.9656         -2.3244
            -0.0530         -1.1541         -0.7088
            -1.7133         -1.4042         -1.7769

     Atom 24  O   pos: (  0.131106  0.825138  0.920001)  para_oo sigma:          -1.61
            -1.9107          0.9656         -2.3244
             0.0530         -1.1541          0.7088
            -1.7133          1.4042         -1.7769

     Atom 25  O   pos: (  0.749974  0.852572  0.475293)  para_oo sigma:          -2.06
            -3.4197          1.2051         -2.6024
            -1.0307         -0.5097         -1.0097
            -3.0592          0.6971         -2.2583

     Atom 26  O   pos: (  0.057248  2.407238  0.387007)  para_oo sigma:          -2.06
            -3.4197         -1.2051         -2.6024
             1.0307         -0.5097          1.0097
            -3.0592         -0.6971         -2.2583

     Atom 27  O   pos: ( -0.135531  2.256758  1.249307)  para_oo sigma:          -2.06
            -3.4197          1.2051         -2.6024
            -1.0307         -0.5097         -1.0097
            -3.0592          0.6971         -2.2583

     Atom 28  O   pos: (  0.557195  0.702093  1.337594)  para_oo sigma:          -2.06
            -3.4197         -1.2051         -2.6024
             1.0307         -0.5097          1.0097
            -3.0592         -0.6971         -2.2583

     Atom 29  O   pos: (  0.126842  1.205629  0.115764)  para_oo sigma:          -2.13
            -3.3328          0.9935         -1.8013
            -1.3932         -0.5282         -1.1895
            -2.9784          0.8381         -2.5390

     Atom 30  O   pos: (  0.680380  2.760294  0.746536)  para_oo sigma:          -2.13
            -3.3328         -0.9935         -1.8013
             1.3932         -0.5282          1.1895
            -2.9784         -0.8381         -2.5390

     Atom 31  O   pos: (  0.487601  1.903702  1.608837)  para_oo sigma:          -2.13
            -3.3328          0.9935         -1.8013
            -1.3932         -0.5282         -1.1895
            -2.9784          0.8381         -2.5390

     Atom 32  O   pos: ( -0.065937  0.349037  0.978064)  para_oo sigma:          -2.13
            -3.3328         -0.9935         -1.8013
             1.3932         -0.5282          1.1895
            -2.9784         -0.8381         -2.5390

     Atom 33  O   pos: (  0.586864  1.342734  0.518169)  para_oo sigma:          -1.79
            -2.0874         -1.9216         -2.5110
             0.0939         -1.1326         -0.4217
            -1.9306         -2.1775         -2.1599

     Atom 34  O   pos: (  0.220357  2.897399  0.344131)  para_oo sigma:          -1.79
            -2.0874          1.9216         -2.5110
            -0.0939         -1.1326          0.4217
            -1.9306          2.1775         -2.1599

     Atom 35  O   pos: (  0.027579  1.766597  1.206431)  para_oo sigma:          -1.79
            -2.0874         -1.9216         -2.5110
             0.0939         -1.1326         -0.4217
            -1.9306         -2.1775         -2.1599

     Atom 36  O   pos: (  0.394086  0.211932  1.380469)  para_oo sigma:          -1.79
            -2.0874          1.9216         -2.5110
            -0.0939         -1.1326          0.4217
            -1.9306          2.1775         -2.1599

     Atom 37  C   pos: (  0.316426  1.007008  0.176766)  para_oo sigma:          -1.70
            -1.7547         -0.6210         -0.7397
            -0.5559         -1.3049         -0.4832
            -0.8118         -0.5075         -2.0546

     Atom 38  C   pos: (  0.490795  2.561673  0.685534)  para_oo sigma:          -1.70
            -1.7547          0.6210         -0.7397
             0.5559         -1.3049          0.4832
            -0.8118          0.5075         -2.0546

     Atom 39  C   pos: (  0.298017  2.102323  1.547834)  para_oo sigma:          -1.70
            -1.7547         -0.6210         -0.7397
            -0.5559         -1.3049         -0.4832
            -0.8118         -0.5075         -2.0546

     Atom 40  C   pos: (  0.123648  0.547658  1.039067)  para_oo sigma:          -1.70
            -1.7547          0.6210         -0.7397
             0.5559         -1.3049          0.4832
            -0.8118          0.5075         -2.0546

     Atom 41  C   pos: (  0.577662  1.072735  0.409443)  para_oo sigma:          -1.78
            -2.1417         -0.3202         -0.7851
            -0.3508         -1.1452         -0.2430
            -0.8159         -0.2808         -2.0623

     Atom 42  C   pos: (  0.229560  2.627401  0.452857)  para_oo sigma:          -1.78
            -2.1417          0.3202         -0.7851
             0.3508         -1.1452          0.2430
            -0.8159          0.2808         -2.0623

     Atom 43  C   pos: (  0.036781  2.036596  1.315157)  para_oo sigma:          -1.78
            -2.1417         -0.3202         -0.7851
            -0.3508         -1.1452         -0.2430
            -0.8159         -0.2808         -2.0623

     Atom 44  C   pos: (  0.384883  0.481930  1.271743)  para_oo sigma:          -1.78
            -2.1417          0.3202         -0.7851
             0.3508         -1.1452          0.2430
            -0.8159          0.2808         -2.0623

     Atom 45  H   pos: ( -0.227572  0.707530  1.611490)  para_oo sigma:           0.00
             0.0000          0.0000          0.0000
             0.0000          0.0000          0.0000
             0.0000          0.0000          0.0000

     Atom 46  H   pos: (  0.649236  2.262196  0.975411)  para_oo sigma:           0.00
             0.0000          0.0000          0.0000
             0.0000          0.0000          0.0000
             0.0000          0.0000          0.0000

     Atom 47  H   pos: (  0.842014  2.401801  0.113111)  para_oo sigma:           0.00
             0.0000          0.0000          0.0000
             0.0000          0.0000          0.0000
             0.0000          0.0000          0.0000

     Atom 48  H   pos: ( -0.034793  0.847135  0.749190)  para_oo sigma:           0.00
             0.0000          0.0000          0.0000
             0.0000          0.0000          0.0000
             0.0000          0.0000          0.0000

     Paramagnetic US L_R Q_R contribution in ppm:
 
     Atom  1  N   pos: (  0.722307  0.160244  0.376605)  para_lq sigma:         -57.45
           -56.7225          0.0011         -0.0393
             0.1478        -57.8030          0.3086
            -0.0768          0.2825        -57.8233

     Atom  2  N   pos: (  0.084914  1.714909  0.485695)  para_lq sigma:         -57.45
           -56.7225         -0.0011         -0.0393
            -0.1478        -57.8030         -0.3086
            -0.0768         -0.2825        -57.8233

     Atom  3  N   pos: ( -0.107865  2.949087  1.347995)  para_lq sigma:         -57.45
           -56.7225          0.0011         -0.0393
             0.1478        -57.8030          0.3086
            -0.0768          0.2825        -57.8233

     Atom  4  N   pos: (  0.529529  1.394422  1.238906)  para_lq sigma:         -57.45
           -56.7225         -0.0011         -0.0393
            -0.1478        -57.8030         -0.3086
            -0.0768         -0.2825        -57.8233

     Atom  5  H   pos: (  0.759300  0.256942  0.590467)  para_lq sigma:           0.00
             0.0000          0.0000          0.0000
             0.0000          0.0000          0.0000
             0.0000          0.0000          0.0000

     Atom  6  H   pos: (  0.047921  1.811608  0.271833)  para_lq sigma:           0.00
             0.0000          0.0000          0.0000
             0.0000          0.0000          0.0000
             0.0000          0.0000          0.0000

     Atom  7  H   pos: ( -0.144857  2.852389  1.134134)  para_lq sigma:           0.00
             0.0000          0.0000          0.0000
             0.0000          0.0000          0.0000
             0.0000          0.0000          0.0000

     Atom  8  H   pos: (  0.566522  1.297723  1.452767)  para_lq sigma:           0.00
             0.0000          0.0000          0.0000
             0.0000          0.0000          0.0000
             0.0000          0.0000          0.0000

     Atom  9  H   pos: (  0.906841  0.012510  0.334230)  para_lq sigma:           0.00
             0.0000          0.0000          0.0000
             0.0000          0.0000          0.0000
             0.0000          0.0000          0.0000

     Atom 10  H   pos: ( -0.099619  1.567176  0.528071)  para_lq sigma:           0.00
             0.0000          0.0000          0.0000
             0.0000          0.0000          0.0000
             0.0000          0.0000          0.0000

     Atom 11  H   pos: ( -0.292398  3.096821  1.390371)  para_lq sigma:           0.00
             0.0000          0.0000          0.0000
             0.0000          0.0000          0.0000
             0.0000          0.0000          0.0000

     Atom 12  H   pos: (  0.714062  1.542155  1.196530)  para_lq sigma:           0.00
             0.0000          0.0000          0.0000
             0.0000          0.0000          0.0000
             0.0000          0.0000          0.0000

     Atom 13  H   pos: (  0.707052  0.331993  0.216724)  para_lq sigma:           0.00
             0.0000          0.0000          0.0000
             0.0000          0.0000          0.0000
             0.0000          0.0000          0.0000

     Atom 14  H   pos: (  0.100169  1.886658  0.645576)  para_lq sigma:           0.00
             0.0000          0.0000          0.0000
             0.0000          0.0000          0.0000
             0.0000          0.0000          0.0000

     Atom 15  H   pos: ( -0.092609  2.777338  1.507876)  para_lq sigma:           0.00
             0.0000          0.0000          0.0000
             0.0000          0.0000          0.0000
             0.0000          0.0000          0.0000

     Atom 16  H   pos: (  0.514273  1.222673  1.079025)  para_lq sigma:           0.00
             0.0000          0.0000          0.0000
             0.0000          0.0000          0.0000
             0.0000          0.0000          0.0000

     Atom 17  H   pos: (  0.522595  0.024115  0.380961)  para_lq sigma:           0.00
             0.0000          0.0000          0.0000
             0.0000          0.0000          0.0000
             0.0000          0.0000          0.0000

     Atom 18  H   pos: (  0.284626  1.578780  0.481339)  para_lq sigma:           0.00
             0.0000          0.0000          0.0000
             0.0000          0.0000          0.0000
             0.0000          0.0000          0.0000

     Atom 19  H   pos: (  0.091848  3.085216  1.343640)  para_lq sigma:           0.00
             0.0000          0.0000          0.0000
             0.0000          0.0000          0.0000
             0.0000          0.0000          0.0000

     Atom 20  H   pos: (  0.329816  1.530551  1.243261)  para_lq sigma:           0.00
             0.0000          0.0000          0.0000
             0.0000          0.0000          0.0000
             0.0000          0.0000          0.0000

     Atom 21  O   pos: (  0.323885  0.729528  0.057701)  para_lq sigma:        -143.08
          -146.1058         -3.3420        -19.5522
             4.4609       -139.5508         -2.4204
           -14.9236         -8.9511       -143.5850

     Atom 22  O   pos: (  0.483336  2.284193  0.804600)  para_lq sigma:        -143.08
          -146.1058          3.3420        -19.5522
            -4.4609       -139.5508          2.4204
           -14.9236          8.9511       -143.5850

     Atom 23  O   pos: (  0.290558  2.379803  1.666900)  para_lq sigma:        -143.08
          -146.1058         -3.3420        -19.5522
             4.4609       -139.5508         -2.4204
           -14.9236         -8.9511       -143.5850

     Atom 24  O   pos: (  0.131106  0.825138  0.920001)  para_lq sigma:        -143.08
          -146.1058          3.3420        -19.5522
            -4.4609       -139.5508          2.4204
           -14.9236          8.9511       -143.5850

     Atom 25  O   pos: (  0.749974  0.852572  0.475293)  para_lq sigma:        -150.70
          -154.6419         13.6224        -14.3959
             3.1089       -151.4350         -4.6378
           -16.9032          4.2313       -146.0166

     Atom 26  O   pos: (  0.057248  2.407238  0.387007)  para_lq sigma:        -150.70
          -154.6419        -13.6224        -14.3959
            -3.1089       -151.4350          4.6378
           -16.9032         -4.2313       -146.0166

     Atom 27  O   pos: ( -0.135531  2.256758  1.249307)  para_lq sigma:        -150.70
          -154.6419         13.6224        -14.3959
             3.1089       -151.4350         -4.6378
           -16.9032          4.2313       -146.0166

     Atom 28  O   pos: (  0.557195  0.702093  1.337594)  para_lq sigma:        -150.70
          -154.6419        -13.6224        -14.3959
            -3.1089       -151.4350          4.6378
           -16.9032         -4.2313       -146.0166

     Atom 29  O   pos: (  0.126842  1.205629  0.115764)  para_lq sigma:        -154.41
          -161.6136         18.5359        -14.2847
            10.2954       -155.0477         -1.7423
           -18.5857          4.8450       -146.5648

     Atom 30  O   pos: (  0.680380  2.760294  0.746536)  para_lq sigma:        -154.41
          -161.6136        -18.5359        -14.2847
           -10.2954       -155.0477          1.7423
           -18.5857         -4.8450       -146.5648

     Atom 31  O   pos: (  0.487601  1.903702  1.608837)  para_lq sigma:        -154.41
          -161.6136         18.5359        -14.2847
            10.2954       -155.0477         -1.7423
           -18.5857          4.8450       -146.5648

     Atom 32  O   pos: ( -0.065937  0.349037  0.978064)  para_lq sigma:        -154.41
          -161.6136        -18.5359        -14.2847
           -10.2954       -155.0477          1.7423
           -18.5857         -4.8450       -146.5648

     Atom 33  O   pos: (  0.586864  1.342734  0.518169)  para_lq sigma:        -150.72
          -147.1399         -6.8013        -12.0833
             4.0696       -159.3620         -6.2132
            -9.3338        -14.8289       -145.6492

     Atom 34  O   pos: (  0.220357  2.897399  0.344131)  para_lq sigma:        -150.72
          -147.1399          6.8013        -12.0833
            -4.0696       -159.3620          6.2132
            -9.3338         14.8289       -145.6492

     Atom 35  O   pos: (  0.027579  1.766597  1.206431)  para_lq sigma:        -150.72
          -147.1399         -6.8013        -12.0833
             4.0696       -159.3620         -6.2132
            -9.3338        -14.8289       -145.6492

     Atom 36  O   pos: (  0.394086  0.211932  1.380469)  para_lq sigma:        -150.72
          -147.1399          6.8013        -12.0833
            -4.0696       -159.3620          6.2132
            -9.3338         14.8289       -145.6492

     Atom 37  C   pos: (  0.316426  1.007008  0.176766)  para_lq sigma:         -16.66
           -16.3549         -3.0870         -3.2852
            -3.7138        -15.2316         -3.5669
            -3.8232         -3.2281        -18.3932

     Atom 38  C   pos: (  0.490795  2.561673  0.685534)  para_lq sigma:         -16.66
           -16.3549          3.0870         -3.2852
             3.7138        -15.2316          3.5669
            -3.8232          3.2281        -18.3932

     Atom 39  C   pos: (  0.298017  2.102323  1.547834)  para_lq sigma:         -16.66
           -16.3549         -3.0870         -3.2852
            -3.7138        -15.2316         -3.5669
            -3.8232         -3.2281        -18.3932

     Atom 40  C   pos: (  0.123648  0.547658  1.039067)  para_lq sigma:         -16.66
           -16.3549          3.0870         -3.2852
             3.7138        -15.2316          3.5669
            -3.8232          3.2281        -18.3932

     Atom 41  C   pos: (  0.577662  1.072735  0.409443)  para_lq sigma:         -16.78
           -18.4540         -2.2835         -4.3394
            -1.6058        -13.7386         -1.1872
            -4.1453         -2.0593        -18.1447

     Atom 42  C   pos: (  0.229560  2.627401  0.452857)  para_lq sigma:         -16.78
           -18.4540          2.2835         -4.3394
             1.6058        -13.7386          1.1872
            -4.1453          2.0593        -18.1447

     Atom 43  C   pos: (  0.036781  2.036596  1.315157)  para_lq sigma:         -16.78
           -18.4540         -2.2835         -4.3394
            -1.6058        -13.7386         -1.1872
            -4.1453         -2.0593        -18.1447

     Atom 44  C   pos: (  0.384883  0.481930  1.271743)  para_lq sigma:         -16.78
           -18.4540          2.2835         -4.3394
             1.6058        -13.7386          1.1872
            -4.1453          2.0593        -18.1447

     Atom 45  H   pos: ( -0.227572  0.707530  1.611490)  para_lq sigma:           0.00
             0.0000          0.0000          0.0000
             0.0000          0.0000          0.0000
             0.0000          0.0000          0.0000

     Atom 46  H   pos: (  0.649236  2.262196  0.975411)  para_lq sigma:           0.00
             0.0000          0.0000          0.0000
             0.0000          0.0000          0.0000
             0.0000          0.0000          0.0000

     Atom 47  H   pos: (  0.842014  2.401801  0.113111)  para_lq sigma:           0.00
             0.0000          0.0000          0.0000
             0.0000          0.0000          0.0000
             0.0000          0.0000          0.0000

     Atom 48  H   pos: ( -0.034793  0.847135  0.749190)  para_lq sigma:           0.00
             0.0000          0.0000          0.0000
             0.0000          0.0000          0.0000
             0.0000          0.0000          0.0000

 
     Total NMR chemical shifts in ppm: ---------------------------------------
     (adopting the Simpson convention for anisotropy and asymmetry)-----------
 
     Atom  1  N   pos: (  0.722307  0.160244  0.376605)  Total sigma:         205.79
           198.3811         -0.6417          2.3191
            -1.3123        210.7146         -3.1487
             3.5588         -2.4133        208.2826

     N    1    anisotropy:    -12.33    eta:   -0.7421
     N    1    sigma_11=    206.85    axis=(  0.197685  0.605299  0.771060)
     N    1    sigma_22=    212.95    axis=(  0.170526 -0.795824  0.581020)
     N    1    sigma_33=    197.57    axis=(  0.965319  0.016627 -0.260541)
 
     Atom  2  N   pos: (  0.084914  1.714909  0.485695)  Total sigma:         205.79
           198.3811          0.6417          2.3191
             1.3123        210.7146          3.1487
             3.5588          2.4133        208.2826

     N    2    anisotropy:    -12.33    eta:   -0.7421
     N    2    sigma_11=    206.85    axis=(  0.197685 -0.605299  0.771060)
     N    2    sigma_22=    212.95    axis=(  0.170526  0.795824  0.581020)
     N    2    sigma_33=    197.57    axis=( -0.965319  0.016627  0.260541)
 
     Atom  3  N   pos: ( -0.107865  2.949087  1.347995)  Total sigma:         205.79
           198.3811         -0.6417          2.3191
            -1.3123        210.7146         -3.1487
             3.5588         -2.4133        208.2826

     N    3    anisotropy:    -12.33    eta:   -0.7421
     N    3    sigma_11=    206.85    axis=(  0.197685  0.605299  0.771060)
     N    3    sigma_22=    212.95    axis=(  0.170526 -0.795824  0.581020)
     N    3    sigma_33=    197.57    axis=(  0.965319  0.016627 -0.260541)
 
     Atom  4  N   pos: (  0.529529  1.394422  1.238906)  Total sigma:         205.79
           198.3811          0.6417          2.3191
             1.3123        210.7146          3.1487
             3.5588          2.4133        208.2826

     N    4    anisotropy:    -12.33    eta:   -0.7421
     N    4    sigma_11=    206.85    axis=(  0.197685 -0.605299  0.771060)
     N    4    sigma_22=    212.95    axis=(  0.170526  0.795824  0.581020)
     N    4    sigma_33=    197.57    axis=( -0.965319  0.016627  0.260541)
 
     Atom  5  H   pos: (  0.759300  0.256942  0.590467)  Total sigma:          24.19
            17.0372          1.6104          4.5536
             1.8346         21.6107          7.5014
             6.0765          6.3115         33.9213

     H    5    anisotropy:     21.40    eta:   -0.2201
     H    5    sigma_11=     18.63    axis=(  0.181086 -0.918406  0.351764)
     H    5    sigma_22=     15.48    axis=( -0.950847 -0.072141  0.301140)
     H    5    sigma_33=     38.46    axis=(  0.251192  0.389006  0.886328)
 
     Atom  6  H   pos: (  0.047921  1.811608  0.271833)  Total sigma:          24.19
            17.0372         -1.6104          4.5536
            -1.8346         21.6107         -7.5014
             6.0765         -6.3115         33.9213

     H    6    anisotropy:     21.40    eta:   -0.2201
     H    6    sigma_11=     18.63    axis=(  0.181086  0.918406  0.351764)
     H    6    sigma_22=     15.48    axis=(  0.950847 -0.072141 -0.301140)
     H    6    sigma_33=     38.46    axis=(  0.251192 -0.389006  0.886328)
 
     Atom  7  H   pos: ( -0.144857  2.852389  1.134134)  Total sigma:          24.19
            17.0372          1.6104          4.5536
             1.8346         21.6107          7.5014
             6.0765          6.3115         33.9213

     H    7    anisotropy:     21.40    eta:   -0.2201
     H    7    sigma_11=     18.63    axis=(  0.181086 -0.918406  0.351764)
     H    7    sigma_22=     15.48    axis=( -0.950847 -0.072141  0.301140)
     H    7    sigma_33=     38.46    axis=(  0.251192  0.389006  0.886328)
 
     Atom  8  H   pos: (  0.566522  1.297723  1.452767)  Total sigma:          24.19
            17.0372         -1.6104          4.5536
            -1.8346         21.6107         -7.5014
             6.0765         -6.3115         33.9213

     H    8    anisotropy:     21.40    eta:   -0.2201
     H    8    sigma_11=     18.63    axis=(  0.181086  0.918406  0.351764)
     H    8    sigma_22=     15.48    axis=(  0.950847 -0.072141 -0.301140)
     H    8    sigma_33=     38.46    axis=(  0.251192 -0.389006  0.886328)
 
     Atom  9  H   pos: (  0.906841  0.012510  0.334230)  Total sigma:          21.41
            28.3053        -12.7047         -0.8174
           -13.3787         23.4081          1.2339
            -2.1391          1.1812         12.5163

     H    9    anisotropy:     26.78    eta:   -0.0117
     H    9    sigma_11=     12.59    axis=( -0.633111 -0.770906  0.069815)
     H    9    sigma_22=     12.38    axis=(  0.099341  0.008527  0.995017)
     H    9    sigma_33=     39.26    axis=(  0.767660 -0.636892 -0.071183)
 
     Atom 10  H   pos: ( -0.099619  1.567176  0.528071)  Total sigma:          21.41
            28.3053         12.7047         -0.8174
            13.3787         23.4081         -1.2339
            -2.1391         -1.1812         12.5163

     H   10    anisotropy:     26.78    eta:   -0.0117
     H   10    sigma_11=     12.59    axis=(  0.633111 -0.770906 -0.069815)
     H   10    sigma_22=     12.38    axis=(  0.099341 -0.008527  0.995017)
     H   10    sigma_33=     39.26    axis=(  0.767660  0.636892 -0.071183)
 
     Atom 11  H   pos: ( -0.292398  3.096821  1.390371)  Total sigma:          21.41
            28.3053        -12.7047         -0.8174
           -13.3787         23.4081          1.2339
            -2.1391          1.1812         12.5163

     H   11    anisotropy:     26.78    eta:   -0.0117
     H   11    sigma_11=     12.59    axis=( -0.633111 -0.770906  0.069815)
     H   11    sigma_22=     12.38    axis=(  0.099341  0.008527  0.995017)
     H   11    sigma_33=     39.26    axis=(  0.767660 -0.636892 -0.071183)
 
     Atom 12  H   pos: (  0.714062  1.542155  1.196530)  Total sigma:          21.41
            28.3053         12.7047         -0.8174
            13.3787         23.4081         -1.2339
            -2.1391         -1.1812         12.5163

     H   12    anisotropy:     26.78    eta:   -0.0117
     H   12    sigma_11=     12.59    axis=(  0.633111 -0.770906 -0.069815)
     H   12    sigma_22=     12.38    axis=(  0.099341 -0.008527  0.995017)
     H   12    sigma_33=     39.26    axis=(  0.767660  0.636892 -0.071183)
 
     Atom 13  H   pos: (  0.707052  0.331993  0.216724)  Total sigma:          26.27
            20.2626         -0.9265          1.3355
            -1.4532         29.8077         -6.5213
             1.7203         -7.3561         28.7312

     H   13    anisotropy:     15.28    eta:   -0.2313
     H   13    sigma_11=     22.35    axis=(  0.131969  0.686499  0.715054)
     H   13    sigma_22=     20.00    axis=(  0.984294 -0.005420 -0.176456)
     H   13    sigma_33=     36.45    axis=(  0.117261 -0.727110  0.676432)
 
     Atom 14  H   pos: (  0.100169  1.886658  0.645576)  Total sigma:          26.27
            20.2626          0.9265          1.3355
             1.4532         29.8077          6.5213
             1.7203          7.3561         28.7312

     H   14    anisotropy:     15.28    eta:   -0.2313
     H   14    sigma_11=     22.35    axis=( -0.131969  0.686499 -0.715054)
     H   14    sigma_22=     20.00    axis=(  0.984294  0.005420 -0.176456)
     H   14    sigma_33=     36.45    axis=(  0.117261  0.727110  0.676432)
 
     Atom 15  H   pos: ( -0.092609  2.777338  1.507876)  Total sigma:          26.27
            20.2626         -0.9265          1.3355
            -1.4532         29.8077         -6.5213
             1.7203         -7.3561         28.7312

     H   15    anisotropy:     15.28    eta:   -0.2313
     H   15    sigma_11=     22.35    axis=(  0.131969  0.686499  0.715054)
     H   15    sigma_22=     20.00    axis=(  0.984294 -0.005420 -0.176456)
     H   15    sigma_33=     36.45    axis=(  0.117261 -0.727110  0.676432)
 
     Atom 16  H   pos: (  0.514273  1.222673  1.079025)  Total sigma:          26.27
            20.2626          0.9265          1.3355
             1.4532         29.8077          6.5213
             1.7203          7.3561         28.7312

     H   16    anisotropy:     15.28    eta:   -0.2313
     H   16    sigma_11=     22.35    axis=( -0.131969  0.686499 -0.715054)
     H   16    sigma_22=     20.00    axis=(  0.984294  0.005420 -0.176456)
     H   16    sigma_33=     36.45    axis=(  0.117261  0.727110  0.676432)
 
     Atom 17  H   pos: (  0.522595  0.024115  0.380961)  Total sigma:          19.48
            27.9633         13.9221          2.0376
            12.3899         20.6383         -0.2647
             1.4957         -1.7620          9.8278

     H   17    anisotropy:     27.75    eta:   -0.2077
     H   17    sigma_11=     12.15    axis=( -0.456819  0.633134 -0.624866)
     H   17    sigma_22=      8.30    axis=( -0.394790  0.485181  0.780218)
     H   17    sigma_33=     37.98    axis=( -0.797156 -0.603109 -0.028316)
 
     Atom 18  H   pos: (  0.284626  1.578780  0.481339)  Total sigma:          19.48
            27.9633        -13.9221          2.0376
           -12.3899         20.6383          0.2647
             1.4957          1.7620          9.8278

     H   18    anisotropy:     27.75    eta:   -0.2077
     H   18    sigma_11=     12.15    axis=( -0.456819 -0.633134 -0.624866)
     H   18    sigma_22=      8.30    axis=(  0.394790  0.485181 -0.780218)
     H   18    sigma_33=     37.98    axis=( -0.797156  0.603109 -0.028316)
 
     Atom 19  H   pos: (  0.091848  3.085216  1.343640)  Total sigma:          19.48
            27.9633         13.9221          2.0376
            12.3899         20.6383         -0.2647
             1.4957         -1.7620          9.8278

     H   19    anisotropy:     27.75    eta:   -0.2077
     H   19    sigma_11=     12.15    axis=( -0.456819  0.633134 -0.624866)
     H   19    sigma_22=      8.30    axis=( -0.394790  0.485181  0.780218)
     H   19    sigma_33=     37.98    axis=( -0.797156 -0.603109 -0.028316)
 
     Atom 20  H   pos: (  0.329816  1.530551  1.243261)  Total sigma:          19.48
            27.9633        -13.9221          2.0376
           -12.3899         20.6383          0.2647
             1.4957          1.7620          9.8278

     H   20    anisotropy:     27.75    eta:   -0.2077
     H   20    sigma_11=     12.15    axis=( -0.456819 -0.633134 -0.624866)
     H   20    sigma_22=      8.30    axis=(  0.394790  0.485181 -0.780218)
     H   20    sigma_33=     37.98    axis=( -0.797156  0.603109 -0.028316)
 
     Atom 21  O   pos: (  0.323885  0.729528  0.057701)  Total sigma:          67.80
             6.1880         40.3427       -144.2182
           102.2946         95.3686         44.4879
          -107.7019        -11.0297        101.8327

     O   21    anisotropy:   -258.15    eta:   -0.5032
     O   21    sigma_11=    110.55    axis=(  0.089057  0.896571  0.433854)
     O   21    sigma_22=    197.15    axis=( -0.600737 -0.299090  0.741391)
     O   21    sigma_33=   -104.31    axis=(  0.794471 -0.326658  0.511967)
 
     Atom 22  O   pos: (  0.483336  2.284193  0.804600)  Total sigma:          67.80
             6.1880        -40.3427       -144.2182
          -102.2946         95.3686        -44.4879
          -107.7019         11.0297        101.8327

     O   22    anisotropy:   -258.15    eta:   -0.5032
     O   22    sigma_11=    110.55    axis=(  0.089057 -0.896571  0.433854)
     O   22    sigma_22=    197.15    axis=(  0.600737 -0.299090 -0.741391)
     O   22    sigma_33=   -104.31    axis=(  0.794471  0.326658  0.511967)
 
     Atom 23  O   pos: (  0.290558  2.379803  1.666900)  Total sigma:          67.80
             6.1880         40.3427       -144.2182
           102.2946         95.3686         44.4879
          -107.7019        -11.0297        101.8327

     O   23    anisotropy:   -258.15    eta:   -0.5032
     O   23    sigma_11=    110.55    axis=(  0.089057  0.896571  0.433854)
     O   23    sigma_22=    197.15    axis=( -0.600737 -0.299090  0.741391)
     O   23    sigma_33=   -104.31    axis=(  0.794471 -0.326658  0.511967)
 
     Atom 24  O   pos: (  0.131106  0.825138  0.920001)  Total sigma:          67.80
             6.1880        -40.3427       -144.2182
          -102.2946         95.3686        -44.4879
          -107.7019         11.0297        101.8327

     O   24    anisotropy:   -258.15    eta:   -0.5032
     O   24    sigma_11=    110.55    axis=(  0.089057 -0.896571  0.433854)
     O   24    sigma_22=    197.15    axis=(  0.600737 -0.299090 -0.741391)
     O   24    sigma_33=   -104.31    axis=(  0.794471  0.326658  0.511967)
 
     Atom 25  O   pos: (  0.749974  0.852572  0.475293)  Total sigma:         -36.69
            14.4595         48.8219       -156.9146
            22.0055       -167.0241       -141.3616
          -158.3371       -101.2499         42.4978

     O   25    anisotropy:    386.04    eta:   -0.4961
     O   25    sigma_11=   -101.53    axis=(  0.766150 -0.444827  0.463835)
     O   25    sigma_22=   -229.21    axis=(  0.194875  0.848563  0.491899)
     O   25    sigma_33=    220.67    axis=( -0.612403 -0.286479  0.736813)
 
     Atom 26  O   pos: (  0.057248  2.407238  0.387007)  Total sigma:         -36.69
            14.4595        -48.8219       -156.9146
           -22.0055       -167.0241        141.3616
          -158.3371        101.2499         42.4978

     O   26    anisotropy:    386.04    eta:   -0.4961
     O   26    sigma_11=   -101.53    axis=( -0.766150 -0.444827 -0.463835)
     O   26    sigma_22=   -229.21    axis=(  0.194875 -0.848563  0.491899)
     O   26    sigma_33=    220.67    axis=( -0.612403  0.286479  0.736813)
 
     Atom 27  O   pos: ( -0.135531  2.256758  1.249307)  Total sigma:         -36.69
            14.4595         48.8219       -156.9146
            22.0055       -167.0241       -141.3616
          -158.3371       -101.2499         42.4978

     O   27    anisotropy:    386.04    eta:   -0.4961
     O   27    sigma_11=   -101.53    axis=(  0.766150 -0.444827  0.463835)
     O   27    sigma_22=   -229.21    axis=(  0.194875  0.848563  0.491899)
     O   27    sigma_33=    220.67    axis=( -0.612403 -0.286479  0.736813)
 
     Atom 28  O   pos: (  0.557195  0.702093  1.337594)  Total sigma:         -36.69
            14.4595        -48.8219       -156.9146
           -22.0055       -167.0241        141.3616
          -158.3371        101.2499         42.4978

     O   28    anisotropy:    386.04    eta:   -0.4961
     O   28    sigma_11=   -101.53    axis=( -0.766150 -0.444827 -0.463835)
     O   28    sigma_22=   -229.21    axis=(  0.194875 -0.848563  0.491899)
     O   28    sigma_33=    220.67    axis=( -0.612403  0.286479  0.736813)
 
     Atom 29  O   pos: (  0.126842  1.205629  0.115764)  Total sigma:         -84.75
           -60.9579        120.0927       -207.9836
           114.5106       -240.3472       -135.5010
          -209.7326       -139.2852         47.0697

     O   29    anisotropy:    535.60    eta:   -0.2319
     O   29    sigma_11=   -221.88    axis=(  0.763374  0.091333  0.639468)
     O   29    sigma_22=   -304.67    axis=( -0.280157  0.938813  0.200354)
     O   29    sigma_33=    272.32    axis=( -0.582042 -0.332097  0.742253)
 
     Atom 30  O   pos: (  0.680380  2.760294  0.746536)  Total sigma:         -84.75
           -60.9579       -120.0927       -207.9836
          -114.5106       -240.3472        135.5010
          -209.7326        139.2852         47.0697

     O   30    anisotropy:    535.60    eta:   -0.2319
     O   30    sigma_11=   -221.88    axis=( -0.763374  0.091333 -0.639468)
     O   30    sigma_22=   -304.67    axis=( -0.280157 -0.938813  0.200354)
     O   30    sigma_33=    272.32    axis=( -0.582042  0.332097  0.742253)
 
     Atom 31  O   pos: (  0.487601  1.903702  1.608837)  Total sigma:         -84.75
           -60.9579        120.0927       -207.9836
           114.5106       -240.3472       -135.5010
          -209.7326       -139.2852         47.0697

     O   31    anisotropy:    535.60    eta:   -0.2319
     O   31    sigma_11=   -221.88    axis=(  0.763374  0.091333  0.639468)
     O   31    sigma_22=   -304.67    axis=( -0.280157  0.938813  0.200354)
     O   31    sigma_33=    272.32    axis=( -0.582042 -0.332097  0.742253)
 
     Atom 32  O   pos: ( -0.065937  0.349037  0.978064)  Total sigma:         -84.75
           -60.9579       -120.0927       -207.9836
          -114.5106       -240.3472        135.5010
          -209.7326        139.2852         47.0697

     O   32    anisotropy:    535.60    eta:   -0.2319
     O   32    sigma_11=   -221.88    axis=( -0.763374  0.091333 -0.639468)
     O   32    sigma_22=   -304.67    axis=( -0.280157 -0.938813  0.200354)
     O   32    sigma_33=    272.32    axis=( -0.582042  0.332097  0.742253)
 
     Atom 33  O   pos: (  0.586864  1.342734  0.518169)  Total sigma:         -19.71
           -17.0562         70.5131       -167.5801
           124.2467       -109.2035        -27.6678
          -157.1596        -51.5310         67.1205

     O   33    anisotropy:    357.46    eta:   -0.4280
     O   33    sigma_11=    -87.86    axis=(  0.394932  0.701665  0.593039)
     O   33    sigma_22=   -189.87    axis=( -0.678157  0.658129 -0.327061)
     O   33    sigma_33=    218.59    axis=( -0.619783 -0.273007  0.735756)
 
     Atom 34  O   pos: (  0.220357  2.897399  0.344131)  Total sigma:         -19.71
           -17.0562        -70.5131       -167.5801
          -124.2467       -109.2035         27.6678
          -157.1596         51.5310         67.1205

     O   34    anisotropy:    357.46    eta:   -0.4280
     O   34    sigma_11=    -87.86    axis=( -0.394932  0.701665 -0.593039)
     O   34    sigma_22=   -189.87    axis=( -0.678157 -0.658129 -0.327061)
     O   34    sigma_33=    218.59    axis=( -0.619783  0.273007  0.735756)
 
     Atom 35  O   pos: (  0.027579  1.766597  1.206431)  Total sigma:         -19.71
           -17.0562         70.5131       -167.5801
           124.2467       -109.2035        -27.6678
          -157.1596        -51.5310         67.1205

     O   35    anisotropy:    357.46    eta:   -0.4280
     O   35    sigma_11=    -87.86    axis=(  0.394932  0.701665  0.593039)
     O   35    sigma_22=   -189.87    axis=( -0.678157  0.658129 -0.327061)
     O   35    sigma_33=    218.59    axis=( -0.619783 -0.273007  0.735756)
 
     Atom 36  O   pos: (  0.394086  0.211932  1.380469)  Total sigma:         -19.71
           -17.0562        -70.5131       -167.5801
          -124.2467       -109.2035         27.6678
          -157.1596         51.5310         67.1205

     O   36    anisotropy:    357.46    eta:   -0.4280
     O   36    sigma_11=    -87.86    axis=( -0.394932  0.701665 -0.593039)
     O   36    sigma_22=   -189.87    axis=( -0.678157 -0.658129 -0.327061)
     O   36    sigma_33=    218.59    axis=( -0.619783  0.273007  0.735756)
 
     Atom 37  C   pos: (  0.316426  1.007008  0.176766)  Total sigma:          -1.60
             4.8676        -22.2784        -48.4089
           -36.6219          2.5295        -52.8847
           -58.1208        -46.0488        -12.1834

     C   37    anisotropy:   -135.51    eta:   -0.2387
     C   37    sigma_11=     32.79    axis=(  0.635434 -0.766796  0.090818)
     C   37    sigma_22=     54.35    axis=( -0.563430 -0.380024  0.733572)
     C   37    sigma_33=    -91.93    axis=(  0.527987  0.517306  0.673516)
 
     Atom 38  C   pos: (  0.490795  2.561673  0.685534)  Total sigma:          -1.60
             4.8676         22.2784        -48.4089
            36.6219          2.5295         52.8847
           -58.1208         46.0488        -12.1834

     C   38    anisotropy:   -135.51    eta:   -0.2387
     C   38    sigma_11=     32.79    axis=( -0.635434 -0.766796 -0.090818)
     C   38    sigma_22=     54.35    axis=( -0.563430  0.380024  0.733572)
     C   38    sigma_33=    -91.93    axis=(  0.527987 -0.517306  0.673516)
 
     Atom 39  C   pos: (  0.298017  2.102323  1.547834)  Total sigma:          -1.60
             4.8676        -22.2784        -48.4089
           -36.6219          2.5295        -52.8847
           -58.1208        -46.0488        -12.1834

     C   39    anisotropy:   -135.51    eta:   -0.2387
     C   39    sigma_11=     32.79    axis=(  0.635434 -0.766796  0.090818)
     C   39    sigma_22=     54.35    axis=( -0.563430 -0.380024  0.733572)
     C   39    sigma_33=    -91.93    axis=(  0.527987  0.517306  0.673516)
 
     Atom 40  C   pos: (  0.123648  0.547658  1.039067)  Total sigma:          -1.60
             4.8676         22.2784        -48.4089
            36.6219          2.5295         52.8847
           -58.1208         46.0488        -12.1834

     C   40    anisotropy:   -135.51    eta:   -0.2387
     C   40    sigma_11=     32.79    axis=( -0.635434 -0.766796 -0.090818)
     C   40    sigma_22=     54.35    axis=( -0.563430  0.380024  0.733572)
     C   40    sigma_33=    -91.93    axis=(  0.527987 -0.517306  0.673516)
 
     Atom 41  C   pos: (  0.577662  1.072735  0.409443)  Total sigma:          -0.70
           -18.3037        -20.0756        -65.7795
           -12.8581         24.7762        -18.7142
           -62.2534        -30.3242         -8.5705

     C   41    anisotropy:   -126.72    eta:   -0.2685
     C   41    sigma_11=     30.20    axis=(  0.386540 -0.920567 -0.056060)
     C   41    sigma_22=     52.88    axis=( -0.599599 -0.297023  0.743141)
     C   41    sigma_33=    -85.18    axis=(  0.700762  0.253640  0.666783)
 
     Atom 42  C   pos: (  0.229560  2.627401  0.452857)  Total sigma:          -0.70
           -18.3037         20.0756        -65.7795
            12.8581         24.7762         18.7142
           -62.2534         30.3242         -8.5705

     C   42    anisotropy:   -126.72    eta:   -0.2685
     C   42    sigma_11=     30.20    axis=( -0.386540 -0.920567  0.056060)
     C   42    sigma_22=     52.88    axis=( -0.599599  0.297023  0.743141)
     C   42    sigma_33=    -85.18    axis=(  0.700762 -0.253640  0.666783)
 
     Atom 43  C   pos: (  0.036781  2.036596  1.315157)  Total sigma:          -0.70
           -18.3037        -20.0756        -65.7795
           -12.8581         24.7762        -18.7142
           -62.2534        -30.3242         -8.5705

     C   43    anisotropy:   -126.72    eta:   -0.2685
     C   43    sigma_11=     30.20    axis=(  0.386540 -0.920567 -0.056060)
     C   43    sigma_22=     52.88    axis=( -0.599599 -0.297023  0.743141)
     C   43    sigma_33=    -85.18    axis=(  0.700762  0.253640  0.666783)
 
     Atom 44  C   pos: (  0.384883  0.481930  1.271743)  Total sigma:          -0.70
           -18.3037         20.0756        -65.7795
            12.8581         24.7762         18.7142
           -62.2534         30.3242         -8.5705

     C   44    anisotropy:   -126.72    eta:   -0.2685
     C   44    sigma_11=     30.20    axis=( -0.386540 -0.920567  0.056060)
     C   44    sigma_22=     52.88    axis=( -0.599599  0.297023  0.743141)
     C   44    sigma_33=    -85.18    axis=(  0.700762 -0.253640  0.666783)
 
     Atom 45  H   pos: ( -0.227572  0.707530  1.611490)  Total sigma:          14.43
            15.0846          3.4238         12.5958
             4.2558          6.8146          4.6292
            14.4836          4.7341         21.3972

     H   45    anisotropy:     28.63    eta:   -0.0587
     H   45    sigma_11=      5.45    axis=(  0.070513 -0.971711  0.225399)
     H   45    sigma_22=      4.33    axis=(  0.791670 -0.082956 -0.605291)
     H   45    sigma_33=     33.52    axis=(  0.606867  0.221123  0.763425)
 
     Atom 46  H   pos: (  0.649236  2.262196  0.975411)  Total sigma:          14.43
            15.0846         -3.4238         12.5958
            -4.2558          6.8146         -4.6292
            14.4836         -4.7341         21.3972

     H   46    anisotropy:     28.63    eta:   -0.0587
     H   46    sigma_11=      5.45    axis=(  0.070513  0.971711  0.225399)
     H   46    sigma_22=      4.33    axis=( -0.791670 -0.082956  0.605291)
     H   46    sigma_33=     33.52    axis=(  0.606867 -0.221123  0.763425)
 
     Atom 47  H   pos: (  0.842014  2.401801  0.113111)  Total sigma:          14.43
            15.0846          3.4238         12.5958
             4.2558          6.8146          4.6292
            14.4836          4.7341         21.3972

     H   47    anisotropy:     28.63    eta:   -0.0587
     H   47    sigma_11=      5.45    axis=(  0.070513 -0.971711  0.225399)
     H   47    sigma_22=      4.33    axis=(  0.791670 -0.082956 -0.605291)
     H   47    sigma_33=     33.52    axis=(  0.606867  0.221123  0.763425)
 
     Atom 48  H   pos: ( -0.034793  0.847135  0.749190)  Total sigma:          14.43
            15.0846         -3.4238         12.5958
            -4.2558          6.8146         -4.6292
            14.4836         -4.7341         21.3972

     H   48    anisotropy:     28.63    eta:   -0.0587
     H   48    sigma_11=      5.45    axis=(  0.070513  0.971711  0.225399)
     H   48    sigma_22=      4.33    axis=( -0.791670 -0.082956  0.605291)
     H   48    sigma_33=     33.52    axis=(  0.606867 -0.221123  0.763425)
 
     Initialization:
     gipaw_setup  :      0.28s CPU      0.30s WALL (       1 calls)
 
     Linear response
     greenf       :  11475.15s CPU  11807.95s WALL (     336 calls)
     cgsolve      :  11398.99s CPU  11731.58s WALL (     336 calls)
     ch_psi       :  11240.06s CPU  11572.24s WALL (   19061 calls)
     h_psiq       :   8488.29s CPU   8814.68s WALL (   19061 calls)
 
     Apply operators
     h_psi        :   7453.08s CPU   7819.46s WALL (   27085 calls)
     apply_vel    :    169.92s CPU    170.27s WALL (     294 calls)
 
     Induced current
     j_para       :    590.34s CPU    623.43s WALL (     378 calls)
     biot_savart  :      0.05s CPU      0.06s WALL (       1 calls)
 
     Other routines
 
     General routines
     calbec       :   3189.01s CPU   3201.90s WALL (   68049 calls)
     fft          :      0.07s CPU      0.09s WALL (      32 calls)
     fftw         :   5222.54s CPU   5602.96s WALL ( 4024258 calls)
     davcio       :      0.04s CPU      1.95s WALL (     224 calls)
 
     Parallel routines
     fft_scatter  :   1178.69s CPU   1377.60s WALL ( 4024290 calls)
 
     Plugins
 
     GIPAW        :  14284.15s CPU  14716.08s WALL (       1 calls)
