
     Program QE v.6.1 (svn rev. 13369) starts on  5Dec2017 at  4: 7:10 

     This program is part of the open-source Quantum ESPRESSO suite
     for quantum simulation of materials; please cite
         "P. Giannozzi et al., J. Phys.:Condens. Matter 21 395502 (2009);
          URL http://www.quantum-espresso.org", 
     in publications or presentations arising from this work. More details at
     http://www.quantum-espresso.org/quote

     Parallel version (MPI), running on     8 processors
     R & G space division:  proc/nbgrp/npool/nimage =       8
 
     ***** This is GIPAW svn revision unknown      *****
 
     Parallelizing q-star over 1 images
     Message from routine gipaw_readin:
     *** iverbosity is obsolete, use verbosity instead ***

     Reading data from directory:
     /scratch/paruzzo/QEspresso/CCDC/NAPDCX/wfc/scf.save

   Info: using nr1, nr2, nr3 values from input

   Info: using nr1, nr2, nr3 values from input

     IMPORTANT: XC functional enforced from input :
     Exchange-correlation      =  SLA  PW   PBX  PBC ( 1  4  3  4 0 0)
     Any further DFT definition will be discarded
     Please, verify this is what you really want

               file C.pbe-n-kjpaw_psl.0.1.UPF: wavefunction(s)  2P renormalized
               file N.pbe-n-kjpaw_psl.0.1.UPF: wavefunction(s)  2P renormalized
               file H.pbe-kjpaw_psl.0.1.UPF: wavefunction(s)  1S renormalized
               file O.pbe-n-kjpaw_psl.0.1.UPF: wavefunction(s)  2P renormalized
 
     Parallelization info
     --------------------
     sticks:   dense  smooth     PW     G-vecs:    dense   smooth      PW
     Min        1812    1812    492                52773    52773    7470
     Max        1813    1813    493                52774    52774    7471
     Sum       14499   14499   3939               422187   422187   59763
 

     Check: negative/imaginary core charge=   -0.000002    0.000000

     Subspace diagonalization in iterative solution of the eigenvalue problem:
     a serial algorithm will be used

     GIPAW projectors -----------------------------------------------
     atom=  C    l=0  rc=    1.3000  rs=    0.8667
     atom=  C    l=0  rc=    1.3000  rs=    0.8667
     atom=  C    l=1  rc=    1.4500  rs=    0.9667
     atom=  C    l=1  rc=    1.4500  rs=    0.9667
     projs nearly linearly dependent: l=0  n1,n2= 1, 2  s=  0.99877758
     projs nearly linearly dependent: l=1  n1,n2= 1, 2  s=  0.99940894
 
     atom=  N    l=0  rc=    1.3000  rs=    0.8667
     atom=  N    l=0  rc=    1.3000  rs=    0.8667
     atom=  N    l=1  rc=    1.4500  rs=    0.9667
     atom=  N    l=1  rc=    1.4500  rs=    0.9667
     projs nearly linearly dependent: l=0  n1,n2= 1, 2  s=  0.99709514
     projs nearly linearly dependent: l=1  n1,n2= 1, 2  s=  0.99857174
 
     atom=  H    l=0  rc=    1.0000  rs=    0.6667
     atom=  H    l=0  rc=    1.0000  rs=    0.6667
     projs nearly linearly dependent: l=0  n1,n2= 1, 2  s=  0.99968852
 
     atom=  O    l=0  rc=    1.3500  rs=    0.9000
     atom=  O    l=0  rc=    1.3500  rs=    0.9000
     atom=  O    l=1  rc=    1.3500  rs=    0.9000
     atom=  O    l=1  rc=    1.3500  rs=    0.9000
     projs nearly linearly dependent: l=0  n1,n2= 1, 2  s=  0.99100135
     projs nearly linearly dependent: l=1  n1,n2= 1, 2  s=  0.99790100
     -----------------------------------------------------------------
 
     alpha_pv=     48.1739 eV
 
     q-space interpolation up to   110.00 Rydberg
 
     GIPAW job: nmr                                                                             
     NMR macroscopic correction: yes
             0.6667          0.0000          0.0000
             0.0000          0.6667          0.0000
             0.0000          0.0000          0.6667

 
     Largest allocated arrays     est. size (Mb)     dimensions
        KS wavefunctions at k           9.69 Mb     (    6618,   96)
        KS wavefunctions at k+q         9.69 Mb     (    6618,   96)
        First-order wavefunctions      96.94 Mb     (    6618,   96, 10)
        First-order wavefunct (US)     58.17 Mb     (    6618,   96,  6)
        Charge/spin density             0.89 Mb     (  116640,    1)
        Induced current                 8.01 Mb     (  116640,    3,3,1)
        Induced magnetic field          8.01 Mb     (  116640,    3,3,1)
        NL pseudopotentials            29.08 Mb     (    6618,  288)
        GIPAW NL terms                 29.08 Mb     (    6618,  288)
 
     Computing the magnetic susceptibility     isolve=0    ethr=  0.1000E-13
     k-point #    1 of    12      pool #  1    cpu time:      10.7
     Rotating WFCS
     Rotating WFCS
     Rotating WFCS
     Rotating WFCS
     Rotating WFCS
     Rotating WFCS
     Rotating WFCS
     k-point #    2 of    12      pool #  1    cpu time:    1063.2
     Rotating WFCS
     Rotating WFCS
     Rotating WFCS
     Rotating WFCS
     Rotating WFCS
     Rotating WFCS
     Rotating WFCS
     k-point #    3 of    12      pool #  1    cpu time:    2182.7
     Rotating WFCS
     Rotating WFCS
     Rotating WFCS
     Rotating WFCS
     Rotating WFCS
     Rotating WFCS
     Rotating WFCS
     k-point #    4 of    12      pool #  1    cpu time:    3463.8
     Rotating WFCS
     Rotating WFCS
     Rotating WFCS
     Rotating WFCS
     Rotating WFCS
     Rotating WFCS
     Rotating WFCS
     k-point #    5 of    12      pool #  1    cpu time:    4490.0
     Rotating WFCS
     Rotating WFCS
     Rotating WFCS
     Rotating WFCS
     Rotating WFCS
     Rotating WFCS
     Rotating WFCS
     k-point #    6 of    12      pool #  1    cpu time:    5593.3
     Rotating WFCS
     Rotating WFCS
     Rotating WFCS
     Rotating WFCS
     Rotating WFCS
     Rotating WFCS
     Rotating WFCS
     k-point #    7 of    12      pool #  1    cpu time:    6827.3
     Rotating WFCS
     Rotating WFCS
     Rotating WFCS
     Rotating WFCS
     Rotating WFCS
     Rotating WFCS
     Rotating WFCS
     k-point #    8 of    12      pool #  1    cpu time:    7851.2
     Rotating WFCS
     Rotating WFCS
     Rotating WFCS
     Rotating WFCS
     Rotating WFCS
     Rotating WFCS
     Rotating WFCS
     k-point #    9 of    12      pool #  1    cpu time:    9003.2
     Rotating WFCS
     c_bands:  1 eigenvalues not converged
     Rotating WFCS
     Rotating WFCS
     Rotating WFCS
     Rotating WFCS
     Rotating WFCS
     Rotating WFCS
     k-point #   10 of    12      pool #  1    cpu time:   10313.1
     Rotating WFCS
     Rotating WFCS
     Rotating WFCS
     Rotating WFCS
     Rotating WFCS
     Rotating WFCS
     Rotating WFCS
     k-point #   11 of    12      pool #  1    cpu time:   11341.9
     Rotating WFCS
     Rotating WFCS
     Rotating WFCS
     Rotating WFCS
     Rotating WFCS
     Rotating WFCS
     Rotating WFCS
     k-point #   12 of    12      pool #  1    cpu time:   12482.3
     Rotating WFCS
     Rotating WFCS
     Rotating WFCS
     Rotating WFCS
     Rotating WFCS
     Rotating WFCS
     Rotating WFCS
     End of magnetic susceptibility calculation
 
     f-sum rule (1st term):
          -154.6449         -0.0209          0.0308
            -0.0183       -154.7162         -0.0106
             0.0246         -0.0093       -154.4229

     f-sum rule (2nd term):
            -2.0667          0.0159          0.0057
             0.0142         -2.0468         -0.0171
             0.0064         -0.0190         -2.0746

     f-sum rule (should be  -156.7164):
          -156.7115         -0.0050          0.0365
            -0.0041       -156.7630         -0.0278
             0.0310         -0.0283       -156.4975

     chi_bare pGv (HH) in paratec units:
       -38.918428     -0.960018     15.163885
        -0.824363    -32.706982     -1.850742
        14.197407     -1.729711    -58.093699

       -38.918428     -0.960018     15.163885
        -0.824363    -32.706982     -1.850742
        14.197407     -1.729711    -58.093699

     chi_bare vGv (VV) in paratec units:
       -38.637203      0.203654     17.683734
         0.216755    -27.992991     -2.596772
        17.639502     -2.565268    -58.265530

       -38.637203      0.203654     17.683734
         0.216755    -27.992991     -2.596772
        17.639502     -2.565268    -58.265530

     chi_bare pGv (HH) in 10^{-6} cm^3/mol:
          -184.9440         -4.5621         72.0602
            -3.9175       -155.4267         -8.7949
            67.4674         -8.2197       -276.0667

     chi_bare vGv (VV) in 10^{-6} cm^3/mol:
          -183.6076          0.9678         84.0348
             1.0300       -133.0253        -12.3401
            83.8246        -12.1904       -276.8833

     Contributions to the NMR chemical shifts: -------------------------------
 
     Macroscopic shape contribution in ppm:                    6.17
             5.5570          0.0000          0.0000
             0.0000          4.6701          0.0000
             0.0000          0.0000          8.2949

 
     Core contribution in ppm:
 
     Atom  1  O   pos: (  0.295461  0.432560  0.196873)  core sigma:         271.07
     Atom  2  O   pos: (  0.754398  0.252007  0.075661)  core sigma:         271.07
     Atom  3  O   pos: (  0.366360  0.441249  0.045371)  core sigma:         271.07
     Atom  4  O   pos: (  0.683499  0.243319  0.227163)  core sigma:         271.07
     Atom  5  O   pos: (  0.369817  0.643249  0.045448)  core sigma:         271.07
     Atom  6  O   pos: (  0.680042  0.041319  0.227086)  core sigma:         271.07
     Atom  7  O   pos: (  0.298987  0.619674  0.195571)  core sigma:         271.07
     Atom  8  O   pos: (  0.750872  0.064893  0.076963)  core sigma:         271.07
     Atom  9  C   pos: (  0.328676  0.391679  0.114400)  core sigma:         200.51
     Atom 10  C   pos: (  0.721183  0.292889  0.158135)  core sigma:         200.51
     Atom 11  C   pos: (  0.320890  0.279859  0.114989)  core sigma:         200.51
     Atom 12  C   pos: (  0.728969  0.404709  0.157545)  core sigma:         200.51
     Atom 13  C   pos: (  0.379968  0.228594  0.178964)  core sigma:         200.51
     Atom 14  C   pos: (  0.669890  0.455974  0.093570)  core sigma:         200.51
     Atom 15  C   pos: (  0.381282  0.122650  0.186878)  core sigma:         200.51
     Atom 16  C   pos: (  0.668577  0.561917  0.085657)  core sigma:         200.51
     Atom 17  C   pos: (  0.314782  0.066741  0.134621)  core sigma:         200.51
     Atom 18  C   pos: (  0.735077  0.617826  0.137913)  core sigma:         200.51
     Atom 19  C   pos: (  0.328515  0.676256  0.128521)  core sigma:         200.51
     Atom 20  C   pos: (  0.721344  0.008312  0.144014)  core sigma:         200.51
     Atom 21  C   pos: (  0.251606  0.225359  0.061213)  core sigma:         200.51
     Atom 22  C   pos: (  0.798253  0.459208  0.211321)  core sigma:         200.51
     Atom 23  C   pos: (  0.238550  0.119059  0.084073)  core sigma:         200.51
     Atom 24  C   pos: (  0.811309  0.565508  0.188461)  core sigma:         200.51
     Atom 25  C   pos: (  0.179487  0.273543  0.003728)  core sigma:         200.51
     Atom 26  C   pos: (  0.870372  0.411025  0.268806)  core sigma:         200.51
     Atom 27  C   pos: (  0.156822  0.069340  0.044135)  core sigma:         200.51
     Atom 28  C   pos: (  0.893037  0.615228  0.228400)  core sigma:         200.51
     Atom 29  C   pos: (  0.107035  0.216299 -0.044569)  core sigma:         200.51
     Atom 30  C   pos: (  0.942824  0.468268  0.317103)  core sigma:         200.51
     Atom 31  C   pos: (  0.087570  0.119392 -0.010356)  core sigma:         200.51
     Atom 32  C   pos: (  0.962289  0.565176  0.282890)  core sigma:         200.51
     Atom 33  H   pos: (  0.300803  0.510107  0.193296)  core sigma:           0.00
     Atom 34  H   pos: (  0.749056  0.174461  0.079238)  core sigma:           0.00
     Atom 35  H   pos: (  0.371500  0.566306  0.046144)  core sigma:           0.00
     Atom 36  H   pos: (  0.678358  0.118262  0.226390)  core sigma:           0.00
     Atom 37  H   pos: (  0.427344  0.271673  0.229243)  core sigma:           0.00
     Atom 38  H   pos: (  0.622514  0.412894  0.043291)  core sigma:           0.00
     Atom 39  H   pos: (  0.436507  0.087775  0.236002)  core sigma:           0.00
     Atom 40  H   pos: (  0.613351  0.596793  0.036533)  core sigma:           0.00
     Atom 41  H   pos: (  0.176837  0.354872 -0.000242)  core sigma:           0.00
     Atom 42  H   pos: (  0.873022  0.329696  0.272776)  core sigma:           0.00
     Atom 43  H   pos: (  0.147132  0.712268  0.065848)  core sigma:           0.00
     Atom 44  H   pos: (  0.902727 -0.027701  0.206687)  core sigma:           0.00
     Atom 45  H   pos: (  1.056306  0.252022 -0.097827)  core sigma:           0.00
     Atom 46  H   pos: ( -0.006447  0.432546  0.370361)  core sigma:           0.00
     Atom 47  H   pos: (  1.021012  0.080017 -0.037876)  core sigma:           0.00
     Atom 48  H   pos: (  0.028847  0.604551  0.310411)  core sigma:           0.00
 
     Bare contribution in ppm:
 
     Atom  1  O   pos: (  0.295461  0.432560  0.196873)  bare sigma:          10.98
            38.7221        -24.6276         24.8964
            -6.9594        -17.7408          1.0367
            33.8404         24.5593         11.9641

     Atom  2  O   pos: (  0.754398  0.252007  0.075661)  bare sigma:          10.98
            38.7221        -24.6276         24.8964
            -6.9594        -17.7408          1.0367
            33.8404         24.5593         11.9641

     Atom  3  O   pos: (  0.366360  0.441249  0.045371)  bare sigma:         -25.21
            36.4548         -9.8365         68.2401
           -14.4657        -60.5802         -1.8254
            60.1484        -16.0354        -51.5071

     Atom  4  O   pos: (  0.683499  0.243319  0.227163)  bare sigma:         -25.21
            36.4548         -9.8365         68.2401
           -14.4657        -60.5802         -1.8254
            60.1484        -16.0354        -51.5071

     Atom  5  O   pos: (  0.369817  0.643249  0.045448)  bare sigma:          12.29
            41.5316        -12.2317         23.5434
             1.9487        -23.8651          3.9645
            19.0605         34.4244         19.2123

     Atom  6  O   pos: (  0.680042  0.041319  0.227086)  bare sigma:          12.29
            41.5316        -12.2317         23.5434
             1.9487        -23.8651          3.9645
            19.0605         34.4244         19.2123

     Atom  7  O   pos: (  0.298987  0.619674  0.195571)  bare sigma:         -24.84
            34.8609          7.1507         61.9024
            -0.8632        -63.2064         11.3841
            70.5651          3.4925        -46.1711

     Atom  8  O   pos: (  0.750872  0.064893  0.076963)  bare sigma:         -24.84
            34.8609          7.1507         61.9024
            -0.8632        -63.2064         11.3841
            70.5651          3.4925        -46.1711

     Atom  9  C   pos: (  0.328676  0.391679  0.114400)  bare sigma:         -79.30
           -57.7990          3.9971         18.3262
             0.3211       -100.4086        -16.0441
            17.8837        -20.9807        -79.6807

     Atom 10  C   pos: (  0.721183  0.292889  0.158135)  bare sigma:         -79.30
           -57.7990          3.9971         18.3262
             0.3211       -100.4086        -16.0441
            17.8837        -20.9807        -79.6807

     Atom 11  C   pos: (  0.320890  0.279859  0.114989)  bare sigma:         -43.40
           -34.3371         -4.2197        -23.7874
            -8.5280        -79.2492         -0.4135
           -14.5869          1.7584        -16.5999

     Atom 12  C   pos: (  0.728969  0.404709  0.157545)  bare sigma:         -43.40
           -34.3371         -4.2197        -23.7874
            -8.5280        -79.2492         -0.4135
           -14.5869          1.7584        -16.5999

     Atom 13  C   pos: (  0.379968  0.228594  0.178964)  bare sigma:         -60.45
           -43.9962          6.2693        -49.5254
           -12.6018       -103.4970        -11.5915
           -48.6371        -21.5535        -33.8467

     Atom 14  C   pos: (  0.669890  0.455974  0.093570)  bare sigma:         -60.45
           -43.9962          6.2693        -49.5254
           -12.6018       -103.4970        -11.5915
           -48.6371        -21.5535        -33.8467

     Atom 15  C   pos: (  0.381282  0.122650  0.186878)  bare sigma:         -47.35
           -43.8373          6.6414        -48.3007
             8.8974        -79.4102         11.0483
           -45.2910          9.5865        -18.7905

     Atom 16  C   pos: (  0.668577  0.561917  0.085657)  bare sigma:         -47.35
           -43.8373          6.6414        -48.3007
             8.8974        -79.4102         11.0483
           -45.2910          9.5865        -18.7905

     Atom 17  C   pos: (  0.314782  0.066741  0.134621)  bare sigma:         -48.88
           -41.7765          6.4003        -26.0151
            11.4895        -86.5090          1.8333
           -26.8566          5.3618        -18.3627

     Atom 18  C   pos: (  0.735077  0.617826  0.137913)  bare sigma:         -48.88
           -41.7765          6.4003        -26.0151
            11.4895        -86.5090          1.8333
           -26.8566          5.3618        -18.3627

     Atom 19  C   pos: (  0.328515  0.676256  0.128521)  bare sigma:         -78.38
           -58.4043          9.1946         21.1692
            10.3061        -97.7938        -11.5057
            19.3161        -13.8020        -78.9543

     Atom 20  C   pos: (  0.721344  0.008312  0.144014)  bare sigma:         -78.38
           -58.4043          9.1946         21.1692
            10.3061        -97.7938        -11.5057
            19.3161        -13.8020        -78.9543

     Atom 21  C   pos: (  0.251606  0.225359  0.061213)  bare sigma:         -51.93
           -57.6305         -7.5367        -49.5133
            -3.5874        -85.7500         16.6976
           -50.3743          6.7166        -12.4217

     Atom 22  C   pos: (  0.798253  0.459208  0.211321)  bare sigma:         -51.93
           -57.6305         -7.5367        -49.5133
            -3.5874        -85.7500         16.6976
           -50.3743          6.7166        -12.4217

     Atom 23  C   pos: (  0.238550  0.119059  0.084073)  bare sigma:         -50.23
           -48.5661         -0.9844        -38.0646
            -2.1223        -91.3623         19.5916
           -51.2221         12.5209        -10.7599

     Atom 24  C   pos: (  0.811309  0.565508  0.188461)  bare sigma:         -50.23
           -48.5661         -0.9844        -38.0646
            -2.1223        -91.3623         19.5916
           -51.2221         12.5209        -10.7599

     Atom 25  C   pos: (  0.179487  0.273543  0.003728)  bare sigma:         -52.56
           -47.3278         -4.6242        -45.8764
             4.3053        -86.8402          3.6005
           -42.3242         16.7665        -23.4993

     Atom 26  C   pos: (  0.870372  0.411025  0.268806)  bare sigma:         -52.56
           -47.3278         -4.6242        -45.8764
             4.3053        -86.8402          3.6005
           -42.3242         16.7665        -23.4993

     Atom 27  C   pos: (  0.156822  0.069340  0.044135)  bare sigma:         -49.49
           -49.0708        -21.6840        -25.2099
           -19.8231        -87.8526         21.6387
           -16.4381         16.5385        -11.5402

     Atom 28  C   pos: (  0.893037  0.615228  0.228400)  bare sigma:         -49.49
           -49.0708        -21.6840        -25.2099
           -19.8231        -87.8526         21.6387
           -16.4381         16.5385        -11.5402

     Atom 29  C   pos: (  0.107035  0.216299 -0.044569)  bare sigma:         -48.58
           -51.1651          3.5091        -56.4612
            -3.6395        -70.0665         26.3180
           -41.8885         21.0789        -24.5062

     Atom 30  C   pos: (  0.942824  0.468268  0.317103)  bare sigma:         -48.58
           -51.1651          3.5091        -56.4612
            -3.6395        -70.0665         26.3180
           -41.8885         21.0789        -24.5062

     Atom 31  C   pos: (  0.087570  0.119392 -0.010356)  bare sigma:         -47.16
           -63.9376        -19.1052        -33.5983
           -32.6087        -63.1864          6.6046
           -35.4065          2.9463        -14.3580

     Atom 32  C   pos: (  0.962289  0.565176  0.282890)  bare sigma:         -47.16
           -63.9376        -19.1052        -33.5983
           -32.6087        -63.1864          6.6046
           -35.4065          2.9463        -14.3580

     Atom 33  H   pos: (  0.300803  0.510107  0.193296)  bare sigma:           5.77
            -6.2996         -0.9702          3.1689
             0.5935         27.8500          1.1558
             2.8520          2.1037         -4.2480

     Atom 34  H   pos: (  0.749056  0.174461  0.079238)  bare sigma:           5.77
            -6.2996         -0.9702          3.1689
             0.5935         27.8500          1.1558
             2.8520          2.1037         -4.2480

     Atom 35  H   pos: (  0.371500  0.566306  0.046144)  bare sigma:           8.88
             0.7414         -1.3316          3.1948
            -0.3798         25.7219          2.1116
             1.3765          3.1036          0.1754

     Atom 36  H   pos: (  0.678358  0.118262  0.226390)  bare sigma:           8.88
             0.7414         -1.3316          3.1948
            -0.3798         25.7219          2.1116
             1.3765          3.1036          0.1754

     Atom 37  H   pos: (  0.427344  0.271673  0.229243)  bare sigma:          15.23
            12.9620          0.1038          1.7658
            -3.1359         17.9358         -0.4054
             1.0391         -5.0751         14.7800

     Atom 38  H   pos: (  0.622514  0.412894  0.043291)  bare sigma:          15.23
            12.9620          0.1038          1.7658
            -3.1359         17.9358         -0.4054
             1.0391         -5.0751         14.7800

     Atom 39  H   pos: (  0.436507  0.087775  0.236002)  bare sigma:          19.00
            17.9179          2.7239         -0.2085
             2.5581         19.3888          0.3277
            -1.2587          1.3373         19.6886

     Atom 40  H   pos: (  0.613351  0.596793  0.036533)  bare sigma:          19.00
            17.9179          2.7239         -0.2085
             2.5581         19.3888          0.3277
            -1.2587          1.3373         19.6886

     Atom 41  H   pos: (  0.176837  0.354872 -0.000242)  bare sigma:          15.90
            16.1924          1.7560          1.1438
             5.2250         17.8360         -1.3256
             2.8834          3.1020         13.6769

     Atom 42  H   pos: (  0.873022  0.329696  0.272776)  bare sigma:          15.90
            16.1924          1.7560          1.1438
             5.2250         17.8360         -1.3256
             2.8834          3.1020         13.6769

     Atom 43  H   pos: (  0.147132  0.712268  0.065848)  bare sigma:          17.11
            19.3824         -0.0680          3.0880
            -2.3740         16.4290         -0.1438
             5.3304         -3.5400         15.5265

     Atom 44  H   pos: (  0.902727 -0.027701  0.206687)  bare sigma:          17.11
            19.3824         -0.0680          3.0880
            -2.3740         16.4290         -0.1438
             5.3304         -3.5400         15.5265

     Atom 45  H   pos: (  1.056306  0.252022 -0.097827)  bare sigma:          19.70
            18.6618          1.0852         -4.1415
             0.1421         18.6968          1.1987
            -2.6073          1.8759         21.7467

     Atom 46  H   pos: ( -0.006447  0.432546  0.370361)  bare sigma:          19.70
            18.6618          1.0852         -4.1415
             0.1421         18.6968          1.1987
            -2.6073          1.8759         21.7467

     Atom 47  H   pos: (  1.021012  0.080017 -0.037876)  bare sigma:          17.25
            18.7053          0.6990          2.6416
            -0.5650         18.2402         -0.4322
             2.0423         -5.7373         14.7996

     Atom 48  H   pos: (  0.028847  0.604551  0.310411)  bare sigma:          17.25
            18.7053          0.6990          2.6416
            -0.5650         18.2402         -0.4322
             2.0423         -5.7373         14.7996

     Diamagnetic contribution in ppm:
 
     Atom  1  O   pos: (  0.295461  0.432560  0.196873)  dia sigma:          18.05
            17.7917         -0.1737         -0.1327
            -0.1737         18.2385          0.4491
            -0.1327          0.4491         18.1067

     Atom  2  O   pos: (  0.754398  0.252007  0.075661)  dia sigma:          18.05
            17.7917         -0.1737         -0.1327
            -0.1737         18.2385          0.4491
            -0.1327          0.4491         18.1067

     Atom  3  O   pos: (  0.366360  0.441249  0.045371)  dia sigma:          17.67
            17.9562          0.1990          0.0473
             0.1990         17.3930         -0.5024
             0.0473         -0.5024         17.6527

     Atom  4  O   pos: (  0.683499  0.243319  0.227163)  dia sigma:          17.67
            17.9562          0.1990          0.0473
             0.1990         17.3930         -0.5024
             0.0473         -0.5024         17.6527

     Atom  5  O   pos: (  0.369817  0.643249  0.045448)  dia sigma:          17.91
            17.6555         -0.2126         -0.2364
            -0.2126         18.1381          0.4438
            -0.2364          0.4438         17.9401

     Atom  6  O   pos: (  0.680042  0.041319  0.227086)  dia sigma:          17.91
            17.6555         -0.2126         -0.2364
            -0.2126         18.1381          0.4438
            -0.2364          0.4438         17.9401

     Atom  7  O   pos: (  0.298987  0.619674  0.195571)  dia sigma:          17.80
            17.9883          0.2915          0.1732
             0.2915         17.6332         -0.4921
             0.1732         -0.4921         17.7725

     Atom  8  O   pos: (  0.750872  0.064893  0.076963)  dia sigma:          17.80
            17.9883          0.2915          0.1732
             0.2915         17.6332         -0.4921
             0.1732         -0.4921         17.7725

     Atom  9  C   pos: (  0.328676  0.391679  0.114400)  dia sigma:           3.97
             4.0994         -0.0519          0.0894
            -0.0519          3.8199          0.0310
             0.0894          0.0310          3.9787

     Atom 10  C   pos: (  0.721183  0.292889  0.158135)  dia sigma:           3.97
             4.0994         -0.0519          0.0894
            -0.0519          3.8199          0.0310
             0.0894          0.0310          3.9787

     Atom 11  C   pos: (  0.320890  0.279859  0.114989)  dia sigma:           4.59
             4.5670          0.0036         -0.0943
             0.0036          4.6217          0.0195
            -0.0943          0.0195          4.5727

     Atom 12  C   pos: (  0.728969  0.404709  0.157545)  dia sigma:           4.59
             4.5670          0.0036         -0.0943
             0.0036          4.6217          0.0195
            -0.0943          0.0195          4.5727

     Atom 13  C   pos: (  0.379968  0.228594  0.178964)  dia sigma:           4.40
             4.4372          0.0005         -0.1731
             0.0005          4.3314          0.0061
            -0.1731          0.0061          4.4214

     Atom 14  C   pos: (  0.669890  0.455974  0.093570)  dia sigma:           4.40
             4.4372          0.0005         -0.1731
             0.0005          4.3314          0.0061
            -0.1731          0.0061          4.4214

     Atom 15  C   pos: (  0.381282  0.122650  0.186878)  dia sigma:           4.40
             4.4081         -0.0198         -0.1326
            -0.0198          4.3284         -0.0039
            -0.1326         -0.0039          4.4526

     Atom 16  C   pos: (  0.668577  0.561917  0.085657)  dia sigma:           4.40
             4.4081         -0.0198         -0.1326
            -0.0198          4.3284         -0.0039
            -0.1326         -0.0039          4.4526

     Atom 17  C   pos: (  0.314782  0.066741  0.134621)  dia sigma:           4.48
             4.4493         -0.0255         -0.1142
            -0.0255          4.4895         -0.0155
            -0.1142         -0.0155          4.5033

     Atom 18  C   pos: (  0.735077  0.617826  0.137913)  dia sigma:           4.48
             4.4493         -0.0255         -0.1142
            -0.0255          4.4895         -0.0155
            -0.1142         -0.0155          4.5033

     Atom 19  C   pos: (  0.328515  0.676256  0.128521)  dia sigma:           3.96
             4.1083         -0.0028          0.0840
            -0.0028          3.7935          0.0432
             0.0840          0.0432          3.9838

     Atom 20  C   pos: (  0.721344  0.008312  0.144014)  dia sigma:           3.96
             4.1083         -0.0028          0.0840
            -0.0028          3.7935          0.0432
             0.0840          0.0432          3.9838

     Atom 21  C   pos: (  0.251606  0.225359  0.061213)  dia sigma:           4.44
             4.4182         -0.0096         -0.1201
            -0.0096          4.4198          0.0157
            -0.1201          0.0157          4.4922

     Atom 22  C   pos: (  0.798253  0.459208  0.211321)  dia sigma:           4.44
             4.4182         -0.0096         -0.1201
            -0.0096          4.4198          0.0157
            -0.1201          0.0157          4.4922

     Atom 23  C   pos: (  0.238550  0.119059  0.084073)  dia sigma:           4.41
             4.3644         -0.0316         -0.0991
            -0.0316          4.3821          0.0053
            -0.0991          0.0053          4.4757

     Atom 24  C   pos: (  0.811309  0.565508  0.188461)  dia sigma:           4.41
             4.3644         -0.0316         -0.0991
            -0.0316          4.3821          0.0053
            -0.0991          0.0053          4.4757

     Atom 25  C   pos: (  0.179487  0.273543  0.003728)  dia sigma:           4.40
             4.4173         -0.0339         -0.1375
            -0.0339          4.3205          0.0276
            -0.1375          0.0276          4.4754

     Atom 26  C   pos: (  0.870372  0.411025  0.268806)  dia sigma:           4.40
             4.4173         -0.0339         -0.1375
            -0.0339          4.3205          0.0276
            -0.1375          0.0276          4.4754

     Atom 27  C   pos: (  0.156822  0.069340  0.044135)  dia sigma:           4.49
             4.4546         -0.0084         -0.1100
            -0.0084          4.4593          0.0571
            -0.1100          0.0571          4.5454

     Atom 28  C   pos: (  0.893037  0.615228  0.228400)  dia sigma:           4.49
             4.4546         -0.0084         -0.1100
            -0.0084          4.4593          0.0571
            -0.1100          0.0571          4.5454

     Atom 29  C   pos: (  0.107035  0.216299 -0.044569)  dia sigma:           4.34
             4.3615         -0.0555         -0.1286
            -0.0555          4.2645          0.0515
            -0.1286          0.0515          4.4081

     Atom 30  C   pos: (  0.942824  0.468268  0.317103)  dia sigma:           4.34
             4.3615         -0.0555         -0.1286
            -0.0555          4.2645          0.0515
            -0.1286          0.0515          4.4081

     Atom 31  C   pos: (  0.087570  0.119392 -0.010356)  dia sigma:           4.43
             4.4199         -0.0098         -0.1088
            -0.0098          4.3825          0.0821
            -0.1088          0.0821          4.4930

     Atom 32  C   pos: (  0.962289  0.565176  0.282890)  dia sigma:           4.43
             4.4199         -0.0098         -0.1088
            -0.0098          4.3825          0.0821
            -0.1088          0.0821          4.4930

     Atom 33  H   pos: (  0.300803  0.510107  0.193296)  dia sigma:           0.89
             0.8862         -0.0000         -0.0000
            -0.0000          0.8862          0.0000
            -0.0000          0.0000          0.8862

     Atom 34  H   pos: (  0.749056  0.174461  0.079238)  dia sigma:           0.89
             0.8862         -0.0000         -0.0000
            -0.0000          0.8862          0.0000
            -0.0000          0.0000          0.8862

     Atom 35  H   pos: (  0.371500  0.566306  0.046144)  dia sigma:           0.91
             0.9058         -0.0000         -0.0000
            -0.0000          0.9058          0.0000
            -0.0000          0.0000          0.9058

     Atom 36  H   pos: (  0.678358  0.118262  0.226390)  dia sigma:           0.91
             0.9058         -0.0000         -0.0000
            -0.0000          0.9058          0.0000
            -0.0000          0.0000          0.9058

     Atom 37  H   pos: (  0.427344  0.271673  0.229243)  dia sigma:           1.15
             1.1466         -0.0000         -0.0000
            -0.0000          1.1466          0.0000
            -0.0000          0.0000          1.1466

     Atom 38  H   pos: (  0.622514  0.412894  0.043291)  dia sigma:           1.15
             1.1466         -0.0000         -0.0000
            -0.0000          1.1466          0.0000
            -0.0000          0.0000          1.1466

     Atom 39  H   pos: (  0.436507  0.087775  0.236002)  dia sigma:           1.14
             1.1408         -0.0000         -0.0000
            -0.0000          1.1408          0.0000
            -0.0000          0.0000          1.1408

     Atom 40  H   pos: (  0.613351  0.596793  0.036533)  dia sigma:           1.14
             1.1408         -0.0000         -0.0000
            -0.0000          1.1408          0.0000
            -0.0000          0.0000          1.1408

     Atom 41  H   pos: (  0.176837  0.354872 -0.000242)  dia sigma:           1.14
             1.1412         -0.0000         -0.0000
            -0.0000          1.1412          0.0000
            -0.0000          0.0000          1.1412

     Atom 42  H   pos: (  0.873022  0.329696  0.272776)  dia sigma:           1.14
             1.1412         -0.0000         -0.0000
            -0.0000          1.1412          0.0000
            -0.0000          0.0000          1.1412

     Atom 43  H   pos: (  0.147132  0.712268  0.065848)  dia sigma:           1.15
             1.1474         -0.0000         -0.0000
            -0.0000          1.1474          0.0000
            -0.0000          0.0000          1.1474

     Atom 44  H   pos: (  0.902727 -0.027701  0.206687)  dia sigma:           1.15
             1.1474         -0.0000         -0.0000
            -0.0000          1.1474          0.0000
            -0.0000          0.0000          1.1474

     Atom 45  H   pos: (  1.056306  0.252022 -0.097827)  dia sigma:           1.15
             1.1456         -0.0000         -0.0000
            -0.0000          1.1456          0.0000
            -0.0000          0.0000          1.1456

     Atom 46  H   pos: ( -0.006447  0.432546  0.370361)  dia sigma:           1.15
             1.1456         -0.0000         -0.0000
            -0.0000          1.1456          0.0000
            -0.0000          0.0000          1.1456

     Atom 47  H   pos: (  1.021012  0.080017 -0.037876)  dia sigma:           1.14
             1.1425         -0.0000         -0.0000
            -0.0000          1.1425          0.0000
            -0.0000          0.0000          1.1425

     Atom 48  H   pos: (  0.028847  0.604551  0.310411)  dia sigma:           1.14
             1.1425         -0.0000         -0.0000
            -0.0000          1.1425          0.0000
            -0.0000          0.0000          1.1425

     Paramagnetic contribution in ppm:
 
     Atom  1  O   pos: (  0.295461  0.432560  0.196873)  para sigma:        -122.58
           -62.6300        -56.0721         43.5988
           -19.2269       -182.8224         13.4869
            63.0906         58.4562       -122.2984

     Atom  2  O   pos: (  0.754398  0.252007  0.075661)  para sigma:        -122.58
           -62.6300        -56.0721         43.5988
           -19.2269       -182.8224         13.4869
            63.0906         58.4562       -122.2984

     Atom  3  O   pos: (  0.366360  0.441249  0.045371)  para sigma:        -197.61
           -60.7959        -21.2719        141.4183
           -23.2862       -273.5885        -18.2080
           125.2490        -35.2775       -258.4564

     Atom  4  O   pos: (  0.683499  0.243319  0.227163)  para sigma:        -197.61
           -60.7959        -21.2719        141.4183
           -23.2862       -273.5885        -18.2080
           125.2490        -35.2775       -258.4564

     Atom  5  O   pos: (  0.369817  0.643249  0.045448)  para sigma:        -120.31
           -61.0094        -27.4534         38.6750
            -1.2987       -194.9218         19.1252
            32.3903         76.3724       -104.9854

     Atom  6  O   pos: (  0.680042  0.041319  0.227086)  para sigma:        -120.31
           -61.0094        -27.4534         38.6750
            -1.2987       -194.9218         19.1252
            32.3903         76.3724       -104.9854

     Atom  7  O   pos: (  0.298987  0.619674  0.195571)  para sigma:        -198.77
           -65.5167         21.8810        129.9203
             4.7403       -280.3527         10.5799
           150.5797          2.0795       -250.4355

     Atom  8  O   pos: (  0.750872  0.064893  0.076963)  para sigma:        -198.77
           -65.5167         21.8810        129.9203
             4.7403       -280.3527         10.5799
           150.5797          2.0795       -250.4355

     Atom  9  C   pos: (  0.328676  0.391679  0.114400)  para sigma:        -122.89
           -92.5431          2.5587         20.3552
             0.2592       -146.9700        -16.4469
            19.2477        -20.2694       -129.1479

     Atom 10  C   pos: (  0.721183  0.292889  0.158135)  para sigma:        -122.89
           -92.5431          2.5587         20.3552
             0.2592       -146.9700        -16.4469
            19.2477        -20.2694       -129.1479

     Atom 11  C   pos: (  0.320890  0.279859  0.114989)  para sigma:         -98.10
           -80.9542         -6.0853        -20.5312
            -9.7141       -139.6670         -0.2778
           -14.7971          5.4759        -73.6681

     Atom 12  C   pos: (  0.728969  0.404709  0.157545)  para sigma:         -98.10
           -80.9542         -6.0853        -20.5312
            -9.7141       -139.6670         -0.2778
           -14.7971          5.4759        -73.6681

     Atom 13  C   pos: (  0.379968  0.228594  0.178964)  para sigma:        -116.19
           -95.1648          4.4436        -44.9076
           -13.4495       -159.0249        -12.5268
           -45.7403        -16.4901        -94.3952

     Atom 14  C   pos: (  0.669890  0.455974  0.093570)  para sigma:        -116.19
           -95.1648          4.4436        -44.9076
           -13.4495       -159.0249        -12.5268
           -45.7403        -16.4901        -94.3952

     Atom 15  C   pos: (  0.381282  0.122650  0.186878)  para sigma:        -103.97
           -97.3658          6.7779        -44.1615
             9.2583       -132.4404         12.2329
           -42.9372         11.6954        -82.1184

     Atom 16  C   pos: (  0.668577  0.561917  0.085657)  para sigma:        -103.97
           -97.3658          6.7779        -44.1615
             9.2583       -132.4404         12.2329
           -42.9372         11.6954        -82.1184

     Atom 17  C   pos: (  0.314782  0.066741  0.134621)  para sigma:        -104.17
           -92.5606          7.3284        -24.7078
            11.3007       -143.5803          2.4565
           -25.5288          4.3522        -76.3710

     Atom 18  C   pos: (  0.735077  0.617826  0.137913)  para sigma:        -104.17
           -92.5606          7.3284        -24.7078
            11.3007       -143.5803          2.4565
           -25.5288          4.3522        -76.3710

     Atom 19  C   pos: (  0.328515  0.676256  0.128521)  para sigma:        -122.42
           -95.5635         10.9242         23.8269
             9.8452       -143.7969        -11.5284
            23.7840        -15.8650       -127.8877

     Atom 20  C   pos: (  0.721344  0.008312  0.144014)  para sigma:        -122.42
           -95.5635         10.9242         23.8269
             9.8452       -143.7969        -11.5284
            23.7840        -15.8650       -127.8877

     Atom 21  C   pos: (  0.251606  0.225359  0.061213)  para sigma:        -106.65
          -106.8007        -11.3487        -42.8964
            -1.0216       -133.7374         18.3831
           -50.8963          6.0705        -79.4080

     Atom 22  C   pos: (  0.798253  0.459208  0.211321)  para sigma:        -106.65
          -106.8007        -11.3487        -42.8964
            -1.0216       -133.7374         18.3831
           -50.8963          6.0705        -79.4080

     Atom 23  C   pos: (  0.238550  0.119059  0.084073)  para sigma:        -105.89
           -99.1511         -1.2385        -33.4990
             0.2802       -139.9508         18.9585
           -52.2904         12.7646        -78.5637

     Atom 24  C   pos: (  0.811309  0.565508  0.188461)  para sigma:        -105.89
           -99.1511         -1.2385        -33.4990
             0.2802       -139.9508         18.9585
           -52.2904         12.7646        -78.5637

     Atom 25  C   pos: (  0.179487  0.273543  0.003728)  para sigma:        -107.29
           -98.1020         -5.1166        -40.7483
             2.2947       -140.0725          5.6819
           -40.9647         14.4886        -83.7052

     Atom 26  C   pos: (  0.870372  0.411025  0.268806)  para sigma:        -107.29
           -98.1020         -5.1166        -40.7483
             2.2947       -140.0725          5.6819
           -40.9647         14.4886        -83.7052

     Atom 27  C   pos: (  0.156822  0.069340  0.044135)  para sigma:        -106.12
          -103.2588        -22.0857        -22.4880
           -20.1596       -145.6469         21.8087
           -16.7033         19.5244        -69.4661

     Atom 28  C   pos: (  0.893037  0.615228  0.228400)  para sigma:        -106.12
          -103.2588        -22.0857        -22.4880
           -20.1596       -145.6469         21.8087
           -16.7033         19.5244        -69.4661

     Atom 29  C   pos: (  0.107035  0.216299 -0.044569)  para sigma:        -104.47
          -102.5633          4.6714        -49.4279
            -3.9942       -122.7757         26.7352
           -39.7969         23.9328        -88.0704

     Atom 30  C   pos: (  0.942824  0.468268  0.317103)  para sigma:        -104.47
          -102.5633          4.6714        -49.4279
            -3.9942       -122.7757         26.7352
           -39.7969         23.9328        -88.0704

     Atom 31  C   pos: (  0.087570  0.119392 -0.010356)  para sigma:        -103.23
          -118.2669        -22.6568        -29.6167
           -37.1752       -118.6091          4.5305
           -34.7479          6.8812        -72.8247

     Atom 32  C   pos: (  0.962289  0.565176  0.282890)  para sigma:        -103.23
          -118.2669        -22.6568        -29.6167
           -37.1752       -118.6091          4.5305
           -34.7479          6.8812        -72.8247

     Atom 33  H   pos: (  0.300803  0.510107  0.193296)  para sigma:           0.00
             0.0000          0.0000          0.0000
             0.0000          0.0000          0.0000
             0.0000          0.0000          0.0000

     Atom 34  H   pos: (  0.749056  0.174461  0.079238)  para sigma:           0.00
             0.0000          0.0000          0.0000
             0.0000          0.0000          0.0000
             0.0000          0.0000          0.0000

     Atom 35  H   pos: (  0.371500  0.566306  0.046144)  para sigma:           0.00
             0.0000          0.0000          0.0000
             0.0000          0.0000          0.0000
             0.0000          0.0000          0.0000

     Atom 36  H   pos: (  0.678358  0.118262  0.226390)  para sigma:           0.00
             0.0000          0.0000          0.0000
             0.0000          0.0000          0.0000
             0.0000          0.0000          0.0000

     Atom 37  H   pos: (  0.427344  0.271673  0.229243)  para sigma:           0.00
             0.0000          0.0000          0.0000
             0.0000          0.0000          0.0000
             0.0000          0.0000          0.0000

     Atom 38  H   pos: (  0.622514  0.412894  0.043291)  para sigma:           0.00
             0.0000          0.0000          0.0000
             0.0000          0.0000          0.0000
             0.0000          0.0000          0.0000

     Atom 39  H   pos: (  0.436507  0.087775  0.236002)  para sigma:           0.00
             0.0000          0.0000          0.0000
             0.0000          0.0000          0.0000
             0.0000          0.0000          0.0000

     Atom 40  H   pos: (  0.613351  0.596793  0.036533)  para sigma:           0.00
             0.0000          0.0000          0.0000
             0.0000          0.0000          0.0000
             0.0000          0.0000          0.0000

     Atom 41  H   pos: (  0.176837  0.354872 -0.000242)  para sigma:           0.00
             0.0000          0.0000          0.0000
             0.0000          0.0000          0.0000
             0.0000          0.0000          0.0000

     Atom 42  H   pos: (  0.873022  0.329696  0.272776)  para sigma:           0.00
             0.0000          0.0000          0.0000
             0.0000          0.0000          0.0000
             0.0000          0.0000          0.0000

     Atom 43  H   pos: (  0.147132  0.712268  0.065848)  para sigma:           0.00
             0.0000          0.0000          0.0000
             0.0000          0.0000          0.0000
             0.0000          0.0000          0.0000

     Atom 44  H   pos: (  0.902727 -0.027701  0.206687)  para sigma:           0.00
             0.0000          0.0000          0.0000
             0.0000          0.0000          0.0000
             0.0000          0.0000          0.0000

     Atom 45  H   pos: (  1.056306  0.252022 -0.097827)  para sigma:           0.00
             0.0000          0.0000          0.0000
             0.0000          0.0000          0.0000
             0.0000          0.0000          0.0000

     Atom 46  H   pos: ( -0.006447  0.432546  0.370361)  para sigma:           0.00
             0.0000          0.0000          0.0000
             0.0000          0.0000          0.0000
             0.0000          0.0000          0.0000

     Atom 47  H   pos: (  1.021012  0.080017 -0.037876)  para sigma:           0.00
             0.0000          0.0000          0.0000
             0.0000          0.0000          0.0000
             0.0000          0.0000          0.0000

     Atom 48  H   pos: (  0.028847  0.604551  0.310411)  para sigma:           0.00
             0.0000          0.0000          0.0000
             0.0000          0.0000          0.0000
             0.0000          0.0000          0.0000

     Paramagnetic US occ-occ contribution in ppm:
 
     Atom  1  O   pos: (  0.295461  0.432560  0.196873)  para_oo sigma:          -1.98
            -0.2575         -0.6288          0.4260
            -0.0348         -4.6141         -1.2443
             0.6122          0.2581         -1.0559

     Atom  2  O   pos: (  0.754398  0.252007  0.075661)  para_oo sigma:          -1.98
            -0.2575         -0.6288          0.4260
            -0.0348         -4.6141         -1.2443
             0.6122          0.2581         -1.0559

     Atom  3  O   pos: (  0.366360  0.441249  0.045371)  para_oo sigma:          -2.32
            -0.5842          0.1155          0.4289
            -1.1238         -5.4414          1.2462
             0.2640         -1.5192         -0.9332

     Atom  4  O   pos: (  0.683499  0.243319  0.227163)  para_oo sigma:          -2.32
            -0.5842          0.1155          0.4289
            -1.1238         -5.4414          1.2462
             0.2640         -1.5192         -0.9332

     Atom  5  O   pos: (  0.369817  0.643249  0.045448)  para_oo sigma:          -1.89
            -0.2377          0.2098          0.6467
             0.6941         -4.5029         -1.1550
             0.6255          0.2941         -0.9177

     Atom  6  O   pos: (  0.680042  0.041319  0.227086)  para_oo sigma:          -1.89
            -0.2377          0.2098          0.6467
             0.6941         -4.5029         -1.1550
             0.6255          0.2941         -0.9177

     Atom  7  O   pos: (  0.298987  0.619674  0.195571)  para_oo sigma:          -2.38
            -0.6953          1.0022          0.2720
            -0.2739         -5.3892          1.2266
             0.4406         -1.5488         -1.0529

     Atom  8  O   pos: (  0.750872  0.064893  0.076963)  para_oo sigma:          -2.38
            -0.6953          1.0022          0.2720
            -0.2739         -5.3892          1.2266
             0.4406         -1.5488         -1.0529

     Atom  9  C   pos: (  0.328676  0.391679  0.114400)  para_oo sigma:          -1.66
            -1.0515          0.0524          0.0295
             0.0291         -2.8287         -0.4866
            -0.0167         -0.4929         -1.0973

     Atom 10  C   pos: (  0.721183  0.292889  0.158135)  para_oo sigma:          -1.66
            -1.0515          0.0524          0.0295
             0.0291         -2.8287         -0.4866
            -0.0167         -0.4929         -1.0973

     Atom 11  C   pos: (  0.320890  0.279859  0.114989)  para_oo sigma:          -0.49
            -0.1436         -0.1039          0.0461
            -0.1306         -0.8241         -0.0276
            -0.0904         -0.0434         -0.5112

     Atom 12  C   pos: (  0.728969  0.404709  0.157545)  para_oo sigma:          -0.49
            -0.1436         -0.1039          0.0461
            -0.1306         -0.8241         -0.0276
            -0.0904         -0.0434         -0.5112

     Atom 13  C   pos: (  0.379968  0.228594  0.178964)  para_oo sigma:          -0.34
            -0.2950         -0.1947         -0.2552
            -0.1212         -0.4402         -0.0941
            -0.2651         -0.0970         -0.2699

     Atom 14  C   pos: (  0.669890  0.455974  0.093570)  para_oo sigma:          -0.34
            -0.2950         -0.1947         -0.2552
            -0.1212         -0.4402         -0.0941
            -0.2651         -0.0970         -0.2699

     Atom 15  C   pos: (  0.381282  0.122650  0.186878)  para_oo sigma:          -0.34
            -0.3679          0.1981         -0.3070
             0.1290         -0.4285          0.0986
            -0.2160          0.0552         -0.2244

     Atom 16  C   pos: (  0.668577  0.561917  0.085657)  para_oo sigma:          -0.34
            -0.3679          0.1981         -0.3070
             0.1290         -0.4285          0.0986
            -0.2160          0.0552         -0.2244

     Atom 17  C   pos: (  0.314782  0.066741  0.134621)  para_oo sigma:          -0.49
            -0.2320          0.0685          0.0509
             0.1266         -0.8142          0.1036
            -0.0448          0.1416         -0.4211

     Atom 18  C   pos: (  0.735077  0.617826  0.137913)  para_oo sigma:          -0.49
            -0.2320          0.0685          0.0509
             0.1266         -0.8142          0.1036
            -0.0448          0.1416         -0.4211

     Atom 19  C   pos: (  0.328515  0.676256  0.128521)  para_oo sigma:          -1.68
            -1.1347          0.3283          0.1435
             0.3808         -2.7764         -0.5501
             0.0876         -0.5565         -1.1240

     Atom 20  C   pos: (  0.721344  0.008312  0.144014)  para_oo sigma:          -1.68
            -1.1347          0.3283          0.1435
             0.3808         -2.7764         -0.5501
             0.0876         -0.5565         -1.1240

     Atom 21  C   pos: (  0.251606  0.225359  0.061213)  para_oo sigma:          -0.44
            -0.4222         -0.0011         -0.2756
            -0.0631         -0.6998          0.0834
            -0.2250         -0.0046         -0.2027

     Atom 22  C   pos: (  0.798253  0.459208  0.211321)  para_oo sigma:          -0.44
            -0.4222         -0.0011         -0.2756
            -0.0631         -0.6998          0.0834
            -0.2250         -0.0046         -0.2027

     Atom 23  C   pos: (  0.238550  0.119059  0.084073)  para_oo sigma:          -0.43
            -0.3787         -0.0041         -0.2098
            -0.0261         -0.6696          0.1155
            -0.3032          0.0448         -0.2388

     Atom 24  C   pos: (  0.811309  0.565508  0.188461)  para_oo sigma:          -0.43
            -0.3787         -0.0041         -0.2098
            -0.0261         -0.6696          0.1155
            -0.3032          0.0448         -0.2388

     Atom 25  C   pos: (  0.179487  0.273543  0.003728)  para_oo sigma:          -0.36
            -0.1940         -0.0423         -0.1427
             0.0286         -0.7029          0.0481
            -0.1799          0.1787         -0.1945

     Atom 26  C   pos: (  0.870372  0.411025  0.268806)  para_oo sigma:          -0.36
            -0.1940         -0.0423         -0.1427
             0.0286         -0.7029          0.0481
            -0.1799          0.1787         -0.1945

     Atom 27  C   pos: (  0.156822  0.069340  0.044135)  para_oo sigma:          -0.40
            -0.3507         -0.1776         -0.0939
            -0.1747         -0.7191          0.1374
            -0.0830          0.1454         -0.1439

     Atom 28  C   pos: (  0.893037  0.615228  0.228400)  para_oo sigma:          -0.40
            -0.3507         -0.1776         -0.0939
            -0.1747         -0.7191          0.1374
            -0.0830          0.1454         -0.1439

     Atom 29  C   pos: (  0.107035  0.216299 -0.044569)  para_oo sigma:          -0.34
            -0.3722          0.1282         -0.3153
             0.0806         -0.4047          0.2114
            -0.2275          0.1354         -0.2569

     Atom 30  C   pos: (  0.942824  0.468268  0.317103)  para_oo sigma:          -0.34
            -0.3722          0.1282         -0.3153
             0.0806         -0.4047          0.2114
            -0.2275          0.1354         -0.2569

     Atom 31  C   pos: (  0.087570  0.119392 -0.010356)  para_oo sigma:          -0.36
            -0.4914         -0.2552         -0.1623
            -0.2596         -0.4254          0.0234
            -0.2069          0.0051         -0.1767

     Atom 32  C   pos: (  0.962289  0.565176  0.282890)  para_oo sigma:          -0.36
            -0.4914         -0.2552         -0.1623
            -0.2596         -0.4254          0.0234
            -0.2069          0.0051         -0.1767

     Atom 33  H   pos: (  0.300803  0.510107  0.193296)  para_oo sigma:           0.00
             0.0000          0.0000          0.0000
             0.0000          0.0000          0.0000
             0.0000          0.0000          0.0000

     Atom 34  H   pos: (  0.749056  0.174461  0.079238)  para_oo sigma:           0.00
             0.0000          0.0000          0.0000
             0.0000          0.0000          0.0000
             0.0000          0.0000          0.0000

     Atom 35  H   pos: (  0.371500  0.566306  0.046144)  para_oo sigma:           0.00
             0.0000          0.0000          0.0000
             0.0000          0.0000          0.0000
             0.0000          0.0000          0.0000

     Atom 36  H   pos: (  0.678358  0.118262  0.226390)  para_oo sigma:           0.00
             0.0000          0.0000          0.0000
             0.0000          0.0000          0.0000
             0.0000          0.0000          0.0000

     Atom 37  H   pos: (  0.427344  0.271673  0.229243)  para_oo sigma:           0.00
             0.0000          0.0000          0.0000
             0.0000          0.0000          0.0000
             0.0000          0.0000          0.0000

     Atom 38  H   pos: (  0.622514  0.412894  0.043291)  para_oo sigma:           0.00
             0.0000          0.0000          0.0000
             0.0000          0.0000          0.0000
             0.0000          0.0000          0.0000

     Atom 39  H   pos: (  0.436507  0.087775  0.236002)  para_oo sigma:           0.00
             0.0000          0.0000          0.0000
             0.0000          0.0000          0.0000
             0.0000          0.0000          0.0000

     Atom 40  H   pos: (  0.613351  0.596793  0.036533)  para_oo sigma:           0.00
             0.0000          0.0000          0.0000
             0.0000          0.0000          0.0000
             0.0000          0.0000          0.0000

     Atom 41  H   pos: (  0.176837  0.354872 -0.000242)  para_oo sigma:           0.00
             0.0000          0.0000          0.0000
             0.0000          0.0000          0.0000
             0.0000          0.0000          0.0000

     Atom 42  H   pos: (  0.873022  0.329696  0.272776)  para_oo sigma:           0.00
             0.0000          0.0000          0.0000
             0.0000          0.0000          0.0000
             0.0000          0.0000          0.0000

     Atom 43  H   pos: (  0.147132  0.712268  0.065848)  para_oo sigma:           0.00
             0.0000          0.0000          0.0000
             0.0000          0.0000          0.0000
             0.0000          0.0000          0.0000

     Atom 44  H   pos: (  0.902727 -0.027701  0.206687)  para_oo sigma:           0.00
             0.0000          0.0000          0.0000
             0.0000          0.0000          0.0000
             0.0000          0.0000          0.0000

     Atom 45  H   pos: (  1.056306  0.252022 -0.097827)  para_oo sigma:           0.00
             0.0000          0.0000          0.0000
             0.0000          0.0000          0.0000
             0.0000          0.0000          0.0000

     Atom 46  H   pos: ( -0.006447  0.432546  0.370361)  para_oo sigma:           0.00
             0.0000          0.0000          0.0000
             0.0000          0.0000          0.0000
             0.0000          0.0000          0.0000

     Atom 47  H   pos: (  1.021012  0.080017 -0.037876)  para_oo sigma:           0.00
             0.0000          0.0000          0.0000
             0.0000          0.0000          0.0000
             0.0000          0.0000          0.0000

     Atom 48  H   pos: (  0.028847  0.604551  0.310411)  para_oo sigma:           0.00
             0.0000          0.0000          0.0000
             0.0000          0.0000          0.0000
             0.0000          0.0000          0.0000

     Paramagnetic US L_R Q_R contribution in ppm:
 
     Atom  1  O   pos: (  0.295461  0.432560  0.196873)  para_lq sigma:        -143.68
          -128.8051         -5.5966          6.5274
            -0.1163       -162.8526         -7.3711
             7.7760          3.8479       -139.3879

     Atom  2  O   pos: (  0.754398  0.252007  0.075661)  para_lq sigma:        -143.68
          -128.8051         -5.5966          6.5274
            -0.1163       -162.8526         -7.3711
             7.7760          3.8479       -139.3879

     Atom  3  O   pos: (  0.366360  0.441249  0.045371)  para_lq sigma:        -154.76
          -139.8039         -5.5590         12.8557
           -10.4214       -168.0336         14.9443
            11.6426          4.4795       -156.4303

     Atom  4  O   pos: (  0.683499  0.243319  0.227163)  para_lq sigma:        -154.76
          -139.8039         -5.5590         12.8557
           -10.4214       -168.0336         14.9443
            11.6426          4.4795       -156.4303

     Atom  5  O   pos: (  0.369817  0.643249  0.045448)  para_lq sigma:        -144.50
          -129.5473         -0.8705          7.8059
             4.3861       -164.6680         -6.5193
             7.2933          4.8751       -139.2854

     Atom  6  O   pos: (  0.680042  0.041319  0.227086)  para_lq sigma:        -144.50
          -129.5473         -0.8705          7.8059
             4.3861       -164.6680         -6.5193
             7.2933          4.8751       -139.2854

     Atom  7  O   pos: (  0.298987  0.619674  0.195571)  para_lq sigma:        -154.17
          -137.5376         -1.3830         10.4446
            -6.3189       -170.6709         16.8999
            11.0024          6.4247       -154.3035

     Atom  8  O   pos: (  0.750872  0.064893  0.076963)  para_lq sigma:        -154.17
          -137.5376         -1.3830         10.4446
            -6.3189       -170.6709         16.8999
            11.0024          6.4247       -154.3035

     Atom  9  C   pos: (  0.328676  0.391679  0.114400)  para_lq sigma:         -17.14
           -13.2497          0.8005          1.2582
             0.2996        -22.2469         -2.8805
             1.1929         -3.4784        -15.9179

     Atom 10  C   pos: (  0.721183  0.292889  0.158135)  para_lq sigma:         -17.14
           -13.2497          0.8005          1.2582
             0.2996        -22.2469         -2.8805
             1.1929         -3.4784        -15.9179

     Atom 11  C   pos: (  0.320890  0.279859  0.114989)  para_lq sigma:         -13.51
           -12.1770         -0.5924         -0.8991
            -0.5845        -15.4556         -0.0111
            -1.3055         -0.0305        -12.9085

     Atom 12  C   pos: (  0.728969  0.404709  0.157545)  para_lq sigma:         -13.51
           -12.1770         -0.5924         -0.8991
            -0.5845        -15.4556         -0.0111
            -1.3055         -0.0305        -12.9085

     Atom 13  C   pos: (  0.379968  0.228594  0.178964)  para_lq sigma:         -13.07
           -12.4020         -0.8394         -1.6523
            -0.5430        -14.4801         -0.3743
            -1.4417         -0.1003        -12.3158

     Atom 14  C   pos: (  0.669890  0.455974  0.093570)  para_lq sigma:         -13.07
           -12.4020         -0.8394         -1.6523
            -0.5430        -14.4801         -0.3743
            -1.4417         -0.1003        -12.3158

     Atom 15  C   pos: (  0.381282  0.122650  0.186878)  para_lq sigma:         -13.15
           -12.8768          0.6795         -1.9385
             0.6416        -14.3409          0.7474
            -1.7135          0.3922        -12.2440

     Atom 16  C   pos: (  0.668577  0.561917  0.085657)  para_lq sigma:         -13.15
           -12.8768          0.6795         -1.9385
             0.6416        -14.3409          0.7474
            -1.7135          0.3922        -12.2440

     Atom 17  C   pos: (  0.314782  0.066741  0.134621)  para_lq sigma:         -13.55
           -12.8150          0.5810         -0.8751
             0.4923        -15.5322          0.1141
            -0.9902          0.4716        -12.3070

     Atom 18  C   pos: (  0.735077  0.617826  0.137913)  para_lq sigma:         -13.55
           -12.8150          0.5810         -0.8751
             0.4923        -15.5322          0.1141
            -0.9902          0.4716        -12.3070

     Atom 19  C   pos: (  0.328515  0.676256  0.128521)  para_lq sigma:         -17.19
           -13.7897          2.1466          2.0219
             1.9725        -21.6446         -2.8206
             1.9681         -3.4119        -16.1454

     Atom 20  C   pos: (  0.721344  0.008312  0.144014)  para_lq sigma:         -17.19
           -13.7897          2.1466          2.0219
             1.9725        -21.6446         -2.8206
             1.9681         -3.4119        -16.1454

     Atom 21  C   pos: (  0.251606  0.225359  0.061213)  para_lq sigma:         -13.31
           -13.1014         -0.2710         -1.5984
            -0.3600        -14.8124          0.6688
            -1.5130          0.1324        -12.0023

     Atom 22  C   pos: (  0.798253  0.459208  0.211321)  para_lq sigma:         -13.31
           -13.1014         -0.2710         -1.5984
            -0.3600        -14.8124          0.6688
            -1.5130          0.1324        -12.0023

     Atom 23  C   pos: (  0.238550  0.119059  0.084073)  para_lq sigma:         -13.28
           -13.3009         -0.1488         -1.3804
            -0.3984        -14.6964          0.7218
            -1.4573          0.6675        -11.8433

     Atom 24  C   pos: (  0.811309  0.565508  0.188461)  para_lq sigma:         -13.28
           -13.3009         -0.1488         -1.3804
            -0.3984        -14.6964          0.7218
            -1.4573          0.6675        -11.8433

     Atom 25  C   pos: (  0.179487  0.273543  0.003728)  para_lq sigma:         -13.21
           -12.4395          0.1362         -1.3897
             0.2431        -15.2587          0.1569
            -1.5953          0.9183        -11.9239

     Atom 26  C   pos: (  0.870372  0.411025  0.268806)  para_lq sigma:         -13.21
           -12.4395          0.1362         -1.3897
             0.2431        -15.2587          0.1569
            -1.5953          0.9183        -11.9239

     Atom 27  C   pos: (  0.156822  0.069340  0.044135)  para_lq sigma:         -13.05
           -13.0472         -1.2446         -0.9448
            -0.8720        -14.6896          0.8718
            -0.8994          0.8841        -11.4039

     Atom 28  C   pos: (  0.893037  0.615228  0.228400)  para_lq sigma:         -13.05
           -13.0472         -1.2446         -0.9448
            -0.8720        -14.6896          0.8718
            -0.8994          0.8841        -11.4039

     Atom 29  C   pos: (  0.107035  0.216299 -0.044569)  para_lq sigma:         -13.10
           -13.0557          0.2437         -2.0251
            -0.0372        -13.8062          1.3385
            -1.6112          0.9771        -12.4508

     Atom 30  C   pos: (  0.942824  0.468268  0.317103)  para_lq sigma:         -13.10
           -13.0557          0.2437         -2.0251
            -0.0372        -13.8062          1.3385
            -1.6112          0.9771        -12.4508

     Atom 31  C   pos: (  0.087570  0.119392 -0.010356)  para_lq sigma:         -12.99
           -13.7401         -1.3665         -1.1908
            -1.3237        -13.5994          0.5005
            -1.2959          0.5566        -11.6446

     Atom 32  C   pos: (  0.962289  0.565176  0.282890)  para_lq sigma:         -12.99
           -13.7401         -1.3665         -1.1908
            -1.3237        -13.5994          0.5005
            -1.2959          0.5566        -11.6446

     Atom 33  H   pos: (  0.300803  0.510107  0.193296)  para_lq sigma:           0.00
             0.0000          0.0000          0.0000
             0.0000          0.0000          0.0000
             0.0000          0.0000          0.0000

     Atom 34  H   pos: (  0.749056  0.174461  0.079238)  para_lq sigma:           0.00
             0.0000          0.0000          0.0000
             0.0000          0.0000          0.0000
             0.0000          0.0000          0.0000

     Atom 35  H   pos: (  0.371500  0.566306  0.046144)  para_lq sigma:           0.00
             0.0000          0.0000          0.0000
             0.0000          0.0000          0.0000
             0.0000          0.0000          0.0000

     Atom 36  H   pos: (  0.678358  0.118262  0.226390)  para_lq sigma:           0.00
             0.0000          0.0000          0.0000
             0.0000          0.0000          0.0000
             0.0000          0.0000          0.0000

     Atom 37  H   pos: (  0.427344  0.271673  0.229243)  para_lq sigma:           0.00
             0.0000          0.0000          0.0000
             0.0000          0.0000          0.0000
             0.0000          0.0000          0.0000

     Atom 38  H   pos: (  0.622514  0.412894  0.043291)  para_lq sigma:           0.00
             0.0000          0.0000          0.0000
             0.0000          0.0000          0.0000
             0.0000          0.0000          0.0000

     Atom 39  H   pos: (  0.436507  0.087775  0.236002)  para_lq sigma:           0.00
             0.0000          0.0000          0.0000
             0.0000          0.0000          0.0000
             0.0000          0.0000          0.0000

     Atom 40  H   pos: (  0.613351  0.596793  0.036533)  para_lq sigma:           0.00
             0.0000          0.0000          0.0000
             0.0000          0.0000          0.0000
             0.0000          0.0000          0.0000

     Atom 41  H   pos: (  0.176837  0.354872 -0.000242)  para_lq sigma:           0.00
             0.0000          0.0000          0.0000
             0.0000          0.0000          0.0000
             0.0000          0.0000          0.0000

     Atom 42  H   pos: (  0.873022  0.329696  0.272776)  para_lq sigma:           0.00
             0.0000          0.0000          0.0000
             0.0000          0.0000          0.0000
             0.0000          0.0000          0.0000

     Atom 43  H   pos: (  0.147132  0.712268  0.065848)  para_lq sigma:           0.00
             0.0000          0.0000          0.0000
             0.0000          0.0000          0.0000
             0.0000          0.0000          0.0000

     Atom 44  H   pos: (  0.902727 -0.027701  0.206687)  para_lq sigma:           0.00
             0.0000          0.0000          0.0000
             0.0000          0.0000          0.0000
             0.0000          0.0000          0.0000

     Atom 45  H   pos: (  1.056306  0.252022 -0.097827)  para_lq sigma:           0.00
             0.0000          0.0000          0.0000
             0.0000          0.0000          0.0000
             0.0000          0.0000          0.0000

     Atom 46  H   pos: ( -0.006447  0.432546  0.370361)  para_lq sigma:           0.00
             0.0000          0.0000          0.0000
             0.0000          0.0000          0.0000
             0.0000          0.0000          0.0000

     Atom 47  H   pos: (  1.021012  0.080017 -0.037876)  para_lq sigma:           0.00
             0.0000          0.0000          0.0000
             0.0000          0.0000          0.0000
             0.0000          0.0000          0.0000

     Atom 48  H   pos: (  0.028847  0.604551  0.310411)  para_lq sigma:           0.00
             0.0000          0.0000          0.0000
             0.0000          0.0000          0.0000
             0.0000          0.0000          0.0000

 
     Total NMR chemical shifts in ppm: ---------------------------------------
     (adopting the Simpson convention for anisotropy and asymmetry)-----------
 
     Atom  1  O   pos: (  0.295461  0.432560  0.196873)  Total sigma:          38.03
           141.4531        -87.0989         75.3160
           -26.5111        -74.0464          6.3573
           105.1865         87.5706         46.6984

     O    1    anisotropy:    240.52    eta:   -0.9630
     O    1    sigma_11=     35.07    axis=( -0.371206  0.523380  0.766993)
     O    1    sigma_22=   -119.34    axis=(  0.329164  0.846540 -0.418354)
     O    1    sigma_33=    198.38    axis=(  0.868250 -0.097171  0.486519)
 
     Atom  2  O   pos: (  0.754398  0.252007  0.075661)  Total sigma:          38.03
           141.4531        -87.0989         75.3160
           -26.5111        -74.0464          6.3573
           105.1865         87.5706         46.6984

     O    2    anisotropy:    240.52    eta:   -0.9630
     O    2    sigma_11=     35.07    axis=( -0.371206  0.523380  0.766993)
     O    2    sigma_22=   -119.34    axis=(  0.329164  0.846540 -0.418354)
     O    2    sigma_33=    198.38    axis=(  0.868250 -0.097171  0.486519)
 
     Atom  3  O   pos: (  0.366360  0.441249  0.045371)  Total sigma:         -84.98
           129.8589        -36.3529        222.9901
           -49.0981       -214.5058         -4.3454
           197.3512        -48.8551       -170.3045

     O    3    anisotropy:    492.77    eta:   -0.1797
     O    3    sigma_11=   -219.72    axis=( -0.128277 -0.991669  0.011767)
     O    3    sigma_22=   -278.76    axis=( -0.450600  0.068848  0.890067)
     O    3    sigma_33=    243.53    axis=(  0.883462 -0.108873  0.455677)
 
     Atom  4  O   pos: (  0.683499  0.243319  0.227163)  Total sigma:         -84.98
           129.8589        -36.3529        222.9901
           -49.0981       -214.5058         -4.3454
           197.3512        -48.8551       -170.3045

     O    4    anisotropy:    492.77    eta:   -0.1797
     O    4    sigma_11=   -219.72    axis=( -0.128277 -0.991669  0.011767)
     O    4    sigma_22=   -278.76    axis=( -0.450600  0.068848  0.890067)
     O    4    sigma_33=    243.53    axis=(  0.883462 -0.108873  0.455677)
 
     Atom  5  O   pos: (  0.369817  0.643249  0.045448)  Total sigma:          40.76
           145.0246        -40.5584         70.4347
             5.5176        -94.0747         15.8593
            59.1333        116.4099         71.3336

     O    5    anisotropy:   -245.56    eta:   -0.7503
     O    5    sigma_11=     61.20    axis=( -0.512767  0.384739  0.767493)
     O    5    sigma_22=    184.02    axis=( -0.845709 -0.072451 -0.528704)
     O    5    sigma_33=   -122.94    axis=(  0.147808  0.920178 -0.362527)
 
     Atom  6  O   pos: (  0.680042  0.041319  0.227086)  Total sigma:          40.76
           145.0246        -40.5584         70.4347
             5.5176        -94.0747         15.8593
            59.1333        116.4099         71.3336

     O    6    anisotropy:   -245.56    eta:   -0.7503
     O    6    sigma_11=     61.20    axis=( -0.512767  0.384739  0.767493)
     O    6    sigma_22=    184.02    axis=( -0.845709 -0.072451 -0.528704)
     O    6    sigma_33=   -122.94    axis=(  0.147808  0.920178 -0.362527)
 
     Atom  7  O   pos: (  0.298987  0.619674  0.195571)  Total sigma:         -85.11
           125.7314         28.9424        202.7125
            -2.4241       -226.2410         39.5984
           232.7610          9.9559       -154.8206

     O    7    anisotropy:    496.12    eta:   -0.1677
     O    7    sigma_11=   -222.75    axis=( -0.180981  0.955865  0.231449)
     O    7    sigma_22=   -278.22    axis=( -0.446774 -0.289558  0.846493)
     O    7    sigma_33=    245.64    axis=( -0.876150 -0.049794 -0.479460)
 
     Atom  8  O   pos: (  0.750872  0.064893  0.076963)  Total sigma:         -85.11
           125.7314         28.9424        202.7125
            -2.4241       -226.2410         39.5984
           232.7610          9.9559       -154.8206

     O    8    anisotropy:    496.12    eta:   -0.1677
     O    8    sigma_11=   -222.75    axis=( -0.180981  0.955865  0.231449)
     O    8    sigma_22=   -278.22    axis=( -0.446774 -0.289558  0.846493)
     O    8    sigma_33=    245.64    axis=( -0.876150 -0.049794 -0.479460)
 
     Atom  9  C   pos: (  0.328676  0.391679  0.114400)  Total sigma:         -10.33
            45.5230          7.3567         40.0584
             0.8570        -63.4542        -35.8271
            38.3969        -45.1905        -13.0602

     C    9    anisotropy:   -119.60    eta:   -0.9397
     C    9    sigma_11=     -7.93    axis=(  0.469410  0.542799 -0.696436)
     C    9    sigma_22=     67.00    axis=(  0.864893 -0.123825  0.486443)
     C    9    sigma_33=    -90.06    axis=( -0.177805  0.830684  0.527588)
 
     Atom 10  C   pos: (  0.721183  0.292889  0.158135)  Total sigma:         -10.33
            45.5230          7.3567         40.0584
             0.8570        -63.4542        -35.8271
            38.3969        -45.1905        -13.0602

     C   10    anisotropy:   -119.60    eta:   -0.9397
     C   10    sigma_11=     -7.93    axis=(  0.469410  0.542799 -0.696436)
     C   10    sigma_22=     67.00    axis=(  0.864893 -0.123825  0.486443)
     C   10    sigma_33=    -90.06    axis=( -0.177805  0.830684  0.527588)
 
     Atom 11  C   pos: (  0.320890  0.279859  0.114989)  Total sigma:          55.77
            83.0223        -10.9978        -45.2659
           -18.9536        -25.3943         -0.7104
           -30.8741          7.1800        109.6899

     C   11    anisotropy:   -124.84    eta:   -0.9636
     C   11    sigma_11=     57.29    axis=( -0.799423  0.121778 -0.588297)
     C   11    sigma_22=    137.48    axis=( -0.584345  0.069784  0.808499)
     C   11    sigma_33=    -27.45    axis=(  0.139511  0.990101  0.015374)
 
     Atom 12  C   pos: (  0.728969  0.404709  0.157545)  Total sigma:          55.77
            83.0223        -10.9978        -45.2659
           -18.9536        -25.3943         -0.7104
           -30.8741          7.1800        109.6899

     C   12    anisotropy:   -124.84    eta:   -0.9636
     C   12    sigma_11=     57.29    axis=( -0.799423  0.121778 -0.588297)
     C   12    sigma_22=    137.48    axis=( -0.584345  0.069784  0.808499)
     C   12    sigma_33=    -27.45    axis=(  0.139511  0.990101  0.015374)
 
     Atom 13  C   pos: (  0.379968  0.228594  0.178964)  Total sigma:          21.04
            58.6461          9.6793        -96.5136
           -26.7150        -67.9308        -24.5806
           -96.2572        -38.2348         72.3987

     C   13    anisotropy:    213.62    eta:   -0.4704
     C   13    sigma_11=    -16.67    axis=(  0.678313 -0.462535  0.570923)
     C   13    sigma_22=    -83.66    axis=( -0.297891 -0.883397 -0.361761)
     C   13    sigma_33=    163.45    axis=( -0.671679 -0.075314  0.737004)
 
     Atom 14  C   pos: (  0.669890  0.455974  0.093570)  Total sigma:          21.04
            58.6461          9.6793        -96.5136
           -26.7150        -67.9308        -24.5806
           -96.2572        -38.2348         72.3987

     C   14    anisotropy:    213.62    eta:   -0.4704
     C   14    sigma_11=    -16.67    axis=(  0.678313 -0.462535  0.570923)
     C   14    sigma_22=    -83.66    axis=( -0.297891 -0.883397 -0.361761)
     C   14    sigma_33=    163.45    axis=( -0.671679 -0.075314  0.737004)
 
     Atom 15  C   pos: (  0.381282  0.122650  0.186878)  Total sigma:          46.27
            56.0272         14.2771        -94.8403
            18.9065        -17.1115         24.1234
           -90.2904         21.7254         99.8804

     C   15    anisotropy:    190.70    eta:   -0.4281
     C   15    sigma_11=      9.91    axis=(  0.576464  0.704762  0.413521)
     C   15    sigma_22=    -44.51    axis=( -0.537869  0.708248 -0.457255)
     C   15    sigma_33=    173.40    axis=( -0.615131  0.041171  0.787349)
 
     Atom 16  C   pos: (  0.668577  0.561917  0.085657)  Total sigma:          46.27
            56.0272         14.2771        -94.8403
            18.9065        -17.1115         24.1234
           -90.2904         21.7254         99.8804

     C   16    anisotropy:    190.70    eta:   -0.4281
     C   16    sigma_11=      9.91    axis=(  0.576464  0.704762  0.413521)
     C   16    sigma_22=    -44.51    axis=( -0.537869  0.708248 -0.457255)
     C   16    sigma_33=    173.40    axis=( -0.615131  0.041171  0.787349)
 
     Atom 17  C   pos: (  0.314782  0.066741  0.134621)  Total sigma:          44.07
            63.1322         14.3526        -51.6612
            23.3836        -36.7662          4.4921
           -53.5346         10.3117        105.8465

     C   17    anisotropy:    145.95    eta:   -0.7785
     C   17    sigma_11=     33.29    axis=( -0.792234 -0.271116 -0.546681)
     C   17    sigma_22=    -42.45    axis=( -0.237917  0.962218 -0.132411)
     C   17    sigma_33=    141.37    axis=( -0.561925 -0.025164  0.826805)
 
     Atom 18  C   pos: (  0.735077  0.617826  0.137913)  Total sigma:          44.07
            63.1322         14.3526        -51.6612
            23.3836        -36.7662          4.4921
           -53.5346         10.3117        105.8465

     C   18    anisotropy:    145.95    eta:   -0.7785
     C   18    sigma_11=     33.29    axis=( -0.792234 -0.271116 -0.546681)
     C   18    sigma_22=    -42.45    axis=( -0.237917  0.962218 -0.132411)
     C   18    sigma_33=    141.37    axis=( -0.561925 -0.025164  0.826805)
 
     Atom 19  C   pos: (  0.328515  0.676256  0.128521)  Total sigma:          -9.03
            41.2831         22.5909         47.2455
            22.5017        -57.0382        -26.3617
            45.2398        -33.5921        -11.3227

     C   19    anisotropy:    116.07    eta:   -0.9928
     C   19    sigma_11=     -9.31    axis=(  0.366724  0.612817 -0.699978)
     C   19    sigma_22=    -86.13    axis=( -0.328068  0.789248  0.519094)
     C   19    sigma_33=     68.35    axis=(  0.870566  0.039276  0.490482)
 
     Atom 20  C   pos: (  0.721344  0.008312  0.144014)  Total sigma:          -9.03
            41.2831         22.5909         47.2455
            22.5017        -57.0382        -26.3617
            45.2398        -33.5921        -11.3227

     C   20    anisotropy:    116.07    eta:   -0.9928
     C   20    sigma_11=     -9.31    axis=(  0.366724  0.612817 -0.699978)
     C   20    sigma_22=    -86.13    axis=( -0.328068  0.789248  0.519094)
     C   20    sigma_33=     68.35    axis=(  0.870566  0.039276  0.490482)
 
     Atom 21  C   pos: (  0.251606  0.225359  0.061213)  Total sigma:          38.80
            32.5303        -19.1671        -94.4039
            -5.0416        -25.3997         35.8485
          -103.1288         12.9306        109.2624

     C   21    anisotropy:    212.38    eta:   -0.0684
     C   21    sigma_11=    -27.15    axis=(  0.420638  0.895661  0.144414)
     C   21    sigma_22=    -36.84    axis=( -0.715266  0.425327 -0.554520)
     C   21    sigma_33=    180.39    axis=( -0.558085  0.129958  0.819544)
 
     Atom 22  C   pos: (  0.798253  0.459208  0.211321)  Total sigma:          38.80
            32.5303        -19.1671        -94.4039
            -5.0416        -25.3997         35.8485
          -103.1288         12.9306        109.2624

     C   22    anisotropy:    212.38    eta:   -0.0684
     C   22    sigma_11=    -27.15    axis=(  0.420638  0.895661  0.144414)
     C   22    sigma_22=    -36.84    axis=( -0.715266  0.425327 -0.554520)
     C   22    sigma_33=    180.39    axis=( -0.558085  0.129958  0.819544)
 
     Atom 23  C   pos: (  0.238550  0.119059  0.084073)  Total sigma:          41.26
            49.0346         -2.4074        -73.2529
            -2.2982        -37.1168         39.3928
          -105.3721         26.0030        111.8750

     C   23    anisotropy:    206.30    eta:   -0.3116
     C   23    sigma_11=     -6.08    axis=(  0.772686  0.431682  0.465411)
     C   23    sigma_22=    -48.93    axis=(  0.291772 -0.892657  0.343560)
     C   23    sigma_33=    178.80    axis=( -0.563761  0.129670  0.815696)
 
     Atom 24  C   pos: (  0.811309  0.565508  0.188461)  Total sigma:          41.26
            49.0346         -2.4074        -73.2529
            -2.2982        -37.1168         39.3928
          -105.3721         26.0030        111.8750

     C   24    anisotropy:    206.30    eta:   -0.3116
     C   24    sigma_11=     -6.08    axis=(  0.772686  0.431682  0.465411)
     C   24    sigma_22=    -48.93    axis=(  0.291772 -0.892657  0.343560)
     C   24    sigma_33=    178.80    axis=( -0.563761  0.129670  0.815696)
 
     Atom 25  C   pos: (  0.179487  0.273543  0.003728)  Total sigma:          37.67
            52.4209         -9.6808        -88.2948
             6.8377        -33.3737          9.5151
           -85.2015         32.3798         93.9574

     C   25    anisotropy:    189.37    eta:   -0.2395
     C   25    sigma_11=    -10.34    axis=(  0.734327  0.431289  0.524169)
     C   25    sigma_22=    -40.58    axis=(  0.292808 -0.897928  0.328615)
     C   25    sigma_33=    163.92    axis=( -0.612394  0.087830  0.785658)
 
     Atom 26  C   pos: (  0.870372  0.411025  0.268806)  Total sigma:          37.67
            52.4209         -9.6808        -88.2948
             6.8377        -33.3737          9.5151
           -85.2015         32.3798         93.9574

     C   26    anisotropy:    189.37    eta:   -0.2395
     C   26    sigma_11=    -10.34    axis=(  0.734327  0.431289  0.524169)
     C   26    sigma_22=    -40.58    axis=(  0.292808 -0.897928  0.328615)
     C   26    sigma_33=    163.92    axis=( -0.612394  0.087830  0.785658)
 
     Atom 27  C   pos: (  0.156822  0.069340  0.044135)  Total sigma:          42.11
            44.7940        -45.2003        -48.8467
           -41.0378        -39.2689         44.5137
           -34.2338         37.1496        120.7962

     C   27    anisotropy:    169.14    eta:   -0.8178
     C   27    sigma_11=     31.84    axis=( -0.839310  0.224691 -0.495048)
     C   27    sigma_22=    -60.38    axis=(  0.329749  0.934371 -0.134970)
     C   27    sigma_33=    154.87    axis=( -0.432232  0.276524  0.858318)
 
     Atom 28  C   pos: (  0.893037  0.615228  0.228400)  Total sigma:          42.11
            44.7940        -45.2003        -48.8467
           -41.0378        -39.2689         44.5137
           -34.2338         37.1496        120.7962

     C   28    anisotropy:    169.14    eta:   -0.8178
     C   28    sigma_11=     31.84    axis=( -0.839310  0.224691 -0.495048)
     C   28    sigma_22=    -60.38    axis=(  0.329749  0.934371 -0.134970)
     C   28    sigma_33=    154.87    axis=( -0.432232  0.276524  0.858318)
 
     Atom 29  C   pos: (  0.107035  0.216299 -0.044569)  Total sigma:          44.53
            43.2722          8.4970       -108.3581
            -7.6458          2.3914         54.6546
           -83.6528         46.1757         87.9286

     C   29    anisotropy:    193.34    eta:   -0.5214
     C   29    sigma_11=     13.69    axis=(  0.561141  0.808685  0.176492)
     C   29    sigma_22=    -53.52    axis=( -0.593185  0.541604 -0.595648)
     C   29    sigma_33=    173.42    axis=( -0.577281  0.229550  0.783616)
 
     Atom 30  C   pos: (  0.942824  0.468268  0.317103)  Total sigma:          44.53
            43.2722          8.4970       -108.3581
            -7.6458          2.3914         54.6546
           -83.6528         46.1757         87.9286

     C   30    anisotropy:    193.34    eta:   -0.5214
     C   30    sigma_11=     13.69    axis=(  0.561141  0.808685  0.176492)
     C   30    sigma_22=    -53.52    axis=( -0.593185  0.541604 -0.595648)
     C   30    sigma_33=    173.42    axis=( -0.577281  0.229550  0.783616)
 
     Atom 31  C   pos: (  0.087570  0.119392 -0.010356)  Total sigma:          47.36
            14.0508        -43.3936        -64.6768
           -71.3770         13.7424         11.7411
           -71.7661         10.4712        114.2939

     C   31    anisotropy:    166.69    eta:   -0.8381
     C   31    sigma_11=     38.37    axis=(  0.422072 -0.762254  0.490738)
     C   31    sigma_22=    -54.77    axis=( -0.759572 -0.592842 -0.267562)
     C   31    sigma_33=    158.49    axis=( -0.494880  0.259821  0.829208)
 
     Atom 32  C   pos: (  0.962289  0.565176  0.282890)  Total sigma:          47.36
            14.0508        -43.3936        -64.6768
           -71.3770         13.7424         11.7411
           -71.7661         10.4712        114.2939

     C   32    anisotropy:    166.69    eta:   -0.8381
     C   32    sigma_11=     38.37    axis=(  0.422072 -0.762254  0.490738)
     C   32    sigma_22=    -54.77    axis=( -0.759572 -0.592842 -0.267562)
     C   32    sigma_33=    158.49    axis=( -0.494880  0.259821  0.829208)
 
     Atom 33  H   pos: (  0.300803  0.510107  0.193296)  Total sigma:          12.83
             0.1435         -0.9702          3.1689
             0.5935         33.4063          1.1558
             2.8520          2.1037          4.9331

     H   33    anisotropy:     31.01    eta:   -0.3698
     H   33    sigma_11=      6.31    axis=( -0.439139  0.050906 -0.896976)
     H   33    sigma_22=     -1.33    axis=( -0.898419 -0.025440  0.438402)
     H   33    sigma_33=     33.50    axis=( -0.000501  0.998379  0.056907)
 
     Atom 34  H   pos: (  0.749056  0.174461  0.079238)  Total sigma:          12.83
             0.1435         -0.9702          3.1689
             0.5935         33.4063          1.1558
             2.8520          2.1037          4.9331

     H   34    anisotropy:     31.01    eta:   -0.3698
     H   34    sigma_11=      6.31    axis=( -0.439139  0.050906 -0.896976)
     H   34    sigma_22=     -1.33    axis=( -0.898419 -0.025440  0.438402)
     H   34    sigma_33=     33.50    axis=( -0.000501  0.998379  0.056907)
 
     Atom 35  H   pos: (  0.371500  0.566306  0.046144)  Total sigma:          15.96
             7.2042         -1.3316          3.1948
            -0.3798         31.2978          2.1116
             1.3765          3.1036          9.3761

     H   35    anisotropy:     23.49    eta:   -0.3255
     H   35    sigma_11=     10.68    axis=( -0.561582  0.080834 -0.823463)
     H   35    sigma_22=      5.58    axis=( -0.827069 -0.083879  0.555807)
     H   35    sigma_33=     31.62    axis=( -0.024143  0.993192  0.113961)
 
     Atom 36  H   pos: (  0.678358  0.118262  0.226390)  Total sigma:          15.96
             7.2042         -1.3316          3.1948
            -0.3798         31.2978          2.1116
             1.3765          3.1036          9.3761

     H   36    anisotropy:     23.49    eta:   -0.3255
     H   36    sigma_11=     10.68    axis=( -0.561582  0.080834 -0.823463)
     H   36    sigma_22=      5.58    axis=( -0.827069 -0.083879  0.555807)
     H   36    sigma_33=     31.62    axis=( -0.024143  0.993192  0.113961)
 
     Atom 37  H   pos: (  0.427344  0.271673  0.229243)  Total sigma:          22.55
            19.6656          0.1038          1.7658
            -3.1359         23.7525         -0.4054
             1.0391         -5.0751         24.2216

     H   37    anisotropy:      7.12    eta:   -0.4532
     H   37    sigma_11=     21.25    axis=( -0.071267  0.716425  0.694014)
     H   37    sigma_22=     19.10    axis=(  0.962790  0.231252 -0.139852)
     H   37    sigma_33=     27.29    axis=(  0.260686 -0.658223  0.706247)
 
     Atom 38  H   pos: (  0.622514  0.412894  0.043291)  Total sigma:          22.55
            19.6656          0.1038          1.7658
            -3.1359         23.7525         -0.4054
             1.0391         -5.0751         24.2216

     H   38    anisotropy:      7.12    eta:   -0.4532
     H   38    sigma_11=     21.25    axis=( -0.071267  0.716425  0.694014)
     H   38    sigma_22=     19.10    axis=(  0.962790  0.231252 -0.139852)
     H   38    sigma_33=     27.29    axis=(  0.260686 -0.658223  0.706247)
 
     Atom 39  H   pos: (  0.436507  0.087775  0.236002)  Total sigma:          26.31
            24.6157          2.7239         -0.2085
             2.5581         25.1997          0.3277
            -1.2587          1.3373         29.1244

     H   39    anisotropy:     -6.35    eta:   -0.4134
     H   39    sigma_11=     27.56    axis=(  0.676514  0.732852 -0.072504)
     H   39    sigma_22=     29.31    axis=( -0.065289  0.157751  0.985318)
     H   39    sigma_33=     22.08    axis=( -0.733530  0.661848 -0.154568)
 
     Atom 40  H   pos: (  0.613351  0.596793  0.036533)  Total sigma:          26.31
            24.6157          2.7239         -0.2085
             2.5581         25.1997          0.3277
            -1.2587          1.3373         29.1244

     H   40    anisotropy:     -6.35    eta:   -0.4134
     H   40    sigma_11=     27.56    axis=(  0.676514  0.732852 -0.072504)
     H   40    sigma_22=     29.31    axis=( -0.065289  0.157751  0.985318)
     H   40    sigma_33=     22.08    axis=( -0.733530  0.661848 -0.154568)
 
     Atom 41  H   pos: (  0.176837  0.354872 -0.000242)  Total sigma:          23.22
            22.8905          1.7560          1.1438
             5.2250         23.6473         -1.3256
             2.8834          3.1020         23.1130

     H   41    anisotropy:      6.70    eta:   -0.6693
     H   41    sigma_11=     22.48    axis=(  0.055399  0.494013 -0.867688)
     H   41    sigma_22=     19.49    axis=(  0.763524 -0.580948 -0.282012)
     H   41    sigma_33=     27.68    axis=(  0.643399  0.646877  0.409375)
 
     Atom 42  H   pos: (  0.873022  0.329696  0.272776)  Total sigma:          23.22
            22.8905          1.7560          1.1438
             5.2250         23.6473         -1.3256
             2.8834          3.1020         23.1130

     H   42    anisotropy:      6.70    eta:   -0.6693
     H   42    sigma_11=     22.48    axis=(  0.055399  0.494013 -0.867688)
     H   42    sigma_22=     19.49    axis=(  0.763524 -0.580948 -0.282012)
     H   42    sigma_33=     27.68    axis=(  0.643399  0.646877  0.409375)
 
     Atom 43  H   pos: (  0.147132  0.712268  0.065848)  Total sigma:          24.43
            26.0867         -0.0680          3.0880
            -2.3740         22.2464         -0.1438
             5.3304         -3.5400         24.9688

     H   43    anisotropy:      8.86    eta:   -0.2023
     H   43    sigma_11=     22.08    axis=(  0.543026  0.788689 -0.288258)
     H   43    sigma_22=     20.88    axis=( -0.438298  0.559022  0.703839)
     H   43    sigma_33=     30.34    axis=(  0.716252 -0.255860  0.649244)
 
     Atom 44  H   pos: (  0.902727 -0.027701  0.206687)  Total sigma:          24.43
            26.0867         -0.0680          3.0880
            -2.3740         22.2464         -0.1438
             5.3304         -3.5400         24.9688

     H   44    anisotropy:      8.86    eta:   -0.2023
     H   44    sigma_11=     22.08    axis=(  0.543026  0.788689 -0.288258)
     H   44    sigma_22=     20.88    axis=( -0.438298  0.559022  0.703839)
     H   44    sigma_33=     30.34    axis=(  0.716252 -0.255860  0.649244)
 
     Atom 45  H   pos: (  1.056306  0.252022 -0.097827)  Total sigma:          27.02
            25.3644          1.0852         -4.1415
             0.1421         24.5125          1.1987
            -2.6073          1.8759         31.1872

     H   45    anisotropy:      8.80    eta:   -0.4147
     H   45    sigma_11=     25.30    axis=(  0.616390  0.772706  0.151619)
     H   45    sigma_22=     22.87    axis=( -0.680722  0.619671 -0.390672)
     H   45    sigma_33=     32.89    axis=( -0.395828  0.137596  0.907958)
 
     Atom 46  H   pos: ( -0.006447  0.432546  0.370361)  Total sigma:          27.02
            25.3644          1.0852         -4.1415
             0.1421         24.5125          1.1987
            -2.6073          1.8759         31.1872

     H   46    anisotropy:      8.80    eta:   -0.4147
     H   46    sigma_11=     25.30    axis=(  0.616390  0.772706  0.151619)
     H   46    sigma_22=     22.87    axis=( -0.680722  0.619671 -0.390672)
     H   46    sigma_33=     32.89    axis=( -0.395828  0.137596  0.907958)
 
     Atom 47  H   pos: (  1.021012  0.080017 -0.037876)  Total sigma:          24.56
            25.4048          0.6990          2.6416
            -0.5650         24.0528         -0.4322
             2.0423         -5.7373         24.2371

     H   47    anisotropy:     -6.18    eta:   -0.8106
     H   47    sigma_11=     24.96    axis=( -0.766699 -0.620473  0.164883)
     H   47    sigma_22=     28.30    axis=(  0.542242 -0.488335  0.683741)
     H   47    sigma_33=     20.44    axis=( -0.343725  0.613630  0.710852)
 
     Atom 48  H   pos: (  0.028847  0.604551  0.310411)  Total sigma:          24.56
            25.4048          0.6990          2.6416
            -0.5650         24.0528         -0.4322
             2.0423         -5.7373         24.2371

     H   48    anisotropy:     -6.18    eta:   -0.8106
     H   48    sigma_11=     24.96    axis=( -0.766699 -0.620473  0.164883)
     H   48    sigma_22=     28.30    axis=(  0.542242 -0.488335  0.683741)
     H   48    sigma_33=     20.44    axis=( -0.343725  0.613630  0.710852)
 
     Initialization:
     gipaw_setup  :      0.50s CPU      0.52s WALL (       1 calls)
 
     Linear response
     greenf       :  11169.56s CPU  11367.52s WALL (     288 calls)
     cgsolve      :  11115.20s CPU  11312.98s WALL (     288 calls)
     ch_psi       :  10888.01s CPU  11085.54s WALL (   19802 calls)
     h_psiq       :   8654.63s CPU   8848.05s WALL (   19802 calls)
 
     Apply operators
     h_psi        :   7918.01s CPU   8132.16s WALL (   24271 calls)
     apply_vel    :    135.99s CPU    136.18s WALL (     252 calls)
 
     Induced current
     j_para       :    557.48s CPU    569.72s WALL (     324 calls)
     biot_savart  :      0.05s CPU      0.06s WALL (       1 calls)
 
     Other routines
 
     General routines
     calbec       :   2499.84s CPU   2512.48s WALL (   66311 calls)
     fft          :      0.11s CPU      0.13s WALL (      32 calls)
     fftw         :   6212.75s CPU   6418.46s WALL ( 3847974 calls)
     davcio       :      0.03s CPU      0.99s WALL (     192 calls)
 
     Parallel routines
     fft_scatter  :   1446.56s CPU   1582.39s WALL ( 3848006 calls)
 
     Plugins
 
     GIPAW        :  13486.91s CPU  13734.00s WALL (       1 calls)
