
     Program QE v.6.1 (svn rev. 13369) starts on 11Nov2017 at  0:58:22 

     This program is part of the open-source Quantum ESPRESSO suite
     for quantum simulation of materials; please cite
         "P. Giannozzi et al., J. Phys.:Condens. Matter 21 395502 (2009);
          URL http://www.quantum-espresso.org", 
     in publications or presentations arising from this work. More details at
     http://www.quantum-espresso.org/quote

     Parallel version (MPI), running on     8 processors
     R & G space division:  proc/nbgrp/npool/nimage =       8
 
     ***** This is GIPAW svn revision unknown      *****
 
     Parallelizing q-star over 1 images
     Message from routine gipaw_readin:
     *** iverbosity is obsolete, use verbosity instead ***

     Reading data from directory:
     /scratch/ahofstet/ML/CCDC/NTRACD/wfc/scf.save

   Info: using nr1, nr2, nr3 values from input

   Info: using nr1, nr2, nr3 values from input

     IMPORTANT: XC functional enforced from input :
     Exchange-correlation      =  SLA  PW   PBX  PBC ( 1  4  3  4 0 0)
     Any further DFT definition will be discarded
     Please, verify this is what you really want

               file C.pbe-n-kjpaw_psl.0.1.UPF: wavefunction(s)  2P renormalized
               file N.pbe-n-kjpaw_psl.0.1.UPF: wavefunction(s)  2P renormalized
               file H.pbe-kjpaw_psl.0.1.UPF: wavefunction(s)  1S renormalized
               file O.pbe-n-kjpaw_psl.0.1.UPF: wavefunction(s)  2P renormalized
 
     Parallelization info
     --------------------
     sticks:   dense  smooth     PW     G-vecs:    dense   smooth      PW
     Min         817     817    220                47081    47081    6558
     Max         818     818    221                47084    47084    6560
     Sum        6543    6543   1765               376659   376659   52473
 

     Check: negative/imaginary core charge=   -0.000003    0.000000

     Subspace diagonalization in iterative solution of the eigenvalue problem:
     a serial algorithm will be used

     GIPAW projectors -----------------------------------------------
     atom=  C    l=0  rc=    1.3000  rs=    0.8667
     atom=  C    l=0  rc=    1.3000  rs=    0.8667
     atom=  C    l=1  rc=    1.4500  rs=    0.9667
     atom=  C    l=1  rc=    1.4500  rs=    0.9667
     projs nearly linearly dependent: l=0  n1,n2= 1, 2  s=  0.99877758
     projs nearly linearly dependent: l=1  n1,n2= 1, 2  s=  0.99940894
 
     atom=  N    l=0  rc=    1.3000  rs=    0.8667
     atom=  N    l=0  rc=    1.3000  rs=    0.8667
     atom=  N    l=1  rc=    1.4500  rs=    0.9667
     atom=  N    l=1  rc=    1.4500  rs=    0.9667
     projs nearly linearly dependent: l=0  n1,n2= 1, 2  s=  0.99709514
     projs nearly linearly dependent: l=1  n1,n2= 1, 2  s=  0.99857174
 
     atom=  H    l=0  rc=    1.0000  rs=    0.6667
     atom=  H    l=0  rc=    1.0000  rs=    0.6667
     projs nearly linearly dependent: l=0  n1,n2= 1, 2  s=  0.99968852
 
     atom=  O    l=0  rc=    1.3500  rs=    0.9000
     atom=  O    l=0  rc=    1.3500  rs=    0.9000
     atom=  O    l=1  rc=    1.3500  rs=    0.9000
     atom=  O    l=1  rc=    1.3500  rs=    0.9000
     projs nearly linearly dependent: l=0  n1,n2= 1, 2  s=  0.99100135
     projs nearly linearly dependent: l=1  n1,n2= 1, 2  s=  0.99790100
     -----------------------------------------------------------------
 
     alpha_pv=     48.4470 eV
 
     q-space interpolation up to   110.00 Rydberg
 
     GIPAW job: nmr                                                                             
     NMR macroscopic correction: yes
             0.6667          0.0000          0.0000
             0.0000          0.6667          0.0000
             0.0000          0.0000          0.6667

 
     Largest allocated arrays     est. size (Mb)     dimensions
        KS wavefunctions at k           8.64 Mb     (    5896,   96)
        KS wavefunctions at k+q         8.64 Mb     (    5896,   96)
        First-order wavefunctions      86.37 Mb     (    5896,   96, 10)
        First-order wavefunct (US)     51.82 Mb     (    5896,   96,  6)
        Charge/spin density             0.79 Mb     (  103680,    1)
        Induced current                 7.12 Mb     (  103680,    3,3,1)
        Induced magnetic field          7.12 Mb     (  103680,    3,3,1)
        NL pseudopotentials            22.31 Mb     (    5896,  248)
        GIPAW NL terms                 22.31 Mb     (    5896,  248)
 
     Computing the magnetic susceptibility     isolve=0    ethr=  0.1000E-13
     k-point #    1 of    14      pool #  1    cpu time:      14.1
     Rotating WFCS
     Rotating WFCS
     c_bands:  1 eigenvalues not converged
     Rotating WFCS
     Rotating WFCS
     Rotating WFCS
     Rotating WFCS
     Rotating WFCS
     k-point #    2 of    14      pool #  1    cpu time:     817.3
     Rotating WFCS
     Rotating WFCS
     Rotating WFCS
     Rotating WFCS
     Rotating WFCS
     Rotating WFCS
     Rotating WFCS
     k-point #    3 of    14      pool #  1    cpu time:    1640.0
     Rotating WFCS
     c_bands:  1 eigenvalues not converged
     Rotating WFCS
     c_bands:  2 eigenvalues not converged
     Rotating WFCS
     c_bands:  2 eigenvalues not converged
     Rotating WFCS
     c_bands:  1 eigenvalues not converged
     Rotating WFCS
     c_bands:  1 eigenvalues not converged
     Rotating WFCS
     Rotating WFCS
     k-point #    4 of    14      pool #  1    cpu time:    2490.9
     Rotating WFCS
     Rotating WFCS
     Rotating WFCS
     Rotating WFCS
     Rotating WFCS
     Rotating WFCS
     Rotating WFCS
     k-point #    5 of    14      pool #  1    cpu time:    3290.5
     Rotating WFCS
     Rotating WFCS
     Rotating WFCS
     Rotating WFCS
     Rotating WFCS
     Rotating WFCS
     Rotating WFCS
     k-point #    6 of    14      pool #  1    cpu time:    4098.2
     Rotating WFCS
     c_bands:  1 eigenvalues not converged
     Rotating WFCS
     c_bands:  1 eigenvalues not converged
     Rotating WFCS
     c_bands:  1 eigenvalues not converged
     Rotating WFCS
     c_bands:  1 eigenvalues not converged
     Rotating WFCS
     c_bands:  1 eigenvalues not converged
     Rotating WFCS
     c_bands:  1 eigenvalues not converged
     Rotating WFCS
     c_bands:  1 eigenvalues not converged
     k-point #    7 of    14      pool #  1    cpu time:    4950.6
     Rotating WFCS
     Rotating WFCS
     Rotating WFCS
     Rotating WFCS
     Rotating WFCS
     Rotating WFCS
     Rotating WFCS
     k-point #    8 of    14      pool #  1    cpu time:    5750.3
     Rotating WFCS
     Rotating WFCS
     Rotating WFCS
     Rotating WFCS
     Rotating WFCS
     Rotating WFCS
     Rotating WFCS
     k-point #    9 of    14      pool #  1    cpu time:    6603.7
     Rotating WFCS
     Rotating WFCS
     Rotating WFCS
     Rotating WFCS
     Rotating WFCS
     Rotating WFCS
     Rotating WFCS
     k-point #   10 of    14      pool #  1    cpu time:    7406.7
     Rotating WFCS
     Rotating WFCS
     Rotating WFCS
     Rotating WFCS
     Rotating WFCS
     Rotating WFCS
     Rotating WFCS
     k-point #   11 of    14      pool #  1    cpu time:    8237.7
     Rotating WFCS
     Rotating WFCS
     Rotating WFCS
     Rotating WFCS
     Rotating WFCS
     Rotating WFCS
     Rotating WFCS
     k-point #   12 of    14      pool #  1    cpu time:    9020.0
     Rotating WFCS
     c_bands:  1 eigenvalues not converged
     Rotating WFCS
     c_bands:  1 eigenvalues not converged
     Rotating WFCS
     Rotating WFCS
     Rotating WFCS
     c_bands:  1 eigenvalues not converged
     Rotating WFCS
     c_bands:  1 eigenvalues not converged
     Rotating WFCS
     c_bands:  1 eigenvalues not converged
     k-point #   13 of    14      pool #  1    cpu time:    9868.5
     Rotating WFCS
     Rotating WFCS
     Rotating WFCS
     Rotating WFCS
     Rotating WFCS
     Rotating WFCS
     Rotating WFCS
     k-point #   14 of    14      pool #  1    cpu time:   10614.1
     Rotating WFCS
     Rotating WFCS
     Rotating WFCS
     Rotating WFCS
     Rotating WFCS
     Rotating WFCS
     Rotating WFCS
     End of magnetic susceptibility calculation
 
     f-sum rule (1st term):
          -150.1235         -0.0000         -0.1136
            -0.0000       -150.3232         -0.0000
            -0.1128         -0.0000       -150.3450

     f-sum rule (2nd term):
            -4.0584          0.0000          0.1137
             0.0000         -3.8586         -0.0000
             0.1129         -0.0000         -3.8369

     f-sum rule (should be  -154.1816):
          -154.1819         -0.0000          0.0001
            -0.0000       -154.1819         -0.0000
             0.0001         -0.0000       -154.1819

     chi_bare pGv (HH) in paratec units:
       -35.279012     -0.195397      0.754658
        -0.218765    -31.043599     -0.024004
         0.254038     -0.033359    -33.130170

       -35.279012     -0.195397      0.754658
        -0.218765    -31.043599     -0.024004
         0.254038     -0.033359    -33.130170

     chi_bare vGv (VV) in paratec units:
       -33.722314     -0.218112     -0.143513
        -0.246479    -30.790178     -0.006216
        -0.144848     -0.017229    -32.621467

       -33.722314     -0.218112     -0.143513
        -0.246479    -30.790178     -0.006216
        -0.144848     -0.017229    -32.621467

     chi_bare pGv (HH) in 10^{-6} cm^3/mol:
          -167.6492         -0.9285          3.5862
            -1.0396       -147.5221         -0.1141
             1.2072         -0.1585       -157.4377

     chi_bare vGv (VV) in 10^{-6} cm^3/mol:
          -160.2516         -1.0365         -0.6820
            -1.1713       -146.3178         -0.0295
            -0.6883         -0.0819       -155.0203

     Contributions to the NMR chemical shifts: -------------------------------
 
     Macroscopic shape contribution in ppm:                    5.30
             5.6453          0.0000          0.0000
             0.0000          4.9676          0.0000
             0.0000          0.0000          5.3015

 
     Core contribution in ppm:
 
     Atom  1  C   pos: (  0.273071  0.875351  0.388272)  core sigma:         200.51
     Atom  2  C   pos: (  0.008233  1.940017  0.303239)  core sigma:         200.51
     Atom  3  C   pos: (  0.289537  1.253979  0.994750)  core sigma:         200.51
     Atom  4  C   pos: (  0.554375  0.189314  1.079783)  core sigma:         200.51
     Atom  5  O   pos: (  0.451249  0.849024  0.543299)  core sigma:         271.07
     Atom  6  O   pos: (  0.830054  1.913689  0.148213)  core sigma:         271.07
     Atom  7  O   pos: (  0.111358  1.280306  0.839724)  core sigma:         271.07
     Atom  8  O   pos: ( -0.267447  0.215641  1.234810)  core sigma:         271.07
     Atom  9  O   pos: (  0.075818  1.029839  0.409300)  core sigma:         271.07
     Atom 10  O   pos: (  0.205486  2.094505  0.282211)  core sigma:         271.07
     Atom 11  O   pos: (  0.486789  1.099491  0.973722)  core sigma:         271.07
     Atom 12  O   pos: (  0.357122  0.034826  1.100811)  core sigma:         271.07
     Atom 13  C   pos: (  0.255092  0.711051  0.148160)  core sigma:         200.51
     Atom 14  C   pos: (  0.026212  1.775716  0.543351)  core sigma:         200.51
     Atom 15  C   pos: (  0.307516  1.418279  1.234862)  core sigma:         200.51
     Atom 16  C   pos: (  0.536395  0.353614  0.839671)  core sigma:         200.51
     Atom 17  N   pos: (  0.514090  0.622726  0.067869)  core sigma:         235.78
     Atom 18  N   pos: (  0.767213  1.687392  0.623642)  core sigma:         235.78
     Atom 19  N   pos: (  0.048517  1.506604  1.315153)  core sigma:         235.78
     Atom 20  N   pos: ( -0.204606  0.441939  0.759380)  core sigma:         235.78
     Atom 21  O   pos: (  0.597591  0.421453  0.162100)  core sigma:         271.07
     Atom 22  O   pos: (  0.683713  1.486119  0.529411)  core sigma:         271.07
     Atom 23  O   pos: ( -0.034984  1.707877  1.220922)  core sigma:         271.07
     Atom 24  O   pos: ( -0.121105  0.643212  0.853612)  core sigma:         271.07
     Atom 25  O   pos: (  0.192945  0.757040  1.292156)  core sigma:         271.07
     Atom 26  O   pos: (  0.650966  1.821705  0.782377)  core sigma:         271.07
     Atom 27  O   pos: (  0.369662  1.372291  0.090866)  core sigma:         271.07
     Atom 28  O   pos: ( -0.088358  0.307625  0.600645)  core sigma:         271.07
     Atom 29  H   pos: (  0.084331  1.125825  0.582096)  core sigma:           0.00
     Atom 30  H   pos: (  0.196973  0.061160  0.109415)  core sigma:           0.00
     Atom 31  H   pos: (  0.478276  1.003505  0.800926)  core sigma:           0.00
     Atom 32  H   pos: (  0.365635  2.068170  1.273608)  core sigma:           0.00
     Atom 33  H   pos: (  0.137425  0.541678  0.197697)  core sigma:           0.00
     Atom 34  H   pos: (  0.143879  1.606343  0.493815)  core sigma:           0.00
     Atom 35  H   pos: (  0.425182  1.587653  1.185326)  core sigma:           0.00
     Atom 36  H   pos: (  0.418729  0.522987  0.889208)  core sigma:           0.00
     Atom 37  H   pos: ( -0.271083  0.817167  1.371385)  core sigma:           0.00
     Atom 38  H   pos: (  0.114994  1.881832  0.703149)  core sigma:           0.00
     Atom 39  H   pos: (  0.833690  1.312164  0.011637)  core sigma:           0.00
     Atom 40  H   pos: (  0.447614  0.247499  0.679874)  core sigma:           0.00
 
     Bare contribution in ppm:
 
     Atom  1  C   pos: (  0.273071  0.875351  0.388272)  bare sigma:         -77.09
           -70.5493         18.0256          5.2322
            15.1521        -77.7064        -28.2567
             4.3585        -26.6051        -83.0196

     Atom  2  C   pos: (  0.008233  1.940017  0.303239)  bare sigma:         -77.09
           -70.5501        -18.0260          5.2322
           -15.1525        -77.7072         28.2572
             4.3585         26.6056        -83.0208

     Atom  3  C   pos: (  0.289537  1.253979  0.994750)  bare sigma:         -77.09
           -70.5493         18.0256          5.2322
            15.1521        -77.7064        -28.2567
             4.3585        -26.6051        -83.0196

     Atom  4  C   pos: (  0.554375  0.189314  1.079783)  bare sigma:         -77.09
           -70.5501        -18.0260          5.2322
           -15.1525        -77.7072         28.2572
             4.3585         26.6056        -83.0208

     Atom  5  O   pos: (  0.451249  0.849024  0.543299)  bare sigma:         -11.52
           -30.1949         59.5664        -25.7009
            48.1560          8.8271        -42.2143
           -31.1169        -37.6113        -13.2059

     Atom  6  O   pos: (  0.830054  1.913689  0.148213)  bare sigma:         -11.53
           -30.1966        -59.5671        -25.7018
           -48.1565          8.8266         42.2150
           -31.1181         37.6118        -13.2074

     Atom  7  O   pos: (  0.111358  1.280306  0.839724)  bare sigma:         -11.52
           -30.1949         59.5664        -25.7009
            48.1560          8.8271        -42.2143
           -31.1169        -37.6113        -13.2059

     Atom  8  O   pos: ( -0.267447  0.215641  1.234810)  bare sigma:         -11.53
           -30.1966        -59.5671        -25.7018
           -48.1565          8.8266         42.2150
           -31.1181         37.6118        -13.2074

     Atom  9  O   pos: (  0.075818  1.029839  0.409300)  bare sigma:          20.07
            24.3170         -7.6947        -46.2916
            12.5124         40.8363        -13.7524
           -16.8940        -25.9168         -4.9569

     Atom 10  O   pos: (  0.205486  2.094505  0.282211)  bare sigma:          20.06
            24.3166          7.6947        -46.2921
           -12.5128         40.8359         13.7527
           -16.8940         25.9173         -4.9577

     Atom 11  O   pos: (  0.486789  1.099491  0.973722)  bare sigma:          20.07
            24.3170         -7.6947        -46.2916
            12.5124         40.8363        -13.7524
           -16.8940        -25.9168         -4.9569

     Atom 12  O   pos: (  0.357122  0.034826  1.100811)  bare sigma:          20.06
            24.3166          7.6947        -46.2921
           -12.5128         40.8359         13.7527
           -16.8940         25.9173         -4.9577

     Atom 13  C   pos: (  0.255092  0.711051  0.148160)  bare sigma:         -27.04
            -9.8145        -11.6180         -9.7777
           -15.2064        -35.4162          4.6225
           -15.4952          4.1944        -35.8968

     Atom 14  C   pos: (  0.026212  1.775716  0.543351)  bare sigma:         -27.04
            -9.8154         11.6180         -9.7775
            15.2064        -35.4167         -4.6226
           -15.4952         -4.1943        -35.8970

     Atom 15  C   pos: (  0.307516  1.418279  1.234862)  bare sigma:         -27.04
            -9.8145        -11.6180         -9.7777
           -15.2064        -35.4162          4.6225
           -15.4952          4.1944        -35.8968

     Atom 16  C   pos: (  0.536395  0.353614  0.839671)  bare sigma:         -27.04
            -9.8154         11.6180         -9.7775
            15.2064        -35.4167         -4.6226
           -15.4952         -4.1943        -35.8970

     Atom 17  N   pos: (  0.514090  0.622726  0.067869)  bare sigma:         -81.62
          -106.1354         22.1166         29.2273
            21.3494        -80.1201         24.6890
            28.1264         25.8287        -58.6174

     Atom 18  N   pos: (  0.767213  1.687392  0.623642)  bare sigma:         -81.62
          -106.1357        -22.1170         29.2274
           -21.3498        -80.1201        -24.6887
            28.1263        -25.8286        -58.6172

     Atom 19  N   pos: (  0.048517  1.506604  1.315153)  bare sigma:         -81.62
          -106.1354         22.1166         29.2273
            21.3494        -80.1201         24.6890
            28.1264         25.8287        -58.6174

     Atom 20  N   pos: ( -0.204606  0.441939  0.759380)  bare sigma:         -81.62
          -106.1357        -22.1170         29.2274
           -21.3498        -80.1201        -24.6887
            28.1263        -25.8286        -58.6172

     Atom 21  O   pos: (  0.597591  0.421453  0.162100)  bare sigma:        -114.33
          -117.9106         61.0412         35.8248
            23.5279       -156.6024        115.1059
            71.7156         81.9807        -68.4705

     Atom 22  O   pos: (  0.683713  1.486119  0.529411)  bare sigma:        -114.34
          -117.9177        -61.0455         35.8251
           -23.5316       -156.6144       -115.1120
            71.7167        -81.9860        -68.4754

     Atom 23  O   pos: ( -0.034984  1.707877  1.220922)  bare sigma:        -114.33
          -117.9106         61.0412         35.8248
            23.5279       -156.6024        115.1059
            71.7156         81.9807        -68.4705

     Atom 24  O   pos: ( -0.121105  0.643212  0.853612)  bare sigma:        -114.34
          -117.9177        -61.0455         35.8251
           -23.5316       -156.6144       -115.1120
            71.7167        -81.9860        -68.4754

     Atom 25  O   pos: (  0.192945  0.757040  1.292156)  bare sigma:        -110.08
          -117.1185          4.7499         75.4800
            56.7500       -132.5661         72.7285
            49.2858        112.3429        -80.5510

     Atom 26  O   pos: (  0.650966  1.821705  0.782377)  bare sigma:        -110.07
          -117.1127         -4.7507         75.4765
           -56.7508       -132.5588        -72.7237
            49.2823       -112.3380        -80.5448

     Atom 27  O   pos: (  0.369662  1.372291  0.090866)  bare sigma:        -110.08
          -117.1185          4.7499         75.4800
            56.7500       -132.5661         72.7285
            49.2858        112.3429        -80.5510

     Atom 28  O   pos: ( -0.088358  0.307625  0.600645)  bare sigma:        -110.07
          -117.1127         -4.7507         75.4765
           -56.7508       -132.5588        -72.7237
            49.2823       -112.3380        -80.5448

     Atom 29  H   pos: (  0.084331  1.125825  0.582096)  bare sigma:           9.11
             1.0885         -2.9797         -0.8831
            -1.8835          8.3515         12.8740
             0.3980         11.7525         17.9019

     Atom 30  H   pos: (  0.196973  0.061160  0.109415)  bare sigma:           9.11
             1.0884          2.9798         -0.8831
             1.8836          8.3515        -12.8740
             0.3981        -11.7525         17.9018

     Atom 31  H   pos: (  0.478276  1.003505  0.800926)  bare sigma:           9.11
             1.0885         -2.9797         -0.8831
            -1.8835          8.3515         12.8740
             0.3980         11.7525         17.9019

     Atom 32  H   pos: (  0.365635  2.068170  1.273608)  bare sigma:           9.11
             1.0884          2.9798         -0.8831
             1.8836          8.3515        -12.8740
             0.3981        -11.7525         17.9018

     Atom 33  H   pos: (  0.137425  0.541678  0.197697)  bare sigma:          18.87
            19.4597          1.4099         -0.7154
             0.4188         19.3804          1.1954
            -0.0205          0.9322         17.7590

     Atom 34  H   pos: (  0.143879  1.606343  0.493815)  bare sigma:          18.87
            19.4596         -1.4098         -0.7154
            -0.4188         19.3804         -1.1954
            -0.0205         -0.9322         17.7590

     Atom 35  H   pos: (  0.425182  1.587653  1.185326)  bare sigma:          18.87
            19.4597          1.4099         -0.7154
             0.4188         19.3804          1.1954
            -0.0205          0.9322         17.7590

     Atom 36  H   pos: (  0.418729  0.522987  0.889208)  bare sigma:          18.87
            19.4596         -1.4098         -0.7154
            -0.4188         19.3804         -1.1954
            -0.0205         -0.9322         17.7590

     Atom 37  H   pos: ( -0.271083  0.817167  1.371385)  bare sigma:          18.83
            19.6251         -2.3525          0.4450
            -0.0060         18.3691         -1.5673
             0.6645          0.6161         18.5015

     Atom 38  H   pos: (  0.114994  1.881832  0.703149)  bare sigma:          18.83
            19.6250          2.3526          0.4451
             0.0060         18.3690          1.5672
             0.6644         -0.6161         18.5014

     Atom 39  H   pos: (  0.833690  1.312164  0.011637)  bare sigma:          18.83
            19.6251         -2.3525          0.4450
            -0.0060         18.3691         -1.5673
             0.6645          0.6161         18.5015

     Atom 40  H   pos: (  0.447614  0.247499  0.679874)  bare sigma:          18.83
            19.6250          2.3526          0.4451
             0.0060         18.3690          1.5672
             0.6644         -0.6161         18.5014

     Diamagnetic contribution in ppm:
 
     Atom  1  C   pos: (  0.273071  0.875351  0.388272)  dia sigma:           3.91
             3.9155          0.0732         -0.0976
             0.0732          3.9874         -0.1095
            -0.0976         -0.1095          3.8366

     Atom  2  C   pos: (  0.008233  1.940017  0.303239)  dia sigma:           3.91
             3.9155         -0.0732         -0.0976
            -0.0732          3.9874          0.1095
            -0.0976          0.1095          3.8365

     Atom  3  C   pos: (  0.289537  1.253979  0.994750)  dia sigma:           3.91
             3.9155          0.0732         -0.0976
             0.0732          3.9874         -0.1095
            -0.0976         -0.1095          3.8366

     Atom  4  C   pos: (  0.554375  0.189314  1.079783)  dia sigma:           3.91
             3.9155         -0.0732         -0.0976
            -0.0732          3.9874          0.1095
            -0.0976          0.1095          3.8365

     Atom  5  O   pos: (  0.451249  0.849024  0.543299)  dia sigma:          17.71
            17.8619          0.3001          0.3266
             0.3001         17.4986         -0.3873
             0.3266         -0.3873         17.7777

     Atom  6  O   pos: (  0.830054  1.913689  0.148213)  dia sigma:          17.71
            17.8619         -0.3001          0.3266
            -0.3001         17.4986          0.3873
             0.3266          0.3873         17.7777

     Atom  7  O   pos: (  0.111358  1.280306  0.839724)  dia sigma:          17.71
            17.8619          0.3001          0.3266
             0.3001         17.4986         -0.3873
             0.3266         -0.3873         17.7777

     Atom  8  O   pos: ( -0.267447  0.215641  1.234810)  dia sigma:          17.71
            17.8619         -0.3001          0.3266
            -0.3001         17.4986          0.3873
             0.3266          0.3873         17.7777

     Atom  9  O   pos: (  0.075818  1.029839  0.409300)  dia sigma:          17.90
            17.9203         -0.4113         -0.2327
            -0.4113         18.0204          0.2888
            -0.2327          0.2888         17.7589

     Atom 10  O   pos: (  0.205486  2.094505  0.282211)  dia sigma:          17.90
            17.9203          0.4113         -0.2327
             0.4113         18.0204         -0.2888
            -0.2327         -0.2888         17.7589

     Atom 11  O   pos: (  0.486789  1.099491  0.973722)  dia sigma:          17.90
            17.9203         -0.4113         -0.2327
            -0.4113         18.0204          0.2888
            -0.2327          0.2888         17.7589

     Atom 12  O   pos: (  0.357122  0.034826  1.100811)  dia sigma:          17.90
            17.9203          0.4113         -0.2327
             0.4113         18.0204         -0.2888
            -0.2327         -0.2888         17.7589

     Atom 13  C   pos: (  0.255092  0.711051  0.148160)  dia sigma:           4.30
             4.4447         -0.0802         -0.0759
            -0.0802          4.2069          0.0784
            -0.0759          0.0784          4.2448

     Atom 14  C   pos: (  0.026212  1.775716  0.543351)  dia sigma:           4.30
             4.4448          0.0802         -0.0759
             0.0802          4.2070         -0.0784
            -0.0759         -0.0784          4.2448

     Atom 15  C   pos: (  0.307516  1.418279  1.234862)  dia sigma:           4.30
             4.4447         -0.0802         -0.0759
            -0.0802          4.2069          0.0784
            -0.0759          0.0784          4.2448

     Atom 16  C   pos: (  0.536395  0.353614  0.839671)  dia sigma:           4.30
             4.4448          0.0802         -0.0759
             0.0802          4.2070         -0.0784
            -0.0759         -0.0784          4.2448

     Atom 17  N   pos: (  0.514090  0.622726  0.067869)  dia sigma:           8.66
             8.5735          0.0543          0.0478
             0.0543          8.7053         -0.0232
             0.0478         -0.0232          8.7083

     Atom 18  N   pos: (  0.767213  1.687392  0.623642)  dia sigma:           8.66
             8.5735         -0.0543          0.0478
            -0.0543          8.7053          0.0232
             0.0478          0.0232          8.7083

     Atom 19  N   pos: (  0.048517  1.506604  1.315153)  dia sigma:           8.66
             8.5735          0.0543          0.0478
             0.0543          8.7053         -0.0232
             0.0478         -0.0232          8.7083

     Atom 20  N   pos: ( -0.204606  0.441939  0.759380)  dia sigma:           8.66
             8.5735         -0.0543          0.0478
            -0.0543          8.7053          0.0232
             0.0478          0.0232          8.7083

     Atom 21  O   pos: (  0.597591  0.421453  0.162100)  dia sigma:          16.88
            16.1218         -0.3210          0.7870
            -0.3210         17.6536         -0.1357
             0.7870         -0.1357         16.8791

     Atom 22  O   pos: (  0.683713  1.486119  0.529411)  dia sigma:          16.88
            16.1218          0.3210          0.7870
             0.3210         17.6536          0.1357
             0.7870          0.1357         16.8791

     Atom 23  O   pos: ( -0.034984  1.707877  1.220922)  dia sigma:          16.88
            16.1218         -0.3210          0.7870
            -0.3210         17.6536         -0.1357
             0.7870         -0.1357         16.8791

     Atom 24  O   pos: ( -0.121105  0.643212  0.853612)  dia sigma:          16.88
            16.1218          0.3210          0.7870
             0.3210         17.6536          0.1357
             0.7870          0.1357         16.8791

     Atom 25  O   pos: (  0.192945  0.757040  1.292156)  dia sigma:          16.90
            16.4101          0.9463         -0.2498
             0.9463         16.7873         -0.2364
            -0.2498         -0.2364         17.5012

     Atom 26  O   pos: (  0.650966  1.821705  0.782377)  dia sigma:          16.90
            16.4100         -0.9463         -0.2498
            -0.9463         16.7872          0.2364
            -0.2498          0.2364         17.5011

     Atom 27  O   pos: (  0.369662  1.372291  0.090866)  dia sigma:          16.90
            16.4101          0.9463         -0.2498
             0.9463         16.7873         -0.2364
            -0.2498         -0.2364         17.5012

     Atom 28  O   pos: ( -0.088358  0.307625  0.600645)  dia sigma:          16.90
            16.4100         -0.9463         -0.2498
            -0.9463         16.7872          0.2364
            -0.2498          0.2364         17.5011

     Atom 29  H   pos: (  0.084331  1.125825  0.582096)  dia sigma:           0.89
             0.8894         -0.0000         -0.0000
            -0.0000          0.8894          0.0000
            -0.0000          0.0000          0.8894

     Atom 30  H   pos: (  0.196973  0.061160  0.109415)  dia sigma:           0.89
             0.8894         -0.0000         -0.0000
            -0.0000          0.8894          0.0000
            -0.0000          0.0000          0.8894

     Atom 31  H   pos: (  0.478276  1.003505  0.800926)  dia sigma:           0.89
             0.8894         -0.0000         -0.0000
            -0.0000          0.8894          0.0000
            -0.0000          0.0000          0.8894

     Atom 32  H   pos: (  0.365635  2.068170  1.273608)  dia sigma:           0.89
             0.8894         -0.0000         -0.0000
            -0.0000          0.8894          0.0000
            -0.0000          0.0000          0.8894

     Atom 33  H   pos: (  0.137425  0.541678  0.197697)  dia sigma:           1.10
             1.0954         -0.0000         -0.0000
            -0.0000          1.0954          0.0000
            -0.0000          0.0000          1.0954

     Atom 34  H   pos: (  0.143879  1.606343  0.493815)  dia sigma:           1.10
             1.0954         -0.0000         -0.0000
            -0.0000          1.0954          0.0000
            -0.0000          0.0000          1.0954

     Atom 35  H   pos: (  0.425182  1.587653  1.185326)  dia sigma:           1.10
             1.0954         -0.0000         -0.0000
            -0.0000          1.0954          0.0000
            -0.0000          0.0000          1.0954

     Atom 36  H   pos: (  0.418729  0.522987  0.889208)  dia sigma:           1.10
             1.0954         -0.0000         -0.0000
            -0.0000          1.0954          0.0000
            -0.0000          0.0000          1.0954

     Atom 37  H   pos: ( -0.271083  0.817167  1.371385)  dia sigma:           1.10
             1.1042         -0.0000         -0.0000
            -0.0000          1.1042          0.0000
            -0.0000          0.0000          1.1042

     Atom 38  H   pos: (  0.114994  1.881832  0.703149)  dia sigma:           1.10
             1.1042         -0.0000         -0.0000
            -0.0000          1.1042          0.0000
            -0.0000          0.0000          1.1042

     Atom 39  H   pos: (  0.833690  1.312164  0.011637)  dia sigma:           1.10
             1.1042         -0.0000         -0.0000
            -0.0000          1.1042          0.0000
            -0.0000          0.0000          1.1042

     Atom 40  H   pos: (  0.447614  0.247499  0.679874)  dia sigma:           1.10
             1.1042         -0.0000         -0.0000
            -0.0000          1.1042          0.0000
            -0.0000          0.0000          1.1042

     Paramagnetic contribution in ppm:
 
     Atom  1  C   pos: (  0.273071  0.875351  0.388272)  para sigma:        -123.56
          -120.3450         27.1337          1.7636
            23.3030       -122.0283        -31.6528
             1.0600        -30.1804       -128.3072

     Atom  2  C   pos: (  0.008233  1.940017  0.303239)  para sigma:        -123.56
          -120.3455        -27.1342          1.7636
           -23.3034       -122.0290         31.6534
             1.0600         30.1811       -128.3083

     Atom  3  C   pos: (  0.289537  1.253979  0.994750)  para sigma:        -123.56
          -120.3450         27.1337          1.7636
            23.3030       -122.0283        -31.6528
             1.0600        -30.1804       -128.3072

     Atom  4  C   pos: (  0.554375  0.189314  1.079783)  para sigma:        -123.56
          -120.3455        -27.1342          1.7636
           -23.3034       -122.0290         31.6534
             1.0600         30.1811       -128.3083

     Atom  5  O   pos: (  0.451249  0.849024  0.543299)  para sigma:        -172.28
          -216.6191        138.7825        -56.7426
           119.8966       -133.0692        -91.9125
           -58.1071        -84.8651       -167.1566

     Atom  6  O   pos: (  0.830054  1.913689  0.148213)  para sigma:        -172.28
          -216.6231       -138.7842        -56.7444
          -119.8981       -133.0706         91.9138
           -58.1093         84.8664       -167.1601

     Atom  7  O   pos: (  0.111358  1.280306  0.839724)  para sigma:        -172.28
          -216.6191        138.7825        -56.7426
           119.8966       -133.0692        -91.9125
           -58.1071        -84.8651       -167.1566

     Atom  8  O   pos: ( -0.267447  0.215641  1.234810)  para sigma:        -172.28
          -216.6231       -138.7842        -56.7444
          -119.8981       -133.0706         91.9138
           -58.1093         84.8664       -167.1601

     Atom  9  O   pos: (  0.075818  1.029839  0.409300)  para sigma:        -105.05
           -99.9491        -17.6709       -105.6841
            23.2011        -57.6900        -22.2152
           -44.6436        -47.5062       -157.4979

     Atom 10  O   pos: (  0.205486  2.094505  0.282211)  para sigma:        -105.05
           -99.9502         17.6710       -105.6854
           -23.2017        -57.6913         22.2156
           -44.6438         47.5071       -157.5000

     Atom 11  O   pos: (  0.486789  1.099491  0.973722)  para sigma:        -105.05
           -99.9491        -17.6709       -105.6841
            23.2011        -57.6900        -22.2152
           -44.6436        -47.5062       -157.4979

     Atom 12  O   pos: (  0.357122  0.034826  1.100811)  para sigma:        -105.05
           -99.9502         17.6710       -105.6854
           -23.2017        -57.6913         22.2156
           -44.6438         47.5071       -157.5000

     Atom 13  C   pos: (  0.255092  0.711051  0.148160)  para sigma:         -78.20
           -64.6804         -8.1613         -7.9066
           -12.8338        -83.9153          1.7838
           -12.8241         -0.2056        -85.9902

     Atom 14  C   pos: (  0.026212  1.775716  0.543351)  para sigma:         -78.20
           -64.6818          8.1614         -7.9063
            12.8338        -83.9163         -1.7839
           -12.8240          0.2057        -85.9907

     Atom 15  C   pos: (  0.307516  1.418279  1.234862)  para sigma:         -78.20
           -64.6804         -8.1613         -7.9066
           -12.8338        -83.9153          1.7838
           -12.8241         -0.2056        -85.9902

     Atom 16  C   pos: (  0.536395  0.353614  0.839671)  para sigma:         -78.20
           -64.6818          8.1614         -7.9063
            12.8338        -83.9163         -1.7839
           -12.8240          0.2057        -85.9907

     Atom 17  N   pos: (  0.514090  0.622726  0.067869)  para sigma:        -237.12
          -285.0672         42.8125         55.4612
            41.1037       -232.1662         46.1260
            55.5730         45.3650       -194.1326

     Atom 18  N   pos: (  0.767213  1.687392  0.623642)  para sigma:        -237.12
          -285.0676        -42.8124         55.4619
           -41.1034       -232.1651        -46.1256
            55.5737        -45.3647       -194.1323

     Atom 19  N   pos: (  0.048517  1.506604  1.315153)  para sigma:        -237.12
          -285.0672         42.8125         55.4612
            41.1037       -232.1662         46.1260
            55.5730         45.3650       -194.1326

     Atom 20  N   pos: ( -0.204606  0.441939  0.759380)  para sigma:        -237.12
          -285.0676        -42.8124         55.4619
           -41.1034       -232.1651        -46.1256
            55.5737        -45.3647       -194.1323

     Atom 21  O   pos: (  0.597591  0.421453  0.162100)  para sigma:        -377.57
          -367.6641        107.0938         77.7471
            44.3475       -475.1070        248.8298
           145.8515        180.0726       -289.9306

     Atom 22  O   pos: (  0.683713  1.486119  0.529411)  para sigma:        -377.59
          -367.6821       -107.1044         77.7479
           -44.3568       -475.1380       -248.8453
           145.8539       -180.0860       -289.9436

     Atom 23  O   pos: ( -0.034984  1.707877  1.220922)  para sigma:        -377.57
          -367.6641        107.0938         77.7471
            44.3475       -475.1070        248.8298
           145.8515        180.0726       -289.9306

     Atom 24  O   pos: ( -0.121105  0.643212  0.853612)  para sigma:        -377.59
          -367.6821       -107.1044         77.7479
           -44.3568       -475.1380       -248.8453
           145.8539       -180.0860       -289.9436

     Atom 25  O   pos: (  0.192945  0.757040  1.292156)  para sigma:        -367.78
          -362.8609         13.2462        143.0857
           112.1887       -427.2331        165.1220
           100.4111        242.0702       -313.2529

     Atom 26  O   pos: (  0.650966  1.821705  0.782377)  para sigma:        -367.76
          -362.8448        -13.2489        143.0761
          -112.1912       -427.2138       -165.1091
           100.4016       -242.0573       -313.2359

     Atom 27  O   pos: (  0.369662  1.372291  0.090866)  para sigma:        -367.78
          -362.8609         13.2462        143.0857
           112.1887       -427.2331        165.1220
           100.4111        242.0702       -313.2529

     Atom 28  O   pos: ( -0.088358  0.307625  0.600645)  para sigma:        -367.76
          -362.8448        -13.2489        143.0761
          -112.1912       -427.2138       -165.1091
           100.4016       -242.0573       -313.2359

     Atom 29  H   pos: (  0.084331  1.125825  0.582096)  para sigma:           0.00
             0.0000          0.0000          0.0000
             0.0000          0.0000          0.0000
             0.0000          0.0000          0.0000

     Atom 30  H   pos: (  0.196973  0.061160  0.109415)  para sigma:           0.00
             0.0000          0.0000          0.0000
             0.0000          0.0000          0.0000
             0.0000          0.0000          0.0000

     Atom 31  H   pos: (  0.478276  1.003505  0.800926)  para sigma:           0.00
             0.0000          0.0000          0.0000
             0.0000          0.0000          0.0000
             0.0000          0.0000          0.0000

     Atom 32  H   pos: (  0.365635  2.068170  1.273608)  para sigma:           0.00
             0.0000          0.0000          0.0000
             0.0000          0.0000          0.0000
             0.0000          0.0000          0.0000

     Atom 33  H   pos: (  0.137425  0.541678  0.197697)  para sigma:           0.00
             0.0000          0.0000          0.0000
             0.0000          0.0000          0.0000
             0.0000          0.0000          0.0000

     Atom 34  H   pos: (  0.143879  1.606343  0.493815)  para sigma:           0.00
             0.0000          0.0000          0.0000
             0.0000          0.0000          0.0000
             0.0000          0.0000          0.0000

     Atom 35  H   pos: (  0.425182  1.587653  1.185326)  para sigma:           0.00
             0.0000          0.0000          0.0000
             0.0000          0.0000          0.0000
             0.0000          0.0000          0.0000

     Atom 36  H   pos: (  0.418729  0.522987  0.889208)  para sigma:           0.00
             0.0000          0.0000          0.0000
             0.0000          0.0000          0.0000
             0.0000          0.0000          0.0000

     Atom 37  H   pos: ( -0.271083  0.817167  1.371385)  para sigma:           0.00
             0.0000          0.0000          0.0000
             0.0000          0.0000          0.0000
             0.0000          0.0000          0.0000

     Atom 38  H   pos: (  0.114994  1.881832  0.703149)  para sigma:           0.00
             0.0000          0.0000          0.0000
             0.0000          0.0000          0.0000
             0.0000          0.0000          0.0000

     Atom 39  H   pos: (  0.833690  1.312164  0.011637)  para sigma:           0.00
             0.0000          0.0000          0.0000
             0.0000          0.0000          0.0000
             0.0000          0.0000          0.0000

     Atom 40  H   pos: (  0.447614  0.247499  0.679874)  para sigma:           0.00
             0.0000          0.0000          0.0000
             0.0000          0.0000          0.0000
             0.0000          0.0000          0.0000

     Paramagnetic US occ-occ contribution in ppm:
 
     Atom  1  C   pos: (  0.273071  0.875351  0.388272)  para_oo sigma:          -1.69
            -0.9893          0.1237          0.3447
             0.1392         -1.8709         -0.9326
             0.3294         -0.9594         -2.2242

     Atom  2  C   pos: (  0.008233  1.940017  0.303239)  para_oo sigma:          -1.69
            -0.9893         -0.1237          0.3447
            -0.1392         -1.8709          0.9326
             0.3294          0.9594         -2.2242

     Atom  3  C   pos: (  0.289537  1.253979  0.994750)  para_oo sigma:          -1.69
            -0.9893          0.1237          0.3447
             0.1392         -1.8709         -0.9326
             0.3294         -0.9594         -2.2242

     Atom  4  C   pos: (  0.554375  0.189314  1.079783)  para_oo sigma:          -1.69
            -0.9893         -0.1237          0.3447
            -0.1392         -1.8709          0.9326
             0.3294          0.9594         -2.2242

     Atom  5  O   pos: (  0.451249  0.849024  0.543299)  para_oo sigma:          -2.12
            -0.8367          0.7641          0.7747
            -0.6270         -1.9113         -2.5047
            -1.2827         -1.1951         -3.6027

     Atom  6  O   pos: (  0.830054  1.913689  0.148213)  para_oo sigma:          -2.12
            -0.8367         -0.7641          0.7747
             0.6270         -1.9113          2.5047
            -1.2827          1.1951         -3.6027

     Atom  7  O   pos: (  0.111358  1.280306  0.839724)  para_oo sigma:          -2.12
            -0.8367          0.7641          0.7747
            -0.6270         -1.9113         -2.5047
            -1.2827         -1.1951         -3.6027

     Atom  8  O   pos: ( -0.267447  0.215641  1.234810)  para_oo sigma:          -2.12
            -0.8367         -0.7641          0.7747
             0.6270         -1.9113          2.5047
            -1.2827          1.1951         -3.6027

     Atom  9  O   pos: (  0.075818  1.029839  0.409300)  para_oo sigma:          -1.75
            -0.7612          0.0638         -0.7640
             0.7894         -1.5703         -1.6549
             0.4774         -2.2003         -2.9117

     Atom 10  O   pos: (  0.205486  2.094505  0.282211)  para_oo sigma:          -1.75
            -0.7612         -0.0638         -0.7640
            -0.7894         -1.5703          1.6549
             0.4774          2.2003         -2.9117

     Atom 11  O   pos: (  0.486789  1.099491  0.973722)  para_oo sigma:          -1.75
            -0.7612          0.0638         -0.7640
             0.7894         -1.5703         -1.6549
             0.4774         -2.2003         -2.9117

     Atom 12  O   pos: (  0.357122  0.034826  1.100811)  para_oo sigma:          -1.75
            -0.7612         -0.0638         -0.7640
            -0.7894         -1.5703          1.6549
             0.4774          2.2003         -2.9117

     Atom 13  C   pos: (  0.255092  0.711051  0.148160)  para_oo sigma:          -0.58
            -0.5663          0.1027         -0.0132
             0.1341         -0.6822          0.2731
            -0.1066          0.2692         -0.4928

     Atom 14  C   pos: (  0.026212  1.775716  0.543351)  para_oo sigma:          -0.58
            -0.5663         -0.1027         -0.0132
            -0.1341         -0.6822         -0.2731
            -0.1066         -0.2692         -0.4928

     Atom 15  C   pos: (  0.307516  1.418279  1.234862)  para_oo sigma:          -0.58
            -0.5663          0.1027         -0.0132
             0.1341         -0.6822          0.2731
            -0.1066          0.2692         -0.4928

     Atom 16  C   pos: (  0.536395  0.353614  0.839671)  para_oo sigma:          -0.58
            -0.5663         -0.1027         -0.0132
            -0.1341         -0.6822         -0.2731
            -0.1066         -0.2692         -0.4928

     Atom 17  N   pos: (  0.514090  0.622726  0.067869)  para_oo sigma:          -2.93
            -4.5082          0.7840          0.9679
             0.8496         -2.1680         -0.2139
             0.8771         -0.2769         -2.0995

     Atom 18  N   pos: (  0.767213  1.687392  0.623642)  para_oo sigma:          -2.93
            -4.5082         -0.7839          0.9679
            -0.8496         -2.1680          0.2139
             0.8771          0.2769         -2.0995

     Atom 19  N   pos: (  0.048517  1.506604  1.315153)  para_oo sigma:          -2.93
            -4.5082          0.7840          0.9679
             0.8496         -2.1680         -0.2139
             0.8771         -0.2769         -2.0995

     Atom 20  N   pos: ( -0.204606  0.441939  0.759380)  para_oo sigma:          -2.93
            -4.5082         -0.7839          0.9679
            -0.8496         -2.1680          0.2139
             0.8771          0.2769         -2.0995

     Atom 21  O   pos: (  0.597591  0.421453  0.162100)  para_oo sigma:          -6.09
           -12.1144          3.9845          2.8736
            -0.0815         -2.4464          0.4317
             5.8488         -1.8536         -3.7195

     Atom 22  O   pos: (  0.683713  1.486119  0.529411)  para_oo sigma:          -6.09
           -12.1146         -3.9845          2.8737
             0.0815         -2.4464         -0.4317
             5.8488          1.8536         -3.7196

     Atom 23  O   pos: ( -0.034984  1.707877  1.220922)  para_oo sigma:          -6.09
           -12.1144          3.9845          2.8736
            -0.0815         -2.4464          0.4317
             5.8488         -1.8536         -3.7195

     Atom 24  O   pos: ( -0.121105  0.643212  0.853612)  para_oo sigma:          -6.09
           -12.1146         -3.9845          2.8737
             0.0815         -2.4464         -0.4317
             5.8488          1.8536         -3.7196

     Atom 25  O   pos: (  0.192945  0.757040  1.292156)  para_oo sigma:          -5.88
           -11.1398          2.5286          3.6235
             6.6077         -4.3024         -2.0714
             0.6105          0.1502         -2.1944

     Atom 26  O   pos: (  0.650966  1.821705  0.782377)  para_oo sigma:          -5.88
           -11.1397         -2.5285          3.6235
            -6.6076         -4.3023          2.0713
             0.6105         -0.1502         -2.1943

     Atom 27  O   pos: (  0.369662  1.372291  0.090866)  para_oo sigma:          -5.88
           -11.1398          2.5286          3.6235
             6.6077         -4.3024         -2.0714
             0.6105          0.1502         -2.1944

     Atom 28  O   pos: ( -0.088358  0.307625  0.600645)  para_oo sigma:          -5.88
           -11.1397         -2.5285          3.6235
            -6.6076         -4.3023          2.0713
             0.6105         -0.1502         -2.1943

     Atom 29  H   pos: (  0.084331  1.125825  0.582096)  para_oo sigma:           0.00
             0.0000          0.0000          0.0000
             0.0000          0.0000          0.0000
             0.0000          0.0000          0.0000

     Atom 30  H   pos: (  0.196973  0.061160  0.109415)  para_oo sigma:           0.00
             0.0000          0.0000          0.0000
             0.0000          0.0000          0.0000
             0.0000          0.0000          0.0000

     Atom 31  H   pos: (  0.478276  1.003505  0.800926)  para_oo sigma:           0.00
             0.0000          0.0000          0.0000
             0.0000          0.0000          0.0000
             0.0000          0.0000          0.0000

     Atom 32  H   pos: (  0.365635  2.068170  1.273608)  para_oo sigma:           0.00
             0.0000          0.0000          0.0000
             0.0000          0.0000          0.0000
             0.0000          0.0000          0.0000

     Atom 33  H   pos: (  0.137425  0.541678  0.197697)  para_oo sigma:           0.00
             0.0000          0.0000          0.0000
             0.0000          0.0000          0.0000
             0.0000          0.0000          0.0000

     Atom 34  H   pos: (  0.143879  1.606343  0.493815)  para_oo sigma:           0.00
             0.0000          0.0000          0.0000
             0.0000          0.0000          0.0000
             0.0000          0.0000          0.0000

     Atom 35  H   pos: (  0.425182  1.587653  1.185326)  para_oo sigma:           0.00
             0.0000          0.0000          0.0000
             0.0000          0.0000          0.0000
             0.0000          0.0000          0.0000

     Atom 36  H   pos: (  0.418729  0.522987  0.889208)  para_oo sigma:           0.00
             0.0000          0.0000          0.0000
             0.0000          0.0000          0.0000
             0.0000          0.0000          0.0000

     Atom 37  H   pos: ( -0.271083  0.817167  1.371385)  para_oo sigma:           0.00
             0.0000          0.0000          0.0000
             0.0000          0.0000          0.0000
             0.0000          0.0000          0.0000

     Atom 38  H   pos: (  0.114994  1.881832  0.703149)  para_oo sigma:           0.00
             0.0000          0.0000          0.0000
             0.0000          0.0000          0.0000
             0.0000          0.0000          0.0000

     Atom 39  H   pos: (  0.833690  1.312164  0.011637)  para_oo sigma:           0.00
             0.0000          0.0000          0.0000
             0.0000          0.0000          0.0000
             0.0000          0.0000          0.0000

     Atom 40  H   pos: (  0.447614  0.247499  0.679874)  para_oo sigma:           0.00
             0.0000          0.0000          0.0000
             0.0000          0.0000          0.0000
             0.0000          0.0000          0.0000

     Paramagnetic US L_R Q_R contribution in ppm:
 
     Atom  1  C   pos: (  0.273071  0.875351  0.388272)  para_lq sigma:         -17.08
           -14.5841          2.2242          1.9072
             1.8840        -17.9375         -4.9875
             1.6398         -4.8602        -18.7201

     Atom  2  C   pos: (  0.008233  1.940017  0.303239)  para_lq sigma:         -17.08
           -14.5842         -2.2242          1.9072
            -1.8840        -17.9376          4.9876
             1.6399          4.8603        -18.7202

     Atom  3  C   pos: (  0.289537  1.253979  0.994750)  para_lq sigma:         -17.08
           -14.5841          2.2242          1.9072
             1.8840        -17.9375         -4.9875
             1.6398         -4.8602        -18.7201

     Atom  4  C   pos: (  0.554375  0.189314  1.079783)  para_lq sigma:         -17.08
           -14.5842         -2.2242          1.9072
            -1.8840        -17.9376          4.9876
             1.6399          4.8603        -18.7202

     Atom  5  O   pos: (  0.451249  0.849024  0.543299)  para_lq sigma:        -151.95
          -153.2033          8.1214        -10.1229
             1.7070       -142.2286        -10.8202
           -17.8749         -5.7198       -160.4234

     Atom  6  O   pos: (  0.830054  1.913689  0.148213)  para_lq sigma:        -151.95
          -153.2044         -8.1215        -10.1232
            -1.7070       -142.2295         10.8204
           -17.8753          5.7199       -160.4247

     Atom  7  O   pos: (  0.111358  1.280306  0.839724)  para_lq sigma:        -151.95
          -153.2033          8.1214        -10.1229
             1.7070       -142.2286        -10.8202
           -17.8749         -5.7198       -160.4234

     Atom  8  O   pos: ( -0.267447  0.215641  1.234810)  para_lq sigma:        -151.95
          -153.2044         -8.1215        -10.1232
            -1.7070       -142.2295         10.8204
           -17.8753          5.7199       -160.4247

     Atom  9  O   pos: (  0.075818  1.029839  0.409300)  para_lq sigma:        -142.84
          -137.6725          2.8942         -9.5182
             8.6723       -138.2457        -12.0350
             0.8659        -17.2986       -152.6167

     Atom 10  O   pos: (  0.205486  2.094505  0.282211)  para_lq sigma:        -142.85
          -137.6733         -2.8942         -9.5183
            -8.6724       -138.2466         12.0352
             0.8659         17.2989       -152.6178

     Atom 11  O   pos: (  0.486789  1.099491  0.973722)  para_lq sigma:        -142.84
          -137.6725          2.8942         -9.5182
             8.6723       -138.2457        -12.0350
             0.8659        -17.2986       -152.6167

     Atom 12  O   pos: (  0.357122  0.034826  1.100811)  para_lq sigma:        -142.85
          -137.6733         -2.8942         -9.5183
            -8.6724       -138.2466         12.0352
             0.8659         17.2989       -152.6178

     Atom 13  C   pos: (  0.255092  0.711051  0.148160)  para_lq sigma:         -12.86
           -12.8358          0.0821          0.0096
             0.1304        -13.0959          0.9492
            -0.5540          0.8605        -12.6598

     Atom 14  C   pos: (  0.026212  1.775716  0.543351)  para_lq sigma:         -12.86
           -12.8358         -0.0821          0.0096
            -0.1304        -13.0960         -0.9492
            -0.5540         -0.8605        -12.6598

     Atom 15  C   pos: (  0.307516  1.418279  1.234862)  para_lq sigma:         -12.86
           -12.8358          0.0821          0.0096
             0.1304        -13.0959          0.9492
            -0.5540          0.8605        -12.6598

     Atom 16  C   pos: (  0.536395  0.353614  0.839671)  para_lq sigma:         -12.86
           -12.8358         -0.0821          0.0096
            -0.1304        -13.0960         -0.9492
            -0.5540         -0.8605        -12.6598

     Atom 17  N   pos: (  0.514090  0.622726  0.067869)  para_lq sigma:         -78.01
           -85.7559          6.7583          9.5685
             6.8399        -77.4791          8.1344
             9.2879          7.6913        -70.7993

     Atom 18  N   pos: (  0.767213  1.687392  0.623642)  para_lq sigma:         -78.01
           -85.7559         -6.7586          9.5683
            -6.8402        -77.4791         -8.1343
             9.2877         -7.6913        -70.7992

     Atom 19  N   pos: (  0.048517  1.506604  1.315153)  para_lq sigma:         -78.01
           -85.7559          6.7583          9.5685
             6.8399        -77.4791          8.1344
             9.2879          7.6913        -70.7993

     Atom 20  N   pos: ( -0.204606  0.441939  0.759380)  para_lq sigma:         -78.01
           -85.7559         -6.7586          9.5683
            -6.8402        -77.4791         -8.1343
             9.2877         -7.6913        -70.7992

     Atom 21  O   pos: (  0.597591  0.421453  0.162100)  para_lq sigma:        -190.67
          -196.9161         39.5014         -1.5421
            10.7413       -203.7269         31.9788
            19.0605         16.6147       -171.3601

     Atom 22  O   pos: (  0.683713  1.486119  0.529411)  para_lq sigma:        -190.67
          -196.9153        -39.5013         -1.5420
           -10.7410       -203.7252        -31.9785
            19.0607        -16.6143       -171.3589

     Atom 23  O   pos: ( -0.034984  1.707877  1.220922)  para_lq sigma:        -190.67
          -196.9161         39.5014         -1.5421
            10.7413       -203.7269         31.9788
            19.0605         16.6147       -171.3601

     Atom 24  O   pos: ( -0.121105  0.643212  0.853612)  para_lq sigma:        -190.67
          -196.9153        -39.5013         -1.5420
           -10.7410       -203.7252        -31.9785
            19.0607        -16.6143       -171.3589

     Atom 25  O   pos: (  0.192945  0.757040  1.292156)  para_lq sigma:        -189.69
          -200.8883        -13.9510         38.7584
            15.8240       -186.8080         16.0442
            17.1239         31.9731       -181.3608

     Atom 26  O   pos: (  0.650966  1.821705  0.782377)  para_lq sigma:        -189.69
          -200.8905         13.9516         38.7593
           -15.8237       -186.8099        -16.0447
            17.1245        -31.9738       -181.3629

     Atom 27  O   pos: (  0.369662  1.372291  0.090866)  para_lq sigma:        -189.69
          -200.8883        -13.9510         38.7584
            15.8240       -186.8080         16.0442
            17.1239         31.9731       -181.3608

     Atom 28  O   pos: ( -0.088358  0.307625  0.600645)  para_lq sigma:        -189.69
          -200.8905         13.9516         38.7593
           -15.8237       -186.8099        -16.0447
            17.1245        -31.9738       -181.3629

     Atom 29  H   pos: (  0.084331  1.125825  0.582096)  para_lq sigma:           0.00
             0.0000          0.0000          0.0000
             0.0000          0.0000          0.0000
             0.0000          0.0000          0.0000

     Atom 30  H   pos: (  0.196973  0.061160  0.109415)  para_lq sigma:           0.00
             0.0000          0.0000          0.0000
             0.0000          0.0000          0.0000
             0.0000          0.0000          0.0000

     Atom 31  H   pos: (  0.478276  1.003505  0.800926)  para_lq sigma:           0.00
             0.0000          0.0000          0.0000
             0.0000          0.0000          0.0000
             0.0000          0.0000          0.0000

     Atom 32  H   pos: (  0.365635  2.068170  1.273608)  para_lq sigma:           0.00
             0.0000          0.0000          0.0000
             0.0000          0.0000          0.0000
             0.0000          0.0000          0.0000

     Atom 33  H   pos: (  0.137425  0.541678  0.197697)  para_lq sigma:           0.00
             0.0000          0.0000          0.0000
             0.0000          0.0000          0.0000
             0.0000          0.0000          0.0000

     Atom 34  H   pos: (  0.143879  1.606343  0.493815)  para_lq sigma:           0.00
             0.0000          0.0000          0.0000
             0.0000          0.0000          0.0000
             0.0000          0.0000          0.0000

     Atom 35  H   pos: (  0.425182  1.587653  1.185326)  para_lq sigma:           0.00
             0.0000          0.0000          0.0000
             0.0000          0.0000          0.0000
             0.0000          0.0000          0.0000

     Atom 36  H   pos: (  0.418729  0.522987  0.889208)  para_lq sigma:           0.00
             0.0000          0.0000          0.0000
             0.0000          0.0000          0.0000
             0.0000          0.0000          0.0000

     Atom 37  H   pos: ( -0.271083  0.817167  1.371385)  para_lq sigma:           0.00
             0.0000          0.0000          0.0000
             0.0000          0.0000          0.0000
             0.0000          0.0000          0.0000

     Atom 38  H   pos: (  0.114994  1.881832  0.703149)  para_lq sigma:           0.00
             0.0000          0.0000          0.0000
             0.0000          0.0000          0.0000
             0.0000          0.0000          0.0000

     Atom 39  H   pos: (  0.833690  1.312164  0.011637)  para_lq sigma:           0.00
             0.0000          0.0000          0.0000
             0.0000          0.0000          0.0000
             0.0000          0.0000          0.0000

     Atom 40  H   pos: (  0.447614  0.247499  0.679874)  para_lq sigma:           0.00
             0.0000          0.0000          0.0000
             0.0000          0.0000          0.0000
             0.0000          0.0000          0.0000

 
     Total NMR chemical shifts in ppm: ---------------------------------------
     (adopting the Simpson convention for anisotropy and asymmetry)-----------
 
     Atom  1  C   pos: (  0.273071  0.875351  0.388272)  Total sigma:          -9.70
             3.6030         47.5805          9.1501
            40.5516        -10.0781        -65.9391
             7.2902        -62.7147        -22.6231

     C    1    anisotropy:   -127.45    eta:   -0.7081
     C    1    sigma_11=      2.70    axis=(  0.806922 -0.124221  0.577447)
     C    1    sigma_22=     62.87    axis=(  0.470484  0.726236 -0.501224)
     C    1    sigma_33=    -94.67    axis=(  0.357101 -0.676128 -0.644461)
 
     Atom  2  C   pos: (  0.008233  1.940017  0.303239)  Total sigma:          -9.70
             3.6016        -47.5814          9.1501
           -40.5524        -10.0798         65.9403
             7.2901         62.7159        -22.6256

     C    2    anisotropy:   -127.45    eta:   -0.7081
     C    2    sigma_11=      2.70    axis=(  0.806921  0.124226  0.577448)
     C    2    sigma_22=     62.87    axis=( -0.470487  0.726236  0.501221)
     C    2    sigma_33=    -94.67    axis=(  0.357099  0.676128 -0.644462)
 
     Atom  3  C   pos: (  0.289537  1.253979  0.994750)  Total sigma:          -9.70
             3.6030         47.5805          9.1501
            40.5516        -10.0781        -65.9391
             7.2902        -62.7147        -22.6231

     C    3    anisotropy:   -127.45    eta:   -0.7081
     C    3    sigma_11=      2.70    axis=(  0.806922 -0.124221  0.577447)
     C    3    sigma_22=     62.87    axis=(  0.470484  0.726236 -0.501224)
     C    3    sigma_33=    -94.67    axis=(  0.357101 -0.676128 -0.644461)
 
     Atom  4  C   pos: (  0.554375  0.189314  1.079783)  Total sigma:          -9.70
             3.6016        -47.5814          9.1501
           -40.5524        -10.0798         65.9403
             7.2901         62.7159        -22.6256

     C    4    anisotropy:   -127.45    eta:   -0.7081
     C    4    sigma_11=      2.70    axis=(  0.806921  0.124226  0.577448)
     C    4    sigma_22=     62.87    axis=( -0.470487  0.726236  0.501221)
     C    4    sigma_33=    -94.67    axis=(  0.357099  0.676128 -0.644462)
 
     Atom  5  O   pos: (  0.451249  0.849024  0.543299)  Total sigma:         -43.78
          -106.2719        207.5344        -91.4651
           169.4327         25.1591       -147.8390
          -108.0550       -129.7786        -50.2345

     O    5    anisotropy:    447.92    eta:   -0.3154
     O    5    sigma_11=   -146.01    axis=(  0.275985  0.403534  0.872349)
     O    5    sigma_22=   -240.18    axis=( -0.817200  0.576298 -0.008048)
     O    5    sigma_33=    254.83    axis=( -0.505981 -0.710662  0.488818)
 
     Atom  6  O   pos: (  0.830054  1.913689  0.148213)  Total sigma:         -43.79
          -106.2788       -207.5370        -91.4681
          -169.4347         25.1563        147.8412
          -108.0588        129.7806        -50.2409

     O    6    anisotropy:    447.93    eta:   -0.3153
     O    6    sigma_11=   -146.01    axis=(  0.275968 -0.403546  0.872349)
     O    6    sigma_22=   -240.18    axis=( -0.817206 -0.576289 -0.008066)
     O    6    sigma_33=    254.83    axis=(  0.505980 -0.710663 -0.488818)
 
     Atom  7  O   pos: (  0.111358  1.280306  0.839724)  Total sigma:         -43.78
          -106.2719        207.5344        -91.4651
           169.4327         25.1591       -147.8390
          -108.0550       -129.7786        -50.2345

     O    7    anisotropy:    447.92    eta:   -0.3154
     O    7    sigma_11=   -146.01    axis=(  0.275985  0.403534  0.872349)
     O    7    sigma_22=   -240.18    axis=( -0.817200  0.576298 -0.008048)
     O    7    sigma_33=    254.83    axis=( -0.505981 -0.710662  0.488818)
 
     Atom  8  O   pos: ( -0.267447  0.215641  1.234810)  Total sigma:         -43.79
          -106.2788       -207.5370        -91.4681
          -169.4347         25.1563        147.8412
          -108.0588        129.7806        -50.2409

     O    8    anisotropy:    447.93    eta:   -0.3153
     O    8    sigma_11=   -146.01    axis=(  0.275968 -0.403546  0.872349)
     O    8    sigma_22=   -240.18    axis=( -0.817206 -0.576289 -0.008066)
     O    8    sigma_33=    254.83    axis=(  0.505980 -0.710663 -0.488818)
 
     Atom  9  O   pos: (  0.075818  1.029839  0.409300)  Total sigma:          64.71
            80.5747        -22.8189       -162.4906
            44.7638        137.3931        -49.3687
           -60.4269        -92.6332        -23.8479

     O    9    anisotropy:   -257.70    eta:   -0.5380
     O    9    sigma_11=    104.39    axis=( -0.688748  0.692286  0.215330)
     O    9    sigma_22=    196.82    axis=( -0.536096 -0.686258  0.491579)
     O    9    sigma_33=   -107.10    axis=(  0.488085  0.223136  0.843791)
 
     Atom 10  O   pos: (  0.205486  2.094505  0.282211)  Total sigma:          64.70
            80.5723         22.8190       -162.4925
           -44.7650        137.3906         49.3696
           -60.4271         92.6348        -23.8519

     O   10    anisotropy:   -257.71    eta:   -0.5380
     O   10    sigma_11=    104.39    axis=( -0.688748 -0.692287  0.215327)
     O   10    sigma_22=    196.82    axis=(  0.536098 -0.686257 -0.491579)
     O   10    sigma_33=   -107.10    axis=(  0.488084 -0.223138  0.843791)
 
     Atom 11  O   pos: (  0.486789  1.099491  0.973722)  Total sigma:          64.71
            80.5747        -22.8189       -162.4906
            44.7638        137.3931        -49.3687
           -60.4269        -92.6332        -23.8479

     O   11    anisotropy:   -257.70    eta:   -0.5380
     O   11    sigma_11=    104.39    axis=( -0.688748  0.692286  0.215330)
     O   11    sigma_22=    196.82    axis=( -0.536096 -0.686258  0.491579)
     O   11    sigma_33=   -107.10    axis=(  0.488085  0.223136  0.843791)
 
     Atom 12  O   pos: (  0.357122  0.034826  1.100811)  Total sigma:          64.70
            80.5723         22.8190       -162.4925
           -44.7650        137.3906         49.3696
           -60.4271         92.6348        -23.8519

     O   12    anisotropy:   -257.71    eta:   -0.5380
     O   12    sigma_11=    104.39    axis=( -0.688748 -0.692287  0.215327)
     O   12    sigma_22=    196.82    axis=(  0.536098 -0.686257 -0.491579)
     O   12    sigma_33=   -107.10    axis=(  0.488084 -0.223138  0.843791)
 
     Atom 13  C   pos: (  0.255092  0.711051  0.148160)  Total sigma:          91.43
           122.7031        -19.6747        -17.7637
           -27.8560         76.5749          7.7070
           -29.0558          5.1968         75.0166

     C   13    anisotropy:     75.09    eta:   -0.1194
     C   13    sigma_11=     69.39    axis=(  0.053026  0.758614 -0.649379)
     C   13    sigma_22=     63.41    axis=( -0.487893 -0.547712 -0.679685)
     C   13    sigma_33=    141.49    axis=( -0.871292  0.352868  0.341079)
 
     Atom 14  C   pos: (  0.026212  1.775716  0.543351)  Total sigma:          91.43
           122.7008         19.6748        -17.7633
            27.8560         76.5734         -7.7072
           -29.0556         -5.1968         75.0160

     C   14    anisotropy:     75.09    eta:   -0.1194
     C   14    sigma_11=     69.39    axis=( -0.052984  0.758567  0.649437)
     C   14    sigma_22=     63.41    axis=( -0.487903  0.547775 -0.679628)
     C   14    sigma_33=    141.49    axis=( -0.871288 -0.352872  0.341084)
 
     Atom 15  C   pos: (  0.307516  1.418279  1.234862)  Total sigma:          91.43
           122.7031        -19.6747        -17.7637
           -27.8560         76.5749          7.7070
           -29.0558          5.1968         75.0166

     C   15    anisotropy:     75.09    eta:   -0.1194
     C   15    sigma_11=     69.39    axis=(  0.053026  0.758614 -0.649379)
     C   15    sigma_22=     63.41    axis=( -0.487893 -0.547712 -0.679685)
     C   15    sigma_33=    141.49    axis=( -0.871292  0.352868  0.341079)
 
     Atom 16  C   pos: (  0.536395  0.353614  0.839671)  Total sigma:          91.43
           122.7008         19.6748        -17.7633
            27.8560         76.5734         -7.7072
           -29.0556         -5.1968         75.0160

     C   16    anisotropy:     75.09    eta:   -0.1194
     C   16    sigma_11=     69.39    axis=( -0.052984  0.758567  0.649437)
     C   16    sigma_22=     63.41    axis=( -0.487903  0.547775 -0.679628)
     C   16    sigma_33=    141.49    axis=( -0.871288 -0.352872  0.341084)
 
     Atom 17  N   pos: (  0.514090  0.622726  0.067869)  Total sigma:        -149.94
          -231.4717         72.5257         95.2728
            70.1969       -142.4843         78.7123
            93.9122         78.5850        -75.8629

     N   17    anisotropy:    269.64    eta:   -0.5082
     N   17    sigma_11=   -194.15    axis=(  0.060554  0.808185 -0.585807)
     N   17    sigma_22=   -285.49    axis=( -0.908884  0.287254  0.302349)
     N   17    sigma_33=     29.82    axis=(  0.412630  0.514122  0.751941)
 
     Atom 18  N   pos: (  0.767213  1.687392  0.623642)  Total sigma:        -149.94
          -231.4725        -72.5261         95.2734
           -70.1973       -142.4833        -78.7115
            93.9127        -78.5845        -75.8623

     N   18    anisotropy:    269.64    eta:   -0.5082
     N   18    sigma_11=   -194.14    axis=( -0.060553  0.808186  0.585806)
     N   18    sigma_22=   -285.49    axis=( -0.908884 -0.287253  0.302350)
     N   18    sigma_33=     29.82    axis=(  0.412630 -0.514122  0.751941)
 
     Atom 19  N   pos: (  0.048517  1.506604  1.315153)  Total sigma:        -149.94
          -231.4717         72.5257         95.2728
            70.1969       -142.4843         78.7123
            93.9122         78.5850        -75.8629

     N   19    anisotropy:    269.64    eta:   -0.5082
     N   19    sigma_11=   -194.15    axis=(  0.060554  0.808185 -0.585807)
     N   19    sigma_22=   -285.49    axis=( -0.908884  0.287254  0.302349)
     N   19    sigma_33=     29.82    axis=(  0.412630  0.514122  0.751941)
 
     Atom 20  N   pos: ( -0.204606  0.441939  0.759380)  Total sigma:        -149.94
          -231.4725        -72.5261         95.2734
           -70.1973       -142.4833        -78.7115
            93.9127        -78.5845        -75.8623

     N   20    anisotropy:    269.64    eta:   -0.5082
     N   20    sigma_11=   -194.14    axis=( -0.060553  0.808186  0.585806)
     N   20    sigma_22=   -285.49    axis=( -0.908884 -0.287253  0.302350)
     N   20    sigma_33=     29.82    axis=(  0.412630 -0.514122  0.751941)
 
     Atom 21  O   pos: (  0.597591  0.421453  0.162100)  Total sigma:        -395.39
          -401.7633        211.2998        115.6903
            78.2142       -544.1867        396.2105
           243.2633        276.6787       -240.2253

     O   21    anisotropy:    720.76    eta:   -0.5318
     O   21    sigma_11=   -507.88    axis=(  0.900636 -0.158560 -0.404614)
     O   21    sigma_22=   -763.41    axis=( -0.083202  0.850923 -0.518659)
     O   21    sigma_33=     85.12    axis=(  0.426535  0.500788  0.753180)
 
     Atom 22  O   pos: (  0.683713  1.486119  0.529411)  Total sigma:        -395.42
          -401.7876       -211.3147        115.6916
           -78.2269       -544.2279       -396.2318
           243.2672       -276.6970       -240.2421

     O   22    anisotropy:    720.80    eta:   -0.5318
     O   22    sigma_11=   -507.91    axis=( -0.900634 -0.158532  0.404630)
     O   22    sigma_22=   -763.47    axis=( -0.083231 -0.850928 -0.518647)
     O   22    sigma_33=     85.11    axis=(  0.426533 -0.500789  0.753180)
 
     Atom 23  O   pos: ( -0.034984  1.707877  1.220922)  Total sigma:        -395.39
          -401.7633        211.2998        115.6903
            78.2142       -544.1867        396.2105
           243.2633        276.6787       -240.2253

     O   23    anisotropy:    720.76    eta:   -0.5318
     O   23    sigma_11=   -507.88    axis=(  0.900636 -0.158560 -0.404614)
     O   23    sigma_22=   -763.41    axis=( -0.083202  0.850923 -0.518659)
     O   23    sigma_33=     85.12    axis=(  0.426535  0.500788  0.753180)
 
     Atom 24  O   pos: ( -0.121105  0.643212  0.853612)  Total sigma:        -395.42
          -401.7876       -211.3147        115.6916
           -78.2269       -544.2279       -396.2318
           243.2672       -276.6970       -240.2421

     O   24    anisotropy:    720.80    eta:   -0.5318
     O   24    sigma_11=   -507.91    axis=( -0.900634 -0.158532  0.404630)
     O   24    sigma_22=   -763.47    axis=( -0.083231 -0.850928 -0.518647)
     O   24    sigma_33=     85.11    axis=(  0.426533 -0.500789  0.753180)
 
     Atom 25  O   pos: (  0.192945  0.757040  1.292156)  Total sigma:        -380.15
          -398.8774          7.5200        260.6978
           192.3167       -458.0799        251.5869
           167.1814        386.3000       -283.4815

     O   25    anisotropy:    680.28    eta:   -0.4647
     O   25    sigma_11=   -501.53    axis=( -0.872580  0.439339  0.213505)
     O   25    sigma_22=   -712.28    axis=( -0.209611 -0.731577  0.648736)
     O   25    sigma_33=     73.37    axis=(  0.441211  0.521321  0.730450)
 
     Atom 26  O   pos: (  0.650966  1.821705  0.782377)  Total sigma:        -380.12
          -398.8575         -7.5227        260.6856
          -192.3196       -458.0552       -251.5698
           167.1690       -386.2828       -283.4605

     O   26    anisotropy:    680.25    eta:   -0.4647
     O   26    sigma_11=   -501.51    axis=( -0.872586 -0.439320  0.213522)
     O   26    sigma_22=   -712.24    axis=(  0.209588 -0.731588 -0.648731)
     O   26    sigma_33=     73.37    axis=(  0.441211 -0.521322  0.730450)
 
     Atom 27  O   pos: (  0.369662  1.372291  0.090866)  Total sigma:        -380.15
          -398.8774          7.5200        260.6978
           192.3167       -458.0799        251.5869
           167.1814        386.3000       -283.4815

     O   27    anisotropy:    680.28    eta:   -0.4647
     O   27    sigma_11=   -501.53    axis=( -0.872580  0.439339  0.213505)
     O   27    sigma_22=   -712.28    axis=( -0.209611 -0.731577  0.648736)
     O   27    sigma_33=     73.37    axis=(  0.441211  0.521321  0.730450)
 
     Atom 28  O   pos: ( -0.088358  0.307625  0.600645)  Total sigma:        -380.12
          -398.8575         -7.5227        260.6856
          -192.3196       -458.0552       -251.5698
           167.1690       -386.2828       -283.4605

     O   28    anisotropy:    680.25    eta:   -0.4647
     O   28    sigma_11=   -501.51    axis=( -0.872586 -0.439320  0.213522)
     O   28    sigma_22=   -712.24    axis=(  0.209588 -0.731588 -0.648731)
     O   28    sigma_33=     73.37    axis=(  0.441211 -0.521322  0.730450)
 
     Atom 29  H   pos: (  0.084331  1.125825  0.582096)  Total sigma:          15.31
             7.6232         -2.9797         -0.8831
            -1.8835         14.2085         12.8740
             0.3980         11.7525         24.0928

     H   29    anisotropy:     25.81    eta:   -0.2379
     H   29    sigma_11=      8.75    axis=(  0.835248 -0.422320  0.352145)
     H   29    sigma_22=      4.66    axis=(  0.546252  0.710641 -0.443393)
     H   29    sigma_33=     32.52    axis=( -0.062995  0.562703  0.824255)
 
     Atom 30  H   pos: (  0.196973  0.061160  0.109415)  Total sigma:          15.31
             7.6231          2.9798         -0.8831
             1.8836         14.2085        -12.8740
             0.3981        -11.7525         24.0927

     H   30    anisotropy:     25.81    eta:   -0.2379
     H   30    sigma_11=      8.75    axis=( -0.835240 -0.422331 -0.352153)
     H   30    sigma_22=      4.66    axis=(  0.546266 -0.710634 -0.443388)
     H   30    sigma_33=     32.52    axis=( -0.062995 -0.562704  0.824254)
 
     Atom 31  H   pos: (  0.478276  1.003505  0.800926)  Total sigma:          15.31
             7.6232         -2.9797         -0.8831
            -1.8835         14.2085         12.8740
             0.3980         11.7525         24.0928

     H   31    anisotropy:     25.81    eta:   -0.2379
     H   31    sigma_11=      8.75    axis=(  0.835248 -0.422320  0.352145)
     H   31    sigma_22=      4.66    axis=(  0.546252  0.710641 -0.443393)
     H   31    sigma_33=     32.52    axis=( -0.062995  0.562703  0.824255)
 
     Atom 32  H   pos: (  0.365635  2.068170  1.273608)  Total sigma:          15.31
             7.6231          2.9798         -0.8831
             1.8836         14.2085        -12.8740
             0.3981        -11.7525         24.0927

     H   32    anisotropy:     25.81    eta:   -0.2379
     H   32    sigma_11=      8.75    axis=( -0.835240 -0.422331 -0.352153)
     H   32    sigma_22=      4.66    axis=(  0.546266 -0.710634 -0.443388)
     H   32    sigma_33=     32.52    axis=( -0.062995 -0.562704  0.824254)
 
     Atom 33  H   pos: (  0.137425  0.541678  0.197697)  Total sigma:          25.27
            26.2004          1.4099         -0.7154
             0.4188         25.4433          1.1954
            -0.0205          0.9322         24.1559

     H   33    anisotropy:     -2.89    eta:   -0.6427
     H   33    sigma_11=     25.61    axis=( -0.561520  0.593879  0.576197)
     H   33    sigma_22=     26.85    axis=( -0.781629 -0.609225 -0.133798)
     H   33    sigma_33=     23.34    axis=(  0.271574 -0.525503  0.806285)
 
     Atom 34  H   pos: (  0.143879  1.606343  0.493815)  Total sigma:          25.27
            26.2003         -1.4098         -0.7154
            -0.4188         25.4433         -1.1954
            -0.0205         -0.9322         24.1558

     H   34    anisotropy:     -2.89    eta:   -0.6427
     H   34    sigma_11=     25.61    axis=(  0.561543  0.593876 -0.576178)
     H   34    sigma_22=     26.85    axis=( -0.781616  0.609238 -0.133812)
     H   34    sigma_33=     23.34    axis=(  0.271562  0.525491  0.806296)
 
     Atom 35  H   pos: (  0.425182  1.587653  1.185326)  Total sigma:          25.27
            26.2004          1.4099         -0.7154
             0.4188         25.4433          1.1954
            -0.0205          0.9322         24.1559

     H   35    anisotropy:     -2.89    eta:   -0.6427
     H   35    sigma_11=     25.61    axis=( -0.561520  0.593879  0.576197)
     H   35    sigma_22=     26.85    axis=( -0.781629 -0.609225 -0.133798)
     H   35    sigma_33=     23.34    axis=(  0.271574 -0.525503  0.806285)
 
     Atom 36  H   pos: (  0.418729  0.522987  0.889208)  Total sigma:          25.27
            26.2003         -1.4098         -0.7154
            -0.4188         25.4433         -1.1954
            -0.0205         -0.9322         24.1558

     H   36    anisotropy:     -2.89    eta:   -0.6427
     H   36    sigma_11=     25.61    axis=(  0.561543  0.593876 -0.576178)
     H   36    sigma_22=     26.85    axis=( -0.781616  0.609238 -0.133812)
     H   36    sigma_33=     23.34    axis=(  0.271562  0.525491  0.806296)
 
     Atom 37  H   pos: ( -0.271083  0.817167  1.371385)  Total sigma:          25.24
            26.3747         -2.3525          0.4450
            -0.0060         24.4409         -1.5673
             0.6645          0.6161         24.9072

     H   37    anisotropy:      2.87    eta:   -0.4620
     H   37    sigma_11=     24.73    axis=( -0.359676 -0.064962  0.930813)
     H   37    sigma_22=     23.84    axis=(  0.375046  0.903377  0.207969)
     H   37    sigma_33=     27.15    axis=(  0.854385 -0.423899  0.300560)
 
     Atom 38  H   pos: (  0.114994  1.881832  0.703149)  Total sigma:          25.24
            26.3745          2.3526          0.4451
             0.0060         24.4408          1.5672
             0.6644         -0.6161         24.9070

     H   38    anisotropy:      2.87    eta:   -0.4620
     H   38    sigma_11=     24.73    axis=(  0.359655 -0.064926 -0.930824)
     H   38    sigma_22=     23.84    axis=(  0.375070 -0.903375  0.207933)
     H   38    sigma_33=     27.15    axis=(  0.854383  0.423908  0.300551)
 
     Atom 39  H   pos: (  0.833690  1.312164  0.011637)  Total sigma:          25.24
            26.3747         -2.3525          0.4450
            -0.0060         24.4409         -1.5673
             0.6645          0.6161         24.9072

     H   39    anisotropy:      2.87    eta:   -0.4620
     H   39    sigma_11=     24.73    axis=( -0.359676 -0.064962  0.930813)
     H   39    sigma_22=     23.84    axis=(  0.375046  0.903377  0.207969)
     H   39    sigma_33=     27.15    axis=(  0.854385 -0.423899  0.300560)
 
     Atom 40  H   pos: (  0.447614  0.247499  0.679874)  Total sigma:          25.24
            26.3745          2.3526          0.4451
             0.0060         24.4408          1.5672
             0.6644         -0.6161         24.9070

     H   40    anisotropy:      2.87    eta:   -0.4620
     H   40    sigma_11=     24.73    axis=(  0.359655 -0.064926 -0.930824)
     H   40    sigma_22=     23.84    axis=(  0.375070 -0.903375  0.207933)
     H   40    sigma_33=     27.15    axis=(  0.854383  0.423908  0.300551)
 
     Initialization:
     gipaw_setup  :      0.33s CPU      0.36s WALL (       1 calls)
 
     Linear response
     greenf       :   8860.96s CPU   9236.62s WALL (     336 calls)
     cgsolve      :   8812.49s CPU   9187.99s WALL (     336 calls)
     ch_psi       :   8639.89s CPU   9015.12s WALL (   20613 calls)
     h_psiq       :   6809.94s CPU   7181.81s WALL (   20613 calls)
 
     Apply operators
     h_psi        :   6283.44s CPU   6698.67s WALL (   27771 calls)
     apply_vel    :    123.04s CPU    123.22s WALL (     294 calls)
 
     Induced current
     j_para       :    513.24s CPU    527.89s WALL (     378 calls)
     biot_savart  :      0.04s CPU      0.05s WALL (       1 calls)
 
     Other routines
 
     General routines
     calbec       :   1949.44s CPU   1958.83s WALL (   71839 calls)
     fft          :      0.12s CPU      0.49s WALL (      32 calls)
     fftw         :   4871.05s CPU   5278.22s WALL ( 4071256 calls)
     davcio       :      0.04s CPU      2.03s WALL (     224 calls)
 
     Parallel routines
     fft_scatter  :   1159.91s CPU   1383.78s WALL ( 4071288 calls)
 
     Plugins
 
     GIPAW        :  10988.31s CPU  11444.86s WALL (       1 calls)
