
     Program QE v.6.1 (svn rev. 13369) starts on  7Nov2017 at  6:38:44 

     This program is part of the open-source Quantum ESPRESSO suite
     for quantum simulation of materials; please cite
         "P. Giannozzi et al., J. Phys.:Condens. Matter 21 395502 (2009);
          URL http://www.quantum-espresso.org", 
     in publications or presentations arising from this work. More details at
     http://www.quantum-espresso.org/quote

     Parallel version (MPI), running on     8 processors
     R & G space division:  proc/nbgrp/npool/nimage =       8
 
     ***** This is GIPAW svn revision unknown      *****
 
     Parallelizing q-star over 1 images
     Message from routine gipaw_readin:
     *** iverbosity is obsolete, use verbosity instead ***

     Reading data from directory:
     /scratch/ahofstet/ML/CCDC/NUFDOJ/wfc/scf.save

   Info: using nr1, nr2, nr3 values from input

   Info: using nr1, nr2, nr3 values from input

     IMPORTANT: XC functional enforced from input :
     Exchange-correlation      =  SLA  PW   PBX  PBC ( 1  4  3  4 0 0)
     Any further DFT definition will be discarded
     Please, verify this is what you really want

               file C.pbe-n-kjpaw_psl.0.1.UPF: wavefunction(s)  2P renormalized
               file N.pbe-n-kjpaw_psl.0.1.UPF: wavefunction(s)  2P renormalized
               file H.pbe-kjpaw_psl.0.1.UPF: wavefunction(s)  1S renormalized
               file O.pbe-n-kjpaw_psl.0.1.UPF: wavefunction(s)  2P renormalized
 
     Parallelization info
     --------------------
     sticks:   dense  smooth     PW     G-vecs:    dense   smooth      PW
     Min         515     515    138                31301    31301    4373
     Max         516     516    139                31304    31304    4376
     Sum        4121    4121   1107               250415   250415   34993
 

     Check: negative/imaginary core charge=   -0.000002    0.000000

     Subspace diagonalization in iterative solution of the eigenvalue problem:
     a serial algorithm will be used

     GIPAW projectors -----------------------------------------------
     atom=  C    l=0  rc=    1.3000  rs=    0.8667
     atom=  C    l=0  rc=    1.3000  rs=    0.8667
     atom=  C    l=1  rc=    1.4500  rs=    0.9667
     atom=  C    l=1  rc=    1.4500  rs=    0.9667
     projs nearly linearly dependent: l=0  n1,n2= 1, 2  s=  0.99877758
     projs nearly linearly dependent: l=1  n1,n2= 1, 2  s=  0.99940894
 
     atom=  N    l=0  rc=    1.3000  rs=    0.8667
     atom=  N    l=0  rc=    1.3000  rs=    0.8667
     atom=  N    l=1  rc=    1.4500  rs=    0.9667
     atom=  N    l=1  rc=    1.4500  rs=    0.9667
     projs nearly linearly dependent: l=0  n1,n2= 1, 2  s=  0.99709514
     projs nearly linearly dependent: l=1  n1,n2= 1, 2  s=  0.99857174
 
     atom=  H    l=0  rc=    1.0000  rs=    0.6667
     atom=  H    l=0  rc=    1.0000  rs=    0.6667
     projs nearly linearly dependent: l=0  n1,n2= 1, 2  s=  0.99968852
 
     atom=  O    l=0  rc=    1.3500  rs=    0.9000
     atom=  O    l=0  rc=    1.3500  rs=    0.9000
     atom=  O    l=1  rc=    1.3500  rs=    0.9000
     atom=  O    l=1  rc=    1.3500  rs=    0.9000
     projs nearly linearly dependent: l=0  n1,n2= 1, 2  s=  0.99100135
     projs nearly linearly dependent: l=1  n1,n2= 1, 2  s=  0.99790100
     -----------------------------------------------------------------
 
     alpha_pv=     49.4320 eV
 
     q-space interpolation up to   110.00 Rydberg
 
     GIPAW job: nmr                                                                             
     NMR macroscopic correction: yes
             0.6667          0.0000          0.0000
             0.0000          0.6667          0.0000
             0.0000          0.0000          0.6667

 
     Largest allocated arrays     est. size (Mb)     dimensions
        KS wavefunctions at k           3.85 Mb     (    3945,   64)
        KS wavefunctions at k+q         3.85 Mb     (    3945,   64)
        First-order wavefunctions      38.53 Mb     (    3945,   64, 10)
        First-order wavefunct (US)     23.12 Mb     (    3945,   64,  6)
        Charge/spin density             0.53 Mb     (   69120,    1)
        Induced current                 4.75 Mb     (   69120,    3,3,1)
        Induced magnetic field          4.75 Mb     (   69120,    3,3,1)
        NL pseudopotentials            10.35 Mb     (    3945,  172)
        GIPAW NL terms                 10.35 Mb     (    3945,  172)
 
     Computing the magnetic susceptibility     isolve=0    ethr=  0.1000E-13
     k-point #    1 of    15      pool #  1    cpu time:       9.7
     Rotating WFCS
     c_bands:  1 eigenvalues not converged
     Rotating WFCS
     Rotating WFCS
     Rotating WFCS
     Rotating WFCS
     Rotating WFCS
     Rotating WFCS
     c_bands:  1 eigenvalues not converged
     k-point #    2 of    15      pool #  1    cpu time:     350.5
     Rotating WFCS
     Rotating WFCS
     Rotating WFCS
     Rotating WFCS
     Rotating WFCS
     Rotating WFCS
     Rotating WFCS
     k-point #    3 of    15      pool #  1    cpu time:     691.9
     Rotating WFCS
     c_bands:  1 eigenvalues not converged
     Rotating WFCS
     c_bands:  1 eigenvalues not converged
     Rotating WFCS
     c_bands:  1 eigenvalues not converged
     Rotating WFCS
     c_bands:  1 eigenvalues not converged
     Rotating WFCS
     c_bands:  1 eigenvalues not converged
     Rotating WFCS
     c_bands:  1 eigenvalues not converged
     Rotating WFCS
     c_bands:  1 eigenvalues not converged
     k-point #    4 of    15      pool #  1    cpu time:    1035.3
     Rotating WFCS
     Rotating WFCS
     Rotating WFCS
     Rotating WFCS
     Rotating WFCS
     Rotating WFCS
     Rotating WFCS
     k-point #    5 of    15      pool #  1    cpu time:    1376.6
     Rotating WFCS
     Rotating WFCS
     Rotating WFCS
     Rotating WFCS
     Rotating WFCS
     Rotating WFCS
     Rotating WFCS
     k-point #    6 of    15      pool #  1    cpu time:    1684.7
     Rotating WFCS
     Rotating WFCS
     Rotating WFCS
     Rotating WFCS
     Rotating WFCS
     Rotating WFCS
     Rotating WFCS
     k-point #    7 of    15      pool #  1    cpu time:    1997.7
     Rotating WFCS
     Rotating WFCS
     Rotating WFCS
     c_bands:  1 eigenvalues not converged
     Rotating WFCS
     Rotating WFCS
     Rotating WFCS
     Rotating WFCS
     k-point #    8 of    15      pool #  1    cpu time:    2339.3
     Rotating WFCS
     c_bands:  1 eigenvalues not converged
     Rotating WFCS
     c_bands:  1 eigenvalues not converged
     Rotating WFCS
     c_bands:  1 eigenvalues not converged
     Rotating WFCS
     Rotating WFCS
     Rotating WFCS
     Rotating WFCS
     k-point #    9 of    15      pool #  1    cpu time:    2687.5
     Rotating WFCS
     Rotating WFCS
     Rotating WFCS
     Rotating WFCS
     Rotating WFCS
     Rotating WFCS
     Rotating WFCS
     k-point #   10 of    15      pool #  1    cpu time:    3023.1
     Rotating WFCS
     Rotating WFCS
     c_bands:  1 eigenvalues not converged
     Rotating WFCS
     c_bands:  1 eigenvalues not converged
     Rotating WFCS
     Rotating WFCS
     Rotating WFCS
     Rotating WFCS
     k-point #   11 of    15      pool #  1    cpu time:    3369.0
     Rotating WFCS
     Rotating WFCS
     Rotating WFCS
     Rotating WFCS
     Rotating WFCS
     Rotating WFCS
     Rotating WFCS
     k-point #   12 of    15      pool #  1    cpu time:    3709.0
     Rotating WFCS
     Rotating WFCS
     Rotating WFCS
     Rotating WFCS
     Rotating WFCS
     Rotating WFCS
     Rotating WFCS
     k-point #   13 of    15      pool #  1    cpu time:    4047.8
     Rotating WFCS
     Rotating WFCS
     Rotating WFCS
     Rotating WFCS
     Rotating WFCS
     Rotating WFCS
     Rotating WFCS
     k-point #   14 of    15      pool #  1    cpu time:    4357.9
     Rotating WFCS
     Rotating WFCS
     Rotating WFCS
     Rotating WFCS
     Rotating WFCS
     Rotating WFCS
     Rotating WFCS
     k-point #   15 of    15      pool #  1    cpu time:    4668.4
     Rotating WFCS
     Rotating WFCS
     Rotating WFCS
     Rotating WFCS
     Rotating WFCS
     Rotating WFCS
     Rotating WFCS
     End of magnetic susceptibility calculation
 
     f-sum rule (1st term):
          -102.2570          0.0000          0.0425
             0.0000       -102.1750          0.0000
             0.0411          0.0000       -102.2772

     f-sum rule (2nd term):
            -2.4572          0.0000         -0.0425
             0.0000         -2.5388          0.0000
            -0.0410          0.0000         -2.4365

     f-sum rule (should be  -104.7138):
          -104.7143          0.0000          0.0000
             0.0000       -104.7138          0.0000
             0.0001          0.0000       -104.7137

     chi_bare pGv (HH) in paratec units:
       -20.839264      0.401324      4.570639
         0.393797    -26.028870      0.055554
         4.630199     -0.139776    -30.900203

       -20.839264      0.000000      4.570639
         0.000000    -26.028870      0.000000
         4.630199      0.000000    -30.900203

     chi_bare vGv (VV) in paratec units:
       -20.461894      0.317392      5.402388
         0.317762    -25.226249     -0.021334
         5.397867     -0.021482    -31.065746

       -20.461894      0.000000      5.402388
         0.000000    -25.226249      0.000000
         5.397867      0.000000    -31.065746

     chi_bare pGv (HH) in 10^{-6} cm^3/mol:
           -99.0301          0.0000         21.7201
             0.0000       -123.6916          0.0000
            22.0031          0.0000       -146.8407

     chi_bare vGv (VV) in 10^{-6} cm^3/mol:
           -97.2368          0.0000         25.6727
             0.0000       -119.8775          0.0000
            25.6512          0.0000       -147.6274

     Contributions to the NMR chemical shifts: -------------------------------
 
     Macroscopic shape contribution in ppm:                    6.24
             5.0150          0.0000          0.0000
             0.0000          6.2639          0.0000
             0.0000          0.0000          7.4362

 
     Core contribution in ppm:
 
     Atom  1  N   pos: (  0.060266  0.341331  0.183584)  core sigma:         235.78
     Atom  2  N   pos: (  0.928193  0.756454  0.960450)  core sigma:         235.78
     Atom  3  N   pos: (  0.204168  0.210961  0.140430)  core sigma:         235.78
     Atom  4  N   pos: (  0.784291  0.626084  1.003604)  core sigma:         235.78
     Atom  5  N   pos: (  0.366968  0.271329  0.245059)  core sigma:         235.78
     Atom  6  N   pos: (  0.621491  0.686452  0.898976)  core sigma:         235.78
     Atom  7  N   pos: (  0.338030  0.435760  0.354631)  core sigma:         235.78
     Atom  8  N   pos: (  0.650429  0.020637  0.789403)  core sigma:         235.78
     Atom  9  N   pos: (  0.035477  0.645693  0.393870)  core sigma:         235.78
     Atom 10  N   pos: (  0.952982  0.230570  0.750165)  core sigma:         235.78
     Atom 11  O   pos: (  0.667379  0.218053  0.060857)  core sigma:         271.07
     Atom 12  O   pos: (  0.321079  0.633176  1.083178)  core sigma:         271.07
     Atom 13  H   pos: (  0.788440  0.295078  0.102415)  core sigma:           0.00
     Atom 14  H   pos: (  0.200018  0.710201  1.041619)  core sigma:           0.00
     Atom 15  O   pos: (  0.860995  0.669799  0.334271)  core sigma:         271.07
     Atom 16  O   pos: (  0.127464  0.254676  0.809763)  core sigma:         271.07
     Atom 17  O   pos: (  0.124371  0.751475  0.519530)  core sigma:         271.07
     Atom 18  O   pos: (  0.864088  0.336352  0.624505)  core sigma:         271.07
     Atom 19  C   pos: (  0.145663  0.475337  0.310986)  core sigma:         200.51
     Atom 20  C   pos: (  0.842795  0.060214  0.833049)  core sigma:         200.51
     Atom 21  C   pos: (  0.561497  0.158156  0.231941)  core sigma:         200.51
     Atom 22  C   pos: (  0.426961  0.573279  0.912093)  core sigma:         200.51
     Atom 23  H   pos: (  0.641823  0.187582  0.374321)  core sigma:           0.00
     Atom 24  H   pos: (  0.346635  0.602705  0.769714)  core sigma:           0.00
     Atom 25  H   pos: (  0.515985 -0.001379  0.219228)  core sigma:           0.00
     Atom 26  H   pos: (  0.472474  0.413744  0.924806)  core sigma:           0.00
 
     Bare contribution in ppm:
 
     Atom  1  N   pos: (  0.060266  0.341331  0.183584)  bare sigma:         -65.12
           -85.8968         32.0672        -17.5114
            37.6629        -82.7461        -69.1615
           -14.7227        -68.7718        -26.7029

     Atom  2  N   pos: (  0.928193  0.756454  0.960450)  bare sigma:         -65.12
           -85.8968        -32.0672        -17.5114
           -37.6629        -82.7461         69.1615
           -14.7227         68.7718        -26.7029

     Atom  3  N   pos: (  0.204168  0.210961  0.140430)  bare sigma:         -88.34
          -153.1413         33.7909        -32.1463
            49.0443        -72.7366        -38.3873
           -19.3549        -43.5807        -39.1501

     Atom  4  N   pos: (  0.784291  0.626084  1.003604)  bare sigma:         -88.34
          -153.1413        -33.7909        -32.1463
           -49.0443        -72.7366         38.3873
           -19.3549         43.5807        -39.1501

     Atom  5  N   pos: (  0.366968  0.271329  0.245059)  bare sigma:         -59.10
           -76.0234         36.4693          1.1359
            25.1035        -67.3837        -30.1792
            -5.8982        -26.8144        -33.8902

     Atom  6  N   pos: (  0.621491  0.686452  0.898976)  bare sigma:         -59.10
           -76.0234        -36.4693          1.1359
           -25.1035        -67.3837         30.1792
            -5.8982         26.8144        -33.8902

     Atom  7  N   pos: (  0.338030  0.435760  0.354631)  bare sigma:         -60.90
           -94.6891         55.0449         -5.7270
            45.3410        -73.7509        -63.1434
           -11.7742        -63.5307        -14.2514

     Atom  8  N   pos: (  0.650429  0.020637  0.789403)  bare sigma:         -60.90
           -94.6891        -55.0449         -5.7270
           -45.3410        -73.7509         63.1434
           -11.7742         63.5307        -14.2514

     Atom  9  N   pos: (  0.035477  0.645693  0.393870)  bare sigma:         -76.33
           -80.3523         26.4165         -2.0357
            25.6385        -87.9803        -32.4306
            -3.7528        -35.5803        -60.6575

     Atom 10  N   pos: (  0.952982  0.230570  0.750165)  bare sigma:         -76.33
           -80.3523        -26.4165         -2.0357
           -25.6385        -87.9803         32.4306
            -3.7528         35.5803        -60.6575

     Atom 11  O   pos: (  0.667379  0.218053  0.060857)  bare sigma:          72.43
            87.4785         -8.1737          0.9018
            -7.0027         64.3956         -4.3005
            -4.9460          2.3282         65.4294

     Atom 12  O   pos: (  0.321079  0.633176  1.083178)  bare sigma:          72.43
            87.4785          8.1737          0.9018
             7.0027         64.3956          4.3005
            -4.9460         -2.3282         65.4294

     Atom 13  H   pos: (  0.788440  0.295078  0.102415)  bare sigma:          17.43
            30.3033          6.8576          4.7423
            11.0533         14.0746          4.0537
             5.3836          3.6529          7.9223

     Atom 14  H   pos: (  0.200018  0.710201  1.041619)  bare sigma:          17.43
            30.3033         -6.8576          4.7423
           -11.0533         14.0746         -4.0537
             5.3836         -3.6529          7.9223

     Atom 15  O   pos: (  0.860995  0.669799  0.334271)  bare sigma:        -102.82
          -174.2908         14.0224        -85.4026
            63.3693        -77.8834        -62.1873
           -52.2998        -89.0485        -56.2834

     Atom 16  O   pos: (  0.127464  0.254676  0.809763)  bare sigma:        -102.82
          -174.2908        -14.0224        -85.4026
           -63.3693        -77.8834         62.1873
           -52.2998         89.0485        -56.2834

     Atom 17  O   pos: (  0.124371  0.751475  0.519530)  bare sigma:         -93.59
          -133.1176         44.3128        -41.8913
            -7.8101        -86.2495        -96.6940
           -82.6294        -77.3805        -61.4134

     Atom 18  O   pos: (  0.864088  0.336352  0.624505)  bare sigma:         -93.59
          -133.1176        -44.3128        -41.8913
             7.8101        -86.2495         96.6940
           -82.6294         77.3805        -61.4134

     Atom 19  C   pos: (  0.145663  0.475337  0.310986)  bare sigma:         -74.70
           -74.6671         15.7182          1.4419
            16.2347        -85.4865        -16.4881
             4.7118        -20.2392        -63.9331

     Atom 20  C   pos: (  0.842795  0.060214  0.833049)  bare sigma:         -74.70
           -74.6671        -15.7182          1.4419
           -16.2347        -85.4865         16.4881
             4.7118         20.2392        -63.9331

     Atom 21  C   pos: (  0.561497  0.158156  0.231941)  bare sigma:         -31.84
           -25.8510         -9.1075         -9.6499
            -6.3511        -36.5795         -4.8665
           -12.6422         -6.5570        -33.1012

     Atom 22  C   pos: (  0.426961  0.573279  0.912093)  bare sigma:         -31.84
           -25.8510          9.1075         -9.6499
             6.3511        -36.5795          4.8665
           -12.6422          6.5570        -33.1012

     Atom 23  H   pos: (  0.641823  0.187582  0.374321)  bare sigma:          16.79
            17.0902         -0.5419          2.4944
             0.3659         13.4261          2.0333
             4.0552         -1.0783         19.8404

     Atom 24  H   pos: (  0.346635  0.602705  0.769714)  bare sigma:          16.79
            17.0902          0.5419          2.4944
            -0.3659         13.4261         -2.0333
             4.0552          1.0783         19.8404

     Atom 25  H   pos: (  0.515985 -0.001379  0.219228)  bare sigma:          17.45
            18.5147          3.0672          0.7504
             1.6641         20.4769          3.3468
             0.0189         -3.1341         13.3549

     Atom 26  H   pos: (  0.472474  0.413744  0.924806)  bare sigma:          17.45
            18.5147         -3.0672          0.7504
            -1.6641         20.4769         -3.3468
             0.0189          3.1341         13.3549

     Diamagnetic contribution in ppm:
 
     Atom  1  N   pos: (  0.060266  0.341331  0.183584)  dia sigma:           8.57
             8.1698         -0.1405         -0.3294
            -0.1405          8.8502         -0.0054
            -0.3294         -0.0054          8.6772

     Atom  2  N   pos: (  0.928193  0.756454  0.960450)  dia sigma:           8.57
             8.1698          0.1405         -0.3294
             0.1405          8.8502          0.0054
            -0.3294          0.0054          8.6772

     Atom  3  N   pos: (  0.204168  0.210961  0.140430)  dia sigma:           7.86
             8.2913         -0.0284          0.0732
            -0.0284          7.5134         -0.3700
             0.0732         -0.3700          7.7840

     Atom  4  N   pos: (  0.784291  0.626084  1.003604)  dia sigma:           7.86
             8.2913          0.0284          0.0732
             0.0284          7.5134          0.3700
             0.0732          0.3700          7.7840

     Atom  5  N   pos: (  0.366968  0.271329  0.245059)  dia sigma:           9.17
             9.1398          0.0491          0.1414
             0.0491          9.2261          0.2702
             0.1414          0.2702          9.1341

     Atom  6  N   pos: (  0.621491  0.686452  0.898976)  dia sigma:           9.17
             9.1398         -0.0491          0.1414
            -0.0491          9.2261         -0.2702
             0.1414         -0.2702          9.1341

     Atom  7  N   pos: (  0.338030  0.435760  0.354631)  dia sigma:           8.42
             8.1500         -0.2767         -0.3836
            -0.2767          8.6650         -0.0825
            -0.3836         -0.0825          8.4336

     Atom  8  N   pos: (  0.650429  0.020637  0.789403)  dia sigma:           8.42
             8.1500          0.2767         -0.3836
             0.2767          8.6650          0.0825
            -0.3836          0.0825          8.4336

     Atom  9  N   pos: (  0.035477  0.645693  0.393870)  dia sigma:           8.77
             8.7763          0.0375          0.0259
             0.0375          8.7391         -0.0167
             0.0259         -0.0167          8.7885

     Atom 10  N   pos: (  0.952982  0.230570  0.750165)  dia sigma:           8.77
             8.7763         -0.0375          0.0259
            -0.0375          8.7391          0.0167
             0.0259          0.0167          8.7885

     Atom 11  O   pos: (  0.667379  0.218053  0.060857)  dia sigma:          17.99
            18.2216          0.6585         -0.4183
             0.6585         17.5178         -0.2030
            -0.4183         -0.2030         18.2374

     Atom 12  O   pos: (  0.321079  0.633176  1.083178)  dia sigma:          17.99
            18.2216         -0.6585         -0.4183
            -0.6585         17.5178          0.2030
            -0.4183          0.2030         18.2374

     Atom 13  H   pos: (  0.788440  0.295078  0.102415)  dia sigma:           0.99
             0.9920          0.0000         -0.0000
             0.0000          0.9920         -0.0000
            -0.0000         -0.0000          0.9920

     Atom 14  H   pos: (  0.200018  0.710201  1.041619)  dia sigma:           0.99
             0.9920         -0.0000         -0.0000
            -0.0000          0.9920          0.0000
            -0.0000          0.0000          0.9920

     Atom 15  O   pos: (  0.860995  0.669799  0.334271)  dia sigma:          16.87
            17.7516          0.0430          0.2910
             0.0430         16.1749         -0.7661
             0.2910         -0.7661         16.6759

     Atom 16  O   pos: (  0.127464  0.254676  0.809763)  dia sigma:          16.87
            17.7516         -0.0430          0.2910
            -0.0430         16.1749          0.7661
             0.2910          0.7661         16.6759

     Atom 17  O   pos: (  0.124371  0.751475  0.519530)  dia sigma:          16.95
            16.3898          0.8870          0.3568
             0.8870         16.9213          0.2195
             0.3568          0.2195         17.5267

     Atom 18  O   pos: (  0.864088  0.336352  0.624505)  dia sigma:          16.95
            16.3898         -0.8870          0.3568
            -0.8870         16.9213         -0.2195
             0.3568         -0.2195         17.5267

     Atom 19  C   pos: (  0.145663  0.475337  0.310986)  dia sigma:           4.27
             4.2579         -0.0316         -0.0184
            -0.0316          4.2960          0.0198
            -0.0184          0.0198          4.2576

     Atom 20  C   pos: (  0.842795  0.060214  0.833049)  dia sigma:           4.27
             4.2579          0.0316         -0.0184
             0.0316          4.2960         -0.0198
            -0.0184         -0.0198          4.2576

     Atom 21  C   pos: (  0.561497  0.158156  0.231941)  dia sigma:           4.06
             4.1879         -0.1552         -0.1365
            -0.1552          3.9624         -0.0858
            -0.1365         -0.0858          4.0165

     Atom 22  C   pos: (  0.426961  0.573279  0.912093)  dia sigma:           4.06
             4.1879          0.1552         -0.1365
             0.1552          3.9624          0.0858
            -0.1365          0.0858          4.0165

     Atom 23  H   pos: (  0.641823  0.187582  0.374321)  dia sigma:           1.13
             1.1307         -0.0000         -0.0000
            -0.0000          1.1307          0.0000
            -0.0000          0.0000          1.1307

     Atom 24  H   pos: (  0.346635  0.602705  0.769714)  dia sigma:           1.13
             1.1307          0.0000         -0.0000
             0.0000          1.1307         -0.0000
            -0.0000         -0.0000          1.1307

     Atom 25  H   pos: (  0.515985 -0.001379  0.219228)  dia sigma:           1.14
             1.1371          0.0000         -0.0000
             0.0000          1.1371         -0.0000
            -0.0000         -0.0000          1.1371

     Atom 26  H   pos: (  0.472474  0.413744  0.924806)  dia sigma:           1.14
             1.1371         -0.0000         -0.0000
            -0.0000          1.1371          0.0000
            -0.0000          0.0000          1.1371

     Paramagnetic contribution in ppm:
 
     Atom  1  N   pos: (  0.060266  0.341331  0.183584)  para sigma:        -215.35
          -253.4346         53.3208        -24.1392
            58.6207       -242.4947       -107.0992
           -25.2479       -101.0132       -150.1162

     Atom  2  N   pos: (  0.928193  0.756454  0.960450)  para sigma:        -215.35
          -253.4346        -53.3208        -24.1392
           -58.6207       -242.4947        107.0992
           -25.2479        101.0132       -150.1162

     Atom  3  N   pos: (  0.204168  0.210961  0.140430)  para sigma:        -253.33
          -364.3095         48.7691        -54.4128
            74.4838       -223.9921        -55.3964
           -34.6671        -61.9747       -171.7029

     Atom  4  N   pos: (  0.784291  0.626084  1.003604)  para sigma:        -253.33
          -364.3095        -48.7691        -54.4128
           -74.4838       -223.9921         55.3964
           -34.6671         61.9747       -171.7029

     Atom  5  N   pos: (  0.366968  0.271329  0.245059)  para sigma:        -207.78
          -234.6072         55.6241          6.7435
            36.5409       -220.2237        -43.0034
            -4.4368        -33.4236       -168.4965

     Atom  6  N   pos: (  0.621491  0.686452  0.898976)  para sigma:        -207.78
          -234.6072        -55.6241          6.7435
           -36.5409       -220.2237         43.0034
            -4.4368         33.4236       -168.4965

     Atom  7  N   pos: (  0.338030  0.435760  0.354631)  para sigma:        -206.15
          -248.4685         81.9222         -7.5755
            67.8843       -232.9847       -105.8189
           -15.6979       -104.2057       -136.9984

     Atom  8  N   pos: (  0.650429  0.020637  0.789403)  para sigma:        -206.15
          -248.4685        -81.9222         -7.5755
           -67.8843       -232.9847        105.8189
           -15.6979        104.2057       -136.9984

     Atom  9  N   pos: (  0.035477  0.645693  0.393870)  para sigma:        -221.52
          -231.1110         48.1540         -6.5918
            46.7742       -243.1922        -66.5647
            -9.4699        -66.2479       -190.2437

     Atom 10  N   pos: (  0.952982  0.230570  0.750165)  para sigma:        -221.52
          -231.1110        -48.1540         -6.5918
           -46.7742       -243.1922         66.5647
            -9.4699         66.2479       -190.2437

     Atom 11  O   pos: (  0.667379  0.218053  0.060857)  para sigma:          15.80
            51.5947        -11.9768          9.4187
           -14.1032         -1.3676        -13.1272
            -1.1807          2.5207         -2.8283

     Atom 12  O   pos: (  0.321079  0.633176  1.083178)  para sigma:          15.80
            51.5947         11.9768          9.4187
            14.1032         -1.3676         13.1272
            -1.1807         -2.5207         -2.8283

     Atom 13  H   pos: (  0.788440  0.295078  0.102415)  para sigma:           0.00
             0.0000          0.0000          0.0000
             0.0000          0.0000          0.0000
             0.0000          0.0000          0.0000

     Atom 14  H   pos: (  0.200018  0.710201  1.041619)  para sigma:           0.00
             0.0000          0.0000          0.0000
             0.0000          0.0000          0.0000
             0.0000          0.0000          0.0000

     Atom 15  O   pos: (  0.860995  0.669799  0.334271)  para sigma:        -347.39
          -499.0820         20.8580       -187.9931
           109.5489       -287.7203       -139.6175
          -131.1618       -181.4375       -255.3557

     Atom 16  O   pos: (  0.127464  0.254676  0.809763)  para sigma:        -347.39
          -499.0820        -20.8580       -187.9931
          -109.5489       -287.7203        139.6175
          -131.1618        181.4375       -255.3557

     Atom 17  O   pos: (  0.124371  0.751475  0.519530)  para sigma:        -329.23
          -423.9439         77.8637       -103.3819
           -16.3662       -301.1144       -192.2726
          -178.1496       -152.8706       -262.6379

     Atom 18  O   pos: (  0.864088  0.336352  0.624505)  para sigma:        -329.23
          -423.9439        -77.8637       -103.3819
            16.3662       -301.1144        192.2726
          -178.1496        152.8706       -262.6379

     Atom 19  C   pos: (  0.145663  0.475337  0.310986)  para sigma:        -123.56
          -119.0320         14.2715          6.0121
            15.3460       -136.2624        -13.5985
             8.6565        -14.2715       -115.3961

     Atom 20  C   pos: (  0.842795  0.060214  0.833049)  para sigma:        -123.56
          -119.0320        -14.2715          6.0121
           -15.3460       -136.2624         13.5985
             8.6565         14.2715       -115.3961

     Atom 21  C   pos: (  0.561497  0.158156  0.231941)  para sigma:         -78.60
           -77.5401         -9.5519         -4.2970
            -6.7179        -78.6407         -5.7244
            -6.8181         -2.9035        -79.6277

     Atom 22  C   pos: (  0.426961  0.573279  0.912093)  para sigma:         -78.60
           -77.5401          9.5519         -4.2970
             6.7179        -78.6407          5.7244
            -6.8181          2.9035        -79.6277

     Atom 23  H   pos: (  0.641823  0.187582  0.374321)  para sigma:           0.00
             0.0000          0.0000          0.0000
             0.0000          0.0000          0.0000
             0.0000          0.0000          0.0000

     Atom 24  H   pos: (  0.346635  0.602705  0.769714)  para sigma:           0.00
             0.0000          0.0000          0.0000
             0.0000          0.0000          0.0000
             0.0000          0.0000          0.0000

     Atom 25  H   pos: (  0.515985 -0.001379  0.219228)  para sigma:           0.00
             0.0000          0.0000          0.0000
             0.0000          0.0000          0.0000
             0.0000          0.0000          0.0000

     Atom 26  H   pos: (  0.472474  0.413744  0.924806)  para sigma:           0.00
             0.0000          0.0000          0.0000
             0.0000          0.0000          0.0000
             0.0000          0.0000          0.0000

     Paramagnetic US occ-occ contribution in ppm:
 
     Atom  1  N   pos: (  0.060266  0.341331  0.183584)  para_oo sigma:          -3.37
            -2.3965         -1.5879         -1.3772
            -0.4885         -4.1517         -1.9065
            -0.5739         -2.3308         -3.5680

     Atom  2  N   pos: (  0.928193  0.756454  0.960450)  para_oo sigma:          -3.37
            -2.3965          1.5879         -1.3772
             0.4885         -4.1517          1.9065
            -0.5739          2.3308         -3.5680

     Atom  3  N   pos: (  0.204168  0.210961  0.140430)  para_oo sigma:          -4.14
            -4.6588          0.3225         -0.8010
             0.8045         -4.5262         -1.7266
            -0.4241         -1.8809         -3.2296

     Atom  4  N   pos: (  0.784291  0.626084  1.003604)  para_oo sigma:          -4.14
            -4.6588         -0.3225         -0.8010
            -0.8045         -4.5262          1.7266
            -0.4241          1.8809         -3.2296

     Atom  5  N   pos: (  0.366968  0.271329  0.245059)  para_oo sigma:          -2.60
            -3.9049          1.5722          0.0776
             1.0601         -2.4022         -0.4532
            -0.2297         -0.1615         -1.4947

     Atom  6  N   pos: (  0.621491  0.686452  0.898976)  para_oo sigma:          -2.60
            -3.9049         -1.5722          0.0776
            -1.0601         -2.4022          0.4532
            -0.2297          0.1615         -1.4947

     Atom  7  N   pos: (  0.338030  0.435760  0.354631)  para_oo sigma:          -3.18
            -5.3494          1.5863         -0.1829
             0.7333         -2.3025         -0.1910
            -0.8405          0.1784         -1.8801

     Atom  8  N   pos: (  0.650429  0.020637  0.789403)  para_oo sigma:          -3.18
            -5.3494         -1.5863         -0.1829
            -0.7333         -2.3025          0.1910
            -0.8405         -0.1784         -1.8801

     Atom  9  N   pos: (  0.035477  0.645693  0.393870)  para_oo sigma:          -2.83
            -2.4574          1.1761          0.6937
             1.2188         -3.7151         -0.8813
             0.6370         -0.8902         -2.3037

     Atom 10  N   pos: (  0.952982  0.230570  0.750165)  para_oo sigma:          -2.83
            -2.4574         -1.1761          0.6937
            -1.2188         -3.7151          0.8813
             0.6370          0.8902         -2.3037

     Atom 11  O   pos: (  0.667379  0.218053  0.060857)  para_oo sigma:          -0.13
             0.0210         -0.0211          0.0966
            -0.2238         -0.1624          0.2760
             0.1443          0.1042         -0.2522

     Atom 12  O   pos: (  0.321079  0.633176  1.083178)  para_oo sigma:          -0.13
             0.0210          0.0211          0.0966
             0.2238         -0.1624         -0.2760
             0.1443         -0.1042         -0.2522

     Atom 13  H   pos: (  0.788440  0.295078  0.102415)  para_oo sigma:           0.00
             0.0000          0.0000          0.0000
             0.0000          0.0000          0.0000
             0.0000          0.0000          0.0000

     Atom 14  H   pos: (  0.200018  0.710201  1.041619)  para_oo sigma:           0.00
             0.0000          0.0000          0.0000
             0.0000          0.0000          0.0000
             0.0000          0.0000          0.0000

     Atom 15  O   pos: (  0.860995  0.669799  0.334271)  para_oo sigma:          -5.71
            -3.6458          2.0319          0.8730
             6.3424         -9.3549         -2.9342
             4.3519         -4.9709         -4.1182

     Atom 16  O   pos: (  0.127464  0.254676  0.809763)  para_oo sigma:          -5.71
            -3.6458         -2.0319          0.8730
            -6.3424         -9.3549          2.9342
             4.3519          4.9709         -4.1182

     Atom 17  O   pos: (  0.124371  0.751475  0.519530)  para_oo sigma:          -5.53
            -5.5789          6.9127          3.6570
             3.1300         -8.0902         -3.6357
             0.6058         -1.9106         -2.9214

     Atom 18  O   pos: (  0.864088  0.336352  0.624505)  para_oo sigma:          -5.53
            -5.5789         -6.9127          3.6570
            -3.1300         -8.0902          3.6357
             0.6058          1.9106         -2.9214

     Atom 19  C   pos: (  0.145663  0.475337  0.310986)  para_oo sigma:          -2.21
            -2.3814          0.2805         -0.2729
             0.2881         -2.3474         -0.7298
            -0.2867         -0.8023         -1.8930

     Atom 20  C   pos: (  0.842795  0.060214  0.833049)  para_oo sigma:          -2.21
            -2.3814         -0.2805         -0.2729
            -0.2881         -2.3474          0.7298
            -0.2867          0.8023         -1.8930

     Atom 21  C   pos: (  0.561497  0.158156  0.231941)  para_oo sigma:          -0.51
            -0.4047         -0.3408         -0.1680
            -0.3300         -0.5389         -0.2250
            -0.1372         -0.2981         -0.5935

     Atom 22  C   pos: (  0.426961  0.573279  0.912093)  para_oo sigma:          -0.51
            -0.4047          0.3408         -0.1680
             0.3300         -0.5389          0.2250
            -0.1372          0.2981         -0.5935

     Atom 23  H   pos: (  0.641823  0.187582  0.374321)  para_oo sigma:           0.00
             0.0000          0.0000          0.0000
             0.0000          0.0000          0.0000
             0.0000          0.0000          0.0000

     Atom 24  H   pos: (  0.346635  0.602705  0.769714)  para_oo sigma:           0.00
             0.0000          0.0000          0.0000
             0.0000          0.0000          0.0000
             0.0000          0.0000          0.0000

     Atom 25  H   pos: (  0.515985 -0.001379  0.219228)  para_oo sigma:           0.00
             0.0000          0.0000          0.0000
             0.0000          0.0000          0.0000
             0.0000          0.0000          0.0000

     Atom 26  H   pos: (  0.472474  0.413744  0.924806)  para_oo sigma:           0.00
             0.0000          0.0000          0.0000
             0.0000          0.0000          0.0000
             0.0000          0.0000          0.0000

     Paramagnetic US L_R Q_R contribution in ppm:
 
     Atom  1  N   pos: (  0.060266  0.341331  0.183584)  para_lq sigma:         -75.72
           -71.2896          2.3022         -0.6085
             5.6947        -83.2775        -11.9104
             1.9688        -13.0069        -72.5962

     Atom  2  N   pos: (  0.928193  0.756454  0.960450)  para_lq sigma:         -75.72
           -71.2896         -2.3022         -0.6085
            -5.6947        -83.2775         11.9104
             1.9688         13.0069        -72.5962

     Atom  3  N   pos: (  0.204168  0.210961  0.140430)  para_lq sigma:         -81.44
           -99.4779          8.9844         -6.0291
            11.0773        -75.4642         -3.7567
            -4.4847         -4.0739        -69.3705

     Atom  4  N   pos: (  0.784291  0.626084  1.003604)  para_lq sigma:         -81.44
           -99.4779         -8.9844         -6.0291
           -11.0773        -75.4642          3.7567
            -4.4847          4.0739        -69.3705

     Atom  5  N   pos: (  0.366968  0.271329  0.245059)  para_lq sigma:         -74.77
           -80.5574          9.0746         -1.7541
             7.1600        -77.1180        -11.2134
            -3.0313        -10.1927        -66.6453

     Atom  6  N   pos: (  0.621491  0.686452  0.898976)  para_lq sigma:         -74.77
           -80.5574         -9.0746         -1.7541
            -7.1600        -77.1180         11.2134
            -3.0313         10.1927        -66.6453

     Atom  7  N   pos: (  0.338030  0.435760  0.354631)  para_lq sigma:         -76.51
           -83.3976         15.5876          4.5563
            13.0071        -78.9205         -5.4093
             2.5924         -4.3029        -67.2187

     Atom  8  N   pos: (  0.650429  0.020637  0.789403)  para_lq sigma:         -76.51
           -83.3976        -15.5876          4.5563
           -13.0071        -78.9205          5.4093
             2.5924          4.3029        -67.2187

     Atom  9  N   pos: (  0.035477  0.645693  0.393870)  para_lq sigma:         -75.17
           -76.6156          8.3038         -0.9443
             8.3262        -79.1445        -11.3546
            -1.1584        -11.2410        -69.7607

     Atom 10  N   pos: (  0.952982  0.230570  0.750165)  para_lq sigma:         -75.17
           -76.6156         -8.3038         -0.9443
            -8.3262        -79.1445         11.3546
            -1.1584         11.2410        -69.7607

     Atom 11  O   pos: (  0.667379  0.218053  0.060857)  para_lq sigma:        -138.36
          -140.5187        -10.0793         -2.3415
           -11.8175       -133.6525         -2.9268
            -3.3895         -3.0271       -140.9066

     Atom 12  O   pos: (  0.321079  0.633176  1.083178)  para_lq sigma:        -138.36
          -140.5187         10.0793         -2.3415
            11.8175       -133.6525          2.9268
            -3.3895          3.0271       -140.9066

     Atom 13  H   pos: (  0.788440  0.295078  0.102415)  para_lq sigma:           0.00
             0.0000          0.0000          0.0000
             0.0000          0.0000          0.0000
             0.0000          0.0000          0.0000

     Atom 14  H   pos: (  0.200018  0.710201  1.041619)  para_lq sigma:           0.00
             0.0000          0.0000          0.0000
             0.0000          0.0000          0.0000
             0.0000          0.0000          0.0000

     Atom 15  O   pos: (  0.860995  0.669799  0.334271)  para_lq sigma:        -188.76
          -217.8203          6.6613        -26.9060
            35.8480       -180.4514         -8.7925
            -3.7925        -22.3320       -168.0117

     Atom 16  O   pos: (  0.127464  0.254676  0.809763)  para_lq sigma:        -188.76
          -217.8203         -6.6613        -26.9060
           -35.8480       -180.4514          8.7925
            -3.7925         22.3320       -168.0117

     Atom 17  O   pos: (  0.124371  0.751475  0.519530)  para_lq sigma:        -186.06
          -185.2365         18.1377         -2.7139
           -10.8844       -192.3077        -39.7015
           -25.8120        -26.6823       -180.6366

     Atom 18  O   pos: (  0.864088  0.336352  0.624505)  para_lq sigma:        -186.06
          -185.2365        -18.1377         -2.7139
            10.8844       -192.3077         39.7015
           -25.8120         26.6823       -180.6366

     Atom 19  C   pos: (  0.145663  0.475337  0.310986)  para_lq sigma:         -16.97
           -17.1869          2.1166         -0.1126
             1.8370        -18.2649         -3.0391
            -0.1905         -3.2578        -15.4512

     Atom 20  C   pos: (  0.842795  0.060214  0.833049)  para_lq sigma:         -16.97
           -17.1869         -2.1166         -0.1126
            -1.8370        -18.2649          3.0391
            -0.1905          3.2578        -15.4512

     Atom 21  C   pos: (  0.561497  0.158156  0.231941)  para_lq sigma:         -11.88
           -11.9255         -1.0511          0.1697
            -0.7135        -11.5342         -0.0608
             0.3269         -0.2498        -12.1879

     Atom 22  C   pos: (  0.426961  0.573279  0.912093)  para_lq sigma:         -11.88
           -11.9255          1.0511          0.1697
             0.7135        -11.5342          0.0608
             0.3269          0.2498        -12.1879

     Atom 23  H   pos: (  0.641823  0.187582  0.374321)  para_lq sigma:           0.00
             0.0000          0.0000          0.0000
             0.0000          0.0000          0.0000
             0.0000          0.0000          0.0000

     Atom 24  H   pos: (  0.346635  0.602705  0.769714)  para_lq sigma:           0.00
             0.0000          0.0000          0.0000
             0.0000          0.0000          0.0000
             0.0000          0.0000          0.0000

     Atom 25  H   pos: (  0.515985 -0.001379  0.219228)  para_lq sigma:           0.00
             0.0000          0.0000          0.0000
             0.0000          0.0000          0.0000
             0.0000          0.0000          0.0000

     Atom 26  H   pos: (  0.472474  0.413744  0.924806)  para_lq sigma:           0.00
             0.0000          0.0000          0.0000
             0.0000          0.0000          0.0000
             0.0000          0.0000          0.0000

 
     Total NMR chemical shifts in ppm: ---------------------------------------
     (adopting the Simpson convention for anisotropy and asymmetry)-----------
 
     Atom  1  N   pos: (  0.060266  0.341331  0.183584)  Total sigma:        -108.98
          -164.0565         85.9617        -43.9656
           101.3492       -161.7798       -190.0829
           -38.9052       -185.1281         -1.0936

     N    1    anisotropy:    384.06    eta:   -0.5658
     N    1    sigma_11=   -164.56    axis=(  0.877231  0.190285  0.440746)
     N    1    sigma_22=   -309.43    axis=( -0.395251  0.807362  0.438114)
     N    1    sigma_33=    147.06    axis=( -0.272475 -0.558533  0.783453)
 
     Atom  2  N   pos: (  0.928193  0.756454  0.960450)  Total sigma:        -108.98
          -164.0565        -85.9617        -43.9656
          -101.3492       -161.7798        190.0829
           -38.9052        185.1281         -1.0936

     N    2    anisotropy:    384.06    eta:   -0.5658
     N    2    sigma_11=   -164.56    axis=( -0.877231  0.190285 -0.440746)
     N    2    sigma_22=   -309.43    axis=( -0.395251 -0.807362  0.438114)
     N    2    sigma_33=    147.06    axis=( -0.272475  0.558533  0.783453)
 
     Atom  3  N   pos: (  0.204168  0.210961  0.140430)  Total sigma:        -177.38
          -372.5050         91.8386        -93.3160
           135.3814       -127.1656        -99.6371
           -58.8577       -111.8803        -32.4566

     N    3    anisotropy:    374.70    eta:   -0.9432
     N    3    sigma_11=   -184.47    axis=(  0.202199  0.753571  0.625497)
     N    3    sigma_22=   -420.09    axis=( -0.939182  0.330233 -0.094250)
     N    3    sigma_33=     72.43    axis=( -0.277584 -0.568398  0.774513)
 
     Atom  4  N   pos: (  0.784291  0.626084  1.003604)  Total sigma:        -177.38
          -372.5050        -91.8386        -93.3160
          -135.3814       -127.1656         99.6371
           -58.8577        111.8803        -32.4566

     N    4    anisotropy:    374.70    eta:   -0.9432
     N    4    sigma_11=   -184.47    axis=( -0.202199  0.753571 -0.625497)
     N    4    sigma_22=   -420.09    axis=( -0.939182 -0.330233 -0.094250)
     N    4    sigma_33=     72.43    axis=( -0.277584  0.568398  0.774513)
 
     Atom  5  N   pos: (  0.366968  0.271329  0.245059)  Total sigma:         -93.07
          -145.1618        102.7892          6.3443
            69.9136       -115.8614        -84.5789
           -13.4546        -70.3220        -18.1802

     N    5    anisotropy:   -205.05    eta:   -0.9105
     N    5    sigma_11=    -86.95    axis=(  0.670288  0.475298  0.569918)
     N    5    sigma_22=     37.52    axis=( -0.276547 -0.552679  0.786172)
     N    5    sigma_33=   -229.77    axis=( -0.688648  0.684571  0.239012)
 
     Atom  6  N   pos: (  0.621491  0.686452  0.898976)  Total sigma:         -93.07
          -145.1618       -102.7892          6.3443
           -69.9136       -115.8614         84.5789
           -13.4546         70.3220        -18.1802

     N    6    anisotropy:   -205.05    eta:   -0.9105
     N    6    sigma_11=    -86.95    axis=( -0.670288  0.475298 -0.569918)
     N    6    sigma_22=     37.52    axis=( -0.276547  0.552679  0.786172)
     N    6    sigma_33=   -229.77    axis=( -0.688648 -0.684571  0.239012)
 
     Atom  7  N   pos: (  0.338030  0.435760  0.354631)  Total sigma:         -96.31
          -182.9634        153.8642         -9.3127
           126.6890       -137.2536       -174.6451
           -26.1039       -171.9434         31.2972

     N    7    anisotropy:    391.69    eta:   -0.8255
     N    7    sigma_11=   -119.09    axis=(  0.731670  0.402594  0.550070)
     N    7    sigma_22=   -334.65    axis=( -0.626103  0.716001  0.308766)
     N    7    sigma_33=    164.82    axis=( -0.269543 -0.570316  0.775942)
 
     Atom  8  N   pos: (  0.650429  0.020637  0.789403)  Total sigma:         -96.31
          -182.9634       -153.8642         -9.3127
          -126.6890       -137.2536        174.6451
           -26.1039        171.9434         31.2972

     N    8    anisotropy:    391.69    eta:   -0.8255
     N    8    sigma_11=   -119.09    axis=( -0.731670  0.402594 -0.550070)
     N    8    sigma_22=   -334.65    axis=( -0.626103 -0.716001  0.308766)
     N    8    sigma_33=    164.82    axis=( -0.269543  0.570316  0.775942)
 
     Atom  9  N   pos: (  0.035477  0.645693  0.393870)  Total sigma:        -125.06
          -140.9689         84.0878         -8.8523
            81.9952       -163.2528       -111.2480
           -13.7184       -113.9761        -70.9648

     N    9    anisotropy:    225.20    eta:   -0.9531
     N    9    sigma_11=   -128.58    axis=( -0.817092 -0.195586 -0.542316)
     N    9    sigma_22=   -271.68    axis=( -0.462425  0.784105  0.413935)
     N    9    sigma_33=     25.07    axis=(  0.344273  0.589003 -0.731130)
 
     Atom 10  N   pos: (  0.952982  0.230570  0.750165)  Total sigma:        -125.06
          -140.9689        -84.0878         -8.8523
           -81.9952       -163.2528        111.2480
           -13.7184        113.9761        -70.9648

     N   10    anisotropy:    225.20    eta:   -0.9531
     N   10    sigma_11=   -128.58    axis=( -0.817092  0.195586 -0.542316)
     N   10    sigma_22=   -271.68    axis=( -0.462425 -0.784105  0.413935)
     N   10    sigma_33=     25.07    axis=( -0.344273  0.589003  0.731130)
 
     Atom 11  O   pos: (  0.667379  0.218053  0.060857)  Total sigma:         245.05
           292.8870        -29.5924          7.6573
           -32.4886        224.0698        -20.2815
            -9.7903          1.7231        218.1908

     O   11    anisotropy:     89.75    eta:   -0.3184
     O   11    sigma_11=    224.66    axis=( -0.232084 -0.537989  0.810373)
     O   11    sigma_22=    205.61    axis=(  0.278038  0.761668  0.585283)
     O   11    sigma_33=    304.88    axis=( -0.932112  0.361149 -0.027189)
 
     Atom 12  O   pos: (  0.321079  0.633176  1.083178)  Total sigma:         245.05
           292.8870         29.5924          7.6573
            32.4886        224.0698         20.2815
            -9.7903         -1.7231        218.1908

     O   12    anisotropy:     89.75    eta:   -0.3184
     O   12    sigma_11=    224.66    axis=( -0.232084  0.537989  0.810373)
     O   12    sigma_22=    205.61    axis=( -0.278038  0.761668 -0.585283)
     O   12    sigma_33=    304.88    axis=( -0.932112 -0.361149 -0.027189)
 
     Atom 13  H   pos: (  0.788440  0.295078  0.102415)  Total sigma:          24.66
            36.3103          6.8576          4.7423
            11.0533         21.3305          4.0537
             5.3836          3.6529         16.3505

     H   13    anisotropy:     26.01    eta:   -0.2009
     H   13    sigma_11=     17.73    axis=( -0.484154  0.779157  0.398132)
     H   13    sigma_22=     14.25    axis=( -0.015624 -0.462642  0.886407)
     H   13    sigma_33=     42.01    axis=( -0.874843 -0.422937 -0.236164)
 
     Atom 14  H   pos: (  0.200018  0.710201  1.041619)  Total sigma:          24.66
            36.3103         -6.8576          4.7423
           -11.0533         21.3305         -4.0537
             5.3836         -3.6529         16.3505

     H   14    anisotropy:     26.01    eta:   -0.2009
     H   14    sigma_11=     17.73    axis=(  0.484154  0.779157 -0.398132)
     H   14    sigma_22=     14.25    axis=( -0.015624  0.462642  0.886407)
     H   14    sigma_33=     42.01    axis=( -0.874843  0.422937 -0.236164)
 
     Atom 15  O   pos: (  0.860995  0.669799  0.334271)  Total sigma:        -350.49
          -600.9973         43.6167       -299.1376
           215.1516       -261.8962       -214.2976
          -182.6112       -298.5550       -188.5820

     O   15    anisotropy:    723.27    eta:   -0.5003
     O   15    sigma_11=   -470.96    axis=( -0.214987  0.807245  0.549669)
     O   15    sigma_22=   -712.21    axis=( -0.913901  0.032151 -0.404663)
     O   15    sigma_33=    131.69    axis=( -0.344335 -0.589340  0.730830)
 
     Atom 16  O   pos: (  0.127464  0.254676  0.809763)  Total sigma:        -350.49
          -600.9973        -43.6167       -299.1376
          -215.1516       -261.8962        214.2976
          -182.6112        298.5550       -188.5820

     O   16    anisotropy:    723.27    eta:   -0.5003
     O   16    sigma_11=   -470.96    axis=(  0.214987  0.807245 -0.549669)
     O   16    sigma_22=   -712.21    axis=( -0.913901 -0.032151 -0.404663)
     O   16    sigma_33=    131.69    axis=( -0.344335  0.589340  0.730830)
 
     Atom 17  O   pos: (  0.124371  0.751475  0.519530)  Total sigma:        -320.16
          -455.3973        148.1139       -143.9732
           -31.0436       -293.5016       -332.0844
          -285.6284       -258.6245       -211.5714

     O   17    anisotropy:    656.52    eta:   -0.4218
     O   17    sigma_11=   -446.69    axis=( -0.701211  0.680147  0.213785)
     O   17    sigma_22=   -631.31    axis=( -0.628185 -0.447595 -0.636429)
     O   17    sigma_33=    117.53    axis=( -0.337176 -0.580567  0.741116)
 
     Atom 18  O   pos: (  0.864088  0.336352  0.624505)  Total sigma:        -320.16
          -455.3973       -148.1139       -143.9732
            31.0436       -293.5016        332.0844
          -285.6284        258.6245       -211.5714

     O   18    anisotropy:    656.52    eta:   -0.4218
     O   18    sigma_11=   -446.69    axis=( -0.701211 -0.680147  0.213785)
     O   18    sigma_22=   -631.31    axis=(  0.628185 -0.447595  0.636429)
     O   18    sigma_33=    117.53    axis=( -0.337176  0.580567  0.741116)
 
     Atom 19  C   pos: (  0.145663  0.475337  0.310986)  Total sigma:          -6.42
            -3.4845         32.3552          7.0503
            33.6743        -31.2915        -33.8357
            12.8727        -38.5511         15.5303

     C   19    anisotropy:    -93.30    eta:   -0.3966
     C   19    sigma_11=     12.35    axis=(  0.851695  0.273670  0.446901)
     C   19    sigma_22=     37.02    axis=( -0.246126 -0.543988  0.802184)
     C   19    sigma_33=    -68.61    axis=(  0.462643 -0.793210 -0.395955)
 
     Atom 20  C   pos: (  0.842795  0.060214  0.833049)  Total sigma:          -6.42
            -3.4845        -32.3552          7.0503
           -33.6743        -31.2915         33.8357
            12.8727         38.5511         15.5303

     C   20    anisotropy:    -93.30    eta:   -0.3966
     C   20    sigma_11=     12.35    axis=(  0.851695 -0.273670  0.446901)
     C   20    sigma_22=     37.02    axis=(  0.246126 -0.543988 -0.802184)
     C   20    sigma_33=    -68.61    axis=(  0.462643  0.793210 -0.395955)
 
     Atom 21  C   pos: (  0.561497  0.158156  0.231941)  Total sigma:          87.96
            93.9916        -20.2066        -14.0816
           -14.2677         83.4430        -10.9624
           -19.4070        -10.0941         86.4524

     C   21    anisotropy:    -44.64    eta:   -0.4926
     C   21    sigma_11=     95.51    axis=(  0.052747 -0.698197  0.713960)
     C   21    sigma_22=    110.17    axis=(  0.828648 -0.368383 -0.421470)
     C   21    sigma_33=     58.20    axis=( -0.557280 -0.613853 -0.559128)
 
     Atom 22  C   pos: (  0.426961  0.573279  0.912093)  Total sigma:          87.96
            93.9916         20.2066        -14.0816
            14.2677         83.4430         10.9624
           -19.4070         10.0941         86.4524

     C   22    anisotropy:    -44.64    eta:   -0.4926
     C   22    sigma_11=     95.51    axis=( -0.052747 -0.698197 -0.713960)
     C   22    sigma_22=    110.17    axis=(  0.828648  0.368383 -0.421470)
     C   22    sigma_33=     58.20    axis=( -0.557280  0.613853 -0.559128)
 
     Atom 23  H   pos: (  0.641823  0.187582  0.374321)  Total sigma:          24.15
            23.2359         -0.5419          2.4944
             0.3659         20.8207          2.0333
             4.0552         -1.0783         28.4073

     H   23    anisotropy:      8.78    eta:   -0.1744
     H   23    sigma_11=     21.74    axis=(  0.866193 -0.293746 -0.404256)
     H   23    sigma_22=     20.72    axis=( -0.247078 -0.954934  0.164478)
     H   23    sigma_33=     30.01    axis=(  0.434353  0.042587  0.899735)
 
     Atom 24  H   pos: (  0.346635  0.602705  0.769714)  Total sigma:          24.15
            23.2359          0.5419          2.4944
            -0.3659         20.8207         -2.0333
             4.0552          1.0783         28.4073

     H   24    anisotropy:      8.78    eta:   -0.1744
     H   24    sigma_11=     21.74    axis=( -0.866193 -0.293746  0.404256)
     H   24    sigma_22=     20.72    axis=( -0.247078  0.954934  0.164478)
     H   24    sigma_33=     30.01    axis=(  0.434353 -0.042587  0.899735)
 
     Atom 25  H   pos: (  0.515985 -0.001379  0.219228)  Total sigma:          24.82
            24.6668          3.0672          0.7504
             1.6641         27.8780          3.3468
             0.0189         -3.1341         21.9283

     H   25    anisotropy:      6.48    eta:   -0.3715
     H   25    sigma_11=     23.47    axis=(  0.864393 -0.468070  0.183674)
     H   25    sigma_22=     21.86    axis=( -0.179821  0.053363  0.982251)
     H   25    sigma_33=     29.14    axis=(  0.469563  0.882079  0.038042)
 
     Atom 26  H   pos: (  0.472474  0.413744  0.924806)  Total sigma:          24.82
            24.6668         -3.0672          0.7504
            -1.6641         27.8780         -3.3468
             0.0189          3.1341         21.9283

     H   26    anisotropy:      6.48    eta:   -0.3715
     H   26    sigma_11=     23.47    axis=( -0.864393 -0.468070 -0.183674)
     H   26    sigma_22=     21.86    axis=( -0.179821 -0.053363  0.982251)
     H   26    sigma_33=     29.14    axis=(  0.469563 -0.882079  0.038042)
 
     Initialization:
     gipaw_setup  :      0.32s CPU      0.33s WALL (       1 calls)
 
     Linear response
     greenf       :   3861.86s CPU   3938.69s WALL (     360 calls)
     cgsolve      :   3842.21s CPU   3918.96s WALL (     360 calls)
     ch_psi       :   3746.62s CPU   3823.21s WALL (   22083 calls)
     h_psiq       :   3039.97s CPU   3114.69s WALL (   22083 calls)
 
     Apply operators
     h_psi        :   2942.94s CPU   3025.67s WALL (   29692 calls)
     apply_vel    :     58.65s CPU     58.72s WALL (     315 calls)
 
     Induced current
     j_para       :    248.42s CPU    256.51s WALL (     405 calls)
     biot_savart  :      0.03s CPU      0.03s WALL (       1 calls)
 
     Other routines
 
     General routines
     calbec       :    713.44s CPU    719.44s WALL (   76903 calls)
     fft          :      0.10s CPU      0.11s WALL (      32 calls)
     fftw         :   2407.00s CPU   2487.70s WALL ( 2966536 calls)
     davcio       :      0.05s CPU      1.24s WALL (     240 calls)
 
     Parallel routines
     fft_scatter  :    626.57s CPU    658.66s WALL ( 2966568 calls)
 
     Plugins
 
     GIPAW        :   4875.18s CPU   4980.60s WALL (       1 calls)
