
     Program QE v.6.1 (svn rev. 13369) starts on  5Dec2017 at  5:33:19 

     This program is part of the open-source Quantum ESPRESSO suite
     for quantum simulation of materials; please cite
         "P. Giannozzi et al., J. Phys.:Condens. Matter 21 395502 (2009);
          URL http://www.quantum-espresso.org", 
     in publications or presentations arising from this work. More details at
     http://www.quantum-espresso.org/quote

     Parallel version (MPI), running on     8 processors
     R & G space division:  proc/nbgrp/npool/nimage =       8
 
     ***** This is GIPAW svn revision unknown      *****
 
     Parallelizing q-star over 1 images
     Message from routine gipaw_readin:
     *** iverbosity is obsolete, use verbosity instead ***

     Reading data from directory:
     /scratch/paruzzo/QEspresso/CCDC/PRUVAC/wfc/scf.save

   Info: using nr1, nr2, nr3 values from input

   Info: using nr1, nr2, nr3 values from input

     IMPORTANT: XC functional enforced from input :
     Exchange-correlation      =  SLA  PW   PBX  PBC ( 1  4  3  4 0 0)
     Any further DFT definition will be discarded
     Please, verify this is what you really want

               file C.pbe-n-kjpaw_psl.0.1.UPF: wavefunction(s)  2P renormalized
               file N.pbe-n-kjpaw_psl.0.1.UPF: wavefunction(s)  2P renormalized
               file H.pbe-kjpaw_psl.0.1.UPF: wavefunction(s)  1S renormalized
               file O.pbe-n-kjpaw_psl.0.1.UPF: wavefunction(s)  2P renormalized
 
     Parallelization info
     --------------------
     sticks:   dense  smooth     PW     G-vecs:    dense   smooth      PW
     Min         885     885    238                44837    44837    6244
     Max         886     886    239                44839    44839    6246
     Sum        7085    7085   1905               358703   358703   49955
 

     Check: negative/imaginary core charge=   -0.000003    0.000000

     Subspace diagonalization in iterative solution of the eigenvalue problem:
     a serial algorithm will be used

     GIPAW projectors -----------------------------------------------
     atom=  C    l=0  rc=    1.3000  rs=    0.8667
     atom=  C    l=0  rc=    1.3000  rs=    0.8667
     atom=  C    l=1  rc=    1.4500  rs=    0.9667
     atom=  C    l=1  rc=    1.4500  rs=    0.9667
     projs nearly linearly dependent: l=0  n1,n2= 1, 2  s=  0.99877758
     projs nearly linearly dependent: l=1  n1,n2= 1, 2  s=  0.99940894
 
     atom=  N    l=0  rc=    1.3000  rs=    0.8667
     atom=  N    l=0  rc=    1.3000  rs=    0.8667
     atom=  N    l=1  rc=    1.4500  rs=    0.9667
     atom=  N    l=1  rc=    1.4500  rs=    0.9667
     projs nearly linearly dependent: l=0  n1,n2= 1, 2  s=  0.99709514
     projs nearly linearly dependent: l=1  n1,n2= 1, 2  s=  0.99857174
 
     atom=  H    l=0  rc=    1.0000  rs=    0.6667
     atom=  H    l=0  rc=    1.0000  rs=    0.6667
     projs nearly linearly dependent: l=0  n1,n2= 1, 2  s=  0.99968852
 
     atom=  O    l=0  rc=    1.3500  rs=    0.9000
     atom=  O    l=0  rc=    1.3500  rs=    0.9000
     atom=  O    l=1  rc=    1.3500  rs=    0.9000
     atom=  O    l=1  rc=    1.3500  rs=    0.9000
     projs nearly linearly dependent: l=0  n1,n2= 1, 2  s=  0.99100135
     projs nearly linearly dependent: l=1  n1,n2= 1, 2  s=  0.99790100
     -----------------------------------------------------------------
 
     alpha_pv=     44.6547 eV
 
     q-space interpolation up to   110.00 Rydberg
 
     GIPAW job: nmr                                                                             
     NMR macroscopic correction: yes
             0.6667          0.0000          0.0000
             0.0000          0.6667          0.0000
             0.0000          0.0000          0.6667

 
     Largest allocated arrays     est. size (Mb)     dimensions
        KS wavefunctions at k           6.93 Mb     (    5611,   81)
        KS wavefunctions at k+q         6.93 Mb     (    5611,   81)
        First-order wavefunctions      69.35 Mb     (    5611,   81, 10)
        First-order wavefunct (US)     41.61 Mb     (    5611,   81,  6)
        Charge/spin density             0.84 Mb     (  110592,    1)
        Induced current                 7.59 Mb     (  110592,    3,3,1)
        Induced magnetic field          7.59 Mb     (  110592,    3,3,1)
        NL pseudopotentials            19.18 Mb     (    5611,  224)
        GIPAW NL terms                 19.18 Mb     (    5611,  224)
 
     Computing the magnetic susceptibility     isolve=0    ethr=  0.1000E-13
     k-point #    1 of    12      pool #  1    cpu time:       7.4
     Rotating WFCS
     Rotating WFCS
     Rotating WFCS
     Rotating WFCS
     Rotating WFCS
     Rotating WFCS
     Rotating WFCS
     k-point #    2 of    12      pool #  1    cpu time:     716.4
     Rotating WFCS
     Rotating WFCS
     Rotating WFCS
     Rotating WFCS
     c_bands:  1 eigenvalues not converged
     Rotating WFCS
     c_bands:  1 eigenvalues not converged
     Rotating WFCS
     Rotating WFCS
     k-point #    3 of    12      pool #  1    cpu time:    1464.6
     Rotating WFCS
     c_bands:  1 eigenvalues not converged
     Rotating WFCS
     Rotating WFCS
     Rotating WFCS
     c_bands:  1 eigenvalues not converged
     Rotating WFCS
     c_bands:  1 eigenvalues not converged
     Rotating WFCS
     c_bands:  1 eigenvalues not converged
     Rotating WFCS
     c_bands:  1 eigenvalues not converged
     k-point #    4 of    12      pool #  1    cpu time:    2251.9
     Rotating WFCS
     Rotating WFCS
     c_bands:  1 eigenvalues not converged
     Rotating WFCS
     c_bands:  1 eigenvalues not converged
     Rotating WFCS
     Rotating WFCS
     Rotating WFCS
     Rotating WFCS
     k-point #    5 of    12      pool #  1    cpu time:    3080.8
     Rotating WFCS
     Rotating WFCS
     Rotating WFCS
     Rotating WFCS
     c_bands:  1 eigenvalues not converged
     Rotating WFCS
     c_bands:  1 eigenvalues not converged
     Rotating WFCS
     Rotating WFCS
     k-point #    6 of    12      pool #  1    cpu time:    3847.1
     Rotating WFCS
     Rotating WFCS
     Rotating WFCS
     Rotating WFCS
     c_bands:  1 eigenvalues not converged
     Rotating WFCS
     c_bands:  1 eigenvalues not converged
     Rotating WFCS
     Rotating WFCS
     k-point #    7 of    12      pool #  1    cpu time:    4620.3
     Rotating WFCS
     Rotating WFCS
     Rotating WFCS
     Rotating WFCS
     c_bands:  1 eigenvalues not converged
     Rotating WFCS
     c_bands:  1 eigenvalues not converged
     Rotating WFCS
     c_bands:  1 eigenvalues not converged
     Rotating WFCS
     k-point #    8 of    12      pool #  1    cpu time:    5342.3
     Rotating WFCS
     Rotating WFCS
     Rotating WFCS
     Rotating WFCS
     Rotating WFCS
     Rotating WFCS
     Rotating WFCS
     k-point #    9 of    12      pool #  1    cpu time:    6078.4
     Rotating WFCS
     Rotating WFCS
     c_bands:  1 eigenvalues not converged
     Rotating WFCS
     c_bands:  1 eigenvalues not converged
     Rotating WFCS
     Rotating WFCS
     Rotating WFCS
     c_bands:  1 eigenvalues not converged
     Rotating WFCS
     c_bands:  1 eigenvalues not converged
     k-point #   10 of    12      pool #  1    cpu time:    6860.4
     Rotating WFCS
     Rotating WFCS
     Rotating WFCS
     Rotating WFCS
     Rotating WFCS
     Rotating WFCS
     Rotating WFCS
     k-point #   11 of    12      pool #  1    cpu time:    7686.4
     Rotating WFCS
     c_bands:  1 eigenvalues not converged
     Rotating WFCS
     c_bands:  1 eigenvalues not converged
     Rotating WFCS
     c_bands:  1 eigenvalues not converged
     Rotating WFCS
     c_bands:  1 eigenvalues not converged
     Rotating WFCS
     c_bands:  1 eigenvalues not converged
     Rotating WFCS
     c_bands:  1 eigenvalues not converged
     Rotating WFCS
     c_bands:  1 eigenvalues not converged
     k-point #   12 of    12      pool #  1    cpu time:    8460.9
     Rotating WFCS
     Rotating WFCS
     Rotating WFCS
     Rotating WFCS
     c_bands:  1 eigenvalues not converged
     Rotating WFCS
     c_bands:  1 eigenvalues not converged
     Rotating WFCS
     Rotating WFCS
     End of magnetic susceptibility calculation
 
     f-sum rule (1st term):
          -128.9177          0.0000          0.0630
             0.0000       -129.1535          0.0000
             0.0646          0.0000       -129.1669

     f-sum rule (2nd term):
            -2.8535          0.0000         -0.0630
             0.0000         -2.6170          0.0000
            -0.0646          0.0000         -2.6039

     f-sum rule (should be  -131.7706):
          -131.7712          0.0000          0.0000
             0.0000       -131.7706          0.0000
            -0.0000          0.0000       -131.7707

     chi_bare pGv (HH) in paratec units:
       -31.808408      0.421732     -2.230130
         1.149881    -29.740304     -0.826961
        -1.686783     -0.553472    -33.461649

       -31.808408      0.000000     -2.230130
         0.000000    -29.740304      0.000000
        -1.686783      0.000000    -33.461649

     chi_bare vGv (VV) in paratec units:
       -28.815768      0.734348     -1.524905
         0.733333    -31.013287     -0.544066
        -1.513246     -0.545294    -35.134165

       -28.815768      0.000000     -1.524905
         0.000000    -31.013287      0.000000
        -1.513246      0.000000    -35.134165

     chi_bare pGv (HH) in 10^{-6} cm^3/mol:
          -151.1566          0.0000        -10.5978
             0.0000       -141.3287          0.0000
            -8.0158          0.0000       -159.0129

     chi_bare vGv (VV) in 10^{-6} cm^3/mol:
          -136.9352          0.0000         -7.2465
             0.0000       -147.3781          0.0000
            -7.1911          0.0000       -166.9609

     Contributions to the NMR chemical shifts: -------------------------------
 
     Macroscopic shape contribution in ppm:                    5.32
             5.3456          0.0000          0.0000
             0.0000          4.9980          0.0000
             0.0000          0.0000          5.6234

 
     Core contribution in ppm:
 
     Atom  1  C   pos: ( -0.100941  0.374831  0.460925)  core sigma:         200.51
     Atom  2  C   pos: (  0.721935  0.153756  0.337619)  core sigma:         200.51
     Atom  3  C   pos: (  0.848270  0.067320  0.071438)  core sigma:         200.51
     Atom  4  C   pos: (  0.025395  0.288395  0.194744)  core sigma:         200.51
     Atom  5  C   pos: ( -0.040561  0.021204  0.525573)  core sigma:         200.51
     Atom  6  C   pos: (  0.661555  0.242279  0.272971)  core sigma:         200.51
     Atom  7  C   pos: (  0.787890  0.420946  0.006789)  core sigma:         200.51
     Atom  8  C   pos: (  0.085775  0.199871  0.259392)  core sigma:         200.51
     Atom  9  C   pos: (  0.089743  0.009465  0.527825)  core sigma:         200.51
     Atom 10  C   pos: (  0.531251  0.230540  0.270719)  core sigma:         200.51
     Atom 11  C   pos: (  0.657586  0.432686  0.004537)  core sigma:         200.51
     Atom 12  C   pos: (  0.216079  0.211610  0.261644)  core sigma:         200.51
     Atom 13  O   pos: (  0.166995  0.098127  0.044612)  core sigma:         271.07
     Atom 14  O   pos: (  0.706670  0.319202  0.221569)  core sigma:         271.07
     Atom 15  O   pos: (  0.580334  0.344024  0.487751)  core sigma:         271.07
     Atom 16  O   pos: (  0.040660  0.122948  0.310793)  core sigma:         271.07
     Atom 17  O   pos: (  0.392316  0.086829  0.056117)  core sigma:         271.07
     Atom 18  O   pos: (  0.481348  0.307904  0.210064)  core sigma:         271.07
     Atom 19  O   pos: (  0.355013  0.355322  0.476245)  core sigma:         271.07
     Atom 20  O   pos: (  0.265981  0.134247  0.322299)  core sigma:         271.07
     Atom 21  O   pos: (  0.136132  0.373754  0.476300)  core sigma:         271.07
     Atom 22  O   pos: (  0.484862  0.152678  0.322244)  core sigma:         271.07
     Atom 23  O   pos: (  0.611198  0.068397  0.056063)  core sigma:         271.07
     Atom 24  O   pos: (  0.262467  0.289472  0.210118)  core sigma:         271.07
     Atom 25  H   pos: ( -0.081587  0.290647  0.497679)  core sigma:           0.00
     Atom 26  H   pos: (  0.702581  0.069571  0.300865)  core sigma:           0.00
     Atom 27  H   pos: (  0.828916  0.151504  0.034683)  core sigma:           0.00
     Atom 28  H   pos: (  0.044749  0.372579  0.231498)  core sigma:           0.00
     Atom 29  H   pos: ( -0.068327  0.371464  0.375013)  core sigma:           0.00
     Atom 30  H   pos: (  0.689322  0.150389  0.423531)  core sigma:           0.00
     Atom 31  H   pos: (  0.815657  0.070686  0.157349)  core sigma:           0.00
     Atom 32  H   pos: (  0.058008  0.291762  0.108832)  core sigma:           0.00
     Atom 33  H   pos: ( -0.191864  0.390156  0.460975)  core sigma:           0.00
     Atom 34  H   pos: (  0.812858  0.169081  0.337569)  core sigma:           0.00
     Atom 35  H   pos: (  0.939194  0.051995  0.071387)  core sigma:           0.00
     Atom 36  H   pos: ( -0.065529  0.273070  0.194794)  core sigma:           0.00
     Atom 37  H   pos: (  0.478499  0.076970  0.054334)  core sigma:           0.00
     Atom 38  H   pos: (  0.395165  0.298045  0.211847)  core sigma:           0.00
     Atom 39  H   pos: (  0.268830  0.365181  0.478029)  core sigma:           0.00
     Atom 40  H   pos: (  0.352164  0.144105  0.320515)  core sigma:           0.00
 
     Bare contribution in ppm:
 
     Atom  1  C   pos: ( -0.100941  0.374831  0.460925)  bare sigma:           0.35
             1.0097         10.0366          6.6760
            13.7785          0.3986          2.3437
             9.5870          1.4959         -0.3437

     Atom  2  C   pos: (  0.721935  0.153756  0.337619)  bare sigma:           0.35
             1.0097        -10.0366          6.6760
           -13.7785          0.3986         -2.3437
             9.5870         -1.4959         -0.3437

     Atom  3  C   pos: (  0.848270  0.067320  0.071438)  bare sigma:           0.35
             1.0097         10.0366          6.6760
            13.7785          0.3986          2.3437
             9.5870          1.4959         -0.3437

     Atom  4  C   pos: (  0.025395  0.288395  0.194744)  bare sigma:           0.35
             1.0097        -10.0366          6.6760
           -13.7785          0.3986         -2.3437
             9.5870         -1.4959         -0.3437

     Atom  5  C   pos: ( -0.040561  0.021204  0.525573)  bare sigma:         -94.83
          -141.9167          5.9807         -3.3064
             5.5942        -80.3191        -24.0664
            -2.9914        -25.3039        -62.2424

     Atom  6  C   pos: (  0.661555  0.242279  0.272971)  bare sigma:         -94.83
          -141.9167         -5.9807         -3.3064
            -5.5942        -80.3191         24.0664
            -2.9914         25.3039        -62.2424

     Atom  7  C   pos: (  0.787890  0.420946  0.006789)  bare sigma:         -94.83
          -141.9167          5.9807         -3.3064
             5.5942        -80.3191        -24.0664
            -2.9914        -25.3039        -62.2424

     Atom  8  C   pos: (  0.085775  0.199871  0.259392)  bare sigma:         -94.83
          -141.9167         -5.9807         -3.3064
            -5.5942        -80.3191         24.0664
            -2.9914         25.3039        -62.2424

     Atom  9  C   pos: (  0.089743  0.009465  0.527825)  bare sigma:         -74.21
          -110.6666        -11.6683        -13.6165
           -10.8439        -55.5932         -2.9523
           -12.6039         -4.2557        -56.3563

     Atom 10  C   pos: (  0.531251  0.230540  0.270719)  bare sigma:         -74.21
          -110.6666         11.6683        -13.6165
            10.8439        -55.5932          2.9523
           -12.6039          4.2557        -56.3563

     Atom 11  C   pos: (  0.657586  0.432686  0.004537)  bare sigma:         -74.21
          -110.6666        -11.6683        -13.6165
           -10.8439        -55.5932         -2.9523
           -12.6039         -4.2557        -56.3563

     Atom 12  C   pos: (  0.216079  0.211610  0.261644)  bare sigma:         -74.21
          -110.6666         11.6683        -13.6165
            10.8439        -55.5932          2.9523
           -12.6039          4.2557        -56.3563

     Atom 13  O   pos: (  0.166995  0.098127  0.044612)  bare sigma:         -96.01
          -168.2601         69.5591         29.4811
            52.8725       -115.1234       -142.0943
            18.1569       -140.1927         -4.6322

     Atom 14  O   pos: (  0.706670  0.319202  0.221569)  bare sigma:         -96.01
          -168.2601        -69.5591         29.4811
           -52.8725       -115.1234        142.0943
            18.1569        140.1927         -4.6322

     Atom 15  O   pos: (  0.580334  0.344024  0.487751)  bare sigma:         -96.01
          -168.2601         69.5591         29.4811
            52.8725       -115.1234       -142.0943
            18.1569       -140.1927         -4.6322

     Atom 16  O   pos: (  0.040660  0.122948  0.310793)  bare sigma:         -96.01
          -168.2601        -69.5591         29.4811
           -52.8725       -115.1234        142.0943
            18.1569        140.1927         -4.6322

     Atom 17  O   pos: (  0.392316  0.086829  0.056117)  bare sigma:          24.71
            -8.4704          9.7907          0.5693
            30.7081         33.5334        -19.2356
            15.6766        -21.9775         49.0603

     Atom 18  O   pos: (  0.481348  0.307904  0.210064)  bare sigma:          24.71
            -8.4704         -9.7907          0.5693
           -30.7081         33.5334         19.2356
            15.6766         21.9775         49.0603

     Atom 19  O   pos: (  0.355013  0.355322  0.476245)  bare sigma:          24.71
            -8.4704          9.7907          0.5693
            30.7081         33.5334        -19.2356
            15.6766        -21.9775         49.0603

     Atom 20  O   pos: (  0.265981  0.134247  0.322299)  bare sigma:          24.71
            -8.4704         -9.7907          0.5693
           -30.7081         33.5334         19.2356
            15.6766         21.9775         49.0603

     Atom 21  O   pos: (  0.136132  0.373754  0.476300)  bare sigma:         -11.39
           -59.7808         -1.8729        -14.8942
            -1.5980         -5.8403        -56.8142
           -13.3448        -55.8243         31.4606

     Atom 22  O   pos: (  0.484862  0.152678  0.322244)  bare sigma:         -11.39
           -59.7808          1.8729        -14.8942
             1.5980         -5.8403         56.8142
           -13.3448         55.8243         31.4606

     Atom 23  O   pos: (  0.611198  0.068397  0.056063)  bare sigma:         -11.39
           -59.7808         -1.8729        -14.8942
            -1.5980         -5.8403        -56.8142
           -13.3448        -55.8243         31.4606

     Atom 24  O   pos: (  0.262467  0.289472  0.210118)  bare sigma:         -11.39
           -59.7808          1.8729        -14.8942
             1.5980         -5.8403         56.8142
           -13.3448         55.8243         31.4606

     Atom 25  H   pos: ( -0.081587  0.290647  0.497679)  bare sigma:          21.03
            19.7571          0.9238         -0.6734
            -1.3120         24.3613          0.1773
            -0.4392         -4.0038         18.9819

     Atom 26  H   pos: (  0.702581  0.069571  0.300865)  bare sigma:          21.03
            19.7571         -0.9238         -0.6734
             1.3120         24.3613         -0.1773
            -0.4392          4.0038         18.9819

     Atom 27  H   pos: (  0.828916  0.151504  0.034683)  bare sigma:          21.03
            19.7571          0.9238         -0.6734
            -1.3120         24.3613          0.1773
            -0.4392         -4.0038         18.9819

     Atom 28  H   pos: (  0.044749  0.372579  0.231498)  bare sigma:          21.03
            19.7571         -0.9238         -0.6734
             1.3120         24.3613         -0.1773
            -0.4392          4.0038         18.9819

     Atom 29  H   pos: ( -0.068327  0.371464  0.375013)  bare sigma:          21.00
            20.9033         -0.6073         -1.2629
            -0.5453         18.4387         -0.1328
            -3.3495          3.0502         23.6498

     Atom 30  H   pos: (  0.689322  0.150389  0.423531)  bare sigma:          21.00
            20.9033          0.6073         -1.2629
             0.5453         18.4387          0.1328
            -3.3495         -3.0502         23.6498

     Atom 31  H   pos: (  0.815657  0.070686  0.157349)  bare sigma:          21.00
            20.9033         -0.6073         -1.2629
            -0.5453         18.4387         -0.1328
            -3.3495          3.0502         23.6498

     Atom 32  H   pos: (  0.058008  0.291762  0.108832)  bare sigma:          21.00
            20.9033          0.6073         -1.2629
             0.5453         18.4387          0.1328
            -3.3495         -3.0502         23.6498

     Atom 33  H   pos: ( -0.191864  0.390156  0.460975)  bare sigma:          22.37
            25.8820         -1.2416          0.2725
             1.7866         21.2290          0.5522
             1.2015         -0.2000         19.9860

     Atom 34  H   pos: (  0.812858  0.169081  0.337569)  bare sigma:          22.37
            25.8820          1.2416          0.2725
            -1.7866         21.2290         -0.5522
             1.2015          0.2000         19.9860

     Atom 35  H   pos: (  0.939194  0.051995  0.071387)  bare sigma:          22.37
            25.8820         -1.2416          0.2725
             1.7866         21.2290          0.5522
             1.2015         -0.2000         19.9860

     Atom 36  H   pos: ( -0.065529  0.273070  0.194794)  bare sigma:          22.37
            25.8820          1.2416          0.2725
            -1.7866         21.2290         -0.5522
             1.2015          0.2000         19.9860

     Atom 37  H   pos: (  0.478499  0.076970  0.054334)  bare sigma:           9.09
            26.3299         -0.4210          0.9900
            -0.4382          1.0509          2.2531
             0.9001          1.9289         -0.0983

     Atom 38  H   pos: (  0.395165  0.298045  0.211847)  bare sigma:           9.09
            26.3299          0.4210          0.9900
             0.4382          1.0509         -2.2531
             0.9001         -1.9289         -0.0983

     Atom 39  H   pos: (  0.268830  0.365181  0.478029)  bare sigma:           9.09
            26.3299         -0.4210          0.9900
            -0.4382          1.0509          2.2531
             0.9001          1.9289         -0.0983

     Atom 40  H   pos: (  0.352164  0.144105  0.320515)  bare sigma:           9.09
            26.3299          0.4210          0.9900
             0.4382          1.0509         -2.2531
             0.9001         -1.9289         -0.0983

     Diamagnetic contribution in ppm:
 
     Atom  1  C   pos: ( -0.100941  0.374831  0.460925)  dia sigma:           4.46
             4.4458          0.0325          0.0259
             0.0325          4.4771          0.0081
             0.0259          0.0081          4.4579

     Atom  2  C   pos: (  0.721935  0.153756  0.337619)  dia sigma:           4.46
             4.4458         -0.0325          0.0259
            -0.0325          4.4771         -0.0081
             0.0259         -0.0081          4.4579

     Atom  3  C   pos: (  0.848270  0.067320  0.071438)  dia sigma:           4.46
             4.4458          0.0325          0.0259
             0.0325          4.4771          0.0081
             0.0259          0.0081          4.4579

     Atom  4  C   pos: (  0.025395  0.288395  0.194744)  dia sigma:           4.46
             4.4458         -0.0325          0.0259
            -0.0325          4.4771         -0.0081
             0.0259         -0.0081          4.4579

     Atom  5  C   pos: ( -0.040561  0.021204  0.525573)  dia sigma:           3.92
             3.8162          0.0029         -0.0236
             0.0029          3.8908         -0.2155
            -0.0236         -0.2155          4.0434

     Atom  6  C   pos: (  0.661555  0.242279  0.272971)  dia sigma:           3.92
             3.8162         -0.0029         -0.0236
            -0.0029          3.8908          0.2155
            -0.0236          0.2155          4.0434

     Atom  7  C   pos: (  0.787890  0.420946  0.006789)  dia sigma:           3.92
             3.8162          0.0029         -0.0236
             0.0029          3.8908         -0.2155
            -0.0236         -0.2155          4.0434

     Atom  8  C   pos: (  0.085775  0.199871  0.259392)  dia sigma:           3.92
             3.8162         -0.0029         -0.0236
            -0.0029          3.8908          0.2155
            -0.0236          0.2155          4.0434

     Atom  9  C   pos: (  0.089743  0.009465  0.527825)  dia sigma:           3.89
             3.7440          0.0604          0.0135
             0.0604          3.9191         -0.1203
             0.0135         -0.1203          4.0070

     Atom 10  C   pos: (  0.531251  0.230540  0.270719)  dia sigma:           3.89
             3.7440         -0.0604          0.0135
            -0.0604          3.9191          0.1203
             0.0135          0.1203          4.0070

     Atom 11  C   pos: (  0.657586  0.432686  0.004537)  dia sigma:           3.89
             3.7440          0.0604          0.0135
             0.0604          3.9191         -0.1203
             0.0135         -0.1203          4.0070

     Atom 12  C   pos: (  0.216079  0.211610  0.261644)  dia sigma:           3.89
             3.7440         -0.0604          0.0135
            -0.0604          3.9191          0.1203
             0.0135          0.1203          4.0070

     Atom 13  O   pos: (  0.166995  0.098127  0.044612)  dia sigma:          17.43
            16.6367         -0.3781         -0.3827
            -0.3781         17.7098         -0.4027
            -0.3827         -0.4027         17.9422

     Atom 14  O   pos: (  0.706670  0.319202  0.221569)  dia sigma:          17.43
            16.6367          0.3781         -0.3827
             0.3781         17.7098          0.4027
            -0.3827          0.4027         17.9422

     Atom 15  O   pos: (  0.580334  0.344024  0.487751)  dia sigma:          17.43
            16.6367         -0.3781         -0.3827
            -0.3781         17.7098         -0.4027
            -0.3827         -0.4027         17.9422

     Atom 16  O   pos: (  0.040660  0.122948  0.310793)  dia sigma:          17.43
            16.6367          0.3781         -0.3827
             0.3781         17.7098          0.4027
            -0.3827          0.4027         17.9422

     Atom 17  O   pos: (  0.392316  0.086829  0.056117)  dia sigma:          17.90
            18.1462          0.3802          0.3048
             0.3802         17.7915          0.1879
             0.3048          0.1879         17.7513

     Atom 18  O   pos: (  0.481348  0.307904  0.210064)  dia sigma:          17.90
            18.1462         -0.3802          0.3048
            -0.3802         17.7915         -0.1879
             0.3048         -0.1879         17.7513

     Atom 19  O   pos: (  0.355013  0.355322  0.476245)  dia sigma:          17.90
            18.1462          0.3802          0.3048
             0.3802         17.7915          0.1879
             0.3048          0.1879         17.7513

     Atom 20  O   pos: (  0.265981  0.134247  0.322299)  dia sigma:          17.90
            18.1462         -0.3802          0.3048
            -0.3802         17.7915         -0.1879
             0.3048         -0.1879         17.7513

     Atom 21  O   pos: (  0.136132  0.373754  0.476300)  dia sigma:          17.63
            17.1887         -0.3542         -0.3266
            -0.3542         17.8521         -0.0961
            -0.3266         -0.0961         17.8467

     Atom 22  O   pos: (  0.484862  0.152678  0.322244)  dia sigma:          17.63
            17.1887          0.3542         -0.3266
             0.3542         17.8521          0.0961
            -0.3266          0.0961         17.8467

     Atom 23  O   pos: (  0.611198  0.068397  0.056063)  dia sigma:          17.63
            17.1887         -0.3542         -0.3266
            -0.3542         17.8521         -0.0961
            -0.3266         -0.0961         17.8467

     Atom 24  O   pos: (  0.262467  0.289472  0.210118)  dia sigma:          17.63
            17.1887          0.3542         -0.3266
             0.3542         17.8521          0.0961
            -0.3266          0.0961         17.8467

     Atom 25  H   pos: ( -0.081587  0.290647  0.497679)  dia sigma:           1.08
             1.0800          0.0000         -0.0000
             0.0000          1.0800         -0.0000
            -0.0000         -0.0000          1.0800

     Atom 26  H   pos: (  0.702581  0.069571  0.300865)  dia sigma:           1.08
             1.0800         -0.0000         -0.0000
            -0.0000          1.0800          0.0000
            -0.0000          0.0000          1.0800

     Atom 27  H   pos: (  0.828916  0.151504  0.034683)  dia sigma:           1.08
             1.0800          0.0000         -0.0000
             0.0000          1.0800         -0.0000
            -0.0000         -0.0000          1.0800

     Atom 28  H   pos: (  0.044749  0.372579  0.231498)  dia sigma:           1.08
             1.0800         -0.0000         -0.0000
            -0.0000          1.0800          0.0000
            -0.0000          0.0000          1.0800

     Atom 29  H   pos: ( -0.068327  0.371464  0.375013)  dia sigma:           1.12
             1.1201         -0.0000         -0.0000
            -0.0000          1.1201          0.0000
            -0.0000          0.0000          1.1201

     Atom 30  H   pos: (  0.689322  0.150389  0.423531)  dia sigma:           1.12
             1.1201          0.0000         -0.0000
             0.0000          1.1201         -0.0000
            -0.0000         -0.0000          1.1201

     Atom 31  H   pos: (  0.815657  0.070686  0.157349)  dia sigma:           1.12
             1.1201         -0.0000         -0.0000
            -0.0000          1.1201          0.0000
            -0.0000          0.0000          1.1201

     Atom 32  H   pos: (  0.058008  0.291762  0.108832)  dia sigma:           1.12
             1.1201          0.0000         -0.0000
             0.0000          1.1201         -0.0000
            -0.0000         -0.0000          1.1201

     Atom 33  H   pos: ( -0.191864  0.390156  0.460975)  dia sigma:           1.13
             1.1272         -0.0000         -0.0000
            -0.0000          1.1272          0.0000
            -0.0000          0.0000          1.1272

     Atom 34  H   pos: (  0.812858  0.169081  0.337569)  dia sigma:           1.13
             1.1272          0.0000         -0.0000
             0.0000          1.1272         -0.0000
            -0.0000         -0.0000          1.1272

     Atom 35  H   pos: (  0.939194  0.051995  0.071387)  dia sigma:           1.13
             1.1272         -0.0000         -0.0000
            -0.0000          1.1272          0.0000
            -0.0000          0.0000          1.1272

     Atom 36  H   pos: ( -0.065529  0.273070  0.194794)  dia sigma:           1.13
             1.1272          0.0000         -0.0000
             0.0000          1.1272         -0.0000
            -0.0000         -0.0000          1.1272

     Atom 37  H   pos: (  0.478499  0.076970  0.054334)  dia sigma:           0.89
             0.8885          0.0000         -0.0000
             0.0000          0.8885         -0.0000
            -0.0000         -0.0000          0.8885

     Atom 38  H   pos: (  0.395165  0.298045  0.211847)  dia sigma:           0.89
             0.8885         -0.0000         -0.0000
            -0.0000          0.8885          0.0000
            -0.0000          0.0000          0.8885

     Atom 39  H   pos: (  0.268830  0.365181  0.478029)  dia sigma:           0.89
             0.8885          0.0000         -0.0000
             0.0000          0.8885         -0.0000
            -0.0000         -0.0000          0.8885

     Atom 40  H   pos: (  0.352164  0.144105  0.320515)  dia sigma:           0.89
             0.8885         -0.0000         -0.0000
            -0.0000          0.8885          0.0000
            -0.0000          0.0000          0.8885

     Paramagnetic contribution in ppm:
 
     Atom  1  C   pos: ( -0.100941  0.374831  0.460925)  para sigma:         -57.11
           -56.7364          9.1498          6.1458
            13.0419        -57.5028          1.1807
             9.6086          0.9087        -57.0835

     Atom  2  C   pos: (  0.721935  0.153756  0.337619)  para sigma:         -57.11
           -56.7364         -9.1498          6.1458
           -13.0419        -57.5028         -1.1807
             9.6086         -0.9087        -57.0835

     Atom  3  C   pos: (  0.848270  0.067320  0.071438)  para sigma:         -57.11
           -56.7364          9.1498          6.1458
            13.0419        -57.5028          1.1807
             9.6086          0.9087        -57.0835

     Atom  4  C   pos: (  0.025395  0.288395  0.194744)  para sigma:         -57.11
           -56.7364         -9.1498          6.1458
           -13.0419        -57.5028         -1.1807
             9.6086         -0.9087        -57.0835

     Atom  5  C   pos: ( -0.040561  0.021204  0.525573)  para sigma:        -137.52
          -187.7663          1.5918         -6.7164
             4.0017       -122.3609        -26.5030
            -4.1097        -27.1861       -102.4472

     Atom  6  C   pos: (  0.661555  0.242279  0.272971)  para sigma:        -137.52
          -187.7663         -1.5918         -6.7164
            -4.0017       -122.3609         26.5030
            -4.1097         27.1861       -102.4472

     Atom  7  C   pos: (  0.787890  0.420946  0.006789)  para sigma:        -137.52
          -187.7663          1.5918         -6.7164
             4.0017       -122.3609        -26.5030
            -4.1097        -27.1861       -102.4472

     Atom  8  C   pos: (  0.085775  0.199871  0.259392)  para sigma:        -137.52
          -187.7663         -1.5918         -6.7164
            -4.0017       -122.3609         26.5030
            -4.1097         27.1861       -102.4472

     Atom  9  C   pos: (  0.089743  0.009465  0.527825)  para sigma:        -118.95
          -156.1580        -13.1925        -15.2220
           -11.9253       -102.9627        -12.6834
           -14.0305        -12.9302        -97.7238

     Atom 10  C   pos: (  0.531251  0.230540  0.270719)  para sigma:        -118.95
          -156.1580         13.1925        -15.2220
            11.9253       -102.9627         12.6834
           -14.0305         12.9302        -97.7238

     Atom 11  C   pos: (  0.657586  0.432686  0.004537)  para sigma:        -118.95
          -156.1580        -13.1925        -15.2220
           -11.9253       -102.9627        -12.6834
           -14.0305        -12.9302        -97.7238

     Atom 12  C   pos: (  0.216079  0.211610  0.261644)  para sigma:        -118.95
          -156.1580         13.1925        -15.2220
            11.9253       -102.9627         12.6834
           -14.0305         12.9302        -97.7238

     Atom 13  O   pos: (  0.166995  0.098127  0.044612)  para sigma:        -359.05
          -529.1285        148.1671         60.3564
           107.7673       -398.4302       -322.4765
            32.5428       -314.8247       -149.5916

     Atom 14  O   pos: (  0.706670  0.319202  0.221569)  para sigma:        -359.05
          -529.1285       -148.1671         60.3564
          -107.7673       -398.4302        322.4765
            32.5428        314.8247       -149.5916

     Atom 15  O   pos: (  0.580334  0.344024  0.487751)  para sigma:        -359.05
          -529.1285        148.1671         60.3564
           107.7673       -398.4302       -322.4765
            32.5428       -314.8247       -149.5916

     Atom 16  O   pos: (  0.040660  0.122948  0.310793)  para sigma:        -359.05
          -529.1285       -148.1671         60.3564
          -107.7673       -398.4302        322.4765
            32.5428        314.8247       -149.5916

     Atom 17  O   pos: (  0.392316  0.086829  0.056117)  para sigma:         -92.01
          -156.0907         31.3026         10.2485
            74.8493        -78.3681        -45.1064
            41.3664        -49.6576        -41.5586

     Atom 18  O   pos: (  0.481348  0.307904  0.210064)  para sigma:         -92.01
          -156.0907        -31.3026         10.2485
           -74.8493        -78.3681         45.1064
            41.3664         49.6576        -41.5586

     Atom 19  O   pos: (  0.355013  0.355322  0.476245)  para sigma:         -92.01
          -156.0907         31.3026         10.2485
            74.8493        -78.3681        -45.1064
            41.3664        -49.6576        -41.5586

     Atom 20  O   pos: (  0.265981  0.134247  0.322299)  para sigma:         -92.01
          -156.0907        -31.3026         10.2485
           -74.8493        -78.3681         45.1064
            41.3664         49.6576        -41.5586

     Atom 21  O   pos: (  0.136132  0.373754  0.476300)  para sigma:        -168.54
          -271.0905        -24.5484        -46.1748
           -13.5614       -158.6592       -129.7339
           -35.8544       -127.1744        -75.8691

     Atom 22  O   pos: (  0.484862  0.152678  0.322244)  para sigma:        -168.54
          -271.0905         24.5484        -46.1748
            13.5614       -158.6592        129.7339
           -35.8544        127.1744        -75.8691

     Atom 23  O   pos: (  0.611198  0.068397  0.056063)  para sigma:        -168.54
          -271.0905        -24.5484        -46.1748
           -13.5614       -158.6592       -129.7339
           -35.8544       -127.1744        -75.8691

     Atom 24  O   pos: (  0.262467  0.289472  0.210118)  para sigma:        -168.54
          -271.0905         24.5484        -46.1748
            13.5614       -158.6592        129.7339
           -35.8544        127.1744        -75.8691

     Atom 25  H   pos: ( -0.081587  0.290647  0.497679)  para sigma:           0.00
             0.0000          0.0000          0.0000
             0.0000          0.0000          0.0000
             0.0000          0.0000          0.0000

     Atom 26  H   pos: (  0.702581  0.069571  0.300865)  para sigma:           0.00
             0.0000          0.0000          0.0000
             0.0000          0.0000          0.0000
             0.0000          0.0000          0.0000

     Atom 27  H   pos: (  0.828916  0.151504  0.034683)  para sigma:           0.00
             0.0000          0.0000          0.0000
             0.0000          0.0000          0.0000
             0.0000          0.0000          0.0000

     Atom 28  H   pos: (  0.044749  0.372579  0.231498)  para sigma:           0.00
             0.0000          0.0000          0.0000
             0.0000          0.0000          0.0000
             0.0000          0.0000          0.0000

     Atom 29  H   pos: ( -0.068327  0.371464  0.375013)  para sigma:           0.00
             0.0000          0.0000          0.0000
             0.0000          0.0000          0.0000
             0.0000          0.0000          0.0000

     Atom 30  H   pos: (  0.689322  0.150389  0.423531)  para sigma:           0.00
             0.0000          0.0000          0.0000
             0.0000          0.0000          0.0000
             0.0000          0.0000          0.0000

     Atom 31  H   pos: (  0.815657  0.070686  0.157349)  para sigma:           0.00
             0.0000          0.0000          0.0000
             0.0000          0.0000          0.0000
             0.0000          0.0000          0.0000

     Atom 32  H   pos: (  0.058008  0.291762  0.108832)  para sigma:           0.00
             0.0000          0.0000          0.0000
             0.0000          0.0000          0.0000
             0.0000          0.0000          0.0000

     Atom 33  H   pos: ( -0.191864  0.390156  0.460975)  para sigma:           0.00
             0.0000          0.0000          0.0000
             0.0000          0.0000          0.0000
             0.0000          0.0000          0.0000

     Atom 34  H   pos: (  0.812858  0.169081  0.337569)  para sigma:           0.00
             0.0000          0.0000          0.0000
             0.0000          0.0000          0.0000
             0.0000          0.0000          0.0000

     Atom 35  H   pos: (  0.939194  0.051995  0.071387)  para sigma:           0.00
             0.0000          0.0000          0.0000
             0.0000          0.0000          0.0000
             0.0000          0.0000          0.0000

     Atom 36  H   pos: ( -0.065529  0.273070  0.194794)  para sigma:           0.00
             0.0000          0.0000          0.0000
             0.0000          0.0000          0.0000
             0.0000          0.0000          0.0000

     Atom 37  H   pos: (  0.478499  0.076970  0.054334)  para sigma:           0.00
             0.0000          0.0000          0.0000
             0.0000          0.0000          0.0000
             0.0000          0.0000          0.0000

     Atom 38  H   pos: (  0.395165  0.298045  0.211847)  para sigma:           0.00
             0.0000          0.0000          0.0000
             0.0000          0.0000          0.0000
             0.0000          0.0000          0.0000

     Atom 39  H   pos: (  0.268830  0.365181  0.478029)  para sigma:           0.00
             0.0000          0.0000          0.0000
             0.0000          0.0000          0.0000
             0.0000          0.0000          0.0000

     Atom 40  H   pos: (  0.352164  0.144105  0.320515)  para sigma:           0.00
             0.0000          0.0000          0.0000
             0.0000          0.0000          0.0000
             0.0000          0.0000          0.0000

     Paramagnetic US occ-occ contribution in ppm:
 
     Atom  1  C   pos: ( -0.100941  0.374831  0.460925)  para_oo sigma:          -0.18
            -0.4305         -0.0021         -0.0325
             0.0264         -0.0910         -0.0849
            -0.0141         -0.0837         -0.0275

     Atom  2  C   pos: (  0.721935  0.153756  0.337619)  para_oo sigma:          -0.18
            -0.4305          0.0021         -0.0325
            -0.0264         -0.0910          0.0849
            -0.0141          0.0837         -0.0275

     Atom  3  C   pos: (  0.848270  0.067320  0.071438)  para_oo sigma:          -0.18
            -0.4305         -0.0021         -0.0325
             0.0264         -0.0910         -0.0849
            -0.0141         -0.0837         -0.0275

     Atom  4  C   pos: (  0.025395  0.288395  0.194744)  para_oo sigma:          -0.18
            -0.4305          0.0021         -0.0325
            -0.0264         -0.0910          0.0849
            -0.0141          0.0837         -0.0275

     Atom  5  C   pos: ( -0.040561  0.021204  0.525573)  para_oo sigma:          -1.31
            -2.3817         -0.7935         -0.6673
            -0.8014         -0.7014          0.0239
            -0.6774          0.0232         -0.8321

     Atom  6  C   pos: (  0.661555  0.242279  0.272971)  para_oo sigma:          -1.31
            -2.3817          0.7935         -0.6673
             0.8014         -0.7014         -0.0239
            -0.6774         -0.0232         -0.8321

     Atom  7  C   pos: (  0.787890  0.420946  0.006789)  para_oo sigma:          -1.31
            -2.3817         -0.7935         -0.6673
            -0.8014         -0.7014          0.0239
            -0.6774          0.0232         -0.8321

     Atom  8  C   pos: (  0.085775  0.199871  0.259392)  para_oo sigma:          -1.31
            -2.3817          0.7935         -0.6673
             0.8014         -0.7014         -0.0239
            -0.6774         -0.0232         -0.8321

     Atom  9  C   pos: (  0.089743  0.009465  0.527825)  para_oo sigma:          -1.69
            -3.0220         -0.2011         -0.2967
            -0.1686         -0.9722          0.0739
            -0.2859          0.0603         -1.0766

     Atom 10  C   pos: (  0.531251  0.230540  0.270719)  para_oo sigma:          -1.69
            -3.0220          0.2011         -0.2967
             0.1686         -0.9722         -0.0739
            -0.2859         -0.0603         -1.0766

     Atom 11  C   pos: (  0.657586  0.432686  0.004537)  para_oo sigma:          -1.69
            -3.0220         -0.2011         -0.2967
            -0.1686         -0.9722          0.0739
            -0.2859          0.0603         -1.0766

     Atom 12  C   pos: (  0.216079  0.211610  0.261644)  para_oo sigma:          -1.69
            -3.0220          0.2011         -0.2967
             0.1686         -0.9722         -0.0739
            -0.2859         -0.0603         -1.0766

     Atom 13  O   pos: (  0.166995  0.098127  0.044612)  para_oo sigma:          -1.24
            -2.7297         -0.4300         -0.4261
            -0.6999         -0.3869          0.1526
            -0.6060          0.1966         -0.5991

     Atom 14  O   pos: (  0.706670  0.319202  0.221569)  para_oo sigma:          -1.24
            -2.7297          0.4300         -0.4261
             0.6999         -0.3869         -0.1526
            -0.6060         -0.1966         -0.5991

     Atom 15  O   pos: (  0.580334  0.344024  0.487751)  para_oo sigma:          -1.24
            -2.7297         -0.4300         -0.4261
            -0.6999         -0.3869          0.1526
            -0.6060          0.1966         -0.5991

     Atom 16  O   pos: (  0.040660  0.122948  0.310793)  para_oo sigma:          -1.24
            -2.7297          0.4300         -0.4261
             0.6999         -0.3869         -0.1526
            -0.6060         -0.1966         -0.5991

     Atom 17  O   pos: (  0.392316  0.086829  0.056117)  para_oo sigma:          -1.85
            -4.2781         -0.5578         -0.7450
             0.5184         -0.7977         -0.5108
            -0.0292         -0.5869         -0.4850

     Atom 18  O   pos: (  0.481348  0.307904  0.210064)  para_oo sigma:          -1.85
            -4.2781          0.5578         -0.7450
            -0.5184         -0.7977          0.5108
            -0.0292          0.5869         -0.4850

     Atom 19  O   pos: (  0.355013  0.355322  0.476245)  para_oo sigma:          -1.85
            -4.2781         -0.5578         -0.7450
             0.5184         -0.7977         -0.5108
            -0.0292         -0.5869         -0.4850

     Atom 20  O   pos: (  0.265981  0.134247  0.322299)  para_oo sigma:          -1.85
            -4.2781          0.5578         -0.7450
            -0.5184         -0.7977          0.5108
            -0.0292          0.5869         -0.4850

     Atom 21  O   pos: (  0.136132  0.373754  0.476300)  para_oo sigma:          -1.95
            -4.8485          2.1546          1.1510
            -0.6240         -0.4803          0.0311
            -0.7936          0.2351         -0.5166

     Atom 22  O   pos: (  0.484862  0.152678  0.322244)  para_oo sigma:          -1.95
            -4.8485         -2.1546          1.1510
             0.6240         -0.4803         -0.0311
            -0.7936         -0.2351         -0.5166

     Atom 23  O   pos: (  0.611198  0.068397  0.056063)  para_oo sigma:          -1.95
            -4.8485          2.1546          1.1510
            -0.6240         -0.4803          0.0311
            -0.7936          0.2351         -0.5166

     Atom 24  O   pos: (  0.262467  0.289472  0.210118)  para_oo sigma:          -1.95
            -4.8485         -2.1546          1.1510
             0.6240         -0.4803         -0.0311
            -0.7936         -0.2351         -0.5166

     Atom 25  H   pos: ( -0.081587  0.290647  0.497679)  para_oo sigma:           0.00
             0.0000          0.0000          0.0000
             0.0000          0.0000          0.0000
             0.0000          0.0000          0.0000

     Atom 26  H   pos: (  0.702581  0.069571  0.300865)  para_oo sigma:           0.00
             0.0000          0.0000          0.0000
             0.0000          0.0000          0.0000
             0.0000          0.0000          0.0000

     Atom 27  H   pos: (  0.828916  0.151504  0.034683)  para_oo sigma:           0.00
             0.0000          0.0000          0.0000
             0.0000          0.0000          0.0000
             0.0000          0.0000          0.0000

     Atom 28  H   pos: (  0.044749  0.372579  0.231498)  para_oo sigma:           0.00
             0.0000          0.0000          0.0000
             0.0000          0.0000          0.0000
             0.0000          0.0000          0.0000

     Atom 29  H   pos: ( -0.068327  0.371464  0.375013)  para_oo sigma:           0.00
             0.0000          0.0000          0.0000
             0.0000          0.0000          0.0000
             0.0000          0.0000          0.0000

     Atom 30  H   pos: (  0.689322  0.150389  0.423531)  para_oo sigma:           0.00
             0.0000          0.0000          0.0000
             0.0000          0.0000          0.0000
             0.0000          0.0000          0.0000

     Atom 31  H   pos: (  0.815657  0.070686  0.157349)  para_oo sigma:           0.00
             0.0000          0.0000          0.0000
             0.0000          0.0000          0.0000
             0.0000          0.0000          0.0000

     Atom 32  H   pos: (  0.058008  0.291762  0.108832)  para_oo sigma:           0.00
             0.0000          0.0000          0.0000
             0.0000          0.0000          0.0000
             0.0000          0.0000          0.0000

     Atom 33  H   pos: ( -0.191864  0.390156  0.460975)  para_oo sigma:           0.00
             0.0000          0.0000          0.0000
             0.0000          0.0000          0.0000
             0.0000          0.0000          0.0000

     Atom 34  H   pos: (  0.812858  0.169081  0.337569)  para_oo sigma:           0.00
             0.0000          0.0000          0.0000
             0.0000          0.0000          0.0000
             0.0000          0.0000          0.0000

     Atom 35  H   pos: (  0.939194  0.051995  0.071387)  para_oo sigma:           0.00
             0.0000          0.0000          0.0000
             0.0000          0.0000          0.0000
             0.0000          0.0000          0.0000

     Atom 36  H   pos: ( -0.065529  0.273070  0.194794)  para_oo sigma:           0.00
             0.0000          0.0000          0.0000
             0.0000          0.0000          0.0000
             0.0000          0.0000          0.0000

     Atom 37  H   pos: (  0.478499  0.076970  0.054334)  para_oo sigma:           0.00
             0.0000          0.0000          0.0000
             0.0000          0.0000          0.0000
             0.0000          0.0000          0.0000

     Atom 38  H   pos: (  0.395165  0.298045  0.211847)  para_oo sigma:           0.00
             0.0000          0.0000          0.0000
             0.0000          0.0000          0.0000
             0.0000          0.0000          0.0000

     Atom 39  H   pos: (  0.268830  0.365181  0.478029)  para_oo sigma:           0.00
             0.0000          0.0000          0.0000
             0.0000          0.0000          0.0000
             0.0000          0.0000          0.0000

     Atom 40  H   pos: (  0.352164  0.144105  0.320515)  para_oo sigma:           0.00
             0.0000          0.0000          0.0000
             0.0000          0.0000          0.0000
             0.0000          0.0000          0.0000

     Paramagnetic US L_R Q_R contribution in ppm:
 
     Atom  1  C   pos: ( -0.100941  0.374831  0.460925)  para_lq sigma:         -11.67
           -12.5208          0.5353          0.2633
             0.9000        -11.3218         -0.0654
             0.5357         -0.0985        -11.1524

     Atom  2  C   pos: (  0.721935  0.153756  0.337619)  para_lq sigma:         -11.67
           -12.5208         -0.5353          0.2633
            -0.9000        -11.3218          0.0654
             0.5357          0.0985        -11.1524

     Atom  3  C   pos: (  0.848270  0.067320  0.071438)  para_lq sigma:         -11.67
           -12.5208          0.5353          0.2633
             0.9000        -11.3218         -0.0654
             0.5357         -0.0985        -11.1524

     Atom  4  C   pos: (  0.025395  0.288395  0.194744)  para_lq sigma:         -11.67
           -12.5208         -0.5353          0.2633
            -0.9000        -11.3218          0.0654
             0.5357          0.0985        -11.1524

     Atom  5  C   pos: ( -0.040561  0.021204  0.525573)  para_lq sigma:         -16.71
           -23.2304         -3.5897         -3.2217
            -2.4170        -13.2916         -0.0919
            -2.4386         -0.1604        -13.6205

     Atom  6  C   pos: (  0.661555  0.242279  0.272971)  para_lq sigma:         -16.71
           -23.2304          3.5897         -3.2217
             2.4170        -13.2916          0.0919
            -2.4386          0.1604        -13.6205

     Atom  7  C   pos: (  0.787890  0.420946  0.006789)  para_lq sigma:         -16.71
           -23.2304         -3.5897         -3.2217
            -2.4170        -13.2916         -0.0919
            -2.4386         -0.1604        -13.6205

     Atom  8  C   pos: (  0.085775  0.199871  0.259392)  para_lq sigma:         -16.71
           -23.2304          3.5897         -3.2217
             2.4170        -13.2916          0.0919
            -2.4386          0.1604        -13.6205

     Atom  9  C   pos: (  0.089743  0.009465  0.527825)  para_lq sigma:         -16.75
           -23.1340         -2.2459         -2.3778
            -1.9463        -13.2442          0.1028
            -2.2180         -0.0119        -13.8600

     Atom 10  C   pos: (  0.531251  0.230540  0.270719)  para_lq sigma:         -16.75
           -23.1340          2.2459         -2.3778
             1.9463        -13.2442         -0.1028
            -2.2180          0.0119        -13.8600

     Atom 11  C   pos: (  0.657586  0.432686  0.004537)  para_lq sigma:         -16.75
           -23.1340         -2.2459         -2.3778
            -1.9463        -13.2442          0.1028
            -2.2180         -0.0119        -13.8600

     Atom 12  C   pos: (  0.216079  0.211610  0.261644)  para_lq sigma:         -16.75
           -23.1340          2.2459         -2.3778
             1.9463        -13.2442         -0.1028
            -2.2180          0.0119        -13.8600

     Atom 13  O   pos: (  0.166995  0.098127  0.044612)  para_lq sigma:        -165.31
          -166.6549         21.6999         13.0926
            20.4957       -175.6592        -26.2116
            12.2339        -25.8008       -153.6079

     Atom 14  O   pos: (  0.706670  0.319202  0.221569)  para_lq sigma:        -165.31
          -166.6549        -21.6999         13.0926
           -20.4957       -175.6592         26.2116
            12.2339         25.8008       -153.6079

     Atom 15  O   pos: (  0.580334  0.344024  0.487751)  para_lq sigma:        -165.31
          -166.6549         21.6999         13.0926
            20.4957       -175.6592        -26.2116
            12.2339        -25.8008       -153.6079

     Atom 16  O   pos: (  0.040660  0.122948  0.310793)  para_lq sigma:        -165.31
          -166.6549        -21.6999         13.0926
           -20.4957       -175.6592         26.2116
            12.2339         25.8008       -153.6079

     Atom 17  O   pos: (  0.392316  0.086829  0.056117)  para_lq sigma:        -143.65
          -163.1905         -3.9286         -5.5848
             5.7305       -135.9659         -6.9785
             1.1221         -7.7245       -131.7865

     Atom 18  O   pos: (  0.481348  0.307904  0.210064)  para_lq sigma:        -143.65
          -163.1905          3.9286         -5.5848
            -5.7305       -135.9659          6.9785
             1.1221          7.7245       -131.7865

     Atom 19  O   pos: (  0.355013  0.355322  0.476245)  para_lq sigma:        -143.65
          -163.1905         -3.9286         -5.5848
             5.7305       -135.9659         -6.9785
             1.1221         -7.7245       -131.7865

     Atom 20  O   pos: (  0.265981  0.134247  0.322299)  para_lq sigma:        -143.65
          -163.1905          3.9286         -5.5848
            -5.7305       -135.9659          6.9785
             1.1221          7.7245       -131.7865

     Atom 21  O   pos: (  0.136132  0.373754  0.476300)  para_lq sigma:        -152.19
          -166.8334         17.1009          9.1179
             6.3743       -149.3753        -11.0212
             1.6747        -10.2757       -140.3601

     Atom 22  O   pos: (  0.484862  0.152678  0.322244)  para_lq sigma:        -152.19
          -166.8334        -17.1009          9.1179
            -6.3743       -149.3753         11.0212
             1.6747         10.2757       -140.3601

     Atom 23  O   pos: (  0.611198  0.068397  0.056063)  para_lq sigma:        -152.19
          -166.8334         17.1009          9.1179
             6.3743       -149.3753        -11.0212
             1.6747        -10.2757       -140.3601

     Atom 24  O   pos: (  0.262467  0.289472  0.210118)  para_lq sigma:        -152.19
          -166.8334        -17.1009          9.1179
            -6.3743       -149.3753         11.0212
             1.6747         10.2757       -140.3601

     Atom 25  H   pos: ( -0.081587  0.290647  0.497679)  para_lq sigma:           0.00
             0.0000          0.0000          0.0000
             0.0000          0.0000          0.0000
             0.0000          0.0000          0.0000

     Atom 26  H   pos: (  0.702581  0.069571  0.300865)  para_lq sigma:           0.00
             0.0000          0.0000          0.0000
             0.0000          0.0000          0.0000
             0.0000          0.0000          0.0000

     Atom 27  H   pos: (  0.828916  0.151504  0.034683)  para_lq sigma:           0.00
             0.0000          0.0000          0.0000
             0.0000          0.0000          0.0000
             0.0000          0.0000          0.0000

     Atom 28  H   pos: (  0.044749  0.372579  0.231498)  para_lq sigma:           0.00
             0.0000          0.0000          0.0000
             0.0000          0.0000          0.0000
             0.0000          0.0000          0.0000

     Atom 29  H   pos: ( -0.068327  0.371464  0.375013)  para_lq sigma:           0.00
             0.0000          0.0000          0.0000
             0.0000          0.0000          0.0000
             0.0000          0.0000          0.0000

     Atom 30  H   pos: (  0.689322  0.150389  0.423531)  para_lq sigma:           0.00
             0.0000          0.0000          0.0000
             0.0000          0.0000          0.0000
             0.0000          0.0000          0.0000

     Atom 31  H   pos: (  0.815657  0.070686  0.157349)  para_lq sigma:           0.00
             0.0000          0.0000          0.0000
             0.0000          0.0000          0.0000
             0.0000          0.0000          0.0000

     Atom 32  H   pos: (  0.058008  0.291762  0.108832)  para_lq sigma:           0.00
             0.0000          0.0000          0.0000
             0.0000          0.0000          0.0000
             0.0000          0.0000          0.0000

     Atom 33  H   pos: ( -0.191864  0.390156  0.460975)  para_lq sigma:           0.00
             0.0000          0.0000          0.0000
             0.0000          0.0000          0.0000
             0.0000          0.0000          0.0000

     Atom 34  H   pos: (  0.812858  0.169081  0.337569)  para_lq sigma:           0.00
             0.0000          0.0000          0.0000
             0.0000          0.0000          0.0000
             0.0000          0.0000          0.0000

     Atom 35  H   pos: (  0.939194  0.051995  0.071387)  para_lq sigma:           0.00
             0.0000          0.0000          0.0000
             0.0000          0.0000          0.0000
             0.0000          0.0000          0.0000

     Atom 36  H   pos: ( -0.065529  0.273070  0.194794)  para_lq sigma:           0.00
             0.0000          0.0000          0.0000
             0.0000          0.0000          0.0000
             0.0000          0.0000          0.0000

     Atom 37  H   pos: (  0.478499  0.076970  0.054334)  para_lq sigma:           0.00
             0.0000          0.0000          0.0000
             0.0000          0.0000          0.0000
             0.0000          0.0000          0.0000

     Atom 38  H   pos: (  0.395165  0.298045  0.211847)  para_lq sigma:           0.00
             0.0000          0.0000          0.0000
             0.0000          0.0000          0.0000
             0.0000          0.0000          0.0000

     Atom 39  H   pos: (  0.268830  0.365181  0.478029)  para_lq sigma:           0.00
             0.0000          0.0000          0.0000
             0.0000          0.0000          0.0000
             0.0000          0.0000          0.0000

     Atom 40  H   pos: (  0.352164  0.144105  0.320515)  para_lq sigma:           0.00
             0.0000          0.0000          0.0000
             0.0000          0.0000          0.0000
             0.0000          0.0000          0.0000

 
     Total NMR chemical shifts in ppm: ---------------------------------------
     (adopting the Simpson convention for anisotropy and asymmetry)-----------
 
     Atom  1  C   pos: ( -0.100941  0.374831  0.460925)  Total sigma:         141.69
           141.6232         19.7522         13.0785
            27.7793        141.4681          3.3822
            19.7430          2.2305        141.9842

     C    1    anisotropy:     45.28    eta:   -0.8347
     C    1    sigma_11=    139.20    axis=( -0.043376 -0.564680  0.824170)
     C    1    sigma_22=    114.00    axis=( -0.722267  0.587682  0.364637)
     C    1    sigma_33=    171.88    axis=(  0.690252  0.579454  0.433341)
 
     Atom  2  C   pos: (  0.721935  0.153756  0.337619)  Total sigma:         141.69
           141.6232        -19.7522         13.0785
           -27.7793        141.4681         -3.3822
            19.7430         -2.2305        141.9842

     C    2    anisotropy:     45.28    eta:   -0.8347
     C    2    sigma_11=    139.20    axis=( -0.043376  0.564680  0.824170)
     C    2    sigma_22=    114.00    axis=(  0.722267  0.587682 -0.364637)
     C    2    sigma_33=    171.88    axis=(  0.690252 -0.579454  0.433341)
 
     Atom  3  C   pos: (  0.848270  0.067320  0.071438)  Total sigma:         141.69
           141.6232         19.7522         13.0785
            27.7793        141.4681          3.3822
            19.7430          2.2305        141.9842

     C    3    anisotropy:     45.28    eta:   -0.8347
     C    3    sigma_11=    139.20    axis=( -0.043376 -0.564680  0.824170)
     C    3    sigma_22=    114.00    axis=( -0.722267  0.587682  0.364637)
     C    3    sigma_33=    171.88    axis=(  0.690252  0.579454  0.433341)
 
     Atom  4  C   pos: (  0.025395  0.288395  0.194744)  Total sigma:         141.69
           141.6232        -19.7522         13.0785
           -27.7793        141.4681         -3.3822
            19.7430         -2.2305        141.9842

     C    4    anisotropy:     45.28    eta:   -0.8347
     C    4    sigma_11=    139.20    axis=( -0.043376  0.564680  0.824170)
     C    4    sigma_22=    114.00    axis=(  0.722267  0.587682 -0.364637)
     C    4    sigma_33=    171.88    axis=(  0.690252 -0.579454  0.433341)
 
     Atom  5  C   pos: ( -0.040561  0.021204  0.525573)  Total sigma:         -40.62
          -145.6234          3.1921        -13.9353
             6.3804         -7.2742        -50.8528
           -10.2407        -52.8425         31.0348

     C    5    anisotropy:    162.79    eta:   -0.9505
     C    5    sigma_11=    -43.31    axis=( -0.028728  0.822070  0.568662)
     C    5    sigma_22=   -146.46    axis=( -0.997834  0.010098 -0.065006)
     C    5    sigma_33=     67.90    axis=( -0.059182 -0.569297  0.819999)
 
     Atom  6  C   pos: (  0.661555  0.242279  0.272971)  Total sigma:         -40.62
          -145.6234         -3.1921        -13.9353
            -6.3804         -7.2742         50.8528
           -10.2407         52.8425         31.0348

     C    6    anisotropy:    162.79    eta:   -0.9505
     C    6    sigma_11=    -43.31    axis=(  0.028728  0.822070 -0.568662)
     C    6    sigma_22=   -146.46    axis=( -0.997834 -0.010098 -0.065006)
     C    6    sigma_33=     67.90    axis=( -0.059182  0.569297  0.819999)
 
     Atom  7  C   pos: (  0.787890  0.420946  0.006789)  Total sigma:         -40.62
          -145.6234          3.1921        -13.9353
             6.3804         -7.2742        -50.8528
           -10.2407        -52.8425         31.0348

     C    7    anisotropy:    162.79    eta:   -0.9505
     C    7    sigma_11=    -43.31    axis=( -0.028728  0.822070  0.568662)
     C    7    sigma_22=   -146.46    axis=( -0.997834  0.010098 -0.065006)
     C    7    sigma_33=     67.90    axis=( -0.059182 -0.569297  0.819999)
 
     Atom  8  C   pos: (  0.085775  0.199871  0.259392)  Total sigma:         -40.62
          -145.6234         -3.1921        -13.9353
            -6.3804         -7.2742         50.8528
           -10.2407         52.8425         31.0348

     C    8    anisotropy:    162.79    eta:   -0.9505
     C    8    sigma_11=    -43.31    axis=(  0.028728  0.822070 -0.568662)
     C    8    sigma_22=   -146.46    axis=( -0.997834 -0.010098 -0.065006)
     C    8    sigma_33=     67.90    axis=( -0.059182  0.569297  0.819999)
 
     Atom  9  C   pos: (  0.089743  0.009465  0.527825)  Total sigma:          -1.87
           -83.3811        -27.2475        -31.4996
           -24.8237         36.6548        -15.5793
           -29.1248        -17.2578         41.1236

     C    9    anisotropy:   -142.30    eta:   -0.2160
     C    9    sigma_11=     35.32    axis=( -0.311045  0.770818  0.555959)
     C    9    sigma_22=     55.81    axis=(  0.061452  0.600064 -0.797588)
     C    9    sigma_33=    -96.73    axis=( -0.948406 -0.213921 -0.234015)
 
     Atom 10  C   pos: (  0.531251  0.230540  0.270719)  Total sigma:          -1.87
           -83.3811         27.2475        -31.4996
            24.8237         36.6548         15.5793
           -29.1248         17.2578         41.1236

     C   10    anisotropy:   -142.30    eta:   -0.2160
     C   10    sigma_11=     35.32    axis=(  0.311045  0.770818 -0.555959)
     C   10    sigma_22=     55.81    axis=(  0.061452 -0.600064 -0.797588)
     C   10    sigma_33=    -96.73    axis=( -0.948406  0.213921 -0.234015)
 
     Atom 11  C   pos: (  0.657586  0.432686  0.004537)  Total sigma:          -1.87
           -83.3811        -27.2475        -31.4996
           -24.8237         36.6548        -15.5793
           -29.1248        -17.2578         41.1236

     C   11    anisotropy:   -142.30    eta:   -0.2160
     C   11    sigma_11=     35.32    axis=( -0.311045  0.770818  0.555959)
     C   11    sigma_22=     55.81    axis=(  0.061452  0.600064 -0.797588)
     C   11    sigma_33=    -96.73    axis=( -0.948406 -0.213921 -0.234015)
 
     Atom 12  C   pos: (  0.216079  0.211610  0.261644)  Total sigma:          -1.87
           -83.3811         27.2475        -31.4996
            24.8237         36.6548         15.5793
           -29.1248         17.2578         41.1236

     C   12    anisotropy:   -142.30    eta:   -0.2160
     C   12    sigma_11=     35.32    axis=(  0.311045  0.770818 -0.555959)
     C   12    sigma_22=     55.81    axis=(  0.061452 -0.600064 -0.797588)
     C   12    sigma_33=    -96.73    axis=( -0.948406  0.213921 -0.234015)
 
     Atom 13  O   pos: (  0.166995  0.098127  0.044612)  Total sigma:        -327.77
          -573.7161        238.6180        102.1214
           180.0575       -395.8169       -491.0324
            61.9449       -481.0243        -13.7903

     O   13    anisotropy:    972.22    eta:   -0.7141
     O   13    sigma_11=   -420.42    axis=(  0.812260  0.448803  0.372570)
     O   13    sigma_22=   -883.27    axis=( -0.580308  0.686330  0.438399)
     O   13    sigma_33=    320.37    axis=( -0.058951 -0.572300  0.817923)
 
     Atom 14  O   pos: (  0.706670  0.319202  0.221569)  Total sigma:        -327.77
          -573.7161       -238.6180        102.1214
          -180.0575       -395.8169        491.0324
            61.9449        481.0243        -13.7903

     O   14    anisotropy:    972.22    eta:   -0.7141
     O   14    sigma_11=   -420.42    axis=( -0.812260  0.448803 -0.372570)
     O   14    sigma_22=   -883.27    axis=( -0.580308 -0.686330  0.438399)
     O   14    sigma_33=    320.37    axis=( -0.058951  0.572300  0.817923)
 
     Atom 15  O   pos: (  0.580334  0.344024  0.487751)  Total sigma:        -327.77
          -573.7161        238.6180        102.1214
           180.0575       -395.8169       -491.0324
            61.9449       -481.0243        -13.7903

     O   15    anisotropy:    972.22    eta:   -0.7141
     O   15    sigma_11=   -420.42    axis=(  0.812260  0.448803  0.372570)
     O   15    sigma_22=   -883.27    axis=( -0.580308  0.686330  0.438399)
     O   15    sigma_33=    320.37    axis=( -0.058951 -0.572300  0.817923)
 
     Atom 16  O   pos: (  0.040660  0.122948  0.310793)  Total sigma:        -327.77
          -573.7161       -238.6180        102.1214
          -180.0575       -395.8169        491.0324
            61.9449        481.0243        -13.7903

     O   16    anisotropy:    972.22    eta:   -0.7141
     O   16    sigma_11=   -420.42    axis=( -0.812260  0.448803 -0.372570)
     O   16    sigma_22=   -883.27    axis=( -0.580308 -0.686330  0.438399)
     O   16    sigma_33=    320.37    axis=( -0.058951  0.572300  0.817923)
 
     Atom 17  O   pos: (  0.392316  0.086829  0.056117)  Total sigma:          81.49
           -37.4631         36.9870          4.7928
           112.1864        112.2661        -71.6434
            58.4406        -79.7587        169.6798

     O   17    anisotropy:   -246.01    eta:   -0.7273
     O   17    sigma_11=    103.86    axis=(  0.482580  0.680740  0.551099)
     O   17    sigma_22=    223.14    axis=( -0.073406 -0.595566  0.799946)
     O   17    sigma_33=    -82.51    axis=( -0.872770  0.426492  0.237438)
 
     Atom 18  O   pos: (  0.481348  0.307904  0.210064)  Total sigma:          81.49
           -37.4631        -36.9870          4.7928
          -112.1864        112.2661         71.6434
            58.4406         79.7587        169.6798

     O   18    anisotropy:   -246.01    eta:   -0.7273
     O   18    sigma_11=    103.86    axis=(  0.482580 -0.680740  0.551099)
     O   18    sigma_22=    223.14    axis=(  0.073406 -0.595566 -0.799946)
     O   18    sigma_33=    -82.51    axis=( -0.872770 -0.426492  0.237438)
 
     Atom 19  O   pos: (  0.355013  0.355322  0.476245)  Total sigma:          81.49
           -37.4631         36.9870          4.7928
           112.1864        112.2661        -71.6434
            58.4406        -79.7587        169.6798

     O   19    anisotropy:   -246.01    eta:   -0.7273
     O   19    sigma_11=    103.86    axis=(  0.482580  0.680740  0.551099)
     O   19    sigma_22=    223.14    axis=( -0.073406 -0.595566  0.799946)
     O   19    sigma_33=    -82.51    axis=( -0.872770  0.426492  0.237438)
 
     Atom 20  O   pos: (  0.265981  0.134247  0.322299)  Total sigma:          81.49
           -37.4631        -36.9870          4.7928
          -112.1864        112.2661         71.6434
            58.4406         79.7587        169.6798

     O   20    anisotropy:   -246.01    eta:   -0.7273
     O   20    sigma_11=    103.86    axis=(  0.482580 -0.680740  0.551099)
     O   20    sigma_22=    223.14    axis=(  0.073406 -0.595566 -0.799946)
     O   20    sigma_33=    -82.51    axis=( -0.872770 -0.426492  0.237438)
 
     Atom 21  O   pos: (  0.136132  0.373754  0.476300)  Total sigma:         -40.04
          -208.9440         -7.5199        -51.1267
            -9.7633        -20.4301       -197.6344
           -48.6446       -193.1355        109.2598

     O   21    anisotropy:    439.57    eta:   -0.3000
     O   21    sigma_11=   -142.60    axis=( -0.461412  0.742920  0.484942)
     O   21    sigma_22=   -230.52    axis=( -0.883846 -0.337539 -0.323858)
     O   21    sigma_33=    253.01    axis=( -0.076913 -0.578045  0.812372)
 
     Atom 22  O   pos: (  0.484862  0.152678  0.322244)  Total sigma:         -40.04
          -208.9440          7.5199        -51.1267
             9.7633        -20.4301        197.6344
           -48.6446        193.1355        109.2598

     O   22    anisotropy:    439.57    eta:   -0.3000
     O   22    sigma_11=   -142.60    axis=(  0.461412  0.742920 -0.484942)
     O   22    sigma_22=   -230.52    axis=( -0.883846  0.337539 -0.323858)
     O   22    sigma_33=    253.01    axis=( -0.076913  0.578045  0.812372)
 
     Atom 23  O   pos: (  0.611198  0.068397  0.056063)  Total sigma:         -40.04
          -208.9440         -7.5199        -51.1267
            -9.7633        -20.4301       -197.6344
           -48.6446       -193.1355        109.2598

     O   23    anisotropy:    439.57    eta:   -0.3000
     O   23    sigma_11=   -142.60    axis=( -0.461412  0.742920  0.484942)
     O   23    sigma_22=   -230.52    axis=( -0.883846 -0.337539 -0.323858)
     O   23    sigma_33=    253.01    axis=( -0.076913 -0.578045  0.812372)
 
     Atom 24  O   pos: (  0.262467  0.289472  0.210118)  Total sigma:         -40.04
          -208.9440          7.5199        -51.1267
             9.7633        -20.4301        197.6344
           -48.6446        193.1355        109.2598

     O   24    anisotropy:    439.57    eta:   -0.3000
     O   24    sigma_11=   -142.60    axis=(  0.461412  0.742920 -0.484942)
     O   24    sigma_22=   -230.52    axis=( -0.883846  0.337539 -0.323858)
     O   24    sigma_33=    253.01    axis=( -0.076913  0.578045  0.812372)
 
     Atom 25  H   pos: ( -0.081587  0.290647  0.497679)  Total sigma:          27.44
            26.1826          0.9238         -0.6734
            -1.3120         30.4393          0.1773
            -0.4392         -4.0038         25.6853

     H   25    anisotropy:      5.52    eta:   -0.4518
     H   25    sigma_11=     26.43    axis=(  0.923337 -0.127986 -0.362034)
     H   25    sigma_22=     24.77    axis=(  0.383991  0.306823  0.870868)
     H   25    sigma_33=     31.11    axis=(  0.000378  0.943122 -0.332446)
 
     Atom 26  H   pos: (  0.702581  0.069571  0.300865)  Total sigma:          27.44
            26.1826         -0.9238         -0.6734
             1.3120         30.4393         -0.1773
            -0.4392          4.0038         25.6853

     H   26    anisotropy:      5.52    eta:   -0.4518
     H   26    sigma_11=     26.43    axis=( -0.923337 -0.127986  0.362034)
     H   26    sigma_22=     24.77    axis=(  0.383991 -0.306823  0.870868)
     H   26    sigma_33=     31.11    axis=(  0.000378 -0.943122 -0.332446)
 
     Atom 27  H   pos: (  0.828916  0.151504  0.034683)  Total sigma:          27.44
            26.1826          0.9238         -0.6734
            -1.3120         30.4393          0.1773
            -0.4392         -4.0038         25.6853

     H   27    anisotropy:      5.52    eta:   -0.4518
     H   27    sigma_11=     26.43    axis=(  0.923337 -0.127985 -0.362034)
     H   27    sigma_22=     24.77    axis=(  0.383991  0.306823  0.870868)
     H   27    sigma_33=     31.11    axis=(  0.000378  0.943122 -0.332446)
 
     Atom 28  H   pos: (  0.044749  0.372579  0.231498)  Total sigma:          27.44
            26.1826         -0.9238         -0.6734
             1.3120         30.4393         -0.1773
            -0.4392          4.0038         25.6853

     H   28    anisotropy:      5.52    eta:   -0.4518
     H   28    sigma_11=     26.43    axis=( -0.923337 -0.127985  0.362034)
     H   28    sigma_22=     24.77    axis=(  0.383991 -0.306823  0.870868)
     H   28    sigma_33=     31.11    axis=(  0.000378 -0.943122 -0.332446)
 
     Atom 29  H   pos: ( -0.068327  0.371464  0.375013)  Total sigma:          27.44
            27.3690         -0.6073         -1.2629
            -0.5453         24.5568         -0.1328
            -3.3495          3.0502         30.3933

     H   29    anisotropy:      6.79    eta:   -0.4260
     H   29    sigma_11=     26.14    axis=( -0.888195 -0.091514 -0.450261)
     H   29    sigma_22=     24.21    axis=(  0.013599  0.974299 -0.224848)
     H   29    sigma_33=     31.97    axis=( -0.459266  0.205832  0.864123)
 
     Atom 30  H   pos: (  0.689322  0.150389  0.423531)  Total sigma:          27.44
            27.3690          0.6073         -1.2629
             0.5453         24.5568          0.1328
            -3.3495         -3.0502         30.3933

     H   30    anisotropy:      6.79    eta:   -0.4260
     H   30    sigma_11=     26.14    axis=(  0.888195 -0.091514  0.450261)
     H   30    sigma_22=     24.21    axis=(  0.013599 -0.974299 -0.224848)
     H   30    sigma_33=     31.97    axis=( -0.459266 -0.205832  0.864123)
 
     Atom 31  H   pos: (  0.815657  0.070686  0.157349)  Total sigma:          27.44
            27.3690         -0.6073         -1.2629
            -0.5453         24.5568         -0.1328
            -3.3495          3.0502         30.3933

     H   31    anisotropy:      6.79    eta:   -0.4260
     H   31    sigma_11=     26.14    axis=( -0.888195 -0.091514 -0.450261)
     H   31    sigma_22=     24.21    axis=(  0.013599  0.974299 -0.224848)
     H   31    sigma_33=     31.97    axis=( -0.459266  0.205832  0.864123)
 
     Atom 32  H   pos: (  0.058008  0.291762  0.108832)  Total sigma:          27.44
            27.3690          0.6073         -1.2629
             0.5453         24.5568          0.1328
            -3.3495         -3.0502         30.3933

     H   32    anisotropy:      6.79    eta:   -0.4260
     H   32    sigma_11=     26.14    axis=(  0.888195 -0.091514  0.450261)
     H   32    sigma_22=     24.21    axis=(  0.013599 -0.974299 -0.224848)
     H   32    sigma_33=     31.97    axis=( -0.459266 -0.205832  0.864123)
 
     Atom 33  H   pos: ( -0.191864  0.390156  0.460975)  Total sigma:          28.82
            32.3548         -1.2416          0.2725
             1.7866         27.3542          0.5522
             1.2015         -0.2000         26.7367

     H   33    anisotropy:      5.48    eta:   -0.2053
     H   33    sigma_11=     27.36    axis=( -0.080232  0.980236  0.180832)
     H   33    sigma_22=     26.61    axis=( -0.116196 -0.189378  0.975005)
     H   33    sigma_33=     32.47    axis=( -0.989980 -0.057214 -0.129094)
 
     Atom 34  H   pos: (  0.812858  0.169081  0.337569)  Total sigma:          28.82
            32.3548          1.2416          0.2725
            -1.7866         27.3542         -0.5522
             1.2015          0.2000         26.7367

     H   34    anisotropy:      5.48    eta:   -0.2053
     H   34    sigma_11=     27.36    axis=(  0.080232  0.980236 -0.180832)
     H   34    sigma_22=     26.61    axis=( -0.116196  0.189378  0.975005)
     H   34    sigma_33=     32.47    axis=( -0.989980  0.057214 -0.129094)
 
     Atom 35  H   pos: (  0.939194  0.051995  0.071387)  Total sigma:          28.82
            32.3548         -1.2416          0.2725
             1.7866         27.3542          0.5522
             1.2015         -0.2000         26.7367

     H   35    anisotropy:      5.48    eta:   -0.2053
     H   35    sigma_11=     27.36    axis=( -0.080232  0.980236  0.180832)
     H   35    sigma_22=     26.61    axis=( -0.116196 -0.189378  0.975005)
     H   35    sigma_33=     32.47    axis=( -0.989980 -0.057214 -0.129094)
 
     Atom 36  H   pos: ( -0.065529  0.273070  0.194794)  Total sigma:          28.82
            32.3548          1.2416          0.2725
            -1.7866         27.3542         -0.5522
             1.2015          0.2000         26.7367

     H   36    anisotropy:      5.48    eta:   -0.2053
     H   36    sigma_11=     27.36    axis=(  0.080232  0.980236 -0.180832)
     H   36    sigma_22=     26.61    axis=( -0.116196  0.189378  0.975005)
     H   36    sigma_33=     32.47    axis=( -0.989980  0.057214 -0.129094)
 
     Atom 37  H   pos: (  0.478499  0.076970  0.054334)  Total sigma:          15.30
            32.5639         -0.4210          0.9900
            -0.4382          6.9374          2.2531
             0.9001          1.9289          6.4136

     H   37    anisotropy:     25.95    eta:   -0.2455
     H   37    sigma_11=      8.78    axis=(  0.012624 -0.751667 -0.659423)
     H   37    sigma_22=      4.53    axis=(  0.035424  0.659397 -0.750960)
     H   37    sigma_33=     32.60    axis=( -0.999293  0.013879 -0.034951)
 
     Atom 38  H   pos: (  0.395165  0.298045  0.211847)  Total sigma:          15.30
            32.5639          0.4210          0.9900
             0.4382          6.9374         -2.2531
             0.9001         -1.9289          6.4136

     H   38    anisotropy:     25.95    eta:   -0.2455
     H   38    sigma_11=      8.78    axis=(  0.012624  0.751667 -0.659423)
     H   38    sigma_22=      4.53    axis=( -0.035424  0.659397  0.750960)
     H   38    sigma_33=     32.60    axis=( -0.999293 -0.013879 -0.034951)
 
     Atom 39  H   pos: (  0.268830  0.365181  0.478029)  Total sigma:          15.30
            32.5639         -0.4210          0.9900
            -0.4382          6.9374          2.2531
             0.9001          1.9289          6.4136

     H   39    anisotropy:     25.95    eta:   -0.2455
     H   39    sigma_11=      8.78    axis=(  0.012624 -0.751667 -0.659423)
     H   39    sigma_22=      4.53    axis=(  0.035424  0.659397 -0.750960)
     H   39    sigma_33=     32.60    axis=( -0.999293  0.013879 -0.034951)
 
     Atom 40  H   pos: (  0.352164  0.144105  0.320515)  Total sigma:          15.30
            32.5639          0.4210          0.9900
             0.4382          6.9374         -2.2531
             0.9001         -1.9289          6.4136

     H   40    anisotropy:     25.95    eta:   -0.2455
     H   40    sigma_11=      8.78    axis=(  0.012624  0.751667 -0.659423)
     H   40    sigma_22=      4.53    axis=( -0.035424  0.659397  0.750960)
     H   40    sigma_33=     32.60    axis=( -0.999293 -0.013879 -0.034951)
 
     Initialization:
     gipaw_setup  :      0.43s CPU      0.44s WALL (       1 calls)
 
     Linear response
     greenf       :   7143.39s CPU   7366.61s WALL (     288 calls)
     cgsolve      :   7099.55s CPU   7322.65s WALL (     288 calls)
     ch_psi       :   6971.92s CPU   7194.66s WALL (   17919 calls)
     h_psiq       :   5279.37s CPU   5500.83s WALL (   17919 calls)
 
     Apply operators
     h_psi        :   4691.69s CPU   4942.64s WALL (   26642 calls)
     apply_vel    :    102.34s CPU    102.50s WALL (     252 calls)
 
     Induced current
     j_para       :    343.22s CPU    356.21s WALL (     324 calls)
     biot_savart  :      0.04s CPU      0.05s WALL (       1 calls)
 
     Other routines
 
     General routines
     calbec       :   1921.72s CPU   1925.92s WALL (   64916 calls)
     fft          :      0.07s CPU      0.09s WALL (      32 calls)
     fftw         :   3256.24s CPU   3510.84s WALL ( 3047100 calls)
     davcio       :      0.03s CPU      1.02s WALL (     192 calls)
 
     Parallel routines
     fft_scatter  :    906.46s CPU   1039.75s WALL ( 3047132 calls)
 
     Plugins
 
     GIPAW        :   8928.91s CPU   9207.94s WALL (       1 calls)
