
     Program QE v.6.1 (svn rev. 13369) starts on 13Nov2017 at 12:32:48 

     This program is part of the open-source Quantum ESPRESSO suite
     for quantum simulation of materials; please cite
         "P. Giannozzi et al., J. Phys.:Condens. Matter 21 395502 (2009);
          URL http://www.quantum-espresso.org", 
     in publications or presentations arising from this work. More details at
     http://www.quantum-espresso.org/quote

     Parallel version (MPI), running on     8 processors
     R & G space division:  proc/nbgrp/npool/nimage =       8
 
     ***** This is GIPAW svn revision unknown      *****
 
     Parallelizing q-star over 1 images
     Message from routine gipaw_readin:
     *** iverbosity is obsolete, use verbosity instead ***

     Reading data from directory:
     /scratch/paruzzo/QEspresso/CCDC/QARVOV/wfc/scf.save

   Info: using nr1, nr2, nr3 values from input

   Info: using nr1, nr2, nr3 values from input

     IMPORTANT: XC functional enforced from input :
     Exchange-correlation      =  SLA  PW   PBX  PBC ( 1  4  3  4 0 0)
     Any further DFT definition will be discarded
     Please, verify this is what you really want

               file C.pbe-n-kjpaw_psl.0.1.UPF: wavefunction(s)  2P renormalized
               file N.pbe-n-kjpaw_psl.0.1.UPF: wavefunction(s)  2P renormalized
               file H.pbe-kjpaw_psl.0.1.UPF: wavefunction(s)  1S renormalized
               file O.pbe-n-kjpaw_psl.0.1.UPF: wavefunction(s)  2P renormalized
 
     Parallelization info
     --------------------
     sticks:   dense  smooth     PW     G-vecs:    dense   smooth      PW
     Min         610     610    164                49839    49839    6917
     Max         611     611    165                49842    49842    6919
     Sum        4887    4887   1315               398721   398721   55345
 

     Check: negative/imaginary core charge=   -0.000003    0.000000

     Subspace diagonalization in iterative solution of the eigenvalue problem:
     a serial algorithm will be used

     GIPAW projectors -----------------------------------------------
     atom=  C    l=0  rc=    1.3000  rs=    0.8667
     atom=  C    l=0  rc=    1.3000  rs=    0.8667
     atom=  C    l=1  rc=    1.4500  rs=    0.9667
     atom=  C    l=1  rc=    1.4500  rs=    0.9667
     projs nearly linearly dependent: l=0  n1,n2= 1, 2  s=  0.99877758
     projs nearly linearly dependent: l=1  n1,n2= 1, 2  s=  0.99940894
 
     atom=  N    l=0  rc=    1.3000  rs=    0.8667
     atom=  N    l=0  rc=    1.3000  rs=    0.8667
     atom=  N    l=1  rc=    1.4500  rs=    0.9667
     atom=  N    l=1  rc=    1.4500  rs=    0.9667
     projs nearly linearly dependent: l=0  n1,n2= 1, 2  s=  0.99709514
     projs nearly linearly dependent: l=1  n1,n2= 1, 2  s=  0.99857174
 
     atom=  H    l=0  rc=    1.0000  rs=    0.6667
     atom=  H    l=0  rc=    1.0000  rs=    0.6667
     projs nearly linearly dependent: l=0  n1,n2= 1, 2  s=  0.99968852
 
     atom=  O    l=0  rc=    1.3500  rs=    0.9000
     atom=  O    l=0  rc=    1.3500  rs=    0.9000
     atom=  O    l=1  rc=    1.3500  rs=    0.9000
     atom=  O    l=1  rc=    1.3500  rs=    0.9000
     projs nearly linearly dependent: l=0  n1,n2= 1, 2  s=  0.99100135
     projs nearly linearly dependent: l=1  n1,n2= 1, 2  s=  0.99790100
     -----------------------------------------------------------------
 
     alpha_pv=     45.4819 eV
 
     q-space interpolation up to   110.00 Rydberg
 
     GIPAW job: nmr                                                                             
     NMR macroscopic correction: yes
             0.6667          0.0000          0.0000
             0.0000          0.6667          0.0000
             0.0000          0.0000          0.6667

 
     Largest allocated arrays     est. size (Mb)     dimensions
        KS wavefunctions at k           9.53 Mb     (    6244,  100)
        KS wavefunctions at k+q         9.53 Mb     (    6244,  100)
        First-order wavefunctions      95.28 Mb     (    6244,  100, 10)
        First-order wavefunct (US)     57.17 Mb     (    6244,  100,  6)
        Charge/spin density             0.84 Mb     (  110592,    1)
        Induced current                 7.59 Mb     (  110592,    3,3,1)
        Induced magnetic field          7.59 Mb     (  110592,    3,3,1)
        NL pseudopotentials            26.68 Mb     (    6244,  280)
        GIPAW NL terms                 26.68 Mb     (    6244,  280)
 
     Computing the magnetic susceptibility     isolve=0    ethr=  0.1000E-13
     k-point #    1 of    12      pool #  1    cpu time:      11.5
     Rotating WFCS
     c_bands:  1 eigenvalues not converged
     Rotating WFCS
     Rotating WFCS
     Rotating WFCS
     c_bands:  1 eigenvalues not converged
     Rotating WFCS
     c_bands:  1 eigenvalues not converged
     Rotating WFCS
     Rotating WFCS
     k-point #    2 of    12      pool #  1    cpu time:    1132.5
     Rotating WFCS
     Rotating WFCS
     Rotating WFCS
     Rotating WFCS
     Rotating WFCS
     Rotating WFCS
     Rotating WFCS
     k-point #    3 of    12      pool #  1    cpu time:    2298.4
     Rotating WFCS
     c_bands:  1 eigenvalues not converged
     Rotating WFCS
     Rotating WFCS
     Rotating WFCS
     Rotating WFCS
     Rotating WFCS
     c_bands:  1 eigenvalues not converged
     Rotating WFCS
     c_bands:  1 eigenvalues not converged
     k-point #    4 of    12      pool #  1    cpu time:    3481.9
     Rotating WFCS
     Rotating WFCS
     Rotating WFCS
     Rotating WFCS
     Rotating WFCS
     Rotating WFCS
     Rotating WFCS
     c_bands:  1 eigenvalues not converged
     k-point #    5 of    12      pool #  1    cpu time:    4664.8
     Rotating WFCS
     Rotating WFCS
     Rotating WFCS
     Rotating WFCS
     Rotating WFCS
     Rotating WFCS
     Rotating WFCS
     k-point #    6 of    12      pool #  1    cpu time:    5780.5
     Rotating WFCS
     Rotating WFCS
     Rotating WFCS
     Rotating WFCS
     Rotating WFCS
     Rotating WFCS
     Rotating WFCS
     k-point #    7 of    12      pool #  1    cpu time:    6873.5
     Rotating WFCS
     c_bands:  2 eigenvalues not converged
     Rotating WFCS
     Rotating WFCS
     Rotating WFCS
     Rotating WFCS
     Rotating WFCS
     Rotating WFCS
     k-point #    8 of    12      pool #  1    cpu time:    8061.4
     Rotating WFCS
     c_bands:  1 eigenvalues not converged
     Rotating WFCS
     Rotating WFCS
     Rotating WFCS
     Rotating WFCS
     c_bands:  1 eigenvalues not converged
     Rotating WFCS
     c_bands:  1 eigenvalues not converged
     Rotating WFCS
     k-point #    9 of    12      pool #  1    cpu time:    9241.5
     Rotating WFCS
     Rotating WFCS
     Rotating WFCS
     Rotating WFCS
     Rotating WFCS
     Rotating WFCS
     Rotating WFCS
     k-point #   10 of    12      pool #  1    cpu time:   10463.1
     Rotating WFCS
     c_bands:  1 eigenvalues not converged
     Rotating WFCS
     Rotating WFCS
     Rotating WFCS
     Rotating WFCS
     Rotating WFCS
     c_bands:  1 eigenvalues not converged
     Rotating WFCS
     c_bands:  1 eigenvalues not converged
     k-point #   11 of    12      pool #  1    cpu time:   11694.0
     Rotating WFCS
     Rotating WFCS
     Rotating WFCS
     Rotating WFCS
     Rotating WFCS
     Rotating WFCS
     Rotating WFCS
     k-point #   12 of    12      pool #  1    cpu time:   12831.0
     Rotating WFCS
     c_bands:  2 eigenvalues not converged
     Rotating WFCS
     Rotating WFCS
     Rotating WFCS
     Rotating WFCS
     Rotating WFCS
     Rotating WFCS
     End of magnetic susceptibility calculation
 
     f-sum rule (1st term):
          -159.8130          0.0000         -0.0556
             0.0000       -159.8900          0.0000
            -0.0581          0.0000       -159.7480

     f-sum rule (2nd term):
            -3.2436          0.0000          0.0556
             0.0000         -3.1666          0.0000
             0.0581          0.0000         -3.3086

     f-sum rule (should be  -163.0565):
          -163.0566          0.0000         -0.0000
             0.0000       -163.0566          0.0000
            -0.0000          0.0000       -163.0566

     chi_bare pGv (HH) in paratec units:
       -47.016017      0.018670      1.196334
        -0.015195    -42.987431      0.109183
         0.676474      0.010786    -39.674126

       -47.016017      0.000000      1.196334
         0.000000    -42.987431      0.000000
         0.676474      0.000000    -39.674126

     chi_bare vGv (VV) in paratec units:
       -47.600886      0.030761      0.224147
         0.031109    -42.489250      0.146094
         0.166325      0.145795    -36.771190

       -47.600886      0.000000      0.224147
         0.000000    -42.489250      0.000000
         0.166325      0.000000    -36.771190

     chi_bare pGv (HH) in 10^{-6} cm^3/mol:
          -223.4245          0.0000          5.6851
             0.0000       -204.2803          0.0000
             3.2147          0.0000       -188.5352

     chi_bare vGv (VV) in 10^{-6} cm^3/mol:
          -226.2039          0.0000          1.0652
             0.0000       -201.9129          0.0000
             0.7904          0.0000       -174.7402

     Contributions to the NMR chemical shifts: -------------------------------
 
     Macroscopic shape contribution in ppm:                    6.53
             7.1075          0.0000          0.0000
             0.0000          6.4985          0.0000
             0.0000          0.0000          5.9976

 
     Core contribution in ppm:
 
     Atom  1  N   pos: (  0.185800  0.193557  0.641072)  core sigma:         235.78
     Atom  2  N   pos: (  0.654336  0.551438  0.017560)  core sigma:         235.78
     Atom  3  N   pos: (  0.494473  0.522205  0.676191)  core sigma:         235.78
     Atom  4  N   pos: (  0.025937  0.164324  1.299704)  core sigma:         235.78
     Atom  5  H   pos: (  0.231702  0.113644  0.738344)  core sigma:           0.00
     Atom  6  H   pos: (  0.288709  0.471525  1.237552)  core sigma:           0.00
     Atom  7  H   pos: (  0.448572  0.602118  0.578920)  core sigma:           0.00
     Atom  8  H   pos: (  0.391565  0.244237  0.079712)  core sigma:           0.00
     Atom  9  C   pos: (  0.240631  0.155748  0.476796)  core sigma:         200.51
     Atom 10  C   pos: (  0.599506  0.513629  0.181836)  core sigma:         200.51
     Atom 11  C   pos: (  0.439643  0.560014  0.840468)  core sigma:         200.51
     Atom 12  C   pos: (  0.080767  0.202133  1.135428)  core sigma:         200.51
     Atom 13  O   pos: (  0.177560  0.257455  0.348650)  core sigma:         271.07
     Atom 14  O   pos: (  0.662577  0.615336  0.309982)  core sigma:         271.07
     Atom 15  O   pos: (  0.502714  0.458307  0.968614)  core sigma:         271.07
     Atom 16  O   pos: (  0.017697  0.100426  1.007282)  core sigma:         271.07
     Atom 17  C   pos: (  0.062134  0.400115  0.373382)  core sigma:         200.51
     Atom 18  C   pos: (  0.778003  0.042234  0.285250)  core sigma:         200.51
     Atom 19  C   pos: (  0.618140  0.315647  0.943882)  core sigma:         200.51
     Atom 20  C   pos: ( -0.097729  0.673528  1.032013)  core sigma:         200.51
     Atom 21  C   pos: (  0.024343  0.440035  0.550185)  core sigma:         200.51
     Atom 22  C   pos: (  0.815794  0.082154  0.108447)  core sigma:         200.51
     Atom 23  C   pos: (  0.655931  0.275727  0.767079)  core sigma:         200.51
     Atom 24  C   pos: ( -0.135521  0.633608  1.208817)  core sigma:         200.51
     Atom 25  H   pos: ( -0.058131  0.549480  0.579910)  core sigma:           0.00
     Atom 26  H   pos: (  0.898268  0.191599  0.078722)  core sigma:           0.00
     Atom 27  H   pos: (  0.738405  0.166282  0.737354)  core sigma:           0.00
     Atom 28  H   pos: ( -0.217994  0.524163  1.238542)  core sigma:           0.00
     Atom 29  C   pos: (  0.084952  0.334504  0.676255)  core sigma:         200.51
     Atom 30  C   pos: (  0.435459  0.692385  1.299641)  core sigma:         200.51
     Atom 31  C   pos: (  0.595322  0.381258  0.641009)  core sigma:         200.51
     Atom 32  C   pos: (  0.244815  0.023377  0.017623)  core sigma:         200.51
     Atom 33  H   pos: (  0.057026  0.356088  0.812020)  core sigma:           0.00
     Atom 34  H   pos: (  0.463384 -0.001793  1.163876)  core sigma:           0.00
     Atom 35  H   pos: (  0.623247  0.359674  0.505244)  core sigma:           0.00
     Atom 36  H   pos: (  0.216890  0.717555  0.153388)  core sigma:           0.00
     Atom 37  O   pos: (  0.342767  0.040861  0.439204)  core sigma:         271.07
     Atom 38  O   pos: (  0.497369  0.398742  0.219427)  core sigma:         271.07
     Atom 39  O   pos: (  0.337506  0.674902  0.878059)  core sigma:         271.07
     Atom 40  O   pos: (  0.182904  0.317020  1.097836)  core sigma:         271.07
     Atom 41  O   pos: (  0.012605  0.468942  0.241611)  core sigma:         271.07
     Atom 42  O   pos: (  0.827532  0.111061  0.417021)  core sigma:         271.07
     Atom 43  O   pos: (  0.667669  0.246820  1.075652)  core sigma:         271.07
     Atom 44  O   pos: ( -0.147258  0.604701  0.900243)  core sigma:         271.07
 
     Bare contribution in ppm:
 
     Atom  1  N   pos: (  0.185800  0.193557  0.641072)  bare sigma:           0.61
            13.9171         22.4523         -6.5667
            19.8608         -2.0994         14.9999
            -4.4847         13.5230         -9.9869

     Atom  2  N   pos: (  0.654336  0.551438  0.017560)  bare sigma:           0.61
            13.9171        -22.4523         -6.5667
           -19.8608         -2.0994        -14.9999
            -4.4847        -13.5230         -9.9869

     Atom  3  N   pos: (  0.494473  0.522205  0.676191)  bare sigma:           0.61
            13.9171         22.4523         -6.5667
            19.8608         -2.0994         14.9999
            -4.4847         13.5230         -9.9869

     Atom  4  N   pos: (  0.025937  0.164324  1.299704)  bare sigma:           0.61
            13.9171        -22.4523         -6.5667
           -19.8608         -2.0994        -14.9999
            -4.4847        -13.5230         -9.9869

     Atom  5  H   pos: (  0.231702  0.113644  0.738344)  bare sigma:          11.35
             6.8227         -4.8255          2.9931
            -5.7032         12.2383         -6.0959
             2.9497         -6.6291         14.9835

     Atom  6  H   pos: (  0.288709  0.471525  1.237552)  bare sigma:          11.35
             6.8227          4.8255          2.9931
             5.7032         12.2383          6.0959
             2.9497          6.6291         14.9835

     Atom  7  H   pos: (  0.448572  0.602118  0.578920)  bare sigma:          11.35
             6.8227         -4.8255          2.9931
            -5.7032         12.2383         -6.0959
             2.9497         -6.6291         14.9835

     Atom  8  H   pos: (  0.391565  0.244237  0.079712)  bare sigma:          11.35
             6.8227          4.8255          2.9931
             5.7032         12.2383          6.0959
             2.9497          6.6291         14.9835

     Atom  9  C   pos: (  0.240631  0.155748  0.476796)  bare sigma:         -68.56
           -52.9842         -1.9761         -7.5402
            -1.3686        -56.7115         16.7668
            -5.7987         15.2876        -95.9827

     Atom 10  C   pos: (  0.599506  0.513629  0.181836)  bare sigma:         -68.56
           -52.9842          1.9761         -7.5402
             1.3686        -56.7115        -16.7668
            -5.7987        -15.2876        -95.9827

     Atom 11  C   pos: (  0.439643  0.560014  0.840468)  bare sigma:         -68.56
           -52.9842         -1.9761         -7.5402
            -1.3686        -56.7115         16.7668
            -5.7987         15.2875        -95.9827

     Atom 12  C   pos: (  0.080767  0.202133  1.135428)  bare sigma:         -68.56
           -52.9842          1.9761         -7.5402
             1.3686        -56.7115        -16.7668
            -5.7987        -15.2876        -95.9827

     Atom 13  O   pos: (  0.177560  0.257455  0.348650)  bare sigma:          -5.79
            14.1408         26.0233          1.2030
            25.4703          4.6819          3.2583
             1.7125          6.1877        -36.1978

     Atom 14  O   pos: (  0.662577  0.615336  0.309982)  bare sigma:          -5.79
            14.1408        -26.0233          1.2030
           -25.4703          4.6819         -3.2583
             1.7125         -6.1877        -36.1978

     Atom 15  O   pos: (  0.502714  0.458307  0.968614)  bare sigma:          -5.79
            14.1408         26.0233          1.2030
            25.4703          4.6819          3.2583
             1.7125          6.1877        -36.1978

     Atom 16  O   pos: (  0.017697  0.100426  1.007282)  bare sigma:          -5.79
            14.1408        -26.0233          1.2030
           -25.4703          4.6819         -3.2583
             1.7125         -6.1877        -36.1978

     Atom 17  C   pos: (  0.062134  0.400115  0.373382)  bare sigma:         -73.24
           -79.9725         24.2508         19.3980
            25.7277        -90.4454        -25.2473
             9.4056        -13.5734        -49.2938

     Atom 18  C   pos: (  0.778003  0.042234  0.285250)  bare sigma:         -73.24
           -79.9725        -24.2508         19.3980
           -25.7277        -90.4454         25.2473
             9.4056         13.5734        -49.2938

     Atom 19  C   pos: (  0.618140  0.315647  0.943882)  bare sigma:         -73.24
           -79.9725         24.2508         19.3980
            25.7277        -90.4454        -25.2473
             9.4056        -13.5734        -49.2938

     Atom 20  C   pos: ( -0.097729  0.673528  1.032013)  bare sigma:         -73.24
           -79.9725        -24.2508         19.3980
           -25.7277        -90.4454         25.2473
             9.4056         13.5734        -49.2938

     Atom 21  C   pos: (  0.024343  0.440035  0.550185)  bare sigma:         -36.81
           -23.7662         35.2036         10.4672
            33.2846        -42.9918        -13.4015
            11.5389        -11.3198        -43.6798

     Atom 22  C   pos: (  0.815794  0.082154  0.108447)  bare sigma:         -36.81
           -23.7662        -35.2036         10.4672
           -33.2846        -42.9918         13.4015
            11.5389         11.3198        -43.6798

     Atom 23  C   pos: (  0.655931  0.275727  0.767079)  bare sigma:         -36.81
           -23.7662         35.2036         10.4672
            33.2846        -42.9918        -13.4015
            11.5389        -11.3198        -43.6798

     Atom 24  C   pos: ( -0.135521  0.633608  1.208817)  bare sigma:         -36.81
           -23.7662        -35.2036         10.4672
           -33.2846        -42.9918         13.4015
            11.5389         11.3198        -43.6798

     Atom 25  H   pos: ( -0.058131  0.549480  0.579910)  bare sigma:          17.53
            16.0331         -0.3734          0.5396
            -0.0674         16.6197         -2.2823
            -0.0795         -1.6770         19.9309

     Atom 26  H   pos: (  0.898268  0.191599  0.078722)  bare sigma:          17.53
            16.0331          0.3734          0.5396
             0.0674         16.6197          2.2823
            -0.0795          1.6770         19.9309

     Atom 27  H   pos: (  0.738405  0.166282  0.737354)  bare sigma:          17.53
            16.0331         -0.3734          0.5396
            -0.0674         16.6197         -2.2823
            -0.0795         -1.6770         19.9309

     Atom 28  H   pos: ( -0.217994  0.524163  1.238542)  bare sigma:          17.53
            16.0331          0.3734          0.5396
             0.0674         16.6197          2.2823
            -0.0795          1.6770         19.9309

     Atom 29  C   pos: (  0.084952  0.334504  0.676255)  bare sigma:         -64.86
           -36.5509         37.6524         17.7214
            37.4741        -62.0753        -13.2367
            21.7433        -19.5255        -95.9620

     Atom 30  C   pos: (  0.435459  0.692385  1.299641)  bare sigma:         -64.86
           -36.5509        -37.6524         17.7214
           -37.4741        -62.0753         13.2367
            21.7433         19.5255        -95.9620

     Atom 31  C   pos: (  0.595322  0.381258  0.641009)  bare sigma:         -64.86
           -36.5509         37.6524         17.7214
            37.4741        -62.0753        -13.2367
            21.7433        -19.5255        -95.9620

     Atom 32  C   pos: (  0.244815  0.023377  0.017623)  bare sigma:         -64.86
           -36.5509        -37.6524         17.7214
           -37.4741        -62.0753         13.2367
            21.7433         19.5255        -95.9620

     Atom 33  H   pos: (  0.057026  0.356088  0.812020)  bare sigma:          15.33
            13.6402         -2.2469          0.3464
            -1.2824         15.2988         -2.0722
             1.0841         -2.5351         17.0484

     Atom 34  H   pos: (  0.463384 -0.001793  1.163876)  bare sigma:          15.33
            13.6402          2.2469          0.3464
             1.2824         15.2988          2.0722
             1.0841          2.5351         17.0484

     Atom 35  H   pos: (  0.623247  0.359674  0.505244)  bare sigma:          15.33
            13.6402         -2.2469          0.3464
            -1.2824         15.2988         -2.0722
             1.0841         -2.5351         17.0484

     Atom 36  H   pos: (  0.216890  0.717555  0.153388)  bare sigma:          15.33
            13.6402          2.2469          0.3464
             1.2824         15.2988          2.0722
             1.0841          2.5351         17.0484

     Atom 37  O   pos: (  0.342767  0.040861  0.439204)  bare sigma:           3.04
            25.0969         49.7674          5.7630
            45.5567          9.7277          7.4505
             4.5949         10.6265        -25.6942

     Atom 38  O   pos: (  0.497369  0.398742  0.219427)  bare sigma:           3.04
            25.0969        -49.7674          5.7630
           -45.5567          9.7277         -7.4505
             4.5949        -10.6265        -25.6942

     Atom 39  O   pos: (  0.337506  0.674902  0.878059)  bare sigma:           3.04
            25.0969         49.7674          5.7630
            45.5567          9.7277          7.4505
             4.5949         10.6265        -25.6942

     Atom 40  O   pos: (  0.182904  0.317020  1.097836)  bare sigma:           3.04
            25.0969        -49.7674          5.7630
           -45.5567          9.7277         -7.4505
             4.5949        -10.6265        -25.6942

     Atom 41  O   pos: (  0.012605  0.468942  0.241611)  bare sigma:         -19.35
            16.6284         68.3846        -12.4679
            65.2856        -17.0710         14.9561
            -5.8423         10.3950        -57.6175

     Atom 42  O   pos: (  0.827532  0.111061  0.417021)  bare sigma:         -19.35
            16.6284        -68.3846        -12.4679
           -65.2856        -17.0710        -14.9561
            -5.8423        -10.3950        -57.6175

     Atom 43  O   pos: (  0.667669  0.246820  1.075652)  bare sigma:         -19.35
            16.6284         68.3846        -12.4679
            65.2856        -17.0710         14.9561
            -5.8423         10.3950        -57.6175

     Atom 44  O   pos: ( -0.147258  0.604701  0.900243)  bare sigma:         -19.35
            16.6284        -68.3846        -12.4679
           -65.2856        -17.0710        -14.9561
            -5.8423        -10.3950        -57.6175

     Diamagnetic contribution in ppm:
 
     Atom  1  N   pos: (  0.185800  0.193557  0.641072)  dia sigma:          10.08
             9.9101         -0.2378         -0.1129
            -0.2378         10.0751          0.0517
            -0.1129          0.0517         10.2577

     Atom  2  N   pos: (  0.654336  0.551438  0.017560)  dia sigma:          10.08
             9.9101          0.2378         -0.1129
             0.2378         10.0751         -0.0517
            -0.1129         -0.0517         10.2577

     Atom  3  N   pos: (  0.494473  0.522205  0.676191)  dia sigma:          10.08
             9.9101         -0.2378         -0.1129
            -0.2378         10.0751          0.0517
            -0.1129          0.0517         10.2577

     Atom  4  N   pos: (  0.025937  0.164324  1.299704)  dia sigma:          10.08
             9.9101          0.2378         -0.1129
             0.2378         10.0751         -0.0517
            -0.1129         -0.0517         10.2577

     Atom  5  H   pos: (  0.231702  0.113644  0.738344)  dia sigma:           1.00
             0.9990         -0.0000         -0.0000
            -0.0000          0.9990          0.0000
            -0.0000          0.0000          0.9990

     Atom  6  H   pos: (  0.288709  0.471525  1.237552)  dia sigma:           1.00
             0.9990          0.0000         -0.0000
             0.0000          0.9990         -0.0000
            -0.0000         -0.0000          0.9990

     Atom  7  H   pos: (  0.448572  0.602118  0.578920)  dia sigma:           1.00
             0.9990         -0.0000         -0.0000
            -0.0000          0.9990          0.0000
            -0.0000          0.0000          0.9990

     Atom  8  H   pos: (  0.391565  0.244237  0.079712)  dia sigma:           1.00
             0.9990          0.0000         -0.0000
             0.0000          0.9990         -0.0000
            -0.0000         -0.0000          0.9990

     Atom  9  C   pos: (  0.240631  0.155748  0.476796)  dia sigma:           3.96
             3.9744          0.1054          0.0574
             0.1054          3.9477         -0.0535
             0.0574         -0.0535          3.9700

     Atom 10  C   pos: (  0.599506  0.513629  0.181836)  dia sigma:           3.96
             3.9744         -0.1054          0.0574
            -0.1054          3.9477          0.0535
             0.0574          0.0535          3.9700

     Atom 11  C   pos: (  0.439643  0.560014  0.840468)  dia sigma:           3.96
             3.9744          0.1054          0.0574
             0.1054          3.9477         -0.0535
             0.0574         -0.0535          3.9700

     Atom 12  C   pos: (  0.080767  0.202133  1.135428)  dia sigma:           3.96
             3.9744         -0.1054          0.0574
            -0.1054          3.9477          0.0535
             0.0574          0.0535          3.9700

     Atom 13  O   pos: (  0.177560  0.257455  0.348650)  dia sigma:          17.66
            17.5775         -0.5230          0.2491
            -0.5230         17.9517         -0.3480
             0.2491         -0.3480         17.4522

     Atom 14  O   pos: (  0.662577  0.615336  0.309982)  dia sigma:          17.66
            17.5775          0.5230          0.2491
             0.5230         17.9517          0.3480
             0.2491          0.3480         17.4522

     Atom 15  O   pos: (  0.502714  0.458307  0.968614)  dia sigma:          17.66
            17.5775         -0.5230          0.2491
            -0.5230         17.9517         -0.3480
             0.2491         -0.3480         17.4522

     Atom 16  O   pos: (  0.017697  0.100426  1.007282)  dia sigma:          17.66
            17.5775          0.5230          0.2491
             0.5230         17.9517          0.3480
             0.2491          0.3480         17.4522

     Atom 17  C   pos: (  0.062134  0.400115  0.373382)  dia sigma:           3.88
             4.0091          0.0141         -0.0195
             0.0141          3.9985          0.0449
            -0.0195          0.0449          3.6334

     Atom 18  C   pos: (  0.778003  0.042234  0.285250)  dia sigma:           3.88
             4.0091         -0.0141         -0.0195
            -0.0141          3.9985         -0.0449
            -0.0195         -0.0449          3.6334

     Atom 19  C   pos: (  0.618140  0.315647  0.943882)  dia sigma:           3.88
             4.0091          0.0141         -0.0195
             0.0141          3.9985          0.0449
            -0.0195          0.0449          3.6334

     Atom 20  C   pos: ( -0.097729  0.673528  1.032013)  dia sigma:           3.88
             4.0091         -0.0141         -0.0195
            -0.0141          3.9985         -0.0449
            -0.0195         -0.0449          3.6334

     Atom 21  C   pos: (  0.024343  0.440035  0.550185)  dia sigma:           4.47
             4.4945          0.0705         -0.0095
             0.0705          4.4368          0.0237
            -0.0095          0.0237          4.4644

     Atom 22  C   pos: (  0.815794  0.082154  0.108447)  dia sigma:           4.47
             4.4945         -0.0705         -0.0095
            -0.0705          4.4368         -0.0237
            -0.0095         -0.0237          4.4644

     Atom 23  C   pos: (  0.655931  0.275727  0.767079)  dia sigma:           4.47
             4.4945          0.0705         -0.0095
             0.0705          4.4368          0.0237
            -0.0095          0.0237          4.4644

     Atom 24  C   pos: ( -0.135521  0.633608  1.208817)  dia sigma:           4.47
             4.4945         -0.0705         -0.0095
            -0.0705          4.4368         -0.0237
            -0.0095         -0.0237          4.4644

     Atom 25  H   pos: ( -0.058131  0.549480  0.579910)  dia sigma:           1.11
             1.1083         -0.0000         -0.0000
            -0.0000          1.1083          0.0000
            -0.0000          0.0000          1.1083

     Atom 26  H   pos: (  0.898268  0.191599  0.078722)  dia sigma:           1.11
             1.1083          0.0000         -0.0000
             0.0000          1.1083         -0.0000
            -0.0000         -0.0000          1.1083

     Atom 27  H   pos: (  0.738405  0.166282  0.737354)  dia sigma:           1.11
             1.1083         -0.0000         -0.0000
            -0.0000          1.1083          0.0000
            -0.0000          0.0000          1.1083

     Atom 28  H   pos: ( -0.217994  0.524163  1.238542)  dia sigma:           1.11
             1.1083          0.0000         -0.0000
             0.0000          1.1083         -0.0000
            -0.0000         -0.0000          1.1083

     Atom 29  C   pos: (  0.084952  0.334504  0.676255)  dia sigma:           4.21
             4.3522          0.0843         -0.0094
             0.0843          4.2844          0.0748
            -0.0094          0.0748          3.9999

     Atom 30  C   pos: (  0.435459  0.692385  1.299641)  dia sigma:           4.21
             4.3522         -0.0843         -0.0094
            -0.0843          4.2844         -0.0748
            -0.0094         -0.0748          3.9999

     Atom 31  C   pos: (  0.595322  0.381258  0.641009)  dia sigma:           4.21
             4.3522          0.0843         -0.0094
             0.0843          4.2844          0.0748
            -0.0094          0.0748          3.9999

     Atom 32  C   pos: (  0.244815  0.023377  0.017623)  dia sigma:           4.21
             4.3522         -0.0843         -0.0094
            -0.0843          4.2844         -0.0748
            -0.0094         -0.0748          3.9999

     Atom 33  H   pos: (  0.057026  0.356088  0.812020)  dia sigma:           1.12
             1.1199         -0.0000         -0.0000
            -0.0000          1.1199          0.0000
            -0.0000          0.0000          1.1199

     Atom 34  H   pos: (  0.463384 -0.001793  1.163876)  dia sigma:           1.12
             1.1199          0.0000         -0.0000
             0.0000          1.1199         -0.0000
            -0.0000         -0.0000          1.1199

     Atom 35  H   pos: (  0.623247  0.359674  0.505244)  dia sigma:           1.12
             1.1199         -0.0000         -0.0000
            -0.0000          1.1199          0.0000
            -0.0000          0.0000          1.1199

     Atom 36  H   pos: (  0.216890  0.717555  0.153388)  dia sigma:           1.12
             1.1199          0.0000         -0.0000
             0.0000          1.1199         -0.0000
            -0.0000         -0.0000          1.1199

     Atom 37  O   pos: (  0.342767  0.040861  0.439204)  dia sigma:          17.69
            18.0199         -0.1214         -0.0756
            -0.1214         17.9773          0.2397
            -0.0756          0.2397         17.0669

     Atom 38  O   pos: (  0.497369  0.398742  0.219427)  dia sigma:          17.69
            18.0199          0.1214         -0.0756
             0.1214         17.9773         -0.2397
            -0.0756         -0.2397         17.0669

     Atom 39  O   pos: (  0.337506  0.674902  0.878059)  dia sigma:          17.69
            18.0199         -0.1214         -0.0756
            -0.1214         17.9773          0.2397
            -0.0756          0.2397         17.0669

     Atom 40  O   pos: (  0.182904  0.317020  1.097836)  dia sigma:          17.69
            18.0199          0.1214         -0.0756
             0.1214         17.9773         -0.2397
            -0.0756         -0.2397         17.0669

     Atom 41  O   pos: (  0.012605  0.468942  0.241611)  dia sigma:          17.60
            17.6875          0.3884          0.3279
             0.3884         17.5159         -0.3907
             0.3279         -0.3907         17.6003

     Atom 42  O   pos: (  0.827532  0.111061  0.417021)  dia sigma:          17.60
            17.6875         -0.3884          0.3279
            -0.3884         17.5159          0.3907
             0.3279          0.3907         17.6003

     Atom 43  O   pos: (  0.667669  0.246820  1.075652)  dia sigma:          17.60
            17.6875          0.3884          0.3279
             0.3884         17.5159         -0.3907
             0.3279         -0.3907         17.6003

     Atom 44  O   pos: ( -0.147258  0.604701  0.900243)  dia sigma:          17.60
            17.6875         -0.3884          0.3279
            -0.3884         17.5159          0.3907
             0.3279          0.3907         17.6003

     Paramagnetic contribution in ppm:
 
     Atom  1  N   pos: (  0.185800  0.193557  0.641072)  para sigma:        -100.51
           -77.1219         40.1558        -10.4196
            36.2875       -106.0001         24.7332
            -6.9780         22.8621       -118.4048

     Atom  2  N   pos: (  0.654336  0.551438  0.017560)  para sigma:        -100.51
           -77.1219        -40.1558        -10.4196
           -36.2875       -106.0001        -24.7332
            -6.9780        -22.8621       -118.4048

     Atom  3  N   pos: (  0.494473  0.522205  0.676191)  para sigma:        -100.51
           -77.1219         40.1558        -10.4196
            36.2875       -106.0001         24.7332
            -6.9780         22.8621       -118.4048

     Atom  4  N   pos: (  0.025937  0.164324  1.299704)  para sigma:        -100.51
           -77.1219        -40.1558        -10.4196
           -36.2875       -106.0001        -24.7332
            -6.9780        -22.8621       -118.4048

     Atom  5  H   pos: (  0.231702  0.113644  0.738344)  para sigma:           0.00
             0.0000          0.0000          0.0000
             0.0000          0.0000          0.0000
             0.0000          0.0000          0.0000

     Atom  6  H   pos: (  0.288709  0.471525  1.237552)  para sigma:           0.00
             0.0000          0.0000          0.0000
             0.0000          0.0000          0.0000
             0.0000          0.0000          0.0000

     Atom  7  H   pos: (  0.448572  0.602118  0.578920)  para sigma:           0.00
             0.0000          0.0000          0.0000
             0.0000          0.0000          0.0000
             0.0000          0.0000          0.0000

     Atom  8  H   pos: (  0.391565  0.244237  0.079712)  para sigma:           0.00
             0.0000          0.0000          0.0000
             0.0000          0.0000          0.0000
             0.0000          0.0000          0.0000

     Atom  9  C   pos: (  0.240631  0.155748  0.476796)  para sigma:        -112.24
           -92.4127          8.1523         -6.2006
             8.5085       -101.2038         17.0877
            -5.2623         17.0164       -143.1171

     Atom 10  C   pos: (  0.599506  0.513629  0.181836)  para sigma:        -112.24
           -92.4127         -8.1523         -6.2006
            -8.5085       -101.2038        -17.0877
            -5.2623        -17.0164       -143.1171

     Atom 11  C   pos: (  0.439643  0.560014  0.840468)  para sigma:        -112.24
           -92.4127          8.1523         -6.2006
             8.5085       -101.2038         17.0877
            -5.2623         17.0164       -143.1171

     Atom 12  C   pos: (  0.080767  0.202133  1.135428)  para sigma:        -112.24
           -92.4127         -8.1523         -6.2006
            -8.5085       -101.2038        -17.0877
            -5.2623        -17.0164       -143.1171

     Atom 13  O   pos: (  0.177560  0.257455  0.348650)  para sigma:        -154.16
          -116.0678         54.0919         -0.8227
            53.1680       -135.0918          9.3666
            -0.7756         17.3097       -211.3169

     Atom 14  O   pos: (  0.662577  0.615336  0.309982)  para sigma:        -154.16
          -116.0678        -54.0919         -0.8227
           -53.1680       -135.0918         -9.3666
            -0.7756        -17.3097       -211.3169

     Atom 15  O   pos: (  0.502714  0.458307  0.968614)  para sigma:        -154.16
          -116.0678         54.0919         -0.8227
            53.1680       -135.0918          9.3666
            -0.7756         17.3097       -211.3169

     Atom 16  O   pos: (  0.017697  0.100426  1.007282)  para sigma:        -154.16
          -116.0678        -54.0919         -0.8227
           -53.1680       -135.0918         -9.3666
            -0.7756        -17.3097       -211.3169

     Atom 17  C   pos: (  0.062134  0.400115  0.373382)  para sigma:        -117.34
          -120.6593         33.5978         17.0201
            34.3760       -136.3441        -22.1044
             8.2129        -10.7597        -95.0211

     Atom 18  C   pos: (  0.778003  0.042234  0.285250)  para sigma:        -117.34
          -120.6593        -33.5978         17.0201
           -34.3760       -136.3441         22.1044
             8.2129         10.7597        -95.0211

     Atom 19  C   pos: (  0.618140  0.315647  0.943882)  para sigma:        -117.34
          -120.6593         33.5978         17.0201
            34.3760       -136.3441        -22.1044
             8.2129        -10.7597        -95.0211

     Atom 20  C   pos: ( -0.097729  0.673528  1.032013)  para sigma:        -117.34
          -120.6593        -33.5978         17.0201
           -34.3760       -136.3441         22.1044
             8.2129         10.7597        -95.0211

     Atom 21  C   pos: (  0.024343  0.440035  0.550185)  para sigma:         -91.60
           -77.1007         36.1184         11.0202
            33.8099        -96.5967        -13.7540
            11.5841        -10.6926       -101.0976

     Atom 22  C   pos: (  0.815794  0.082154  0.108447)  para sigma:         -91.60
           -77.1007        -36.1184         11.0202
           -33.8099        -96.5967         13.7540
            11.5841         10.6926       -101.0976

     Atom 23  C   pos: (  0.655931  0.275727  0.767079)  para sigma:         -91.60
           -77.1007         36.1184         11.0202
            33.8099        -96.5967        -13.7540
            11.5841        -10.6926       -101.0976

     Atom 24  C   pos: ( -0.135521  0.633608  1.208817)  para sigma:         -91.60
           -77.1007        -36.1184         11.0202
           -33.8099        -96.5967         13.7540
            11.5841         10.6926       -101.0976

     Atom 25  H   pos: ( -0.058131  0.549480  0.579910)  para sigma:           0.00
             0.0000          0.0000          0.0000
             0.0000          0.0000          0.0000
             0.0000          0.0000          0.0000

     Atom 26  H   pos: (  0.898268  0.191599  0.078722)  para sigma:           0.00
             0.0000          0.0000          0.0000
             0.0000          0.0000          0.0000
             0.0000          0.0000          0.0000

     Atom 27  H   pos: (  0.738405  0.166282  0.737354)  para sigma:           0.00
             0.0000          0.0000          0.0000
             0.0000          0.0000          0.0000
             0.0000          0.0000          0.0000

     Atom 28  H   pos: ( -0.217994  0.524163  1.238542)  para sigma:           0.00
             0.0000          0.0000          0.0000
             0.0000          0.0000          0.0000
             0.0000          0.0000          0.0000

     Atom 29  C   pos: (  0.084952  0.334504  0.676255)  para sigma:        -116.55
           -88.2691         42.8778         21.2670
            42.6271       -116.7488        -17.4820
            24.0123        -22.1915       -144.6221

     Atom 30  C   pos: (  0.435459  0.692385  1.299641)  para sigma:        -116.55
           -88.2691        -42.8778         21.2670
           -42.6271       -116.7488         17.4820
            24.0123         22.1915       -144.6221

     Atom 31  C   pos: (  0.595322  0.381258  0.641009)  para sigma:        -116.55
           -88.2691         42.8778         21.2670
            42.6271       -116.7488        -17.4820
            24.0123        -22.1915       -144.6221

     Atom 32  C   pos: (  0.244815  0.023377  0.017623)  para sigma:        -116.55
           -88.2691        -42.8778         21.2670
           -42.6271       -116.7488         17.4820
            24.0123         22.1915       -144.6221

     Atom 33  H   pos: (  0.057026  0.356088  0.812020)  para sigma:           0.00
             0.0000          0.0000          0.0000
             0.0000          0.0000          0.0000
             0.0000          0.0000          0.0000

     Atom 34  H   pos: (  0.463384 -0.001793  1.163876)  para sigma:           0.00
             0.0000          0.0000          0.0000
             0.0000          0.0000          0.0000
             0.0000          0.0000          0.0000

     Atom 35  H   pos: (  0.623247  0.359674  0.505244)  para sigma:           0.00
             0.0000          0.0000          0.0000
             0.0000          0.0000          0.0000
             0.0000          0.0000          0.0000

     Atom 36  H   pos: (  0.216890  0.717555  0.153388)  para sigma:           0.00
             0.0000          0.0000          0.0000
             0.0000          0.0000          0.0000
             0.0000          0.0000          0.0000

     Atom 37  O   pos: (  0.342767  0.040861  0.439204)  para sigma:        -135.59
           -85.2986        107.9910         10.7459
            98.4686       -119.4051         17.3410
             6.1003         28.5473       -202.0562

     Atom 38  O   pos: (  0.497369  0.398742  0.219427)  para sigma:        -135.59
           -85.2986       -107.9910         10.7459
           -98.4686       -119.4051        -17.3410
             6.1003        -28.5473       -202.0562

     Atom 39  O   pos: (  0.337506  0.674902  0.878059)  para sigma:        -135.59
           -85.2986        107.9910         10.7459
            98.4686       -119.4051         17.3410
             6.1003         28.5473       -202.0562

     Atom 40  O   pos: (  0.182904  0.317020  1.097836)  para sigma:        -135.59
           -85.2986       -107.9910         10.7459
           -98.4686       -119.4051        -17.3410
             6.1003        -28.5473       -202.0562

     Atom 41  O   pos: (  0.012605  0.468942  0.241611)  para sigma:        -186.87
          -112.0343        156.8891        -28.4425
           148.3913       -187.2289         32.5307
            -6.5394         14.9436       -261.3338

     Atom 42  O   pos: (  0.827532  0.111061  0.417021)  para sigma:        -186.87
          -112.0343       -156.8891        -28.4425
          -148.3913       -187.2289        -32.5307
            -6.5394        -14.9436       -261.3338

     Atom 43  O   pos: (  0.667669  0.246820  1.075652)  para sigma:        -186.87
          -112.0343        156.8891        -28.4425
           148.3913       -187.2289         32.5307
            -6.5394         14.9436       -261.3338

     Atom 44  O   pos: ( -0.147258  0.604701  0.900243)  para sigma:        -186.87
          -112.0343       -156.8891        -28.4425
          -148.3913       -187.2289        -32.5307
            -6.5394        -14.9436       -261.3338

     Paramagnetic US occ-occ contribution in ppm:
 
     Atom  1  N   pos: (  0.185800  0.193557  0.641072)  para_oo sigma:          -1.07
            -0.4483          0.8805         -0.3801
             0.7957         -1.0588          0.7399
            -0.2537          0.7073         -1.7137

     Atom  2  N   pos: (  0.654336  0.551438  0.017560)  para_oo sigma:          -1.07
            -0.4483         -0.8805         -0.3801
            -0.7957         -1.0588         -0.7399
            -0.2537         -0.7073         -1.7137

     Atom  3  N   pos: (  0.494473  0.522205  0.676191)  para_oo sigma:          -1.07
            -0.4483          0.8805         -0.3801
             0.7957         -1.0588          0.7399
            -0.2537          0.7073         -1.7137

     Atom  4  N   pos: (  0.025937  0.164324  1.299704)  para_oo sigma:          -1.07
            -0.4483         -0.8805         -0.3801
            -0.7957         -1.0588         -0.7399
            -0.2537         -0.7073         -1.7137

     Atom  5  H   pos: (  0.231702  0.113644  0.738344)  para_oo sigma:           0.00
             0.0000          0.0000          0.0000
             0.0000          0.0000          0.0000
             0.0000          0.0000          0.0000

     Atom  6  H   pos: (  0.288709  0.471525  1.237552)  para_oo sigma:           0.00
             0.0000          0.0000          0.0000
             0.0000          0.0000          0.0000
             0.0000          0.0000          0.0000

     Atom  7  H   pos: (  0.448572  0.602118  0.578920)  para_oo sigma:           0.00
             0.0000          0.0000          0.0000
             0.0000          0.0000          0.0000
             0.0000          0.0000          0.0000

     Atom  8  H   pos: (  0.391565  0.244237  0.079712)  para_oo sigma:           0.00
             0.0000          0.0000          0.0000
             0.0000          0.0000          0.0000
             0.0000          0.0000          0.0000

     Atom  9  C   pos: (  0.240631  0.155748  0.476796)  para_oo sigma:          -2.10
            -1.6457          0.2070         -0.2381
             0.2593         -1.9757          0.4934
            -0.2575          0.5358         -2.6692

     Atom 10  C   pos: (  0.599506  0.513629  0.181836)  para_oo sigma:          -2.10
            -1.6457         -0.2070         -0.2381
            -0.2593         -1.9757         -0.4934
            -0.2575         -0.5358         -2.6692

     Atom 11  C   pos: (  0.439643  0.560014  0.840468)  para_oo sigma:          -2.10
            -1.6457          0.2070         -0.2381
             0.2593         -1.9757          0.4934
            -0.2575          0.5358         -2.6692

     Atom 12  C   pos: (  0.080767  0.202133  1.135428)  para_oo sigma:          -2.10
            -1.6457         -0.2070         -0.2381
            -0.2593         -1.9757         -0.4934
            -0.2575         -0.5358         -2.6692

     Atom 13  O   pos: (  0.177560  0.257455  0.348650)  para_oo sigma:          -1.71
            -0.0092          2.0320          1.4678
             2.1642         -0.7515         -1.0386
             1.3334         -0.8835         -4.3621

     Atom 14  O   pos: (  0.662577  0.615336  0.309982)  para_oo sigma:          -1.71
            -0.0092         -2.0320          1.4678
            -2.1642         -0.7515          1.0386
             1.3334          0.8835         -4.3621

     Atom 15  O   pos: (  0.502714  0.458307  0.968614)  para_oo sigma:          -1.71
            -0.0092          2.0320          1.4678
             2.1642         -0.7515         -1.0386
             1.3334         -0.8835         -4.3621

     Atom 16  O   pos: (  0.017697  0.100426  1.007282)  para_oo sigma:          -1.71
            -0.0092         -2.0320          1.4678
            -2.1642         -0.7515          1.0386
             1.3334          0.8835         -4.3621

     Atom 17  C   pos: (  0.062134  0.400115  0.373382)  para_oo sigma:          -1.65
            -1.6914          0.3841          0.5501
             0.3812         -1.8417         -0.6738
             0.5934         -0.7711         -1.4189

     Atom 18  C   pos: (  0.778003  0.042234  0.285250)  para_oo sigma:          -1.65
            -1.6914         -0.3841          0.5501
            -0.3812         -1.8417          0.6738
             0.5934          0.7711         -1.4189

     Atom 19  C   pos: (  0.618140  0.315647  0.943882)  para_oo sigma:          -1.65
            -1.6914          0.3841          0.5501
             0.3812         -1.8417         -0.6738
             0.5934         -0.7711         -1.4189

     Atom 20  C   pos: ( -0.097729  0.673528  1.032013)  para_oo sigma:          -1.65
            -1.6914         -0.3841          0.5501
            -0.3812         -1.8417          0.6738
             0.5934          0.7711         -1.4189

     Atom 21  C   pos: (  0.024343  0.440035  0.550185)  para_oo sigma:          -0.63
            -0.4470          0.5500          0.2787
             0.5158         -0.6791         -0.3041
             0.2931         -0.3241         -0.7757

     Atom 22  C   pos: (  0.815794  0.082154  0.108447)  para_oo sigma:          -0.63
            -0.4470         -0.5500          0.2787
            -0.5158         -0.6791          0.3041
             0.2931          0.3241         -0.7757

     Atom 23  C   pos: (  0.655931  0.275727  0.767079)  para_oo sigma:          -0.63
            -0.4470          0.5500          0.2787
             0.5158         -0.6791         -0.3041
             0.2931         -0.3241         -0.7757

     Atom 24  C   pos: ( -0.135521  0.633608  1.208817)  para_oo sigma:          -0.63
            -0.4470         -0.5500          0.2787
            -0.5158         -0.6791          0.3041
             0.2931          0.3241         -0.7757

     Atom 25  H   pos: ( -0.058131  0.549480  0.579910)  para_oo sigma:           0.00
             0.0000          0.0000          0.0000
             0.0000          0.0000          0.0000
             0.0000          0.0000          0.0000

     Atom 26  H   pos: (  0.898268  0.191599  0.078722)  para_oo sigma:           0.00
             0.0000          0.0000          0.0000
             0.0000          0.0000          0.0000
             0.0000          0.0000          0.0000

     Atom 27  H   pos: (  0.738405  0.166282  0.737354)  para_oo sigma:           0.00
             0.0000          0.0000          0.0000
             0.0000          0.0000          0.0000
             0.0000          0.0000          0.0000

     Atom 28  H   pos: ( -0.217994  0.524163  1.238542)  para_oo sigma:           0.00
             0.0000          0.0000          0.0000
             0.0000          0.0000          0.0000
             0.0000          0.0000          0.0000

     Atom 29  C   pos: (  0.084952  0.334504  0.676255)  para_oo sigma:          -0.76
            -0.2759         -0.0625          0.0446
            -0.0652         -0.2639          0.1926
             0.0205          0.1801         -1.7357

     Atom 30  C   pos: (  0.435459  0.692385  1.299641)  para_oo sigma:          -0.76
            -0.2759          0.0625          0.0446
             0.0652         -0.2639         -0.1926
             0.0205         -0.1801         -1.7357

     Atom 31  C   pos: (  0.595322  0.381258  0.641009)  para_oo sigma:          -0.76
            -0.2759         -0.0625          0.0446
            -0.0652         -0.2639          0.1926
             0.0205          0.1801         -1.7357

     Atom 32  C   pos: (  0.244815  0.023377  0.017623)  para_oo sigma:          -0.76
            -0.2759          0.0625          0.0446
             0.0652         -0.2639         -0.1926
             0.0205         -0.1801         -1.7357

     Atom 33  H   pos: (  0.057026  0.356088  0.812020)  para_oo sigma:           0.00
             0.0000          0.0000          0.0000
             0.0000          0.0000          0.0000
             0.0000          0.0000          0.0000

     Atom 34  H   pos: (  0.463384 -0.001793  1.163876)  para_oo sigma:           0.00
             0.0000          0.0000          0.0000
             0.0000          0.0000          0.0000
             0.0000          0.0000          0.0000

     Atom 35  H   pos: (  0.623247  0.359674  0.505244)  para_oo sigma:           0.00
             0.0000          0.0000          0.0000
             0.0000          0.0000          0.0000
             0.0000          0.0000          0.0000

     Atom 36  H   pos: (  0.216890  0.717555  0.153388)  para_oo sigma:           0.00
             0.0000          0.0000          0.0000
             0.0000          0.0000          0.0000
             0.0000          0.0000          0.0000

     Atom 37  O   pos: (  0.342767  0.040861  0.439204)  para_oo sigma:          -3.59
            -1.9171          1.5388          0.3910
             1.5542         -2.5672          0.6514
             0.8191          0.0327         -6.2943

     Atom 38  O   pos: (  0.497369  0.398742  0.219427)  para_oo sigma:          -3.59
            -1.9171         -1.5388          0.3910
            -1.5542         -2.5672         -0.6514
             0.8191         -0.0327         -6.2943

     Atom 39  O   pos: (  0.337506  0.674902  0.878059)  para_oo sigma:          -3.59
            -1.9171          1.5388          0.3910
             1.5542         -2.5672          0.6514
             0.8191          0.0327         -6.2943

     Atom 40  O   pos: (  0.182904  0.317020  1.097836)  para_oo sigma:          -3.59
            -1.9171         -1.5388          0.3910
            -1.5542         -2.5672         -0.6514
             0.8191         -0.0327         -6.2943

     Atom 41  O   pos: (  0.012605  0.468942  0.241611)  para_oo sigma:          -2.60
            -1.0819          0.7260          1.9796
             0.7631         -1.3297         -2.2616
             0.4182         -0.3180         -5.3765

     Atom 42  O   pos: (  0.827532  0.111061  0.417021)  para_oo sigma:          -2.60
            -1.0819         -0.7260          1.9796
            -0.7631         -1.3297          2.2616
             0.4182          0.3180         -5.3765

     Atom 43  O   pos: (  0.667669  0.246820  1.075652)  para_oo sigma:          -2.60
            -1.0819          0.7260          1.9796
             0.7631         -1.3297         -2.2616
             0.4182         -0.3180         -5.3765

     Atom 44  O   pos: ( -0.147258  0.604701  0.900243)  para_oo sigma:          -2.60
            -1.0819         -0.7260          1.9796
            -0.7631         -1.3297          2.2616
             0.4182          0.3180         -5.3765

     Paramagnetic US L_R Q_R contribution in ppm:
 
     Atom  1  N   pos: (  0.185800  0.193557  0.641072)  para_lq sigma:         -65.67
           -60.0504          9.9013         -0.1072
             9.6373        -67.0852          3.0517
            -0.1802          3.6167        -69.8804

     Atom  2  N   pos: (  0.654336  0.551438  0.017560)  para_lq sigma:         -65.67
           -60.0504         -9.9013         -0.1072
            -9.6373        -67.0852         -3.0517
            -0.1802         -3.6167        -69.8804

     Atom  3  N   pos: (  0.494473  0.522205  0.676191)  para_lq sigma:         -65.67
           -60.0504          9.9013         -0.1072
             9.6373        -67.0852          3.0517
            -0.1802          3.6167        -69.8804

     Atom  4  N   pos: (  0.025937  0.164324  1.299704)  para_lq sigma:         -65.67
           -60.0504         -9.9013         -0.1072
            -9.6373        -67.0852         -3.0517
            -0.1802         -3.6167        -69.8804

     Atom  5  H   pos: (  0.231702  0.113644  0.738344)  para_lq sigma:           0.00
             0.0000          0.0000          0.0000
             0.0000          0.0000          0.0000
             0.0000          0.0000          0.0000

     Atom  6  H   pos: (  0.288709  0.471525  1.237552)  para_lq sigma:           0.00
             0.0000          0.0000          0.0000
             0.0000          0.0000          0.0000
             0.0000          0.0000          0.0000

     Atom  7  H   pos: (  0.448572  0.602118  0.578920)  para_lq sigma:           0.00
             0.0000          0.0000          0.0000
             0.0000          0.0000          0.0000
             0.0000          0.0000          0.0000

     Atom  8  H   pos: (  0.391565  0.244237  0.079712)  para_lq sigma:           0.00
             0.0000          0.0000          0.0000
             0.0000          0.0000          0.0000
             0.0000          0.0000          0.0000

     Atom  9  C   pos: (  0.240631  0.155748  0.476796)  para_lq sigma:         -16.48
           -13.6328          0.0748         -0.8469
             0.1810        -14.5075          2.3943
            -0.8907          2.5236        -21.3025

     Atom 10  C   pos: (  0.599506  0.513629  0.181836)  para_lq sigma:         -16.48
           -13.6328         -0.0748         -0.8469
            -0.1810        -14.5075         -2.3943
            -0.8907         -2.5236        -21.3025

     Atom 11  C   pos: (  0.439643  0.560014  0.840468)  para_lq sigma:         -16.48
           -13.6328          0.0748         -0.8469
             0.1810        -14.5075          2.3943
            -0.8907          2.5236        -21.3025

     Atom 12  C   pos: (  0.080767  0.202133  1.135428)  para_lq sigma:         -16.48
           -13.6328         -0.0748         -0.8469
            -0.1810        -14.5075         -2.3943
            -0.8907         -2.5236        -21.3025

     Atom 13  O   pos: (  0.177560  0.257455  0.348650)  para_lq sigma:        -150.63
          -141.3056         14.6417          1.0295
            14.7867       -147.8696          2.1957
             0.7985          3.2039       -162.7294

     Atom 14  O   pos: (  0.662577  0.615336  0.309982)  para_lq sigma:        -150.63
          -141.3056        -14.6417          1.0295
           -14.7867       -147.8696         -2.1957
             0.7985         -3.2039       -162.7294

     Atom 15  O   pos: (  0.502714  0.458307  0.968614)  para_lq sigma:        -150.63
          -141.3056         14.6417          1.0295
            14.7867       -147.8696          2.1957
             0.7985          3.2039       -162.7294

     Atom 16  O   pos: (  0.017697  0.100426  1.007282)  para_lq sigma:        -150.63
          -141.3056        -14.6417          1.0295
           -14.7867       -147.8696         -2.1957
             0.7985         -3.2039       -162.7294

     Atom 17  C   pos: (  0.062134  0.400115  0.373382)  para_lq sigma:         -15.82
           -16.9895          3.0188          3.3332
             3.0875        -18.2163         -4.2257
             2.5527         -3.4530        -12.2554

     Atom 18  C   pos: (  0.778003  0.042234  0.285250)  para_lq sigma:         -15.82
           -16.9895         -3.0188          3.3332
            -3.0875        -18.2163          4.2257
             2.5527          3.4530        -12.2554

     Atom 19  C   pos: (  0.618140  0.315647  0.943882)  para_lq sigma:         -15.82
           -16.9895          3.0188          3.3332
             3.0875        -18.2163         -4.2257
             2.5527         -3.4530        -12.2554

     Atom 20  C   pos: ( -0.097729  0.673528  1.032013)  para_lq sigma:         -15.82
           -16.9895         -3.0188          3.3332
            -3.0875        -18.2163          4.2257
             2.5527          3.4530        -12.2554

     Atom 21  C   pos: (  0.024343  0.440035  0.550185)  para_lq sigma:         -13.48
           -12.5415          2.7556          0.6221
             2.6115        -14.0068         -0.5338
             1.4037         -1.6012        -13.9045

     Atom 22  C   pos: (  0.815794  0.082154  0.108447)  para_lq sigma:         -13.48
           -12.5415         -2.7556          0.6221
            -2.6115        -14.0068          0.5338
             1.4037          1.6012        -13.9045

     Atom 23  C   pos: (  0.655931  0.275727  0.767079)  para_lq sigma:         -13.48
           -12.5415          2.7556          0.6221
             2.6115        -14.0068         -0.5338
             1.4037         -1.6012        -13.9045

     Atom 24  C   pos: ( -0.135521  0.633608  1.208817)  para_lq sigma:         -13.48
           -12.5415         -2.7556          0.6221
            -2.6115        -14.0068          0.5338
             1.4037          1.6012        -13.9045

     Atom 25  H   pos: ( -0.058131  0.549480  0.579910)  para_lq sigma:           0.00
             0.0000          0.0000          0.0000
             0.0000          0.0000          0.0000
             0.0000          0.0000          0.0000

     Atom 26  H   pos: (  0.898268  0.191599  0.078722)  para_lq sigma:           0.00
             0.0000          0.0000          0.0000
             0.0000          0.0000          0.0000
             0.0000          0.0000          0.0000

     Atom 27  H   pos: (  0.738405  0.166282  0.737354)  para_lq sigma:           0.00
             0.0000          0.0000          0.0000
             0.0000          0.0000          0.0000
             0.0000          0.0000          0.0000

     Atom 28  H   pos: ( -0.217994  0.524163  1.238542)  para_lq sigma:           0.00
             0.0000          0.0000          0.0000
             0.0000          0.0000          0.0000
             0.0000          0.0000          0.0000

     Atom 29  C   pos: (  0.084952  0.334504  0.676255)  para_lq sigma:         -13.60
           -11.6461          1.3093          0.6504
             1.3073        -12.6761         -0.0220
             1.3747         -1.1714        -16.4671

     Atom 30  C   pos: (  0.435459  0.692385  1.299641)  para_lq sigma:         -13.60
           -11.6461         -1.3093          0.6504
            -1.3073        -12.6761          0.0220
             1.3747          1.1714        -16.4671

     Atom 31  C   pos: (  0.595322  0.381258  0.641009)  para_lq sigma:         -13.60
           -11.6461          1.3093          0.6504
             1.3073        -12.6761         -0.0220
             1.3747         -1.1714        -16.4671

     Atom 32  C   pos: (  0.244815  0.023377  0.017623)  para_lq sigma:         -13.60
           -11.6461         -1.3093          0.6504
            -1.3073        -12.6761          0.0220
             1.3747          1.1714        -16.4671

     Atom 33  H   pos: (  0.057026  0.356088  0.812020)  para_lq sigma:           0.00
             0.0000          0.0000          0.0000
             0.0000          0.0000          0.0000
             0.0000          0.0000          0.0000

     Atom 34  H   pos: (  0.463384 -0.001793  1.163876)  para_lq sigma:           0.00
             0.0000          0.0000          0.0000
             0.0000          0.0000          0.0000
             0.0000          0.0000          0.0000

     Atom 35  H   pos: (  0.623247  0.359674  0.505244)  para_lq sigma:           0.00
             0.0000          0.0000          0.0000
             0.0000          0.0000          0.0000
             0.0000          0.0000          0.0000

     Atom 36  H   pos: (  0.216890  0.717555  0.153388)  para_lq sigma:           0.00
             0.0000          0.0000          0.0000
             0.0000          0.0000          0.0000
             0.0000          0.0000          0.0000

     Atom 37  O   pos: (  0.342767  0.040861  0.439204)  para_lq sigma:        -149.64
          -147.3336         16.0219          3.3856
            16.0434       -153.1776         -1.4025
             4.7549         -2.9567       -148.4030

     Atom 38  O   pos: (  0.497369  0.398742  0.219427)  para_lq sigma:        -149.64
          -147.3336        -16.0219          3.3856
           -16.0434       -153.1776          1.4025
             4.7549          2.9567       -148.4030

     Atom 39  O   pos: (  0.337506  0.674902  0.878059)  para_lq sigma:        -149.64
          -147.3336         16.0219          3.3856
            16.0434       -153.1776         -1.4025
             4.7549         -2.9567       -148.4030

     Atom 40  O   pos: (  0.182904  0.317020  1.097836)  para_lq sigma:        -149.64
          -147.3336        -16.0219          3.3856
           -16.0434       -153.1776          1.4025
             4.7549          2.9567       -148.4030

     Atom 41  O   pos: (  0.012605  0.468942  0.241611)  para_lq sigma:        -153.32
          -141.8246          9.8736         -7.0479
            10.0014       -147.8615         11.1231
            -8.9695         12.8121       -170.2665

     Atom 42  O   pos: (  0.827532  0.111061  0.417021)  para_lq sigma:        -153.32
          -141.8246         -9.8736         -7.0479
           -10.0014       -147.8615        -11.1231
            -8.9695        -12.8121       -170.2665

     Atom 43  O   pos: (  0.667669  0.246820  1.075652)  para_lq sigma:        -153.32
          -141.8246          9.8736         -7.0479
            10.0014       -147.8615         11.1231
            -8.9695         12.8121       -170.2665

     Atom 44  O   pos: ( -0.147258  0.604701  0.900243)  para_lq sigma:        -153.32
          -141.8246         -9.8736         -7.0479
           -10.0014       -147.8615        -11.1231
            -8.9695        -12.8121       -170.2665

 
     Total NMR chemical shifts in ppm: ---------------------------------------
     (adopting the Simpson convention for anisotropy and asymmetry)-----------
 
     Atom  1  N   pos: (  0.185800  0.193557  0.641072)  Total sigma:          85.75
           129.0901         73.1521        -17.5865
            66.3436         76.1062         43.5763
           -12.0095         40.7608         52.0457

     N    1    anisotropy:    139.01    eta:   -0.9589
     N    1    sigma_11=     83.84    axis=( -0.426971  0.444112  0.787693)
     N    1    sigma_22=     -5.02    axis=( -0.418243  0.675321 -0.607465)
     N    1    sigma_33=    178.42    axis=( -0.801728 -0.588817 -0.102595)
 
     Atom  2  N   pos: (  0.654336  0.551438  0.017560)  Total sigma:          85.75
           129.0901        -73.1521        -17.5865
           -66.3436         76.1062        -43.5763
           -12.0095        -40.7608         52.0457

     N    2    anisotropy:    139.01    eta:   -0.9589
     N    2    sigma_11=     83.84    axis=( -0.426971 -0.444112  0.787693)
     N    2    sigma_22=     -5.02    axis=(  0.418243  0.675321  0.607465)
     N    2    sigma_33=    178.42    axis=( -0.801728  0.588817 -0.102595)
 
     Atom  3  N   pos: (  0.494473  0.522205  0.676191)  Total sigma:          85.75
           129.0901         73.1521        -17.5865
            66.3436         76.1062         43.5763
           -12.0095         40.7608         52.0457

     N    3    anisotropy:    139.01    eta:   -0.9589
     N    3    sigma_11=     83.84    axis=( -0.426971  0.444112  0.787693)
     N    3    sigma_22=     -5.02    axis=( -0.418243  0.675321 -0.607465)
     N    3    sigma_33=    178.42    axis=( -0.801728 -0.588817 -0.102595)
 
     Atom  4  N   pos: (  0.025937  0.164324  1.299704)  Total sigma:          85.75
           129.0901        -73.1521        -17.5865
           -66.3436         76.1062        -43.5763
           -12.0095        -40.7608         52.0457

     N    4    anisotropy:    139.01    eta:   -0.9589
     N    4    sigma_11=     83.84    axis=( -0.426971 -0.444112  0.787693)
     N    4    sigma_22=     -5.02    axis=(  0.418243  0.675321  0.607465)
     N    4    sigma_33=    178.42    axis=( -0.801728  0.588817 -0.102595)
 
     Atom  5  H   pos: (  0.231702  0.113644  0.738344)  Total sigma:          18.88
            14.9292         -4.8255          2.9931
            -5.7032         19.7358         -6.0959
             2.9497         -6.6291         21.9801

     H    5    anisotropy:     16.01    eta:   -0.4005
     H    5    sigma_11=     15.68    axis=( -0.502215  0.478440  0.720330)
     H    5    sigma_22=     11.41    axis=(  0.783039  0.605060  0.144058)
     H    5    sigma_33=     29.55    axis=(  0.366920 -0.636395  0.678507)
 
     Atom  6  H   pos: (  0.288709  0.471525  1.237552)  Total sigma:          18.88
            14.9292          4.8255          2.9931
             5.7032         19.7358          6.0959
             2.9497          6.6291         21.9801

     H    6    anisotropy:     16.01    eta:   -0.4005
     H    6    sigma_11=     15.68    axis=(  0.502215  0.478440 -0.720330)
     H    6    sigma_22=     11.41    axis=(  0.783039 -0.605060  0.144058)
     H    6    sigma_33=     29.55    axis=(  0.366920  0.636395  0.678507)
 
     Atom  7  H   pos: (  0.448572  0.602118  0.578920)  Total sigma:          18.88
            14.9292         -4.8255          2.9931
            -5.7032         19.7358         -6.0959
             2.9497         -6.6291         21.9801

     H    7    anisotropy:     16.01    eta:   -0.4005
     H    7    sigma_11=     15.68    axis=( -0.502215  0.478440  0.720330)
     H    7    sigma_22=     11.41    axis=(  0.783039  0.605060  0.144058)
     H    7    sigma_33=     29.55    axis=(  0.366920 -0.636395  0.678507)
 
     Atom  8  H   pos: (  0.391565  0.244237  0.079712)  Total sigma:          18.88
            14.9292          4.8255          2.9931
             5.7032         19.7358          6.0959
             2.9497          6.6291         21.9801

     H    8    anisotropy:     16.01    eta:   -0.4005
     H    8    sigma_11=     15.68    axis=(  0.502215  0.478440 -0.720330)
     H    8    sigma_22=     11.41    axis=(  0.783039 -0.605060  0.144058)
     H    8    sigma_33=     29.55    axis=(  0.366920  0.636395  0.678507)
 
     Atom  9  C   pos: (  0.240631  0.155748  0.476796)  Total sigma:          11.63
            50.9164          6.5634        -14.7684
             7.6856         36.5577         36.6888
           -12.1518         35.3099        -52.5940

     C    9    anisotropy:   -118.30    eta:   -0.0720
     C    9    sigma_11=     48.22    axis=( -0.428575  0.831245  0.354055)
     C    9    sigma_22=     53.90    axis=( -0.894603 -0.445289 -0.037454)
     C    9    sigma_33=    -67.24    axis=(  0.126523 -0.332791  0.934474)
 
     Atom 10  C   pos: (  0.599506  0.513629  0.181836)  Total sigma:          11.63
            50.9164         -6.5634        -14.7684
            -7.6856         36.5577        -36.6888
           -12.1518        -35.3099        -52.5940

     C   10    anisotropy:   -118.30    eta:   -0.0720
     C   10    sigma_11=     48.22    axis=(  0.428575  0.831245 -0.354055)
     C   10    sigma_22=     53.90    axis=( -0.894603  0.445289 -0.037454)
     C   10    sigma_33=    -67.24    axis=(  0.126523  0.332791  0.934474)
 
     Atom 11  C   pos: (  0.439643  0.560014  0.840468)  Total sigma:          11.63
            50.9164          6.5634        -14.7684
             7.6856         36.5577         36.6888
           -12.1518         35.3099        -52.5940

     C   11    anisotropy:   -118.30    eta:   -0.0720
     C   11    sigma_11=     48.22    axis=( -0.428575  0.831245  0.354055)
     C   11    sigma_22=     53.90    axis=( -0.894603 -0.445289 -0.037454)
     C   11    sigma_33=    -67.24    axis=(  0.126523 -0.332791  0.934474)
 
     Atom 12  C   pos: (  0.080767  0.202133  1.135428)  Total sigma:          11.63
            50.9164         -6.5634        -14.7684
            -7.6856         36.5577        -36.6888
           -12.1518        -35.3099        -52.5940

     C   12    anisotropy:   -118.30    eta:   -0.0720
     C   12    sigma_11=     48.22    axis=(  0.428575  0.831245 -0.354055)
     C   12    sigma_22=     53.90    axis=( -0.894603  0.445289 -0.037454)
     C   12    sigma_33=    -67.24    axis=(  0.126523  0.332791  0.934474)
 
     Atom 13  O   pos: (  0.177560  0.257455  0.348650)  Total sigma:         -17.02
            52.5181         96.2660          3.1267
            95.0661         16.4941         13.4341
             3.3179         25.4698       -120.0816

     O   13    anisotropy:    224.64    eta:   -0.4246
     O   13    sigma_11=    -60.11    axis=(  0.636823 -0.742783 -0.206712)
     O   13    sigma_22=   -123.69    axis=( -0.088502  0.195910 -0.976620)
     O   13    sigma_33=    132.73    axis=(  0.765914  0.640229  0.059022)
 
     Atom 14  O   pos: (  0.662577  0.615336  0.309982)  Total sigma:         -17.02
            52.5181        -96.2660          3.1267
           -95.0661         16.4941        -13.4341
             3.3179        -25.4698       -120.0816

     O   14    anisotropy:    224.64    eta:   -0.4246
     O   14    sigma_11=    -60.11    axis=(  0.636823  0.742783 -0.206712)
     O   14    sigma_22=   -123.69    axis=(  0.088502  0.195910  0.976620)
     O   14    sigma_33=    132.73    axis=(  0.765914 -0.640229  0.059022)
 
     Atom 15  O   pos: (  0.502714  0.458307  0.968614)  Total sigma:         -17.02
            52.5181         96.2660          3.1267
            95.0661         16.4941         13.4341
             3.3179         25.4698       -120.0816

     O   15    anisotropy:    224.64    eta:   -0.4246
     O   15    sigma_11=    -60.11    axis=(  0.636823 -0.742783 -0.206712)
     O   15    sigma_22=   -123.69    axis=( -0.088502  0.195910 -0.976620)
     O   15    sigma_33=    132.73    axis=(  0.765914  0.640229  0.059022)
 
     Atom 16  O   pos: (  0.017697  0.100426  1.007282)  Total sigma:         -17.02
            52.5181        -96.2660          3.1267
           -95.0661         16.4941        -13.4341
             3.3179        -25.4698       -120.0816

     O   16    anisotropy:    224.64    eta:   -0.4246
     O   16    sigma_11=    -60.11    axis=(  0.636823  0.742783 -0.206712)
     O   16    sigma_22=   -123.69    axis=(  0.088502  0.195910  0.976620)
     O   16    sigma_33=    132.73    axis=(  0.765914 -0.640229  0.059022)
 
     Atom 17  C   pos: (  0.062134  0.400115  0.373382)  Total sigma:           2.88
            -7.6860         61.2656         40.2818
            63.5864        -35.8405        -52.2063
            20.7451        -28.5124         52.1517

     C   17    anisotropy:   -157.79    eta:   -0.2530
     C   17    sigma_11=     42.17    axis=(  0.791368  0.609626  0.045746)
     C   17    sigma_22=     68.78    axis=(  0.155672 -0.273311  0.949246)
     C   17    sigma_33=   -102.32    axis=(  0.591188 -0.744081 -0.311191)
 
     Atom 18  C   pos: (  0.778003  0.042234  0.285250)  Total sigma:           2.88
            -7.6860        -61.2656         40.2818
           -63.5864        -35.8405         52.2063
            20.7451         28.5124         52.1517

     C   18    anisotropy:   -157.79    eta:   -0.2530
     C   18    sigma_11=     42.17    axis=(  0.791368 -0.609626  0.045746)
     C   18    sigma_22=     68.78    axis=( -0.155672 -0.273311 -0.949246)
     C   18    sigma_33=   -102.32    axis=(  0.591188  0.744081 -0.311191)
 
     Atom 19  C   pos: (  0.618140  0.315647  0.943882)  Total sigma:           2.88
            -7.6860         61.2656         40.2818
            63.5864        -35.8405        -52.2063
            20.7451        -28.5124         52.1517

     C   19    anisotropy:   -157.79    eta:   -0.2530
     C   19    sigma_11=     42.17    axis=(  0.791368  0.609626  0.045746)
     C   19    sigma_22=     68.78    axis=(  0.155672 -0.273311  0.949246)
     C   19    sigma_33=   -102.32    axis=(  0.591188 -0.744081 -0.311191)
 
     Atom 20  C   pos: ( -0.097729  0.673528  1.032013)  Total sigma:           2.88
            -7.6860        -61.2656         40.2818
           -63.5864        -35.8405         52.2063
            20.7451         28.5124         52.1517

     C   20    anisotropy:   -157.79    eta:   -0.2530
     C   20    sigma_11=     42.17    axis=(  0.791368 -0.609626  0.045746)
     C   20    sigma_22=     68.78    axis=( -0.155672 -0.273311 -0.949246)
     C   20    sigma_33=   -102.32    axis=(  0.591188  0.744081 -0.311191)
 
     Atom 21  C   pos: (  0.024343  0.440035  0.550185)  Total sigma:          68.98
            98.2566         74.6981         22.3788
            70.2923         57.1710        -27.9697
            24.8104        -23.9140         51.5145

     C   21    anisotropy:   -127.14    eta:   -0.9866
     C   21    sigma_11=     69.55    axis=(  0.251081 -0.388048  0.886779)
     C   21    sigma_22=    153.17    axis=( -0.801949 -0.596428 -0.033930)
     C   21    sigma_33=    -15.78    axis=( -0.542066  0.702632  0.460947)
 
     Atom 22  C   pos: (  0.815794  0.082154  0.108447)  Total sigma:          68.98
            98.2566        -74.6981         22.3788
           -70.2923         57.1710         27.9697
            24.8104         23.9140         51.5145

     C   22    anisotropy:   -127.14    eta:   -0.9866
     C   22    sigma_11=     69.55    axis=(  0.251081  0.388048  0.886779)
     C   22    sigma_22=    153.17    axis=( -0.801949  0.596428 -0.033930)
     C   22    sigma_33=    -15.78    axis=(  0.542066  0.702632 -0.460947)
 
     Atom 23  C   pos: (  0.655931  0.275727  0.767079)  Total sigma:          68.98
            98.2566         74.6981         22.3788
            70.2923         57.1710        -27.9697
            24.8104        -23.9140         51.5145

     C   23    anisotropy:   -127.14    eta:   -0.9866
     C   23    sigma_11=     69.55    axis=(  0.251081 -0.388048  0.886779)
     C   23    sigma_22=    153.17    axis=( -0.801949 -0.596428 -0.033930)
     C   23    sigma_33=    -15.78    axis=( -0.542066  0.702632  0.460947)
 
     Atom 24  C   pos: ( -0.135521  0.633608  1.208817)  Total sigma:          68.98
            98.2566        -74.6981         22.3788
           -70.2923         57.1710         27.9697
            24.8104         23.9140         51.5145

     C   24    anisotropy:   -127.14    eta:   -0.9866
     C   24    sigma_11=     69.55    axis=(  0.251081  0.388048  0.886779)
     C   24    sigma_22=    153.17    axis=( -0.801949  0.596428 -0.033930)
     C   24    sigma_33=    -15.78    axis=(  0.542066  0.702632 -0.460947)
 
     Atom 25  H   pos: ( -0.058131  0.549480  0.579910)  Total sigma:          25.17
            24.2489         -0.3734          0.5396
            -0.0674         24.2265         -2.2823
            -0.0795         -1.6770         27.0368

     H   25    anisotropy:      4.37    eta:   -0.3557
     H   25    sigma_11=     24.23    axis=(  0.993038 -0.041034 -0.110418)
     H   25    sigma_22=     23.20    axis=(  0.086970  0.887613  0.452305)
     H   25    sigma_33=     28.08    axis=(  0.079449 -0.458759  0.885002)
 
     Atom 26  H   pos: (  0.898268  0.191599  0.078722)  Total sigma:          25.17
            24.2489          0.3734          0.5396
             0.0674         24.2265          2.2823
            -0.0795          1.6770         27.0368

     H   26    anisotropy:      4.37    eta:   -0.3557
     H   26    sigma_11=     24.23    axis=(  0.993038  0.041034 -0.110418)
     H   26    sigma_22=     23.20    axis=( -0.086970  0.887613 -0.452305)
     H   26    sigma_33=     28.08    axis=(  0.079449  0.458759  0.885002)
 
     Atom 27  H   pos: (  0.738405  0.166282  0.737354)  Total sigma:          25.17
            24.2489         -0.3734          0.5396
            -0.0674         24.2265         -2.2823
            -0.0795         -1.6770         27.0368

     H   27    anisotropy:      4.37    eta:   -0.3557
     H   27    sigma_11=     24.23    axis=(  0.993038 -0.041034 -0.110418)
     H   27    sigma_22=     23.20    axis=(  0.086970  0.887613  0.452305)
     H   27    sigma_33=     28.08    axis=(  0.079449 -0.458759  0.885002)
 
     Atom 28  H   pos: ( -0.217994  0.524163  1.238542)  Total sigma:          25.17
            24.2489          0.3734          0.5396
             0.0674         24.2265          2.2823
            -0.0795          1.6770         27.0368

     H   28    anisotropy:      4.37    eta:   -0.3557
     H   28    sigma_11=     24.23    axis=(  0.993038  0.041034 -0.110418)
     H   28    sigma_22=     23.20    axis=( -0.086970  0.887613 -0.452305)
     H   28    sigma_33=     28.08    axis=(  0.079449  0.458759  0.885002)
 
     Atom 29  C   pos: (  0.084952  0.334504  0.676255)  Total sigma:          15.49
            75.2277         81.8613         39.6741
            81.4277         19.5288        -30.4734
            47.1414        -42.6335        -48.2794

     C   29    anisotropy:    179.01    eta:   -0.9226
     C   29    sigma_11=     10.88    axis=( -0.367976  0.645742 -0.669037)
     C   29    sigma_22=    -99.23    axis=( -0.427713  0.521333  0.738426)
     C   29    sigma_33=    134.83    axis=( -0.825624 -0.557879 -0.084354)
 
     Atom 30  C   pos: (  0.435459  0.692385  1.299641)  Total sigma:          15.49
            75.2277        -81.8613         39.6741
           -81.4277         19.5288         30.4734
            47.1414         42.6335        -48.2794

     C   30    anisotropy:    179.01    eta:   -0.9226
     C   30    sigma_11=     10.88    axis=(  0.367976  0.645742  0.669037)
     C   30    sigma_22=    -99.23    axis=( -0.427713 -0.521333  0.738426)
     C   30    sigma_33=    134.83    axis=( -0.825624  0.557879 -0.084354)
 
     Atom 31  C   pos: (  0.595322  0.381258  0.641009)  Total sigma:          15.49
            75.2277         81.8613         39.6741
            81.4277         19.5288        -30.4734
            47.1414        -42.6335        -48.2794

     C   31    anisotropy:    179.01    eta:   -0.9226
     C   31    sigma_11=     10.88    axis=( -0.367976  0.645742 -0.669037)
     C   31    sigma_22=    -99.23    axis=( -0.427713  0.521333  0.738426)
     C   31    sigma_33=    134.83    axis=( -0.825624 -0.557879 -0.084354)
 
     Atom 32  C   pos: (  0.244815  0.023377  0.017623)  Total sigma:          15.49
            75.2277        -81.8613         39.6741
           -81.4277         19.5288         30.4734
            47.1414         42.6335        -48.2794

     C   32    anisotropy:    179.01    eta:   -0.9226
     C   32    sigma_11=     10.88    axis=(  0.367976  0.645742  0.669037)
     C   32    sigma_22=    -99.23    axis=( -0.427713 -0.521333  0.738426)
     C   32    sigma_33=    134.83    axis=( -0.825624  0.557879 -0.084354)
 
     Atom 33  H   pos: (  0.057026  0.356088  0.812020)  Total sigma:          22.98
            21.8675         -2.2469          0.3464
            -1.2824         22.9172         -2.0722
             1.0841         -2.5351         24.1659

     H   33    anisotropy:      5.32    eta:   -0.5153
     H   33    sigma_11=     22.12    axis=( -0.677238  0.358913  0.642285)
     H   33    sigma_22=     20.30    axis=(  0.651067  0.698962  0.295912)
     H   33    sigma_33=     26.53    axis=(  0.342726 -0.618574  0.707040)
 
     Atom 34  H   pos: (  0.463384 -0.001793  1.163876)  Total sigma:          22.98
            21.8675          2.2469          0.3464
             1.2824         22.9172          2.0722
             1.0841          2.5351         24.1659

     H   34    anisotropy:      5.32    eta:   -0.5153
     H   34    sigma_11=     22.12    axis=(  0.677238  0.358913 -0.642285)
     H   34    sigma_22=     20.30    axis=(  0.651067 -0.698962  0.295912)
     H   34    sigma_33=     26.53    axis=(  0.342726  0.618574  0.707040)
 
     Atom 35  H   pos: (  0.623247  0.359674  0.505244)  Total sigma:          22.98
            21.8675         -2.2469          0.3464
            -1.2824         22.9172         -2.0722
             1.0841         -2.5351         24.1659

     H   35    anisotropy:      5.32    eta:   -0.5153
     H   35    sigma_11=     22.12    axis=( -0.677238  0.358913  0.642285)
     H   35    sigma_22=     20.30    axis=(  0.651067  0.698962  0.295912)
     H   35    sigma_33=     26.53    axis=(  0.342726 -0.618574  0.707040)
 
     Atom 36  H   pos: (  0.216890  0.717555  0.153388)  Total sigma:          22.98
            21.8675          2.2469          0.3464
             1.2824         22.9172          2.0722
             1.0841          2.5351         24.1659

     H   36    anisotropy:      5.32    eta:   -0.5153
     H   36    sigma_11=     22.12    axis=(  0.677238  0.358913 -0.642285)
     H   36    sigma_22=     20.30    axis=(  0.651067 -0.698962  0.295912)
     H   36    sigma_33=     26.53    axis=(  0.342726  0.618574  0.707040)
 
     Atom 37  O   pos: (  0.342767  0.040861  0.439204)  Total sigma:           9.52
            86.7499        175.1977         20.2099
           161.5014         30.1284         24.2800
            16.1936         36.4895        -88.3083

     O   37    anisotropy:    334.70    eta:   -0.1372
     O   37    sigma_11=    -86.74    axis=(  0.336454 -0.248515 -0.908316)
     O   37    sigma_22=   -117.35    axis=(  0.559973 -0.722692  0.405151)
     O   37    sigma_33=    232.66    axis=(  0.757119  0.644947  0.103991)
 
     Atom 38  O   pos: (  0.497369  0.398742  0.219427)  Total sigma:           9.52
            86.7499       -175.1977         20.2099
          -161.5014         30.1284        -24.2800
            16.1936        -36.4895        -88.3083

     O   38    anisotropy:    334.70    eta:   -0.1372
     O   38    sigma_11=    -86.74    axis=( -0.336454 -0.248515  0.908316)
     O   38    sigma_22=   -117.35    axis=(  0.559973  0.722692  0.405151)
     O   38    sigma_33=    232.66    axis=(  0.757119 -0.644947  0.103991)
 
     Atom 39  O   pos: (  0.337506  0.674902  0.878059)  Total sigma:           9.52
            86.7499        175.1977         20.2099
           161.5014         30.1284         24.2800
            16.1936         36.4895        -88.3083

     O   39    anisotropy:    334.70    eta:   -0.1372
     O   39    sigma_11=    -86.74    axis=(  0.336454 -0.248515 -0.908316)
     O   39    sigma_22=   -117.35    axis=(  0.559973 -0.722692  0.405151)
     O   39    sigma_33=    232.66    axis=(  0.757119  0.644947  0.103991)
 
     Atom 40  O   pos: (  0.182904  0.317020  1.097836)  Total sigma:           9.52
            86.7499       -175.1977         20.2099
          -161.5014         30.1284        -24.2800
            16.1936        -36.4895        -88.3083

     O   40    anisotropy:    334.70    eta:   -0.1372
     O   40    sigma_11=    -86.74    axis=( -0.336454 -0.248515  0.908316)
     O   40    sigma_22=   -117.35    axis=(  0.559973  0.722692  0.405151)
     O   40    sigma_33=    232.66    axis=(  0.757119 -0.644947  0.103991)
 
     Atom 41  O   pos: (  0.012605  0.468942  0.241611)  Total sigma:         -66.92
            57.5574        236.2617        -45.6508
           224.8298        -58.4017         55.9576
           -20.6052         37.4420       -199.9214

     O   41    anisotropy:    456.36    eta:   -0.3964
     O   41    sigma_11=   -158.74    axis=( -0.363542  0.457665  0.811406)
     O   41    sigma_22=   -279.35    axis=(  0.496603 -0.641718  0.584452)
     O   41    sigma_33=    237.32    axis=( -0.788177 -0.615419 -0.006013)
 
     Atom 42  O   pos: (  0.827532  0.111061  0.417021)  Total sigma:         -66.92
            57.5574       -236.2617        -45.6508
          -224.8298        -58.4017        -55.9576
           -20.6052        -37.4420       -199.9214

     O   42    anisotropy:    456.36    eta:   -0.3964
     O   42    sigma_11=   -158.74    axis=( -0.363542 -0.457665  0.811406)
     O   42    sigma_22=   -279.35    axis=( -0.496603 -0.641718 -0.584452)
     O   42    sigma_33=    237.32    axis=( -0.788177  0.615419 -0.006013)
 
     Atom 43  O   pos: (  0.667669  0.246820  1.075652)  Total sigma:         -66.92
            57.5574        236.2617        -45.6508
           224.8298        -58.4017         55.9576
           -20.6052         37.4420       -199.9214

     O   43    anisotropy:    456.36    eta:   -0.3964
     O   43    sigma_11=   -158.74    axis=( -0.363542  0.457665  0.811406)
     O   43    sigma_22=   -279.35    axis=(  0.496603 -0.641718  0.584452)
     O   43    sigma_33=    237.32    axis=( -0.788177 -0.615419 -0.006013)
 
     Atom 44  O   pos: ( -0.147258  0.604701  0.900243)  Total sigma:         -66.92
            57.5574       -236.2617        -45.6508
          -224.8298        -58.4017        -55.9576
           -20.6052        -37.4420       -199.9214

     O   44    anisotropy:    456.36    eta:   -0.3964
     O   44    sigma_11=   -158.74    axis=( -0.363542 -0.457665  0.811406)
     O   44    sigma_22=   -279.35    axis=( -0.496603 -0.641718 -0.584452)
     O   44    sigma_33=    237.32    axis=( -0.788177  0.615419 -0.006013)
 
     Initialization:
     gipaw_setup  :      0.32s CPU      0.34s WALL (       1 calls)
 
     Linear response
     greenf       :  11126.25s CPU  11384.64s WALL (     288 calls)
     cgsolve      :  11059.31s CPU  11317.54s WALL (     288 calls)
     ch_psi       :  10907.27s CPU  11165.25s WALL (   18353 calls)
     h_psiq       :   8196.70s CPU   8448.93s WALL (   18353 calls)
 
     Apply operators
     h_psi        :   7103.06s CPU   7385.02s WALL (   25206 calls)
     apply_vel    :    150.37s CPU    150.67s WALL (     252 calls)
 
     Induced current
     j_para       :    466.49s CPU    485.28s WALL (     324 calls)
     biot_savart  :      0.04s CPU      0.05s WALL (       1 calls)
 
     Other routines
 
     General routines
     calbec       :   3161.94s CPU   3174.25s WALL (   64348 calls)
     fft          :      0.12s CPU      0.15s WALL (      32 calls)
     fftw         :   4805.82s CPU   5092.12s WALL ( 3828650 calls)
     davcio       :      0.05s CPU      1.19s WALL (     192 calls)
 
     Parallel routines
     fft_scatter  :   1172.90s CPU   1321.29s WALL ( 3828682 calls)
 
     Plugins
 
     GIPAW        :  13669.00s CPU  13996.84s WALL (       1 calls)
