
     Program QE v.6.1 (svn rev. 13369) starts on 21Dec2017 at 13:50: 9 

     This program is part of the open-source Quantum ESPRESSO suite
     for quantum simulation of materials; please cite
         "P. Giannozzi et al., J. Phys.:Condens. Matter 21 395502 (2009);
          URL http://www.quantum-espresso.org", 
     in publications or presentations arising from this work. More details at
     http://www.quantum-espresso.org/quote

     Parallel version (MPI), running on     8 processors
     R & G space division:  proc/nbgrp/npool/nimage =       8
 
     ***** This is GIPAW svn revision unknown      *****
 
     Parallelizing q-star over 1 images
     Message from routine gipaw_readin:
     *** iverbosity is obsolete, use verbosity instead ***

     Reading data from directory:
     /scratch/paruzzo/QEspresso/CCDC/SEGCOW/wfc/scf.save

   Info: using nr1, nr2, nr3 values from input

   Info: using nr1, nr2, nr3 values from input

     IMPORTANT: XC functional enforced from input :
     Exchange-correlation      =  SLA  PW   PBX  PBC ( 1  4  3  4 0 0)
     Any further DFT definition will be discarded
     Please, verify this is what you really want

               file C.pbe-n-kjpaw_psl.0.1.UPF: wavefunction(s)  2P renormalized
               file N.pbe-n-kjpaw_psl.0.1.UPF: wavefunction(s)  2P renormalized
               file H.pbe-kjpaw_psl.0.1.UPF: wavefunction(s)  1S renormalized
               file O.pbe-n-kjpaw_psl.0.1.UPF: wavefunction(s)  2P renormalized
 
     Parallelization info
     --------------------
     sticks:   dense  smooth     PW     G-vecs:    dense   smooth      PW
     Min         597     597    158                39588    39588    5412
     Max         598     598    159                39593    39593    5415
     Sum        4781    4781   1271               316723   316723   43309
 

     Check: negative/imaginary core charge=   -0.000002    0.000000

     Subspace diagonalization in iterative solution of the eigenvalue problem:
     a serial algorithm will be used

     GIPAW projectors -----------------------------------------------
     atom=  C    l=0  rc=    1.3000  rs=    0.8667
     atom=  C    l=0  rc=    1.3000  rs=    0.8667
     atom=  C    l=1  rc=    1.4500  rs=    0.9667
     atom=  C    l=1  rc=    1.4500  rs=    0.9667
     projs nearly linearly dependent: l=0  n1,n2= 1, 2  s=  0.99877758
     projs nearly linearly dependent: l=1  n1,n2= 1, 2  s=  0.99940894
 
     atom=  N    l=0  rc=    1.3000  rs=    0.8667
     atom=  N    l=0  rc=    1.3000  rs=    0.8667
     atom=  N    l=1  rc=    1.4500  rs=    0.9667
     atom=  N    l=1  rc=    1.4500  rs=    0.9667
     projs nearly linearly dependent: l=0  n1,n2= 1, 2  s=  0.99709514
     projs nearly linearly dependent: l=1  n1,n2= 1, 2  s=  0.99857174
 
     atom=  H    l=0  rc=    1.0000  rs=    0.6667
     atom=  H    l=0  rc=    1.0000  rs=    0.6667
     projs nearly linearly dependent: l=0  n1,n2= 1, 2  s=  0.99968852
 
     atom=  O    l=0  rc=    1.3500  rs=    0.9000
     atom=  O    l=0  rc=    1.3500  rs=    0.9000
     atom=  O    l=1  rc=    1.3500  rs=    0.9000
     atom=  O    l=1  rc=    1.3500  rs=    0.9000
     projs nearly linearly dependent: l=0  n1,n2= 1, 2  s=  0.99100135
     projs nearly linearly dependent: l=1  n1,n2= 1, 2  s=  0.99790100
     -----------------------------------------------------------------
 
     alpha_pv=     42.3727 eV
 
     q-space interpolation up to   110.00 Rydberg
 
     GIPAW job: nmr                                                                             
     NMR macroscopic correction: yes
             0.6667          0.0000          0.0000
             0.0000          0.6667          0.0000
             0.0000          0.0000          0.6667

 
     Largest allocated arrays     est. size (Mb)     dimensions
        KS wavefunctions at k           5.06 Mb     (    4951,   67)
        KS wavefunctions at k+q         5.06 Mb     (    4951,   67)
        First-order wavefunctions      50.62 Mb     (    4951,   67, 10)
        First-order wavefunct (US)     30.37 Mb     (    4951,   67,  6)
        Charge/spin density             0.64 Mb     (   84240,    1)
        Induced current                 5.78 Mb     (   84240,    3,3,1)
        Induced magnetic field          5.78 Mb     (   84240,    3,3,1)
        NL pseudopotentials            15.41 Mb     (    4951,  204)
        GIPAW NL terms                 15.41 Mb     (    4951,  204)
 
     Computing the magnetic susceptibility     isolve=0    ethr=  0.1000E-13
     k-point #    1 of    14      pool #  1    cpu time:       6.9
     Rotating WFCS
     Rotating WFCS
     c_bands:  1 eigenvalues not converged
     Rotating WFCS
     c_bands:  1 eigenvalues not converged
     Rotating WFCS
     c_bands:  1 eigenvalues not converged
     Rotating WFCS
     c_bands:  1 eigenvalues not converged
     Rotating WFCS
     Rotating WFCS
     k-point #    2 of    14      pool #  1    cpu time:     490.7
     Rotating WFCS
     c_bands:  1 eigenvalues not converged
     Rotating WFCS
     c_bands:  2 eigenvalues not converged
     Rotating WFCS
     c_bands:  2 eigenvalues not converged
     Rotating WFCS
     c_bands:  2 eigenvalues not converged
     Rotating WFCS
     c_bands:  2 eigenvalues not converged
     Rotating WFCS
     c_bands:  1 eigenvalues not converged
     Rotating WFCS
     c_bands:  1 eigenvalues not converged
     k-point #    3 of    14      pool #  1    cpu time:     988.6
     Rotating WFCS
     Rotating WFCS
     Rotating WFCS
     c_bands:  1 eigenvalues not converged
     Rotating WFCS
     c_bands:  1 eigenvalues not converged
     Rotating WFCS
     c_bands:  1 eigenvalues not converged
     Rotating WFCS
     Rotating WFCS
     k-point #    4 of    14      pool #  1    cpu time:    1476.9
     Rotating WFCS
     c_bands:  1 eigenvalues not converged
     Rotating WFCS
     c_bands:  2 eigenvalues not converged
     Rotating WFCS
     c_bands:  1 eigenvalues not converged
     Rotating WFCS
     c_bands:  2 eigenvalues not converged
     Rotating WFCS
     c_bands:  1 eigenvalues not converged
     Rotating WFCS
     c_bands:  1 eigenvalues not converged
     Rotating WFCS
     c_bands:  1 eigenvalues not converged
     k-point #    5 of    14      pool #  1    cpu time:    1975.6
     Rotating WFCS
     Rotating WFCS
     Rotating WFCS
     Rotating WFCS
     c_bands:  1 eigenvalues not converged
     Rotating WFCS
     c_bands:  1 eigenvalues not converged
     Rotating WFCS
     c_bands:  1 eigenvalues not converged
     Rotating WFCS
     c_bands:  1 eigenvalues not converged
     k-point #    6 of    14      pool #  1    cpu time:    2469.5
     Rotating WFCS
     Rotating WFCS
     c_bands:  1 eigenvalues not converged
     Rotating WFCS
     c_bands:  1 eigenvalues not converged
     Rotating WFCS
     c_bands:  1 eigenvalues not converged
     Rotating WFCS
     Rotating WFCS
     Rotating WFCS
     k-point #    7 of    14      pool #  1    cpu time:    2964.3
     Rotating WFCS
     Rotating WFCS
     Rotating WFCS
     Rotating WFCS
     Rotating WFCS
     Rotating WFCS
     Rotating WFCS
     k-point #    8 of    14      pool #  1    cpu time:    3449.9
     Rotating WFCS
     Rotating WFCS
     Rotating WFCS
     Rotating WFCS
     c_bands:  1 eigenvalues not converged
     Rotating WFCS
     c_bands:  1 eigenvalues not converged
     Rotating WFCS
     c_bands:  1 eigenvalues not converged
     Rotating WFCS
     c_bands:  1 eigenvalues not converged
     k-point #    9 of    14      pool #  1    cpu time:    3943.6
     Rotating WFCS
     c_bands:  1 eigenvalues not converged
     Rotating WFCS
     c_bands:  1 eigenvalues not converged
     Rotating WFCS
     c_bands:  1 eigenvalues not converged
     Rotating WFCS
     c_bands:  1 eigenvalues not converged
     Rotating WFCS
     c_bands:  1 eigenvalues not converged
     Rotating WFCS
     c_bands:  1 eigenvalues not converged
     Rotating WFCS
     c_bands:  1 eigenvalues not converged
     k-point #   10 of    14      pool #  1    cpu time:    4437.1
     Rotating WFCS
     Rotating WFCS
     Rotating WFCS
     Rotating WFCS
     Rotating WFCS
     Rotating WFCS
     Rotating WFCS
     k-point #   11 of    14      pool #  1    cpu time:    4915.4
     Rotating WFCS
     c_bands:  1 eigenvalues not converged
     Rotating WFCS
     c_bands:  1 eigenvalues not converged
     Rotating WFCS
     c_bands:  1 eigenvalues not converged
     Rotating WFCS
     c_bands:  1 eigenvalues not converged
     Rotating WFCS
     c_bands:  1 eigenvalues not converged
     Rotating WFCS
     c_bands:  1 eigenvalues not converged
     Rotating WFCS
     c_bands:  1 eigenvalues not converged
     k-point #   12 of    14      pool #  1    cpu time:    5412.1
     Rotating WFCS
     c_bands:  1 eigenvalues not converged
     Rotating WFCS
     c_bands:  1 eigenvalues not converged
     Rotating WFCS
     c_bands:  1 eigenvalues not converged
     Rotating WFCS
     c_bands:  1 eigenvalues not converged
     Rotating WFCS
     c_bands:  1 eigenvalues not converged
     Rotating WFCS
     c_bands:  1 eigenvalues not converged
     Rotating WFCS
     c_bands:  1 eigenvalues not converged
     k-point #   13 of    14      pool #  1    cpu time:    5908.6
     Rotating WFCS
     Rotating WFCS
     Rotating WFCS
     Rotating WFCS
     Rotating WFCS
     Rotating WFCS
     Rotating WFCS
     k-point #   14 of    14      pool #  1    cpu time:    6393.3
     Rotating WFCS
     Rotating WFCS
     Rotating WFCS
     Rotating WFCS
     Rotating WFCS
     Rotating WFCS
     Rotating WFCS
     End of magnetic susceptibility calculation
 
     f-sum rule (1st term):
          -108.8754          0.0713         -0.0159
             0.0712       -108.8383         -0.0318
            -0.0154         -0.0312       -108.8758

     f-sum rule (2nd term):
            -1.3225         -0.0711          0.0159
            -0.0710         -1.3591          0.0318
             0.0153          0.0313         -1.3217

     f-sum rule (should be  -110.1974):
          -110.1978          0.0002         -0.0001
             0.0002       -110.1974          0.0000
            -0.0001          0.0000       -110.1975

     chi_bare pGv (HH) in paratec units:
       -39.885812      8.409093      1.716570
         8.566609    -38.632419     -2.440045
         1.750405     -2.324140    -32.301569

       -39.885812      8.409093      1.716570
         8.566609    -38.632419     -2.440045
         1.750405     -2.324140    -32.301569

     chi_bare vGv (VV) in paratec units:
       -39.601769     10.031851      2.255602
        10.036981    -38.262086     -2.987642
         2.260800     -3.005005    -31.253495

       -39.601769     10.031851      2.255602
        10.036981    -38.262086     -2.987642
         2.260800     -3.005005    -31.253495

     chi_bare pGv (HH) in 10^{-6} cm^3/mol:
          -189.5411         39.9608          8.1573
            40.7093       -183.5849        -11.5953
             8.3181        -11.0445       -153.5001

     chi_bare vGv (VV) in 10^{-6} cm^3/mol:
          -188.1913         47.6723         10.7188
            47.6967       -181.8250        -14.1976
            10.7435        -14.2801       -148.5196

     Contributions to the NMR chemical shifts: -------------------------------
 
     Macroscopic shape contribution in ppm:                    7.03
             7.5876          0.0000          0.0000
             0.0000          7.3492          0.0000
             0.0000          0.0000          6.1448

 
     Core contribution in ppm:
 
     Atom  1  N   pos: ( -0.052178  0.294443  0.877687)  core sigma:         235.78
     Atom  2  N   pos: (  0.774138  0.822947  0.537882)  core sigma:         235.78
     Atom  3  N   pos: ( -0.005533  0.270671  1.104497)  core sigma:         235.78
     Atom  4  N   pos: (  0.727493  0.846719  0.311072)  core sigma:         235.78
     Atom  5  N   pos: (  0.864484  0.106523  1.192735)  core sigma:         235.78
     Atom  6  N   pos: ( -0.142525  1.010867  0.222834)  core sigma:         235.78
     Atom  7  N   pos: (  0.728564  0.019976  1.025127)  core sigma:         235.78
     Atom  8  N   pos: ( -0.006605  1.097414  0.390443)  core sigma:         235.78
     Atom  9  N   pos: (  0.374667  0.268530  0.337728)  core sigma:         235.78
     Atom 10  N   pos: (  0.347292  0.848860  1.077841)  core sigma:         235.78
     Atom 11  C   pos: (  0.677260  0.107215  0.602023)  core sigma:         200.51
     Atom 12  C   pos: (  0.044700  1.010175  0.813546)  core sigma:         200.51
     Atom 13  C   pos: (  0.502324  0.298316  0.559033)  core sigma:         200.51
     Atom 14  C   pos: (  0.219636  0.819074  0.856536)  core sigma:         200.51
     Atom 15  C   pos: (  0.528337  0.276663  0.132655)  core sigma:         200.51
     Atom 16  C   pos: (  0.193622  0.840727  1.282914)  core sigma:         200.51
     Atom 17  C   pos: (  0.195479  0.451800  0.317161)  core sigma:         200.51
     Atom 18  C   pos: (  0.526481  0.665590  1.098408)  core sigma:         200.51
     Atom 19  C   pos: (  0.784239  0.138705  0.833463)  core sigma:         200.51
     Atom 20  C   pos: ( -0.062279  0.978685  0.582106)  core sigma:         200.51
     Atom 21  H   pos: (  0.813107  0.110486  0.471270)  core sigma:           0.00
     Atom 22  H   pos: ( -0.091148  1.006904  0.944299)  core sigma:           0.00
     Atom 23  H   pos: (  0.593953 -0.061733  0.591277)  core sigma:           0.00
     Atom 24  H   pos: (  0.128007  1.179124  0.824292)  core sigma:           0.00
     Atom 25  H   pos: (  0.586707  0.467746  0.554963)  core sigma:           0.00
     Atom 26  H   pos: (  0.135253  0.649644  0.860606)  core sigma:           0.00
     Atom 27  H   pos: (  0.369798  0.298969  0.694077)  core sigma:           0.00
     Atom 28  H   pos: (  0.352162  0.818421  0.721492)  core sigma:           0.00
     Atom 29  H   pos: (  0.298776  0.136856  1.394017)  core sigma:           0.00
     Atom 30  H   pos: (  0.423184  0.980534  0.021552)  core sigma:           0.00
     Atom 31  H   pos: (  0.621135  0.441354  0.136216)  core sigma:           0.00
     Atom 32  H   pos: (  0.100824  0.676036  1.279353)  core sigma:           0.00
     Atom 33  H   pos: (  0.650326  0.133520  0.135893)  core sigma:           0.00
     Atom 34  H   pos: (  0.071634  0.983870  1.279677)  core sigma:           0.00
     Atom 35  H   pos: (  0.092953  0.417768  0.162858)  core sigma:           0.00
     Atom 36  H   pos: (  0.629007  0.699622  1.252711)  core sigma:           0.00
     Atom 37  H   pos: (  0.087596  0.449230  0.471578)  core sigma:           0.00
     Atom 38  H   pos: (  0.634363  0.668160  0.943991)  core sigma:           0.00
     Atom 39  H   pos: (  0.285119  0.617385  0.301762)  core sigma:           0.00
     Atom 40  H   pos: (  0.436841  0.500005  1.113807)  core sigma:           0.00
     Atom 41  H   pos: (  0.289259  0.102330  0.347139)  core sigma:           0.00
     Atom 42  H   pos: (  0.432700  1.015060  1.068430)  core sigma:           0.00
 
     Bare contribution in ppm:
 
     Atom  1  N   pos: ( -0.052178  0.294443  0.877687)  bare sigma:         -66.23
           -45.0499        -61.5107        -32.2804
           -59.7929        -43.3910         15.9832
           -25.6465         17.2772       -110.2557

     Atom  2  N   pos: (  0.774138  0.822947  0.537882)  bare sigma:         -66.23
           -45.0499        -61.5107        -32.2804
           -59.7929        -43.3910         15.9832
           -25.6465         17.2772       -110.2557

     Atom  3  N   pos: ( -0.005533  0.270671  1.104497)  bare sigma:         -89.78
           -58.4942        -56.5398        -21.3982
           -57.5061        -64.6762         26.8939
           -12.6672         35.2011       -146.1737

     Atom  4  N   pos: (  0.727493  0.846719  0.311072)  bare sigma:         -89.78
           -58.4942        -56.5398        -21.3982
           -57.5061        -64.6762         26.8939
           -12.6672         35.2011       -146.1737

     Atom  5  N   pos: (  0.864484  0.106523  1.192735)  bare sigma:         -88.79
           -77.2977        -76.8572        -28.2870
           -70.7879        -73.5816         13.0682
           -40.7090         -1.0484       -115.4980

     Atom  6  N   pos: ( -0.142525  1.010867  0.222834)  bare sigma:         -88.79
           -77.2977        -76.8572        -28.2870
           -70.7879        -73.5816         13.0682
           -40.7090         -1.0484       -115.4980

     Atom  7  N   pos: (  0.728564  0.019976  1.025127)  bare sigma:         -58.59
           -40.6453        -53.5250        -18.4004
           -50.7449        -43.3133         21.1838
           -19.7816         15.5342        -91.8130

     Atom  8  N   pos: ( -0.006605  1.097414  0.390443)  bare sigma:         -58.59
           -40.6453        -53.5250        -18.4004
           -50.7449        -43.3133         21.1838
           -19.7816         15.5342        -91.8130

     Atom  9  N   pos: (  0.374667  0.268530  0.337728)  bare sigma:          34.03
            35.0940         -1.9862          2.9299
             0.6772         28.7609         -2.1651
             4.0417         -1.5121         38.2477

     Atom 10  N   pos: (  0.347292  0.848860  1.077841)  bare sigma:          34.03
            35.0940         -1.9862          2.9299
             0.6772         28.7609         -2.1651
             4.0417         -1.5121         38.2477

     Atom 11  C   pos: (  0.677260  0.107215  0.602023)  bare sigma:           2.15
             0.4661         -3.7131          7.7847
            -4.1593          0.3963         -0.2761
             8.7837          1.5294          5.5788

     Atom 12  C   pos: (  0.044700  1.010175  0.813546)  bare sigma:           2.15
             0.4661         -3.7131          7.7847
            -4.1593          0.3963         -0.2761
             8.7837          1.5294          5.5788

     Atom 13  C   pos: (  0.502324  0.298316  0.559033)  bare sigma:         -16.34
           -20.7968         -2.6940         20.9914
            -4.7736        -26.8113         -1.4874
            15.8629          2.3433         -1.4227

     Atom 14  C   pos: (  0.219636  0.819074  0.856536)  bare sigma:         -16.34
           -20.7968         -2.6940         20.9914
            -4.7736        -26.8113         -1.4874
            15.8629          2.3433         -1.4227

     Atom 15  C   pos: (  0.528337  0.276663  0.132655)  bare sigma:          -7.26
            -7.8154          3.2431        -16.7037
             4.7423        -19.2419         -0.8872
           -17.0685         -0.4127          5.2770

     Atom 16  C   pos: (  0.193622  0.840727  1.282914)  bare sigma:          -7.26
            -7.8154          3.2431        -16.7037
             4.7423        -19.2419         -0.8872
           -17.0685         -0.4127          5.2770

     Atom 17  C   pos: (  0.195479  0.451800  0.317161)  bare sigma:          -8.00
            -1.1557        -19.9499          1.8502
           -20.9857         -5.6220         -2.8061
             2.0343         -2.0882        -17.2253

     Atom 18  C   pos: (  0.526481  0.665590  1.098408)  bare sigma:          -8.00
            -1.1557        -19.9499          1.8502
           -20.9857         -5.6220         -2.8061
             2.0343         -2.0882        -17.2253

     Atom 19  C   pos: (  0.784239  0.138705  0.833463)  bare sigma:         -68.53
           -53.7026        -25.8314        -20.9436
           -26.8290        -51.0666          1.6841
           -17.6399          5.9015       -100.8338

     Atom 20  C   pos: ( -0.062279  0.978685  0.582106)  bare sigma:         -68.53
           -53.7026        -25.8314        -20.9436
           -26.8290        -51.0666          1.6841
           -17.6399          5.9015       -100.8338

     Atom 21  H   pos: (  0.813107  0.110486  0.471270)  bare sigma:          20.54
            22.5811         -3.4151         -3.1998
            -0.4572         18.9123          1.3825
            -1.5801          0.2196         20.1318

     Atom 22  H   pos: ( -0.091148  1.006904  0.944299)  bare sigma:          20.54
            22.5811         -3.4151         -3.1998
            -0.4572         18.9123          1.3825
            -1.5801          0.2196         20.1318

     Atom 23  H   pos: (  0.593953 -0.061733  0.591277)  bare sigma:          20.25
            19.6860          3.2626         -0.3771
             1.6358         22.7598         -1.0374
             0.4499         -1.6487         18.3048

     Atom 24  H   pos: (  0.128007  1.179124  0.824292)  bare sigma:          20.25
            19.6860          3.2626         -0.3771
             1.6358         22.7598         -1.0374
             0.4499         -1.6487         18.3048

     Atom 25  H   pos: (  0.586707  0.467746  0.554963)  bare sigma:          18.03
            15.3613          4.0779          3.6239
             4.6261         21.5051         -1.4669
             3.6567          2.2535         17.2302

     Atom 26  H   pos: (  0.135253  0.649644  0.860606)  bare sigma:          18.03
            15.3613          4.0779          3.6239
             4.6261         21.5051         -1.4669
             3.6567          2.2535         17.2302

     Atom 27  H   pos: (  0.369798  0.298969  0.694077)  bare sigma:          19.17
            19.2405          1.6293         -0.0788
            -1.0058         15.0807         -0.5200
            -1.8256         -0.0967         23.1915

     Atom 28  H   pos: (  0.352162  0.818421  0.721492)  bare sigma:          19.17
            19.2405          1.6293         -0.0788
            -1.0058         15.0807         -0.5200
            -1.8256         -0.0967         23.1915

     Atom 29  H   pos: (  0.298776  0.136856  1.394017)  bare sigma:          19.47
            17.2641          4.0341          2.4542
             1.7668         15.1737         -0.2826
             1.7504         -0.4292         25.9697

     Atom 30  H   pos: (  0.423184  0.980534  0.021552)  bare sigma:          19.47
            17.2641          4.0341          2.4542
             1.7668         15.1737         -0.2826
             1.7504         -0.4292         25.9697

     Atom 31  H   pos: (  0.621135  0.441354  0.136216)  bare sigma:          20.29
            18.6363          5.9483         -2.1254
             6.3144         21.1862         -1.4995
            -1.6402         -3.1710         21.0472

     Atom 32  H   pos: (  0.100824  0.676036  1.279353)  bare sigma:          20.29
            18.6363          5.9483         -2.1254
             6.3144         21.1862         -1.4995
            -1.6402         -3.1710         21.0472

     Atom 33  H   pos: (  0.650326  0.133520  0.135893)  bare sigma:          19.73
            20.0272         -1.0194          0.0675
            -0.9230         18.1529          1.1215
            -2.6635          1.4501         21.0182

     Atom 34  H   pos: (  0.071634  0.983870  1.279677)  bare sigma:          19.73
            20.0272         -1.0194          0.0675
            -0.9230         18.1529          1.1215
            -2.6635          1.4501         21.0182

     Atom 35  H   pos: (  0.092953  0.417768  0.162858)  bare sigma:          19.54
            20.1363          0.7420          3.9366
             2.2497         16.9251         -0.7759
             4.4800         -0.6790         21.5498

     Atom 36  H   pos: (  0.629007  0.699622  1.252711)  bare sigma:          19.54
            20.1363          0.7420          3.9366
             2.2497         16.9251         -0.7759
             4.4800         -0.6790         21.5498

     Atom 37  H   pos: (  0.087596  0.449230  0.471578)  bare sigma:          19.78
            21.0578         -1.6770         -3.3053
            -0.3624         18.3704          0.0997
            -2.2328          1.1733         19.9046

     Atom 38  H   pos: (  0.634363  0.668160  0.943991)  bare sigma:          19.78
            21.0578         -1.6770         -3.3053
            -0.3624         18.3704          0.0997
            -2.2328          1.1733         19.9046

     Atom 39  H   pos: (  0.285119  0.617385  0.301762)  bare sigma:          21.24
            18.7629          0.6121         -0.0782
            -0.0217         24.9450         -1.7814
            -0.2632         -1.6047         20.0107

     Atom 40  H   pos: (  0.436841  0.500005  1.113807)  bare sigma:          21.24
            18.7629          0.6121         -0.0782
            -0.0217         24.9450         -1.7814
            -0.2632         -1.6047         20.0107

     Atom 41  H   pos: (  0.289259  0.102330  0.347139)  bare sigma:           8.90
             4.6295         14.3375          1.6047
            16.1218         19.8579         -2.7973
             0.8318         -3.2543          2.2259

     Atom 42  H   pos: (  0.432700  1.015060  1.068430)  bare sigma:           8.90
             4.6295         14.3375          1.6047
            16.1218         19.8579         -2.7973
             0.8318         -3.2543          2.2259

     Diamagnetic contribution in ppm:
 
     Atom  1  N   pos: ( -0.052178  0.294443  0.877687)  dia sigma:           8.55
             8.5717         -0.2501          0.2529
            -0.2501          8.3779          0.2687
             0.2529          0.2687          8.7125

     Atom  2  N   pos: (  0.774138  0.822947  0.537882)  dia sigma:           8.55
             8.5717         -0.2501          0.2529
            -0.2501          8.3779          0.2687
             0.2529          0.2687          8.7125

     Atom  3  N   pos: ( -0.005533  0.270671  1.104497)  dia sigma:           8.06
             7.8964         -0.2449         -0.2784
            -0.2449          8.0559         -0.2977
            -0.2784         -0.2977          8.2418

     Atom  4  N   pos: (  0.727493  0.846719  0.311072)  dia sigma:           8.06
             7.8964         -0.2449         -0.2784
            -0.2449          8.0559         -0.2977
            -0.2784         -0.2977          8.2418

     Atom  5  N   pos: (  0.864484  0.106523  1.192735)  dia sigma:           8.03
             8.3225          0.1204          0.0727
             0.1204          8.2174          0.2783
             0.0727          0.2783          7.5651

     Atom  6  N   pos: ( -0.142525  1.010867  0.222834)  dia sigma:           8.03
             8.3225          0.1204          0.0727
             0.1204          8.2174          0.2783
             0.0727          0.2783          7.5651

     Atom  7  N   pos: (  0.728564  0.019976  1.025127)  dia sigma:           8.73
             8.6518         -0.2281          0.1860
            -0.2281          8.5421          0.1299
             0.1860          0.1299          9.0058

     Atom  8  N   pos: ( -0.006605  1.097414  0.390443)  dia sigma:           8.73
             8.6518         -0.2281          0.1860
            -0.2281          8.5421          0.1299
             0.1860          0.1299          9.0058

     Atom  9  N   pos: (  0.374667  0.268530  0.337728)  dia sigma:           9.51
             9.5542         -0.1528          0.0019
            -0.1528          9.3465          0.0033
             0.0019          0.0033          9.6421

     Atom 10  N   pos: (  0.347292  0.848860  1.077841)  dia sigma:           9.51
             9.5542         -0.1528          0.0019
            -0.1528          9.3465          0.0033
             0.0019          0.0033          9.6421

     Atom 11  C   pos: (  0.677260  0.107215  0.602023)  dia sigma:           4.40
             4.3883         -0.0414          0.0471
            -0.0414          4.3930          0.0038
             0.0471          0.0038          4.4146

     Atom 12  C   pos: (  0.044700  1.010175  0.813546)  dia sigma:           4.40
             4.3883         -0.0414          0.0471
            -0.0414          4.3930          0.0038
             0.0471          0.0038          4.4146

     Atom 13  C   pos: (  0.502324  0.298316  0.559033)  dia sigma:           4.24
             4.2061         -0.0251          0.1372
            -0.0251          4.1394          0.0389
             0.1372          0.0389          4.3627

     Atom 14  C   pos: (  0.219636  0.819074  0.856536)  dia sigma:           4.24
             4.2061         -0.0251          0.1372
            -0.0251          4.1394          0.0389
             0.1372          0.0389          4.3627

     Atom 15  C   pos: (  0.528337  0.276663  0.132655)  dia sigma:           4.32
             4.3191          0.0118         -0.1625
             0.0118          4.2089         -0.0177
            -0.1625         -0.0177          4.4217

     Atom 16  C   pos: (  0.193622  0.840727  1.282914)  dia sigma:           4.32
             4.3191          0.0118         -0.1625
             0.0118          4.2089         -0.0177
            -0.1625         -0.0177          4.4217

     Atom 17  C   pos: (  0.195479  0.451800  0.317161)  dia sigma:           4.31
             4.3609         -0.1664          0.0180
            -0.1664          4.3882         -0.0232
             0.0180         -0.0232          4.1882

     Atom 18  C   pos: (  0.526481  0.665590  1.098408)  dia sigma:           4.31
             4.3609         -0.1664          0.0180
            -0.1664          4.3882         -0.0232
             0.0180         -0.0232          4.1882

     Atom 19  C   pos: (  0.784239  0.138705  0.833463)  dia sigma:           4.23
             4.2462         -0.0494         -0.0476
            -0.0494          4.2553         -0.0019
            -0.0476         -0.0019          4.1808

     Atom 20  C   pos: ( -0.062279  0.978685  0.582106)  dia sigma:           4.23
             4.2462         -0.0494         -0.0476
            -0.0494          4.2553         -0.0019
            -0.0476         -0.0019          4.1808

     Atom 21  H   pos: (  0.813107  0.110486  0.471270)  dia sigma:           1.14
             1.1372         -0.0000         -0.0000
            -0.0000          1.1372          0.0000
            -0.0000          0.0000          1.1372

     Atom 22  H   pos: ( -0.091148  1.006904  0.944299)  dia sigma:           1.14
             1.1372         -0.0000         -0.0000
            -0.0000          1.1372          0.0000
            -0.0000          0.0000          1.1372

     Atom 23  H   pos: (  0.593953 -0.061733  0.591277)  dia sigma:           1.14
             1.1400         -0.0000         -0.0000
            -0.0000          1.1400          0.0000
            -0.0000          0.0000          1.1400

     Atom 24  H   pos: (  0.128007  1.179124  0.824292)  dia sigma:           1.14
             1.1400         -0.0000         -0.0000
            -0.0000          1.1400          0.0000
            -0.0000          0.0000          1.1400

     Atom 25  H   pos: (  0.586707  0.467746  0.554963)  dia sigma:           1.12
             1.1214         -0.0000         -0.0000
            -0.0000          1.1214          0.0000
            -0.0000          0.0000          1.1214

     Atom 26  H   pos: (  0.135253  0.649644  0.860606)  dia sigma:           1.12
             1.1214         -0.0000         -0.0000
            -0.0000          1.1214          0.0000
            -0.0000          0.0000          1.1214

     Atom 27  H   pos: (  0.369798  0.298969  0.694077)  dia sigma:           1.14
             1.1389         -0.0000         -0.0000
            -0.0000          1.1389          0.0000
            -0.0000          0.0000          1.1389

     Atom 28  H   pos: (  0.352162  0.818421  0.721492)  dia sigma:           1.14
             1.1389         -0.0000         -0.0000
            -0.0000          1.1389          0.0000
            -0.0000          0.0000          1.1389

     Atom 29  H   pos: (  0.298776  0.136856  1.394017)  dia sigma:           1.12
             1.1247         -0.0000         -0.0000
            -0.0000          1.1247          0.0000
            -0.0000          0.0000          1.1247

     Atom 30  H   pos: (  0.423184  0.980534  0.021552)  dia sigma:           1.12
             1.1247         -0.0000         -0.0000
            -0.0000          1.1247          0.0000
            -0.0000          0.0000          1.1247

     Atom 31  H   pos: (  0.621135  0.441354  0.136216)  dia sigma:           1.12
             1.1220         -0.0000         -0.0000
            -0.0000          1.1220          0.0000
            -0.0000          0.0000          1.1220

     Atom 32  H   pos: (  0.100824  0.676036  1.279353)  dia sigma:           1.12
             1.1220         -0.0000         -0.0000
            -0.0000          1.1220          0.0000
            -0.0000          0.0000          1.1220

     Atom 33  H   pos: (  0.650326  0.133520  0.135893)  dia sigma:           1.14
             1.1352         -0.0000         -0.0000
            -0.0000          1.1352          0.0000
            -0.0000          0.0000          1.1352

     Atom 34  H   pos: (  0.071634  0.983870  1.279677)  dia sigma:           1.14
             1.1352         -0.0000         -0.0000
            -0.0000          1.1352          0.0000
            -0.0000          0.0000          1.1352

     Atom 35  H   pos: (  0.092953  0.417768  0.162858)  dia sigma:           1.12
             1.1245         -0.0000         -0.0000
            -0.0000          1.1245          0.0000
            -0.0000          0.0000          1.1245

     Atom 36  H   pos: (  0.629007  0.699622  1.252711)  dia sigma:           1.12
             1.1245         -0.0000         -0.0000
            -0.0000          1.1245          0.0000
            -0.0000          0.0000          1.1245

     Atom 37  H   pos: (  0.087596  0.449230  0.471578)  dia sigma:           1.13
             1.1275         -0.0000         -0.0000
            -0.0000          1.1275          0.0000
            -0.0000          0.0000          1.1275

     Atom 38  H   pos: (  0.634363  0.668160  0.943991)  dia sigma:           1.13
             1.1275         -0.0000         -0.0000
            -0.0000          1.1275          0.0000
            -0.0000          0.0000          1.1275

     Atom 39  H   pos: (  0.285119  0.617385  0.301762)  dia sigma:           1.13
             1.1291         -0.0000         -0.0000
            -0.0000          1.1291          0.0000
            -0.0000          0.0000          1.1291

     Atom 40  H   pos: (  0.436841  0.500005  1.113807)  dia sigma:           1.13
             1.1291         -0.0000         -0.0000
            -0.0000          1.1291          0.0000
            -0.0000          0.0000          1.1291

     Atom 41  H   pos: (  0.289259  0.102330  0.347139)  dia sigma:           0.94
             0.9444         -0.0000         -0.0000
            -0.0000          0.9444          0.0000
            -0.0000          0.0000          0.9444

     Atom 42  H   pos: (  0.432700  1.015060  1.068430)  dia sigma:           0.94
             0.9444         -0.0000         -0.0000
            -0.0000          0.9444          0.0000
            -0.0000          0.0000          0.9444

     Paramagnetic contribution in ppm:
 
     Atom  1  N   pos: ( -0.052178  0.294443  0.877687)  para sigma:        -217.13
          -180.8275        -90.4094        -48.6210
           -88.1758       -180.7611         28.5119
           -38.4600         29.7495       -289.8065

     Atom  2  N   pos: (  0.774138  0.822947  0.537882)  para sigma:        -217.13
          -180.8275        -90.4094        -48.6210
           -88.1758       -180.7611         28.5119
           -38.4600         29.7495       -289.8065

     Atom  3  N   pos: ( -0.005533  0.270671  1.104497)  para sigma:        -255.09
          -202.9946        -85.4032        -31.9313
           -86.6502       -214.9236         43.7797
           -18.8437         57.6421       -347.3464

     Atom  4  N   pos: (  0.727493  0.846719  0.311072)  para sigma:        -255.09
          -202.9946        -85.4032        -31.9313
           -86.6502       -214.9236         43.7797
           -18.8437         57.6421       -347.3464

     Atom  5  N   pos: (  0.864484  0.106523  1.192735)  para sigma:        -253.35
          -238.1384       -121.8581        -47.0461
          -112.0631       -229.6839         15.4912
           -67.5233         -7.2230       -292.2170

     Atom  6  N   pos: ( -0.142525  1.010867  0.222834)  para sigma:        -253.35
          -238.1384       -121.8581        -47.0461
          -112.0631       -229.6839         15.4912
           -67.5233         -7.2230       -292.2170

     Atom  7  N   pos: (  0.728564  0.019976  1.025127)  para sigma:        -204.78
          -182.5168        -84.3612        -28.4622
           -79.1841       -185.1562         27.8553
           -31.6440         19.0115       -246.6736

     Atom  8  N   pos: ( -0.006605  1.097414  0.390443)  para sigma:        -204.78
          -182.5168        -84.3612        -28.4622
           -79.1841       -185.1562         27.8553
           -31.6440         19.0115       -246.6736

     Atom  9  N   pos: (  0.374667  0.268530  0.337728)  para sigma:         -45.85
           -44.0510         -2.7966          2.5510
             1.6757        -48.8446         -1.2984
             5.6416         -0.7816        -44.6419

     Atom 10  N   pos: (  0.347292  0.848860  1.077841)  para sigma:         -45.85
           -44.0510         -2.7966          2.5510
             1.6757        -48.8446         -1.2984
             5.6416         -0.7816        -44.6419

     Atom 11  C   pos: (  0.677260  0.107215  0.602023)  para sigma:         -50.20
           -52.1405         -2.0504          5.5390
            -2.8901        -51.5911          1.3066
             5.1810          3.5200        -46.8576

     Atom 12  C   pos: (  0.044700  1.010175  0.813546)  para sigma:         -50.20
           -52.1405         -2.0504          5.5390
            -2.8901        -51.5911          1.3066
             5.1810          3.5200        -46.8576

     Atom 13  C   pos: (  0.502324  0.298316  0.559033)  para sigma:         -69.25
           -72.8560         -1.3235         13.5126
            -3.0422        -76.2522          0.1635
             9.0238          2.6021        -58.6319

     Atom 14  C   pos: (  0.219636  0.819074  0.856536)  para sigma:         -69.25
           -72.8560         -1.3235         13.5126
            -3.0422        -76.2522          0.1635
             9.0238          2.6021        -58.6319

     Atom 15  C   pos: (  0.528337  0.276663  0.132655)  para sigma:         -62.20
           -61.8458          0.7337        -11.4291
             3.0554        -68.6376         -0.1721
           -11.0666          0.6844        -56.1299

     Atom 16  C   pos: (  0.193622  0.840727  1.282914)  para sigma:         -62.20
           -61.8458          0.7337        -11.4291
             3.0554        -68.6376         -0.1721
           -11.0666          0.6844        -56.1299

     Atom 17  C   pos: (  0.195479  0.451800  0.317161)  para sigma:         -63.45
           -58.2727        -13.9489          0.6672
           -15.9830        -62.5419         -1.3385
             0.7899         -0.9512        -69.5273

     Atom 18  C   pos: (  0.526481  0.665590  1.098408)  para sigma:         -63.45
           -58.2727        -13.9489          0.6672
           -15.9830        -62.5419         -1.3385
             0.7899         -0.9512        -69.5273

     Atom 19  C   pos: (  0.784239  0.138705  0.833463)  para sigma:        -120.85
          -107.4884        -16.4956        -20.8635
           -18.1259       -102.9136         -2.2269
           -18.8964          3.3715       -152.1443

     Atom 20  C   pos: ( -0.062279  0.978685  0.582106)  para sigma:        -120.85
          -107.4884        -16.4956        -20.8635
           -18.1259       -102.9136         -2.2269
           -18.8964          3.3715       -152.1443

     Atom 21  H   pos: (  0.813107  0.110486  0.471270)  para sigma:           0.00
             0.0000          0.0000          0.0000
             0.0000          0.0000          0.0000
             0.0000          0.0000          0.0000

     Atom 22  H   pos: ( -0.091148  1.006904  0.944299)  para sigma:           0.00
             0.0000          0.0000          0.0000
             0.0000          0.0000          0.0000
             0.0000          0.0000          0.0000

     Atom 23  H   pos: (  0.593953 -0.061733  0.591277)  para sigma:           0.00
             0.0000          0.0000          0.0000
             0.0000          0.0000          0.0000
             0.0000          0.0000          0.0000

     Atom 24  H   pos: (  0.128007  1.179124  0.824292)  para sigma:           0.00
             0.0000          0.0000          0.0000
             0.0000          0.0000          0.0000
             0.0000          0.0000          0.0000

     Atom 25  H   pos: (  0.586707  0.467746  0.554963)  para sigma:           0.00
             0.0000          0.0000          0.0000
             0.0000          0.0000          0.0000
             0.0000          0.0000          0.0000

     Atom 26  H   pos: (  0.135253  0.649644  0.860606)  para sigma:           0.00
             0.0000          0.0000          0.0000
             0.0000          0.0000          0.0000
             0.0000          0.0000          0.0000

     Atom 27  H   pos: (  0.369798  0.298969  0.694077)  para sigma:           0.00
             0.0000          0.0000          0.0000
             0.0000          0.0000          0.0000
             0.0000          0.0000          0.0000

     Atom 28  H   pos: (  0.352162  0.818421  0.721492)  para sigma:           0.00
             0.0000          0.0000          0.0000
             0.0000          0.0000          0.0000
             0.0000          0.0000          0.0000

     Atom 29  H   pos: (  0.298776  0.136856  1.394017)  para sigma:           0.00
             0.0000          0.0000          0.0000
             0.0000          0.0000          0.0000
             0.0000          0.0000          0.0000

     Atom 30  H   pos: (  0.423184  0.980534  0.021552)  para sigma:           0.00
             0.0000          0.0000          0.0000
             0.0000          0.0000          0.0000
             0.0000          0.0000          0.0000

     Atom 31  H   pos: (  0.621135  0.441354  0.136216)  para sigma:           0.00
             0.0000          0.0000          0.0000
             0.0000          0.0000          0.0000
             0.0000          0.0000          0.0000

     Atom 32  H   pos: (  0.100824  0.676036  1.279353)  para sigma:           0.00
             0.0000          0.0000          0.0000
             0.0000          0.0000          0.0000
             0.0000          0.0000          0.0000

     Atom 33  H   pos: (  0.650326  0.133520  0.135893)  para sigma:           0.00
             0.0000          0.0000          0.0000
             0.0000          0.0000          0.0000
             0.0000          0.0000          0.0000

     Atom 34  H   pos: (  0.071634  0.983870  1.279677)  para sigma:           0.00
             0.0000          0.0000          0.0000
             0.0000          0.0000          0.0000
             0.0000          0.0000          0.0000

     Atom 35  H   pos: (  0.092953  0.417768  0.162858)  para sigma:           0.00
             0.0000          0.0000          0.0000
             0.0000          0.0000          0.0000
             0.0000          0.0000          0.0000

     Atom 36  H   pos: (  0.629007  0.699622  1.252711)  para sigma:           0.00
             0.0000          0.0000          0.0000
             0.0000          0.0000          0.0000
             0.0000          0.0000          0.0000

     Atom 37  H   pos: (  0.087596  0.449230  0.471578)  para sigma:           0.00
             0.0000          0.0000          0.0000
             0.0000          0.0000          0.0000
             0.0000          0.0000          0.0000

     Atom 38  H   pos: (  0.634363  0.668160  0.943991)  para sigma:           0.00
             0.0000          0.0000          0.0000
             0.0000          0.0000          0.0000
             0.0000          0.0000          0.0000

     Atom 39  H   pos: (  0.285119  0.617385  0.301762)  para sigma:           0.00
             0.0000          0.0000          0.0000
             0.0000          0.0000          0.0000
             0.0000          0.0000          0.0000

     Atom 40  H   pos: (  0.436841  0.500005  1.113807)  para sigma:           0.00
             0.0000          0.0000          0.0000
             0.0000          0.0000          0.0000
             0.0000          0.0000          0.0000

     Atom 41  H   pos: (  0.289259  0.102330  0.347139)  para sigma:           0.00
             0.0000          0.0000          0.0000
             0.0000          0.0000          0.0000
             0.0000          0.0000          0.0000

     Atom 42  H   pos: (  0.432700  1.015060  1.068430)  para sigma:           0.00
             0.0000          0.0000          0.0000
             0.0000          0.0000          0.0000
             0.0000          0.0000          0.0000

     Paramagnetic US occ-occ contribution in ppm:
 
     Atom  1  N   pos: ( -0.052178  0.294443  0.877687)  para_oo sigma:          -2.67
            -2.9658         -1.1904         -1.2229
            -1.4748         -2.6027         -0.9067
            -0.4797         -0.1628         -2.4266

     Atom  2  N   pos: (  0.774138  0.822947  0.537882)  para_oo sigma:          -2.67
            -2.9658         -1.1904         -1.2229
            -1.4748         -2.6027         -0.9067
            -0.4797         -0.1628         -2.4266

     Atom  3  N   pos: ( -0.005533  0.270671  1.104497)  para_oo sigma:          -3.89
            -3.1951         -1.1527         -1.1435
            -1.3465         -3.1033         -0.0120
            -0.5150          0.6454         -5.3749

     Atom  4  N   pos: (  0.727493  0.846719  0.311072)  para_oo sigma:          -3.89
            -3.1951         -1.1527         -1.1435
            -1.3465         -3.1033         -0.0120
            -0.5150          0.6454         -5.3749

     Atom  5  N   pos: (  0.864484  0.106523  1.192735)  para_oo sigma:          -3.88
            -3.3144         -1.4576         -0.6224
            -1.3083         -3.2613          0.4778
            -1.2000         -0.1420         -5.0602

     Atom  6  N   pos: ( -0.142525  1.010867  0.222834)  para_oo sigma:          -3.88
            -3.3144         -1.4576         -0.6224
            -1.3083         -3.2613          0.4778
            -1.2000         -0.1420         -5.0602

     Atom  7  N   pos: (  0.728564  0.019976  1.025127)  para_oo sigma:          -2.53
            -1.6316         -0.4691          0.3990
            -0.1974         -1.9983          1.3245
            -0.2881          0.6232         -3.9581

     Atom  8  N   pos: ( -0.006605  1.097414  0.390443)  para_oo sigma:          -2.53
            -1.6316         -0.4691          0.3990
            -0.1974         -1.9983          1.3245
            -0.2881          0.6232         -3.9581

     Atom  9  N   pos: (  0.374667  0.268530  0.337728)  para_oo sigma:           0.16
             0.1521          0.0709         -0.0181
             0.0872          0.2314         -0.0253
            -0.0247         -0.0004          0.0975

     Atom 10  N   pos: (  0.347292  0.848860  1.077841)  para_oo sigma:           0.16
             0.1521          0.0709         -0.0181
             0.0872          0.2314         -0.0253
            -0.0247         -0.0004          0.0975

     Atom 11  C   pos: (  0.677260  0.107215  0.602023)  para_oo sigma:          -0.24
            -0.2359         -0.0751          0.0304
            -0.0795         -0.3149          0.0679
             0.0419          0.0805         -0.1621

     Atom 12  C   pos: (  0.044700  1.010175  0.813546)  para_oo sigma:          -0.24
            -0.2359         -0.0751          0.0304
            -0.0795         -0.3149          0.0679
             0.0419          0.0805         -0.1621

     Atom 13  C   pos: (  0.502324  0.298316  0.559033)  para_oo sigma:          -0.09
            -0.1076          0.0150          0.0088
             0.0328         -0.1116          0.0046
             0.0174          0.0181         -0.0360

     Atom 14  C   pos: (  0.219636  0.819074  0.856536)  para_oo sigma:          -0.09
            -0.1076          0.0150          0.0088
             0.0328         -0.1116          0.0046
             0.0174          0.0181         -0.0360

     Atom 15  C   pos: (  0.528337  0.276663  0.132655)  para_oo sigma:          -0.13
            -0.1251         -0.0005         -0.0089
            -0.0253         -0.1480         -0.0073
            -0.0088          0.0017         -0.1044

     Atom 16  C   pos: (  0.193622  0.840727  1.282914)  para_oo sigma:          -0.13
            -0.1251         -0.0005         -0.0089
            -0.0253         -0.1480         -0.0073
            -0.0088          0.0017         -0.1044

     Atom 17  C   pos: (  0.195479  0.451800  0.317161)  para_oo sigma:          -0.12
            -0.1061         -0.0165          0.0034
            -0.0154         -0.1230          0.0027
            -0.0057         -0.0054         -0.1230

     Atom 18  C   pos: (  0.526481  0.665590  1.098408)  para_oo sigma:          -0.12
            -0.1061         -0.0165          0.0034
            -0.0154         -0.1230          0.0027
            -0.0057         -0.0054         -0.1230

     Atom 19  C   pos: (  0.784239  0.138705  0.833463)  para_oo sigma:          -1.80
            -1.5407         -0.3996         -0.3218
            -0.3946         -1.4835          0.0782
            -0.3853          0.0415         -2.3661

     Atom 20  C   pos: ( -0.062279  0.978685  0.582106)  para_oo sigma:          -1.80
            -1.5407         -0.3996         -0.3218
            -0.3946         -1.4835          0.0782
            -0.3853          0.0415         -2.3661

     Atom 21  H   pos: (  0.813107  0.110486  0.471270)  para_oo sigma:           0.00
             0.0000          0.0000          0.0000
             0.0000          0.0000          0.0000
             0.0000          0.0000          0.0000

     Atom 22  H   pos: ( -0.091148  1.006904  0.944299)  para_oo sigma:           0.00
             0.0000          0.0000          0.0000
             0.0000          0.0000          0.0000
             0.0000          0.0000          0.0000

     Atom 23  H   pos: (  0.593953 -0.061733  0.591277)  para_oo sigma:           0.00
             0.0000          0.0000          0.0000
             0.0000          0.0000          0.0000
             0.0000          0.0000          0.0000

     Atom 24  H   pos: (  0.128007  1.179124  0.824292)  para_oo sigma:           0.00
             0.0000          0.0000          0.0000
             0.0000          0.0000          0.0000
             0.0000          0.0000          0.0000

     Atom 25  H   pos: (  0.586707  0.467746  0.554963)  para_oo sigma:           0.00
             0.0000          0.0000          0.0000
             0.0000          0.0000          0.0000
             0.0000          0.0000          0.0000

     Atom 26  H   pos: (  0.135253  0.649644  0.860606)  para_oo sigma:           0.00
             0.0000          0.0000          0.0000
             0.0000          0.0000          0.0000
             0.0000          0.0000          0.0000

     Atom 27  H   pos: (  0.369798  0.298969  0.694077)  para_oo sigma:           0.00
             0.0000          0.0000          0.0000
             0.0000          0.0000          0.0000
             0.0000          0.0000          0.0000

     Atom 28  H   pos: (  0.352162  0.818421  0.721492)  para_oo sigma:           0.00
             0.0000          0.0000          0.0000
             0.0000          0.0000          0.0000
             0.0000          0.0000          0.0000

     Atom 29  H   pos: (  0.298776  0.136856  1.394017)  para_oo sigma:           0.00
             0.0000          0.0000          0.0000
             0.0000          0.0000          0.0000
             0.0000          0.0000          0.0000

     Atom 30  H   pos: (  0.423184  0.980534  0.021552)  para_oo sigma:           0.00
             0.0000          0.0000          0.0000
             0.0000          0.0000          0.0000
             0.0000          0.0000          0.0000

     Atom 31  H   pos: (  0.621135  0.441354  0.136216)  para_oo sigma:           0.00
             0.0000          0.0000          0.0000
             0.0000          0.0000          0.0000
             0.0000          0.0000          0.0000

     Atom 32  H   pos: (  0.100824  0.676036  1.279353)  para_oo sigma:           0.00
             0.0000          0.0000          0.0000
             0.0000          0.0000          0.0000
             0.0000          0.0000          0.0000

     Atom 33  H   pos: (  0.650326  0.133520  0.135893)  para_oo sigma:           0.00
             0.0000          0.0000          0.0000
             0.0000          0.0000          0.0000
             0.0000          0.0000          0.0000

     Atom 34  H   pos: (  0.071634  0.983870  1.279677)  para_oo sigma:           0.00
             0.0000          0.0000          0.0000
             0.0000          0.0000          0.0000
             0.0000          0.0000          0.0000

     Atom 35  H   pos: (  0.092953  0.417768  0.162858)  para_oo sigma:           0.00
             0.0000          0.0000          0.0000
             0.0000          0.0000          0.0000
             0.0000          0.0000          0.0000

     Atom 36  H   pos: (  0.629007  0.699622  1.252711)  para_oo sigma:           0.00
             0.0000          0.0000          0.0000
             0.0000          0.0000          0.0000
             0.0000          0.0000          0.0000

     Atom 37  H   pos: (  0.087596  0.449230  0.471578)  para_oo sigma:           0.00
             0.0000          0.0000          0.0000
             0.0000          0.0000          0.0000
             0.0000          0.0000          0.0000

     Atom 38  H   pos: (  0.634363  0.668160  0.943991)  para_oo sigma:           0.00
             0.0000          0.0000          0.0000
             0.0000          0.0000          0.0000
             0.0000          0.0000          0.0000

     Atom 39  H   pos: (  0.285119  0.617385  0.301762)  para_oo sigma:           0.00
             0.0000          0.0000          0.0000
             0.0000          0.0000          0.0000
             0.0000          0.0000          0.0000

     Atom 40  H   pos: (  0.436841  0.500005  1.113807)  para_oo sigma:           0.00
             0.0000          0.0000          0.0000
             0.0000          0.0000          0.0000
             0.0000          0.0000          0.0000

     Atom 41  H   pos: (  0.289259  0.102330  0.347139)  para_oo sigma:           0.00
             0.0000          0.0000          0.0000
             0.0000          0.0000          0.0000
             0.0000          0.0000          0.0000

     Atom 42  H   pos: (  0.432700  1.015060  1.068430)  para_oo sigma:           0.00
             0.0000          0.0000          0.0000
             0.0000          0.0000          0.0000
             0.0000          0.0000          0.0000

     Paramagnetic US L_R Q_R contribution in ppm:
 
     Atom  1  N   pos: ( -0.052178  0.294443  0.877687)  para_lq sigma:         -76.33
           -75.5962         -8.1174         -9.5870
            -8.5107        -71.7164         -4.4518
            -8.8000         -3.7571        -81.6867

     Atom  2  N   pos: (  0.774138  0.822947  0.537882)  para_lq sigma:         -76.33
           -75.5962         -8.1174         -9.5870
            -8.5107        -71.7164         -4.4518
            -8.8000         -3.7571        -81.6867

     Atom  3  N   pos: ( -0.005533  0.270671  1.104497)  para_lq sigma:         -81.21
           -72.4857         -7.5727         -1.8085
            -7.9945        -75.5122          8.1737
             0.1275         10.1190        -95.6251

     Atom  4  N   pos: (  0.727493  0.846719  0.311072)  para_lq sigma:         -81.21
           -72.4857         -7.5727         -1.8085
            -7.9945        -75.5122          8.1737
             0.1275         10.1190        -95.6251

     Atom  5  N   pos: (  0.864484  0.106523  1.192735)  para_lq sigma:         -81.48
           -82.4264        -15.7762         -7.5078
           -15.2941        -80.2332         -2.0490
            -9.4659         -4.2967        -81.7934

     Atom  6  N   pos: ( -0.142525  1.010867  0.222834)  para_lq sigma:         -81.48
           -82.4264        -15.7762         -7.5078
           -15.2941        -80.2332         -2.0490
            -9.4659         -4.2967        -81.7934

     Atom  7  N   pos: (  0.728564  0.019976  1.025127)  para_lq sigma:         -75.01
           -68.4492         -4.4254         -3.2449
            -3.9358        -69.5980          4.4825
            -4.2052          3.5584        -86.9774

     Atom  8  N   pos: ( -0.006605  1.097414  0.390443)  para_lq sigma:         -75.01
           -68.4492         -4.4254         -3.2449
            -3.9358        -69.5980          4.4825
            -4.2052          3.5584        -86.9774

     Atom  9  N   pos: (  0.374667  0.268530  0.337728)  para_lq sigma:         -60.08
           -60.2870          1.1465          0.1728
             1.2535        -58.8443          0.0695
             0.2204          0.0716        -61.1189

     Atom 10  N   pos: (  0.347292  0.848860  1.077841)  para_lq sigma:         -60.08
           -60.2870          1.1465          0.1728
             1.2535        -58.8443          0.0695
             0.2204          0.0716        -61.1189

     Atom 11  C   pos: (  0.677260  0.107215  0.602023)  para_lq sigma:         -11.13
           -11.1434         -0.0384         -0.0554
            -0.0353        -11.2351          0.0612
             0.0134          0.1259        -11.0187

     Atom 12  C   pos: (  0.044700  1.010175  0.813546)  para_lq sigma:         -11.13
           -11.1434         -0.0384         -0.0554
            -0.0353        -11.2351          0.0612
             0.0134          0.1259        -11.0187

     Atom 13  C   pos: (  0.502324  0.298316  0.559033)  para_lq sigma:         -11.20
           -11.1654          0.0238         -0.3514
             0.0259        -10.9036         -0.0702
            -0.3973         -0.1015        -11.5198

     Atom 14  C   pos: (  0.219636  0.819074  0.856536)  para_lq sigma:         -11.20
           -11.1654          0.0238         -0.3514
             0.0259        -10.9036         -0.0702
            -0.3973         -0.1015        -11.5198

     Atom 15  C   pos: (  0.528337  0.276663  0.132655)  para_lq sigma:         -11.04
           -11.0188         -0.0337          0.4965
            -0.0917        -10.8100         -0.0023
             0.4978          0.0440        -11.3009

     Atom 16  C   pos: (  0.193622  0.840727  1.282914)  para_lq sigma:         -11.04
           -11.0188         -0.0337          0.4965
            -0.0917        -10.8100         -0.0023
             0.4978          0.0440        -11.3009

     Atom 17  C   pos: (  0.195479  0.451800  0.317161)  para_lq sigma:         -11.03
           -11.1786          0.4170         -0.0241
             0.3834        -11.2792          0.0774
            -0.0761          0.0649        -10.6390

     Atom 18  C   pos: (  0.526481  0.665590  1.098408)  para_lq sigma:         -11.03
           -11.1786          0.4170         -0.0241
             0.3834        -11.2792          0.0774
            -0.0761          0.0649        -10.6390

     Atom 19  C   pos: (  0.784239  0.138705  0.833463)  para_lq sigma:         -16.45
           -15.0714         -1.7963         -2.1660
            -1.9637        -14.5682         -0.1230
            -1.9930          0.3204        -19.7144

     Atom 20  C   pos: ( -0.062279  0.978685  0.582106)  para_lq sigma:         -16.45
           -15.0714         -1.7963         -2.1660
            -1.9637        -14.5682         -0.1230
            -1.9930          0.3204        -19.7144

     Atom 21  H   pos: (  0.813107  0.110486  0.471270)  para_lq sigma:           0.00
             0.0000          0.0000          0.0000
             0.0000          0.0000          0.0000
             0.0000          0.0000          0.0000

     Atom 22  H   pos: ( -0.091148  1.006904  0.944299)  para_lq sigma:           0.00
             0.0000          0.0000          0.0000
             0.0000          0.0000          0.0000
             0.0000          0.0000          0.0000

     Atom 23  H   pos: (  0.593953 -0.061733  0.591277)  para_lq sigma:           0.00
             0.0000          0.0000          0.0000
             0.0000          0.0000          0.0000
             0.0000          0.0000          0.0000

     Atom 24  H   pos: (  0.128007  1.179124  0.824292)  para_lq sigma:           0.00
             0.0000          0.0000          0.0000
             0.0000          0.0000          0.0000
             0.0000          0.0000          0.0000

     Atom 25  H   pos: (  0.586707  0.467746  0.554963)  para_lq sigma:           0.00
             0.0000          0.0000          0.0000
             0.0000          0.0000          0.0000
             0.0000          0.0000          0.0000

     Atom 26  H   pos: (  0.135253  0.649644  0.860606)  para_lq sigma:           0.00
             0.0000          0.0000          0.0000
             0.0000          0.0000          0.0000
             0.0000          0.0000          0.0000

     Atom 27  H   pos: (  0.369798  0.298969  0.694077)  para_lq sigma:           0.00
             0.0000          0.0000          0.0000
             0.0000          0.0000          0.0000
             0.0000          0.0000          0.0000

     Atom 28  H   pos: (  0.352162  0.818421  0.721492)  para_lq sigma:           0.00
             0.0000          0.0000          0.0000
             0.0000          0.0000          0.0000
             0.0000          0.0000          0.0000

     Atom 29  H   pos: (  0.298776  0.136856  1.394017)  para_lq sigma:           0.00
             0.0000          0.0000          0.0000
             0.0000          0.0000          0.0000
             0.0000          0.0000          0.0000

     Atom 30  H   pos: (  0.423184  0.980534  0.021552)  para_lq sigma:           0.00
             0.0000          0.0000          0.0000
             0.0000          0.0000          0.0000
             0.0000          0.0000          0.0000

     Atom 31  H   pos: (  0.621135  0.441354  0.136216)  para_lq sigma:           0.00
             0.0000          0.0000          0.0000
             0.0000          0.0000          0.0000
             0.0000          0.0000          0.0000

     Atom 32  H   pos: (  0.100824  0.676036  1.279353)  para_lq sigma:           0.00
             0.0000          0.0000          0.0000
             0.0000          0.0000          0.0000
             0.0000          0.0000          0.0000

     Atom 33  H   pos: (  0.650326  0.133520  0.135893)  para_lq sigma:           0.00
             0.0000          0.0000          0.0000
             0.0000          0.0000          0.0000
             0.0000          0.0000          0.0000

     Atom 34  H   pos: (  0.071634  0.983870  1.279677)  para_lq sigma:           0.00
             0.0000          0.0000          0.0000
             0.0000          0.0000          0.0000
             0.0000          0.0000          0.0000

     Atom 35  H   pos: (  0.092953  0.417768  0.162858)  para_lq sigma:           0.00
             0.0000          0.0000          0.0000
             0.0000          0.0000          0.0000
             0.0000          0.0000          0.0000

     Atom 36  H   pos: (  0.629007  0.699622  1.252711)  para_lq sigma:           0.00
             0.0000          0.0000          0.0000
             0.0000          0.0000          0.0000
             0.0000          0.0000          0.0000

     Atom 37  H   pos: (  0.087596  0.449230  0.471578)  para_lq sigma:           0.00
             0.0000          0.0000          0.0000
             0.0000          0.0000          0.0000
             0.0000          0.0000          0.0000

     Atom 38  H   pos: (  0.634363  0.668160  0.943991)  para_lq sigma:           0.00
             0.0000          0.0000          0.0000
             0.0000          0.0000          0.0000
             0.0000          0.0000          0.0000

     Atom 39  H   pos: (  0.285119  0.617385  0.301762)  para_lq sigma:           0.00
             0.0000          0.0000          0.0000
             0.0000          0.0000          0.0000
             0.0000          0.0000          0.0000

     Atom 40  H   pos: (  0.436841  0.500005  1.113807)  para_lq sigma:           0.00
             0.0000          0.0000          0.0000
             0.0000          0.0000          0.0000
             0.0000          0.0000          0.0000

     Atom 41  H   pos: (  0.289259  0.102330  0.347139)  para_lq sigma:           0.00
             0.0000          0.0000          0.0000
             0.0000          0.0000          0.0000
             0.0000          0.0000          0.0000

     Atom 42  H   pos: (  0.432700  1.015060  1.068430)  para_lq sigma:           0.00
             0.0000          0.0000          0.0000
             0.0000          0.0000          0.0000
             0.0000          0.0000          0.0000

 
     Total NMR chemical shifts in ppm: ---------------------------------------
     (adopting the Simpson convention for anisotropy and asymmetry)-----------
 
     Atom  1  N   pos: ( -0.052178  0.294443  0.877687)  Total sigma:        -111.00
           -52.5039       -161.4780        -91.4584
          -158.2042        -46.9680         39.4053
           -73.1333         43.3755       -233.5420

     N    1    anisotropy:    363.20    eta:   -0.3014
     N    1    sigma_11=   -195.58    axis=(  0.555375  0.715411 -0.423964)
     N    1    sigma_22=   -268.56    axis=( -0.455321 -0.165014 -0.874902)
     N    1    sigma_33=    131.13    axis=(  0.695875 -0.678938 -0.234097)
 
     Atom  2  N   pos: (  0.774138  0.822947  0.537882)  Total sigma:        -111.00
           -52.5039       -161.4780        -91.4584
          -158.2042        -46.9680         39.4053
           -73.1333         43.3755       -233.5420

     N    2    anisotropy:    363.20    eta:   -0.3014
     N    2    sigma_11=   -195.58    axis=(  0.555375  0.715411 -0.423964)
     N    2    sigma_22=   -268.56    axis=( -0.455321 -0.165014 -0.874902)
     N    2    sigma_33=    131.13    axis=(  0.695875 -0.678938 -0.234097)
 
     Atom  3  N   pos: ( -0.005533  0.270671  1.104497)  Total sigma:        -179.10
           -85.9094       -150.9133        -56.5599
          -153.7421       -107.0341         78.5377
           -32.1768        103.3099       -344.3573

     N    3    anisotropy:    385.01    eta:   -0.5297
     N    3    sigma_11=   -239.46    axis=(  0.716983  0.647572  0.258042)
     N    3    sigma_22=   -375.42    axis=(  0.033528  0.337706 -0.940654)
     N    3    sigma_33=     77.58    axis=(  0.696284 -0.683085 -0.220418)
 
     Atom  4  N   pos: (  0.727493  0.846719  0.311072)  Total sigma:        -179.10
           -85.9094       -150.9133        -56.5599
          -153.7421       -107.0341         78.5377
           -32.1768        103.3099       -344.3573

     N    4    anisotropy:    385.01    eta:   -0.5297
     N    4    sigma_11=   -239.46    axis=(  0.716983  0.647572  0.258042)
     N    4    sigma_22=   -375.42    axis=(  0.033528  0.337706 -0.940654)
     N    4    sigma_33=     77.58    axis=(  0.696284 -0.683085 -0.220418)
 
     Atom  5  N   pos: (  0.864484  0.106523  1.192735)  Total sigma:        -176.66
          -149.4907       -215.8288        -83.3906
          -199.3330       -135.4172         27.2665
          -118.8256        -12.4318       -245.0825

     N    5    anisotropy:    389.85    eta:   -0.6093
     N    5    sigma_11=   -227.44    axis=( -0.184719 -0.485557  0.854467)
     N    5    sigma_22=   -385.78    axis=( -0.688181 -0.556794 -0.465174)
     N    5    sigma_33=     83.23    axis=(  0.701630 -0.673955 -0.231300)
 
     Atom  6  N   pos: ( -0.142525  1.010867  0.222834)  Total sigma:        -176.66
          -149.4907       -215.8288        -83.3906
          -199.3330       -135.4172         27.2665
          -118.8256        -12.4318       -245.0825

     N    6    anisotropy:    389.85    eta:   -0.6093
     N    6    sigma_11=   -227.44    axis=( -0.184719 -0.485557  0.854467)
     N    6    sigma_22=   -385.78    axis=( -0.688181 -0.556794 -0.465174)
     N    6    sigma_33=     83.23    axis=(  0.701630 -0.673955 -0.231300)
 
     Atom  7  N   pos: (  0.728564  0.019976  1.025127)  Total sigma:         -89.37
           -41.2273       -143.0088        -49.5224
          -134.2903        -48.3984         54.9759
           -55.7329         38.8572       -178.4953

     N    7    anisotropy:    300.59    eta:   -0.0677
     N    7    sigma_11=   -182.79    axis=(  0.638433  0.736590 -0.223245)
     N    7    sigma_22=   -196.35    axis=(  0.325126  0.004809  0.945659)
     N    7    sigma_33=    111.02    axis=(  0.697636 -0.676322 -0.236414)
 
     Atom  8  N   pos: ( -0.006605  1.097414  0.390443)  Total sigma:         -89.37
           -41.2273       -143.0088        -49.5224
          -134.2903        -48.3984         54.9759
           -55.7329         38.8572       -178.4953

     N    8    anisotropy:    300.59    eta:   -0.0677
     N    8    sigma_11=   -182.79    axis=(  0.638433  0.736590 -0.223245)
     N    8    sigma_22=   -196.35    axis=(  0.325126  0.004809  0.945659)
     N    8    sigma_33=    111.02    axis=(  0.697636 -0.676322 -0.236414)
 
     Atom  9  N   pos: (  0.374667  0.268530  0.337728)  Total sigma:         180.58
           183.8262         -3.7182          5.6375
             3.5408        173.7753         -3.4160
             9.8809         -2.2192        184.1475

     N    9    anisotropy:     17.11    eta:   -0.4074
     N    9    sigma_11=    177.20    axis=( -0.679877 -0.455030  0.575078)
     N    9    sigma_22=    172.56    axis=( -0.261394  0.883068  0.389697)
     N    9    sigma_33=    191.99    axis=(  0.685157 -0.114624  0.719320)
 
     Atom 10  N   pos: (  0.347292  0.848860  1.077841)  Total sigma:         180.58
           183.8262         -3.7182          5.6375
             3.5408        173.7753         -3.4160
             9.8809         -2.2192        184.1475

     N   10    anisotropy:     17.11    eta:   -0.4074
     N   10    sigma_11=    177.20    axis=( -0.679877 -0.455030  0.575078)
     N   10    sigma_22=    172.56    axis=( -0.261394  0.883068  0.389697)
     N   10    sigma_33=    191.99    axis=(  0.685157 -0.114624  0.719320)
 
     Atom 11  C   pos: (  0.677260  0.107215  0.602023)  Total sigma:         152.52
           149.4321         -5.9185         13.3457
            -7.2056        149.5073          1.1633
            14.0671          5.2596        158.6097

     C   11    anisotropy:    -25.11    eta:   -0.9171
     C   11    sigma_11=    153.21    axis=(  0.336510 -0.882127 -0.329565)
     C   11    sigma_22=    168.56    axis=(  0.596904 -0.070869  0.799176)
     C   11    sigma_33=    135.78    axis=(  0.728331  0.465650 -0.502697)
 
     Atom 12  C   pos: (  0.044700  1.010175  0.813546)  Total sigma:         152.52
           149.4321         -5.9185         13.3457
            -7.2056        149.5073          1.1633
            14.0671          5.2596        158.6097

     C   12    anisotropy:    -25.11    eta:   -0.9171
     C   12    sigma_11=    153.21    axis=(  0.336510 -0.882127 -0.329565)
     C   12    sigma_22=    168.56    axis=(  0.596904 -0.070869  0.799176)
     C   12    sigma_33=    135.78    axis=(  0.728331  0.465650 -0.502697)
 
     Atom 13  C   pos: (  0.502324  0.298316  0.559033)  Total sigma:         114.90
           107.3780         -4.0038         34.2986
            -7.7821         97.9199         -1.3505
            24.6441          4.9009        139.4070

     C   13    anisotropy:     63.11    eta:   -0.3421
     C   13    sigma_11=    101.06    axis=(  0.392000 -0.882331 -0.260436)
     C   13    sigma_22=     86.67    axis=(  0.763705  0.469943 -0.442615)
     C   13    sigma_33=    156.97    axis=(  0.512924 -0.025391  0.858059)
 
     Atom 14  C   pos: (  0.219636  0.819074  0.856536)  Total sigma:         114.90
           107.3780         -4.0038         34.2986
            -7.7821         97.9199         -1.3505
            24.6441          4.9009        139.4070

     C   14    anisotropy:     63.11    eta:   -0.3421
     C   14    sigma_11=    101.06    axis=(  0.392000 -0.882331 -0.260436)
     C   14    sigma_22=     86.67    axis=(  0.763705  0.469943 -0.442615)
     C   14    sigma_33=    156.97    axis=(  0.512924 -0.025391  0.858059)
 
     Atom 15  C   pos: (  0.528337  0.276663  0.132655)  Total sigma:         131.22
           131.6115          3.9545        -27.8077
             7.6925        113.2304         -1.0867
           -27.8086          0.2997        148.8184

     C   15    anisotropy:     57.54    eta:   -0.2368
     C   15    sigma_11=    116.58    axis=(  0.474151  0.774632  0.418480)
     C   15    sigma_22=    107.50    axis=(  0.647816 -0.628831  0.430007)
     C   15    sigma_33=    169.58    axis=( -0.596251 -0.067210  0.799980)
 
     Atom 16  C   pos: (  0.193622  0.840727  1.282914)  Total sigma:         131.22
           131.6115          3.9545        -27.8077
             7.6925        113.2304         -1.0867
           -27.8086          0.2997        148.8184

     C   16    anisotropy:     57.54    eta:   -0.2368
     C   16    sigma_11=    116.58    axis=(  0.474152  0.774632  0.418480)
     C   16    sigma_22=    107.50    axis=(  0.647816 -0.628831  0.430007)
     C   16    sigma_33=    169.58    axis=( -0.596251 -0.067210  0.799980)
 
     Atom 17  C   pos: (  0.195479  0.451800  0.317161)  Total sigma:         129.25
           141.7454        -33.6647          2.5147
           -36.7671        132.6812         -4.0877
             2.7604         -3.0030        113.3284

     C   17    anisotropy:     65.67    eta:   -0.2617
     C   17    sigma_11=    113.09    axis=( -0.107185 -0.012760  0.994157)
     C   17    sigma_22=    101.63    axis=(  0.654639  0.751672  0.080228)
     C   17    sigma_33=    173.03    axis=(  0.748304 -0.659414  0.072215)
 
     Atom 18  C   pos: (  0.526481  0.665590  1.098408)  Total sigma:         129.25
           141.7454        -33.6647          2.5147
           -36.7671        132.6812         -4.0877
             2.7604         -3.0030        113.3284

     C   18    anisotropy:     65.67    eta:   -0.2617
     C   18    sigma_11=    113.09    axis=( -0.107185 -0.012760  0.994157)
     C   18    sigma_22=    101.63    axis=(  0.654639  0.751672  0.080228)
     C   18    sigma_33=    173.03    axis=(  0.748304 -0.659414  0.072215)
 
     Atom 19  C   pos: (  0.784239  0.138705  0.833463)  Total sigma:           4.13
            34.5407        -44.5723        -44.3425
           -47.3625         42.0826         -0.5896
           -38.9621          9.6331        -64.2231

     C   19    anisotropy:    130.56    eta:   -0.9489
     C   19    sigma_11=      1.91    axis=(  0.602615  0.726670 -0.329858)
     C   19    sigma_22=    -80.68    axis=( -0.375381 -0.106644 -0.920715)
     C   19    sigma_33=     91.17    axis=( -0.704233  0.678659  0.208512)
 
     Atom 20  C   pos: ( -0.062279  0.978685  0.582106)  Total sigma:           4.13
            34.5407        -44.5723        -44.3425
           -47.3625         42.0826         -0.5896
           -38.9621          9.6331        -64.2231

     C   20    anisotropy:    130.56    eta:   -0.9489
     C   20    sigma_11=      1.91    axis=(  0.602615  0.726670 -0.329858)
     C   20    sigma_22=    -80.68    axis=( -0.375381 -0.106644 -0.920715)
     C   20    sigma_33=     91.17    axis=( -0.704233  0.678659  0.208512)
 
     Atom 21  H   pos: (  0.813107  0.110486  0.471270)  Total sigma:          28.71
            31.3059         -3.4151         -3.1998
            -0.4572         27.3987          1.3825
            -1.5801          0.2196         27.4138

     H   21    anisotropy:      6.74    eta:   -0.0931
     H   21    sigma_11=     26.67    axis=(  0.190644  0.910240 -0.367585)
     H   21    sigma_22=     26.25    axis=( -0.488004 -0.237028 -0.840042)
     H   21    sigma_33=     33.20    axis=( -0.851767  0.339532  0.399013)
 
     Atom 22  H   pos: ( -0.091148  1.006904  0.944299)  Total sigma:          28.71
            31.3059         -3.4151         -3.1998
            -0.4572         27.3987          1.3825
            -1.5801          0.2196         27.4138

     H   22    anisotropy:      6.74    eta:   -0.0931
     H   22    sigma_11=     26.67    axis=(  0.190644  0.910240 -0.367585)
     H   22    sigma_22=     26.25    axis=( -0.488004 -0.237028 -0.840042)
     H   22    sigma_33=     33.20    axis=( -0.851767  0.339532  0.399013)
 
     Atom 23  H   pos: (  0.593953 -0.061733  0.591277)  Total sigma:          28.42
            28.4136          3.2626         -0.3771
             1.6358         31.2489         -1.0374
             0.4499         -1.6487         25.5896

     H   23    anisotropy:      6.64    eta:   -0.4768
     H   23    sigma_11=     27.26    axis=( -0.847440  0.404501 -0.343838)
     H   23    sigma_22=     25.15    axis=( -0.233551  0.297570  0.925692)
     H   23    sigma_33=     32.84    axis=( -0.476759 -0.864772  0.157701)
 
     Atom 24  H   pos: (  0.128007  1.179124  0.824292)  Total sigma:          28.42
            28.4136          3.2626         -0.3771
             1.6358         31.2489         -1.0374
             0.4499         -1.6487         25.5896

     H   24    anisotropy:      6.64    eta:   -0.4768
     H   24    sigma_11=     27.26    axis=( -0.847440  0.404501 -0.343838)
     H   24    sigma_22=     25.15    axis=( -0.233551  0.297570  0.925692)
     H   24    sigma_33=     32.84    axis=( -0.476759 -0.864772  0.157701)
 
     Atom 25  H   pos: (  0.586707  0.467746  0.554963)  Total sigma:          26.18
            24.0703          4.0779          3.6239
             4.6261         29.9757         -1.4669
             3.6567          2.2535         24.4964

     H   25    anisotropy:      9.99    eta:   -0.9451
     H   25    sigma_11=     26.00    axis=(  0.377079 -0.490253  0.785788)
     H   25    sigma_22=     19.70    axis=( -0.770395  0.304913  0.559928)
     H   25    sigma_33=     32.84    axis=(  0.514104  0.816505  0.262712)
 
     Atom 26  H   pos: (  0.135253  0.649644  0.860606)  Total sigma:          26.18
            24.0703          4.0779          3.6239
             4.6261         29.9757         -1.4669
             3.6567          2.2535         24.4964

     H   26    anisotropy:      9.99    eta:   -0.9451
     H   26    sigma_11=     26.00    axis=(  0.377079 -0.490253  0.785788)
     H   26    sigma_22=     19.70    axis=( -0.770395  0.304913  0.559928)
     H   26    sigma_33=     32.84    axis=(  0.514104  0.816505  0.262712)
 
     Atom 27  H   pos: (  0.369798  0.298969  0.694077)  Total sigma:          27.34
            27.9670          1.6293         -0.0788
            -1.0058         23.5688         -0.5200
            -1.8256         -0.0967         30.4752

     H   27    anisotropy:     -5.70    eta:   -0.8321
     H   27    sigma_11=     27.66    axis=(  0.944759  0.047599  0.324292)
     H   27    sigma_22=     30.82    axis=( -0.321748 -0.054053  0.945281)
     H   27    sigma_33=     23.54    axis=(  0.062523 -0.997403 -0.035752)
 
     Atom 28  H   pos: (  0.352162  0.818421  0.721492)  Total sigma:          27.34
            27.9670          1.6293         -0.0788
            -1.0058         23.5688         -0.5200
            -1.8256         -0.0967         30.4752

     H   28    anisotropy:     -5.70    eta:   -0.8321
     H   28    sigma_11=     27.66    axis=(  0.944759  0.047599  0.324292)
     H   28    sigma_22=     30.82    axis=( -0.321748 -0.054053  0.945281)
     H   28    sigma_33=     23.54    axis=(  0.062523 -0.997403 -0.035752)
 
     Atom 29  H   pos: (  0.298776  0.136856  1.394017)  Total sigma:          27.62
            25.9764          4.0341          2.4542
             1.7668         23.6476         -0.2826
             1.7504         -0.4292         33.2392

     H   29    anisotropy:      9.30    eta:   -0.9755
     H   29    sigma_11=     27.55    axis=( -0.766697 -0.593006  0.246007)
     H   29    sigma_22=     21.50    axis=( -0.580663  0.803969  0.128314)
     H   29    sigma_33=     33.82    axis=(  0.273873  0.044469  0.960737)
 
     Atom 30  H   pos: (  0.423184  0.980534  0.021552)  Total sigma:          27.62
            25.9764          4.0341          2.4542
             1.7668         23.6476         -0.2826
             1.7504         -0.4292         33.2392

     H   30    anisotropy:      9.30    eta:   -0.9755
     H   30    sigma_11=     27.55    axis=( -0.766697 -0.593006  0.246007)
     H   30    sigma_22=     21.50    axis=( -0.580663  0.803969  0.128314)
     H   30    sigma_33=     33.82    axis=(  0.273873  0.044469  0.960737)
 
     Atom 31  H   pos: (  0.621135  0.441354  0.136216)  Total sigma:          28.44
            27.3459          5.9483         -2.1254
             6.3144         29.6574         -1.4995
            -1.6402         -3.1710         28.3140

     H   31    anisotropy:     11.23    eta:   -0.6507
     H   31    sigma_11=     27.13    axis=(  0.240108  0.277300  0.930297)
     H   31    sigma_22=     22.26    axis=(  0.768610 -0.639672 -0.007705)
     H   31    sigma_33=     35.92    axis=( -0.592948 -0.716885  0.366726)
 
     Atom 32  H   pos: (  0.100824  0.676036  1.279353)  Total sigma:          28.44
            27.3459          5.9483         -2.1254
             6.3144         29.6574         -1.4995
            -1.6402         -3.1710         28.3140

     H   32    anisotropy:     11.23    eta:   -0.6507
     H   32    sigma_11=     27.13    axis=(  0.240108  0.277300  0.930297)
     H   32    sigma_22=     22.26    axis=(  0.768610 -0.639672 -0.007705)
     H   32    sigma_33=     35.92    axis=( -0.592948 -0.716885  0.366726)
 
     Atom 33  H   pos: (  0.650326  0.133520  0.135893)  Total sigma:          27.90
            28.7500         -1.0194          0.0675
            -0.9230         26.6372          1.1215
            -2.6635          1.4501         28.2982

     H   33    anisotropy:      3.89    eta:   -0.5306
     H   33    sigma_11=     27.29    axis=(  0.723984  0.215090  0.655426)
     H   33    sigma_22=     25.91    axis=( -0.114740 -0.899361  0.421883)
     H   33    sigma_33=     30.49    axis=( -0.680207  0.380640  0.626444)
 
     Atom 34  H   pos: (  0.071634  0.983870  1.279677)  Total sigma:          27.90
            28.7500         -1.0194          0.0675
            -0.9230         26.6372          1.1215
            -2.6635          1.4501         28.2982

     H   34    anisotropy:      3.89    eta:   -0.5306
     H   34    sigma_11=     27.29    axis=(  0.723984  0.215090  0.655426)
     H   34    sigma_22=     25.91    axis=( -0.114740 -0.899361  0.421883)
     H   34    sigma_33=     30.49    axis=( -0.680207  0.380640  0.626443)
 
     Atom 35  H   pos: (  0.092953  0.417768  0.162858)  Total sigma:          27.69
            28.8485          0.7420          3.9366
             2.2497         25.3988         -0.7759
             4.4800         -0.6790         28.8191

     H   35    anisotropy:      8.09    eta:   -0.5969
     H   35    sigma_11=     26.60    axis=( -0.391415 -0.781034  0.486600)
     H   35    sigma_22=     23.38    axis=(  0.578038 -0.620127 -0.530390)
     H   35    sigma_33=     33.08    axis=(  0.716007  0.073670  0.694195)
 
     Atom 36  H   pos: (  0.629007  0.699622  1.252711)  Total sigma:          27.69
            28.8485          0.7420          3.9366
             2.2497         25.3988         -0.7759
             4.4800         -0.6790         28.8191

     H   36    anisotropy:      8.09    eta:   -0.5969
     H   36    sigma_11=     26.60    axis=( -0.391415 -0.781034  0.486600)
     H   36    sigma_22=     23.38    axis=(  0.578038 -0.620127 -0.530390)
     H   36    sigma_33=     33.08    axis=(  0.716007  0.073670  0.694195)
 
     Atom 37  H   pos: (  0.087596  0.449230  0.471578)  Total sigma:          27.93
            29.7729         -1.6770         -3.3053
            -0.3624         26.8471          0.0997
            -2.2328          1.1733         27.1770

     H   37    anisotropy:      5.84    eta:   -0.2930
     H   37    sigma_11=     26.56    axis=(  0.193631  0.972011 -0.133048)
     H   37    sigma_22=     25.42    axis=( -0.537805 -0.008259 -0.843029)
     H   37    sigma_33=     31.82    axis=( -0.820532  0.234790  0.521153)
 
     Atom 38  H   pos: (  0.634363  0.668160  0.943991)  Total sigma:          27.93
            29.7729         -1.6770         -3.3053
            -0.3624         26.8471          0.0997
            -2.2328          1.1733         27.1770

     H   38    anisotropy:      5.84    eta:   -0.2930
     H   38    sigma_11=     26.56    axis=(  0.193631  0.972011 -0.133048)
     H   38    sigma_22=     25.42    axis=( -0.537805 -0.008259 -0.843029)
     H   38    sigma_33=     31.82    axis=( -0.820532  0.234790  0.521153)
 
     Atom 39  H   pos: (  0.285119  0.617385  0.301762)  Total sigma:          29.40
            27.4796          0.6121         -0.0782
            -0.0217         33.4232         -1.7814
            -0.2632         -1.6047         27.2846

     H   39    anisotropy:      6.72    eta:   -0.1430
     H   39    sigma_11=     27.48    axis=(  0.988216 -0.085245 -0.127133)
     H   39    sigma_22=     26.84    axis=(  0.144219  0.240234  0.959942)
     H   39    sigma_33=     33.88    axis=(  0.051289  0.966965 -0.249697)
 
     Atom 40  H   pos: (  0.436841  0.500005  1.113807)  Total sigma:          29.40
            27.4796          0.6121         -0.0782
            -0.0217         33.4232         -1.7814
            -0.2632         -1.6047         27.2846

     H   40    anisotropy:      6.72    eta:   -0.1430
     H   40    sigma_11=     27.48    axis=(  0.988216 -0.085245 -0.127133)
     H   40    sigma_22=     26.84    axis=(  0.144219  0.240234  0.959942)
     H   40    sigma_33=     33.88    axis=(  0.051289  0.966965 -0.249697)
 
     Atom 41  H   pos: (  0.289259  0.102330  0.347139)  Total sigma:          16.88
            13.1616         14.3375          1.6047
            16.1218         28.1515         -2.7973
             0.8318         -3.2543          9.3152

     H   41    anisotropy:     31.33    eta:   -0.3643
     H   41    sigma_11=     10.24    axis=(  0.350175 -0.141299  0.925965)
     H   41    sigma_22=      2.63    axis=( -0.777263  0.507837  0.371434)
     H   41    sigma_33=     37.76    axis=( -0.522723 -0.849786  0.068005)
 
     Atom 42  H   pos: (  0.432700  1.015060  1.068430)  Total sigma:          16.88
            13.1616         14.3375          1.6047
            16.1218         28.1515         -2.7973
             0.8318         -3.2543          9.3152

     H   42    anisotropy:     31.33    eta:   -0.3643
     H   42    sigma_11=     10.24    axis=(  0.350175 -0.141299  0.925965)
     H   42    sigma_22=      2.63    axis=( -0.777263  0.507837  0.371434)
     H   42    sigma_33=     37.76    axis=( -0.522723 -0.849786  0.068005)
 
     Initialization:
     gipaw_setup  :      0.30s CPU      0.32s WALL (       1 calls)
 
     Linear response
     greenf       :   5085.59s CPU   5172.48s WALL (     336 calls)
     cgsolve      :   5049.60s CPU   5136.35s WALL (     336 calls)
     ch_psi       :   4939.24s CPU   5025.59s WALL (   17620 calls)
     h_psiq       :   3819.30s CPU   3903.44s WALL (   17620 calls)
 
     Apply operators
     h_psi        :   3640.25s CPU   3738.52s WALL (   28416 calls)
     apply_vel    :     87.94s CPU     88.44s WALL (     294 calls)
 
     Induced current
     j_para       :    289.73s CPU    298.88s WALL (     378 calls)
     biot_savart  :      0.03s CPU      0.04s WALL (       1 calls)
 
     Other routines
 
     General routines
     calbec       :   1352.45s CPU   1358.06s WALL (   66498 calls)
     fft          :      0.06s CPU      0.08s WALL (      32 calls)
     fftw         :   2685.54s CPU   2785.99s WALL ( 2619636 calls)
     davcio       :      0.05s CPU      0.94s WALL (     224 calls)
 
     Parallel routines
     fft_scatter  :    656.21s CPU    700.94s WALL ( 2619668 calls)
 
     Plugins
 
     GIPAW        :   6751.28s CPU   6877.51s WALL (       1 calls)
