
     Program QE v.6.1 (svn rev. 13369) starts on  4Nov2017 at 23:31:36 

     This program is part of the open-source Quantum ESPRESSO suite
     for quantum simulation of materials; please cite
         "P. Giannozzi et al., J. Phys.:Condens. Matter 21 395502 (2009);
          URL http://www.quantum-espresso.org", 
     in publications or presentations arising from this work. More details at
     http://www.quantum-espresso.org/quote

     Parallel version (MPI), running on     8 processors
     R & G space division:  proc/nbgrp/npool/nimage =       8
 
     ***** This is GIPAW svn revision unknown      *****
 
     Parallelizing q-star over 1 images
     Message from routine gipaw_readin:
     *** iverbosity is obsolete, use verbosity instead ***

     Reading data from directory:
     /scratch/paruzzo/QEspresso/CCDC/TETZOL/wfc/scf.save

   Info: using nr1, nr2, nr3 values from input

   Info: using nr1, nr2, nr3 values from input

     IMPORTANT: XC functional enforced from input :
     Exchange-correlation      =  SLA  PW   PBX  PBC ( 1  4  3  4 0 0)
     Any further DFT definition will be discarded
     Please, verify this is what you really want

               file C.pbe-n-kjpaw_psl.0.1.UPF: wavefunction(s)  2P renormalized
               file N.pbe-n-kjpaw_psl.0.1.UPF: wavefunction(s)  2P renormalized
               file H.pbe-kjpaw_psl.0.1.UPF: wavefunction(s)  1S renormalized
               file O.pbe-n-kjpaw_psl.0.1.UPF: wavefunction(s)  2P renormalized
 
     Parallelization info
     --------------------
     sticks:   dense  smooth     PW     G-vecs:    dense   smooth      PW
     Min         451     451    126                17455    17455    2619
     Max         452     452    127                17456    17456    2623
     Sum        3611    3611   1015               139647   139647   20975
 

     Check: negative/imaginary core charge=   -0.000002    0.000000

     Subspace diagonalization in iterative solution of the eigenvalue problem:
     a serial algorithm will be used

     GIPAW projectors -----------------------------------------------
     atom=  C    l=0  rc=    1.3000  rs=    0.8667
     atom=  C    l=0  rc=    1.3000  rs=    0.8667
     atom=  C    l=1  rc=    1.4500  rs=    0.9667
     atom=  C    l=1  rc=    1.4500  rs=    0.9667
     projs nearly linearly dependent: l=0  n1,n2= 1, 2  s=  0.99877758
     projs nearly linearly dependent: l=1  n1,n2= 1, 2  s=  0.99940894
 
     atom=  N    l=0  rc=    1.3000  rs=    0.8667
     atom=  N    l=0  rc=    1.3000  rs=    0.8667
     atom=  N    l=1  rc=    1.4500  rs=    0.9667
     atom=  N    l=1  rc=    1.4500  rs=    0.9667
     projs nearly linearly dependent: l=0  n1,n2= 1, 2  s=  0.99709514
     projs nearly linearly dependent: l=1  n1,n2= 1, 2  s=  0.99857174
 
     atom=  H    l=0  rc=    1.0000  rs=    0.6667
     atom=  H    l=0  rc=    1.0000  rs=    0.6667
     projs nearly linearly dependent: l=0  n1,n2= 1, 2  s=  0.99968852
 
     atom=  O    l=0  rc=    1.3500  rs=    0.9000
     atom=  O    l=0  rc=    1.3500  rs=    0.9000
     atom=  O    l=1  rc=    1.3500  rs=    0.9000
     atom=  O    l=1  rc=    1.3500  rs=    0.9000
     projs nearly linearly dependent: l=0  n1,n2= 1, 2  s=  0.99100135
     projs nearly linearly dependent: l=1  n1,n2= 1, 2  s=  0.99790100
     -----------------------------------------------------------------
 
     alpha_pv=     43.7077 eV
 
     q-space interpolation up to   110.00 Rydberg
 
     GIPAW job: nmr                                                                             
     NMR macroscopic correction: yes
             0.6667          0.0000          0.0000
             0.0000          0.6667          0.0000
             0.0000          0.0000          0.6667

 
     Largest allocated arrays     est. size (Mb)     dimensions
        KS wavefunctions at k           1.04 Mb     (    2206,   31)
        KS wavefunctions at k+q         1.04 Mb     (    2206,   31)
        First-order wavefunctions      10.43 Mb     (    2206,   31, 10)
        First-order wavefunct (US)      6.26 Mb     (    2206,   31,  6)
        Charge/spin density             0.33 Mb     (   43200,    1)
        Induced current                 2.97 Mb     (   43200,    3,3,1)
        Induced magnetic field          2.97 Mb     (   43200,    3,3,1)
        NL pseudopotentials             2.96 Mb     (    2206,   88)
        GIPAW NL terms                  2.96 Mb     (    2206,   88)
 
     Computing the magnetic susceptibility     isolve=0    ethr=  0.1000E-13
     k-point #    1 of    20      pool #  1    cpu time:       3.3
     Rotating WFCS
     Rotating WFCS
     Rotating WFCS
     Rotating WFCS
     Rotating WFCS
     Rotating WFCS
     Rotating WFCS
     k-point #    2 of    20      pool #  1    cpu time:      52.5
     Rotating WFCS
     Rotating WFCS
     Rotating WFCS
     Rotating WFCS
     Rotating WFCS
     Rotating WFCS
     Rotating WFCS
     k-point #    3 of    20      pool #  1    cpu time:     107.0
     Rotating WFCS
     Rotating WFCS
     Rotating WFCS
     Rotating WFCS
     Rotating WFCS
     Rotating WFCS
     Rotating WFCS
     k-point #    4 of    20      pool #  1    cpu time:     158.5
     Rotating WFCS
     Rotating WFCS
     Rotating WFCS
     Rotating WFCS
     Rotating WFCS
     Rotating WFCS
     Rotating WFCS
     k-point #    5 of    20      pool #  1    cpu time:     214.3
     Rotating WFCS
     Rotating WFCS
     Rotating WFCS
     Rotating WFCS
     Rotating WFCS
     Rotating WFCS
     Rotating WFCS
     k-point #    6 of    20      pool #  1    cpu time:     273.2
     Rotating WFCS
     Rotating WFCS
     Rotating WFCS
     Rotating WFCS
     Rotating WFCS
     Rotating WFCS
     Rotating WFCS
     k-point #    7 of    20      pool #  1    cpu time:     330.7
     Rotating WFCS
     Rotating WFCS
     Rotating WFCS
     Rotating WFCS
     Rotating WFCS
     Rotating WFCS
     Rotating WFCS
     k-point #    8 of    20      pool #  1    cpu time:     385.3
     Rotating WFCS
     Rotating WFCS
     Rotating WFCS
     Rotating WFCS
     Rotating WFCS
     Rotating WFCS
     Rotating WFCS
     k-point #    9 of    20      pool #  1    cpu time:     440.0
     Rotating WFCS
     Rotating WFCS
     Rotating WFCS
     Rotating WFCS
     Rotating WFCS
     Rotating WFCS
     Rotating WFCS
     k-point #   10 of    20      pool #  1    cpu time:     493.9
     Rotating WFCS
     Rotating WFCS
     Rotating WFCS
     Rotating WFCS
     Rotating WFCS
     Rotating WFCS
     Rotating WFCS
     k-point #   11 of    20      pool #  1    cpu time:     548.3
     Rotating WFCS
     Rotating WFCS
     Rotating WFCS
     Rotating WFCS
     Rotating WFCS
     Rotating WFCS
     Rotating WFCS
     k-point #   12 of    20      pool #  1    cpu time:     607.4
     Rotating WFCS
     Rotating WFCS
     Rotating WFCS
     Rotating WFCS
     Rotating WFCS
     Rotating WFCS
     Rotating WFCS
     k-point #   13 of    20      pool #  1    cpu time:     667.6
     Rotating WFCS
     Rotating WFCS
     Rotating WFCS
     Rotating WFCS
     Rotating WFCS
     Rotating WFCS
     Rotating WFCS
     k-point #   14 of    20      pool #  1    cpu time:     725.7
     Rotating WFCS
     Rotating WFCS
     Rotating WFCS
     Rotating WFCS
     Rotating WFCS
     Rotating WFCS
     Rotating WFCS
     k-point #   15 of    20      pool #  1    cpu time:     784.8
     Rotating WFCS
     Rotating WFCS
     Rotating WFCS
     Rotating WFCS
     Rotating WFCS
     Rotating WFCS
     Rotating WFCS
     k-point #   16 of    20      pool #  1    cpu time:     836.6
     Rotating WFCS
     Rotating WFCS
     Rotating WFCS
     Rotating WFCS
     Rotating WFCS
     Rotating WFCS
     Rotating WFCS
     k-point #   17 of    20      pool #  1    cpu time:     891.7
     Rotating WFCS
     Rotating WFCS
     Rotating WFCS
     Rotating WFCS
     Rotating WFCS
     Rotating WFCS
     Rotating WFCS
     k-point #   18 of    20      pool #  1    cpu time:     943.2
     Rotating WFCS
     Rotating WFCS
     Rotating WFCS
     Rotating WFCS
     Rotating WFCS
     Rotating WFCS
     Rotating WFCS
     k-point #   19 of    20      pool #  1    cpu time:     999.3
     Rotating WFCS
     Rotating WFCS
     Rotating WFCS
     Rotating WFCS
     Rotating WFCS
     Rotating WFCS
     Rotating WFCS
     k-point #   20 of    20      pool #  1    cpu time:    1059.6
     Rotating WFCS
     Rotating WFCS
     Rotating WFCS
     Rotating WFCS
     Rotating WFCS
     Rotating WFCS
     Rotating WFCS
     End of magnetic susceptibility calculation
 
     f-sum rule (1st term):
           -49.8862          0.0000         -0.0181
             0.0000        -49.9404          0.0000
            -0.0152          0.0000        -49.9260

     f-sum rule (2nd term):
            -1.0124          0.0000          0.0182
             0.0000         -0.9504          0.0000
             0.0152          0.0000         -0.9659

     f-sum rule (should be   -50.8907):
           -50.8986          0.0000          0.0001
             0.0000        -50.8908          0.0000
             0.0000          0.0000        -50.8920

     chi_bare pGv (HH) in paratec units:
        -9.447435     -0.031103      0.267389
        -0.063577    -27.509804      0.033058
         0.336659      0.040577    -10.757345

        -9.447435      0.000000      0.267389
         0.000000    -27.509804      0.000000
         0.336659      0.000000    -10.757345

     chi_bare vGv (VV) in paratec units:
        -8.345235     -0.038288      0.233988
        -0.038221    -27.876523      0.023926
         0.260559      0.023603     -9.083967

        -8.345235      0.000000      0.233988
         0.000000    -27.876523      0.000000
         0.260559      0.000000     -9.083967

     chi_bare pGv (HH) in 10^{-6} cm^3/mol:
           -44.8951          0.0000          1.2707
             0.0000       -130.7292          0.0000
             1.5998          0.0000        -51.1199

     chi_bare vGv (VV) in 10^{-6} cm^3/mol:
           -39.6573          0.0000          1.1119
             0.0000       -132.4719          0.0000
             1.2382          0.0000        -43.1679

     Contributions to the NMR chemical shifts: -------------------------------
 
     Macroscopic shape contribution in ppm:                    6.86
             4.0770          0.0000          0.0000
             0.0000         11.8719          0.0000
             0.0000          0.0000          4.6423

 
     Core contribution in ppm:
 
     Atom  1  C   pos: ( -0.091929  0.327063  0.383487)  core sigma:         200.51
     Atom  2  C   pos: (  0.600956  0.981190  0.593129)  core sigma:         200.51
     Atom  3  H   pos: ( -0.079516  0.327063  0.600503)  core sigma:           0.00
     Atom  4  H   pos: (  0.588543  0.981190  0.376113)  core sigma:           0.00
     Atom  5  H   pos: (  0.321888  0.327063  0.260715)  core sigma:           0.00
     Atom  6  H   pos: (  0.187139  0.981190  0.715901)  core sigma:           0.00
     Atom  7  N   pos: (  0.684646  0.327063  0.236757)  core sigma:         235.78
     Atom  8  N   pos: ( -0.175619  0.981190  0.739859)  core sigma:         235.78
     Atom  9  N   pos: (  0.271782  0.327063  0.952490)  core sigma:         235.78
     Atom 10  N   pos: (  0.237244  0.981190  0.024126)  core sigma:         235.78
     Atom 11  N   pos: ( -0.462445  0.327063  0.936121)  core sigma:         235.78
     Atom 12  N   pos: (  0.971471  0.981190  0.040495)  core sigma:         235.78
     Atom 13  N   pos: (  0.119068  0.327063  0.214164)  core sigma:         235.78
     Atom 14  N   pos: (  0.389959  0.981190  0.762452)  core sigma:         235.78
 
     Bare contribution in ppm:
 
     Atom  1  C   pos: ( -0.091929  0.327063  0.383487)  bare sigma:         -59.02
           -70.6564          0.0000         -1.3091
            -0.0000        -11.5294         -0.0000
             9.4811          0.0000        -94.8798

     Atom  2  C   pos: (  0.600956  0.981190  0.593129)  bare sigma:         -59.02
           -70.6564         -0.0000         -1.3091
            -0.0000        -11.5294         -0.0000
             9.4811         -0.0000        -94.8798

     Atom  3  H   pos: ( -0.079516  0.327063  0.600503)  bare sigma:          12.87
            17.5172          0.0000         -0.0462
             0.0000          3.5788          0.0000
             0.7606          0.0000         17.5037

     Atom  4  H   pos: (  0.588543  0.981190  0.376113)  bare sigma:          12.87
            17.5172          0.0000         -0.0462
             0.0000          3.5788         -0.0000
             0.7606         -0.0000         17.5037

     Atom  5  H   pos: (  0.321888  0.327063  0.260715)  bare sigma:           5.16
            18.7252          0.0000          2.8489
             0.0000        -10.6691          0.0000
             2.1392          0.0000          7.4112

     Atom  6  H   pos: (  0.187139  0.981190  0.715901)  bare sigma:           5.16
            18.7252         -0.0000          2.8489
            -0.0000        -10.6691         -0.0000
             2.1392          0.0000          7.4112

     Atom  7  N   pos: (  0.684646  0.327063  0.236757)  bare sigma:         -59.20
           -91.3551          0.0000         -9.7963
            -0.0000         24.2831         -0.0000
             3.6288          0.0000       -110.5250

     Atom  8  N   pos: ( -0.175619  0.981190  0.739859)  bare sigma:         -59.20
           -91.3551         -0.0000         -9.7963
             0.0000         24.2831         -0.0000
             3.6288         -0.0000       -110.5250

     Atom  9  N   pos: (  0.271782  0.327063  0.952490)  bare sigma:         -84.88
          -133.4116         -0.0000         22.8842
             0.0000         11.9844         -0.0000
            26.6525         -0.0000       -133.1980

     Atom 10  N   pos: (  0.237244  0.981190  0.024126)  bare sigma:         -84.88
          -133.4116          0.0000         22.8842
             0.0000         11.9844          0.0000
            26.6525          0.0000       -133.1980

     Atom 11  N   pos: ( -0.462445  0.327063  0.936121)  bare sigma:         -74.64
          -115.4801         -0.0000        -17.9905
             0.0000         18.6248          0.0000
           -39.3813          0.0000       -127.0791

     Atom 12  N   pos: (  0.971471  0.981190  0.040495)  bare sigma:         -74.64
          -115.4801         -0.0000        -17.9905
            -0.0000         18.6248          0.0000
           -39.3813          0.0000       -127.0791

     Atom 13  N   pos: (  0.119068  0.327063  0.214164)  bare sigma:         -31.83
           -79.1356         -0.0000         -0.9119
             0.0000         19.2474         -0.0000
            -9.9547          0.0000        -35.6113

     Atom 14  N   pos: (  0.389959  0.981190  0.762452)  bare sigma:         -31.83
           -79.1356         -0.0000         -0.9119
            -0.0000         19.2474         -0.0000
            -9.9547          0.0000        -35.6113

     Diamagnetic contribution in ppm:
 
     Atom  1  C   pos: ( -0.091929  0.327063  0.383487)  dia sigma:           4.29
             4.3228          0.0000         -0.0542
             0.0000          4.4267          0.0000
            -0.0542          0.0000          4.1297

     Atom  2  C   pos: (  0.600956  0.981190  0.593129)  dia sigma:           4.29
             4.3228          0.0000         -0.0542
             0.0000          4.4267          0.0000
            -0.0542          0.0000          4.1297

     Atom  3  H   pos: ( -0.079516  0.327063  0.600503)  dia sigma:           1.11
             1.1086          0.0000         -0.0000
             0.0000          1.1086          0.0000
            -0.0000          0.0000          1.1086

     Atom  4  H   pos: (  0.588543  0.981190  0.376113)  dia sigma:           1.11
             1.1086          0.0000         -0.0000
             0.0000          1.1086          0.0000
            -0.0000          0.0000          1.1086

     Atom  5  H   pos: (  0.321888  0.327063  0.260715)  dia sigma:           1.00
             1.0008          0.0000         -0.0000
             0.0000          1.0008          0.0000
            -0.0000          0.0000          1.0008

     Atom  6  H   pos: (  0.187139  0.981190  0.715901)  dia sigma:           1.00
             1.0008          0.0000         -0.0000
             0.0000          1.0008          0.0000
            -0.0000          0.0000          1.0008

     Atom  7  N   pos: (  0.684646  0.327063  0.236757)  dia sigma:           8.74
             8.1965          0.0000          0.1080
             0.0000          8.9245          0.0000
             0.1080          0.0000          9.0855

     Atom  8  N   pos: ( -0.175619  0.981190  0.739859)  dia sigma:           8.74
             8.1965          0.0000          0.1080
             0.0000          8.9245          0.0000
             0.1080          0.0000          9.0855

     Atom  9  N   pos: (  0.271782  0.327063  0.952490)  dia sigma:           8.06
             8.0729          0.0000         -0.5062
             0.0000          8.2484          0.0000
            -0.5062          0.0000          7.8631

     Atom 10  N   pos: (  0.237244  0.981190  0.024126)  dia sigma:           8.06
             8.0729          0.0000         -0.5062
             0.0000          8.2484          0.0000
            -0.5062          0.0000          7.8631

     Atom 11  N   pos: ( -0.462445  0.327063  0.936121)  dia sigma:           8.07
             8.1003          0.0000          0.5169
             0.0000          8.1905          0.0000
             0.5169          0.0000          7.9186

     Atom 12  N   pos: (  0.971471  0.981190  0.040495)  dia sigma:           8.07
             8.1003          0.0000          0.5169
             0.0000          8.1905          0.0000
             0.5169          0.0000          7.9186

     Atom 13  N   pos: (  0.119068  0.327063  0.214164)  dia sigma:           9.74
             9.6098          0.0000          0.0214
             0.0000          9.5706          0.0000
             0.0214          0.0000         10.0483

     Atom 14  N   pos: (  0.389959  0.981190  0.762452)  dia sigma:           9.74
             9.6098          0.0000          0.0214
             0.0000          9.5706          0.0000
             0.0214          0.0000         10.0483

     Paramagnetic contribution in ppm:
 
     Atom  1  C   pos: ( -0.091929  0.327063  0.383487)  para sigma:        -112.38
          -118.7399          0.0000          0.2108
             0.0000        -72.1887          0.0000
            12.0497          0.0000       -146.2078

     Atom  2  C   pos: (  0.600956  0.981190  0.593129)  para sigma:        -112.38
          -118.7399          0.0000          0.2108
             0.0000        -72.1887          0.0000
            12.0497          0.0000       -146.2078

     Atom  3  H   pos: ( -0.079516  0.327063  0.600503)  para sigma:           0.00
             0.0000          0.0000          0.0000
             0.0000          0.0000          0.0000
             0.0000          0.0000          0.0000

     Atom  4  H   pos: (  0.588543  0.981190  0.376113)  para sigma:           0.00
             0.0000          0.0000          0.0000
             0.0000          0.0000          0.0000
             0.0000          0.0000          0.0000

     Atom  5  H   pos: (  0.321888  0.327063  0.260715)  para sigma:           0.00
             0.0000          0.0000          0.0000
             0.0000          0.0000          0.0000
             0.0000          0.0000          0.0000

     Atom  6  H   pos: (  0.187139  0.981190  0.715901)  para sigma:           0.00
             0.0000          0.0000          0.0000
             0.0000          0.0000          0.0000
             0.0000          0.0000          0.0000

     Atom  7  N   pos: (  0.684646  0.327063  0.236757)  para sigma:        -207.46
          -257.5349          0.0000         -9.5747
             0.0000        -72.5076          0.0000
            14.9846          0.0000       -292.3376

     Atom  8  N   pos: ( -0.175619  0.981190  0.739859)  para sigma:        -207.46
          -257.5349          0.0000         -9.5747
             0.0000        -72.5076          0.0000
            14.9846          0.0000       -292.3376

     Atom  9  N   pos: (  0.271782  0.327063  0.952490)  para sigma:        -248.85
          -326.7073          0.0000         44.0649
             0.0000        -91.9831          0.0000
            46.9941          0.0000       -327.8699

     Atom 10  N   pos: (  0.237244  0.981190  0.024126)  para sigma:        -248.85
          -326.7073          0.0000         44.0649
             0.0000        -91.9831          0.0000
            46.9941          0.0000       -327.8699

     Atom 11  N   pos: ( -0.462445  0.327063  0.936121)  para sigma:        -232.51
          -291.2698          0.0000        -32.4112
             0.0000        -86.2387          0.0000
           -70.0868          0.0000       -320.0201

     Atom 12  N   pos: (  0.971471  0.981190  0.040495)  para sigma:        -232.51
          -291.2698          0.0000        -32.4112
             0.0000        -86.2387          0.0000
           -70.0868          0.0000       -320.0201

     Atom 13  N   pos: (  0.119068  0.327063  0.214164)  para sigma:        -165.70
          -241.3318          0.0000         -8.4587
             0.0000        -94.4451          0.0000
           -27.0832          0.0000       -161.3103

     Atom 14  N   pos: (  0.389959  0.981190  0.762452)  para sigma:        -165.70
          -241.3318          0.0000         -8.4587
             0.0000        -94.4451          0.0000
           -27.0832          0.0000       -161.3103

     Paramagnetic US occ-occ contribution in ppm:
 
     Atom  1  C   pos: ( -0.091929  0.327063  0.383487)  para_oo sigma:          -2.04
            -2.2387          0.0000          0.1393
             0.0000         -1.1272          0.0000
            -0.1323          0.0000         -2.7488

     Atom  2  C   pos: (  0.600956  0.981190  0.593129)  para_oo sigma:          -2.04
            -2.2387          0.0000          0.1393
             0.0000         -1.1272          0.0000
            -0.1323          0.0000         -2.7488

     Atom  3  H   pos: ( -0.079516  0.327063  0.600503)  para_oo sigma:           0.00
             0.0000          0.0000          0.0000
             0.0000          0.0000          0.0000
             0.0000          0.0000          0.0000

     Atom  4  H   pos: (  0.588543  0.981190  0.376113)  para_oo sigma:           0.00
             0.0000          0.0000          0.0000
             0.0000          0.0000          0.0000
             0.0000          0.0000          0.0000

     Atom  5  H   pos: (  0.321888  0.327063  0.260715)  para_oo sigma:           0.00
             0.0000          0.0000          0.0000
             0.0000          0.0000          0.0000
             0.0000          0.0000          0.0000

     Atom  6  H   pos: (  0.187139  0.981190  0.715901)  para_oo sigma:           0.00
             0.0000          0.0000          0.0000
             0.0000          0.0000          0.0000
             0.0000          0.0000          0.0000

     Atom  7  N   pos: (  0.684646  0.327063  0.236757)  para_oo sigma:          -2.81
            -3.4431          0.0000         -1.7268
             0.0000         -1.4980          0.0000
            -0.7551          0.0000         -3.4827

     Atom  8  N   pos: ( -0.175619  0.981190  0.739859)  para_oo sigma:          -2.81
            -3.4431          0.0000         -1.7268
             0.0000         -1.4980          0.0000
            -0.7551          0.0000         -3.4827

     Atom  9  N   pos: (  0.271782  0.327063  0.952490)  para_oo sigma:          -4.45
            -4.6191          0.0000         -0.1899
             0.0000         -1.9926          0.0000
             0.8640          0.0000         -6.7323

     Atom 10  N   pos: (  0.237244  0.981190  0.024126)  para_oo sigma:          -4.45
            -4.6191          0.0000         -0.1899
             0.0000         -1.9926          0.0000
             0.8640          0.0000         -6.7323

     Atom 11  N   pos: ( -0.462445  0.327063  0.936121)  para_oo sigma:          -4.15
            -4.7270          0.0000          0.1757
             0.0000         -1.8756          0.0000
            -0.5995          0.0000         -5.8515

     Atom 12  N   pos: (  0.971471  0.981190  0.040495)  para_oo sigma:          -4.15
            -4.7270          0.0000          0.1757
             0.0000         -1.8756          0.0000
            -0.5995          0.0000         -5.8515

     Atom 13  N   pos: (  0.119068  0.327063  0.214164)  para_oo sigma:          -2.09
            -2.5940          0.0000          1.0706
             0.0000         -1.0270          0.0000
             0.4850          0.0000         -2.6629

     Atom 14  N   pos: (  0.389959  0.981190  0.762452)  para_oo sigma:          -2.09
            -2.5940          0.0000          1.0706
             0.0000         -1.0270          0.0000
             0.4850          0.0000         -2.6629

     Paramagnetic US L_R Q_R contribution in ppm:
 
     Atom  1  C   pos: ( -0.091929  0.327063  0.383487)  para_lq sigma:         -15.98
           -16.9033          0.0000         -0.1273
             0.0000        -12.1545          0.0000
             1.1244          0.0000        -18.8708

     Atom  2  C   pos: (  0.600956  0.981190  0.593129)  para_lq sigma:         -15.98
           -16.9033          0.0000         -0.1273
             0.0000        -12.1545          0.0000
             1.1244          0.0000        -18.8708

     Atom  3  H   pos: ( -0.079516  0.327063  0.600503)  para_lq sigma:           0.00
             0.0000          0.0000          0.0000
             0.0000          0.0000          0.0000
             0.0000          0.0000          0.0000

     Atom  4  H   pos: (  0.588543  0.981190  0.376113)  para_lq sigma:           0.00
             0.0000          0.0000          0.0000
             0.0000          0.0000          0.0000
             0.0000          0.0000          0.0000

     Atom  5  H   pos: (  0.321888  0.327063  0.260715)  para_lq sigma:           0.00
             0.0000          0.0000          0.0000
             0.0000          0.0000          0.0000
             0.0000          0.0000          0.0000

     Atom  6  H   pos: (  0.187139  0.981190  0.715901)  para_lq sigma:           0.00
             0.0000          0.0000          0.0000
             0.0000          0.0000          0.0000
             0.0000          0.0000          0.0000

     Atom  7  N   pos: (  0.684646  0.327063  0.236757)  para_lq sigma:         -74.79
           -74.5710          0.0000         -6.9810
             0.0000        -63.1696          0.0000
            -5.6019          0.0000        -86.6159

     Atom  8  N   pos: ( -0.175619  0.981190  0.739859)  para_lq sigma:         -74.79
           -74.5710          0.0000         -6.9810
             0.0000        -63.1696          0.0000
            -5.6019          0.0000        -86.6159

     Atom  9  N   pos: (  0.271782  0.327063  0.952490)  para_lq sigma:         -80.38
           -87.6641          0.0000          9.1042
             0.0000        -64.0902          0.0000
            11.3265          0.0000        -89.3713

     Atom 10  N   pos: (  0.237244  0.981190  0.024126)  para_lq sigma:         -80.38
           -87.6641          0.0000          9.1042
             0.0000        -64.0902          0.0000
            11.3265          0.0000        -89.3713

     Atom 11  N   pos: ( -0.462445  0.327063  0.936121)  para_lq sigma:         -79.95
           -86.4699          0.0000        -10.2178
             0.0000        -64.4414          0.0000
           -13.9309          0.0000        -88.9457

     Atom 12  N   pos: (  0.971471  0.981190  0.040495)  para_lq sigma:         -79.95
           -86.4699          0.0000        -10.2178
             0.0000        -64.4414          0.0000
           -13.9309          0.0000        -88.9457

     Atom 13  N   pos: (  0.119068  0.327063  0.214164)  para_lq sigma:         -68.79
           -77.4644          0.0000          2.8702
             0.0000        -56.6198          0.0000
             1.6878          0.0000        -72.2736

     Atom 14  N   pos: (  0.389959  0.981190  0.762452)  para_lq sigma:         -68.79
           -77.4644          0.0000          2.8702
             0.0000        -56.6198          0.0000
             1.6878          0.0000        -72.2736

 
     Total NMR chemical shifts in ppm: ---------------------------------------
     (adopting the Simpson convention for anisotropy and asymmetry)-----------
 
     Atom  1  C   pos: ( -0.091929  0.327063  0.383487)  Total sigma:          22.25
             0.3715          0.0000         -1.1406
            -0.0000        119.8087         -0.0000
            22.4687          0.0000        -53.4251

     C    1    anisotropy:    146.34    eta:   -0.5932
     C    1    sigma_11=      2.41    axis=( -0.982244 -0.000000 -0.187606)
     C    1    sigma_22=    -55.46    axis=( -0.187606  0.000000  0.982244)
     C    1    sigma_33=    119.81    axis=( -0.000000 -1.000000  0.000000)
 
     Atom  2  C   pos: (  0.600956  0.981190  0.593129)  Total sigma:          22.25
             0.3715         -0.0000         -1.1406
            -0.0000        119.8087         -0.0000
            22.4687         -0.0000        -53.4251

     C    2    anisotropy:    146.34    eta:   -0.5932
     C    2    sigma_11=      2.41    axis=( -0.982244 -0.000000 -0.187606)
     C    2    sigma_22=    -55.46    axis=( -0.187606  0.000000  0.982244)
     C    2    sigma_33=    119.81    axis=(  0.000000 -1.000000  0.000000)
 
     Atom  3  H   pos: ( -0.079516  0.327063  0.600503)  Total sigma:          20.84
            22.7028          0.0000         -0.0462
             0.0000         16.5593          0.0000
             0.7606          0.0000         23.2546

     H    3    anisotropy:     -6.42    eta:   -0.2109
     H    3    sigma_11=     22.53    axis=(  0.897583  0.000000 -0.440846)
     H    3    sigma_22=     23.43    axis=(  0.440846  0.000000  0.897583)
     H    3    sigma_33=     16.56    axis=(  0.000000 -1.000000  0.000000)
 
     Atom  4  H   pos: (  0.588543  0.981190  0.376113)  Total sigma:          20.84
            22.7028          0.0000         -0.0462
             0.0000         16.5593         -0.0000
             0.7606         -0.0000         23.2546

     H    4    anisotropy:     -6.42    eta:   -0.2109
     H    4    sigma_11=     22.53    axis=( -0.897583 -0.000000  0.440846)
     H    4    sigma_22=     23.43    axis=(  0.440846 -0.000000  0.897583)
     H    4    sigma_33=     16.56    axis=( -0.000000  1.000000  0.000000)
 
     Atom  5  H   pos: (  0.321888  0.327063  0.260715)  Total sigma:          13.02
            23.8030          0.0000          2.8489
             0.0000          2.2036          0.0000
             2.1392          0.0000         13.0543

     H    5    anisotropy:     17.00    eta:   -0.9088
     H    5    sigma_11=     12.50    axis=(  0.215539 -0.000000 -0.976495)
     H    5    sigma_22=      2.20    axis=(  0.000000 -1.000000  0.000000)
     H    5    sigma_33=     24.35    axis=(  0.976495  0.000000  0.215539)
 
     Atom  6  H   pos: (  0.187139  0.981190  0.715901)  Total sigma:          13.02
            23.8030         -0.0000          2.8489
            -0.0000          2.2036         -0.0000
             2.1392          0.0000         13.0543

     H    6    anisotropy:     17.00    eta:   -0.9088
     H    6    sigma_11=     12.50    axis=(  0.215539  0.000000 -0.976495)
     H    6    sigma_22=      2.20    axis=(  0.000000  1.000000  0.000000)
     H    6    sigma_33=     24.35    axis=( -0.976495  0.000000 -0.215539)
 
     Atom  7  N   pos: (  0.684646  0.327063  0.236757)  Total sigma:         -92.88
          -178.8545          0.0000        -27.9708
            -0.0000        143.6803         -0.0000
            12.3645          0.0000       -243.4573

     N    7    anisotropy:    354.84    eta:   -0.2810
     N    7    sigma_11=   -177.93    axis=(  0.992985 -0.000000 -0.118239)
     N    7    sigma_22=   -244.39    axis=(  0.118239  0.000000  0.992985)
     N    7    sigma_33=    143.68    axis=( -0.000000 -1.000000  0.000000)
 
     Atom  8  N   pos: ( -0.175619  0.981190  0.739859)  Total sigma:         -92.88
          -178.8545         -0.0000        -27.9708
             0.0000        143.6803         -0.0000
            12.3645         -0.0000       -243.4573

     N    8    anisotropy:    354.84    eta:   -0.2810
     N    8    sigma_11=   -177.93    axis=(  0.992985  0.000000 -0.118239)
     N    8    sigma_22=   -244.39    axis=(  0.118239  0.000000  0.992985)
     N    8    sigma_33=    143.68    axis=(  0.000000 -1.000000  0.000000)
 
     Atom  9  N   pos: (  0.271782  0.327063  0.952490)  Total sigma:        -167.85
          -304.4760         -0.0000         75.3572
             0.0000        109.8149         -0.0000
            85.3309         -0.0000       -308.8899

     N    9    anisotropy:    416.50    eta:   -0.5789
     N    9    sigma_11=   -226.31    axis=( -0.716749 -0.000000 -0.697331)
     N    9    sigma_22=   -387.06    axis=( -0.697331  0.000000  0.716749)
     N    9    sigma_33=    109.81    axis=( -0.000000  1.000000 -0.000000)
 
     Atom 10  N   pos: (  0.237244  0.981190  0.024126)  Total sigma:        -167.85
          -304.4760          0.0000         75.3572
             0.0000        109.8149          0.0000
            85.3309          0.0000       -308.8899

     N   10    anisotropy:    416.50    eta:   -0.5789
     N   10    sigma_11=   -226.31    axis=(  0.716749 -0.000000  0.697331)
     N   10    sigma_22=   -387.06    axis=( -0.697331 -0.000000  0.716749)
     N   10    sigma_33=    109.81    axis=( -0.000000 -1.000000 -0.000000)
 
     Atom 11  N   pos: ( -0.462445  0.327063  0.936121)  Total sigma:        -140.55
          -249.9933         -0.0000        -59.9268
             0.0000        121.9076          0.0000
          -123.4816          0.0000       -293.5592

     N   11    anisotropy:    393.68    eta:   -0.7183
     N   11    sigma_11=   -177.52    axis=( -0.784571 -0.000000  0.620039)
     N   11    sigma_22=   -366.03    axis=(  0.620039 -0.000000  0.784571)
     N   11    sigma_33=    121.91    axis=( -0.000000  1.000000  0.000000)
 
     Atom 12  N   pos: (  0.971471  0.981190  0.040495)  Total sigma:        -140.55
          -249.9933         -0.0000        -59.9268
            -0.0000        121.9076          0.0000
          -123.4816          0.0000       -293.5592

     N   12    anisotropy:    393.68    eta:   -0.7183
     N   12    sigma_11=   -177.52    axis=( -0.784571 -0.000000  0.620039)
     N   12    sigma_22=   -366.03    axis=(  0.620039  0.000000  0.784571)
     N   12    sigma_33=    121.91    axis=( -0.000000  1.000000  0.000000)
 
     Atom 13  N   pos: (  0.119068  0.327063  0.214164)  Total sigma:         -16.03
          -151.0628         -0.0000         -5.4084
             0.0000        124.3741         -0.0000
           -34.8436          0.0000        -21.3914

     N   13    anisotropy:    210.60    eta:   -0.9671
     N   13    sigma_11=    -18.34    axis=(  0.149925  0.000000 -0.988697)
     N   13    sigma_22=   -154.11    axis=( -0.988697  0.000000 -0.149925)
     N   13    sigma_33=    124.37    axis=(  0.000000  1.000000  0.000000)
 
     Atom 14  N   pos: (  0.389959  0.981190  0.762452)  Total sigma:         -16.03
          -151.0628         -0.0000         -5.4084
            -0.0000        124.3741         -0.0000
           -34.8436          0.0000        -21.3914

     N   14    anisotropy:    210.60    eta:   -0.9671
     N   14    sigma_11=    -18.34    axis=(  0.149925  0.000000 -0.988697)
     N   14    sigma_22=   -154.11    axis=(  0.988697  0.000000  0.149925)
     N   14    sigma_33=    124.37    axis=(  0.000000 -1.000000  0.000000)
 
     Initialization:
     gipaw_setup  :      0.20s CPU      0.27s WALL (       1 calls)
 
     Linear response
     greenf       :    778.65s CPU    804.68s WALL (     480 calls)
     cgsolve      :    772.35s CPU    798.38s WALL (     480 calls)
     ch_psi       :    758.02s CPU    784.01s WALL (   18963 calls)
     h_psiq       :    638.59s CPU    665.07s WALL (   18963 calls)
 
     Apply operators
     h_psi        :    660.41s CPU    691.30s WALL (   26927 calls)
     apply_vel    :     19.61s CPU     19.62s WALL (     420 calls)
 
     Induced current
     j_para       :     88.47s CPU     91.71s WALL (     540 calls)
     biot_savart  :      0.02s CPU      0.02s WALL (       1 calls)
 
     Other routines
 
     General routines
     calbec       :    144.13s CPU    144.50s WALL (   68913 calls)
     fft          :      0.04s CPU      0.05s WALL (      32 calls)
     fftw         :    582.55s CPU    613.54s WALL ( 1336084 calls)
     davcio       :      0.06s CPU      0.14s WALL (     320 calls)
 
     Parallel routines
     fft_scatter  :    197.17s CPU    206.63s WALL ( 1336116 calls)
 
     Plugins
 
     GIPAW        :   1076.35s CPU   1117.09s WALL (       1 calls)
