
     Program QE v.6.1 (svn rev. 13369) starts on  7Nov2017 at  0:51:44 

     This program is part of the open-source Quantum ESPRESSO suite
     for quantum simulation of materials; please cite
         "P. Giannozzi et al., J. Phys.:Condens. Matter 21 395502 (2009);
          URL http://www.quantum-espresso.org", 
     in publications or presentations arising from this work. More details at
     http://www.quantum-espresso.org/quote

     Parallel version (MPI), running on     8 processors
     R & G space division:  proc/nbgrp/npool/nimage =       8
 
     ***** This is GIPAW svn revision unknown      *****
 
     Parallelizing q-star over 1 images
     Message from routine gipaw_readin:
     *** iverbosity is obsolete, use verbosity instead ***

     Reading data from directory:
     /scratch/ahofstet/ML/CCDC/TIJKEC/wfc/scf.save

   Info: using nr1, nr2, nr3 values from input

   Info: using nr1, nr2, nr3 values from input

     IMPORTANT: XC functional enforced from input :
     Exchange-correlation      =  SLA  PW   PBX  PBC ( 1  4  3  4 0 0)
     Any further DFT definition will be discarded
     Please, verify this is what you really want

               file C.pbe-n-kjpaw_psl.0.1.UPF: wavefunction(s)  2P renormalized
               file N.pbe-n-kjpaw_psl.0.1.UPF: wavefunction(s)  2P renormalized
               file H.pbe-kjpaw_psl.0.1.UPF: wavefunction(s)  1S renormalized
               file O.pbe-n-kjpaw_psl.0.1.UPF: wavefunction(s)  2P renormalized
 
     Parallelization info
     --------------------
     sticks:   dense  smooth     PW     G-vecs:    dense   smooth      PW
     Min         386     386    105                25452    25452    3633
     Max         387     387    106                25455    25455    3635
     Sum        3089    3089    843               203623   203623   29073
 

     Check: negative/imaginary core charge=   -0.000002    0.000000

     Subspace diagonalization in iterative solution of the eigenvalue problem:
     a serial algorithm will be used

     GIPAW projectors -----------------------------------------------
     atom=  C    l=0  rc=    1.3000  rs=    0.8667
     atom=  C    l=0  rc=    1.3000  rs=    0.8667
     atom=  C    l=1  rc=    1.4500  rs=    0.9667
     atom=  C    l=1  rc=    1.4500  rs=    0.9667
     projs nearly linearly dependent: l=0  n1,n2= 1, 2  s=  0.99877758
     projs nearly linearly dependent: l=1  n1,n2= 1, 2  s=  0.99940894
 
     atom=  N    l=0  rc=    1.3000  rs=    0.8667
     atom=  N    l=0  rc=    1.3000  rs=    0.8667
     atom=  N    l=1  rc=    1.4500  rs=    0.9667
     atom=  N    l=1  rc=    1.4500  rs=    0.9667
     projs nearly linearly dependent: l=0  n1,n2= 1, 2  s=  0.99709514
     projs nearly linearly dependent: l=1  n1,n2= 1, 2  s=  0.99857174
 
     atom=  H    l=0  rc=    1.0000  rs=    0.6667
     atom=  H    l=0  rc=    1.0000  rs=    0.6667
     projs nearly linearly dependent: l=0  n1,n2= 1, 2  s=  0.99968852
 
     atom=  O    l=0  rc=    1.3500  rs=    0.9000
     atom=  O    l=0  rc=    1.3500  rs=    0.9000
     atom=  O    l=1  rc=    1.3500  rs=    0.9000
     atom=  O    l=1  rc=    1.3500  rs=    0.9000
     projs nearly linearly dependent: l=0  n1,n2= 1, 2  s=  0.99100135
     projs nearly linearly dependent: l=1  n1,n2= 1, 2  s=  0.99790100
     -----------------------------------------------------------------
 
     alpha_pv=     49.3564 eV
 
     q-space interpolation up to   110.00 Rydberg
 
     GIPAW job: nmr                                                                             
     NMR macroscopic correction: yes
             0.6667          0.0000          0.0000
             0.0000          0.6667          0.0000
             0.0000          0.0000          0.6667

 
     Largest allocated arrays     est. size (Mb)     dimensions
        KS wavefunctions at k           2.45 Mb     (    3213,   50)
        KS wavefunctions at k+q         2.45 Mb     (    3213,   50)
        First-order wavefunctions      24.51 Mb     (    3213,   50, 10)
        First-order wavefunct (US)     14.71 Mb     (    3213,   50,  6)
        Charge/spin density             0.43 Mb     (   56700,    1)
        Induced current                 3.89 Mb     (   56700,    3,3,1)
        Induced magnetic field          3.89 Mb     (   56700,    3,3,1)
        NL pseudopotentials             6.86 Mb     (    3213,  140)
        GIPAW NL terms                  6.86 Mb     (    3213,  140)
 
     Computing the magnetic susceptibility     isolve=0    ethr=  0.1000E-13
     k-point #    1 of    14      pool #  1    cpu time:       8.5
     Rotating WFCS
     Rotating WFCS
     Rotating WFCS
     Rotating WFCS
     Rotating WFCS
     Rotating WFCS
     Rotating WFCS
     k-point #    2 of    14      pool #  1    cpu time:     205.0
     Rotating WFCS
     Rotating WFCS
     Rotating WFCS
     Rotating WFCS
     Rotating WFCS
     Rotating WFCS
     Rotating WFCS
     k-point #    3 of    14      pool #  1    cpu time:     397.5
     Rotating WFCS
     Rotating WFCS
     Rotating WFCS
     Rotating WFCS
     Rotating WFCS
     Rotating WFCS
     Rotating WFCS
     k-point #    4 of    14      pool #  1    cpu time:     607.5
     Rotating WFCS
     Rotating WFCS
     Rotating WFCS
     Rotating WFCS
     Rotating WFCS
     Rotating WFCS
     Rotating WFCS
     k-point #    5 of    14      pool #  1    cpu time:     816.3
     Rotating WFCS
     Rotating WFCS
     Rotating WFCS
     Rotating WFCS
     Rotating WFCS
     Rotating WFCS
     Rotating WFCS
     k-point #    6 of    14      pool #  1    cpu time:    1024.6
     Rotating WFCS
     Rotating WFCS
     Rotating WFCS
     Rotating WFCS
     Rotating WFCS
     Rotating WFCS
     Rotating WFCS
     k-point #    7 of    14      pool #  1    cpu time:    1229.3
     Rotating WFCS
     c_bands:  1 eigenvalues not converged
     Rotating WFCS
     c_bands:  1 eigenvalues not converged
     Rotating WFCS
     c_bands:  1 eigenvalues not converged
     Rotating WFCS
     c_bands:  1 eigenvalues not converged
     Rotating WFCS
     c_bands:  1 eigenvalues not converged
     Rotating WFCS
     Rotating WFCS
     c_bands:  1 eigenvalues not converged
     k-point #    8 of    14      pool #  1    cpu time:    1452.9
     Rotating WFCS
     Rotating WFCS
     Rotating WFCS
     Rotating WFCS
     Rotating WFCS
     Rotating WFCS
     Rotating WFCS
     k-point #    9 of    14      pool #  1    cpu time:    1664.0
     Rotating WFCS
     c_bands:  1 eigenvalues not converged
     Rotating WFCS
     c_bands:  1 eigenvalues not converged
     Rotating WFCS
     c_bands:  1 eigenvalues not converged
     Rotating WFCS
     c_bands:  1 eigenvalues not converged
     Rotating WFCS
     c_bands:  1 eigenvalues not converged
     Rotating WFCS
     c_bands:  1 eigenvalues not converged
     Rotating WFCS
     c_bands:  1 eigenvalues not converged
     k-point #   10 of    14      pool #  1    cpu time:    1885.1
     Rotating WFCS
     Rotating WFCS
     Rotating WFCS
     Rotating WFCS
     Rotating WFCS
     Rotating WFCS
     Rotating WFCS
     k-point #   11 of    14      pool #  1    cpu time:    2097.2
     Rotating WFCS
     Rotating WFCS
     Rotating WFCS
     Rotating WFCS
     Rotating WFCS
     Rotating WFCS
     Rotating WFCS
     k-point #   12 of    14      pool #  1    cpu time:    2292.0
     Rotating WFCS
     Rotating WFCS
     Rotating WFCS
     Rotating WFCS
     Rotating WFCS
     Rotating WFCS
     Rotating WFCS
     k-point #   13 of    14      pool #  1    cpu time:    2484.5
     Rotating WFCS
     Rotating WFCS
     Rotating WFCS
     Rotating WFCS
     Rotating WFCS
     Rotating WFCS
     Rotating WFCS
     k-point #   14 of    14      pool #  1    cpu time:    2695.2
     Rotating WFCS
     c_bands:  1 eigenvalues not converged
     Rotating WFCS
     c_bands:  1 eigenvalues not converged
     Rotating WFCS
     c_bands:  1 eigenvalues not converged
     Rotating WFCS
     c_bands:  1 eigenvalues not converged
     Rotating WFCS
     c_bands:  1 eigenvalues not converged
     Rotating WFCS
     Rotating WFCS
     c_bands:  1 eigenvalues not converged
     End of magnetic susceptibility calculation
 
     f-sum rule (1st term):
           -80.0273         -0.0093         -0.0416
            -0.0092        -79.9504         -0.0065
            -0.0393         -0.0054        -79.9961

     f-sum rule (2nd term):
            -1.5727          0.0097          0.0406
             0.0093         -1.6508          0.0064
             0.0392          0.0054         -1.6047

     f-sum rule (should be   -81.6010):
           -81.6000          0.0004         -0.0010
             0.0002        -81.6012         -0.0001
            -0.0000         -0.0001        -81.6008

     chi_bare pGv (HH) in paratec units:
       -21.580677     -0.174477      0.737041
        -0.364642    -19.836769      0.637839
         0.378112      1.275511    -21.151797

       -21.580677     -0.174477      0.737041
        -0.364642    -19.836769      0.637839
         0.378112      1.275511    -21.151797

     chi_bare vGv (VV) in paratec units:
       -21.905088     -0.506531      1.331344
        -0.528431    -20.451085      0.841996
         1.320444      0.850299    -21.761959

       -21.905088     -0.506531      1.331344
        -0.528431    -20.451085      0.841996
         1.320444      0.850299    -21.761959

     chi_bare pGv (HH) in 10^{-6} cm^3/mol:
          -102.5534         -0.8291          3.5025
            -1.7328        -94.2662          3.0311
             1.7968          6.0613       -100.5153

     chi_bare vGv (VV) in 10^{-6} cm^3/mol:
          -104.0950         -2.4071          6.3267
            -2.5112        -97.1855          4.0012
             6.2749          4.0407       -103.4149

     Contributions to the NMR chemical shifts: -------------------------------
 
     Macroscopic shape contribution in ppm:                    6.17
             6.3873          0.0000          0.0000
             0.0000          5.8711          0.0000
             0.0000          0.0000          6.2603

 
     Core contribution in ppm:
 
     Atom  1  N   pos: ( -0.046528  0.350145  0.394073)  core sigma:         235.78
     Atom  2  N   pos: (  0.792024  0.559354  1.496920)  core sigma:         235.78
     Atom  3  O   pos: (  0.735221  0.264953  0.210302)  core sigma:         271.07
     Atom  4  O   pos: (  0.010275  0.644546  1.680691)  core sigma:         271.07
     Atom  5  O   pos: (  0.141595  0.153711  0.492998)  core sigma:         271.07
     Atom  6  O   pos: (  0.603901  0.755788  1.397995)  core sigma:         271.07
     Atom  7  N   pos: ( -0.030642  0.640097  0.462187)  core sigma:         235.78
     Atom  8  N   pos: (  0.776138  0.269402  1.428806)  core sigma:         235.78
     Atom  9  C   pos: (  0.259544  0.733826  0.597557)  core sigma:         200.51
     Atom 10  C   pos: (  0.485953  0.175673  1.293436)  core sigma:         200.51
     Atom 11  H   pos: (  0.461709  0.594150  0.518816)  core sigma:           0.00
     Atom 12  H   pos: (  0.283788  0.315349  1.372177)  core sigma:           0.00
     Atom 13  H   pos: (  0.257278  0.720131  0.851447)  core sigma:           0.00
     Atom 14  H   pos: (  0.488219  0.189368  1.039545)  core sigma:           0.00
     Atom 15  C   pos: (  0.306815  1.063175  0.487680)  core sigma:         200.51
     Atom 16  C   pos: (  0.438682 -0.153676  1.403313)  core sigma:         200.51
     Atom 17  H   pos: (  0.099002  1.142024  0.357127)  core sigma:           0.00
     Atom 18  H   pos: (  0.646494 -0.232525  1.533865)  core sigma:           0.00
     Atom 19  H   pos: (  0.341667  1.227345  0.676223)  core sigma:           0.00
     Atom 20  H   pos: (  0.403829 -0.317846  1.214770)  core sigma:           0.00
     Atom 21  N   pos: (  0.559452  1.103107  0.272236)  core sigma:         235.78
     Atom 22  N   pos: (  0.186044 -0.193608  1.618757)  core sigma:         235.78
     Atom 23  H   pos: (  0.769266  1.001453  0.356284)  core sigma:           0.00
     Atom 24  H   pos: ( -0.023769 -0.091953  1.534709)  core sigma:           0.00
     Atom 25  H   pos: (  0.584805  1.342859  0.224270)  core sigma:           0.00
     Atom 26  H   pos: (  0.160691 -0.433360  1.666723)  core sigma:           0.00
     Atom 27  H   pos: (  0.512911  0.991917  0.068491)  core sigma:           0.00
     Atom 28  H   pos: (  0.232586 -0.082418  1.822502)  core sigma:           0.00
 
     Bare contribution in ppm:
 
     Atom  1  N   pos: ( -0.046528  0.350145  0.394073)  bare sigma:         -70.60
           -77.5720          3.5142        -33.5171
            -8.3743        -70.2430        -10.9885
           -34.4853         -4.5243        -63.9715

     Atom  2  N   pos: (  0.792024  0.559354  1.496920)  bare sigma:         -70.60
           -77.5720          3.5142        -33.5171
            -8.3743        -70.2430        -10.9885
           -34.4853         -4.5243        -63.9715

     Atom  3  O   pos: (  0.735221  0.264953  0.210302)  bare sigma:         -27.19
           -10.1744         30.4567         -1.7289
            14.8537        -63.2634          9.8707
           -18.4252          5.7225         -8.1298

     Atom  4  O   pos: (  0.010275  0.644546  1.680691)  bare sigma:         -27.19
           -10.1744         30.4567         -1.7289
            14.8537        -63.2634          9.8707
           -18.4252          5.7225         -8.1298

     Atom  5  O   pos: (  0.141595  0.153711  0.492998)  bare sigma:         -46.14
           -50.9994          6.0495        -54.1380
             3.2704        -69.0938        -21.4384
           -44.8730         -5.6783        -18.3391

     Atom  6  O   pos: (  0.603901  0.755788  1.397995)  bare sigma:         -46.14
           -50.9994          6.0495        -54.1380
             3.2704        -69.0938        -21.4384
           -44.8730         -5.6783        -18.3391

     Atom  7  N   pos: ( -0.030642  0.640097  0.462187)  bare sigma:         -42.35
           -65.9774        -13.1215        -29.9409
             3.2444        -27.8062         -6.7679
           -36.0628        -22.6039        -33.2692

     Atom  8  N   pos: (  0.776138  0.269402  1.428806)  bare sigma:         -42.35
           -65.9774        -13.1215        -29.9409
             3.2444        -27.8062         -6.7679
           -36.0628        -22.6039        -33.2692

     Atom  9  C   pos: (  0.259544  0.733826  0.597557)  bare sigma:         -12.67
            -4.2381          8.2075          4.2170
            11.8385        -15.2847          0.2371
             4.1669          0.9017        -18.4782

     Atom 10  C   pos: (  0.485953  0.175673  1.293436)  bare sigma:         -12.67
            -4.2381          8.2075          4.2170
            11.8385        -15.2847          0.2371
             4.1669          0.9017        -18.4782

     Atom 11  H   pos: (  0.461709  0.594150  0.518816)  bare sigma:          17.74
            21.6234         -2.8876         -1.2629
            -1.5137         17.6523         -0.5178
            -2.5944          0.3629         13.9314

     Atom 12  H   pos: (  0.283788  0.315349  1.372177)  bare sigma:          17.74
            21.6234         -2.8876         -1.2629
            -1.5137         17.6523         -0.5178
            -2.5944          0.3629         13.9314

     Atom 13  H   pos: (  0.257278  0.720131  0.851447)  bare sigma:          19.17
            15.7429          0.4000          1.5914
             1.2847         16.3578         -0.5290
             2.9685          0.2865         25.3992

     Atom 14  H   pos: (  0.488219  0.189368  1.039545)  bare sigma:          19.17
            15.7429          0.4000          1.5914
             1.2847         16.3578         -0.5290
             2.9685          0.2865         25.3992

     Atom 15  C   pos: (  0.306815  1.063175  0.487680)  bare sigma:         -11.25
            -7.1913         -1.2964         -4.2186
             0.0665         -7.2310         -4.7205
            -5.1138         -3.2412        -19.3224

     Atom 16  C   pos: (  0.438682 -0.153676  1.403313)  bare sigma:         -11.25
            -7.1913         -1.2964         -4.2186
             0.0665         -7.2310         -4.7205
            -5.1138         -3.2412        -19.3224

     Atom 17  H   pos: (  0.099002  1.142024  0.357127)  bare sigma:          17.99
            22.9887         -2.8534          2.0496
            -2.7401         17.5872         -1.0394
             1.2301         -1.3641         13.3932

     Atom 18  H   pos: (  0.646494 -0.232525  1.533865)  bare sigma:          17.99
            22.9887         -2.8534          2.0496
            -2.7401         17.5872         -1.0394
             1.2301         -1.3641         13.3932

     Atom 19  H   pos: (  0.341667  1.227345  0.676223)  bare sigma:          19.42
            15.4979         -0.0162         -1.2518
             0.5543         21.4017          2.9685
            -0.8172          2.5652         21.3699

     Atom 20  H   pos: (  0.403829 -0.317846  1.214770)  bare sigma:          19.42
            15.4979         -0.0162         -1.2518
             0.5543         21.4017          2.9685
            -0.8172          2.5652         21.3699

     Atom 21  N   pos: (  0.559452  1.103107  0.272236)  bare sigma:          37.48
            38.2946          0.7819         -0.3759
            -2.4374         39.9306          0.0398
             1.6442          1.0304         34.2014

     Atom 22  N   pos: (  0.186044 -0.193608  1.618757)  bare sigma:          37.48
            38.2946          0.7819         -0.3759
            -2.4374         39.9306          0.0398
             1.6442          1.0304         34.2014

     Atom 23  H   pos: (  0.769266  1.001453  0.356284)  bare sigma:          12.69
            22.3143         -7.5885          5.6668
            -7.1752         11.7526         -4.0387
             4.5733         -4.5430          4.0174

     Atom 24  H   pos: ( -0.023769 -0.091953  1.534709)  bare sigma:          12.69
            22.3143         -7.5885          5.6668
            -7.1752         11.7526         -4.0387
             4.5733         -4.5430          4.0174

     Atom 25  H   pos: (  0.584805  1.342859  0.224270)  bare sigma:           9.82
             0.6239          4.3375         -0.8129
             2.6543         29.0588         -2.3605
            -0.9668         -3.4925         -0.2105

     Atom 26  H   pos: (  0.160691 -0.433360  1.666723)  bare sigma:           9.82
             0.6239          4.3375         -0.8129
             2.6543         29.0588         -2.3605
            -0.9668         -3.4925         -0.2105

     Atom 27  H   pos: (  0.512911  0.991917  0.068491)  bare sigma:          19.93
            17.3538          0.9600          1.3158
             1.1811         16.7611          4.2076
             1.3900          4.4122         25.6757

     Atom 28  H   pos: (  0.232586 -0.082418  1.822502)  bare sigma:          19.93
            17.3538          0.9600          1.3158
             1.1811         16.7611          4.2076
             1.3900          4.4122         25.6757

     Diamagnetic contribution in ppm:
 
     Atom  1  N   pos: ( -0.046528  0.350145  0.394073)  dia sigma:           8.76
             8.8120         -0.0417          0.1107
            -0.0417          8.7217          0.0141
             0.1107          0.0141          8.7491

     Atom  2  N   pos: (  0.792024  0.559354  1.496920)  dia sigma:           8.76
             8.8120         -0.0417          0.1107
            -0.0417          8.7217          0.0141
             0.1107          0.0141          8.7491

     Atom  3  O   pos: (  0.735221  0.264953  0.210302)  dia sigma:          17.21
            17.6010          0.4963          0.7251
             0.4963         16.5316          0.3949
             0.7251          0.3949         17.4828

     Atom  4  O   pos: (  0.010275  0.644546  1.680691)  dia sigma:          17.21
            17.6010          0.4963          0.7251
             0.4963         16.5316          0.3949
             0.7251          0.3949         17.4828

     Atom  5  O   pos: (  0.141595  0.153711  0.492998)  dia sigma:          17.10
            17.3226         -0.8621          0.0515
            -0.8621         17.1195         -0.6869
             0.0515         -0.6869         16.8490

     Atom  6  O   pos: (  0.603901  0.755788  1.397995)  dia sigma:          17.10
            17.3226         -0.8621          0.0515
            -0.8621         17.1195         -0.6869
             0.0515         -0.6869         16.8490

     Atom  7  N   pos: ( -0.030642  0.640097  0.462187)  dia sigma:           8.85
             8.7329          0.3055          0.0067
             0.3055          9.1504          0.2752
             0.0067          0.2752          8.6803

     Atom  8  N   pos: (  0.776138  0.269402  1.428806)  dia sigma:           8.85
             8.7329          0.3055          0.0067
             0.3055          9.1504          0.2752
             0.0067          0.2752          8.6803

     Atom  9  C   pos: (  0.259544  0.733826  0.597557)  dia sigma:           4.28
             4.3436          0.0822          0.0702
             0.0822          4.2600         -0.0076
             0.0702         -0.0076          4.2265

     Atom 10  C   pos: (  0.485953  0.175673  1.293436)  dia sigma:           4.28
             4.3436          0.0822          0.0702
             0.0822          4.2600         -0.0076
             0.0702         -0.0076          4.2265

     Atom 11  H   pos: (  0.461709  0.594150  0.518816)  dia sigma:           1.09
             1.0944         -0.0000         -0.0000
            -0.0000          1.0944          0.0000
            -0.0000          0.0000          1.0944

     Atom 12  H   pos: (  0.283788  0.315349  1.372177)  dia sigma:           1.09
             1.0944         -0.0000         -0.0000
            -0.0000          1.0944          0.0000
            -0.0000          0.0000          1.0944

     Atom 13  H   pos: (  0.257278  0.720131  0.851447)  dia sigma:           1.13
             1.1310         -0.0000         -0.0000
            -0.0000          1.1310          0.0000
            -0.0000          0.0000          1.1310

     Atom 14  H   pos: (  0.488219  0.189368  1.039545)  dia sigma:           1.13
             1.1310         -0.0000         -0.0000
            -0.0000          1.1310          0.0000
            -0.0000          0.0000          1.1310

     Atom 15  C   pos: (  0.306815  1.063175  0.487680)  dia sigma:           4.29
             4.3478          0.0170         -0.1458
             0.0170          4.2199         -0.0311
            -0.1458         -0.0311          4.3056

     Atom 16  C   pos: (  0.438682 -0.153676  1.403313)  dia sigma:           4.29
             4.3478          0.0170         -0.1458
             0.0170          4.2199         -0.0311
            -0.1458         -0.0311          4.3056

     Atom 17  H   pos: (  0.099002  1.142024  0.357127)  dia sigma:           1.12
             1.1222         -0.0000         -0.0000
            -0.0000          1.1222          0.0000
            -0.0000          0.0000          1.1222

     Atom 18  H   pos: (  0.646494 -0.232525  1.533865)  dia sigma:           1.12
             1.1222         -0.0000         -0.0000
            -0.0000          1.1222          0.0000
            -0.0000          0.0000          1.1222

     Atom 19  H   pos: (  0.341667  1.227345  0.676223)  dia sigma:           1.15
             1.1505         -0.0000         -0.0000
            -0.0000          1.1505          0.0000
            -0.0000          0.0000          1.1505

     Atom 20  H   pos: (  0.403829 -0.317846  1.214770)  dia sigma:           1.15
             1.1505         -0.0000         -0.0000
            -0.0000          1.1505          0.0000
            -0.0000          0.0000          1.1505

     Atom 21  N   pos: (  0.559452  1.103107  0.272236)  dia sigma:           9.95
             9.9945          0.0191         -0.0824
             0.0191          9.7780          0.0632
            -0.0824          0.0632         10.0646

     Atom 22  N   pos: (  0.186044 -0.193608  1.618757)  dia sigma:           9.95
             9.9945          0.0191         -0.0824
             0.0191          9.7780          0.0632
            -0.0824          0.0632         10.0646

     Atom 23  H   pos: (  0.769266  1.001453  0.356284)  dia sigma:           0.97
             0.9714         -0.0000         -0.0000
            -0.0000          0.9714          0.0000
            -0.0000          0.0000          0.9714

     Atom 24  H   pos: ( -0.023769 -0.091953  1.534709)  dia sigma:           0.97
             0.9714         -0.0000         -0.0000
            -0.0000          0.9714          0.0000
            -0.0000          0.0000          0.9714

     Atom 25  H   pos: (  0.584805  1.342859  0.224270)  dia sigma:           0.96
             0.9581         -0.0000         -0.0000
            -0.0000          0.9581          0.0000
            -0.0000          0.0000          0.9581

     Atom 26  H   pos: (  0.160691 -0.433360  1.666723)  dia sigma:           0.96
             0.9581         -0.0000         -0.0000
            -0.0000          0.9581          0.0000
            -0.0000          0.0000          0.9581

     Atom 27  H   pos: (  0.512911  0.991917  0.068491)  dia sigma:           1.09
             1.0901         -0.0000         -0.0000
            -0.0000          1.0901          0.0000
            -0.0000          0.0000          1.0901

     Atom 28  H   pos: (  0.232586 -0.082418  1.822502)  dia sigma:           1.09
             1.0901         -0.0000         -0.0000
            -0.0000          1.0901          0.0000
            -0.0000          0.0000          1.0901

     Paramagnetic contribution in ppm:
 
     Atom  1  N   pos: ( -0.046528  0.350145  0.394073)  para sigma:        -224.94
          -240.0959          8.3974        -70.6323
            -9.8746       -230.5183        -21.4424
           -74.4175         -8.9600       -204.1988

     Atom  2  N   pos: (  0.792024  0.559354  1.496920)  para sigma:        -224.94
          -240.0959          8.3974        -70.6323
            -9.8746       -230.5183        -21.4424
           -74.4175         -8.9600       -204.1988

     Atom  3  O   pos: (  0.735221  0.264953  0.210302)  para sigma:        -187.89
          -152.5177         55.9558         -1.7894
            35.0518       -258.4925         26.4732
           -40.1403         11.3667       -152.6581

     Atom  4  O   pos: (  0.010275  0.644546  1.680691)  para sigma:        -187.89
          -152.5177         55.9558         -1.7894
            35.0518       -258.4925         26.4732
           -40.1403         11.3667       -152.6581

     Atom  5  O   pos: (  0.141595  0.153711  0.492998)  para sigma:        -225.83
          -237.2693         24.6465       -112.8579
            12.3440       -277.7481        -42.6433
           -96.4796         -3.9165       -162.4737

     Atom  6  O   pos: (  0.603901  0.755788  1.397995)  para sigma:        -225.83
          -237.2693         24.6465       -112.8579
            12.3440       -277.7481        -42.6433
           -96.4796         -3.9165       -162.4737

     Atom  7  N   pos: ( -0.030642  0.640097  0.462187)  para sigma:        -166.37
          -206.9083        -23.4789        -50.5301
            -1.7914       -143.1254        -15.5675
           -56.7613        -40.3224       -149.0739

     Atom  8  N   pos: (  0.776138  0.269402  1.428806)  para sigma:        -166.37
          -206.9083        -23.4789        -50.5301
            -1.7914       -143.1254        -15.5675
           -56.7613        -40.3224       -149.0739

     Atom  9  C   pos: (  0.259544  0.733826  0.597557)  para sigma:         -63.33
           -56.1532          4.3725          2.7462
             6.8318        -65.5797          0.3841
             2.7846          0.6807        -68.2425

     Atom 10  C   pos: (  0.485953  0.175673  1.293436)  para sigma:         -63.33
           -56.1532          4.3725          2.7462
             6.8318        -65.5797          0.3841
             2.7846          0.6807        -68.2425

     Atom 11  H   pos: (  0.461709  0.594150  0.518816)  para sigma:           0.00
             0.0000          0.0000          0.0000
             0.0000          0.0000          0.0000
             0.0000          0.0000          0.0000

     Atom 12  H   pos: (  0.283788  0.315349  1.372177)  para sigma:           0.00
             0.0000          0.0000          0.0000
             0.0000          0.0000          0.0000
             0.0000          0.0000          0.0000

     Atom 13  H   pos: (  0.257278  0.720131  0.851447)  para sigma:           0.00
             0.0000          0.0000          0.0000
             0.0000          0.0000          0.0000
             0.0000          0.0000          0.0000

     Atom 14  H   pos: (  0.488219  0.189368  1.039545)  para sigma:           0.00
             0.0000          0.0000          0.0000
             0.0000          0.0000          0.0000
             0.0000          0.0000          0.0000

     Atom 15  C   pos: (  0.306815  1.063175  0.487680)  para sigma:         -63.22
           -60.8749         -2.9964          1.4753
            -1.7053        -59.2628         -3.0020
             0.4987         -1.0269        -69.5183

     Atom 16  C   pos: (  0.438682 -0.153676  1.403313)  para sigma:         -63.22
           -60.8749         -2.9964          1.4753
            -1.7053        -59.2628         -3.0020
             0.4987         -1.0269        -69.5183

     Atom 17  H   pos: (  0.099002  1.142024  0.357127)  para sigma:           0.00
             0.0000          0.0000          0.0000
             0.0000          0.0000          0.0000
             0.0000          0.0000          0.0000

     Atom 18  H   pos: (  0.646494 -0.232525  1.533865)  para sigma:           0.00
             0.0000          0.0000          0.0000
             0.0000          0.0000          0.0000
             0.0000          0.0000          0.0000

     Atom 19  H   pos: (  0.341667  1.227345  0.676223)  para sigma:           0.00
             0.0000          0.0000          0.0000
             0.0000          0.0000          0.0000
             0.0000          0.0000          0.0000

     Atom 20  H   pos: (  0.403829 -0.317846  1.214770)  para sigma:           0.00
             0.0000          0.0000          0.0000
             0.0000          0.0000          0.0000
             0.0000          0.0000          0.0000

     Atom 21  N   pos: (  0.559452  1.103107  0.272236)  para sigma:         -43.78
           -47.4488         -0.2587          5.1878
            -5.6771        -36.5644          2.2404
             9.5086          4.6908        -47.3263

     Atom 22  N   pos: (  0.186044 -0.193608  1.618757)  para sigma:         -43.78
           -47.4488         -0.2587          5.1878
            -5.6771        -36.5644          2.2404
             9.5086          4.6908        -47.3263

     Atom 23  H   pos: (  0.769266  1.001453  0.356284)  para sigma:           0.00
             0.0000          0.0000          0.0000
             0.0000          0.0000          0.0000
             0.0000          0.0000          0.0000

     Atom 24  H   pos: ( -0.023769 -0.091953  1.534709)  para sigma:           0.00
             0.0000          0.0000          0.0000
             0.0000          0.0000          0.0000
             0.0000          0.0000          0.0000

     Atom 25  H   pos: (  0.584805  1.342859  0.224270)  para sigma:           0.00
             0.0000          0.0000          0.0000
             0.0000          0.0000          0.0000
             0.0000          0.0000          0.0000

     Atom 26  H   pos: (  0.160691 -0.433360  1.666723)  para sigma:           0.00
             0.0000          0.0000          0.0000
             0.0000          0.0000          0.0000
             0.0000          0.0000          0.0000

     Atom 27  H   pos: (  0.512911  0.991917  0.068491)  para sigma:           0.00
             0.0000          0.0000          0.0000
             0.0000          0.0000          0.0000
             0.0000          0.0000          0.0000

     Atom 28  H   pos: (  0.232586 -0.082418  1.822502)  para sigma:           0.00
             0.0000          0.0000          0.0000
             0.0000          0.0000          0.0000
             0.0000          0.0000          0.0000

     Paramagnetic US occ-occ contribution in ppm:
 
     Atom  1  N   pos: ( -0.046528  0.350145  0.394073)  para_oo sigma:          -3.40
            -4.2080         -0.1061         -1.4537
             0.0826         -2.8474         -0.0463
            -1.2075         -0.1347         -3.1525

     Atom  2  N   pos: (  0.792024  0.559354  1.496920)  para_oo sigma:          -3.40
            -4.2080         -0.1061         -1.4537
             0.0826         -2.8474         -0.0463
            -1.2075         -0.1347         -3.1525

     Atom  3  O   pos: (  0.735221  0.264953  0.210302)  para_oo sigma:          -5.31
            -4.0326          3.1361         -1.5272
             2.0213         -9.4468          0.9263
            -1.1895          0.4320         -2.4438

     Atom  4  O   pos: (  0.010275  0.644546  1.680691)  para_oo sigma:          -5.31
            -4.0326          3.1361         -1.5272
             2.0213         -9.4468          0.9263
            -1.1895          0.4320         -2.4438

     Atom  5  O   pos: (  0.141595  0.153711  0.492998)  para_oo sigma:          -5.60
            -4.5896         -2.6226         -2.2989
            -1.9346         -7.2915         -3.0307
            -1.4652         -2.7972         -4.9315

     Atom  6  O   pos: (  0.603901  0.755788  1.397995)  para_oo sigma:          -5.60
            -4.5896         -2.6226         -2.2989
            -1.9346         -7.2915         -3.0307
            -1.4652         -2.7972         -4.9315

     Atom  7  N   pos: ( -0.030642  0.640097  0.462187)  para_oo sigma:          -3.69
            -6.3456          0.3712         -2.6696
             0.9800         -1.6820          0.4613
            -3.5680          0.2916         -3.0571

     Atom  8  N   pos: (  0.776138  0.269402  1.428806)  para_oo sigma:          -3.69
            -6.3456          0.3712         -2.6696
             0.9800         -1.6820          0.4613
            -3.5680          0.2916         -3.0571

     Atom  9  C   pos: (  0.259544  0.733826  0.597557)  para_oo sigma:          -0.34
            -0.1991          0.2134          0.0462
             0.2125         -0.5479          0.1558
             0.0782          0.1015         -0.2717

     Atom 10  C   pos: (  0.485953  0.175673  1.293436)  para_oo sigma:          -0.34
            -0.1991          0.2134          0.0462
             0.2125         -0.5479          0.1558
             0.0782          0.1015         -0.2717

     Atom 11  H   pos: (  0.461709  0.594150  0.518816)  para_oo sigma:           0.00
             0.0000          0.0000          0.0000
             0.0000          0.0000          0.0000
             0.0000          0.0000          0.0000

     Atom 12  H   pos: (  0.283788  0.315349  1.372177)  para_oo sigma:           0.00
             0.0000          0.0000          0.0000
             0.0000          0.0000          0.0000
             0.0000          0.0000          0.0000

     Atom 13  H   pos: (  0.257278  0.720131  0.851447)  para_oo sigma:           0.00
             0.0000          0.0000          0.0000
             0.0000          0.0000          0.0000
             0.0000          0.0000          0.0000

     Atom 14  H   pos: (  0.488219  0.189368  1.039545)  para_oo sigma:           0.00
             0.0000          0.0000          0.0000
             0.0000          0.0000          0.0000
             0.0000          0.0000          0.0000

     Atom 15  C   pos: (  0.306815  1.063175  0.487680)  para_oo sigma:          -0.17
            -0.1349         -0.0531          0.0487
            -0.0434         -0.1509          0.0369
             0.0530          0.0684         -0.2310

     Atom 16  C   pos: (  0.438682 -0.153676  1.403313)  para_oo sigma:          -0.17
            -0.1349         -0.0531          0.0487
            -0.0434         -0.1509          0.0369
             0.0530          0.0684         -0.2310

     Atom 17  H   pos: (  0.099002  1.142024  0.357127)  para_oo sigma:           0.00
             0.0000          0.0000          0.0000
             0.0000          0.0000          0.0000
             0.0000          0.0000          0.0000

     Atom 18  H   pos: (  0.646494 -0.232525  1.533865)  para_oo sigma:           0.00
             0.0000          0.0000          0.0000
             0.0000          0.0000          0.0000
             0.0000          0.0000          0.0000

     Atom 19  H   pos: (  0.341667  1.227345  0.676223)  para_oo sigma:           0.00
             0.0000          0.0000          0.0000
             0.0000          0.0000          0.0000
             0.0000          0.0000          0.0000

     Atom 20  H   pos: (  0.403829 -0.317846  1.214770)  para_oo sigma:           0.00
             0.0000          0.0000          0.0000
             0.0000          0.0000          0.0000
             0.0000          0.0000          0.0000

     Atom 21  N   pos: (  0.559452  1.103107  0.272236)  para_oo sigma:          -0.19
            -0.2541         -0.0914          0.0626
            -0.0841         -0.1261         -0.0069
             0.1149          0.0053         -0.1814

     Atom 22  N   pos: (  0.186044 -0.193608  1.618757)  para_oo sigma:          -0.19
            -0.2541         -0.0914          0.0626
            -0.0841         -0.1261         -0.0069
             0.1149          0.0053         -0.1814

     Atom 23  H   pos: (  0.769266  1.001453  0.356284)  para_oo sigma:           0.00
             0.0000          0.0000          0.0000
             0.0000          0.0000          0.0000
             0.0000          0.0000          0.0000

     Atom 24  H   pos: ( -0.023769 -0.091953  1.534709)  para_oo sigma:           0.00
             0.0000          0.0000          0.0000
             0.0000          0.0000          0.0000
             0.0000          0.0000          0.0000

     Atom 25  H   pos: (  0.584805  1.342859  0.224270)  para_oo sigma:           0.00
             0.0000          0.0000          0.0000
             0.0000          0.0000          0.0000
             0.0000          0.0000          0.0000

     Atom 26  H   pos: (  0.160691 -0.433360  1.666723)  para_oo sigma:           0.00
             0.0000          0.0000          0.0000
             0.0000          0.0000          0.0000
             0.0000          0.0000          0.0000

     Atom 27  H   pos: (  0.512911  0.991917  0.068491)  para_oo sigma:           0.00
             0.0000          0.0000          0.0000
             0.0000          0.0000          0.0000
             0.0000          0.0000          0.0000

     Atom 28  H   pos: (  0.232586 -0.082418  1.822502)  para_oo sigma:           0.00
             0.0000          0.0000          0.0000
             0.0000          0.0000          0.0000
             0.0000          0.0000          0.0000

     Paramagnetic US L_R Q_R contribution in ppm:
 
     Atom  1  N   pos: ( -0.046528  0.350145  0.394073)  para_lq sigma:         -75.19
           -77.1329          1.1045        -12.9403
            -1.7289        -78.0656         -4.9084
           -12.8924         -3.0154        -70.3573

     Atom  2  N   pos: (  0.792024  0.559354  1.496920)  para_lq sigma:         -75.19
           -77.1329          1.1045        -12.9403
            -1.7289        -78.0656         -4.9084
           -12.8924         -3.0154        -70.3573

     Atom  3  O   pos: (  0.735221  0.264953  0.210302)  para_lq sigma:        -166.51
          -162.4224          9.3576         -6.5301
            -2.5469       -180.5937         -3.8784
            -8.2400         -0.6007       -156.5282

     Atom  4  O   pos: (  0.010275  0.644546  1.680691)  para_lq sigma:        -166.51
          -162.4224          9.3576         -6.5301
            -2.5469       -180.5937         -3.8784
            -8.2400         -0.6007       -156.5282

     Atom  5  O   pos: (  0.141595  0.153711  0.492998)  para_lq sigma:        -173.91
          -175.6951          1.5267        -16.8090
             8.0156       -181.5263         -1.9947
           -11.8985         -3.0583       -164.5083

     Atom  6  O   pos: (  0.603901  0.755788  1.397995)  para_lq sigma:        -173.91
          -175.6951          1.5267        -16.8090
             8.0156       -181.5263         -1.9947
           -11.8985         -3.0583       -164.5083

     Atom  7  N   pos: ( -0.030642  0.640097  0.462187)  para_lq sigma:         -78.46
           -88.7259         -6.3682        -13.4057
             0.7122        -74.6706         -2.2961
           -16.2460         -6.3162        -71.9875

     Atom  8  N   pos: (  0.776138  0.269402  1.428806)  para_lq sigma:         -78.46
           -88.7259         -6.3682        -13.4057
             0.7122        -74.6706         -2.2961
           -16.2460         -6.3162        -71.9875

     Atom  9  C   pos: (  0.259544  0.733826  0.597557)  para_lq sigma:         -11.53
           -11.3978          0.0638         -0.3715
            -0.1242        -11.7585          0.0167
            -0.2774          0.2764        -11.4394

     Atom 10  C   pos: (  0.485953  0.175673  1.293436)  para_lq sigma:         -11.53
           -11.3978          0.0638         -0.3715
            -0.1242        -11.7585          0.0167
            -0.2774          0.2764        -11.4394

     Atom 11  H   pos: (  0.461709  0.594150  0.518816)  para_lq sigma:           0.00
             0.0000          0.0000          0.0000
             0.0000          0.0000          0.0000
             0.0000          0.0000          0.0000

     Atom 12  H   pos: (  0.283788  0.315349  1.372177)  para_lq sigma:           0.00
             0.0000          0.0000          0.0000
             0.0000          0.0000          0.0000
             0.0000          0.0000          0.0000

     Atom 13  H   pos: (  0.257278  0.720131  0.851447)  para_lq sigma:           0.00
             0.0000          0.0000          0.0000
             0.0000          0.0000          0.0000
             0.0000          0.0000          0.0000

     Atom 14  H   pos: (  0.488219  0.189368  1.039545)  para_lq sigma:           0.00
             0.0000          0.0000          0.0000
             0.0000          0.0000          0.0000
             0.0000          0.0000          0.0000

     Atom 15  C   pos: (  0.306815  1.063175  0.487680)  para_lq sigma:         -11.06
           -11.2004         -0.1849          0.7241
            -0.0611        -10.7292         -0.0326
             0.7375          0.1776        -11.2382

     Atom 16  C   pos: (  0.438682 -0.153676  1.403313)  para_lq sigma:         -11.06
           -11.2004         -0.1849          0.7241
            -0.0611        -10.7292         -0.0326
             0.7375          0.1776        -11.2382

     Atom 17  H   pos: (  0.099002  1.142024  0.357127)  para_lq sigma:           0.00
             0.0000          0.0000          0.0000
             0.0000          0.0000          0.0000
             0.0000          0.0000          0.0000

     Atom 18  H   pos: (  0.646494 -0.232525  1.533865)  para_lq sigma:           0.00
             0.0000          0.0000          0.0000
             0.0000          0.0000          0.0000
             0.0000          0.0000          0.0000

     Atom 19  H   pos: (  0.341667  1.227345  0.676223)  para_lq sigma:           0.00
             0.0000          0.0000          0.0000
             0.0000          0.0000          0.0000
             0.0000          0.0000          0.0000

     Atom 20  H   pos: (  0.403829 -0.317846  1.214770)  para_lq sigma:           0.00
             0.0000          0.0000          0.0000
             0.0000          0.0000          0.0000
             0.0000          0.0000          0.0000

     Atom 21  N   pos: (  0.559452  1.103107  0.272236)  para_lq sigma:         -58.52
           -58.7412         -0.2654          0.3512
            -0.3100        -57.4880         -0.5455
             0.6200         -0.5971        -59.3444

     Atom 22  N   pos: (  0.186044 -0.193608  1.618757)  para_lq sigma:         -58.52
           -58.7412         -0.2654          0.3512
            -0.3100        -57.4880         -0.5455
             0.6200         -0.5971        -59.3444

     Atom 23  H   pos: (  0.769266  1.001453  0.356284)  para_lq sigma:           0.00
             0.0000          0.0000          0.0000
             0.0000          0.0000          0.0000
             0.0000          0.0000          0.0000

     Atom 24  H   pos: ( -0.023769 -0.091953  1.534709)  para_lq sigma:           0.00
             0.0000          0.0000          0.0000
             0.0000          0.0000          0.0000
             0.0000          0.0000          0.0000

     Atom 25  H   pos: (  0.584805  1.342859  0.224270)  para_lq sigma:           0.00
             0.0000          0.0000          0.0000
             0.0000          0.0000          0.0000
             0.0000          0.0000          0.0000

     Atom 26  H   pos: (  0.160691 -0.433360  1.666723)  para_lq sigma:           0.00
             0.0000          0.0000          0.0000
             0.0000          0.0000          0.0000
             0.0000          0.0000          0.0000

     Atom 27  H   pos: (  0.512911  0.991917  0.068491)  para_lq sigma:           0.00
             0.0000          0.0000          0.0000
             0.0000          0.0000          0.0000
             0.0000          0.0000          0.0000

     Atom 28  H   pos: (  0.232586 -0.082418  1.822502)  para_lq sigma:           0.00
             0.0000          0.0000          0.0000
             0.0000          0.0000          0.0000
             0.0000          0.0000          0.0000

 
     Total NMR chemical shifts in ppm: ---------------------------------------
     (adopting the Simpson convention for anisotropy and asymmetry)-----------
 
     Atom  1  N   pos: ( -0.046528  0.350145  0.394073)  Total sigma:        -123.41
          -148.0333         12.8683       -118.4327
           -19.9370       -131.3053        -37.3713
          -122.8920        -16.6204        -90.8946

     N    1    anisotropy:    195.86    eta:   -0.8899
     N    1    sigma_11=   -130.60    axis=( -0.217444  0.976069  0.002833)
     N    1    sigma_22=   -246.80    axis=( -0.765146 -0.168652 -0.621376)
     N    1    sigma_33=      7.17    axis=( -0.606028 -0.137282  0.783508)
 
     Atom  2  N   pos: (  0.792024  0.559354  1.496920)  Total sigma:        -123.41
          -148.0333         12.8683       -118.4327
           -19.9370       -131.3053        -37.3713
          -122.8920        -16.6204        -90.8946

     N    2    anisotropy:    195.86    eta:   -0.8899
     N    2    sigma_11=   -130.60    axis=( -0.217444  0.976069  0.002833)
     N    2    sigma_22=   -246.80    axis=( -0.765146 -0.168652 -0.621376)
     N    2    sigma_33=      7.17    axis=( -0.606028 -0.137282  0.783508)
 
     Atom  3  O   pos: (  0.735221  0.264953  0.210302)  Total sigma:         -92.45
           -34.0839         99.4026        -10.8505
            49.8762       -218.3187         33.7867
           -67.2698         17.3155        -24.9418

     O    3    anisotropy:   -237.75    eta:   -0.3592
     O    3    sigma_11=    -41.67    axis=(  0.550194  0.342615  0.761513)
     O    3    sigma_22=     15.27    axis=( -0.759364 -0.174060  0.626953)
     O    3    sigma_33=   -250.95    axis=( -0.347352  0.923211 -0.164403)
 
     Atom  4  O   pos: (  0.010275  0.644546  1.680691)  Total sigma:         -92.45
           -34.0839         99.4026        -10.8505
            49.8762       -218.3187         33.7867
           -67.2698         17.3155        -24.9418

     O    4    anisotropy:   -237.75    eta:   -0.3592
     O    4    sigma_11=    -41.67    axis=(  0.550194  0.342615  0.761513)
     O    4    sigma_22=     15.27    axis=( -0.759364 -0.174060  0.626953)
     O    4    sigma_33=   -250.95    axis=( -0.347352  0.923211 -0.164403)
 
     Atom  5  O   pos: (  0.141595  0.153711  0.492998)  Total sigma:        -157.14
          -173.7686         28.7380       -186.0523
            20.8332       -241.5943        -69.7940
          -154.6648        -16.1372        -56.0683

     O    5    anisotropy:    345.32    eta:   -0.2031
     O    5    sigma_11=   -248.87    axis=( -0.171719  0.982845  0.067297)
     O    5    sigma_22=   -295.63    axis=( -0.802328 -0.099886 -0.588466)
     O    5    sigma_33=     73.07    axis=( -0.571649 -0.155045  0.805716)
 
     Atom  6  O   pos: (  0.603901  0.755788  1.397995)  Total sigma:        -157.14
          -173.7686         28.7380       -186.0523
            20.8332       -241.5943        -69.7940
          -154.6648        -16.1372        -56.0683

     O    6    anisotropy:    345.32    eta:   -0.2031
     O    6    sigma_11=   -248.87    axis=( -0.171719  0.982845  0.067297)
     O    6    sigma_22=   -295.63    axis=( -0.802328 -0.099886 -0.588466)
     O    6    sigma_33=     73.07    axis=( -0.571649 -0.155045  0.805716)
 
     Atom  7  N   pos: ( -0.030642  0.640097  0.462187)  Total sigma:         -40.07
          -117.0608        -42.2919        -96.5396
             3.4508          3.5134        -23.8950
          -112.6315        -68.6756         -6.6709

     N    7    anisotropy:   -223.13    eta:   -0.4910
     N    7    sigma_11=     -2.21    axis=(  0.398829 -0.874647 -0.275550)
     N    7    sigma_22=     70.82    axis=( -0.402581 -0.436976  0.804351)
     N    7    sigma_33=   -188.83    axis=( -0.823932 -0.209867 -0.526395)
 
     Atom  8  N   pos: (  0.776138  0.269402  1.428806)  Total sigma:         -40.07
          -117.0608        -42.2919        -96.5396
             3.4508          3.5134        -23.8950
          -112.6315        -68.6756         -6.6709

     N    8    anisotropy:   -223.13    eta:   -0.4910
     N    8    sigma_11=     -2.21    axis=(  0.398829 -0.874647 -0.275550)
     N    8    sigma_22=     70.82    axis=( -0.402581 -0.436976  0.804351)
     N    8    sigma_33=   -188.83    axis=( -0.823932 -0.209867 -0.526395)
 
     Atom  9  C   pos: (  0.259544  0.733826  0.597557)  Total sigma:         123.10
           139.2526         12.9395          6.7081
            18.8408        117.4703          0.7861
             6.8225          1.9528        112.5650

     C    9    anisotropy:     38.61    eta:   -0.1725
     C    9    sigma_11=    112.44    axis=(  0.088711 -0.513134  0.853712)
     C    9    sigma_22=    108.00    axis=( -0.477218  0.730421  0.488618)
     C    9    sigma_33=    148.84    axis=(  0.874296  0.450753  0.180081)
 
     Atom 10  C   pos: (  0.485953  0.175673  1.293436)  Total sigma:         123.10
           139.2526         12.9395          6.7081
            18.8408        117.4703          0.7861
             6.8225          1.9528        112.5650

     C   10    anisotropy:     38.61    eta:   -0.1725
     C   10    sigma_11=    112.44    axis=(  0.088711 -0.513134  0.853712)
     C   10    sigma_22=    108.00    axis=( -0.477218  0.730421  0.488618)
     C   10    sigma_33=    148.84    axis=(  0.874296  0.450753  0.180081)
 
     Atom 11  H   pos: (  0.461709  0.594150  0.518816)  Total sigma:          25.00
            29.1051         -2.8876         -1.2629
            -1.5137         24.6178         -0.5178
            -2.5944          0.3629         21.2861

     H   11    anisotropy:      8.02    eta:   -0.5958
     H   11    sigma_11=     23.92    axis=(  0.299725  0.921683 -0.246305)
     H   11    sigma_22=     20.74    axis=(  0.263224  0.168260  0.949948)
     H   11    sigma_33=     30.35    axis=( -0.916994  0.349556  0.192177)
 
     Atom 12  H   pos: (  0.283788  0.315349  1.372177)  Total sigma:          25.00
            29.1051         -2.8876         -1.2629
            -1.5137         24.6178         -0.5178
            -2.5944          0.3629         21.2861

     H   12    anisotropy:      8.02    eta:   -0.5958
     H   12    sigma_11=     23.92    axis=(  0.299725  0.921683 -0.246305)
     H   12    sigma_22=     20.74    axis=(  0.263224  0.168260  0.949948)
     H   12    sigma_33=     30.35    axis=( -0.916994  0.349556  0.192177)
 
     Atom 13  H   pos: (  0.257278  0.720131  0.851447)  Total sigma:          26.47
            23.2611          0.4000          1.5914
             1.2847         23.3599         -0.5290
             2.9685          0.2865         32.7906

     H   13    anisotropy:     10.26    eta:   -0.2639
     H   13    sigma_11=     23.95    axis=(  0.558410  0.818859 -0.132845)
     H   13    sigma_22=     22.15    axis=( -0.799352  0.573953  0.177802)
     H   13    sigma_33=     33.31    axis=(  0.221842  0.006904  0.975058)
 
     Atom 14  H   pos: (  0.488219  0.189368  1.039545)  Total sigma:          26.47
            23.2611          0.4000          1.5914
             1.2847         23.3599         -0.5290
             2.9685          0.2865         32.7906

     H   14    anisotropy:     10.26    eta:   -0.2639
     H   14    sigma_11=     23.95    axis=(  0.558411  0.818859 -0.132845)
     H   14    sigma_22=     22.15    axis=( -0.799352  0.573953  0.177802)
     H   14    sigma_33=     33.31    axis=(  0.221842  0.006904  0.975058)
 
     Atom 15  C   pos: (  0.306815  1.063175  0.487680)  Total sigma:         125.28
           131.8435         -4.5138         -2.1163
            -1.7261        133.2272         -7.7494
            -3.9703         -4.0531        110.7661

     C   15    anisotropy:    -24.85    eta:   -0.3060
     C   15    sigma_11=    131.03    axis=(  0.837734  0.477519 -0.264910)
     C   15    sigma_22=    136.10    axis=( -0.522300  0.842252 -0.133467)
     C   15    sigma_33=    108.71    axis=(  0.159388  0.250172  0.954992)
 
     Atom 16  C   pos: (  0.438682 -0.153676  1.403313)  Total sigma:         125.28
           131.8435         -4.5138         -2.1163
            -1.7261        133.2272         -7.7494
            -3.9703         -4.0531        110.7661

     C   16    anisotropy:    -24.85    eta:   -0.3060
     C   16    sigma_11=    131.03    axis=(  0.837734  0.477519 -0.264910)
     C   16    sigma_22=    136.10    axis=( -0.522300  0.842252 -0.133467)
     C   16    sigma_33=    108.71    axis=(  0.159388  0.250172  0.954992)
 
     Atom 17  H   pos: (  0.099002  1.142024  0.357127)  Total sigma:          25.28
            30.4982         -2.8534          2.0496
            -2.7401         24.5805         -1.0394
             1.2301         -1.3641         20.7758

     H   17    anisotropy:     10.01    eta:   -0.4795
     H   17    sigma_11=     23.55    axis=(  0.400049  0.903302 -0.154942)
     H   17    sigma_22=     20.35    axis=( -0.099069  0.210690  0.972520)
     H   17    sigma_33=     31.96    axis=( -0.911124  0.373706 -0.173775)
 
     Atom 18  H   pos: (  0.646494 -0.232525  1.533865)  Total sigma:          25.28
            30.4982         -2.8534          2.0496
            -2.7401         24.5805         -1.0394
             1.2301         -1.3641         20.7758

     H   18    anisotropy:     10.01    eta:   -0.4795
     H   18    sigma_11=     23.55    axis=(  0.400049  0.903302 -0.154942)
     H   18    sigma_22=     20.35    axis=( -0.099069  0.210690  0.972520)
     H   18    sigma_33=     31.96    axis=( -0.911124  0.373706 -0.173775)
 
     Atom 19  H   pos: (  0.341667  1.227345  0.676223)  Total sigma:          26.75
            23.0357         -0.0162         -1.2518
             0.5543         28.4234          2.9685
            -0.8172          2.5652         28.7808

     H   19    anisotropy:      7.00    eta:   -0.7193
     H   19    sigma_11=     26.09    axis=(  0.278325  0.720933 -0.634658)
     H   19    sigma_22=     22.73    axis=(  0.957994 -0.160793  0.237471)
     H   19    sigma_33=     31.41    axis=( -0.069152  0.674093  0.735402)
 
     Atom 20  H   pos: (  0.403829 -0.317846  1.214770)  Total sigma:          26.75
            23.0357         -0.0162         -1.2518
             0.5543         28.4234          2.9685
            -0.8172          2.5652         28.7808

     H   20    anisotropy:      7.00    eta:   -0.7193
     H   20    sigma_11=     26.09    axis=(  0.278325  0.720933 -0.634658)
     H   20    sigma_22=     22.73    axis=(  0.957994 -0.160793  0.237471)
     H   20    sigma_33=     31.41    axis=( -0.069152  0.674093  0.735402)
 
     Atom 21  N   pos: (  0.559452  1.103107  0.272236)  Total sigma:         186.88
           184.0084          0.1856          5.1433
            -8.4895        197.1775          1.7911
            11.8052          5.1927        179.4504

     N   21    anisotropy:    -22.55    eta:   -0.5393
     N   21    sigma_11=    190.34    axis=(  0.760020  0.137132  0.635268)
     N   21    sigma_22=    198.45    axis=( -0.235804  0.969061  0.072925)
     N   21    sigma_33=    171.84    axis=( -0.605613 -0.205223  0.768841)
 
     Atom 22  N   pos: (  0.186044 -0.193608  1.618757)  Total sigma:         186.88
           184.0084          0.1856          5.1433
            -8.4895        197.1775          1.7911
            11.8052          5.1927        179.4504

     N   22    anisotropy:    -22.55    eta:   -0.5393
     N   22    sigma_11=    190.34    axis=(  0.760020  0.137132  0.635268)
     N   22    sigma_22=    198.45    axis=( -0.235804  0.969061  0.072925)
     N   22    sigma_33=    171.84    axis=( -0.605613 -0.205223  0.768841)
 
     Atom 23  H   pos: (  0.769266  1.001453  0.356284)  Total sigma:          19.84
            29.6730         -7.5885          5.6668
            -7.1752         18.5951         -4.0387
             4.5733         -4.5430         11.2492

     H   23    anisotropy:     22.95    eta:   -0.4043
     H   23    sigma_11=     15.28    axis=(  0.508589  0.828186 -0.235469)
     H   23    sigma_22=      9.10    axis=( -0.112553  0.335083  0.935442)
     H   23    sigma_33=     35.14    axis=( -0.853621  0.449252 -0.263635)
 
     Atom 24  H   pos: ( -0.023769 -0.091953  1.534709)  Total sigma:          19.84
            29.6730         -7.5885          5.6668
            -7.1752         18.5951         -4.0387
             4.5733         -4.5430         11.2492

     H   24    anisotropy:     22.95    eta:   -0.4043
     H   24    sigma_11=     15.28    axis=(  0.508589  0.828186 -0.235469)
     H   24    sigma_22=      9.10    axis=( -0.112553  0.335083  0.935442)
     H   24    sigma_33=     35.14    axis=( -0.853621  0.449252 -0.263635)
 
     Atom 25  H   pos: (  0.584805  1.342859  0.224270)  Total sigma:          16.96
             7.9692          4.3375         -0.8129
             2.6543         35.8880         -2.3605
            -0.9668         -3.4925          7.0079

     H   25    anisotropy:     29.51    eta:   -0.0680
     H   25    sigma_11=      7.79    axis=(  0.889092 -0.155453 -0.430523)
     H   25    sigma_22=      6.45    axis=(  0.440733  0.036823  0.896883)
     H   25    sigma_33=     36.63    axis=(  0.123570  0.987157 -0.101252)
 
     Atom 26  H   pos: (  0.160691 -0.433360  1.666723)  Total sigma:          16.96
             7.9692          4.3375         -0.8129
             2.6543         35.8880         -2.3605
            -0.9668         -3.4925          7.0079

     H   26    anisotropy:     29.51    eta:   -0.0680
     H   26    sigma_11=      7.79    axis=(  0.889092 -0.155453 -0.430523)
     H   26    sigma_22=      6.45    axis=(  0.440733  0.036823  0.896883)
     H   26    sigma_33=     36.63    axis=(  0.123570  0.987157 -0.101252)
 
     Atom 27  H   pos: (  0.512911  0.991917  0.068491)  Total sigma:          27.19
            24.8312          0.9600          1.3158
             1.1811         23.7223          4.2076
             1.3900          4.4122         33.0261

     H   27    anisotropy:     11.69    eta:   -0.3489
     H   27    sigma_11=     24.66    axis=(  0.969622  0.114934 -0.215923)
     H   27    sigma_22=     21.94    axis=( -0.184388  0.923470 -0.336459)
     H   27    sigma_33=     34.98    axis=(  0.160728  0.366052  0.916609)
 
     Atom 28  H   pos: (  0.232586 -0.082418  1.822502)  Total sigma:          27.19
            24.8312          0.9600          1.3158
             1.1811         23.7223          4.2076
             1.3900          4.4122         33.0261

     H   28    anisotropy:     11.69    eta:   -0.3489
     H   28    sigma_11=     24.66    axis=(  0.969622  0.114934 -0.215923)
     H   28    sigma_22=     21.94    axis=( -0.184388  0.923470 -0.336459)
     H   28    sigma_33=     34.98    axis=(  0.160728  0.366052  0.916609)
 
     Initialization:
     gipaw_setup  :      0.22s CPU      0.23s WALL (       1 calls)
 
     Linear response
     greenf       :   2232.81s CPU   2273.15s WALL (     336 calls)
     cgsolve      :   2219.91s CPU   2260.22s WALL (     336 calls)
     ch_psi       :   2184.58s CPU   2224.89s WALL (   19306 calls)
     h_psiq       :   1764.06s CPU   1803.78s WALL (   19306 calls)
 
     Apply operators
     h_psi        :   1684.50s CPU   1729.95s WALL (   27067 calls)
     apply_vel    :     33.91s CPU     33.97s WALL (     294 calls)
 
     Induced current
     j_para       :    147.08s CPU    151.20s WALL (     378 calls)
     biot_savart  :      0.02s CPU      0.03s WALL (       1 calls)
 
     Other routines
 
     General routines
     calbec       :    485.88s CPU    487.16s WALL (   68521 calls)
     fft          :      0.06s CPU      0.08s WALL (      32 calls)
     fftw         :   1351.95s CPU   1396.90s WALL ( 2049436 calls)
     davcio       :      0.05s CPU      1.02s WALL (     224 calls)
 
     Parallel routines
     fft_scatter  :    348.23s CPU    363.06s WALL ( 2049468 calls)
 
     Plugins
 
     GIPAW        :   2840.01s CPU   2909.16s WALL (       1 calls)
