
     Program QE v.6.1 (svn rev. 13369) starts on  5Dec2017 at  5:50:44 

     This program is part of the open-source Quantum ESPRESSO suite
     for quantum simulation of materials; please cite
         "P. Giannozzi et al., J. Phys.:Condens. Matter 21 395502 (2009);
          URL http://www.quantum-espresso.org", 
     in publications or presentations arising from this work. More details at
     http://www.quantum-espresso.org/quote

     Parallel version (MPI), running on     8 processors
     R & G space division:  proc/nbgrp/npool/nimage =       8
 
     ***** This is GIPAW svn revision unknown      *****
 
     Parallelizing q-star over 1 images
     Message from routine gipaw_readin:
     *** iverbosity is obsolete, use verbosity instead ***

     Reading data from directory:
     /scratch/paruzzo/QEspresso/CCDC/VUNKEU/wfc/scf.save

   Info: using nr1, nr2, nr3 values from input

   Info: using nr1, nr2, nr3 values from input

     IMPORTANT: XC functional enforced from input :
     Exchange-correlation      =  SLA  PW   PBX  PBC ( 1  4  3  4 0 0)
     Any further DFT definition will be discarded
     Please, verify this is what you really want

               file C.pbe-n-kjpaw_psl.0.1.UPF: wavefunction(s)  2P renormalized
               file N.pbe-n-kjpaw_psl.0.1.UPF: wavefunction(s)  2P renormalized
               file H.pbe-kjpaw_psl.0.1.UPF: wavefunction(s)  1S renormalized
               file O.pbe-n-kjpaw_psl.0.1.UPF: wavefunction(s)  2P renormalized
 
     Parallelization info
     --------------------
     sticks:   dense  smooth     PW     G-vecs:    dense   smooth      PW
     Min         985     985    266                41853    41853    5863
     Max         986     986    267                41855    41855    5864
     Sum        7883    7883   2133               334831   334831   46905
 

     Check: negative/imaginary core charge=   -0.000002    0.000000

     Subspace diagonalization in iterative solution of the eigenvalue problem:
     a serial algorithm will be used

     GIPAW projectors -----------------------------------------------
     atom=  C    l=0  rc=    1.3000  rs=    0.8667
     atom=  C    l=0  rc=    1.3000  rs=    0.8667
     atom=  C    l=1  rc=    1.4500  rs=    0.9667
     atom=  C    l=1  rc=    1.4500  rs=    0.9667
     projs nearly linearly dependent: l=0  n1,n2= 1, 2  s=  0.99877758
     projs nearly linearly dependent: l=1  n1,n2= 1, 2  s=  0.99940894
 
     atom=  N    l=0  rc=    1.3000  rs=    0.8667
     atom=  N    l=0  rc=    1.3000  rs=    0.8667
     atom=  N    l=1  rc=    1.4500  rs=    0.9667
     atom=  N    l=1  rc=    1.4500  rs=    0.9667
     projs nearly linearly dependent: l=0  n1,n2= 1, 2  s=  0.99709514
     projs nearly linearly dependent: l=1  n1,n2= 1, 2  s=  0.99857174
 
     atom=  H    l=0  rc=    1.0000  rs=    0.6667
     atom=  H    l=0  rc=    1.0000  rs=    0.6667
     projs nearly linearly dependent: l=0  n1,n2= 1, 2  s=  0.99968852
 
     atom=  O    l=0  rc=    1.3500  rs=    0.9000
     atom=  O    l=0  rc=    1.3500  rs=    0.9000
     atom=  O    l=1  rc=    1.3500  rs=    0.9000
     atom=  O    l=1  rc=    1.3500  rs=    0.9000
     projs nearly linearly dependent: l=0  n1,n2= 1, 2  s=  0.99100135
     projs nearly linearly dependent: l=1  n1,n2= 1, 2  s=  0.99790100
     -----------------------------------------------------------------
 
     alpha_pv=     46.6015 eV
 
     q-space interpolation up to   110.00 Rydberg
 
     GIPAW job: nmr                                                                             
     NMR macroscopic correction: yes
             0.6667          0.0000          0.0000
             0.0000          0.6667          0.0000
             0.0000          0.0000          0.6667

 
     Largest allocated arrays     est. size (Mb)     dimensions
        KS wavefunctions at k           5.75 Mb     (    5237,   72)
        KS wavefunctions at k+q         5.75 Mb     (    5237,   72)
        First-order wavefunctions      57.54 Mb     (    5237,   72, 10)
        First-order wavefunct (US)     34.52 Mb     (    5237,   72,  6)
        Charge/spin density             0.75 Mb     (   98415,    1)
        Induced current                 6.76 Mb     (   98415,    3,3,1)
        Induced magnetic field          6.76 Mb     (   98415,    3,3,1)
        NL pseudopotentials            16.94 Mb     (    5237,  212)
        GIPAW NL terms                 16.94 Mb     (    5237,  212)
 
     Computing the magnetic susceptibility     isolve=0    ethr=  0.1000E-13
     k-point #    1 of    10      pool #  1    cpu time:       6.4
     Rotating WFCS
     Rotating WFCS
     Rotating WFCS
     Rotating WFCS
     Rotating WFCS
     Rotating WFCS
     Rotating WFCS
     k-point #    2 of    10      pool #  1    cpu time:     762.6
     Rotating WFCS
     Rotating WFCS
     Rotating WFCS
     Rotating WFCS
     Rotating WFCS
     Rotating WFCS
     Rotating WFCS
     k-point #    3 of    10      pool #  1    cpu time:    1556.2
     Rotating WFCS
     Rotating WFCS
     Rotating WFCS
     Rotating WFCS
     Rotating WFCS
     Rotating WFCS
     Rotating WFCS
     k-point #    4 of    10      pool #  1    cpu time:    2309.1
     Rotating WFCS
     Rotating WFCS
     Rotating WFCS
     Rotating WFCS
     Rotating WFCS
     Rotating WFCS
     Rotating WFCS
     k-point #    5 of    10      pool #  1    cpu time:    3089.5
     Rotating WFCS
     Rotating WFCS
     Rotating WFCS
     Rotating WFCS
     Rotating WFCS
     Rotating WFCS
     Rotating WFCS
     k-point #    6 of    10      pool #  1    cpu time:    3855.6
     Rotating WFCS
     Rotating WFCS
     Rotating WFCS
     Rotating WFCS
     Rotating WFCS
     Rotating WFCS
     Rotating WFCS
     k-point #    7 of    10      pool #  1    cpu time:    4637.3
     Rotating WFCS
     Rotating WFCS
     Rotating WFCS
     Rotating WFCS
     Rotating WFCS
     Rotating WFCS
     Rotating WFCS
     k-point #    8 of    10      pool #  1    cpu time:    5419.8
     Rotating WFCS
     c_bands:  1 eigenvalues not converged
     Rotating WFCS
     Rotating WFCS
     Rotating WFCS
     Rotating WFCS
     Rotating WFCS
     Rotating WFCS
     k-point #    9 of    10      pool #  1    cpu time:    6196.4
     Rotating WFCS
     c_bands:  1 eigenvalues not converged
     Rotating WFCS
     Rotating WFCS
     Rotating WFCS
     Rotating WFCS
     Rotating WFCS
     Rotating WFCS
     k-point #   10 of    10      pool #  1    cpu time:    6975.6
     Rotating WFCS
     Rotating WFCS
     Rotating WFCS
     Rotating WFCS
     Rotating WFCS
     Rotating WFCS
     Rotating WFCS
     End of magnetic susceptibility calculation
 
     f-sum rule (1st term):
          -115.7817         -0.0627          0.0070
            -0.0611       -115.7319          0.0466
             0.0004          0.0442       -115.7786

     f-sum rule (2nd term):
            -1.7547          0.0615         -0.0095
             0.0599         -1.8026         -0.0465
            -0.0034         -0.0430         -1.7447

     f-sum rule (should be  -117.5306):
          -117.5364         -0.0012         -0.0025
            -0.0012       -117.5344          0.0002
            -0.0029          0.0012       -117.5233

     chi_bare pGv (HH) in paratec units:
       -36.780317      5.313441      4.151165
         5.068857    -44.764447     -4.878039
         4.477925     -4.714620    -33.021486

       -36.780317      5.313441      4.151165
         5.068857    -44.764447     -4.878039
         4.477925     -4.714620    -33.021486

     chi_bare vGv (VV) in paratec units:
       -33.899308      8.671093      5.623842
         8.662410    -44.008703     -6.689190
         5.580947     -6.722322    -31.085567

       -33.899308      8.671093      5.623842
         8.662410    -44.008703     -6.689190
         5.580947     -6.722322    -31.085567

     chi_bare pGv (HH) in 10^{-6} cm^3/mol:
          -174.7835         25.2500         19.7267
            24.0877       -212.7249        -23.1809
            21.2795        -22.4043       -156.9212

     chi_bare vGv (VV) in 10^{-6} cm^3/mol:
          -161.0927         41.2059         26.7250
            41.1646       -209.1335        -31.7877
            26.5212        -31.9451       -147.7215

     Contributions to the NMR chemical shifts: -------------------------------
 
     Macroscopic shape contribution in ppm:                    6.87
             6.6211          0.0000          0.0000
             0.0000          8.0584          0.0000
             0.0000          0.0000          5.9444

 
     Core contribution in ppm:
 
     Atom  1  O   pos: (  0.194891  0.038758  0.165973)  core sigma:         271.07
     Atom  2  O   pos: (  1.057913  1.494577  0.614409)  core sigma:         271.07
     Atom  3  O   pos: ( -0.141228  0.183054  0.642471)  core sigma:         271.07
     Atom  4  O   pos: (  1.394032  1.350282  0.137911)  core sigma:         271.07
     Atom  5  N   pos: (  0.958660  0.564653  0.054304)  core sigma:         235.78
     Atom  6  N   pos: (  0.294145  0.968682  0.726079)  core sigma:         235.78
     Atom  7  N   pos: (  0.764993  0.672513  0.691728)  core sigma:         235.78
     Atom  8  N   pos: (  0.487812  0.860822  0.088654)  core sigma:         235.78
     Atom  9  N   pos: (  0.855568  0.755464  0.575566)  core sigma:         235.78
     Atom 10  N   pos: (  0.397237  0.777871  0.204816)  core sigma:         235.78
     Atom 11  C   pos: (  0.426012  0.253857  0.020005)  core sigma:         200.51
     Atom 12  C   pos: (  0.826792  1.279478  0.760377)  core sigma:         200.51
     Atom 13  C   pos: (  0.218934  0.388183  0.636534)  core sigma:         200.51
     Atom 14  C   pos: (  1.033870  1.145152  0.143848)  core sigma:         200.51
     Atom 15  C   pos: (  0.395114  0.492888  0.641545)  core sigma:         200.51
     Atom 16  C   pos: (  0.857690  1.040447  0.138837)  core sigma:         200.51
     Atom 17  C   pos: (  0.778322  0.462622  0.034055)  core sigma:         200.51
     Atom 18  C   pos: (  0.474482  1.070713  0.746327)  core sigma:         200.51
     Atom 19  C   pos: (  0.719168  0.352931  0.197997)  core sigma:         200.51
     Atom 20  C   pos: (  0.533636  1.180404  0.582385)  core sigma:         200.51
     Atom 21  C   pos: (  0.543627  0.247317  0.191334)  core sigma:         200.51
     Atom 22  C   pos: (  0.709177  1.286019  0.589048)  core sigma:         200.51
     Atom 23  C   pos: (  0.237112  0.145862  0.009238)  core sigma:         200.51
     Atom 24  C   pos: (  1.015692  1.387473  0.771144)  core sigma:         200.51
     Atom 25  H   pos: (  0.584801  1.471826  0.148197)  core sigma:           0.00
     Atom 26  H   pos: (  0.668004  0.061509  0.632185)  core sigma:           0.00
     Atom 27  H   pos: (  0.128564  0.389200  0.503287)  core sigma:           0.00
     Atom 28  H   pos: (  1.124241  1.144136  0.277095)  core sigma:           0.00
     Atom 29  H   pos: (  0.439740  0.580910  0.514941)  core sigma:           0.00
     Atom 30  H   pos: (  0.813065  0.952426  0.265441)  core sigma:           0.00
     Atom 31  H   pos: (  0.811297  0.350149  0.329922)  core sigma:           0.00
     Atom 32  H   pos: (  0.441508  1.183186  0.450460)  core sigma:           0.00
     Atom 33  H   pos: (  0.499086  0.156913  0.315940)  core sigma:           0.00
     Atom 34  H   pos: (  0.753718  1.376423  0.464442)  core sigma:           0.00
 
     Bare contribution in ppm:
 
     Atom  1  O   pos: (  0.194891  0.038758  0.165973)  bare sigma:          23.90
             1.5119        -25.4663        -16.8042
           -14.0194         46.0419          5.9022
           -34.2886         -3.8633         24.1409

     Atom  2  O   pos: (  1.057913  1.494577  0.614409)  bare sigma:          23.90
             1.5119        -25.4663        -16.8042
           -14.0194         46.0419          5.9022
           -34.2886         -3.8633         24.1409

     Atom  3  O   pos: ( -0.141228  0.183054  0.642471)  bare sigma:          -6.15
           -14.3270        -39.0026        -24.5053
           -41.4748         25.3139         40.6708
           -16.6633         42.6005        -29.4400

     Atom  4  O   pos: (  1.394032  1.350282  0.137911)  bare sigma:          -6.15
           -14.3270        -39.0026        -24.5053
           -41.4748         25.3139         40.6708
           -16.6633         42.6005        -29.4400

     Atom  5  N   pos: (  0.958660  0.564653  0.054304)  bare sigma:          13.88
            13.0071         14.9412        -17.2236
            25.4199         14.6604        -16.4087
           -44.0212        -31.6381         13.9655

     Atom  6  N   pos: (  0.294145  0.968682  0.726079)  bare sigma:          13.88
            13.0071         14.9412        -17.2236
            25.4199         14.6604        -16.4087
           -44.0212        -31.6381         13.9655

     Atom  7  N   pos: (  0.764993  0.672513  0.691728)  bare sigma:         -31.15
           -36.8398         47.7709        -63.0076
            46.3368        -47.1488        -60.1249
           -52.8212        -52.4504         -9.4625

     Atom  8  N   pos: (  0.487812  0.860822  0.088654)  bare sigma:         -31.15
           -36.8398         47.7709        -63.0076
            46.3368        -47.1488        -60.1249
           -52.8212        -52.4504         -9.4625

     Atom  9  N   pos: (  0.855568  0.755464  0.575566)  bare sigma:         -30.61
           -24.7845         40.7846        -27.9891
            34.0007        -52.5439        -29.5495
           -16.9654        -28.3589        -14.4940

     Atom 10  N   pos: (  0.397237  0.777871  0.204816)  bare sigma:         -30.61
           -24.7845         40.7846        -27.9891
            34.0007        -52.5439        -29.5495
           -16.9654        -28.3589        -14.4940

     Atom 11  C   pos: (  0.426012  0.253857  0.020005)  bare sigma:         -50.95
           -67.4604        -36.7316         -8.8602
           -38.1798        -29.0577         17.7310
           -11.3423         18.2734        -56.3365

     Atom 12  C   pos: (  0.826792  1.279478  0.760377)  bare sigma:         -50.95
           -67.4604        -36.7316         -8.8602
           -38.1798        -29.0577         17.7310
           -11.3423         18.2734        -56.3365

     Atom 13  C   pos: (  0.218934  0.388183  0.636534)  bare sigma:         -54.60
           -59.0065        -29.4659        -31.0259
           -30.4720        -17.8460         24.2270
           -27.2257         24.8661        -86.9551

     Atom 14  C   pos: (  1.033870  1.145152  0.143848)  bare sigma:         -54.60
           -59.0065        -29.4659        -31.0259
           -30.4720        -17.8460         24.2270
           -27.2257         24.8661        -86.9551

     Atom 15  C   pos: (  0.395114  0.492888  0.641545)  bare sigma:         -49.36
           -48.0823        -31.8110         -5.0082
           -31.0266        -26.5663         33.3726
            -3.2457         34.8918        -73.4245

     Atom 16  C   pos: (  0.857690  1.040447  0.138837)  bare sigma:         -49.36
           -48.0823        -31.8110         -5.0082
           -31.0266        -26.5663         33.3726
            -3.2457         34.8918        -73.4245

     Atom 17  C   pos: (  0.778322  0.462622  0.034055)  bare sigma:         -61.15
           -79.3316        -32.8205         -8.1237
           -32.2796        -44.4651         11.8269
            -9.9549         11.8970        -59.6406

     Atom 18  C   pos: (  0.474482  1.070713  0.746327)  bare sigma:         -61.15
           -79.3316        -32.8205         -8.1237
           -32.2796        -44.4651         11.8269
            -9.9549         11.8970        -59.6406

     Atom 19  C   pos: (  0.719168  0.352931  0.197997)  bare sigma:         -48.52
           -52.8113        -23.6926        -26.9486
           -23.1427        -18.9898         22.6485
           -26.0975         19.1665        -73.7634

     Atom 20  C   pos: (  0.533636  1.180404  0.582385)  bare sigma:         -48.52
           -52.8113        -23.6926        -26.9486
           -23.1427        -18.9898         22.6485
           -26.0975         19.1665        -73.7634

     Atom 21  C   pos: (  0.543627  0.247317  0.191334)  bare sigma:         -55.45
           -55.4537        -37.7987         -7.5610
           -34.0736        -29.7937         40.3552
           -10.9226         37.4153        -81.1015

     Atom 22  C   pos: (  0.709177  1.286019  0.589048)  bare sigma:         -55.45
           -55.4537        -37.7987         -7.5610
           -34.0736        -29.7937         40.3552
           -10.9226         37.4153        -81.1015

     Atom 23  C   pos: (  0.237112  0.145862  0.009238)  bare sigma:         -78.64
           -85.6698        -20.4815          3.2568
           -24.6513        -74.9775         13.0005
             8.8971         16.0342        -75.2723

     Atom 24  C   pos: (  1.015692  1.387473  0.771144)  bare sigma:         -78.64
           -85.6698        -20.4815          3.2568
           -24.6513        -74.9775         13.0005
             8.8971         16.0342        -75.2723

     Atom 25  H   pos: (  0.584801  1.471826  0.148197)  bare sigma:           8.01
            18.5573         14.3359          1.9368
            13.1126          5.0716         -2.4516
             1.5860         -2.4067          0.3881

     Atom 26  H   pos: (  0.668004  0.061509  0.632185)  bare sigma:           8.01
            18.5573         14.3359          1.9368
            13.1126          5.0716         -2.4516
             1.5860         -2.4067          0.3881

     Atom 27  H   pos: (  0.128564  0.389200  0.503287)  bare sigma:          14.97
            16.8528          2.9172          0.3244
             2.1875         12.7758         -1.3445
             0.7008         -1.4970         15.2760

     Atom 28  H   pos: (  1.124241  1.144136  0.277095)  bare sigma:          14.97
            16.8528          2.9172          0.3244
             2.1875         12.7758         -1.3445
             0.7008         -1.4970         15.2760

     Atom 29  H   pos: (  0.439740  0.580910  0.514941)  bare sigma:          16.09
            16.4548          1.6737          0.9665
             2.5690         14.2234          0.5983
             1.7232         -0.7531         17.5978

     Atom 30  H   pos: (  0.813065  0.952426  0.265441)  bare sigma:          16.09
            16.4548          1.6737          0.9665
             2.5690         14.2234          0.5983
             1.7232         -0.7531         17.5978

     Atom 31  H   pos: (  0.811297  0.350149  0.329922)  bare sigma:          15.34
            15.2934          2.8583          0.6002
             2.0783         12.6948         -2.6581
             1.1019         -2.3953         18.0235

     Atom 32  H   pos: (  0.441508  1.183186  0.450460)  bare sigma:          15.34
            15.2934          2.8583          0.6002
             2.0783         12.6948         -2.6581
             1.1019         -2.3953         18.0235

     Atom 33  H   pos: (  0.499086  0.156913  0.315940)  bare sigma:          14.81
            14.9560          2.5843          1.7937
             3.2743         11.8523          0.0421
             1.9251         -1.9906         17.6288

     Atom 34  H   pos: (  0.753718  1.376423  0.464442)  bare sigma:          14.81
            14.9560          2.5843          1.7937
             3.2743         11.8523          0.0421
             1.9251         -1.9906         17.6288

     Diamagnetic contribution in ppm:
 
     Atom  1  O   pos: (  0.194891  0.038758  0.165973)  dia sigma:          17.97
            17.8922          0.3437         -0.2937
             0.3437         18.0265         -0.3610
            -0.2937         -0.3610         17.9887

     Atom  2  O   pos: (  1.057913  1.494577  0.614409)  dia sigma:          17.97
            17.8922          0.3437         -0.2937
             0.3437         18.0265         -0.3610
            -0.2937         -0.3610         17.9887

     Atom  3  O   pos: ( -0.141228  0.183054  0.642471)  dia sigma:          17.74
            17.7183         -0.3384          0.3977
            -0.3384         17.6068          0.2565
             0.3977          0.2565         17.8859

     Atom  4  O   pos: (  1.394032  1.350282  0.137911)  dia sigma:          17.74
            17.7183         -0.3384          0.3977
            -0.3384         17.6068          0.2565
             0.3977          0.2565         17.8859

     Atom  5  N   pos: (  0.958660  0.564653  0.054304)  dia sigma:           9.07
             9.0898          0.2949         -0.2999
             0.2949          8.9893         -0.2833
            -0.2999         -0.2833          9.1369

     Atom  6  N   pos: (  0.294145  0.968682  0.726079)  dia sigma:           9.07
             9.0898          0.2949         -0.2999
             0.2949          8.9893         -0.2833
            -0.2999         -0.2833          9.1369

     Atom  7  N   pos: (  0.764993  0.672513  0.691728)  dia sigma:           9.55
             9.5105         -0.0727          0.1183
            -0.0727          9.5158          0.0594
             0.1183          0.0594          9.6116

     Atom  8  N   pos: (  0.487812  0.860822  0.088654)  dia sigma:           9.55
             9.5105         -0.0727          0.1183
            -0.0727          9.5158          0.0594
             0.1183          0.0594          9.6116

     Atom  9  N   pos: (  0.855568  0.755464  0.575566)  dia sigma:           7.77
             7.8538          0.0643          0.2258
             0.0643          7.6602          0.0985
             0.2258          0.0985          7.8036

     Atom 10  N   pos: (  0.397237  0.777871  0.204816)  dia sigma:           7.77
             7.8538          0.0643          0.2258
             0.0643          7.6602          0.0985
             0.2258          0.0985          7.8036

     Atom 11  C   pos: (  0.426012  0.253857  0.020005)  dia sigma:           4.36
             4.3711         -0.0428         -0.0313
            -0.0428          4.4117          0.0645
            -0.0313          0.0645          4.2823

     Atom 12  C   pos: (  0.826792  1.279478  0.760377)  dia sigma:           4.36
             4.3711         -0.0428         -0.0313
            -0.0428          4.4117          0.0645
            -0.0313          0.0645          4.2823

     Atom 13  C   pos: (  0.218934  0.388183  0.636534)  dia sigma:           4.30
             4.2668         -0.1196         -0.0544
            -0.1196          4.3916          0.0816
            -0.0544          0.0816          4.2372

     Atom 14  C   pos: (  1.033870  1.145152  0.143848)  dia sigma:           4.30
             4.2668         -0.1196         -0.0544
            -0.1196          4.3916          0.0816
            -0.0544          0.0816          4.2372

     Atom 15  C   pos: (  0.395114  0.492888  0.641545)  dia sigma:           4.36
             4.3361         -0.0930         -0.0226
            -0.0930          4.4161          0.0631
            -0.0226          0.0631          4.3325

     Atom 16  C   pos: (  0.857690  1.040447  0.138837)  dia sigma:           4.36
             4.3361         -0.0930         -0.0226
            -0.0930          4.4161          0.0631
            -0.0226          0.0631          4.3325

     Atom 17  C   pos: (  0.778322  0.462622  0.034055)  dia sigma:           4.19
             4.2896          0.0152         -0.0258
             0.0152          4.2618          0.0969
            -0.0258          0.0969          4.0329

     Atom 18  C   pos: (  0.474482  1.070713  0.746327)  dia sigma:           4.19
             4.2896          0.0152         -0.0258
             0.0152          4.2618          0.0969
            -0.0258          0.0969          4.0329

     Atom 19  C   pos: (  0.719168  0.352931  0.197997)  dia sigma:           4.36
             4.3277         -0.0989         -0.0495
            -0.0989          4.4365          0.0569
            -0.0495          0.0569          4.3270

     Atom 20  C   pos: (  0.533636  1.180404  0.582385)  dia sigma:           4.36
             4.3277         -0.0989         -0.0495
            -0.0989          4.4365          0.0569
            -0.0495          0.0569          4.3270

     Atom 21  C   pos: (  0.543627  0.247317  0.191334)  dia sigma:           4.30
             4.2720         -0.1260         -0.0422
            -0.1260          4.3783          0.0979
            -0.0422          0.0979          4.2387

     Atom 22  C   pos: (  0.709177  1.286019  0.589048)  dia sigma:           4.30
             4.2720         -0.1260         -0.0422
            -0.1260          4.3783          0.0979
            -0.0422          0.0979          4.2387

     Atom 23  C   pos: (  0.237112  0.145862  0.009238)  dia sigma:           3.90
             3.7963         -0.1293         -0.0894
            -0.1293          3.9899          0.0488
            -0.0894          0.0488          3.8998

     Atom 24  C   pos: (  1.015692  1.387473  0.771144)  dia sigma:           3.90
             3.7963         -0.1293         -0.0894
            -0.1293          3.9899          0.0488
            -0.0894          0.0488          3.8998

     Atom 25  H   pos: (  0.584801  1.471826  0.148197)  dia sigma:           0.88
             0.8788         -0.0000         -0.0000
            -0.0000          0.8788          0.0000
            -0.0000          0.0000          0.8788

     Atom 26  H   pos: (  0.668004  0.061509  0.632185)  dia sigma:           0.88
             0.8788         -0.0000         -0.0000
            -0.0000          0.8788          0.0000
            -0.0000          0.0000          0.8788

     Atom 27  H   pos: (  0.128564  0.389200  0.503287)  dia sigma:           1.13
             1.1251         -0.0000         -0.0000
            -0.0000          1.1251          0.0000
            -0.0000          0.0000          1.1251

     Atom 28  H   pos: (  1.124241  1.144136  0.277095)  dia sigma:           1.13
             1.1251         -0.0000         -0.0000
            -0.0000          1.1251          0.0000
            -0.0000          0.0000          1.1251

     Atom 29  H   pos: (  0.439740  0.580910  0.514941)  dia sigma:           1.13
             1.1262         -0.0000         -0.0000
            -0.0000          1.1262          0.0000
            -0.0000          0.0000          1.1262

     Atom 30  H   pos: (  0.813065  0.952426  0.265441)  dia sigma:           1.13
             1.1262         -0.0000         -0.0000
            -0.0000          1.1262          0.0000
            -0.0000          0.0000          1.1262

     Atom 31  H   pos: (  0.811297  0.350149  0.329922)  dia sigma:           1.12
             1.1196         -0.0000         -0.0000
            -0.0000          1.1196          0.0000
            -0.0000          0.0000          1.1196

     Atom 32  H   pos: (  0.441508  1.183186  0.450460)  dia sigma:           1.12
             1.1196         -0.0000         -0.0000
            -0.0000          1.1196          0.0000
            -0.0000          0.0000          1.1196

     Atom 33  H   pos: (  0.499086  0.156913  0.315940)  dia sigma:           1.13
             1.1267         -0.0000         -0.0000
            -0.0000          1.1267          0.0000
            -0.0000          0.0000          1.1267

     Atom 34  H   pos: (  0.753718  1.376423  0.464442)  dia sigma:           1.13
             1.1267         -0.0000         -0.0000
            -0.0000          1.1267          0.0000
            -0.0000          0.0000          1.1267

     Paramagnetic contribution in ppm:
 
     Atom  1  O   pos: (  0.194891  0.038758  0.165973)  para sigma:         -92.29
          -139.3243        -51.1857        -46.5596
           -26.9310        -38.3938         10.5765
           -81.5376         -7.0301        -99.1399

     Atom  2  O   pos: (  1.057913  1.494577  0.614409)  para sigma:         -92.29
          -139.3243        -51.1857        -46.5596
           -26.9310        -38.3938         10.5765
           -81.5376         -7.0301        -99.1399

     Atom  3  O   pos: ( -0.141228  0.183054  0.642471)  para sigma:        -153.60
          -167.3063        -93.8183        -45.0320
           -90.1304        -84.6606        106.4300
           -34.8654        102.1521       -208.8187

     Atom  4  O   pos: (  1.394032  1.350282  0.137911)  para sigma:        -153.60
          -167.3063        -93.8183        -45.0320
           -90.1304        -84.6606        106.4300
           -34.8654        102.1521       -208.8187

     Atom  5  N   pos: (  0.958660  0.564653  0.054304)  para sigma:         -67.80
           -64.9549         17.7971        -19.0097
            33.8809        -63.1943        -12.2880
           -59.1336        -37.7496        -75.2523

     Atom  6  N   pos: (  0.294145  0.968682  0.726079)  para sigma:         -67.80
           -64.9549         17.7971        -19.0097
            33.8809        -63.1943        -12.2880
           -59.1336        -37.7496        -75.2523

     Atom  7  N   pos: (  0.764993  0.672513  0.691728)  para sigma:        -169.40
          -177.9156         81.0553       -104.3777
            76.9638       -197.6329        -97.8349
           -85.1843        -86.0030       -132.6521

     Atom  8  N   pos: (  0.487812  0.860822  0.088654)  para sigma:        -169.40
          -177.9156         81.0553       -104.3777
            76.9638       -197.6329        -97.8349
           -85.1843        -86.0030       -132.6521

     Atom  9  N   pos: (  0.855568  0.755464  0.575566)  para sigma:        -154.55
          -141.4734         62.7027        -33.8640
            49.7106       -191.0034        -35.1985
           -17.3664        -37.4794       -131.1765

     Atom 10  N   pos: (  0.397237  0.777871  0.204816)  para sigma:        -154.55
          -141.4734         62.7027        -33.8640
            49.7106       -191.0034        -35.1985
           -17.3664        -37.4794       -131.1765

     Atom 11  C   pos: (  0.426012  0.253857  0.020005)  para sigma:        -105.90
          -125.5735        -38.4180         -9.0875
           -40.4886        -85.7523         15.7504
           -11.8119         15.9864       -106.3819

     Atom 12  C   pos: (  0.826792  1.279478  0.760377)  para sigma:        -105.90
          -125.5735        -38.4180         -9.0875
           -40.4886        -85.7523         15.7504
           -11.8119         15.9864       -106.3819

     Atom 13  C   pos: (  0.218934  0.388183  0.636534)  para sigma:        -110.06
          -114.7016        -28.1676        -32.3732
           -28.7698        -73.1894         22.8721
           -29.5309         23.2365       -142.2904

     Atom 14  C   pos: (  1.033870  1.145152  0.143848)  para sigma:        -110.06
          -114.7016        -28.1676        -32.3732
           -28.7698        -73.1894         22.8721
           -29.5309         23.2365       -142.2904

     Atom 15  C   pos: (  0.395114  0.492888  0.641545)  para sigma:        -104.72
          -102.4733        -31.2120         -4.2599
           -30.6943        -82.5043         32.7229
            -3.4406         34.5075       -129.1699

     Atom 16  C   pos: (  0.857690  1.040447  0.138837)  para sigma:        -104.72
          -102.4733        -31.2120         -4.2599
           -30.6943        -82.5043         32.7229
            -3.4406         34.5075       -129.1699

     Atom 17  C   pos: (  0.778322  0.462622  0.034055)  para sigma:        -113.66
          -138.9940        -41.1434         -6.7769
           -41.1897        -96.6028         12.4382
            -8.2896         12.3737       -105.3713

     Atom 18  C   pos: (  0.474482  1.070713  0.746327)  para sigma:        -113.66
          -138.9940        -41.1434         -6.7769
           -41.1897        -96.6028         12.4382
            -8.2896         12.3737       -105.3713

     Atom 19  C   pos: (  0.719168  0.352931  0.197997)  para sigma:        -104.89
          -108.1932        -22.9733        -27.8408
           -22.3104        -74.8312         22.3505
           -26.5988         19.5751       -131.6524

     Atom 20  C   pos: (  0.533636  1.180404  0.582385)  para sigma:        -104.89
          -108.1932        -22.9733        -27.8408
           -22.3104        -74.8312         22.3505
           -26.5988         19.5751       -131.6524

     Atom 21  C   pos: (  0.543627  0.247317  0.191334)  para sigma:        -111.10
          -109.3767        -37.1277         -6.4519
           -34.1813        -86.1998         39.8539
            -9.1506         38.3326       -137.7216

     Atom 22  C   pos: (  0.709177  1.286019  0.589048)  para sigma:        -111.10
          -109.3767        -37.1277         -6.4519
           -34.1813        -86.1998         39.8539
            -9.1506         38.3326       -137.7216

     Atom 23  C   pos: (  0.237112  0.145862  0.009238)  para sigma:        -122.77
          -128.4485        -25.4697         -1.0802
           -29.1503       -114.1260         21.9487
             4.9172         24.2043       -125.7472

     Atom 24  C   pos: (  1.015692  1.387473  0.771144)  para sigma:        -122.77
          -128.4485        -25.4697         -1.0802
           -29.1503       -114.1260         21.9487
             4.9172         24.2043       -125.7472

     Atom 25  H   pos: (  0.584801  1.471826  0.148197)  para sigma:           0.00
             0.0000          0.0000          0.0000
             0.0000          0.0000          0.0000
             0.0000          0.0000          0.0000

     Atom 26  H   pos: (  0.668004  0.061509  0.632185)  para sigma:           0.00
             0.0000          0.0000          0.0000
             0.0000          0.0000          0.0000
             0.0000          0.0000          0.0000

     Atom 27  H   pos: (  0.128564  0.389200  0.503287)  para sigma:           0.00
             0.0000          0.0000          0.0000
             0.0000          0.0000          0.0000
             0.0000          0.0000          0.0000

     Atom 28  H   pos: (  1.124241  1.144136  0.277095)  para sigma:           0.00
             0.0000          0.0000          0.0000
             0.0000          0.0000          0.0000
             0.0000          0.0000          0.0000

     Atom 29  H   pos: (  0.439740  0.580910  0.514941)  para sigma:           0.00
             0.0000          0.0000          0.0000
             0.0000          0.0000          0.0000
             0.0000          0.0000          0.0000

     Atom 30  H   pos: (  0.813065  0.952426  0.265441)  para sigma:           0.00
             0.0000          0.0000          0.0000
             0.0000          0.0000          0.0000
             0.0000          0.0000          0.0000

     Atom 31  H   pos: (  0.811297  0.350149  0.329922)  para sigma:           0.00
             0.0000          0.0000          0.0000
             0.0000          0.0000          0.0000
             0.0000          0.0000          0.0000

     Atom 32  H   pos: (  0.441508  1.183186  0.450460)  para sigma:           0.00
             0.0000          0.0000          0.0000
             0.0000          0.0000          0.0000
             0.0000          0.0000          0.0000

     Atom 33  H   pos: (  0.499086  0.156913  0.315940)  para sigma:           0.00
             0.0000          0.0000          0.0000
             0.0000          0.0000          0.0000
             0.0000          0.0000          0.0000

     Atom 34  H   pos: (  0.753718  1.376423  0.464442)  para sigma:           0.00
             0.0000          0.0000          0.0000
             0.0000          0.0000          0.0000
             0.0000          0.0000          0.0000

     Paramagnetic US occ-occ contribution in ppm:
 
     Atom  1  O   pos: (  0.194891  0.038758  0.165973)  para_oo sigma:          -1.63
            -2.8792         -1.9369          0.3531
            -1.3676         -1.1780          0.6902
            -0.6611          0.0501         -0.8402

     Atom  2  O   pos: (  1.057913  1.494577  0.614409)  para_oo sigma:          -1.63
            -2.8792         -1.9369          0.3531
            -1.3676         -1.1780          0.6902
            -0.6611          0.0501         -0.8402

     Atom  3  O   pos: ( -0.141228  0.183054  0.642471)  para_oo sigma:          -2.04
            -3.6096         -1.1744         -1.3154
            -2.2569         -1.5351         -0.5783
             0.6944          0.6800         -0.9685

     Atom  4  O   pos: (  1.394032  1.350282  0.137911)  para_oo sigma:          -2.04
            -3.6096         -1.1744         -1.3154
            -2.2569         -1.5351         -0.5783
             0.6944          0.6800         -0.9685

     Atom  5  N   pos: (  0.958660  0.564653  0.054304)  para_oo sigma:          -4.61
            -5.9905          0.3558         -2.5424
             0.4527         -4.6436         -2.0523
            -3.0014         -2.3502         -3.2108

     Atom  6  N   pos: (  0.294145  0.968682  0.726079)  para_oo sigma:          -4.61
            -5.9905          0.3558         -2.5424
             0.4527         -4.6436         -2.0523
            -3.0014         -2.3502         -3.2108

     Atom  7  N   pos: (  0.764993  0.672513  0.691728)  para_oo sigma:          -5.87
            -6.9390          1.6846         -2.6819
             1.8567         -6.8196         -2.8047
            -3.3183         -3.2185         -3.8632

     Atom  8  N   pos: (  0.487812  0.860822  0.088654)  para_oo sigma:          -5.87
            -6.9390          1.6846         -2.6819
             1.8567         -6.8196         -2.8047
            -3.3183         -3.2185         -3.8632

     Atom  9  N   pos: (  0.855568  0.755464  0.575566)  para_oo sigma:          -8.40
           -10.3688          2.1179         -2.3565
             2.9779        -10.3166         -3.6162
            -5.4933         -5.4323         -4.5290

     Atom 10  N   pos: (  0.397237  0.777871  0.204816)  para_oo sigma:          -8.40
           -10.3688          2.1179         -2.3565
             2.9779        -10.3166         -3.6162
            -5.4933         -5.4323         -4.5290

     Atom 11  C   pos: (  0.426012  0.253857  0.020005)  para_oo sigma:          -0.61
            -0.6391         -0.2694         -0.2109
            -0.2953         -0.3362          0.2847
            -0.1941          0.2795         -0.8462

     Atom 12  C   pos: (  0.826792  1.279478  0.760377)  para_oo sigma:          -0.61
            -0.6391         -0.2694         -0.2109
            -0.2953         -0.3362          0.2847
            -0.1941          0.2795         -0.8462

     Atom 13  C   pos: (  0.218934  0.388183  0.636534)  para_oo sigma:          -0.36
            -0.3104         -0.0490         -0.2096
            -0.1069         -0.1875          0.1028
            -0.1021          0.1470         -0.5741

     Atom 14  C   pos: (  1.033870  1.145152  0.143848)  para_oo sigma:          -0.36
            -0.3104         -0.0490         -0.2096
            -0.1069         -0.1875          0.1028
            -0.1021          0.1470         -0.5741

     Atom 15  C   pos: (  0.395114  0.492888  0.641545)  para_oo sigma:          -0.48
            -0.3191         -0.1872          0.1424
            -0.1541         -0.3751          0.3239
             0.1212          0.3631         -0.7583

     Atom 16  C   pos: (  0.857690  1.040447  0.138837)  para_oo sigma:          -0.48
            -0.3191         -0.1872          0.1424
            -0.1541         -0.3751          0.3239
             0.1212          0.3631         -0.7583

     Atom 17  C   pos: (  0.778322  0.462622  0.034055)  para_oo sigma:          -0.91
            -0.7000         -0.0914         -0.1149
            -0.0664         -0.6329          0.2394
            -0.2145          0.2604         -1.3850

     Atom 18  C   pos: (  0.474482  1.070713  0.746327)  para_oo sigma:          -0.91
            -0.7000         -0.0914         -0.1149
            -0.0664         -0.6329          0.2394
            -0.2145          0.2604         -1.3850

     Atom 19  C   pos: (  0.719168  0.352931  0.197997)  para_oo sigma:          -0.40
            -0.3733         -0.0670         -0.2250
            -0.0595         -0.1842          0.1173
            -0.2100          0.1168         -0.6305

     Atom 20  C   pos: (  0.533636  1.180404  0.582385)  para_oo sigma:          -0.40
            -0.3733         -0.0670         -0.2250
            -0.0595         -0.1842          0.1173
            -0.2100          0.1168         -0.6305

     Atom 21  C   pos: (  0.543627  0.247317  0.191334)  para_oo sigma:          -0.34
            -0.2801         -0.1441          0.0233
            -0.0882         -0.2329          0.2276
            -0.0677          0.1560         -0.4934

     Atom 22  C   pos: (  0.709177  1.286019  0.589048)  para_oo sigma:          -0.34
            -0.2801         -0.1441          0.0233
            -0.0882         -0.2329          0.2276
            -0.0677          0.1560         -0.4934

     Atom 23  C   pos: (  0.237112  0.145862  0.009238)  para_oo sigma:          -1.58
            -2.1370         -0.8049          0.2420
            -0.8186         -1.5852          0.1536
             0.2389          0.1526         -1.0319

     Atom 24  C   pos: (  1.015692  1.387473  0.771144)  para_oo sigma:          -1.58
            -2.1370         -0.8049          0.2420
            -0.8186         -1.5852          0.1536
             0.2389          0.1526         -1.0319

     Atom 25  H   pos: (  0.584801  1.471826  0.148197)  para_oo sigma:           0.00
             0.0000          0.0000          0.0000
             0.0000          0.0000          0.0000
             0.0000          0.0000          0.0000

     Atom 26  H   pos: (  0.668004  0.061509  0.632185)  para_oo sigma:           0.00
             0.0000          0.0000          0.0000
             0.0000          0.0000          0.0000
             0.0000          0.0000          0.0000

     Atom 27  H   pos: (  0.128564  0.389200  0.503287)  para_oo sigma:           0.00
             0.0000          0.0000          0.0000
             0.0000          0.0000          0.0000
             0.0000          0.0000          0.0000

     Atom 28  H   pos: (  1.124241  1.144136  0.277095)  para_oo sigma:           0.00
             0.0000          0.0000          0.0000
             0.0000          0.0000          0.0000
             0.0000          0.0000          0.0000

     Atom 29  H   pos: (  0.439740  0.580910  0.514941)  para_oo sigma:           0.00
             0.0000          0.0000          0.0000
             0.0000          0.0000          0.0000
             0.0000          0.0000          0.0000

     Atom 30  H   pos: (  0.813065  0.952426  0.265441)  para_oo sigma:           0.00
             0.0000          0.0000          0.0000
             0.0000          0.0000          0.0000
             0.0000          0.0000          0.0000

     Atom 31  H   pos: (  0.811297  0.350149  0.329922)  para_oo sigma:           0.00
             0.0000          0.0000          0.0000
             0.0000          0.0000          0.0000
             0.0000          0.0000          0.0000

     Atom 32  H   pos: (  0.441508  1.183186  0.450460)  para_oo sigma:           0.00
             0.0000          0.0000          0.0000
             0.0000          0.0000          0.0000
             0.0000          0.0000          0.0000

     Atom 33  H   pos: (  0.499086  0.156913  0.315940)  para_oo sigma:           0.00
             0.0000          0.0000          0.0000
             0.0000          0.0000          0.0000
             0.0000          0.0000          0.0000

     Atom 34  H   pos: (  0.753718  1.376423  0.464442)  para_oo sigma:           0.00
             0.0000          0.0000          0.0000
             0.0000          0.0000          0.0000
             0.0000          0.0000          0.0000

     Paramagnetic US L_R Q_R contribution in ppm:
 
     Atom  1  O   pos: (  0.194891  0.038758  0.165973)  para_lq sigma:        -142.97
          -152.3683        -16.9028          0.5884
           -11.9266       -137.2617          7.3494
            -8.2426          1.7855       -139.2817

     Atom  2  O   pos: (  1.057913  1.494577  0.614409)  para_lq sigma:        -142.97
          -152.3683        -16.9028          0.5884
           -11.9266       -137.2617          7.3494
            -8.2426          1.7855       -139.2817

     Atom  3  O   pos: ( -0.141228  0.183054  0.642471)  para_lq sigma:        -151.96
          -160.1360         -6.4809        -18.8404
           -11.1398       -140.1709          0.6793
           -10.1655          6.0040       -155.5850

     Atom  4  O   pos: (  1.394032  1.350282  0.137911)  para_lq sigma:        -151.96
          -160.1360         -6.4809        -18.8404
           -11.1398       -140.1709          0.6793
           -10.1655          6.0040       -155.5850

     Atom  5  N   pos: (  0.958660  0.564653  0.054304)  para_lq sigma:         -68.58
           -73.2857         -1.5400         -4.5150
             1.2078        -67.2380         -3.5095
           -14.9835         -9.7102        -65.2130

     Atom  6  N   pos: (  0.294145  0.968682  0.726079)  para_lq sigma:         -68.58
           -73.2857         -1.5400         -4.5150
             1.2078        -67.2380         -3.5095
           -14.9835         -9.7102        -65.2130

     Atom  7  N   pos: (  0.764993  0.672513  0.691728)  para_lq sigma:         -67.21
           -68.4125          8.8420        -12.7153
             8.3871        -69.7813        -11.2806
           -10.7172        -10.0820        -63.4290

     Atom  8  N   pos: (  0.487812  0.860822  0.088654)  para_lq sigma:         -67.21
           -68.4125          8.8420        -12.7153
             8.3871        -69.7813        -11.2806
           -10.7172        -10.0820        -63.4290

     Atom  9  N   pos: (  0.855568  0.755464  0.575566)  para_lq sigma:         -72.19
           -71.5248         11.1326        -17.1302
             8.8872        -74.0054        -13.0609
            -9.3637         -8.7724        -71.0502

     Atom 10  N   pos: (  0.397237  0.777871  0.204816)  para_lq sigma:         -72.19
           -71.5248         11.1326        -17.1302
             8.8872        -74.0054        -13.0609
            -9.3637         -8.7724        -71.0502

     Atom 11  C   pos: (  0.426012  0.253857  0.020005)  para_lq sigma:         -13.47
           -14.0823         -1.7320         -0.5003
            -1.7034        -12.3283          1.1487
            -0.8107          1.0158        -13.9992

     Atom 12  C   pos: (  0.826792  1.279478  0.760377)  para_lq sigma:         -13.47
           -14.0823         -1.7320         -0.5003
            -1.7034        -12.3283          1.1487
            -0.8107          1.0158        -13.9992

     Atom 13  C   pos: (  0.218934  0.388183  0.636534)  para_lq sigma:         -12.96
           -12.9758         -0.6890         -1.4401
            -1.0141        -11.7362          0.5844
            -0.6989          0.9701        -14.1678

     Atom 14  C   pos: (  1.033870  1.145152  0.143848)  para_lq sigma:         -12.96
           -12.9758         -0.6890         -1.4401
            -1.0141        -11.7362          0.5844
            -0.6989          0.9701        -14.1678

     Atom 15  C   pos: (  0.395114  0.492888  0.641545)  para_lq sigma:         -13.51
           -13.2056         -1.5142          0.0825
            -1.5582        -12.5731          1.6352
             0.6268          2.1677        -14.7406

     Atom 16  C   pos: (  0.857690  1.040447  0.138837)  para_lq sigma:         -13.51
           -13.2056         -1.5142          0.0825
            -1.5582        -12.5731          1.6352
             0.6268          2.1677        -14.7406

     Atom 17  C   pos: (  0.778322  0.462622  0.034055)  para_lq sigma:         -13.87
           -14.8375         -2.0654         -0.3241
            -2.0207        -13.0014          0.7438
            -0.2824          1.0234        -13.7713

     Atom 18  C   pos: (  0.474482  1.070713  0.746327)  para_lq sigma:         -13.87
           -14.8375         -2.0654         -0.3241
            -2.0207        -13.0014          0.7438
            -0.2824          1.0234        -13.7713

     Atom 19  C   pos: (  0.719168  0.352931  0.197997)  para_lq sigma:         -12.83
           -12.9549         -1.0019         -0.9689
            -0.9800        -11.6509          0.9821
            -1.0328          0.8211        -13.8913

     Atom 20  C   pos: (  0.533636  1.180404  0.582385)  para_lq sigma:         -12.83
           -12.9549         -1.0019         -0.9689
            -0.9800        -11.6509          0.9821
            -1.0328          0.8211        -13.8913

     Atom 21  C   pos: (  0.543627  0.247317  0.191334)  para_lq sigma:         -12.94
           -12.9534         -1.4127          0.0851
            -0.9698        -12.0739          1.4519
            -0.7535          1.0141        -13.8057

     Atom 22  C   pos: (  0.709177  1.286019  0.589048)  para_lq sigma:         -12.94
           -12.9534         -1.4127          0.0851
            -0.9698        -12.0739          1.4519
            -0.7535          1.0141        -13.8057

     Atom 23  C   pos: (  0.237112  0.145862  0.009238)  para_lq sigma:         -16.76
           -18.5979         -4.0462          1.1616
            -4.4554        -16.5574          1.8851
             1.7582          2.2305        -15.1205

     Atom 24  C   pos: (  1.015692  1.387473  0.771144)  para_lq sigma:         -16.76
           -18.5979         -4.0462          1.1616
            -4.4554        -16.5574          1.8851
             1.7582          2.2305        -15.1205

     Atom 25  H   pos: (  0.584801  1.471826  0.148197)  para_lq sigma:           0.00
             0.0000          0.0000          0.0000
             0.0000          0.0000          0.0000
             0.0000          0.0000          0.0000

     Atom 26  H   pos: (  0.668004  0.061509  0.632185)  para_lq sigma:           0.00
             0.0000          0.0000          0.0000
             0.0000          0.0000          0.0000
             0.0000          0.0000          0.0000

     Atom 27  H   pos: (  0.128564  0.389200  0.503287)  para_lq sigma:           0.00
             0.0000          0.0000          0.0000
             0.0000          0.0000          0.0000
             0.0000          0.0000          0.0000

     Atom 28  H   pos: (  1.124241  1.144136  0.277095)  para_lq sigma:           0.00
             0.0000          0.0000          0.0000
             0.0000          0.0000          0.0000
             0.0000          0.0000          0.0000

     Atom 29  H   pos: (  0.439740  0.580910  0.514941)  para_lq sigma:           0.00
             0.0000          0.0000          0.0000
             0.0000          0.0000          0.0000
             0.0000          0.0000          0.0000

     Atom 30  H   pos: (  0.813065  0.952426  0.265441)  para_lq sigma:           0.00
             0.0000          0.0000          0.0000
             0.0000          0.0000          0.0000
             0.0000          0.0000          0.0000

     Atom 31  H   pos: (  0.811297  0.350149  0.329922)  para_lq sigma:           0.00
             0.0000          0.0000          0.0000
             0.0000          0.0000          0.0000
             0.0000          0.0000          0.0000

     Atom 32  H   pos: (  0.441508  1.183186  0.450460)  para_lq sigma:           0.00
             0.0000          0.0000          0.0000
             0.0000          0.0000          0.0000
             0.0000          0.0000          0.0000

     Atom 33  H   pos: (  0.499086  0.156913  0.315940)  para_lq sigma:           0.00
             0.0000          0.0000          0.0000
             0.0000          0.0000          0.0000
             0.0000          0.0000          0.0000

     Atom 34  H   pos: (  0.753718  1.376423  0.464442)  para_lq sigma:           0.00
             0.0000          0.0000          0.0000
             0.0000          0.0000          0.0000
             0.0000          0.0000          0.0000

 
     Total NMR chemical shifts in ppm: ---------------------------------------
     (adopting the Simpson convention for anisotropy and asymmetry)-----------
 
     Atom  1  O   pos: (  0.194891  0.038758  0.165973)  Total sigma:          82.93
             2.5284        -95.1481        -62.7160
           -53.9009        166.3681         24.1575
          -125.0236         -9.4187         79.8872

     O    1    anisotropy:   -236.61    eta:   -0.6310
     O    1    sigma_11=    112.03    axis=( -0.311185 -0.533445  0.786511)
     O    1    sigma_22=    211.56    axis=(  0.454841 -0.810260 -0.369593)
     O    1    sigma_33=    -74.81    axis=( -0.834436 -0.242725 -0.494773)
 
     Atom  2  O   pos: (  1.057913  1.494577  0.614409)  Total sigma:          82.93
             2.5284        -95.1481        -62.7160
           -53.9009        166.3681         24.1575
          -125.0236         -9.4187         79.8872

     O    2    anisotropy:   -236.61    eta:   -0.6310
     O    2    sigma_11=    112.03    axis=( -0.311185 -0.533445  0.786511)
     O    2    sigma_22=    211.56    axis=(  0.454841 -0.810260 -0.369593)
     O    2    sigma_33=    -74.81    axis=( -0.834436 -0.242725 -0.494773)
 
     Atom  3  O   pos: ( -0.141228  0.183054  0.642471)  Total sigma:         -18.06
           -49.9646       -140.8147        -89.2954
          -145.3404         95.6873        147.4584
           -60.6022        151.6932        -99.9069

     O    3    anisotropy:    417.98    eta:   -0.1687
     O    3    sigma_11=   -133.88    axis=(  0.886417  0.386212  0.255159)
     O    3    sigma_22=   -180.90    axis=( -0.037120 -0.490149  0.870848)
     O    3    sigma_33=    260.59    axis=( -0.461397  0.781406  0.420140)
 
     Atom  4  O   pos: (  1.394032  1.350282  0.137911)  Total sigma:         -18.06
           -49.9646       -140.8147        -89.2954
          -145.3404         95.6873        147.4584
           -60.6022        151.6932        -99.9069

     O    4    anisotropy:    417.98    eta:   -0.1687
     O    4    sigma_11=   -133.88    axis=(  0.886417  0.386212  0.255159)
     O    4    sigma_22=   -180.90    axis=( -0.037120 -0.490149  0.870848)
     O    4    sigma_33=    260.59    axis=( -0.461397  0.781406  0.420140)
 
     Atom  5  N   pos: (  0.958660  0.564653  0.054304)  Total sigma:         124.61
           120.2630         31.8490        -43.5907
            61.2562        132.4084        -34.5418
          -121.4396        -81.7314        121.1469

     N    5    anisotropy:    188.06    eta:   -0.3950
     N    5    sigma_11=     86.68    axis=(  0.472283 -0.835989 -0.279413)
     N    5    sigma_22=     37.16    axis=(  0.662091  0.127194  0.738551)
     N    5    sigma_33=    249.98    axis=( -0.581881 -0.533802  0.613572)
 
     Atom  6  N   pos: (  0.294145  0.968682  0.726079)  Total sigma:         124.61
           120.2630         31.8490        -43.5907
            61.2562        132.4084        -34.5418
          -121.4396        -81.7314        121.1469

     N    6    anisotropy:    188.06    eta:   -0.3950
     N    6    sigma_11=     86.68    axis=(  0.472283 -0.835989 -0.279413)
     N    6    sigma_22=     37.16    axis=(  0.662091  0.127194  0.738551)
     N    6    sigma_33=    249.98    axis=( -0.581881 -0.533802  0.613572)
 
     Atom  7  N   pos: (  0.764993  0.672513  0.691728)  Total sigma:         -21.44
           -38.1992        139.2801       -182.6642
           133.4718        -68.0322       -171.9857
          -151.9228       -151.6945         41.9254

     N    7    anisotropy:    477.09    eta:   -0.0746
     N    7    sigma_11=   -168.60    axis=(  0.674385  0.219845  0.704892)
     N    7    sigma_22=   -192.33    axis=(  0.502046 -0.836545 -0.219412)
     N    7    sigma_33=    296.62    axis=(  0.541438  0.501857 -0.674526)
 
     Atom  8  N   pos: (  0.487812  0.860822  0.088654)  Total sigma:         -21.44
           -38.1992        139.2801       -182.6642
           133.4718        -68.0322       -171.9857
          -151.9228       -151.6945         41.9254

     N    8    anisotropy:    477.09    eta:   -0.0746
     N    8    sigma_11=   -168.60    axis=(  0.674385  0.219845  0.704892)
     N    8    sigma_22=   -192.33    axis=(  0.502046 -0.836545 -0.219412)
     N    8    sigma_33=    296.62    axis=(  0.541438  0.501857 -0.674526)
 
     Atom  9  N   pos: (  0.855568  0.755464  0.575566)  Total sigma:         -15.33
             2.0994        116.8021        -81.1140
            95.6407        -76.3746        -81.3266
           -48.9630        -79.9445         28.2744

     N    9    anisotropy:    256.31    eta:   -0.6498
     N    9    sigma_11=    -45.25    axis=(  0.627906  0.183248  0.756409)
     N    9    sigma_22=   -156.29    axis=( -0.488051  0.849763  0.199273)
     N    9    sigma_33=    155.54    axis=(  0.606252  0.494291 -0.623005)
 
     Atom 10  N   pos: (  0.397237  0.777871  0.204816)  Total sigma:         -15.33
             2.0994        116.8021        -81.1140
            95.6407        -76.3746        -81.3266
           -48.9630        -79.9445         28.2744

     N   10    anisotropy:    256.31    eta:   -0.6498
     N   10    sigma_11=    -45.25    axis=(  0.627906  0.183248  0.756409)
     N   10    sigma_22=   -156.29    axis=( -0.488051  0.849763  0.199273)
     N   10    sigma_33=    155.54    axis=(  0.606252  0.494291 -0.623005)
 
     Atom 11  C   pos: (  0.426012  0.253857  0.020005)  Total sigma:          40.81
             3.7469        -77.1938        -18.6901
           -80.7099         85.5056         34.9793
           -24.1903         35.6198         33.1729

     C   11    anisotropy:    161.30    eta:   -0.5825
     C   11    sigma_11=     18.36    axis=(  0.175796 -0.288165  0.941306)
     C   11    sigma_22=    -44.28    axis=( -0.854290 -0.519796  0.000418)
     C   11    sigma_33=    148.34    axis=(  0.489166 -0.804222 -0.337554)
 
     Atom 12  C   pos: (  0.826792  1.279478  0.760377)  Total sigma:          40.81
             3.7469        -77.1938        -18.6901
           -80.7099         85.5056         34.9793
           -24.1903         35.6198         33.1729

     C   12    anisotropy:    161.30    eta:   -0.5825
     C   12    sigma_11=     18.36    axis=(  0.175796 -0.288165  0.941306)
     C   12    sigma_22=    -44.28    axis=( -0.854290 -0.519796  0.000418)
     C   12    sigma_33=    148.34    axis=(  0.489166 -0.804222 -0.337554)
 
     Atom 13  C   pos: (  0.218934  0.388183  0.636534)  Total sigma:          33.70
            24.4035        -58.4912        -65.1032
           -60.4825        110.0009         47.8678
           -57.6120         49.3012        -33.2959

     C   13    anisotropy:    199.42    eta:   -0.6028
     C   13    sigma_11=      7.30    axis=(  0.715048  0.590896 -0.373563)
     C   13    sigma_22=    -72.84    axis=( -0.503740  0.065001 -0.861406)
     C   13    sigma_33=    166.65    axis=( -0.484719  0.804125  0.344137)
 
     Atom 14  C   pos: (  1.033870  1.145152  0.143848)  Total sigma:          33.70
            24.4035        -58.4912        -65.1032
           -60.4825        110.0009         47.8678
           -57.6120         49.3012        -33.2959

     C   14    anisotropy:    199.42    eta:   -0.6028
     C   14    sigma_11=      7.30    axis=(  0.715048  0.590896 -0.373563)
     C   14    sigma_22=    -72.84    axis=( -0.503740  0.065001 -0.861406)
     C   14    sigma_33=    166.65    axis=( -0.484719  0.804125  0.344137)
 
     Atom 15  C   pos: (  0.395114  0.492888  0.641545)  Total sigma:          43.68
            47.3868        -64.8174         -9.0658
           -63.5262         90.9657         68.1177
            -5.9608         71.9933         -7.3064

     C   15    anisotropy:    175.11    eta:   -0.6141
     C   15    sigma_11=     21.16    axis=(  0.830974  0.283591  0.478601)
     C   15    sigma_22=    -50.54    axis=( -0.282807 -0.525507  0.802410)
     C   15    sigma_33=    160.43    axis=( -0.479064  0.802134  0.356481)
 
     Atom 16  C   pos: (  0.857690  1.040447  0.138837)  Total sigma:          43.68
            47.3868        -64.8174         -9.0658
           -63.5262         90.9657         68.1177
            -5.9608         71.9933         -7.3064

     C   16    anisotropy:    175.11    eta:   -0.6141
     C   16    sigma_11=     21.16    axis=(  0.830974  0.283591  0.478601)
     C   16    sigma_22=    -50.54    axis=( -0.282807 -0.525507  0.802410)
     C   16    sigma_33=    160.43    axis=( -0.479064  0.802134  0.356481)
 
     Atom 17  C   pos: (  0.778322  0.462622  0.034055)  Total sigma:          22.00
           -22.4425        -76.1055        -15.3655
           -75.5412         58.1280         25.3452
           -18.7672         25.6515         30.3191

     C   17    anisotropy:    139.23    eta:   -0.9402
     C   17    sigma_11=     19.23    axis=(  0.161898 -0.300532  0.939931)
     C   17    sigma_22=    -68.04    axis=( -0.858447 -0.512650 -0.016051)
     C   17    sigma_33=    114.82    axis=(  0.486680 -0.804282 -0.340988)
 
     Atom 18  C   pos: (  0.474482  1.070713  0.746327)  Total sigma:          22.00
           -22.4425        -76.1055        -15.3655
           -75.5412         58.1280         25.3452
           -18.7672         25.6515         30.3191

     C   18    anisotropy:    139.23    eta:   -0.9402
     C   18    sigma_11=     19.23    axis=(  0.161898 -0.300532  0.939931)
     C   18    sigma_22=    -68.04    axis=( -0.858447 -0.512650 -0.016051)
     C   18    sigma_33=    114.82    axis=(  0.486680 -0.804282 -0.340988)
 
     Atom 19  C   pos: (  0.719168  0.352931  0.197997)  Total sigma:          45.11
            37.1261        -47.8337        -56.0328
           -46.5915        107.3487         46.1554
           -53.9887         39.7365         -9.1561

     C   19    anisotropy:    166.48    eta:   -0.6501
     C   19    sigma_11=     25.69    axis=( -0.705978 -0.603287  0.370997)
     C   19    sigma_22=    -46.47    axis=(  0.516196 -0.079651  0.852758)
     C   19    sigma_33=    156.10    axis=(  0.484908 -0.793536 -0.367647)
 
     Atom 20  C   pos: (  0.533636  1.180404  0.582385)  Total sigma:          45.11
            37.1261        -47.8337        -56.0328
           -46.5915        107.3487         46.1554
           -53.9887         39.7365         -9.1561

     C   20    anisotropy:    166.48    eta:   -0.6501
     C   20    sigma_11=     25.69    axis=( -0.705978 -0.603287  0.370997)
     C   20    sigma_22=    -46.47    axis=(  0.516196 -0.079651  0.852758)
     C   20    sigma_33=    156.10    axis=(  0.484908 -0.793536 -0.367647)
 
     Atom 21  C   pos: (  0.543627  0.247317  0.191334)  Total sigma:          31.85
            33.3393        -76.6092        -13.9467
           -69.4388         84.6464         81.9865
           -20.9366         77.0158        -22.4291

     C   21    anisotropy:    202.62    eta:   -0.4999
     C   21    sigma_11=     -1.93    axis=(  0.842617  0.300156  0.447106)
     C   21    sigma_22=    -69.45    axis=(  0.240761  0.532684 -0.811346)
     C   21    sigma_33=    166.93    axis=( -0.481696  0.791299  0.376582)
 
     Atom 22  C   pos: (  0.709177  1.286019  0.589048)  Total sigma:          31.85
            33.3393        -76.6092        -13.9467
           -69.4388         84.6464         81.9865
           -20.9366         77.0158        -22.4291

     C   22    anisotropy:    202.62    eta:   -0.4999
     C   22    sigma_11=     -1.93    axis=(  0.842617  0.300156  0.447106)
     C   22    sigma_22=    -69.45    axis=(  0.240761  0.532684 -0.811346)
     C   22    sigma_33=    166.93    axis=( -0.481696  0.791299  0.376582)
 
     Atom 23  C   pos: (  0.237112  0.145862  0.009238)  Total sigma:          -8.48
           -23.9259        -50.9317          3.4908
           -59.2050          5.3122         37.0367
            15.7220         42.6705         -6.8176

     C   23    anisotropy:   -108.83    eta:   -0.8635
     C   23    sigma_11=     -3.53    axis=( -0.577166  0.071916 -0.813454)
     C   23    sigma_22=     59.12    axis=( -0.472463  0.783069  0.404453)
     C   23    sigma_33=    -81.03    axis=( -0.666077 -0.617764  0.417983)
 
     Atom 24  C   pos: (  1.015692  1.387473  0.771144)  Total sigma:          -8.48
           -23.9259        -50.9317          3.4908
           -59.2050          5.3122         37.0367
            15.7220         42.6705         -6.8176

     C   24    anisotropy:   -108.83    eta:   -0.8635
     C   24    sigma_11=     -3.53    axis=( -0.577166  0.071916 -0.813454)
     C   24    sigma_22=     59.12    axis=( -0.472463  0.783069  0.404453)
     C   24    sigma_33=    -81.03    axis=( -0.666077 -0.617764  0.417983)
 
     Atom 25  H   pos: (  0.584801  1.471826  0.148197)  Total sigma:          15.76
            26.0572         14.3359          1.9368
            13.1126         14.0088         -2.4516
             1.5860         -2.4067          7.2114

     H   25    anisotropy:     28.89    eta:   -0.3309
     H   25    sigma_11=      9.31    axis=(  0.310277 -0.483566  0.818470)
     H   25    sigma_22=      2.94    axis=( -0.449774  0.683831  0.574525)
     H   25    sigma_33=     35.02    axis=( -0.837515 -0.546388 -0.005319)
 
     Atom 26  H   pos: (  0.668004  0.061509  0.632185)  Total sigma:          15.76
            26.0572         14.3359          1.9368
            13.1126         14.0088         -2.4516
             1.5860         -2.4067          7.2114

     H   26    anisotropy:     28.89    eta:   -0.3309
     H   26    sigma_11=      9.31    axis=(  0.310277 -0.483566  0.818470)
     H   26    sigma_22=      2.94    axis=( -0.449774  0.683831  0.574525)
     H   26    sigma_33=     35.02    axis=( -0.837515 -0.546388 -0.005319)
 
     Atom 27  H   pos: (  0.128564  0.389200  0.503287)  Total sigma:          22.97
            24.5990          2.9172          0.3244
             2.1875         21.9592         -1.3445
             0.7008         -1.4970         22.3455

     H   27    anisotropy:     -5.05    eta:   -0.9084
     H   27    sigma_11=     23.12    axis=(  0.322004 -0.362004  0.874795)
     H   27    sigma_22=     26.18    axis=( -0.839211 -0.536842  0.086752)
     H   27    sigma_33=     19.60    axis=( -0.438223  0.762072  0.476663)
 
     Atom 28  H   pos: (  1.124241  1.144136  0.277095)  Total sigma:          22.97
            24.5990          2.9172          0.3244
             2.1875         21.9592         -1.3445
             0.7008         -1.4970         22.3455

     H   28    anisotropy:     -5.05    eta:   -0.9084
     H   28    sigma_11=     23.12    axis=(  0.322004 -0.362004  0.874795)
     H   28    sigma_22=     26.18    axis=( -0.839211 -0.536842  0.086752)
     H   28    sigma_33=     19.60    axis=( -0.438223  0.762072  0.476663)
 
     Atom 29  H   pos: (  0.439740  0.580910  0.514941)  Total sigma:          24.09
            24.2021          1.6737          0.9665
             2.5690         23.4080          0.5983
             1.7232         -0.7531         24.6685

     H   29    anisotropy:     -4.08    eta:   -0.7967
     H   29    sigma_11=     24.37    axis=( -0.212659 -0.535088  0.817592)
     H   29    sigma_22=     26.54    axis=(  0.722281  0.477454  0.500347)
     H   29    sigma_33=     21.37    axis=( -0.658093  0.696935  0.284949)
 
     Atom 30  H   pos: (  0.813065  0.952426  0.265441)  Total sigma:          24.09
            24.2021          1.6737          0.9665
             2.5690         23.4080          0.5983
             1.7232         -0.7531         24.6685

     H   30    anisotropy:     -4.08    eta:   -0.7967
     H   30    sigma_11=     24.37    axis=( -0.212659 -0.535088  0.817592)
     H   30    sigma_22=     26.54    axis=(  0.722281  0.477454  0.500347)
     H   30    sigma_33=     21.37    axis=( -0.658093  0.696935  0.284949)
 
     Atom 31  H   pos: (  0.811297  0.350149  0.329922)  Total sigma:          23.33
            23.0341          2.8583          0.6002
             2.0783         21.8728         -2.6581
             1.1019         -2.3953         25.0876

     H   31    anisotropy:     -6.68    eta:   -0.4487
     H   31    sigma_11=     24.56    axis=(  0.829772  0.367497  0.420030)
     H   31    sigma_22=     26.56    axis=( -0.178410 -0.538450  0.823554)
     H   31    sigma_33=     18.88    axis=( -0.528819  0.758299  0.381226)
 
     Atom 32  H   pos: (  0.441508  1.183186  0.450460)  Total sigma:          23.33
            23.0341          2.8583          0.6002
             2.0783         21.8728         -2.6581
             1.1019         -2.3953         25.0876

     H   32    anisotropy:     -6.68    eta:   -0.4487
     H   32    sigma_11=     24.56    axis=(  0.829772  0.367497  0.420030)
     H   32    sigma_22=     26.56    axis=( -0.178410 -0.538450  0.823554)
     H   32    sigma_33=     18.88    axis=( -0.528819  0.758299  0.381226)
 
     Atom 33  H   pos: (  0.499086  0.156913  0.315940)  Total sigma:          22.81
            22.7039          2.5843          1.7937
             3.2743         21.0375          0.0421
             1.9251         -1.9906         24.7000

     H   33    anisotropy:     -6.84    eta:   -0.3841
     H   33    sigma_11=     24.22    axis=(  0.487780  0.633374 -0.600756)
     H   33    sigma_22=     25.97    axis=(  0.626759  0.224936  0.746041)
     H   33    sigma_33=     18.26    axis=( -0.607655  0.740433  0.287254)
 
     Atom 34  H   pos: (  0.753718  1.376423  0.464442)  Total sigma:          22.81
            22.7039          2.5843          1.7937
             3.2743         21.0375          0.0421
             1.9251         -1.9906         24.7000

     H   34    anisotropy:     -6.84    eta:   -0.3841
     H   34    sigma_11=     24.22    axis=(  0.487780  0.633374 -0.600756)
     H   34    sigma_22=     25.97    axis=(  0.626759  0.224936  0.746041)
     H   34    sigma_33=     18.26    axis=( -0.607655  0.740433  0.287254)
 
     Initialization:
     gipaw_setup  :      0.35s CPU      0.36s WALL (       1 calls)
 
     Linear response
     greenf       :   6345.30s CPU   6458.75s WALL (     240 calls)
     cgsolve      :   6315.30s CPU   6428.71s WALL (     240 calls)
     ch_psi       :   6183.60s CPU   6296.68s WALL (   17196 calls)
     h_psiq       :   4923.90s CPU   5034.94s WALL (   17196 calls)
 
     Apply operators
     h_psi        :   4476.54s CPU   4598.63s WALL (   21241 calls)
     apply_vel    :     69.75s CPU     69.88s WALL (     210 calls)
 
     Induced current
     j_para       :    309.83s CPU    318.69s WALL (     270 calls)
     biot_savart  :      0.05s CPU      0.05s WALL (       1 calls)
 
     Other routines
 
     General routines
     calbec       :   1485.88s CPU   1490.33s WALL (   57663 calls)
     fft          :      0.08s CPU      0.10s WALL (      32 calls)
     fftw         :   3542.79s CPU   3667.81s WALL ( 2492856 calls)
     davcio       :      0.02s CPU      0.54s WALL (     160 calls)
 
     Parallel routines
     fft_scatter  :    858.99s CPU    922.22s WALL ( 2492888 calls)
 
     Plugins
 
     GIPAW        :   7604.28s CPU   7746.60s WALL (       1 calls)
