
     Program QE v.6.1 (svn rev. 13369) starts on 21Dec2017 at  4:22:23 

     This program is part of the open-source Quantum ESPRESSO suite
     for quantum simulation of materials; please cite
         "P. Giannozzi et al., J. Phys.:Condens. Matter 21 395502 (2009);
          URL http://www.quantum-espresso.org", 
     in publications or presentations arising from this work. More details at
     http://www.quantum-espresso.org/quote

     Parallel version (MPI), running on     8 processors
     R & G space division:  proc/nbgrp/npool/nimage =       8
 
     ***** This is GIPAW svn revision unknown      *****
 
     Parallelizing q-star over 1 images
     Message from routine gipaw_readin:
     *** iverbosity is obsolete, use verbosity instead ***

     Reading data from directory:
     /scratch/ahofstet/ML/CCDC2/WIKCAU/wfc/scf.save

   Info: using nr1, nr2, nr3 values from input

   Info: using nr1, nr2, nr3 values from input

     IMPORTANT: XC functional enforced from input :
     Exchange-correlation      =  SLA  PW   PBX  PBC ( 1  4  3  4 0 0)
     Any further DFT definition will be discarded
     Please, verify this is what you really want

               file C.pbe-n-kjpaw_psl.0.1.UPF: wavefunction(s)  2P renormalized
               file N.pbe-n-kjpaw_psl.0.1.UPF: wavefunction(s)  2P renormalized
               file H.pbe-kjpaw_psl.0.1.UPF: wavefunction(s)  1S renormalized
               file O.pbe-n-kjpaw_psl.0.1.UPF: wavefunction(s)  2P renormalized
 
     Parallelization info
     --------------------
     sticks:   dense  smooth     PW     G-vecs:    dense   smooth      PW
     Min        1063    1063    287                50357    50357    7055
     Max        1064    1064    289                50360    50360    7056
     Sum        8509    8509   2305               402875   402875   56441
 

     Check: negative/imaginary core charge=   -0.000002    0.000000

     Subspace diagonalization in iterative solution of the eigenvalue problem:
     a serial algorithm will be used

     GIPAW projectors -----------------------------------------------
     atom=  C    l=0  rc=    1.3000  rs=    0.8667
     atom=  C    l=0  rc=    1.3000  rs=    0.8667
     atom=  C    l=1  rc=    1.4500  rs=    0.9667
     atom=  C    l=1  rc=    1.4500  rs=    0.9667
     projs nearly linearly dependent: l=0  n1,n2= 1, 2  s=  0.99877758
     projs nearly linearly dependent: l=1  n1,n2= 1, 2  s=  0.99940894
 
     atom=  N    l=0  rc=    1.3000  rs=    0.8667
     atom=  N    l=0  rc=    1.3000  rs=    0.8667
     atom=  N    l=1  rc=    1.4500  rs=    0.9667
     atom=  N    l=1  rc=    1.4500  rs=    0.9667
     projs nearly linearly dependent: l=0  n1,n2= 1, 2  s=  0.99709514
     projs nearly linearly dependent: l=1  n1,n2= 1, 2  s=  0.99857174
 
     atom=  H    l=0  rc=    1.0000  rs=    0.6667
     atom=  H    l=0  rc=    1.0000  rs=    0.6667
     projs nearly linearly dependent: l=0  n1,n2= 1, 2  s=  0.99968852
 
     atom=  O    l=0  rc=    1.3500  rs=    0.9000
     atom=  O    l=0  rc=    1.3500  rs=    0.9000
     atom=  O    l=1  rc=    1.3500  rs=    0.9000
     atom=  O    l=1  rc=    1.3500  rs=    0.9000
     projs nearly linearly dependent: l=0  n1,n2= 1, 2  s=  0.99100135
     projs nearly linearly dependent: l=1  n1,n2= 1, 2  s=  0.99790100
     -----------------------------------------------------------------
 
     alpha_pv=     46.1558 eV
 
     q-space interpolation up to   110.00 Rydberg
 
     GIPAW job: nmr                                                                             
     NMR macroscopic correction: yes
             0.6667          0.0000          0.0000
             0.0000          0.6667          0.0000
             0.0000          0.0000          0.6667

 
     Largest allocated arrays     est. size (Mb)     dimensions
        KS wavefunctions at k           8.27 Mb     (    6301,   86)
        KS wavefunctions at k+q         8.27 Mb     (    6301,   86)
        First-order wavefunctions      82.69 Mb     (    6301,   86, 10)
        First-order wavefunct (US)     49.61 Mb     (    6301,   86,  6)
        Charge/spin density             0.79 Mb     (  103680,    1)
        Induced current                 7.12 Mb     (  103680,    3,3,1)
        Induced magnetic field          7.12 Mb     (  103680,    3,3,1)
        NL pseudopotentials            24.61 Mb     (    6301,  256)
        GIPAW NL terms                 24.61 Mb     (    6301,  256)
 
     Computing the magnetic susceptibility     isolve=0    ethr=  0.1000E-13
     k-point #    1 of     6      pool #  1    cpu time:       6.1
     Rotating WFCS
     c_bands:  1 eigenvalues not converged
     Rotating WFCS
     c_bands:  1 eigenvalues not converged
     Rotating WFCS
     c_bands:  1 eigenvalues not converged
     Rotating WFCS
     Rotating WFCS
     Rotating WFCS
     Rotating WFCS
     k-point #    2 of     6      pool #  1    cpu time:     867.3
     Rotating WFCS
     c_bands:  1 eigenvalues not converged
     Rotating WFCS
     c_bands:  1 eigenvalues not converged
     Rotating WFCS
     c_bands:  1 eigenvalues not converged
     Rotating WFCS
     Rotating WFCS
     Rotating WFCS
     Rotating WFCS
     k-point #    3 of     6      pool #  1    cpu time:    1742.7
     Rotating WFCS
     c_bands:  1 eigenvalues not converged
     Rotating WFCS
     c_bands:  1 eigenvalues not converged
     Rotating WFCS
     c_bands:  1 eigenvalues not converged
     Rotating WFCS
     c_bands:  1 eigenvalues not converged
     Rotating WFCS
     c_bands:  1 eigenvalues not converged
     Rotating WFCS
     c_bands:  1 eigenvalues not converged
     Rotating WFCS
     c_bands:  1 eigenvalues not converged
     k-point #    4 of     6      pool #  1    cpu time:    2646.3
     Rotating WFCS
     c_bands:  1 eigenvalues not converged
     Rotating WFCS
     Rotating WFCS
     Rotating WFCS
     Rotating WFCS
     c_bands:  1 eigenvalues not converged
     Rotating WFCS
     c_bands:  1 eigenvalues not converged
     Rotating WFCS
     k-point #    5 of     6      pool #  1    cpu time:    3583.9
     Rotating WFCS
     c_bands:  1 eigenvalues not converged
     Rotating WFCS
     c_bands:  1 eigenvalues not converged
     Rotating WFCS
     c_bands:  1 eigenvalues not converged
     Rotating WFCS
     Rotating WFCS
     c_bands:  1 eigenvalues not converged
     Rotating WFCS
     Rotating WFCS
     k-point #    6 of     6      pool #  1    cpu time:    4561.5
     Rotating WFCS
     c_bands:  1 eigenvalues not converged
     Rotating WFCS
     Rotating WFCS
     Rotating WFCS
     Rotating WFCS
     c_bands:  1 eigenvalues not converged
     Rotating WFCS
     Rotating WFCS
     End of magnetic susceptibility calculation
 
     f-sum rule (1st term):
          -138.7992          0.0000          0.0000
             0.0000       -138.6126          0.0000
             0.0000          0.0000       -138.9173

     f-sum rule (2nd term):
            -2.0430          0.0000          0.0000
             0.0000         -1.9824          0.0000
             0.0000          0.0000         -1.9314

     f-sum rule (should be  -140.8423):
          -140.8422          0.0000          0.0000
             0.0000       -140.5950          0.0000
             0.0000          0.0000       -140.8487

     chi_bare pGv (HH) in paratec units:
       -37.415379      0.001455      0.000800
         0.003165    -35.761822     -0.093736
         0.001579     -0.178804    -34.491910

       -37.415379      0.000000      0.000000
         0.000000    -35.761822      0.000000
         0.000000      0.000000    -34.491910

     chi_bare vGv (VV) in paratec units:
       -38.383325      0.001238      0.000909
         0.002012    -35.812644     -0.190894
         0.000861     -0.192926    -32.478708

       -38.383325      0.000000      0.000000
         0.000000    -35.812644      0.000000
         0.000000      0.000000    -32.478708

     chi_bare pGv (HH) in 10^{-6} cm^3/mol:
          -177.8014          0.0000          0.0000
             0.0000       -169.9435          0.0000
             0.0000          0.0000       -163.9088

     chi_bare vGv (VV) in 10^{-6} cm^3/mol:
          -182.4012          0.0000          0.0000
             0.0000       -170.1851          0.0000
             0.0000          0.0000       -154.3419

     Contributions to the NMR chemical shifts: -------------------------------
 
     Macroscopic shape contribution in ppm:                    5.37
             5.5986          0.0000          0.0000
             0.0000          5.3511          0.0000
             0.0000          0.0000          5.1611

 
     Core contribution in ppm:
 
     Atom  1  O   pos: (  0.315050  0.093162  0.072318)  core sigma:         271.07
     Atom  2  O   pos: (  0.184950  0.194029  0.225513)  core sigma:         271.07
     Atom  3  O   pos: (  0.815050  0.007705  0.072318)  core sigma:         271.07
     Atom  4  O   pos: (  0.684950  0.108572  0.225513)  core sigma:         271.07
     Atom  5  C   pos: (  0.349391  0.032730  0.085239)  core sigma:         200.51
     Atom  6  C   pos: (  0.150609  0.133597  0.238435)  core sigma:         200.51
     Atom  7  C   pos: (  0.849391  0.068137  0.085239)  core sigma:         200.51
     Atom  8  C   pos: (  0.650609  0.169004  0.238435)  core sigma:         200.51
     Atom  9  O   pos: (  0.345521  0.209534  0.143067)  core sigma:         271.07
     Atom 10  O   pos: (  0.154479  0.108667  0.296262)  core sigma:         271.07
     Atom 11  O   pos: (  0.845521  0.093067  0.143067)  core sigma:         271.07
     Atom 12  O   pos: (  0.654479 -0.007800  0.296262)  core sigma:         271.07
     Atom 13  C   pos: (  0.383676 -0.004693  0.027962)  core sigma:         200.51
     Atom 14  C   pos: (  0.116324  0.096174  0.181157)  core sigma:         200.51
     Atom 15  C   pos: (  0.883676  0.105560  0.027962)  core sigma:         200.51
     Atom 16  C   pos: (  0.616324  0.206427  0.181157)  core sigma:         200.51
     Atom 17  H   pos: (  0.426275 -0.035697  0.048819)  core sigma:           0.00
     Atom 18  H   pos: (  0.073725  0.065170  0.202015)  core sigma:           0.00
     Atom 19  H   pos: (  0.926275  0.136564  0.048819)  core sigma:           0.00
     Atom 20  H   pos: (  0.573725  0.237431  0.202015)  core sigma:           0.00
     Atom 21  C   pos: (  0.398260  0.036346  0.274061)  core sigma:         200.51
     Atom 22  C   pos: (  0.101740  0.137213  0.120866)  core sigma:         200.51
     Atom 23  C   pos: (  0.898260  0.064521  0.274061)  core sigma:         200.51
     Atom 24  C   pos: (  0.601740  0.165388  0.120866)  core sigma:         200.51
     Atom 25  H   pos: (  0.434059  0.018115  0.234604)  core sigma:           0.00
     Atom 26  H   pos: (  0.065941  0.118982  0.081409)  core sigma:           0.00
     Atom 27  H   pos: (  0.934059  0.082752  0.234604)  core sigma:           0.00
     Atom 28  H   pos: (  0.565941  0.183619  0.081409)  core sigma:           0.00
     Atom 29  C   pos: (  0.362906  0.095124  0.263322)  core sigma:         200.51
     Atom 30  C   pos: (  0.137094  0.195991  0.110127)  core sigma:         200.51
     Atom 31  C   pos: (  0.862906  0.005743  0.263322)  core sigma:         200.51
     Atom 32  C   pos: (  0.637094  0.106610  0.110127)  core sigma:         200.51
     Atom 33  H   pos: (  0.372181  0.124457  0.216863)  core sigma:           0.00
     Atom 34  H   pos: (  0.127819  0.023590  0.063668)  core sigma:           0.00
     Atom 35  H   pos: (  0.872181  0.178144  0.216863)  core sigma:           0.00
     Atom 36  H   pos: (  0.627819  0.077277  0.063668)  core sigma:           0.00
     Atom 37  C   pos: (  0.325907  0.129473  0.010012)  core sigma:         200.51
     Atom 38  C   pos: (  0.174093  0.230340  0.163207)  core sigma:         200.51
     Atom 39  C   pos: (  0.825907 -0.028606  0.010012)  core sigma:         200.51
     Atom 40  C   pos: (  0.674093  0.072261  0.163207)  core sigma:         200.51
     Atom 41  H   pos: (  0.277921  0.156693 -0.003025)  core sigma:           0.00
     Atom 42  H   pos: (  0.222079  0.257560  0.150170)  core sigma:           0.00
     Atom 43  H   pos: (  0.777921 -0.055826 -0.003025)  core sigma:           0.00
     Atom 44  H   pos: (  0.722079  0.045041  0.150170)  core sigma:           0.00
 
     Bare contribution in ppm:
 
     Atom  1  O   pos: (  0.315050  0.093162  0.072318)  bare sigma:          22.65
            51.0628          7.1827         12.0065
             8.8902         41.3730         23.5503
            21.9522         24.6087        -24.4746

     Atom  2  O   pos: (  0.184950  0.194029  0.225513)  bare sigma:          22.65
            51.0628         -7.1827        -12.0065
            -8.8902         41.3730         23.5503
           -21.9522         24.6087        -24.4746

     Atom  3  O   pos: (  0.815050  0.007705  0.072318)  bare sigma:          22.65
            51.0628         -7.1827         12.0065
            -8.8902         41.3730        -23.5503
            21.9522        -24.6087        -24.4746

     Atom  4  O   pos: (  0.684950  0.108572  0.225513)  bare sigma:          22.65
            51.0628          7.1827        -12.0065
             8.8902         41.3730        -23.5503
           -21.9522        -24.6087        -24.4746

     Atom  5  C   pos: (  0.349391  0.032730  0.085239)  bare sigma:         -71.97
           -67.0884         27.1228         11.6722
            28.2305        -90.9424         -5.5795
             4.0676         -0.5853        -57.8648

     Atom  6  C   pos: (  0.150609  0.133597  0.238435)  bare sigma:         -71.97
           -67.0884        -27.1228        -11.6722
           -28.2305        -90.9424         -5.5795
            -4.0676         -0.5853        -57.8648

     Atom  7  C   pos: (  0.849391  0.068137  0.085239)  bare sigma:         -71.97
           -67.0884        -27.1228         11.6722
           -28.2305        -90.9424          5.5795
             4.0676          0.5853        -57.8648

     Atom  8  C   pos: (  0.650609  0.169004  0.238435)  bare sigma:         -71.97
           -67.0884         27.1228        -11.6722
            28.2305        -90.9424          5.5795
            -4.0676          0.5853        -57.8648

     Atom  9  O   pos: (  0.345521  0.209534  0.143067)  bare sigma:         -40.20
            23.0926         64.7073          9.2981
            61.8417        -62.1611         48.3084
            26.6489         48.3080        -81.5165

     Atom 10  O   pos: (  0.154479  0.108667  0.296262)  bare sigma:         -40.20
            23.0926        -64.7073         -9.2981
           -61.8417        -62.1611         48.3084
           -26.6489         48.3080        -81.5165

     Atom 11  O   pos: (  0.845521  0.093067  0.143067)  bare sigma:         -40.20
            23.0926        -64.7073          9.2981
           -61.8417        -62.1611        -48.3084
            26.6489        -48.3080        -81.5165

     Atom 12  O   pos: (  0.654479 -0.007800  0.296262)  bare sigma:         -40.20
            23.0926         64.7073         -9.2981
            61.8417        -62.1611        -48.3084
           -26.6489        -48.3080        -81.5165

     Atom 13  C   pos: (  0.383676 -0.004693  0.027962)  bare sigma:         -23.40
           -23.2984         12.7822         11.6043
             7.1018        -21.5297         10.8450
             7.4330         -0.3376        -25.3784

     Atom 14  C   pos: (  0.116324  0.096174  0.181157)  bare sigma:         -23.40
           -23.2984        -12.7822        -11.6043
            -7.1018        -21.5297         10.8450
            -7.4330         -0.3376        -25.3784

     Atom 15  C   pos: (  0.883676  0.105560  0.027962)  bare sigma:         -23.40
           -23.2984        -12.7822         11.6043
            -7.1018        -21.5297        -10.8450
             7.4330          0.3376        -25.3784

     Atom 16  C   pos: (  0.616324  0.206427  0.181157)  bare sigma:         -23.40
           -23.2984         12.7822        -11.6043
             7.1018        -21.5297        -10.8450
            -7.4330          0.3376        -25.3784

     Atom 17  H   pos: (  0.426275 -0.035697  0.048819)  bare sigma:          22.20
            23.1809          1.3495          0.3470
             0.6378         20.4488         -0.3548
            -0.0892         -0.5885         22.9671

     Atom 18  H   pos: (  0.073725  0.065170  0.202015)  bare sigma:          22.20
            23.1809         -1.3495         -0.3470
            -0.6378         20.4488         -0.3548
             0.0892         -0.5885         22.9671

     Atom 19  H   pos: (  0.926275  0.136564  0.048819)  bare sigma:          22.20
            23.1809         -1.3495          0.3470
            -0.6378         20.4488          0.3548
            -0.0892          0.5885         22.9671

     Atom 20  H   pos: (  0.573725  0.237431  0.202015)  bare sigma:          22.20
            23.1809          1.3495         -0.3470
             0.6378         20.4488          0.3548
             0.0892          0.5885         22.9671

     Atom 21  C   pos: (  0.398260  0.036346  0.274061)  bare sigma:         -46.62
           -30.9882         15.2849         33.7288
            15.6911        -37.3823         16.4412
            42.8441          8.4581        -71.5013

     Atom 22  C   pos: (  0.101740  0.137213  0.120866)  bare sigma:         -46.62
           -30.9882        -15.2849        -33.7288
           -15.6911        -37.3823         16.4412
           -42.8441          8.4581        -71.5013

     Atom 23  C   pos: (  0.898260  0.064521  0.274061)  bare sigma:         -46.62
           -30.9882        -15.2849         33.7288
           -15.6911        -37.3823        -16.4412
            42.8441         -8.4581        -71.5013

     Atom 24  C   pos: (  0.601740  0.165388  0.120866)  bare sigma:         -46.62
           -30.9882         15.2849        -33.7288
            15.6911        -37.3823        -16.4412
           -42.8441         -8.4581        -71.5013

     Atom 25  H   pos: (  0.434059  0.018115  0.234604)  bare sigma:          18.87
            19.2616          1.1933          0.5684
            -1.5413         20.1945          0.0249
             0.6515          0.7872         17.1604

     Atom 26  H   pos: (  0.065941  0.118982  0.081409)  bare sigma:          18.87
            19.2616         -1.1933         -0.5684
             1.5413         20.1945          0.0249
            -0.6515          0.7872         17.1604

     Atom 27  H   pos: (  0.934059  0.082752  0.234604)  bare sigma:          18.87
            19.2616         -1.1933          0.5684
             1.5413         20.1945         -0.0249
             0.6515         -0.7872         17.1604

     Atom 28  H   pos: (  0.565941  0.183619  0.081409)  bare sigma:          18.87
            19.2616          1.1933         -0.5684
            -1.5413         20.1945         -0.0249
            -0.6515         -0.7872         17.1604

     Atom 29  C   pos: (  0.362906  0.095124  0.263322)  bare sigma:         -54.19
           -32.5245         26.0201         44.8385
            22.4209        -41.4493         21.7046
            35.8918         29.4650        -88.5912

     Atom 30  C   pos: (  0.137094  0.195991  0.110127)  bare sigma:         -54.19
           -32.5245        -26.0201        -44.8385
           -22.4209        -41.4493         21.7046
           -35.8918         29.4650        -88.5912

     Atom 31  C   pos: (  0.862906  0.005743  0.263322)  bare sigma:         -54.19
           -32.5245        -26.0201         44.8385
           -22.4209        -41.4493        -21.7046
            35.8918        -29.4650        -88.5912

     Atom 32  C   pos: (  0.637094  0.106610  0.110127)  bare sigma:         -54.19
           -32.5245         26.0201        -44.8385
            22.4209        -41.4493        -21.7046
           -35.8918        -29.4650        -88.5912

     Atom 33  H   pos: (  0.372181  0.124457  0.216863)  bare sigma:          17.08
            13.7587          0.9447          2.5577
            -1.9622         20.5767          0.8406
             0.8734          1.0725         16.9171

     Atom 34  H   pos: (  0.127819  0.023590  0.063668)  bare sigma:          17.08
            13.7587         -0.9447         -2.5577
             1.9622         20.5767          0.8406
            -0.8734          1.0725         16.9171

     Atom 35  H   pos: (  0.872181  0.178144  0.216863)  bare sigma:          17.08
            13.7587         -0.9447          2.5577
             1.9622         20.5767         -0.8406
             0.8734         -1.0725         16.9171

     Atom 36  H   pos: (  0.627819  0.077277  0.063668)  bare sigma:          17.08
            13.7587          0.9447         -2.5577
            -1.9622         20.5767         -0.8406
            -0.8734         -1.0725         16.9171

     Atom 37  C   pos: (  0.325907  0.129473  0.010012)  bare sigma:         -39.09
           -46.8934         12.0294         -0.6325
             8.3247        -33.7880         -7.2164
            -2.2473         -5.8607        -36.5771

     Atom 38  C   pos: (  0.174093  0.230340  0.163207)  bare sigma:         -39.09
           -46.8934        -12.0294          0.6325
            -8.3247        -33.7880         -7.2164
             2.2473         -5.8607        -36.5771

     Atom 39  C   pos: (  0.825907 -0.028606  0.010012)  bare sigma:         -39.09
           -46.8934        -12.0294         -0.6325
            -8.3247        -33.7880          7.2164
            -2.2473          5.8607        -36.5771

     Atom 40  C   pos: (  0.674093  0.072261  0.163207)  bare sigma:         -39.09
           -46.8934         12.0294          0.6325
             8.3247        -33.7880          7.2164
             2.2473          5.8607        -36.5771

     Atom 41  H   pos: (  0.277921  0.156693 -0.003025)  bare sigma:          18.16
            19.1730         -0.4272          2.5360
            -2.1802         16.7742         -0.2211
             2.0395         -1.9479         18.5429

     Atom 42  H   pos: (  0.222079  0.257560  0.150170)  bare sigma:          18.16
            19.1730          0.4272         -2.5360
             2.1802         16.7742         -0.2211
            -2.0395         -1.9479         18.5429

     Atom 43  H   pos: (  0.777921 -0.055826 -0.003025)  bare sigma:          18.16
            19.1730          0.4272          2.5360
             2.1802         16.7742          0.2211
             2.0395          1.9479         18.5429

     Atom 44  H   pos: (  0.722079  0.045041  0.150170)  bare sigma:          18.16
            19.1730         -0.4272         -2.5360
            -2.1802         16.7742          0.2211
            -2.0395          1.9479         18.5429

     Diamagnetic contribution in ppm:
 
     Atom  1  O   pos: (  0.315050  0.093162  0.072318)  dia sigma:          17.76
            17.4043         -0.2468          0.0075
            -0.2468         18.0760         -0.6523
             0.0075         -0.6523         17.8091

     Atom  2  O   pos: (  0.184950  0.194029  0.225513)  dia sigma:          17.76
            17.4043          0.2468         -0.0075
             0.2468         18.0760         -0.6523
            -0.0075         -0.6523         17.8091

     Atom  3  O   pos: (  0.815050  0.007705  0.072318)  dia sigma:          17.76
            17.4043          0.2468          0.0075
             0.2468         18.0760          0.6523
             0.0075          0.6523         17.8091

     Atom  4  O   pos: (  0.684950  0.108572  0.225513)  dia sigma:          17.76
            17.4043         -0.2468         -0.0075
            -0.2468         18.0760          0.6523
            -0.0075          0.6523         17.8091

     Atom  5  C   pos: (  0.349391  0.032730  0.085239)  dia sigma:           3.97
             4.0791          0.0443          0.1103
             0.0443          4.0368          0.0165
             0.1103          0.0165          3.7854

     Atom  6  C   pos: (  0.150609  0.133597  0.238435)  dia sigma:           3.97
             4.0791         -0.0443         -0.1103
            -0.0443          4.0368          0.0165
            -0.1103          0.0165          3.7854

     Atom  7  C   pos: (  0.849391  0.068137  0.085239)  dia sigma:           3.97
             4.0791         -0.0443          0.1103
            -0.0443          4.0368         -0.0165
             0.1103         -0.0165          3.7854

     Atom  8  C   pos: (  0.650609  0.169004  0.238435)  dia sigma:           3.97
             4.0791          0.0443         -0.1103
             0.0443          4.0368         -0.0165
            -0.1103         -0.0165          3.7854

     Atom  9  O   pos: (  0.345521  0.209534  0.143067)  dia sigma:          17.56
            17.6790          0.5542          0.2599
             0.5542         17.2594         -0.2964
             0.2599         -0.2964         17.7458

     Atom 10  O   pos: (  0.154479  0.108667  0.296262)  dia sigma:          17.56
            17.6790         -0.5542         -0.2599
            -0.5542         17.2594         -0.2964
            -0.2599         -0.2964         17.7458

     Atom 11  O   pos: (  0.845521  0.093067  0.143067)  dia sigma:          17.56
            17.6790         -0.5542          0.2599
            -0.5542         17.2594          0.2964
             0.2599          0.2964         17.7458

     Atom 12  O   pos: (  0.654479 -0.007800  0.296262)  dia sigma:          17.56
            17.6790          0.5542         -0.2599
             0.5542         17.2594          0.2964
            -0.2599          0.2964         17.7458

     Atom 13  C   pos: (  0.383676 -0.004693  0.027962)  dia sigma:           4.30
             4.3349          0.0659          0.0162
             0.0659          4.3134          0.0651
             0.0162          0.0651          4.2535

     Atom 14  C   pos: (  0.116324  0.096174  0.181157)  dia sigma:           4.30
             4.3349         -0.0659         -0.0162
            -0.0659          4.3134          0.0651
            -0.0162          0.0651          4.2535

     Atom 15  C   pos: (  0.883676  0.105560  0.027962)  dia sigma:           4.30
             4.3349         -0.0659          0.0162
            -0.0659          4.3134         -0.0651
             0.0162         -0.0651          4.2535

     Atom 16  C   pos: (  0.616324  0.206427  0.181157)  dia sigma:           4.30
             4.3349          0.0659         -0.0162
             0.0659          4.3134         -0.0651
            -0.0162         -0.0651          4.2535

     Atom 17  H   pos: (  0.426275 -0.035697  0.048819)  dia sigma:           1.15
             1.1478         -0.0000         -0.0000
            -0.0000          1.1478          0.0000
            -0.0000          0.0000          1.1478

     Atom 18  H   pos: (  0.073725  0.065170  0.202015)  dia sigma:           1.15
             1.1478          0.0000          0.0000
             0.0000          1.1478          0.0000
             0.0000          0.0000          1.1478

     Atom 19  H   pos: (  0.926275  0.136564  0.048819)  dia sigma:           1.15
             1.1478          0.0000         -0.0000
             0.0000          1.1478         -0.0000
            -0.0000         -0.0000          1.1478

     Atom 20  H   pos: (  0.573725  0.237431  0.202015)  dia sigma:           1.15
             1.1478         -0.0000          0.0000
            -0.0000          1.1478         -0.0000
             0.0000         -0.0000          1.1478

     Atom 21  C   pos: (  0.398260  0.036346  0.274061)  dia sigma:           4.43
             4.4843          0.1004          0.0511
             0.1004          4.3726          0.0291
             0.0511          0.0291          4.4329

     Atom 22  C   pos: (  0.101740  0.137213  0.120866)  dia sigma:           4.43
             4.4843         -0.1004         -0.0511
            -0.1004          4.3726          0.0291
            -0.0511          0.0291          4.4329

     Atom 23  C   pos: (  0.898260  0.064521  0.274061)  dia sigma:           4.43
             4.4843         -0.1004          0.0511
            -0.1004          4.3726         -0.0291
             0.0511         -0.0291          4.4329

     Atom 24  C   pos: (  0.601740  0.165388  0.120866)  dia sigma:           4.43
             4.4843          0.1004         -0.0511
             0.1004          4.3726         -0.0291
            -0.0511         -0.0291          4.4329

     Atom 25  H   pos: (  0.434059  0.018115  0.234604)  dia sigma:           1.15
             1.1478          0.0000          0.0000
             0.0000          1.1478         -0.0000
             0.0000         -0.0000          1.1478

     Atom 26  H   pos: (  0.065941  0.118982  0.081409)  dia sigma:           1.15
             1.1478         -0.0000         -0.0000
            -0.0000          1.1478         -0.0000
            -0.0000         -0.0000          1.1478

     Atom 27  H   pos: (  0.934059  0.082752  0.234604)  dia sigma:           1.15
             1.1478         -0.0000          0.0000
            -0.0000          1.1478          0.0000
             0.0000          0.0000          1.1478

     Atom 28  H   pos: (  0.565941  0.183619  0.081409)  dia sigma:           1.15
             1.1478          0.0000         -0.0000
             0.0000          1.1478          0.0000
            -0.0000          0.0000          1.1478

     Atom 29  C   pos: (  0.362906  0.095124  0.263322)  dia sigma:           4.48
             4.5619          0.1081          0.0647
             0.1081          4.4136          0.0776
             0.0647          0.0776          4.4529

     Atom 30  C   pos: (  0.137094  0.195991  0.110127)  dia sigma:           4.48
             4.5619         -0.1081         -0.0647
            -0.1081          4.4136          0.0776
            -0.0647          0.0776          4.4529

     Atom 31  C   pos: (  0.862906  0.005743  0.263322)  dia sigma:           4.48
             4.5619         -0.1081          0.0647
            -0.1081          4.4136         -0.0776
             0.0647         -0.0776          4.4529

     Atom 32  C   pos: (  0.637094  0.106610  0.110127)  dia sigma:           4.48
             4.5619          0.1081         -0.0647
             0.1081          4.4136         -0.0776
            -0.0647         -0.0776          4.4529

     Atom 33  H   pos: (  0.372181  0.124457  0.216863)  dia sigma:           1.15
             1.1467          0.0000          0.0000
             0.0000          1.1467          0.0000
             0.0000          0.0000          1.1467

     Atom 34  H   pos: (  0.127819  0.023590  0.063668)  dia sigma:           1.15
             1.1467         -0.0000         -0.0000
            -0.0000          1.1467          0.0000
            -0.0000          0.0000          1.1467

     Atom 35  H   pos: (  0.872181  0.178144  0.216863)  dia sigma:           1.15
             1.1467         -0.0000          0.0000
            -0.0000          1.1467         -0.0000
             0.0000         -0.0000          1.1467

     Atom 36  H   pos: (  0.627819  0.077277  0.063668)  dia sigma:           1.15
             1.1467          0.0000         -0.0000
             0.0000          1.1467         -0.0000
            -0.0000         -0.0000          1.1467

     Atom 37  C   pos: (  0.325907  0.129473  0.010012)  dia sigma:           4.07
             3.9612          0.1517          0.0117
             0.1517          4.0957         -0.1285
             0.0117         -0.1285          4.1632

     Atom 38  C   pos: (  0.174093  0.230340  0.163207)  dia sigma:           4.07
             3.9612         -0.1517         -0.0117
            -0.1517          4.0957         -0.1285
            -0.0117         -0.1285          4.1632

     Atom 39  C   pos: (  0.825907 -0.028606  0.010012)  dia sigma:           4.07
             3.9612         -0.1517          0.0117
            -0.1517          4.0957          0.1285
             0.0117          0.1285          4.1632

     Atom 40  C   pos: (  0.674093  0.072261  0.163207)  dia sigma:           4.07
             3.9612          0.1517         -0.0117
             0.1517          4.0957          0.1285
            -0.0117          0.1285          4.1632

     Atom 41  H   pos: (  0.277921  0.156693 -0.003025)  dia sigma:           1.14
             1.1408         -0.0000         -0.0000
            -0.0000          1.1408          0.0000
            -0.0000          0.0000          1.1408

     Atom 42  H   pos: (  0.222079  0.257560  0.150170)  dia sigma:           1.14
             1.1408          0.0000          0.0000
             0.0000          1.1408          0.0000
             0.0000          0.0000          1.1408

     Atom 43  H   pos: (  0.777921 -0.055826 -0.003025)  dia sigma:           1.14
             1.1408          0.0000         -0.0000
             0.0000          1.1408         -0.0000
            -0.0000         -0.0000          1.1408

     Atom 44  H   pos: (  0.722079  0.045041  0.150170)  dia sigma:           1.14
             1.1408         -0.0000          0.0000
            -0.0000          1.1408         -0.0000
             0.0000         -0.0000          1.1408

     Paramagnetic contribution in ppm:
 
     Atom  1  O   pos: (  0.315050  0.093162  0.072318)  para sigma:         -90.15
           -18.1440          5.6143         25.7386
            16.5381        -49.6651         57.8891
            48.9375         67.7655       -202.6261

     Atom  2  O   pos: (  0.184950  0.194029  0.225513)  para sigma:         -90.15
           -18.1440         -5.6143        -25.7386
           -16.5381        -49.6651         57.8891
           -48.9375         67.7655       -202.6261

     Atom  3  O   pos: (  0.815050  0.007705  0.072318)  para sigma:         -90.15
           -18.1440         -5.6143         25.7386
           -16.5381        -49.6651        -57.8891
            48.9375        -67.7655       -202.6261

     Atom  4  O   pos: (  0.684950  0.108572  0.225513)  para sigma:         -90.15
           -18.1440          5.6143        -25.7386
            16.5381        -49.6651        -57.8891
           -48.9375        -67.7655       -202.6261

     Atom  5  C   pos: (  0.349391  0.032730  0.085239)  para sigma:        -117.17
          -105.0176         31.7693         12.3752
            36.2365       -142.3924         -3.5202
             6.4863          1.4336       -104.1125

     Atom  6  C   pos: (  0.150609  0.133597  0.238435)  para sigma:        -117.17
          -105.0176        -31.7693        -12.3752
           -36.2365       -142.3924         -3.5202
            -6.4863          1.4336       -104.1125

     Atom  7  C   pos: (  0.849391  0.068137  0.085239)  para sigma:        -117.17
          -105.0176        -31.7693         12.3752
           -36.2365       -142.3924          3.5202
             6.4863         -1.4336       -104.1125

     Atom  8  C   pos: (  0.650609  0.169004  0.238435)  para sigma:        -117.17
          -105.0176         31.7693        -12.3752
            36.2365       -142.3924          3.5202
            -6.4863         -1.4336       -104.1125

     Atom  9  O   pos: (  0.345521  0.209534  0.143067)  para sigma:        -236.54
           -95.1267        145.4101          6.6942
           141.6053       -295.2729        105.7508
            58.3013         99.1748       -319.2114

     Atom 10  O   pos: (  0.154479  0.108667  0.296262)  para sigma:        -236.54
           -95.1267       -145.4101         -6.6942
          -141.6053       -295.2729        105.7508
           -58.3013         99.1748       -319.2114

     Atom 11  O   pos: (  0.845521  0.093067  0.143067)  para sigma:        -236.54
           -95.1267       -145.4101          6.6942
          -141.6053       -295.2729       -105.7508
            58.3013        -99.1748       -319.2114

     Atom 12  O   pos: (  0.654479 -0.007800  0.296262)  para sigma:        -236.54
           -95.1267        145.4101         -6.6942
           141.6053       -295.2729       -105.7508
           -58.3013        -99.1748       -319.2114

     Atom 13  C   pos: (  0.383676 -0.004693  0.027962)  para sigma:         -74.70
           -69.8832          8.9996         13.9206
             6.7957        -76.1085         11.2996
            10.2967         -0.0316        -78.1163

     Atom 14  C   pos: (  0.116324  0.096174  0.181157)  para sigma:         -74.70
           -69.8832         -8.9996        -13.9206
            -6.7957        -76.1085         11.2996
           -10.2967         -0.0316        -78.1163

     Atom 15  C   pos: (  0.883676  0.105560  0.027962)  para sigma:         -74.70
           -69.8832         -8.9996         13.9206
            -6.7957        -76.1085        -11.2996
            10.2967          0.0316        -78.1163

     Atom 16  C   pos: (  0.616324  0.206427  0.181157)  para sigma:         -74.70
           -69.8832          8.9996        -13.9206
             6.7957        -76.1085        -11.2996
           -10.2967          0.0316        -78.1163

     Atom 17  H   pos: (  0.426275 -0.035697  0.048819)  para sigma:           0.00
             0.0000          0.0000          0.0000
             0.0000          0.0000          0.0000
             0.0000          0.0000          0.0000

     Atom 18  H   pos: (  0.073725  0.065170  0.202015)  para sigma:           0.00
             0.0000          0.0000          0.0000
             0.0000          0.0000          0.0000
             0.0000          0.0000          0.0000

     Atom 19  H   pos: (  0.926275  0.136564  0.048819)  para sigma:           0.00
             0.0000          0.0000          0.0000
             0.0000          0.0000          0.0000
             0.0000          0.0000          0.0000

     Atom 20  H   pos: (  0.573725  0.237431  0.202015)  para sigma:           0.00
             0.0000          0.0000          0.0000
             0.0000          0.0000          0.0000
             0.0000          0.0000          0.0000

     Atom 21  C   pos: (  0.398260  0.036346  0.274061)  para sigma:        -100.93
           -81.1136         13.1647         36.6150
            15.9921        -91.9312         17.6061
            45.9138         10.9966       -129.7343

     Atom 22  C   pos: (  0.101740  0.137213  0.120866)  para sigma:        -100.93
           -81.1136        -13.1647        -36.6150
           -15.9921        -91.9312         17.6061
           -45.9138         10.9966       -129.7343

     Atom 23  C   pos: (  0.898260  0.064521  0.274061)  para sigma:        -100.93
           -81.1136        -13.1647         36.6150
           -15.9921        -91.9312        -17.6061
            45.9138        -10.9966       -129.7343

     Atom 24  C   pos: (  0.601740  0.165388  0.120866)  para sigma:        -100.93
           -81.1136         13.1647        -36.6150
            15.9921        -91.9312        -17.6061
           -45.9138        -10.9966       -129.7343

     Atom 25  H   pos: (  0.434059  0.018115  0.234604)  para sigma:           0.00
             0.0000          0.0000          0.0000
             0.0000          0.0000          0.0000
             0.0000          0.0000          0.0000

     Atom 26  H   pos: (  0.065941  0.118982  0.081409)  para sigma:           0.00
             0.0000          0.0000          0.0000
             0.0000          0.0000          0.0000
             0.0000          0.0000          0.0000

     Atom 27  H   pos: (  0.934059  0.082752  0.234604)  para sigma:           0.00
             0.0000          0.0000          0.0000
             0.0000          0.0000          0.0000
             0.0000          0.0000          0.0000

     Atom 28  H   pos: (  0.565941  0.183619  0.081409)  para sigma:           0.00
             0.0000          0.0000          0.0000
             0.0000          0.0000          0.0000
             0.0000          0.0000          0.0000

     Atom 29  C   pos: (  0.362906  0.095124  0.263322)  para sigma:        -109.65
           -84.4491         24.8933         46.4450
            22.4537        -97.0605         18.9981
            38.5702         28.0393       -147.4280

     Atom 30  C   pos: (  0.137094  0.195991  0.110127)  para sigma:        -109.65
           -84.4491        -24.8933        -46.4450
           -22.4537        -97.0605         18.9981
           -38.5702         28.0393       -147.4280

     Atom 31  C   pos: (  0.862906  0.005743  0.263322)  para sigma:        -109.65
           -84.4491        -24.8933         46.4450
           -22.4537        -97.0605        -18.9981
            38.5702        -28.0393       -147.4280

     Atom 32  C   pos: (  0.637094  0.106610  0.110127)  para sigma:        -109.65
           -84.4491         24.8933        -46.4450
            22.4537        -97.0605        -18.9981
           -38.5702        -28.0393       -147.4280

     Atom 33  H   pos: (  0.372181  0.124457  0.216863)  para sigma:           0.00
             0.0000          0.0000          0.0000
             0.0000          0.0000          0.0000
             0.0000          0.0000          0.0000

     Atom 34  H   pos: (  0.127819  0.023590  0.063668)  para sigma:           0.00
             0.0000          0.0000          0.0000
             0.0000          0.0000          0.0000
             0.0000          0.0000          0.0000

     Atom 35  H   pos: (  0.872181  0.178144  0.216863)  para sigma:           0.00
             0.0000          0.0000          0.0000
             0.0000          0.0000          0.0000
             0.0000          0.0000          0.0000

     Atom 36  H   pos: (  0.627819  0.077277  0.063668)  para sigma:           0.00
             0.0000          0.0000          0.0000
             0.0000          0.0000          0.0000
             0.0000          0.0000          0.0000

     Atom 37  C   pos: (  0.325907  0.129473  0.010012)  para sigma:         -86.41
           -87.2319          8.4410         -0.5478
             8.4181        -85.4912         -4.0094
            -1.7078         -0.2993        -86.4943

     Atom 38  C   pos: (  0.174093  0.230340  0.163207)  para sigma:         -86.41
           -87.2319         -8.4410          0.5478
            -8.4181        -85.4912         -4.0094
             1.7078         -0.2993        -86.4943

     Atom 39  C   pos: (  0.825907 -0.028606  0.010012)  para sigma:         -86.41
           -87.2319         -8.4410         -0.5478
            -8.4181        -85.4912          4.0094
            -1.7078          0.2993        -86.4943

     Atom 40  C   pos: (  0.674093  0.072261  0.163207)  para sigma:         -86.41
           -87.2319          8.4410          0.5478
             8.4181        -85.4912          4.0094
             1.7078          0.2993        -86.4943

     Atom 41  H   pos: (  0.277921  0.156693 -0.003025)  para sigma:           0.00
             0.0000          0.0000          0.0000
             0.0000          0.0000          0.0000
             0.0000          0.0000          0.0000

     Atom 42  H   pos: (  0.222079  0.257560  0.150170)  para sigma:           0.00
             0.0000          0.0000          0.0000
             0.0000          0.0000          0.0000
             0.0000          0.0000          0.0000

     Atom 43  H   pos: (  0.777921 -0.055826 -0.003025)  para sigma:           0.00
             0.0000          0.0000          0.0000
             0.0000          0.0000          0.0000
             0.0000          0.0000          0.0000

     Atom 44  H   pos: (  0.722079  0.045041  0.150170)  para sigma:           0.00
             0.0000          0.0000          0.0000
             0.0000          0.0000          0.0000
             0.0000          0.0000          0.0000

     Paramagnetic US occ-occ contribution in ppm:
 
     Atom  1  O   pos: (  0.315050  0.093162  0.072318)  para_oo sigma:          -0.82
            -0.1553          1.5352          0.9140
             1.1283         -0.6652         -0.0828
             1.6240         -0.8691         -1.6309

     Atom  2  O   pos: (  0.184950  0.194029  0.225513)  para_oo sigma:          -0.82
            -0.1553         -1.5352         -0.9140
            -1.1283         -0.6652         -0.0828
            -1.6240         -0.8691         -1.6309

     Atom  3  O   pos: (  0.815050  0.007705  0.072318)  para_oo sigma:          -0.82
            -0.1553         -1.5352          0.9140
            -1.1283         -0.6652          0.0828
             1.6240          0.8691         -1.6309

     Atom  4  O   pos: (  0.684950  0.108572  0.225513)  para_oo sigma:          -0.82
            -0.1553          1.5352         -0.9140
             1.1283         -0.6652          0.0828
            -1.6240          0.8691         -1.6309

     Atom  5  C   pos: (  0.349391  0.032730  0.085239)  para_oo sigma:          -1.67
            -1.7605          0.6527          0.3924
             0.5596         -1.9457         -0.5475
             0.3805         -0.6504         -1.2988

     Atom  6  C   pos: (  0.150609  0.133597  0.238435)  para_oo sigma:          -1.67
            -1.7605         -0.6527         -0.3924
            -0.5596         -1.9457         -0.5475
            -0.3805         -0.6504         -1.2988

     Atom  7  C   pos: (  0.849391  0.068137  0.085239)  para_oo sigma:          -1.67
            -1.7605         -0.6527          0.3924
            -0.5596         -1.9457          0.5475
             0.3805          0.6504         -1.2988

     Atom  8  C   pos: (  0.650609  0.169004  0.238435)  para_oo sigma:          -1.67
            -1.7605          0.6527         -0.3924
             0.5596         -1.9457          0.5475
            -0.3805          0.6504         -1.2988

     Atom  9  O   pos: (  0.345521  0.209534  0.143067)  para_oo sigma:          -2.86
            -1.9602          1.1434          3.7014
             2.0237         -1.7982         -3.2044
             1.7561         -0.4376         -4.8260

     Atom 10  O   pos: (  0.154479  0.108667  0.296262)  para_oo sigma:          -2.86
            -1.9602         -1.1434         -3.7014
            -2.0237         -1.7982         -3.2044
            -1.7561         -0.4376         -4.8260

     Atom 11  O   pos: (  0.845521  0.093067  0.143067)  para_oo sigma:          -2.86
            -1.9602         -1.1434          3.7014
            -2.0237         -1.7982          3.2044
             1.7561          0.4376         -4.8260

     Atom 12  O   pos: (  0.654479 -0.007800  0.296262)  para_oo sigma:          -2.86
            -1.9602          1.1434         -3.7014
             2.0237         -1.7982          3.2044
            -1.7561          0.4376         -4.8260

     Atom 13  C   pos: (  0.383676 -0.004693  0.027962)  para_oo sigma:          -0.19
            -0.0423          0.1300          0.0063
             0.1885         -0.3411          0.1208
            -0.0433          0.1180         -0.1898

     Atom 14  C   pos: (  0.116324  0.096174  0.181157)  para_oo sigma:          -0.19
            -0.0423         -0.1300         -0.0063
            -0.1885         -0.3411          0.1208
             0.0433          0.1180         -0.1898

     Atom 15  C   pos: (  0.883676  0.105560  0.027962)  para_oo sigma:          -0.19
            -0.0423         -0.1300          0.0063
            -0.1885         -0.3411         -0.1208
            -0.0433         -0.1180         -0.1898

     Atom 16  C   pos: (  0.616324  0.206427  0.181157)  para_oo sigma:          -0.19
            -0.0423          0.1300         -0.0063
             0.1885         -0.3411         -0.1208
             0.0433         -0.1180         -0.1898

     Atom 17  H   pos: (  0.426275 -0.035697  0.048819)  para_oo sigma:           0.00
             0.0000          0.0000          0.0000
             0.0000          0.0000          0.0000
             0.0000          0.0000          0.0000

     Atom 18  H   pos: (  0.073725  0.065170  0.202015)  para_oo sigma:           0.00
             0.0000          0.0000          0.0000
             0.0000          0.0000          0.0000
             0.0000          0.0000          0.0000

     Atom 19  H   pos: (  0.926275  0.136564  0.048819)  para_oo sigma:           0.00
             0.0000          0.0000          0.0000
             0.0000          0.0000          0.0000
             0.0000          0.0000          0.0000

     Atom 20  H   pos: (  0.573725  0.237431  0.202015)  para_oo sigma:           0.00
             0.0000          0.0000          0.0000
             0.0000          0.0000          0.0000
             0.0000          0.0000          0.0000

     Atom 21  C   pos: (  0.398260  0.036346  0.274061)  para_oo sigma:          -0.36
            -0.2379         -0.0048          0.3180
            -0.0029         -0.1873          0.0906
             0.3633          0.0935         -0.6693

     Atom 22  C   pos: (  0.101740  0.137213  0.120866)  para_oo sigma:          -0.36
            -0.2379          0.0048         -0.3180
             0.0029         -0.1873          0.0906
            -0.3633          0.0935         -0.6693

     Atom 23  C   pos: (  0.898260  0.064521  0.274061)  para_oo sigma:          -0.36
            -0.2379          0.0048          0.3180
             0.0029         -0.1873         -0.0906
             0.3633         -0.0935         -0.6693

     Atom 24  C   pos: (  0.601740  0.165388  0.120866)  para_oo sigma:          -0.36
            -0.2379         -0.0048         -0.3180
            -0.0029         -0.1873         -0.0906
            -0.3633         -0.0935         -0.6693

     Atom 25  H   pos: (  0.434059  0.018115  0.234604)  para_oo sigma:           0.00
             0.0000          0.0000          0.0000
             0.0000          0.0000          0.0000
             0.0000          0.0000          0.0000

     Atom 26  H   pos: (  0.065941  0.118982  0.081409)  para_oo sigma:           0.00
             0.0000          0.0000          0.0000
             0.0000          0.0000          0.0000
             0.0000          0.0000          0.0000

     Atom 27  H   pos: (  0.934059  0.082752  0.234604)  para_oo sigma:           0.00
             0.0000          0.0000          0.0000
             0.0000          0.0000          0.0000
             0.0000          0.0000          0.0000

     Atom 28  H   pos: (  0.565941  0.183619  0.081409)  para_oo sigma:           0.00
             0.0000          0.0000          0.0000
             0.0000          0.0000          0.0000
             0.0000          0.0000          0.0000

     Atom 29  C   pos: (  0.362906  0.095124  0.263322)  para_oo sigma:          -0.38
            -0.2716          0.0833          0.3242
             0.0164         -0.2086          0.1332
             0.2401          0.1442         -0.6667

     Atom 30  C   pos: (  0.137094  0.195991  0.110127)  para_oo sigma:          -0.38
            -0.2716         -0.0833         -0.3242
            -0.0164         -0.2086          0.1332
            -0.2401          0.1442         -0.6667

     Atom 31  C   pos: (  0.862906  0.005743  0.263322)  para_oo sigma:          -0.38
            -0.2716         -0.0833          0.3242
            -0.0164         -0.2086         -0.1332
             0.2401         -0.1442         -0.6667

     Atom 32  C   pos: (  0.637094  0.106610  0.110127)  para_oo sigma:          -0.38
            -0.2716          0.0833         -0.3242
             0.0164         -0.2086         -0.1332
            -0.2401         -0.1442         -0.6667

     Atom 33  H   pos: (  0.372181  0.124457  0.216863)  para_oo sigma:           0.00
             0.0000          0.0000          0.0000
             0.0000          0.0000          0.0000
             0.0000          0.0000          0.0000

     Atom 34  H   pos: (  0.127819  0.023590  0.063668)  para_oo sigma:           0.00
             0.0000          0.0000          0.0000
             0.0000          0.0000          0.0000
             0.0000          0.0000          0.0000

     Atom 35  H   pos: (  0.872181  0.178144  0.216863)  para_oo sigma:           0.00
             0.0000          0.0000          0.0000
             0.0000          0.0000          0.0000
             0.0000          0.0000          0.0000

     Atom 36  H   pos: (  0.627819  0.077277  0.063668)  para_oo sigma:           0.00
             0.0000          0.0000          0.0000
             0.0000          0.0000          0.0000
             0.0000          0.0000          0.0000

     Atom 37  C   pos: (  0.325907  0.129473  0.010012)  para_oo sigma:          -0.26
            -0.3257          0.1910          0.0832
             0.1703         -0.3078         -0.0526
             0.0004         -0.0003         -0.1444

     Atom 38  C   pos: (  0.174093  0.230340  0.163207)  para_oo sigma:          -0.26
            -0.3257         -0.1910         -0.0832
            -0.1703         -0.3078         -0.0526
            -0.0004         -0.0003         -0.1444

     Atom 39  C   pos: (  0.825907 -0.028606  0.010012)  para_oo sigma:          -0.26
            -0.3257         -0.1910          0.0832
            -0.1703         -0.3078          0.0526
             0.0004          0.0003         -0.1444

     Atom 40  C   pos: (  0.674093  0.072261  0.163207)  para_oo sigma:          -0.26
            -0.3257          0.1910         -0.0832
             0.1703         -0.3078          0.0526
            -0.0004          0.0003         -0.1444

     Atom 41  H   pos: (  0.277921  0.156693 -0.003025)  para_oo sigma:           0.00
             0.0000          0.0000          0.0000
             0.0000          0.0000          0.0000
             0.0000          0.0000          0.0000

     Atom 42  H   pos: (  0.222079  0.257560  0.150170)  para_oo sigma:           0.00
             0.0000          0.0000          0.0000
             0.0000          0.0000          0.0000
             0.0000          0.0000          0.0000

     Atom 43  H   pos: (  0.777921 -0.055826 -0.003025)  para_oo sigma:           0.00
             0.0000          0.0000          0.0000
             0.0000          0.0000          0.0000
             0.0000          0.0000          0.0000

     Atom 44  H   pos: (  0.722079  0.045041  0.150170)  para_oo sigma:           0.00
             0.0000          0.0000          0.0000
             0.0000          0.0000          0.0000
             0.0000          0.0000          0.0000

     Paramagnetic US L_R Q_R contribution in ppm:
 
     Atom  1  O   pos: (  0.315050  0.093162  0.072318)  para_lq sigma:        -146.46
          -136.7172          7.8795          5.1111
             6.7321       -145.6134         10.2186
             8.7334          8.1476       -157.0623

     Atom  2  O   pos: (  0.184950  0.194029  0.225513)  para_lq sigma:        -146.46
          -136.7172         -7.8795         -5.1111
            -6.7321       -145.6134         10.2186
            -8.7334          8.1476       -157.0623

     Atom  3  O   pos: (  0.815050  0.007705  0.072318)  para_lq sigma:        -146.46
          -136.7172         -7.8795          5.1111
            -6.7321       -145.6134        -10.2186
             8.7334         -8.1476       -157.0623

     Atom  4  O   pos: (  0.684950  0.108572  0.225513)  para_lq sigma:        -146.46
          -136.7172          7.8795         -5.1111
             6.7321       -145.6134        -10.2186
            -8.7334         -8.1476       -157.0623

     Atom  5  C   pos: (  0.349391  0.032730  0.085239)  para_lq sigma:         -16.87
           -16.9998          4.4713          1.0607
             4.1837        -20.2868         -1.7836
             0.6001         -1.6450        -13.3212

     Atom  6  C   pos: (  0.150609  0.133597  0.238435)  para_lq sigma:         -16.87
           -16.9998         -4.4713         -1.0607
            -4.1837        -20.2868         -1.7836
            -0.6001         -1.6450        -13.3212

     Atom  7  C   pos: (  0.849391  0.068137  0.085239)  para_lq sigma:         -16.87
           -16.9998         -4.4713          1.0607
            -4.1837        -20.2868          1.7836
             0.6001          1.6450        -13.3212

     Atom  8  C   pos: (  0.650609  0.169004  0.238435)  para_lq sigma:         -16.87
           -16.9998          4.4713         -1.0607
             4.1837        -20.2868          1.7836
            -0.6001          1.6450        -13.3212

     Atom  9  O   pos: (  0.345521  0.209534  0.143067)  para_lq sigma:        -157.09
          -139.6210          5.3135          5.8092
             6.9240       -152.7916         14.6392
             3.4914         17.4527       -178.8477

     Atom 10  O   pos: (  0.154479  0.108667  0.296262)  para_lq sigma:        -157.09
          -139.6210         -5.3135         -5.8092
            -6.9240       -152.7916         14.6392
            -3.4914         17.4527       -178.8477

     Atom 11  O   pos: (  0.845521  0.093067  0.143067)  para_lq sigma:        -157.09
          -139.6210         -5.3135          5.8092
            -6.9240       -152.7916        -14.6392
             3.4914        -17.4527       -178.8477

     Atom 12  O   pos: (  0.654479 -0.007800  0.296262)  para_lq sigma:        -157.09
          -139.6210          5.3135         -5.8092
             6.9240       -152.7916        -14.6392
            -3.4914        -17.4527       -178.8477

     Atom 13  C   pos: (  0.383676 -0.004693  0.027962)  para_lq sigma:         -11.98
           -11.6739          0.6443          0.1339
             0.7230        -12.3594          0.7602
             0.0448          0.2474        -11.9170

     Atom 14  C   pos: (  0.116324  0.096174  0.181157)  para_lq sigma:         -11.98
           -11.6739         -0.6443         -0.1339
            -0.7230        -12.3594          0.7602
            -0.0448          0.2474        -11.9170

     Atom 15  C   pos: (  0.883676  0.105560  0.027962)  para_lq sigma:         -11.98
           -11.6739         -0.6443          0.1339
            -0.7230        -12.3594         -0.7602
             0.0448         -0.2474        -11.9170

     Atom 16  C   pos: (  0.616324  0.206427  0.181157)  para_lq sigma:         -11.98
           -11.6739          0.6443         -0.1339
             0.7230        -12.3594         -0.7602
            -0.0448         -0.2474        -11.9170

     Atom 17  H   pos: (  0.426275 -0.035697  0.048819)  para_lq sigma:           0.00
             0.0000          0.0000          0.0000
             0.0000          0.0000          0.0000
             0.0000          0.0000          0.0000

     Atom 18  H   pos: (  0.073725  0.065170  0.202015)  para_lq sigma:           0.00
             0.0000          0.0000          0.0000
             0.0000          0.0000          0.0000
             0.0000          0.0000          0.0000

     Atom 19  H   pos: (  0.926275  0.136564  0.048819)  para_lq sigma:           0.00
             0.0000          0.0000          0.0000
             0.0000          0.0000          0.0000
             0.0000          0.0000          0.0000

     Atom 20  H   pos: (  0.573725  0.237431  0.202015)  para_lq sigma:           0.00
             0.0000          0.0000          0.0000
             0.0000          0.0000          0.0000
             0.0000          0.0000          0.0000

     Atom 21  C   pos: (  0.398260  0.036346  0.274061)  para_lq sigma:         -13.04
           -12.3395          0.6346          1.9240
             0.5350        -12.2301          0.8553
             2.3246          0.4729        -14.5548

     Atom 22  C   pos: (  0.101740  0.137213  0.120866)  para_lq sigma:         -13.04
           -12.3395         -0.6346         -1.9240
            -0.5350        -12.2301          0.8553
            -2.3246          0.4729        -14.5548

     Atom 23  C   pos: (  0.898260  0.064521  0.274061)  para_lq sigma:         -13.04
           -12.3395         -0.6346          1.9240
            -0.5350        -12.2301         -0.8553
             2.3246         -0.4729        -14.5548

     Atom 24  C   pos: (  0.601740  0.165388  0.120866)  para_lq sigma:         -13.04
           -12.3395          0.6346         -1.9240
             0.5350        -12.2301         -0.8553
            -2.3246         -0.4729        -14.5548

     Atom 25  H   pos: (  0.434059  0.018115  0.234604)  para_lq sigma:           0.00
             0.0000          0.0000          0.0000
             0.0000          0.0000          0.0000
             0.0000          0.0000          0.0000

     Atom 26  H   pos: (  0.065941  0.118982  0.081409)  para_lq sigma:           0.00
             0.0000          0.0000          0.0000
             0.0000          0.0000          0.0000
             0.0000          0.0000          0.0000

     Atom 27  H   pos: (  0.934059  0.082752  0.234604)  para_lq sigma:           0.00
             0.0000          0.0000          0.0000
             0.0000          0.0000          0.0000
             0.0000          0.0000          0.0000

     Atom 28  H   pos: (  0.565941  0.183619  0.081409)  para_lq sigma:           0.00
             0.0000          0.0000          0.0000
             0.0000          0.0000          0.0000
             0.0000          0.0000          0.0000

     Atom 29  C   pos: (  0.362906  0.095124  0.263322)  para_lq sigma:         -13.29
           -12.2018          0.8339          1.8774
             0.7764        -12.6980          0.8575
             1.5910          0.9042        -14.9824

     Atom 30  C   pos: (  0.137094  0.195991  0.110127)  para_lq sigma:         -13.29
           -12.2018         -0.8339         -1.8774
            -0.7764        -12.6980          0.8575
            -1.5910          0.9042        -14.9824

     Atom 31  C   pos: (  0.862906  0.005743  0.263322)  para_lq sigma:         -13.29
           -12.2018         -0.8339          1.8774
            -0.7764        -12.6980         -0.8575
             1.5910         -0.9042        -14.9824

     Atom 32  C   pos: (  0.637094  0.106610  0.110127)  para_lq sigma:         -13.29
           -12.2018          0.8339         -1.8774
             0.7764        -12.6980         -0.8575
            -1.5910         -0.9042        -14.9824

     Atom 33  H   pos: (  0.372181  0.124457  0.216863)  para_lq sigma:           0.00
             0.0000          0.0000          0.0000
             0.0000          0.0000          0.0000
             0.0000          0.0000          0.0000

     Atom 34  H   pos: (  0.127819  0.023590  0.063668)  para_lq sigma:           0.00
             0.0000          0.0000          0.0000
             0.0000          0.0000          0.0000
             0.0000          0.0000          0.0000

     Atom 35  H   pos: (  0.872181  0.178144  0.216863)  para_lq sigma:           0.00
             0.0000          0.0000          0.0000
             0.0000          0.0000          0.0000
             0.0000          0.0000          0.0000

     Atom 36  H   pos: (  0.627819  0.077277  0.063668)  para_lq sigma:           0.00
             0.0000          0.0000          0.0000
             0.0000          0.0000          0.0000
             0.0000          0.0000          0.0000

     Atom 37  C   pos: (  0.325907  0.129473  0.010012)  para_lq sigma:         -12.28
           -11.8013          0.7893          0.4281
             0.7991        -12.3082          0.9546
            -0.0428          1.0906        -12.7163

     Atom 38  C   pos: (  0.174093  0.230340  0.163207)  para_lq sigma:         -12.28
           -11.8013         -0.7893         -0.4281
            -0.7991        -12.3082          0.9546
             0.0428          1.0906        -12.7163

     Atom 39  C   pos: (  0.825907 -0.028606  0.010012)  para_lq sigma:         -12.28
           -11.8013         -0.7893          0.4281
            -0.7991        -12.3082         -0.9546
            -0.0428         -1.0906        -12.7163

     Atom 40  C   pos: (  0.674093  0.072261  0.163207)  para_lq sigma:         -12.28
           -11.8013          0.7893         -0.4281
             0.7991        -12.3082         -0.9546
             0.0428         -1.0906        -12.7163

     Atom 41  H   pos: (  0.277921  0.156693 -0.003025)  para_lq sigma:           0.00
             0.0000          0.0000          0.0000
             0.0000          0.0000          0.0000
             0.0000          0.0000          0.0000

     Atom 42  H   pos: (  0.222079  0.257560  0.150170)  para_lq sigma:           0.00
             0.0000          0.0000          0.0000
             0.0000          0.0000          0.0000
             0.0000          0.0000          0.0000

     Atom 43  H   pos: (  0.777921 -0.055826 -0.003025)  para_lq sigma:           0.00
             0.0000          0.0000          0.0000
             0.0000          0.0000          0.0000
             0.0000          0.0000          0.0000

     Atom 44  H   pos: (  0.722079  0.045041  0.150170)  para_lq sigma:           0.00
             0.0000          0.0000          0.0000
             0.0000          0.0000          0.0000
             0.0000          0.0000          0.0000

 
     Total NMR chemical shifts in ppm: ---------------------------------------
     (adopting the Simpson convention for anisotropy and asymmetry)-----------
 
     Atom  1  O   pos: (  0.315050  0.093162  0.072318)  Total sigma:          79.44
           190.1240         21.9649         43.7777
            33.0420        139.9313         90.9229
            81.2545         99.0004        -91.7489

     O    1    anisotropy:   -319.37    eta:   -0.4497
     O    1    sigma_11=    138.01    axis=( -0.603187  0.781608  0.158920)
     O    1    sigma_22=    233.77    axis=( -0.782426 -0.541166 -0.308139)
     O    1    sigma_33=   -133.47    axis=( -0.154842 -0.310208  0.937974)
 
     Atom  2  O   pos: (  0.184950  0.194029  0.225513)  Total sigma:          79.44
           190.1240        -21.9649        -43.7777
           -33.0420        139.9313         90.9229
           -81.2545         99.0004        -91.7489

     O    2    anisotropy:   -319.37    eta:   -0.4497
     O    2    sigma_11=    138.01    axis=( -0.603187 -0.781608 -0.158920)
     O    2    sigma_22=    233.77    axis=(  0.782426 -0.541166 -0.308139)
     O    2    sigma_33=   -133.47    axis=(  0.154842 -0.310208  0.937974)
 
     Atom  3  O   pos: (  0.815050  0.007705  0.072318)  Total sigma:          79.44
           190.1240        -21.9649         43.7777
           -33.0420        139.9313        -90.9229
            81.2545        -99.0004        -91.7489

     O    3    anisotropy:   -319.37    eta:   -0.4497
     O    3    sigma_11=    138.01    axis=( -0.603187 -0.781608  0.158920)
     O    3    sigma_22=    233.77    axis=(  0.782426 -0.541166  0.308139)
     O    3    sigma_33=   -133.47    axis=( -0.154842  0.310208  0.937974)
 
     Atom  4  O   pos: (  0.684950  0.108572  0.225513)  Total sigma:          79.44
           190.1240         21.9649        -43.7777
            33.0420        139.9313        -90.9229
           -81.2545        -99.0004        -91.7489

     O    4    anisotropy:   -319.37    eta:   -0.4497
     O    4    sigma_11=    138.01    axis=( -0.603187  0.781608 -0.158920)
     O    4    sigma_22=    233.77    axis=( -0.782426 -0.541166  0.308139)
     O    4    sigma_33=   -133.47    axis=(  0.154842  0.310208  0.937974)
 
     Atom  5  C   pos: (  0.349391  0.032730  0.085239)  Total sigma:           2.17
            19.3213         64.0605         25.6107
            69.2545        -45.6694        -11.4144
            11.6448         -1.4306         32.8593

     C    5    anisotropy:   -137.16    eta:   -0.3931
     C    5    sigma_11=     29.92    axis=(  0.248064  0.297106 -0.922059)
     C    5    sigma_22=     65.86    axis=(  0.807905  0.461766  0.366144)
     C    5    sigma_33=    -89.27    axis=( -0.534559  0.835763  0.125486)
 
     Atom  6  C   pos: (  0.150609  0.133597  0.238435)  Total sigma:           2.17
            19.3213        -64.0605        -25.6107
           -69.2545        -45.6694        -11.4144
           -11.6448         -1.4306         32.8593

     C    6    anisotropy:   -137.16    eta:   -0.3931
     C    6    sigma_11=     29.92    axis=( -0.248064  0.297106 -0.922059)
     C    6    sigma_22=     65.86    axis=(  0.807905 -0.461766 -0.366144)
     C    6    sigma_33=    -89.27    axis=(  0.534559  0.835763  0.125486)
 
     Atom  7  C   pos: (  0.849391  0.068137  0.085239)  Total sigma:           2.17
            19.3213        -64.0605         25.6107
           -69.2545        -45.6694         11.4144
            11.6448          1.4306         32.8593

     C    7    anisotropy:   -137.16    eta:   -0.3931
     C    7    sigma_11=     29.92    axis=(  0.248064 -0.297106 -0.922059)
     C    7    sigma_22=     65.86    axis=( -0.807905  0.461766 -0.366144)
     C    7    sigma_33=    -89.27    axis=( -0.534559 -0.835763  0.125486)
 
     Atom  8  C   pos: (  0.650609  0.169004  0.238435)  Total sigma:           2.17
            19.3213         64.0605        -25.6107
            69.2545        -45.6694         11.4144
           -11.6448          1.4306         32.8593

     C    8    anisotropy:   -137.16    eta:   -0.3931
     C    8    sigma_11=     29.92    axis=( -0.248064 -0.297106 -0.922059)
     C    8    sigma_22=     65.86    axis=( -0.807905 -0.461766  0.366144)
     C    8    sigma_33=    -89.27    axis=(  0.534559 -0.835763  0.125486)
 
     Atom  9  O   pos: (  0.345521  0.209534  0.143067)  Total sigma:        -142.67
            80.7371        217.1284         25.7627
           212.9489       -218.3384        165.1976
            90.4576        164.2014       -290.4198

     O    9    anisotropy:    553.55    eta:   -0.6260
     O    9    sigma_11=   -211.69    axis=( -0.512738  0.510781  0.690074)
     O    9    sigma_22=   -442.69    axis=( -0.213361  0.702747 -0.678693)
     O    9    sigma_33=    226.36    axis=(  0.831611  0.495227  0.251344)
 
     Atom 10  O   pos: (  0.154479  0.108667  0.296262)  Total sigma:        -142.67
            80.7371       -217.1284        -25.7627
          -212.9489       -218.3384        165.1976
           -90.4576        164.2014       -290.4198

     O   10    anisotropy:    553.55    eta:   -0.6260
     O   10    sigma_11=   -211.69    axis=(  0.512738  0.510781  0.690074)
     O   10    sigma_22=   -442.69    axis=( -0.213361 -0.702747  0.678693)
     O   10    sigma_33=    226.36    axis=( -0.831611  0.495227  0.251344)
 
     Atom 11  O   pos: (  0.845521  0.093067  0.143067)  Total sigma:        -142.67
            80.7371       -217.1284         25.7627
          -212.9489       -218.3384       -165.1976
            90.4576       -164.2014       -290.4198

     O   11    anisotropy:    553.55    eta:   -0.6260
     O   11    sigma_11=   -211.69    axis=( -0.512738 -0.510781  0.690074)
     O   11    sigma_22=   -442.69    axis=(  0.213361  0.702747  0.678693)
     O   11    sigma_33=    226.36    axis=(  0.831611 -0.495227  0.251344)
 
     Atom 12  O   pos: (  0.654479 -0.007800  0.296262)  Total sigma:        -142.67
            80.7371        217.1284        -25.7627
           212.9489       -218.3384       -165.1976
           -90.4576       -164.2014       -290.4198

     O   12    anisotropy:    553.55    eta:   -0.6260
     O   12    sigma_11=   -211.69    axis=(  0.512738 -0.510781  0.690074)
     O   12    sigma_22=   -442.69    axis=(  0.213361 -0.702747 -0.678693)
     O   12    sigma_33=    226.36    axis=( -0.831611 -0.495227  0.251344)
 
     Atom 13  C   pos: (  0.383676 -0.004693  0.027962)  Total sigma:          99.90
           105.5456         22.6221         25.6813
            14.8750         99.8359         23.0906
            17.7475          0.0613         94.3231

     C   13    anisotropy:     53.79    eta:   -0.2739
     C   13    sigma_11=     86.88    axis=(  0.279936 -0.832466  0.478158)
     C   13    sigma_22=     77.06    axis=(  0.670442 -0.186969 -0.718018)
     C   13    sigma_33=    135.76    axis=(  0.687127  0.521577  0.505781)
 
     Atom 14  C   pos: (  0.116324  0.096174  0.181157)  Total sigma:          99.90
           105.5456        -22.6221        -25.6813
           -14.8750         99.8359         23.0906
           -17.7475          0.0613         94.3231

     C   14    anisotropy:     53.79    eta:   -0.2739
     C   14    sigma_11=     86.88    axis=(  0.279936  0.832466 -0.478158)
     C   14    sigma_22=     77.06    axis=( -0.670442 -0.186969 -0.718018)
     C   14    sigma_33=    135.76    axis=( -0.687127  0.521577  0.505781)
 
     Atom 15  C   pos: (  0.883676  0.105560  0.027962)  Total sigma:          99.90
           105.5456        -22.6221         25.6813
           -14.8750         99.8359        -23.0906
            17.7475         -0.0613         94.3231

     C   15    anisotropy:     53.79    eta:   -0.2739
     C   15    sigma_11=     86.88    axis=(  0.279936  0.832466  0.478158)
     C   15    sigma_22=     77.06    axis=( -0.670442 -0.186969  0.718018)
     C   15    sigma_33=    135.76    axis=(  0.687127 -0.521577  0.505781)
 
     Atom 16  C   pos: (  0.616324  0.206427  0.181157)  Total sigma:          99.90
           105.5456         22.6221        -25.6813
            14.8750         99.8359        -23.0906
           -17.7475         -0.0613         94.3231

     C   16    anisotropy:     53.79    eta:   -0.2739
     C   16    sigma_11=     86.88    axis=(  0.279936 -0.832466 -0.478158)
     C   16    sigma_22=     77.06    axis=(  0.670442 -0.186969  0.718018)
     C   16    sigma_33=    135.76    axis=( -0.687127 -0.521577  0.505781)
 
     Atom 17  H   pos: (  0.426275 -0.035697  0.048819)  Total sigma:          28.72
            29.9273          1.3495          0.3470
             0.6378         26.9477         -0.3548
            -0.0892         -0.5885         29.2760

     H   17    anisotropy:     -3.24    eta:   -0.4007
     H   17    sigma_11=     29.36    axis=(  0.065870 -0.165038  0.984085)
     H   17    sigma_22=     30.23    axis=( -0.956357 -0.291812  0.015075)
     H   17    sigma_33=     26.56    axis=( -0.284680  0.942130  0.177057)
 
     Atom 18  H   pos: (  0.073725  0.065170  0.202015)  Total sigma:          28.72
            29.9273         -1.3495         -0.3470
            -0.6378         26.9477         -0.3548
             0.0892         -0.5885         29.2760

     H   18    anisotropy:     -3.24    eta:   -0.4007
     H   18    sigma_11=     29.36    axis=( -0.065870 -0.165038  0.984085)
     H   18    sigma_22=     30.23    axis=( -0.956357  0.291812 -0.015075)
     H   18    sigma_33=     26.56    axis=(  0.284680  0.942130  0.177057)
 
     Atom 19  H   pos: (  0.926275  0.136564  0.048819)  Total sigma:          28.72
            29.9273         -1.3495          0.3470
            -0.6378         26.9477          0.3548
            -0.0892          0.5885         29.2760

     H   19    anisotropy:     -3.24    eta:   -0.4007
     H   19    sigma_11=     29.36    axis=(  0.065870  0.165038  0.984085)
     H   19    sigma_22=     30.23    axis=( -0.956357  0.291812  0.015075)
     H   19    sigma_33=     26.56    axis=(  0.284680  0.942130 -0.177057)
 
     Atom 20  H   pos: (  0.573725  0.237431  0.202015)  Total sigma:          28.72
            29.9273          1.3495         -0.3470
             0.6378         26.9477          0.3548
             0.0892          0.5885         29.2760

     H   20    anisotropy:     -3.24    eta:   -0.4007
     H   20    sigma_11=     29.36    axis=( -0.065870  0.165038  0.984085)
     H   20    sigma_22=     30.23    axis=( -0.956357 -0.291812 -0.015075)
     H   20    sigma_33=     26.56    axis=( -0.284680  0.942130 -0.177057)
 
     Atom 21  C   pos: (  0.398260  0.036346  0.274061)  Total sigma:          49.35
            85.9137         29.1799         72.6369
            32.3157         68.5029         35.0224
            91.4967         20.0502         -6.3556

     C   21    anisotropy:   -156.47    eta:   -0.9928
     C   21    sigma_11=     49.73    axis=(  0.408732 -0.899111  0.156644)
     C   21    sigma_22=    153.29    axis=(  0.769725  0.431825  0.470161)
     C   21    sigma_33=    -54.96    axis=( -0.490370 -0.071597  0.868569)
 
     Atom 22  C   pos: (  0.101740  0.137213  0.120866)  Total sigma:          49.35
            85.9137        -29.1799        -72.6369
           -32.3157         68.5029         35.0224
           -91.4967         20.0502         -6.3556

     C   22    anisotropy:   -156.47    eta:   -0.9928
     C   22    sigma_11=     49.73    axis=( -0.408732 -0.899111  0.156644)
     C   22    sigma_22=    153.29    axis=(  0.769725 -0.431825 -0.470161)
     C   22    sigma_33=    -54.96    axis=(  0.490370 -0.071597  0.868569)
 
     Atom 23  C   pos: (  0.898260  0.064521  0.274061)  Total sigma:          49.35
            85.9137        -29.1799         72.6369
           -32.3157         68.5029        -35.0224
            91.4967        -20.0502         -6.3556

     C   23    anisotropy:   -156.47    eta:   -0.9928
     C   23    sigma_11=     49.73    axis=( -0.408732 -0.899111 -0.156644)
     C   23    sigma_22=    153.29    axis=(  0.769725 -0.431825  0.470161)
     C   23    sigma_33=    -54.96    axis=( -0.490370  0.071597  0.868569)
 
     Atom 24  C   pos: (  0.601740  0.165388  0.120866)  Total sigma:          49.35
            85.9137         29.1799        -72.6369
            32.3157         68.5029        -35.0224
           -91.4967        -20.0502         -6.3556

     C   24    anisotropy:   -156.47    eta:   -0.9928
     C   24    sigma_11=     49.73    axis=(  0.408732 -0.899111 -0.156644)
     C   24    sigma_22=    153.29    axis=(  0.769725  0.431825 -0.470161)
     C   24    sigma_33=    -54.96    axis=(  0.490370  0.071597  0.868569)
 
     Atom 25  H   pos: (  0.434059  0.018115  0.234604)  Total sigma:          25.39
            26.0080          1.1933          0.5684
            -1.5413         26.6935          0.0249
             0.6515          0.7872         23.4693

     H   25    anisotropy:     -3.17    eta:   -0.2941
     H   25    sigma_11=     26.14    axis=(  0.962690  0.126267  0.239344)
     H   25    sigma_22=     26.76    axis=( -0.152232  0.983938  0.093228)
     H   25    sigma_33=     23.28    axis=( -0.223728 -0.126185  0.966449)
 
     Atom 26  H   pos: (  0.065941  0.118982  0.081409)  Total sigma:          25.39
            26.0080         -1.1933         -0.5684
             1.5413         26.6935          0.0249
            -0.6515          0.7872         23.4693

     H   26    anisotropy:     -3.17    eta:   -0.2941
     H   26    sigma_11=     26.14    axis=( -0.962690  0.126267  0.239344)
     H   26    sigma_22=     26.76    axis=( -0.152232 -0.983938 -0.093228)
     H   26    sigma_33=     23.28    axis=(  0.223728 -0.126185  0.966449)
 
     Atom 27  H   pos: (  0.934059  0.082752  0.234604)  Total sigma:          25.39
            26.0080         -1.1933          0.5684
             1.5413         26.6935         -0.0249
             0.6515         -0.7872         23.4693

     H   27    anisotropy:     -3.17    eta:   -0.2941
     H   27    sigma_11=     26.14    axis=( -0.962690  0.126267 -0.239344)
     H   27    sigma_22=     26.76    axis=( -0.152232 -0.983938  0.093228)
     H   27    sigma_33=     23.28    axis=( -0.223728  0.126185  0.966449)
 
     Atom 28  H   pos: (  0.565941  0.183619  0.081409)  Total sigma:          25.39
            26.0080          1.1933         -0.5684
            -1.5413         26.6935         -0.0249
            -0.6515         -0.7872         23.4693

     H   28    anisotropy:     -3.17    eta:   -0.2941
     H   28    sigma_11=     26.14    axis=(  0.962690  0.126267 -0.239344)
     H   28    sigma_22=     26.76    axis=( -0.152232  0.983938 -0.093228)
     H   28    sigma_33=     23.28    axis=(  0.223728  0.126185  0.966449)
 
     Atom 29  C   pos: (  0.362906  0.095124  0.263322)  Total sigma:          32.85
            81.2235         51.9387         93.5497
            45.7753         58.8583         41.7711
            76.3577         58.6303        -41.5442

     C   29    anisotropy:    200.30    eta:   -0.8241
     C   29    sigma_11=     21.10    axis=(  0.552825 -0.828905  0.085451)
     C   29    sigma_22=    -88.94    axis=(  0.399527  0.173665 -0.900121)
     C   29    sigma_33=    166.38    axis=(  0.731275  0.531749  0.427177)
 
     Atom 30  C   pos: (  0.137094  0.195991  0.110127)  Total sigma:          32.85
            81.2235        -51.9387        -93.5497
           -45.7753         58.8583         41.7711
           -76.3577         58.6303        -41.5442

     C   30    anisotropy:    200.30    eta:   -0.8241
     C   30    sigma_11=     21.10    axis=(  0.552825  0.828905 -0.085451)
     C   30    sigma_22=    -88.94    axis=( -0.399527  0.173665 -0.900121)
     C   30    sigma_33=    166.38    axis=( -0.731275  0.531749  0.427177)
 
     Atom 31  C   pos: (  0.862906  0.005743  0.263322)  Total sigma:          32.85
            81.2235        -51.9387         93.5497
           -45.7753         58.8583        -41.7711
            76.3577        -58.6303        -41.5442

     C   31    anisotropy:    200.30    eta:   -0.8241
     C   31    sigma_11=     21.10    axis=(  0.552825  0.828905  0.085451)
     C   31    sigma_22=    -88.94    axis=( -0.399527  0.173665  0.900121)
     C   31    sigma_33=    166.38    axis=(  0.731275 -0.531749  0.427177)
 
     Atom 32  C   pos: (  0.637094  0.106610  0.110127)  Total sigma:          32.85
            81.2235         51.9387        -93.5497
            45.7753         58.8583        -41.7711
           -76.3577        -58.6303        -41.5442

     C   32    anisotropy:    200.30    eta:   -0.8241
     C   32    sigma_11=     21.10    axis=(  0.552825 -0.828905 -0.085451)
     C   32    sigma_22=    -88.94    axis=(  0.399527  0.173665  0.900121)
     C   32    sigma_33=    166.38    axis=( -0.731275 -0.531749  0.427177)
 
     Atom 33  H   pos: (  0.372181  0.124457  0.216863)  Total sigma:          23.60
            20.5040          0.9447          2.5577
            -1.9622         27.0745          0.8406
             0.8734          1.0725         23.2250

     H   33    anisotropy:     -6.04    eta:   -0.8364
     H   33    sigma_11=     23.93    axis=(  0.461880 -0.188934  0.866586)
     H   33    sigma_22=     27.30    axis=(  0.017036 -0.974978 -0.221645)
     H   33    sigma_33=     19.57    axis=( -0.886779 -0.117137  0.447104)
 
     Atom 34  H   pos: (  0.127819  0.023590  0.063668)  Total sigma:          23.60
            20.5040         -0.9447         -2.5577
             1.9622         27.0745          0.8406
            -0.8734          1.0725         23.2250

     H   34    anisotropy:     -6.04    eta:   -0.8364
     H   34    sigma_11=     23.93    axis=( -0.461880 -0.188934  0.866586)
     H   34    sigma_22=     27.30    axis=( -0.017036 -0.974978 -0.221645)
     H   34    sigma_33=     19.57    axis=( -0.886779  0.117137 -0.447104)
 
     Atom 35  H   pos: (  0.872181  0.178144  0.216863)  Total sigma:          23.60
            20.5040         -0.9447          2.5577
             1.9622         27.0745         -0.8406
             0.8734         -1.0725         23.2250

     H   35    anisotropy:     -6.04    eta:   -0.8364
     H   35    sigma_11=     23.93    axis=(  0.461880  0.188934  0.866586)
     H   35    sigma_22=     27.30    axis=( -0.017036 -0.974978  0.221645)
     H   35    sigma_33=     19.57    axis=( -0.886779  0.117137  0.447104)
 
     Atom 36  H   pos: (  0.627819  0.077277  0.063668)  Total sigma:          23.60
            20.5040          0.9447         -2.5577
            -1.9622         27.0745         -0.8406
            -0.8734         -1.0725         23.2250

     H   36    anisotropy:     -6.04    eta:   -0.8364
     H   36    sigma_11=     23.93    axis=( -0.461880  0.188934  0.866586)
     H   36    sigma_22=     27.30    axis=(  0.017036 -0.974978  0.221645)
     H   36    sigma_33=     19.57    axis=( -0.886779 -0.117137 -0.447104)
 
     Atom 37  C   pos: (  0.325907  0.129473  0.010012)  Total sigma:          71.93
            63.8174         21.6025         -0.6573
            17.8640         78.0617        -10.4524
            -3.9857         -5.1982         73.9021

     C   37    anisotropy:     34.32    eta:   -0.9462
     C   37    sigma_11=     71.31    axis=(  0.293324  0.220835  0.930157)
     C   37    sigma_22=     49.66    axis=(  0.801057 -0.587815 -0.113055)
     C   37    sigma_33=     94.80    axis=( -0.521794 -0.778271  0.349322)
 
     Atom 38  C   pos: (  0.174093  0.230340  0.163207)  Total sigma:          71.93
            63.8174        -21.6025          0.6573
           -17.8640         78.0617        -10.4524
             3.9857         -5.1982         73.9021

     C   38    anisotropy:     34.32    eta:   -0.9462
     C   38    sigma_11=     71.31    axis=( -0.293324  0.220835  0.930157)
     C   38    sigma_22=     49.66    axis=(  0.801057  0.587815  0.113055)
     C   38    sigma_33=     94.80    axis=(  0.521794 -0.778271  0.349322)
 
     Atom 39  C   pos: (  0.825907 -0.028606  0.010012)  Total sigma:          71.93
            63.8174        -21.6025         -0.6573
           -17.8640         78.0617         10.4524
            -3.9857          5.1982         73.9021

     C   39    anisotropy:     34.32    eta:   -0.9462
     C   39    sigma_11=     71.31    axis=( -0.293324  0.220835 -0.930157)
     C   39    sigma_22=     49.66    axis=(  0.801057  0.587815 -0.113055)
     C   39    sigma_33=     94.80    axis=( -0.521794  0.778271  0.349322)
 
     Atom 40  C   pos: (  0.674093  0.072261  0.163207)  Total sigma:          71.93
            63.8174         21.6025          0.6573
            17.8640         78.0617         10.4524
             3.9857          5.1982         73.9021

     C   40    anisotropy:     34.32    eta:   -0.9462
     C   40    sigma_11=     71.31    axis=(  0.293324  0.220835 -0.930157)
     C   40    sigma_22=     49.66    axis=(  0.801057 -0.587815  0.113055)
     C   40    sigma_33=     94.80    axis=(  0.521794  0.778271  0.349322)
 
     Atom 41  H   pos: (  0.277921  0.156693 -0.003025)  Total sigma:          24.67
            25.9124         -0.4272          2.5360
            -2.1802         23.2661         -0.2211
             2.0395         -1.9479         24.8449

     H   41    anisotropy:      5.44    eta:   -0.0945
     H   41    sigma_11=     23.03    axis=( -0.646885 -0.102432  0.755677)
     H   41    sigma_22=     22.69    axis=(  0.180721  0.942118  0.282408)
     H   41    sigma_33=     28.30    axis=(  0.740864 -0.319252  0.590930)
 
     Atom 42  H   pos: (  0.222079  0.257560  0.150170)  Total sigma:          24.67
            25.9124          0.4272         -2.5360
             2.1802         23.2661         -0.2211
            -2.0395         -1.9479         24.8449

     H   42    anisotropy:      5.44    eta:   -0.0945
     H   42    sigma_11=     23.03    axis=(  0.646885 -0.102432  0.755677)
     H   42    sigma_22=     22.69    axis=(  0.180721 -0.942118 -0.282408)
     H   42    sigma_33=     28.30    axis=( -0.740864 -0.319252  0.590930)
 
     Atom 43  H   pos: (  0.777921 -0.055826 -0.003025)  Total sigma:          24.67
            25.9124          0.4272          2.5360
             2.1802         23.2661          0.2211
             2.0395          1.9479         24.8449

     H   43    anisotropy:      5.44    eta:   -0.0945
     H   43    sigma_11=     23.03    axis=(  0.646885 -0.102432 -0.755677)
     H   43    sigma_22=     22.69    axis=(  0.180721 -0.942118  0.282408)
     H   43    sigma_33=     28.30    axis=(  0.740864  0.319252  0.590930)
 
     Atom 44  H   pos: (  0.722079  0.045041  0.150170)  Total sigma:          24.67
            25.9124         -0.4272         -2.5360
            -2.1802         23.2661          0.2211
            -2.0395          1.9479         24.8449

     H   44    anisotropy:      5.44    eta:   -0.0945
     H   44    sigma_11=     23.03    axis=( -0.646885 -0.102432 -0.755677)
     H   44    sigma_22=     22.69    axis=(  0.180721  0.942118 -0.282408)
     H   44    sigma_33=     28.30    axis=( -0.740864  0.319252  0.590930)
 
     Initialization:
     gipaw_setup  :      0.70s CPU      0.73s WALL (       1 calls)
 
     Linear response
     greenf       :   4292.75s CPU   4371.27s WALL (     144 calls)
     cgsolve      :   4263.18s CPU   4341.57s WALL (     144 calls)
     ch_psi       :   4175.83s CPU   4253.81s WALL (    8433 calls)
     h_psiq       :   3088.14s CPU   3164.55s WALL (    8433 calls)
 
     Apply operators
     h_psi        :   2707.87s CPU   2797.30s WALL (   12886 calls)
     apply_vel    :     71.19s CPU     71.33s WALL (     126 calls)
 
     Induced current
     j_para       :    197.97s CPU    204.60s WALL (     162 calls)
     biot_savart  :      0.04s CPU      0.05s WALL (       1 calls)
 
     Other routines
 
     General routines
     calbec       :   1275.72s CPU   1280.07s WALL (   30970 calls)
     fft          :      0.08s CPU      0.10s WALL (      32 calls)
     fftw         :   1769.17s CPU   1858.15s WALL ( 1559174 calls)
     davcio       :      0.02s CPU      0.73s WALL (      96 calls)
 
     Parallel routines
     fft_scatter  :    599.90s CPU    654.45s WALL ( 1559206 calls)
 
     Plugins
 
     GIPAW        :   5476.66s CPU   5584.24s WALL (       1 calls)
