
     Program QE v.6.1 (svn rev. 13369) starts on 14Dec2017 at 17:49:24 

     This program is part of the open-source Quantum ESPRESSO suite
     for quantum simulation of materials; please cite
         "P. Giannozzi et al., J. Phys.:Condens. Matter 21 395502 (2009);
          URL http://www.quantum-espresso.org", 
     in publications or presentations arising from this work. More details at
     http://www.quantum-espresso.org/quote

     Parallel version (MPI), running on     8 processors
     R & G space division:  proc/nbgrp/npool/nimage =       8
 
     ***** This is GIPAW svn revision unknown      *****
 
     Parallelizing q-star over 1 images
     Message from routine gipaw_readin:
     *** iverbosity is obsolete, use verbosity instead ***

     Reading data from directory:
     /scratch/ahofstet/ML/CCDC2/ZEQVIC/wfc/scf.save

   Info: using nr1, nr2, nr3 values from input

   Info: using nr1, nr2, nr3 values from input

     IMPORTANT: XC functional enforced from input :
     Exchange-correlation      =  SLA  PW   PBX  PBC ( 1  4  3  4 0 0)
     Any further DFT definition will be discarded
     Please, verify this is what you really want

               file C.pbe-n-kjpaw_psl.0.1.UPF: wavefunction(s)  2P renormalized
               file N.pbe-n-kjpaw_psl.0.1.UPF: wavefunction(s)  2P renormalized
               file H.pbe-kjpaw_psl.0.1.UPF: wavefunction(s)  1S renormalized
               file O.pbe-n-kjpaw_psl.0.1.UPF: wavefunction(s)  2P renormalized
 
     Parallelization info
     --------------------
     sticks:   dense  smooth     PW     G-vecs:    dense   smooth      PW
     Min         597     597    160                47681    47681    6680
     Max         598     598    161                47684    47684    6683
     Sum        4779    4779   1281               381457   381457   53451
 

     Check: negative/imaginary core charge=   -0.000002    0.000000

     Subspace diagonalization in iterative solution of the eigenvalue problem:
     a serial algorithm will be used

     GIPAW projectors -----------------------------------------------
     atom=  C    l=0  rc=    1.3000  rs=    0.8667
     atom=  C    l=0  rc=    1.3000  rs=    0.8667
     atom=  C    l=1  rc=    1.4500  rs=    0.9667
     atom=  C    l=1  rc=    1.4500  rs=    0.9667
     projs nearly linearly dependent: l=0  n1,n2= 1, 2  s=  0.99877758
     projs nearly linearly dependent: l=1  n1,n2= 1, 2  s=  0.99940894
 
     atom=  N    l=0  rc=    1.3000  rs=    0.8667
     atom=  N    l=0  rc=    1.3000  rs=    0.8667
     atom=  N    l=1  rc=    1.4500  rs=    0.9667
     atom=  N    l=1  rc=    1.4500  rs=    0.9667
     projs nearly linearly dependent: l=0  n1,n2= 1, 2  s=  0.99709514
     projs nearly linearly dependent: l=1  n1,n2= 1, 2  s=  0.99857174
 
     atom=  H    l=0  rc=    1.0000  rs=    0.6667
     atom=  H    l=0  rc=    1.0000  rs=    0.6667
     projs nearly linearly dependent: l=0  n1,n2= 1, 2  s=  0.99968852
 
     atom=  O    l=0  rc=    1.3500  rs=    0.9000
     atom=  O    l=0  rc=    1.3500  rs=    0.9000
     atom=  O    l=1  rc=    1.3500  rs=    0.9000
     atom=  O    l=1  rc=    1.3500  rs=    0.9000
     projs nearly linearly dependent: l=0  n1,n2= 1, 2  s=  0.99100135
     projs nearly linearly dependent: l=1  n1,n2= 1, 2  s=  0.99790100
     -----------------------------------------------------------------
 
     alpha_pv=     40.3677 eV
 
     q-space interpolation up to   110.00 Rydberg
 
     GIPAW job: nmr                                                                             
     NMR macroscopic correction: yes
             0.6667          0.0000          0.0000
             0.0000          0.6667          0.0000
             0.0000          0.0000          0.6667

 
     Largest allocated arrays     est. size (Mb)     dimensions
        KS wavefunctions at k           7.37 Mb     (    5967,   81)
        KS wavefunctions at k+q         7.37 Mb     (    5967,   81)
        First-order wavefunctions      73.75 Mb     (    5967,   81, 10)
        First-order wavefunct (US)     44.25 Mb     (    5967,   81,  6)
        Charge/spin density             0.73 Mb     (   96000,    1)
        Induced current                 6.59 Mb     (   96000,    3,3,1)
        Induced magnetic field          6.59 Mb     (   96000,    3,3,1)
        NL pseudopotentials            21.85 Mb     (    5967,  240)
        GIPAW NL terms                 21.85 Mb     (    5967,  240)
 
     Computing the magnetic susceptibility     isolve=0    ethr=  0.1000E-13
     k-point #    1 of    12      pool #  1    cpu time:       6.7
     Rotating WFCS
     Rotating WFCS
     Rotating WFCS
     Rotating WFCS
     Rotating WFCS
     c_bands:  1 eigenvalues not converged
     Rotating WFCS
     Rotating WFCS
     k-point #    2 of    12      pool #  1    cpu time:     719.0
     Rotating WFCS
     Rotating WFCS
     Rotating WFCS
     Rotating WFCS
     Rotating WFCS
     Rotating WFCS
     c_bands:  1 eigenvalues not converged
     Rotating WFCS
     c_bands:  1 eigenvalues not converged
     k-point #    3 of    12      pool #  1    cpu time:    1467.1
     Rotating WFCS
     Rotating WFCS
     Rotating WFCS
     Rotating WFCS
     Rotating WFCS
     Rotating WFCS
     Rotating WFCS
     k-point #    4 of    12      pool #  1    cpu time:    2211.6
     Rotating WFCS
     Rotating WFCS
     Rotating WFCS
     Rotating WFCS
     Rotating WFCS
     Rotating WFCS
     c_bands:  1 eigenvalues not converged
     Rotating WFCS
     c_bands:  1 eigenvalues not converged
     k-point #    5 of    12      pool #  1    cpu time:    2963.1
     Rotating WFCS
     Rotating WFCS
     Rotating WFCS
     Rotating WFCS
     Rotating WFCS
     Rotating WFCS
     Rotating WFCS
     k-point #    6 of    12      pool #  1    cpu time:    3711.8
     Rotating WFCS
     c_bands:  1 eigenvalues not converged
     Rotating WFCS
     Rotating WFCS
     Rotating WFCS
     c_bands:  1 eigenvalues not converged
     Rotating WFCS
     c_bands:  1 eigenvalues not converged
     Rotating WFCS
     c_bands:  1 eigenvalues not converged
     Rotating WFCS
     c_bands:  1 eigenvalues not converged
     k-point #    7 of    12      pool #  1    cpu time:    4468.4
     Rotating WFCS
     Rotating WFCS
     Rotating WFCS
     Rotating WFCS
     Rotating WFCS
     Rotating WFCS
     Rotating WFCS
     k-point #    8 of    12      pool #  1    cpu time:    5222.5
     Rotating WFCS
     Rotating WFCS
     Rotating WFCS
     Rotating WFCS
     Rotating WFCS
     Rotating WFCS
     c_bands:  1 eigenvalues not converged
     Rotating WFCS
     c_bands:  1 eigenvalues not converged
     k-point #    9 of    12      pool #  1    cpu time:    5957.2
     Rotating WFCS
     Rotating WFCS
     c_bands:  1 eigenvalues not converged
     Rotating WFCS
     c_bands:  1 eigenvalues not converged
     Rotating WFCS
     Rotating WFCS
     Rotating WFCS
     Rotating WFCS
     k-point #   10 of    12      pool #  1    cpu time:    6688.8
     Rotating WFCS
     Rotating WFCS
     Rotating WFCS
     Rotating WFCS
     Rotating WFCS
     Rotating WFCS
     Rotating WFCS
     k-point #   11 of    12      pool #  1    cpu time:    7373.7
     Rotating WFCS
     c_bands:  1 eigenvalues not converged
     Rotating WFCS
     c_bands:  1 eigenvalues not converged
     Rotating WFCS
     c_bands:  1 eigenvalues not converged
     Rotating WFCS
     c_bands:  1 eigenvalues not converged
     Rotating WFCS
     c_bands:  1 eigenvalues not converged
     Rotating WFCS
     Rotating WFCS
     c_bands:  1 eigenvalues not converged
     k-point #   12 of    12      pool #  1    cpu time:    8124.6
     Rotating WFCS
     Rotating WFCS
     Rotating WFCS
     Rotating WFCS
     Rotating WFCS
     Rotating WFCS
     Rotating WFCS
     End of magnetic susceptibility calculation
 
     f-sum rule (1st term):
          -130.9910          0.0000          0.0000
             0.0000       -130.9893          0.0000
             0.0000          0.0000       -130.8728

     f-sum rule (2nd term):
            -1.9302          0.0000          0.0000
             0.0000         -1.9308          0.0000
             0.0000          0.0000         -2.0474

     f-sum rule (should be  -132.9200):
          -132.9212          0.0000          0.0000
             0.0000       -132.9200          0.0000
             0.0000          0.0000       -132.9202

     chi_bare pGv (HH) in paratec units:
       -40.022669      0.049619     -0.001360
         0.018691    -44.416533      0.000933
        -0.001554      0.001414    -43.426922

       -40.022669      0.000000      0.000000
         0.000000    -44.416533      0.000000
         0.000000      0.000000    -43.426922

     chi_bare vGv (VV) in paratec units:
       -41.293546      0.020432     -0.000782
         0.020030    -45.504859      0.000993
        -0.000541      0.001176    -44.197901

       -41.293546      0.000000      0.000000
         0.000000    -45.504859      0.000000
         0.000000      0.000000    -44.197901

     chi_bare pGv (HH) in 10^{-6} cm^3/mol:
          -190.1915          0.0000          0.0000
             0.0000       -211.0716          0.0000
             0.0000          0.0000       -206.3688

     chi_bare vGv (VV) in 10^{-6} cm^3/mol:
          -196.2308          0.0000          0.0000
             0.0000       -216.2434          0.0000
             0.0000          0.0000       -210.0326

     Contributions to the NMR chemical shifts: -------------------------------
 
     Macroscopic shape contribution in ppm:                    6.74
             6.3244          0.0000          0.0000
             0.0000          7.0188          0.0000
             0.0000          0.0000          6.8624

 
     Core contribution in ppm:
 
     Atom  1  O   pos: (  0.719121  0.438601  1.207659)  core sigma:         271.07
     Atom  2  O   pos: (  0.780879  1.175527  0.230221)  core sigma:         271.07
     Atom  3  O   pos: (  0.219121  0.368463  0.747216)  core sigma:         271.07
     Atom  4  O   pos: (  0.280879  1.245665  1.724653)  core sigma:         271.07
     Atom  5  N   pos: (  0.894452  0.792777  1.617517)  core sigma:         235.78
     Atom  6  N   pos: (  0.605548  0.821351  0.640080)  core sigma:         235.78
     Atom  7  N   pos: (  0.394452  0.014287  0.337357)  core sigma:         235.78
     Atom  8  N   pos: (  0.105548  1.599841  1.314794)  core sigma:         235.78
     Atom  9  N   pos: (  0.323955  0.655861  1.217910)  core sigma:         235.78
     Atom 10  N   pos: (  0.176045  0.958267  0.240473)  core sigma:         235.78
     Atom 11  N   pos: (  0.823955  0.151203  0.736964)  core sigma:         235.78
     Atom 12  N   pos: (  0.676045  1.462925  1.714402)  core sigma:         235.78
     Atom 13  C   pos: (  0.555596  0.584279  1.318971)  core sigma:         200.51
     Atom 14  C   pos: (  0.944404  1.029849  0.341534)  core sigma:         200.51
     Atom 15  C   pos: (  0.055596  0.222785  0.635903)  core sigma:         200.51
     Atom 16  C   pos: (  0.444404  1.391343  1.613340)  core sigma:         200.51
     Atom 17  C   pos: (  0.617629  0.700149  1.583814)  core sigma:         200.51
     Atom 18  C   pos: (  0.882371  0.913979  0.606377)  core sigma:         200.51
     Atom 19  C   pos: (  0.117629  0.106915  0.371060)  core sigma:         200.51
     Atom 20  C   pos: (  0.382371  1.507213  1.348497)  core sigma:         200.51
     Atom 21  C   pos: (  0.800260  0.563804  1.765479)  core sigma:         200.51
     Atom 22  C   pos: (  0.699740  1.050324  0.788042)  core sigma:         200.51
     Atom 23  C   pos: (  0.300260  0.243260  0.189395)  core sigma:         200.51
     Atom 24  C   pos: (  0.199740  1.370868  1.166832)  core sigma:         200.51
     Atom 25  H   pos: (  0.895471  0.958959  1.730598)  core sigma:           0.00
     Atom 26  H   pos: (  0.604529  0.655169  0.753161)  core sigma:           0.00
     Atom 27  H   pos: (  0.395471  1.462233  0.224276)  core sigma:           0.00
     Atom 28  H   pos: (  0.104529  0.151895  1.201713)  core sigma:           0.00
     Atom 29  H   pos: (  0.259007  0.566538  1.048117)  core sigma:           0.00
     Atom 30  H   pos: (  0.240993  1.047590  0.070680)  core sigma:           0.00
     Atom 31  H   pos: (  0.759007  0.240526  0.906758)  core sigma:           0.00
     Atom 32  H   pos: (  0.740993  1.373602  1.884195)  core sigma:           0.00
     Atom 33  H   pos: (  0.185364  0.738411  1.340365)  core sigma:           0.00
     Atom 34  H   pos: (  0.314636  0.875717  0.362928)  core sigma:           0.00
     Atom 35  H   pos: (  0.685364  0.068653  0.614509)  core sigma:           0.00
     Atom 36  H   pos: (  0.814636  1.545475  1.591946)  core sigma:           0.00
     Atom 37  H   pos: (  0.462816  0.824482  1.668028)  core sigma:           0.00
     Atom 38  H   pos: (  1.037184  0.789646  0.690591)  core sigma:           0.00
     Atom 39  H   pos: ( -0.037184  1.596710  0.286846)  core sigma:           0.00
     Atom 40  H   pos: (  0.537184  0.017418  1.264284)  core sigma:           0.00
     Atom 41  H   pos: (  0.766006  0.585242  1.975585)  core sigma:           0.00
     Atom 42  H   pos: (  0.733994  1.028886  0.998148)  core sigma:           0.00
     Atom 43  H   pos: (  0.266006  0.221822 -0.020711)  core sigma:           0.00
     Atom 44  H   pos: (  0.233994  1.392306  0.956726)  core sigma:           0.00
     Atom 45  H   pos: (  0.884208  0.377582  1.701353)  core sigma:           0.00
     Atom 46  H   pos: (  0.615792  1.236546  0.723916)  core sigma:           0.00
     Atom 47  H   pos: (  0.384208  0.429482  0.253521)  core sigma:           0.00
     Atom 48  H   pos: (  0.115792  1.184646  1.230958)  core sigma:           0.00
 
     Bare contribution in ppm:
 
     Atom  1  O   pos: (  0.719121  0.438601  1.207659)  bare sigma:          -5.68
           -34.8549         51.2738        -25.1038
            57.2326         34.4718        -47.7898
           -20.2941        -46.0485        -16.6612

     Atom  2  O   pos: (  0.780879  1.175527  0.230221)  bare sigma:          -5.68
           -34.8549         51.2738         25.1038
            57.2326         34.4718         47.7898
            20.2941         46.0485        -16.6612

     Atom  3  O   pos: (  0.219121  0.368463  0.747216)  bare sigma:          -5.68
           -34.8549        -51.2738         25.1038
           -57.2326         34.4718        -47.7898
            20.2941        -46.0485        -16.6612

     Atom  4  O   pos: (  0.280879  1.245665  1.724653)  bare sigma:          -5.68
           -34.8549        -51.2738        -25.1038
           -57.2326         34.4718         47.7898
           -20.2941         46.0485        -16.6612

     Atom  5  N   pos: (  0.894452  0.792777  1.617517)  bare sigma:          43.10
            39.3492        -12.5549          4.0885
            -9.0688         34.6419         12.0204
             6.9889         20.1879         55.3160

     Atom  6  N   pos: (  0.605548  0.821351  0.640080)  bare sigma:          43.10
            39.3492        -12.5549         -4.0885
            -9.0688         34.6419        -12.0204
            -6.9889        -20.1879         55.3160

     Atom  7  N   pos: (  0.394452  0.014287  0.337357)  bare sigma:          43.10
            39.3492         12.5549         -4.0885
             9.0688         34.6419         12.0204
            -6.9889         20.1879         55.3160

     Atom  8  N   pos: (  0.105548  1.599841  1.314794)  bare sigma:          43.10
            39.3492         12.5549          4.0885
             9.0688         34.6419        -12.0204
             6.9889        -20.1879         55.3160

     Atom  9  N   pos: (  0.323955  0.655861  1.217910)  bare sigma:           6.46
            19.9539         15.9609         26.3309
            11.2494          3.7391        -26.4049
            11.6778        -19.8062         -4.3231

     Atom 10  N   pos: (  0.176045  0.958267  0.240473)  bare sigma:           6.46
            19.9539         15.9609        -26.3309
            11.2494          3.7391         26.4049
           -11.6778         19.8062         -4.3231

     Atom 11  N   pos: (  0.823955  0.151203  0.736964)  bare sigma:           6.46
            19.9539        -15.9609        -26.3309
           -11.2494          3.7391        -26.4049
           -11.6778        -19.8062         -4.3231

     Atom 12  N   pos: (  0.676045  1.462925  1.714402)  bare sigma:           6.46
            19.9539        -15.9609         26.3309
           -11.2494          3.7391         26.4049
            11.6778         19.8062         -4.3231

     Atom 13  C   pos: (  0.555596  0.584279  1.318971)  bare sigma:         -78.72
           -83.8366         12.0929        -19.7116
            16.4930        -59.0221        -16.9521
           -17.1036        -21.0636        -93.3065

     Atom 14  C   pos: (  0.944404  1.029849  0.341534)  bare sigma:         -78.72
           -83.8366         12.0929         19.7116
            16.4930        -59.0221         16.9521
            17.1036         21.0636        -93.3065

     Atom 15  C   pos: (  0.055596  0.222785  0.635903)  bare sigma:         -78.72
           -83.8366        -12.0929         19.7116
           -16.4930        -59.0221        -16.9521
            17.1036        -21.0636        -93.3065

     Atom 16  C   pos: (  0.444404  1.391343  1.613340)  bare sigma:         -78.72
           -83.8366        -12.0929        -19.7116
           -16.4930        -59.0221         16.9521
           -17.1036         21.0636        -93.3065

     Atom 17  C   pos: (  0.617629  0.700149  1.583814)  bare sigma:          -4.05
           -14.6523          2.0999         -8.3838
             4.3048         -5.0482         18.4784
            -5.2986         20.3578          7.5638

     Atom 18  C   pos: (  0.882371  0.913979  0.606377)  bare sigma:          -4.05
           -14.6523          2.0999          8.3838
             4.3048         -5.0482        -18.4784
             5.2986        -20.3578          7.5638

     Atom 19  C   pos: (  0.117629  0.106915  0.371060)  bare sigma:          -4.05
           -14.6523         -2.0999          8.3838
            -4.3048         -5.0482         18.4784
             5.2986         20.3578          7.5638

     Atom 20  C   pos: (  0.382371  1.507213  1.348497)  bare sigma:          -4.05
           -14.6523         -2.0999         -8.3838
            -4.3048         -5.0482        -18.4784
            -5.2986        -20.3578          7.5638

     Atom 21  C   pos: (  0.800260  0.563804  1.765479)  bare sigma:          -2.27
            -5.6924          3.5722         -9.5901
             3.9245         -0.9566          7.7999
           -10.0468         10.8955         -0.1496

     Atom 22  C   pos: (  0.699740  1.050324  0.788042)  bare sigma:          -2.27
            -5.6924          3.5722          9.5901
             3.9245         -0.9566         -7.7999
            10.0468        -10.8955         -0.1496

     Atom 23  C   pos: (  0.300260  0.243260  0.189395)  bare sigma:          -2.27
            -5.6924         -3.5722          9.5901
            -3.9245         -0.9566          7.7999
            10.0468         10.8955         -0.1496

     Atom 24  C   pos: (  0.199740  1.370868  1.166832)  bare sigma:          -2.27
            -5.6924         -3.5722         -9.5901
            -3.9245         -0.9566         -7.7999
           -10.0468        -10.8955         -0.1496

     Atom 25  H   pos: (  0.895471  0.958959  1.730598)  bare sigma:          20.89
            15.1556         -0.2954          1.3343
             3.7326         27.5908          6.4100
             3.2759         11.5448         19.9134

     Atom 26  H   pos: (  0.604529  0.655169  0.753161)  bare sigma:          20.89
            15.1556         -0.2954         -1.3343
             3.7326         27.5908         -6.4100
            -3.2759        -11.5448         19.9134

     Atom 27  H   pos: (  0.395471  1.462233  0.224276)  bare sigma:          20.89
            15.1556          0.2954         -1.3343
            -3.7326         27.5908          6.4100
            -3.2759         11.5448         19.9134

     Atom 28  H   pos: (  0.104529  0.151895  1.201713)  bare sigma:          20.89
            15.1556          0.2954          1.3343
            -3.7326         27.5908         -6.4100
             3.2759        -11.5448         19.9134

     Atom 29  H   pos: (  0.259007  0.566538  1.048117)  bare sigma:          12.78
            10.5211          5.0357          6.9141
             4.2494          9.3222          5.1027
             4.2582          4.5422         18.4827

     Atom 30  H   pos: (  0.240993  1.047590  0.070680)  bare sigma:          12.78
            10.5211          5.0357         -6.9141
             4.2494          9.3222         -5.1027
            -4.2582         -4.5422         18.4827

     Atom 31  H   pos: (  0.759007  0.240526  0.906758)  bare sigma:          12.78
            10.5211         -5.0357         -6.9141
            -4.2494          9.3222          5.1027
            -4.2582          4.5422         18.4827

     Atom 32  H   pos: (  0.740993  1.373602  1.884195)  bare sigma:          12.78
            10.5211         -5.0357          6.9141
            -4.2494          9.3222         -5.1027
             4.2582         -4.5422         18.4827

     Atom 33  H   pos: (  0.185364  0.738411  1.340365)  bare sigma:          13.22
            20.1565         -3.6124         -4.4024
            -3.8814          7.5012          1.5611
            -7.9618          1.7952         11.9891

     Atom 34  H   pos: (  0.314636  0.875717  0.362928)  bare sigma:          13.22
            20.1565         -3.6124          4.4024
            -3.8814          7.5012         -1.5611
             7.9618         -1.7952         11.9891

     Atom 35  H   pos: (  0.685364  0.068653  0.614509)  bare sigma:          13.22
            20.1565          3.6124          4.4024
             3.8814          7.5012          1.5611
             7.9618          1.7952         11.9891

     Atom 36  H   pos: (  0.814636  1.545475  1.591946)  bare sigma:          13.22
            20.1565          3.6124         -4.4024
             3.8814          7.5012         -1.5611
            -7.9618         -1.7952         11.9891

     Atom 37  H   pos: (  0.462816  0.824482  1.668028)  bare sigma:          19.38
            22.1277         -3.7278          0.4305
            -6.6400         19.0152          2.6649
            -5.1453          6.4069         16.9973

     Atom 38  H   pos: (  1.037184  0.789646  0.690591)  bare sigma:          19.38
            22.1277         -3.7278         -0.4305
            -6.6400         19.0152         -2.6649
             5.1453         -6.4069         16.9973

     Atom 39  H   pos: ( -0.037184  1.596710  0.286846)  bare sigma:          19.38
            22.1277          3.7278         -0.4305
             6.6400         19.0152          2.6649
             5.1453          6.4069         16.9973

     Atom 40  H   pos: (  0.537184  0.017418  1.264284)  bare sigma:          19.38
            22.1277          3.7278          0.4305
             6.6400         19.0152         -2.6649
            -5.1453         -6.4069         16.9973

     Atom 41  H   pos: (  0.766006  0.585242  1.975585)  bare sigma:          20.69
            17.1186          0.1887         -3.4023
             0.0310         17.8065          0.9877
            -1.4337         -0.9188         27.1404

     Atom 42  H   pos: (  0.733994  1.028886  0.998148)  bare sigma:          20.69
            17.1186          0.1887          3.4023
             0.0310         17.8065         -0.9877
             1.4337          0.9188         27.1404

     Atom 43  H   pos: (  0.266006  0.221822 -0.020711)  bare sigma:          20.69
            17.1186         -0.1887          3.4023
            -0.0310         17.8065          0.9877
             1.4337         -0.9188         27.1404

     Atom 44  H   pos: (  0.233994  1.392306  0.956726)  bare sigma:          20.69
            17.1186         -0.1887         -3.4023
            -0.0310         17.8065         -0.9877
            -1.4337          0.9188         27.1404

     Atom 45  H   pos: (  0.884208  0.377582  1.701353)  bare sigma:          20.59
            17.0849         -2.9503         -0.1817
            -2.9438         25.6949         -0.7098
            -2.3841          4.4650         18.9835

     Atom 46  H   pos: (  0.615792  1.236546  0.723916)  bare sigma:          20.59
            17.0849         -2.9503          0.1817
            -2.9438         25.6949          0.7098
             2.3841         -4.4650         18.9835

     Atom 47  H   pos: (  0.384208  0.429482  0.253521)  bare sigma:          20.59
            17.0849          2.9503          0.1817
             2.9438         25.6949         -0.7098
             2.3841          4.4650         18.9835

     Atom 48  H   pos: (  0.115792  1.184646  1.230958)  bare sigma:          20.59
            17.0849          2.9503         -0.1817
             2.9438         25.6949          0.7098
            -2.3841         -4.4650         18.9835

     Diamagnetic contribution in ppm:
 
     Atom  1  O   pos: (  0.719121  0.438601  1.207659)  dia sigma:          17.68
            17.6366         -0.1844         -0.5588
            -0.1844         18.0214          0.0072
            -0.5588          0.0072         17.3842

     Atom  2  O   pos: (  0.780879  1.175527  0.230221)  dia sigma:          17.68
            17.6366         -0.1844          0.5588
            -0.1844         18.0214         -0.0072
             0.5588         -0.0072         17.3842

     Atom  3  O   pos: (  0.219121  0.368463  0.747216)  dia sigma:          17.68
            17.6366          0.1844          0.5588
             0.1844         18.0214          0.0072
             0.5588          0.0072         17.3842

     Atom  4  O   pos: (  0.280879  1.245665  1.724653)  dia sigma:          17.68
            17.6366          0.1844         -0.5588
             0.1844         18.0214         -0.0072
            -0.5588         -0.0072         17.3842

     Atom  5  N   pos: (  0.894452  0.792777  1.617517)  dia sigma:           8.81
             8.8935          0.2354          0.2645
             0.2354          9.0067         -0.1248
             0.2645         -0.1248          8.5307

     Atom  6  N   pos: (  0.605548  0.821351  0.640080)  dia sigma:           8.81
             8.8935          0.2354         -0.2645
             0.2354          9.0067          0.1248
            -0.2645          0.1248          8.5307

     Atom  7  N   pos: (  0.394452  0.014287  0.337357)  dia sigma:           8.81
             8.8935         -0.2354         -0.2645
            -0.2354          9.0067         -0.1248
            -0.2645         -0.1248          8.5307

     Atom  8  N   pos: (  0.105548  1.599841  1.314794)  dia sigma:           8.81
             8.8935         -0.2354          0.2645
            -0.2354          9.0067          0.1248
             0.2645          0.1248          8.5307

     Atom  9  N   pos: (  0.323955  0.655861  1.217910)  dia sigma:          10.05
            10.2087         -0.1381          0.0902
            -0.1381          9.8485          0.1267
             0.0902          0.1267         10.0951

     Atom 10  N   pos: (  0.176045  0.958267  0.240473)  dia sigma:          10.05
            10.2087         -0.1381         -0.0902
            -0.1381          9.8485         -0.1267
            -0.0902         -0.1267         10.0951

     Atom 11  N   pos: (  0.823955  0.151203  0.736964)  dia sigma:          10.05
            10.2087          0.1381         -0.0902
             0.1381          9.8485          0.1267
            -0.0902          0.1267         10.0951

     Atom 12  N   pos: (  0.676045  1.462925  1.714402)  dia sigma:          10.05
            10.2087          0.1381          0.0902
             0.1381          9.8485         -0.1267
             0.0902         -0.1267         10.0951

     Atom 13  C   pos: (  0.555596  0.584279  1.318971)  dia sigma:           4.00
             3.9583          0.0835         -0.0492
             0.0835          4.0900         -0.1276
            -0.0492         -0.1276          3.9415

     Atom 14  C   pos: (  0.944404  1.029849  0.341534)  dia sigma:           4.00
             3.9583          0.0835          0.0492
             0.0835          4.0900          0.1276
             0.0492          0.1276          3.9415

     Atom 15  C   pos: (  0.055596  0.222785  0.635903)  dia sigma:           4.00
             3.9583         -0.0835          0.0492
            -0.0835          4.0900         -0.1276
             0.0492         -0.1276          3.9415

     Atom 16  C   pos: (  0.444404  1.391343  1.613340)  dia sigma:           4.00
             3.9583         -0.0835         -0.0492
            -0.0835          4.0900          0.1276
            -0.0492          0.1276          3.9415

     Atom 17  C   pos: (  0.617629  0.700149  1.583814)  dia sigma:           4.27
             4.3733          0.0749          0.0394
             0.0749          4.2124          0.0062
             0.0394          0.0062          4.2391

     Atom 18  C   pos: (  0.882371  0.913979  0.606377)  dia sigma:           4.27
             4.3733          0.0749         -0.0394
             0.0749          4.2124         -0.0062
            -0.0394         -0.0062          4.2391

     Atom 19  C   pos: (  0.117629  0.106915  0.371060)  dia sigma:           4.27
             4.3733         -0.0749         -0.0394
            -0.0749          4.2124          0.0062
            -0.0394          0.0062          4.2391

     Atom 20  C   pos: (  0.382371  1.507213  1.348497)  dia sigma:           4.27
             4.3733         -0.0749          0.0394
            -0.0749          4.2124         -0.0062
             0.0394         -0.0062          4.2391

     Atom 21  C   pos: (  0.800260  0.563804  1.765479)  dia sigma:           4.29
             4.2833          0.0521         -0.0033
             0.0521          4.3285         -0.1028
            -0.0033         -0.1028          4.2640

     Atom 22  C   pos: (  0.699740  1.050324  0.788042)  dia sigma:           4.29
             4.2833          0.0521          0.0033
             0.0521          4.3285          0.1028
             0.0033          0.1028          4.2640

     Atom 23  C   pos: (  0.300260  0.243260  0.189395)  dia sigma:           4.29
             4.2833         -0.0521          0.0033
            -0.0521          4.3285         -0.1028
             0.0033         -0.1028          4.2640

     Atom 24  C   pos: (  0.199740  1.370868  1.166832)  dia sigma:           4.29
             4.2833         -0.0521         -0.0033
            -0.0521          4.3285          0.1028
            -0.0033          0.1028          4.2640

     Atom 25  H   pos: (  0.895471  0.958959  1.730598)  dia sigma:           1.10
             1.1023         -0.0000         -0.0000
            -0.0000          1.1023         -0.0000
            -0.0000         -0.0000          1.1023

     Atom 26  H   pos: (  0.604529  0.655169  0.753161)  dia sigma:           1.10
             1.1023         -0.0000          0.0000
            -0.0000          1.1023          0.0000
             0.0000          0.0000          1.1023

     Atom 27  H   pos: (  0.395471  1.462233  0.224276)  dia sigma:           1.10
             1.1023          0.0000          0.0000
             0.0000          1.1023         -0.0000
             0.0000         -0.0000          1.1023

     Atom 28  H   pos: (  0.104529  0.151895  1.201713)  dia sigma:           1.10
             1.1023          0.0000         -0.0000
             0.0000          1.1023          0.0000
            -0.0000          0.0000          1.1023

     Atom 29  H   pos: (  0.259007  0.566538  1.048117)  dia sigma:           1.03
             1.0274          0.0000         -0.0000
             0.0000          1.0274         -0.0000
            -0.0000         -0.0000          1.0274

     Atom 30  H   pos: (  0.240993  1.047590  0.070680)  dia sigma:           1.03
             1.0274          0.0000          0.0000
             0.0000          1.0274          0.0000
             0.0000          0.0000          1.0274

     Atom 31  H   pos: (  0.759007  0.240526  0.906758)  dia sigma:           1.03
             1.0274         -0.0000          0.0000
            -0.0000          1.0274         -0.0000
             0.0000         -0.0000          1.0274

     Atom 32  H   pos: (  0.740993  1.373602  1.884195)  dia sigma:           1.03
             1.0274         -0.0000         -0.0000
            -0.0000          1.0274          0.0000
            -0.0000          0.0000          1.0274

     Atom 33  H   pos: (  0.185364  0.738411  1.340365)  dia sigma:           1.03
             1.0277          0.0000         -0.0000
             0.0000          1.0277          0.0000
            -0.0000          0.0000          1.0277

     Atom 34  H   pos: (  0.314636  0.875717  0.362928)  dia sigma:           1.03
             1.0277          0.0000          0.0000
             0.0000          1.0277         -0.0000
             0.0000         -0.0000          1.0277

     Atom 35  H   pos: (  0.685364  0.068653  0.614509)  dia sigma:           1.03
             1.0277         -0.0000          0.0000
            -0.0000          1.0277          0.0000
             0.0000          0.0000          1.0277

     Atom 36  H   pos: (  0.814636  1.545475  1.591946)  dia sigma:           1.03
             1.0277         -0.0000         -0.0000
            -0.0000          1.0277         -0.0000
            -0.0000         -0.0000          1.0277

     Atom 37  H   pos: (  0.462816  0.824482  1.668028)  dia sigma:           1.12
             1.1202          0.0000         -0.0000
             0.0000          1.1202          0.0000
            -0.0000          0.0000          1.1202

     Atom 38  H   pos: (  1.037184  0.789646  0.690591)  dia sigma:           1.12
             1.1202          0.0000          0.0000
             0.0000          1.1202         -0.0000
             0.0000         -0.0000          1.1202

     Atom 39  H   pos: ( -0.037184  1.596710  0.286846)  dia sigma:           1.12
             1.1202         -0.0000          0.0000
            -0.0000          1.1202          0.0000
             0.0000          0.0000          1.1202

     Atom 40  H   pos: (  0.537184  0.017418  1.264284)  dia sigma:           1.12
             1.1202         -0.0000         -0.0000
            -0.0000          1.1202         -0.0000
            -0.0000         -0.0000          1.1202

     Atom 41  H   pos: (  0.766006  0.585242  1.975585)  dia sigma:           1.14
             1.1391          0.0000          0.0000
             0.0000          1.1391         -0.0000
             0.0000         -0.0000          1.1391

     Atom 42  H   pos: (  0.733994  1.028886  0.998148)  dia sigma:           1.14
             1.1391          0.0000         -0.0000
             0.0000          1.1391          0.0000
            -0.0000          0.0000          1.1391

     Atom 43  H   pos: (  0.266006  0.221822 -0.020711)  dia sigma:           1.14
             1.1391         -0.0000         -0.0000
            -0.0000          1.1391         -0.0000
            -0.0000         -0.0000          1.1391

     Atom 44  H   pos: (  0.233994  1.392306  0.956726)  dia sigma:           1.14
             1.1391         -0.0000          0.0000
            -0.0000          1.1391          0.0000
             0.0000          0.0000          1.1391

     Atom 45  H   pos: (  0.884208  0.377582  1.701353)  dia sigma:           1.14
             1.1382         -0.0000          0.0000
            -0.0000          1.1382         -0.0000
             0.0000         -0.0000          1.1382

     Atom 46  H   pos: (  0.615792  1.236546  0.723916)  dia sigma:           1.14
             1.1382         -0.0000         -0.0000
            -0.0000          1.1382          0.0000
            -0.0000          0.0000          1.1382

     Atom 47  H   pos: (  0.384208  0.429482  0.253521)  dia sigma:           1.14
             1.1382          0.0000         -0.0000
             0.0000          1.1382         -0.0000
            -0.0000         -0.0000          1.1382

     Atom 48  H   pos: (  0.115792  1.184646  1.230958)  dia sigma:           1.14
             1.1382          0.0000          0.0000
             0.0000          1.1382          0.0000
             0.0000          0.0000          1.1382

     Paramagnetic contribution in ppm:
 
     Atom  1  O   pos: (  0.719121  0.438601  1.207659)  para sigma:        -152.24
          -222.2366        119.0772        -60.9395
           127.1119        -58.5802       -108.9209
           -55.3833        -98.0151       -175.8917

     Atom  2  O   pos: (  0.780879  1.175527  0.230221)  para sigma:        -152.24
          -222.2366        119.0772         60.9395
           127.1119        -58.5802        108.9209
            55.3833         98.0151       -175.8917

     Atom  3  O   pos: (  0.219121  0.368463  0.747216)  para sigma:        -152.24
          -222.2366       -119.0772         60.9395
          -127.1119        -58.5802       -108.9209
            55.3833        -98.0151       -175.8917

     Atom  4  O   pos: (  0.280879  1.245665  1.724653)  para sigma:        -152.24
          -222.2366       -119.0772        -60.9395
          -127.1119        -58.5802        108.9209
           -55.3833         98.0151       -175.8917

     Atom  5  N   pos: (  0.894452  0.792777  1.617517)  para sigma:         -26.09
           -37.4964        -27.8198          8.5098
           -19.5352        -38.1685         24.1625
            16.3266         41.0552         -2.6046

     Atom  6  N   pos: (  0.605548  0.821351  0.640080)  para sigma:         -26.09
           -37.4964        -27.8198         -8.5098
           -19.5352        -38.1685        -24.1625
           -16.3266        -41.0552         -2.6046

     Atom  7  N   pos: (  0.394452  0.014287  0.337357)  para sigma:         -26.09
           -37.4964         27.8198         -8.5098
            19.5352        -38.1685         24.1625
           -16.3266         41.0552         -2.6046

     Atom  8  N   pos: (  0.105548  1.599841  1.314794)  para sigma:         -26.09
           -37.4964         27.8198          8.5098
            19.5352        -38.1685        -24.1625
            16.3266        -41.0552         -2.6046

     Atom  9  N   pos: (  0.323955  0.655861  1.217910)  para sigma:         -94.44
           -72.3974         27.9930         49.3215
            19.2108       -100.3307        -44.9927
            25.0268        -32.4142       -110.6005

     Atom 10  N   pos: (  0.176045  0.958267  0.240473)  para sigma:         -94.44
           -72.3974         27.9930        -49.3215
            19.2108       -100.3307         44.9927
           -25.0268         32.4142       -110.6005

     Atom 11  N   pos: (  0.823955  0.151203  0.736964)  para sigma:         -94.44
           -72.3974        -27.9930        -49.3215
           -19.2108       -100.3307        -44.9927
           -25.0268        -32.4142       -110.6005

     Atom 12  N   pos: (  0.676045  1.462925  1.714402)  para sigma:         -94.44
           -72.3974        -27.9930         49.3215
           -19.2108       -100.3307         44.9927
            25.0268         32.4142       -110.6005

     Atom 13  C   pos: (  0.555596  0.584279  1.318971)  para sigma:        -125.55
          -135.3283         19.6284        -20.4185
            21.7542       -100.6361        -24.0073
           -20.7686        -24.9040       -140.6960

     Atom 14  C   pos: (  0.944404  1.029849  0.341534)  para sigma:        -125.55
          -135.3283         19.6284         20.4185
            21.7542       -100.6361         24.0073
            20.7686         24.9040       -140.6960

     Atom 15  C   pos: (  0.055596  0.222785  0.635903)  para sigma:        -125.55
          -135.3283        -19.6284         20.4185
           -21.7542       -100.6361        -24.0073
            20.7686        -24.9040       -140.6960

     Atom 16  C   pos: (  0.444404  1.391343  1.613340)  para sigma:        -125.55
          -135.3283        -19.6284        -20.4185
           -21.7542       -100.6361         24.0073
           -20.7686         24.9040       -140.6960

     Atom 17  C   pos: (  0.617629  0.700149  1.583814)  para sigma:         -57.13
           -71.8264         -0.0710        -11.0446
             3.8173        -55.8205         16.2053
            -7.8058         17.4005        -43.7435

     Atom 18  C   pos: (  0.882371  0.913979  0.606377)  para sigma:         -57.13
           -71.8264         -0.0710         11.0446
             3.8173        -55.8205        -16.2053
             7.8058        -17.4005        -43.7435

     Atom 19  C   pos: (  0.117629  0.106915  0.371060)  para sigma:         -57.13
           -71.8264          0.0710         11.0446
            -3.8173        -55.8205         16.2053
             7.8058         17.4005        -43.7435

     Atom 20  C   pos: (  0.382371  1.507213  1.348497)  para sigma:         -57.13
           -71.8264          0.0710        -11.0446
            -3.8173        -55.8205        -16.2053
            -7.8058        -17.4005        -43.7435

     Atom 21  C   pos: (  0.800260  0.563804  1.765479)  para sigma:         -55.55
           -55.9303          1.6009         -9.0440
             1.2334        -57.2478         11.7266
            -8.4722         14.7047        -53.4844

     Atom 22  C   pos: (  0.699740  1.050324  0.788042)  para sigma:         -55.55
           -55.9303          1.6009          9.0440
             1.2334        -57.2478        -11.7266
             8.4722        -14.7047        -53.4844

     Atom 23  C   pos: (  0.300260  0.243260  0.189395)  para sigma:         -55.55
           -55.9303         -1.6009          9.0440
            -1.2334        -57.2478         11.7266
             8.4722         14.7047        -53.4844

     Atom 24  C   pos: (  0.199740  1.370868  1.166832)  para sigma:         -55.55
           -55.9303         -1.6009         -9.0440
            -1.2334        -57.2478        -11.7266
            -8.4722        -14.7047        -53.4844

     Atom 25  H   pos: (  0.895471  0.958959  1.730598)  para sigma:           0.00
             0.0000          0.0000          0.0000
             0.0000          0.0000          0.0000
             0.0000          0.0000          0.0000

     Atom 26  H   pos: (  0.604529  0.655169  0.753161)  para sigma:           0.00
             0.0000          0.0000          0.0000
             0.0000          0.0000          0.0000
             0.0000          0.0000          0.0000

     Atom 27  H   pos: (  0.395471  1.462233  0.224276)  para sigma:           0.00
             0.0000          0.0000          0.0000
             0.0000          0.0000          0.0000
             0.0000          0.0000          0.0000

     Atom 28  H   pos: (  0.104529  0.151895  1.201713)  para sigma:           0.00
             0.0000          0.0000          0.0000
             0.0000          0.0000          0.0000
             0.0000          0.0000          0.0000

     Atom 29  H   pos: (  0.259007  0.566538  1.048117)  para sigma:           0.00
             0.0000          0.0000          0.0000
             0.0000          0.0000          0.0000
             0.0000          0.0000          0.0000

     Atom 30  H   pos: (  0.240993  1.047590  0.070680)  para sigma:           0.00
             0.0000          0.0000          0.0000
             0.0000          0.0000          0.0000
             0.0000          0.0000          0.0000

     Atom 31  H   pos: (  0.759007  0.240526  0.906758)  para sigma:           0.00
             0.0000          0.0000          0.0000
             0.0000          0.0000          0.0000
             0.0000          0.0000          0.0000

     Atom 32  H   pos: (  0.740993  1.373602  1.884195)  para sigma:           0.00
             0.0000          0.0000          0.0000
             0.0000          0.0000          0.0000
             0.0000          0.0000          0.0000

     Atom 33  H   pos: (  0.185364  0.738411  1.340365)  para sigma:           0.00
             0.0000          0.0000          0.0000
             0.0000          0.0000          0.0000
             0.0000          0.0000          0.0000

     Atom 34  H   pos: (  0.314636  0.875717  0.362928)  para sigma:           0.00
             0.0000          0.0000          0.0000
             0.0000          0.0000          0.0000
             0.0000          0.0000          0.0000

     Atom 35  H   pos: (  0.685364  0.068653  0.614509)  para sigma:           0.00
             0.0000          0.0000          0.0000
             0.0000          0.0000          0.0000
             0.0000          0.0000          0.0000

     Atom 36  H   pos: (  0.814636  1.545475  1.591946)  para sigma:           0.00
             0.0000          0.0000          0.0000
             0.0000          0.0000          0.0000
             0.0000          0.0000          0.0000

     Atom 37  H   pos: (  0.462816  0.824482  1.668028)  para sigma:           0.00
             0.0000          0.0000          0.0000
             0.0000          0.0000          0.0000
             0.0000          0.0000          0.0000

     Atom 38  H   pos: (  1.037184  0.789646  0.690591)  para sigma:           0.00
             0.0000          0.0000          0.0000
             0.0000          0.0000          0.0000
             0.0000          0.0000          0.0000

     Atom 39  H   pos: ( -0.037184  1.596710  0.286846)  para sigma:           0.00
             0.0000          0.0000          0.0000
             0.0000          0.0000          0.0000
             0.0000          0.0000          0.0000

     Atom 40  H   pos: (  0.537184  0.017418  1.264284)  para sigma:           0.00
             0.0000          0.0000          0.0000
             0.0000          0.0000          0.0000
             0.0000          0.0000          0.0000

     Atom 41  H   pos: (  0.766006  0.585242  1.975585)  para sigma:           0.00
             0.0000          0.0000          0.0000
             0.0000          0.0000          0.0000
             0.0000          0.0000          0.0000

     Atom 42  H   pos: (  0.733994  1.028886  0.998148)  para sigma:           0.00
             0.0000          0.0000          0.0000
             0.0000          0.0000          0.0000
             0.0000          0.0000          0.0000

     Atom 43  H   pos: (  0.266006  0.221822 -0.020711)  para sigma:           0.00
             0.0000          0.0000          0.0000
             0.0000          0.0000          0.0000
             0.0000          0.0000          0.0000

     Atom 44  H   pos: (  0.233994  1.392306  0.956726)  para sigma:           0.00
             0.0000          0.0000          0.0000
             0.0000          0.0000          0.0000
             0.0000          0.0000          0.0000

     Atom 45  H   pos: (  0.884208  0.377582  1.701353)  para sigma:           0.00
             0.0000          0.0000          0.0000
             0.0000          0.0000          0.0000
             0.0000          0.0000          0.0000

     Atom 46  H   pos: (  0.615792  1.236546  0.723916)  para sigma:           0.00
             0.0000          0.0000          0.0000
             0.0000          0.0000          0.0000
             0.0000          0.0000          0.0000

     Atom 47  H   pos: (  0.384208  0.429482  0.253521)  para sigma:           0.00
             0.0000          0.0000          0.0000
             0.0000          0.0000          0.0000
             0.0000          0.0000          0.0000

     Atom 48  H   pos: (  0.115792  1.184646  1.230958)  para sigma:           0.00
             0.0000          0.0000          0.0000
             0.0000          0.0000          0.0000
             0.0000          0.0000          0.0000

     Paramagnetic US occ-occ contribution in ppm:
 
     Atom  1  O   pos: (  0.719121  0.438601  1.207659)  para_oo sigma:          -2.36
            -0.9010         -0.9035         -1.7791
             0.2394         -1.3988         -1.2521
             0.4763         -2.5555         -4.7900

     Atom  2  O   pos: (  0.780879  1.175527  0.230221)  para_oo sigma:          -2.36
            -0.9010         -0.9035          1.7791
             0.2394         -1.3988          1.2521
            -0.4763          2.5555         -4.7900

     Atom  3  O   pos: (  0.219121  0.368463  0.747216)  para_oo sigma:          -2.36
            -0.9010          0.9035          1.7791
            -0.2394         -1.3988         -1.2521
            -0.4763         -2.5555         -4.7900

     Atom  4  O   pos: (  0.280879  1.245665  1.724653)  para_oo sigma:          -2.36
            -0.9010          0.9035         -1.7791
            -0.2394         -1.3988          1.2521
             0.4763          2.5555         -4.7900

     Atom  5  N   pos: (  0.894452  0.792777  1.617517)  para_oo sigma:          -0.05
            -0.0728         -0.0340          0.0149
             0.0084         -0.0215         -0.0041
             0.0266         -0.0082         -0.0522

     Atom  6  N   pos: (  0.605548  0.821351  0.640080)  para_oo sigma:          -0.05
            -0.0728         -0.0340         -0.0149
             0.0084         -0.0215          0.0041
            -0.0266          0.0082         -0.0522

     Atom  7  N   pos: (  0.394452  0.014287  0.337357)  para_oo sigma:          -0.05
            -0.0728          0.0340         -0.0149
            -0.0084         -0.0215         -0.0041
            -0.0266         -0.0082         -0.0522

     Atom  8  N   pos: (  0.105548  1.599841  1.314794)  para_oo sigma:          -0.05
            -0.0728          0.0340          0.0149
            -0.0084         -0.0215          0.0041
             0.0266          0.0082         -0.0522

     Atom  9  N   pos: (  0.323955  0.655861  1.217910)  para_oo sigma:          -0.99
            -0.5142          0.1687         -0.1321
            -0.0598         -0.5636         -0.9901
            -0.6283         -0.6687         -1.9019

     Atom 10  N   pos: (  0.176045  0.958267  0.240473)  para_oo sigma:          -0.99
            -0.5142          0.1687          0.1321
            -0.0598         -0.5636          0.9901
             0.6283          0.6687         -1.9019

     Atom 11  N   pos: (  0.823955  0.151203  0.736964)  para_oo sigma:          -0.99
            -0.5142         -0.1687          0.1321
             0.0598         -0.5636         -0.9901
             0.6283         -0.6687         -1.9019

     Atom 12  N   pos: (  0.676045  1.462925  1.714402)  para_oo sigma:          -0.99
            -0.5142         -0.1687         -0.1321
             0.0598         -0.5636          0.9901
            -0.6283          0.6687         -1.9019

     Atom 13  C   pos: (  0.555596  0.584279  1.318971)  para_oo sigma:          -1.70
            -1.1800         -0.1677         -0.4335
            -0.1592         -1.2298         -0.6727
            -0.4091         -0.7398         -2.6940

     Atom 14  C   pos: (  0.944404  1.029849  0.341534)  para_oo sigma:          -1.70
            -1.1800         -0.1677          0.4335
            -0.1592         -1.2298          0.6727
             0.4091          0.7398         -2.6940

     Atom 15  C   pos: (  0.055596  0.222785  0.635903)  para_oo sigma:          -1.70
            -1.1800          0.1677          0.4335
             0.1592         -1.2298         -0.6727
             0.4091         -0.7398         -2.6940

     Atom 16  C   pos: (  0.444404  1.391343  1.613340)  para_oo sigma:          -1.70
            -1.1800          0.1677         -0.4335
             0.1592         -1.2298          0.6727
            -0.4091          0.7398         -2.6940

     Atom 17  C   pos: (  0.617629  0.700149  1.583814)  para_oo sigma:          -0.26
            -0.3717          0.1201          0.0156
             0.1909         -0.1778         -0.0552
            -0.0153         -0.0327         -0.2197

     Atom 18  C   pos: (  0.882371  0.913979  0.606377)  para_oo sigma:          -0.26
            -0.3717          0.1201         -0.0156
             0.1909         -0.1778          0.0552
             0.0153          0.0327         -0.2197

     Atom 19  C   pos: (  0.117629  0.106915  0.371060)  para_oo sigma:          -0.26
            -0.3717         -0.1201         -0.0156
            -0.1909         -0.1778         -0.0552
             0.0153         -0.0327         -0.2197

     Atom 20  C   pos: (  0.382371  1.507213  1.348497)  para_oo sigma:          -0.26
            -0.3717         -0.1201          0.0156
            -0.1909         -0.1778          0.0552
            -0.0153          0.0327         -0.2197

     Atom 21  C   pos: (  0.800260  0.563804  1.765479)  para_oo sigma:          -0.16
            -0.1158          0.0948         -0.0021
             0.0357         -0.1557         -0.0810
             0.0413         -0.1105         -0.2091

     Atom 22  C   pos: (  0.699740  1.050324  0.788042)  para_oo sigma:          -0.16
            -0.1158          0.0948          0.0021
             0.0357         -0.1557          0.0810
            -0.0413          0.1105         -0.2091

     Atom 23  C   pos: (  0.300260  0.243260  0.189395)  para_oo sigma:          -0.16
            -0.1158         -0.0948          0.0021
            -0.0357         -0.1557         -0.0810
            -0.0413         -0.1105         -0.2091

     Atom 24  C   pos: (  0.199740  1.370868  1.166832)  para_oo sigma:          -0.16
            -0.1158         -0.0948         -0.0021
            -0.0357         -0.1557          0.0810
             0.0413          0.1105         -0.2091

     Atom 25  H   pos: (  0.895471  0.958959  1.730598)  para_oo sigma:           0.00
             0.0000          0.0000          0.0000
             0.0000          0.0000          0.0000
             0.0000          0.0000          0.0000

     Atom 26  H   pos: (  0.604529  0.655169  0.753161)  para_oo sigma:           0.00
             0.0000          0.0000          0.0000
             0.0000          0.0000          0.0000
             0.0000          0.0000          0.0000

     Atom 27  H   pos: (  0.395471  1.462233  0.224276)  para_oo sigma:           0.00
             0.0000          0.0000          0.0000
             0.0000          0.0000          0.0000
             0.0000          0.0000          0.0000

     Atom 28  H   pos: (  0.104529  0.151895  1.201713)  para_oo sigma:           0.00
             0.0000          0.0000          0.0000
             0.0000          0.0000          0.0000
             0.0000          0.0000          0.0000

     Atom 29  H   pos: (  0.259007  0.566538  1.048117)  para_oo sigma:           0.00
             0.0000          0.0000          0.0000
             0.0000          0.0000          0.0000
             0.0000          0.0000          0.0000

     Atom 30  H   pos: (  0.240993  1.047590  0.070680)  para_oo sigma:           0.00
             0.0000          0.0000          0.0000
             0.0000          0.0000          0.0000
             0.0000          0.0000          0.0000

     Atom 31  H   pos: (  0.759007  0.240526  0.906758)  para_oo sigma:           0.00
             0.0000          0.0000          0.0000
             0.0000          0.0000          0.0000
             0.0000          0.0000          0.0000

     Atom 32  H   pos: (  0.740993  1.373602  1.884195)  para_oo sigma:           0.00
             0.0000          0.0000          0.0000
             0.0000          0.0000          0.0000
             0.0000          0.0000          0.0000

     Atom 33  H   pos: (  0.185364  0.738411  1.340365)  para_oo sigma:           0.00
             0.0000          0.0000          0.0000
             0.0000          0.0000          0.0000
             0.0000          0.0000          0.0000

     Atom 34  H   pos: (  0.314636  0.875717  0.362928)  para_oo sigma:           0.00
             0.0000          0.0000          0.0000
             0.0000          0.0000          0.0000
             0.0000          0.0000          0.0000

     Atom 35  H   pos: (  0.685364  0.068653  0.614509)  para_oo sigma:           0.00
             0.0000          0.0000          0.0000
             0.0000          0.0000          0.0000
             0.0000          0.0000          0.0000

     Atom 36  H   pos: (  0.814636  1.545475  1.591946)  para_oo sigma:           0.00
             0.0000          0.0000          0.0000
             0.0000          0.0000          0.0000
             0.0000          0.0000          0.0000

     Atom 37  H   pos: (  0.462816  0.824482  1.668028)  para_oo sigma:           0.00
             0.0000          0.0000          0.0000
             0.0000          0.0000          0.0000
             0.0000          0.0000          0.0000

     Atom 38  H   pos: (  1.037184  0.789646  0.690591)  para_oo sigma:           0.00
             0.0000          0.0000          0.0000
             0.0000          0.0000          0.0000
             0.0000          0.0000          0.0000

     Atom 39  H   pos: ( -0.037184  1.596710  0.286846)  para_oo sigma:           0.00
             0.0000          0.0000          0.0000
             0.0000          0.0000          0.0000
             0.0000          0.0000          0.0000

     Atom 40  H   pos: (  0.537184  0.017418  1.264284)  para_oo sigma:           0.00
             0.0000          0.0000          0.0000
             0.0000          0.0000          0.0000
             0.0000          0.0000          0.0000

     Atom 41  H   pos: (  0.766006  0.585242  1.975585)  para_oo sigma:           0.00
             0.0000          0.0000          0.0000
             0.0000          0.0000          0.0000
             0.0000          0.0000          0.0000

     Atom 42  H   pos: (  0.733994  1.028886  0.998148)  para_oo sigma:           0.00
             0.0000          0.0000          0.0000
             0.0000          0.0000          0.0000
             0.0000          0.0000          0.0000

     Atom 43  H   pos: (  0.266006  0.221822 -0.020711)  para_oo sigma:           0.00
             0.0000          0.0000          0.0000
             0.0000          0.0000          0.0000
             0.0000          0.0000          0.0000

     Atom 44  H   pos: (  0.233994  1.392306  0.956726)  para_oo sigma:           0.00
             0.0000          0.0000          0.0000
             0.0000          0.0000          0.0000
             0.0000          0.0000          0.0000

     Atom 45  H   pos: (  0.884208  0.377582  1.701353)  para_oo sigma:           0.00
             0.0000          0.0000          0.0000
             0.0000          0.0000          0.0000
             0.0000          0.0000          0.0000

     Atom 46  H   pos: (  0.615792  1.236546  0.723916)  para_oo sigma:           0.00
             0.0000          0.0000          0.0000
             0.0000          0.0000          0.0000
             0.0000          0.0000          0.0000

     Atom 47  H   pos: (  0.384208  0.429482  0.253521)  para_oo sigma:           0.00
             0.0000          0.0000          0.0000
             0.0000          0.0000          0.0000
             0.0000          0.0000          0.0000

     Atom 48  H   pos: (  0.115792  1.184646  1.230958)  para_oo sigma:           0.00
             0.0000          0.0000          0.0000
             0.0000          0.0000          0.0000
             0.0000          0.0000          0.0000

     Paramagnetic US L_R Q_R contribution in ppm:
 
     Atom  1  O   pos: (  0.719121  0.438601  1.207659)  para_lq sigma:        -151.71
          -153.9019         11.5934          4.6275
            14.0333       -148.8993        -11.1238
             8.5902        -13.2349       -152.3318

     Atom  2  O   pos: (  0.780879  1.175527  0.230221)  para_lq sigma:        -151.71
          -153.9019         11.5934         -4.6275
            14.0333       -148.8993         11.1238
            -8.5902         13.2349       -152.3318

     Atom  3  O   pos: (  0.219121  0.368463  0.747216)  para_lq sigma:        -151.71
          -153.9019        -11.5934         -4.6275
           -14.0333       -148.8993        -11.1238
            -8.5902        -13.2349       -152.3318

     Atom  4  O   pos: (  0.280879  1.245665  1.724653)  para_lq sigma:        -151.71
          -153.9019        -11.5934          4.6275
           -14.0333       -148.8993         11.1238
             8.5902         13.2349       -152.3318

     Atom  5  N   pos: (  0.894452  0.792777  1.617517)  para_lq sigma:         -65.71
           -63.4747         -2.1149         -3.1304
            -3.1807        -72.1737         -0.0385
            -3.1681         -0.3297        -61.4830

     Atom  6  N   pos: (  0.605548  0.821351  0.640080)  para_lq sigma:         -65.71
           -63.4747         -2.1149          3.1304
            -3.1807        -72.1737          0.0385
             3.1681          0.3297        -61.4830

     Atom  7  N   pos: (  0.394452  0.014287  0.337357)  para_lq sigma:         -65.71
           -63.4747          2.1149          3.1304
             3.1807        -72.1737         -0.0385
             3.1681         -0.3297        -61.4830

     Atom  8  N   pos: (  0.105548  1.599841  1.314794)  para_lq sigma:         -65.71
           -63.4747          2.1149         -3.1304
             3.1807        -72.1737          0.0385
            -3.1681          0.3297        -61.4830

     Atom  9  N   pos: (  0.323955  0.655861  1.217910)  para_lq sigma:         -65.26
           -65.1610          4.9960          1.2588
             3.6832        -60.1051         -9.7489
            -1.6026         -7.7370        -70.5080

     Atom 10  N   pos: (  0.176045  0.958267  0.240473)  para_lq sigma:         -65.26
           -65.1610          4.9960         -1.2588
             3.6832        -60.1051          9.7489
             1.6026          7.7370        -70.5080

     Atom 11  N   pos: (  0.823955  0.151203  0.736964)  para_lq sigma:         -65.26
           -65.1610         -4.9960         -1.2588
            -3.6832        -60.1051         -9.7489
             1.6026         -7.7370        -70.5080

     Atom 12  N   pos: (  0.676045  1.462925  1.714402)  para_lq sigma:         -65.26
           -65.1610         -4.9960          1.2588
            -3.6832        -60.1051          9.7489
            -1.6026          7.7370        -70.5080

     Atom 13  C   pos: (  0.555596  0.584279  1.318971)  para_lq sigma:         -16.38
           -16.2531          0.1558         -3.4158
             0.4313        -13.6790         -1.7302
            -3.5583         -1.8724        -19.2171

     Atom 14  C   pos: (  0.944404  1.029849  0.341534)  para_lq sigma:         -16.38
           -16.2531          0.1558          3.4158
             0.4313        -13.6790          1.7302
             3.5583          1.8724        -19.2171

     Atom 15  C   pos: (  0.055596  0.222785  0.635903)  para_lq sigma:         -16.38
           -16.2531         -0.1558          3.4158
            -0.4313        -13.6790         -1.7302
             3.5583         -1.8724        -19.2171

     Atom 16  C   pos: (  0.444404  1.391343  1.613340)  para_lq sigma:         -16.38
           -16.2531         -0.1558         -3.4158
            -0.4313        -13.6790          1.7302
            -3.5583          1.8724        -19.2171

     Atom 17  C   pos: (  0.617629  0.700149  1.583814)  para_lq sigma:         -12.04
           -13.1433          0.2042         -0.2120
             0.5606        -11.2787         -0.5701
            -0.0477         -0.4802        -11.6891

     Atom 18  C   pos: (  0.882371  0.913979  0.606377)  para_lq sigma:         -12.04
           -13.1433          0.2042          0.2120
             0.5606        -11.2787          0.5701
             0.0477          0.4802        -11.6891

     Atom 19  C   pos: (  0.117629  0.106915  0.371060)  para_lq sigma:         -12.04
           -13.1433         -0.2042          0.2120
            -0.5606        -11.2787         -0.5701
             0.0477         -0.4802        -11.6891

     Atom 20  C   pos: (  0.382371  1.507213  1.348497)  para_lq sigma:         -12.04
           -13.1433         -0.2042         -0.2120
            -0.5606        -11.2787          0.5701
            -0.0477          0.4802        -11.6891

     Atom 21  C   pos: (  0.800260  0.563804  1.765479)  para_lq sigma:         -11.83
           -10.7782          0.2619          0.5078
             0.2678        -12.5757          0.1084
             0.3442          0.0457        -12.1222

     Atom 22  C   pos: (  0.699740  1.050324  0.788042)  para_lq sigma:         -11.83
           -10.7782          0.2619         -0.5078
             0.2678        -12.5757         -0.1084
            -0.3442         -0.0457        -12.1222

     Atom 23  C   pos: (  0.300260  0.243260  0.189395)  para_lq sigma:         -11.83
           -10.7782         -0.2619         -0.5078
            -0.2678        -12.5757          0.1084
            -0.3442          0.0457        -12.1222

     Atom 24  C   pos: (  0.199740  1.370868  1.166832)  para_lq sigma:         -11.83
           -10.7782         -0.2619          0.5078
            -0.2678        -12.5757         -0.1084
             0.3442         -0.0457        -12.1222

     Atom 25  H   pos: (  0.895471  0.958959  1.730598)  para_lq sigma:           0.00
             0.0000          0.0000          0.0000
             0.0000          0.0000          0.0000
             0.0000          0.0000          0.0000

     Atom 26  H   pos: (  0.604529  0.655169  0.753161)  para_lq sigma:           0.00
             0.0000          0.0000          0.0000
             0.0000          0.0000          0.0000
             0.0000          0.0000          0.0000

     Atom 27  H   pos: (  0.395471  1.462233  0.224276)  para_lq sigma:           0.00
             0.0000          0.0000          0.0000
             0.0000          0.0000          0.0000
             0.0000          0.0000          0.0000

     Atom 28  H   pos: (  0.104529  0.151895  1.201713)  para_lq sigma:           0.00
             0.0000          0.0000          0.0000
             0.0000          0.0000          0.0000
             0.0000          0.0000          0.0000

     Atom 29  H   pos: (  0.259007  0.566538  1.048117)  para_lq sigma:           0.00
             0.0000          0.0000          0.0000
             0.0000          0.0000          0.0000
             0.0000          0.0000          0.0000

     Atom 30  H   pos: (  0.240993  1.047590  0.070680)  para_lq sigma:           0.00
             0.0000          0.0000          0.0000
             0.0000          0.0000          0.0000
             0.0000          0.0000          0.0000

     Atom 31  H   pos: (  0.759007  0.240526  0.906758)  para_lq sigma:           0.00
             0.0000          0.0000          0.0000
             0.0000          0.0000          0.0000
             0.0000          0.0000          0.0000

     Atom 32  H   pos: (  0.740993  1.373602  1.884195)  para_lq sigma:           0.00
             0.0000          0.0000          0.0000
             0.0000          0.0000          0.0000
             0.0000          0.0000          0.0000

     Atom 33  H   pos: (  0.185364  0.738411  1.340365)  para_lq sigma:           0.00
             0.0000          0.0000          0.0000
             0.0000          0.0000          0.0000
             0.0000          0.0000          0.0000

     Atom 34  H   pos: (  0.314636  0.875717  0.362928)  para_lq sigma:           0.00
             0.0000          0.0000          0.0000
             0.0000          0.0000          0.0000
             0.0000          0.0000          0.0000

     Atom 35  H   pos: (  0.685364  0.068653  0.614509)  para_lq sigma:           0.00
             0.0000          0.0000          0.0000
             0.0000          0.0000          0.0000
             0.0000          0.0000          0.0000

     Atom 36  H   pos: (  0.814636  1.545475  1.591946)  para_lq sigma:           0.00
             0.0000          0.0000          0.0000
             0.0000          0.0000          0.0000
             0.0000          0.0000          0.0000

     Atom 37  H   pos: (  0.462816  0.824482  1.668028)  para_lq sigma:           0.00
             0.0000          0.0000          0.0000
             0.0000          0.0000          0.0000
             0.0000          0.0000          0.0000

     Atom 38  H   pos: (  1.037184  0.789646  0.690591)  para_lq sigma:           0.00
             0.0000          0.0000          0.0000
             0.0000          0.0000          0.0000
             0.0000          0.0000          0.0000

     Atom 39  H   pos: ( -0.037184  1.596710  0.286846)  para_lq sigma:           0.00
             0.0000          0.0000          0.0000
             0.0000          0.0000          0.0000
             0.0000          0.0000          0.0000

     Atom 40  H   pos: (  0.537184  0.017418  1.264284)  para_lq sigma:           0.00
             0.0000          0.0000          0.0000
             0.0000          0.0000          0.0000
             0.0000          0.0000          0.0000

     Atom 41  H   pos: (  0.766006  0.585242  1.975585)  para_lq sigma:           0.00
             0.0000          0.0000          0.0000
             0.0000          0.0000          0.0000
             0.0000          0.0000          0.0000

     Atom 42  H   pos: (  0.733994  1.028886  0.998148)  para_lq sigma:           0.00
             0.0000          0.0000          0.0000
             0.0000          0.0000          0.0000
             0.0000          0.0000          0.0000

     Atom 43  H   pos: (  0.266006  0.221822 -0.020711)  para_lq sigma:           0.00
             0.0000          0.0000          0.0000
             0.0000          0.0000          0.0000
             0.0000          0.0000          0.0000

     Atom 44  H   pos: (  0.233994  1.392306  0.956726)  para_lq sigma:           0.00
             0.0000          0.0000          0.0000
             0.0000          0.0000          0.0000
             0.0000          0.0000          0.0000

     Atom 45  H   pos: (  0.884208  0.377582  1.701353)  para_lq sigma:           0.00
             0.0000          0.0000          0.0000
             0.0000          0.0000          0.0000
             0.0000          0.0000          0.0000

     Atom 46  H   pos: (  0.615792  1.236546  0.723916)  para_lq sigma:           0.00
             0.0000          0.0000          0.0000
             0.0000          0.0000          0.0000
             0.0000          0.0000          0.0000

     Atom 47  H   pos: (  0.384208  0.429482  0.253521)  para_lq sigma:           0.00
             0.0000          0.0000          0.0000
             0.0000          0.0000          0.0000
             0.0000          0.0000          0.0000

     Atom 48  H   pos: (  0.115792  1.184646  1.230958)  para_lq sigma:           0.00
             0.0000          0.0000          0.0000
             0.0000          0.0000          0.0000
             0.0000          0.0000          0.0000

 
     Total NMR chemical shifts in ppm: ---------------------------------------
     (adopting the Simpson convention for anisotropy and asymmetry)-----------
 
     Atom  1  O   pos: (  0.719121  0.438601  1.207659)  Total sigma:         -16.50
          -116.8584        180.8565        -83.7536
           198.4328        121.7085       -169.0794
           -67.1697       -159.8469        -54.3532

     O    1    anisotropy:    496.89    eta:   -0.2497
     O    1    sigma_11=   -140.77    axis=(  0.340320  0.310284  0.887641)
     O    1    sigma_22=   -223.49    axis=(  0.838972 -0.526484 -0.137623)
     O    1    sigma_33=    314.76    axis=(  0.424626  0.791542 -0.439492)
 
     Atom  2  O   pos: (  0.780879  1.175527  0.230221)  Total sigma:         -16.50
          -116.8584        180.8565         83.7536
           198.4328        121.7085        169.0794
            67.1697        159.8469        -54.3532

     O    2    anisotropy:    496.89    eta:   -0.2497
     O    2    sigma_11=   -140.77    axis=( -0.340320 -0.310284  0.887641)
     O    2    sigma_22=   -223.49    axis=(  0.838972 -0.526484  0.137623)
     O    2    sigma_33=    314.76    axis=(  0.424626  0.791542  0.439492)
 
     Atom  3  O   pos: (  0.219121  0.368463  0.747216)  Total sigma:         -16.50
          -116.8584       -180.8565         83.7536
          -198.4328        121.7085       -169.0794
            67.1697       -159.8469        -54.3532

     O    3    anisotropy:    496.89    eta:   -0.2497
     O    3    sigma_11=   -140.77    axis=( -0.340320  0.310284  0.887641)
     O    3    sigma_22=   -223.49    axis=( -0.838972 -0.526484 -0.137623)
     O    3    sigma_33=    314.76    axis=(  0.424626 -0.791542  0.439492)
 
     Atom  4  O   pos: (  0.280879  1.245665  1.724653)  Total sigma:         -16.50
          -116.8584       -180.8565        -83.7536
          -198.4328        121.7085        169.0794
           -67.1697        159.8469        -54.3532

     O    4    anisotropy:    496.89    eta:   -0.2497
     O    4    sigma_11=   -140.77    axis=(  0.340320 -0.310284  0.887641)
     O    4    sigma_22=   -223.49    axis=( -0.838972 -0.526484  0.137623)
     O    4    sigma_33=    314.76    axis=(  0.424626 -0.791542 -0.439492)
 
     Atom  5  N   pos: (  0.894452  0.792777  1.617517)  Total sigma:         202.57
           189.2994        -42.2883          9.7473
           -31.5408        176.0798         36.0154
            20.4385         60.7804        242.3454

     N    5    anisotropy:   -115.26    eta:   -0.7053
     N    5    sigma_11=    213.90    axis=(  0.845797 -0.440594  0.300840)
     N    5    sigma_22=    268.09    axis=(  0.059026 -0.483150 -0.873546)
     N    5    sigma_33=    125.73    axis=( -0.530230 -0.756599  0.382640)
 
     Atom  6  N   pos: (  0.605548  0.821351  0.640080)  Total sigma:         202.57
           189.2994        -42.2883         -9.7473
           -31.5408        176.0798        -36.0154
           -20.4385        -60.7804        242.3454

     N    6    anisotropy:   -115.26    eta:   -0.7053
     N    6    sigma_11=    213.90    axis=(  0.845797 -0.440594 -0.300840)
     N    6    sigma_22=    268.09    axis=(  0.059026 -0.483150  0.873546)
     N    6    sigma_33=    125.73    axis=(  0.530230  0.756599  0.382640)
 
     Atom  7  N   pos: (  0.394452  0.014287  0.337357)  Total sigma:         202.57
           189.2994         42.2883         -9.7473
            31.5408        176.0798         36.0154
           -20.4385         60.7804        242.3454

     N    7    anisotropy:   -115.26    eta:   -0.7053
     N    7    sigma_11=    213.90    axis=(  0.845797  0.440594 -0.300840)
     N    7    sigma_22=    268.09    axis=( -0.059026 -0.483150 -0.873546)
     N    7    sigma_33=    125.73    axis=(  0.530230 -0.756599  0.382640)
 
     Atom  8  N   pos: (  0.105548  1.599841  1.314794)  Total sigma:         202.57
           189.2994         42.2883          9.7473
            31.5408        176.0798        -36.0154
            20.4385        -60.7804        242.3454

     N    8    anisotropy:   -115.26    eta:   -0.7053
     N    8    sigma_11=    213.90    axis=(  0.845797  0.440594  0.300840)
     N    8    sigma_22=    268.09    axis=( -0.059026 -0.483150  0.873546)
     N    8    sigma_33=    125.73    axis=( -0.530230  0.756599  0.382640)
 
     Atom  9  N   pos: (  0.323955  0.655861  1.217910)  Total sigma:          98.32
           134.1905         48.9805         76.8693
            33.9454         95.3831        -82.0099
            34.5639        -60.4994         65.4002

     N    9    anisotropy:   -182.07    eta:   -0.1052
     N    9    sigma_11=    152.63    axis=(  0.192853  0.816675 -0.543921)
     N    9    sigma_22=    165.40    axis=( -0.894279 -0.081844 -0.439961)
     N    9    sigma_33=    -23.05    axis=( -0.403822  0.571265  0.714552)
 
     Atom 10  N   pos: (  0.176045  0.958267  0.240473)  Total sigma:          98.32
           134.1905         48.9805        -76.8693
            33.9454         95.3831         82.0099
           -34.5639         60.4994         65.4002

     N   10    anisotropy:   -182.07    eta:   -0.1052
     N   10    sigma_11=    152.63    axis=(  0.192853  0.816675  0.543921)
     N   10    sigma_22=    165.40    axis=( -0.894279 -0.081844  0.439961)
     N   10    sigma_33=    -23.05    axis=(  0.403822 -0.571265  0.714552)
 
     Atom 11  N   pos: (  0.823955  0.151203  0.736964)  Total sigma:          98.32
           134.1905        -48.9805        -76.8693
           -33.9454         95.3831        -82.0099
           -34.5639        -60.4994         65.4002

     N   11    anisotropy:   -182.07    eta:   -0.1052
     N   11    sigma_11=    152.63    axis=( -0.192853  0.816675 -0.543921)
     N   11    sigma_22=    165.40    axis=( -0.894279  0.081844  0.439961)
     N   11    sigma_33=    -23.05    axis=(  0.403822  0.571265  0.714552)
 
     Atom 12  N   pos: (  0.676045  1.462925  1.714402)  Total sigma:          98.32
           134.1905        -48.9805         76.8693
           -33.9454         95.3831         82.0099
            34.5639         60.4994         65.4002

     N   12    anisotropy:   -182.07    eta:   -0.1052
     N   12    sigma_11=    152.63    axis=( -0.192853  0.816675  0.543921)
     N   12    sigma_22=    165.40    axis=( -0.894279  0.081844 -0.439961)
     N   12    sigma_33=    -23.05    axis=( -0.403822 -0.571265  0.714552)
 
     Atom 13  C   pos: (  0.555596  0.584279  1.318971)  Total sigma:         -11.12
           -25.8053         31.7929        -44.0286
            38.6028         37.0517        -43.4898
           -41.8888        -48.7073        -44.5998

     C   13    anisotropy:    139.27    eta:   -0.5156
     C   13    sigma_11=    -33.61    axis=(  0.725000 -0.591438 -0.352954)
     C   13    sigma_22=    -81.47    axis=(  0.536135  0.162924  0.828260)
     C   13    sigma_33=     81.73    axis=( -0.432360 -0.789720  0.435210)
 
     Atom 14  C   pos: (  0.944404  1.029849  0.341534)  Total sigma:         -11.12
           -25.8053         31.7929         44.0286
            38.6028         37.0517         43.4898
            41.8888         48.7073        -44.5998

     C   14    anisotropy:    139.27    eta:   -0.5156
     C   14    sigma_11=    -33.61    axis=(  0.725000 -0.591438  0.352954)
     C   14    sigma_22=    -81.47    axis=(  0.536135  0.162924 -0.828260)
     C   14    sigma_33=     81.73    axis=(  0.432360  0.789720  0.435210)
 
     Atom 15  C   pos: (  0.055596  0.222785  0.635903)  Total sigma:         -11.12
           -25.8053        -31.7929         44.0286
           -38.6028         37.0517        -43.4898
            41.8888        -48.7073        -44.5998

     C   15    anisotropy:    139.27    eta:   -0.5156
     C   15    sigma_11=    -33.61    axis=(  0.725000  0.591438  0.352954)
     C   15    sigma_22=    -81.47    axis=( -0.536135  0.162924  0.828260)
     C   15    sigma_33=     81.73    axis=(  0.432360 -0.789720  0.435210)
 
     Atom 16  C   pos: (  0.444404  1.391343  1.613340)  Total sigma:         -11.12
           -25.8053        -31.7929        -44.0286
           -38.6028         37.0517         43.4898
           -41.8888         48.7073        -44.5998

     C   16    anisotropy:    139.27    eta:   -0.5156
     C   16    sigma_11=    -33.61    axis=(  0.725000  0.591438 -0.352954)
     C   16    sigma_22=    -81.47    axis=( -0.536135  0.162924 -0.828260)
     C   16    sigma_33=     81.73    axis=( -0.432360  0.789720  0.435210)
 
     Atom 17  C   pos: (  0.617629  0.700149  1.583814)  Total sigma:         138.05
           111.2139          2.4282        -19.5855
             8.9485        139.4160         34.0645
           -13.1280         37.2515        163.5229

     C   17    anisotropy:     78.54    eta:   -0.5414
     C   17    sigma_11=    126.04    axis=(  0.649814  0.671797 -0.355571)
     C   17    sigma_22=     97.70    axis=( -0.749048  0.486522 -0.449694)
     C   17    sigma_33=    190.41    axis=( -0.129109  0.558557  0.819356)
 
     Atom 18  C   pos: (  0.882371  0.913979  0.606377)  Total sigma:         138.05
           111.2139          2.4282         19.5855
             8.9485        139.4160        -34.0645
            13.1280        -37.2515        163.5229

     C   18    anisotropy:     78.54    eta:   -0.5414
     C   18    sigma_11=    126.04    axis=( -0.649814 -0.671797 -0.355571)
     C   18    sigma_22=     97.70    axis=(  0.749048 -0.486522 -0.449694)
     C   18    sigma_33=    190.41    axis=(  0.129109 -0.558557  0.819356)
 
     Atom 19  C   pos: (  0.117629  0.106915  0.371060)  Total sigma:         138.05
           111.2139         -2.4282         19.5855
            -8.9485        139.4160         34.0645
            13.1280         37.2515        163.5229

     C   19    anisotropy:     78.54    eta:   -0.5414
     C   19    sigma_11=    126.04    axis=(  0.649814 -0.671797  0.355571)
     C   19    sigma_22=     97.70    axis=(  0.749048  0.486522 -0.449694)
     C   19    sigma_33=    190.41    axis=(  0.129109  0.558557  0.819356)
 
     Atom 20  C   pos: (  0.382371  1.507213  1.348497)  Total sigma:         138.05
           111.2139         -2.4282        -19.5855
            -8.9485        139.4160        -34.0645
           -13.1280        -37.2515        163.5229

     C   20    anisotropy:     78.54    eta:   -0.5414
     C   20    sigma_11=    126.04    axis=( -0.649814  0.671797  0.355571)
     C   20    sigma_22=     97.70    axis=( -0.749048 -0.486522 -0.449694)
     C   20    sigma_33=    190.41    axis=( -0.129109 -0.558557  0.819356)
 
     Atom 21  C   pos: (  0.800260  0.563804  1.765479)  Total sigma:         141.73
           138.6010          5.5818        -18.1317
             5.5134        140.9215         19.4511
           -18.1368         25.4326        145.6710

     C   21    anisotropy:    -46.62    eta:   -0.7931
     C   21    sigma_11=    144.95    axis=(  0.774144  0.628095 -0.078726)
     C   21    sigma_22=    169.59    axis=(  0.354235 -0.532922 -0.768448)
     C   21    sigma_33=    110.65    axis=(  0.524613 -0.567002  0.635051)
 
     Atom 22  C   pos: (  0.699740  1.050324  0.788042)  Total sigma:         141.73
           138.6010          5.5818         18.1317
             5.5134        140.9215        -19.4511
            18.1368        -25.4326        145.6710

     C   22    anisotropy:    -46.62    eta:   -0.7931
     C   22    sigma_11=    144.95    axis=(  0.774144  0.628095  0.078726)
     C   22    sigma_22=    169.59    axis=(  0.354235 -0.532922  0.768448)
     C   22    sigma_33=    110.65    axis=( -0.524613  0.567002  0.635051)
 
     Atom 23  C   pos: (  0.300260  0.243260  0.189395)  Total sigma:         141.73
           138.6010         -5.5818         18.1317
            -5.5134        140.9215         19.4511
            18.1368         25.4326        145.6710

     C   23    anisotropy:    -46.62    eta:   -0.7931
     C   23    sigma_11=    144.95    axis=(  0.774144 -0.628095  0.078726)
     C   23    sigma_22=    169.59    axis=( -0.354235 -0.532922 -0.768448)
     C   23    sigma_33=    110.65    axis=( -0.524613 -0.567002  0.635051)
 
     Atom 24  C   pos: (  0.199740  1.370868  1.166832)  Total sigma:         141.73
           138.6010         -5.5818        -18.1317
            -5.5134        140.9215        -19.4511
           -18.1368        -25.4326        145.6710

     C   24    anisotropy:    -46.62    eta:   -0.7931
     C   24    sigma_11=    144.95    axis=(  0.774144 -0.628095 -0.078726)
     C   24    sigma_22=    169.59    axis=( -0.354235 -0.532922  0.768448)
     C   24    sigma_33=    110.65    axis=(  0.524613  0.567002  0.635051)
 
     Atom 25  H   pos: (  0.895471  0.958959  1.730598)  Total sigma:          28.72
            22.5823         -0.2954          1.3343
             3.7326         35.7119          6.4100
             3.2759         11.5448         27.8781

     H   25    anisotropy:     19.86    eta:   -0.1485
     H   25    sigma_11=     23.09    axis=(  0.735566 -0.456212  0.500812)
     H   25    sigma_22=     21.12    axis=(  0.663182  0.333974 -0.669814)
     H   25    sigma_33=     41.97    axis=(  0.138319  0.824822  0.548212)
 
     Atom 26  H   pos: (  0.604529  0.655169  0.753161)  Total sigma:          28.72
            22.5823         -0.2954         -1.3343
             3.7326         35.7119         -6.4100
            -3.2759        -11.5448         27.8781

     H   26    anisotropy:     19.86    eta:   -0.1485
     H   26    sigma_11=     23.09    axis=( -0.735566  0.456212  0.500812)
     H   26    sigma_22=     21.12    axis=( -0.663182 -0.333974 -0.669814)
     H   26    sigma_33=     41.97    axis=( -0.138319 -0.824822  0.548212)
 
     Atom 27  H   pos: (  0.395471  1.462233  0.224276)  Total sigma:          28.72
            22.5823          0.2954         -1.3343
            -3.7326         35.7119          6.4100
            -3.2759         11.5448         27.8781

     H   27    anisotropy:     19.86    eta:   -0.1485
     H   27    sigma_11=     23.09    axis=(  0.735566  0.456212 -0.500812)
     H   27    sigma_22=     21.12    axis=( -0.663182  0.333974 -0.669814)
     H   27    sigma_33=     41.97    axis=( -0.138319  0.824822  0.548212)
 
     Atom 28  H   pos: (  0.104529  0.151895  1.201713)  Total sigma:          28.72
            22.5823          0.2954          1.3343
            -3.7326         35.7119         -6.4100
             3.2759        -11.5448         27.8781

     H   28    anisotropy:     19.86    eta:   -0.1485
     H   28    sigma_11=     23.09    axis=( -0.735566 -0.456212 -0.500812)
     H   28    sigma_22=     21.12    axis=(  0.663182 -0.333974 -0.669814)
     H   28    sigma_33=     41.97    axis=(  0.138319 -0.824822  0.548212)
 
     Atom 29  H   pos: (  0.259007  0.566538  1.048117)  Total sigma:          20.54
            17.8729          5.0357          6.9141
             4.2494         17.3683          5.1027
             4.2582          4.5422         26.3725

     H   29    anisotropy:     17.16    eta:   -0.3256
     H   29    sigma_11=     16.68    axis=(  0.539631  0.587277 -0.603245)
     H   29    sigma_22=     12.96    axis=(  0.712267 -0.700479 -0.044781)
     H   29    sigma_33=     31.98    axis=(  0.448859  0.405506  0.796298)
 
     Atom 30  H   pos: (  0.240993  1.047590  0.070680)  Total sigma:          20.54
            17.8729          5.0357         -6.9141
             4.2494         17.3683         -5.1027
            -4.2582         -4.5422         26.3725

     H   30    anisotropy:     17.16    eta:   -0.3256
     H   30    sigma_11=     16.68    axis=(  0.539631  0.587277  0.603245)
     H   30    sigma_22=     12.96    axis=(  0.712267 -0.700479  0.044781)
     H   30    sigma_33=     31.98    axis=( -0.448859 -0.405506  0.796298)
 
     Atom 31  H   pos: (  0.759007  0.240526  0.906758)  Total sigma:          20.54
            17.8729         -5.0357         -6.9141
            -4.2494         17.3683          5.1027
            -4.2582          4.5422         26.3725

     H   31    anisotropy:     17.16    eta:   -0.3256
     H   31    sigma_11=     16.68    axis=( -0.539631  0.587277 -0.603245)
     H   31    sigma_22=     12.96    axis=(  0.712267  0.700479  0.044781)
     H   31    sigma_33=     31.98    axis=( -0.448859  0.405506  0.796298)
 
     Atom 32  H   pos: (  0.740993  1.373602  1.884195)  Total sigma:          20.54
            17.8729         -5.0357          6.9141
            -4.2494         17.3683         -5.1027
             4.2582         -4.5422         26.3725

     H   32    anisotropy:     17.16    eta:   -0.3256
     H   32    sigma_11=     16.68    axis=( -0.539631  0.587277  0.603245)
     H   32    sigma_22=     12.96    axis=(  0.712267  0.700479 -0.044781)
     H   32    sigma_33=     31.98    axis=(  0.448859 -0.405506  0.796298)
 
     Atom 33  H   pos: (  0.185364  0.738411  1.340365)  Total sigma:          20.98
            27.5086         -3.6124         -4.4024
            -3.8814         15.5477          1.5611
            -7.9618          1.7952         19.8792

     H   33    anisotropy:     16.50    eta:   -0.1840
     H   33    sigma_11=     16.49    axis=( -0.438006  0.168921 -0.882959)
     H   33    sigma_22=     14.47    axis=(  0.292430  0.955542  0.037743)
     H   33    sigma_33=     31.98    axis=( -0.850080  0.241672  0.467930)
 
     Atom 34  H   pos: (  0.314636  0.875717  0.362928)  Total sigma:          20.98
            27.5086         -3.6124          4.4024
            -3.8814         15.5477         -1.5611
             7.9618         -1.7952         19.8792

     H   34    anisotropy:     16.50    eta:   -0.1840
     H   34    sigma_11=     16.49    axis=( -0.438006  0.168921  0.882959)
     H   34    sigma_22=     14.47    axis=(  0.292430  0.955542 -0.037743)
     H   34    sigma_33=     31.98    axis=(  0.850080 -0.241672  0.467930)
 
     Atom 35  H   pos: (  0.685364  0.068653  0.614509)  Total sigma:          20.98
            27.5086          3.6124          4.4024
             3.8814         15.5477          1.5611
             7.9618          1.7952         19.8792

     H   35    anisotropy:     16.50    eta:   -0.1840
     H   35    sigma_11=     16.49    axis=(  0.438006  0.168921 -0.882959)
     H   35    sigma_22=     14.47    axis=(  0.292430 -0.955542 -0.037743)
     H   35    sigma_33=     31.98    axis=(  0.850080  0.241672  0.467930)
 
     Atom 36  H   pos: (  0.814636  1.545475  1.591946)  Total sigma:          20.98
            27.5086          3.6124         -4.4024
             3.8814         15.5477         -1.5611
            -7.9618         -1.7952         19.8792

     H   36    anisotropy:     16.50    eta:   -0.1840
     H   36    sigma_11=     16.49    axis=(  0.438006  0.168921  0.882959)
     H   36    sigma_22=     14.47    axis=(  0.292430 -0.955542  0.037743)
     H   36    sigma_33=     31.98    axis=( -0.850080 -0.241672  0.467930)
 
     Atom 37  H   pos: (  0.462816  0.824482  1.668028)  Total sigma:          27.24
            29.5723         -3.7278          0.4305
            -6.6400         27.1541          2.6649
            -5.1453          6.4069         24.9799

     H   37    anisotropy:     12.80    eta:   -0.4477
     H   37    sigma_11=     24.88    axis=(  0.699170  0.349422  0.623751)
     H   37    sigma_22=     21.06    axis=(  0.243678  0.703733 -0.667369)
     H   37    sigma_33=     35.77    axis=( -0.672148  0.618598  0.406882)
 
     Atom 38  H   pos: (  1.037184  0.789646  0.690591)  Total sigma:          27.24
            29.5723         -3.7278         -0.4305
            -6.6400         27.1541         -2.6649
             5.1453         -6.4069         24.9799

     H   38    anisotropy:     12.80    eta:   -0.4477
     H   38    sigma_11=     24.88    axis=( -0.699170 -0.349422  0.623751)
     H   38    sigma_22=     21.06    axis=( -0.243678 -0.703733 -0.667369)
     H   38    sigma_33=     35.77    axis=(  0.672148 -0.618598  0.406882)
 
     Atom 39  H   pos: ( -0.037184  1.596710  0.286846)  Total sigma:          27.24
            29.5723          3.7278         -0.4305
             6.6400         27.1541          2.6649
             5.1453          6.4069         24.9799

     H   39    anisotropy:     12.80    eta:   -0.4477
     H   39    sigma_11=     24.88    axis=(  0.699170 -0.349422 -0.623751)
     H   39    sigma_22=     21.06    axis=( -0.243678  0.703733 -0.667369)
     H   39    sigma_33=     35.77    axis=(  0.672148  0.618598  0.406882)
 
     Atom 40  H   pos: (  0.537184  0.017418  1.264284)  Total sigma:          27.24
            29.5723          3.7278          0.4305
             6.6400         27.1541         -2.6649
            -5.1453         -6.4069         24.9799

     H   40    anisotropy:     12.80    eta:   -0.4477
     H   40    sigma_11=     24.88    axis=( -0.699170  0.349422 -0.623751)
     H   40    sigma_22=     21.06    axis=(  0.243678 -0.703733 -0.667369)
     H   40    sigma_33=     35.77    axis=( -0.672148 -0.618598  0.406882)
 
     Atom 41  H   pos: (  0.766006  0.585242  1.975585)  Total sigma:          28.56
            24.5821          0.1887         -3.4023
             0.0310         25.9644          0.9877
            -1.4337         -0.9188         35.1419

     H   41    anisotropy:     10.66    eta:   -0.2706
     H   41    sigma_11=     25.97    axis=(  0.058570  0.998215  0.011693)
     H   41    sigma_22=     24.05    axis=( -0.975279  0.059716 -0.212755)
     H   41    sigma_33=     35.67    axis=( -0.213074  0.001057  0.977036)
 
     Atom 42  H   pos: (  0.733994  1.028886  0.998148)  Total sigma:          28.56
            24.5821          0.1887          3.4023
             0.0310         25.9644         -0.9877
             1.4337          0.9188         35.1419

     H   42    anisotropy:     10.66    eta:   -0.2706
     H   42    sigma_11=     25.97    axis=(  0.058570  0.998215 -0.011693)
     H   42    sigma_22=     24.05    axis=( -0.975279  0.059716  0.212755)
     H   42    sigma_33=     35.67    axis=(  0.213074 -0.001057  0.977036)
 
     Atom 43  H   pos: (  0.266006  0.221822 -0.020711)  Total sigma:          28.56
            24.5821         -0.1887          3.4023
            -0.0310         25.9644          0.9877
             1.4337         -0.9188         35.1419

     H   43    anisotropy:     10.66    eta:   -0.2706
     H   43    sigma_11=     25.97    axis=(  0.058570 -0.998215 -0.011693)
     H   43    sigma_22=     24.05    axis=(  0.975279  0.059716 -0.212755)
     H   43    sigma_33=     35.67    axis=(  0.213074  0.001057  0.977036)
 
     Atom 44  H   pos: (  0.233994  1.392306  0.956726)  Total sigma:          28.56
            24.5821         -0.1887         -3.4023
            -0.0310         25.9644         -0.9877
            -1.4337          0.9188         35.1419

     H   44    anisotropy:     10.66    eta:   -0.2706
     H   44    sigma_11=     25.97    axis=(  0.058570 -0.998215  0.011693)
     H   44    sigma_22=     24.05    axis=(  0.975279  0.059716  0.212755)
     H   44    sigma_33=     35.67    axis=( -0.213074 -0.001057  0.977036)
 
     Atom 45  H   pos: (  0.884208  0.377582  1.701353)  Total sigma:          28.46
            24.5476         -2.9503         -0.1817
            -2.9438         33.8519         -0.7098
            -2.3841          4.4650         26.9841

     H   45    anisotropy:     10.22    eta:   -0.4486
     H   45    sigma_11=     26.58    axis=(  0.151829  0.304466 -0.940345)
     H   45    sigma_22=     23.53    axis=(  0.946616  0.228923  0.226963)
     H   45    sigma_33=     35.27    axis=( -0.284369  0.924605  0.253455)
 
     Atom 46  H   pos: (  0.615792  1.236546  0.723916)  Total sigma:          28.46
            24.5476         -2.9503          0.1817
            -2.9438         33.8519          0.7098
             2.3841         -4.4650         26.9841

     H   46    anisotropy:     10.22    eta:   -0.4486
     H   46    sigma_11=     26.58    axis=(  0.151829  0.304466  0.940345)
     H   46    sigma_22=     23.53    axis=(  0.946616  0.228923 -0.226963)
     H   46    sigma_33=     35.27    axis=(  0.284369 -0.924605  0.253455)
 
     Atom 47  H   pos: (  0.384208  0.429482  0.253521)  Total sigma:          28.46
            24.5476          2.9503          0.1817
             2.9438         33.8519         -0.7098
             2.3841          4.4650         26.9841

     H   47    anisotropy:     10.22    eta:   -0.4486
     H   47    sigma_11=     26.58    axis=( -0.151829  0.304466 -0.940345)
     H   47    sigma_22=     23.53    axis=(  0.946616 -0.228923 -0.226963)
     H   47    sigma_33=     35.27    axis=(  0.284369  0.924605  0.253455)
 
     Atom 48  H   pos: (  0.115792  1.184646  1.230958)  Total sigma:          28.46
            24.5476          2.9503         -0.1817
             2.9438         33.8519          0.7098
            -2.3841         -4.4650         26.9841

     H   48    anisotropy:     10.22    eta:   -0.4486
     H   48    sigma_11=     26.58    axis=( -0.151829  0.304466  0.940345)
     H   48    sigma_22=     23.53    axis=(  0.946616 -0.228923  0.226963)
     H   48    sigma_33=     35.27    axis=( -0.284369 -0.924605  0.253455)
 
     Initialization:
     gipaw_setup  :      0.43s CPU      0.46s WALL (       1 calls)
 
     Linear response
     greenf       :   6809.25s CPU   6919.07s WALL (     288 calls)
     cgsolve      :   6759.53s CPU   6869.22s WALL (     288 calls)
     ch_psi       :   6621.73s CPU   6731.07s WALL (   16026 calls)
     h_psiq       :   4920.26s CPU   5027.79s WALL (   16026 calls)
 
     Apply operators
     h_psi        :   4331.21s CPU   4453.75s WALL (   23408 calls)
     apply_vel    :    119.68s CPU    119.86s WALL (     252 calls)
 
     Induced current
     j_para       :    318.51s CPU    327.75s WALL (     324 calls)
     biot_savart  :      0.04s CPU      0.05s WALL (       1 calls)
 
     Other routines
 
     General routines
     calbec       :   1992.00s CPU   1996.43s WALL (   57896 calls)
     fft          :      0.06s CPU      0.08s WALL (      32 calls)
     fftw         :   2871.51s CPU   2995.72s WALL ( 2802308 calls)
     davcio       :      0.03s CPU      0.52s WALL (     192 calls)
 
     Parallel routines
     fft_scatter  :    839.78s CPU    901.56s WALL ( 2802340 calls)
 
     Plugins
 
     GIPAW        :   8674.56s CPU   8825.23s WALL (       1 calls)
