
     Program QE v.6.1 (svn rev. 13369) starts on 17Dec2017 at  0:19:19 

     This program is part of the open-source Quantum ESPRESSO suite
     for quantum simulation of materials; please cite
         "P. Giannozzi et al., J. Phys.:Condens. Matter 21 395502 (2009);
          URL http://www.quantum-espresso.org", 
     in publications or presentations arising from this work. More details at
     http://www.quantum-espresso.org/quote

     Parallel version (MPI), running on     8 processors
     R & G space division:  proc/nbgrp/npool/nimage =       8
 
     ***** This is GIPAW svn revision unknown      *****
 
     Parallelizing q-star over 1 images
     Message from routine gipaw_readin:
     *** iverbosity is obsolete, use verbosity instead ***

     Reading data from directory:
     /scratch/ahofstet/ML/CCDC2/ZILNOX01/wfc/scf.save

   Info: using nr1, nr2, nr3 values from input

   Info: using nr1, nr2, nr3 values from input

     IMPORTANT: XC functional enforced from input :
     Exchange-correlation      =  SLA  PW   PBX  PBC ( 1  4  3  4 0 0)
     Any further DFT definition will be discarded
     Please, verify this is what you really want

               file C.pbe-n-kjpaw_psl.0.1.UPF: wavefunction(s)  2P renormalized
               file N.pbe-n-kjpaw_psl.0.1.UPF: wavefunction(s)  2P renormalized
               file H.pbe-kjpaw_psl.0.1.UPF: wavefunction(s)  1S renormalized
               file O.pbe-n-kjpaw_psl.0.1.UPF: wavefunction(s)  2P renormalized
 
     Parallelization info
     --------------------
     sticks:   dense  smooth     PW     G-vecs:    dense   smooth      PW
     Min         589     589    157                52725    52725    7266
     Max         590     590    158                52728    52728    7269
     Sum        4713    4713   1261               421811   421811   58141
 

     Check: negative/imaginary core charge=   -0.000003    0.000000

     Subspace diagonalization in iterative solution of the eigenvalue problem:
     a serial algorithm will be used

     GIPAW projectors -----------------------------------------------
     atom=  C    l=0  rc=    1.3000  rs=    0.8667
     atom=  C    l=0  rc=    1.3000  rs=    0.8667
     atom=  C    l=1  rc=    1.4500  rs=    0.9667
     atom=  C    l=1  rc=    1.4500  rs=    0.9667
     projs nearly linearly dependent: l=0  n1,n2= 1, 2  s=  0.99877758
     projs nearly linearly dependent: l=1  n1,n2= 1, 2  s=  0.99940894
 
     atom=  N    l=0  rc=    1.3000  rs=    0.8667
     atom=  N    l=0  rc=    1.3000  rs=    0.8667
     atom=  N    l=1  rc=    1.4500  rs=    0.9667
     atom=  N    l=1  rc=    1.4500  rs=    0.9667
     projs nearly linearly dependent: l=0  n1,n2= 1, 2  s=  0.99709514
     projs nearly linearly dependent: l=1  n1,n2= 1, 2  s=  0.99857174
 
     atom=  H    l=0  rc=    1.0000  rs=    0.6667
     atom=  H    l=0  rc=    1.0000  rs=    0.6667
     projs nearly linearly dependent: l=0  n1,n2= 1, 2  s=  0.99968852
 
     atom=  O    l=0  rc=    1.3500  rs=    0.9000
     atom=  O    l=0  rc=    1.3500  rs=    0.9000
     atom=  O    l=1  rc=    1.3500  rs=    0.9000
     atom=  O    l=1  rc=    1.3500  rs=    0.9000
     projs nearly linearly dependent: l=0  n1,n2= 1, 2  s=  0.99100135
     projs nearly linearly dependent: l=1  n1,n2= 1, 2  s=  0.99790100
     -----------------------------------------------------------------
 
     alpha_pv=     49.4011 eV
 
     q-space interpolation up to   110.00 Rydberg
 
     GIPAW job: nmr                                                                             
     NMR macroscopic correction: yes
             0.6667          0.0000          0.0000
             0.0000          0.6667          0.0000
             0.0000          0.0000          0.6667

 
     Largest allocated arrays     est. size (Mb)     dimensions
        KS wavefunctions at k          10.88 Mb     (    6604,  108)
        KS wavefunctions at k+q        10.88 Mb     (    6604,  108)
        First-order wavefunctions     108.83 Mb     (    6604,  108, 10)
        First-order wavefunct (US)     65.30 Mb     (    6604,  108,  6)
        Charge/spin density             0.93 Mb     (  121500,    1)
        Induced current                 8.34 Mb     (  121500,    3,3,1)
        Induced magnetic field          8.34 Mb     (  121500,    3,3,1)
        NL pseudopotentials            28.22 Mb     (    6604,  280)
        GIPAW NL terms                 28.22 Mb     (    6604,  280)
 
     Computing the magnetic susceptibility     isolve=0    ethr=  0.1000E-13
     k-point #    1 of    10      pool #  1    cpu time:      10.2
     Rotating WFCS
     Rotating WFCS
     c_bands:  1 eigenvalues not converged
     Rotating WFCS
     c_bands:  1 eigenvalues not converged
     Rotating WFCS
     c_bands:  1 eigenvalues not converged
     Rotating WFCS
     c_bands:  1 eigenvalues not converged
     Rotating WFCS
     c_bands:  1 eigenvalues not converged
     Rotating WFCS
     c_bands:  1 eigenvalues not converged
     k-point #    2 of    10      pool #  1    cpu time:    1324.0
     Rotating WFCS
     Rotating WFCS
     Rotating WFCS
     Rotating WFCS
     Rotating WFCS
     Rotating WFCS
     Rotating WFCS
     k-point #    3 of    10      pool #  1    cpu time:    2574.5
     Rotating WFCS
     Rotating WFCS
     Rotating WFCS
     Rotating WFCS
     Rotating WFCS
     Rotating WFCS
     Rotating WFCS
     k-point #    4 of    10      pool #  1    cpu time:    3839.6
     Rotating WFCS
     c_bands:  1 eigenvalues not converged
     Rotating WFCS
     c_bands:  1 eigenvalues not converged
     Rotating WFCS
     c_bands:  1 eigenvalues not converged
     Rotating WFCS
     c_bands:  1 eigenvalues not converged
     Rotating WFCS
     c_bands:  1 eigenvalues not converged
     Rotating WFCS
     Rotating WFCS
     k-point #    5 of    10      pool #  1    cpu time:    5141.6
     Rotating WFCS
     c_bands:  1 eigenvalues not converged
     Rotating WFCS
     c_bands:  1 eigenvalues not converged
     Rotating WFCS
     c_bands:  1 eigenvalues not converged
     Rotating WFCS
     c_bands:  1 eigenvalues not converged
     Rotating WFCS
     c_bands:  1 eigenvalues not converged
     Rotating WFCS
     c_bands:  1 eigenvalues not converged
     Rotating WFCS
     c_bands:  1 eigenvalues not converged
     k-point #    6 of    10      pool #  1    cpu time:    6439.0
     Rotating WFCS
     Rotating WFCS
     Rotating WFCS
     Rotating WFCS
     Rotating WFCS
     Rotating WFCS
     Rotating WFCS
     k-point #    7 of    10      pool #  1    cpu time:    7678.5
     Rotating WFCS
     Rotating WFCS
     Rotating WFCS
     Rotating WFCS
     Rotating WFCS
     Rotating WFCS
     Rotating WFCS
     c_bands:  1 eigenvalues not converged
     k-point #    8 of    10      pool #  1    cpu time:    8958.9
     Rotating WFCS
     Rotating WFCS
     Rotating WFCS
     Rotating WFCS
     Rotating WFCS
     Rotating WFCS
     Rotating WFCS
     k-point #    9 of    10      pool #  1    cpu time:   10198.5
     Rotating WFCS
     c_bands:  1 eigenvalues not converged
     Rotating WFCS
     c_bands:  1 eigenvalues not converged
     Rotating WFCS
     c_bands:  1 eigenvalues not converged
     Rotating WFCS
     Rotating WFCS
     c_bands:  1 eigenvalues not converged
     Rotating WFCS
     c_bands:  1 eigenvalues not converged
     Rotating WFCS
     c_bands:  1 eigenvalues not converged
     k-point #   10 of    10      pool #  1    cpu time:   11498.1
     Rotating WFCS
     Rotating WFCS
     Rotating WFCS
     Rotating WFCS
     Rotating WFCS
     Rotating WFCS
     Rotating WFCS
     End of magnetic susceptibility calculation
 
     f-sum rule (1st term):
          -169.4648         -0.0088         -0.0576
            -0.0097       -169.5251         -0.1285
            -0.0574         -0.1285       -169.4112

     f-sum rule (2nd term):
            -4.3650          0.0087          0.0576
             0.0097         -4.3045          0.1284
             0.0574          0.1284         -4.4184

     f-sum rule (should be  -173.8297):
          -173.8297         -0.0000         -0.0000
            -0.0000       -173.8296         -0.0000
            -0.0000         -0.0000       -173.8296

     chi_bare pGv (HH) in paratec units:
       -36.224223      0.601631      1.355829
        -0.360226    -35.697951      0.195354
         1.143147     -0.237528    -36.205021

       -36.224223      0.601631      1.355829
        -0.360226    -35.697951      0.195354
         1.143147     -0.237528    -36.205021

     chi_bare vGv (VV) in paratec units:
       -35.642303      0.087505      1.187070
         0.113958    -35.438169     -1.165119
         1.214659     -1.157412    -35.352664

       -35.642303      0.087505      1.187070
         0.113958    -35.438169     -1.165119
         1.214659     -1.157412    -35.352664

     chi_bare pGv (HH) in 10^{-6} cm^3/mol:
          -172.1409          2.8590          6.4430
            -1.7118       -169.6400          0.9283
             5.4323         -1.1288       -172.0497

     chi_bare vGv (VV) in 10^{-6} cm^3/mol:
          -169.3756          0.4158          5.6411
             0.5415       -168.4055         -5.5368
             5.7722         -5.5001       -167.9992

     Contributions to the NMR chemical shifts: -------------------------------
 
     Macroscopic shape contribution in ppm:                    5.15
             5.1742          0.0000          0.0000
             0.0000          5.0990          0.0000
             0.0000          0.0000          5.1714

 
     Core contribution in ppm:
 
     Atom  1  C   pos: (  0.850116  0.323921  1.200163)  core sigma:         200.51
     Atom  2  C   pos: (  0.992281  1.094250  0.611798)  core sigma:         200.51
     Atom  3  C   pos: (  0.672705  0.450301  1.313770)  core sigma:         200.51
     Atom  4  C   pos: (  1.169691  0.967871  0.498191)  core sigma:         200.51
     Atom  5  C   pos: (  0.755788  0.666074  1.413358)  core sigma:         200.51
     Atom  6  C   pos: (  1.086609  0.752098  0.398603)  core sigma:         200.51
     Atom  7  C   pos: (  0.935082  0.640525  1.578525)  core sigma:         200.51
     Atom  8  C   pos: (  0.907314  0.777647  0.233436)  core sigma:         200.51
     Atom  9  N   pos: (  0.473025  0.485100  1.160066)  core sigma:         235.78
     Atom 10  N   pos: (  1.369371  0.933072  0.651895)  core sigma:         235.78
     Atom 11  N   pos: (  0.574241  0.300591  1.502769)  core sigma:         235.78
     Atom 12  N   pos: (  1.268156  1.117581  0.309192)  core sigma:         235.78
     Atom 13  N   pos: (  0.570297  0.800648  1.529925)  core sigma:         235.78
     Atom 14  N   pos: (  1.272100  0.617524  0.282036)  core sigma:         235.78
     Atom 15  N   pos: (  0.832872  0.821566  1.224376)  core sigma:         235.78
     Atom 16  N   pos: (  1.009525  0.596606  0.587585)  core sigma:         235.78
     Atom 17  O   pos: (  1.339155  0.620973  1.217943)  core sigma:         271.07
     Atom 18  O   pos: (  0.503242  0.797199  0.594018)  core sigma:         271.07
     Atom 19  O   pos: (  0.460133  0.366721  1.001679)  core sigma:         271.07
     Atom 20  O   pos: (  1.382263  1.051450  0.810282)  core sigma:         271.07
     Atom 21  O   pos: (  0.377170  0.281986  1.515107)  core sigma:         271.07
     Atom 22  O   pos: (  1.465226  1.136185  0.296854)  core sigma:         271.07
     Atom 23  O   pos: (  1.124663  1.309050  1.617198)  core sigma:         271.07
     Atom 24  O   pos: (  0.717733  0.109122  0.194763)  core sigma:         271.07
     Atom 25  O   pos: (  1.491263  0.708915  1.687843)  core sigma:         271.07
     Atom 26  O   pos: (  0.351134  0.709256  0.124119)  core sigma:         271.07
     Atom 27  O   pos: (  1.528904  0.982116  1.463222)  core sigma:         271.07
     Atom 28  O   pos: (  0.313492  0.436056  0.348739)  core sigma:         271.07
     Atom 29  O   pos: (  0.751052  0.794716  1.044870)  core sigma:         271.07
     Atom 30  O   pos: (  1.091344  0.623455  0.767091)  core sigma:         271.07
     Atom 31  O   pos: (  0.965340  0.960667  1.274170)  core sigma:         271.07
     Atom 32  O   pos: (  0.877057  0.457505  0.537791)  core sigma:         271.07
     Atom 33  H   pos: (  0.978340  0.284127  1.317296)  core sigma:           0.00
     Atom 34  H   pos: (  0.864056  1.134045  0.494665)  core sigma:           0.00
     Atom 35  H   pos: (  0.918159  0.419950  1.066561)  core sigma:           0.00
     Atom 36  H   pos: (  0.924238  0.998221  0.745400)  core sigma:           0.00
     Atom 37  H   pos: (  1.198682  1.270149  1.133942)  core sigma:           0.00
     Atom 38  H   pos: (  0.643714  0.148023  0.678019)  core sigma:           0.00
     Atom 39  H   pos: (  0.872340  0.554681  1.720818)  core sigma:           0.00
     Atom 40  H   pos: (  0.970056  0.863491  0.091143)  core sigma:           0.00
     Atom 41  H   pos: (  1.071934  0.550345  1.509800)  core sigma:           0.00
     Atom 42  H   pos: (  0.770463  0.867826  0.302161)  core sigma:           0.00
     Atom 43  H   pos: (  0.989848  0.802025  1.628981)  core sigma:           0.00
     Atom 44  H   pos: (  0.852548  0.616146  0.182980)  core sigma:           0.00
 
     Bare contribution in ppm:
 
     Atom  1  C   pos: (  0.850116  0.323921  1.200163)  bare sigma:           6.15
             6.6673         -7.3030         -3.4549
            -5.2913          2.4968          2.7810
            -5.0351          2.1042          9.2974

     Atom  2  C   pos: (  0.992281  1.094250  0.611798)  bare sigma:           6.15
             6.6673         -7.3030         -3.4549
            -5.2913          2.4968          2.7810
            -5.0351          2.1042          9.2974

     Atom  3  C   pos: (  0.672705  0.450301  1.313770)  bare sigma:         -54.77
           -57.2070         -9.8225         -1.2299
           -10.5750        -60.9515         -5.6764
             5.1740         -4.2865        -46.1433

     Atom  4  C   pos: (  1.169691  0.967871  0.498191)  bare sigma:         -54.77
           -57.2070         -9.8225         -1.2299
           -10.5750        -60.9515         -5.6764
             5.1740         -4.2865        -46.1433

     Atom  5  C   pos: (  0.755788  0.666074  1.413358)  bare sigma:         -54.47
           -49.4900          3.9359         -8.5212
            -2.5851        -66.0631         -1.2725
            -6.0776         -6.4106        -47.8576

     Atom  6  C   pos: (  1.086609  0.752098  0.398603)  bare sigma:         -54.47
           -49.4900          3.9359         -8.5212
            -2.5851        -66.0631         -1.2725
            -6.0776         -6.4106        -47.8576

     Atom  7  C   pos: (  0.935082  0.640525  1.578525)  bare sigma:           3.75
             9.8259         -2.3722          6.4752
            -0.7854         -4.2869         -4.2269
             6.8945          0.3519          5.7050

     Atom  8  C   pos: (  0.907314  0.777647  0.233436)  bare sigma:           3.75
             9.8259         -2.3722          6.4752
            -0.7854         -4.2869         -4.2269
             6.8945          0.3519          5.7050

     Atom  9  N   pos: (  0.473025  0.485100  1.160066)  bare sigma:         -80.26
           -96.1964         20.9829        -30.6053
            20.8925        -63.6808        -17.4972
           -28.6482        -17.1590        -80.8992

     Atom 10  N   pos: (  1.369371  0.933072  0.651895)  bare sigma:         -80.26
           -96.1964         20.9829        -30.6053
            20.8925        -63.6808        -17.4972
           -28.6482        -17.1590        -80.8992

     Atom 11  N   pos: (  0.574241  0.300591  1.502769)  bare sigma:         -79.11
           -86.0216         -8.7936          6.7632
           -10.8470        -67.9747         36.0077
             7.1813         38.2975        -83.3473

     Atom 12  N   pos: (  1.268156  1.117581  0.309192)  bare sigma:         -79.11
           -86.0216         -8.7936          6.7632
           -10.8470        -67.9747         36.0077
             7.1813         38.2975        -83.3473

     Atom 13  N   pos: (  0.570297  0.800648  1.529925)  bare sigma:         -80.92
           -75.8967         23.2353         36.6831
            24.1143        -88.8229          4.8009
            34.3834          1.9773        -78.0450

     Atom 14  N   pos: (  1.272100  0.617524  0.282036)  bare sigma:         -80.92
           -75.8967         23.2353         36.6831
            24.1143        -88.8229          4.8009
            34.3834          1.9773        -78.0450

     Atom 15  N   pos: (  0.832872  0.821566  1.224376)  bare sigma:         -78.91
           -57.4622        -27.7712          1.0401
           -30.6872        -77.9726         24.0966
            -3.1947         21.5790       -101.2897

     Atom 16  N   pos: (  1.009525  0.596606  0.587585)  bare sigma:         -78.91
           -57.4622        -27.7712          1.0401
           -30.6872        -77.9726         24.0966
            -3.1947         21.5790       -101.2897

     Atom 17  O   pos: (  1.339155  0.620973  1.217943)  bare sigma:         -99.52
          -109.4952         95.6838         -3.7389
            58.5510        -88.1083       -101.8397
           -56.5398        -67.2051       -100.9603

     Atom 18  O   pos: (  0.503242  0.797199  0.594018)  bare sigma:         -99.52
          -109.4952         95.6838         -3.7389
            58.5510        -88.1083       -101.8397
           -56.5398        -67.2051       -100.9603

     Atom 19  O   pos: (  0.460133  0.366721  1.001679)  bare sigma:        -101.67
           -98.8340         46.6723        -59.4942
            83.6567        -80.5070        -74.7416
           -17.1965       -119.8458       -125.6600

     Atom 20  O   pos: (  1.382263  1.051450  0.810282)  bare sigma:        -101.67
           -98.8340         46.6723        -59.4942
            83.6567        -80.5070        -74.7416
           -17.1965       -119.8458       -125.6600

     Atom 21  O   pos: (  0.377170  0.281986  1.515107)  bare sigma:        -100.49
          -198.1647         27.8115        -40.6510
           -23.9958        -34.8050         78.3534
             8.1180         82.7580        -68.4966

     Atom 22  O   pos: (  1.465226  1.136185  0.296854)  bare sigma:        -100.49
          -198.1647         27.8115        -40.6510
           -23.9958        -34.8050         78.3534
             8.1180         82.7580        -68.4966

     Atom 23  O   pos: (  1.124663  1.309050  1.617198)  bare sigma:         -99.16
          -180.4260         -6.8139          2.6054
            39.3877        -43.0855         96.3419
           -53.8174         84.8322        -73.9608

     Atom 24  O   pos: (  0.717733  0.109122  0.194763)  bare sigma:         -99.16
          -180.4260         -6.8139          2.6054
            39.3877        -43.0855         96.3419
           -53.8174         84.8322        -73.9608

     Atom 25  O   pos: (  1.491263  0.708915  1.687843)  bare sigma:         -93.83
           -45.2200         14.7030         83.8711
            65.1634       -129.3141         35.2391
            62.7005         97.6749       -106.9660

     Atom 26  O   pos: (  0.351134  0.709256  0.124119)  bare sigma:         -93.83
           -45.2200         14.7030         83.8711
            65.1634       -129.3141         35.2391
            62.7005         97.6749       -106.9660

     Atom 27  O   pos: (  1.528904  0.982116  1.463222)  bare sigma:        -102.42
           -49.3991         59.2378         59.2412
            25.2947       -162.4720         94.8141
            79.3177         40.5497        -95.3778

     Atom 28  O   pos: (  0.313492  0.436056  0.348739)  bare sigma:        -102.42
           -49.3991         59.2378         59.2412
            25.2947       -162.4720         94.8141
            79.3177         40.5497        -95.3778

     Atom 29  O   pos: (  0.751052  0.794716  1.044870)  bare sigma:        -103.65
           -58.4679        -96.0797        -25.7182
           -82.1671        -82.0650         31.9328
           -78.6089        -19.7707       -170.4030

     Atom 30  O   pos: (  1.091344  0.623455  0.767091)  bare sigma:        -103.65
           -58.4679        -96.0797        -25.7182
           -82.1671        -82.0650         31.9328
           -78.6089        -19.7707       -170.4030

     Atom 31  O   pos: (  0.965340  0.960667  1.274170)  bare sigma:         -99.21
           -71.1958       -100.1867        -68.3461
          -109.2550        -87.4441        -16.9623
           -25.2352         41.5207       -139.0020

     Atom 32  O   pos: (  0.877057  0.457505  0.537791)  bare sigma:         -99.21
           -71.1958       -100.1867        -68.3461
          -109.2550        -87.4441        -16.9623
           -25.2352         41.5207       -139.0020

     Atom 33  H   pos: (  0.978340  0.284127  1.317296)  bare sigma:          21.72
            23.6863         -2.1770          3.6166
            -1.6247         20.0210         -0.7706
             3.2600         -0.6299         21.4435

     Atom 34  H   pos: (  0.864056  1.134045  0.494665)  bare sigma:          21.72
            23.6863         -2.1770          3.6166
            -1.6247         20.0210         -0.7706
             3.2600         -0.6299         21.4435

     Atom 35  H   pos: (  0.918159  0.419950  1.066561)  bare sigma:          22.07
            20.6503          0.2777         -3.1329
             2.5251         20.5139         -1.6163
            -3.7174         -2.6065         25.0394

     Atom 36  H   pos: (  0.924238  0.998221  0.745400)  bare sigma:          22.07
            20.6503          0.2777         -3.1329
             2.5251         20.5139         -1.6163
            -3.7174         -2.6065         25.0394

     Atom 37  H   pos: (  1.198682  1.270149  1.133942)  bare sigma:          21.34
            18.7457          0.8567          1.4696
             1.5974         24.0070          4.5571
             1.8187          2.5594         21.2541

     Atom 38  H   pos: (  0.643714  0.148023  0.678019)  bare sigma:          21.34
            18.7457          0.8567          1.4696
             1.5974         24.0070          4.5571
             1.8187          2.5594         21.2541

     Atom 39  H   pos: (  0.872340  0.554681  1.720818)  bare sigma:          21.60
            19.5329          0.7548         -0.9083
             1.6477         20.8088         -3.3813
             0.5758         -2.6554         24.4535

     Atom 40  H   pos: (  0.970056  0.863491  0.091143)  bare sigma:          21.60
            19.5329          0.7548         -0.9083
             1.6477         20.8088         -3.3813
             0.5758         -2.6554         24.4535

     Atom 41  H   pos: (  1.071934  0.550345  1.509800)  bare sigma:          22.16
            26.7751         -3.1457         -0.5573
            -2.0425         20.4339          0.3115
            -0.6865          2.3126         19.2846

     Atom 42  H   pos: (  0.770463  0.867826  0.302161)  bare sigma:          22.16
            26.7751         -3.1457         -0.5573
            -2.0425         20.4339          0.3115
            -0.6865          2.3126         19.2846

     Atom 43  H   pos: (  0.989848  0.802025  1.628981)  bare sigma:          21.62
            20.7113          2.5408          0.6291
             2.5617         23.9372          0.6498
             2.2812          2.9472         20.2019

     Atom 44  H   pos: (  0.852548  0.616146  0.182980)  bare sigma:          21.62
            20.7113          2.5408          0.6291
             2.5617         23.9372          0.6498
             2.2812          2.9472         20.2019

     Diamagnetic contribution in ppm:
 
     Atom  1  C   pos: (  0.850116  0.323921  1.200163)  dia sigma:           4.45
             4.4873         -0.0814         -0.0652
            -0.0814          4.4284          0.0445
            -0.0652          0.0445          4.4223

     Atom  2  C   pos: (  0.992281  1.094250  0.611798)  dia sigma:           4.45
             4.4873         -0.0814         -0.0652
            -0.0814          4.4284          0.0445
            -0.0652          0.0445          4.4223

     Atom  3  C   pos: (  0.672705  0.450301  1.313770)  dia sigma:           3.84
             3.8261          0.0661          0.0772
             0.0661          3.7983         -0.1187
             0.0772         -0.1187          3.9100

     Atom  4  C   pos: (  1.169691  0.967871  0.498191)  dia sigma:           3.84
             3.8261          0.0661          0.0772
             0.0661          3.7983         -0.1187
             0.0772         -0.1187          3.9100

     Atom  5  C   pos: (  0.755788  0.666074  1.413358)  dia sigma:           3.85
             3.8143         -0.0137         -0.1677
            -0.0137          3.8794         -0.0287
            -0.1677         -0.0287          3.8469

     Atom  6  C   pos: (  1.086609  0.752098  0.398603)  dia sigma:           3.85
             3.8143         -0.0137         -0.1677
            -0.0137          3.8794         -0.0287
            -0.1677         -0.0287          3.8469

     Atom  7  C   pos: (  0.935082  0.640525  1.578525)  dia sigma:           4.45
             4.4923         -0.0145          0.1012
            -0.0145          4.3815         -0.0102
             0.1012         -0.0102          4.4788

     Atom  8  C   pos: (  0.907314  0.777647  0.233436)  dia sigma:           4.45
             4.4923         -0.0145          0.1012
            -0.0145          4.3815         -0.0102
             0.1012         -0.0102          4.4788

     Atom  9  N   pos: (  0.473025  0.485100  1.160066)  dia sigma:           8.64
             8.5936          0.0034         -0.0499
             0.0034          8.6755          0.0009
            -0.0499          0.0009          8.6367

     Atom 10  N   pos: (  1.369371  0.933072  0.651895)  dia sigma:           8.64
             8.5936          0.0034         -0.0499
             0.0034          8.6755          0.0009
            -0.0499          0.0009          8.6367

     Atom 11  N   pos: (  0.574241  0.300591  1.502769)  dia sigma:           8.60
             8.6224         -0.0163          0.0208
            -0.0163          8.6073          0.0423
             0.0208          0.0423          8.5828

     Atom 12  N   pos: (  1.268156  1.117581  0.309192)  dia sigma:           8.60
             8.6224         -0.0163          0.0208
            -0.0163          8.6073          0.0423
             0.0208          0.0423          8.5828

     Atom 13  N   pos: (  0.570297  0.800648  1.529925)  dia sigma:           8.62
             8.6046          0.0439          0.0410
             0.0439          8.6183         -0.0206
             0.0410         -0.0206          8.6237

     Atom 14  N   pos: (  1.272100  0.617524  0.282036)  dia sigma:           8.62
             8.6046          0.0439          0.0410
             0.0439          8.6183         -0.0206
             0.0410         -0.0206          8.6237

     Atom 15  N   pos: (  0.832872  0.821566  1.224376)  dia sigma:           8.63
             8.6642         -0.0157          0.0225
            -0.0157          8.6106          0.0515
             0.0225          0.0515          8.6077

     Atom 16  N   pos: (  1.009525  0.596606  0.587585)  dia sigma:           8.63
             8.6642         -0.0157          0.0225
            -0.0157          8.6106          0.0515
             0.0225          0.0515          8.6077

     Atom 17  O   pos: (  1.339155  0.620973  1.217943)  dia sigma:          16.95
            17.0484         -0.5036         -0.8086
            -0.5036         17.4485         -0.1157
            -0.8086         -0.1157         16.3648

     Atom 18  O   pos: (  0.503242  0.797199  0.594018)  dia sigma:          16.95
            17.0484         -0.5036         -0.8086
            -0.5036         17.4485         -0.1157
            -0.8086         -0.1157         16.3648

     Atom 19  O   pos: (  0.460133  0.366721  1.001679)  dia sigma:          16.88
            16.0023          0.6158         -0.2909
             0.6158         17.1534          0.4350
            -0.2909          0.4350         17.4979

     Atom 20  O   pos: (  1.382263  1.051450  0.810282)  dia sigma:          16.88
            16.0023          0.6158         -0.2909
             0.6158         17.1534          0.4350
            -0.2909          0.4350         17.4979

     Atom 21  O   pos: (  0.377170  0.281986  1.515107)  dia sigma:          16.90
            17.7991          0.1825         -0.1849
             0.1825         16.5953          0.7263
            -0.1849          0.7263         16.2941

     Atom 22  O   pos: (  1.465226  1.136185  0.296854)  dia sigma:          16.90
            17.7991          0.1825         -0.1849
             0.1825         16.5953          0.7263
            -0.1849          0.7263         16.2941

     Atom 23  O   pos: (  1.124663  1.309050  1.617198)  dia sigma:          16.90
            16.6521         -0.6730          0.8218
            -0.6730         17.0352          0.1643
             0.8218          0.1643         16.9995

     Atom 24  O   pos: (  0.717733  0.109122  0.194763)  dia sigma:          16.90
            16.6521         -0.6730          0.8218
            -0.6730         17.0352          0.1643
             0.8218          0.1643         16.9995

     Atom 25  O   pos: (  1.491263  0.708915  1.687843)  dia sigma:          16.90
            16.7648          0.7797         -0.0976
             0.7797         16.3929         -0.4384
            -0.0976         -0.4384         17.5480

     Atom 26  O   pos: (  0.351134  0.709256  0.124119)  dia sigma:          16.90
            16.7648          0.7797         -0.0976
             0.7797         16.3929         -0.4384
            -0.0976         -0.4384         17.5480

     Atom 27  O   pos: (  1.528904  0.982116  1.463222)  dia sigma:          16.88
            16.5402         -0.0034          0.7967
            -0.0034         17.6817         -0.3164
             0.7967         -0.3164         16.4178

     Atom 28  O   pos: (  0.313492  0.436056  0.348739)  dia sigma:          16.88
            16.5402         -0.0034          0.7967
            -0.0034         17.6817         -0.3164
             0.7967         -0.3164         16.4178

     Atom 29  O   pos: (  0.751052  0.794716  1.044870)  dia sigma:          16.86
            16.8467         -0.5850          0.5255
            -0.5850         16.2654          0.4927
             0.5255          0.4927         17.4789

     Atom 30  O   pos: (  1.091344  0.623455  0.767091)  dia sigma:          16.86
            16.8467         -0.5850          0.5255
            -0.5850         16.2654          0.4927
             0.5255          0.4927         17.4789

     Atom 31  O   pos: (  0.965340  0.960667  1.274170)  dia sigma:          16.92
            17.4937          0.3124          0.0544
             0.3124         17.3496          0.6028
             0.0544          0.6028         15.9196

     Atom 32  O   pos: (  0.877057  0.457505  0.537791)  dia sigma:          16.92
            17.4937          0.3124          0.0544
             0.3124         17.3496          0.6028
             0.0544          0.6028         15.9196

     Atom 33  H   pos: (  0.978340  0.284127  1.317296)  dia sigma:           1.12
             1.1165         -0.0000         -0.0000
            -0.0000          1.1165          0.0000
            -0.0000          0.0000          1.1165

     Atom 34  H   pos: (  0.864056  1.134045  0.494665)  dia sigma:           1.12
             1.1165         -0.0000         -0.0000
            -0.0000          1.1165          0.0000
            -0.0000          0.0000          1.1165

     Atom 35  H   pos: (  0.918159  0.419950  1.066561)  dia sigma:           1.11
             1.1122         -0.0000         -0.0000
            -0.0000          1.1122          0.0000
            -0.0000          0.0000          1.1122

     Atom 36  H   pos: (  0.924238  0.998221  0.745400)  dia sigma:           1.11
             1.1122         -0.0000         -0.0000
            -0.0000          1.1122          0.0000
            -0.0000          0.0000          1.1122

     Atom 37  H   pos: (  1.198682  1.270149  1.133942)  dia sigma:           1.12
             1.1165         -0.0000         -0.0000
            -0.0000          1.1165          0.0000
            -0.0000          0.0000          1.1165

     Atom 38  H   pos: (  0.643714  0.148023  0.678019)  dia sigma:           1.12
             1.1165         -0.0000         -0.0000
            -0.0000          1.1165          0.0000
            -0.0000          0.0000          1.1165

     Atom 39  H   pos: (  0.872340  0.554681  1.720818)  dia sigma:           1.12
             1.1178         -0.0000         -0.0000
            -0.0000          1.1178          0.0000
            -0.0000          0.0000          1.1178

     Atom 40  H   pos: (  0.970056  0.863491  0.091143)  dia sigma:           1.12
             1.1178         -0.0000         -0.0000
            -0.0000          1.1178          0.0000
            -0.0000          0.0000          1.1178

     Atom 41  H   pos: (  1.071934  0.550345  1.509800)  dia sigma:           1.12
             1.1195         -0.0000         -0.0000
            -0.0000          1.1195          0.0000
            -0.0000          0.0000          1.1195

     Atom 42  H   pos: (  0.770463  0.867826  0.302161)  dia sigma:           1.12
             1.1195         -0.0000         -0.0000
            -0.0000          1.1195          0.0000
            -0.0000          0.0000          1.1195

     Atom 43  H   pos: (  0.989848  0.802025  1.628981)  dia sigma:           1.12
             1.1179         -0.0000         -0.0000
            -0.0000          1.1179          0.0000
            -0.0000          0.0000          1.1179

     Atom 44  H   pos: (  0.852548  0.616146  0.182980)  dia sigma:           1.12
             1.1179         -0.0000         -0.0000
            -0.0000          1.1179          0.0000
            -0.0000          0.0000          1.1179

     Paramagnetic contribution in ppm:
 
     Atom  1  C   pos: (  0.850116  0.323921  1.200163)  para sigma:         -52.56
           -52.2988         -5.2339         -2.6157
            -5.5330        -55.8810          0.7912
            -4.6933          0.8599        -49.5065

     Atom  2  C   pos: (  0.992281  1.094250  0.611798)  para sigma:         -52.56
           -52.2988         -5.2339         -2.6157
            -5.5330        -55.8810          0.7912
            -4.6933          0.8599        -49.5065

     Atom  3  C   pos: (  0.672705  0.450301  1.313770)  para sigma:        -103.24
          -105.1525         -9.7089         -1.8891
           -11.9563       -108.0896         -4.7396
             4.2742         -2.3305        -96.4694

     Atom  4  C   pos: (  1.169691  0.967871  0.498191)  para sigma:        -103.24
          -105.1525         -9.7089         -1.8891
           -11.9563       -108.0896         -4.7396
             4.2742         -2.3305        -96.4694

     Atom  5  C   pos: (  0.755788  0.666074  1.413358)  para sigma:        -103.23
           -98.6584          5.4246         -5.9656
            -1.2104       -114.5797         -0.8433
            -4.2824         -7.3738        -96.4468

     Atom  6  C   pos: (  1.086609  0.752098  0.398603)  para sigma:        -103.23
           -98.6584          5.4246         -5.9656
            -1.2104       -114.5797         -0.8433
            -4.2824         -7.3738        -96.4468

     Atom  7  C   pos: (  0.935082  0.640525  1.578525)  para sigma:         -54.90
           -50.1540         -1.9969          4.9105
            -0.5248        -62.1512         -3.2519
             4.0237         -0.9471        -52.4035

     Atom  8  C   pos: (  0.907314  0.777647  0.233436)  para sigma:         -54.90
           -50.1540         -1.9969          4.9105
            -0.5248        -62.1512         -3.2519
             4.0237         -0.9471        -52.4035

     Atom  9  N   pos: (  0.473025  0.485100  1.160066)  para sigma:        -233.04
          -264.6036         40.1976        -59.3713
            41.0522       -199.8352        -33.1237
           -55.4266        -30.3174       -234.6868

     Atom 10  N   pos: (  1.369371  0.933072  0.651895)  para sigma:        -233.04
          -264.6036         40.1976        -59.3713
            41.0522       -199.8352        -33.1237
           -55.4266        -30.3174       -234.6868

     Atom 11  N   pos: (  0.574241  0.300591  1.502769)  para sigma:        -231.43
          -243.8364        -17.4047         15.2069
           -22.6584       -209.8734         70.2425
            14.5266         72.9774       -240.5676

     Atom 12  N   pos: (  1.268156  1.117581  0.309192)  para sigma:        -231.43
          -243.8364        -17.4047         15.2069
           -22.6584       -209.8734         70.2425
            14.5266         72.9774       -240.5676

     Atom 13  N   pos: (  0.570297  0.800648  1.529925)  para sigma:        -235.27
          -229.5097         44.2809         68.7625
            47.1361       -249.2344          8.6334
            64.9378          0.8359       -227.0684

     Atom 14  N   pos: (  1.272100  0.617524  0.282036)  para sigma:        -235.27
          -229.5097         44.2809         68.7625
            47.1361       -249.2344          8.6334
            64.9378          0.8359       -227.0684

     Atom 15  N   pos: (  0.832872  0.821566  1.224376)  para sigma:        -231.37
          -188.6654        -53.2131          2.4236
           -58.1081       -231.0145         44.6128
            -5.4252         43.4956       -274.4340

     Atom 16  N   pos: (  1.009525  0.596606  0.587585)  para sigma:        -231.37
          -188.6654        -53.2131          2.4236
           -58.1081       -231.0145         44.6128
            -5.4252         43.4956       -274.4340

     Atom 17  O   pos: (  1.339155  0.620973  1.217943)  para sigma:        -344.90
          -355.6757        194.2606         -2.9738
           127.1204       -327.3080       -221.4639
          -102.9413       -154.2194       -351.7302

     Atom 18  O   pos: (  0.503242  0.797199  0.594018)  para sigma:        -344.90
          -355.6757        194.2606         -2.9738
           127.1204       -327.3080       -221.4639
          -102.9413       -154.2194       -351.7302

     Atom 19  O   pos: (  0.460133  0.366721  1.001679)  para sigma:        -348.91
          -336.9544        112.1184       -106.9741
           180.0991       -310.3486       -167.4235
           -29.0796       -256.6901       -399.4370

     Atom 20  O   pos: (  1.382263  1.051450  0.810282)  para sigma:        -348.91
          -336.9544        112.1184       -106.9741
           180.0991       -310.3486       -167.4235
           -29.0796       -256.6901       -399.4370

     Atom 21  O   pos: (  0.377170  0.281986  1.515107)  para sigma:        -347.59
          -566.8761         65.9571        -91.7362
           -37.8787       -204.2297        163.1321
            -2.8788        168.3982       -271.6601

     Atom 22  O   pos: (  1.465226  1.136185  0.296854)  para sigma:        -347.59
          -566.8761         65.9571        -91.7362
           -37.8787       -204.2297        163.1321
            -2.8788        168.3982       -271.6601

     Atom 23  O   pos: (  1.124663  1.309050  1.617198)  para sigma:        -343.29
          -530.6498         -4.2782         -5.4770
            86.4485       -218.7083        201.8507
          -116.1307        173.0356       -280.5105

     Atom 24  O   pos: (  0.717733  0.109122  0.194763)  para sigma:        -343.29
          -530.6498         -4.2782         -5.4770
            86.4485       -218.7083        201.8507
          -116.1307        173.0356       -280.5105

     Atom 25  O   pos: (  1.491263  0.708915  1.687843)  para sigma:        -333.58
          -223.3629         29.1831        166.0055
           129.6086       -413.8255         89.2631
           127.2069        211.7693       -363.5510

     Atom 26  O   pos: (  0.351134  0.709256  0.124119)  para sigma:        -333.58
          -223.3629         29.1831        166.0055
           129.6086       -413.8255         89.2631
           127.2069        211.7693       -363.5510

     Atom 27  O   pos: (  1.528904  0.982116  1.463222)  para sigma:        -352.17
          -233.3668        108.6991        123.2495
            49.6176       -483.5137        210.2224
           159.9066        102.9437       -339.6318

     Atom 28  O   pos: (  0.313492  0.436056  0.348739)  para sigma:        -352.17
          -233.3668        108.6991        123.2495
            49.6176       -483.5137        210.2224
           159.9066        102.9437       -339.6318

     Atom 29  O   pos: (  0.751052  0.794716  1.044870)  para sigma:        -353.99
          -262.8416       -205.0743        -64.0517
          -179.8572       -309.8791         45.6706
          -169.4417        -46.7887       -489.2399

     Atom 30  O   pos: (  1.091344  0.623455  0.767091)  para sigma:        -353.99
          -262.8416       -205.0743        -64.0517
          -179.8572       -309.8791         45.6706
          -169.4417        -46.7887       -489.2399

     Atom 31  O   pos: (  0.965340  0.960667  1.274170)  para sigma:        -343.63
          -287.9454       -216.0391       -152.5952
          -226.4536       -314.2225        -43.3244
           -69.8339         72.4703       -428.7162

     Atom 32  O   pos: (  0.877057  0.457505  0.537791)  para sigma:        -343.63
          -287.9454       -216.0391       -152.5952
          -226.4536       -314.2225        -43.3244
           -69.8339         72.4703       -428.7162

     Atom 33  H   pos: (  0.978340  0.284127  1.317296)  para sigma:           0.00
             0.0000          0.0000          0.0000
             0.0000          0.0000          0.0000
             0.0000          0.0000          0.0000

     Atom 34  H   pos: (  0.864056  1.134045  0.494665)  para sigma:           0.00
             0.0000          0.0000          0.0000
             0.0000          0.0000          0.0000
             0.0000          0.0000          0.0000

     Atom 35  H   pos: (  0.918159  0.419950  1.066561)  para sigma:           0.00
             0.0000          0.0000          0.0000
             0.0000          0.0000          0.0000
             0.0000          0.0000          0.0000

     Atom 36  H   pos: (  0.924238  0.998221  0.745400)  para sigma:           0.00
             0.0000          0.0000          0.0000
             0.0000          0.0000          0.0000
             0.0000          0.0000          0.0000

     Atom 37  H   pos: (  1.198682  1.270149  1.133942)  para sigma:           0.00
             0.0000          0.0000          0.0000
             0.0000          0.0000          0.0000
             0.0000          0.0000          0.0000

     Atom 38  H   pos: (  0.643714  0.148023  0.678019)  para sigma:           0.00
             0.0000          0.0000          0.0000
             0.0000          0.0000          0.0000
             0.0000          0.0000          0.0000

     Atom 39  H   pos: (  0.872340  0.554681  1.720818)  para sigma:           0.00
             0.0000          0.0000          0.0000
             0.0000          0.0000          0.0000
             0.0000          0.0000          0.0000

     Atom 40  H   pos: (  0.970056  0.863491  0.091143)  para sigma:           0.00
             0.0000          0.0000          0.0000
             0.0000          0.0000          0.0000
             0.0000          0.0000          0.0000

     Atom 41  H   pos: (  1.071934  0.550345  1.509800)  para sigma:           0.00
             0.0000          0.0000          0.0000
             0.0000          0.0000          0.0000
             0.0000          0.0000          0.0000

     Atom 42  H   pos: (  0.770463  0.867826  0.302161)  para sigma:           0.00
             0.0000          0.0000          0.0000
             0.0000          0.0000          0.0000
             0.0000          0.0000          0.0000

     Atom 43  H   pos: (  0.989848  0.802025  1.628981)  para sigma:           0.00
             0.0000          0.0000          0.0000
             0.0000          0.0000          0.0000
             0.0000          0.0000          0.0000

     Atom 44  H   pos: (  0.852548  0.616146  0.182980)  para sigma:           0.00
             0.0000          0.0000          0.0000
             0.0000          0.0000          0.0000
             0.0000          0.0000          0.0000

     Paramagnetic US occ-occ contribution in ppm:
 
     Atom  1  C   pos: (  0.850116  0.323921  1.200163)  para_oo sigma:          -0.16
            -0.1372          0.0248          0.0165
             0.0322         -0.1420         -0.0347
             0.0086         -0.0131         -0.1914

     Atom  2  C   pos: (  0.992281  1.094250  0.611798)  para_oo sigma:          -0.16
            -0.1372          0.0248          0.0165
             0.0322         -0.1420         -0.0347
             0.0086         -0.0131         -0.1914

     Atom  3  C   pos: (  0.672705  0.450301  1.313770)  para_oo sigma:          -0.47
            -0.6127          0.2167         -0.0832
             0.1774         -0.4040         -0.1301
             0.0055         -0.1312         -0.3900

     Atom  4  C   pos: (  1.169691  0.967871  0.498191)  para_oo sigma:          -0.47
            -0.6127          0.2167         -0.0832
             0.1774         -0.4040         -0.1301
             0.0055         -0.1312         -0.3900

     Atom  5  C   pos: (  0.755788  0.666074  1.413358)  para_oo sigma:          -0.45
            -0.3189         -0.1233         -0.1070
            -0.1561         -0.5314          0.1283
            -0.0581          0.0360         -0.5052

     Atom  6  C   pos: (  1.086609  0.752098  0.398603)  para_oo sigma:          -0.45
            -0.3189         -0.1233         -0.1070
            -0.1561         -0.5314          0.1283
            -0.0581          0.0360         -0.5052

     Atom  7  C   pos: (  0.935082  0.640525  1.578525)  para_oo sigma:          -0.13
            -0.1511         -0.0240         -0.0279
            -0.0226         -0.1200         -0.0014
            -0.0587          0.0173         -0.1299

     Atom  8  C   pos: (  0.907314  0.777647  0.233436)  para_oo sigma:          -0.13
            -0.1511         -0.0240         -0.0279
            -0.0226         -0.1200         -0.0014
            -0.0587          0.0173         -0.1299

     Atom  9  N   pos: (  0.473025  0.485100  1.160066)  para_oo sigma:          -3.21
            -4.2630          0.1896         -1.5588
             0.2051         -2.1711          0.3560
            -1.4444          0.3528         -3.1876

     Atom 10  N   pos: (  1.369371  0.933072  0.651895)  para_oo sigma:          -3.21
            -4.2630          0.1896         -1.5588
             0.2051         -2.1711          0.3560
            -1.4444          0.3528         -3.1876

     Atom 11  N   pos: (  0.574241  0.300591  1.502769)  para_oo sigma:          -3.27
            -2.2338         -0.7702          0.9297
            -0.7363         -3.5691          1.1654
             0.9366          1.2060         -3.9933

     Atom 12  N   pos: (  1.268156  1.117581  0.309192)  para_oo sigma:          -3.27
            -2.2338         -0.7702          0.9297
            -0.7363         -3.5691          1.1654
             0.9366          1.2060         -3.9933

     Atom 13  N   pos: (  0.570297  0.800648  1.529925)  para_oo sigma:          -3.19
            -3.8651          1.0885          1.0365
             1.0544         -2.7269         -1.1067
             1.0419         -1.1226         -2.9645

     Atom 14  N   pos: (  1.272100  0.617524  0.282036)  para_oo sigma:          -3.19
            -3.8651          1.0885          1.0365
             1.0544         -2.7269         -1.1067
             1.0419         -1.1226         -2.9645

     Atom 15  N   pos: (  0.832872  0.821566  1.224376)  para_oo sigma:          -3.23
            -2.4538         -0.4244          0.7408
            -0.4413         -3.4344          1.4652
             0.7867          1.4869         -3.7979

     Atom 16  N   pos: (  1.009525  0.596606  0.587585)  para_oo sigma:          -3.23
            -2.4538         -0.4244          0.7408
            -0.4413         -3.4344          1.4652
             0.7867          1.4869         -3.7979

     Atom 17  O   pos: (  1.339155  0.620973  1.217943)  para_oo sigma:          -6.30
            -8.8708          1.1528         -4.1154
            -1.6684         -2.3522         -1.2412
            -7.8633          1.1541         -7.6880

     Atom 18  O   pos: (  0.503242  0.797199  0.594018)  para_oo sigma:          -6.30
            -8.8708          1.1528         -4.1154
            -1.6684         -2.3522         -1.2412
            -7.8633          1.1541         -7.6880

     Atom 19  O   pos: (  0.460133  0.366721  1.001679)  para_oo sigma:          -6.63
           -11.3858          0.7722         -6.2575
             3.7133         -3.4238          2.8299
            -2.8557          0.4404         -5.0678

     Atom 20  O   pos: (  1.382263  1.051450  0.810282)  para_oo sigma:          -6.63
           -11.3858          0.7722         -6.2575
             3.7133         -3.4238          2.8299
            -2.8557          0.4404         -5.0678

     Atom 21  O   pos: (  0.377170  0.281986  1.515107)  para_oo sigma:          -6.74
            -2.6661          0.2291         -0.3275
            -2.6705         -7.7179          5.1613
             3.4976          5.3368         -9.8347

     Atom 22  O   pos: (  1.465226  1.136185  0.296854)  para_oo sigma:          -6.74
            -2.6661          0.2291         -0.3275
            -2.6705         -7.7179          5.1613
             3.4976          5.3368         -9.8347

     Atom 23  O   pos: (  1.124663  1.309050  1.617198)  para_oo sigma:          -6.77
            -5.3916         -5.0199          6.1478
            -2.1095         -6.9135          3.9535
             2.2032          3.5736         -8.0106

     Atom 24  O   pos: (  0.717733  0.109122  0.194763)  para_oo sigma:          -6.77
            -5.3916         -5.0199          6.1478
            -2.1095         -6.9135          3.9535
             2.2032          3.5736         -8.0106

     Atom 25  O   pos: (  1.491263  0.708915  1.687843)  para_oo sigma:          -6.46
            -7.8992          3.2316          3.6756
             6.3086         -7.1910         -5.0919
             1.7867         -1.5394         -4.2774

     Atom 26  O   pos: (  0.351134  0.709256  0.124119)  para_oo sigma:          -6.46
            -7.8992          3.2316          3.6756
             6.3086         -7.1910         -5.0919
             1.7867         -1.5394         -4.2774

     Atom 27  O   pos: (  1.528904  0.982116  1.463222)  para_oo sigma:          -6.75
            -8.8420          4.4538          4.0111
             1.3329         -4.0372         -1.1718
             5.8690         -4.7312         -7.3792

     Atom 28  O   pos: (  0.313492  0.436056  0.348739)  para_oo sigma:          -6.75
            -8.8420          4.4538          4.0111
             1.3329         -4.0372         -1.1718
             5.8690         -4.7312         -7.3792

     Atom 29  O   pos: (  0.751052  0.794716  1.044870)  para_oo sigma:          -6.43
            -4.4130         -3.7956          4.5324
            -2.4226         -8.2776          7.1165
             1.3374          3.0899         -6.6071

     Atom 30  O   pos: (  1.091344  0.623455  0.767091)  para_oo sigma:          -6.43
            -4.4130         -3.7956          4.5324
            -2.4226         -8.2776          7.1165
             1.3374          3.0899         -6.6071

     Atom 31  O   pos: (  0.965340  0.960667  1.274170)  para_oo sigma:          -6.62
            -3.1305         -0.1686          0.3983
            -1.4172         -6.0636          3.2099
             3.4473          7.1032        -10.6802

     Atom 32  O   pos: (  0.877057  0.457505  0.537791)  para_oo sigma:          -6.62
            -3.1305         -0.1686          0.3983
            -1.4172         -6.0636          3.2099
             3.4473          7.1032        -10.6802

     Atom 33  H   pos: (  0.978340  0.284127  1.317296)  para_oo sigma:           0.00
             0.0000          0.0000          0.0000
             0.0000          0.0000          0.0000
             0.0000          0.0000          0.0000

     Atom 34  H   pos: (  0.864056  1.134045  0.494665)  para_oo sigma:           0.00
             0.0000          0.0000          0.0000
             0.0000          0.0000          0.0000
             0.0000          0.0000          0.0000

     Atom 35  H   pos: (  0.918159  0.419950  1.066561)  para_oo sigma:           0.00
             0.0000          0.0000          0.0000
             0.0000          0.0000          0.0000
             0.0000          0.0000          0.0000

     Atom 36  H   pos: (  0.924238  0.998221  0.745400)  para_oo sigma:           0.00
             0.0000          0.0000          0.0000
             0.0000          0.0000          0.0000
             0.0000          0.0000          0.0000

     Atom 37  H   pos: (  1.198682  1.270149  1.133942)  para_oo sigma:           0.00
             0.0000          0.0000          0.0000
             0.0000          0.0000          0.0000
             0.0000          0.0000          0.0000

     Atom 38  H   pos: (  0.643714  0.148023  0.678019)  para_oo sigma:           0.00
             0.0000          0.0000          0.0000
             0.0000          0.0000          0.0000
             0.0000          0.0000          0.0000

     Atom 39  H   pos: (  0.872340  0.554681  1.720818)  para_oo sigma:           0.00
             0.0000          0.0000          0.0000
             0.0000          0.0000          0.0000
             0.0000          0.0000          0.0000

     Atom 40  H   pos: (  0.970056  0.863491  0.091143)  para_oo sigma:           0.00
             0.0000          0.0000          0.0000
             0.0000          0.0000          0.0000
             0.0000          0.0000          0.0000

     Atom 41  H   pos: (  1.071934  0.550345  1.509800)  para_oo sigma:           0.00
             0.0000          0.0000          0.0000
             0.0000          0.0000          0.0000
             0.0000          0.0000          0.0000

     Atom 42  H   pos: (  0.770463  0.867826  0.302161)  para_oo sigma:           0.00
             0.0000          0.0000          0.0000
             0.0000          0.0000          0.0000
             0.0000          0.0000          0.0000

     Atom 43  H   pos: (  0.989848  0.802025  1.628981)  para_oo sigma:           0.00
             0.0000          0.0000          0.0000
             0.0000          0.0000          0.0000
             0.0000          0.0000          0.0000

     Atom 44  H   pos: (  0.852548  0.616146  0.182980)  para_oo sigma:           0.00
             0.0000          0.0000          0.0000
             0.0000          0.0000          0.0000
             0.0000          0.0000          0.0000

     Paramagnetic US L_R Q_R contribution in ppm:
 
     Atom  1  C   pos: (  0.850116  0.323921  1.200163)  para_lq sigma:         -11.39
           -11.3302         -0.2056         -0.2967
            -0.0712        -11.4816          0.0790
             0.0694          0.1376        -11.3459

     Atom  2  C   pos: (  0.992281  1.094250  0.611798)  para_lq sigma:         -11.39
           -11.3302         -0.2056         -0.2967
            -0.0712        -11.4816          0.0790
             0.0694          0.1376        -11.3459

     Atom  3  C   pos: (  0.672705  0.450301  1.313770)  para_lq sigma:         -13.94
           -14.7680         -0.1076         -1.0989
            -0.0629        -13.4884          0.2629
            -0.3768         -0.0459        -13.5780

     Atom  4  C   pos: (  1.169691  0.967871  0.498191)  para_lq sigma:         -13.94
           -14.7680         -0.1076         -1.0989
            -0.0629        -13.4884          0.2629
            -0.3768         -0.0459        -13.5780

     Atom  5  C   pos: (  0.755788  0.666074  1.413358)  para_lq sigma:         -13.83
           -12.8214         -0.3592          0.0149
            -0.4949        -14.8640          0.5734
             0.7444          0.3562        -13.7998

     Atom  6  C   pos: (  1.086609  0.752098  0.398603)  para_lq sigma:         -13.83
           -12.8214         -0.3592          0.0149
            -0.4949        -14.8640          0.5734
             0.7444          0.3562        -13.7998

     Atom  7  C   pos: (  0.935082  0.640525  1.578525)  para_lq sigma:         -11.42
           -11.2512          0.0628          0.1909
            -0.1821        -11.5630         -0.1508
             0.2918         -0.0418        -11.4494

     Atom  8  C   pos: (  0.907314  0.777647  0.233436)  para_lq sigma:         -11.42
           -11.2512          0.0628          0.1909
            -0.1821        -11.5630         -0.1508
             0.2918         -0.0418        -11.4494

     Atom  9  N   pos: (  0.473025  0.485100  1.160066)  para_lq sigma:         -77.46
           -82.9110          7.1595         -9.4099
             6.7606        -71.8485         -5.3042
            -9.4434         -4.6408        -77.6307

     Atom 10  N   pos: (  1.369371  0.933072  0.651895)  para_lq sigma:         -77.46
           -82.9110          7.1595         -9.4099
             6.7606        -71.8485         -5.3042
            -9.4434         -4.6408        -77.6307

     Atom 11  N   pos: (  0.574241  0.300591  1.502769)  para_lq sigma:         -77.44
           -79.0129         -3.0619          2.7920
            -3.0770        -74.3118         11.6952
             2.8391         11.9487        -78.9902

     Atom 12  N   pos: (  1.268156  1.117581  0.309192)  para_lq sigma:         -77.44
           -79.0129         -3.0619          2.7920
            -3.0770        -74.3118         11.6952
             2.8391         11.9487        -78.9902

     Atom 13  N   pos: (  0.570297  0.800648  1.529925)  para_lq sigma:         -77.68
           -76.9902          8.0106         10.8341
             7.8514        -79.0756          0.3000
            10.7478          0.2896        -76.9866

     Atom 14  N   pos: (  1.272100  0.617524  0.282036)  para_lq sigma:         -77.68
           -76.9902          8.0106         10.8341
             7.8514        -79.0756          0.3000
            10.7478          0.2896        -76.9866

     Atom 15  N   pos: (  0.832872  0.821566  1.224376)  para_lq sigma:         -77.81
           -71.3558         -9.4632         -0.2918
            -9.3488        -77.1832          7.7568
            -1.0883          6.8302        -84.8965

     Atom 16  N   pos: (  1.009525  0.596606  0.587585)  para_lq sigma:         -77.81
           -71.3558         -9.4632         -0.2918
            -9.3488        -77.1832          7.7568
            -1.0883          6.8302        -84.8965

     Atom 17  O   pos: (  1.339155  0.620973  1.217943)  para_lq sigma:        -186.94
          -200.6496         38.1312          3.8972
            16.5366       -181.2917        -24.9109
           -23.0760         -7.2065       -178.8672

     Atom 18  O   pos: (  0.503242  0.797199  0.594018)  para_lq sigma:        -186.94
          -200.6496         38.1312          3.8972
            16.5366       -181.2917        -24.9109
           -23.0760         -7.2065       -178.8672

     Atom 19  O   pos: (  0.460133  0.366721  1.001679)  para_lq sigma:        -188.29
          -184.3664         -3.2540        -33.3498
            19.5752       -178.4601        -17.3195
            -4.7544        -36.6922       -202.0396

     Atom 20  O   pos: (  1.382263  1.051450  0.810282)  para_lq sigma:        -188.29
          -184.3664         -3.2540        -33.3498
            19.5752       -178.4601        -17.3195
            -4.7544        -36.6922       -202.0396

     Atom 21  O   pos: (  0.377170  0.281986  1.515107)  para_lq sigma:        -186.83
          -212.9000          3.6328         -7.4516
           -20.3608       -169.9224         19.4392
            21.6547         21.5066       -177.6823

     Atom 22  O   pos: (  1.465226  1.136185  0.296854)  para_lq sigma:        -186.83
          -212.9000          3.6328         -7.4516
           -20.3608       -169.9224         19.4392
            21.6547         21.5066       -177.6823

     Atom 23  O   pos: (  1.124663  1.309050  1.617198)  para_lq sigma:        -186.58
          -194.1342         -6.4562          5.9676
            16.8180       -176.4303         30.4560
           -25.7893         28.6827       -189.1690

     Atom 24  O   pos: (  0.717733  0.109122  0.194763)  para_lq sigma:        -186.58
          -194.1342         -6.4562          5.9676
            16.8180       -176.4303         30.4560
           -25.7893         28.6827       -189.1690

     Atom 25  O   pos: (  1.491263  0.708915  1.687843)  para_lq sigma:        -185.12
          -177.1108         -3.6695         34.3302
            19.9100       -185.8058         -0.8669
            20.0535         26.3034       -192.4516

     Atom 26  O   pos: (  0.351134  0.709256  0.124119)  para_lq sigma:        -185.12
          -177.1108         -3.6695         34.3302
            19.9100       -185.8058         -0.8669
            20.0535         26.3034       -192.4516

     Atom 27  O   pos: (  1.528904  0.982116  1.463222)  para_lq sigma:        -186.86
          -174.1877         31.4790          8.2723
             9.7889       -209.1766         25.3089
            21.7977         -1.3330       -177.2084

     Atom 28  O   pos: (  0.313492  0.436056  0.348739)  para_lq sigma:        -186.86
          -174.1877         31.4790          8.2723
             9.7889       -209.1766         25.3089
            21.7977         -1.3330       -177.2084

     Atom 29  O   pos: (  0.751052  0.794716  1.044870)  para_lq sigma:        -188.50
          -170.6260        -22.8081         -1.8624
           -13.5405       -176.1636         23.7758
           -26.1741         -6.5461       -218.7078

     Atom 30  O   pos: (  1.091344  0.623455  0.767091)  para_lq sigma:        -188.50
          -170.6260        -22.8081         -1.8624
           -13.5405       -176.1636         23.7758
           -26.1741         -6.5461       -218.7078

     Atom 31  O   pos: (  0.965340  0.960667  1.274170)  para_lq sigma:        -187.80
          -180.6096        -27.8595        -17.3073
           -38.6561       -194.3724         -8.6348
             7.2732         23.0688       -188.4245

     Atom 32  O   pos: (  0.877057  0.457505  0.537791)  para_lq sigma:        -187.80
          -180.6096        -27.8595        -17.3073
           -38.6561       -194.3724         -8.6348
             7.2732         23.0688       -188.4245

     Atom 33  H   pos: (  0.978340  0.284127  1.317296)  para_lq sigma:           0.00
             0.0000          0.0000          0.0000
             0.0000          0.0000          0.0000
             0.0000          0.0000          0.0000

     Atom 34  H   pos: (  0.864056  1.134045  0.494665)  para_lq sigma:           0.00
             0.0000          0.0000          0.0000
             0.0000          0.0000          0.0000
             0.0000          0.0000          0.0000

     Atom 35  H   pos: (  0.918159  0.419950  1.066561)  para_lq sigma:           0.00
             0.0000          0.0000          0.0000
             0.0000          0.0000          0.0000
             0.0000          0.0000          0.0000

     Atom 36  H   pos: (  0.924238  0.998221  0.745400)  para_lq sigma:           0.00
             0.0000          0.0000          0.0000
             0.0000          0.0000          0.0000
             0.0000          0.0000          0.0000

     Atom 37  H   pos: (  1.198682  1.270149  1.133942)  para_lq sigma:           0.00
             0.0000          0.0000          0.0000
             0.0000          0.0000          0.0000
             0.0000          0.0000          0.0000

     Atom 38  H   pos: (  0.643714  0.148023  0.678019)  para_lq sigma:           0.00
             0.0000          0.0000          0.0000
             0.0000          0.0000          0.0000
             0.0000          0.0000          0.0000

     Atom 39  H   pos: (  0.872340  0.554681  1.720818)  para_lq sigma:           0.00
             0.0000          0.0000          0.0000
             0.0000          0.0000          0.0000
             0.0000          0.0000          0.0000

     Atom 40  H   pos: (  0.970056  0.863491  0.091143)  para_lq sigma:           0.00
             0.0000          0.0000          0.0000
             0.0000          0.0000          0.0000
             0.0000          0.0000          0.0000

     Atom 41  H   pos: (  1.071934  0.550345  1.509800)  para_lq sigma:           0.00
             0.0000          0.0000          0.0000
             0.0000          0.0000          0.0000
             0.0000          0.0000          0.0000

     Atom 42  H   pos: (  0.770463  0.867826  0.302161)  para_lq sigma:           0.00
             0.0000          0.0000          0.0000
             0.0000          0.0000          0.0000
             0.0000          0.0000          0.0000

     Atom 43  H   pos: (  0.989848  0.802025  1.628981)  para_lq sigma:           0.00
             0.0000          0.0000          0.0000
             0.0000          0.0000          0.0000
             0.0000          0.0000          0.0000

     Atom 44  H   pos: (  0.852548  0.616146  0.182980)  para_lq sigma:           0.00
             0.0000          0.0000          0.0000
             0.0000          0.0000          0.0000
             0.0000          0.0000          0.0000

 
     Total NMR chemical shifts in ppm: ---------------------------------------
     (adopting the Simpson convention for anisotropy and asymmetry)-----------
 
     Atom  1  C   pos: (  0.850116  0.323921  1.200163)  Total sigma:         152.15
           153.0725        -12.7992         -6.4160
           -10.9448        145.0295          3.6609
            -9.7158          3.1330        158.3572

     C    1    anisotropy:     24.83    eta:   -0.9132
     C    1    sigma_11=    151.43    axis=( -0.462675  0.453641 -0.761670)
     C    1    sigma_22=    136.32    axis=(  0.607078  0.788236  0.100694)
     C    1    sigma_33=    168.70    axis=( -0.646055  0.415805  0.640093)
 
     Atom  2  C   pos: (  0.992281  1.094250  0.611798)  Total sigma:         152.15
           153.0725        -12.7992         -6.4160
           -10.9448        145.0295          3.6609
            -9.7158          3.1330        158.3572

     C    2    anisotropy:     24.83    eta:   -0.9132
     C    2    sigma_11=    151.43    axis=( -0.462675  0.453641 -0.761670)
     C    2    sigma_22=    136.32    axis=(  0.607078  0.788236  0.100694)
     C    2    sigma_33=    168.70    axis=( -0.646055  0.415805  0.640093)
 
     Atom  3  C   pos: (  0.672705  0.450301  1.313770)  Total sigma:          37.08
            31.7701        -19.3561         -4.2238
           -22.3507         26.4737        -10.4019
             9.1541         -6.9129         53.0107

     C    3    anisotropy:    -44.28    eta:   -0.5227
     C    3    sigma_11=     44.13    axis=( -0.640892  0.453113  0.619634)
     C    3    sigma_22=     59.56    axis=(  0.420335 -0.468284  0.777193)
     C    3    sigma_33=      7.56    axis=(  0.642320  0.758551  0.109660)
 
     Atom  4  C   pos: (  1.169691  0.967871  0.498191)  Total sigma:          37.08
            31.7701        -19.3561         -4.2238
           -22.3507         26.4737        -10.4019
             9.1541         -6.9129         53.0107

     C    4    anisotropy:    -44.28    eta:   -0.5227
     C    4    sigma_11=     44.13    axis=( -0.640892  0.453113  0.619634)
     C    4    sigma_22=     59.56    axis=(  0.420335 -0.468284  0.777193)
     C    4    sigma_33=      7.56    axis=(  0.642320  0.758551  0.109660)
 
     Atom  5  C   pos: (  0.755788  0.666074  1.413358)  Total sigma:          37.53
            48.2097          8.8642        -14.7466
            -4.4603         13.4502         -1.4429
            -9.8414        -13.4210         50.9189

     C    5    anisotropy:    -38.25    eta:   -0.9929
     C    5    sigma_11=     37.62    axis=(  0.762582 -0.125667  0.634569)
     C    5    sigma_22=     62.93    axis=( -0.646877 -0.141337  0.749383)
     C    5    sigma_33=     12.03    axis=( -0.004484 -0.981953 -0.189072)
 
     Atom  6  C   pos: (  1.086609  0.752098  0.398603)  Total sigma:          37.53
            48.2097          8.8642        -14.7466
            -4.4603         13.4502         -1.4429
            -9.8414        -13.4210         50.9189

     C    6    anisotropy:    -38.25    eta:   -0.9929
     C    6    sigma_11=     37.62    axis=(  0.762582 -0.125667  0.634569)
     C    6    sigma_22=     62.93    axis=( -0.646877 -0.141337  0.749383)
     C    6    sigma_33=     12.03    axis=( -0.004484 -0.981953 -0.189072)
 
     Atom  7  C   pos: (  0.935082  0.640525  1.578525)  Total sigma:         147.40
           158.4462         -4.3448         11.6499
            -1.5294        131.8694         -7.6412
            11.2524         -0.6299        151.8824

     C    7    anisotropy:     30.50    eta:   -0.6105
     C    7    sigma_11=    143.44    axis=( -0.617050 -0.121272  0.777523)
     C    7    sigma_22=    131.03    axis=(  0.031011  0.983539  0.178016)
     C    7    sigma_33=    167.73    axis=(  0.786313 -0.133957  0.603132)
 
     Atom  8  C   pos: (  0.907314  0.777647  0.233436)  Total sigma:         147.40
           158.4462         -4.3448         11.6499
            -1.5294        131.8694         -7.6412
            11.2524         -0.6299        151.8824

     C    8    anisotropy:     30.50    eta:   -0.6105
     C    8    sigma_11=    143.44    axis=( -0.617050 -0.121272  0.777523)
     C    8    sigma_22=    131.03    axis=(  0.031011  0.983539  0.178016)
     C    8    sigma_33=    167.73    axis=(  0.786313 -0.133957  0.603132)
 
     Atom  9  N   pos: (  0.473025  0.485100  1.160066)  Total sigma:        -144.41
          -198.4301         68.5331       -100.9952
            68.9139        -87.9849        -55.5682
           -95.0124        -51.7635       -146.8201

     N    9    anisotropy:    225.62    eta:   -0.7632
     N    9    sigma_11=   -162.22    axis=( -0.299889  0.725452  0.619505)
     N    9    sigma_22=   -277.01    axis=(  0.817852 -0.138798  0.558439)
     N    9    sigma_33=      6.00    axis=(  0.491106  0.674133 -0.551688)
 
     Atom 10  N   pos: (  1.369371  0.933072  0.651895)  Total sigma:        -144.41
          -198.4301         68.5331       -100.9952
            68.9139        -87.9849        -55.5682
           -95.0124        -51.7635       -146.8201

     N   10    anisotropy:    225.62    eta:   -0.7632
     N   10    sigma_11=   -162.22    axis=( -0.299889  0.725452  0.619505)
     N   10    sigma_22=   -277.01    axis=(  0.817852 -0.138798  0.558439)
     N   10    sigma_33=      6.00    axis=(  0.491106  0.674133 -0.551688)
 
     Atom 11  N   pos: (  0.574241  0.300591  1.502769)  Total sigma:        -141.72
          -161.5320        -30.0469         25.7125
           -37.3350       -106.2465        119.1530
            25.5045        124.4719       -157.3680

     N   11    anisotropy:    202.58    eta:   -0.9246
     N   11    sigma_11=   -146.81    axis=(  0.934033 -0.169081  0.314634)
     N   11    sigma_22=   -271.67    axis=(  0.350760  0.600539 -0.718554)
     N   11    sigma_33=     -6.66    axis=(  0.067456 -0.781514 -0.620230)
 
     Atom 12  N   pos: (  1.268156  1.117581  0.309192)  Total sigma:        -141.72
          -161.5320        -30.0469         25.7125
           -37.3350       -106.2465        119.1530
            25.5045        124.4719       -157.3680

     N   12    anisotropy:    202.58    eta:   -0.9246
     N   12    sigma_11=   -146.81    axis=(  0.934033 -0.169081  0.314634)
     N   12    sigma_22=   -271.67    axis=(  0.350760  0.600539 -0.718554)
     N   12    sigma_33=     -6.66    axis=(  0.067456 -0.781514 -0.620230)
 
     Atom 13  N   pos: (  0.570297  0.800648  1.529925)  Total sigma:        -147.52
          -136.7067         76.6592        117.3571
            80.2001       -170.3662         12.6070
           111.1518          1.9596       -135.4932

     N   13    anisotropy:    222.57    eta:   -0.7550
     N   13    sigma_11=   -165.70    axis=(  0.101963  0.807889 -0.580448)
     N   13    sigma_22=   -277.72    axis=( -0.698275  0.473710  0.536666)
     N   13    sigma_33=      0.86    axis=(  0.708530  0.350592  0.612429)
 
     Atom 14  N   pos: (  1.272100  0.617524  0.282036)  Total sigma:        -147.52
          -136.7067         76.6592        117.3571
            80.2001       -170.3662         12.6070
           111.1518          1.9596       -135.4932

     N   14    anisotropy:    222.57    eta:   -0.7550
     N   14    sigma_11=   -165.70    axis=(  0.101963  0.807889 -0.580448)
     N   14    sigma_22=   -277.72    axis=( -0.698275  0.473710  0.536666)
     N   14    sigma_33=      0.86    axis=(  0.708530  0.350592  0.612429)
 
     Atom 15  N   pos: (  0.832872  0.821566  1.224376)  Total sigma:        -141.77
           -70.3227        -90.8875          3.9352
           -98.6010       -140.1190         77.9829
            -8.8989         73.4432       -214.8628

     N   15    anisotropy:    221.44    eta:   -0.8123
     N   15    sigma_11=   -155.62    axis=( -0.586050 -0.511149 -0.628707)
     N   15    sigma_22=   -275.54    axis=( -0.271349 -0.607309  0.746690)
     N   15    sigma_33=      5.86    axis=( -0.763489  0.608197  0.217214)
 
     Atom 16  N   pos: (  1.009525  0.596606  0.587585)  Total sigma:        -141.77
           -70.3227        -90.8875          3.9352
           -98.6010       -140.1190         77.9829
            -8.8989         73.4432       -214.8628

     N   16    anisotropy:    221.44    eta:   -0.8123
     N   16    sigma_11=   -155.62    axis=( -0.586050 -0.511149 -0.628707)
     N   16    sigma_22=   -275.54    axis=( -0.271349 -0.607309  0.746690)
     N   16    sigma_33=      5.86    axis=( -0.763489  0.608197  0.217214)
 
     Atom 17  O   pos: (  1.339155  0.620973  1.217943)  Total sigma:        -344.49
          -381.3938        328.7247         -7.7395
           200.0360       -305.4379       -349.5713
          -191.2290       -227.5926       -346.6346

     O   17    anisotropy:    678.13    eta:   -0.4689
     O   17    sigma_11=   -464.54    axis=( -0.729373 -0.027834 -0.683550)
     O   17    sigma_22=   -676.52    axis=(  0.485234 -0.725385 -0.488225)
     O   17    sigma_33=    107.60    axis=( -0.482248 -0.687780  0.542582)
 
     Atom 18  O   pos: (  0.503242  0.797199  0.594018)  Total sigma:        -344.49
          -381.3938        328.7247         -7.7395
           200.0360       -305.4379       -349.5713
          -191.2290       -227.5926       -346.6346

     O   18    anisotropy:    678.13    eta:   -0.4689
     O   18    sigma_11=   -464.54    axis=( -0.729373 -0.027834 -0.683550)
     O   18    sigma_22=   -676.52    axis=(  0.485234 -0.725385 -0.488225)
     O   18    sigma_33=    107.60    axis=( -0.482248 -0.687780  0.542582)
 
     Atom 19  O   pos: (  0.460133  0.366721  1.001679)  Total sigma:        -352.39
          -339.2891        156.9247       -206.3665
           287.6602       -279.4122       -256.2195
           -54.1771       -412.3527       -438.4601

     O   19    anisotropy:    716.54    eta:   -0.4854
     O   19    sigma_11=   -475.29    axis=( -0.866363  0.293069 -0.404384)
     O   19    sigma_22=   -707.18    axis=(  0.128734 -0.651301 -0.747820)
     O   19    sigma_33=    125.30    axis=( -0.482538 -0.699941  0.526535)
 
     Atom 20  O   pos: (  1.382263  1.051450  0.810282)  Total sigma:        -352.39
          -339.2891        156.9247       -206.3665
           287.6602       -279.4122       -256.2195
           -54.1771       -412.3527       -438.4601

     O   20    anisotropy:    716.54    eta:   -0.4854
     O   20    sigma_11=   -475.29    axis=( -0.866363  0.293069 -0.404384)
     O   20    sigma_22=   -707.18    axis=(  0.128734 -0.651301 -0.747820)
     O   20    sigma_33=    125.30    axis=( -0.482538 -0.699941  0.526535)
 
     Atom 21  O   pos: (  0.377170  0.281986  1.515107)  Total sigma:        -348.53
          -686.5588         97.8130       -140.3511
           -84.7233       -123.9059        266.8123
            30.2066        278.7259       -235.1332

     O   21    anisotropy:    672.79    eta:   -0.5531
     O   21    sigma_11=   -448.75    axis=( -0.191808 -0.628840  0.753505)
     O   21    sigma_22=   -696.84    axis=( -0.980696  0.093075 -0.171965)
     O   21    sigma_33=     99.99    axis=( -0.038006  0.771944  0.634553)
 
     Atom 22  O   pos: (  1.465226  1.136185  0.296854)  Total sigma:        -348.53
          -686.5588         97.8130       -140.3511
           -84.7233       -123.9059        266.8123
            30.2066        278.7259       -235.1332

     O   22    anisotropy:    672.79    eta:   -0.5531
     O   22    sigma_11=   -448.75    axis=( -0.191808 -0.628840  0.753505)
     O   22    sigma_22=   -696.84    axis=( -0.980696  0.093075 -0.171965)
     O   22    sigma_33=     99.99    axis=( -0.038006  0.771944  0.634553)
 
     Atom 23  O   pos: (  1.124663  1.309050  1.617198)  Total sigma:        -342.68
          -617.7004        -23.2412         10.0656
           139.8717       -151.9285        332.7664
          -192.7124        290.2883       -258.4050

     O   23    anisotropy:    680.76    eta:   -0.5190
     O   23    sigma_11=   -451.82    axis=(  0.542611  0.552103 -0.633053)
     O   23    sigma_22=   -687.38    axis=( -0.839743  0.338476 -0.424577)
     O   23    sigma_33=    111.17    axis=(  0.020137 -0.761982 -0.647285)
 
     Atom 24  O   pos: (  0.717733  0.109122  0.194763)  Total sigma:        -342.68
          -617.7004        -23.2412         10.0656
           139.8717       -151.9285        332.7664
          -192.7124        290.2883       -258.4050

     O   24    anisotropy:    680.76    eta:   -0.5190
     O   24    sigma_11=   -451.82    axis=(  0.542611  0.552103 -0.633053)
     O   24    sigma_22=   -687.38    axis=( -0.839743  0.338476 -0.424577)
     O   24    sigma_33=    111.17    axis=(  0.020137 -0.761982 -0.647285)
 
     Atom 25  O   pos: (  1.491263  0.708915  1.687843)  Total sigma:        -325.87
          -160.5790         44.2279        287.7849
           221.7703       -443.5697        118.1051
           211.6499        333.7698       -373.4517

     O   25    anisotropy:    651.92    eta:   -0.4859
     O   25    sigma_11=   -437.58    axis=( -0.667671  0.621709  0.409503)
     O   25    sigma_22=   -648.76    axis=(  0.184478  0.671084 -0.718062)
     O   25    sigma_33=    108.74    axis=( -0.721237 -0.403885 -0.562755)
 
     Atom 26  O   pos: (  0.351134  0.709256  0.124119)  Total sigma:        -325.87
          -160.5790         44.2279        287.7849
           221.7703       -443.5697        118.1051
           211.6499        333.7698       -373.4517

     O   26    anisotropy:    651.92    eta:   -0.4859
     O   26    sigma_11=   -437.58    axis=( -0.667671  0.621709  0.409503)
     O   26    sigma_22=   -648.76    axis=(  0.184478  0.671084 -0.718062)
     O   26    sigma_33=    108.74    axis=( -0.721237 -0.403885 -0.562755)
 
     Atom 27  O   pos: (  1.528904  0.982116  1.463222)  Total sigma:        -355.09
          -173.0063        203.8662        195.5708
            86.0307       -565.3439        328.8572
           267.6877        137.1128       -326.9330

     O   27    anisotropy:    674.51    eta:   -0.5690
     O   27    sigma_11=   -451.99    axis=( -0.699639  0.366276  0.613472)
     O   27    sigma_22=   -707.87    axis=( -0.007119  0.854990 -0.518595)
     O   27    sigma_33=     94.58    axis=( -0.714461 -0.367197 -0.595577)
 
     Atom 28  O   pos: (  0.313492  0.436056  0.348739)  Total sigma:        -355.09
          -173.0063        203.8662        195.5708
            86.0307       -565.3439        328.8572
           267.6877        137.1128       -326.9330

     O   28    anisotropy:    674.51    eta:   -0.5690
     O   28    sigma_11=   -451.99    axis=( -0.699639  0.366276  0.613472)
     O   28    sigma_22=   -707.87    axis=( -0.007119  0.854990 -0.518595)
     O   28    sigma_33=     94.58    axis=( -0.714461 -0.367197 -0.595577)
 
     Atom 29  O   pos: (  0.751052  0.794716  1.044870)  Total sigma:        -359.48
          -203.2527       -328.3427        -86.5743
          -278.5724       -283.9459        108.9884
          -272.3619        -69.5229       -591.2325

     O   29    anisotropy:    682.06    eta:   -0.4722
     O   29    sigma_11=   -479.47    axis=(  0.424546  0.714967 -0.555502)
     O   29    sigma_22=   -694.19    axis=( -0.496879 -0.328912 -0.803074)
     O   29    sigma_33=     95.23    axis=(  0.756883 -0.616960 -0.215613)
 
     Atom 30  O   pos: (  1.091344  0.623455  0.767091)  Total sigma:        -359.48
          -203.2527       -328.3427        -86.5743
          -278.5724       -283.9459        108.9884
          -272.3619        -69.5229       -591.2325

     O   30    anisotropy:    682.06    eta:   -0.4722
     O   30    sigma_11=   -479.47    axis=(  0.424546  0.714967 -0.555502)
     O   30    sigma_22=   -694.19    axis=( -0.496879 -0.328912 -0.803074)
     O   30    sigma_33=     95.23    axis=(  0.756883 -0.616960 -0.215613)
 
     Atom 31  O   pos: (  0.965340  0.960667  1.274170)  Total sigma:        -344.12
          -249.1386       -343.9415       -237.7958
          -375.4696       -308.5791        -65.1088
           -84.2943        144.7658       -474.6570

     O   31    anisotropy:    693.59    eta:   -0.4372
     O   31    sigma_11=   -474.23    axis=( -0.117592 -0.466164  0.876849)
     O   31    sigma_22=   -676.41    axis=( -0.672328 -0.612462 -0.415771)
     O   31    sigma_33=    118.27    axis=(  0.730854 -0.638421 -0.241394)
 
     Atom 32  O   pos: (  0.877057  0.457505  0.537791)  Total sigma:        -344.12
          -249.1386       -343.9415       -237.7958
          -375.4696       -308.5791        -65.1088
           -84.2943        144.7658       -474.6570

     O   32    anisotropy:    693.59    eta:   -0.4372
     O   32    sigma_11=   -474.23    axis=( -0.117592 -0.466164  0.876849)
     O   32    sigma_22=   -676.41    axis=( -0.672328 -0.612462 -0.415771)
     O   32    sigma_33=    118.27    axis=(  0.730854 -0.638421 -0.241394)
 
     Atom 33  H   pos: (  0.978340  0.284127  1.317296)  Total sigma:          27.98
            29.9770         -2.1770          3.6166
            -1.6247         26.2366         -0.7706
             3.2600         -0.6299         27.7315

     H   33    anisotropy:      7.58    eta:   -0.2266
     H   33    sigma_11=     26.03    axis=(  0.129846 -0.797057 -0.589779)
     H   33    sigma_22=     24.88    axis=(  0.600454  0.536553 -0.592929)
     H   33    sigma_33=     33.03    axis=(  0.789047 -0.277146  0.548266)
 
     Atom 34  H   pos: (  0.864056  1.134045  0.494665)  Total sigma:          27.98
            29.9770         -2.1770          3.6166
            -1.6247         26.2366         -0.7706
             3.2600         -0.6299         27.7315

     H   34    anisotropy:      7.58    eta:   -0.2266
     H   34    sigma_11=     26.03    axis=(  0.129846 -0.797057 -0.589779)
     H   34    sigma_22=     24.88    axis=(  0.600454  0.536553 -0.592929)
     H   34    sigma_33=     33.03    axis=(  0.789047 -0.277146  0.548266)
 
     Atom 35  H   pos: (  0.918159  0.419950  1.066561)  Total sigma:          28.33
            26.9366          0.2777         -3.1329
             2.5251         26.7250         -1.6163
            -3.7174         -2.6065         31.3230

     H   35    anisotropy:      8.61    eta:   -0.1557
     H   35    sigma_11=     25.91    axis=(  0.053731  0.918418  0.391945)
     H   35    sigma_22=     25.01    axis=(  0.885937 -0.224931  0.405612)
     H   35    sigma_33=     34.07    axis=( -0.460682 -0.325445  0.825747)
 
     Atom 36  H   pos: (  0.924238  0.998221  0.745400)  Total sigma:          28.33
            26.9366          0.2777         -3.1329
             2.5251         26.7250         -1.6163
            -3.7174         -2.6065         31.3230

     H   36    anisotropy:      8.61    eta:   -0.1557
     H   36    sigma_11=     25.91    axis=(  0.053731  0.918418  0.391945)
     H   36    sigma_22=     25.01    axis=(  0.885937 -0.224931  0.405612)
     H   36    sigma_33=     34.07    axis=( -0.460682 -0.325445  0.825747)
 
     Atom 37  H   pos: (  1.198682  1.270149  1.133942)  Total sigma:          27.60
            25.0364          0.8567          1.4696
             1.5974         30.2225          4.5571
             1.8187          2.5594         27.5420

     H   37    anisotropy:      8.33    eta:   -0.2465
     H   37    sigma_11=     25.51    axis=(  0.541832 -0.591615  0.597000)
     H   37    sigma_22=     24.14    axis=( -0.807147 -0.168194  0.565883)
     H   37    sigma_33=     33.15    axis=(  0.234373  0.788481  0.568653)
 
     Atom 38  H   pos: (  0.643714  0.148023  0.678019)  Total sigma:          27.60
            25.0364          0.8567          1.4696
             1.5974         30.2225          4.5571
             1.8187          2.5594         27.5420

     H   38    anisotropy:      8.33    eta:   -0.2465
     H   38    sigma_11=     25.51    axis=(  0.541832 -0.591615  0.597000)
     H   38    sigma_22=     24.14    axis=( -0.807147 -0.168194  0.565883)
     H   38    sigma_33=     33.15    axis=(  0.234373  0.788481  0.568653)
 
     Atom 39  H   pos: (  0.872340  0.554681  1.720818)  Total sigma:          27.86
            25.8249          0.7548         -0.9083
             1.6477         27.0256         -3.3813
             0.5758         -2.6554         30.7427

     H   39    anisotropy:      6.97    eta:   -0.4232
     H   39    sigma_11=     26.52    axis=(  0.771046  0.503086  0.390375)
     H   39    sigma_22=     24.56    axis=(  0.627063 -0.706553 -0.327986)
     H   39    sigma_33=     32.51    axis=( -0.110815 -0.497682  0.860252)
 
     Atom 40  H   pos: (  0.970056  0.863491  0.091143)  Total sigma:          27.86
            25.8249          0.7548         -0.9083
             1.6477         27.0256         -3.3813
             0.5758         -2.6554         30.7427

     H   40    anisotropy:      6.97    eta:   -0.4232
     H   40    sigma_11=     26.52    axis=(  0.771046  0.503086  0.390375)
     H   40    sigma_22=     24.56    axis=(  0.627063 -0.706553 -0.327986)
     H   40    sigma_33=     32.51    axis=( -0.110815 -0.497682  0.860252)
 
     Atom 41  H   pos: (  1.071934  0.550345  1.509800)  Total sigma:          28.43
            33.0688         -3.1457         -0.5573
            -2.0425         26.6524          0.3115
            -0.6865          2.3126         25.5755

     H   41    anisotropy:      8.52    eta:   -0.3634
     H   41    sigma_11=     26.62    axis=(  0.336651  0.680195  0.651154)
     H   41    sigma_22=     24.56    axis=( -0.142438 -0.646775  0.749262)
     H   41    sigma_33=     34.11    axis=( -0.930794  0.344989  0.120852)
 
     Atom 42  H   pos: (  0.770463  0.867826  0.302161)  Total sigma:          28.43
            33.0688         -3.1457         -0.5573
            -2.0425         26.6524          0.3115
            -0.6865          2.3126         25.5755

     H   42    anisotropy:      8.52    eta:   -0.3634
     H   42    sigma_11=     26.62    axis=(  0.336651  0.680195  0.651154)
     H   42    sigma_22=     24.56    axis=( -0.142438 -0.646775  0.749262)
     H   42    sigma_33=     34.11    axis=( -0.930794  0.344989  0.120852)
 
     Atom 43  H   pos: (  0.989848  0.802025  1.628981)  Total sigma:          27.88
            27.0034          2.5408          0.6291
             2.5617         30.1541          0.6498
             2.2812          2.9472         26.4912

     H   43    anisotropy:      6.85    eta:   -0.1616
     H   43    sigma_11=     25.97    axis=(  0.466424 -0.573520  0.673441)
     H   43    sigma_22=     25.23    axis=( -0.747691  0.151189  0.646606)
     H   43    sigma_33=     32.45    axis=(  0.472659  0.805119  0.358298)
 
     Atom 44  H   pos: (  0.852548  0.616146  0.182980)  Total sigma:          27.88
            27.0034          2.5408          0.6291
             2.5617         30.1541          0.6498
             2.2812          2.9472         26.4912

     H   44    anisotropy:      6.85    eta:   -0.1616
     H   44    sigma_11=     25.97    axis=(  0.466424 -0.573520  0.673441)
     H   44    sigma_22=     25.23    axis=( -0.747691  0.151189  0.646606)
     H   44    sigma_33=     32.45    axis=(  0.472659  0.805119  0.358298)
 
     Initialization:
     gipaw_setup  :      0.36s CPU      0.38s WALL (       1 calls)
 
     Linear response
     greenf       :  10071.16s CPU  10405.55s WALL (     240 calls)
     cgsolve      :  10023.19s CPU  10357.42s WALL (     240 calls)
     ch_psi       :   9814.28s CPU  10148.21s WALL (   16397 calls)
     h_psiq       :   7739.79s CPU   8070.28s WALL (   16397 calls)
 
     Apply operators
     h_psi        :   7124.11s CPU   7492.00s WALL (   22774 calls)
     apply_vel    :    118.27s CPU    118.41s WALL (     210 calls)
 
     Induced current
     j_para       :    515.02s CPU    535.34s WALL (     270 calls)
     biot_savart  :      0.05s CPU      0.06s WALL (       1 calls)
 
     Other routines
 
     General routines
     calbec       :   2192.20s CPU   2200.80s WALL (   57598 calls)
     fft          :      0.18s CPU      0.20s WALL (      32 calls)
     fftw         :   5524.36s CPU   5887.10s WALL ( 3601306 calls)
     davcio       :      0.03s CPU      1.15s WALL (     160 calls)
 
     Parallel routines
     fft_scatter  :   1098.46s CPU   1311.62s WALL ( 3601338 calls)
 
     Plugins
 
     GIPAW        :  12358.18s CPU  12767.38s WALL (       1 calls)
