
     Program QE v.6.1 (svn rev. 13369) starts on 29Apr2018 at 23: 3: 3 

     This program is part of the open-source Quantum ESPRESSO suite
     for quantum simulation of materials; please cite
         "P. Giannozzi et al., J. Phys.:Condens. Matter 21 395502 (2009);
          URL http://www.quantum-espresso.org", 
     in publications or presentations arising from this work. More details at
     http://www.quantum-espresso.org/quote

     Parallel version (MPI), running on     8 processors
     R & G space division:  proc/nbgrp/npool/nimage =       8
 
     ***** This is GIPAW svn revision unknown      *****
 
     Parallelizing q-star over 1 images
     Message from routine gipaw_readin:
     *** iverbosity is obsolete, use verbosity instead ***

     Reading data from directory:
     /scratch/paruzzo/QEspresso/CCDC_plusS/BIRFEN01/wfc/scf.save

   Info: using nr1, nr2, nr3 values from input

   Info: using nr1, nr2, nr3 values from input

     IMPORTANT: XC functional enforced from input :
     Exchange-correlation      =  SLA  PW   PBX  PBC ( 1  4  3  4 0 0)
     Any further DFT definition will be discarded
     Please, verify this is what you really want

               file C.pbe-n-kjpaw_psl.0.1.UPF: wavefunction(s)  2P renormalized
               file N.pbe-n-kjpaw_psl.0.1.UPF: wavefunction(s)  2P renormalized
               file H.pbe-kjpaw_psl.0.1.UPF: wavefunction(s)  1S renormalized
               file O.pbe-n-kjpaw_psl.0.1.UPF: wavefunction(s)  2P renormalized
               file S.pbe-n-kjpaw_psl.0.1.UPF: wavefunction(s)  3P renormalized
 
     Parallelization info
     --------------------
     sticks:   dense  smooth     PW     G-vecs:    dense   smooth      PW
     Min         719     719    191                47687    47687    6636
     Max         720     720    192                47688    47688    6639
     Sum        5753    5753   1535               381499   381499   53101
 

     Check: negative/imaginary core charge=   -0.000001    0.000000

     Subspace diagonalization in iterative solution of the eigenvalue problem:
     a serial algorithm will be used

     GIPAW projectors -----------------------------------------------
     atom=  C    l=0  rc=    1.3000  rs=    0.8667
     atom=  C    l=0  rc=    1.3000  rs=    0.8667
     atom=  C    l=1  rc=    1.4500  rs=    0.9667
     atom=  C    l=1  rc=    1.4500  rs=    0.9667
     projs nearly linearly dependent: l=0  n1,n2= 1, 2  s=  0.99877758
     projs nearly linearly dependent: l=1  n1,n2= 1, 2  s=  0.99940894
 
     atom=  N    l=0  rc=    1.3000  rs=    0.8667
     atom=  N    l=0  rc=    1.3000  rs=    0.8667
     atom=  N    l=1  rc=    1.4500  rs=    0.9667
     atom=  N    l=1  rc=    1.4500  rs=    0.9667
     projs nearly linearly dependent: l=0  n1,n2= 1, 2  s=  0.99709514
     projs nearly linearly dependent: l=1  n1,n2= 1, 2  s=  0.99857174
 
     atom=  H    l=0  rc=    1.0000  rs=    0.6667
     atom=  H    l=0  rc=    1.0000  rs=    0.6667
     projs nearly linearly dependent: l=0  n1,n2= 1, 2  s=  0.99968852
 
     atom=  O    l=0  rc=    1.3500  rs=    0.9000
     atom=  O    l=0  rc=    1.3500  rs=    0.9000
     atom=  O    l=1  rc=    1.3500  rs=    0.9000
     atom=  O    l=1  rc=    1.3500  rs=    0.9000
     projs nearly linearly dependent: l=0  n1,n2= 1, 2  s=  0.99100135
     projs nearly linearly dependent: l=1  n1,n2= 1, 2  s=  0.99790100
 
     atom=  S    l=0  rc=    2.1000  rs=    1.4000
     atom=  S    l=0  rc=    2.1000  rs=    1.4000
     atom=  S    l=1  rc=    2.1000  rs=    1.4000
     atom=  S    l=1  rc=    2.1000  rs=    1.4000
     -----------------------------------------------------------------
 
     alpha_pv=     35.2240 eV
 
     q-space interpolation up to   110.00 Rydberg
 
     GIPAW job: nmr                                                                             
     NMR macroscopic correction: yes
             0.6667          0.0000          0.0000
             0.0000          0.6667          0.0000
             0.0000          0.0000          0.6667

 
     Largest allocated arrays     est. size (Mb)     dimensions
        KS wavefunctions at k           5.59 Mb     (    6007,   61)
        KS wavefunctions at k+q         5.59 Mb     (    6007,   61)
        First-order wavefunctions      55.91 Mb     (    6007,   61, 10)
        First-order wavefunct (US)     33.55 Mb     (    6007,   61,  6)
        Charge/spin density             0.93 Mb     (  121500,    1)
        Induced current                 8.34 Mb     (  121500,    3,3,1)
        Induced magnetic field          8.34 Mb     (  121500,    3,3,1)
        NL pseudopotentials            16.50 Mb     (    6007,  180)
        GIPAW NL terms                 16.50 Mb     (    6007,  180)
 
     Computing the magnetic susceptibility     isolve=0    ethr=  0.1000E-13
     k-point #    1 of     8      pool #  1    cpu time:       7.6
     Rotating WFCS
     Rotating WFCS
     Rotating WFCS
     Rotating WFCS
     c_bands:  1 eigenvalues not converged
     Rotating WFCS
     c_bands:  1 eigenvalues not converged
     Rotating WFCS
     c_bands:  1 eigenvalues not converged
     Rotating WFCS
     k-point #    2 of     8      pool #  1    cpu time:     542.6
     Rotating WFCS
     c_bands:  1 eigenvalues not converged
     Rotating WFCS
     c_bands:  1 eigenvalues not converged
     Rotating WFCS
     c_bands:  1 eigenvalues not converged
     Rotating WFCS
     c_bands:  1 eigenvalues not converged
     Rotating WFCS
     c_bands:  1 eigenvalues not converged
     Rotating WFCS
     c_bands:  1 eigenvalues not converged
     Rotating WFCS
     c_bands:  1 eigenvalues not converged
     k-point #    3 of     8      pool #  1    cpu time:    1088.4
     Rotating WFCS
     c_bands:  1 eigenvalues not converged
     Rotating WFCS
     c_bands:  1 eigenvalues not converged
     Rotating WFCS
     c_bands:  1 eigenvalues not converged
     Rotating WFCS
     c_bands:  1 eigenvalues not converged
     Rotating WFCS
     c_bands:  1 eigenvalues not converged
     Rotating WFCS
     c_bands:  2 eigenvalues not converged
     Rotating WFCS
     c_bands:  1 eigenvalues not converged
     k-point #    4 of     8      pool #  1    cpu time:    1635.3
     Rotating WFCS
     Rotating WFCS
     Rotating WFCS
     Rotating WFCS
     Rotating WFCS
     Rotating WFCS
     Rotating WFCS
     k-point #    5 of     8      pool #  1    cpu time:    2176.9
     Rotating WFCS
     c_bands:  1 eigenvalues not converged
     Rotating WFCS
     c_bands:  1 eigenvalues not converged
     Rotating WFCS
     Rotating WFCS
     Rotating WFCS
     Rotating WFCS
     c_bands:  2 eigenvalues not converged
     Rotating WFCS
     c_bands:  1 eigenvalues not converged
     k-point #    6 of     8      pool #  1    cpu time:    2747.1
     Rotating WFCS
     Rotating WFCS
     Rotating WFCS
     Rotating WFCS
     c_bands:  1 eigenvalues not converged
     Rotating WFCS
     Rotating WFCS
     Rotating WFCS
     k-point #    7 of     8      pool #  1    cpu time:    3303.5
     Rotating WFCS
     c_bands:  1 eigenvalues not converged
     Rotating WFCS
     c_bands:  1 eigenvalues not converged
     Rotating WFCS
     Rotating WFCS
     c_bands:  1 eigenvalues not converged
     Rotating WFCS
     Rotating WFCS
     c_bands:  1 eigenvalues not converged
     Rotating WFCS
     k-point #    8 of     8      pool #  1    cpu time:    3865.8
     Rotating WFCS
     Rotating WFCS
     Rotating WFCS
     c_bands:  1 eigenvalues not converged
     Rotating WFCS
     c_bands:  1 eigenvalues not converged
     Rotating WFCS
     c_bands:  1 eigenvalues not converged
     Rotating WFCS
     Rotating WFCS
     End of magnetic susceptibility calculation
 
     f-sum rule (1st term):
          -105.9638          0.0133          0.0247
             0.0138       -106.0034         -0.0235
             0.0208         -0.0252       -106.0206

     f-sum rule (2nd term):
            -0.7994         -0.0120         -0.0218
            -0.0121         -0.7891          0.0261
            -0.0199          0.0252         -0.7621

     f-sum rule (should be  -106.7696):
          -106.7632          0.0014          0.0029
             0.0017       -106.7926          0.0026
             0.0009         -0.0001       -106.7828

     chi_bare pGv (HH) in paratec units:
       -51.811352      4.733578     -0.442168
         4.730550    -47.189253      0.658329
        -0.767474      0.655652    -42.971183

       -51.811352      4.733578     -0.442168
         4.730550    -47.189253      0.658329
        -0.767474      0.655652    -42.971183

     chi_bare vGv (VV) in paratec units:
       -48.052553      5.612749     -0.841320
         5.615744    -43.504892      0.874562
        -0.831203      0.863494    -38.595779

       -48.052553      5.612749     -0.841320
         5.615744    -43.504892      0.874562
        -0.831203      0.863494    -38.595779

     chi_bare pGv (HH) in 10^{-6} cm^3/mol:
          -246.2124         22.4944         -2.1012
            22.4800       -224.2478          3.1284
            -3.6471          3.1157       -204.2031

     chi_bare vGv (VV) in 10^{-6} cm^3/mol:
          -228.3503         26.6723         -3.9980
            26.6865       -206.7393          4.1560
            -3.9500          4.1034       -183.4108

     Contributions to the NMR chemical shifts: -------------------------------
 
     Macroscopic shape contribution in ppm:                    7.48
             8.1859          0.0000          0.0000
             0.0000          7.4556          0.0000
             0.0000          0.0000          6.7892

 
     Core contribution in ppm:
 
     Atom  1  S   pos: (  0.614502  0.772035  0.815836)  core sigma:         979.79
     Atom  2  S   pos: (  0.010500 -0.057287  0.553912)  core sigma:         979.79
     Atom  3  S   pos: (  0.317870  0.558975  1.167838)  core sigma:         979.79
     Atom  4  S   pos: (  0.307132  0.155772  0.201910)  core sigma:         979.79
     Atom  5  S   pos: (  0.517931  0.614415  0.270770)  core sigma:         979.79
     Atom  6  S   pos: (  0.107071  0.100333  1.098977)  core sigma:         979.79
     Atom  7  C   pos: (  0.447985  0.545362  0.730230)  core sigma:         200.51
     Atom  8  C   pos: (  0.177017  0.169386  0.639517)  core sigma:         200.51
     Atom  9  C   pos: (  0.327427  0.437877  0.899921)  core sigma:         200.51
     Atom 10  C   pos: (  0.297575  0.276871  0.469827)  core sigma:         200.51
     Atom 11  C   pos: (  0.424222  0.468927  0.508972)  core sigma:         200.51
     Atom 12  C   pos: (  0.200780  0.245820  0.860776)  core sigma:         200.51
     Atom 13  C   pos: ( -0.141978  0.753167  0.641358)  core sigma:         200.51
     Atom 14  C   pos: (  0.766980 -0.038419  0.728390)  core sigma:         200.51
     Atom 15  H   pos: ( -0.097352  0.578984  0.613699)  core sigma:           0.00
     Atom 16  H   pos: (  0.722353  0.135764  0.756049)  core sigma:           0.00
     Atom 17  H   pos: ( -0.009722  0.836586  0.734863)  core sigma:           0.00
     Atom 18  H   pos: (  0.634724 -0.121838  0.634885)  core sigma:           0.00
     Atom 19  H   pos: ( -0.163481  0.835800  0.480998)  core sigma:           0.00
     Atom 20  H   pos: (  0.788482 -0.121053  0.888749)  core sigma:           0.00
     Atom 21  C   pos: (  0.568310  0.447663  1.291956)  core sigma:         200.51
     Atom 22  C   pos: (  0.056692  0.267084  0.077792)  core sigma:         200.51
     Atom 23  H   pos: (  0.558357  0.266456  1.297655)  core sigma:           0.00
     Atom 24  H   pos: (  0.066645  0.448292  0.072092)  core sigma:           0.00
     Atom 25  H   pos: (  0.915298  1.183279  0.091063)  core sigma:           0.00
     Atom 26  H   pos: ( -0.290297 -0.468531  1.278684)  core sigma:           0.00
     Atom 27  H   pos: ( -0.284690  0.501837  1.196855)  core sigma:           0.00
     Atom 28  H   pos: (  0.909692  0.212910  0.172892)  core sigma:           0.00
     Atom 29  C   pos: (  0.403858  0.888580  0.317665)  core sigma:         200.51
     Atom 30  C   pos: (  0.221144 -0.173832  1.052082)  core sigma:         200.51
     Atom 31  H   pos: (  0.480505  0.974296  0.458403)  core sigma:           0.00
     Atom 32  H   pos: (  0.144497 -0.259548  0.911344)  core sigma:           0.00
     Atom 33  H   pos: (  0.434484  0.979917  0.163175)  core sigma:           0.00
     Atom 34  H   pos: (  0.190517 -0.265169  1.206573)  core sigma:           0.00
     Atom 35  H   pos: (  0.224716  0.876298  0.345414)  core sigma:           0.00
     Atom 36  H   pos: (  0.400286 -0.161550  1.024333)  core sigma:           0.00
 
     Bare contribution in ppm:
 
     Atom  1  S   pos: (  0.614502  0.772035  0.815836)  bare sigma:          23.42
            32.8448         15.9244         -7.3954
            19.0401         25.3876          6.7742
            -2.1581          3.6878         12.0286

     Atom  2  S   pos: (  0.010500 -0.057287  0.553912)  bare sigma:          23.42
            32.8448         15.9244         -7.3954
            19.0401         25.3876          6.7742
            -2.1581          3.6878         12.0286

     Atom  3  S   pos: (  0.317870  0.558975  1.167838)  bare sigma:          25.58
            19.7085         -0.8924         10.1848
            -6.2583         15.5580          6.2971
             7.6382          9.6812         41.4621

     Atom  4  S   pos: (  0.307132  0.155772  0.201910)  bare sigma:          25.58
            19.7085         -0.8924         10.1848
            -6.2583         15.5580          6.2971
             7.6382          9.6812         41.4621

     Atom  5  S   pos: (  0.517931  0.614415  0.270770)  bare sigma:          23.65
             8.2344         -1.9721         -9.2416
            -0.2561         34.1339        -13.5316
            -5.3448        -18.9066         28.5944

     Atom  6  S   pos: (  0.107071  0.100333  1.098977)  bare sigma:          23.65
             8.2344         -1.9721         -9.2416
            -0.2561         34.1339        -13.5316
            -5.3448        -18.9066         28.5944

     Atom  7  C   pos: (  0.447985  0.545362  0.730230)  bare sigma:         -62.10
           -48.4875        -28.7162          6.0894
           -36.0338        -64.7766        -12.6834
             0.8575         -9.2897        -73.0393

     Atom  8  C   pos: (  0.177017  0.169386  0.639517)  bare sigma:         -62.10
           -48.4875        -28.7162          6.0894
           -36.0338        -64.7766        -12.6834
             0.8575         -9.2897        -73.0393

     Atom  9  C   pos: (  0.327427  0.437877  0.899921)  bare sigma:         -59.04
           -34.1136        -29.6860         -6.8269
           -19.0635        -48.0532         -3.5771
            12.0895        -22.5263        -94.9656

     Atom 10  C   pos: (  0.297575  0.276871  0.469827)  bare sigma:         -59.04
           -34.1136        -29.6860         -6.8269
           -19.0635        -48.0532         -3.5771
            12.0895        -22.5263        -94.9656

     Atom 11  C   pos: (  0.424222  0.468927  0.508972)  bare sigma:         -60.00
           -36.3236        -23.5070         20.6432
           -22.0269        -58.7686          0.5424
             7.1538          7.7868        -84.8956

     Atom 12  C   pos: (  0.200780  0.245820  0.860776)  bare sigma:         -60.00
           -36.3236        -23.5070         20.6432
           -22.0269        -58.7686          0.5424
             7.1538          7.7868        -84.8956

     Atom 13  C   pos: ( -0.141978  0.753167  0.641358)  bare sigma:           2.57
            10.1688         -5.4577         -7.1392
            -0.1372          0.0112          0.6163
            -8.3035         -0.8837         -2.4629

     Atom 14  C   pos: (  0.766980 -0.038419  0.728390)  bare sigma:           2.57
            10.1688         -5.4577         -7.1392
            -0.1372          0.0112          0.6163
            -8.3035         -0.8837         -2.4629

     Atom 15  H   pos: ( -0.097352  0.578984  0.613699)  bare sigma:          22.81
            26.4522         -4.8491         -1.1388
            -6.7888         24.1117          1.1202
            -0.5249          1.2516         17.8557

     Atom 16  H   pos: (  0.722353  0.135764  0.756049)  bare sigma:          22.81
            26.4522         -4.8491         -1.1388
            -6.7888         24.1117          1.1202
            -0.5249          1.2516         17.8557

     Atom 17  H   pos: ( -0.009722  0.836586  0.734863)  bare sigma:          20.82
            24.4390          1.5868          1.9041
             3.3430         20.7980          1.8518
             1.5943          0.4675         17.2175

     Atom 18  H   pos: (  0.634724 -0.121838  0.634885)  bare sigma:          20.82
            24.4390          1.5868          1.9041
             3.3430         20.7980          1.8518
             1.5943          0.4675         17.2175

     Atom 19  H   pos: ( -0.163481  0.835800  0.480998)  bare sigma:          20.20
            19.8146          2.5177          0.3830
             2.5295         18.2611         -2.4637
            -0.9709         -2.2889         22.5244

     Atom 20  H   pos: (  0.788482 -0.121053  0.888749)  bare sigma:          20.20
            19.8146          2.5177          0.3830
             2.5295         18.2611         -2.4637
            -0.9709         -2.2889         22.5244

     Atom 21  C   pos: (  0.568310  0.447663  1.291956)  bare sigma:           1.82
             7.7937         -9.4300          7.3542
            -7.6773         -3.1046          0.1092
             8.3693         -1.1666          0.7668

     Atom 22  C   pos: (  0.056692  0.267084  0.077792)  bare sigma:           1.82
             7.7937         -9.4300          7.3542
            -7.6773         -3.1046          0.1092
             8.3693         -1.1666          0.7668

     Atom 23  H   pos: (  0.558357  0.266456  1.297655)  bare sigma:          19.94
            18.4388         -0.4001          2.7105
             0.6056         22.9039         -2.7136
             0.8415         -1.2292         18.4813

     Atom 24  H   pos: (  0.066645  0.448292  0.072092)  bare sigma:          19.94
            18.4388         -0.4001          2.7105
             0.6056         22.9039         -2.7136
             0.8415         -1.2292         18.4813

     Atom 25  H   pos: (  0.915298  1.183279  0.091063)  bare sigma:          19.49
            15.4476          2.2953          3.5860
             1.8335         16.9379          2.7305
             3.5982          3.1910         26.0862

     Atom 26  H   pos: ( -0.290297 -0.468531  1.278684)  bare sigma:          19.49
            15.4476          2.2953          3.5860
             1.8335         16.9379          2.7305
             3.5982          3.1910         26.0862

     Atom 27  H   pos: ( -0.284690  0.501837  1.196855)  bare sigma:          19.27
            23.0871          3.7478         -0.6458
            -0.2380         15.4334         -1.5058
            -0.6284         -0.1017         19.2814

     Atom 28  H   pos: (  0.909692  0.212910  0.172892)  bare sigma:          19.27
            23.0871          3.7478         -0.6458
            -0.2380         15.4334         -1.5058
            -0.6284         -0.1017         19.2814

     Atom 29  C   pos: (  0.403858  0.888580  0.317665)  bare sigma:           2.72
             3.8858         -7.0572         -7.9766
           -12.1016         12.5683         -0.7407
            -2.1599          2.7066         -8.2859

     Atom 30  C   pos: (  0.221144 -0.173832  1.052082)  bare sigma:           2.72
             3.8858         -7.0572         -7.9766
           -12.1016         12.5683         -0.7407
            -2.1599          2.7066         -8.2859

     Atom 31  H   pos: (  0.480505  0.974296  0.458403)  bare sigma:          19.56
            14.7799         -1.0386          3.1534
             1.4869         23.1525          2.9167
             2.7339          2.0090         20.7328

     Atom 32  H   pos: (  0.144497 -0.259548  0.911344)  bare sigma:          19.56
            14.7799         -1.0386          3.1534
             1.4869         23.1525          2.9167
             2.7339          2.0090         20.7328

     Atom 33  H   pos: (  0.434484  0.979917  0.163175)  bare sigma:          18.86
            14.0005          0.4274         -2.5421
             1.0320         20.1351         -4.4533
            -1.5733         -3.9528         22.4429

     Atom 34  H   pos: (  0.190517 -0.265169  1.206573)  bare sigma:          18.86
            14.0005          0.4275         -2.5421
             1.0320         20.1351         -4.4533
            -1.5733         -3.9528         22.4429

     Atom 35  H   pos: (  0.224716  0.876298  0.345414)  bare sigma:          20.98
            25.6319         -2.9239         -1.0417
            -2.9243         20.0171          0.3548
            -1.9436          0.2868         17.2773

     Atom 36  H   pos: (  0.400286 -0.161550  1.024333)  bare sigma:          20.98
            25.6319         -2.9239         -1.0417
            -2.9243         20.0171          0.3548
            -1.9436          0.2868         17.2773

     Diamagnetic contribution in ppm:
 
     Atom  1  S   pos: (  0.614502  0.772035  0.815836)  dia sigma:         -11.25
           -11.1470          0.1290         -0.0925
             0.1290        -11.2682          0.0972
            -0.0925          0.0972        -11.3235

     Atom  2  S   pos: (  0.010500 -0.057287  0.553912)  dia sigma:         -11.25
           -11.1470          0.1290         -0.0925
             0.1290        -11.2682          0.0972
            -0.0925          0.0972        -11.3235

     Atom  3  S   pos: (  0.317870  0.558975  1.167838)  dia sigma:         -11.18
           -11.1829         -0.1171          0.1039
            -0.1171        -11.3108          0.0881
             0.1039          0.0881        -11.0609

     Atom  4  S   pos: (  0.307132  0.155772  0.201910)  dia sigma:         -11.18
           -11.1829         -0.1171          0.1039
            -0.1171        -11.3108          0.0881
             0.1039          0.0881        -11.0609

     Atom  5  S   pos: (  0.517931  0.614415  0.270770)  dia sigma:         -11.26
           -11.4129         -0.0689         -0.1082
            -0.0689        -11.1267         -0.0968
            -0.1082         -0.0968        -11.2357

     Atom  6  S   pos: (  0.107071  0.100333  1.098977)  dia sigma:         -11.26
           -11.4129         -0.0689         -0.1082
            -0.0689        -11.1267         -0.0968
            -0.1082         -0.0968        -11.2357

     Atom  7  C   pos: (  0.447985  0.545362  0.730230)  dia sigma:           4.14
             4.1721         -0.0149          0.0495
            -0.0149          4.1903          0.0053
             0.0495          0.0053          4.0475

     Atom  8  C   pos: (  0.177017  0.169386  0.639517)  dia sigma:           4.14
             4.1721         -0.0149          0.0495
            -0.0149          4.1903          0.0053
             0.0495          0.0053          4.0475

     Atom  9  C   pos: (  0.327427  0.437877  0.899921)  dia sigma:           4.15
             4.1632         -0.0834          0.0185
            -0.0834          4.1245          0.0346
             0.0185          0.0346          4.1692

     Atom 10  C   pos: (  0.297575  0.276871  0.469827)  dia sigma:           4.15
             4.1632         -0.0834          0.0185
            -0.0834          4.1245          0.0346
             0.0185          0.0346          4.1692

     Atom 11  C   pos: (  0.424222  0.468927  0.508972)  dia sigma:           4.15
             4.1893         -0.0462         -0.0162
            -0.0462          4.1228         -0.0615
            -0.0162         -0.0615          4.1437

     Atom 12  C   pos: (  0.200780  0.245820  0.860776)  dia sigma:           4.15
             4.1893         -0.0462         -0.0162
            -0.0462          4.1228         -0.0615
            -0.0162         -0.0615          4.1437

     Atom 13  C   pos: ( -0.141978  0.753167  0.641358)  dia sigma:           4.26
             4.3551         -0.0081         -0.0953
            -0.0081          4.1905          0.0101
            -0.0953          0.0101          4.2476

     Atom 14  C   pos: (  0.766980 -0.038419  0.728390)  dia sigma:           4.26
             4.3551         -0.0081         -0.0953
            -0.0081          4.1905          0.0101
            -0.0953          0.0101          4.2476

     Atom 15  H   pos: ( -0.097352  0.578984  0.613699)  dia sigma:           1.12
             1.1186         -0.0000         -0.0000
            -0.0000          1.1186          0.0000
            -0.0000          0.0000          1.1186

     Atom 16  H   pos: (  0.722353  0.135764  0.756049)  dia sigma:           1.12
             1.1186         -0.0000         -0.0000
            -0.0000          1.1186          0.0000
            -0.0000          0.0000          1.1186

     Atom 17  H   pos: ( -0.009722  0.836586  0.734863)  dia sigma:           1.12
             1.1197         -0.0000         -0.0000
            -0.0000          1.1197          0.0000
            -0.0000          0.0000          1.1197

     Atom 18  H   pos: (  0.634724 -0.121838  0.634885)  dia sigma:           1.12
             1.1197         -0.0000         -0.0000
            -0.0000          1.1197          0.0000
            -0.0000          0.0000          1.1197

     Atom 19  H   pos: ( -0.163481  0.835800  0.480998)  dia sigma:           1.13
             1.1281         -0.0000         -0.0000
            -0.0000          1.1281          0.0000
            -0.0000         -0.0000          1.1281

     Atom 20  H   pos: (  0.788482 -0.121053  0.888749)  dia sigma:           1.13
             1.1281         -0.0000         -0.0000
            -0.0000          1.1281          0.0000
            -0.0000         -0.0000          1.1281

     Atom 21  C   pos: (  0.568310  0.447663  1.291956)  dia sigma:           4.25
             4.3347         -0.0745          0.0832
            -0.0745          4.2009         -0.0376
             0.0832         -0.0376          4.2162

     Atom 22  C   pos: (  0.056692  0.267084  0.077792)  dia sigma:           4.25
             4.3347         -0.0745          0.0832
            -0.0745          4.2009         -0.0376
             0.0832         -0.0376          4.2162

     Atom 23  H   pos: (  0.558357  0.266456  1.297655)  dia sigma:           1.13
             1.1254         -0.0000         -0.0000
            -0.0000          1.1254          0.0000
            -0.0000          0.0000          1.1254

     Atom 24  H   pos: (  0.066645  0.448292  0.072092)  dia sigma:           1.13
             1.1254         -0.0000         -0.0000
            -0.0000          1.1254          0.0000
            -0.0000          0.0000          1.1254

     Atom 25  H   pos: (  0.915298  1.183279  0.091063)  dia sigma:           1.11
             1.1133         -0.0000         -0.0000
            -0.0000          1.1133          0.0000
            -0.0000          0.0000          1.1133

     Atom 26  H   pos: ( -0.290297 -0.468531  1.278684)  dia sigma:           1.11
             1.1133         -0.0000         -0.0000
            -0.0000          1.1133          0.0000
            -0.0000          0.0000          1.1133

     Atom 27  H   pos: ( -0.284690  0.501837  1.196855)  dia sigma:           1.11
             1.1080         -0.0000         -0.0000
            -0.0000          1.1080          0.0000
            -0.0000          0.0000          1.1080

     Atom 28  H   pos: (  0.909692  0.212910  0.172892)  dia sigma:           1.11
             1.1080         -0.0000         -0.0000
            -0.0000          1.1080          0.0000
            -0.0000          0.0000          1.1080

     Atom 29  C   pos: (  0.403858  0.888580  0.317665)  dia sigma:           4.27
             4.2388         -0.0856         -0.0083
            -0.0856          4.3836          0.0205
            -0.0083          0.0205          4.1887

     Atom 30  C   pos: (  0.221144 -0.173832  1.052082)  dia sigma:           4.27
             4.2388         -0.0856         -0.0083
            -0.0856          4.3836          0.0205
            -0.0083          0.0205          4.1887

     Atom 31  H   pos: (  0.480505  0.974296  0.458403)  dia sigma:           1.13
             1.1268         -0.0000         -0.0000
            -0.0000          1.1268          0.0000
            -0.0000          0.0000          1.1268

     Atom 32  H   pos: (  0.144497 -0.259548  0.911344)  dia sigma:           1.13
             1.1268         -0.0000         -0.0000
            -0.0000          1.1268          0.0000
            -0.0000          0.0000          1.1268

     Atom 33  H   pos: (  0.434484  0.979917  0.163175)  dia sigma:           1.11
             1.1072         -0.0000         -0.0000
            -0.0000          1.1072          0.0000
            -0.0000          0.0000          1.1072

     Atom 34  H   pos: (  0.190517 -0.265169  1.206573)  dia sigma:           1.11
             1.1072         -0.0000         -0.0000
            -0.0000          1.1072          0.0000
            -0.0000          0.0000          1.1072

     Atom 35  H   pos: (  0.224716  0.876298  0.345414)  dia sigma:           1.13
             1.1280         -0.0000         -0.0000
            -0.0000          1.1280          0.0000
            -0.0000          0.0000          1.1280

     Atom 36  H   pos: (  0.400286 -0.161550  1.024333)  dia sigma:           1.13
             1.1280         -0.0000         -0.0000
            -0.0000          1.1280          0.0000
            -0.0000          0.0000          1.1280

     Paramagnetic contribution in ppm:
 
     Atom  1  S   pos: (  0.614502  0.772035  0.815836)  para sigma:        -600.47
          -537.4937        101.2311          4.7327
           145.2030       -554.6347         27.3506
            56.4699         -3.1312       -709.2902

     Atom  2  S   pos: (  0.010500 -0.057287  0.553912)  para sigma:        -600.47
          -537.4937        101.2311          4.7327
           145.2030       -554.6347         27.3506
            56.4699         -3.1312       -709.2902

     Atom  3  S   pos: (  0.317870  0.558975  1.167838)  para sigma:        -585.45
          -662.1878         34.2833         75.7753
           -12.4560       -635.0128         22.0693
            31.3920         65.5815       -459.1428

     Atom  4  S   pos: (  0.307132  0.155772  0.201910)  para sigma:        -585.45
          -662.1878         34.2833         75.7753
           -12.4560       -635.0128         22.0693
            31.3920         65.5815       -459.1428

     Atom  5  S   pos: (  0.517931  0.614415  0.270770)  para sigma:        -598.09
          -670.5510         10.7274        -51.9749
            17.5704       -561.2327       -115.7313
             0.5093       -186.3175       -562.4812

     Atom  6  S   pos: (  0.107071  0.100333  1.098977)  para sigma:        -598.09
          -670.5510         10.7274        -51.9749
            17.5704       -561.2327       -115.7313
             0.5093       -186.3175       -562.4812

     Atom  7  C   pos: (  0.447985  0.545362  0.730230)  para sigma:        -117.02
          -103.3424        -35.6628          5.1149
           -42.0314       -121.5505        -13.1382
             0.2167        -10.3298       -126.1538

     Atom  8  C   pos: (  0.177017  0.169386  0.639517)  para sigma:        -117.02
          -103.3424        -35.6628          5.1149
           -42.0314       -121.5505        -13.1382
             0.2167        -10.3298       -126.1538

     Atom  9  C   pos: (  0.327427  0.437877  0.899921)  para sigma:        -114.23
           -87.1624        -31.1789         -9.7248
           -20.3082        -99.4234         -5.8730
             8.3878        -24.2349       -156.0965

     Atom 10  C   pos: (  0.297575  0.276871  0.469827)  para sigma:        -114.23
           -87.1624        -31.1789         -9.7248
           -20.3082        -99.4234         -5.8730
             8.3878        -24.2349       -156.0965

     Atom 11  C   pos: (  0.424222  0.468927  0.508972)  para sigma:        -115.26
           -88.7391        -26.0682         20.9425
           -25.5449       -114.2787          5.6496
             9.6892         11.8596       -142.7579

     Atom 12  C   pos: (  0.200780  0.245820  0.860776)  para sigma:        -115.26
           -88.7391        -26.0682         20.9425
           -25.5449       -114.2787          5.6496
             9.6892         11.8596       -142.7579

     Atom 13  C   pos: ( -0.141978  0.753167  0.641358)  para sigma:         -52.88
           -51.3961         -5.8665         -3.1743
             0.9638        -51.5922          1.1398
            -4.1808          0.2031        -55.6666

     Atom 14  C   pos: (  0.766980 -0.038419  0.728390)  para sigma:         -52.88
           -51.3961         -5.8665         -3.1743
             0.9638        -51.5922          1.1398
            -4.1808          0.2031        -55.6666

     Atom 15  H   pos: ( -0.097352  0.578984  0.613699)  para sigma:           0.00
             0.0000          0.0000          0.0000
             0.0000          0.0000          0.0000
             0.0000          0.0000          0.0000

     Atom 16  H   pos: (  0.722353  0.135764  0.756049)  para sigma:           0.00
             0.0000          0.0000          0.0000
             0.0000          0.0000          0.0000
             0.0000          0.0000          0.0000

     Atom 17  H   pos: ( -0.009722  0.836586  0.734863)  para sigma:           0.00
             0.0000          0.0000          0.0000
             0.0000          0.0000          0.0000
             0.0000          0.0000          0.0000

     Atom 18  H   pos: (  0.634724 -0.121838  0.634885)  para sigma:           0.00
             0.0000          0.0000          0.0000
             0.0000          0.0000          0.0000
             0.0000          0.0000          0.0000

     Atom 19  H   pos: ( -0.163481  0.835800  0.480998)  para sigma:           0.00
             0.0000          0.0000          0.0000
             0.0000          0.0000          0.0000
             0.0000          0.0000          0.0000

     Atom 20  H   pos: (  0.788482 -0.121053  0.888749)  para sigma:           0.00
             0.0000          0.0000          0.0000
             0.0000          0.0000          0.0000
             0.0000          0.0000          0.0000

     Atom 21  C   pos: (  0.568310  0.447663  1.291956)  para sigma:         -51.69
           -48.4514         -9.9375          0.6520
            -6.1033        -53.1193          3.2870
             3.6918         -0.2855        -53.5016

     Atom 22  C   pos: (  0.056692  0.267084  0.077792)  para sigma:         -51.69
           -48.4514         -9.9375          0.6520
            -6.1033        -53.1193          3.2870
             3.6918         -0.2855        -53.5016

     Atom 23  H   pos: (  0.558357  0.266456  1.297655)  para sigma:           0.00
             0.0000          0.0000          0.0000
             0.0000          0.0000          0.0000
             0.0000          0.0000          0.0000

     Atom 24  H   pos: (  0.066645  0.448292  0.072092)  para sigma:           0.00
             0.0000          0.0000          0.0000
             0.0000          0.0000          0.0000
             0.0000          0.0000          0.0000

     Atom 25  H   pos: (  0.915298  1.183279  0.091063)  para sigma:           0.00
             0.0000          0.0000          0.0000
             0.0000          0.0000          0.0000
             0.0000          0.0000          0.0000

     Atom 26  H   pos: ( -0.290297 -0.468531  1.278684)  para sigma:           0.00
             0.0000          0.0000          0.0000
             0.0000          0.0000          0.0000
             0.0000          0.0000          0.0000

     Atom 27  H   pos: ( -0.284690  0.501837  1.196855)  para sigma:           0.00
             0.0000          0.0000          0.0000
             0.0000          0.0000          0.0000
             0.0000          0.0000          0.0000

     Atom 28  H   pos: (  0.909692  0.212910  0.172892)  para sigma:           0.00
             0.0000          0.0000          0.0000
             0.0000          0.0000          0.0000
             0.0000          0.0000          0.0000

     Atom 29  C   pos: (  0.403858  0.888580  0.317665)  para sigma:         -51.49
           -47.0034         -2.0733         -9.0874
            -9.4718        -48.3340         -1.2499
            -2.2083          2.0466        -59.1252

     Atom 30  C   pos: (  0.221144 -0.173832  1.052082)  para sigma:         -51.49
           -47.0034         -2.0733         -9.0874
            -9.4718        -48.3340         -1.2499
            -2.2083          2.0466        -59.1252

     Atom 31  H   pos: (  0.480505  0.974296  0.458403)  para sigma:           0.00
             0.0000          0.0000          0.0000
             0.0000          0.0000          0.0000
             0.0000          0.0000          0.0000

     Atom 32  H   pos: (  0.144497 -0.259548  0.911344)  para sigma:           0.00
             0.0000          0.0000          0.0000
             0.0000          0.0000          0.0000
             0.0000          0.0000          0.0000

     Atom 33  H   pos: (  0.434484  0.979917  0.163175)  para sigma:           0.00
             0.0000          0.0000          0.0000
             0.0000          0.0000          0.0000
             0.0000          0.0000          0.0000

     Atom 34  H   pos: (  0.190517 -0.265169  1.206573)  para sigma:           0.00
             0.0000          0.0000          0.0000
             0.0000          0.0000          0.0000
             0.0000          0.0000          0.0000

     Atom 35  H   pos: (  0.224716  0.876298  0.345414)  para sigma:           0.00
             0.0000          0.0000          0.0000
             0.0000          0.0000          0.0000
             0.0000          0.0000          0.0000

     Atom 36  H   pos: (  0.400286 -0.161550  1.024333)  para sigma:           0.00
             0.0000          0.0000          0.0000
             0.0000          0.0000          0.0000
             0.0000          0.0000          0.0000

     Paramagnetic US occ-occ contribution in ppm:
 
     Atom  1  S   pos: (  0.614502  0.772035  0.815836)  para_oo sigma:          -0.68
            -0.7324          0.1709          0.5449
            -0.0607         -0.0068          0.1983
             0.9282          0.0906         -1.3067

     Atom  2  S   pos: (  0.010500 -0.057287  0.553912)  para_oo sigma:          -0.68
            -0.7324          0.1709          0.5449
            -0.0607         -0.0068          0.1983
             0.9282          0.0906         -1.3067

     Atom  3  S   pos: (  0.317870  0.558975  1.167838)  para_oo sigma:          -0.64
            -1.2393          0.1933         -0.3981
             0.2097         -0.5802          0.3808
             0.1777          0.0513         -0.1091

     Atom  4  S   pos: (  0.307132  0.155772  0.201910)  para_oo sigma:          -0.64
            -1.2393          0.1933         -0.3981
             0.2097         -0.5802          0.3808
             0.1777          0.0513         -0.1091

     Atom  5  S   pos: (  0.517931  0.614415  0.270770)  para_oo sigma:          -0.55
            -0.1786         -0.1491         -0.2414
             0.2518         -1.3187         -0.4542
            -0.1834         -0.6852         -0.1506

     Atom  6  S   pos: (  0.107071  0.100333  1.098977)  para_oo sigma:          -0.55
            -0.1786         -0.1491         -0.2414
             0.2518         -1.3187         -0.4542
            -0.1834         -0.6852         -0.1506

     Atom  7  C   pos: (  0.447985  0.545362  0.730230)  para_oo sigma:          -0.99
            -0.7883          0.1710          0.3328
             0.0429         -0.7433          0.0674
             0.1778          0.1534         -1.4268

     Atom  8  C   pos: (  0.177017  0.169386  0.639517)  para_oo sigma:          -0.99
            -0.7883          0.1710          0.3328
             0.0429         -0.7433          0.0674
             0.1778          0.1534         -1.4268

     Atom  9  C   pos: (  0.327427  0.437877  0.899921)  para_oo sigma:          -1.05
            -1.0357         -0.2527          0.1573
            -0.2833         -1.1430          0.0757
             0.0463          0.1440         -0.9672

     Atom 10  C   pos: (  0.297575  0.276871  0.469827)  para_oo sigma:          -1.05
            -1.0357         -0.2527          0.1573
            -0.2833         -1.1430          0.0757
             0.0463          0.1440         -0.9672

     Atom 11  C   pos: (  0.424222  0.468927  0.508972)  para_oo sigma:          -0.98
            -0.9214         -0.1228         -0.0224
            -0.1480         -1.0990         -0.4498
            -0.2187         -0.3182         -0.9220

     Atom 12  C   pos: (  0.200780  0.245820  0.860776)  para_oo sigma:          -0.98
            -0.9214         -0.1228         -0.0224
            -0.1480         -1.0990         -0.4498
            -0.2187         -0.3182         -0.9220

     Atom 13  C   pos: ( -0.141978  0.753167  0.641358)  para_oo sigma:          -0.65
            -0.3734         -0.0032         -0.4070
            -0.0162         -0.9162          0.0881
            -0.3746          0.0748         -0.6674

     Atom 14  C   pos: (  0.766980 -0.038419  0.728390)  para_oo sigma:          -0.65
            -0.3734         -0.0032         -0.4070
            -0.0162         -0.9162          0.0881
            -0.3746          0.0748         -0.6674

     Atom 15  H   pos: ( -0.097352  0.578984  0.613699)  para_oo sigma:           0.00
             0.0000          0.0000          0.0000
             0.0000          0.0000          0.0000
             0.0000          0.0000          0.0000

     Atom 16  H   pos: (  0.722353  0.135764  0.756049)  para_oo sigma:           0.00
             0.0000          0.0000          0.0000
             0.0000          0.0000          0.0000
             0.0000          0.0000          0.0000

     Atom 17  H   pos: ( -0.009722  0.836586  0.734863)  para_oo sigma:           0.00
             0.0000          0.0000          0.0000
             0.0000          0.0000          0.0000
             0.0000          0.0000          0.0000

     Atom 18  H   pos: (  0.634724 -0.121838  0.634885)  para_oo sigma:           0.00
             0.0000          0.0000          0.0000
             0.0000          0.0000          0.0000
             0.0000          0.0000          0.0000

     Atom 19  H   pos: ( -0.163481  0.835800  0.480998)  para_oo sigma:           0.00
             0.0000          0.0000          0.0000
             0.0000          0.0000          0.0000
             0.0000          0.0000          0.0000

     Atom 20  H   pos: (  0.788482 -0.121053  0.888749)  para_oo sigma:           0.00
             0.0000          0.0000          0.0000
             0.0000          0.0000          0.0000
             0.0000          0.0000          0.0000

     Atom 21  C   pos: (  0.568310  0.447663  1.291956)  para_oo sigma:          -0.64
            -0.3500         -0.2797          0.2799
            -0.2893         -0.8305         -0.0951
             0.2694         -0.0809         -0.7357

     Atom 22  C   pos: (  0.056692  0.267084  0.077792)  para_oo sigma:          -0.64
            -0.3500         -0.2797          0.2799
            -0.2893         -0.8305         -0.0951
             0.2694         -0.0809         -0.7357

     Atom 23  H   pos: (  0.558357  0.266456  1.297655)  para_oo sigma:           0.00
             0.0000          0.0000          0.0000
             0.0000          0.0000          0.0000
             0.0000          0.0000          0.0000

     Atom 24  H   pos: (  0.066645  0.448292  0.072092)  para_oo sigma:           0.00
             0.0000          0.0000          0.0000
             0.0000          0.0000          0.0000
             0.0000          0.0000          0.0000

     Atom 25  H   pos: (  0.915298  1.183279  0.091063)  para_oo sigma:           0.00
             0.0000          0.0000          0.0000
             0.0000          0.0000          0.0000
             0.0000          0.0000          0.0000

     Atom 26  H   pos: ( -0.290297 -0.468531  1.278684)  para_oo sigma:           0.00
             0.0000          0.0000          0.0000
             0.0000          0.0000          0.0000
             0.0000          0.0000          0.0000

     Atom 27  H   pos: ( -0.284690  0.501837  1.196855)  para_oo sigma:           0.00
             0.0000          0.0000          0.0000
             0.0000          0.0000          0.0000
             0.0000          0.0000          0.0000

     Atom 28  H   pos: (  0.909692  0.212910  0.172892)  para_oo sigma:           0.00
             0.0000          0.0000          0.0000
             0.0000          0.0000          0.0000
             0.0000          0.0000          0.0000

     Atom 29  C   pos: (  0.403858  0.888580  0.317665)  para_oo sigma:          -0.65
            -0.8814         -0.3284         -0.0893
            -0.3034         -0.2479          0.0949
            -0.0735          0.0829         -0.8340

     Atom 30  C   pos: (  0.221144 -0.173832  1.052082)  para_oo sigma:          -0.65
            -0.8814         -0.3284         -0.0893
            -0.3034         -0.2479          0.0949
            -0.0735          0.0829         -0.8340

     Atom 31  H   pos: (  0.480505  0.974296  0.458403)  para_oo sigma:           0.00
             0.0000          0.0000          0.0000
             0.0000          0.0000          0.0000
             0.0000          0.0000          0.0000

     Atom 32  H   pos: (  0.144497 -0.259548  0.911344)  para_oo sigma:           0.00
             0.0000          0.0000          0.0000
             0.0000          0.0000          0.0000
             0.0000          0.0000          0.0000

     Atom 33  H   pos: (  0.434484  0.979917  0.163175)  para_oo sigma:           0.00
             0.0000          0.0000          0.0000
             0.0000          0.0000          0.0000
             0.0000          0.0000          0.0000

     Atom 34  H   pos: (  0.190517 -0.265169  1.206573)  para_oo sigma:           0.00
             0.0000          0.0000          0.0000
             0.0000          0.0000          0.0000
             0.0000          0.0000          0.0000

     Atom 35  H   pos: (  0.224716  0.876298  0.345414)  para_oo sigma:           0.00
             0.0000          0.0000          0.0000
             0.0000          0.0000          0.0000
             0.0000          0.0000          0.0000

     Atom 36  H   pos: (  0.400286 -0.161550  1.024333)  para_oo sigma:           0.00
             0.0000          0.0000          0.0000
             0.0000          0.0000          0.0000
             0.0000          0.0000          0.0000

     Paramagnetic US L_R Q_R contribution in ppm:
 
     Atom  1  S   pos: (  0.614502  0.772035  0.815836)  para_lq sigma:          17.86
            14.1584         -2.2611          1.2291
            -3.7288         22.2777          6.5889
             5.3049          4.8922         17.1432

     Atom  2  S   pos: (  0.010500 -0.057287  0.553912)  para_lq sigma:          17.86
            14.1584         -2.2611          1.2291
            -3.7288         22.2777          6.5889
             5.3049          4.8922         17.1432

     Atom  3  S   pos: (  0.317870  0.558975  1.167838)  para_lq sigma:          19.84
            21.1249         -5.1645         -4.2109
            -6.7271         21.8759          2.1772
            -5.3156          3.3607         16.5247

     Atom  4  S   pos: (  0.307132  0.155772  0.201910)  para_lq sigma:          19.84
            21.1249         -5.1645         -4.2109
            -6.7271         21.8759          2.1772
            -5.3156          3.3607         16.5247

     Atom  5  S   pos: (  0.517931  0.614415  0.270770)  para_lq sigma:          19.13
            22.1321         -4.8291         -5.3996
            -0.8360         12.0252          2.6170
            -4.0423          0.4431         23.2270

     Atom  6  S   pos: (  0.107071  0.100333  1.098977)  para_lq sigma:          19.13
            22.1321         -4.8291         -5.3996
            -0.8360         12.0252          2.6170
            -4.0423          0.4431         23.2270

     Atom  7  C   pos: (  0.447985  0.545362  0.730230)  para_lq sigma:         -13.17
           -12.3274         -1.8049         -0.5423
            -2.2802        -13.9155         -0.8671
            -0.0322         -0.5423        -13.2724

     Atom  8  C   pos: (  0.177017  0.169386  0.639517)  para_lq sigma:         -13.17
           -12.3274         -1.8049         -0.5423
            -2.2802        -13.9155         -0.8671
            -0.0322         -0.5423        -13.2724

     Atom  9  C   pos: (  0.327427  0.437877  0.899921)  para_lq sigma:         -13.45
           -11.9408         -1.2632         -0.0610
            -1.2575        -13.0763         -0.7787
             0.5520         -1.0036        -15.3298

     Atom 10  C   pos: (  0.297575  0.276871  0.469827)  para_lq sigma:         -13.45
           -11.9408         -1.2632         -0.0610
            -1.2575        -13.0763         -0.7787
             0.5520         -1.0036        -15.3298

     Atom 11  C   pos: (  0.424222  0.468927  0.508972)  para_lq sigma:         -13.19
           -12.0729         -1.8003          0.9055
            -1.2172        -12.7840          0.8848
             0.4499          0.4660        -14.7153

     Atom 12  C   pos: (  0.200780  0.245820  0.860776)  para_lq sigma:         -13.19
           -12.0729         -1.8003          0.9055
            -1.2172        -12.7840          0.8848
             0.4499          0.4660        -14.7153

     Atom 13  C   pos: ( -0.141978  0.753167  0.641358)  para_lq sigma:         -11.41
           -11.3366         -0.0999          0.0277
            -0.0812        -11.4692         -0.1264
             0.0206         -0.1652        -11.4151

     Atom 14  C   pos: (  0.766980 -0.038419  0.728390)  para_lq sigma:         -11.41
           -11.3366         -0.0999          0.0277
            -0.0812        -11.4692         -0.1264
             0.0206         -0.1652        -11.4151

     Atom 15  H   pos: ( -0.097352  0.578984  0.613699)  para_lq sigma:           0.00
             0.0000          0.0000          0.0000
             0.0000          0.0000          0.0000
             0.0000          0.0000          0.0000

     Atom 16  H   pos: (  0.722353  0.135764  0.756049)  para_lq sigma:           0.00
             0.0000          0.0000          0.0000
             0.0000          0.0000          0.0000
             0.0000          0.0000          0.0000

     Atom 17  H   pos: ( -0.009722  0.836586  0.734863)  para_lq sigma:           0.00
             0.0000          0.0000          0.0000
             0.0000          0.0000          0.0000
             0.0000          0.0000          0.0000

     Atom 18  H   pos: (  0.634724 -0.121838  0.634885)  para_lq sigma:           0.00
             0.0000          0.0000          0.0000
             0.0000          0.0000          0.0000
             0.0000          0.0000          0.0000

     Atom 19  H   pos: ( -0.163481  0.835800  0.480998)  para_lq sigma:           0.00
             0.0000          0.0000          0.0000
             0.0000          0.0000          0.0000
             0.0000          0.0000          0.0000

     Atom 20  H   pos: (  0.788482 -0.121053  0.888749)  para_lq sigma:           0.00
             0.0000          0.0000          0.0000
             0.0000          0.0000          0.0000
             0.0000          0.0000          0.0000

     Atom 21  C   pos: (  0.568310  0.447663  1.291956)  para_lq sigma:         -11.46
           -11.3967          0.0850          0.1058
             0.0573        -11.4732         -0.1486
             0.0638         -0.1334        -11.5206

     Atom 22  C   pos: (  0.056692  0.267084  0.077792)  para_lq sigma:         -11.46
           -11.3967          0.0850          0.1058
             0.0573        -11.4732         -0.1486
             0.0638         -0.1334        -11.5206

     Atom 23  H   pos: (  0.558357  0.266456  1.297655)  para_lq sigma:           0.00
             0.0000          0.0000          0.0000
             0.0000          0.0000          0.0000
             0.0000          0.0000          0.0000

     Atom 24  H   pos: (  0.066645  0.448292  0.072092)  para_lq sigma:           0.00
             0.0000          0.0000          0.0000
             0.0000          0.0000          0.0000
             0.0000          0.0000          0.0000

     Atom 25  H   pos: (  0.915298  1.183279  0.091063)  para_lq sigma:           0.00
             0.0000          0.0000          0.0000
             0.0000          0.0000          0.0000
             0.0000          0.0000          0.0000

     Atom 26  H   pos: ( -0.290297 -0.468531  1.278684)  para_lq sigma:           0.00
             0.0000          0.0000          0.0000
             0.0000          0.0000          0.0000
             0.0000          0.0000          0.0000

     Atom 27  H   pos: ( -0.284690  0.501837  1.196855)  para_lq sigma:           0.00
             0.0000          0.0000          0.0000
             0.0000          0.0000          0.0000
             0.0000          0.0000          0.0000

     Atom 28  H   pos: (  0.909692  0.212910  0.172892)  para_lq sigma:           0.00
             0.0000          0.0000          0.0000
             0.0000          0.0000          0.0000
             0.0000          0.0000          0.0000

     Atom 29  C   pos: (  0.403858  0.888580  0.317665)  para_lq sigma:         -11.42
           -11.3333          0.0000          0.1359
             0.0359        -11.3396          0.0104
             0.1001         -0.0079        -11.5911

     Atom 30  C   pos: (  0.221144 -0.173832  1.052082)  para_lq sigma:         -11.42
           -11.3333          0.0000          0.1359
             0.0359        -11.3396          0.0104
             0.1001         -0.0079        -11.5911

     Atom 31  H   pos: (  0.480505  0.974296  0.458403)  para_lq sigma:           0.00
             0.0000          0.0000          0.0000
             0.0000          0.0000          0.0000
             0.0000          0.0000          0.0000

     Atom 32  H   pos: (  0.144497 -0.259548  0.911344)  para_lq sigma:           0.00
             0.0000          0.0000          0.0000
             0.0000          0.0000          0.0000
             0.0000          0.0000          0.0000

     Atom 33  H   pos: (  0.434484  0.979917  0.163175)  para_lq sigma:           0.00
             0.0000          0.0000          0.0000
             0.0000          0.0000          0.0000
             0.0000          0.0000          0.0000

     Atom 34  H   pos: (  0.190517 -0.265169  1.206573)  para_lq sigma:           0.00
             0.0000          0.0000          0.0000
             0.0000          0.0000          0.0000
             0.0000          0.0000          0.0000

     Atom 35  H   pos: (  0.224716  0.876298  0.345414)  para_lq sigma:           0.00
             0.0000          0.0000          0.0000
             0.0000          0.0000          0.0000
             0.0000          0.0000          0.0000

     Atom 36  H   pos: (  0.400286 -0.161550  1.024333)  para_lq sigma:           0.00
             0.0000          0.0000          0.0000
             0.0000          0.0000          0.0000
             0.0000          0.0000          0.0000

 
     Total NMR chemical shifts in ppm: ---------------------------------------
     (adopting the Simpson convention for anisotropy and asymmetry)-----------
 
     Atom  1  S   pos: (  0.614502  0.772035  0.815836)  Total sigma:         416.15
           485.6092        115.1944         -0.9813
           160.5826        469.0043         41.0091
            60.4524          5.6366        293.8337

     S    1    anisotropy:    305.46    eta:   -0.2462
     S    1    sigma_11=    339.40    axis=(  0.677308 -0.732642  0.067002)
     S    1    sigma_22=    289.26    axis=( -0.129608 -0.029178  0.991136)
     S    1    sigma_33=    619.79    axis=(  0.724193  0.679988  0.114719)
 
     Atom  2  S   pos: (  0.010500 -0.057287  0.553912)  Total sigma:         416.15
           485.6092        115.1944         -0.9813
           160.5826        469.0043         41.0091
            60.4524          5.6366        293.8337

     S    2    anisotropy:    305.46    eta:   -0.2462
     S    2    sigma_11=    339.40    axis=(  0.677308 -0.732642  0.067002)
     S    2    sigma_22=    289.26    axis=( -0.129608 -0.029178  0.991136)
     S    2    sigma_33=    619.79    axis=(  0.724193  0.679988  0.114719)
 
     Atom  3  S   pos: (  0.317870  0.558975  1.167838)  Total sigma:         435.41
           354.2023         28.3026         81.4552
           -25.3488        377.7789         31.0126
            33.9962         78.7628        574.2564

     S    3    anisotropy:    248.95    eta:   -0.2035
     S    3    sigma_11=    369.31    axis=(  0.403747 -0.905751  0.128855)
     S    3    sigma_22=    335.54    axis=(  0.887417  0.353482 -0.295874)
     S    3    sigma_33=    601.38    axis=(  0.222440  0.233806  0.946496)
 
     Atom  4  S   pos: (  0.307132  0.155772  0.201910)  Total sigma:         435.41
           354.2023         28.3026         81.4552
           -25.3488        377.7789         31.0126
            33.9962         78.7628        574.2564

     S    4    anisotropy:    248.95    eta:   -0.2035
     S    4    sigma_11=    369.31    axis=(  0.403747 -0.905751  0.128855)
     S    4    sigma_22=    335.54    axis=(  0.887417  0.353482 -0.295874)
     S    4    sigma_33=    601.38    axis=(  0.222440  0.233806  0.946496)
 
     Atom  5  S   pos: (  0.517931  0.614415  0.270770)  Total sigma:         420.16
           336.2031          3.7083        -66.9656
            16.6612        459.7297       -127.1969
            -9.1694       -205.5630        464.5362

     S    5    anisotropy:    318.53    eta:   -0.2505
     S    5    sigma_11=    340.58    axis=(  0.911865 -0.358115 -0.200639)
     S    5    sigma_22=    287.38    axis=(  0.393967  0.626215  0.672789)
     S    5    sigma_33=    632.51    axis=( -0.115292 -0.692538  0.712108)
 
     Atom  6  S   pos: (  0.107071  0.100333  1.098977)  Total sigma:         420.16
           336.2031          3.7083        -66.9656
            16.6612        459.7297       -127.1969
            -9.1694       -205.5630        464.5362

     S    6    anisotropy:    318.53    eta:   -0.2505
     S    6    sigma_11=    340.58    axis=(  0.911865 -0.358115 -0.200639)
     S    6    sigma_22=    287.38    axis=(  0.393967  0.626215  0.672789)
     S    6    sigma_33=    632.51    axis=( -0.115292 -0.692538  0.712108)
 
     Atom  7  C   pos: (  0.447985  0.545362  0.730230)  Total sigma:          18.85
            47.9222        -66.0278         11.0443
           -80.3173         11.1701        -26.6161
             1.2692        -20.0032         -2.5456

     C    7    anisotropy:    134.26    eta:   -0.5511
     C    7    sigma_11=     -1.24    axis=( -0.321729 -0.137346  0.936817)
     C    7    sigma_22=    -50.56    axis=(  0.555773  0.773643  0.304291)
     C    7    sigma_33=    108.35    axis=( -0.766555  0.618557 -0.172570)
 
     Atom  8  C   pos: (  0.177017  0.169386  0.639517)  Total sigma:          18.85
            47.9222        -66.0278         11.0443
           -80.3173         11.1701        -26.6161
             1.2692        -20.0032         -2.5456

     C    8    anisotropy:    134.26    eta:   -0.5511
     C    8    sigma_11=     -1.24    axis=( -0.321729 -0.137346  0.936817)
     C    8    sigma_22=    -50.56    axis=(  0.555773  0.773643  0.304291)
     C    8    sigma_33=    108.35    axis=( -0.766555  0.618557 -0.172570)
 
     Atom  9  C   pos: (  0.327427  0.437877  0.899921)  Total sigma:          24.37
            78.6065        -62.4643        -16.4369
           -40.9959         50.3943        -10.1184
            21.0940        -47.5862        -55.8907

     C    9    anisotropy:    143.89    eta:   -0.8449
     C    9    sigma_11=     16.93    axis=(  0.624676  0.732613 -0.270292)
     C    9    sigma_22=    -64.12    axis=(  0.085765  0.279675  0.956256)
     C    9    sigma_33=    120.30    axis=( -0.776160  0.620532 -0.111874)
 
     Atom 10  C   pos: (  0.297575  0.276871  0.469827)  Total sigma:          24.37
            78.6065        -62.4643        -16.4369
           -40.9959         50.3943        -10.1184
            21.0940        -47.5862        -55.8907

     C   10    anisotropy:    143.89    eta:   -0.8449
     C   10    sigma_11=     16.93    axis=(  0.624676  0.732613 -0.270292)
     C   10    sigma_22=    -64.12    axis=(  0.085765  0.279675  0.956256)
     C   10    sigma_33=    120.30    axis=( -0.776160  0.620532 -0.111874)
 
     Atom 11  C   pos: (  0.424222  0.468927  0.508972)  Total sigma:          22.71
            74.8281        -51.5444         42.4526
           -48.9831         25.1581          6.5655
            17.0581         19.7326        -31.8480

     C   11    anisotropy:    128.78    eta:   -0.7013
     C   11    sigma_11=      9.89    axis=(  0.369267  0.777978  0.508323)
     C   11    sigma_22=    -50.32    axis=( -0.357282 -0.386097  0.850458)
     C   11    sigma_33=    108.56    axis=( -0.857900  0.495660 -0.135384)
 
     Atom 12  C   pos: (  0.200780  0.245820  0.860776)  Total sigma:          22.71
            74.8281        -51.5444         42.4526
           -48.9831         25.1581          6.5655
            17.0581         19.7326        -31.8480

     C   12    anisotropy:    128.78    eta:   -0.7013
     C   12    sigma_11=      9.89    axis=(  0.369267  0.777978  0.508323)
     C   12    sigma_22=    -50.32    axis=( -0.357282 -0.386097  0.850458)
     C   12    sigma_33=    108.56    axis=( -0.857900  0.495660 -0.135384)
 
     Atom 13  C   pos: ( -0.141978  0.753167  0.641358)  Total sigma:         149.88
           160.1137        -11.4354        -10.7881
             0.7211        148.1897          1.7279
           -12.9336         -0.7609        141.3347

     C   13    anisotropy:     25.97    eta:   -0.6844
     C   13    sigma_11=    147.15    axis=( -0.162774 -0.953723  0.252820)
     C   13    sigma_22=    135.30    axis=(  0.453102  0.155366  0.877816)
     C   13    sigma_33=    167.19    axis=(  0.876472 -0.257438 -0.406844)
 
     Atom 14  C   pos: (  0.766980 -0.038419  0.728390)  Total sigma:         149.88
           160.1137        -11.4354        -10.7881
             0.7211        148.1897          1.7279
           -12.9336         -0.7609        141.3347

     C   14    anisotropy:     25.97    eta:   -0.6844
     C   14    sigma_11=    147.15    axis=( -0.162774 -0.953723  0.252820)
     C   14    sigma_22=    135.30    axis=(  0.453102  0.155366  0.877816)
     C   14    sigma_33=    167.19    axis=(  0.876472 -0.257438 -0.406844)
 
     Atom 15  H   pos: ( -0.097352  0.578984  0.613699)  Total sigma:          31.40
            35.7567         -4.8491         -1.1388
            -6.7888         32.6859          1.1202
            -0.5249          1.2516         25.7635

     H   15    anisotropy:     13.45    eta:   -0.3022
     H   15    sigma_11=     28.27    axis=(  0.616955  0.770633  0.159657)
     H   15    sigma_22=     25.56    axis=( -0.024723 -0.183790  0.982655)
     H   15    sigma_33=     40.37    axis=( -0.786610  0.610201  0.094338)
 
     Atom 16  H   pos: (  0.722353  0.135764  0.756049)  Total sigma:          31.40
            35.7567         -4.8491         -1.1388
            -6.7888         32.6859          1.1202
            -0.5249          1.2516         25.7635

     H   16    anisotropy:     13.45    eta:   -0.3022
     H   16    sigma_11=     28.27    axis=(  0.616955  0.770633  0.159657)
     H   16    sigma_22=     25.56    axis=( -0.024723 -0.183790  0.982655)
     H   16    sigma_33=     40.37    axis=( -0.786610  0.610201  0.094338)
 
     Atom 17  H   pos: ( -0.009722  0.836586  0.734863)  Total sigma:          29.41
            33.7445          1.5868          1.9041
             3.3430         29.3733          1.8518
             1.5943          0.4675         25.1264

     H   17    anisotropy:      8.79    eta:   -0.6179
     H   17    sigma_11=     28.29    axis=( -0.433951  0.896572  0.088570)
     H   17    sigma_22=     24.67    axis=( -0.143129 -0.165667  0.975740)
     H   17    sigma_33=     35.28    axis=( -0.889495 -0.410746 -0.200216)
 
     Atom 18  H   pos: (  0.634724 -0.121838  0.634885)  Total sigma:          29.41
            33.7445          1.5868          1.9041
             3.3430         29.3733          1.8518
             1.5943          0.4675         25.1264

     H   18    anisotropy:      8.79    eta:   -0.6179
     H   18    sigma_11=     28.29    axis=( -0.433951  0.896572  0.088570)
     H   18    sigma_22=     24.67    axis=( -0.143129 -0.165667  0.975740)
     H   18    sigma_33=     35.28    axis=( -0.889495 -0.410746 -0.200216)
 
     Atom 19  H   pos: ( -0.163481  0.835800  0.480998)  Total sigma:          28.80
            29.1285          2.5177          0.3830
             2.5295         26.8448         -2.4637
            -0.9709         -2.2889         30.4417

     H   19    anisotropy:     -6.31    eta:   -0.6960
     H   19    sigma_11=     29.44    axis=(  0.762041  0.168193  0.625303)
     H   19    sigma_22=     32.37    axis=( -0.469835 -0.520896  0.712687)
     H   19    sigma_33=     24.60    axis=( -0.445587  0.836886  0.317921)
 
     Atom 20  H   pos: (  0.788482 -0.121053  0.888749)  Total sigma:          28.80
            29.1285          2.5177          0.3830
             2.5295         26.8448         -2.4637
            -0.9709         -2.2889         30.4417

     H   20    anisotropy:     -6.31    eta:   -0.6960
     H   20    sigma_11=     29.44    axis=(  0.762041  0.168193  0.625303)
     H   20    sigma_22=     32.37    axis=( -0.469835 -0.520896  0.712687)
     H   20    sigma_33=     24.60    axis=( -0.445587  0.836886  0.317921)
 
     Atom 21  C   pos: (  0.568310  0.447663  1.291956)  Total sigma:         150.26
           160.6261        -19.6367          8.4749
           -14.0872        143.6388          3.1149
            12.4775         -1.7039        146.5242

     C   21    anisotropy:     35.29    eta:   -0.6703
     C   21    sigma_11=    146.38    axis=( -0.045136  0.499416  0.865186)
     C   21    sigma_22=    130.62    axis=(  0.550975  0.734877 -0.395453)
     C   21    sigma_33=    173.79    axis=(  0.833301 -0.458846  0.308335)
 
     Atom 22  C   pos: (  0.056692  0.267084  0.077792)  Total sigma:         150.26
           160.6261        -19.6367          8.4749
           -14.0872        143.6388          3.1149
            12.4775         -1.7039        146.5242

     C   22    anisotropy:     35.29    eta:   -0.6703
     C   22    sigma_11=    146.38    axis=( -0.045136  0.499416  0.865186)
     C   22    sigma_22=    130.62    axis=(  0.550975  0.734877 -0.395453)
     C   22    sigma_33=    173.79    axis=(  0.833301 -0.458846  0.308335)
 
     Atom 23  H   pos: (  0.558357  0.266456  1.297655)  Total sigma:          28.54
            27.7500         -0.4001          2.7105
             0.6056         31.4849         -2.7136
             0.8415         -1.2292         26.3959

     H   23    anisotropy:     -5.71    eta:   -0.9295
     H   23    sigma_11=     28.68    axis=( -0.859130 -0.272694 -0.433052)
     H   23    sigma_22=     32.22    axis=(  0.118095 -0.929008  0.350711)
     H   23    sigma_33=     24.74    axis=( -0.497946  0.250165  0.830342)
 
     Atom 24  H   pos: (  0.066645  0.448292  0.072092)  Total sigma:          28.54
            27.7500         -0.4001          2.7105
             0.6056         31.4849         -2.7136
             0.8415         -1.2292         26.3959

     H   24    anisotropy:     -5.71    eta:   -0.9295
     H   24    sigma_11=     28.68    axis=( -0.859130 -0.272694 -0.433052)
     H   24    sigma_22=     32.22    axis=(  0.118095 -0.929008  0.350711)
     H   24    sigma_33=     24.74    axis=( -0.497946  0.250165  0.830342)
 
     Atom 25  H   pos: (  0.915298  1.183279  0.091063)  Total sigma:          28.08
            24.7467          2.2953          3.5860
             1.8335         25.5068          2.7305
             3.5982          3.1910         33.9887

     H   25    anisotropy:     12.39    eta:   -0.2527
     H   25    sigma_11=     24.99    axis=(  0.419072  0.799396 -0.430516)
     H   25    sigma_22=     22.91    axis=(  0.845424 -0.516476 -0.136058)
     H   25    sigma_33=     36.34    axis=(  0.331115  0.306950  0.892269)
 
     Atom 26  H   pos: ( -0.290297 -0.468531  1.278684)  Total sigma:          28.08
            24.7467          2.2953          3.5860
             1.8335         25.5068          2.7305
             3.5982          3.1910         33.9887

     H   26    anisotropy:     12.39    eta:   -0.2527
     H   26    sigma_11=     24.99    axis=(  0.419072  0.799396 -0.430516)
     H   26    sigma_22=     22.91    axis=(  0.845424 -0.516476 -0.136058)
     H   26    sigma_33=     36.34    axis=(  0.331115  0.306950  0.892269)
 
     Atom 27  H   pos: ( -0.284690  0.501837  1.196855)  Total sigma:          27.85
            32.3810          3.7478         -0.6458
            -0.2380         23.9970         -1.5058
            -0.6284         -0.1017         27.1786

     H   27    anisotropy:      7.49    eta:   -0.7353
     H   27    sigma_11=     27.19    axis=(  0.170675 -0.151206  0.973656)
     H   27    sigma_22=     23.52    axis=( -0.178523  0.967056  0.181475)
     H   27    sigma_33=     32.84    axis=( -0.969020 -0.204793  0.138058)
 
     Atom 28  H   pos: (  0.909692  0.212910  0.172892)  Total sigma:          27.85
            32.3810          3.7478         -0.6458
            -0.2380         23.9970         -1.5058
            -0.6284         -0.1017         27.1786

     H   28    anisotropy:      7.49    eta:   -0.7353
     H   28    sigma_11=     27.19    axis=(  0.170675 -0.151206  0.973656)
     H   28    sigma_22=     23.52    axis=( -0.178523  0.967056  0.181475)
     H   28    sigma_33=     32.84    axis=( -0.969020 -0.204793  0.138058)
 
     Atom 29  C   pos: (  0.403858  0.888580  0.317665)  Total sigma:         151.42
           157.6024         -9.5445        -17.0256
           -21.9264        164.9960         -1.8648
            -4.3497          4.8487        131.6517

     C   29    anisotropy:     41.08    eta:   -0.7598
     C   29    sigma_11=    148.13    axis=( -0.662516 -0.650808  0.370838)
     C   29    sigma_22=    127.32    axis=(  0.387638  0.125738  0.913196)
     C   29    sigma_33=    178.80    axis=(  0.640944 -0.748758 -0.168975)
 
     Atom 30  C   pos: (  0.221144 -0.173832  1.052082)  Total sigma:         151.42
           157.6024         -9.5445        -17.0256
           -21.9264        164.9960         -1.8648
            -4.3497          4.8487        131.6517

     C   30    anisotropy:     41.08    eta:   -0.7598
     C   30    sigma_11=    148.13    axis=( -0.662516 -0.650808  0.370838)
     C   30    sigma_22=    127.32    axis=(  0.387638  0.125738  0.913196)
     C   30    sigma_33=    178.80    axis=(  0.640944 -0.748758 -0.168975)
 
     Atom 31  H   pos: (  0.480505  0.974296  0.458403)  Total sigma:          28.16
            24.0925         -1.0386          3.1534
             1.4869         31.7349          2.9167
             2.7339          2.0090         28.6488

     H   31    anisotropy:     -8.40    eta:   -0.8760
     H   31    sigma_11=     28.51    axis=(  0.438106 -0.564194  0.699820)
     H   31    sigma_22=     33.41    axis=(  0.190560  0.819106  0.541067)
     H   31    sigma_33=     22.56    axis=( -0.878493 -0.103687  0.466367)
 
     Atom 32  H   pos: (  0.144497 -0.259548  0.911344)  Total sigma:          28.16
            24.0925         -1.0386          3.1534
             1.4869         31.7349          2.9167
             2.7339          2.0090         28.6488

     H   32    anisotropy:     -8.40    eta:   -0.8760
     H   32    sigma_11=     28.51    axis=(  0.438106 -0.564194  0.699820)
     H   32    sigma_22=     33.41    axis=(  0.190560  0.819106  0.541067)
     H   32    sigma_33=     22.56    axis=( -0.878493 -0.103687  0.466368)
 
     Atom 33  H   pos: (  0.434484  0.979917  0.163175)  Total sigma:          27.44
            23.2935          0.4274         -2.5421
             1.0320         28.6979         -4.4533
            -1.5733         -3.9528         30.3393

     H   33    anisotropy:     10.12    eta:   -0.4075
     H   33    sigma_11=     25.45    axis=( -0.269489  0.783660  0.559690)
     H   33    sigma_22=     22.70    axis=(  0.944853  0.102859  0.310923)
     H   33    sigma_33=     34.19    axis=( -0.186088 -0.612615  0.768162)
 
     Atom 34  H   pos: (  0.190517 -0.265169  1.206573)  Total sigma:          27.44
            23.2935          0.4275         -2.5421
             1.0320         28.6979         -4.4533
            -1.5733         -3.9528         30.3393

     H   34    anisotropy:     10.12    eta:   -0.4075
     H   34    sigma_11=     25.45    axis=( -0.269489  0.783660  0.559690)
     H   34    sigma_22=     22.70    axis=(  0.944853  0.102859  0.310923)
     H   34    sigma_33=     34.19    axis=( -0.186088 -0.612615  0.768162)
 
     Atom 35  H   pos: (  0.224716  0.876298  0.345414)  Total sigma:          29.58
            34.9457         -2.9239         -1.0417
            -2.9243         28.6007          0.3548
            -1.9436          0.2868         25.1945

     H   35    anisotropy:     10.07    eta:   -0.3748
     H   35    sigma_11=     27.48    axis=( -0.346546 -0.933183  0.095266)
     H   35    sigma_22=     24.97    axis=(  0.159659  0.041398  0.986304)
     H   35    sigma_33=     36.29    axis=(  0.924345 -0.357010 -0.134645)
 
     Atom 36  H   pos: (  0.400286 -0.161550  1.024333)  Total sigma:          29.58
            34.9457         -2.9239         -1.0417
            -2.9243         28.6007          0.3548
            -1.9436          0.2868         25.1945

     H   36    anisotropy:     10.07    eta:   -0.3748
     H   36    sigma_11=     27.48    axis=( -0.346546 -0.933183  0.095266)
     H   36    sigma_22=     24.97    axis=(  0.159659  0.041398  0.986304)
     H   36    sigma_33=     36.29    axis=(  0.924345 -0.357010 -0.134645)
 
     Initialization:
     gipaw_setup  :      0.38s CPU      0.46s WALL (       1 calls)
 
     Linear response
     greenf       :   3208.65s CPU   3305.01s WALL (     192 calls)
     cgsolve      :   3188.48s CPU   3284.77s WALL (     192 calls)
     ch_psi       :   3141.18s CPU   3237.48s WALL (    9928 calls)
     h_psiq       :   2529.66s CPU   2624.78s WALL (    9928 calls)
 
     Apply operators
     h_psi        :   2537.01s CPU   2650.71s WALL (   16242 calls)
     apply_vel    :     52.72s CPU     53.04s WALL (     168 calls)
 
     Induced current
     j_para       :    226.02s CPU    237.79s WALL (     216 calls)
     biot_savart  :      0.05s CPU      0.06s WALL (       1 calls)
 
     Other routines
 
     General routines
     calbec       :    724.65s CPU    727.61s WALL (   37722 calls)
     fft          :      0.11s CPU      0.13s WALL (      32 calls)
     fftw         :   2028.17s CPU   2148.82s WALL ( 1352914 calls)
     davcio       :      0.03s CPU      0.51s WALL (     128 calls)
 
     Parallel routines
     fft_scatter  :    438.13s CPU    500.83s WALL ( 1352946 calls)
 
     Plugins
 
     GIPAW        :   4289.21s CPU   4425.92s WALL (       1 calls)
