
     Program QE v.6.1 (svn rev. 13369) starts on 29Apr2018 at 16:50: 7 

     This program is part of the open-source Quantum ESPRESSO suite
     for quantum simulation of materials; please cite
         "P. Giannozzi et al., J. Phys.:Condens. Matter 21 395502 (2009);
          URL http://www.quantum-espresso.org", 
     in publications or presentations arising from this work. More details at
     http://www.quantum-espresso.org/quote

     Parallel version (MPI), running on     8 processors
     R & G space division:  proc/nbgrp/npool/nimage =       8
 
     ***** This is GIPAW svn revision unknown      *****
 
     Parallelizing q-star over 1 images
     Message from routine gipaw_readin:
     *** iverbosity is obsolete, use verbosity instead ***

     Reading data from directory:
     /scratch/paruzzo/QEspresso/CCDC_plusS/GIPVUW02/wfc/scf.save

   Info: using nr1, nr2, nr3 values from input

   Info: using nr1, nr2, nr3 values from input

     IMPORTANT: XC functional enforced from input :
     Exchange-correlation      =  SLA  PW   PBX  PBC ( 1  4  3  4 0 0)
     Any further DFT definition will be discarded
     Please, verify this is what you really want

               file C.pbe-n-kjpaw_psl.0.1.UPF: wavefunction(s)  2P renormalized
               file N.pbe-n-kjpaw_psl.0.1.UPF: wavefunction(s)  2P renormalized
               file H.pbe-kjpaw_psl.0.1.UPF: wavefunction(s)  1S renormalized
               file O.pbe-n-kjpaw_psl.0.1.UPF: wavefunction(s)  2P renormalized
               file S.pbe-n-kjpaw_psl.0.1.UPF: wavefunction(s)  3P renormalized
 
     Parallelization info
     --------------------
     sticks:   dense  smooth     PW     G-vecs:    dense   smooth      PW
     Min         665     665    174                53886    53886    7254
     Max         666     666    177                53890    53890    7256
     Sum        5327    5327   1395               431103   431103   58045
 

     Check: negative/imaginary core charge=   -0.000002    0.000000

     Subspace diagonalization in iterative solution of the eigenvalue problem:
     a serial algorithm will be used

     GIPAW projectors -----------------------------------------------
     atom=  C    l=0  rc=    1.3000  rs=    0.8667
     atom=  C    l=0  rc=    1.3000  rs=    0.8667
     atom=  C    l=1  rc=    1.4500  rs=    0.9667
     atom=  C    l=1  rc=    1.4500  rs=    0.9667
     projs nearly linearly dependent: l=0  n1,n2= 1, 2  s=  0.99877758
     projs nearly linearly dependent: l=1  n1,n2= 1, 2  s=  0.99940894
 
     atom=  N    l=0  rc=    1.3000  rs=    0.8667
     atom=  N    l=0  rc=    1.3000  rs=    0.8667
     atom=  N    l=1  rc=    1.4500  rs=    0.9667
     atom=  N    l=1  rc=    1.4500  rs=    0.9667
     projs nearly linearly dependent: l=0  n1,n2= 1, 2  s=  0.99709514
     projs nearly linearly dependent: l=1  n1,n2= 1, 2  s=  0.99857174
 
     atom=  H    l=0  rc=    1.0000  rs=    0.6667
     atom=  H    l=0  rc=    1.0000  rs=    0.6667
     projs nearly linearly dependent: l=0  n1,n2= 1, 2  s=  0.99968852
 
     atom=  O    l=0  rc=    1.3500  rs=    0.9000
     atom=  O    l=0  rc=    1.3500  rs=    0.9000
     atom=  O    l=1  rc=    1.3500  rs=    0.9000
     atom=  O    l=1  rc=    1.3500  rs=    0.9000
     projs nearly linearly dependent: l=0  n1,n2= 1, 2  s=  0.99100135
     projs nearly linearly dependent: l=1  n1,n2= 1, 2  s=  0.99790100
 
     atom=  S    l=0  rc=    2.1000  rs=    1.4000
     atom=  S    l=0  rc=    2.1000  rs=    1.4000
     atom=  S    l=1  rc=    2.1000  rs=    1.4000
     atom=  S    l=1  rc=    2.1000  rs=    1.4000
     -----------------------------------------------------------------
 
     alpha_pv=     45.3958 eV
 
     q-space interpolation up to   110.00 Rydberg
 
     GIPAW job: nmr                                                                             
     NMR macroscopic correction: yes
             0.6667          0.0000          0.0000
             0.0000          0.6667          0.0000
             0.0000          0.0000          0.6667

 
     Largest allocated arrays     est. size (Mb)     dimensions
        KS wavefunctions at k          10.31 Mb     (    6757,  100)
        KS wavefunctions at k+q        10.31 Mb     (    6757,  100)
        First-order wavefunctions     103.10 Mb     (    6757,  100, 10)
        First-order wavefunct (US)     61.86 Mb     (    6757,  100,  6)
        Charge/spin density             0.95 Mb     (  123930,    1)
        Induced current                 8.51 Mb     (  123930,    3,3,1)
        Induced magnetic field          8.51 Mb     (  123930,    3,3,1)
        NL pseudopotentials            28.04 Mb     (    6757,  272)
        GIPAW NL terms                 28.04 Mb     (    6757,  272)
 
     Computing the magnetic susceptibility     isolve=0    ethr=  0.1000E-13
     k-point #    1 of    10      pool #  1    cpu time:      11.4
     Rotating WFCS
     Rotating WFCS
     Rotating WFCS
     Rotating WFCS
     Rotating WFCS
     Rotating WFCS
     Rotating WFCS
     k-point #    2 of    10      pool #  1    cpu time:    1476.2
     Rotating WFCS
     Rotating WFCS
     Rotating WFCS
     Rotating WFCS
     Rotating WFCS
     Rotating WFCS
     Rotating WFCS
     k-point #    3 of    10      pool #  1    cpu time:    2969.1
     Rotating WFCS
     Rotating WFCS
     Rotating WFCS
     Rotating WFCS
     Rotating WFCS
     Rotating WFCS
     Rotating WFCS
     k-point #    4 of    10      pool #  1    cpu time:    4496.5
     Rotating WFCS
     Rotating WFCS
     Rotating WFCS
     Rotating WFCS
     Rotating WFCS
     Rotating WFCS
     Rotating WFCS
     k-point #    5 of    10      pool #  1    cpu time:    5946.7
     Rotating WFCS
     Rotating WFCS
     Rotating WFCS
     Rotating WFCS
     Rotating WFCS
     Rotating WFCS
     Rotating WFCS
     k-point #    6 of    10      pool #  1    cpu time:    7482.1
     Rotating WFCS
     Rotating WFCS
     Rotating WFCS
     Rotating WFCS
     Rotating WFCS
     Rotating WFCS
     Rotating WFCS
     k-point #    7 of    10      pool #  1    cpu time:    8979.2
     Rotating WFCS
     Rotating WFCS
     Rotating WFCS
     Rotating WFCS
     Rotating WFCS
     Rotating WFCS
     Rotating WFCS
     k-point #    8 of    10      pool #  1    cpu time:   10534.7
     Rotating WFCS
     Rotating WFCS
     Rotating WFCS
     Rotating WFCS
     Rotating WFCS
     Rotating WFCS
     Rotating WFCS
     k-point #    9 of    10      pool #  1    cpu time:   12060.7
     Rotating WFCS
     Rotating WFCS
     Rotating WFCS
     Rotating WFCS
     Rotating WFCS
     Rotating WFCS
     Rotating WFCS
     k-point #   10 of    10      pool #  1    cpu time:   13615.9
     Rotating WFCS
     Rotating WFCS
     Rotating WFCS
     Rotating WFCS
     Rotating WFCS
     Rotating WFCS
     Rotating WFCS
     End of magnetic susceptibility calculation
 
     f-sum rule (1st term):
          -164.9885          0.0000         -0.0194
             0.0000       -164.8014         -0.0000
            -0.0196         -0.0000       -164.9492

     f-sum rule (2nd term):
            -3.1641         -0.0000          0.0180
            -0.0000         -3.3475          0.0000
             0.0185          0.0000         -3.2003

     f-sum rule (should be  -168.1534):
          -168.1526          0.0000         -0.0015
             0.0000       -168.1489         -0.0000
            -0.0010         -0.0000       -168.1496

     chi_bare pGv (HH) in paratec units:
       -74.494960      1.170415    -27.319011
         1.161897    -31.896400     -2.056880
       -27.775156     -2.067062    -42.394646

       -74.494960      1.170415    -27.319011
         1.161897    -31.896400     -2.056880
       -27.775156     -2.067062    -42.394646

     chi_bare vGv (VV) in paratec units:
       -71.187273      1.113505    -28.792948
         1.083336    -26.771484     -1.858954
       -28.790973     -1.919693    -38.683318

       -71.187273      1.113505    -28.792948
         1.083336    -26.771484     -1.858954
       -28.790973     -1.919693    -38.683318

     chi_bare pGv (HH) in 10^{-6} cm^3/mol:
          -354.0071          5.5619       -129.8225
             5.5214       -151.5747         -9.7745
          -131.9902         -9.8229       -201.4634

     chi_bare vGv (VV) in 10^{-6} cm^3/mol:
          -338.2886          5.2915       -136.8268
             5.1481       -127.2206         -8.8339
          -136.8174         -9.1226       -183.8268

     Contributions to the NMR chemical shifts: -------------------------------
 
     Macroscopic shape contribution in ppm:                    6.93
            10.4159          0.0000          0.0000
             0.0000          4.4597          0.0000
             0.0000          0.0000          5.9276

 
     Core contribution in ppm:
 
     Atom  1  S   pos: (  0.725803  0.109071  0.118450)  core sigma:         979.79
     Atom  2  S   pos: ( -0.030026  0.621123  0.628142)  core sigma:         979.79
     Atom  3  S   pos: ( -0.334249  0.915035  1.374735)  core sigma:         979.79
     Atom  4  S   pos: (  0.421580  0.402982  0.865043)  core sigma:         979.79
     Atom  5  O   pos: (  0.184878  0.903187  1.475639)  core sigma:         271.07
     Atom  6  O   pos: ( -0.097547  0.391135  0.764140)  core sigma:         271.07
     Atom  7  O   pos: (  0.206676  0.120918  0.017547)  core sigma:         271.07
     Atom  8  O   pos: (  0.489101  0.632971  0.729046)  core sigma:         271.07
     Atom  9  O   pos: (  0.625599  0.317044  0.278601)  core sigma:         271.07
     Atom 10  O   pos: (  0.070178  0.829097  0.467992)  core sigma:         271.07
     Atom 11  O   pos: ( -0.234045  0.707061  1.214584)  core sigma:         271.07
     Atom 12  O   pos: (  0.321376  0.195009  1.025194)  core sigma:         271.07
     Atom 13  N   pos: (  0.735191  0.739788  0.074448)  core sigma:         235.78
     Atom 14  N   pos: ( -0.039414  0.227736  0.672145)  core sigma:         235.78
     Atom 15  N   pos: ( -0.343637  0.284317  1.418738)  core sigma:         235.78
     Atom 16  N   pos: (  0.430968  0.796370  0.821041)  core sigma:         235.78
     Atom 17  N   pos: (  0.528721  0.250099  0.435997)  core sigma:         235.78
     Atom 18  N   pos: (  0.167056  0.762152  0.310596)  core sigma:         235.78
     Atom 19  N   pos: ( -0.137167  0.774006  1.057189)  core sigma:         235.78
     Atom 20  N   pos: (  0.224498  0.261954  1.182590)  core sigma:         235.78
     Atom 21  C   pos: (  0.644786  0.777604  0.243077)  core sigma:         200.51
     Atom 22  C   pos: (  0.050991  0.265551  0.503516)  core sigma:         200.51
     Atom 23  C   pos: ( -0.253232  0.246501  1.250109)  core sigma:         200.51
     Atom 24  C   pos: (  0.340563  0.758554  0.989670)  core sigma:         200.51
     Atom 25  C   pos: (  0.624644  0.980356  0.289943)  core sigma:         200.51
     Atom 26  C   pos: (  0.071133  0.468304  0.456650)  core sigma:         200.51
     Atom 27  C   pos: ( -0.233090  0.043749  1.203243)  core sigma:         200.51
     Atom 28  C   pos: (  0.320421  0.555802  1.036536)  core sigma:         200.51
     Atom 29  C   pos: (  0.529582  0.055126  0.446636)  core sigma:         200.51
     Atom 30  C   pos: (  0.166195  0.567179  0.299957)  core sigma:         200.51
     Atom 31  C   pos: ( -0.138028  0.968979  1.046550)  core sigma:         200.51
     Atom 32  C   pos: (  0.225359  0.456926  1.193228)  core sigma:         200.51
     Atom 33  H   pos: (  0.590101  0.653463  0.330149)  core sigma:           0.00
     Atom 34  H   pos: (  0.105676  0.141410  0.416444)  core sigma:           0.00
     Atom 35  H   pos: ( -0.198547  0.370642  1.163037)  core sigma:           0.00
     Atom 36  H   pos: (  0.285878  0.882695  1.076742)  core sigma:           0.00
     Atom 37  H   pos: (  0.458191  1.007332  0.572122)  core sigma:           0.00
     Atom 38  H   pos: (  0.237586  0.495280  0.174471)  core sigma:           0.00
     Atom 39  H   pos: ( -0.066637  0.016773  0.921063)  core sigma:           0.00
     Atom 40  H   pos: (  0.153968  0.528826  1.318715)  core sigma:           0.00
 
     Bare contribution in ppm:
 
     Atom  1  S   pos: (  0.725803  0.109071  0.118450)  bare sigma:         -41.82
           -33.4216        -19.2082         13.1943
           -21.9317        -41.6708         35.3156
            16.3511         39.7160        -50.3820

     Atom  2  S   pos: ( -0.030026  0.621123  0.628142)  bare sigma:         -41.82
           -33.4204         19.2073         13.1930
            21.9312        -41.6693        -35.3148
            16.3498        -39.7146        -50.3800

     Atom  3  S   pos: ( -0.334249  0.915035  1.374735)  bare sigma:         -41.82
           -33.4216        -19.2082         13.1943
           -21.9317        -41.6708         35.3156
            16.3511         39.7160        -50.3820

     Atom  4  S   pos: (  0.421580  0.402982  0.865043)  bare sigma:         -41.82
           -33.4204         19.2073         13.1930
            21.9312        -41.6693        -35.3148
            16.3498        -39.7146        -50.3800

     Atom  5  O   pos: (  0.184878  0.903187  1.475639)  bare sigma:         -60.80
           -18.9915        -26.0177         54.5071
           -17.3524        -90.6891         12.5205
            42.7708         18.7579        -72.7129

     Atom  6  O   pos: ( -0.097547  0.391135  0.764140)  bare sigma:         -60.81
           -18.9963         26.0198         54.5100
            17.3551        -90.7014        -12.5248
            42.7736        -18.7609        -72.7211

     Atom  7  O   pos: (  0.206676  0.120918  0.017547)  bare sigma:         -60.80
           -18.9915        -26.0177         54.5071
           -17.3524        -90.6891         12.5205
            42.7708         18.7579        -72.7129

     Atom  8  O   pos: (  0.489101  0.632971  0.729046)  bare sigma:         -60.81
           -18.9963         26.0198         54.5100
            17.3551        -90.7014        -12.5248
            42.7736        -18.7609        -72.7211

     Atom  9  O   pos: (  0.625599  0.317044  0.278601)  bare sigma:         -71.42
           -32.6262        -18.3339         64.4689
           -14.4415       -104.4133         36.1458
            55.9833         25.8618        -77.2278

     Atom 10  O   pos: (  0.070178  0.829097  0.467992)  bare sigma:         -71.42
           -32.6266         18.3348         64.4696
            14.4416       -104.4118        -36.1455
            55.9838        -25.8634        -77.2292

     Atom 11  O   pos: ( -0.234045  0.707061  1.214584)  bare sigma:         -71.42
           -32.6262        -18.3339         64.4689
           -14.4415       -104.4133         36.1458
            55.9833         25.8618        -77.2278

     Atom 12  O   pos: (  0.321376  0.195009  1.025194)  bare sigma:         -71.42
           -32.6266         18.3348         64.4696
            14.4416       -104.4118        -36.1455
            55.9838        -25.8634        -77.2292

     Atom 13  N   pos: (  0.735191  0.739788  0.074448)  bare sigma:        -105.57
           -39.0119        -44.5921         91.7963
           -29.3535       -149.7418         35.2166
            80.0643         51.8622       -127.9547

     Atom 14  N   pos: ( -0.039414  0.227736  0.672145)  bare sigma:        -105.57
           -39.0120         44.5933         91.7978
            29.3548       -149.7461        -35.2186
            80.0660        -51.8641       -127.9571

     Atom 15  N   pos: ( -0.343637  0.284317  1.418738)  bare sigma:        -105.57
           -39.0119        -44.5921         91.7963
           -29.3535       -149.7418         35.2166
            80.0643         51.8622       -127.9547

     Atom 16  N   pos: (  0.430968  0.796370  0.821041)  bare sigma:        -105.57
           -39.0120         44.5933         91.7978
            29.3548       -149.7461        -35.2186
            80.0660        -51.8641       -127.9571

     Atom 17  N   pos: (  0.528721  0.250099  0.435997)  bare sigma:        -112.87
           -45.7641        -35.1057         91.1264
           -33.5946       -163.1276         64.8481
            87.3931         47.8197       -129.7173

     Atom 18  N   pos: (  0.167056  0.762152  0.310596)  bare sigma:        -112.87
           -45.7646         35.1060         91.1272
            33.5947       -163.1292        -64.8482
            87.3938        -47.8201       -129.7194

     Atom 19  N   pos: ( -0.137167  0.774006  1.057189)  bare sigma:        -112.87
           -45.7641        -35.1057         91.1264
           -33.5946       -163.1276         64.8481
            87.3931         47.8197       -129.7173

     Atom 20  N   pos: (  0.224498  0.261954  1.182590)  bare sigma:        -112.87
           -45.7646         35.1060         91.1272
            33.5947       -163.1292        -64.8482
            87.3938        -47.8201       -129.7194

     Atom 21  C   pos: (  0.644786  0.777604  0.243077)  bare sigma:         -64.26
           -35.8323        -20.6597         20.2238
            -8.1379        -97.6941          7.4727
            20.7001         24.4387        -59.2403

     Atom 22  C   pos: (  0.050991  0.265551  0.503516)  bare sigma:         -64.25
           -35.8321         20.6594         20.2237
             8.1377        -97.6909         -7.4726
            20.7001        -24.4388        -59.2401

     Atom 23  C   pos: ( -0.253232  0.246501  1.250109)  bare sigma:         -64.26
           -35.8323        -20.6597         20.2238
            -8.1379        -97.6941          7.4727
            20.7001         24.4387        -59.2403

     Atom 24  C   pos: (  0.340563  0.758554  0.989670)  bare sigma:         -64.25
           -35.8321         20.6594         20.2237
             8.1377        -97.6909         -7.4726
            20.7001        -24.4388        -59.2401

     Atom 25  C   pos: (  0.624644  0.980356  0.289943)  bare sigma:         -61.25
           -14.7109         10.4802         43.1923
             6.6863       -101.4248        -14.9006
            45.3958        -15.4502        -67.6061

     Atom 26  C   pos: (  0.071133  0.468304  0.456650)  bare sigma:         -61.25
           -14.7112        -10.4797         43.1930
            -6.6859       -101.4250         14.8998
            45.3963         15.4494        -67.6071

     Atom 27  C   pos: ( -0.233090  0.043749  1.203243)  bare sigma:         -61.25
           -14.7109         10.4802         43.1923
             6.6863       -101.4248        -14.9006
            45.3958        -15.4502        -67.6061

     Atom 28  C   pos: (  0.320421  0.555802  1.036536)  bare sigma:         -61.25
           -14.7112        -10.4797         43.1930
            -6.6859       -101.4250         14.8998
            45.3963         15.4494        -67.6071

     Atom 29  C   pos: (  0.529582  0.055126  0.446636)  bare sigma:         -65.28
           -46.5461         -1.3041         37.6575
           -11.0888        -64.6259         20.3766
            36.6934          2.0759        -84.6578

     Atom 30  C   pos: (  0.166195  0.567179  0.299957)  bare sigma:         -65.28
           -46.5453          1.3044         37.6565
            11.0891        -64.6258        -20.3770
            36.6924         -2.0762        -84.6560

     Atom 31  C   pos: ( -0.138028  0.968979  1.046550)  bare sigma:         -65.28
           -46.5461         -1.3041         37.6575
           -11.0888        -64.6259         20.3766
            36.6934          2.0759        -84.6578

     Atom 32  C   pos: (  0.225359  0.456926  1.193228)  bare sigma:         -65.28
           -46.5453          1.3044         37.6565
            11.0891        -64.6258        -20.3770
            36.6924         -2.0762        -84.6560

     Atom 33  H   pos: (  0.590101  0.653463  0.330149)  bare sigma:          12.79
             8.9784         -3.7522         -7.3439
             1.0292         15.8926         -1.3957
            -5.2912          3.7730         13.5125

     Atom 34  H   pos: (  0.105676  0.141410  0.416444)  bare sigma:          12.79
             8.9785          3.7522         -7.3438
            -1.0292         15.8928          1.3958
            -5.2911         -3.7730         13.5125

     Atom 35  H   pos: ( -0.198547  0.370642  1.163037)  bare sigma:          12.79
             8.9784         -3.7522         -7.3439
             1.0292         15.8926         -1.3957
            -5.2912          3.7730         13.5125

     Atom 36  H   pos: (  0.285878  0.882695  1.076742)  bare sigma:          12.79
             8.9785          3.7522         -7.3438
            -1.0292         15.8928          1.3958
            -5.2911         -3.7730         13.5125

     Atom 37  H   pos: (  0.458191  1.007332  0.572122)  bare sigma:          11.48
             3.8633          0.2409         -5.7852
            -1.8998         18.2630          2.5697
            -6.4296         -2.4162         12.3242

     Atom 38  H   pos: (  0.237586  0.495280  0.174471)  bare sigma:          11.48
             3.8633         -0.2410         -5.7853
             1.8998         18.2629         -2.5697
            -6.4298          2.4163         12.3245

     Atom 39  H   pos: ( -0.066637  0.016773  0.921063)  bare sigma:          11.48
             3.8633          0.2409         -5.7852
            -1.8998         18.2630          2.5697
            -6.4296         -2.4162         12.3242

     Atom 40  H   pos: (  0.153968  0.528826  1.318715)  bare sigma:          11.48
             3.8633         -0.2410         -5.7853
             1.8998         18.2629         -2.5697
            -6.4298          2.4163         12.3245

     Diamagnetic contribution in ppm:
 
     Atom  1  S   pos: (  0.725803  0.109071  0.118450)  dia sigma:         -13.03
           -13.1292         -0.0406         -0.0832
            -0.0406        -12.9419          0.0713
            -0.0832          0.0713        -13.0244

     Atom  2  S   pos: ( -0.030026  0.621123  0.628142)  dia sigma:         -13.03
           -13.1292          0.0406         -0.0832
             0.0406        -12.9419         -0.0713
            -0.0832         -0.0713        -13.0244

     Atom  3  S   pos: ( -0.334249  0.915035  1.374735)  dia sigma:         -13.03
           -13.1292         -0.0406         -0.0832
            -0.0406        -12.9419          0.0713
            -0.0832          0.0713        -13.0244

     Atom  4  S   pos: (  0.421580  0.402982  0.865043)  dia sigma:         -13.03
           -13.1292          0.0406         -0.0832
             0.0406        -12.9419         -0.0713
            -0.0832         -0.0713        -13.0244

     Atom  5  O   pos: (  0.184878  0.903187  1.475639)  dia sigma:          16.60
            16.2580          0.2358         -0.0276
             0.2358         17.3272         -0.3880
            -0.0276         -0.3880         16.2031

     Atom  6  O   pos: ( -0.097547  0.391135  0.764140)  dia sigma:          16.60
            16.2581         -0.2358         -0.0276
            -0.2358         17.3274          0.3880
            -0.0276          0.3880         16.2033

     Atom  7  O   pos: (  0.206676  0.120918  0.017547)  dia sigma:          16.60
            16.2580          0.2358         -0.0276
             0.2358         17.3272         -0.3880
            -0.0276         -0.3880         16.2031

     Atom  8  O   pos: (  0.489101  0.632971  0.729046)  dia sigma:          16.60
            16.2581         -0.2358         -0.0276
            -0.2358         17.3274          0.3880
            -0.0276          0.3880         16.2033

     Atom  9  O   pos: (  0.625599  0.317044  0.278601)  dia sigma:          16.58
            16.5660          0.1340         -0.5278
             0.1340         16.0597         -0.1421
            -0.5278         -0.1421         17.1190

     Atom 10  O   pos: (  0.070178  0.829097  0.467992)  dia sigma:          16.58
            16.5660         -0.1340         -0.5278
            -0.1340         16.0597          0.1421
            -0.5278          0.1421         17.1190

     Atom 11  O   pos: ( -0.234045  0.707061  1.214584)  dia sigma:          16.58
            16.5660          0.1340         -0.5278
             0.1340         16.0597         -0.1421
            -0.5278         -0.1421         17.1190

     Atom 12  O   pos: (  0.321376  0.195009  1.025194)  dia sigma:          16.58
            16.5660         -0.1340         -0.5278
            -0.1340         16.0597          0.1421
            -0.5278          0.1421         17.1190

     Atom 13  N   pos: (  0.735191  0.739788  0.074448)  dia sigma:           8.07
             8.2814          0.2682          0.1487
             0.2682          7.9104         -0.5562
             0.1487         -0.5562          8.0186

     Atom 14  N   pos: ( -0.039414  0.227736  0.672145)  dia sigma:           8.07
             8.2814         -0.2682          0.1487
            -0.2682          7.9105          0.5562
             0.1487          0.5562          8.0186

     Atom 15  N   pos: ( -0.343637  0.284317  1.418738)  dia sigma:           8.07
             8.2814          0.2682          0.1487
             0.2682          7.9104         -0.5562
             0.1487         -0.5562          8.0186

     Atom 16  N   pos: (  0.430968  0.796370  0.821041)  dia sigma:           8.07
             8.2814         -0.2682          0.1487
            -0.2682          7.9105          0.5562
             0.1487          0.5562          8.0186

     Atom 17  N   pos: (  0.528721  0.250099  0.435997)  dia sigma:           8.04
             8.2578          0.3219          0.0943
             0.3219          7.6419         -0.4624
             0.0943         -0.4624          8.2250

     Atom 18  N   pos: (  0.167056  0.762152  0.310596)  dia sigma:           8.04
             8.2579         -0.3219          0.0943
            -0.3219          7.6419          0.4624
             0.0943          0.4624          8.2251

     Atom 19  N   pos: ( -0.137167  0.774006  1.057189)  dia sigma:           8.04
             8.2578          0.3219          0.0943
             0.3219          7.6419         -0.4624
             0.0943         -0.4624          8.2250

     Atom 20  N   pos: (  0.224498  0.261954  1.182590)  dia sigma:           8.04
             8.2579         -0.3219          0.0943
            -0.3219          7.6419          0.4624
             0.0943          0.4624          8.2251

     Atom 21  C   pos: (  0.644786  0.777604  0.243077)  dia sigma:           4.30
             4.3775         -0.0349          0.0741
            -0.0349          4.2283          0.0513
             0.0741          0.0513          4.2935

     Atom 22  C   pos: (  0.050991  0.265551  0.503516)  dia sigma:           4.30
             4.3775          0.0349          0.0741
             0.0349          4.2283         -0.0513
             0.0741         -0.0513          4.2935

     Atom 23  C   pos: ( -0.253232  0.246501  1.250109)  dia sigma:           4.30
             4.3775         -0.0349          0.0741
            -0.0349          4.2283          0.0513
             0.0741          0.0513          4.2935

     Atom 24  C   pos: (  0.340563  0.758554  0.989670)  dia sigma:           4.30
             4.3775          0.0349          0.0741
             0.0349          4.2283         -0.0513
             0.0741         -0.0513          4.2935

     Atom 25  C   pos: (  0.624644  0.980356  0.289943)  dia sigma:           4.22
             4.3208          0.0318          0.0941
             0.0318          4.1277         -0.0583
             0.0941         -0.0583          4.2076

     Atom 26  C   pos: (  0.071133  0.468304  0.456650)  dia sigma:           4.22
             4.3208         -0.0318          0.0941
            -0.0318          4.1277          0.0583
             0.0941          0.0583          4.2076

     Atom 27  C   pos: ( -0.233090  0.043749  1.203243)  dia sigma:           4.22
             4.3208          0.0318          0.0941
             0.0318          4.1277         -0.0583
             0.0941         -0.0583          4.2076

     Atom 28  C   pos: (  0.320421  0.555802  1.036536)  dia sigma:           4.22
             4.3208         -0.0318          0.0941
            -0.0318          4.1277          0.0583
             0.0941          0.0583          4.2076

     Atom 29  C   pos: (  0.529582  0.055126  0.446636)  dia sigma:           4.31
             4.3786         -0.0270          0.1007
            -0.0270          4.2892          0.0461
             0.1007          0.0461          4.2639

     Atom 30  C   pos: (  0.166195  0.567179  0.299957)  dia sigma:           4.31
             4.3785          0.0270          0.1007
             0.0270          4.2892         -0.0461
             0.1007         -0.0461          4.2639

     Atom 31  C   pos: ( -0.138028  0.968979  1.046550)  dia sigma:           4.31
             4.3786         -0.0270          0.1007
            -0.0270          4.2892          0.0461
             0.1007          0.0461          4.2639

     Atom 32  C   pos: (  0.225359  0.456926  1.193228)  dia sigma:           4.31
             4.3785          0.0270          0.1007
             0.0270          4.2892         -0.0461
             0.1007         -0.0461          4.2639

     Atom 33  H   pos: (  0.590101  0.653463  0.330149)  dia sigma:           1.10
             1.1018         -0.0000         -0.0000
            -0.0000          1.1018          0.0000
            -0.0000          0.0000          1.1018

     Atom 34  H   pos: (  0.105676  0.141410  0.416444)  dia sigma:           1.10
             1.1018         -0.0000         -0.0000
            -0.0000          1.1018          0.0000
            -0.0000          0.0000          1.1018

     Atom 35  H   pos: ( -0.198547  0.370642  1.163037)  dia sigma:           1.10
             1.1018         -0.0000         -0.0000
            -0.0000          1.1018          0.0000
            -0.0000          0.0000          1.1018

     Atom 36  H   pos: (  0.285878  0.882695  1.076742)  dia sigma:           1.10
             1.1018         -0.0000         -0.0000
            -0.0000          1.1018          0.0000
            -0.0000          0.0000          1.1018

     Atom 37  H   pos: (  0.458191  1.007332  0.572122)  dia sigma:           1.09
             1.0944         -0.0000         -0.0000
            -0.0000          1.0944          0.0000
            -0.0000          0.0000          1.0944

     Atom 38  H   pos: (  0.237586  0.495280  0.174471)  dia sigma:           1.09
             1.0944         -0.0000         -0.0000
            -0.0000          1.0944          0.0000
            -0.0000          0.0000          1.0944

     Atom 39  H   pos: ( -0.066637  0.016773  0.921063)  dia sigma:           1.09
             1.0944         -0.0000         -0.0000
            -0.0000          1.0944          0.0000
            -0.0000          0.0000          1.0944

     Atom 40  H   pos: (  0.153968  0.528826  1.318715)  dia sigma:           1.09
             1.0944         -0.0000         -0.0000
            -0.0000          1.0944          0.0000
            -0.0000          0.0000          1.0944

     Paramagnetic contribution in ppm:
 
     Atom  1  S   pos: (  0.725803  0.109071  0.118450)  para sigma:       -1191.09
         -1012.6783       -133.7853        213.3161
          -150.8913      -1285.5173        238.1169
           241.4839        263.0807      -1275.0617

     Atom  2  S   pos: ( -0.030026  0.621123  0.628142)  para sigma:       -1191.07
         -1012.6616        133.7750        213.3034
           150.8836      -1285.4982       -238.1044
           241.4711       -263.0631      -1275.0353

     Atom  3  S   pos: ( -0.334249  0.915035  1.374735)  para sigma:       -1191.09
         -1012.6783       -133.7853        213.3161
          -150.8913      -1285.5173        238.1169
           241.4839        263.0807      -1275.0617

     Atom  4  S   pos: (  0.421580  0.402982  0.865043)  para sigma:       -1191.07
         -1012.6616        133.7750        213.3034
           150.8836      -1285.4982       -238.1044
           241.4711       -263.0631      -1275.0353

     Atom  5  O   pos: (  0.184878  0.903187  1.475639)  para sigma:        -280.75
          -191.1543        -62.4547        125.7407
           -36.4004       -343.2530         28.9296
            95.6510         49.9593       -307.8539

     Atom  6  O   pos: ( -0.097547  0.391135  0.764140)  para sigma:        -280.78
          -191.1697         62.4598        125.7485
            36.4070       -343.2872        -28.9401
            95.6585        -49.9664       -307.8779

     Atom  7  O   pos: (  0.206676  0.120918  0.017547)  para sigma:        -280.75
          -191.1543        -62.4547        125.7407
           -36.4004       -343.2530         28.9296
            95.6510         49.9593       -307.8539

     Atom  8  O   pos: (  0.489101  0.632971  0.729046)  para sigma:        -280.78
          -191.1697         62.4598        125.7485
            36.4070       -343.2872        -28.9401
            95.6585        -49.9664       -307.8779

     Atom  9  O   pos: (  0.625599  0.317044  0.278601)  para sigma:        -303.94
          -218.0711        -44.9060        143.5617
           -40.3432       -376.9605         92.6395
           124.5960         52.5885       -316.7992

     Atom 10  O   pos: (  0.070178  0.829097  0.467992)  para sigma:        -303.94
          -218.0712         44.9079        143.5635
            40.3431       -376.9562        -92.6382
           124.5975        -52.5914       -316.8014

     Atom 11  O   pos: ( -0.234045  0.707061  1.214584)  para sigma:        -303.94
          -218.0711        -44.9060        143.5617
           -40.3432       -376.9605         92.6395
           124.5960         52.5885       -316.7992

     Atom 12  O   pos: (  0.321376  0.195009  1.025194)  para sigma:        -303.94
          -218.0712         44.9079        143.5635
            40.3431       -376.9562        -92.6382
           124.5975        -52.5914       -316.8014

     Atom 13  N   pos: (  0.735191  0.739788  0.074448)  para sigma:        -287.93
          -169.0742        -78.6129        158.3934
           -54.3742       -369.7539         70.3739
           139.1860         97.0049       -324.9626

     Atom 14  N   pos: ( -0.039414  0.227736  0.672145)  para sigma:        -287.93
          -169.0750         78.6144        158.3966
            54.3767       -369.7616        -70.3777
           139.1893        -97.0075       -324.9679

     Atom 15  N   pos: ( -0.343637  0.284317  1.418738)  para sigma:        -287.93
          -169.0742        -78.6129        158.3934
           -54.3742       -369.7539         70.3739
           139.1860         97.0049       -324.9626

     Atom 16  N   pos: (  0.430968  0.796370  0.821041)  para sigma:        -287.93
          -169.0750         78.6144        158.3966
            54.3767       -369.7616        -70.3777
           139.1893        -97.0075       -324.9679

     Atom 17  N   pos: (  0.528721  0.250099  0.435997)  para sigma:        -299.46
          -184.4081        -64.7130        165.8338
           -61.5959       -380.1620        116.7293
           156.5938         85.5024       -333.7966

     Atom 18  N   pos: (  0.167056  0.762152  0.310596)  para sigma:        -299.46
          -184.4098         64.7135        165.8355
            61.5960       -380.1661       -116.7293
           156.5955        -85.5031       -333.8012

     Atom 19  N   pos: ( -0.137167  0.774006  1.057189)  para sigma:        -299.46
          -184.4081        -64.7130        165.8338
           -61.5959       -380.1620        116.7293
           156.5938         85.5024       -333.7966

     Atom 20  N   pos: (  0.224498  0.261954  1.182590)  para sigma:        -299.46
          -184.4098         64.7135        165.8355
            61.5960       -380.1661       -116.7293
           156.5955        -85.5031       -333.8012

     Atom 21  C   pos: (  0.644786  0.777604  0.243077)  para sigma:        -114.17
           -87.8720        -17.5935         18.5037
            -7.2793       -145.3306          7.4329
            19.1579         23.2716       -109.3213

     Atom 22  C   pos: (  0.050991  0.265551  0.503516)  para sigma:        -114.17
           -87.8717         17.5931         18.5034
             7.2791       -145.3268         -7.4328
            19.1577        -23.2713       -109.3205

     Atom 23  C   pos: ( -0.253232  0.246501  1.250109)  para sigma:        -114.17
           -87.8720        -17.5935         18.5037
            -7.2793       -145.3306          7.4329
            19.1579         23.2716       -109.3213

     Atom 24  C   pos: (  0.340563  0.758554  0.989670)  para sigma:        -114.17
           -87.8717         17.5931         18.5034
             7.2791       -145.3268         -7.4328
            19.1577        -23.2713       -109.3205

     Atom 25  C   pos: (  0.624644  0.980356  0.289943)  para sigma:        -118.38
           -77.9630         16.0413         34.9564
            11.6487       -154.8460        -22.5846
            37.2873        -22.8097       -122.3245

     Atom 26  C   pos: (  0.071133  0.468304  0.456650)  para sigma:        -118.38
           -77.9637        -16.0407         34.9573
           -11.6483       -154.8466         22.5840
            37.2880         22.8090       -122.3258

     Atom 27  C   pos: ( -0.233090  0.043749  1.203243)  para sigma:        -118.38
           -77.9630         16.0413         34.9564
            11.6487       -154.8460        -22.5846
            37.2873        -22.8097       -122.3245

     Atom 28  C   pos: (  0.320421  0.555802  1.036536)  para sigma:        -118.38
           -77.9637        -16.0407         34.9573
           -11.6483       -154.8466         22.5840
            37.2880         22.8090       -122.3258

     Atom 29  C   pos: (  0.529582  0.055126  0.446636)  para sigma:        -114.30
           -96.6219         -0.3124         36.1626
           -10.0892       -113.5699         17.6892
            34.8816          0.7237       -132.7071

     Atom 30  C   pos: (  0.166195  0.567179  0.299957)  para sigma:        -114.30
           -96.6208          0.3127         36.1616
            10.0893       -113.5695        -17.6894
            34.8805         -0.7240       -132.7051

     Atom 31  C   pos: ( -0.138028  0.968979  1.046550)  para sigma:        -114.30
           -96.6219         -0.3124         36.1626
           -10.0892       -113.5699         17.6892
            34.8816          0.7237       -132.7071

     Atom 32  C   pos: (  0.225359  0.456926  1.193228)  para sigma:        -114.30
           -96.6208          0.3127         36.1616
            10.0893       -113.5695        -17.6894
            34.8805         -0.7240       -132.7051

     Atom 33  H   pos: (  0.590101  0.653463  0.330149)  para sigma:           0.00
             0.0000          0.0000          0.0000
             0.0000          0.0000          0.0000
             0.0000          0.0000          0.0000

     Atom 34  H   pos: (  0.105676  0.141410  0.416444)  para sigma:           0.00
             0.0000          0.0000          0.0000
             0.0000          0.0000          0.0000
             0.0000          0.0000          0.0000

     Atom 35  H   pos: ( -0.198547  0.370642  1.163037)  para sigma:           0.00
             0.0000          0.0000          0.0000
             0.0000          0.0000          0.0000
             0.0000          0.0000          0.0000

     Atom 36  H   pos: (  0.285878  0.882695  1.076742)  para sigma:           0.00
             0.0000          0.0000          0.0000
             0.0000          0.0000          0.0000
             0.0000          0.0000          0.0000

     Atom 37  H   pos: (  0.458191  1.007332  0.572122)  para sigma:           0.00
             0.0000          0.0000          0.0000
             0.0000          0.0000          0.0000
             0.0000          0.0000          0.0000

     Atom 38  H   pos: (  0.237586  0.495280  0.174471)  para sigma:           0.00
             0.0000          0.0000          0.0000
             0.0000          0.0000          0.0000
             0.0000          0.0000          0.0000

     Atom 39  H   pos: ( -0.066637  0.016773  0.921063)  para sigma:           0.00
             0.0000          0.0000          0.0000
             0.0000          0.0000          0.0000
             0.0000          0.0000          0.0000

     Atom 40  H   pos: (  0.153968  0.528826  1.318715)  para sigma:           0.00
             0.0000          0.0000          0.0000
             0.0000          0.0000          0.0000
             0.0000          0.0000          0.0000

     Paramagnetic US occ-occ contribution in ppm:
 
     Atom  1  S   pos: (  0.725803  0.109071  0.118450)  para_oo sigma:          -1.16
             0.5082          1.7275          1.0514
             1.9947         -3.2173         -3.2898
             0.8465         -3.2403         -0.7655

     Atom  2  S   pos: ( -0.030026  0.621123  0.628142)  para_oo sigma:          -1.16
             0.5082         -1.7276          1.0514
            -1.9947         -3.2172          3.2897
             0.8465          3.2403         -0.7655

     Atom  3  S   pos: ( -0.334249  0.915035  1.374735)  para_oo sigma:          -1.16
             0.5082          1.7275          1.0514
             1.9947         -3.2173         -3.2898
             0.8465         -3.2403         -0.7655

     Atom  4  S   pos: (  0.421580  0.402982  0.865043)  para_oo sigma:          -1.16
             0.5082         -1.7276          1.0514
            -1.9947         -3.2172          3.2897
             0.8465          3.2403         -0.7655

     Atom  5  O   pos: (  0.184878  0.903187  1.475639)  para_oo sigma:          -3.15
            -2.5792          0.6976          0.4292
             0.6319         -3.2806         -1.5292
             0.4555         -1.5048         -3.5862

     Atom  6  O   pos: ( -0.097547  0.391135  0.764140)  para_oo sigma:          -3.15
            -2.5792         -0.6977          0.4292
            -0.6320         -3.2806          1.5293
             0.4556          1.5049         -3.5863

     Atom  7  O   pos: (  0.206676  0.120918  0.017547)  para_oo sigma:          -3.15
            -2.5792          0.6976          0.4292
             0.6319         -3.2806         -1.5292
             0.4555         -1.5048         -3.5862

     Atom  8  O   pos: (  0.489101  0.632971  0.729046)  para_oo sigma:          -3.15
            -2.5792         -0.6977          0.4292
            -0.6320         -3.2806          1.5293
             0.4556          1.5049         -3.5863

     Atom  9  O   pos: (  0.625599  0.317044  0.278601)  para_oo sigma:          -2.80
            -2.2305          1.0854          0.1253
             1.0925         -4.1438         -1.3552
             0.1221         -1.4041         -2.0174

     Atom 10  O   pos: (  0.070178  0.829097  0.467992)  para_oo sigma:          -2.80
            -2.2305         -1.0854          0.1253
            -1.0925         -4.1438          1.3552
             0.1221          1.4042         -2.0174

     Atom 11  O   pos: ( -0.234045  0.707061  1.214584)  para_oo sigma:          -2.80
            -2.2305          1.0854          0.1253
             1.0925         -4.1438         -1.3552
             0.1221         -1.4041         -2.0174

     Atom 12  O   pos: (  0.321376  0.195009  1.025194)  para_oo sigma:          -2.80
            -2.2305         -1.0854          0.1253
            -1.0925         -4.1438          1.3552
             0.1221          1.4042         -2.0174

     Atom 13  N   pos: (  0.735191  0.739788  0.074448)  para_oo sigma:          -1.36
            -0.9710         -0.0586         -0.0465
             0.5973         -1.7358         -1.2267
             0.1452          0.0183         -1.3803

     Atom 14  N   pos: ( -0.039414  0.227736  0.672145)  para_oo sigma:          -1.36
            -0.9710          0.0586         -0.0465
            -0.5973         -1.7358          1.2267
             0.1453         -0.0182         -1.3803

     Atom 15  N   pos: ( -0.343637  0.284317  1.418738)  para_oo sigma:          -1.36
            -0.9710         -0.0586         -0.0465
             0.5973         -1.7358         -1.2267
             0.1452          0.0183         -1.3803

     Atom 16  N   pos: (  0.430968  0.796370  0.821041)  para_oo sigma:          -1.36
            -0.9710          0.0586         -0.0465
            -0.5973         -1.7358          1.2267
             0.1453         -0.0182         -1.3803

     Atom 17  N   pos: (  0.528721  0.250099  0.435997)  para_oo sigma:          -1.28
            -1.0892          0.9114          0.1683
             0.0897         -1.5103         -0.0082
             0.2393         -1.1261         -1.2407

     Atom 18  N   pos: (  0.167056  0.762152  0.310596)  para_oo sigma:          -1.28
            -1.0892         -0.9114          0.1683
            -0.0897         -1.5103          0.0082
             0.2392          1.1261         -1.2407

     Atom 19  N   pos: ( -0.137167  0.774006  1.057189)  para_oo sigma:          -1.28
            -1.0892          0.9114          0.1683
             0.0897         -1.5103         -0.0082
             0.2393         -1.1261         -1.2407

     Atom 20  N   pos: (  0.224498  0.261954  1.182590)  para_oo sigma:          -1.28
            -1.0892         -0.9114          0.1683
            -0.0897         -1.5103          0.0082
             0.2392          1.1261         -1.2407

     Atom 21  C   pos: (  0.644786  0.777604  0.243077)  para_oo sigma:          -1.40
            -0.7660         -0.2453         -0.0522
            -0.1175         -2.7721          0.0303
            -0.0462          0.2832         -0.6756

     Atom 22  C   pos: (  0.050991  0.265551  0.503516)  para_oo sigma:          -1.40
            -0.7660          0.2453         -0.0522
             0.1175         -2.7721         -0.0303
            -0.0462         -0.2832         -0.6757

     Atom 23  C   pos: ( -0.253232  0.246501  1.250109)  para_oo sigma:          -1.40
            -0.7660         -0.2453         -0.0522
            -0.1175         -2.7721          0.0303
            -0.0462          0.2832         -0.6756

     Atom 24  C   pos: (  0.340563  0.758554  0.989670)  para_oo sigma:          -1.40
            -0.7660          0.2453         -0.0522
             0.1175         -2.7721         -0.0303
            -0.0462         -0.2832         -0.6757

     Atom 25  C   pos: (  0.624644  0.980356  0.289943)  para_oo sigma:          -1.80
            -1.7712          0.2061         -0.0317
             0.2361         -1.9554         -0.4307
            -0.0697         -0.4400         -1.6648

     Atom 26  C   pos: (  0.071133  0.468304  0.456650)  para_oo sigma:          -1.80
            -1.7712         -0.2061         -0.0317
            -0.2361         -1.9554          0.4307
            -0.0697          0.4400         -1.6648

     Atom 27  C   pos: ( -0.233090  0.043749  1.203243)  para_oo sigma:          -1.80
            -1.7712          0.2061         -0.0317
             0.2361         -1.9554         -0.4307
            -0.0697         -0.4400         -1.6648

     Atom 28  C   pos: (  0.320421  0.555802  1.036536)  para_oo sigma:          -1.80
            -1.7712         -0.2061         -0.0317
            -0.2361         -1.9554          0.4307
            -0.0697          0.4400         -1.6648

     Atom 29  C   pos: (  0.529582  0.055126  0.446636)  para_oo sigma:          -1.40
            -1.3318          0.2189          0.8796
             0.0650         -0.6791         -0.1080
             0.8708         -0.3835         -2.1831

     Atom 30  C   pos: (  0.166195  0.567179  0.299957)  para_oo sigma:          -1.40
            -1.3318         -0.2189          0.8796
            -0.0650         -0.6791          0.1080
             0.8708          0.3835         -2.1831

     Atom 31  C   pos: ( -0.138028  0.968979  1.046550)  para_oo sigma:          -1.40
            -1.3318          0.2189          0.8796
             0.0650         -0.6791         -0.1080
             0.8708         -0.3835         -2.1831

     Atom 32  C   pos: (  0.225359  0.456926  1.193228)  para_oo sigma:          -1.40
            -1.3318         -0.2189          0.8796
            -0.0650         -0.6791          0.1080
             0.8708          0.3835         -2.1831

     Atom 33  H   pos: (  0.590101  0.653463  0.330149)  para_oo sigma:           0.00
             0.0000          0.0000          0.0000
             0.0000          0.0000          0.0000
             0.0000          0.0000          0.0000

     Atom 34  H   pos: (  0.105676  0.141410  0.416444)  para_oo sigma:           0.00
             0.0000          0.0000          0.0000
             0.0000          0.0000          0.0000
             0.0000          0.0000          0.0000

     Atom 35  H   pos: ( -0.198547  0.370642  1.163037)  para_oo sigma:           0.00
             0.0000          0.0000          0.0000
             0.0000          0.0000          0.0000
             0.0000          0.0000          0.0000

     Atom 36  H   pos: (  0.285878  0.882695  1.076742)  para_oo sigma:           0.00
             0.0000          0.0000          0.0000
             0.0000          0.0000          0.0000
             0.0000          0.0000          0.0000

     Atom 37  H   pos: (  0.458191  1.007332  0.572122)  para_oo sigma:           0.00
             0.0000          0.0000          0.0000
             0.0000          0.0000          0.0000
             0.0000          0.0000          0.0000

     Atom 38  H   pos: (  0.237586  0.495280  0.174471)  para_oo sigma:           0.00
             0.0000          0.0000          0.0000
             0.0000          0.0000          0.0000
             0.0000          0.0000          0.0000

     Atom 39  H   pos: ( -0.066637  0.016773  0.921063)  para_oo sigma:           0.00
             0.0000          0.0000          0.0000
             0.0000          0.0000          0.0000
             0.0000          0.0000          0.0000

     Atom 40  H   pos: (  0.153968  0.528826  1.318715)  para_oo sigma:           0.00
             0.0000          0.0000          0.0000
             0.0000          0.0000          0.0000
             0.0000          0.0000          0.0000

     Paramagnetic US L_R Q_R contribution in ppm:
 
     Atom  1  S   pos: (  0.725803  0.109071  0.118450)  para_lq sigma:         -16.89
            -0.9122        -13.8928         21.3143
           -13.8915        -26.3170         19.8648
            23.1650         22.5171        -23.4423

     Atom  2  S   pos: ( -0.030026  0.621123  0.628142)  para_lq sigma:         -16.89
            -0.9119         13.8928         21.3141
            13.8912        -26.3165        -19.8642
            23.1649        -22.5171        -23.4417

     Atom  3  S   pos: ( -0.334249  0.915035  1.374735)  para_lq sigma:         -16.89
            -0.9122        -13.8928         21.3143
           -13.8915        -26.3170         19.8648
            23.1650         22.5171        -23.4423

     Atom  4  S   pos: (  0.421580  0.402982  0.865043)  para_lq sigma:         -16.89
            -0.9119         13.8928         21.3141
            13.8912        -26.3165        -19.8642
            23.1649        -22.5171        -23.4417

     Atom  5  O   pos: (  0.184878  0.903187  1.475639)  para_lq sigma:        -159.75
          -148.0544          1.0006          6.5509
            -1.7307       -173.6950         -0.7324
             6.3218         -5.2253       -157.5079

     Atom  6  O   pos: ( -0.097547  0.391135  0.764140)  para_lq sigma:        -159.75
          -148.0520         -1.0006          6.5506
             1.7306       -173.6915          0.7324
             6.3215          5.2251       -157.5051

     Atom  7  O   pos: (  0.206676  0.120918  0.017547)  para_lq sigma:        -159.75
          -148.0544          1.0006          6.5509
            -1.7307       -173.6950         -0.7324
             6.3218         -5.2253       -157.5079

     Atom  8  O   pos: (  0.489101  0.632971  0.729046)  para_lq sigma:        -159.75
          -148.0520         -1.0006          6.5506
             1.7306       -173.6915          0.7324
             6.3215          5.2251       -157.5051

     Atom  9  O   pos: (  0.625599  0.317044  0.278601)  para_lq sigma:        -161.95
          -154.2948          0.8040         13.9096
             3.8313       -164.8464         -4.3189
            13.7084          0.0083       -166.6952

     Atom 10  O   pos: (  0.070178  0.829097  0.467992)  para_lq sigma:        -161.95
          -154.2949         -0.8038         13.9098
            -3.8311       -164.8461          4.3186
            13.7086         -0.0085       -166.6953

     Atom 11  O   pos: ( -0.234045  0.707061  1.214584)  para_lq sigma:        -161.95
          -154.2948          0.8040         13.9096
             3.8313       -164.8464         -4.3189
            13.7084          0.0083       -166.6952

     Atom 12  O   pos: (  0.321376  0.195009  1.025194)  para_lq sigma:        -161.95
          -154.2949         -0.8038         13.9098
            -3.8311       -164.8461          4.3186
            13.7086         -0.0085       -166.6953

     Atom 13  N   pos: (  0.735191  0.739788  0.074448)  para_lq sigma:         -79.03
           -70.0174         -6.3781         10.6336
            -6.6110        -83.3912          9.7880
            11.0295          9.4857        -83.6764

     Atom 14  N   pos: ( -0.039414  0.227736  0.672145)  para_lq sigma:         -79.03
           -70.0169          6.3781         10.6333
             6.6110        -83.3908         -9.7881
            11.0292         -9.4857        -83.6754

     Atom 15  N   pos: ( -0.343637  0.284317  1.418738)  para_lq sigma:         -79.03
           -70.0174         -6.3781         10.6336
            -6.6110        -83.3912          9.7880
            11.0295          9.4857        -83.6764

     Atom 16  N   pos: (  0.430968  0.796370  0.821041)  para_lq sigma:         -79.03
           -70.0169          6.3781         10.6333
             6.6110        -83.3908         -9.7881
            11.0292         -9.4857        -83.6754

     Atom 17  N   pos: (  0.528721  0.250099  0.435997)  para_lq sigma:         -79.97
           -71.2149         -6.1199         11.5268
            -5.9049        -85.6183         10.9936
            11.8144         12.0425        -83.0840

     Atom 18  N   pos: (  0.167056  0.762152  0.310596)  para_lq sigma:         -79.97
           -71.2144          6.1197         11.5266
             5.9047        -85.6175        -10.9933
            11.8142        -12.0421        -83.0832

     Atom 19  N   pos: ( -0.137167  0.774006  1.057189)  para_lq sigma:         -79.97
           -71.2149         -6.1199         11.5268
            -5.9049        -85.6183         10.9936
            11.8144         12.0425        -83.0840

     Atom 20  N   pos: (  0.224498  0.261954  1.182590)  para_lq sigma:         -79.97
           -71.2144          6.1197         11.5266
             5.9047        -85.6175        -10.9933
            11.8142        -12.0421        -83.0832

     Atom 21  C   pos: (  0.644786  0.777604  0.243077)  para_lq sigma:         -15.77
           -12.2100         -1.9822          0.9675
            -1.0165        -21.9011          0.9053
             1.0464          2.7690        -13.2061

     Atom 22  C   pos: (  0.050991  0.265551  0.503516)  para_lq sigma:         -15.77
           -12.2101          1.9822          0.9676
             1.0166        -21.9013         -0.9053
             1.0464         -2.7691        -13.2063

     Atom 23  C   pos: ( -0.253232  0.246501  1.250109)  para_lq sigma:         -15.77
           -12.2100         -1.9822          0.9675
            -1.0165        -21.9011          0.9053
             1.0464          2.7690        -13.2061

     Atom 24  C   pos: (  0.340563  0.758554  0.989670)  para_lq sigma:         -15.77
           -12.2101          1.9822          0.9676
             1.0166        -21.9013         -0.9053
             1.0464         -2.7691        -13.2063

     Atom 25  C   pos: (  0.624644  0.980356  0.289943)  para_lq sigma:         -12.50
           -12.3363         -1.1483          0.8456
            -1.1616        -12.2085          1.9945
             0.6712          1.8556        -12.9456

     Atom 26  C   pos: (  0.071133  0.468304  0.456650)  para_lq sigma:         -12.50
           -12.3365          1.1483          0.8457
             1.1616        -12.2086         -1.9945
             0.6713         -1.8556        -12.9458

     Atom 27  C   pos: ( -0.233090  0.043749  1.203243)  para_lq sigma:         -12.50
           -12.3363         -1.1483          0.8456
            -1.1616        -12.2085          1.9945
             0.6712          1.8556        -12.9456

     Atom 28  C   pos: (  0.320421  0.555802  1.036536)  para_lq sigma:         -12.50
           -12.3365          1.1483          0.8457
             1.1616        -12.2086         -1.9945
             0.6713         -1.8556        -12.9458

     Atom 29  C   pos: (  0.529582  0.055126  0.446636)  para_lq sigma:         -15.83
           -14.5731          0.4750          4.9009
            -0.6665        -13.3531          1.1902
             4.8977         -0.7154        -19.5558

     Atom 30  C   pos: (  0.166195  0.567179  0.299957)  para_lq sigma:         -15.83
           -14.5731         -0.4750          4.9009
             0.6665        -13.3532         -1.1901
             4.8977          0.7154        -19.5558

     Atom 31  C   pos: ( -0.138028  0.968979  1.046550)  para_lq sigma:         -15.83
           -14.5731          0.4750          4.9009
            -0.6665        -13.3531          1.1902
             4.8977         -0.7154        -19.5558

     Atom 32  C   pos: (  0.225359  0.456926  1.193228)  para_lq sigma:         -15.83
           -14.5731         -0.4750          4.9009
             0.6665        -13.3532         -1.1901
             4.8977          0.7154        -19.5558

     Atom 33  H   pos: (  0.590101  0.653463  0.330149)  para_lq sigma:           0.00
             0.0000          0.0000          0.0000
             0.0000          0.0000          0.0000
             0.0000          0.0000          0.0000

     Atom 34  H   pos: (  0.105676  0.141410  0.416444)  para_lq sigma:           0.00
             0.0000          0.0000          0.0000
             0.0000          0.0000          0.0000
             0.0000          0.0000          0.0000

     Atom 35  H   pos: ( -0.198547  0.370642  1.163037)  para_lq sigma:           0.00
             0.0000          0.0000          0.0000
             0.0000          0.0000          0.0000
             0.0000          0.0000          0.0000

     Atom 36  H   pos: (  0.285878  0.882695  1.076742)  para_lq sigma:           0.00
             0.0000          0.0000          0.0000
             0.0000          0.0000          0.0000
             0.0000          0.0000          0.0000

     Atom 37  H   pos: (  0.458191  1.007332  0.572122)  para_lq sigma:           0.00
             0.0000          0.0000          0.0000
             0.0000          0.0000          0.0000
             0.0000          0.0000          0.0000

     Atom 38  H   pos: (  0.237586  0.495280  0.174471)  para_lq sigma:           0.00
             0.0000          0.0000          0.0000
             0.0000          0.0000          0.0000
             0.0000          0.0000          0.0000

     Atom 39  H   pos: ( -0.066637  0.016773  0.921063)  para_lq sigma:           0.00
             0.0000          0.0000          0.0000
             0.0000          0.0000          0.0000
             0.0000          0.0000          0.0000

     Atom 40  H   pos: (  0.153968  0.528826  1.318715)  para_lq sigma:           0.00
             0.0000          0.0000          0.0000
             0.0000          0.0000          0.0000
             0.0000          0.0000          0.0000

 
     Total NMR chemical shifts in ppm: ---------------------------------------
     (adopting the Simpson convention for anisotropy and asymmetry)-----------
 
     Atom  1  S   pos: (  0.725803  0.109071  0.118450)  Total sigma:        -277.26
           -69.4241       -165.1993        248.7930
          -184.7604       -385.4113        290.0788
           281.7633        322.1447       -376.9551

     S    1    anisotropy:   -810.38    eta:   -0.3353
     S    1    sigma_11=    -97.71    axis=( -0.320145  0.774778  0.545184)
     S    1    sigma_22=     83.44    axis=( -0.865129 -0.004572 -0.501528)
     S    1    sigma_33=   -817.52    axis=(  0.386080  0.632217 -0.671747)
 
     Atom  2  S   pos: ( -0.030026  0.621123  0.628142)  Total sigma:        -277.24
           -69.4058        165.1881        248.7788
           184.7519       -385.3902       -290.0649
           281.7492       -322.1258       -376.9261

     S    2    anisotropy:   -810.34    eta:   -0.3353
     S    2    sigma_11=    -97.70    axis=( -0.320142 -0.774774  0.545192)
     S    2    sigma_22=     83.45    axis=(  0.865133 -0.004567  0.501522)
     S    2    sigma_33=   -817.47    axis=(  0.386076 -0.632222 -0.671745)
 
     Atom  3  S   pos: ( -0.334249  0.915035  1.374735)  Total sigma:        -277.26
           -69.4241       -165.1993        248.7930
          -184.7604       -385.4113        290.0788
           281.7633        322.1447       -376.9551

     S    3    anisotropy:   -810.38    eta:   -0.3353
     S    3    sigma_11=    -97.71    axis=( -0.320145  0.774778  0.545184)
     S    3    sigma_22=     83.44    axis=( -0.865129 -0.004572 -0.501528)
     S    3    sigma_33=   -817.52    axis=(  0.386080  0.632217 -0.671747)
 
     Atom  4  S   pos: (  0.421580  0.402982  0.865043)  Total sigma:        -277.24
           -69.4058        165.1881        248.7788
           184.7519       -385.3902       -290.0649
           281.7492       -322.1258       -376.9261

     S    4    anisotropy:   -810.34    eta:   -0.3353
     S    4    sigma_11=    -97.70    axis=( -0.320142 -0.774774  0.545192)
     S    4    sigma_22=     83.45    axis=(  0.865133 -0.004567  0.501522)
     S    4    sigma_33=   -817.47    axis=(  0.386076 -0.632222 -0.671745)
 
     Atom  5  O   pos: (  0.184878  0.903187  1.475639)  Total sigma:        -209.85
           -63.0307        -86.5384        187.2004
           -54.6157       -318.0558         38.8005
           145.1716         61.5991       -248.4553

     O    5    anisotropy:    372.14    eta:   -0.6415
     O    5    sigma_11=   -254.32    axis=( -0.249289  0.754346  0.607303)
     O    5    sigma_22=   -413.47    axis=(  0.428904  0.648245 -0.629142)
     O    5    sigma_33=     38.25    axis=( -0.868272  0.103636 -0.485142)
 
     Atom  6  O   pos: ( -0.097547  0.391135  0.764140)  Total sigma:        -209.88
           -63.0484         86.5456        187.2107
            54.6248       -318.0986        -38.8152
           145.1817        -61.6093       -248.4846

     O    6    anisotropy:    372.17    eta:   -0.6416
     O    6    sigma_11=   -254.34    axis=( -0.249308 -0.754322  0.607325)
     O    6    sigma_22=   -413.53    axis=( -0.428890  0.648274  0.629122)
     O    6    sigma_33=     38.24    axis=( -0.868274 -0.103631 -0.485141)
 
     Atom  7  O   pos: (  0.206676  0.120918  0.017547)  Total sigma:        -209.85
           -63.0307        -86.5384        187.2004
           -54.6157       -318.0558         38.8005
           145.1716         61.5991       -248.4553

     O    7    anisotropy:    372.14    eta:   -0.6415
     O    7    sigma_11=   -254.32    axis=( -0.249289  0.754346  0.607303)
     O    7    sigma_22=   -413.47    axis=(  0.428904  0.648245 -0.629142)
     O    7    sigma_33=     38.25    axis=( -0.868272  0.103636 -0.485142)
 
     Atom  8  O   pos: (  0.489101  0.632971  0.729046)  Total sigma:        -209.88
           -63.0484         86.5456        187.2107
            54.6248       -318.0986        -38.8152
           145.1817        -61.6093       -248.4846

     O    8    anisotropy:    372.17    eta:   -0.6416
     O    8    sigma_11=   -254.34    axis=( -0.249308 -0.754322  0.607325)
     O    8    sigma_22=   -413.53    axis=( -0.428890  0.648274  0.629122)
     O    8    sigma_33=     38.24    axis=( -0.868274 -0.103631 -0.485141)
 
     Atom  9  O   pos: (  0.625599  0.317044  0.278601)  Total sigma:        -245.52
          -109.1659        -61.2165        221.5377
           -49.7269       -358.7696        122.9692
           193.8821         76.9124       -268.6181

     O    9    anisotropy:    419.16    eta:   -0.8353
     O    9    sigma_11=   -268.53    axis=(  0.375993 -0.781877 -0.497289)
     O    9    sigma_22=   -501.94    axis=(  0.432697  0.622713 -0.651922)
     O    9    sigma_33=     33.92    axis=( -0.819391 -0.029943 -0.572452)
 
     Atom 10  O   pos: (  0.070178  0.829097  0.467992)  Total sigma:        -245.52
          -109.1665         61.2195        221.5404
            49.7271       -358.7637       -122.9678
           193.8843        -76.9170       -268.6218

     O   10    anisotropy:    419.16    eta:   -0.8353
     O   10    sigma_11=   -268.53    axis=(  0.375983  0.781890 -0.497277)
     O   10    sigma_22=   -501.95    axis=( -0.432704  0.622696  0.651933)
     O   10    sigma_33=     33.92    axis=( -0.819392  0.029942 -0.572451)
 
     Atom 11  O   pos: ( -0.234045  0.707061  1.214584)  Total sigma:        -245.52
          -109.1659        -61.2165        221.5377
           -49.7269       -358.7696        122.9692
           193.8821         76.9124       -268.6181

     O   11    anisotropy:    419.16    eta:   -0.8353
     O   11    sigma_11=   -268.53    axis=(  0.375993 -0.781877 -0.497289)
     O   11    sigma_22=   -501.94    axis=(  0.432697  0.622713 -0.651922)
     O   11    sigma_33=     33.92    axis=( -0.819391 -0.029943 -0.572452)
 
     Atom 12  O   pos: (  0.321376  0.195009  1.025194)  Total sigma:        -245.52
          -109.1665         61.2195        221.5404
            49.7271       -358.7637       -122.9678
           193.8843        -76.9170       -268.6218

     O   12    anisotropy:    419.16    eta:   -0.8353
     O   12    sigma_11=   -268.53    axis=(  0.375983  0.781890 -0.497277)
     O   12    sigma_22=   -501.95    axis=( -0.432704  0.622696  0.651933)
     O   12    sigma_33=     33.92    axis=( -0.819392  0.029942 -0.572451)
 
     Atom 13  N   pos: (  0.735191  0.739788  0.074448)  Total sigma:        -223.11
           -24.6012       -129.3736        260.9254
           -89.4732       -356.4764        113.5956
           230.5738        157.8147       -288.2516

     N   13    anisotropy:   -525.28    eta:   -0.9814
     N   13    sigma_11=   -219.86    axis=(  0.273285 -0.779187 -0.564077)
     N   13    sigma_22=    123.82    axis=( -0.865578  0.056616 -0.497563)
     N   13    sigma_33=   -573.29    axis=( -0.419631 -0.624230  0.658974)
 
     Atom 14  N   pos: ( -0.039414  0.227736  0.672145)  Total sigma:        -223.12
           -24.6015        129.3762        260.9300
            89.4769       -356.4879       -113.6016
           230.5784       -157.8194       -288.2584

     N   14    anisotropy:   -525.29    eta:   -0.9814
     N   14    sigma_11=   -219.86    axis=(  0.273288  0.779182 -0.564082)
     N   14    sigma_22=    123.82    axis=(  0.865579  0.056615  0.497562)
     N   14    sigma_33=   -573.31    axis=( -0.419627  0.624235  0.658971)
 
     Atom 15  N   pos: ( -0.343637  0.284317  1.418738)  Total sigma:        -223.11
           -24.6012       -129.3736        260.9254
           -89.4732       -356.4764        113.5956
           230.5738        157.8147       -288.2516

     N   15    anisotropy:   -525.28    eta:   -0.9814
     N   15    sigma_11=   -219.86    axis=(  0.273285 -0.779187 -0.564077)
     N   15    sigma_22=    123.82    axis=( -0.865578  0.056616 -0.497563)
     N   15    sigma_33=   -573.29    axis=( -0.419631 -0.624230  0.658974)
 
     Atom 16  N   pos: (  0.430968  0.796370  0.821041)  Total sigma:        -223.12
           -24.6015        129.3762        260.9300
            89.4769       -356.4879       -113.6016
           230.5784       -157.8194       -288.2584

     N   16    anisotropy:   -525.29    eta:   -0.9814
     N   16    sigma_11=   -219.86    axis=(  0.273288  0.779182 -0.564082)
     N   16    sigma_22=    123.82    axis=(  0.865579  0.056615  0.497562)
     N   16    sigma_33=   -573.31    axis=( -0.419627  0.624235  0.658971)
 
     Atom 17  N   pos: (  0.528721  0.250099  0.435997)  Total sigma:        -242.83
           -48.0264       -104.7053        268.7496
          -100.6838       -382.5404        192.1005
           256.1349        143.7760       -297.9098

     N   17    anisotropy:   -571.84    eta:   -0.8915
     N   17    sigma_11=   -222.14    axis=(  0.342784 -0.775131 -0.530727)
     N   17    sigma_22=    117.72    axis=( -0.844330 -0.006538 -0.535784)
     N   17    sigma_33=   -624.05    axis=(  0.411833  0.631767 -0.656707)
 
     Atom 18  N   pos: (  0.167056  0.762152  0.310596)  Total sigma:        -242.83
           -48.0279        104.7058        268.7520
           100.6839       -382.5452       -192.1002
           256.1370       -143.7767       -297.9156

     N   18    anisotropy:   -571.84    eta:   -0.8915
     N   18    sigma_11=   -222.15    axis=( -0.342782 -0.775132  0.530726)
     N   18    sigma_22=    117.72    axis=( -0.844331  0.006537 -0.535783)
     N   18    sigma_33=   -624.06    axis=(  0.411833 -0.631765 -0.656709)
 
     Atom 19  N   pos: ( -0.137167  0.774006  1.057189)  Total sigma:        -242.83
           -48.0264       -104.7053        268.7496
          -100.6838       -382.5404        192.1005
           256.1349        143.7760       -297.9098

     N   19    anisotropy:   -571.84    eta:   -0.8915
     N   19    sigma_11=   -222.14    axis=(  0.342784 -0.775131 -0.530727)
     N   19    sigma_22=    117.72    axis=( -0.844330 -0.006538 -0.535784)
     N   19    sigma_33=   -624.05    axis=(  0.411833  0.631767 -0.656707)
 
     Atom 20  N   pos: (  0.224498  0.261954  1.182590)  Total sigma:        -242.83
           -48.0279        104.7058        268.7520
           100.6839       -382.5452       -192.1002
           256.1370       -143.7767       -297.9156

     N   20    anisotropy:   -571.84    eta:   -0.8915
     N   20    sigma_11=   -222.15    axis=( -0.342782 -0.775132  0.530726)
     N   20    sigma_22=    117.72    axis=( -0.844331  0.006537 -0.535783)
     N   20    sigma_33=   -624.06    axis=(  0.411833 -0.631765 -0.656709)
 
     Atom 21  C   pos: (  0.644786  0.777604  0.243077)  Total sigma:          16.14
            78.6231        -40.5156         39.7168
           -16.5861        -58.4999         15.8924
            40.9322         50.8139         28.2877

     C   21    anisotropy:   -144.76    eta:   -0.7699
     C   21    sigma_11=     27.24    axis=(  0.387764 -0.443460 -0.808073)
     C   21    sigma_22=    101.54    axis=( -0.886047  0.062331 -0.459387)
     C   21    sigma_33=    -80.37    axis=( -0.254088 -0.894124  0.368756)
 
     Atom 22  C   pos: (  0.050991  0.265551  0.503516)  Total sigma:          16.14
            78.6233         40.5149         39.7166
            16.5858        -58.4931        -15.8923
            40.9320        -50.8136         28.2885

     C   22    anisotropy:   -144.75    eta:   -0.7699
     C   22    sigma_11=     27.24    axis=(  0.387760  0.443478 -0.808066)
     C   22    sigma_22=    101.54    axis=(  0.886046  0.062331  0.459388)
     C   22    sigma_33=    -80.36    axis=( -0.254096  0.894115  0.368772)
 
     Atom 23  C   pos: ( -0.253232  0.246501  1.250109)  Total sigma:          16.14
            78.6231        -40.5156         39.7168
           -16.5861        -58.4999         15.8924
            40.9322         50.8139         28.2877

     C   23    anisotropy:   -144.76    eta:   -0.7699
     C   23    sigma_11=     27.24    axis=(  0.387764 -0.443460 -0.808073)
     C   23    sigma_22=    101.54    axis=( -0.886047  0.062331 -0.459387)
     C   23    sigma_33=    -80.37    axis=( -0.254088 -0.894124  0.368756)
 
     Atom 24  C   pos: (  0.340563  0.758554  0.989670)  Total sigma:          16.14
            78.6233         40.5149         39.7166
            16.5858        -58.4931        -15.8923
            40.9320        -50.8136         28.2885

     C   24    anisotropy:   -144.75    eta:   -0.7699
     C   24    sigma_11=     27.24    axis=(  0.387760  0.443478 -0.808066)
     C   24    sigma_22=    101.54    axis=(  0.886046  0.062331  0.459388)
     C   24    sigma_33=    -80.36    axis=( -0.254096  0.894115  0.368772)
 
     Atom 25  C   pos: (  0.624644  0.980356  0.289943)  Total sigma:          17.74
           108.4652         25.6111         79.0568
            17.4413        -61.3373        -35.9798
            83.3787        -36.9026          6.1042

     C   25    anisotropy:    203.32    eta:   -0.6462
     C   25    sigma_11=     -6.24    axis=(  0.379093  0.608924 -0.696778)
     C   25    sigma_22=    -93.82    axis=( -0.297695  0.793205  0.531228)
     C   25    sigma_33=    153.29    axis=( -0.876165 -0.006042 -0.481973)
 
     Atom 26  C   pos: (  0.071133  0.468304  0.456650)  Total sigma:          17.74
           108.4641        -25.6099         79.0584
           -17.4404        -61.3382         35.9782
            83.3800         36.9011          6.1017

     C   26    anisotropy:    203.32    eta:   -0.6461
     C   26    sigma_11=     -6.24    axis=(  0.379092 -0.608931 -0.696772)
     C   26    sigma_22=    -93.82    axis=(  0.297698  0.793200 -0.531234)
     C   26    sigma_33=    153.29    axis=( -0.876165  0.006041 -0.481974)
 
     Atom 27  C   pos: ( -0.233090  0.043749  1.203243)  Total sigma:          17.74
           108.4652         25.6111         79.0568
            17.4413        -61.3373        -35.9798
            83.3787        -36.9026          6.1042

     C   27    anisotropy:    203.32    eta:   -0.6462
     C   27    sigma_11=     -6.24    axis=(  0.379093  0.608924 -0.696778)
     C   27    sigma_22=    -93.82    axis=( -0.297695  0.793205  0.531228)
     C   27    sigma_33=    153.29    axis=( -0.876165 -0.006042 -0.481973)
 
     Atom 28  C   pos: (  0.320421  0.555802  1.036536)  Total sigma:          17.74
           108.4641        -25.6099         79.0584
           -17.4404        -61.3382         35.9782
            83.3800         36.9011          6.1017

     C   28    anisotropy:    203.32    eta:   -0.6461
     C   28    sigma_11=     -6.24    axis=(  0.379092 -0.608931 -0.696772)
     C   28    sigma_22=    -93.82    axis=(  0.297698  0.793200 -0.531234)
     C   28    sigma_33=    153.29    axis=( -0.876165  0.006041 -0.481974)
 
     Atom 29  C   pos: (  0.529582  0.055126  0.446636)  Total sigma:          14.95
            56.2315         -0.9496         79.7014
           -21.8065         17.0310         39.1941
            77.4442          1.7469        -28.4022

     C   29    anisotropy:   -143.81    eta:   -0.8401
     C   29    sigma_11=     22.62    axis=(  0.126728 -0.972572 -0.195050)
     C   29    sigma_22=    103.16    axis=(  0.857915  0.008761  0.513717)
     C   29    sigma_33=    -80.92    axis=(  0.497918  0.232438 -0.835494)
 
     Atom 30  C   pos: (  0.166195  0.567179  0.299957)  Total sigma:          14.96
            56.2334          0.9501         79.6993
            21.8069         17.0314        -39.1946
            77.4421         -1.7474        -28.3985

     C   30    anisotropy:   -143.81    eta:   -0.8401
     C   30    sigma_11=     22.62    axis=(  0.126734  0.972568 -0.195065)
     C   30    sigma_22=    103.17    axis=( -0.857915  0.008760 -0.513716)
     C   30    sigma_33=    -80.92    axis=(  0.497915 -0.232454 -0.835491)
 
     Atom 31  C   pos: ( -0.138028  0.968979  1.046550)  Total sigma:          14.95
            56.2315         -0.9496         79.7014
           -21.8065         17.0310         39.1941
            77.4442          1.7469        -28.4022

     C   31    anisotropy:   -143.81    eta:   -0.8401
     C   31    sigma_11=     22.62    axis=(  0.126728 -0.972572 -0.195050)
     C   31    sigma_22=    103.16    axis=(  0.857915  0.008761  0.513717)
     C   31    sigma_33=    -80.92    axis=(  0.497918  0.232438 -0.835494)
 
     Atom 32  C   pos: (  0.225359  0.456926  1.193228)  Total sigma:          14.96
            56.2334          0.9501         79.6993
            21.8069         17.0314        -39.1946
            77.4421         -1.7474        -28.3985

     C   32    anisotropy:   -143.81    eta:   -0.8401
     C   32    sigma_11=     22.62    axis=(  0.126734  0.972568 -0.195065)
     C   32    sigma_22=    103.17    axis=( -0.857915  0.008760 -0.513716)
     C   32    sigma_33=    -80.92    axis=(  0.497915 -0.232454 -0.835491)
 
     Atom 33  H   pos: (  0.590101  0.653463  0.330149)  Total sigma:          20.83
            20.4961         -3.7522         -7.3439
             1.0292         21.4542         -1.3957
            -5.2912          3.7730         20.5420

     H   33    anisotropy:     -9.95    eta:   -0.9767
     H   33    sigma_11=     20.91    axis=(  0.192657  0.956579 -0.218722)
     H   33    sigma_22=     27.38    axis=(  0.677253 -0.290920 -0.675791)
     H   33    sigma_33=     14.20    axis=( -0.710078 -0.017934 -0.703894)
 
     Atom 34  H   pos: (  0.105676  0.141410  0.416444)  Total sigma:          20.83
            20.4962          3.7522         -7.3438
            -1.0292         21.4544          1.3958
            -5.2911         -3.7730         20.5420

     H   34    anisotropy:     -9.95    eta:   -0.9766
     H   34    sigma_11=     20.91    axis=(  0.192663 -0.956577 -0.218725)
     H   34    sigma_22=     27.38    axis=(  0.677255  0.290927 -0.675787)
     H   34    sigma_33=     14.20    axis=(  0.710075 -0.017933  0.703897)
 
     Atom 35  H   pos: ( -0.198547  0.370642  1.163037)  Total sigma:          20.83
            20.4961         -3.7522         -7.3439
             1.0292         21.4542         -1.3957
            -5.2912          3.7730         20.5420

     H   35    anisotropy:     -9.95    eta:   -0.9767
     H   35    sigma_11=     20.91    axis=(  0.192657  0.956579 -0.218722)
     H   35    sigma_22=     27.38    axis=(  0.677253 -0.290920 -0.675791)
     H   35    sigma_33=     14.20    axis=( -0.710078 -0.017934 -0.703894)
 
     Atom 36  H   pos: (  0.285878  0.882695  1.076742)  Total sigma:          20.83
            20.4962          3.7522         -7.3438
            -1.0292         21.4544          1.3958
            -5.2911         -3.7730         20.5420

     H   36    anisotropy:     -9.95    eta:   -0.9766
     H   36    sigma_11=     20.91    axis=(  0.192663 -0.956577 -0.218725)
     H   36    sigma_22=     27.38    axis=(  0.677255  0.290927 -0.675787)
     H   36    sigma_33=     14.20    axis=(  0.710075 -0.017933  0.703897)
 
     Atom 37  H   pos: (  0.458191  1.007332  0.572122)  Total sigma:          19.51
            15.3735          0.2409         -5.7852
            -1.8998         23.8171          2.5697
            -6.4296         -2.4162         19.3462

     H   37    anisotropy:    -12.91    eta:   -0.1278
     H   37    sigma_11=     23.27    axis=(  0.399541  0.684947 -0.609274)
     H   37    sigma_22=     24.36    axis=(  0.430462 -0.726976 -0.534985)
     H   37    sigma_33=     10.91    axis=(  0.809364  0.048521  0.585300)
 
     Atom 38  H   pos: (  0.237586  0.495280  0.174471)  Total sigma:          19.51
            15.3736         -0.2410         -5.7853
             1.8998         23.8170         -2.5697
            -6.4298          2.4163         19.3465

     H   38    anisotropy:    -12.91    eta:   -0.1278
     H   38    sigma_11=     23.27    axis=( -0.399475  0.685054  0.609196)
     H   38    sigma_22=     24.36    axis=(  0.430520  0.726874 -0.535076)
     H   38    sigma_33=     10.91    axis=(  0.809365 -0.048521  0.585298)
 
     Atom 39  H   pos: ( -0.066637  0.016773  0.921063)  Total sigma:          19.51
            15.3735          0.2409         -5.7852
            -1.8998         23.8171          2.5697
            -6.4296         -2.4162         19.3462

     H   39    anisotropy:    -12.91    eta:   -0.1278
     H   39    sigma_11=     23.27    axis=(  0.399541  0.684947 -0.609274)
     H   39    sigma_22=     24.36    axis=(  0.430462 -0.726976 -0.534985)
     H   39    sigma_33=     10.91    axis=(  0.809364  0.048521  0.585300)
 
     Atom 40  H   pos: (  0.153968  0.528826  1.318715)  Total sigma:          19.51
            15.3736         -0.2410         -5.7853
             1.8998         23.8170         -2.5697
            -6.4298          2.4163         19.3465

     H   40    anisotropy:    -12.91    eta:   -0.1278
     H   40    sigma_11=     23.27    axis=( -0.399475  0.685054  0.609196)
     H   40    sigma_22=     24.36    axis=(  0.430520  0.726874 -0.535076)
     H   40    sigma_33=     10.91    axis=(  0.809365 -0.048521  0.585298)
 
     Initialization:
     gipaw_setup  :      0.45s CPU      0.48s WALL (       1 calls)
 
     Linear response
     greenf       :  12649.62s CPU  12889.66s WALL (     240 calls)
     cgsolve      :  12588.73s CPU  12828.62s WALL (     240 calls)
     ch_psi       :  12426.95s CPU  12666.32s WALL (   18355 calls)
     h_psiq       :   9515.05s CPU   9749.55s WALL (   18355 calls)
 
     Apply operators
     h_psi        :   8172.90s CPU   8426.94s WALL (   21538 calls)
     apply_vel    :    137.56s CPU    137.80s WALL (     210 calls)
 
     Induced current
     j_para       :    492.77s CPU    511.85s WALL (     270 calls)
     biot_savart  :      0.05s CPU      0.07s WALL (       1 calls)
 
     Other routines
 
     General routines
     calbec       :   3299.08s CPU   3310.82s WALL (   60278 calls)
     fft          :      0.25s CPU      0.27s WALL (      32 calls)
     fftw         :   5874.69s CPU   6130.13s WALL ( 3663774 calls)
     davcio       :      0.03s CPU      1.79s WALL (     160 calls)
 
     Parallel routines
     fft_scatter  :   1389.21s CPU   1536.81s WALL ( 3663806 calls)
 
     Plugins
 
     GIPAW        :  14849.11s CPU  15143.73s WALL (       1 calls)
