
     Program QE v.6.1 (svn rev. 13369) starts on  3May2018 at 10:39: 8 

     This program is part of the open-source Quantum ESPRESSO suite
     for quantum simulation of materials; please cite
         "P. Giannozzi et al., J. Phys.:Condens. Matter 21 395502 (2009);
          URL http://www.quantum-espresso.org", 
     in publications or presentations arising from this work. More details at
     http://www.quantum-espresso.org/quote

     Parallel version (MPI), running on     8 processors
     R & G space division:  proc/nbgrp/npool/nimage =       8
 
     ***** This is GIPAW svn revision unknown      *****
 
     Parallelizing q-star over 1 images
     Message from routine gipaw_readin:
     *** iverbosity is obsolete, use verbosity instead ***

     Reading data from directory:
     /scratch/ahofstet/ML/CCDC_S/HEQZEK/wfc/scf.save

   Info: using nr1, nr2, nr3 values from input

   Info: using nr1, nr2, nr3 values from input

     IMPORTANT: XC functional enforced from input :
     Exchange-correlation      =  SLA  PW   PBX  PBC ( 1  4  3  4 0 0)
     Any further DFT definition will be discarded
     Please, verify this is what you really want

               file C.pbe-n-kjpaw_psl.0.1.UPF: wavefunction(s)  2P renormalized
               file N.pbe-n-kjpaw_psl.0.1.UPF: wavefunction(s)  2P renormalized
               file H.pbe-kjpaw_psl.0.1.UPF: wavefunction(s)  1S renormalized
               file O.pbe-n-kjpaw_psl.0.1.UPF: wavefunction(s)  2P renormalized
               file S.pbe-n-kjpaw_psl.0.1.UPF: wavefunction(s)  3P renormalized
 
     Parallelization info
     --------------------
     sticks:   dense  smooth     PW     G-vecs:    dense   smooth      PW
     Min         647     647    170                40313    40313    5517
     Max         648     648    171                40316    40316    5522
     Sum        5179    5179   1367               322515   322515   44153
 

     Check: negative/imaginary core charge=   -0.000002    0.000000

     Subspace diagonalization in iterative solution of the eigenvalue problem:
     a serial algorithm will be used

     GIPAW projectors -----------------------------------------------
     atom=  C    l=0  rc=    1.3000  rs=    0.8667
     atom=  C    l=0  rc=    1.3000  rs=    0.8667
     atom=  C    l=1  rc=    1.4500  rs=    0.9667
     atom=  C    l=1  rc=    1.4500  rs=    0.9667
     projs nearly linearly dependent: l=0  n1,n2= 1, 2  s=  0.99877758
     projs nearly linearly dependent: l=1  n1,n2= 1, 2  s=  0.99940894
 
     atom=  N    l=0  rc=    1.3000  rs=    0.8667
     atom=  N    l=0  rc=    1.3000  rs=    0.8667
     atom=  N    l=1  rc=    1.4500  rs=    0.9667
     atom=  N    l=1  rc=    1.4500  rs=    0.9667
     projs nearly linearly dependent: l=0  n1,n2= 1, 2  s=  0.99709514
     projs nearly linearly dependent: l=1  n1,n2= 1, 2  s=  0.99857174
 
     atom=  H    l=0  rc=    1.0000  rs=    0.6667
     atom=  H    l=0  rc=    1.0000  rs=    0.6667
     projs nearly linearly dependent: l=0  n1,n2= 1, 2  s=  0.99968852
 
     atom=  O    l=0  rc=    1.3500  rs=    0.9000
     atom=  O    l=0  rc=    1.3500  rs=    0.9000
     atom=  O    l=1  rc=    1.3500  rs=    0.9000
     atom=  O    l=1  rc=    1.3500  rs=    0.9000
     projs nearly linearly dependent: l=0  n1,n2= 1, 2  s=  0.99100135
     projs nearly linearly dependent: l=1  n1,n2= 1, 2  s=  0.99790100
 
     atom=  S    l=0  rc=    2.1000  rs=    1.4000
     atom=  S    l=0  rc=    2.1000  rs=    1.4000
     atom=  S    l=1  rc=    2.1000  rs=    1.4000
     atom=  S    l=1  rc=    2.1000  rs=    1.4000
     -----------------------------------------------------------------
 
     alpha_pv=     43.6550 eV
 
     q-space interpolation up to   110.00 Rydberg
 
     GIPAW job: nmr                                                                             
     NMR macroscopic correction: yes
             0.6667          0.0000          0.0000
             0.0000          0.6667          0.0000
             0.0000          0.0000          0.6667

 
     Largest allocated arrays     est. size (Mb)     dimensions
        KS wavefunctions at k           4.95 Mb     (    5071,   64)
        KS wavefunctions at k+q         4.95 Mb     (    5071,   64)
        First-order wavefunctions      49.52 Mb     (    5071,   64, 10)
        First-order wavefunct (US)     29.71 Mb     (    5071,   64,  6)
        Charge/spin density             0.71 Mb     (   93600,    1)
        Induced current                 6.43 Mb     (   93600,    3,3,1)
        Induced magnetic field          6.43 Mb     (   93600,    3,3,1)
        NL pseudopotentials            14.24 Mb     (    5071,  184)
        GIPAW NL terms                 14.24 Mb     (    5071,  184)
 
     Computing the magnetic susceptibility     isolve=0    ethr=  0.1000E-13
     k-point #    1 of    14      pool #  1    cpu time:       7.8
     Rotating WFCS
     c_bands:  1 eigenvalues not converged
     Rotating WFCS
     Rotating WFCS
     Rotating WFCS
     Rotating WFCS
     Rotating WFCS
     Rotating WFCS
     k-point #    2 of    14      pool #  1    cpu time:     542.9
     Rotating WFCS
     Rotating WFCS
     Rotating WFCS
     Rotating WFCS
     Rotating WFCS
     Rotating WFCS
     Rotating WFCS
     k-point #    3 of    14      pool #  1    cpu time:    1080.5
     Rotating WFCS
     Rotating WFCS
     Rotating WFCS
     Rotating WFCS
     Rotating WFCS
     Rotating WFCS
     Rotating WFCS
     k-point #    4 of    14      pool #  1    cpu time:    1594.0
     Rotating WFCS
     Rotating WFCS
     Rotating WFCS
     Rotating WFCS
     Rotating WFCS
     Rotating WFCS
     Rotating WFCS
     k-point #    5 of    14      pool #  1    cpu time:    2138.8
     Rotating WFCS
     Rotating WFCS
     Rotating WFCS
     Rotating WFCS
     Rotating WFCS
     Rotating WFCS
     Rotating WFCS
     k-point #    6 of    14      pool #  1    cpu time:    2689.8
     Rotating WFCS
     Rotating WFCS
     Rotating WFCS
     Rotating WFCS
     Rotating WFCS
     Rotating WFCS
     Rotating WFCS
     k-point #    7 of    14      pool #  1    cpu time:    3226.5
     Rotating WFCS
     Rotating WFCS
     Rotating WFCS
     Rotating WFCS
     Rotating WFCS
     Rotating WFCS
     Rotating WFCS
     k-point #    8 of    14      pool #  1    cpu time:    3774.1
     Rotating WFCS
     Rotating WFCS
     Rotating WFCS
     Rotating WFCS
     Rotating WFCS
     Rotating WFCS
     Rotating WFCS
     k-point #    9 of    14      pool #  1    cpu time:    4322.9
     Rotating WFCS
     Rotating WFCS
     Rotating WFCS
     Rotating WFCS
     Rotating WFCS
     Rotating WFCS
     Rotating WFCS
     k-point #   10 of    14      pool #  1    cpu time:    4878.8
     Rotating WFCS
     Rotating WFCS
     Rotating WFCS
     Rotating WFCS
     Rotating WFCS
     Rotating WFCS
     Rotating WFCS
     k-point #   11 of    14      pool #  1    cpu time:    5436.1
     Rotating WFCS
     Rotating WFCS
     Rotating WFCS
     Rotating WFCS
     Rotating WFCS
     Rotating WFCS
     Rotating WFCS
     k-point #   12 of    14      pool #  1    cpu time:    5982.2
     Rotating WFCS
     Rotating WFCS
     Rotating WFCS
     Rotating WFCS
     Rotating WFCS
     Rotating WFCS
     Rotating WFCS
     k-point #   13 of    14      pool #  1    cpu time:    6530.5
     Rotating WFCS
     Rotating WFCS
     Rotating WFCS
     Rotating WFCS
     Rotating WFCS
     Rotating WFCS
     Rotating WFCS
     k-point #   14 of    14      pool #  1    cpu time:    7083.6
     Rotating WFCS
     Rotating WFCS
     Rotating WFCS
     Rotating WFCS
     Rotating WFCS
     Rotating WFCS
     Rotating WFCS
     End of magnetic susceptibility calculation
 
     f-sum rule (1st term):
          -105.8477          0.0000          0.0245
             0.0000       -105.8335          0.0000
             0.0241          0.0000       -105.8192

     f-sum rule (2nd term):
            -1.6352         -0.0000         -0.0245
            -0.0000         -1.6490         -0.0000
            -0.0241          0.0000         -1.6629

     f-sum rule (should be  -107.4821):
          -107.4829          0.0000          0.0001
             0.0000       -107.4825          0.0000
            -0.0000          0.0000       -107.4822

     chi_bare pGv (HH) in paratec units:
       -29.484487     -0.003365      0.396790
        -0.002637    -32.435635      0.005018
        -0.258837      0.003989    -38.062269

       -29.484487     -0.003365      0.396790
        -0.002637    -32.435635      0.005018
        -0.258837      0.003989    -38.062269

     chi_bare vGv (VV) in paratec units:
       -27.263899     -0.003335      1.243490
        -0.003848    -30.850705      0.003065
         1.243943      0.003078    -37.186473

       -27.263899     -0.003335      1.243490
        -0.003848    -30.850705      0.003065
         1.243943      0.003078    -37.186473

     chi_bare pGv (HH) in 10^{-6} cm^3/mol:
          -140.1131         -0.0160          1.8856
            -0.0125       -154.1372          0.0238
            -1.2300          0.0190       -180.8755

     chi_bare vGv (VV) in 10^{-6} cm^3/mol:
          -129.5606         -0.0158          5.9092
            -0.0183       -146.6055          0.0146
             5.9113          0.0146       -176.7136

     Contributions to the NMR chemical shifts: -------------------------------
 
     Macroscopic shape contribution in ppm:                    6.23
             5.5114          0.0000          0.0000
             0.0000          6.0631          0.0000
             0.0000          0.0000          7.1149

 
     Core contribution in ppm:
 
     Atom  1  S   pos: (  0.655035  0.056881  0.184586)  core sigma:         979.79
     Atom  2  S   pos: ( -0.035646  0.453248  0.841258)  core sigma:         979.79
     Atom  3  O   pos: (  0.317848  0.567842  0.427885)  core sigma:         271.07
     Atom  4  O   pos: (  0.301541  0.171474  0.597959)  core sigma:         271.07
     Atom  5  O   pos: (  0.063357  0.344135  0.224185)  core sigma:         271.07
     Atom  6  O   pos: (  0.556032  0.740502  0.801658)  core sigma:         271.07
     Atom  7  N   pos: (  0.511366  0.346769  0.334375)  core sigma:         235.78
     Atom  8  N   pos: (  0.108023  0.743136  0.691468)  core sigma:         235.78
     Atom  9  N   pos: (  0.319697  0.180302  0.180685)  core sigma:         235.78
     Atom 10  N   pos: (  0.299692  0.576670  0.845158)  core sigma:         235.78
     Atom 11  C   pos: (  0.494752  0.193194  0.234059)  core sigma:         200.51
     Atom 12  C   pos: (  0.124636  0.589561  0.791784)  core sigma:         200.51
     Atom 13  C   pos: (  0.351302  0.431977  0.349577)  core sigma:         200.51
     Atom 14  C   pos: (  0.268086  0.035609  0.676267)  core sigma:         200.51
     Atom 15  C   pos: (  0.220329  0.318608  0.245012)  core sigma:         200.51
     Atom 16  C   pos: (  0.399060  0.714976  0.780832)  core sigma:         200.51
     Atom 17  C   pos: (  0.666599  0.391142  0.438756)  core sigma:         200.51
     Atom 18  C   pos: ( -0.047211  0.787509  0.587088)  core sigma:         200.51
     Atom 19  C   pos: (  0.248706  0.047845  0.062046)  core sigma:         200.51
     Atom 20  C   pos: (  0.370683  0.444212  0.963797)  core sigma:         200.51
     Atom 21  H   pos: (  0.678350  0.297201  0.548589)  core sigma:           0.00
     Atom 22  H   pos: ( -0.058961  0.693569  0.477255)  core sigma:           0.00
     Atom 23  H   pos: (  0.646742  0.524566  0.490651)  core sigma:           0.00
     Atom 24  H   pos: ( -0.027353  0.128198  0.535193)  core sigma:           0.00
     Atom 25  H   pos: (  0.785664  0.385602  0.357059)  core sigma:           0.00
     Atom 26  H   pos: ( -0.166275  0.781969  0.668784)  core sigma:           0.00
     Atom 27  H   pos: (  0.233755  0.713590  0.129806)  core sigma:           0.00
     Atom 28  H   pos: (  0.385633  0.317222  0.896037)  core sigma:           0.00
     Atom 29  H   pos: (  0.119397  0.094404  0.017204)  core sigma:           0.00
     Atom 30  H   pos: (  0.499992  0.490772  1.008639)  core sigma:           0.00
     Atom 31  H   pos: ( -0.043001  0.032960  0.975145)  core sigma:           0.00
     Atom 32  H   pos: (  0.662389  0.429328  0.050698)  core sigma:           0.00
 
     Bare contribution in ppm:
 
     Atom  1  S   pos: (  0.655035  0.056881  0.184586)  bare sigma:           4.56
           -22.7086         36.8593          3.0688
            39.3027         -2.0618        -29.5876
             2.1391        -31.4383         38.4363

     Atom  2  S   pos: ( -0.035646  0.453248  0.841258)  bare sigma:           4.56
           -22.7082        -36.8591          3.0688
           -39.3025         -2.0615         29.5875
             2.1390         31.4382         38.4365

     Atom  3  O   pos: (  0.317848  0.567842  0.427885)  bare sigma:         -33.30
           -54.0224         39.3902        -18.7066
            37.6590        -74.8995       -104.3650
           -19.0675       -107.7278         29.0166

     Atom  4  O   pos: (  0.301541  0.171474  0.597959)  bare sigma:         -33.30
           -54.0223        -39.3902        -18.7065
           -37.6590        -74.8991        104.3649
           -19.0675        107.7276         29.0167

     Atom  5  O   pos: (  0.063357  0.344135  0.224185)  bare sigma:         -35.80
          -140.9693         34.5133        -38.3220
            30.8544        -16.9592        -66.1559
           -29.1352        -69.6864         50.5189

     Atom  6  O   pos: (  0.556032  0.740502  0.801658)  bare sigma:         -35.80
          -140.9696        -34.5133        -38.3220
           -30.8544        -16.9595         66.1559
           -29.1353         69.6865         50.5187

     Atom  7  N   pos: (  0.511366  0.346769  0.334375)  bare sigma:         -11.79
           -23.7116         -3.8192        -16.4184
           -13.2275         -9.2566        -21.8883
           -16.9268        -18.6075         -2.4067

     Atom  8  N   pos: (  0.108023  0.743136  0.691468)  bare sigma:         -11.79
           -23.7116          3.8192        -16.4184
            13.2275         -9.2567         21.8883
           -16.9267         18.6075         -2.4067

     Atom  9  N   pos: (  0.319697  0.180302  0.180685)  bare sigma:         -12.42
           -20.2582        -11.2706        -19.0453
            -6.6413        -15.3031        -23.6620
           -12.8632        -21.7933         -1.7113

     Atom 10  N   pos: (  0.299692  0.576670  0.845158)  bare sigma:         -12.42
           -20.2579         11.2705        -19.0451
             6.6413        -15.3031         23.6621
           -12.8631         21.7933         -1.7112

     Atom 11  C   pos: (  0.494752  0.193194  0.234059)  bare sigma:         -81.00
           -92.1165        -25.5898        -30.1792
           -25.6233        -80.6687        -32.1094
           -31.3372        -32.4678        -70.2194

     Atom 12  C   pos: (  0.124636  0.589561  0.791784)  bare sigma:         -81.00
           -92.1164         25.5898        -30.1793
            25.6232        -80.6687         32.1094
           -31.3372         32.4679        -70.2194

     Atom 13  C   pos: (  0.351302  0.431977  0.349577)  bare sigma:         -71.97
           -95.7410        -13.9341        -22.4643
            -2.3094        -59.0291         -6.0554
           -14.5260        -12.6071        -61.1501

     Atom 14  C   pos: (  0.268086  0.035609  0.676267)  bare sigma:         -71.97
           -95.7410         13.9341        -22.4643
             2.3094        -59.0291          6.0553
           -14.5260         12.6071        -61.1501

     Atom 15  C   pos: (  0.220329  0.318608  0.245012)  bare sigma:         -71.66
           -62.2934         -1.8400         -3.3468
           -15.1881        -85.0775        -25.0010
           -11.0224        -25.3754        -67.6067

     Atom 16  C   pos: (  0.399060  0.714976  0.780832)  bare sigma:         -71.66
           -62.2932          1.8401         -3.3469
            15.1881        -85.0774         25.0009
           -11.0224         25.3753        -67.6066

     Atom 17  C   pos: (  0.666599  0.391142  0.438756)  bare sigma:          -1.80
             3.7954          7.9425         11.2839
             9.0866        -11.2325         -2.1488
            12.6222         -3.2371          2.0262

     Atom 18  C   pos: ( -0.047211  0.787509  0.587088)  bare sigma:          -1.80
             3.7954         -7.9425         11.2839
            -9.0866        -11.2325          2.1488
            12.6222          3.2371          2.0262

     Atom 19  C   pos: (  0.248706  0.047845  0.062046)  bare sigma:          -1.76
           -12.8262         10.3872          4.0172
            10.1301          3.0170          7.3383
             1.9651          6.1623          4.5334

     Atom 20  C   pos: (  0.370683  0.444212  0.963797)  bare sigma:          -1.76
           -12.8262        -10.3872          4.0172
           -10.1301          3.0170         -7.3383
             1.9651         -6.1623          4.5334

     Atom 21  H   pos: (  0.678350  0.297201  0.548589)  bare sigma:          20.72
            20.6659         -0.5380          3.2108
            -0.8341         18.9488         -4.1000
             4.4641         -3.6470         22.5392

     Atom 22  H   pos: ( -0.058961  0.693569  0.477255)  bare sigma:          20.72
            20.6659          0.5380          3.2108
             0.8341         18.9488          4.1000
             4.4641          3.6470         22.5392

     Atom 23  H   pos: (  0.646742  0.524566  0.490651)  bare sigma:          20.21
            20.5059          0.8061          1.7479
             0.2454         22.2622          3.0844
             2.0862          2.3121         17.8616

     Atom 24  H   pos: ( -0.027353  0.128198  0.535193)  bare sigma:          20.21
            20.5059         -0.8061          1.7479
            -0.2454         22.2622         -3.0844
             2.0862         -2.3121         17.8616

     Atom 25  H   pos: (  0.785664  0.385602  0.357059)  bare sigma:          19.59
            25.2153          0.8438         -0.7516
             2.6751         16.0909          1.0760
            -2.1239          0.9531         17.4672

     Atom 26  H   pos: ( -0.166275  0.781969  0.668784)  bare sigma:          19.59
            25.2153         -0.8438         -0.7516
            -2.6751         16.0909         -1.0760
            -2.1239         -0.9531         17.4672

     Atom 27  H   pos: (  0.233755  0.713590  0.129806)  bare sigma:          21.35
            17.8274          2.7893         -0.6589
             1.6668         26.4279         -0.6385
            -0.1431         -3.3313         19.7871

     Atom 28  H   pos: (  0.385633  0.317222  0.896037)  bare sigma:          21.35
            17.8274         -2.7893         -0.6589
            -1.6668         26.4279          0.6385
            -0.1431          3.3313         19.7871

     Atom 29  H   pos: (  0.119397  0.094404  0.017204)  bare sigma:          19.38
            22.6616         -0.9255          2.9175
            -0.2945         17.9730          1.7616
             3.6062          1.7904         17.5171

     Atom 30  H   pos: (  0.499992  0.490772  1.008639)  bare sigma:          19.38
            22.6616          0.9255          2.9175
             0.2945         17.9730         -1.7616
             3.6062         -1.7904         17.5171

     Atom 31  H   pos: ( -0.043001  0.032960  0.975145)  bare sigma:          20.79
            18.8242         -1.4559         -1.7637
            -0.1953         19.0219          2.9918
            -3.9495          5.3084         24.5191

     Atom 32  H   pos: (  0.662389  0.429328  0.050698)  bare sigma:          20.79
            18.8242          1.4559         -1.7637
             0.1953         19.0219         -2.9918
            -3.9495         -5.3084         24.5191

     Diamagnetic contribution in ppm:
 
     Atom  1  S   pos: (  0.655035  0.056881  0.184586)  dia sigma:         -11.17
           -11.1441         -0.1560         -0.0966
            -0.1560        -11.1547         -0.0295
            -0.0966         -0.0295        -11.2033

     Atom  2  S   pos: ( -0.035646  0.453248  0.841258)  dia sigma:         -11.17
           -11.1441          0.1560         -0.0966
             0.1560        -11.1547          0.0295
            -0.0966          0.0295        -11.2033

     Atom  3  O   pos: (  0.317848  0.567842  0.427885)  dia sigma:          17.52
            16.7993         -0.0796         -0.3644
            -0.0796         17.9004         -0.1040
            -0.3644         -0.1040         17.8675

     Atom  4  O   pos: (  0.301541  0.171474  0.597959)  dia sigma:          17.52
            16.7993          0.0796         -0.3644
             0.0796         17.9004          0.1040
            -0.3644          0.1040         17.8675

     Atom  5  O   pos: (  0.063357  0.344135  0.224185)  dia sigma:          17.46
            17.7969         -0.0598         -0.0938
            -0.0598         17.0112         -0.6198
            -0.0938         -0.6198         17.5743

     Atom  6  O   pos: (  0.556032  0.740502  0.801658)  dia sigma:          17.46
            17.7969          0.0598         -0.0938
             0.0598         17.0112          0.6198
            -0.0938          0.6198         17.5743

     Atom  7  N   pos: (  0.511366  0.346769  0.334375)  dia sigma:           9.87
             9.9924         -0.0860          0.1645
            -0.0860          9.9096          0.2863
             0.1645          0.2863          9.7162

     Atom  8  N   pos: (  0.108023  0.743136  0.691468)  dia sigma:           9.87
             9.9924          0.0860          0.1645
             0.0860          9.9096         -0.2863
             0.1645         -0.2863          9.7162

     Atom  9  N   pos: (  0.319697  0.180302  0.180685)  dia sigma:           9.90
            10.1012         -0.0492          0.1282
            -0.0492          9.8827          0.2679
             0.1282          0.2679          9.7108

     Atom 10  N   pos: (  0.299692  0.576670  0.845158)  dia sigma:           9.90
            10.1012          0.0492          0.1282
             0.0492          9.8827         -0.2679
             0.1282         -0.2679          9.7108

     Atom 11  C   pos: (  0.494752  0.193194  0.234059)  dia sigma:           3.95
             3.8892          0.0860          0.0069
             0.0860          3.9381         -0.0623
             0.0069         -0.0623          4.0107

     Atom 12  C   pos: (  0.124636  0.589561  0.791784)  dia sigma:           3.95
             3.8892         -0.0860          0.0069
            -0.0860          3.9381          0.0623
             0.0069          0.0623          4.0107

     Atom 13  C   pos: (  0.351302  0.431977  0.349577)  dia sigma:           4.06
             4.0458          0.0068         -0.0558
             0.0068          4.0041         -0.1466
            -0.0558         -0.1466          4.1308

     Atom 14  C   pos: (  0.268086  0.035609  0.676267)  dia sigma:           4.06
             4.0458         -0.0068         -0.0558
            -0.0068          4.0041          0.1466
            -0.0558          0.1466          4.1308

     Atom 15  C   pos: (  0.220329  0.318608  0.245012)  dia sigma:           4.06
             3.9318          0.0003         -0.0731
             0.0003          4.0968         -0.0976
            -0.0731         -0.0976          4.1576

     Atom 16  C   pos: (  0.399060  0.714976  0.780832)  dia sigma:           4.06
             3.9318         -0.0003         -0.0731
            -0.0003          4.0968          0.0976
            -0.0731          0.0976          4.1576

     Atom 17  C   pos: (  0.666599  0.391142  0.438756)  dia sigma:           4.33
             4.4241          0.0689          0.1613
             0.0689          4.2338          0.0362
             0.1613          0.0362          4.3262

     Atom 18  C   pos: ( -0.047211  0.787509  0.587088)  dia sigma:           4.33
             4.4241         -0.0689          0.1613
            -0.0689          4.2338         -0.0362
             0.1613         -0.0362          4.3262

     Atom 19  C   pos: (  0.248706  0.047845  0.062046)  dia sigma:           4.34
             4.2610          0.0961          0.0769
             0.0961          4.3808          0.1404
             0.0769          0.1404          4.3673

     Atom 20  C   pos: (  0.370683  0.444212  0.963797)  dia sigma:           4.34
             4.2610         -0.0961          0.0769
            -0.0961          4.3808         -0.1404
             0.0769         -0.1404          4.3673

     Atom 21  H   pos: (  0.678350  0.297201  0.548589)  dia sigma:           1.13
             1.1287         -0.0000         -0.0000
            -0.0000          1.1287          0.0000
            -0.0000          0.0000          1.1287

     Atom 22  H   pos: ( -0.058961  0.693569  0.477255)  dia sigma:           1.13
             1.1287         -0.0000         -0.0000
            -0.0000          1.1287          0.0000
            -0.0000          0.0000          1.1287

     Atom 23  H   pos: (  0.646742  0.524566  0.490651)  dia sigma:           1.13
             1.1281         -0.0000         -0.0000
            -0.0000          1.1281          0.0000
            -0.0000          0.0000          1.1281

     Atom 24  H   pos: ( -0.027353  0.128198  0.535193)  dia sigma:           1.13
             1.1281         -0.0000         -0.0000
            -0.0000          1.1281          0.0000
            -0.0000          0.0000          1.1281

     Atom 25  H   pos: (  0.785664  0.385602  0.357059)  dia sigma:           1.12
             1.1226         -0.0000         -0.0000
            -0.0000          1.1226          0.0000
            -0.0000          0.0000          1.1226

     Atom 26  H   pos: ( -0.166275  0.781969  0.668784)  dia sigma:           1.12
             1.1226         -0.0000         -0.0000
            -0.0000          1.1226          0.0000
            -0.0000          0.0000          1.1226

     Atom 27  H   pos: (  0.233755  0.713590  0.129806)  dia sigma:           1.13
             1.1319         -0.0000         -0.0000
            -0.0000          1.1319          0.0000
            -0.0000          0.0000          1.1319

     Atom 28  H   pos: (  0.385633  0.317222  0.896037)  dia sigma:           1.13
             1.1319         -0.0000         -0.0000
            -0.0000          1.1319          0.0000
            -0.0000          0.0000          1.1319

     Atom 29  H   pos: (  0.119397  0.094404  0.017204)  dia sigma:           1.12
             1.1234         -0.0000         -0.0000
            -0.0000          1.1234          0.0000
            -0.0000          0.0000          1.1234

     Atom 30  H   pos: (  0.499992  0.490772  1.008639)  dia sigma:           1.12
             1.1234         -0.0000         -0.0000
            -0.0000          1.1234          0.0000
            -0.0000          0.0000          1.1234

     Atom 31  H   pos: ( -0.043001  0.032960  0.975145)  dia sigma:           1.14
             1.1375         -0.0000         -0.0000
            -0.0000          1.1375          0.0000
            -0.0000          0.0000          1.1375

     Atom 32  H   pos: (  0.662389  0.429328  0.050698)  dia sigma:           1.14
             1.1375         -0.0000         -0.0000
            -0.0000          1.1375          0.0000
            -0.0000          0.0000          1.1375

     Paramagnetic contribution in ppm:
 
     Atom  1  S   pos: (  0.655035  0.056881  0.184586)  para sigma:        -911.66
         -1217.3567        433.5493         43.2531
           455.2547       -997.2600       -336.0399
            39.8870       -339.6489       -520.3608

     Atom  2  S   pos: ( -0.035646  0.453248  0.841258)  para sigma:        -911.66
         -1217.3528       -433.5472         43.2525
          -455.2530       -997.2571        336.0388
            39.8865        339.6477       -520.3593

     Atom  3  O   pos: (  0.317848  0.567842  0.427885)  para sigma:        -214.56
          -273.0926        103.5251        -33.1889
            84.8984       -300.9941       -234.4470
           -44.5591       -235.0347        -69.5990

     Atom  4  O   pos: (  0.301541  0.171474  0.597959)  para sigma:        -214.56
          -273.0922       -103.5251        -33.1888
           -84.8983       -300.9928        234.4466
           -44.5591        235.0343        -69.5986

     Atom  5  O   pos: (  0.063357  0.344135  0.224185)  para sigma:        -217.77
          -450.0452         77.3433        -85.1954
            82.4327       -182.4551       -153.1478
           -52.5604       -162.1975        -20.8014

     Atom  6  O   pos: (  0.556032  0.740502  0.801658)  para sigma:        -217.77
          -450.0464        -77.3434        -85.1955
           -82.4327       -182.4559        153.1480
           -52.5608        162.1975        -20.8022

     Atom  7  N   pos: (  0.511366  0.346769  0.334375)  para sigma:        -120.21
          -142.8233         -4.6216        -28.5317
           -25.2741       -114.8854        -40.5296
           -32.2287        -30.7171       -102.9178

     Atom  8  N   pos: (  0.108023  0.743136  0.691468)  para sigma:        -120.21
          -142.8234          4.6215        -28.5317
            25.2741       -114.8856         40.5296
           -32.2287         30.7171       -102.9179

     Atom  9  N   pos: (  0.319697  0.180302  0.180685)  para sigma:        -121.56
          -135.5528        -22.7935        -35.3407
            -9.3628       -127.4474        -43.1588
           -21.3782        -38.4266       -101.6821

     Atom 10  N   pos: (  0.299692  0.576670  0.845158)  para sigma:        -121.56
          -135.5523         22.7931        -35.3403
             9.3628       -127.4474         43.1589
           -21.3781         38.4266       -101.6820

     Atom 11  C   pos: (  0.494752  0.193194  0.234059)  para sigma:        -132.88
          -146.5176        -30.0227        -35.4465
           -30.3878       -133.0621        -37.8948
           -36.0406        -37.0086       -119.0673

     Atom 12  C   pos: (  0.124636  0.589561  0.791784)  para sigma:        -132.88
          -146.5178         30.0228        -35.4465
            30.3877       -133.0621         37.8949
           -36.0406         37.0086       -119.0674

     Atom 13  C   pos: (  0.351302  0.431977  0.349577)  para sigma:        -114.04
          -141.2359         -7.4710        -20.0947
             0.2201       -102.6128        -12.3072
           -15.7192        -15.5756        -98.2751

     Atom 14  C   pos: (  0.268086  0.035609  0.676267)  para sigma:        -114.04
          -141.2358          7.4710        -20.0947
            -0.2201       -102.6128         12.3072
           -15.7192         15.5756        -98.2750

     Atom 15  C   pos: (  0.220329  0.318608  0.245012)  para sigma:        -113.59
          -109.0155         -0.1131         -4.9849
            -8.2841       -127.4028        -28.9972
            -9.5677        -28.8993       -104.3534

     Atom 16  C   pos: (  0.399060  0.714976  0.780832)  para sigma:        -113.59
          -109.0153          0.1131         -4.9849
             8.2841       -127.4027         28.9971
            -9.5677         28.8992       -104.3533

     Atom 17  C   pos: (  0.666599  0.391142  0.438756)  para sigma:         -55.05
           -53.5334          5.1256          5.6691
             6.3524        -60.6617         -2.4581
             6.5205         -3.1834        -50.9687

     Atom 18  C   pos: ( -0.047211  0.787509  0.587088)  para sigma:         -55.05
           -53.5335         -5.1256          5.6691
            -6.3524        -60.6617          2.4581
             6.5205          3.1834        -50.9688

     Atom 19  C   pos: (  0.248706  0.047845  0.062046)  para sigma:         -55.08
           -62.8857          6.8348          2.0902
             6.4365        -52.6983          2.5535
             0.3629          1.8639        -49.6590

     Atom 20  C   pos: (  0.370683  0.444212  0.963797)  para sigma:         -55.08
           -62.8856         -6.8348          2.0902
            -6.4365        -52.6983         -2.5535
             0.3629         -1.8639        -49.6590

     Atom 21  H   pos: (  0.678350  0.297201  0.548589)  para sigma:           0.00
             0.0000          0.0000          0.0000
             0.0000          0.0000          0.0000
             0.0000          0.0000          0.0000

     Atom 22  H   pos: ( -0.058961  0.693569  0.477255)  para sigma:           0.00
             0.0000          0.0000          0.0000
             0.0000          0.0000          0.0000
             0.0000          0.0000          0.0000

     Atom 23  H   pos: (  0.646742  0.524566  0.490651)  para sigma:           0.00
             0.0000          0.0000          0.0000
             0.0000          0.0000          0.0000
             0.0000          0.0000          0.0000

     Atom 24  H   pos: ( -0.027353  0.128198  0.535193)  para sigma:           0.00
             0.0000          0.0000          0.0000
             0.0000          0.0000          0.0000
             0.0000          0.0000          0.0000

     Atom 25  H   pos: (  0.785664  0.385602  0.357059)  para sigma:           0.00
             0.0000          0.0000          0.0000
             0.0000          0.0000          0.0000
             0.0000          0.0000          0.0000

     Atom 26  H   pos: ( -0.166275  0.781969  0.668784)  para sigma:           0.00
             0.0000          0.0000          0.0000
             0.0000          0.0000          0.0000
             0.0000          0.0000          0.0000

     Atom 27  H   pos: (  0.233755  0.713590  0.129806)  para sigma:           0.00
             0.0000          0.0000          0.0000
             0.0000          0.0000          0.0000
             0.0000          0.0000          0.0000

     Atom 28  H   pos: (  0.385633  0.317222  0.896037)  para sigma:           0.00
             0.0000          0.0000          0.0000
             0.0000          0.0000          0.0000
             0.0000          0.0000          0.0000

     Atom 29  H   pos: (  0.119397  0.094404  0.017204)  para sigma:           0.00
             0.0000          0.0000          0.0000
             0.0000          0.0000          0.0000
             0.0000          0.0000          0.0000

     Atom 30  H   pos: (  0.499992  0.490772  1.008639)  para sigma:           0.00
             0.0000          0.0000          0.0000
             0.0000          0.0000          0.0000
             0.0000          0.0000          0.0000

     Atom 31  H   pos: ( -0.043001  0.032960  0.975145)  para sigma:           0.00
             0.0000          0.0000          0.0000
             0.0000          0.0000          0.0000
             0.0000          0.0000          0.0000

     Atom 32  H   pos: (  0.662389  0.429328  0.050698)  para sigma:           0.00
             0.0000          0.0000          0.0000
             0.0000          0.0000          0.0000
             0.0000          0.0000          0.0000

     Paramagnetic US occ-occ contribution in ppm:
 
     Atom  1  S   pos: (  0.655035  0.056881  0.184586)  para_oo sigma:          -3.64
            -4.2036         -1.6703         -1.6497
            -1.4924         -3.6328         -1.6975
            -1.9686         -1.9454         -3.0908

     Atom  2  S   pos: ( -0.035646  0.453248  0.841258)  para_oo sigma:          -3.64
            -4.2036          1.6703         -1.6497
             1.4924         -3.6328          1.6975
            -1.9685          1.9454         -3.0908

     Atom  3  O   pos: (  0.317848  0.567842  0.427885)  para_oo sigma:          -2.36
            -3.1399         -2.3500         -2.0157
            -0.5722         -1.7204         -0.4624
            -0.9559         -1.3128         -2.2288

     Atom  4  O   pos: (  0.301541  0.171474  0.597959)  para_oo sigma:          -2.36
            -3.1399          2.3501         -2.0157
             0.5722         -1.7204          0.4624
            -0.9559          1.3128         -2.2288

     Atom  5  O   pos: (  0.063357  0.344135  0.224185)  para_oo sigma:          -2.39
            -2.0077         -0.6227         -0.5267
            -2.3523         -2.7824         -1.5460
            -1.8938         -1.1535         -2.3755

     Atom  6  O   pos: (  0.556032  0.740502  0.801658)  para_oo sigma:          -2.39
            -2.0077          0.6227         -0.5267
             2.3523         -2.7824          1.5460
            -1.8938          1.1535         -2.3755

     Atom  7  N   pos: (  0.511366  0.346769  0.334375)  para_oo sigma:          -1.28
            -2.4965          0.0799         -0.8775
             0.1255         -0.8840         -0.6913
            -0.6227         -0.6762         -0.4466

     Atom  8  N   pos: (  0.108023  0.743136  0.691468)  para_oo sigma:          -1.28
            -2.4965         -0.0799         -0.8775
            -0.1255         -0.8840          0.6913
            -0.6227          0.6762         -0.4466

     Atom  9  N   pos: (  0.319697  0.180302  0.180685)  para_oo sigma:          -1.29
            -1.2449          0.1030         -0.3021
            -0.0553         -1.8857         -1.4531
            -0.3565         -1.2723         -0.7327

     Atom 10  N   pos: (  0.299692  0.576670  0.845158)  para_oo sigma:          -1.29
            -1.2449         -0.1030         -0.3021
             0.0553         -1.8857          1.4531
            -0.3565          1.2723         -0.7327

     Atom 11  C   pos: (  0.494752  0.193194  0.234059)  para_oo sigma:          -2.23
            -2.3007         -0.3812         -0.4152
            -0.3494         -2.2393         -0.4221
            -0.4601         -0.4250         -2.1419

     Atom 12  C   pos: (  0.124636  0.589561  0.791784)  para_oo sigma:          -2.23
            -2.3007          0.3812         -0.4152
             0.3494         -2.2393          0.4221
            -0.4601          0.4250         -2.1419

     Atom 13  C   pos: (  0.351302  0.431977  0.349577)  para_oo sigma:          -1.87
            -2.6371         -0.5585         -0.6805
            -0.5707         -1.2699         -0.0833
            -0.7175         -0.1288         -1.7040

     Atom 14  C   pos: (  0.268086  0.035609  0.676267)  para_oo sigma:          -1.87
            -2.6371          0.5585         -0.6805
             0.5707         -1.2699          0.0833
            -0.7175          0.1288         -1.7040

     Atom 15  C   pos: (  0.220329  0.318608  0.245012)  para_oo sigma:          -1.85
            -1.2498         -0.5735         -0.3175
            -0.5408         -2.3458         -0.7038
            -0.3406         -0.7376         -1.9529

     Atom 16  C   pos: (  0.399060  0.714976  0.780832)  para_oo sigma:          -1.85
            -1.2498          0.5735         -0.3175
             0.5408         -2.3458          0.7038
            -0.3406          0.7376         -1.9529

     Atom 17  C   pos: (  0.666599  0.391142  0.438756)  para_oo sigma:          -0.29
            -0.2096          0.0891          0.1006
             0.0906         -0.3563          0.0302
             0.1130          0.0414         -0.2917

     Atom 18  C   pos: ( -0.047211  0.787509  0.587088)  para_oo sigma:          -0.29
            -0.2096         -0.0891          0.1006
            -0.0906         -0.3563         -0.0302
             0.1130         -0.0414         -0.2917

     Atom 19  C   pos: (  0.248706  0.047845  0.062046)  para_oo sigma:          -0.30
            -0.3619          0.1148          0.0745
             0.1037         -0.2762          0.1009
             0.0800          0.1015         -0.2722

     Atom 20  C   pos: (  0.370683  0.444212  0.963797)  para_oo sigma:          -0.30
            -0.3619         -0.1148          0.0745
            -0.1037         -0.2762         -0.1009
             0.0800         -0.1015         -0.2722

     Atom 21  H   pos: (  0.678350  0.297201  0.548589)  para_oo sigma:           0.00
             0.0000          0.0000          0.0000
             0.0000          0.0000          0.0000
             0.0000          0.0000          0.0000

     Atom 22  H   pos: ( -0.058961  0.693569  0.477255)  para_oo sigma:           0.00
             0.0000          0.0000          0.0000
             0.0000          0.0000          0.0000
             0.0000          0.0000          0.0000

     Atom 23  H   pos: (  0.646742  0.524566  0.490651)  para_oo sigma:           0.00
             0.0000          0.0000          0.0000
             0.0000          0.0000          0.0000
             0.0000          0.0000          0.0000

     Atom 24  H   pos: ( -0.027353  0.128198  0.535193)  para_oo sigma:           0.00
             0.0000          0.0000          0.0000
             0.0000          0.0000          0.0000
             0.0000          0.0000          0.0000

     Atom 25  H   pos: (  0.785664  0.385602  0.357059)  para_oo sigma:           0.00
             0.0000          0.0000          0.0000
             0.0000          0.0000          0.0000
             0.0000          0.0000          0.0000

     Atom 26  H   pos: ( -0.166275  0.781969  0.668784)  para_oo sigma:           0.00
             0.0000          0.0000          0.0000
             0.0000          0.0000          0.0000
             0.0000          0.0000          0.0000

     Atom 27  H   pos: (  0.233755  0.713590  0.129806)  para_oo sigma:           0.00
             0.0000          0.0000          0.0000
             0.0000          0.0000          0.0000
             0.0000          0.0000          0.0000

     Atom 28  H   pos: (  0.385633  0.317222  0.896037)  para_oo sigma:           0.00
             0.0000          0.0000          0.0000
             0.0000          0.0000          0.0000
             0.0000          0.0000          0.0000

     Atom 29  H   pos: (  0.119397  0.094404  0.017204)  para_oo sigma:           0.00
             0.0000          0.0000          0.0000
             0.0000          0.0000          0.0000
             0.0000          0.0000          0.0000

     Atom 30  H   pos: (  0.499992  0.490772  1.008639)  para_oo sigma:           0.00
             0.0000          0.0000          0.0000
             0.0000          0.0000          0.0000
             0.0000          0.0000          0.0000

     Atom 31  H   pos: ( -0.043001  0.032960  0.975145)  para_oo sigma:           0.00
             0.0000          0.0000          0.0000
             0.0000          0.0000          0.0000
             0.0000          0.0000          0.0000

     Atom 32  H   pos: (  0.662389  0.429328  0.050698)  para_oo sigma:           0.00
             0.0000          0.0000          0.0000
             0.0000          0.0000          0.0000
             0.0000          0.0000          0.0000

     Paramagnetic US L_R Q_R contribution in ppm:
 
     Atom  1  S   pos: (  0.655035  0.056881  0.184586)  para_lq sigma:          15.03
            21.4260        -15.9935         -5.7150
           -15.7058         17.5801          3.7835
            -6.4281          3.4076          6.0986

     Atom  2  S   pos: ( -0.035646  0.453248  0.841258)  para_lq sigma:          15.04
            21.4262         15.9937         -5.7150
            15.7059         17.5802         -3.7835
            -6.4281         -3.4076          6.0987

     Atom  3  O   pos: (  0.317848  0.567842  0.427885)  para_lq sigma:        -157.19
          -146.2538         -0.9131         -3.3188
             8.9391       -173.8823        -21.7028
             2.7728        -24.9245       -151.4398

     Atom  4  O   pos: (  0.301541  0.171474  0.597959)  para_lq sigma:        -157.19
          -146.2540          0.9131         -3.3187
            -8.9391       -173.8824         21.7028
             2.7728         24.9246       -151.4399

     Atom  5  O   pos: (  0.063357  0.344135  0.224185)  para_lq sigma:        -158.06
          -188.1408          7.9289         -7.5141
            -1.6710       -144.2748         -5.2221
           -14.1556         -3.0120       -141.7572

     Atom  6  O   pos: (  0.556032  0.740502  0.801658)  para_lq sigma:        -158.06
          -188.1403         -7.9288         -7.5140
             1.6710       -144.2746          5.2221
           -14.1555          3.0119       -141.7570

     Atom  7  N   pos: (  0.511366  0.346769  0.334375)  para_lq sigma:         -67.58
           -70.3490          0.6304         -5.5011
            -1.1013        -68.8944        -10.1127
            -6.1851         -9.1911        -63.4999

     Atom  8  N   pos: (  0.108023  0.743136  0.691468)  para_lq sigma:         -67.58
           -70.3490         -0.6304         -5.5011
             1.1013        -68.8944         10.1127
            -6.1851          9.1911        -63.4999

     Atom  9  N   pos: (  0.319697  0.180302  0.180685)  para_lq sigma:         -67.58
           -74.2368         -1.7590         -6.4698
            -0.3629        -66.4999         -8.3845
            -5.1748         -8.3330        -62.0135

     Atom 10  N   pos: (  0.299692  0.576670  0.845158)  para_lq sigma:         -67.58
           -74.2368          1.7589         -6.4698
             0.3629        -66.4999          8.3845
            -5.1748          8.3330        -62.0135

     Atom 11  C   pos: (  0.494752  0.193194  0.234059)  para_lq sigma:         -12.82
           -14.2747          3.4658          1.2301
             3.6150        -13.3877         -0.9861
             1.1473         -0.9445        -10.8050

     Atom 12  C   pos: (  0.124636  0.589561  0.791784)  para_lq sigma:         -12.82
           -14.2747         -3.4658          1.2301
            -3.6150        -13.3877          0.9861
             1.1473          0.9445        -10.8050

     Atom 13  C   pos: (  0.351302  0.431977  0.349577)  para_lq sigma:         -15.97
           -20.7406         -3.6194         -4.0687
            -0.8515        -12.3525          0.9168
            -2.3772          0.0938        -14.8256

     Atom 14  C   pos: (  0.268086  0.035609  0.676267)  para_lq sigma:         -15.97
           -20.7406          3.6194         -4.0687
             0.8515        -12.3525         -0.9168
            -2.3772         -0.0938        -14.8256

     Atom 15  C   pos: (  0.220329  0.318608  0.245012)  para_lq sigma:         -15.95
           -11.6589         -0.7930          0.1642
            -3.5708        -19.4110         -3.9737
            -1.7631         -3.4370        -16.7930

     Atom 16  C   pos: (  0.399060  0.714976  0.780832)  para_lq sigma:         -15.95
           -11.6589          0.7930          0.1641
             3.5708        -19.4110          3.9737
            -1.7631          3.4370        -16.7930

     Atom 17  C   pos: (  0.666599  0.391142  0.438756)  para_lq sigma:         -11.22
           -11.4377         -0.1578         -0.3314
            -0.0419        -11.0115         -0.0474
            -0.2771         -0.0539        -11.2100

     Atom 18  C   pos: ( -0.047211  0.787509  0.587088)  para_lq sigma:         -11.22
           -11.4377          0.1578         -0.3314
             0.0419        -11.0115          0.0474
            -0.2771          0.0539        -11.2100

     Atom 19  C   pos: (  0.248706  0.047845  0.062046)  para_lq sigma:         -11.23
           -11.0499         -0.0856         -0.1229
            -0.2599        -11.3779         -0.2635
            -0.1278         -0.2746        -11.2536

     Atom 20  C   pos: (  0.370683  0.444212  0.963797)  para_lq sigma:         -11.23
           -11.0500          0.0856         -0.1229
             0.2599        -11.3779          0.2635
            -0.1278          0.2746        -11.2537

     Atom 21  H   pos: (  0.678350  0.297201  0.548589)  para_lq sigma:           0.00
             0.0000          0.0000          0.0000
             0.0000          0.0000          0.0000
             0.0000          0.0000          0.0000

     Atom 22  H   pos: ( -0.058961  0.693569  0.477255)  para_lq sigma:           0.00
             0.0000          0.0000          0.0000
             0.0000          0.0000          0.0000
             0.0000          0.0000          0.0000

     Atom 23  H   pos: (  0.646742  0.524566  0.490651)  para_lq sigma:           0.00
             0.0000          0.0000          0.0000
             0.0000          0.0000          0.0000
             0.0000          0.0000          0.0000

     Atom 24  H   pos: ( -0.027353  0.128198  0.535193)  para_lq sigma:           0.00
             0.0000          0.0000          0.0000
             0.0000          0.0000          0.0000
             0.0000          0.0000          0.0000

     Atom 25  H   pos: (  0.785664  0.385602  0.357059)  para_lq sigma:           0.00
             0.0000          0.0000          0.0000
             0.0000          0.0000          0.0000
             0.0000          0.0000          0.0000

     Atom 26  H   pos: ( -0.166275  0.781969  0.668784)  para_lq sigma:           0.00
             0.0000          0.0000          0.0000
             0.0000          0.0000          0.0000
             0.0000          0.0000          0.0000

     Atom 27  H   pos: (  0.233755  0.713590  0.129806)  para_lq sigma:           0.00
             0.0000          0.0000          0.0000
             0.0000          0.0000          0.0000
             0.0000          0.0000          0.0000

     Atom 28  H   pos: (  0.385633  0.317222  0.896037)  para_lq sigma:           0.00
             0.0000          0.0000          0.0000
             0.0000          0.0000          0.0000
             0.0000          0.0000          0.0000

     Atom 29  H   pos: (  0.119397  0.094404  0.017204)  para_lq sigma:           0.00
             0.0000          0.0000          0.0000
             0.0000          0.0000          0.0000
             0.0000          0.0000          0.0000

     Atom 30  H   pos: (  0.499992  0.490772  1.008639)  para_lq sigma:           0.00
             0.0000          0.0000          0.0000
             0.0000          0.0000          0.0000
             0.0000          0.0000          0.0000

     Atom 31  H   pos: ( -0.043001  0.032960  0.975145)  para_lq sigma:           0.00
             0.0000          0.0000          0.0000
             0.0000          0.0000          0.0000
             0.0000          0.0000          0.0000

     Atom 32  H   pos: (  0.662389  0.429328  0.050698)  para_lq sigma:           0.00
             0.0000          0.0000          0.0000
             0.0000          0.0000          0.0000
             0.0000          0.0000          0.0000

 
     Total NMR chemical shifts in ppm: ---------------------------------------
     (adopting the Simpson convention for anisotropy and asymmetry)-----------
 
     Atom  1  S   pos: (  0.655035  0.056881  0.184586)  Total sigma:          79.14
          -248.6824        452.5888         38.8606
           477.2031        -10.6729       -363.5710
            33.5329       -369.6544        496.7881

     S    1    anisotropy:  -1121.04    eta:   -0.7470
     S    1    sigma_11=    173.69    axis=(  0.642416  0.541423  0.542368)
     S    1    sigma_22=    731.96    axis=( -0.226892 -0.541622  0.809423)
     S    1    sigma_33=   -668.21    axis=(  0.731999 -0.643045 -0.225102)
 
     Atom  2  S   pos: ( -0.035646  0.453248  0.841258)  Total sigma:          79.15
          -248.6779       -452.5864         38.8599
          -477.2011        -10.6696        363.5698
            33.5323        369.6532        496.7898

     S    2    anisotropy:  -1121.03    eta:   -0.7470
     S    2    sigma_11=    173.69    axis=(  0.642416 -0.541423  0.542368)
     S    2    sigma_22=    731.96    axis=( -0.226892  0.541622  0.809423)
     S    2    sigma_33=   -668.21    axis=( -0.731999 -0.643045  0.225102)
 
     Atom  3  O   pos: (  0.317848  0.567842  0.427885)  Total sigma:        -112.59
          -183.1230        139.5726        -57.5943
           130.8448       -256.4579       -361.0812
           -62.1741       -369.1037        101.8062

     O    3    anisotropy:    705.07    eta:   -0.6764
     O    3    sigma_11=   -188.65    axis=(  0.938690  0.106816  0.327797)
     O    3    sigma_22=   -506.58    axis=( -0.262161  0.838633  0.477457)
     O    3    sigma_33=    357.46    axis=( -0.223901 -0.534120  0.815220)
 
     Atom  4  O   pos: (  0.301541  0.171474  0.597959)  Total sigma:        -112.59
          -183.1227       -139.5726        -57.5942
          -130.8446       -256.4562        361.0807
           -62.1741        369.1033        101.8067

     O    4    anisotropy:    705.07    eta:   -0.6764
     O    4    sigma_11=   -188.65    axis=( -0.938690  0.106816 -0.327797)
     O    4    sigma_22=   -506.58    axis=( -0.262162 -0.838633  0.477457)
     O    4    sigma_33=    357.46    axis=( -0.223901  0.534120  0.815220)
 
     Atom  5  O   pos: (  0.063357  0.344135  0.224185)  Total sigma:        -119.25
          -486.7798        119.1030       -131.6519
           109.2039        -52.3224       -226.6916
           -97.8389       -236.6692        181.3489

     O    5    anisotropy:    709.30    eta:   -0.6967
     O    5    sigma_11=   -190.97    axis=(  0.107021  0.829034  0.548861)
     O    5    sigma_22=   -520.40    axis=( -0.976934  0.190280 -0.096922)
     O    5    sigma_33=    353.61    axis=( -0.184789 -0.525828  0.830276)
 
     Atom  6  O   pos: (  0.556032  0.740502  0.801658)  Total sigma:        -119.25
          -486.7808       -119.1030       -131.6521
          -109.2040        -52.3232        226.6918
           -97.8393        236.6693        181.3480

     O    6    anisotropy:    709.30    eta:   -0.6967
     O    6    sigma_11=   -190.97    axis=( -0.107021  0.829034 -0.548861)
     O    6    sigma_22=   -520.40    axis=( -0.976934 -0.190280 -0.096922)
     O    6    sigma_33=    353.61    axis=( -0.184789  0.525828  0.830276)
 
     Atom  7  N   pos: (  0.511366  0.346769  0.334375)  Total sigma:          51.02
            11.8996         -7.8165        -51.1642
           -39.5633         57.8284        -72.9356
           -55.7988        -58.9055         83.3362

     N    7    anisotropy:   -146.36    eta:   -0.9021
     N    7    sigma_11=     55.80    axis=(  0.690028 -0.672065 -0.268682)
     N    7    sigma_22=    143.82    axis=(  0.225955  0.552691 -0.802170)
     N    7    sigma_33=    -46.55    axis=( -0.687609 -0.492809 -0.533229)
 
     Atom  8  N   pos: (  0.108023  0.743136  0.691468)  Total sigma:          51.02
            11.8994          7.8165        -51.1642
            39.5632         57.8283         72.9356
           -55.7988         58.9056         83.3361

     N    8    anisotropy:   -146.36    eta:   -0.9021
     N    8    sigma_11=     55.80    axis=(  0.690028  0.672065 -0.268682)
     N    8    sigma_22=    143.82    axis=( -0.225955  0.552691  0.802170)
     N    8    sigma_33=    -46.55    axis=( -0.687609  0.492810 -0.533229)
 
     Atom  9  N   pos: (  0.319697  0.180302  0.180685)  Total sigma:          49.05
            20.0961        -35.7693        -61.0297
           -16.4716         40.5857        -76.3905
           -39.6446        -69.5573         86.4622

     N    9    anisotropy:   -150.17    eta:   -0.9327
     N    9    sigma_11=     52.42    axis=(  0.769959 -0.613296 -0.176156)
     N    9    sigma_22=    145.79    axis=(  0.223253  0.517539 -0.826021)
     N    9    sigma_33=    -51.06    axis=( -0.597763 -0.596675 -0.535404)
 
     Atom 10  N   pos: (  0.299692  0.576670  0.845158)  Total sigma:          49.05
            20.0969         35.7687        -61.0292
            16.4716         40.5857         76.3906
           -39.6444         69.5573         86.4624

     N   10    anisotropy:   -150.17    eta:   -0.9327
     N   10    sigma_11=     52.42    axis=(  0.769962  0.613293 -0.176154)
     N   10    sigma_22=    145.79    axis=( -0.223253  0.517539  0.826021)
     N   10    sigma_33=    -51.06    axis=( -0.597759  0.596678 -0.535405)
 
     Atom 11  C   pos: (  0.494752  0.193194  0.234059)  Total sigma:         -18.25
           -45.2989        -52.4419        -64.8039
           -52.6595        -18.8466        -71.4747
           -66.6837        -70.9082          9.4020

     C   11    anisotropy:   -191.26    eta:   -0.4170
     C   11    sigma_11=     18.92    axis=( -0.733333  0.651018  0.195952)
     C   11    sigma_22=     72.09    axis=( -0.233696 -0.512035  0.826563)
     C   11    sigma_33=   -145.76    axis=( -0.638442 -0.560353 -0.527633)
 
     Atom 12  C   pos: (  0.124636  0.589561  0.791784)  Total sigma:         -18.25
           -45.2990         52.4419        -64.8040
            52.6594        -18.8467         71.4748
           -66.6836         70.9083          9.4019

     C   12    anisotropy:   -191.26    eta:   -0.4170
     C   12    sigma_11=     18.92    axis=(  0.733333  0.651018 -0.195953)
     C   12    sigma_22=     72.09    axis=( -0.233696  0.512035  0.826563)
     C   12    sigma_33=   -145.76    axis=( -0.638442  0.560353 -0.527633)
 
     Atom 13  C   pos: (  0.351302  0.431977  0.349577)  Total sigma:           6.94
           -50.2873        -25.5761        -47.3640
            -3.5046         35.3128        -17.6757
           -33.3958        -28.3644         35.8008

     C   13    anisotropy:   -116.77    eta:   -0.4322
     C   13    sigma_11=     29.04    axis=(  0.380780 -0.802661 -0.459066)
     C   13    sigma_22=     62.69    axis=( -0.214162 -0.559524  0.800667)
     C   13    sigma_33=    -70.91    axis=( -0.899523 -0.206563 -0.384955)
 
     Atom 14  C   pos: (  0.268086  0.035609  0.676267)  Total sigma:           6.94
           -50.2873         25.5761        -47.3640
             3.5047         35.3128         17.6757
           -33.3957         28.3644         35.8009

     C   14    anisotropy:   -116.77    eta:   -0.4322
     C   14    sigma_11=     29.04    axis=(  0.380780  0.802661 -0.459066)
     C   14    sigma_22=     62.69    axis=(  0.214162 -0.559524 -0.800667)
     C   14    sigma_33=    -70.91    axis=( -0.899523  0.206563 -0.384955)
 
     Atom 15  C   pos: (  0.220329  0.318608  0.245012)  Total sigma:           7.75
            25.7357         -3.3192         -8.5582
           -27.5835        -23.5672        -58.7731
           -22.7670        -58.5468         21.0765

     C   15    anisotropy:   -115.04    eta:   -0.4158
     C   15    sigma_11=     30.15    axis=( -0.966750  0.254838  0.021268)
     C   15    sigma_22=     62.04    axis=( -0.125500 -0.545269  0.828813)
     C   15    sigma_33=    -68.95    axis=( -0.222810 -0.798586 -0.559121)
 
     Atom 16  C   pos: (  0.399060  0.714976  0.780832)  Total sigma:           7.75
            25.7360          3.3193         -8.5582
            27.5836        -23.5669         58.7730
           -22.7669         58.5466         21.0766

     C   16    anisotropy:   -115.04    eta:   -0.4157
     C   16    sigma_11=     30.15    axis=( -0.966750 -0.254838  0.021270)
     C   16    sigma_22=     62.04    axis=( -0.125500  0.545269  0.828813)
     C   16    sigma_33=    -68.95    axis=(  0.222810 -0.798586  0.559121)
 
     Atom 17  C   pos: (  0.666599  0.391142  0.438756)  Total sigma:         142.70
           149.0602         13.0683         16.8835
            15.5567        127.5449         -4.5880
            19.1399         -6.3967        151.5068

     C   17    anisotropy:    -41.37    eta:   -0.9250
     C   17    sigma_11=    143.74    axis=( -0.462205 -0.622681  0.631375)
     C   17    sigma_22=    169.25    axis=(  0.716967  0.156586  0.679293)
     C   17    sigma_33=    115.12    axis=( -0.521847  0.766648  0.374067)
 
     Atom 18  C   pos: ( -0.047211  0.787509  0.587088)  Total sigma:         142.70
           149.0602        -13.0682         16.8835
           -15.5567        127.5449          4.5880
            19.1399          6.3967        151.5068

     C   18    anisotropy:    -41.37    eta:   -0.9250
     C   18    sigma_11=    143.74    axis=( -0.462206  0.622682  0.631374)
     C   18    sigma_22=    169.25    axis=(  0.716966 -0.156585  0.679294)
     C   18    sigma_33=    115.12    axis=(  0.521848  0.766648 -0.374067)
 
     Atom 19  C   pos: (  0.248706  0.047845  0.062046)  Total sigma:         142.71
           123.1586         17.3472          6.1359
            16.5064        149.6186          9.8697
             2.3570          7.9935        155.3407

     C   19    anisotropy:    -41.70    eta:   -0.7172
     C   19    sigma_11=    146.64    axis=(  0.291650  0.592848 -0.750647)
     C   19    sigma_22=    166.58    axis=(  0.327875  0.675260  0.660698)
     C   19    sigma_33=    114.90    axis=(  0.898576 -0.438811  0.002559)
 
     Atom 20  C   pos: (  0.370683  0.444212  0.963797)  Total sigma:         142.71
           123.1587        -17.3472          6.1360
           -16.5064        149.6186         -9.8697
             2.3571         -7.9935        155.3407

     C   20    anisotropy:    -41.70    eta:   -0.7172
     C   20    sigma_11=    146.64    axis=( -0.291650  0.592849  0.750647)
     C   20    sigma_22=    166.58    axis=(  0.327876 -0.675259  0.660699)
     C   20    sigma_33=    114.90    axis=(  0.898575  0.438812  0.002559)
 
     Atom 21  H   pos: (  0.678350  0.297201  0.548589)  Total sigma:          28.08
            27.3061         -0.5380          3.2108
            -0.8341         26.1406         -4.1000
             4.4641         -3.6470         30.7828

     H   21    anisotropy:     10.11    eta:   -0.4168
     H   21    sigma_11=     26.11    axis=(  0.779831  0.611594 -0.133474)
     H   21    sigma_22=     23.30    axis=( -0.438733  0.686076  0.580355)
     H   21    sigma_33=     34.82    axis=(  0.446516 -0.394019  0.803351)
 
     Atom 22  H   pos: ( -0.058961  0.693569  0.477255)  Total sigma:          28.08
            27.3061          0.5380          3.2108
             0.8341         26.1406          4.1000
             4.4641          3.6470         30.7828

     H   22    anisotropy:     10.11    eta:   -0.4168
     H   22    sigma_11=     26.11    axis=(  0.779831 -0.611595 -0.133474)
     H   22    sigma_22=     23.30    axis=(  0.438734  0.686076 -0.580355)
     H   22    sigma_33=     34.82    axis=(  0.446515  0.394020  0.803351)
 
     Atom 23  H   pos: (  0.646742  0.524566  0.490651)  Total sigma:          27.57
            27.1455          0.8061          1.7479
             0.2454         29.4534          3.0844
             2.0862          2.3121         26.1046

     H   23    anisotropy:      5.81    eta:   -0.8846
     H   23    sigma_11=     27.34    axis=(  0.840129 -0.494506  0.222816)
     H   23    sigma_22=     23.92    axis=( -0.432050 -0.361795  0.826098)
     H   23    sigma_33=     31.44    axis=(  0.327896  0.790296  0.517606)
 
     Atom 24  H   pos: ( -0.027353  0.128198  0.535193)  Total sigma:          27.57
            27.1455         -0.8061          1.7479
            -0.2454         29.4534         -3.0844
             2.0862         -2.3121         26.1046

     H   24    anisotropy:      5.81    eta:   -0.8846
     H   24    sigma_11=     27.34    axis=( -0.840129 -0.494506 -0.222816)
     H   24    sigma_22=     23.92    axis=( -0.432050  0.361795  0.826098)
     H   24    sigma_33=     31.44    axis=(  0.327896 -0.790297  0.517605)
 
     Atom 25  H   pos: (  0.785664  0.385602  0.357059)  Total sigma:          26.94
            31.8493          0.8438         -0.7516
             2.6751         23.2765          1.0760
            -2.1239          0.9531         25.7046

     H   25    anisotropy:      8.22    eta:   -0.6540
     H   25    sigma_11=     26.00    axis=(  0.101552  0.404765  0.908765)
     H   25    sigma_22=     22.41    axis=( -0.224848  0.899188 -0.375373)
     H   25    sigma_33=     32.42    axis=( -0.969088 -0.166214  0.182324)
 
     Atom 26  H   pos: ( -0.166275  0.781969  0.668784)  Total sigma:          26.94
            31.8493         -0.8438         -0.7516
            -2.6751         23.2765         -1.0760
            -2.1239         -0.9531         25.7046

     H   26    anisotropy:      8.22    eta:   -0.6540
     H   26    sigma_11=     26.00    axis=(  0.101551 -0.404765  0.908764)
     H   26    sigma_22=     22.41    axis=(  0.224848  0.899187  0.375374)
     H   26    sigma_33=     32.42    axis=( -0.969088  0.166215  0.182324)
 
     Atom 27  H   pos: (  0.233755  0.713590  0.129806)  Total sigma:          28.71
            24.4707          2.7893         -0.6589
             1.6668         33.6229         -0.6385
            -0.1431         -3.3313         28.0339

     H   27    anisotropy:      9.06    eta:   -0.5744
     H   27    sigma_11=     27.42    axis=(  0.079672  0.277906  0.957299)
     H   27    sigma_22=     23.96    axis=(  0.973663 -0.227497 -0.014990)
     H   27    sigma_33=     34.75    axis=( -0.213617 -0.933281  0.288712)
 
     Atom 28  H   pos: (  0.385633  0.317222  0.896037)  Total sigma:          28.71
            24.4707         -2.7893         -0.6589
            -1.6668         33.6229          0.6385
            -0.1431          3.3313         28.0339

     H   28    anisotropy:      9.06    eta:   -0.5744
     H   28    sigma_11=     27.42    axis=( -0.079673  0.277906 -0.957298)
     H   28    sigma_22=     23.96    axis=(  0.973663  0.227498 -0.014992)
     H   28    sigma_33=     34.75    axis=( -0.213617  0.933281  0.288713)
 
     Atom 29  H   pos: (  0.119397  0.094404  0.017204)  Total sigma:          26.74
            29.2965         -0.9255          2.9175
            -0.2945         25.1595          1.7616
             3.6062          1.7904         25.7554

     H   29    anisotropy:      6.79    eta:   -0.8616
     H   29    sigma_11=     26.42    axis=(  0.349781 -0.815781 -0.460603)
     H   29    sigma_22=     22.52    axis=(  0.396632  0.574376 -0.716083)
     H   29    sigma_33=     31.26    axis=( -0.848726 -0.067782 -0.524470)
 
     Atom 30  H   pos: (  0.499992  0.490772  1.008639)  Total sigma:          26.74
            29.2965          0.9255          2.9175
             0.2945         25.1595         -1.7616
             3.6062         -1.7904         25.7554

     H   30    anisotropy:      6.79    eta:   -0.8616
     H   30    sigma_11=     26.42    axis=(  0.349781  0.815780 -0.460604)
     H   30    sigma_22=     22.52    axis=( -0.396632  0.574376  0.716083)
     H   30    sigma_33=     31.26    axis=( -0.848727  0.067782 -0.524470)
 
     Atom 31  H   pos: ( -0.043001  0.032960  0.975145)  Total sigma:          28.16
            25.4731         -1.4559         -1.7637
            -0.1953         26.2225          2.9918
            -3.9495          5.3084         32.7715

     H   31    anisotropy:     11.21    eta:   -0.1409
     H   31    sigma_11=     24.94    axis=(  0.801088  0.598036 -0.024727)
     H   31    sigma_22=     23.89    axis=( -0.530203  0.689840 -0.492956)
     H   31    sigma_33=     35.63    axis=( -0.277748  0.408011  0.869703)
 
     Atom 32  H   pos: (  0.662389  0.429328  0.050698)  Total sigma:          28.16
            25.4731          1.4559         -1.7637
             0.1953         26.2225         -2.9918
            -3.9495         -5.3084         32.7715

     H   32    anisotropy:     11.21    eta:   -0.1409
     H   32    sigma_11=     24.94    axis=(  0.801091 -0.598031 -0.024724)
     H   32    sigma_22=     23.89    axis=(  0.530197  0.689845  0.492956)
     H   32    sigma_33=     35.63    axis=( -0.277747 -0.408011  0.869703)
 
     Initialization:
     gipaw_setup  :      0.41s CPU      0.43s WALL (       1 calls)
 
     Linear response
     greenf       :   6186.99s CPU   6280.52s WALL (     336 calls)
     cgsolve      :   6155.11s CPU   6248.59s WALL (     336 calls)
     ch_psi       :   6055.33s CPU   6148.51s WALL (   22435 calls)
     h_psiq       :   4805.41s CPU   4896.62s WALL (   22435 calls)
 
     Apply operators
     h_psi        :   4399.33s CPU   4500.26s WALL (   28404 calls)
     apply_vel    :     81.07s CPU     81.53s WALL (     294 calls)
 
     Induced current
     j_para       :    306.88s CPU    316.07s WALL (     378 calls)
     biot_savart  :      0.04s CPU      0.05s WALL (       1 calls)
 
     Other routines
 
     General routines
     calbec       :   1419.78s CPU   1424.01s WALL (   76116 calls)
     fft          :      0.16s CPU      0.18s WALL (      32 calls)
     fftw         :   3389.78s CPU   3494.01s WALL ( 2961626 calls)
     davcio       :      0.04s CPU      1.14s WALL (     224 calls)
 
     Parallel routines
     fft_scatter  :    853.44s CPU    905.04s WALL ( 2961658 calls)
 
     Plugins
 
     GIPAW        :   7509.74s CPU   7636.78s WALL (       1 calls)
