
     Program QE v.6.1 (svn rev. 13369) starts on  4May2018 at  9: 8:33 

     This program is part of the open-source Quantum ESPRESSO suite
     for quantum simulation of materials; please cite
         "P. Giannozzi et al., J. Phys.:Condens. Matter 21 395502 (2009);
          URL http://www.quantum-espresso.org", 
     in publications or presentations arising from this work. More details at
     http://www.quantum-espresso.org/quote

     Parallel version (MPI), running on     8 processors
     R & G space division:  proc/nbgrp/npool/nimage =       8
 
     ***** This is GIPAW svn revision unknown      *****
 
     Parallelizing q-star over 1 images
     Message from routine gipaw_readin:
     *** iverbosity is obsolete, use verbosity instead ***

     Reading data from directory:
     /scratch/ahofstet/ML/CCDC_S/ILOLOL/wfc/scf.save

   Info: using nr1, nr2, nr3 values from input

   Info: using nr1, nr2, nr3 values from input

     IMPORTANT: XC functional enforced from input :
     Exchange-correlation      =  SLA  PW   PBX  PBC ( 1  4  3  4 0 0)
     Any further DFT definition will be discarded
     Please, verify this is what you really want

               file C.pbe-n-kjpaw_psl.0.1.UPF: wavefunction(s)  2P renormalized
               file N.pbe-n-kjpaw_psl.0.1.UPF: wavefunction(s)  2P renormalized
               file H.pbe-kjpaw_psl.0.1.UPF: wavefunction(s)  1S renormalized
               file O.pbe-n-kjpaw_psl.0.1.UPF: wavefunction(s)  2P renormalized
               file S.pbe-n-kjpaw_psl.0.1.UPF: wavefunction(s)  3P renormalized
 
     Parallelization info
     --------------------
     sticks:   dense  smooth     PW     G-vecs:    dense   smooth      PW
     Min         798     798    212                59143    59143    8113
     Max         799     799    213                59147    59147    8117
     Sum        6387    6387   1701               473153   473153   64921
 

     Check: negative/imaginary core charge=   -0.000002    0.000000

     Subspace diagonalization in iterative solution of the eigenvalue problem:
     a serial algorithm will be used

     GIPAW projectors -----------------------------------------------
     atom=  C    l=0  rc=    1.3000  rs=    0.8667
     atom=  C    l=0  rc=    1.3000  rs=    0.8667
     atom=  C    l=1  rc=    1.4500  rs=    0.9667
     atom=  C    l=1  rc=    1.4500  rs=    0.9667
     projs nearly linearly dependent: l=0  n1,n2= 1, 2  s=  0.99877758
     projs nearly linearly dependent: l=1  n1,n2= 1, 2  s=  0.99940894
 
     atom=  N    l=0  rc=    1.3000  rs=    0.8667
     atom=  N    l=0  rc=    1.3000  rs=    0.8667
     atom=  N    l=1  rc=    1.4500  rs=    0.9667
     atom=  N    l=1  rc=    1.4500  rs=    0.9667
     projs nearly linearly dependent: l=0  n1,n2= 1, 2  s=  0.99709514
     projs nearly linearly dependent: l=1  n1,n2= 1, 2  s=  0.99857174
 
     atom=  H    l=0  rc=    1.0000  rs=    0.6667
     atom=  H    l=0  rc=    1.0000  rs=    0.6667
     projs nearly linearly dependent: l=0  n1,n2= 1, 2  s=  0.99968852
 
     atom=  O    l=0  rc=    1.3500  rs=    0.9000
     atom=  O    l=0  rc=    1.3500  rs=    0.9000
     atom=  O    l=1  rc=    1.3500  rs=    0.9000
     atom=  O    l=1  rc=    1.3500  rs=    0.9000
     projs nearly linearly dependent: l=0  n1,n2= 1, 2  s=  0.99100135
     projs nearly linearly dependent: l=1  n1,n2= 1, 2  s=  0.99790100
 
     atom=  S    l=0  rc=    2.1000  rs=    1.4000
     atom=  S    l=0  rc=    2.1000  rs=    1.4000
     atom=  S    l=1  rc=    2.1000  rs=    1.4000
     atom=  S    l=1  rc=    2.1000  rs=    1.4000
     -----------------------------------------------------------------
 
     alpha_pv=     42.5746 eV
 
     q-space interpolation up to   110.00 Rydberg
 
     GIPAW job: nmr                                                                             
     NMR macroscopic correction: yes
             0.6667          0.0000          0.0000
             0.0000          0.6667          0.0000
             0.0000          0.0000          0.6667

 
     Largest allocated arrays     est. size (Mb)     dimensions
        KS wavefunctions at k          10.88 Mb     (    7425,   96)
        KS wavefunctions at k+q        10.88 Mb     (    7425,   96)
        First-order wavefunctions     108.76 Mb     (    7425,   96, 10)
        First-order wavefunct (US)     65.26 Mb     (    7425,   96,  6)
        Charge/spin density             1.03 Mb     (  135000,    1)
        Induced current                 9.27 Mb     (  135000,    3,3,1)
        Induced magnetic field          9.27 Mb     (  135000,    3,3,1)
        NL pseudopotentials            30.82 Mb     (    7425,  272)
        GIPAW NL terms                 30.82 Mb     (    7425,  272)
 
     Computing the magnetic susceptibility     isolve=0    ethr=  0.1000E-13
     k-point #    1 of    10      pool #  1    cpu time:      11.0
     Rotating WFCS
     Rotating WFCS
     Rotating WFCS
     Rotating WFCS
     Rotating WFCS
     Rotating WFCS
     Rotating WFCS
     k-point #    2 of    10      pool #  1    cpu time:    1509.4
     Rotating WFCS
     c_bands:  1 eigenvalues not converged
     Rotating WFCS
     Rotating WFCS
     Rotating WFCS
     Rotating WFCS
     Rotating WFCS
     Rotating WFCS
     k-point #    3 of    10      pool #  1    cpu time:    3078.0
     Rotating WFCS
     Rotating WFCS
     Rotating WFCS
     Rotating WFCS
     Rotating WFCS
     Rotating WFCS
     Rotating WFCS
     k-point #    4 of    10      pool #  1    cpu time:    4662.4
     Rotating WFCS
     Rotating WFCS
     Rotating WFCS
     Rotating WFCS
     Rotating WFCS
     Rotating WFCS
     Rotating WFCS
     k-point #    5 of    10      pool #  1    cpu time:    6276.2
     Rotating WFCS
     Rotating WFCS
     Rotating WFCS
     Rotating WFCS
     Rotating WFCS
     Rotating WFCS
     Rotating WFCS
     k-point #    6 of    10      pool #  1    cpu time:    7856.7
     Rotating WFCS
     Rotating WFCS
     Rotating WFCS
     Rotating WFCS
     Rotating WFCS
     Rotating WFCS
     Rotating WFCS
     k-point #    7 of    10      pool #  1    cpu time:    9454.2
     Rotating WFCS
     Rotating WFCS
     Rotating WFCS
     Rotating WFCS
     Rotating WFCS
     Rotating WFCS
     Rotating WFCS
     k-point #    8 of    10      pool #  1    cpu time:   11040.4
     Rotating WFCS
     Rotating WFCS
     Rotating WFCS
     Rotating WFCS
     Rotating WFCS
     Rotating WFCS
     Rotating WFCS
     k-point #    9 of    10      pool #  1    cpu time:   12622.4
     Rotating WFCS
     Rotating WFCS
     Rotating WFCS
     Rotating WFCS
     Rotating WFCS
     Rotating WFCS
     Rotating WFCS
     k-point #   10 of    10      pool #  1    cpu time:   14150.3
     Rotating WFCS
     Rotating WFCS
     Rotating WFCS
     Rotating WFCS
     Rotating WFCS
     Rotating WFCS
     Rotating WFCS
     End of magnetic susceptibility calculation
 
     f-sum rule (1st term):
          -163.4936         -0.0057         -0.0150
            -0.0043       -163.5368         -0.0833
            -0.0134         -0.0843       -163.4748

     f-sum rule (2nd term):
            -1.9626          0.0044          0.0125
             0.0033         -1.9236          0.0826
             0.0122          0.0828         -1.9958

     f-sum rule (should be  -165.4566):
          -165.4563         -0.0013         -0.0025
            -0.0011       -165.4604         -0.0008
            -0.0012         -0.0015       -165.4706

     chi_bare pGv (HH) in paratec units:
       -74.941017      9.612926      3.802349
        11.350278    -48.817198     -1.196553
         5.159501     -1.210261    -45.391134

       -74.941017      9.612926      3.802349
        11.350278    -48.817198     -1.196553
         5.159501     -1.210261    -45.391134

     chi_bare vGv (VV) in paratec units:
       -71.923183     14.948838      6.355364
        14.945275    -42.200052     -1.961230
         6.355835     -1.945043    -37.266182

       -71.923183     14.948838      6.355364
        14.945275    -42.200052     -1.961230
         6.355835     -1.945043    -37.266182

     chi_bare pGv (HH) in 10^{-6} cm^3/mol:
          -356.1268         45.6815         18.0691
            53.9376       -231.9839         -5.6861
            24.5184         -5.7513       -215.7029

     chi_bare vGv (VV) in 10^{-6} cm^3/mol:
          -341.7857         71.0383         30.2013
            71.0214       -200.5386         -9.3200
            30.2035         -9.2430       -177.0924

     Contributions to the NMR chemical shifts: -------------------------------
 
     Macroscopic shape contribution in ppm:                    7.18
             9.5461          0.0000          0.0000
             0.0000          6.2184          0.0000
             0.0000          0.0000          5.7820

 
     Core contribution in ppm:
 
     Atom  1  S   pos: (  0.484173  0.551028  0.237517)  core sigma:         979.79
     Atom  2  S   pos: (  1.137950  0.611812  1.033395)  core sigma:         979.79
     Atom  3  S   pos: (  0.606954  0.514189  0.488978)  core sigma:         979.79
     Atom  4  S   pos: (  1.015169  0.648651  0.781933)  core sigma:         979.79
     Atom  5  S   pos: (  0.508588  0.744813  0.627737)  core sigma:         979.79
     Atom  6  S   pos: (  1.113535  0.418026  0.643174)  core sigma:         979.79
     Atom  7  S   pos: (  0.662516  0.946666  0.505954)  core sigma:         979.79
     Atom  8  S   pos: (  0.959607  0.216174  0.764958)  core sigma:         979.79
     Atom  9  C   pos: (  0.614760  0.920041  0.269943)  core sigma:         200.51
     Atom 10  C   pos: (  1.007363  0.242799  1.000968)  core sigma:         200.51
     Atom 11  C   pos: (  0.673950  1.089878  0.176293)  core sigma:         200.51
     Atom 12  C   pos: (  0.948173  0.072962  1.094618)  core sigma:         200.51
     Atom 13  C   pos: (  0.510459  0.137235  1.245479)  core sigma:         200.51
     Atom 14  C   pos: (  1.111663  1.025604  0.025433)  core sigma:         200.51
     Atom 15  C   pos: (  0.565406  0.297031  1.153919)  core sigma:         200.51
     Atom 16  C   pos: (  1.056717  0.865809  0.116993)  core sigma:         200.51
     Atom 17  H   pos: (  0.628040  0.408526  1.231374)  core sigma:           0.00
     Atom 18  H   pos: (  0.994083  0.754314  0.039538)  core sigma:           0.00
     Atom 19  C   pos: (  0.537835  0.313063  0.964575)  core sigma:         200.51
     Atom 20  C   pos: (  1.084288  0.849777  0.306337)  core sigma:         200.51
     Atom 21  H   pos: (  0.581020  0.438628  0.894864)  core sigma:           0.00
     Atom 22  H   pos: (  1.041103  0.724212  0.376047)  core sigma:           0.00
     Atom 23  C   pos: (  0.456775  0.169657  0.865718)  core sigma:         200.51
     Atom 24  C   pos: (  1.165348  0.993182  0.405194)  core sigma:         200.51
     Atom 25  H   pos: (  0.437664  0.183177  0.717479)  core sigma:           0.00
     Atom 26  H   pos: (  1.184459  0.979662  0.553433)  core sigma:           0.00
     Atom 27  C   pos: (  0.779761  1.076717  0.956760)  core sigma:         200.51
     Atom 28  C   pos: (  0.842362  0.086123  0.314152)  core sigma:         200.51
     Atom 29  H   pos: (  0.713943  0.962095  0.884932)  core sigma:           0.00
     Atom 30  H   pos: (  0.908179  0.200745  0.385980)  core sigma:           0.00
     Atom 31  C   pos: (  0.807356  1.059553  1.146834)  core sigma:         200.51
     Atom 32  C   pos: (  0.814767  0.103287  0.124077)  core sigma:         200.51
     Atom 33  C   pos: (  0.752697  0.888114  1.240778)  core sigma:         200.51
     Atom 34  C   pos: (  0.869426  0.274725  0.030134)  core sigma:         200.51
     Atom 35  C   pos: (  0.548628  0.772099  0.171382)  core sigma:         200.51
     Atom 36  C   pos: (  1.073495  0.390740  1.099530)  core sigma:         200.51
     Atom 37  O   pos: (  0.363880  0.148918  0.268405)  core sigma:         271.07
     Atom 38  O   pos: (  1.258242  1.013922  1.002507)  core sigma:         271.07
     Atom 39  O   pos: (  0.678751  0.759176  1.158393)  core sigma:         271.07
     Atom 40  O   pos: (  0.943371  0.403663  0.112519)  core sigma:         271.07
 
     Bare contribution in ppm:
 
     Atom  1  S   pos: (  0.484173  0.551028  0.237517)  bare sigma:          14.06
            20.8439         -8.0615         14.6962
            -8.0701          5.0859        -10.3343
             3.7945         -1.9356         16.2397

     Atom  2  S   pos: (  1.137950  0.611812  1.033395)  bare sigma:          14.06
            20.8439         -8.0615         14.6962
            -8.0701          5.0859        -10.3343
             3.7945         -1.9356         16.2397

     Atom  3  S   pos: (  0.606954  0.514189  0.488978)  bare sigma:           7.24
            13.6189         -4.3859        -12.9831
           -16.3366         -1.8055         27.2090
             0.9542         21.6291          9.8964

     Atom  4  S   pos: (  1.015169  0.648651  0.781933)  bare sigma:           7.24
            13.6189         -4.3859        -12.9831
           -16.3366         -1.8055         27.2090
             0.9542         21.6291          9.8964

     Atom  5  S   pos: (  0.508588  0.744813  0.627737)  bare sigma:           8.45
            15.3443        -11.0527          4.7222
            -6.5015         28.0170          6.6005
           -13.4754         11.3460        -18.0097

     Atom  6  S   pos: (  1.113535  0.418026  0.643174)  bare sigma:           8.45
            15.3443        -11.0527          4.7222
            -6.5015         28.0170          6.6005
           -13.4754         11.3460        -18.0097

     Atom  7  S   pos: (  0.662516  0.946666  0.505954)  bare sigma:          15.68
            24.9639         11.8675        -16.5861
            -0.0917          9.5020         -1.2115
            -9.4599        -11.6420         12.5820

     Atom  8  S   pos: (  0.959607  0.216174  0.764958)  bare sigma:          15.68
            24.9639         11.8675        -16.5861
            -0.0917          9.5020         -1.2115
            -9.4599        -11.6420         12.5820

     Atom  9  C   pos: (  0.614760  0.920041  0.269943)  bare sigma:         -62.17
           -30.0333        -53.2808        -11.9945
           -16.1118        -71.9244         14.6491
            -0.4872         18.1102        -84.5609

     Atom 10  C   pos: (  1.007363  0.242799  1.000968)  bare sigma:         -62.17
           -30.0333        -53.2808        -11.9945
           -16.1118        -71.9244         14.6491
            -0.4872         18.1102        -84.5609

     Atom 11  C   pos: (  0.673950  1.089878  0.176293)  bare sigma:         -84.42
           -50.0020        -25.6750         -4.5770
           -23.9138        -95.3908         14.5720
            -4.5257         14.1556       -107.8734

     Atom 12  C   pos: (  0.948173  0.072962  1.094618)  bare sigma:         -84.42
           -50.0020        -25.6750         -4.5770
           -23.9138        -95.3908         14.5720
            -4.5257         14.1556       -107.8734

     Atom 13  C   pos: (  0.510459  0.137235  1.245479)  bare sigma:         -54.17
            -8.4949        -18.7056         -9.7466
           -27.3433        -63.2956          7.8826
           -14.3139          3.9353        -90.7059

     Atom 14  C   pos: (  1.111663  1.025604  0.025433)  bare sigma:         -54.17
            -8.4949        -18.7056         -9.7466
           -27.3433        -63.2956          7.8826
           -14.3139          3.9353        -90.7059

     Atom 15  C   pos: (  0.565406  0.297031  1.153919)  bare sigma:         -53.68
            -6.4603        -41.3131        -15.3844
           -40.0196        -77.8309          1.2679
           -18.6474         -4.1077        -76.7508

     Atom 16  C   pos: (  1.056717  0.865809  0.116993)  bare sigma:         -53.68
            -6.4603        -41.3131        -15.3844
           -40.0196        -77.8309          1.2679
           -18.6474         -4.1077        -76.7508

     Atom 17  H   pos: (  0.628040  0.408526  1.231374)  bare sigma:          14.87
            10.9577          1.5682          2.2399
             2.6405         15.1213          0.3003
             1.3301          0.4204         18.5455

     Atom 18  H   pos: (  0.994083  0.754314  0.039538)  bare sigma:          14.87
            10.9577          1.5682          2.2399
             2.6405         15.1213          0.3003
             1.3301          0.4204         18.5455

     Atom 19  C   pos: (  0.537835  0.313063  0.964575)  bare sigma:         -58.98
            -9.5186        -40.4726         -6.5084
           -37.3324        -86.2205         20.3492
            -8.2854         17.7062        -81.1953

     Atom 20  C   pos: (  1.084288  0.849777  0.306337)  bare sigma:         -58.98
            -9.5186        -40.4726         -6.5084
           -37.3324        -86.2205         20.3492
            -8.2854         17.7062        -81.1953

     Atom 21  H   pos: (  0.581020  0.438628  0.894864)  bare sigma:          15.14
            13.0695          1.2538          1.6723
             1.8228         14.1490         -1.2200
             2.0274         -1.0248         18.2050

     Atom 22  H   pos: (  1.041103  0.724212  0.376047)  bare sigma:          15.14
            13.0695          1.2538          1.6723
             1.8228         14.1490         -1.2200
             2.0274         -1.0248         18.2050

     Atom 23  C   pos: (  0.456775  0.169657  0.865718)  bare sigma:         -57.48
            -8.1234        -31.6299        -17.9825
           -30.3147        -59.1427          7.6966
           -12.5777         12.9365       -105.1652

     Atom 24  C   pos: (  1.165348  0.993182  0.405194)  bare sigma:         -57.48
            -8.1234        -31.6299        -17.9825
           -30.3147        -59.1427          7.6966
           -12.5777         12.9365       -105.1652

     Atom 25  H   pos: (  0.437664  0.183177  0.717479)  bare sigma:          14.76
            12.9678          3.6148         -0.8857
             2.4990         17.6112          0.0328
             0.8161         -0.1705         13.7048

     Atom 26  H   pos: (  1.184459  0.979662  0.553433)  bare sigma:          14.76
            12.9678          3.6148         -0.8857
             2.4990         17.6112          0.0328
             0.8161         -0.1705         13.7048

     Atom 27  C   pos: (  0.779761  1.076717  0.956760)  bare sigma:         -53.28
            -8.8626        -40.0739        -18.0410
           -41.3721        -70.1930        -10.0206
           -17.7991         -2.5613        -80.7936

     Atom 28  C   pos: (  0.842362  0.086123  0.314152)  bare sigma:         -53.28
            -8.8626        -40.0739        -18.0410
           -41.3721        -70.1930        -10.0206
           -17.7991         -2.5613        -80.7936

     Atom 29  H   pos: (  0.713943  0.962095  0.884932)  bare sigma:          14.80
            10.1638          1.7296          1.8431
             1.6098         16.4684          0.2132
             1.6454         -0.0257         17.7819

     Atom 30  H   pos: (  0.908179  0.200745  0.385980)  bare sigma:          14.80
            10.1638          1.7296          1.8431
             1.6098         16.4684          0.2132
             1.6454         -0.0257         17.7819

     Atom 31  C   pos: (  0.807356  1.059553  1.146834)  bare sigma:         -53.76
            -9.9619        -24.2348         -3.2387
           -32.9845        -75.9574         10.7320
            -8.0843         16.1552        -75.3718

     Atom 32  C   pos: (  0.814767  0.103287  0.124077)  bare sigma:         -53.76
            -9.9619        -24.2348         -3.2387
           -32.9845        -75.9574         10.7320
            -8.0843         16.1552        -75.3718

     Atom 33  C   pos: (  0.752697  0.888114  1.240778)  bare sigma:         -86.36
           -54.6410        -23.2153        -14.2971
           -17.8601        -90.3296         15.7342
           -10.6812         16.9332       -114.1054

     Atom 34  C   pos: (  0.869426  0.274725  0.030134)  bare sigma:         -86.36
           -54.6410        -23.2153        -14.2971
           -17.8601        -90.3296         15.7342
           -10.6812         16.9332       -114.1054

     Atom 35  C   pos: (  0.548628  0.772099  0.171382)  bare sigma:         -64.02
           -27.4378        -36.0960        -38.2568
           -10.5816        -67.6650         21.9597
           -11.6602          9.3711        -96.9505

     Atom 36  C   pos: (  1.073495  0.390740  1.099530)  bare sigma:         -64.02
           -27.4378        -36.0960        -38.2568
           -10.5816        -67.6650         21.9597
           -11.6602          9.3711        -96.9505

     Atom 37  O   pos: (  0.363880  0.148918  0.268405)  bare sigma:         -77.93
            53.7723        -99.2550        -46.0216
          -121.0520       -147.4167        -59.0668
           -61.8810        -56.3964       -140.1447

     Atom 38  O   pos: (  1.258242  1.013922  1.002507)  bare sigma:         -77.93
            53.7723        -99.2550        -46.0216
          -121.0520       -147.4167        -59.0668
           -61.8810        -56.3964       -140.1447

     Atom 39  O   pos: (  0.678751  0.759176  1.158393)  bare sigma:         -78.76
            49.7375       -107.7539        -61.8957
          -124.9092       -162.8619        -43.4850
           -72.2707        -43.9106       -123.1696

     Atom 40  O   pos: (  0.943371  0.403663  0.112519)  bare sigma:         -78.76
            49.7375       -107.7539        -61.8957
          -124.9092       -162.8619        -43.4850
           -72.2707        -43.9106       -123.1696

     Diamagnetic contribution in ppm:
 
     Atom  1  S   pos: (  0.484173  0.551028  0.237517)  dia sigma:         -11.87
           -11.9885          0.0557          0.1002
             0.0557        -11.8087         -0.1002
             0.1002         -0.1002        -11.8121

     Atom  2  S   pos: (  1.137950  0.611812  1.033395)  dia sigma:         -11.87
           -11.9885          0.0557          0.1002
             0.0557        -11.8087         -0.1002
             0.1002         -0.1002        -11.8121

     Atom  3  S   pos: (  0.606954  0.514189  0.488978)  dia sigma:         -11.92
           -12.0384         -0.1375          0.0770
            -0.1375        -11.9285          0.0757
             0.0770          0.0757        -11.7893

     Atom  4  S   pos: (  1.015169  0.648651  0.781933)  dia sigma:         -11.92
           -12.0384         -0.1375          0.0770
            -0.1375        -11.9285          0.0757
             0.0770          0.0757        -11.7893

     Atom  5  S   pos: (  0.508588  0.744813  0.627737)  dia sigma:         -11.95
           -12.0278          0.0320         -0.1597
             0.0320        -11.7905          0.0132
            -0.1597          0.0132        -12.0306

     Atom  6  S   pos: (  1.113535  0.418026  0.643174)  dia sigma:         -11.95
           -12.0278          0.0320         -0.1597
             0.0320        -11.7905          0.0132
            -0.1597          0.0132        -12.0306

     Atom  7  S   pos: (  0.662516  0.946666  0.505954)  dia sigma:         -11.76
           -11.8515          0.1319         -0.0151
             0.1319        -11.7957         -0.0522
            -0.0151         -0.0522        -11.6210

     Atom  8  S   pos: (  0.959607  0.216174  0.764958)  dia sigma:         -11.76
           -11.8515          0.1319         -0.0151
             0.1319        -11.7957         -0.0522
            -0.0151         -0.0522        -11.6210

     Atom  9  C   pos: (  0.614760  0.920041  0.269943)  dia sigma:           4.17
             4.2101         -0.0648         -0.0113
            -0.0648          4.0931         -0.0162
            -0.0113         -0.0162          4.2172

     Atom 10  C   pos: (  1.007363  0.242799  1.000968)  dia sigma:           4.17
             4.2101         -0.0648         -0.0113
            -0.0648          4.0931         -0.0162
            -0.0113         -0.0162          4.2172

     Atom 11  C   pos: (  0.673950  1.089878  0.176293)  dia sigma:           4.02
             4.1854         -0.1262         -0.0450
            -0.1262          3.9719          0.0150
            -0.0450          0.0150          3.8974

     Atom 12  C   pos: (  0.948173  0.072962  1.094618)  dia sigma:           4.02
             4.1854         -0.1262         -0.0450
            -0.1262          3.9719          0.0150
            -0.0450          0.0150          3.8974

     Atom 13  C   pos: (  0.510459  0.137235  1.245479)  dia sigma:           4.35
             4.4508         -0.0936         -0.0239
            -0.0936          4.2741          0.0128
            -0.0239          0.0128          4.3116

     Atom 14  C   pos: (  1.111663  1.025604  0.025433)  dia sigma:           4.35
             4.4508         -0.0936         -0.0239
            -0.0936          4.2741          0.0128
            -0.0239          0.0128          4.3116

     Atom 15  C   pos: (  0.565406  0.297031  1.153919)  dia sigma:           4.32
             4.4731         -0.1146         -0.0538
            -0.1146          4.2680          0.0058
            -0.0538          0.0058          4.2234

     Atom 16  C   pos: (  1.056717  0.865809  0.116993)  dia sigma:           4.32
             4.4731         -0.1146         -0.0538
            -0.1146          4.2680          0.0058
            -0.0538          0.0058          4.2234

     Atom 17  H   pos: (  0.628040  0.408526  1.231374)  dia sigma:           1.13
             1.1268         -0.0000         -0.0000
            -0.0000          1.1268          0.0000
            -0.0000          0.0000          1.1268

     Atom 18  H   pos: (  0.994083  0.754314  0.039538)  dia sigma:           1.13
             1.1268         -0.0000         -0.0000
            -0.0000          1.1268          0.0000
            -0.0000          0.0000          1.1268

     Atom 19  C   pos: (  0.537835  0.313063  0.964575)  dia sigma:           4.30
             4.4489         -0.1134         -0.0469
            -0.1134          4.2457          0.0170
            -0.0469          0.0170          4.2042

     Atom 20  C   pos: (  1.084288  0.849777  0.306337)  dia sigma:           4.30
             4.4489         -0.1134         -0.0469
            -0.1134          4.2457          0.0170
            -0.0469          0.0170          4.2042

     Atom 21  H   pos: (  0.581020  0.438628  0.894864)  dia sigma:           1.13
             1.1340         -0.0000         -0.0000
            -0.0000          1.1340          0.0000
            -0.0000          0.0000          1.1340

     Atom 22  H   pos: (  1.041103  0.724212  0.376047)  dia sigma:           1.13
             1.1340         -0.0000         -0.0000
            -0.0000          1.1340          0.0000
            -0.0000          0.0000          1.1340

     Atom 23  C   pos: (  0.456775  0.169657  0.865718)  dia sigma:           4.30
             4.4511         -0.1149         -0.0449
            -0.1149          4.2514          0.0176
            -0.0449          0.0176          4.2061

     Atom 24  C   pos: (  1.165348  0.993182  0.405194)  dia sigma:           4.30
             4.4511         -0.1149         -0.0449
            -0.1149          4.2514          0.0176
            -0.0449          0.0176          4.2061

     Atom 25  H   pos: (  0.437664  0.183177  0.717479)  dia sigma:           1.13
             1.1310         -0.0000         -0.0000
            -0.0000          1.1310          0.0000
            -0.0000          0.0000          1.1310

     Atom 26  H   pos: (  1.184459  0.979662  0.553433)  dia sigma:           1.13
             1.1310         -0.0000         -0.0000
            -0.0000          1.1310          0.0000
            -0.0000          0.0000          1.1310

     Atom 27  C   pos: (  0.779761  1.076717  0.956760)  dia sigma:           4.31
             4.4459         -0.1168         -0.0416
            -0.1168          4.2464          0.0216
            -0.0416          0.0216          4.2235

     Atom 28  C   pos: (  0.842362  0.086123  0.314152)  dia sigma:           4.31
             4.4459         -0.1168         -0.0416
            -0.1168          4.2464          0.0216
            -0.0416          0.0216          4.2235

     Atom 29  H   pos: (  0.713943  0.962095  0.884932)  dia sigma:           1.12
             1.1220         -0.0000         -0.0000
            -0.0000          1.1220          0.0000
            -0.0000          0.0000          1.1220

     Atom 30  H   pos: (  0.908179  0.200745  0.385980)  dia sigma:           1.12
             1.1220         -0.0000         -0.0000
            -0.0000          1.1220          0.0000
            -0.0000          0.0000          1.1220

     Atom 31  C   pos: (  0.807356  1.059553  1.146834)  dia sigma:           4.35
             4.4564         -0.0740         -0.0473
            -0.0740          4.3297         -0.0088
            -0.0473         -0.0088          4.2646

     Atom 32  C   pos: (  0.814767  0.103287  0.124077)  dia sigma:           4.35
             4.4564         -0.0740         -0.0473
            -0.0740          4.3297         -0.0088
            -0.0473         -0.0088          4.2646

     Atom 33  C   pos: (  0.752697  0.888114  1.240778)  dia sigma:           4.00
             4.1648         -0.1268         -0.0614
            -0.1268          3.9186          0.0308
            -0.0614          0.0308          3.9268

     Atom 34  C   pos: (  0.869426  0.274725  0.030134)  dia sigma:           4.00
             4.1648         -0.1268         -0.0614
            -0.1268          3.9186          0.0308
            -0.0614          0.0308          3.9268

     Atom 35  C   pos: (  0.548628  0.772099  0.171382)  dia sigma:           4.16
             4.2149         -0.0443         -0.0492
            -0.0443          4.1561         -0.0481
            -0.0492         -0.0481          4.1111

     Atom 36  C   pos: (  1.073495  0.390740  1.099530)  dia sigma:           4.16
             4.2149         -0.0443         -0.0492
            -0.0443          4.1561         -0.0481
            -0.0492         -0.0481          4.1111

     Atom 37  O   pos: (  0.363880  0.148918  0.268405)  dia sigma:          17.35
            17.8985         -0.2043          0.0942
            -0.2043         17.3423          0.5788
             0.0942          0.5788         16.8229

     Atom 38  O   pos: (  1.258242  1.013922  1.002507)  dia sigma:          17.35
            17.8985         -0.2043          0.0942
            -0.2043         17.3423          0.5788
             0.0942          0.5788         16.8229

     Atom 39  O   pos: (  0.678751  0.759176  1.158393)  dia sigma:          17.35
            17.9172         -0.1327         -0.0413
            -0.1327         17.3643          0.5754
            -0.0413          0.5754         16.7686

     Atom 40  O   pos: (  0.943371  0.403663  0.112519)  dia sigma:          17.35
            17.9172         -0.1327         -0.0413
            -0.1327         17.3643          0.5754
            -0.0413          0.5754         16.7686

     Paramagnetic contribution in ppm:
 
     Atom  1  S   pos: (  0.484173  0.551028  0.237517)  para sigma:        -702.95
          -538.0218       -163.4594         82.2058
          -159.4265       -819.5895        -93.9996
           -28.4534         17.3180       -751.2526

     Atom  2  S   pos: (  1.137950  0.611812  1.033395)  para sigma:        -702.95
          -538.0218       -163.4594         82.2058
          -159.4265       -819.5895        -93.9996
           -28.4534         17.3180       -751.2526

     Atom  3  S   pos: (  0.606954  0.514189  0.488978)  para sigma:        -812.58
          -661.5218         -4.1822       -218.9369
          -129.5116       -913.5777        272.1380
           -59.2501        203.2946       -862.6361

     Atom  4  S   pos: (  1.015169  0.648651  0.781933)  para sigma:        -812.58
          -661.5218         -4.1822       -218.9369
          -129.5116       -913.5777        272.1380
           -59.2501        203.2946       -862.6361

     Atom  5  S   pos: (  0.508588  0.744813  0.627737)  para sigma:        -796.54
          -667.5827       -188.7851        113.4994
          -125.4158       -671.7057         80.8851
           -67.9718        122.5934      -1050.3345

     Atom  6  S   pos: (  1.113535  0.418026  0.643174)  para sigma:        -796.54
          -667.5827       -188.7851        113.4994
          -125.4158       -671.7057         80.8851
           -67.9718        122.5934      -1050.3345

     Atom  7  S   pos: (  0.662516  0.946666  0.505954)  para sigma:        -688.39
          -520.1522          2.5477       -211.1040
          -105.9521       -773.3598         31.1467
          -121.7519       -105.8589       -771.6571

     Atom  8  S   pos: (  0.959607  0.216174  0.764958)  para sigma:        -688.39
          -520.1522          2.5477       -211.1040
          -105.9521       -773.3598         31.1467
          -121.7519       -105.8589       -771.6571

     Atom  9  C   pos: (  0.614760  0.920041  0.269943)  para sigma:        -113.86
           -74.9851        -57.6586        -12.8124
           -20.0287       -126.0537         17.9623
            -1.0027         23.0929       -140.5454

     Atom 10  C   pos: (  1.007363  0.242799  1.000968)  para sigma:        -113.86
           -74.9851        -57.6586        -12.8124
           -20.0287       -126.0537         17.9623
            -1.0027         23.0929       -140.5454

     Atom 11  C   pos: (  0.673950  1.089878  0.176293)  para sigma:        -122.40
           -84.1770        -28.4784         -6.8228
           -25.5269       -134.1555         17.8650
            -4.2233         17.9253       -148.8711

     Atom 12  C   pos: (  0.948173  0.072962  1.094618)  para sigma:        -122.40
           -84.1770        -28.4784         -6.8228
           -25.5269       -134.1555         17.8650
            -4.2233         17.9253       -148.8711

     Atom 13  C   pos: (  0.510459  0.137235  1.245479)  para sigma:        -106.66
           -60.5886        -18.5963        -12.4094
           -25.9115       -112.2032          7.5469
           -15.3501          3.1287       -147.1967

     Atom 14  C   pos: (  1.111663  1.025604  0.025433)  para sigma:        -106.66
           -60.5886        -18.5963        -12.4094
           -25.9115       -112.2032          7.5469
           -15.3501          3.1287       -147.1967

     Atom 15  C   pos: (  0.565406  0.297031  1.153919)  para sigma:        -108.73
           -63.6951        -41.3385        -17.3194
           -39.7214       -131.2145         -1.7112
           -19.1712         -5.8976       -131.2821

     Atom 16  C   pos: (  1.056717  0.865809  0.116993)  para sigma:        -108.73
           -63.6951        -41.3385        -17.3194
           -39.7214       -131.2145         -1.7112
           -19.1712         -5.8976       -131.2821

     Atom 17  H   pos: (  0.628040  0.408526  1.231374)  para sigma:           0.00
             0.0000          0.0000          0.0000
             0.0000          0.0000          0.0000
             0.0000          0.0000          0.0000

     Atom 18  H   pos: (  0.994083  0.754314  0.039538)  para sigma:           0.00
             0.0000          0.0000          0.0000
             0.0000          0.0000          0.0000
             0.0000          0.0000          0.0000

     Atom 19  C   pos: (  0.537835  0.313063  0.964575)  para sigma:        -113.43
           -65.5975        -40.9234         -5.8435
           -37.3928       -140.7518         22.0113
            -7.6683         19.8424       -133.9260

     Atom 20  C   pos: (  1.084288  0.849777  0.306337)  para sigma:        -113.43
           -65.5975        -40.9234         -5.8435
           -37.3928       -140.7518         22.0113
            -7.6683         19.8424       -133.9260

     Atom 21  H   pos: (  0.581020  0.438628  0.894864)  para sigma:           0.00
             0.0000          0.0000          0.0000
             0.0000          0.0000          0.0000
             0.0000          0.0000          0.0000

     Atom 22  H   pos: (  1.041103  0.724212  0.376047)  para sigma:           0.00
             0.0000          0.0000          0.0000
             0.0000          0.0000          0.0000
             0.0000          0.0000          0.0000

     Atom 23  C   pos: (  0.456775  0.169657  0.865718)  para sigma:        -111.87
           -63.6384        -31.0463        -18.2800
           -29.0955       -111.7092          7.9876
           -13.2535         12.8384       -160.2617

     Atom 24  C   pos: (  1.165348  0.993182  0.405194)  para sigma:        -111.87
           -63.6384        -31.0463        -18.2800
           -29.0955       -111.7092          7.9876
           -13.2535         12.8384       -160.2617

     Atom 25  H   pos: (  0.437664  0.183177  0.717479)  para sigma:           0.00
             0.0000          0.0000          0.0000
             0.0000          0.0000          0.0000
             0.0000          0.0000          0.0000

     Atom 26  H   pos: (  1.184459  0.979662  0.553433)  para sigma:           0.00
             0.0000          0.0000          0.0000
             0.0000          0.0000          0.0000
             0.0000          0.0000          0.0000

     Atom 27  C   pos: (  0.779761  1.076717  0.956760)  para sigma:        -107.91
           -64.7444        -40.4099        -18.7039
           -40.8160       -126.6475        -11.5355
           -18.3852         -5.1330       -132.3358

     Atom 28  C   pos: (  0.842362  0.086123  0.314152)  para sigma:        -107.91
           -64.7444        -40.4099        -18.7039
           -40.8160       -126.6475        -11.5355
           -18.3852         -5.1330       -132.3358

     Atom 29  H   pos: (  0.713943  0.962095  0.884932)  para sigma:           0.00
             0.0000          0.0000          0.0000
             0.0000          0.0000          0.0000
             0.0000          0.0000          0.0000

     Atom 30  H   pos: (  0.908179  0.200745  0.385980)  para sigma:           0.00
             0.0000          0.0000          0.0000
             0.0000          0.0000          0.0000
             0.0000          0.0000          0.0000

     Atom 31  C   pos: (  0.807356  1.059553  1.146834)  para sigma:        -105.96
           -61.3758        -26.3829         -2.0057
           -33.5455       -130.8757         12.6995
            -6.7979         17.8771       -125.6242

     Atom 32  C   pos: (  0.814767  0.103287  0.124077)  para sigma:        -105.96
           -61.3758        -26.3829         -2.0057
           -33.5455       -130.8757         12.6995
            -6.7979         17.8771       -125.6242

     Atom 33  C   pos: (  0.752697  0.888114  1.240778)  para sigma:        -123.10
           -85.3415        -25.4076        -13.2473
           -19.7433       -127.4116         17.8731
           -11.1146         19.0766       -156.5538

     Atom 34  C   pos: (  0.869426  0.274725  0.030134)  para sigma:        -123.10
           -85.3415        -25.4076        -13.2473
           -19.7433       -127.4116         17.8731
           -11.1146         19.0766       -156.5538

     Atom 35  C   pos: (  0.548628  0.772099  0.171382)  para sigma:        -115.73
           -70.6858        -38.2428        -40.0113
           -14.2221       -120.6430         25.4003
           -13.8318         11.4127       -155.8705

     Atom 36  C   pos: (  1.073495  0.390740  1.099530)  para sigma:        -115.73
           -70.6858        -38.2428        -40.0113
           -14.2221       -120.6430         25.4003
           -13.8318         11.4127       -155.8705

     Atom 37  O   pos: (  0.363880  0.148918  0.268405)  para sigma:        -302.32
             3.3558       -218.5154        -94.7637
          -269.3261       -459.0730       -116.8038
          -133.3093       -111.4375       -451.2329

     Atom 38  O   pos: (  1.258242  1.013922  1.002507)  para sigma:        -302.32
             3.3558       -218.5154        -94.7637
          -269.3261       -459.0730       -116.8038
          -133.3093       -111.4375       -451.2329

     Atom 39  O   pos: (  0.678751  0.759176  1.158393)  para sigma:        -302.35
             0.3034       -230.9955       -132.4014
          -278.2326       -490.0335        -85.1349
          -157.7642        -83.6746       -417.3151

     Atom 40  O   pos: (  0.943371  0.403663  0.112519)  para sigma:        -302.35
             0.3034       -230.9955       -132.4014
          -278.2326       -490.0335        -85.1349
          -157.7642        -83.6746       -417.3151

     Paramagnetic US occ-occ contribution in ppm:
 
     Atom  1  S   pos: (  0.484173  0.551028  0.237517)  para_oo sigma:          -6.74
            -7.2484         -2.9208          2.2974
            -1.1617         -9.8870          0.5923
             1.7188         -0.4649         -3.0955

     Atom  2  S   pos: (  1.137950  0.611812  1.033395)  para_oo sigma:          -6.74
            -7.2484         -2.9208          2.2974
            -1.1617         -9.8870          0.5923
             1.7188         -0.4649         -3.0955

     Atom  3  S   pos: (  0.606954  0.514189  0.488978)  para_oo sigma:         -11.50
           -13.2903          0.0723         -0.1687
            -0.8575        -11.6673          0.5264
             0.6171         -0.4830         -9.5502

     Atom  4  S   pos: (  1.015169  0.648651  0.781933)  para_oo sigma:         -11.50
           -13.2903          0.0723         -0.1687
            -0.8575        -11.6673          0.5264
             0.6171         -0.4830         -9.5502

     Atom  5  S   pos: (  0.508588  0.744813  0.627737)  para_oo sigma:         -11.64
           -13.4063          0.2646         -0.0930
             0.6115        -10.0365         -1.3470
            -1.3131         -0.2672        -11.4906

     Atom  6  S   pos: (  1.113535  0.418026  0.643174)  para_oo sigma:         -11.64
           -13.4063          0.2646         -0.0930
             0.6115        -10.0365         -1.3470
            -1.3131         -0.2672        -11.4906

     Atom  7  S   pos: (  0.662516  0.946666  0.505954)  para_oo sigma:          -6.69
            -6.4242          1.4285         -3.6261
             1.6296         -4.2524         -2.5032
            -1.8849         -1.7322         -9.3984

     Atom  8  S   pos: (  0.959607  0.216174  0.764958)  para_oo sigma:          -6.69
            -6.4242          1.4285         -3.6261
             1.6296         -4.2524         -2.5032
            -1.8849         -1.7322         -9.3984

     Atom  9  C   pos: (  0.614760  0.920041  0.269943)  para_oo sigma:          -1.13
            -1.0417         -0.0557         -0.0618
            -0.1646         -1.4965          0.1572
             0.1577          0.2729         -0.8530

     Atom 10  C   pos: (  1.007363  0.242799  1.000968)  para_oo sigma:          -1.13
            -1.0417         -0.0557         -0.0618
            -0.1646         -1.4965          0.1572
             0.1577          0.2729         -0.8530

     Atom 11  C   pos: (  0.673950  1.089878  0.176293)  para_oo sigma:          -1.14
            -0.6397          0.0185          0.3073
             0.0339         -1.0171          0.9525
             0.2716          0.9561         -1.7493

     Atom 12  C   pos: (  0.948173  0.072962  1.094618)  para_oo sigma:          -1.14
            -0.6397          0.0185          0.3073
             0.0339         -1.0171          0.9525
             0.2716          0.9561         -1.7493

     Atom 13  C   pos: (  0.510459  0.137235  1.245479)  para_oo sigma:          -0.41
            -0.0979         -0.2530         -0.0699
            -0.2443         -0.5232          0.0746
            -0.0982          0.0479         -0.5952

     Atom 14  C   pos: (  1.111663  1.025604  0.025433)  para_oo sigma:          -0.41
            -0.0979         -0.2530         -0.0699
            -0.2443         -0.5232          0.0746
            -0.0982          0.0479         -0.5952

     Atom 15  C   pos: (  0.565406  0.297031  1.153919)  para_oo sigma:          -0.41
            -0.2209         -0.2715         -0.1007
            -0.2651         -0.6336         -0.1108
            -0.1247         -0.1478         -0.3757

     Atom 16  C   pos: (  1.056717  0.865809  0.116993)  para_oo sigma:          -0.41
            -0.2209         -0.2715         -0.1007
            -0.2651         -0.6336         -0.1108
            -0.1247         -0.1478         -0.3757

     Atom 17  H   pos: (  0.628040  0.408526  1.231374)  para_oo sigma:           0.00
             0.0000          0.0000          0.0000
             0.0000          0.0000          0.0000
             0.0000          0.0000          0.0000

     Atom 18  H   pos: (  0.994083  0.754314  0.039538)  para_oo sigma:           0.00
             0.0000          0.0000          0.0000
             0.0000          0.0000          0.0000
             0.0000          0.0000          0.0000

     Atom 19  C   pos: (  0.537835  0.313063  0.964575)  para_oo sigma:          -0.36
            -0.1237         -0.2097          0.0227
            -0.2054         -0.5687          0.1863
             0.0254          0.1954         -0.3919

     Atom 20  C   pos: (  1.084288  0.849777  0.306337)  para_oo sigma:          -0.36
            -0.1237         -0.2097          0.0227
            -0.2054         -0.5687          0.1863
             0.0254          0.1954         -0.3919

     Atom 21  H   pos: (  0.581020  0.438628  0.894864)  para_oo sigma:           0.00
             0.0000          0.0000          0.0000
             0.0000          0.0000          0.0000
             0.0000          0.0000          0.0000

     Atom 22  H   pos: (  1.041103  0.724212  0.376047)  para_oo sigma:           0.00
             0.0000          0.0000          0.0000
             0.0000          0.0000          0.0000
             0.0000          0.0000          0.0000

     Atom 23  C   pos: (  0.456775  0.169657  0.865718)  para_oo sigma:          -0.38
            -0.1032         -0.0880         -0.1022
            -0.0908         -0.2766          0.0575
            -0.0911          0.0419         -0.7454

     Atom 24  C   pos: (  1.165348  0.993182  0.405194)  para_oo sigma:          -0.38
            -0.1032         -0.0880         -0.1022
            -0.0908         -0.2766          0.0575
            -0.0911          0.0419         -0.7454

     Atom 25  H   pos: (  0.437664  0.183177  0.717479)  para_oo sigma:           0.00
             0.0000          0.0000          0.0000
             0.0000          0.0000          0.0000
             0.0000          0.0000          0.0000

     Atom 26  H   pos: (  1.184459  0.979662  0.553433)  para_oo sigma:           0.00
             0.0000          0.0000          0.0000
             0.0000          0.0000          0.0000
             0.0000          0.0000          0.0000

     Atom 27  C   pos: (  0.779761  1.076717  0.956760)  para_oo sigma:          -0.43
            -0.2174         -0.2124         -0.1764
            -0.2172         -0.4892         -0.2154
            -0.1582         -0.1706         -0.5706

     Atom 28  C   pos: (  0.842362  0.086123  0.314152)  para_oo sigma:          -0.43
            -0.2174         -0.2124         -0.1764
            -0.2172         -0.4892         -0.2154
            -0.1582         -0.1706         -0.5706

     Atom 29  H   pos: (  0.713943  0.962095  0.884932)  para_oo sigma:           0.00
             0.0000          0.0000          0.0000
             0.0000          0.0000          0.0000
             0.0000          0.0000          0.0000

     Atom 30  H   pos: (  0.908179  0.200745  0.385980)  para_oo sigma:           0.00
             0.0000          0.0000          0.0000
             0.0000          0.0000          0.0000
             0.0000          0.0000          0.0000

     Atom 31  C   pos: (  0.807356  1.059553  1.146834)  para_oo sigma:          -0.42
            -0.1054         -0.2290         -0.1305
            -0.2425         -0.5014          0.0393
            -0.1083          0.0679         -0.6527

     Atom 32  C   pos: (  0.814767  0.103287  0.124077)  para_oo sigma:          -0.42
            -0.1054         -0.2290         -0.1305
            -0.2425         -0.5014          0.0393
            -0.1083          0.0679         -0.6527

     Atom 33  C   pos: (  0.752697  0.888114  1.240778)  para_oo sigma:          -1.15
            -0.6153          0.1735          0.1327
             0.1496         -0.9318          0.9445
             0.1574          0.9469         -1.9123

     Atom 34  C   pos: (  0.869426  0.274725  0.030134)  para_oo sigma:          -1.15
            -0.6153          0.1735          0.1327
             0.1496         -0.9318          0.9445
             0.1574          0.9469         -1.9123

     Atom 35  C   pos: (  0.548628  0.772099  0.171382)  para_oo sigma:          -1.14
            -1.0630         -0.0249         -0.0036
             0.1023         -0.7598         -0.0459
            -0.1752         -0.1760         -1.6104

     Atom 36  C   pos: (  1.073495  0.390740  1.099530)  para_oo sigma:          -1.14
            -1.0630         -0.0249         -0.0036
             0.1023         -0.7598         -0.0459
            -0.1752         -0.1760         -1.6104

     Atom 37  O   pos: (  0.363880  0.148918  0.268405)  para_oo sigma:          -1.55
            -1.0483         -0.2000          0.2174
            -0.1118         -1.4380          0.9013
             0.1827          0.8676         -2.1734

     Atom 38  O   pos: (  1.258242  1.013922  1.002507)  para_oo sigma:          -1.55
            -1.0483         -0.2000          0.2174
            -0.1118         -1.4380          0.9013
             0.1827          0.8676         -2.1734

     Atom 39  O   pos: (  0.678751  0.759176  1.158393)  para_oo sigma:          -1.61
            -1.0201         -0.0247         -0.0117
            -0.0404         -1.4539          0.8464
             0.0479          0.9206         -2.3565

     Atom 40  O   pos: (  0.943371  0.403663  0.112519)  para_oo sigma:          -1.61
            -1.0201         -0.0247         -0.0117
            -0.0404         -1.4539          0.8464
             0.0479          0.9206         -2.3565

     Paramagnetic US L_R Q_R contribution in ppm:
 
     Atom  1  S   pos: (  0.484173  0.551028  0.237517)  para_lq sigma:          28.97
            30.2362         10.2007          1.0738
             9.2430         38.2011          6.9345
            -3.2538         -2.7696         18.4696

     Atom  2  S   pos: (  1.137950  0.611812  1.033395)  para_lq sigma:          28.97
            30.2362         10.2007          1.0738
             9.2430         38.2011          6.9345
            -3.2538         -2.7696         18.4696

     Atom  3  S   pos: (  0.606954  0.514189  0.488978)  para_lq sigma:          37.25
            37.5760         -4.9196          1.9781
             1.6677         37.7841        -10.5960
            -2.3725         -6.0171         36.3915

     Atom  4  S   pos: (  1.015169  0.648651  0.781933)  para_lq sigma:          37.25
            37.5760         -4.9196          1.9781
             1.6677         37.7841        -10.5960
            -2.3725         -6.0171         36.3915

     Atom  5  S   pos: (  0.508588  0.744813  0.627737)  para_lq sigma:          37.23
            37.7772          1.0845         -5.8717
            -2.1076         31.1703         -3.2662
             1.2109         -7.0884         42.7522

     Atom  6  S   pos: (  1.113535  0.418026  0.643174)  para_lq sigma:          37.23
            37.7772          1.0845         -5.8717
            -2.1076         31.1703         -3.2662
             1.2109         -7.0884         42.7522

     Atom  7  S   pos: (  0.662516  0.946666  0.505954)  para_lq sigma:          28.58
            28.9210          3.2980          8.9824
             0.1813         22.9093          3.9445
            10.1707         12.2398         33.9224

     Atom  8  S   pos: (  0.959607  0.216174  0.764958)  para_lq sigma:          28.58
            28.9210          3.2980          8.9824
             0.1813         22.9093          3.9445
            10.1707         12.2398         33.9224

     Atom  9  C   pos: (  0.614760  0.920041  0.269943)  para_lq sigma:         -12.13
           -11.4930          0.7760         -0.0167
             0.4994        -10.6534          0.9597
            -0.5141         -0.5645        -14.2356

     Atom 10  C   pos: (  1.007363  0.242799  1.000968)  para_lq sigma:         -12.13
           -11.4930          0.7760         -0.0167
             0.4994        -10.6534          0.9597
            -0.5141         -0.5645        -14.2356

     Atom 11  C   pos: (  0.673950  1.089878  0.176293)  para_lq sigma:         -16.87
           -13.1658         -1.2746          0.5847
            -1.1669        -16.8795          4.1470
             0.5491          4.0439        -20.5636

     Atom 12  C   pos: (  0.948173  0.072962  1.094618)  para_lq sigma:         -16.87
           -13.1658         -1.2746          0.5847
            -1.1669        -16.8795          4.1470
             0.5491          4.0439        -20.5636

     Atom 13  C   pos: (  0.510459  0.137235  1.245479)  para_lq sigma:         -12.77
           -11.3110         -0.9439         -0.2592
            -0.8768        -12.9949          0.6578
            -0.3741          0.4935        -13.9897

     Atom 14  C   pos: (  1.111663  1.025604  0.025433)  para_lq sigma:         -12.77
           -11.3110         -0.9439         -0.2592
            -0.8768        -12.9949          0.6578
            -0.3741          0.4935        -13.9897

     Atom 15  C   pos: (  0.565406  0.297031  1.153919)  para_lq sigma:         -12.89
           -11.6126         -1.4307         -0.2367
            -1.3441        -14.0562          0.3618
            -0.5490         -0.3402        -13.0143

     Atom 16  C   pos: (  1.056717  0.865809  0.116993)  para_lq sigma:         -12.89
           -11.6126         -1.4307         -0.2367
            -1.3441        -14.0562          0.3618
            -0.5490         -0.3402        -13.0143

     Atom 17  H   pos: (  0.628040  0.408526  1.231374)  para_lq sigma:           0.00
             0.0000          0.0000          0.0000
             0.0000          0.0000          0.0000
             0.0000          0.0000          0.0000

     Atom 18  H   pos: (  0.994083  0.754314  0.039538)  para_lq sigma:           0.00
             0.0000          0.0000          0.0000
             0.0000          0.0000          0.0000
             0.0000          0.0000          0.0000

     Atom 19  C   pos: (  0.537835  0.313063  0.964575)  para_lq sigma:         -13.26
           -11.4336         -1.5104         -0.0807
            -1.4632        -14.4656          1.0237
            -0.1644          0.9115        -13.8752

     Atom 20  C   pos: (  1.084288  0.849777  0.306337)  para_lq sigma:         -13.26
           -11.4336         -1.5104         -0.0807
            -1.4632        -14.4656          1.0237
            -0.1644          0.9115        -13.8752

     Atom 21  H   pos: (  0.581020  0.438628  0.894864)  para_lq sigma:           0.00
             0.0000          0.0000          0.0000
             0.0000          0.0000          0.0000
             0.0000          0.0000          0.0000

     Atom 22  H   pos: (  1.041103  0.724212  0.376047)  para_lq sigma:           0.00
             0.0000          0.0000          0.0000
             0.0000          0.0000          0.0000
             0.0000          0.0000          0.0000

     Atom 23  C   pos: (  0.456775  0.169657  0.865718)  para_lq sigma:         -13.22
           -11.2998         -0.9998         -0.6464
            -1.0120        -13.0674          0.2976
            -0.5518          0.3981        -15.2807

     Atom 24  C   pos: (  1.165348  0.993182  0.405194)  para_lq sigma:         -13.22
           -11.2998         -0.9998         -0.6464
            -1.0120        -13.0674          0.2976
            -0.5518          0.3981        -15.2807

     Atom 25  H   pos: (  0.437664  0.183177  0.717479)  para_lq sigma:           0.00
             0.0000          0.0000          0.0000
             0.0000          0.0000          0.0000
             0.0000          0.0000          0.0000

     Atom 26  H   pos: (  1.184459  0.979662  0.553433)  para_lq sigma:           0.00
             0.0000          0.0000          0.0000
             0.0000          0.0000          0.0000
             0.0000          0.0000          0.0000

     Atom 27  C   pos: (  0.779761  1.076717  0.956760)  para_lq sigma:         -12.90
           -11.5757         -0.9454         -0.9521
            -1.1098        -12.9886         -0.9246
            -0.6270         -0.1375        -14.1253

     Atom 28  C   pos: (  0.842362  0.086123  0.314152)  para_lq sigma:         -12.90
           -11.5757         -0.9454         -0.9521
            -1.1098        -12.9886         -0.9246
            -0.6270         -0.1375        -14.1253

     Atom 29  H   pos: (  0.713943  0.962095  0.884932)  para_lq sigma:           0.00
             0.0000          0.0000          0.0000
             0.0000          0.0000          0.0000
             0.0000          0.0000          0.0000

     Atom 30  H   pos: (  0.908179  0.200745  0.385980)  para_lq sigma:           0.00
             0.0000          0.0000          0.0000
             0.0000          0.0000          0.0000
             0.0000          0.0000          0.0000

     Atom 31  C   pos: (  0.807356  1.059553  1.146834)  para_lq sigma:         -12.83
           -11.3504         -0.9738         -0.3715
            -1.0391        -13.2391          0.5125
            -0.2721          0.7471        -13.8984

     Atom 32  C   pos: (  0.814767  0.103287  0.124077)  para_lq sigma:         -12.83
           -11.3504         -0.9738         -0.3715
            -1.0391        -13.2391          0.5125
            -0.2721          0.7471        -13.8984

     Atom 33  C   pos: (  0.752697  0.888114  1.240778)  para_lq sigma:         -16.87
           -13.1192         -0.6068         -0.1109
            -0.6484        -16.5352          4.1127
             0.0153          4.2459        -20.9581

     Atom 34  C   pos: (  0.869426  0.274725  0.030134)  para_lq sigma:         -16.87
           -13.1192         -0.6068         -0.1109
            -0.6484        -16.5352          4.1127
             0.0153          4.2459        -20.9581

     Atom 35  C   pos: (  0.548628  0.772099  0.171382)  para_lq sigma:         -11.90
           -11.4589          0.1957          0.8015
            -0.3933        -13.3017          0.7962
             0.8171          2.2402        -10.9397

     Atom 36  C   pos: (  1.073495  0.390740  1.099530)  para_lq sigma:         -11.90
           -11.4589          0.1957          0.8015
            -0.3933        -13.3017          0.7962
             0.8171          2.2402        -10.9397

     Atom 37  O   pos: (  0.363880  0.148918  0.268405)  para_lq sigma:        -171.13
          -152.9527        -26.9277        -17.7143
           -27.0064       -187.7815        -27.2902
           -16.4321        -24.8256       -172.6572

     Atom 38  O   pos: (  1.258242  1.013922  1.002507)  para_lq sigma:        -171.13
          -152.9527        -26.9277        -17.7143
           -27.0064       -187.7815        -27.2902
           -16.4321        -24.8256       -172.6572

     Atom 39  O   pos: (  0.678751  0.759176  1.158393)  para_lq sigma:        -170.86
          -154.1053        -28.7499        -17.6789
           -27.6620       -189.4509        -22.4236
           -18.5239        -25.1402       -169.0133

     Atom 40  O   pos: (  0.943371  0.403663  0.112519)  para_lq sigma:        -170.86
          -154.1053        -28.7499        -17.6789
           -27.6620       -189.4509        -22.4236
           -18.5239        -25.1402       -169.0133

 
     Total NMR chemical shifts in ppm: ---------------------------------------
     (adopting the Simpson convention for anisotropy and asymmetry)-----------
 
     Atom  1  S   pos: (  0.484173  0.551028  0.237517)  Total sigma:         308.43
           483.1606       -164.1854        100.3734
          -159.3596        188.0134        -96.9073
           -26.0937         12.0478        254.1244

     S    1    anisotropy:    381.92    eta:   -0.5395
     S    1    sigma_11=    249.81    axis=( -0.219154 -0.093141  0.971234)
     S    1    sigma_22=    112.44    axis=(  0.379344  0.908983  0.172768)
     S    1    sigma_33=    563.05    axis=(  0.898927 -0.406295  0.163875)
 
     Atom  2  S   pos: (  1.137950  0.611812  1.033395)  Total sigma:         308.43
           483.1606       -164.1854        100.3734
          -159.3596        188.0134        -96.9073
           -26.0937         12.0478        254.1244

     S    2    anisotropy:    381.92    eta:   -0.5395
     S    2    sigma_11=    249.81    axis=( -0.219154 -0.093141  0.971234)
     S    2    sigma_22=    112.44    axis=(  0.379344  0.908983  0.172768)
     S    2    sigma_33=    563.05    axis=(  0.898927 -0.406295  0.163875)
 
     Atom  3  S   pos: (  0.606954  0.514189  0.488978)  Total sigma:         195.46
           353.6836        -13.5528       -230.0337
          -145.1755         84.8166        289.3532
           -59.9743        218.4994        147.8875

     S    3    anisotropy:   -506.97    eta:   -0.9523
     S    3    sigma_11=    203.52    axis=(  0.720849  0.513601  0.465393)
     S    3    sigma_22=    525.39    axis=( -0.688265  0.451336  0.567967)
     S    3    sigma_33=   -142.52    axis=(  0.081660 -0.729732  0.678839)
 
     Atom  4  S   pos: (  1.015169  0.648651  0.781933)  Total sigma:         195.46
           353.6836        -13.5528       -230.0337
          -145.1755         84.8166        289.3532
           -59.9743        218.4994        147.8875

     S    4    anisotropy:   -506.97    eta:   -0.9523
     S    4    sigma_11=    203.52    axis=(  0.720849  0.513601  0.465393)
     S    4    sigma_22=    525.39    axis=( -0.688265  0.451336  0.567967)
     S    4    sigma_33=   -142.52    axis=(  0.081660 -0.729732  0.678839)
 
     Atom  5  S   pos: (  0.508588  0.744813  0.627737)  Total sigma:         212.52
           349.4439       -198.4566        112.0973
          -133.3813        351.6663         82.8855
           -81.7090        126.5970        -63.5380

     S    5    anisotropy:    466.65    eta:   -0.9814
     S    5    sigma_11=    209.62    axis=(  0.720544  0.633103  0.282836)
     S    5    sigma_22=    -95.68    axis=( -0.134219 -0.272837  0.952652)
     S    5    sigma_33=    523.62    axis=( -0.680295  0.724390  0.111617)
 
     Atom  6  S   pos: (  1.113535  0.418026  0.643174)  Total sigma:         212.52
           349.4439       -198.4566        112.0973
          -133.3813        351.6663         82.8855
           -81.7090        126.5970        -63.5380

     S    6    anisotropy:    466.65    eta:   -0.9814
     S    6    sigma_11=    209.62    axis=(  0.720544  0.633103  0.282836)
     S    6    sigma_22=    -95.68    axis=( -0.134219 -0.272837  0.952652)
     S    6    sigma_33=    523.62    axis=( -0.680295  0.724390  0.111617)
 
     Atom  7  S   pos: (  0.662516  0.946666  0.505954)  Total sigma:         324.40
           504.7963         19.2736       -222.3489
          -104.1010        229.0150         31.3244
          -122.9411       -107.0454        239.4030

     S    7    anisotropy:    400.08    eta:   -0.4811
     S    7    sigma_11=    255.20    axis=( -0.153804  0.884858 -0.439739)
     S    7    sigma_22=    126.89    axis=(  0.410904  0.462006  0.785945)
     S    7    sigma_33=    591.13    axis=( -0.898611  0.059809  0.434650)
 
     Atom  8  S   pos: (  0.959607  0.216174  0.764958)  Total sigma:         324.40
           504.7963         19.2736       -222.3489
          -104.1010        229.0150         31.3244
          -122.9411       -107.0454        239.4030

     S    8    anisotropy:    400.08    eta:   -0.4811
     S    8    sigma_11=    255.20    axis=( -0.153804  0.884858 -0.439739)
     S    8    sigma_22=    126.89    axis=(  0.410904  0.462006  0.785945)
     S    8    sigma_33=    591.13    axis=( -0.898611  0.059809  0.434650)
 
     Atom  9  C   pos: (  0.614760  0.920041  0.269943)  Total sigma:          22.57
            96.7131       -110.2839        -24.8966
           -35.8706          0.6935         33.7119
            -1.8575         40.8952        -29.6857

     C    9    anisotropy:    178.15    eta:   -0.4406
     C    9    sigma_11=    -10.65    axis=(  0.449572  0.528683  0.719986)
     C    9    sigma_22=    -62.97    axis=( -0.260921 -0.693156  0.671904)
     C    9    sigma_33=    141.34    axis=( -0.854287  0.489929  0.173679)
 
     Atom 10  C   pos: (  1.007363  0.242799  1.000968)  Total sigma:          22.57
            96.7131       -110.2839        -24.8966
           -35.8706          0.6935         33.7119
            -1.8575         40.8952        -29.6857

     C   10    anisotropy:    178.15    eta:   -0.4406
     C   10    sigma_11=    -10.65    axis=(  0.449572  0.528683  0.719986)
     C   10    sigma_22=    -62.97    axis=( -0.260921 -0.693156  0.671904)
     C   10    sigma_33=    141.34    axis=( -0.854287  0.489929  0.173679)
 
     Atom 11  C   pos: (  0.673950  1.089878  0.176293)  Total sigma:         -13.12
            66.2571        -55.5356        -10.5527
           -50.6998        -36.7426         37.5514
            -7.9732         37.0959        -68.8680

     C   11    anisotropy:    157.95    eta:   -0.5908
     C   11    sigma_11=    -34.66    axis=(  0.409302  0.669572  0.619795)
     C   11    sigma_22=    -96.87    axis=( -0.157257 -0.617366  0.770798)
     C   11    sigma_33=     92.18    axis=(  0.898745 -0.412956 -0.147395)
 
     Atom 12  C   pos: (  0.948173  0.072962  1.094618)  Total sigma:         -13.12
            66.2571        -55.5356        -10.5527
           -50.6998        -36.7426         37.5514
            -7.9732         37.0959        -68.8680

     C   12    anisotropy:    157.95    eta:   -0.5908
     C   12    sigma_11=    -34.66    axis=(  0.409302  0.669572  0.619795)
     C   12    sigma_22=    -96.87    axis=( -0.157257 -0.617366  0.770798)
     C   12    sigma_33=     92.18    axis=(  0.898745 -0.412956 -0.147395)
 
     Atom 13  C   pos: (  0.510459  0.137235  1.245479)  Total sigma:          38.04
           134.0145        -38.5924        -22.5091
           -54.4696         21.9855         16.1747
           -30.1603          7.6182        -41.8839

     C   13    anisotropy:    175.50    eta:   -0.4399
     C   13    sigma_11=      5.28    axis=(  0.347268  0.936807  0.042398)
     C   13    sigma_22=    -46.19    axis=(  0.121299 -0.089705  0.988554)
     C   13    sigma_33=    155.04    axis=(  0.929888 -0.338151 -0.144785)
 
     Atom 14  C   pos: (  1.111663  1.025604  0.025433)  Total sigma:          38.04
           134.0145        -38.5924        -22.5091
           -54.4696         21.9855         16.1747
           -30.1603          7.6182        -41.8839

     C   14    anisotropy:    175.50    eta:   -0.4399
     C   14    sigma_11=      5.28    axis=(  0.347268  0.936807  0.042398)
     C   14    sigma_22=    -46.19    axis=(  0.121299 -0.089705  0.988554)
     C   14    sigma_33=    155.04    axis=(  0.929888 -0.338151 -0.144785)
 
     Atom 15  C   pos: (  0.565406  0.297031  1.153919)  Total sigma:          36.30
           132.5403        -84.4684        -33.0950
           -81.4648        -12.7389         -0.1864
           -38.5461        -10.4874        -10.9076

     C   15    anisotropy:    208.34    eta:   -0.3740
     C   15    sigma_11=     -7.18    axis=( -0.028598 -0.436425  0.899286)
     C   15    sigma_22=    -59.12    axis=(  0.425898  0.808587  0.405952)
     C   15    sigma_33=    175.19    axis=( -0.904319  0.394614  0.162748)
 
     Atom 16  C   pos: (  1.056717  0.865809  0.116993)  Total sigma:          36.30
           132.5403        -84.4684        -33.0950
           -81.4648        -12.7389         -0.1864
           -38.5461        -10.4874        -10.9076

     C   16    anisotropy:    208.34    eta:   -0.3740
     C   16    sigma_11=     -7.18    axis=( -0.028598 -0.436425  0.899286)
     C   16    sigma_22=    -59.12    axis=(  0.425898  0.808587  0.405952)
     C   16    sigma_33=    175.19    axis=( -0.904319  0.394614  0.162748)
 
     Atom 17  H   pos: (  0.628040  0.408526  1.231374)  Total sigma:          23.18
            21.6307          1.5682          2.2399
             2.6405         22.4666          0.3003
             1.3301          0.4204         25.4543

     H   17    anisotropy:     -5.29    eta:   -0.8875
     H   17    sigma_11=     23.38    axis=( -0.416837 -0.764310  0.492014)
     H   17    sigma_22=     26.51    axis=(  0.439944  0.304020  0.844998)
     H   17    sigma_33=     19.66    axis=( -0.795422  0.568685  0.209527)
 
     Atom 18  H   pos: (  0.994083  0.754314  0.039538)  Total sigma:          23.18
            21.6307          1.5682          2.2399
             2.6405         22.4666          0.3003
             1.3301          0.4204         25.4543

     H   18    anisotropy:     -5.29    eta:   -0.8875
     H   18    sigma_11=     23.38    axis=( -0.416837 -0.764310  0.492014)
     H   18    sigma_22=     26.51    axis=(  0.439944  0.304020  0.844998)
     H   18    sigma_33=     19.66    axis=( -0.795422  0.568685  0.209527)
 
     Atom 19  C   pos: (  0.537835  0.313063  0.964575)  Total sigma:          25.97
           127.8314        -83.2295        -12.4569
           -76.5072        -31.0326         43.5874
           -16.1396         38.6724        -18.8921

     C   19    anisotropy:    209.61    eta:   -0.5446
     C   19    sigma_11=     -5.85    axis=( -0.323148 -0.386223 -0.863949)
     C   19    sigma_22=    -81.95    axis=( -0.283925 -0.831304  0.477828)
     C   19    sigma_33=    165.71    axis=( -0.902752  0.399706  0.158976)
 
     Atom 20  C   pos: (  1.084288  0.849777  0.306337)  Total sigma:          25.97
           127.8314        -83.2295        -12.4569
           -76.5072        -31.0326         43.5874
           -16.1396         38.6724        -18.8921

     C   20    anisotropy:    209.61    eta:   -0.5446
     C   20    sigma_11=     -5.85    axis=( -0.323148 -0.386223 -0.863949)
     C   20    sigma_22=    -81.95    axis=( -0.283925 -0.831304  0.477828)
     C   20    sigma_33=    165.71    axis=( -0.902752  0.399706  0.158976)
 
     Atom 21  H   pos: (  0.581020  0.438628  0.894864)  Total sigma:          23.46
            23.7497          1.2538          1.6723
             1.8228         21.5014         -1.2200
             2.0274         -1.0248         25.1210

     H   21    anisotropy:     -5.16    eta:   -0.7163
     H   21    sigma_11=     23.95    axis=(  0.653653  0.614410 -0.441858)
     H   21    sigma_22=     26.41    axis=(  0.566886 -0.010703  0.823727)
     H   21    sigma_33=     20.02    axis=( -0.501377  0.788915  0.355296)
 
     Atom 22  H   pos: (  1.041103  0.724212  0.376047)  Total sigma:          23.46
            23.7497          1.2538          1.6723
             1.8228         21.5014         -1.2200
             2.0274         -1.0248         25.1210

     H   22    anisotropy:     -5.16    eta:   -0.7163
     H   22    sigma_11=     23.95    axis=(  0.653653  0.614410 -0.441858)
     H   22    sigma_22=     26.41    axis=(  0.566886 -0.010703  0.823727)
     H   22    sigma_33=     20.02    axis=( -0.501376  0.788915  0.355296)
 
     Atom 23  C   pos: (  0.456775  0.169657  0.865718)  Total sigma:          29.06
           131.3423        -63.8788        -37.0560
           -60.6278         26.7838         16.0569
           -26.5189         26.2325        -70.9549

     C   23    anisotropy:    205.96    eta:   -0.5504
     C   23    sigma_11=     -1.81    axis=(  0.436722  0.896597  0.073409)
     C   23    sigma_22=    -77.39    axis=(  0.109959 -0.134193  0.984836)
     C   23    sigma_33=    166.36    axis=(  0.892851 -0.422027 -0.157194)
 
     Atom 24  C   pos: (  1.165348  0.993182  0.405194)  Total sigma:          29.06
           131.3423        -63.8788        -37.0560
           -60.6278         26.7838         16.0569
           -26.5189         26.2325        -70.9549

     C   24    anisotropy:    205.96    eta:   -0.5504
     C   24    sigma_11=     -1.81    axis=(  0.436722  0.896597  0.073409)
     C   24    sigma_22=    -77.39    axis=(  0.109959 -0.134193  0.984836)
     C   24    sigma_33=    166.36    axis=(  0.892851 -0.422027 -0.157194)
 
     Atom 25  H   pos: (  0.437664  0.183177  0.717479)  Total sigma:          23.07
            23.6448          3.6148         -0.8857
             2.4990         24.9606          0.0328
             0.8161         -0.1705         20.6177

     H   25    anisotropy:      6.53    eta:   -0.1285
     H   25    sigma_11=     21.18    axis=( -0.777836  0.627800 -0.028958)
     H   25    sigma_22=     20.62    axis=( -0.015573  0.026810  0.999519)
     H   25    sigma_33=     27.43    axis=( -0.628275 -0.777913  0.011077)
 
     Atom 26  H   pos: (  1.184459  0.979662  0.553433)  Total sigma:          23.07
            23.6448          3.6148         -0.8857
             2.4990         24.9606          0.0328
             0.8161         -0.1705         20.6177

     H   26    anisotropy:      6.53    eta:   -0.1285
     H   26    sigma_11=     21.18    axis=( -0.777836  0.627800 -0.028958)
     H   26    sigma_22=     20.62    axis=( -0.015573  0.026810  0.999519)
     H   26    sigma_33=     27.43    axis=( -0.628275 -0.777913  0.011077)
 
     Atom 27  C   pos: (  0.779761  1.076717  0.956760)  Total sigma:          37.48
           129.1019        -81.7583        -37.9150
           -83.6320          0.6564        -22.6746
           -37.0111         -7.9808        -17.3099

     C   27    anisotropy:    203.98    eta:   -0.4615
     C   27    sigma_11=      0.87    axis=( -0.146068 -0.587188  0.796162)
     C   27    sigma_22=    -61.89    axis=( -0.415759 -0.693834 -0.587996)
     C   27    sigma_33=    173.47    axis=( -0.897668  0.416899  0.142781)
 
     Atom 28  C   pos: (  0.842362  0.086123  0.314152)  Total sigma:          37.48
           129.1019        -81.7583        -37.9150
           -83.6320          0.6564        -22.6746
           -37.0111         -7.9808        -17.3099

     C   28    anisotropy:    203.98    eta:   -0.4615
     C   28    sigma_11=      0.87    axis=( -0.146068 -0.587188  0.796162)
     C   28    sigma_22=    -61.89    axis=( -0.415759 -0.693834 -0.587996)
     C   28    sigma_33=    173.47    axis=( -0.897668  0.416899  0.142781)
 
     Atom 29  H   pos: (  0.713943  0.962095  0.884932)  Total sigma:          23.11
            20.8320          1.7296          1.8431
             1.6098         23.8088          0.2132
             1.6454         -0.0257         24.6860

     H   29    anisotropy:     -5.27    eta:   -0.4663
     H   29    sigma_11=     24.05    axis=( -0.148470 -0.836623  0.527275)
     H   29    sigma_22=     25.68    axis=( -0.432166 -0.424686 -0.795534)
     H   29    sigma_33=     19.60    axis=( -0.889488  0.345983  0.298507)
 
     Atom 30  H   pos: (  0.908179  0.200745  0.385980)  Total sigma:          23.11
            20.8320          1.7296          1.8431
             1.6098         23.8088          0.2132
             1.6454         -0.0257         24.6860

     H   30    anisotropy:     -5.27    eta:   -0.4663
     H   30    sigma_11=     24.05    axis=( -0.148470 -0.836623  0.527275)
     H   30    sigma_22=     25.68    axis=( -0.432166 -0.424686 -0.795534)
     H   30    sigma_33=     19.60    axis=( -0.889488  0.345983  0.298507)
 
     Atom 31  C   pos: (  0.807356  1.059553  1.146834)  Total sigma:          39.07
           131.7190        -51.8946         -5.7937
           -67.8856         -9.5156         23.9746
           -15.3099         34.8386         -4.9906

     C   31    anisotropy:    175.74    eta:   -0.4550
     C   31    sigma_11=      7.14    axis=( -0.288740 -0.451889 -0.844053)
     C   31    sigma_22=    -46.16    axis=( -0.244354 -0.817623  0.521329)
     C   31    sigma_33=    156.23    axis=( -0.925700  0.356777  0.125660)
 
     Atom 32  C   pos: (  0.814767  0.103287  0.124077)  Total sigma:          39.07
           131.7190        -51.8946         -5.7937
           -67.8856         -9.5156         23.9746
           -15.3099         34.8386         -4.9906

     C   32    anisotropy:    175.74    eta:   -0.4550
     C   32    sigma_11=      7.14    axis=( -0.288740 -0.451889 -0.844053)
     C   32    sigma_22=    -46.16    axis=( -0.244354 -0.817623  0.521329)
     C   32    sigma_33=    156.23    axis=( -0.925700  0.356777  0.125660)
 
     Atom 33  C   pos: (  0.752697  0.888114  1.240778)  Total sigma:         -15.79
            60.5039        -49.1829        -27.5840
           -38.2290        -24.5612         38.6953
           -21.6846         41.2335        -83.3108

     C   33    anisotropy:    155.38    eta:   -0.6949
     C   33    sigma_11=    -31.59    axis=(  0.477677  0.790500  0.383319)
     C   33    sigma_22=   -103.57    axis=( -0.016182  0.444159 -0.895802)
     C   33    sigma_33=     87.80    axis=(  0.878386 -0.421701 -0.224956)
 
     Atom 34  C   pos: (  0.869426  0.274725  0.030134)  Total sigma:         -15.79
            60.5039        -49.1829        -27.5840
           -38.2290        -24.5612         38.6953
           -21.6846         41.2335        -83.3108

     C   34    anisotropy:    155.38    eta:   -0.6949
     C   34    sigma_11=    -31.59    axis=(  0.477677  0.790500  0.383319)
     C   34    sigma_22=   -103.57    axis=( -0.016182  0.444159 -0.895802)
     C   34    sigma_33=     87.80    axis=(  0.878386 -0.421701 -0.224956)
 
     Atom 35  C   pos: (  0.548628  0.772099  0.171382)  Total sigma:          19.06
           103.6255        -74.2123        -77.5195
           -25.1390          8.5151         48.0622
           -24.8994         22.7998        -54.9680

     C   35    anisotropy:    186.92    eta:   -0.5250
     C   35    sigma_11=    -10.54    axis=(  0.456420  0.873305  0.170351)
     C   35    sigma_22=    -75.96    axis=( -0.189918  0.282663 -0.940230)
     C   35    sigma_33=    143.67    axis=( -0.869259  0.396787  0.294869)
 
     Atom 36  C   pos: (  1.073495  0.390740  1.099530)  Total sigma:          19.06
           103.6255        -74.2123        -77.5195
           -25.1390          8.5151         48.0622
           -24.8994         22.7998        -54.9680

     C   36    anisotropy:    186.92    eta:   -0.5250
     C   36    sigma_11=    -10.54    axis=(  0.456420  0.873305  0.170351)
     C   36    sigma_22=    -75.96    axis=( -0.189918  0.282663 -0.940230)
     C   36    sigma_33=    143.67    axis=( -0.869259  0.396787  0.294869)
 
     Atom 37  O   pos: (  0.363880  0.148918  0.268405)  Total sigma:        -257.32
           201.6464       -345.1025       -158.1879
          -417.7007       -501.0737       -201.6808
          -211.3455       -191.2130       -472.5285

     O   37    anisotropy:    954.77    eta:   -0.8462
     O   37    sigma_11=   -306.26    axis=(  0.129597  0.566743 -0.813638)
     O   37    sigma_22=   -844.89    axis=(  0.368292  0.734345  0.570174)
     O   37    sigma_33=    379.19    axis=(  0.920633 -0.373550 -0.113558)
 
     Atom 38  O   pos: (  1.258242  1.013922  1.002507)  Total sigma:        -257.32
           201.6464       -345.1025       -158.1879
          -417.7007       -501.0737       -201.6808
          -211.3455       -191.2130       -472.5285

     O   38    anisotropy:    954.77    eta:   -0.8462
     O   38    sigma_11=   -306.26    axis=(  0.129597  0.566743 -0.813638)
     O   38    sigma_22=   -844.89    axis=(  0.368292  0.734345  0.570174)
     O   38    sigma_33=    379.19    axis=(  0.920633 -0.373550 -0.113558)
 
     Atom 39  O   pos: (  0.678751  0.759176  1.158393)  Total sigma:        -257.97
           193.4535       -367.6567       -212.0290
          -430.9769       -549.1427       -149.6217
          -248.5522       -151.2295       -418.2290

     O   39    anisotropy:    982.64    eta:   -0.8099
     O   39    sigma_11=   -320.23    axis=(  0.022639  0.521152 -0.853164)
     O   39    sigma_22=   -850.81    axis=(  0.403621  0.775978  0.484714)
     O   39    sigma_33=    397.12    axis=(  0.914646 -0.355328 -0.192781)
 
     Atom 40  O   pos: (  0.943371  0.403663  0.112519)  Total sigma:        -257.97
           193.4535       -367.6567       -212.0290
          -430.9769       -549.1427       -149.6217
          -248.5522       -151.2295       -418.2290

     O   40    anisotropy:    982.64    eta:   -0.8099
     O   40    sigma_11=   -320.23    axis=(  0.022639  0.521152 -0.853164)
     O   40    sigma_22=   -850.81    axis=(  0.403621  0.775978  0.484714)
     O   40    sigma_33=    397.12    axis=(  0.914646 -0.355328 -0.192781)
 
     Initialization:
     gipaw_setup  :      0.49s CPU      0.54s WALL (       1 calls)
 
     Linear response
     greenf       :  13105.02s CPU  13392.59s WALL (     240 calls)
     cgsolve      :  13041.13s CPU  13328.56s WALL (     240 calls)
     ch_psi       :  12869.94s CPU  13156.99s WALL (   19146 calls)
     h_psiq       :   9714.50s CPU   9997.59s WALL (   19146 calls)
 
     Apply operators
     h_psi        :   8192.55s CPU   8501.07s WALL (   22791 calls)
     apply_vel    :    146.29s CPU    146.54s WALL (     210 calls)
 
     Induced current
     j_para       :    458.32s CPU    479.91s WALL (     270 calls)
     biot_savart  :      0.05s CPU      0.07s WALL (       1 calls)
 
     Other routines
 
     General routines
     calbec       :   3600.33s CPU   3611.75s WALL (   63113 calls)
     fft          :      0.09s CPU      0.12s WALL (      32 calls)
     fftw         :   5594.12s CPU   5904.06s WALL ( 3636884 calls)
     davcio       :      0.03s CPU      1.14s WALL (     160 calls)
 
     Parallel routines
     fft_scatter  :   1449.92s CPU   1634.06s WALL ( 3636916 calls)
 
     Plugins
 
     GIPAW        :  15374.07s CPU  15724.68s WALL (       1 calls)
