
     Program QE v.6.1 (svn rev. 13369) starts on  5May2018 at 15:11:45 

     This program is part of the open-source Quantum ESPRESSO suite
     for quantum simulation of materials; please cite
         "P. Giannozzi et al., J. Phys.:Condens. Matter 21 395502 (2009);
          URL http://www.quantum-espresso.org", 
     in publications or presentations arising from this work. More details at
     http://www.quantum-espresso.org/quote

     Parallel version (MPI), running on     8 processors
     R & G space division:  proc/nbgrp/npool/nimage =       8
 
     ***** This is GIPAW svn revision unknown      *****
 
     Parallelizing q-star over 1 images
     Message from routine gipaw_readin:
     *** iverbosity is obsolete, use verbosity instead ***

     Reading data from directory:
     /scratch/ahofstet/ML/CCDC_S/LUHJED/wfc/scf.save

   Info: using nr1, nr2, nr3 values from input

   Info: using nr1, nr2, nr3 values from input

     IMPORTANT: XC functional enforced from input :
     Exchange-correlation      =  SLA  PW   PBX  PBC ( 1  4  3  4 0 0)
     Any further DFT definition will be discarded
     Please, verify this is what you really want

               file C.pbe-n-kjpaw_psl.0.1.UPF: wavefunction(s)  2P renormalized
               file N.pbe-n-kjpaw_psl.0.1.UPF: wavefunction(s)  2P renormalized
               file H.pbe-kjpaw_psl.0.1.UPF: wavefunction(s)  1S renormalized
               file O.pbe-n-kjpaw_psl.0.1.UPF: wavefunction(s)  2P renormalized
               file S.pbe-n-kjpaw_psl.0.1.UPF: wavefunction(s)  3P renormalized
 
     Parallelization info
     --------------------
     sticks:   dense  smooth     PW     G-vecs:    dense   smooth      PW
     Min         968     968    257                59385    59385    8172
     Max         969     969    258                59387    59387    8175
     Sum        7749    7749   2063               475087   475087   65387
 

     Check: negative/imaginary core charge=   -0.000002    0.000000

     Subspace diagonalization in iterative solution of the eigenvalue problem:
     a serial algorithm will be used

     GIPAW projectors -----------------------------------------------
     atom=  C    l=0  rc=    1.3000  rs=    0.8667
     atom=  C    l=0  rc=    1.3000  rs=    0.8667
     atom=  C    l=1  rc=    1.4500  rs=    0.9667
     atom=  C    l=1  rc=    1.4500  rs=    0.9667
     projs nearly linearly dependent: l=0  n1,n2= 1, 2  s=  0.99877758
     projs nearly linearly dependent: l=1  n1,n2= 1, 2  s=  0.99940894
 
     atom=  N    l=0  rc=    1.3000  rs=    0.8667
     atom=  N    l=0  rc=    1.3000  rs=    0.8667
     atom=  N    l=1  rc=    1.4500  rs=    0.9667
     atom=  N    l=1  rc=    1.4500  rs=    0.9667
     projs nearly linearly dependent: l=0  n1,n2= 1, 2  s=  0.99709514
     projs nearly linearly dependent: l=1  n1,n2= 1, 2  s=  0.99857174
 
     atom=  H    l=0  rc=    1.0000  rs=    0.6667
     atom=  H    l=0  rc=    1.0000  rs=    0.6667
     projs nearly linearly dependent: l=0  n1,n2= 1, 2  s=  0.99968852
 
     atom=  O    l=0  rc=    1.3500  rs=    0.9000
     atom=  O    l=0  rc=    1.3500  rs=    0.9000
     atom=  O    l=1  rc=    1.3500  rs=    0.9000
     atom=  O    l=1  rc=    1.3500  rs=    0.9000
     projs nearly linearly dependent: l=0  n1,n2= 1, 2  s=  0.99100135
     projs nearly linearly dependent: l=1  n1,n2= 1, 2  s=  0.99790100
 
     atom=  S    l=0  rc=    2.1000  rs=    1.4000
     atom=  S    l=0  rc=    2.1000  rs=    1.4000
     atom=  S    l=1  rc=    2.1000  rs=    1.4000
     atom=  S    l=1  rc=    2.1000  rs=    1.4000
     -----------------------------------------------------------------
 
     alpha_pv=     48.2853 eV
 
     q-space interpolation up to   110.00 Rydberg
 
     GIPAW job: nmr                                                                             
     NMR macroscopic correction: yes
             0.6667          0.0000          0.0000
             0.0000          0.6667          0.0000
             0.0000          0.0000          0.6667

 
     Largest allocated arrays     est. size (Mb)     dimensions
        KS wavefunctions at k          11.66 Mb     (    7422,  103)
        KS wavefunctions at k+q        11.66 Mb     (    7422,  103)
        First-order wavefunctions     116.65 Mb     (    7422,  103, 10)
        First-order wavefunct (US)     69.99 Mb     (    7422,  103,  6)
        Charge/spin density             1.15 Mb     (  151200,    1)
        Induced current                10.38 Mb     (  151200,    3,3,1)
        Induced magnetic field         10.38 Mb     (  151200,    3,3,1)
        NL pseudopotentials            33.98 Mb     (    7422,  300)
        GIPAW NL terms                 33.98 Mb     (    7422,  300)
 
     Computing the magnetic susceptibility     isolve=0    ethr=  0.1000E-13
     k-point #    1 of     8      pool #  1    cpu time:      10.5
     Rotating WFCS
     Rotating WFCS
     Rotating WFCS
     Rotating WFCS
     Rotating WFCS
     Rotating WFCS
     Rotating WFCS
     k-point #    2 of     8      pool #  1    cpu time:    1915.3
     Rotating WFCS
     Rotating WFCS
     Rotating WFCS
     c_bands:  1 eigenvalues not converged
     Rotating WFCS
     c_bands:  1 eigenvalues not converged
     Rotating WFCS
     c_bands:  1 eigenvalues not converged
     Rotating WFCS
     c_bands:  1 eigenvalues not converged
     Rotating WFCS
     c_bands:  1 eigenvalues not converged
     k-point #    3 of     8      pool #  1    cpu time:    3834.3
     Rotating WFCS
     Rotating WFCS
     c_bands:  2 eigenvalues not converged
     Rotating WFCS
     c_bands:  2 eigenvalues not converged
     Rotating WFCS
     c_bands:  1 eigenvalues not converged
     Rotating WFCS
     c_bands:  1 eigenvalues not converged
     Rotating WFCS
     c_bands:  1 eigenvalues not converged
     Rotating WFCS
     c_bands:  1 eigenvalues not converged
     k-point #    4 of     8      pool #  1    cpu time:    5779.0
     Rotating WFCS
     Rotating WFCS
     c_bands:  1 eigenvalues not converged
     Rotating WFCS
     c_bands:  1 eigenvalues not converged
     Rotating WFCS
     c_bands:  1 eigenvalues not converged
     Rotating WFCS
     c_bands:  1 eigenvalues not converged
     Rotating WFCS
     c_bands:  1 eigenvalues not converged
     Rotating WFCS
     c_bands:  1 eigenvalues not converged
     k-point #    5 of     8      pool #  1    cpu time:    7696.8
     Rotating WFCS
     Rotating WFCS
     c_bands:  1 eigenvalues not converged
     Rotating WFCS
     c_bands:  1 eigenvalues not converged
     Rotating WFCS
     Rotating WFCS
     c_bands:  1 eigenvalues not converged
     Rotating WFCS
     c_bands:  1 eigenvalues not converged
     Rotating WFCS
     c_bands:  1 eigenvalues not converged
     k-point #    6 of     8      pool #  1    cpu time:    9677.3
     Rotating WFCS
     c_bands:  1 eigenvalues not converged
     Rotating WFCS
     c_bands:  2 eigenvalues not converged
     Rotating WFCS
     c_bands:  2 eigenvalues not converged
     Rotating WFCS
     c_bands:  1 eigenvalues not converged
     Rotating WFCS
     c_bands:  1 eigenvalues not converged
     Rotating WFCS
     c_bands:  2 eigenvalues not converged
     Rotating WFCS
     c_bands:  1 eigenvalues not converged
     k-point #    7 of     8      pool #  1    cpu time:   11662.8
     Rotating WFCS
     Rotating WFCS
     Rotating WFCS
     c_bands:  1 eigenvalues not converged
     Rotating WFCS
     Rotating WFCS
     c_bands:  1 eigenvalues not converged
     Rotating WFCS
     c_bands:  1 eigenvalues not converged
     Rotating WFCS
     c_bands:  1 eigenvalues not converged
     k-point #    8 of     8      pool #  1    cpu time:   13648.0
     Rotating WFCS
     c_bands:  1 eigenvalues not converged
     Rotating WFCS
     c_bands:  1 eigenvalues not converged
     Rotating WFCS
     c_bands:  1 eigenvalues not converged
     Rotating WFCS
     c_bands:  1 eigenvalues not converged
     Rotating WFCS
     c_bands:  1 eigenvalues not converged
     Rotating WFCS
     c_bands:  1 eigenvalues not converged
     Rotating WFCS
     c_bands:  1 eigenvalues not converged
     End of magnetic susceptibility calculation
 
     f-sum rule (1st term):
          -168.3169          0.0198         -0.0553
             0.0128       -168.3943         -0.1265
            -0.0502         -0.1302       -168.4078

     f-sum rule (2nd term):
            -2.5612         -0.0225          0.0482
            -0.0161         -2.4824          0.1189
             0.0419          0.1230         -2.4824

     f-sum rule (should be  -170.8740):
          -170.8781         -0.0027         -0.0070
            -0.0033       -170.8767         -0.0076
            -0.0084         -0.0072       -170.8902

     chi_bare pGv (HH) in paratec units:
       -54.221462     -5.748079      6.891699
        -6.397711    -56.435742     11.856325
         8.721725     12.073938    -52.893769

       -54.221462     -5.748079      6.891699
        -6.397711    -56.435742     11.856325
         8.721725     12.073938    -52.893769

     chi_bare vGv (VV) in paratec units:
       -51.429605     -9.744002      9.924375
        -9.778226    -54.461722     12.411235
         9.911997     12.432960    -50.923671

       -51.429605     -9.744002      9.924375
        -9.778226    -54.461722     12.411235
         9.911997     12.432960    -50.923671

     chi_bare pGv (HH) in 10^{-6} cm^3/mol:
          -257.6655        -27.3154         32.7500
           -30.4025       -268.1880         56.3424
            41.4465         57.3765       -251.3562

     chi_bare vGv (VV) in 10^{-6} cm^3/mol:
          -244.3983        -46.3044         47.1616
           -46.4670       -258.8072         58.9794
            47.1027         59.0826       -241.9941

     Contributions to the NMR chemical shifts: -------------------------------
 
     Macroscopic shape contribution in ppm:                    6.92
             6.8788          0.0000          0.0000
             0.0000          7.1597          0.0000
             0.0000          0.0000          6.7104

 
     Core contribution in ppm:
 
     Atom  1  S   pos: (  0.724376  1.004191  0.766314)  core sigma:         979.79
     Atom  2  S   pos: (  1.021317  0.400277  0.160598)  core sigma:         979.79
     Atom  3  C   pos: (  0.642404  0.912536  0.594981)  core sigma:         200.51
     Atom  4  C   pos: (  1.103289  0.491932  0.331931)  core sigma:         200.51
     Atom  5  N   pos: (  0.702640  0.785191  0.524429)  core sigma:         235.78
     Atom  6  N   pos: (  1.043053  0.619277  0.402483)  core sigma:         235.78
     Atom  7  C   pos: (  0.614867  0.739987  0.391660)  core sigma:         200.51
     Atom  8  C   pos: (  1.130826  0.664481  0.535252)  core sigma:         200.51
     Atom  9  N   pos: (  0.643334  0.615615  0.294809)  core sigma:         235.78
     Atom 10  N   pos: (  1.102359  0.788853  0.632103)  core sigma:         235.78
     Atom 11  O   pos: (  0.518122  0.620845  0.183938)  core sigma:         271.07
     Atom 12  O   pos: (  1.227571  0.783623  0.742973)  core sigma:         271.07
     Atom 13  N   pos: (  0.410881  0.748819  0.210971)  core sigma:         235.78
     Atom 14  N   pos: (  1.334812  0.655649  0.715941)  core sigma:         235.78
     Atom 15  C   pos: (  0.471023  0.823676  0.339260)  core sigma:         200.51
     Atom 16  C   pos: (  1.274670  0.580792  0.587652)  core sigma:         200.51
     Atom 17  N   pos: (  1.408740  0.956000  0.415106)  core sigma:         235.78
     Atom 18  N   pos: (  0.336953  0.448468  0.511806)  core sigma:         235.78
     Atom 19  C   pos: (  1.495856  0.997171  0.541871)  core sigma:         200.51
     Atom 20  C   pos: (  0.249837  0.407297  0.385041)  core sigma:         200.51
     Atom 21  N   pos: (  1.457443  1.123412  0.641244)  core sigma:         235.78
     Atom 22  N   pos: (  0.288250  0.281056  0.285668)  core sigma:         235.78
     Atom 23  C   pos: (  1.566286  1.153973  0.768935)  core sigma:         200.51
     Atom 24  C   pos: (  0.179407  0.250495  0.157977)  core sigma:         200.51
     Atom 25  N   pos: (  1.549295  1.271622  0.866705)  core sigma:         235.78
     Atom 26  N   pos: (  0.196398  0.132846  0.060207)  core sigma:         235.78
     Atom 27  N   pos: (  1.342181  1.237412  0.588198)  core sigma:         235.78
     Atom 28  N   pos: (  0.403512  0.167056  0.338714)  core sigma:         235.78
     Atom 29  C   pos: (  1.216746  1.259093  0.679763)  core sigma:         200.51
     Atom 30  C   pos: (  0.528947  0.145375  0.247149)  core sigma:         200.51
     Atom 31  C   pos: (  1.176886  1.172336  0.833198)  core sigma:         200.51
     Atom 32  C   pos: (  0.568807  0.232132  0.093714)  core sigma:         200.51
     Atom 33  C   pos: (  0.752414  0.382004  0.620765)  core sigma:         200.51
     Atom 34  C   pos: (  0.993279  1.022464  0.306147)  core sigma:         200.51
     Atom 35  H   pos: (  1.239319  0.866996  0.026340)  core sigma:           0.00
     Atom 36  H   pos: (  0.506374  0.537472  0.900572)  core sigma:           0.00
     Atom 37  H   pos: (  1.271037  1.087943  0.872444)  core sigma:           0.00
     Atom 38  H   pos: (  0.474656  0.316525  0.054468)  core sigma:           0.00
     Atom 39  H   pos: (  1.152502  1.261688  0.929107)  core sigma:           0.00
     Atom 40  H   pos: (  0.593191  0.142780 -0.002195)  core sigma:           0.00
     Atom 41  H   pos: (  1.063293  1.105065  0.814586)  core sigma:           0.00
     Atom 42  H   pos: (  0.682400  0.299403  0.112326)  core sigma:           0.00
     Atom 43  H   pos: (  0.788511  0.433318  0.503871)  core sigma:           0.00
     Atom 44  H   pos: (  0.957182  0.971150  0.423041)  core sigma:           0.00
     Atom 45  H   pos: (  0.741550  0.479996  0.710726)  core sigma:           0.00
     Atom 46  H   pos: (  1.004143  0.924472  0.216186)  core sigma:           0.00
     Atom 47  H   pos: (  0.630834  0.327893  0.610053)  core sigma:           0.00
     Atom 48  H   pos: (  1.114859  1.076575  0.316859)  core sigma:           0.00
 
     Bare contribution in ppm:
 
     Atom  1  S   pos: (  0.724376  1.004191  0.766314)  bare sigma:          13.83
             8.6641         -1.9475         -7.6627
             0.2648         19.2594          5.5482
            -4.7428          2.5913         13.5585

     Atom  2  S   pos: (  1.021317  0.400277  0.160598)  bare sigma:          13.83
             8.6641         -1.9475         -7.6627
             0.2648         19.2594          5.5482
            -4.7428          2.5913         13.5585

     Atom  3  C   pos: (  0.642404  0.912536  0.594981)  bare sigma:         -73.02
           -82.6983         23.7261        -17.7435
             8.8517        -64.0768        -20.0881
           -32.1383         -6.9168        -72.2714

     Atom  4  C   pos: (  1.103289  0.491932  0.331931)  bare sigma:         -73.02
           -82.6983         23.7261        -17.7435
             8.8517        -64.0768        -20.0881
           -32.1383         -6.9168        -72.2714

     Atom  5  N   pos: (  0.702640  0.785191  0.524429)  bare sigma:         -49.35
           -25.4703         42.1502        -41.5495
            34.7828        -56.2330        -86.2282
           -51.7433        -75.3170        -66.3546

     Atom  6  N   pos: (  1.043053  0.619277  0.402483)  bare sigma:         -49.35
           -25.4703         42.1502        -41.5495
            34.7828        -56.2330        -86.2282
           -51.7433        -75.3170        -66.3546

     Atom  7  C   pos: (  0.614867  0.739987  0.391660)  bare sigma:         -67.56
           -79.6630         22.8362        -27.9882
            22.8635        -57.8461         -9.1935
           -28.8755         -8.2078        -65.1698

     Atom  8  C   pos: (  1.130826  0.664481  0.535252)  bare sigma:         -67.56
           -79.6630         22.8362        -27.9882
            22.8635        -57.8461         -9.1935
           -28.8755         -8.2078        -65.1698

     Atom  9  N   pos: (  0.643334  0.615615  0.294809)  bare sigma:         -97.36
           -90.6612         29.9242        -48.1359
            18.6828        -86.9223        -62.1197
           -63.0852        -49.6760       -114.5027

     Atom 10  N   pos: (  1.102359  0.788853  0.632103)  bare sigma:         -97.36
           -90.6612         29.9242        -48.1359
            18.6828        -86.9223        -62.1197
           -63.0852        -49.6760       -114.5027

     Atom 11  O   pos: (  0.518122  0.620845  0.183938)  bare sigma:         -50.23
           -41.7612         13.7396        -21.1722
            16.4763        -52.2560        -31.7830
           -21.1961        -32.1882        -56.6833

     Atom 12  O   pos: (  1.227571  0.783623  0.742973)  bare sigma:         -50.23
           -41.7612         13.7396        -21.1722
            16.4763        -52.2560        -31.7830
           -21.1961        -32.1882        -56.6833

     Atom 13  N   pos: (  0.410881  0.748819  0.210971)  bare sigma:         -89.76
           -79.6949         30.0362        -37.4849
            44.5386        -99.4162        -49.3260
           -21.7282        -63.2336        -90.1752

     Atom 14  N   pos: (  1.334812  0.655649  0.715941)  bare sigma:         -89.76
           -79.6949         30.0363        -37.4849
            44.5386        -99.4162        -49.3260
           -21.7282        -63.2336        -90.1752

     Atom 15  C   pos: (  0.471023  0.823676  0.339260)  bare sigma:         -67.09
           -78.9551         32.3128        -20.3678
            32.5815        -66.3684        -13.5720
           -20.4868        -12.9241        -55.9448

     Atom 16  C   pos: (  1.274670  0.580792  0.587652)  bare sigma:         -67.09
           -78.9551         32.3128        -20.3678
            32.5815        -66.3684        -13.5720
           -20.4868        -12.9241        -55.9448

     Atom 17  N   pos: (  1.408740  0.956000  0.415106)  bare sigma:         -27.08
           -11.8694         25.9357        -46.8915
            32.9416        -29.9400        -68.0664
           -33.5036        -68.1272        -39.4193

     Atom 18  N   pos: (  0.336953  0.448468  0.511806)  bare sigma:         -27.08
           -11.8694         25.9357        -46.8915
            32.9416        -29.9400        -68.0664
           -33.5036        -68.1272        -39.4193

     Atom 19  C   pos: (  1.495856  0.997171  0.541871)  bare sigma:         -65.06
           -66.1089         22.9061         -9.2040
            31.4685        -73.0133        -11.6870
            -2.9055        -21.0621        -56.0715

     Atom 20  C   pos: (  0.249837  0.407297  0.385041)  bare sigma:         -65.06
           -66.1089         22.9061         -9.2040
            31.4685        -73.0133        -11.6870
            -2.9055        -21.0621        -56.0715

     Atom 21  N   pos: (  1.457443  1.123412  0.641244)  bare sigma:         -20.09
           -17.2053          5.3805         -0.6929
             5.6446        -15.2967         -7.2290
            -4.3007        -13.6833        -27.7591

     Atom 22  N   pos: (  0.288250  0.281056  0.285668)  bare sigma:         -20.09
           -17.2053          5.3805         -0.6929
             5.6446        -15.2967         -7.2290
            -4.3007        -13.6833        -27.7591

     Atom 23  C   pos: (  1.566286  1.153973  0.768935)  bare sigma:         -67.93
           -91.5373         17.2785        -19.3803
             4.8393        -50.5296          6.3726
           -32.9703         20.3076        -61.7135

     Atom 24  C   pos: (  0.179407  0.250495  0.157977)  bare sigma:         -67.93
           -91.5373         17.2785        -19.3803
             4.8393        -50.5296          6.3725
           -32.9703         20.3076        -61.7135

     Atom 25  N   pos: (  1.549295  1.271622  0.866705)  bare sigma:         -36.05
           -37.7038         10.0421        -68.5457
            13.4170         -8.9372        -42.3928
           -65.7067        -50.2767        -61.5034

     Atom 26  N   pos: (  0.196398  0.132846  0.060207)  bare sigma:         -36.05
           -37.7038         10.0421        -68.5457
            13.4170         -8.9372        -42.3928
           -65.7067        -50.2767        -61.5034

     Atom 27  N   pos: (  1.342181  1.237412  0.588198)  bare sigma:         -58.02
           -76.0457         50.8018         -6.2731
            59.3782        -57.2479         17.3791
            -7.0906         16.8692        -40.7579

     Atom 28  N   pos: (  0.403512  0.167056  0.338714)  bare sigma:         -58.02
           -76.0457         50.8018         -6.2731
            59.3782        -57.2479         17.3791
            -7.0906         16.8692        -40.7579

     Atom 29  C   pos: (  1.216746  1.259093  0.679763)  bare sigma:         -86.05
           -97.0583         47.9785         10.5907
            34.4418        -74.8694         43.8240
            22.0744         33.7522        -86.2344

     Atom 30  C   pos: (  0.528947  0.145375  0.247149)  bare sigma:         -86.05
           -97.0583         47.9785         10.5907
            34.4418        -74.8694         43.8240
            22.0744         33.7522        -86.2344

     Atom 31  C   pos: (  1.176886  1.172336  0.833198)  bare sigma:           3.04
            -3.9738          4.4951         -0.0909
             5.0830          3.6416         -6.5368
             3.8896         -5.7328          9.4439

     Atom 32  C   pos: (  0.568807  0.232132  0.093714)  bare sigma:           3.04
            -3.9738          4.4951         -0.0909
             5.0830          3.6416         -6.5368
             3.8896         -5.7328          9.4439

     Atom 33  C   pos: (  0.752414  0.382004  0.620765)  bare sigma:           1.21
            -0.6302         -8.2533          9.5439
            -8.1702          4.6925         -3.9695
             8.6892         -4.6903         -0.4393

     Atom 34  C   pos: (  0.993279  1.022464  0.306147)  bare sigma:           1.21
            -0.6302         -8.2533          9.5439
            -8.1702          4.6925         -3.9695
             8.6892         -4.6903         -0.4393

     Atom 35  H   pos: (  1.239319  0.866996  0.026340)  bare sigma:          14.06
            12.9109         -1.7216          0.4444
            -4.2753         15.5331          0.0630
             1.8529         -0.2398         13.7389

     Atom 36  H   pos: (  0.506374  0.537472  0.900572)  bare sigma:          14.06
            12.9109         -1.7216          0.4444
            -4.2753         15.5331          0.0630
             1.8529         -0.2398         13.7389

     Atom 37  H   pos: (  1.271037  1.087943  0.872444)  bare sigma:          20.99
            22.0519         -3.3094          1.1862
            -3.5568         20.5072         -1.7946
             1.7429         -1.7697         20.4051

     Atom 38  H   pos: (  0.474656  0.316525  0.054468)  bare sigma:          20.99
            22.0519         -3.3094          1.1862
            -3.5568         20.5072         -1.7946
             1.7429         -1.7697         20.4051

     Atom 39  H   pos: (  1.152502  1.261688  0.929107)  bare sigma:          22.49
            19.7641         -1.0203         -0.0870
            -1.4653         21.7377          3.1946
            -1.2583          4.7863         25.9753

     Atom 40  H   pos: (  0.593191  0.142780 -0.002195)  bare sigma:          22.49
            19.7641         -1.0203         -0.0870
            -1.4653         21.7377          3.1946
            -1.2583          4.7863         25.9753

     Atom 41  H   pos: (  1.063293  1.105065  0.814586)  bare sigma:          21.12
            24.8853          1.0776          0.7029
             3.8572         19.1698         -0.4555
             1.6621          1.4797         19.3175

     Atom 42  H   pos: (  0.682400  0.299403  0.112326)  bare sigma:          21.12
            24.8853          1.0776          0.7029
             3.8572         19.1698         -0.4555
             1.6621          1.4797         19.3175

     Atom 43  H   pos: (  0.788511  0.433318  0.503871)  bare sigma:          21.03
            20.3856         -1.6236          1.9377
            -1.0510         19.5545         -0.7730
            -0.3962         -1.0545         23.1424

     Atom 44  H   pos: (  0.957182  0.971150  0.423041)  bare sigma:          21.03
            20.3856         -1.6236          1.9377
            -1.0510         19.5545         -0.7730
            -0.3962         -1.0545         23.1424

     Atom 45  H   pos: (  0.741550  0.479996  0.710726)  bare sigma:          21.48
            18.5110         -1.9481         -0.0977
            -3.4235         22.7951          5.2786
             0.6191          4.2787         23.1337

     Atom 46  H   pos: (  1.004143  0.924472  0.216186)  bare sigma:          21.48
            18.5110         -1.9481         -0.0977
            -3.4235         22.7951          5.2786
             0.6191          4.2787         23.1337

     Atom 47  H   pos: (  0.630834  0.327893  0.610053)  bare sigma:          21.01
            25.5089          0.1840          2.5815
             0.0758         18.2335          2.4490
             5.0885          1.1210         19.2860

     Atom 48  H   pos: (  1.114859  1.076575  0.316859)  bare sigma:          21.01
            25.5089          0.1840          2.5815
             0.0758         18.2335          2.4490
             5.0885          1.1210         19.2860

     Diamagnetic contribution in ppm:
 
     Atom  1  S   pos: (  0.724376  1.004191  0.766314)  dia sigma:         -11.48
           -11.5014         -0.0928          0.0538
            -0.0928        -11.4522          0.1271
             0.0538          0.1271        -11.4824

     Atom  2  S   pos: (  1.021317  0.400277  0.160598)  dia sigma:         -11.48
           -11.5014         -0.0928          0.0538
            -0.0928        -11.4522          0.1271
             0.0538          0.1271        -11.4824

     Atom  3  C   pos: (  0.642404  0.912536  0.594981)  dia sigma:           4.14
             4.1490          0.0891         -0.0171
             0.0891          4.1011         -0.0710
            -0.0171         -0.0710          4.1719

     Atom  4  C   pos: (  1.103289  0.491932  0.331931)  dia sigma:           4.14
             4.1490          0.0891         -0.0171
             0.0891          4.1011         -0.0710
            -0.0171         -0.0710          4.1719

     Atom  5  N   pos: (  0.702640  0.785191  0.524429)  dia sigma:           8.99
             8.6998          0.3801         -0.2005
             0.3801          9.0421          0.0957
            -0.2005          0.0957          9.2200

     Atom  6  N   pos: (  1.043053  0.619277  0.402483)  dia sigma:           8.99
             8.6998          0.3801         -0.2005
             0.3801          9.0421          0.0957
            -0.2005          0.0957          9.2200

     Atom  7  C   pos: (  0.614867  0.739987  0.391660)  dia sigma:           4.31
             4.3072          0.0486         -0.0410
             0.0486          4.3109         -0.0447
            -0.0410         -0.0447          4.3187

     Atom  8  C   pos: (  1.130826  0.664481  0.535252)  dia sigma:           4.31
             4.3072          0.0486         -0.0410
             0.0486          4.3109         -0.0447
            -0.0410         -0.0447          4.3187

     Atom  9  N   pos: (  0.643334  0.615615  0.294809)  dia sigma:           7.90
             8.0268          0.3342          0.4167
             0.3342          7.4870         -0.1234
             0.4167         -0.1234          8.1894

     Atom 10  N   pos: (  1.102359  0.788853  0.632103)  dia sigma:           7.90
             8.0268          0.3342          0.4167
             0.3342          7.4870         -0.1234
             0.4167         -0.1234          8.1894

     Atom 11  O   pos: (  0.518122  0.620845  0.183938)  dia sigma:          16.27
            16.7948         -0.7129          0.5005
            -0.7129         16.1204         -0.0368
             0.5005         -0.0368         15.9050

     Atom 12  O   pos: (  1.227571  0.783623  0.742973)  dia sigma:          16.27
            16.7948         -0.7129          0.5005
            -0.7129         16.1204         -0.0368
             0.5005         -0.0368         15.9050

     Atom 13  N   pos: (  0.410881  0.748819  0.210971)  dia sigma:           8.04
             7.9447         -0.3621         -0.3834
            -0.3621          8.4310          0.1138
            -0.3834          0.1138          7.7381

     Atom 14  N   pos: (  1.334812  0.655649  0.715941)  dia sigma:           8.04
             7.9447         -0.3621         -0.3834
            -0.3621          8.4310          0.1138
            -0.3834          0.1138          7.7381

     Atom 15  C   pos: (  0.471023  0.823676  0.339260)  dia sigma:           4.30
             4.2930          0.0560         -0.0560
             0.0560          4.3063         -0.0531
            -0.0560         -0.0531          4.3037

     Atom 16  C   pos: (  1.274670  0.580792  0.587652)  dia sigma:           4.30
             4.2930          0.0560         -0.0560
             0.0560          4.3063         -0.0531
            -0.0560         -0.0531          4.3037

     Atom 17  N   pos: (  1.408740  0.956000  0.415106)  dia sigma:           9.06
             8.7706          0.2768         -0.1773
             0.2768          9.1709          0.1474
            -0.1773          0.1474          9.2449

     Atom 18  N   pos: (  0.336953  0.448468  0.511806)  dia sigma:           9.06
             8.7706          0.2768         -0.1773
             0.2768          9.1709          0.1474
            -0.1773          0.1474          9.2449

     Atom 19  C   pos: (  1.495856  0.997171  0.541871)  dia sigma:           4.21
             4.1930          0.0343         -0.0944
             0.0343          4.2444         -0.0316
            -0.0944         -0.0316          4.2041

     Atom 20  C   pos: (  0.249837  0.407297  0.385041)  dia sigma:           4.21
             4.1930          0.0343         -0.0944
             0.0343          4.2444         -0.0316
            -0.0944         -0.0316          4.2041

     Atom 21  N   pos: (  1.457443  1.123412  0.641244)  dia sigma:           9.75
             9.7164         -0.3247          0.3290
            -0.3247          9.8176          0.1304
             0.3290          0.1304          9.7151

     Atom 22  N   pos: (  0.288250  0.281056  0.285668)  dia sigma:           9.75
             9.7164         -0.3247          0.3290
            -0.3247          9.8176          0.1304
             0.3290          0.1304          9.7151

     Atom 23  C   pos: (  1.566286  1.153973  0.768935)  dia sigma:           4.02
             4.1097          0.0030          0.0215
             0.0030          3.9642         -0.1069
             0.0215         -0.1069          3.9894

     Atom 24  C   pos: (  0.179407  0.250495  0.157977)  dia sigma:           4.02
             4.1097          0.0030          0.0215
             0.0030          3.9642         -0.1069
             0.0215         -0.1069          3.9894

     Atom 25  N   pos: (  1.549295  1.271622  0.866705)  dia sigma:           9.06
             8.9235          0.2965         -0.0413
             0.2965          9.0071         -0.0001
            -0.0413         -0.0001          9.2504

     Atom 26  N   pos: (  0.196398  0.132846  0.060207)  dia sigma:           9.06
             8.9235          0.2965         -0.0413
             0.2965          9.0071         -0.0001
            -0.0413         -0.0001          9.2504

     Atom 27  N   pos: (  1.342181  1.237412  0.588198)  dia sigma:           8.49
             8.7358         -0.3747          0.2911
            -0.3747          8.6809          0.0430
             0.2911          0.0430          8.0568

     Atom 28  N   pos: (  0.403512  0.167056  0.338714)  dia sigma:           8.49
             8.7358         -0.3747          0.2911
            -0.3747          8.6809          0.0430
             0.2911          0.0430          8.0568

     Atom 29  C   pos: (  1.216746  1.259093  0.679763)  dia sigma:           4.06
             4.0292          0.1512          0.0865
             0.1512          4.1099          0.1465
             0.0865          0.1465          4.0290

     Atom 30  C   pos: (  0.528947  0.145375  0.247149)  dia sigma:           4.06
             4.0292          0.1512          0.0865
             0.1512          4.1099          0.1465
             0.0865          0.1465          4.0290

     Atom 31  C   pos: (  1.176886  1.172336  0.833198)  dia sigma:           4.44
             4.4128          0.0233         -0.0166
             0.0233          4.4356         -0.0288
            -0.0166         -0.0288          4.4815

     Atom 32  C   pos: (  0.568807  0.232132  0.093714)  dia sigma:           4.44
             4.4128          0.0233         -0.0166
             0.0233          4.4356         -0.0288
            -0.0166         -0.0288          4.4815

     Atom 33  C   pos: (  0.752414  0.382004  0.620765)  dia sigma:           4.44
             4.4527         -0.0380          0.0333
            -0.0380          4.4655         -0.0089
             0.0333         -0.0089          4.4146

     Atom 34  C   pos: (  0.993279  1.022464  0.306147)  dia sigma:           4.44
             4.4527         -0.0380          0.0333
            -0.0380          4.4655         -0.0089
             0.0333         -0.0089          4.4146

     Atom 35  H   pos: (  1.239319  0.866996  0.026340)  dia sigma:           1.07
             1.0743         -0.0000         -0.0000
            -0.0000          1.0743          0.0000
            -0.0000          0.0000          1.0743

     Atom 36  H   pos: (  0.506374  0.537472  0.900572)  dia sigma:           1.07
             1.0743         -0.0000         -0.0000
            -0.0000          1.0743          0.0000
            -0.0000          0.0000          1.0743

     Atom 37  H   pos: (  1.271037  1.087943  0.872444)  dia sigma:           1.14
             1.1367         -0.0000         -0.0000
            -0.0000          1.1367          0.0000
            -0.0000          0.0000          1.1367

     Atom 38  H   pos: (  0.474656  0.316525  0.054468)  dia sigma:           1.14
             1.1367         -0.0000         -0.0000
            -0.0000          1.1367          0.0000
            -0.0000          0.0000          1.1367

     Atom 39  H   pos: (  1.152502  1.261688  0.929107)  dia sigma:           1.11
             1.1106         -0.0000         -0.0000
            -0.0000          1.1106          0.0000
            -0.0000          0.0000          1.1106

     Atom 40  H   pos: (  0.593191  0.142780 -0.002195)  dia sigma:           1.11
             1.1106         -0.0000         -0.0000
            -0.0000          1.1106          0.0000
            -0.0000          0.0000          1.1106

     Atom 41  H   pos: (  1.063293  1.105065  0.814586)  dia sigma:           1.11
             1.1133         -0.0000         -0.0000
            -0.0000          1.1133          0.0000
            -0.0000          0.0000          1.1133

     Atom 42  H   pos: (  0.682400  0.299403  0.112326)  dia sigma:           1.11
             1.1133         -0.0000         -0.0000
            -0.0000          1.1133          0.0000
            -0.0000          0.0000          1.1133

     Atom 43  H   pos: (  0.788511  0.433318  0.503871)  dia sigma:           1.13
             1.1262         -0.0000         -0.0000
            -0.0000          1.1262          0.0000
            -0.0000          0.0000          1.1262

     Atom 44  H   pos: (  0.957182  0.971150  0.423041)  dia sigma:           1.13
             1.1262         -0.0000         -0.0000
            -0.0000          1.1262          0.0000
            -0.0000          0.0000          1.1262

     Atom 45  H   pos: (  0.741550  0.479996  0.710726)  dia sigma:           1.11
             1.1102         -0.0000         -0.0000
            -0.0000          1.1102         -0.0000
            -0.0000          0.0000          1.1102

     Atom 46  H   pos: (  1.004143  0.924472  0.216186)  dia sigma:           1.11
             1.1102         -0.0000         -0.0000
            -0.0000          1.1102         -0.0000
            -0.0000          0.0000          1.1102

     Atom 47  H   pos: (  0.630834  0.327893  0.610053)  dia sigma:           1.11
             1.1079         -0.0000         -0.0000
            -0.0000          1.1079          0.0000
            -0.0000          0.0000          1.1079

     Atom 48  H   pos: (  1.114859  1.076575  0.316859)  dia sigma:           1.11
             1.1079         -0.0000         -0.0000
            -0.0000          1.1079          0.0000
            -0.0000          0.0000          1.1079

     Paramagnetic contribution in ppm:
 
     Atom  1  S   pos: (  0.724376  1.004191  0.766314)  para sigma:        -706.26
          -764.7435         48.9950       -127.2494
            83.1586       -649.8508          9.3564
           -86.7671        -43.4468       -704.1866

     Atom  2  S   pos: (  1.021317  0.400277  0.160598)  para sigma:        -706.26
          -764.7435         48.9950       -127.2494
            83.1586       -649.8508          9.3564
           -86.7671        -43.4468       -704.1866

     Atom  3  C   pos: (  0.642404  0.912536  0.594981)  para sigma:        -120.46
          -131.1562         28.6225        -21.3670
            12.6987       -111.5100        -24.7953
           -34.7898        -10.5488       -118.7253

     Atom  4  C   pos: (  1.103289  0.491932  0.331931)  para sigma:        -120.46
          -131.1562         28.6225        -21.3670
            12.6987       -111.5100        -24.7953
           -34.7898        -10.5488       -118.7253

     Atom  5  N   pos: (  0.702640  0.785191  0.524429)  para sigma:        -183.28
          -140.9852         77.5291        -75.6896
            61.1552       -195.5236       -157.7377
           -92.6067       -138.0042       -213.3229

     Atom  6  N   pos: (  1.043053  0.619277  0.402483)  para sigma:        -183.28
          -140.9852         77.5291        -75.6896
            61.1552       -195.5236       -157.7377
           -92.6067       -138.0042       -213.3229

     Atom  7  C   pos: (  0.614867  0.739987  0.391660)  para sigma:        -115.33
          -126.7815         17.1081        -27.1120
            16.3971       -103.7166         -6.7490
           -26.6638         -7.2184       -115.4788

     Atom  8  C   pos: (  1.130826  0.664481  0.535252)  para sigma:        -115.33
          -126.7815         17.1081        -27.1120
            16.3971       -103.7166         -6.7490
           -26.6638         -7.2184       -115.4788

     Atom  9  N   pos: (  0.643334  0.615615  0.294809)  para sigma:        -267.47
          -264.5429         47.1729        -87.3198
            26.1747       -240.6919        -94.6566
          -110.0989        -75.5393       -297.1705

     Atom 10  N   pos: (  1.102359  0.788853  0.632103)  para sigma:        -267.47
          -264.5429         47.1729        -87.3198
            26.1747       -240.6919        -94.6566
          -110.0989        -75.5393       -297.1705

     Atom 11  O   pos: (  0.518122  0.620845  0.183938)  para sigma:        -252.23
          -237.0421         25.1540        -36.7230
            28.9082       -255.0066        -54.9618
           -36.9913        -58.9851       -264.6425

     Atom 12  O   pos: (  1.227571  0.783623  0.742973)  para sigma:        -252.23
          -237.0421         25.1540        -36.7230
            28.9082       -255.0066        -54.9618
           -36.9913        -58.9851       -264.6425

     Atom 13  N   pos: (  0.410881  0.748819  0.210971)  para sigma:        -255.66
          -240.7310         55.7262        -52.8904
            80.0250       -276.5725        -74.6661
           -28.3169        -99.7823       -249.6730

     Atom 14  N   pos: (  1.334812  0.655649  0.715941)  para sigma:        -255.66
          -240.7310         55.7262        -52.8904
            80.0250       -276.5725        -74.6661
           -28.3169        -99.7823       -249.6730

     Atom 15  C   pos: (  0.471023  0.823676  0.339260)  para sigma:        -116.00
          -124.6315         30.3826        -13.3723
            30.3059       -119.3353        -12.7061
           -14.0540        -13.0098       -104.0351

     Atom 16  C   pos: (  1.274670  0.580792  0.587652)  para sigma:        -116.00
          -124.6315         30.3826        -13.3723
            30.3059       -119.3353        -12.7061
           -14.0540        -13.0098       -104.0351

     Atom 17  N   pos: (  1.408740  0.956000  0.415106)  para sigma:        -146.64
          -118.2996         43.3588        -81.6887
            56.6215       -155.2378       -122.9969
           -56.3107       -121.0074       -166.3947

     Atom 18  N   pos: (  0.336953  0.448468  0.511806)  para sigma:        -146.64
          -118.2996         43.3588        -81.6887
            56.6215       -155.2378       -122.9969
           -56.3107       -121.0074       -166.3947

     Atom 19  C   pos: (  1.495856  0.997171  0.541871)  para sigma:        -111.59
          -111.2128         25.2735        -10.4377
            33.6225       -121.1866        -17.0351
            -3.5584        -23.9541       -102.3686

     Atom 20  C   pos: (  0.249837  0.407297  0.385041)  para sigma:        -111.59
          -111.2128         25.2735        -10.4377
            33.6225       -121.1866        -17.0351
            -3.5584        -23.9541       -102.3686

     Atom 21  N   pos: (  1.457443  1.123412  0.641244)  para sigma:        -131.44
          -125.1797          7.9781         -7.3707
            11.9616       -125.5237        -16.2285
           -13.8465        -25.0669       -143.6281

     Atom 22  N   pos: (  0.288250  0.281056  0.285668)  para sigma:        -131.44
          -125.1797          7.9781         -7.3707
            11.9616       -125.5237        -16.2285
           -13.8465        -25.0669       -143.6281

     Atom 23  C   pos: (  1.566286  1.153973  0.768935)  para sigma:        -114.58
          -139.3600         24.0413        -25.2307
            11.2785        -97.5749         -0.1572
           -40.6111         16.5433       -106.8173

     Atom 24  C   pos: (  0.179407  0.250495  0.157977)  para sigma:        -114.58
          -139.3600         24.0413        -25.2307
            11.2785        -97.5749         -0.1572
           -40.6111         16.5433       -106.8173

     Atom 25  N   pos: (  1.549295  1.271622  0.866705)  para sigma:        -168.72
          -172.0961         19.1594       -121.3932
            26.8098       -120.3862        -74.1295
          -119.6045        -87.1010       -213.6776

     Atom 26  N   pos: (  0.196398  0.132846  0.060207)  para sigma:        -168.72
          -172.0961         19.1594       -121.3932
            26.8098       -120.3862        -74.1295
          -119.6045        -87.1010       -213.6776

     Atom 27  N   pos: (  1.342181  1.237412  0.588198)  para sigma:        -201.09
          -231.1423         99.0245        -23.6423
           115.3860       -206.5936         37.0352
           -22.5956         36.4764       -165.5296

     Atom 28  N   pos: (  0.403512  0.167056  0.338714)  para sigma:        -201.09
          -231.1423         99.0245        -23.6423
           115.3860       -206.5936         37.0352
           -22.5956         36.4764       -165.5296

     Atom 29  C   pos: (  1.216746  1.259093  0.679763)  para sigma:        -137.02
          -148.3788         50.7010         10.8364
            36.4900       -124.0686         46.8926
            22.5950         36.4098       -138.6206

     Atom 30  C   pos: (  0.528947  0.145375  0.247149)  para sigma:        -137.02
          -148.3788         50.7010         10.8364
            36.4900       -124.0686         46.8926
            22.5950         36.4098       -138.6206

     Atom 31  C   pos: (  1.176886  1.172336  0.833198)  para sigma:         -53.56
           -60.6963          5.3898          0.6278
             5.1958        -51.1317         -5.5135
             4.2339         -5.5115        -48.8529

     Atom 32  C   pos: (  0.568807  0.232132  0.093714)  para sigma:         -53.56
           -60.6963          5.3898          0.6278
             5.1958        -51.1317         -5.5135
             4.2339         -5.5115        -48.8529

     Atom 33  C   pos: (  0.752414  0.382004  0.620765)  para sigma:         -55.86
           -58.4481         -6.1397          8.6600
            -5.0182        -51.5883         -5.5537
             6.6452         -4.6949        -57.5489

     Atom 34  C   pos: (  0.993279  1.022464  0.306147)  para sigma:         -55.86
           -58.4481         -6.1397          8.6600
            -5.0182        -51.5883         -5.5537
             6.6452         -4.6949        -57.5489

     Atom 35  H   pos: (  1.239319  0.866996  0.026340)  para sigma:           0.00
             0.0000          0.0000          0.0000
             0.0000          0.0000          0.0000
             0.0000          0.0000          0.0000

     Atom 36  H   pos: (  0.506374  0.537472  0.900572)  para sigma:           0.00
             0.0000          0.0000          0.0000
             0.0000          0.0000          0.0000
             0.0000          0.0000          0.0000

     Atom 37  H   pos: (  1.271037  1.087943  0.872444)  para sigma:           0.00
             0.0000          0.0000          0.0000
             0.0000          0.0000          0.0000
             0.0000          0.0000          0.0000

     Atom 38  H   pos: (  0.474656  0.316525  0.054468)  para sigma:           0.00
             0.0000          0.0000          0.0000
             0.0000          0.0000          0.0000
             0.0000          0.0000          0.0000

     Atom 39  H   pos: (  1.152502  1.261688  0.929107)  para sigma:           0.00
             0.0000          0.0000          0.0000
             0.0000          0.0000          0.0000
             0.0000          0.0000          0.0000

     Atom 40  H   pos: (  0.593191  0.142780 -0.002195)  para sigma:           0.00
             0.0000          0.0000          0.0000
             0.0000          0.0000          0.0000
             0.0000          0.0000          0.0000

     Atom 41  H   pos: (  1.063293  1.105065  0.814586)  para sigma:           0.00
             0.0000          0.0000          0.0000
             0.0000          0.0000          0.0000
             0.0000          0.0000          0.0000

     Atom 42  H   pos: (  0.682400  0.299403  0.112326)  para sigma:           0.00
             0.0000          0.0000          0.0000
             0.0000          0.0000          0.0000
             0.0000          0.0000          0.0000

     Atom 43  H   pos: (  0.788511  0.433318  0.503871)  para sigma:           0.00
             0.0000          0.0000          0.0000
             0.0000          0.0000          0.0000
             0.0000          0.0000          0.0000

     Atom 44  H   pos: (  0.957182  0.971150  0.423041)  para sigma:           0.00
             0.0000          0.0000          0.0000
             0.0000          0.0000          0.0000
             0.0000          0.0000          0.0000

     Atom 45  H   pos: (  0.741550  0.479996  0.710726)  para sigma:           0.00
             0.0000          0.0000          0.0000
             0.0000          0.0000          0.0000
             0.0000          0.0000          0.0000

     Atom 46  H   pos: (  1.004143  0.924472  0.216186)  para sigma:           0.00
             0.0000          0.0000          0.0000
             0.0000          0.0000          0.0000
             0.0000          0.0000          0.0000

     Atom 47  H   pos: (  0.630834  0.327893  0.610053)  para sigma:           0.00
             0.0000          0.0000          0.0000
             0.0000          0.0000          0.0000
             0.0000          0.0000          0.0000

     Atom 48  H   pos: (  1.114859  1.076575  0.316859)  para sigma:           0.00
             0.0000          0.0000          0.0000
             0.0000          0.0000          0.0000
             0.0000          0.0000          0.0000

     Paramagnetic US occ-occ contribution in ppm:
 
     Atom  1  S   pos: (  0.724376  1.004191  0.766314)  para_oo sigma:          -4.06
            -4.7006          2.3679         -1.4934
             1.4171         -3.8146         -1.9144
            -2.3891         -1.0183         -3.6755

     Atom  2  S   pos: (  1.021317  0.400277  0.160598)  para_oo sigma:          -4.06
            -4.7006          2.3679         -1.4934
             1.4171         -3.8146         -1.9144
            -2.3891         -1.0183         -3.6755

     Atom  3  C   pos: (  0.642404  0.912536  0.594981)  para_oo sigma:          -1.79
            -2.1681         -0.0079         -0.5304
             0.0222         -1.3394          0.2722
            -0.5888          0.2629         -1.8661

     Atom  4  C   pos: (  1.103289  0.491932  0.331931)  para_oo sigma:          -1.79
            -2.1681         -0.0079         -0.5304
             0.0222         -1.3394          0.2722
            -0.5888          0.2629         -1.8661

     Atom  5  N   pos: (  0.702640  0.785191  0.524429)  para_oo sigma:          -1.34
            -2.0342          0.8379         -0.4727
             0.6880         -1.0603          0.3113
            -0.5851          0.3705         -0.9118

     Atom  6  N   pos: (  1.043053  0.619277  0.402483)  para_oo sigma:          -1.34
            -2.0342          0.8379         -0.4727
             0.6880         -1.0603          0.3113
            -0.5851          0.3705         -0.9118

     Atom  7  C   pos: (  0.614867  0.739987  0.391660)  para_oo sigma:          -1.75
            -2.2487          0.7457         -0.2958
             0.5410         -1.6277          0.0637
            -0.4697          0.2615         -1.3718

     Atom  8  C   pos: (  1.130826  0.664481  0.535252)  para_oo sigma:          -1.75
            -2.2487          0.7457         -0.2958
             0.5410         -1.6277          0.0637
            -0.4697          0.2615         -1.3718

     Atom  9  N   pos: (  0.643334  0.615615  0.294809)  para_oo sigma:          -1.67
            -1.5280          0.9541         -0.1715
            -0.3294         -1.5284         -1.4851
            -1.4620         -0.2793         -1.9677

     Atom 10  N   pos: (  1.102359  0.788853  0.632103)  para_oo sigma:          -1.67
            -1.5280          0.9541         -0.1715
            -0.3294         -1.5284         -1.4851
            -1.4620         -0.2793         -1.9677

     Atom 11  O   pos: (  0.518122  0.620845  0.183938)  para_oo sigma:          -3.00
            -2.5291          0.0391         -0.1608
             0.0576         -3.2345         -0.9002
            -0.1432         -0.8516         -3.2454

     Atom 12  O   pos: (  1.227571  0.783623  0.742973)  para_oo sigma:          -3.00
            -2.5291          0.0391         -0.1608
             0.0576         -3.2345         -0.9002
            -0.1432         -0.8516         -3.2454

     Atom 13  N   pos: (  0.410881  0.748819  0.210971)  para_oo sigma:          -1.51
            -1.4503          0.1288         -0.9376
             1.3612         -1.7615         -0.1838
             0.3170         -1.3687         -1.3306

     Atom 14  N   pos: (  1.334812  0.655649  0.715941)  para_oo sigma:          -1.51
            -1.4503          0.1288         -0.9376
             1.3612         -1.7615         -0.1838
             0.3170         -1.3687         -1.3306

     Atom 15  C   pos: (  0.471023  0.823676  0.339260)  para_oo sigma:          -1.74
            -2.2682          0.4708         -0.5774
             0.6582         -1.5040          0.2693
            -0.3868          0.0828         -1.4404

     Atom 16  C   pos: (  1.274670  0.580792  0.587652)  para_oo sigma:          -1.74
            -2.2682          0.4708         -0.5774
             0.6582         -1.5040          0.2693
            -0.3868          0.0828         -1.4404

     Atom 17  N   pos: (  1.408740  0.956000  0.415106)  para_oo sigma:          -1.56
            -2.3338          0.8651         -0.6575
             1.1631         -1.3303          0.3713
            -0.6403          0.2236         -1.0031

     Atom 18  N   pos: (  0.336953  0.448468  0.511806)  para_oo sigma:          -1.56
            -2.3338          0.8651         -0.6575
             1.1631         -1.3303          0.3713
            -0.6403          0.2236         -1.0031

     Atom 19  C   pos: (  1.495856  0.997171  0.541871)  para_oo sigma:          -1.66
            -1.9450          0.6451         -0.2520
             0.5520         -1.6875         -0.1259
            -0.2695         -0.0589         -1.3334

     Atom 20  C   pos: (  0.249837  0.407297  0.385041)  para_oo sigma:          -1.66
            -1.9450          0.6451         -0.2520
             0.5520         -1.6875         -0.1259
            -0.2695         -0.0589         -1.3334

     Atom 21  N   pos: (  1.457443  1.123412  0.641244)  para_oo sigma:          -1.78
            -2.4476          1.4633         -0.3769
             1.2385         -1.6997          0.1886
            -0.3974         -0.0268         -1.1803

     Atom 22  N   pos: (  0.288250  0.281056  0.285668)  para_oo sigma:          -1.78
            -2.4476          1.4633         -0.3769
             1.2385         -1.6997          0.1886
            -0.3974         -0.0268         -1.1803

     Atom 23  C   pos: (  1.566286  1.153973  0.768935)  para_oo sigma:          -2.35
            -2.8937          0.0476         -0.8454
             0.2895         -1.8106          0.4075
            -0.6059          0.1774         -2.3416

     Atom 24  C   pos: (  0.179407  0.250495  0.157977)  para_oo sigma:          -2.35
            -2.8937          0.0476         -0.8454
             0.2895         -1.8106          0.4075
            -0.6059          0.1774         -2.3416

     Atom 25  N   pos: (  1.549295  1.271622  0.866705)  para_oo sigma:          -1.19
            -1.6928          0.5787         -0.0287
             0.3379         -1.0609          0.0995
            -0.4205          0.5404         -0.8245

     Atom 26  N   pos: (  0.196398  0.132846  0.060207)  para_oo sigma:          -1.19
            -1.6928          0.5787         -0.0287
             0.3379         -1.0609          0.0995
            -0.4205          0.5404         -0.8245

     Atom 27  N   pos: (  1.342181  1.237412  0.588198)  para_oo sigma:          -1.22
            -0.6740          0.1216         -0.2233
             0.1594         -1.2758          0.6337
             0.1305          0.6574         -1.7240

     Atom 28  N   pos: (  0.403512  0.167056  0.338714)  para_oo sigma:          -1.22
            -0.6740          0.1216         -0.2233
             0.1594         -1.2758          0.6337
             0.1305          0.6574         -1.7240

     Atom 29  C   pos: (  1.216746  1.259093  0.679763)  para_oo sigma:          -1.37
            -0.5855          0.6474         -0.8748
             0.4844         -1.8103          1.2369
            -0.6624          1.2877         -1.7111

     Atom 30  C   pos: (  0.528947  0.145375  0.247149)  para_oo sigma:          -1.37
            -0.5855          0.6474         -0.8748
             0.4844         -1.8103          1.2369
            -0.6624          1.2877         -1.7111

     Atom 31  C   pos: (  1.176886  1.172336  0.833198)  para_oo sigma:          -0.18
            -0.1953          0.0557         -0.0796
             0.0267         -0.1934          0.0274
            -0.0197         -0.0190         -0.1534

     Atom 32  C   pos: (  0.568807  0.232132  0.093714)  para_oo sigma:          -0.18
            -0.1953          0.0557         -0.0796
             0.0267         -0.1934          0.0274
            -0.0197         -0.0190         -0.1534

     Atom 33  C   pos: (  0.752414  0.382004  0.620765)  para_oo sigma:          -0.27
            -0.1500         -0.0546          0.0835
            -0.0485         -0.2277          0.1453
             0.0681          0.1580         -0.4412

     Atom 34  C   pos: (  0.993279  1.022464  0.306147)  para_oo sigma:          -0.27
            -0.1500         -0.0546          0.0835
            -0.0485         -0.2277          0.1453
             0.0681          0.1580         -0.4412

     Atom 35  H   pos: (  1.239319  0.866996  0.026340)  para_oo sigma:           0.00
             0.0000          0.0000          0.0000
             0.0000          0.0000          0.0000
             0.0000          0.0000          0.0000

     Atom 36  H   pos: (  0.506374  0.537472  0.900572)  para_oo sigma:           0.00
             0.0000          0.0000          0.0000
             0.0000          0.0000          0.0000
             0.0000          0.0000          0.0000

     Atom 37  H   pos: (  1.271037  1.087943  0.872444)  para_oo sigma:           0.00
             0.0000          0.0000          0.0000
             0.0000          0.0000          0.0000
             0.0000          0.0000          0.0000

     Atom 38  H   pos: (  0.474656  0.316525  0.054468)  para_oo sigma:           0.00
             0.0000          0.0000          0.0000
             0.0000          0.0000          0.0000
             0.0000          0.0000          0.0000

     Atom 39  H   pos: (  1.152502  1.261688  0.929107)  para_oo sigma:           0.00
             0.0000          0.0000          0.0000
             0.0000          0.0000          0.0000
             0.0000          0.0000          0.0000

     Atom 40  H   pos: (  0.593191  0.142780 -0.002195)  para_oo sigma:           0.00
             0.0000          0.0000          0.0000
             0.0000          0.0000          0.0000
             0.0000          0.0000          0.0000

     Atom 41  H   pos: (  1.063293  1.105065  0.814586)  para_oo sigma:           0.00
             0.0000          0.0000          0.0000
             0.0000          0.0000          0.0000
             0.0000          0.0000          0.0000

     Atom 42  H   pos: (  0.682400  0.299403  0.112326)  para_oo sigma:           0.00
             0.0000          0.0000          0.0000
             0.0000          0.0000          0.0000
             0.0000          0.0000          0.0000

     Atom 43  H   pos: (  0.788511  0.433318  0.503871)  para_oo sigma:           0.00
             0.0000          0.0000          0.0000
             0.0000          0.0000          0.0000
             0.0000          0.0000          0.0000

     Atom 44  H   pos: (  0.957182  0.971150  0.423041)  para_oo sigma:           0.00
             0.0000          0.0000          0.0000
             0.0000          0.0000          0.0000
             0.0000          0.0000          0.0000

     Atom 45  H   pos: (  0.741550  0.479996  0.710726)  para_oo sigma:           0.00
             0.0000          0.0000          0.0000
             0.0000          0.0000          0.0000
             0.0000          0.0000          0.0000

     Atom 46  H   pos: (  1.004143  0.924472  0.216186)  para_oo sigma:           0.00
             0.0000          0.0000          0.0000
             0.0000          0.0000          0.0000
             0.0000          0.0000          0.0000

     Atom 47  H   pos: (  0.630834  0.327893  0.610053)  para_oo sigma:           0.00
             0.0000          0.0000          0.0000
             0.0000          0.0000          0.0000
             0.0000          0.0000          0.0000

     Atom 48  H   pos: (  1.114859  1.076575  0.316859)  para_oo sigma:           0.00
             0.0000          0.0000          0.0000
             0.0000          0.0000          0.0000
             0.0000          0.0000          0.0000

     Paramagnetic US L_R Q_R contribution in ppm:
 
     Atom  1  S   pos: (  0.724376  1.004191  0.766314)  para_lq sigma:           5.15
            10.4573          3.7612          1.7640
             6.0704         -1.1123         -9.5452
             4.6005        -10.8156          6.0974

     Atom  2  S   pos: (  1.021317  0.400277  0.160598)  para_lq sigma:           5.15
            10.4573          3.7612          1.7640
             6.0704         -1.1123         -9.5452
             4.6005        -10.8156          6.0974

     Atom  3  C   pos: (  0.642404  0.912536  0.594981)  para_lq sigma:         -13.67
           -13.8249         -1.0006         -2.5695
            -2.2598        -11.2443         -1.1478
            -4.0135         -0.0619        -15.9462

     Atom  4  C   pos: (  1.103289  0.491932  0.331931)  para_lq sigma:         -13.67
           -13.8249         -1.0006         -2.5695
            -2.2598        -11.2443         -1.1478
            -4.0135         -0.0619        -15.9462

     Atom  5  N   pos: (  0.702640  0.785191  0.524429)  para_lq sigma:         -70.55
           -62.6311         -2.8406         -2.7877
            -2.1406        -71.8946        -11.1206
            -1.9784        -11.8752        -77.1143

     Atom  6  N   pos: (  1.043053  0.619277  0.402483)  para_lq sigma:         -70.55
           -62.6311         -2.8406         -2.7877
            -2.1406        -71.8946        -11.1206
            -1.9784        -11.8752        -77.1143

     Atom  7  C   pos: (  0.614867  0.739987  0.391660)  para_lq sigma:         -15.97
           -18.4324          1.9716         -3.4474
             2.4092        -14.2974          0.8990
            -2.8037          0.4860        -15.1845

     Atom  8  C   pos: (  1.130826  0.664481  0.535252)  para_lq sigma:         -15.97
           -18.4324          1.9716         -3.4474
             2.4092        -14.2974          0.8990
            -2.8037          0.4860        -15.1845

     Atom  9  N   pos: (  0.643334  0.615615  0.294809)  para_lq sigma:         -83.51
           -80.0992          1.7803        -10.2621
            -0.2701        -80.3225        -13.5471
           -12.5748        -11.5119        -90.1109

     Atom 10  N   pos: (  1.102359  0.788853  0.632103)  para_lq sigma:         -83.51
           -80.0992          1.7803        -10.2621
            -0.2701        -80.3225        -13.5471
           -12.5748        -11.5119        -90.1109

     Atom 11  O   pos: (  0.518122  0.620845  0.183938)  para_lq sigma:        -166.11
          -166.2508         11.5029        -12.2531
            11.2267       -166.0722        -14.3172
           -12.3903        -14.1255       -166.0074

     Atom 12  O   pos: (  1.227571  0.783623  0.742973)  para_lq sigma:        -166.11
          -166.2508         11.5029        -12.2531
            11.2267       -166.0722        -14.3172
           -12.3903        -14.1255       -166.0074

     Atom 13  N   pos: (  0.410881  0.748819  0.210971)  para_lq sigma:         -82.35
           -77.0726          5.5307         -4.4280
             7.9902        -86.9422        -12.7145
            -2.0535        -15.1117        -83.0454

     Atom 14  N   pos: (  1.334812  0.655649  0.715941)  para_lq sigma:         -82.35
           -77.0726          5.5307         -4.4280
             7.9902        -86.9422        -12.7145
            -2.0535        -15.1117        -83.0454

     Atom 15  C   pos: (  0.471023  0.823676  0.339260)  para_lq sigma:         -15.75
           -17.5853          3.9188         -0.5803
             3.1806        -16.0390         -0.2464
            -1.3179          0.4072        -13.6108

     Atom 16  C   pos: (  1.274670  0.580792  0.587652)  para_lq sigma:         -15.75
           -17.5853          3.9188         -0.5803
             3.1806        -16.0390         -0.2464
            -1.3179          0.4072        -13.6108

     Atom 17  N   pos: (  1.408740  0.956000  0.415106)  para_lq sigma:         -70.30
           -64.0665         -0.5096         -2.3115
             0.1441        -71.8995         -9.9160
            -2.0844        -10.2096        -74.9271

     Atom 18  N   pos: (  0.336953  0.448468  0.511806)  para_lq sigma:         -70.30
           -64.0665         -0.5096         -2.3115
             0.1441        -71.8995         -9.9160
            -2.0844        -10.2096        -74.9271

     Atom 19  C   pos: (  1.495856  0.997171  0.541871)  para_lq sigma:         -14.95
           -15.4142          1.7360         -1.7570
             3.4649        -15.6000         -0.5349
             0.4522         -2.3524        -13.8360

     Atom 20  C   pos: (  0.249837  0.407297  0.385041)  para_lq sigma:         -14.95
           -15.4142          1.7360         -1.7570
             3.4649        -15.6000         -0.5349
             0.4522         -2.3524        -13.8360

     Atom 21  N   pos: (  1.457443  1.123412  0.641244)  para_lq sigma:         -67.03
           -66.9866          8.0854         -5.1050
             6.6456        -67.2126         -4.5655
            -6.8261         -4.1953        -66.8975

     Atom 22  N   pos: (  0.288250  0.281056  0.285668)  para_lq sigma:         -67.03
           -66.9866          8.0854         -5.1050
             6.6456        -67.2126         -4.5655
            -6.8261         -4.1953        -66.8975

     Atom 23  C   pos: (  1.566286  1.153973  0.768935)  para_lq sigma:         -14.50
           -17.9524          3.4663         -1.4782
             1.8930        -13.0093          1.3460
            -2.8824          2.7450        -12.5295

     Atom 24  C   pos: (  0.179407  0.250495  0.157977)  para_lq sigma:         -14.50
           -17.9524          3.4663         -1.4782
             1.8930        -13.0093          1.3460
            -2.8824          2.7450        -12.5295

     Atom 25  N   pos: (  1.549295  1.271622  0.866705)  para_lq sigma:         -69.22
           -67.2792         -2.3727         -7.6214
            -0.9439        -66.3827         -5.7416
            -6.2312         -6.6187        -73.9851

     Atom 26  N   pos: (  0.196398  0.132846  0.060207)  para_lq sigma:         -69.22
           -67.2792         -2.3727         -7.6214
            -0.9439        -66.3827         -5.7416
            -6.2312         -6.6187        -73.9851

     Atom 27  N   pos: (  1.342181  1.237412  0.588198)  para_lq sigma:         -73.36
           -80.4741         10.3123         -0.2912
            12.0424        -73.7037          1.1237
            -1.6886          2.7703        -65.9138

     Atom 28  N   pos: (  0.403512  0.167056  0.338714)  para_lq sigma:         -73.36
           -80.4741         10.3123         -0.2912
            12.0424        -73.7037          1.1237
            -1.6886          2.7703        -65.9138

     Atom 29  C   pos: (  1.216746  1.259093  0.679763)  para_lq sigma:         -15.62
           -15.0207          4.0710         -2.4931
             2.4220        -16.3700          4.1193
            -0.6114          3.1407        -15.4620

     Atom 30  C   pos: (  0.528947  0.145375  0.247149)  para_lq sigma:         -15.62
           -15.0207          4.0710         -2.4931
             2.4220        -16.3700          4.1193
            -0.6114          3.1407        -15.4620

     Atom 31  C   pos: (  1.176886  1.172336  0.833198)  para_lq sigma:         -11.41
           -11.6821          0.3367         -0.1056
             0.4780        -11.4131         -0.0130
            -0.1390          0.0125        -11.1428

     Atom 32  C   pos: (  0.568807  0.232132  0.093714)  para_lq sigma:         -11.41
           -11.6821          0.3367         -0.1056
             0.4780        -11.4131         -0.0130
            -0.1390          0.0125        -11.1428

     Atom 33  C   pos: (  0.752414  0.382004  0.620765)  para_lq sigma:         -11.13
           -11.1655          0.0159          0.2479
             0.0305        -10.9735          0.0927
             0.2003          0.1071        -11.2509

     Atom 34  C   pos: (  0.993279  1.022464  0.306147)  para_lq sigma:         -11.13
           -11.1655          0.0159          0.2479
             0.0305        -10.9735          0.0927
             0.2003          0.1071        -11.2509

     Atom 35  H   pos: (  1.239319  0.866996  0.026340)  para_lq sigma:           0.00
             0.0000          0.0000          0.0000
             0.0000          0.0000          0.0000
             0.0000          0.0000          0.0000

     Atom 36  H   pos: (  0.506374  0.537472  0.900572)  para_lq sigma:           0.00
             0.0000          0.0000          0.0000
             0.0000          0.0000          0.0000
             0.0000          0.0000          0.0000

     Atom 37  H   pos: (  1.271037  1.087943  0.872444)  para_lq sigma:           0.00
             0.0000          0.0000          0.0000
             0.0000          0.0000          0.0000
             0.0000          0.0000          0.0000

     Atom 38  H   pos: (  0.474656  0.316525  0.054468)  para_lq sigma:           0.00
             0.0000          0.0000          0.0000
             0.0000          0.0000          0.0000
             0.0000          0.0000          0.0000

     Atom 39  H   pos: (  1.152502  1.261688  0.929107)  para_lq sigma:           0.00
             0.0000          0.0000          0.0000
             0.0000          0.0000          0.0000
             0.0000          0.0000          0.0000

     Atom 40  H   pos: (  0.593191  0.142780 -0.002195)  para_lq sigma:           0.00
             0.0000          0.0000          0.0000
             0.0000          0.0000          0.0000
             0.0000          0.0000          0.0000

     Atom 41  H   pos: (  1.063293  1.105065  0.814586)  para_lq sigma:           0.00
             0.0000          0.0000          0.0000
             0.0000          0.0000          0.0000
             0.0000          0.0000          0.0000

     Atom 42  H   pos: (  0.682400  0.299403  0.112326)  para_lq sigma:           0.00
             0.0000          0.0000          0.0000
             0.0000          0.0000          0.0000
             0.0000          0.0000          0.0000

     Atom 43  H   pos: (  0.788511  0.433318  0.503871)  para_lq sigma:           0.00
             0.0000          0.0000          0.0000
             0.0000          0.0000          0.0000
             0.0000          0.0000          0.0000

     Atom 44  H   pos: (  0.957182  0.971150  0.423041)  para_lq sigma:           0.00
             0.0000          0.0000          0.0000
             0.0000          0.0000          0.0000
             0.0000          0.0000          0.0000

     Atom 45  H   pos: (  0.741550  0.479996  0.710726)  para_lq sigma:           0.00
             0.0000          0.0000          0.0000
             0.0000          0.0000          0.0000
             0.0000          0.0000          0.0000

     Atom 46  H   pos: (  1.004143  0.924472  0.216186)  para_lq sigma:           0.00
             0.0000          0.0000          0.0000
             0.0000          0.0000          0.0000
             0.0000          0.0000          0.0000

     Atom 47  H   pos: (  0.630834  0.327893  0.610053)  para_lq sigma:           0.00
             0.0000          0.0000          0.0000
             0.0000          0.0000          0.0000
             0.0000          0.0000          0.0000

     Atom 48  H   pos: (  1.114859  1.076575  0.316859)  para_lq sigma:           0.00
             0.0000          0.0000          0.0000
             0.0000          0.0000          0.0000
             0.0000          0.0000          0.0000

 
     Total NMR chemical shifts in ppm: ---------------------------------------
     (adopting the Simpson convention for anisotropy and asymmetry)-----------
 
     Atom  1  S   pos: (  0.724376  1.004191  0.766314)  Total sigma:         283.88
           224.8479         53.0839       -134.5877
            90.8181        339.9823          3.5720
           -89.2448        -52.5624        286.8149

     S    1    anisotropy:   -230.25    eta:   -0.8190
     S    1    sigma_11=    297.77    axis=( -0.224700  0.746478  0.626323)
     S    1    sigma_22=    423.49    axis=( -0.541713 -0.629976  0.556486)
     S    1    sigma_33=    130.38    axis=(  0.809973 -0.214245  0.545933)
 
     Atom  2  S   pos: (  1.021317  0.400277  0.160598)  Total sigma:         283.88
           224.8479         53.0839       -134.5877
            90.8181        339.9823          3.5720
           -89.2448        -52.5624        286.8149

     S    2    anisotropy:   -230.25    eta:   -0.8190
     S    2    sigma_11=    297.77    axis=( -0.224700  0.746478  0.626323)
     S    2    sigma_22=    423.49    axis=( -0.541713 -0.629976  0.556486)
     S    2    sigma_33=    130.38    axis=(  0.809973 -0.214245  0.545933)
 
     Atom  3  C   pos: (  0.642404  0.912536  0.594981)  Total sigma:           2.62
           -18.3097         51.4292        -42.2276
            19.4020         23.6004        -45.8300
           -71.5475        -17.3357          2.5833

     C    3    anisotropy:    124.55    eta:   -0.6624
     C    3    sigma_11=    -11.39    axis=(  0.308622 -0.790202 -0.529466)
     C    3    sigma_22=    -66.39    axis=(  0.789293 -0.097887  0.606164)
     C    3    sigma_33=     85.66    axis=(  0.530819  0.604979 -0.593491)
 
     Atom  4  C   pos: (  1.103289  0.491932  0.331931)  Total sigma:           2.62
           -18.3097         51.4292        -42.2276
            19.4020         23.6004        -45.8300
           -71.5475        -17.3357          2.5833

     C    4    anisotropy:    124.55    eta:   -0.6624
     C    4    sigma_11=    -11.39    axis=(  0.308622 -0.790202 -0.529466)
     C    4    sigma_22=    -66.39    axis=(  0.789293 -0.097887  0.606164)
     C    4    sigma_33=     85.66    axis=(  0.530819  0.604979 -0.593491)
 
     Atom  5  N   pos: (  0.702640  0.785191  0.524429)  Total sigma:         -52.83
            20.2339        118.0567       -120.7000
            94.8656        -72.7335       -254.6795
          -147.1141       -224.7302       -105.9971

     N    5    anisotropy:    480.18    eta:   -0.7431
     N    5    sigma_11=    -93.96    axis=(  0.819533 -0.473994  0.322017)
     N    5    sigma_22=   -331.83    axis=(  0.085995  0.657321  0.748689)
     N    5    sigma_33=    267.29    axis=(  0.566543  0.585883 -0.579457)
 
     Atom  6  N   pos: (  1.043053  0.619277  0.402483)  Total sigma:         -52.83
            20.2339        118.0567       -120.7000
            94.8656        -72.7335       -254.6795
          -147.1141       -224.7302       -105.9971

     N    6    anisotropy:    480.18    eta:   -0.7431
     N    6    sigma_11=    -93.96    axis=(  0.819533 -0.473994  0.322017)
     N    6    sigma_22=   -331.83    axis=(  0.085995  0.657321  0.748689)
     N    6    sigma_33=    267.29    axis=(  0.566543  0.585883 -0.579457)
 
     Atom  7  C   pos: (  0.614867  0.739987  0.391660)  Total sigma:          11.13
           -15.4297         42.7101        -58.8844
            42.2594         34.4928        -15.0245
           -58.8538        -14.7234         14.3342

     C    7    anisotropy:   -118.39    eta:   -0.9650
     C    7    sigma_11=     12.51    axis=( -0.172109  0.758214  0.628880)
     C    7    sigma_22=     88.68    axis=( -0.565202 -0.598876  0.567357)
     C    7    sigma_33=    -67.79    axis=( -0.806799  0.257797 -0.531616)
 
     Atom  8  C   pos: (  1.130826  0.664481  0.535252)  Total sigma:          11.13
           -15.4297         42.7101        -58.8844
            42.2594         34.4928        -15.0245
           -58.8538        -14.7234         14.3342

     C    8    anisotropy:   -118.39    eta:   -0.9650
     C    8    sigma_11=     12.51    axis=( -0.172109  0.758214  0.628880)
     C    8    sigma_22=     88.68    axis=( -0.565202 -0.598876  0.567357)
     C    8    sigma_33=    -67.79    axis=( -0.806799  0.257797 -0.531616)
 
     Atom  9  N   pos: (  0.643334  0.615615  0.294809)  Total sigma:        -199.42
          -186.1496         80.1657       -145.4726
            44.5923       -159.0422       -171.9319
          -186.8042       -137.1299       -253.0759

     N    9    anisotropy:    383.45    eta:   -0.7299
     N    9    sigma_11=   -233.95    axis=(  0.683771 -0.725752 -0.075775)
     N    9    sigma_22=   -420.53    axis=(  0.473085  0.361850  0.803277)
     N    9    sigma_33=     56.21    axis=(  0.555561  0.585106 -0.590765)
 
     Atom 10  N   pos: (  1.102359  0.788853  0.632103)  Total sigma:        -199.42
          -186.1496         80.1657       -145.4726
            44.5923       -159.0422       -171.9319
          -186.8042       -137.1299       -253.0759

     N   10    anisotropy:    383.45    eta:   -0.7299
     N   10    sigma_11=   -233.95    axis=(  0.683771 -0.725752 -0.075775)
     N   10    sigma_22=   -420.53    axis=(  0.473085  0.361850  0.803277)
     N   10    sigma_33=     56.21    axis=(  0.555561  0.585106 -0.590765)
 
     Atom 11  O   pos: (  0.518122  0.620845  0.183938)  Total sigma:        -177.31
          -152.8347         49.7228        -69.8087
            55.9558       -182.2143       -101.9989
           -70.2206       -106.1871       -196.8883

     O   11    anisotropy:    227.01    eta:   -0.5690
     O   11    sigma_11=   -209.92    axis=(  0.813117 -0.512305  0.276376)
     O   11    sigma_22=   -296.04    axis=(  0.139316  0.632265  0.762123)
     O   11    sigma_33=    -25.97    axis=( -0.565183 -0.581192  0.585478)
 
     Atom 12  O   pos: (  1.227571  0.783623  0.742973)  Total sigma:        -177.31
          -152.8347         49.7228        -69.8087
            55.9558       -182.2143       -101.9989
           -70.2206       -106.1871       -196.8883

     O   12    anisotropy:    227.01    eta:   -0.5690
     O   12    sigma_11=   -209.92    axis=(  0.813117 -0.512305  0.276376)
     O   12    sigma_22=   -296.04    axis=(  0.139316  0.632265  0.762123)
     O   12    sigma_33=    -25.97    axis=( -0.565183 -0.581192  0.585478)
 
     Atom 13  N   pos: (  0.410881  0.748819  0.210971)  Total sigma:        -178.56
          -148.3490         91.0598        -96.1244
           133.5530       -213.3255       -136.7766
           -52.1651       -179.3825       -173.9995

     N   13    anisotropy:    344.98    eta:   -0.5833
     N   13    sigma_11=   -226.48    axis=( -0.807322  0.193604 -0.557448)
     N   13    sigma_22=   -360.63    axis=(  0.212734 -0.785647 -0.580950)
     N   13    sigma_33=     51.43    axis=( -0.550432 -0.587602  0.593084)
 
     Atom 14  N   pos: (  1.334812  0.655649  0.715941)  Total sigma:        -178.56
          -148.3490         91.0598        -96.1244
           133.5530       -213.3255       -136.7766
           -52.1651       -179.3825       -173.9995

     N   14    anisotropy:    344.98    eta:   -0.5833
     N   14    sigma_11=   -226.48    axis=( -0.807322  0.193604 -0.557448)
     N   14    sigma_22=   -360.63    axis=(  0.212734 -0.785647 -0.580950)
     N   14    sigma_33=     51.43    axis=( -0.550432 -0.587602  0.593084)
 
     Atom 15  C   pos: (  0.471023  0.823676  0.339260)  Total sigma:          11.15
           -11.7584         67.1410        -34.9538
            66.7821          8.7292        -26.3083
           -36.3016        -25.4970         36.4930

     C   15    anisotropy:    128.67    eta:   -0.9005
     C   15    sigma_11=      6.89    axis=(  0.297687  0.511703  0.805942)
     C   15    sigma_22=    -70.36    axis=( -0.775896  0.621541 -0.108035)
     C   15    sigma_33=     96.94    axis=( -0.556208 -0.593167  0.582053)
 
     Atom 16  C   pos: (  1.274670  0.580792  0.587652)  Total sigma:          11.15
           -11.7584         67.1410        -34.9538
            66.7821          8.7292        -26.3083
           -36.3016        -25.4970         36.4930

     C   16    anisotropy:    128.67    eta:   -0.9005
     C   16    sigma_11=      6.89    axis=(  0.297687  0.511703  0.805942)
     C   16    sigma_22=    -70.36    axis=( -0.775896  0.621541 -0.108035)
     C   16    sigma_33=     96.94    axis=( -0.556208 -0.593167  0.582053)
 
     Atom 17  N   pos: (  1.408740  0.956000  0.415106)  Total sigma:           6.18
            54.8562         69.9270       -131.7265
            91.1472         -6.3008       -200.4606
           -92.7163       -198.9733        -30.0128

     N   17    anisotropy:    393.51    eta:   -0.7339
     N   17    sigma_11=    -28.72    axis=(  0.835145 -0.471105  0.283889)
     N   17    sigma_22=   -221.26    axis=(  0.113843  0.653010  0.748744)
     N   17    sigma_33=    268.52    axis=( -0.538119 -0.592991  0.598990)
 
     Atom 18  N   pos: (  0.336953  0.448468  0.511806)  Total sigma:           6.18
            54.8562         69.9270       -131.7265
            91.1472         -6.3008       -200.4606
           -92.7163       -198.9733        -30.0128

     N   18    anisotropy:    393.51    eta:   -0.7339
     N   18    sigma_11=    -28.72    axis=(  0.835145 -0.471105  0.283889)
     N   18    sigma_22=   -221.26    axis=(  0.113843  0.653010  0.748744)
     N   18    sigma_33=    268.52    axis=( -0.538119 -0.592991  0.598990)
 
     Atom 19  C   pos: (  1.495856  0.997171  0.541871)  Total sigma:          18.38
            16.9010         50.5951        -21.7451
            69.1422          0.4267        -29.4145
            -6.3756        -47.4590         37.8149

     C   19    anisotropy:    112.53    eta:   -0.9938
     C   19    sigma_11=     18.15    axis=(  0.570489  0.199022  0.796827)
     C   19    sigma_22=    -56.41    axis=(  0.589210 -0.775068 -0.228258)
     C   19    sigma_33=     93.40    axis=( -0.572166 -0.599717  0.559433)
 
     Atom 20  C   pos: (  0.249837  0.407297  0.385041)  Total sigma:          18.38
            16.9010         50.5951        -21.7451
            69.1422          0.4267        -29.4145
            -6.3756        -47.4590         37.8149

     C   20    anisotropy:    112.53    eta:   -0.9938
     C   20    sigma_11=     18.15    axis=(  0.570489  0.199022  0.796827)
     C   20    sigma_22=    -56.41    axis=(  0.589210 -0.775068 -0.228258)
     C   20    sigma_33=     93.40    axis=( -0.572166 -0.599717  0.559433)
 
     Atom 21  N   pos: (  1.457443  1.123412  0.641244)  Total sigma:          32.10
            40.5522         22.5827        -13.2165
            25.1657         43.0207        -27.7041
           -25.0417        -42.8419         12.7367

     N   21    anisotropy:     81.59    eta:   -0.5743
     N   21    sigma_11=     20.53    axis=( -0.829920  0.503247 -0.240780)
     N   21    sigma_22=    -10.71    axis=(  0.072119  0.524754  0.848193)
     N   21    sigma_33=     86.50    axis=( -0.553201 -0.686568  0.471798)
 
     Atom 22  N   pos: (  0.288250  0.281056  0.285668)  Total sigma:          32.10
            40.5522         22.5827        -13.2165
            25.1657         43.0207        -27.7041
           -25.0417        -42.8420         12.7367

     N   22    anisotropy:     81.59    eta:   -0.5743
     N   22    sigma_11=     20.53    axis=( -0.829920  0.503247 -0.240780)
     N   22    sigma_22=    -10.71    axis=(  0.072119  0.524754  0.848193)
     N   22    sigma_33=     86.50    axis=( -0.553201 -0.686568  0.471798)
 
     Atom 23  C   pos: (  1.566286  1.153973  0.768935)  Total sigma:          12.09
           -40.2449         44.8366        -46.9132
            18.3033         48.7095          7.8620
           -77.0483         39.6664         27.8078

     C   23    anisotropy:   -150.44    eta:   -0.0952
     C   23    sigma_11=     57.46    axis=( -0.468454 -0.823965  0.318798)
     C   23    sigma_22=     67.01    axis=( -0.320967  0.494907  0.807495)
     C   23    sigma_33=    -88.20    axis=(  0.823123 -0.275950  0.496306)
 
     Atom 24  C   pos: (  0.179407  0.250495  0.157977)  Total sigma:          12.09
           -40.2449         44.8366        -46.9132
            18.3033         48.7095          7.8620
           -77.0483         39.6664         27.8078

     C   24    anisotropy:   -150.44    eta:   -0.0952
     C   24    sigma_11=     57.46    axis=( -0.468454 -0.823965  0.318798)
     C   24    sigma_22=     67.01    axis=( -0.320967  0.494907  0.807495)
     C   24    sigma_33=    -88.20    axis=(  0.823123 -0.275950  0.496306)
 
     Atom 25  N   pos: (  1.549295  1.271622  0.866705)  Total sigma:         -23.42
           -27.1934         27.7040       -197.6303
            39.9172         55.1760       -122.1644
          -192.0043       -143.4561        -98.2538

     N   25    anisotropy:   -387.49    eta:   -0.8684
     N   25    sigma_11=     -6.43    axis=(  0.614136 -0.763950 -0.198033)
     N   25    sigma_22=    217.91    axis=(  0.549216  0.593910 -0.587905)
     N   25    sigma_33=   -281.75    axis=(  0.566744  0.252291  0.784315)
 
     Atom 26  N   pos: (  0.196398  0.132846  0.060207)  Total sigma:         -23.42
           -27.1934         27.7040       -197.6303
            39.9172         55.1760       -122.1644
          -192.0043       -143.4561        -98.2538

     N   26    anisotropy:   -387.49    eta:   -0.8684
     N   26    sigma_11=     -6.43    axis=(  0.614136 -0.763950 -0.198033)
     N   26    sigma_22=    217.91    axis=(  0.549216  0.593910 -0.587905)
     N   26    sigma_33=   -281.75    axis=(  0.566744  0.252291  0.784315)
 
     Atom 27  N   pos: (  1.342181  1.237412  0.588198)  Total sigma:         -82.51
          -136.9453        159.8855        -30.1388
           186.5913        -87.2041         56.2147
           -30.9531         56.8163        -23.3819

     N   27    anisotropy:   -326.54    eta:   -0.3937
     N   27    sigma_11=    -16.52    axis=( -0.333783 -0.066227  0.940321)
     N   27    sigma_22=     69.19    axis=(  0.596993  0.757132  0.265237)
     N   27    sigma_33=   -300.20    axis=(  0.729512 -0.649897  0.213180)
 
     Atom 28  N   pos: (  0.403512  0.167056  0.338714)  Total sigma:         -82.51
          -136.9453        159.8855        -30.1388
           186.5913        -87.2041         56.2147
           -30.9531         56.8163        -23.3819

     N   28    anisotropy:   -326.54    eta:   -0.3937
     N   28    sigma_11=    -16.52    axis=( -0.333783 -0.066227  0.940321)
     N   28    sigma_22=     69.19    axis=(  0.596993  0.757132  0.265237)
     N   28    sigma_33=   -300.20    axis=(  0.729512 -0.649897  0.213180)
 
     Atom 29  C   pos: (  1.216746  1.259093  0.679763)  Total sigma:         -28.58
           -49.6253        103.5490         18.1456
            73.9894         -5.3387         96.2193
            43.4821         74.7369        -30.7786

     C   29    anisotropy:    216.87    eta:   -0.4271
     C   29    sigma_11=    -70.00    axis=( -0.644532 -0.114496  0.755956)
     C   29    sigma_22=   -131.74    axis=(  0.597203 -0.692769  0.404252)
     C   29    sigma_33=    116.00    axis=( -0.477418 -0.712012 -0.514889)
 
     Atom 30  C   pos: (  0.528947  0.145375  0.247149)  Total sigma:         -28.58
           -49.6253        103.5490         18.1456
            73.9894         -5.3387         96.2193
            43.4821         74.7369        -30.7786

     C   30    anisotropy:    216.87    eta:   -0.4271
     C   30    sigma_11=    -70.00    axis=( -0.644532 -0.114496  0.755956)
     C   30    sigma_22=   -131.74    axis=(  0.597203 -0.692769  0.404252)
     C   30    sigma_33=    116.00    axis=( -0.477418 -0.712012 -0.514889)
 
     Atom 31  C   pos: (  1.176886  1.172336  0.833198)  Total sigma:         149.75
           135.2540         10.3007          0.3351
            10.8068        153.0086        -12.0647
             7.9482        -11.2796        160.9967

     C   31    anisotropy:    -32.82    eta:   -0.8139
     C   31    sigma_11=    151.79    axis=(  0.541723  0.630633  0.555733)
     C   31    sigma_22=    169.60    axis=( -0.093330 -0.611932  0.785384)
     C   31    sigma_33=    127.87    axis=(  0.835360 -0.477327 -0.272641)
 
     Atom 32  C   pos: (  0.568807  0.232132  0.093714)  Total sigma:         149.75
           135.2540         10.3007          0.3351
            10.8068        153.0086        -12.0647
             7.9482        -11.2796        160.9967

     C   32    anisotropy:    -32.82    eta:   -0.8139
     C   32    sigma_11=    151.79    axis=(  0.541723  0.630633  0.555733)
     C   32    sigma_22=    169.60    axis=( -0.093330 -0.611932  0.785384)
     C   32    sigma_33=    127.87    axis=(  0.835360 -0.477327 -0.272641)
 
     Atom 33  C   pos: (  0.752414  0.382004  0.620765)  Total sigma:         145.81
           141.4478        -14.4696         18.5686
           -13.2444        154.0382         -9.2941
            15.6361         -9.1290        141.9547

     C   33    anisotropy:     40.76    eta:   -0.5999
     C   33    sigma_11=    140.38    axis=( -0.345133 -0.739675 -0.577723)
     C   33    sigma_22=    124.08    axis=(  0.751944  0.150444 -0.641831)
     C   33    sigma_33=    172.99    axis=(  0.561662 -0.655932  0.504271)
 
     Atom 34  C   pos: (  0.993279  1.022464  0.306147)  Total sigma:         145.81
           141.4478        -14.4696         18.5686
           -13.2444        154.0382         -9.2941
            15.6361         -9.1290        141.9547

     C   34    anisotropy:     40.76    eta:   -0.5999
     C   34    sigma_11=    140.38    axis=( -0.345133 -0.739675 -0.577723)
     C   34    sigma_22=    124.08    axis=(  0.751944  0.150444 -0.641831)
     C   34    sigma_33=    172.99    axis=(  0.561662 -0.655932  0.504271)
 
     Atom 35  H   pos: (  1.239319  0.866996  0.026340)  Total sigma:          22.05
            20.8640         -1.7216          0.4444
            -4.2753         23.7672          0.0630
             1.8529         -0.2398         21.5236

     H   35    anisotropy:      5.56    eta:   -0.8201
     H   35    sigma_11=     21.72    axis=(  0.181713  0.306218  0.934458)
     H   35    sigma_22=     18.68    axis=( -0.819947 -0.477393  0.315885)
     H   35    sigma_33=     25.76    axis=(  0.542833 -0.823606  0.164334)
 
     Atom 36  H   pos: (  0.506374  0.537472  0.900572)  Total sigma:          22.05
            20.8640         -1.7216          0.4444
            -4.2753         23.7672          0.0630
             1.8529         -0.2398         21.5236

     H   36    anisotropy:      5.56    eta:   -0.8201
     H   36    sigma_11=     21.72    axis=(  0.181713  0.306218  0.934458)
     H   36    sigma_22=     18.68    axis=( -0.819947 -0.477393  0.315885)
     H   36    sigma_33=     25.76    axis=(  0.542833 -0.823606  0.164334)
 
     Atom 37  H   pos: (  1.271037  1.087943  0.872444)  Total sigma:          29.04
            30.0674         -3.3094          1.1862
            -3.5568         28.8036         -1.7946
             1.7429         -1.7697         28.2521

     H   37    anisotropy:      7.21    eta:   -0.3342
     H   37    sigma_11=     27.44    axis=( -0.448547  0.037793  0.892960)
     H   37    sigma_22=     25.83    axis=(  0.557582  0.792669  0.246533)
     H   37    sigma_33=     33.85    axis=(  0.698504 -0.608480  0.376622)
 
     Atom 38  H   pos: (  0.474656  0.316525  0.054468)  Total sigma:          29.04
            30.0674         -3.3094          1.1862
            -3.5568         28.8036         -1.7946
             1.7429         -1.7697         28.2521

     H   38    anisotropy:      7.21    eta:   -0.3342
     H   38    sigma_11=     27.44    axis=( -0.448547  0.037793  0.892960)
     H   38    sigma_22=     25.83    axis=(  0.557582  0.792669  0.246533)
     H   38    sigma_33=     33.85    axis=(  0.698504 -0.608480  0.376622)
 
     Atom 39  H   pos: (  1.152502  1.261688  0.929107)  Total sigma:          30.52
            27.7536         -1.0203         -0.0870
            -1.4653         30.0080          3.1946
            -1.2583          4.7863         33.7963

     H   39    anisotropy:      8.96    eta:   -0.2296
     H   39    sigma_11=     28.22    axis=(  0.723091 -0.517593  0.457425)
     H   39    sigma_22=     26.85    axis=( -0.676318 -0.665172  0.316448)
     H   39    sigma_33=     36.49    axis=( -0.140475  0.538186  0.831037)
 
     Atom 40  H   pos: (  0.593191  0.142780 -0.002195)  Total sigma:          30.52
            27.7536         -1.0203         -0.0870
            -1.4653         30.0080          3.1946
            -1.2583          4.7863         33.7963

     H   40    anisotropy:      8.96    eta:   -0.2296
     H   40    sigma_11=     28.22    axis=(  0.723091 -0.517593  0.457425)
     H   40    sigma_22=     26.85    axis=( -0.676318 -0.665172  0.316448)
     H   40    sigma_33=     36.49    axis=( -0.140475  0.538186  0.831037)
 
     Atom 41  H   pos: (  1.063293  1.105065  0.814586)  Total sigma:          29.15
            32.8774          1.0776          0.7029
             3.8572         27.4428         -0.4555
             1.6621          1.4797         27.1412

     H   41    anisotropy:      7.37    eta:   -0.0864
     H   41    sigma_11=     26.91    axis=(  0.212722 -0.046884 -0.975987)
     H   41    sigma_22=     26.48    axis=(  0.338320 -0.933530  0.118583)
     H   41    sigma_33=     34.07    axis=(  0.916673  0.355421  0.182720)
 
     Atom 42  H   pos: (  0.682400  0.299403  0.112326)  Total sigma:          29.15
            32.8774          1.0776          0.7029
             3.8572         27.4428         -0.4555
             1.6621          1.4797         27.1412

     H   42    anisotropy:      7.37    eta:   -0.0864
     H   42    sigma_11=     26.91    axis=(  0.212722 -0.046884 -0.975987)
     H   42    sigma_22=     26.48    axis=(  0.338320 -0.933530  0.118583)
     H   42    sigma_33=     34.07    axis=(  0.916673  0.355421  0.182720)
 
     Atom 43  H   pos: (  0.788511  0.433318  0.503871)  Total sigma:          29.07
            28.3906         -1.6236          1.9377
            -1.0510         27.8404         -0.7730
            -0.3962         -1.0545         30.9789

     H   43    anisotropy:      3.84    eta:   -0.8219
     H   43    sigma_11=     28.84    axis=( -0.711935  0.515282  0.477110)
     H   43    sigma_22=     26.74    axis=(  0.610959  0.789457  0.059043)
     H   43    sigma_33=     31.63    axis=(  0.346234 -0.333529  0.876858)
 
     Atom 44  H   pos: (  0.957182  0.971150  0.423041)  Total sigma:          29.07
            28.3906         -1.6236          1.9377
            -1.0510         27.8404         -0.7730
            -0.3962         -1.0545         30.9789

     H   44    anisotropy:      3.84    eta:   -0.8219
     H   44    sigma_11=     28.84    axis=( -0.711935  0.515282  0.477110)
     H   44    sigma_22=     26.74    axis=(  0.610959  0.789457  0.059043)
     H   44    sigma_33=     31.63    axis=(  0.346234 -0.333529  0.876858)
 
     Atom 45  H   pos: (  0.741550  0.479996  0.710726)  Total sigma:          29.51
            26.5000         -1.9481         -0.0977
            -3.4235         31.0651          5.2786
             0.6191          4.2787         30.9543

     H   45    anisotropy:      9.91    eta:   -0.6173
     H   45    sigma_11=     28.24    axis=(  0.687622 -0.386385  0.614721)
     H   45    sigma_22=     24.16    axis=( -0.702168 -0.569322  0.427590)
     H   45    sigma_33=     36.11    axis=( -0.184760  0.725658  0.662786)
 
     Atom 46  H   pos: (  1.004143  0.924472  0.216186)  Total sigma:          29.51
            26.5000         -1.9481         -0.0977
            -3.4235         31.0651          5.2786
             0.6191          4.2787         30.9543

     H   46    anisotropy:      9.91    eta:   -0.6173
     H   46    sigma_11=     28.24    axis=(  0.687622 -0.386385  0.614721)
     H   46    sigma_22=     24.16    axis=( -0.702168 -0.569322  0.427590)
     H   46    sigma_33=     36.11    axis=( -0.184760  0.725658  0.662786)
 
     Atom 47  H   pos: (  0.630834  0.327893  0.610053)  Total sigma:          29.03
            33.4956          0.1840          2.5815
             0.0758         26.5011          2.4490
             5.0885          1.1210         27.1042

     H   47    anisotropy:      9.52    eta:   -0.5198
     H   47    sigma_11=     27.51    axis=(  0.327016 -0.812329 -0.482889)
     H   47    sigma_22=     24.21    axis=(  0.305604  0.574431 -0.759365)
     H   47    sigma_33=     35.38    axis=( -0.894241 -0.100751 -0.436099)
 
     Atom 48  H   pos: (  1.114859  1.076575  0.316859)  Total sigma:          29.03
            33.4956          0.1840          2.5815
             0.0758         26.5011          2.4490
             5.0885          1.1210         27.1042

     H   48    anisotropy:      9.52    eta:   -0.5198
     H   48    sigma_11=     27.51    axis=(  0.327016 -0.812329 -0.482889)
     H   48    sigma_22=     24.21    axis=(  0.305604  0.574431 -0.759365)
     H   48    sigma_33=     35.38    axis=( -0.894241 -0.100751 -0.436099)
 
     Initialization:
     gipaw_setup  :      0.48s CPU      0.54s WALL (       1 calls)
 
     Linear response
     greenf       :  12601.95s CPU  12895.71s WALL (     192 calls)
     cgsolve      :  12542.34s CPU  12835.92s WALL (     192 calls)
     ch_psi       :  12393.78s CPU  12685.16s WALL (   15138 calls)
     h_psiq       :   9452.50s CPU   9736.36s WALL (   15138 calls)
 
     Apply operators
     h_psi        :   8303.63s CPU   8619.56s WALL (   21460 calls)
     apply_vel    :    134.30s CPU    137.11s WALL (     168 calls)
 
     Induced current
     j_para       :    455.30s CPU    469.67s WALL (     216 calls)
     biot_savart  :      0.06s CPU      0.08s WALL (       1 calls)
 
     Other routines
 
     General routines
     calbec       :   3419.50s CPU   3434.06s WALL (   53360 calls)
     fft          :      0.09s CPU      0.12s WALL (      32 calls)
     fftw         :   5758.77s CPU   6067.03s WALL ( 3172052 calls)
     davcio       :      0.03s CPU      0.99s WALL (     128 calls)
 
     Parallel routines
     fft_scatter  :   1241.10s CPU   1431.97s WALL ( 3172084 calls)
 
     Plugins
 
     GIPAW        :  15265.53s CPU  15630.97s WALL (       1 calls)
