
     Program QE v.6.1 (svn rev. 13369) starts on  3May2018 at 16: 0:16 

     This program is part of the open-source Quantum ESPRESSO suite
     for quantum simulation of materials; please cite
         "P. Giannozzi et al., J. Phys.:Condens. Matter 21 395502 (2009);
          URL http://www.quantum-espresso.org", 
     in publications or presentations arising from this work. More details at
     http://www.quantum-espresso.org/quote

     Parallel version (MPI), running on     8 processors
     R & G space division:  proc/nbgrp/npool/nimage =       8
 
     ***** This is GIPAW svn revision unknown      *****
 
     Parallelizing q-star over 1 images
     Message from routine gipaw_readin:
     *** iverbosity is obsolete, use verbosity instead ***

     Reading data from directory:
     /scratch/ahofstet/ML/CCDC_S/TAJWAC/wfc/scf.save

   Info: using nr1, nr2, nr3 values from input

   Info: using nr1, nr2, nr3 values from input

     IMPORTANT: XC functional enforced from input :
     Exchange-correlation      =  SLA  PW   PBX  PBC ( 1  4  3  4 0 0)
     Any further DFT definition will be discarded
     Please, verify this is what you really want

               file C.pbe-n-kjpaw_psl.0.1.UPF: wavefunction(s)  2P renormalized
               file N.pbe-n-kjpaw_psl.0.1.UPF: wavefunction(s)  2P renormalized
               file H.pbe-kjpaw_psl.0.1.UPF: wavefunction(s)  1S renormalized
               file O.pbe-n-kjpaw_psl.0.1.UPF: wavefunction(s)  2P renormalized
               file S.pbe-n-kjpaw_psl.0.1.UPF: wavefunction(s)  3P renormalized
 
     Parallelization info
     --------------------
     sticks:   dense  smooth     PW     G-vecs:    dense   smooth      PW
     Min        1152    1152    306                51589    51589    7091
     Max        1153    1153    307                51590    51590    7093
     Sum        9223    9223   2453               412719   412719   56735
 

     Check: negative/imaginary core charge=   -0.000002    0.000000

     Subspace diagonalization in iterative solution of the eigenvalue problem:
     a serial algorithm will be used

     GIPAW projectors -----------------------------------------------
     atom=  C    l=0  rc=    1.3000  rs=    0.8667
     atom=  C    l=0  rc=    1.3000  rs=    0.8667
     atom=  C    l=1  rc=    1.4500  rs=    0.9667
     atom=  C    l=1  rc=    1.4500  rs=    0.9667
     projs nearly linearly dependent: l=0  n1,n2= 1, 2  s=  0.99877758
     projs nearly linearly dependent: l=1  n1,n2= 1, 2  s=  0.99940894
 
     atom=  N    l=0  rc=    1.3000  rs=    0.8667
     atom=  N    l=0  rc=    1.3000  rs=    0.8667
     atom=  N    l=1  rc=    1.4500  rs=    0.9667
     atom=  N    l=1  rc=    1.4500  rs=    0.9667
     projs nearly linearly dependent: l=0  n1,n2= 1, 2  s=  0.99709514
     projs nearly linearly dependent: l=1  n1,n2= 1, 2  s=  0.99857174
 
     atom=  H    l=0  rc=    1.0000  rs=    0.6667
     atom=  H    l=0  rc=    1.0000  rs=    0.6667
     projs nearly linearly dependent: l=0  n1,n2= 1, 2  s=  0.99968852
 
     atom=  O    l=0  rc=    1.3500  rs=    0.9000
     atom=  O    l=0  rc=    1.3500  rs=    0.9000
     atom=  O    l=1  rc=    1.3500  rs=    0.9000
     atom=  O    l=1  rc=    1.3500  rs=    0.9000
     projs nearly linearly dependent: l=0  n1,n2= 1, 2  s=  0.99100135
     projs nearly linearly dependent: l=1  n1,n2= 1, 2  s=  0.99790100
 
     atom=  S    l=0  rc=    2.1000  rs=    1.4000
     atom=  S    l=0  rc=    2.1000  rs=    1.4000
     atom=  S    l=1  rc=    2.1000  rs=    1.4000
     atom=  S    l=1  rc=    2.1000  rs=    1.4000
     -----------------------------------------------------------------
 
     alpha_pv=     42.5231 eV
 
     q-space interpolation up to   110.00 Rydberg
 
     GIPAW job: nmr                                                                             
     NMR macroscopic correction: yes
             0.6667          0.0000          0.0000
             0.0000          0.6667          0.0000
             0.0000          0.0000          0.6667

 
     Largest allocated arrays     est. size (Mb)     dimensions
        KS wavefunctions at k           8.30 Mb     (    6474,   84)
        KS wavefunctions at k+q         8.30 Mb     (    6474,   84)
        First-order wavefunctions      82.98 Mb     (    6474,   84, 10)
        First-order wavefunct (US)     49.79 Mb     (    6474,   84,  6)
        Charge/spin density             0.83 Mb     (  109350,    1)
        Induced current                 7.51 Mb     (  109350,    3,3,1)
        Induced magnetic field          7.51 Mb     (  109350,    3,3,1)
        NL pseudopotentials            24.10 Mb     (    6474,  244)
        GIPAW NL terms                 24.10 Mb     (    6474,  244)
 
     Computing the magnetic susceptibility     isolve=0    ethr=  0.1000E-13
     k-point #    1 of    10      pool #  1    cpu time:      10.4
     Rotating WFCS
     Rotating WFCS
     Rotating WFCS
     Rotating WFCS
     Rotating WFCS
     Rotating WFCS
     Rotating WFCS
     k-point #    2 of    10      pool #  1    cpu time:    1074.9
     Rotating WFCS
     Rotating WFCS
     Rotating WFCS
     Rotating WFCS
     Rotating WFCS
     Rotating WFCS
     Rotating WFCS
     k-point #    3 of    10      pool #  1    cpu time:    2164.2
     Rotating WFCS
     Rotating WFCS
     Rotating WFCS
     Rotating WFCS
     Rotating WFCS
     Rotating WFCS
     Rotating WFCS
     k-point #    4 of    10      pool #  1    cpu time:    3235.3
     Rotating WFCS
     Rotating WFCS
     Rotating WFCS
     Rotating WFCS
     Rotating WFCS
     Rotating WFCS
     Rotating WFCS
     k-point #    5 of    10      pool #  1    cpu time:    4319.2
     Rotating WFCS
     Rotating WFCS
     Rotating WFCS
     Rotating WFCS
     Rotating WFCS
     Rotating WFCS
     Rotating WFCS
     k-point #    6 of    10      pool #  1    cpu time:    5421.5
     Rotating WFCS
     Rotating WFCS
     Rotating WFCS
     Rotating WFCS
     Rotating WFCS
     Rotating WFCS
     Rotating WFCS
     k-point #    7 of    10      pool #  1    cpu time:    6525.4
     Rotating WFCS
     Rotating WFCS
     Rotating WFCS
     Rotating WFCS
     Rotating WFCS
     Rotating WFCS
     Rotating WFCS
     k-point #    8 of    10      pool #  1    cpu time:    7627.7
     Rotating WFCS
     Rotating WFCS
     Rotating WFCS
     Rotating WFCS
     Rotating WFCS
     Rotating WFCS
     Rotating WFCS
     k-point #    9 of    10      pool #  1    cpu time:    8718.9
     Rotating WFCS
     Rotating WFCS
     Rotating WFCS
     Rotating WFCS
     Rotating WFCS
     Rotating WFCS
     Rotating WFCS
     k-point #   10 of    10      pool #  1    cpu time:    9817.9
     Rotating WFCS
     Rotating WFCS
     Rotating WFCS
     Rotating WFCS
     Rotating WFCS
     Rotating WFCS
     Rotating WFCS
     End of magnetic susceptibility calculation
 
     f-sum rule (1st term):
          -140.1191          0.0157          0.0472
             0.0218       -140.1226          0.0396
             0.0462          0.0305       -140.0497

     f-sum rule (2nd term):
            -1.7682         -0.0156         -0.0487
            -0.0217         -1.7638         -0.0396
            -0.0495         -0.0308         -1.8264

     f-sum rule (should be  -141.8864):
          -141.8873          0.0001         -0.0016
             0.0001       -141.8865         -0.0000
            -0.0033         -0.0003       -141.8760

     chi_bare pGv (HH) in paratec units:
       -72.098882     -5.750889     17.052281
        -5.530269    -35.509694     -0.318286
        17.310882     -0.525288    -43.909716

       -72.098882     -5.750889     17.052281
        -5.530269    -35.509694     -0.318286
        17.310882     -0.525288    -43.909716

     chi_bare vGv (VV) in paratec units:
       -68.890930     -6.263603     20.615964
        -6.242818    -28.314160      0.090104
        20.620059      0.050935    -37.697812

       -68.890930     -6.263603     20.615964
        -6.242818    -28.314160      0.090104
        20.620059      0.050935    -37.697812

     chi_bare pGv (HH) in 10^{-6} cm^3/mol:
          -342.6207        -27.3288         81.0340
           -26.2804       -168.7454         -1.5125
            82.2629         -2.4962       -208.6631

     chi_bare vGv (VV) in 10^{-6} cm^3/mol:
          -327.3762        -29.7652         97.9690
           -29.6665       -134.5516          0.4282
            97.9885          0.2420       -179.1436

     Contributions to the NMR chemical shifts: -------------------------------
 
     Macroscopic shape contribution in ppm:                    7.37
            10.5251          0.0000          0.0000
             0.0000          5.1837          0.0000
             0.0000          0.0000          6.4100

 
     Core contribution in ppm:
 
     Atom  1  S   pos: (  0.217212  0.428201  0.033071)  core sigma:         979.79
     Atom  2  S   pos: (  0.939803  1.045587  0.719110)  core sigma:         979.79
     Atom  3  S   pos: (  0.340079  0.048910  0.172775)  core sigma:         979.79
     Atom  4  S   pos: (  0.816937  1.424877  0.579406)  core sigma:         979.79
     Atom  5  O   pos: (  0.036781  0.120152  0.632239)  core sigma:         271.07
     Atom  6  O   pos: (  1.120234  1.353635  0.119942)  core sigma:         271.07
     Atom  7  N   pos: (  0.279151  0.601856  0.166897)  core sigma:         235.78
     Atom  8  N   pos: (  0.877865  0.871931  0.585285)  core sigma:         235.78
     Atom  9  N   pos: (  0.365718  0.547454  0.306804)  core sigma:         235.78
     Atom 10  N   pos: (  0.791298  0.926334  0.445377)  core sigma:         235.78
     Atom 11  N   pos: (  0.391718  0.366925  0.319536)  core sigma:         235.78
     Atom 12  N   pos: (  0.765297  1.106863  0.432645)  core sigma:         235.78
     Atom 13  C   pos: (  0.319554  0.281646  0.179996)  core sigma:         200.51
     Atom 14  C   pos: (  0.837462  1.192142  0.572185)  core sigma:         200.51
     Atom 15  C   pos: (  0.107123 -0.000779  0.720284)  core sigma:         200.51
     Atom 16  C   pos: (  1.049893  1.474566  0.031898)  core sigma:         200.51
     Atom 17  C   pos: (  0.373696  1.281474  0.671249)  core sigma:         200.51
     Atom 18  C   pos: (  0.783320  0.192313  0.080932)  core sigma:         200.51
     Atom 19  C   pos: (  0.550565  1.146829  0.035902)  core sigma:         200.51
     Atom 20  C   pos: (  0.606450  0.326959  0.716279)  core sigma:         200.51
     Atom 21  C   pos: (  0.548550  0.967604 -0.020035)  core sigma:         200.51
     Atom 22  C   pos: (  0.608466  0.506184  0.772216)  core sigma:         200.51
     Atom 23  C   pos: (  0.372989  0.921284  0.561744)  core sigma:         200.51
     Atom 24  C   pos: (  0.784027  0.552503  0.190438)  core sigma:         200.51
     Atom 25  C   pos: (  0.305862  1.054684  0.446207)  core sigma:         200.51
     Atom 26  C   pos: (  0.851154  0.419103  0.305974)  core sigma:         200.51
     Atom 27  C   pos: (  0.306395  1.234541  0.500788)  core sigma:         200.51
     Atom 28  C   pos: (  0.850621  0.239247  0.251394)  core sigma:         200.51
     Atom 29  H   pos: (  0.604842  1.177898  0.169139)  core sigma:           0.00
     Atom 30  H   pos: (  0.552174  0.295889  0.583043)  core sigma:           0.00
     Atom 31  H   pos: (  0.595718  0.864199  0.072781)  core sigma:           0.00
     Atom 32  H   pos: (  0.561298  0.609589  0.679400)  core sigma:           0.00
     Atom 33  H   pos: (  0.372620  0.781214  0.517639)  core sigma:           0.00
     Atom 34  H   pos: (  0.784395  0.692573  0.234543)  core sigma:           0.00
     Atom 35  H   pos: (  0.249731  1.018378  0.315459)  core sigma:           0.00
     Atom 36  H   pos: (  0.907285  0.455410  0.436723)  core sigma:           0.00
     Atom 37  H   pos: (  0.254684  1.338571  0.411147)  core sigma:           0.00
     Atom 38  H   pos: (  0.902332  0.135216  0.341035)  core sigma:           0.00
 
     Bare contribution in ppm:
 
     Atom  1  S   pos: (  0.217212  0.428201  0.033071)  bare sigma:         -17.44
           -10.7885         11.4833        -15.9879
             5.0326        -10.5177          6.2991
           -18.4558         15.5391        -30.9991

     Atom  2  S   pos: (  0.939803  1.045587  0.719110)  bare sigma:         -17.44
           -10.7885         11.4833        -15.9879
             5.0326        -10.5177          6.2991
           -18.4558         15.5391        -30.9991

     Atom  3  S   pos: (  0.340079  0.048910  0.172775)  bare sigma:           3.19
             1.1472         11.3647          2.4280
             6.6474          3.2661         12.1017
             0.7337         17.0106          5.1432

     Atom  4  S   pos: (  0.816937  1.424877  0.579406)  bare sigma:           3.19
             1.1472         11.3647          2.4280
             6.6474          3.2661         12.1017
             0.7337         17.0106          5.1432

     Atom  5  O   pos: (  0.036781  0.120152  0.632239)  bare sigma:         -61.53
            14.9606         48.0387        -86.0594
            48.2696       -145.8707         33.3354
           -82.5858         23.3237        -53.6888

     Atom  6  O   pos: (  1.120234  1.353635  0.119942)  bare sigma:         -61.53
            14.9606         48.0387        -86.0594
            48.2696       -145.8707         33.3354
           -82.5858         23.3237        -53.6888

     Atom  7  N   pos: (  0.279151  0.601856  0.166897)  bare sigma:         -87.71
           -30.1438         16.8248        -71.8269
             5.5448       -113.4670        -13.3100
           -76.9632          0.6108       -119.5120

     Atom  8  N   pos: (  0.877865  0.871931  0.585285)  bare sigma:         -87.71
           -30.1438         16.8248        -71.8269
             5.5448       -113.4670        -13.3100
           -76.9632          0.6108       -119.5120

     Atom  9  N   pos: (  0.365718  0.547454  0.306804)  bare sigma:        -105.22
           -35.8567         38.9659        -66.9165
            34.9607       -173.9622         27.2421
           -69.8794         39.0127       -105.8417

     Atom 10  N   pos: (  0.791298  0.926334  0.445377)  bare sigma:        -105.22
           -35.8567         38.9659        -66.9165
            34.9607       -173.9622         27.2421
           -69.8794         39.0127       -105.8417

     Atom 11  N   pos: (  0.391718  0.366925  0.319536)  bare sigma:         -77.27
           -17.7927         -1.8289        -50.1441
             8.2985       -137.7664        -11.2972
           -47.2246        -29.5722        -76.2622

     Atom 12  N   pos: (  0.765297  1.106863  0.432645)  bare sigma:         -77.27
           -17.7927         -1.8289        -50.1441
             8.2985       -137.7664        -11.2972
           -47.2246        -29.5722        -76.2622

     Atom 13  C   pos: (  0.319554  0.281646  0.179996)  bare sigma:         -74.52
           -39.4072         -7.4842        -27.1557
            11.5649       -109.8469          3.5711
           -25.2479        -27.2643        -74.3063

     Atom 14  C   pos: (  0.837462  1.192142  0.572185)  bare sigma:         -74.52
           -39.4072         -7.4842        -27.1557
            11.5649       -109.8469          3.5711
           -25.2479        -27.2643        -74.3063

     Atom 15  C   pos: (  0.107123 -0.000779  0.720284)  bare sigma:         -87.68
           -70.4634         -7.2806        -22.7342
             0.9616       -101.1242         -7.8747
           -19.0818        -23.3536        -91.4513

     Atom 16  C   pos: (  1.049893  1.474566  0.031898)  bare sigma:         -87.68
           -70.4634         -7.2806        -22.7342
             0.9616       -101.1242         -7.8747
           -19.0818        -23.3536        -91.4513

     Atom 17  C   pos: (  0.373696  1.281474  0.671249)  bare sigma:         -54.46
            -9.8920          5.1712        -19.3643
             9.4535        -90.4687         -3.7478
           -25.0829         -8.3795        -63.0325

     Atom 18  C   pos: (  0.783320  0.192313  0.080932)  bare sigma:         -54.46
            -9.8920          5.1712        -19.3643
             9.4535        -90.4687         -3.7478
           -25.0829         -8.3795        -63.0325

     Atom 19  C   pos: (  0.550565  1.146829  0.035902)  bare sigma:         -54.66
            -6.6999          5.8075        -37.6341
             4.0849        -72.9895        -11.5411
           -39.4567         -4.4199        -84.2952

     Atom 20  C   pos: (  0.606450  0.326959  0.716279)  bare sigma:         -54.66
            -6.6999          5.8075        -37.6341
             4.0849        -72.9895        -11.5411
           -39.4567         -4.4199        -84.2952

     Atom 21  C   pos: (  0.548550  0.967604 -0.020035)  bare sigma:         -52.76
            -5.3644         16.9534        -35.0958
            15.2727        -82.2826         11.5978
           -34.0373         13.0037        -70.6333

     Atom 22  C   pos: (  0.608466  0.506184  0.772216)  bare sigma:         -52.76
            -5.3644         16.9534        -35.0958
            15.2727        -82.2826         11.5978
           -34.0373         13.0037        -70.6333

     Atom 23  C   pos: (  0.372989  0.921284  0.561744)  bare sigma:         -58.94
            -2.4395          6.4454        -29.9888
             8.5828       -107.4433        -15.8570
           -30.6639        -12.4000        -66.9483

     Atom 24  C   pos: (  0.784027  0.552503  0.190438)  bare sigma:         -58.94
            -2.4395          6.4454        -29.9888
             8.5828       -107.4433        -15.8570
           -30.6639        -12.4000        -66.9483

     Atom 25  C   pos: (  0.305862  1.054684  0.446207)  bare sigma:         -53.47
            -7.4755          3.1658        -38.5711
             4.2358        -66.3373        -12.1843
           -42.8081        -12.7170        -86.5977

     Atom 26  C   pos: (  0.851154  0.419103  0.305974)  bare sigma:         -53.47
            -7.4755          3.1658        -38.5711
             4.2358        -66.3373        -12.1843
           -42.8081        -12.7170        -86.5977

     Atom 27  C   pos: (  0.306395  1.234541  0.500788)  bare sigma:         -52.80
            -4.9968         17.6544        -35.3011
            17.5425        -78.4832         13.9177
           -37.6701          7.0634        -74.9196

     Atom 28  C   pos: (  0.850621  0.239247  0.251394)  bare sigma:         -52.80
            -4.9968         17.6544        -35.3011
            17.5425        -78.4832         13.9177
           -37.6701          7.0634        -74.9196

     Atom 29  H   pos: (  0.604842  1.177898  0.169139)  bare sigma:          13.59
             7.1472         -1.6474          2.2406
            -1.2340         18.4299         -0.2462
             4.1732          0.8290         15.1944

     Atom 30  H   pos: (  0.552174  0.295889  0.583043)  bare sigma:          13.59
             7.1472         -1.6474          2.2406
            -1.2340         18.4299         -0.2462
             4.1732          0.8290         15.1944

     Atom 31  H   pos: (  0.595718  0.864199  0.072781)  bare sigma:          16.14
            10.7373         -0.1680          2.9743
            -1.8852         20.5475         -0.8311
             3.8046         -1.0947         17.1410

     Atom 32  H   pos: (  0.561298  0.609589  0.679400)  bare sigma:          16.14
            10.7373         -0.1680          2.9743
            -1.8852         20.5475         -0.8311
             3.8046         -1.0947         17.1410

     Atom 33  H   pos: (  0.372620  0.781214  0.517639)  bare sigma:          14.91
             8.6719         -2.5542          5.7383
            -2.7904         18.1172         -1.8459
             5.7113         -0.2118         17.9494

     Atom 34  H   pos: (  0.784395  0.692573  0.234543)  bare sigma:          14.91
             8.6719         -2.5542          5.7383
            -2.7904         18.1172         -1.8459
             5.7113         -0.2118         17.9494

     Atom 35  H   pos: (  0.249731  1.018378  0.315459)  bare sigma:          15.73
            11.7017         -1.3727          2.1881
            -1.6301         17.8096         -1.1013
             2.7886          0.0193         17.6790

     Atom 36  H   pos: (  0.907285  0.455410  0.436723)  bare sigma:          15.73
            11.7017         -1.3727          2.1881
            -1.6301         17.8096         -1.1013
             2.7886          0.0193         17.6790

     Atom 37  H   pos: (  0.254684  1.338571  0.411147)  bare sigma:          13.92
             8.6851         -0.8091          2.4919
            -0.5335         17.1027          1.7151
             3.9506          0.0548         15.9619

     Atom 38  H   pos: (  0.902332  0.135216  0.341035)  bare sigma:          13.92
             8.6851         -0.8091          2.4919
            -0.5335         17.1027          1.7151
             3.9506          0.0548         15.9619

     Diamagnetic contribution in ppm:
 
     Atom  1  S   pos: (  0.217212  0.428201  0.033071)  dia sigma:         -12.10
           -12.2046         -0.0197          0.0573
            -0.0197        -11.9541          0.0151
             0.0573          0.0151        -12.1419

     Atom  2  S   pos: (  0.939803  1.045587  0.719110)  dia sigma:         -12.10
           -12.2046         -0.0197          0.0573
            -0.0197        -11.9541          0.0151
             0.0573          0.0151        -12.1419

     Atom  3  S   pos: (  0.340079  0.048910  0.172775)  dia sigma:         -11.48
           -11.5982          0.0070          0.0886
             0.0070        -11.3396          0.0652
             0.0886          0.0652        -11.5025

     Atom  4  S   pos: (  0.816937  1.424877  0.579406)  dia sigma:         -11.48
           -11.5982          0.0070          0.0886
             0.0070        -11.3396          0.0652
             0.0886          0.0652        -11.5025

     Atom  5  O   pos: (  0.036781  0.120152  0.632239)  dia sigma:          17.40
            17.6889         -0.2166         -0.2488
            -0.2166         17.1979         -0.4756
            -0.2488         -0.4756         17.3065

     Atom  6  O   pos: (  1.120234  1.353635  0.119942)  dia sigma:          17.40
            17.6889         -0.2166         -0.2488
            -0.2166         17.1979         -0.4756
            -0.2488         -0.4756         17.3065

     Atom  7  N   pos: (  0.279151  0.601856  0.166897)  dia sigma:           7.85
             8.0173          0.2001          0.0235
             0.2001          7.4194          0.2300
             0.0235          0.2300          8.1018

     Atom  8  N   pos: (  0.877865  0.871931  0.585285)  dia sigma:           7.85
             8.0173          0.2001          0.0235
             0.2001          7.4194          0.2300
             0.0235          0.2300          8.1018

     Atom  9  N   pos: (  0.365718  0.547454  0.306804)  dia sigma:           7.97
             8.1229         -0.2269         -0.2056
            -0.2269          7.9855         -0.4307
            -0.2056         -0.4307          7.7934

     Atom 10  N   pos: (  0.791298  0.926334  0.445377)  dia sigma:           7.97
             8.1229         -0.2269         -0.2056
            -0.2269          7.9855         -0.4307
            -0.2056         -0.4307          7.7934

     Atom 11  N   pos: (  0.391718  0.366925  0.319536)  dia sigma:           8.44
             8.4172          0.1271         -0.2933
             0.1271          8.7509          0.2509
            -0.2933          0.2509          8.1435

     Atom 12  N   pos: (  0.765297  1.106863  0.432645)  dia sigma:           8.44
             8.4172          0.1271         -0.2933
             0.1271          8.7509          0.2509
            -0.2933          0.2509          8.1435

     Atom 13  C   pos: (  0.319554  0.281646  0.179996)  dia sigma:           4.01
             4.0503         -0.0176         -0.0504
            -0.0176          3.9852         -0.0464
            -0.0504         -0.0464          3.9847

     Atom 14  C   pos: (  0.837462  1.192142  0.572185)  dia sigma:           4.01
             4.0503         -0.0176         -0.0504
            -0.0176          3.9852         -0.0464
            -0.0504         -0.0464          3.9847

     Atom 15  C   pos: (  0.107123 -0.000779  0.720284)  dia sigma:           3.89
             4.0169          0.0570         -0.0945
             0.0570          3.7142          0.0130
            -0.0945          0.0130          3.9304

     Atom 16  C   pos: (  1.049893  1.474566  0.031898)  dia sigma:           3.89
             4.0169          0.0570         -0.0945
             0.0570          3.7142          0.0130
            -0.0945          0.0130          3.9304

     Atom 17  C   pos: (  0.373696  1.281474  0.671249)  dia sigma:           4.34
             4.4120          0.0246         -0.0814
             0.0246          4.3304          0.0206
            -0.0814          0.0206          4.2708

     Atom 18  C   pos: (  0.783320  0.192313  0.080932)  dia sigma:           4.34
             4.4120          0.0246         -0.0814
             0.0246          4.3304          0.0206
            -0.0814          0.0206          4.2708

     Atom 19  C   pos: (  0.550565  1.146829  0.035902)  dia sigma:           4.30
             4.4576          0.0201         -0.1049
             0.0201          4.2045         -0.0264
            -0.1049         -0.0264          4.2440

     Atom 20  C   pos: (  0.606450  0.326959  0.716279)  dia sigma:           4.30
             4.4576          0.0201         -0.1049
             0.0201          4.2045         -0.0264
            -0.1049         -0.0264          4.2440

     Atom 21  C   pos: (  0.548550  0.967604 -0.020035)  dia sigma:           4.33
             4.4701          0.0228         -0.0982
             0.0228          4.2418         -0.0144
            -0.0982         -0.0144          4.2700

     Atom 22  C   pos: (  0.608466  0.506184  0.772216)  dia sigma:           4.33
             4.4701          0.0228         -0.0982
             0.0228          4.2418         -0.0144
            -0.0982         -0.0144          4.2700

     Atom 23  C   pos: (  0.372989  0.921284  0.561744)  dia sigma:           4.29
             4.4604          0.0365         -0.1176
             0.0365          4.1721         -0.0229
            -0.1176         -0.0229          4.2282

     Atom 24  C   pos: (  0.784027  0.552503  0.190438)  dia sigma:           4.29
             4.4604          0.0365         -0.1176
             0.0365          4.1721         -0.0229
            -0.1176         -0.0229          4.2282

     Atom 25  C   pos: (  0.305862  1.054684  0.446207)  dia sigma:           4.31
             4.4476          0.0311         -0.0996
             0.0311          4.2188         -0.0098
            -0.0996         -0.0098          4.2641

     Atom 26  C   pos: (  0.851154  0.419103  0.305974)  dia sigma:           4.31
             4.4476          0.0311         -0.0996
             0.0311          4.2188         -0.0098
            -0.0996         -0.0098          4.2641

     Atom 27  C   pos: (  0.306395  1.234541  0.500788)  dia sigma:           4.31
             4.4603          0.0359         -0.1018
             0.0359          4.1925         -0.0057
            -0.1018         -0.0057          4.2641

     Atom 28  C   pos: (  0.850621  0.239247  0.251394)  dia sigma:           4.31
             4.4603          0.0359         -0.1018
             0.0359          4.1925         -0.0057
            -0.1018         -0.0057          4.2641

     Atom 29  H   pos: (  0.604842  1.177898  0.169139)  dia sigma:           1.11
             1.1144         -0.0000         -0.0000
            -0.0000          1.1144          0.0000
            -0.0000          0.0000          1.1144

     Atom 30  H   pos: (  0.552174  0.295889  0.583043)  dia sigma:           1.11
             1.1144         -0.0000         -0.0000
            -0.0000          1.1144          0.0000
            -0.0000          0.0000          1.1144

     Atom 31  H   pos: (  0.595718  0.864199  0.072781)  dia sigma:           1.14
             1.1390         -0.0000         -0.0000
            -0.0000          1.1390          0.0000
            -0.0000          0.0000          1.1390

     Atom 32  H   pos: (  0.561298  0.609589  0.679400)  dia sigma:           1.14
             1.1390         -0.0000         -0.0000
            -0.0000          1.1390          0.0000
            -0.0000          0.0000          1.1390

     Atom 33  H   pos: (  0.372620  0.781214  0.517639)  dia sigma:           1.13
             1.1253         -0.0000         -0.0000
            -0.0000          1.1253          0.0000
            -0.0000          0.0000          1.1253

     Atom 34  H   pos: (  0.784395  0.692573  0.234543)  dia sigma:           1.13
             1.1253         -0.0000         -0.0000
            -0.0000          1.1253          0.0000
            -0.0000          0.0000          1.1253

     Atom 35  H   pos: (  0.249731  1.018378  0.315459)  dia sigma:           1.13
             1.1344         -0.0000         -0.0000
            -0.0000          1.1344          0.0000
            -0.0000          0.0000          1.1344

     Atom 36  H   pos: (  0.907285  0.455410  0.436723)  dia sigma:           1.13
             1.1344         -0.0000         -0.0000
            -0.0000          1.1344          0.0000
            -0.0000          0.0000          1.1344

     Atom 37  H   pos: (  0.254684  1.338571  0.411147)  dia sigma:           1.13
             1.1279         -0.0000         -0.0000
            -0.0000          1.1279          0.0000
            -0.0000          0.0000          1.1279

     Atom 38  H   pos: (  0.902332  0.135216  0.341035)  dia sigma:           1.13
             1.1279         -0.0000         -0.0000
            -0.0000          1.1279          0.0000
            -0.0000          0.0000          1.1279

     Paramagnetic contribution in ppm:
 
     Atom  1  S   pos: (  0.217212  0.428201  0.033071)  para sigma:       -1042.68
          -983.6052         94.3579       -177.1577
            33.0092       -972.4816         32.2660
          -187.9500        122.2224      -1171.9523

     Atom  2  S   pos: (  0.939803  1.045587  0.719110)  para sigma:       -1042.68
          -983.6052         94.3579       -177.1577
            33.0092       -972.4816         32.2660
          -187.9500        122.2224      -1171.9523

     Atom  3  S   pos: (  0.340079  0.048910  0.172775)  para sigma:        -795.55
          -741.0954        129.4012        -51.6415
            65.8528       -861.9951         82.6419
           -65.7794        170.0597       -783.5526

     Atom  4  S   pos: (  0.816937  1.424877  0.579406)  para sigma:        -795.55
          -741.0954        129.4012        -51.6415
            65.8528       -861.9951         82.6419
           -65.7794        170.0597       -783.5526

     Atom  5  O   pos: (  0.036781  0.120152  0.632239)  para sigma:        -281.02
           -92.9857        111.5646       -205.2540
           108.8507       -484.6696         66.7968
          -198.8466         45.9418       -265.4033

     Atom  6  O   pos: (  1.120234  1.353635  0.119942)  para sigma:        -281.02
           -92.9857        111.5646       -205.2540
           108.8507       -484.6696         66.7968
          -198.8466         45.9418       -265.4033

     Atom  7  N   pos: (  0.279151  0.601856  0.166897)  para sigma:        -255.25
          -161.2528         28.0063       -121.3927
            12.8364       -296.5571        -15.3092
          -128.1283          1.9771       -307.9539

     Atom  8  N   pos: (  0.877865  0.871931  0.585285)  para sigma:        -255.25
          -161.2528         28.0063       -121.3927
            12.8364       -296.5571        -15.3092
          -128.1283          1.9771       -307.9539

     Atom  9  N   pos: (  0.365718  0.547454  0.306804)  para sigma:        -284.37
          -169.6777         76.7215       -106.1348
            63.9166       -404.3851         53.5501
          -112.5031         80.8218       -279.0479

     Atom 10  N   pos: (  0.791298  0.926334  0.445377)  para sigma:        -284.37
          -169.6777         76.7215       -106.1348
            63.9166       -404.3851         53.5501
          -112.5031         80.8218       -279.0479

     Atom 11  N   pos: (  0.391718  0.366925  0.319536)  para sigma:        -236.73
          -143.1381         -4.7578        -70.4429
            13.5237       -340.4422        -18.0324
           -65.9132        -52.6128       -226.6094

     Atom 12  N   pos: (  0.765297  1.106863  0.432645)  para sigma:        -236.73
          -143.1381         -4.7578        -70.4429
            13.5237       -340.4422        -18.0324
           -65.9132        -52.6128       -226.6094

     Atom 13  C   pos: (  0.319554  0.281646  0.179996)  para sigma:        -132.24
          -103.4624        -12.8861        -19.6268
             8.1116       -165.6147         -0.0537
           -15.9461        -34.9588       -127.6358

     Atom 14  C   pos: (  0.837462  1.192142  0.572185)  para sigma:        -132.24
          -103.4624        -12.8861        -19.6268
             8.1116       -165.6147         -0.0537
           -15.9461        -34.9588       -127.6358

     Atom 15  C   pos: (  0.107123 -0.000779  0.720284)  para sigma:        -130.92
          -106.6658         -4.4278        -30.6956
             1.6608       -150.4558        -11.0728
           -26.8203        -24.0659       -135.6251

     Atom 16  C   pos: (  1.049893  1.474566  0.031898)  para sigma:        -130.92
          -106.6658         -4.4278        -30.6956
             1.6608       -150.4558        -11.0728
           -26.8203        -24.0659       -135.6251

     Atom 17  C   pos: (  0.373696  1.281474  0.671249)  para sigma:        -108.87
           -65.0925          6.2410        -19.7333
             8.7313       -148.9341         -6.0742
           -23.5689         -9.8621       -112.5861

     Atom 18  C   pos: (  0.783320  0.192313  0.080932)  para sigma:        -108.87
           -65.0925          6.2410        -19.7333
             8.7313       -148.9341         -6.0742
           -23.5689         -9.8621       -112.5861

     Atom 19  C   pos: (  0.550565  1.146829  0.035902)  para sigma:        -109.98
           -62.9591          5.9822        -38.4970
             3.4998       -125.9491        -12.2991
           -40.0364         -5.9857       -141.0170

     Atom 20  C   pos: (  0.606450  0.326959  0.716279)  para sigma:        -109.98
           -62.9591          5.9822        -38.4970
             3.4998       -125.9491        -12.2991
           -40.0364         -5.9857       -141.0170

     Atom 21  C   pos: (  0.548550  0.967604 -0.020035)  para sigma:        -109.21
           -62.0452         18.1675        -36.1362
            17.2171       -139.1141         15.7744
           -34.5902         16.1185       -126.4654

     Atom 22  C   pos: (  0.608466  0.506184  0.772216)  para sigma:        -109.21
           -62.0452         18.1675        -36.1362
            17.2171       -139.1141         15.7744
           -34.5902         16.1185       -126.4654

     Atom 23  C   pos: (  0.372989  0.921284  0.561744)  para sigma:        -114.71
           -58.6895          6.6768        -31.4936
             9.2371       -165.5539        -15.2924
           -29.9057        -13.2572       -119.8764

     Atom 24  C   pos: (  0.784027  0.552503  0.190438)  para sigma:        -114.71
           -58.6895          6.6768        -31.4936
             9.2371       -165.5539        -15.2924
           -29.9057        -13.2572       -119.8764

     Atom 25  C   pos: (  0.305862  1.054684  0.446207)  para sigma:        -109.48
           -64.6369          3.2253        -40.6506
             3.7997       -119.5743        -12.7012
           -43.2997        -13.4669       -144.2206

     Atom 26  C   pos: (  0.851154  0.419103  0.305974)  para sigma:        -109.48
           -64.6369          3.2253        -40.6506
             3.7997       -119.5743        -12.7012
           -43.2997        -13.4669       -144.2206

     Atom 27  C   pos: (  0.306395  1.234541  0.500788)  para sigma:        -107.82
           -61.8534         19.0350        -36.0279
            17.6553       -133.2156         14.7604
           -37.4947          9.8573       -128.3889

     Atom 28  C   pos: (  0.850621  0.239247  0.251394)  para sigma:        -107.82
           -61.8534         19.0350        -36.0279
            17.6553       -133.2156         14.7604
           -37.4947          9.8573       -128.3889

     Atom 29  H   pos: (  0.604842  1.177898  0.169139)  para sigma:           0.00
             0.0000          0.0000          0.0000
             0.0000          0.0000          0.0000
             0.0000          0.0000          0.0000

     Atom 30  H   pos: (  0.552174  0.295889  0.583043)  para sigma:           0.00
             0.0000          0.0000          0.0000
             0.0000          0.0000          0.0000
             0.0000          0.0000          0.0000

     Atom 31  H   pos: (  0.595718  0.864199  0.072781)  para sigma:           0.00
             0.0000          0.0000          0.0000
             0.0000          0.0000          0.0000
             0.0000          0.0000          0.0000

     Atom 32  H   pos: (  0.561298  0.609589  0.679400)  para sigma:           0.00
             0.0000          0.0000          0.0000
             0.0000          0.0000          0.0000
             0.0000          0.0000          0.0000

     Atom 33  H   pos: (  0.372620  0.781214  0.517639)  para sigma:           0.00
             0.0000          0.0000          0.0000
             0.0000          0.0000          0.0000
             0.0000          0.0000          0.0000

     Atom 34  H   pos: (  0.784395  0.692573  0.234543)  para sigma:           0.00
             0.0000          0.0000          0.0000
             0.0000          0.0000          0.0000
             0.0000          0.0000          0.0000

     Atom 35  H   pos: (  0.249731  1.018378  0.315459)  para sigma:           0.00
             0.0000          0.0000          0.0000
             0.0000          0.0000          0.0000
             0.0000          0.0000          0.0000

     Atom 36  H   pos: (  0.907285  0.455410  0.436723)  para sigma:           0.00
             0.0000          0.0000          0.0000
             0.0000          0.0000          0.0000
             0.0000          0.0000          0.0000

     Atom 37  H   pos: (  0.254684  1.338571  0.411147)  para sigma:           0.00
             0.0000          0.0000          0.0000
             0.0000          0.0000          0.0000
             0.0000          0.0000          0.0000

     Atom 38  H   pos: (  0.902332  0.135216  0.341035)  para sigma:           0.00
             0.0000          0.0000          0.0000
             0.0000          0.0000          0.0000
             0.0000          0.0000          0.0000

     Paramagnetic US occ-occ contribution in ppm:
 
     Atom  1  S   pos: (  0.217212  0.428201  0.033071)  para_oo sigma:          -4.85
            -2.9500          1.4161          0.0965
             0.6406         -8.8627         -0.0217
            -0.0973          1.5332         -2.7234

     Atom  2  S   pos: (  0.939803  1.045587  0.719110)  para_oo sigma:          -4.85
            -2.9500          1.4161          0.0965
             0.6406         -8.8627         -0.0217
            -0.0973          1.5332         -2.7234

     Atom  3  S   pos: (  0.340079  0.048910  0.172775)  para_oo sigma:          -4.34
            -2.5501          0.7365         -2.4383
             0.3320         -5.3594         -0.3795
            -2.7307          0.3287         -5.1228

     Atom  4  S   pos: (  0.816937  1.424877  0.579406)  para_oo sigma:          -4.34
            -2.5501          0.7365         -2.4383
             0.3320         -5.3594         -0.3795
            -2.7307          0.3287         -5.1228

     Atom  5  O   pos: (  0.036781  0.120152  0.632239)  para_oo sigma:          -1.68
            -1.6116         -1.0364          0.4993
            -0.5476         -2.0284         -0.9015
             0.5861         -1.4906         -1.3872

     Atom  6  O   pos: (  1.120234  1.353635  0.119942)  para_oo sigma:          -1.68
            -1.6116         -1.0364          0.4993
            -0.5476         -2.0284         -0.9015
             0.5861         -1.4906         -1.3872

     Atom  7  N   pos: (  0.279151  0.601856  0.166897)  para_oo sigma:          -5.43
            -4.9567         -0.0113          0.4864
            -0.1429         -6.7605         -0.5353
             0.4432         -0.3483         -4.5684

     Atom  8  N   pos: (  0.877865  0.871931  0.585285)  para_oo sigma:          -5.43
            -4.9567         -0.0113          0.4864
            -0.1429         -6.7605         -0.5353
             0.4432         -0.3483         -4.5684

     Atom  9  N   pos: (  0.365718  0.547454  0.306804)  para_oo sigma:          -4.27
            -3.2487         -0.6876         -0.4335
            -0.0554         -5.6444         -0.6033
            -0.2942         -1.6516         -3.9251

     Atom 10  N   pos: (  0.791298  0.926334  0.445377)  para_oo sigma:          -4.27
            -3.2487         -0.6876         -0.4335
            -0.0554         -5.6444         -0.6033
            -0.2942         -1.6516         -3.9251

     Atom 11  N   pos: (  0.391718  0.366925  0.319536)  para_oo sigma:          -2.79
            -2.4596         -0.6118         -1.0289
            -0.1379         -2.1312         -0.2890
            -0.9238         -1.0829         -3.7735

     Atom 12  N   pos: (  0.765297  1.106863  0.432645)  para_oo sigma:          -2.79
            -2.4596         -0.6118         -1.0289
            -0.1379         -2.1312         -0.2890
            -0.9238         -1.0829         -3.7735

     Atom 13  C   pos: (  0.319554  0.281646  0.179996)  para_oo sigma:          -2.77
            -2.7172          0.1835         -0.0785
             0.0158         -2.7867          0.0154
            -0.1092          0.3278         -2.8028

     Atom 14  C   pos: (  0.837462  1.192142  0.572185)  para_oo sigma:          -2.77
            -2.7172          0.1835         -0.0785
             0.0158         -2.7867          0.0154
            -0.1092          0.3278         -2.8028

     Atom 15  C   pos: (  0.107123 -0.000779  0.720284)  para_oo sigma:          -1.78
            -1.6003         -0.5100          0.1739
            -0.4165         -2.0915         -0.7501
             0.1936         -0.8403         -1.6469

     Atom 16  C   pos: (  1.049893  1.474566  0.031898)  para_oo sigma:          -1.78
            -1.6003         -0.5100          0.1739
            -0.4165         -2.0915         -0.7501
             0.1936         -0.8403         -1.6469

     Atom 17  C   pos: (  0.373696  1.281474  0.671249)  para_oo sigma:          -0.49
            -0.1611          0.0217         -0.3097
             0.0254         -0.7114         -0.1303
            -0.2845         -0.1374         -0.6083

     Atom 18  C   pos: (  0.783320  0.192313  0.080932)  para_oo sigma:          -0.49
            -0.1611          0.0217         -0.3097
             0.0254         -0.7114         -0.1303
            -0.2845         -0.1374         -0.6083

     Atom 19  C   pos: (  0.550565  1.146829  0.035902)  para_oo sigma:          -0.37
            -0.1724          0.0805         -0.1750
             0.0272         -0.3708         -0.0027
            -0.1976          0.0230         -0.5554

     Atom 20  C   pos: (  0.606450  0.326959  0.716279)  para_oo sigma:          -0.37
            -0.1724          0.0805         -0.1750
             0.0272         -0.3708         -0.0027
            -0.1976          0.0230         -0.5554

     Atom 21  C   pos: (  0.548550  0.967604 -0.020035)  para_oo sigma:          -0.38
            -0.1282          0.1347         -0.1903
             0.1331         -0.5662          0.1794
            -0.1786          0.1695         -0.4385

     Atom 22  C   pos: (  0.608466  0.506184  0.772216)  para_oo sigma:          -0.38
            -0.1282          0.1347         -0.1903
             0.1331         -0.5662          0.1794
            -0.1786          0.1695         -0.4385

     Atom 23  C   pos: (  0.372989  0.921284  0.561744)  para_oo sigma:          -0.36
            -0.0696          0.0148         -0.0902
             0.0290         -0.7071         -0.1354
            -0.0929         -0.1310         -0.2981

     Atom 24  C   pos: (  0.784027  0.552503  0.190438)  para_oo sigma:          -0.36
            -0.0696          0.0148         -0.0902
             0.0290         -0.7071         -0.1354
            -0.0929         -0.1310         -0.2981

     Atom 25  C   pos: (  0.305862  1.054684  0.446207)  para_oo sigma:          -0.39
            -0.1506          0.0063         -0.2515
            -0.0015         -0.3823         -0.1018
            -0.2613         -0.1014         -0.6461

     Atom 26  C   pos: (  0.851154  0.419103  0.305974)  para_oo sigma:          -0.39
            -0.1506          0.0063         -0.2515
            -0.0015         -0.3823         -0.1018
            -0.2613         -0.1014         -0.6461

     Atom 27  C   pos: (  0.306395  1.234541  0.500788)  para_oo sigma:          -0.42
            -0.2135          0.0932         -0.2520
             0.1178         -0.4924          0.1681
            -0.2055          0.1358         -0.5643

     Atom 28  C   pos: (  0.850621  0.239247  0.251394)  para_oo sigma:          -0.42
            -0.2135          0.0932         -0.2520
             0.1178         -0.4924          0.1681
            -0.2055          0.1358         -0.5643

     Atom 29  H   pos: (  0.604842  1.177898  0.169139)  para_oo sigma:           0.00
             0.0000          0.0000          0.0000
             0.0000          0.0000          0.0000
             0.0000          0.0000          0.0000

     Atom 30  H   pos: (  0.552174  0.295889  0.583043)  para_oo sigma:           0.00
             0.0000          0.0000          0.0000
             0.0000          0.0000          0.0000
             0.0000          0.0000          0.0000

     Atom 31  H   pos: (  0.595718  0.864199  0.072781)  para_oo sigma:           0.00
             0.0000          0.0000          0.0000
             0.0000          0.0000          0.0000
             0.0000          0.0000          0.0000

     Atom 32  H   pos: (  0.561298  0.609589  0.679400)  para_oo sigma:           0.00
             0.0000          0.0000          0.0000
             0.0000          0.0000          0.0000
             0.0000          0.0000          0.0000

     Atom 33  H   pos: (  0.372620  0.781214  0.517639)  para_oo sigma:           0.00
             0.0000          0.0000          0.0000
             0.0000          0.0000          0.0000
             0.0000          0.0000          0.0000

     Atom 34  H   pos: (  0.784395  0.692573  0.234543)  para_oo sigma:           0.00
             0.0000          0.0000          0.0000
             0.0000          0.0000          0.0000
             0.0000          0.0000          0.0000

     Atom 35  H   pos: (  0.249731  1.018378  0.315459)  para_oo sigma:           0.00
             0.0000          0.0000          0.0000
             0.0000          0.0000          0.0000
             0.0000          0.0000          0.0000

     Atom 36  H   pos: (  0.907285  0.455410  0.436723)  para_oo sigma:           0.00
             0.0000          0.0000          0.0000
             0.0000          0.0000          0.0000
             0.0000          0.0000          0.0000

     Atom 37  H   pos: (  0.254684  1.338571  0.411147)  para_oo sigma:           0.00
             0.0000          0.0000          0.0000
             0.0000          0.0000          0.0000
             0.0000          0.0000          0.0000

     Atom 38  H   pos: (  0.902332  0.135216  0.341035)  para_oo sigma:           0.00
             0.0000          0.0000          0.0000
             0.0000          0.0000          0.0000
             0.0000          0.0000          0.0000

     Paramagnetic US L_R Q_R contribution in ppm:
 
     Atom  1  S   pos: (  0.217212  0.428201  0.033071)  para_lq sigma:         -11.28
            -6.6049         13.9691          3.7710
             8.7284        -28.0958         11.3447
             2.5929         20.4531          0.8716

     Atom  2  S   pos: (  0.939803  1.045587  0.719110)  para_lq sigma:         -11.28
            -6.6049         13.9691          3.7710
             8.7284        -28.0958         11.3447
             2.5929         20.4531          0.8716

     Atom  3  S   pos: (  0.340079  0.048910  0.172775)  para_lq sigma:          -0.04
            10.7740          9.0547         -2.0365
             5.6186        -20.6287          2.6156
            -2.6743          6.3197          9.7424

     Atom  4  S   pos: (  0.816937  1.424877  0.579406)  para_lq sigma:          -0.04
            10.7740          9.0547         -2.0365
             5.6186        -20.6287          2.6156
            -2.6743          6.3197          9.7424

     Atom  5  O   pos: (  0.036781  0.120152  0.632239)  para_lq sigma:        -155.36
          -147.5649         11.3948        -12.7111
            10.2962       -162.8936         11.3919
           -12.6754         12.8538       -155.6357

     Atom  6  O   pos: (  1.120234  1.353635  0.119942)  para_lq sigma:        -155.36
          -147.5649         11.3948        -12.7111
            10.2962       -162.8936         11.3919
           -12.6754         12.8538       -155.6357

     Atom  7  N   pos: (  0.279151  0.601856  0.166897)  para_lq sigma:         -76.78
           -71.5597         -6.1556         -6.0143
            -8.1292        -76.8783        -15.3246
            -6.6134        -11.9470        -81.8959

     Atom  8  N   pos: (  0.877865  0.871931  0.585285)  para_lq sigma:         -76.78
           -71.5597         -6.1556         -6.0143
            -8.1292        -76.8783        -15.3246
            -6.6134        -11.9470        -81.8959

     Atom  9  N   pos: (  0.365718  0.547454  0.306804)  para_lq sigma:         -79.87
           -70.6271          4.4572         -8.3445
             5.8128        -89.8994          5.4261
            -8.0917          3.3820        -79.0856

     Atom 10  N   pos: (  0.791298  0.926334  0.445377)  para_lq sigma:         -79.87
           -70.6271          4.4572         -8.3445
             5.8128        -89.8994          5.4261
            -8.0917          3.3820        -79.0856

     Atom 11  N   pos: (  0.391718  0.366925  0.319536)  para_lq sigma:         -76.51
           -68.4687         -2.0775         -5.4451
            -1.7312        -84.8280         -6.3535
            -5.3307         -7.1299        -76.2473

     Atom 12  N   pos: (  0.765297  1.106863  0.432645)  para_lq sigma:         -76.51
           -68.4687         -2.0775         -5.4451
            -1.7312        -84.8280         -6.3535
            -5.3307         -7.1299        -76.2473

     Atom 13  C   pos: (  0.319554  0.281646  0.179996)  para_lq sigma:         -13.47
           -12.3711          2.7208         -0.0748
             2.5976        -16.4345          3.6651
            -0.1276          3.9302        -11.6016

     Atom 14  C   pos: (  0.837462  1.192142  0.572185)  para_lq sigma:         -13.47
           -12.3711          2.7208         -0.0748
             2.5976        -16.4345          3.6651
            -0.1276          3.9302        -11.6016

     Atom 15  C   pos: (  0.107123 -0.000779  0.720284)  para_lq sigma:         -14.96
           -14.8733         -4.1066         -1.2764
            -3.4205        -12.5187         -5.0451
            -0.9771         -6.2771        -17.5007

     Atom 16  C   pos: (  1.049893  1.474566  0.031898)  para_lq sigma:         -14.96
           -14.8733         -4.1066         -1.2764
            -3.4205        -12.5187         -5.0451
            -0.9771         -6.2771        -17.5007

     Atom 17  C   pos: (  0.373696  1.281474  0.671249)  para_lq sigma:         -13.39
           -11.4608          0.2848         -1.2874
             0.1231        -14.8871         -0.8068
            -1.3855         -0.4147        -13.8256

     Atom 18  C   pos: (  0.783320  0.192313  0.080932)  para_lq sigma:         -13.39
           -11.4608          0.2848         -1.2874
             0.1231        -14.8871         -0.8068
            -1.3855         -0.4147        -13.8256

     Atom 19  C   pos: (  0.550565  1.146829  0.035902)  para_lq sigma:         -13.04
           -11.3508          0.5222         -0.9097
             0.1428        -14.0549         -0.4571
            -1.2241          0.1583        -13.6996

     Atom 20  C   pos: (  0.606450  0.326959  0.716279)  para_lq sigma:         -13.04
           -11.3508          0.5222         -0.9097
             0.1428        -14.0549         -0.4571
            -1.2241          0.1583        -13.6996

     Atom 21  C   pos: (  0.548550  0.967604 -0.020035)  para_lq sigma:         -13.14
           -11.2973          0.7242         -1.3380
             0.7089        -14.3803          0.7146
            -1.2834          0.6731        -13.7360

     Atom 22  C   pos: (  0.608466  0.506184  0.772216)  para_lq sigma:         -13.14
           -11.2973          0.7242         -1.3380
             0.7089        -14.3803          0.7146
            -1.2834          0.6731        -13.7360

     Atom 23  C   pos: (  0.372989  0.921284  0.561744)  para_lq sigma:         -13.18
           -11.2251          0.2623         -1.0227
             0.2435        -14.9807         -0.7138
            -1.0056         -0.5553        -13.3467

     Atom 24  C   pos: (  0.784027  0.552503  0.190438)  para_lq sigma:         -13.18
           -11.2251          0.2623         -1.0227
             0.2435        -14.9807         -0.7138
            -1.0056         -0.5553        -13.3467

     Atom 25  C   pos: (  0.305862  1.054684  0.446207)  para_lq sigma:         -13.20
           -11.4506          0.1694         -1.6379
             0.1574        -13.5976         -0.4758
            -1.7144         -0.5172        -14.5426

     Atom 26  C   pos: (  0.851154  0.419103  0.305974)  para_lq sigma:         -13.20
           -11.4506          0.1694         -1.6379
             0.1574        -13.5976         -0.4758
            -1.7144         -0.5172        -14.5426

     Atom 27  C   pos: (  0.306395  1.234541  0.500788)  para_lq sigma:         -13.24
           -11.6556          0.4983         -1.5324
             0.7093        -14.0143          0.8815
            -1.3525          0.3932        -14.0479

     Atom 28  C   pos: (  0.850621  0.239247  0.251394)  para_lq sigma:         -13.24
           -11.6556          0.4983         -1.5324
             0.7093        -14.0143          0.8815
            -1.3525          0.3932        -14.0479

     Atom 29  H   pos: (  0.604842  1.177898  0.169139)  para_lq sigma:           0.00
             0.0000          0.0000          0.0000
             0.0000          0.0000          0.0000
             0.0000          0.0000          0.0000

     Atom 30  H   pos: (  0.552174  0.295889  0.583043)  para_lq sigma:           0.00
             0.0000          0.0000          0.0000
             0.0000          0.0000          0.0000
             0.0000          0.0000          0.0000

     Atom 31  H   pos: (  0.595718  0.864199  0.072781)  para_lq sigma:           0.00
             0.0000          0.0000          0.0000
             0.0000          0.0000          0.0000
             0.0000          0.0000          0.0000

     Atom 32  H   pos: (  0.561298  0.609589  0.679400)  para_lq sigma:           0.00
             0.0000          0.0000          0.0000
             0.0000          0.0000          0.0000
             0.0000          0.0000          0.0000

     Atom 33  H   pos: (  0.372620  0.781214  0.517639)  para_lq sigma:           0.00
             0.0000          0.0000          0.0000
             0.0000          0.0000          0.0000
             0.0000          0.0000          0.0000

     Atom 34  H   pos: (  0.784395  0.692573  0.234543)  para_lq sigma:           0.00
             0.0000          0.0000          0.0000
             0.0000          0.0000          0.0000
             0.0000          0.0000          0.0000

     Atom 35  H   pos: (  0.249731  1.018378  0.315459)  para_lq sigma:           0.00
             0.0000          0.0000          0.0000
             0.0000          0.0000          0.0000
             0.0000          0.0000          0.0000

     Atom 36  H   pos: (  0.907285  0.455410  0.436723)  para_lq sigma:           0.00
             0.0000          0.0000          0.0000
             0.0000          0.0000          0.0000
             0.0000          0.0000          0.0000

     Atom 37  H   pos: (  0.254684  1.338571  0.411147)  para_lq sigma:           0.00
             0.0000          0.0000          0.0000
             0.0000          0.0000          0.0000
             0.0000          0.0000          0.0000

     Atom 38  H   pos: (  0.902332  0.135216  0.341035)  para_lq sigma:           0.00
             0.0000          0.0000          0.0000
             0.0000          0.0000          0.0000
             0.0000          0.0000          0.0000

 
     Total NMR chemical shifts in ppm: ---------------------------------------
     (adopting the Simpson convention for anisotropy and asymmetry)-----------
 
     Atom  1  S   pos: (  0.217212  0.428201  0.033071)  Total sigma:        -101.17
           -25.8351        121.2067       -189.2208
            47.3911        -46.9350         49.9032
          -203.8530        159.7629       -230.7419

     S    1    anisotropy:   -448.75    eta:   -0.3207
     S    1    sigma_11=      0.44    axis=(  0.031524  0.920091  0.390433)
     S    1    sigma_22=     96.38    axis=( -0.867839 -0.168590  0.467368)
     S    1    sigma_33=   -400.33    axis=(  0.495845 -0.353566  0.793177)
 
     Atom  2  S   pos: (  0.939803  1.045587  0.719110)  Total sigma:        -101.17
           -25.8351        121.2067       -189.2208
            47.3911        -46.9350         49.9032
          -203.8530        159.7629       -230.7419

     S    2    anisotropy:   -448.75    eta:   -0.3207
     S    2    sigma_11=      0.44    axis=(  0.031524  0.920091  0.390433)
     S    2    sigma_22=     96.38    axis=( -0.867839 -0.168590  0.467368)
     S    2    sigma_33=   -400.33    axis=(  0.495845 -0.353566  0.793177)
 
     Atom  3  S   pos: (  0.340079  0.048910  0.172775)  Total sigma:         178.94
           246.9958        150.5641        -53.5997
            78.4577         88.9202         97.0449
           -70.3621        193.7839        200.9109

     S    3    anisotropy:   -365.57    eta:   -0.1039
     S    3    sigma_11=    288.14    axis=( -0.649313  0.168157  0.741698)
     S    3    sigma_22=    313.46    axis=(  0.656424  0.616411  0.434909)
     S    3    sigma_33=    -64.77    axis=(  0.384058 -0.769260  0.510626)
 
     Atom  4  S   pos: (  0.816937  1.424877  0.579406)  Total sigma:         178.94
           246.9958        150.5641        -53.5997
            78.4577         88.9202         97.0449
           -70.3621        193.7839        200.9109

     S    4    anisotropy:   -365.57    eta:   -0.1039
     S    4    sigma_11=    288.14    axis=( -0.649313  0.168157  0.741698)
     S    4    sigma_22=    313.46    axis=(  0.656424  0.616411  0.434909)
     S    4    sigma_33=    -64.77    axis=(  0.384058 -0.769260  0.510626)
 
     Atom  5  O   pos: (  0.036781  0.120152  0.632239)  Total sigma:        -203.75
            72.0872        169.7450       -303.7739
           166.6523       -502.0057        110.1469
          -293.7705         80.1530       -181.3237

     O    5    anisotropy:    726.14    eta:   -0.7576
     O    5    sigma_11=   -262.43    axis=(  0.378284  0.558706  0.738071)
     O    5    sigma_22=   -629.16    axis=(  0.378921 -0.820919  0.427213)
     O    5    sigma_33=    280.34    axis=( -0.844583 -0.118062  0.522246)
 
     Atom  6  O   pos: (  1.120234  1.353635  0.119942)  Total sigma:        -203.75
            72.0872        169.7450       -303.7739
           166.6523       -502.0057        110.1469
          -293.7705         80.1530       -181.3237

     O    6    anisotropy:    726.14    eta:   -0.7576
     O    6    sigma_11=   -262.43    axis=(  0.378284  0.558706  0.738071)
     O    6    sigma_22=   -629.16    axis=(  0.378921 -0.820919  0.427213)
     O    6    sigma_33=    280.34    axis=( -0.844583 -0.118062  0.522246)
 
     Atom  7  N   pos: (  0.279151  0.601856  0.166897)  Total sigma:        -174.17
           -13.5946         38.8643       -198.7240
            10.3093       -245.2836        -44.2492
          -211.2382         -9.4775       -263.6422

     N    7    anisotropy:    418.61    eta:   -0.4729
     N    7    sigma_11=   -247.72    axis=(  0.127826 -0.991427  0.027081)
     N    7    sigma_22=   -379.70    axis=(  0.482320  0.085999  0.871764)
     N    7    sigma_33=    104.90    axis=(  0.866619  0.098372 -0.489177)
 
     Atom  8  N   pos: (  0.877865  0.871931  0.585285)  Total sigma:        -174.17
           -13.5946         38.8643       -198.7240
            10.3093       -245.2836        -44.2492
          -211.2382         -9.4775       -263.6422

     N    8    anisotropy:    418.61    eta:   -0.4729
     N    8    sigma_11=   -247.72    axis=(  0.127826 -0.991427  0.027081)
     N    8    sigma_22=   -379.70    axis=(  0.482320  0.085999  0.871764)
     N    8    sigma_33=    104.90    axis=(  0.866619  0.098372 -0.489177)
 
     Atom  9  N   pos: (  0.365718  0.547454  0.306804)  Total sigma:        -222.62
           -24.9861        119.2300       -182.0349
           104.4078       -424.9457         85.1843
          -190.9740        121.1342       -217.9209

     N    9    anisotropy:    472.35    eta:   -0.9750
     N    9    sigma_11=   -226.55    axis=( -0.355254 -0.580997 -0.732282)
     N    9    sigma_22=   -533.58    axis=(  0.350823 -0.808987  0.471660)
     N    9    sigma_33=     92.28    axis=( -0.866440 -0.089342  0.491223)
 
     Atom 10  N   pos: (  0.791298  0.926334  0.445377)  Total sigma:        -222.62
           -24.9861        119.2300       -182.0349
           104.4078       -424.9457         85.1843
          -190.9740        121.1342       -217.9209

     N   10    anisotropy:    472.35    eta:   -0.9750
     N   10    sigma_11=   -226.55    axis=( -0.355254 -0.580997 -0.732282)
     N   10    sigma_22=   -533.58    axis=(  0.350823 -0.808987  0.471660)
     N   10    sigma_33=     92.28    axis=( -0.866440 -0.089342  0.491223)
 
     Atom 11  N   pos: (  0.391718  0.366925  0.319536)  Total sigma:        -141.72
            22.8594         -9.1490       -127.3544
            20.0802       -315.4570        -35.7212
          -119.6856        -90.1467       -132.5626

     N   11    anisotropy:    353.85    eta:   -0.6670
     N   11    sigma_11=   -181.00    axis=(  0.491823 -0.352620  0.796096)
     N   11    sigma_22=   -338.34    axis=( -0.104867 -0.931656 -0.347878)
     N   11    sigma_33=     94.18    axis=( -0.864357 -0.087611  0.495188)
 
     Atom 12  N   pos: (  0.765297  1.106863  0.432645)  Total sigma:        -141.72
            22.8594         -9.1490       -127.3544
            20.0802       -315.4570        -35.7212
          -119.6856        -90.1467       -132.5626

     N   12    anisotropy:    353.85    eta:   -0.6670
     N   12    sigma_11=   -181.00    axis=(  0.491823 -0.352620  0.796096)
     N   12    sigma_22=   -338.34    axis=( -0.104867 -0.931656 -0.347878)
     N   12    sigma_33=     94.18    axis=( -0.864357 -0.087611  0.495188)
 
     Atom 13  C   pos: (  0.319554  0.281646  0.179996)  Total sigma:         -11.11
            57.1275        -17.4836        -46.9862
            22.2723        -85.0039          7.1514
           -41.4811        -58.0115         -5.4419

     C   13    anisotropy:    138.46    eta:   -0.7792
     C   13    sigma_11=    -21.30    axis=(  0.474087 -0.310999  0.823724)
     C   13    sigma_22=    -93.22    axis=( -0.077030 -0.946605 -0.313059)
     C   13    sigma_33=     81.20    axis=( -0.877102 -0.084966  0.472729)
 
     Atom 14  C   pos: (  0.837462  1.192142  0.572185)  Total sigma:         -11.11
            57.1275        -17.4836        -46.9862
            22.2723        -85.0039          7.1514
           -41.4811        -58.0115         -5.4419

     C   14    anisotropy:    138.46    eta:   -0.7792
     C   14    sigma_11=    -21.30    axis=(  0.474087 -0.310999  0.823724)
     C   14    sigma_22=    -93.22    axis=( -0.077030 -0.946605 -0.313059)
     C   14    sigma_33=     81.20    axis=( -0.877102 -0.084966  0.472729)
 
     Atom 15  C   pos: (  0.107123 -0.000779  0.720284)  Total sigma:         -23.57
            21.4492        -16.2678        -54.6269
            -1.1576        -56.7823        -24.7299
           -46.7801        -54.5240        -35.3738

     C   15    anisotropy:   -114.97    eta:   -0.9921
     C   15    sigma_11=    -23.27    axis=(  0.446112 -0.729304  0.518749)
     C   15    sigma_22=     52.78    axis=(  0.833753  0.127965 -0.537104)
     C   15    sigma_33=   -100.22    axis=(  0.325330  0.672117  0.665146)
 
     Atom 16  C   pos: (  1.049893  1.474566  0.031898)  Total sigma:         -23.57
            21.4492        -16.2678        -54.6269
            -1.1576        -56.7823        -24.7299
           -46.7801        -54.5240        -35.3738

     C   16    anisotropy:   -114.97    eta:   -0.9921
     C   16    sigma_11=    -23.27    axis=(  0.446112 -0.729304  0.518749)
     C   16    sigma_22=     52.78    axis=(  0.833753  0.127965 -0.537104)
     C   16    sigma_33=   -100.22    axis=(  0.325330  0.672117  0.665146)
 
     Atom 17  C   pos: (  0.373696  1.281474  0.671249)  Total sigma:          35.00
           128.8407         11.7432        -40.7762
            18.3579        -44.9772        -10.7384
           -50.4032        -18.7731         21.1382

     C   17    anisotropy:    168.70    eta:   -0.4814
     C   17    sigma_11=      5.84    axis=(  0.360226 -0.160164  0.919013)
     C   17    sigma_22=    -48.31    axis=(  0.035780 -0.982054 -0.185176)
     C   17    sigma_33=    147.47    axis=(  0.932179  0.099587 -0.348031)
 
     Atom 18  C   pos: (  0.783320  0.192313  0.080932)  Total sigma:          35.00
           128.8407         11.7432        -40.7762
            18.3579        -44.9772        -10.7384
           -50.4032        -18.7731         21.1382

     C   18    anisotropy:    168.70    eta:   -0.4814
     C   18    sigma_11=      5.84    axis=(  0.360226 -0.160164  0.919013)
     C   18    sigma_22=    -48.31    axis=(  0.035780 -0.982054 -0.185176)
     C   18    sigma_33=    147.47    axis=(  0.932179  0.099587 -0.348031)
 
     Atom 19  C   pos: (  0.550565  1.146829  0.035902)  Total sigma:          34.15
           134.3104         12.4124        -77.3207
             7.7747         -3.4660        -24.3263
           -81.0197        -10.2507        -28.4033

     C   19    anisotropy:    200.70    eta:   -0.4539
     C   19    sigma_11=     -2.39    axis=(  0.161826 -0.974543  0.155171)
     C   19    sigma_22=    -63.12    axis=(  0.355340  0.204242  0.912151)
     C   19    sigma_33=    167.95    axis=( -0.920623 -0.092471  0.379346)
 
     Atom 20  C   pos: (  0.606450  0.326959  0.716279)  Total sigma:          34.15
           134.3104         12.4124        -77.3207
             7.7747         -3.4660        -24.3263
           -81.0197        -10.2507        -28.4033

     C   20    anisotropy:    200.70    eta:   -0.4539
     C   20    sigma_11=     -2.39    axis=(  0.161826 -0.974543  0.155171)
     C   20    sigma_22=    -63.12    axis=(  0.355340  0.204242  0.912151)
     C   20    sigma_33=    167.95    axis=( -0.920623 -0.092471  0.379346)
 
     Atom 21  C   pos: (  0.548550  0.967604 -0.020035)  Total sigma:          36.73
           136.6700         36.0026        -72.8585
            33.3546        -26.4077         28.2517
           -70.1877         29.9504         -0.0832

     C   21    anisotropy:    199.12    eta:   -0.6053
     C   21    sigma_11=     10.53    axis=(  0.188708  0.710906  0.677497)
     C   21    sigma_22=    -69.82    axis=(  0.336776 -0.694904  0.635366)
     C   21    sigma_33=    169.47    axis=( -0.922481 -0.108266  0.370550)
 
     Atom 22  C   pos: (  0.608466  0.506184  0.772216)  Total sigma:          36.73
           136.6700         36.0026        -72.8585
            33.3546        -26.4077         28.2517
           -70.1877         29.9504         -0.0832

     C   22    anisotropy:    199.12    eta:   -0.6053
     C   22    sigma_11=     10.53    axis=(  0.188708  0.710906  0.677497)
     C   22    sigma_22=    -69.82    axis=(  0.336776 -0.694904  0.635366)
     C   22    sigma_33=    169.47    axis=( -0.922481 -0.108266  0.370550)
 
     Atom 23  C   pos: (  0.372989  0.921284  0.561744)  Total sigma:          24.98
           143.0717         13.4358        -62.7130
            18.1288        -78.8191        -32.0215
           -61.7857        -26.3663         10.6788

     C   23    anisotropy:    218.08    eta:   -0.5478
     C   23    sigma_11=     -7.90    axis=(  0.390940 -0.274620  0.878493)
     C   23    sigma_22=    -87.54    axis=(  0.013610  0.956072  0.292815)
     C   23    sigma_33=    170.36    axis=( -0.920315 -0.102517  0.377505)
 
     Atom 24  C   pos: (  0.784027  0.552503  0.190438)  Total sigma:          24.98
           143.0717         13.4358        -62.7130
            18.1288        -78.8191        -32.0215
           -61.7857        -26.3663         10.6788

     C   24    anisotropy:    218.08    eta:   -0.5478
     C   24    sigma_11=     -7.90    axis=(  0.390940 -0.274620  0.878493)
     C   24    sigma_22=    -87.54    axis=(  0.013610  0.956072  0.292815)
     C   24    sigma_33=    170.36    axis=( -0.920315 -0.102517  0.377505)
 
     Atom 25  C   pos: (  0.305862  1.054684  0.446207)  Total sigma:          35.66
           131.7690          6.5980        -81.2106
             8.2226         10.0210        -25.4729
           -88.1831        -26.8122        -34.8229

     C   25    anisotropy:    200.15    eta:   -0.6685
     C   25    sigma_11=     13.54    axis=(  0.192351 -0.963888  0.184178)
     C   25    sigma_22=    -75.66    axis=(  0.359131  0.243806  0.900879)
     C   25    sigma_33=    169.09    axis=( -0.913250 -0.107141  0.393059)
 
     Atom 26  C   pos: (  0.851154  0.419103  0.305974)  Total sigma:          35.66
           131.7690          6.5980        -81.2106
             8.2226         10.0210        -25.4729
           -88.1831        -26.8122        -34.8229

     C   26    anisotropy:    200.15    eta:   -0.6685
     C   26    sigma_11=     13.54    axis=(  0.192351 -0.963888  0.184178)
     C   26    sigma_22=    -75.66    axis=(  0.359131  0.243806  0.900879)
     C   26    sigma_33=    169.09    axis=( -0.913250 -0.107141  0.393059)
 
     Atom 27  C   pos: (  0.306395  1.234541  0.500788)  Total sigma:          37.91
           136.7761         37.3168        -73.2151
            36.0608        -16.3193         29.7219
           -76.8246         17.4439         -6.7367

     C   27    anisotropy:    201.32    eta:   -0.5526
     C   27    sigma_11=      7.88    axis=(  0.128875  0.785344  0.605497)
     C   27    sigma_22=    -66.28    axis=(  0.369870 -0.604595  0.705451)
     C   27    sigma_33=    172.12    axis=( -0.920102 -0.133040  0.368392)
 
     Atom 28  C   pos: (  0.850621  0.239247  0.251394)  Total sigma:          37.91
           136.7761         37.3168        -73.2151
            36.0608        -16.3193         29.7219
           -76.8246         17.4439         -6.7367

     C   28    anisotropy:    201.32    eta:   -0.5526
     C   28    sigma_11=      7.88    axis=(  0.128875  0.785344  0.605497)
     C   28    sigma_22=    -66.28    axis=(  0.369870 -0.604595  0.705451)
     C   28    sigma_33=    172.12    axis=( -0.920102 -0.133040  0.368392)
 
     Atom 29  H   pos: (  0.604842  1.177898  0.169139)  Total sigma:          22.08
            18.7867         -1.6474          2.2406
            -1.2340         24.7281         -0.2462
             4.1732          0.8290         22.7189

     H   29    anisotropy:     -8.00    eta:   -0.1870
     H   29    sigma_11=     24.25    axis=(  0.331387  0.510511  0.793449)
     H   29    sigma_22=     25.24    axis=( -0.378587  0.842246 -0.383789)
     H   29    sigma_33=     16.75    axis=(  0.864207  0.173207 -0.472382)
 
     Atom 30  H   pos: (  0.552174  0.295889  0.583043)  Total sigma:          22.08
            18.7867         -1.6474          2.2406
            -1.2340         24.7281         -0.2462
             4.1732          0.8290         22.7189

     H   30    anisotropy:     -8.00    eta:   -0.1870
     H   30    sigma_11=     24.25    axis=(  0.331387  0.510511  0.793449)
     H   30    sigma_22=     25.24    axis=( -0.378587  0.842246 -0.383789)
     H   30    sigma_33=     16.75    axis=(  0.864207  0.173207 -0.472382)
 
     Atom 31  H   pos: (  0.595718  0.864199  0.072781)  Total sigma:          24.65
            22.4014         -0.1680          2.9743
            -1.8852         26.8703         -0.8311
             3.8046         -1.0947         24.6900

     H   31    anisotropy:     -7.05    eta:   -0.5898
     H   31    sigma_11=     25.62    axis=( -0.365013 -0.736578 -0.569403)
     H   31    sigma_22=     28.39    axis=( -0.447759  0.675112 -0.586290)
     H   31    sigma_33=     19.96    axis=(  0.816259  0.040952 -0.576233)
 
     Atom 32  H   pos: (  0.561298  0.609589  0.679400)  Total sigma:          24.65
            22.4014         -0.1680          2.9743
            -1.8852         26.8703         -0.8311
             3.8046         -1.0947         24.6900

     H   32    anisotropy:     -7.05    eta:   -0.5898
     H   32    sigma_11=     25.62    axis=( -0.365013 -0.736578 -0.569403)
     H   32    sigma_22=     28.39    axis=( -0.447759  0.675112 -0.586290)
     H   32    sigma_33=     19.96    axis=(  0.816259  0.040952 -0.576233)
 
     Atom 33  H   pos: (  0.372620  0.781214  0.517639)  Total sigma:          23.41
            20.3223         -2.5542          5.7383
            -2.7904         24.4262         -1.8459
             5.7113         -0.2118         25.4847

     H   33    anisotropy:    -10.73    eta:   -0.8851
     H   33    sigma_11=     23.82    axis=(  0.033661  0.897580  0.439565)
     H   33    sigma_22=     30.15    axis=( -0.540288  0.386351 -0.747544)
     H   33    sigma_33=     16.26    axis=(  0.840807  0.212328 -0.497956)
 
     Atom 34  H   pos: (  0.784395  0.692573  0.234543)  Total sigma:          23.41
            20.3223         -2.5542          5.7383
            -2.7904         24.4262         -1.8459
             5.7113         -0.2118         25.4847

     H   34    anisotropy:    -10.73    eta:   -0.8851
     H   34    sigma_11=     23.82    axis=(  0.033661  0.897580  0.439565)
     H   34    sigma_22=     30.15    axis=( -0.540288  0.386351 -0.747544)
     H   34    sigma_33=     16.26    axis=(  0.840807  0.212328 -0.497956)
 
     Atom 35  H   pos: (  0.249731  1.018378  0.315459)  Total sigma:          24.24
            23.3612         -1.3727          2.1881
            -1.6301         24.1277         -1.1013
             2.7886          0.0193         25.2233

     H   35    anisotropy:      4.86    eta:   -0.8152
     H   35    sigma_11=     23.94    axis=( -0.072471  0.861310  0.502884)
     H   35    sigma_22=     21.30    axis=(  0.814243  0.342276 -0.468887)
     H   35    sigma_33=     27.48    axis=(  0.575982 -0.375489  0.726121)
 
     Atom 36  H   pos: (  0.907285  0.455410  0.436723)  Total sigma:          24.24
            23.3612         -1.3727          2.1881
            -1.6301         24.1277         -1.1013
             2.7886          0.0193         25.2233

     H   36    anisotropy:      4.86    eta:   -0.8152
     H   36    sigma_11=     23.94    axis=( -0.072471  0.861310  0.502884)
     H   36    sigma_22=     21.30    axis=(  0.814243  0.342276 -0.468887)
     H   36    sigma_33=     27.48    axis=(  0.575982 -0.375489  0.726121)
 
     Atom 37  H   pos: (  0.254684  1.338571  0.411147)  Total sigma:          22.42
            20.3380         -0.8091          2.4919
            -0.5335         23.4144          1.7151
             3.9506          0.0548         23.4998

     H   37    anisotropy:     -6.44    eta:   -0.4762
     H   37    sigma_11=     23.54    axis=(  0.265142 -0.962139  0.063160)
     H   37    sigma_22=     25.58    axis=(  0.495490  0.192152  0.847093)
     H   37    sigma_33=     18.13    axis=( -0.827157 -0.193305  0.527678)
 
     Atom 38  H   pos: (  0.902332  0.135216  0.341035)  Total sigma:          22.42
            20.3380         -0.8091          2.4919
            -0.5335         23.4144          1.7151
             3.9506          0.0548         23.4998

     H   38    anisotropy:     -6.44    eta:   -0.4762
     H   38    sigma_11=     23.54    axis=(  0.265142 -0.962139  0.063159)
     H   38    sigma_22=     25.58    axis=(  0.495490  0.192152  0.847093)
     H   38    sigma_33=     18.13    axis=( -0.827157 -0.193305  0.527678)
 
     Initialization:
     gipaw_setup  :      0.43s CPU      0.46s WALL (       1 calls)
 
     Linear response
     greenf       :   9029.16s CPU   9202.85s WALL (     240 calls)
     cgsolve      :   8983.68s CPU   9157.25s WALL (     240 calls)
     ch_psi       :   8845.34s CPU   9018.55s WALL (   17307 calls)
     h_psiq       :   6841.60s CPU   7011.63s WALL (   17307 calls)
 
     Apply operators
     h_psi        :   5971.75s CPU   6157.57s WALL (   20213 calls)
     apply_vel    :    108.09s CPU    108.26s WALL (     210 calls)
 
     Induced current
     j_para       :    383.62s CPU    397.40s WALL (     270 calls)
     biot_savart  :      0.05s CPU      0.06s WALL (       1 calls)
 
     Other routines
 
     General routines
     calbec       :   2312.26s CPU   2320.82s WALL (   56857 calls)
     fft          :      0.15s CPU      0.18s WALL (      32 calls)
     fftw         :   4403.97s CPU   4592.71s WALL ( 2909732 calls)
     davcio       :      0.04s CPU      0.98s WALL (     160 calls)
 
     Parallel routines
     fft_scatter  :   1144.69s CPU   1255.73s WALL ( 2909764 calls)
 
     Plugins
 
     GIPAW        :  10698.20s CPU  10914.06s WALL (       1 calls)
