
     Program QE v.6.1 (svn rev. 13369) starts on 30Apr2018 at  1:17:11 

     This program is part of the open-source Quantum ESPRESSO suite
     for quantum simulation of materials; please cite
         "P. Giannozzi et al., J. Phys.:Condens. Matter 21 395502 (2009);
          URL http://www.quantum-espresso.org", 
     in publications or presentations arising from this work. More details at
     http://www.quantum-espresso.org/quote

     Parallel version (MPI), running on     8 processors
     R & G space division:  proc/nbgrp/npool/nimage =       8
 
     ***** This is GIPAW svn revision unknown      *****
 
     Parallelizing q-star over 1 images
     Message from routine gipaw_readin:
     *** iverbosity is obsolete, use verbosity instead ***

     Reading data from directory:
     /scratch/paruzzo/QEspresso/CCDC_plusS/XANHYD/wfc/scf.save

   Info: using nr1, nr2, nr3 values from input

   Info: using nr1, nr2, nr3 values from input

     IMPORTANT: XC functional enforced from input :
     Exchange-correlation      =  SLA  PW   PBX  PBC ( 1  4  3  4 0 0)
     Any further DFT definition will be discarded
     Please, verify this is what you really want

               file C.pbe-n-kjpaw_psl.0.1.UPF: wavefunction(s)  2P renormalized
               file N.pbe-n-kjpaw_psl.0.1.UPF: wavefunction(s)  2P renormalized
               file H.pbe-kjpaw_psl.0.1.UPF: wavefunction(s)  1S renormalized
               file O.pbe-n-kjpaw_psl.0.1.UPF: wavefunction(s)  2P renormalized
               file S.pbe-n-kjpaw_psl.0.1.UPF: wavefunction(s)  3P renormalized
 
     Parallelization info
     --------------------
     sticks:   dense  smooth     PW     G-vecs:    dense   smooth      PW
     Min         616     616    165                62627    62627    8729
     Max         617     617    166                62630    62630    8733
     Sum        4935    4935   1321               501033   501033   69845
 

     Subspace diagonalization in iterative solution of the eigenvalue problem:
     a serial algorithm will be used

     GIPAW projectors -----------------------------------------------
     atom=  C    l=0  rc=    1.3000  rs=    0.8667
     atom=  C    l=0  rc=    1.3000  rs=    0.8667
     atom=  C    l=1  rc=    1.4500  rs=    0.9667
     atom=  C    l=1  rc=    1.4500  rs=    0.9667
     projs nearly linearly dependent: l=0  n1,n2= 1, 2  s=  0.99877758
     projs nearly linearly dependent: l=1  n1,n2= 1, 2  s=  0.99940894
 
     atom=  N    l=0  rc=    1.3000  rs=    0.8667
     atom=  N    l=0  rc=    1.3000  rs=    0.8667
     atom=  N    l=1  rc=    1.4500  rs=    0.9667
     atom=  N    l=1  rc=    1.4500  rs=    0.9667
     projs nearly linearly dependent: l=0  n1,n2= 1, 2  s=  0.99709514
     projs nearly linearly dependent: l=1  n1,n2= 1, 2  s=  0.99857174
 
     atom=  H    l=0  rc=    1.0000  rs=    0.6667
     atom=  H    l=0  rc=    1.0000  rs=    0.6667
     projs nearly linearly dependent: l=0  n1,n2= 1, 2  s=  0.99968852
 
     atom=  O    l=0  rc=    1.3500  rs=    0.9000
     atom=  O    l=0  rc=    1.3500  rs=    0.9000
     atom=  O    l=1  rc=    1.3500  rs=    0.9000
     atom=  O    l=1  rc=    1.3500  rs=    0.9000
     projs nearly linearly dependent: l=0  n1,n2= 1, 2  s=  0.99100135
     projs nearly linearly dependent: l=1  n1,n2= 1, 2  s=  0.99790100
 
     atom=  S    l=0  rc=    2.1000  rs=    1.4000
     atom=  S    l=0  rc=    2.1000  rs=    1.4000
     atom=  S    l=1  rc=    2.1000  rs=    1.4000
     atom=  S    l=1  rc=    2.1000  rs=    1.4000
     -----------------------------------------------------------------
 
     alpha_pv=     42.2831 eV
 
     q-space interpolation up to   110.00 Rydberg
 
     GIPAW job: nmr                                                                             
     NMR macroscopic correction: yes
             0.6667          0.0000          0.0000
             0.0000          0.6667          0.0000
             0.0000          0.0000          0.6667

 
     Largest allocated arrays     est. size (Mb)     dimensions
        KS wavefunctions at k          10.97 Mb     (    7900,   91)
        KS wavefunctions at k+q        10.97 Mb     (    7900,   91)
        First-order wavefunctions     109.70 Mb     (    7900,   91, 10)
        First-order wavefunct (US)     65.82 Mb     (    7900,   91,  6)
        Charge/spin density             0.98 Mb     (  128000,    1)
        Induced current                 8.79 Mb     (  128000,    3,3,1)
        Induced magnetic field          8.79 Mb     (  128000,    3,3,1)
        NL pseudopotentials            28.93 Mb     (    7900,  240)
        GIPAW NL terms                 28.93 Mb     (    7900,  240)
 
     Computing the magnetic susceptibility     isolve=0    ethr=  0.1000E-13
     k-point #    1 of    12      pool #  1    cpu time:      11.6
     Rotating WFCS
     c_bands:  2 eigenvalues not converged
     Rotating WFCS
     Rotating WFCS
     Rotating WFCS
     Rotating WFCS
     Rotating WFCS
     Rotating WFCS
     k-point #    2 of    12      pool #  1    cpu time:    1003.9
     Rotating WFCS
     Rotating WFCS
     Rotating WFCS
     c_bands:  1 eigenvalues not converged
     Rotating WFCS
     Rotating WFCS
     Rotating WFCS
     Rotating WFCS
     k-point #    3 of    12      pool #  1    cpu time:    2046.7
     Rotating WFCS
     Rotating WFCS
     Rotating WFCS
     Rotating WFCS
     Rotating WFCS
     Rotating WFCS
     Rotating WFCS
     k-point #    4 of    12      pool #  1    cpu time:    3086.9
     Rotating WFCS
     c_bands:  1 eigenvalues not converged
     Rotating WFCS
     Rotating WFCS
     Rotating WFCS
     Rotating WFCS
     Rotating WFCS
     Rotating WFCS
     k-point #    5 of    12      pool #  1    cpu time:    4086.1
     Rotating WFCS
     Rotating WFCS
     Rotating WFCS
     Rotating WFCS
     Rotating WFCS
     Rotating WFCS
     Rotating WFCS
     k-point #    6 of    12      pool #  1    cpu time:    5171.0
     Rotating WFCS
     Rotating WFCS
     Rotating WFCS
     Rotating WFCS
     Rotating WFCS
     Rotating WFCS
     Rotating WFCS
     k-point #    7 of    12      pool #  1    cpu time:    6257.4
     Rotating WFCS
     Rotating WFCS
     Rotating WFCS
     Rotating WFCS
     Rotating WFCS
     Rotating WFCS
     Rotating WFCS
     k-point #    8 of    12      pool #  1    cpu time:    7381.5
     Rotating WFCS
     Rotating WFCS
     Rotating WFCS
     Rotating WFCS
     Rotating WFCS
     Rotating WFCS
     Rotating WFCS
     k-point #    9 of    12      pool #  1    cpu time:    8481.9
     Rotating WFCS
     Rotating WFCS
     Rotating WFCS
     Rotating WFCS
     Rotating WFCS
     Rotating WFCS
     Rotating WFCS
     k-point #   10 of    12      pool #  1    cpu time:    9828.0
     Rotating WFCS
     c_bands:  2 eigenvalues not converged
     Rotating WFCS
     Rotating WFCS
     Rotating WFCS
     Rotating WFCS
     Rotating WFCS
     Rotating WFCS
     k-point #   11 of    12      pool #  1    cpu time:   11200.5
     Rotating WFCS
     Rotating WFCS
     Rotating WFCS
     Rotating WFCS
     c_bands:  1 eigenvalues not converged
     Rotating WFCS
     c_bands:  1 eigenvalues not converged
     Rotating WFCS
     Rotating WFCS
     k-point #   12 of    12      pool #  1    cpu time:   12573.7
     Rotating WFCS
     Rotating WFCS
     Rotating WFCS
     Rotating WFCS
     Rotating WFCS
     Rotating WFCS
     Rotating WFCS
     End of magnetic susceptibility calculation
 
     f-sum rule (1st term):
          -152.4849          0.0000         -0.3572
             0.0000       -158.8358          0.0000
            -0.1578          0.0000       -159.0367

     f-sum rule (2nd term):
            -2.3728          0.0000          0.1563
             0.0000         -2.4401          0.0000
             0.1579          0.0000         -2.2352

     f-sum rule (should be  -161.2717):
          -154.8577          0.0000         -0.2008
             0.0000       -161.2759          0.0000
             0.0000          0.0000       -161.2719

     chi_bare pGv (HH) in paratec units:
       -63.075224      0.002386      5.374994
         0.002438    -37.246377     -0.002989
         5.667982     -0.002749    -60.359391

       -63.075224      0.000000      5.374994
         0.000000    -37.246377      0.000000
         5.667982      0.000000    -60.359391

     chi_bare vGv (VV) in paratec units:
       -52.551261      0.001839      6.003316
         0.001764    -28.267349     -0.002352
         5.988116     -0.002089    -47.803540

       -52.551261      0.000000      6.003316
         0.000000    -28.267349      0.000000
         5.988116      0.000000    -47.803540

     chi_bare pGv (HH) in 10^{-6} cm^3/mol:
          -299.7394          0.0000         25.5425
             0.0000       -176.9983          0.0000
            26.9348          0.0000       -286.8335

     chi_bare vGv (VV) in 10^{-6} cm^3/mol:
          -249.7285          0.0000         28.5283
             0.0000       -134.3291          0.0000
            28.4561          0.0000       -227.1669

     Contributions to the NMR chemical shifts: -------------------------------
 
     Macroscopic shape contribution in ppm:                    6.44
             7.5883          0.0000          0.0000
             0.0000          4.4810          0.0000
             0.0000          0.0000          7.2616

 
     Core contribution in ppm:
 
     Atom  1  C   pos: (  0.724517  0.860318  0.575837)  core sigma:         200.51
     Atom  2  C   pos: (  0.056222  2.148034  0.968633)  core sigma:         200.51
     Atom  3  C   pos: ( -0.163039  1.715115  2.513103)  core sigma:         200.51
     Atom  4  C   pos: (  0.505257  0.427399  2.120307)  core sigma:         200.51
     Atom  5  C   pos: (  0.368715  0.830544  0.147851)  core sigma:         200.51
     Atom  6  C   pos: (  0.412024  2.118261  1.396620)  core sigma:         200.51
     Atom  7  C   pos: (  0.192763  1.744888  2.941090)  core sigma:         200.51
     Atom  8  C   pos: (  0.149455  0.457172  1.692321)  core sigma:         200.51
     Atom  9  H   pos: ( -0.186240  1.162172  2.903960)  core sigma:           0.00
     Atom 10  H   pos: (  0.528458  2.449888  1.729450)  core sigma:           0.00
     Atom 11  H   pos: (  0.747718  1.413260  0.184980)  core sigma:           0.00
     Atom 12  H   pos: (  0.033021  0.125544  1.359490)  core sigma:           0.00
     Atom 13  H   pos: ( -0.505600  0.924986  3.071583)  core sigma:           0.00
     Atom 14  H   pos: (  0.847818  2.212703  1.561827)  core sigma:           0.00
     Atom 15  H   pos: (  1.067079  1.650446  0.017357)  core sigma:           0.00
     Atom 16  H   pos: ( -0.286340  0.362730  1.527113)  core sigma:           0.00
     Atom 17  N   pos: (  0.632227  0.971452  0.260873)  core sigma:         235.78
     Atom 18  N   pos: (  0.148513  2.259168  1.283597)  core sigma:         235.78
     Atom 19  N   pos: ( -0.070748  1.603981  2.828067)  core sigma:         235.78
     Atom 20  N   pos: (  0.412966  0.316264  1.805343)  core sigma:         235.78
     Atom 21  N   pos: ( -0.257021  0.935714  2.994786)  core sigma:         235.78
     Atom 22  N   pos: (  0.599240  2.223430  1.638624)  core sigma:         235.78
     Atom 23  N   pos: (  0.818500  1.639719  0.094154)  core sigma:         235.78
     Atom 24  N   pos: ( -0.037761  0.352003  1.450316)  core sigma:         235.78
     Atom 25  S   pos: (  0.217383  0.474787  0.343350)  core sigma:         979.79
     Atom 26  S   pos: (  0.563356  1.762503  1.201120)  core sigma:         979.79
     Atom 27  S   pos: (  0.344095  2.100646  2.745590)  core sigma:         979.79
     Atom 28  S   pos: ( -0.001877  0.812930  1.887820)  core sigma:         979.79
     Atom 29  S   pos: (  0.445459  0.617158  0.753537)  core sigma:         979.79
     Atom 30  S   pos: (  0.335280  1.904875  0.790933)  core sigma:         979.79
     Atom 31  S   pos: (  0.116020  1.958274  2.335403)  core sigma:         979.79
     Atom 32  S   pos: (  0.226199  0.670558  2.298007)  core sigma:         979.79
     Atom 33  S   pos: (  0.990247  1.009248  0.832024)  core sigma:         979.79
     Atom 34  S   pos: ( -0.209508  2.296965  0.712446)  core sigma:         979.79
     Atom 35  S   pos: ( -0.428768  1.566184  2.256916)  core sigma:         979.79
     Atom 36  S   pos: (  0.770986  0.278468  2.376494)  core sigma:         979.79
 
     Bare contribution in ppm:
 
     Atom  1  C   pos: (  0.724517  0.860318  0.575837)  bare sigma:         -68.30
           -42.4057          4.0290         12.3993
           -15.2388        -67.4845         15.3185
            -3.2860         12.0028        -95.0163

     Atom  2  C   pos: (  0.056222  2.148034  0.968633)  bare sigma:         -68.30
           -42.4057         -4.0290         12.3993
            15.2388        -67.4845        -15.3185
            -3.2860        -12.0028        -95.0163

     Atom  3  C   pos: ( -0.163039  1.715115  2.513103)  bare sigma:         -68.30
           -42.4057          4.0290         12.3993
           -15.2388        -67.4845         15.3185
            -3.2860         12.0028        -95.0163

     Atom  4  C   pos: (  0.505257  0.427399  2.120307)  bare sigma:         -68.30
           -42.4057         -4.0290         12.3993
            15.2388        -67.4845        -15.3185
            -3.2860        -12.0028        -95.0163

     Atom  5  C   pos: (  0.368715  0.830544  0.147851)  bare sigma:         -76.32
           -68.3208         -6.6481          1.1034
           -30.6860        -86.8538          4.0811
           -10.7896         26.7983        -73.7800

     Atom  6  C   pos: (  0.412024  2.118261  1.396620)  bare sigma:         -76.32
           -68.3208          6.6481          1.1034
            30.6860        -86.8538         -4.0811
           -10.7896        -26.7983        -73.7800

     Atom  7  C   pos: (  0.192763  1.744888  2.941090)  bare sigma:         -76.32
           -68.3208         -6.6481          1.1034
           -30.6860        -86.8538          4.0811
           -10.7896         26.7983        -73.7800

     Atom  8  C   pos: (  0.149455  0.457172  1.692321)  bare sigma:         -76.32
           -68.3208          6.6481          1.1034
            30.6860        -86.8538         -4.0811
           -10.7896        -26.7983        -73.7800

     Atom  9  H   pos: ( -0.186240  1.162172  2.903960)  bare sigma:          12.74
             6.4244          6.8451          1.9317
            -2.2507         22.1361         -6.0975
            -0.4112         -6.5651          9.6624

     Atom 10  H   pos: (  0.528458  2.449888  1.729450)  bare sigma:          12.74
             6.4244         -6.8451          1.9317
             2.2507         22.1361          6.0975
            -0.4112          6.5651          9.6624

     Atom 11  H   pos: (  0.747718  1.413260  0.184980)  bare sigma:          12.74
             6.4244          6.8451          1.9317
            -2.2507         22.1361         -6.0975
            -0.4112         -6.5651          9.6624

     Atom 12  H   pos: (  0.033021  0.125544  1.359490)  bare sigma:          12.74
             6.4244         -6.8451          1.9317
             2.2507         22.1361          6.0975
            -0.4112          6.5651          9.6624

     Atom 13  H   pos: ( -0.505600  0.924986  3.071583)  bare sigma:          12.92
            23.6069          3.6285         -6.1456
            -9.3643          2.9366         -0.0422
            -6.0875         -3.2373         12.2263

     Atom 14  H   pos: (  0.847818  2.212703  1.561827)  bare sigma:          12.92
            23.6069         -3.6285         -6.1456
             9.3643          2.9366          0.0422
            -6.0875          3.2373         12.2263

     Atom 15  H   pos: (  1.067079  1.650446  0.017357)  bare sigma:          12.92
            23.6069          3.6285         -6.1456
            -9.3643          2.9366         -0.0422
            -6.0875         -3.2373         12.2263

     Atom 16  H   pos: ( -0.286340  0.362730  1.527113)  bare sigma:          12.92
            23.6069         -3.6285         -6.1456
             9.3643          2.9366          0.0422
            -6.0875          3.2373         12.2263

     Atom 17  N   pos: (  0.632227  0.971452  0.260873)  bare sigma:         -31.79
           -17.6925        -10.1170        -30.2188
           -35.7272        -11.8088          8.5935
           -42.5201         23.8839        -65.8640

     Atom 18  N   pos: (  0.148513  2.259168  1.283597)  bare sigma:         -31.79
           -17.6925         10.1170        -30.2188
            35.7272        -11.8088         -8.5935
           -42.5201        -23.8839        -65.8640

     Atom 19  N   pos: ( -0.070748  1.603981  2.828067)  bare sigma:         -31.79
           -17.6925        -10.1170        -30.2188
           -35.7272        -11.8088          8.5935
           -42.5201         23.8839        -65.8640

     Atom 20  N   pos: (  0.412966  0.316264  1.805343)  bare sigma:         -31.79
           -17.6925         10.1170        -30.2188
            35.7272        -11.8088         -8.5935
           -42.5201        -23.8839        -65.8640

     Atom 21  N   pos: ( -0.257021  0.935714  2.994786)  bare sigma:           6.86
           -11.0228         -9.8668         -5.5914
           -35.6178          7.1493         11.3917
            -3.0005          0.0787         24.4664

     Atom 22  N   pos: (  0.599240  2.223430  1.638624)  bare sigma:           6.86
           -11.0228          9.8668         -5.5914
            35.6178          7.1493        -11.3917
            -3.0005         -0.0787         24.4664

     Atom 23  N   pos: (  0.818500  1.639719  0.094154)  bare sigma:           6.86
           -11.0228         -9.8668         -5.5914
           -35.6178          7.1493         11.3917
            -3.0005          0.0787         24.4664

     Atom 24  N   pos: ( -0.037761  0.352003  1.450316)  bare sigma:           6.86
           -11.0228          9.8668         -5.5914
            35.6178          7.1493        -11.3917
            -3.0005         -0.0787         24.4664

     Atom 25  S   pos: (  0.217383  0.474787  0.343350)  bare sigma:           0.94
            -5.7584         -8.0273        -12.0734
             0.7025         -3.1635         -2.1116
             1.7106          0.5945         11.7303

     Atom 26  S   pos: (  0.563356  1.762503  1.201120)  bare sigma:           0.94
            -5.7584          8.0273        -12.0734
            -0.7025         -3.1635          2.1116
             1.7106         -0.5945         11.7303

     Atom 27  S   pos: (  0.344095  2.100646  2.745590)  bare sigma:           0.94
            -5.7584         -8.0273        -12.0734
             0.7025         -3.1635         -2.1116
             1.7106          0.5945         11.7303

     Atom 28  S   pos: ( -0.001877  0.812930  1.887820)  bare sigma:           0.94
            -5.7584          8.0273        -12.0734
            -0.7025         -3.1635          2.1116
             1.7106         -0.5945         11.7303

     Atom 29  S   pos: (  0.445459  0.617158  0.753537)  bare sigma:          -1.06
            12.3150          8.4917         -9.8383
             7.4286         -6.9037         31.5319
            -3.7844         -1.9329         -8.5988

     Atom 30  S   pos: (  0.335280  1.904875  0.790933)  bare sigma:          -1.06
            12.3150         -8.4917         -9.8383
            -7.4286         -6.9037        -31.5319
            -3.7844          1.9329         -8.5988

     Atom 31  S   pos: (  0.116020  1.958274  2.335403)  bare sigma:          -1.06
            12.3150          8.4917         -9.8383
             7.4286         -6.9037         31.5319
            -3.7844         -1.9329         -8.5988

     Atom 32  S   pos: (  0.226199  0.670558  2.298007)  bare sigma:          -1.06
            12.3150         -8.4917         -9.8383
            -7.4286         -6.9037        -31.5319
            -3.7844          1.9329         -8.5988

     Atom 33  S   pos: (  0.990247  1.009248  0.832024)  bare sigma:           3.34
            26.3019        -19.1855        -17.0287
           -29.5144          3.3155         17.5667
             7.4282         20.5526        -19.5949

     Atom 34  S   pos: ( -0.209508  2.296965  0.712446)  bare sigma:           3.34
            26.3019         19.1855        -17.0287
            29.5144          3.3155        -17.5667
             7.4282        -20.5526        -19.5949

     Atom 35  S   pos: ( -0.428768  1.566184  2.256916)  bare sigma:           3.34
            26.3019        -19.1855        -17.0287
           -29.5144          3.3155         17.5667
             7.4282         20.5526        -19.5949

     Atom 36  S   pos: (  0.770986  0.278468  2.376494)  bare sigma:           3.34
            26.3019         19.1855        -17.0287
            29.5144          3.3155        -17.5667
             7.4282        -20.5526        -19.5949

     Diamagnetic contribution in ppm:
 
     Atom  1  C   pos: (  0.724517  0.860318  0.575837)  dia sigma:           4.05
             4.0246          0.0100         -0.0417
             0.0100          4.0331         -0.0658
            -0.0417         -0.0658          4.0902

     Atom  2  C   pos: (  0.056222  2.148034  0.968633)  dia sigma:           4.05
             4.0246         -0.0100         -0.0417
            -0.0100          4.0331          0.0658
            -0.0417          0.0658          4.0902

     Atom  3  C   pos: ( -0.163039  1.715115  2.513103)  dia sigma:           4.05
             4.0246          0.0100         -0.0417
             0.0100          4.0331         -0.0658
            -0.0417         -0.0658          4.0902

     Atom  4  C   pos: (  0.505257  0.427399  2.120307)  dia sigma:           4.05
             4.0246         -0.0100         -0.0417
            -0.0100          4.0331          0.0658
            -0.0417          0.0658          4.0902

     Atom  5  C   pos: (  0.368715  0.830544  0.147851)  dia sigma:           4.07
             4.0240         -0.0135         -0.1087
            -0.0135          4.1076          0.0403
            -0.1087          0.0403          4.0682

     Atom  6  C   pos: (  0.412024  2.118261  1.396620)  dia sigma:           4.07
             4.0240          0.0135         -0.1087
             0.0135          4.1076         -0.0403
            -0.1087         -0.0403          4.0682

     Atom  7  C   pos: (  0.192763  1.744888  2.941090)  dia sigma:           4.07
             4.0240         -0.0135         -0.1087
            -0.0135          4.1076          0.0403
            -0.1087          0.0403          4.0682

     Atom  8  C   pos: (  0.149455  0.457172  1.692321)  dia sigma:           4.07
             4.0240          0.0135         -0.1087
             0.0135          4.1076         -0.0403
            -0.1087         -0.0403          4.0682

     Atom  9  H   pos: ( -0.186240  1.162172  2.903960)  dia sigma:           1.02
             1.0190          0.0000         -0.0000
             0.0000          1.0190         -0.0000
            -0.0000         -0.0000          1.0190

     Atom 10  H   pos: (  0.528458  2.449888  1.729450)  dia sigma:           1.02
             1.0190         -0.0000         -0.0000
            -0.0000          1.0190          0.0000
            -0.0000          0.0000          1.0190

     Atom 11  H   pos: (  0.747718  1.413260  0.184980)  dia sigma:           1.02
             1.0190          0.0000         -0.0000
             0.0000          1.0190         -0.0000
            -0.0000         -0.0000          1.0190

     Atom 12  H   pos: (  0.033021  0.125544  1.359490)  dia sigma:           1.02
             1.0190         -0.0000         -0.0000
            -0.0000          1.0190          0.0000
            -0.0000          0.0000          1.0190

     Atom 13  H   pos: ( -0.505600  0.924986  3.071583)  dia sigma:           0.97
             0.9695         -0.0000         -0.0000
            -0.0000          0.9695          0.0000
            -0.0000          0.0000          0.9695

     Atom 14  H   pos: (  0.847818  2.212703  1.561827)  dia sigma:           0.97
             0.9695          0.0000         -0.0000
             0.0000          0.9695         -0.0000
            -0.0000         -0.0000          0.9695

     Atom 15  H   pos: (  1.067079  1.650446  0.017357)  dia sigma:           0.97
             0.9695         -0.0000         -0.0000
            -0.0000          0.9695          0.0000
            -0.0000          0.0000          0.9695

     Atom 16  H   pos: ( -0.286340  0.362730  1.527113)  dia sigma:           0.97
             0.9695          0.0000         -0.0000
             0.0000          0.9695         -0.0000
            -0.0000         -0.0000          0.9695

     Atom 17  N   pos: (  0.632227  0.971452  0.260873)  dia sigma:           9.18
             9.1857         -0.0833          0.1977
            -0.0833          8.9811          0.1033
             0.1977          0.1033          9.3860

     Atom 18  N   pos: (  0.148513  2.259168  1.283597)  dia sigma:           9.18
             9.1857          0.0833          0.1977
             0.0833          8.9811         -0.1033
             0.1977         -0.1033          9.3860

     Atom 19  N   pos: ( -0.070748  1.603981  2.828067)  dia sigma:           9.18
             9.1857         -0.0833          0.1977
            -0.0833          8.9811          0.1033
             0.1977          0.1033          9.3860

     Atom 20  N   pos: (  0.412966  0.316264  1.805343)  dia sigma:           9.18
             9.1857          0.0833          0.1977
             0.0833          8.9811         -0.1033
             0.1977         -0.1033          9.3860

     Atom 21  N   pos: ( -0.257021  0.935714  2.994786)  dia sigma:           9.89
            10.0625         -0.0821          0.0522
            -0.0821          9.8308         -0.2822
             0.0522         -0.2822          9.7747

     Atom 22  N   pos: (  0.599240  2.223430  1.638624)  dia sigma:           9.89
            10.0625          0.0821          0.0522
             0.0821          9.8308          0.2822
             0.0522          0.2822          9.7747

     Atom 23  N   pos: (  0.818500  1.639719  0.094154)  dia sigma:           9.89
            10.0625         -0.0821          0.0522
            -0.0821          9.8308         -0.2822
             0.0522         -0.2822          9.7747

     Atom 24  N   pos: ( -0.037761  0.352003  1.450316)  dia sigma:           9.89
            10.0625          0.0821          0.0522
             0.0821          9.8308          0.2822
             0.0522          0.2822          9.7747

     Atom 25  S   pos: (  0.217383  0.474787  0.343350)  dia sigma:         -11.68
           -11.8018          0.0980          0.0696
             0.0980        -11.6805         -0.0636
             0.0696         -0.0636        -11.5667

     Atom 26  S   pos: (  0.563356  1.762503  1.201120)  dia sigma:         -11.68
           -11.8018         -0.0980          0.0696
            -0.0980        -11.6805          0.0636
             0.0696          0.0636        -11.5667

     Atom 27  S   pos: (  0.344095  2.100646  2.745590)  dia sigma:         -11.68
           -11.8018          0.0980          0.0696
             0.0980        -11.6805         -0.0636
             0.0696         -0.0636        -11.5667

     Atom 28  S   pos: ( -0.001877  0.812930  1.887820)  dia sigma:         -11.68
           -11.8018         -0.0980          0.0696
            -0.0980        -11.6805          0.0636
             0.0696          0.0636        -11.5667

     Atom 29  S   pos: (  0.445459  0.617158  0.753537)  dia sigma:         -12.00
           -11.9714          0.1414          0.0365
             0.1414        -12.0603          0.0596
             0.0365          0.0596        -11.9792

     Atom 30  S   pos: (  0.335280  1.904875  0.790933)  dia sigma:         -12.00
           -11.9714         -0.1414          0.0365
            -0.1414        -12.0603         -0.0596
             0.0365         -0.0596        -11.9792

     Atom 31  S   pos: (  0.116020  1.958274  2.335403)  dia sigma:         -12.00
           -11.9714          0.1414          0.0365
             0.1414        -12.0603          0.0596
             0.0365          0.0596        -11.9792

     Atom 32  S   pos: (  0.226199  0.670558  2.298007)  dia sigma:         -12.00
           -11.9714         -0.1414          0.0365
            -0.1414        -12.0603         -0.0596
             0.0365         -0.0596        -11.9792

     Atom 33  S   pos: (  0.990247  1.009248  0.832024)  dia sigma:         -11.42
           -11.3549         -0.0038          0.1083
            -0.0038        -11.4671          0.1055
             0.1083          0.1055        -11.4361

     Atom 34  S   pos: ( -0.209508  2.296965  0.712446)  dia sigma:         -11.42
           -11.3549          0.0038          0.1083
             0.0038        -11.4671         -0.1055
             0.1083         -0.1055        -11.4361

     Atom 35  S   pos: ( -0.428768  1.566184  2.256916)  dia sigma:         -11.42
           -11.3549         -0.0038          0.1083
            -0.0038        -11.4671          0.1055
             0.1083          0.1055        -11.4361

     Atom 36  S   pos: (  0.770986  0.278468  2.376494)  dia sigma:         -11.42
           -11.3549          0.0038          0.1083
             0.0038        -11.4671         -0.1055
             0.1083         -0.1055        -11.4361

     Paramagnetic contribution in ppm:
 
     Atom  1  C   pos: (  0.724517  0.860318  0.575837)  para sigma:        -117.38
           -98.4722         -3.4095         10.4559
           -15.1273       -110.5968         17.2821
            -0.9244         15.6332       -143.0651

     Atom  2  C   pos: (  0.056222  2.148034  0.968633)  para sigma:        -117.38
           -98.4722          3.4095         10.4559
            15.1273       -110.5968        -17.2821
            -0.9244        -15.6332       -143.0651

     Atom  3  C   pos: ( -0.163039  1.715115  2.513103)  para sigma:        -117.38
           -98.4722         -3.4095         10.4559
           -15.1273       -110.5968         17.2821
            -0.9244         15.6332       -143.0651

     Atom  4  C   pos: (  0.505257  0.427399  2.120307)  para sigma:        -117.38
           -98.4722          3.4095         10.4559
            15.1273       -110.5968        -17.2821
            -0.9244        -15.6332       -143.0651

     Atom  5  C   pos: (  0.368715  0.830544  0.147851)  para sigma:        -126.99
          -123.0520        -11.8293         -5.0671
           -29.8606       -132.8375          6.3848
           -16.0999         31.7733       -125.0929

     Atom  6  C   pos: (  0.412024  2.118261  1.396620)  para sigma:        -126.99
          -123.0520         11.8293         -5.0671
            29.8606       -132.8375         -6.3848
           -16.0999        -31.7733       -125.0929

     Atom  7  C   pos: (  0.192763  1.744888  2.941090)  para sigma:        -126.99
          -123.0520        -11.8293         -5.0671
           -29.8606       -132.8375          6.3848
           -16.0999         31.7733       -125.0929

     Atom  8  C   pos: (  0.149455  0.457172  1.692321)  para sigma:        -126.99
          -123.0520         11.8293         -5.0671
            29.8606       -132.8375         -6.3848
           -16.0999        -31.7733       -125.0929

     Atom  9  H   pos: ( -0.186240  1.162172  2.903960)  para sigma:           0.00
             0.0000          0.0000          0.0000
             0.0000          0.0000          0.0000
             0.0000          0.0000          0.0000

     Atom 10  H   pos: (  0.528458  2.449888  1.729450)  para sigma:           0.00
             0.0000          0.0000          0.0000
             0.0000          0.0000          0.0000
             0.0000          0.0000          0.0000

     Atom 11  H   pos: (  0.747718  1.413260  0.184980)  para sigma:           0.00
             0.0000          0.0000          0.0000
             0.0000          0.0000          0.0000
             0.0000          0.0000          0.0000

     Atom 12  H   pos: (  0.033021  0.125544  1.359490)  para sigma:           0.00
             0.0000          0.0000          0.0000
             0.0000          0.0000          0.0000
             0.0000          0.0000          0.0000

     Atom 13  H   pos: ( -0.505600  0.924986  3.071583)  para sigma:           0.00
             0.0000          0.0000          0.0000
             0.0000          0.0000          0.0000
             0.0000          0.0000          0.0000

     Atom 14  H   pos: (  0.847818  2.212703  1.561827)  para sigma:           0.00
             0.0000          0.0000          0.0000
             0.0000          0.0000          0.0000
             0.0000          0.0000          0.0000

     Atom 15  H   pos: (  1.067079  1.650446  0.017357)  para sigma:           0.00
             0.0000          0.0000          0.0000
             0.0000          0.0000          0.0000
             0.0000          0.0000          0.0000

     Atom 16  H   pos: ( -0.286340  0.362730  1.527113)  para sigma:           0.00
             0.0000          0.0000          0.0000
             0.0000          0.0000          0.0000
             0.0000          0.0000          0.0000

     Atom 17  N   pos: (  0.632227  0.971452  0.260873)  para sigma:        -159.24
          -139.1843        -22.7187        -58.4074
           -47.8540       -118.9715         13.8334
           -77.9956         42.5096       -219.5522

     Atom 18  N   pos: (  0.148513  2.259168  1.283597)  para sigma:        -159.24
          -139.1843         22.7187        -58.4074
            47.8540       -118.9715        -13.8334
           -77.9956        -42.5096       -219.5522

     Atom 19  N   pos: ( -0.070748  1.603981  2.828067)  para sigma:        -159.24
          -139.1843        -22.7187        -58.4074
           -47.8540       -118.9715         13.8334
           -77.9956         42.5096       -219.5522

     Atom 20  N   pos: (  0.412966  0.316264  1.805343)  para sigma:        -159.24
          -139.1843         22.7187        -58.4074
            47.8540       -118.9715        -13.8334
           -77.9956        -42.5096       -219.5522

     Atom 21  N   pos: ( -0.257021  0.935714  2.994786)  para sigma:         -94.10
          -127.0019        -26.1822        -13.6845
           -50.8453        -92.0686         20.2343
            -7.7115         -0.4828        -63.2189

     Atom 22  N   pos: (  0.599240  2.223430  1.638624)  para sigma:         -94.10
          -127.0019         26.1822        -13.6845
            50.8453        -92.0686        -20.2343
            -7.7115          0.4828        -63.2189

     Atom 23  N   pos: (  0.818500  1.639719  0.094154)  para sigma:         -94.10
          -127.0019        -26.1822        -13.6845
           -50.8453        -92.0686         20.2343
            -7.7115         -0.4828        -63.2189

     Atom 24  N   pos: ( -0.037761  0.352003  1.450316)  para sigma:         -94.10
          -127.0019         26.1822        -13.6845
            50.8453        -92.0686        -20.2343
            -7.7115          0.4828        -63.2189

     Atom 25  S   pos: (  0.217383  0.474787  0.343350)  para sigma:        -881.11
          -924.7131       -190.9918       -124.5043
           -48.9100       -948.9113        -17.8378
            38.1470         53.6384       -769.7202

     Atom 26  S   pos: (  0.563356  1.762503  1.201120)  para sigma:        -881.11
          -924.7131        190.9918       -124.5043
            48.9100       -948.9113         17.8378
            38.1470        -53.6384       -769.7202

     Atom 27  S   pos: (  0.344095  2.100646  2.745590)  para sigma:        -881.11
          -924.7131       -190.9918       -124.5043
           -48.9100       -948.9113        -17.8378
            38.1470         53.6384       -769.7202

     Atom 28  S   pos: ( -0.001877  0.812930  1.887820)  para sigma:        -881.11
          -924.7131        190.9918       -124.5043
            48.9100       -948.9113         17.8378
            38.1470        -53.6384       -769.7202

     Atom 29  S   pos: (  0.445459  0.617158  0.753537)  para sigma:        -757.27
          -708.3720         15.0791        -53.7760
             4.5299       -757.7916        315.8592
            -1.3589        -28.2476       -805.6388

     Atom 30  S   pos: (  0.335280  1.904875  0.790933)  para sigma:        -757.27
          -708.3720        -15.0791        -53.7760
            -4.5299       -757.7916       -315.8592
            -1.3589         28.2476       -805.6388

     Atom 31  S   pos: (  0.116020  1.958274  2.335403)  para sigma:        -757.27
          -708.3720         15.0791        -53.7760
             4.5299       -757.7916        315.8592
            -1.3589        -28.2476       -805.6388

     Atom 32  S   pos: (  0.226199  0.670558  2.298007)  para sigma:        -757.27
          -708.3720        -15.0791        -53.7760
            -4.5299       -757.7916       -315.8592
            -1.3589         28.2476       -805.6388

     Atom 33  S   pos: (  0.990247  1.009248  0.832024)  para sigma:        -824.16
          -652.7607       -172.1433       -261.3086
          -286.1858       -784.3429        154.9672
            18.3023        177.5783      -1035.3725

     Atom 34  S   pos: ( -0.209508  2.296965  0.712446)  para sigma:        -824.16
          -652.7607        172.1433       -261.3086
           286.1858       -784.3429       -154.9672
            18.3023       -177.5783      -1035.3725

     Atom 35  S   pos: ( -0.428768  1.566184  2.256916)  para sigma:        -824.16
          -652.7607       -172.1433       -261.3086
          -286.1858       -784.3429        154.9672
            18.3023        177.5783      -1035.3725

     Atom 36  S   pos: (  0.770986  0.278468  2.376494)  para sigma:        -824.16
          -652.7607        172.1433       -261.3086
           286.1858       -784.3429       -154.9672
            18.3023       -177.5783      -1035.3725

     Paramagnetic US occ-occ contribution in ppm:
 
     Atom  1  C   pos: (  0.724517  0.860318  0.575837)  para_oo sigma:          -2.60
            -2.4135          0.0629          0.1582
             0.0424         -2.5780          0.5075
             0.1471          0.2949         -2.8166

     Atom  2  C   pos: (  0.056222  2.148034  0.968633)  para_oo sigma:          -2.60
            -2.4135         -0.0629          0.1582
            -0.0424         -2.5780         -0.5075
             0.1471         -0.2949         -2.8166

     Atom  3  C   pos: ( -0.163039  1.715115  2.513103)  para_oo sigma:          -2.60
            -2.4135          0.0629          0.1582
             0.0424         -2.5780          0.5075
             0.1471          0.2949         -2.8166

     Atom  4  C   pos: (  0.505257  0.427399  2.120307)  para_oo sigma:          -2.60
            -2.4135         -0.0629          0.1582
            -0.0424         -2.5780         -0.5075
             0.1471         -0.2949         -2.8166

     Atom  5  C   pos: (  0.368715  0.830544  0.147851)  para_oo sigma:          -2.15
            -1.8866         -0.3017          0.1231
             0.0111         -2.2821          0.4266
            -0.0333          0.6801         -2.2891

     Atom  6  C   pos: (  0.412024  2.118261  1.396620)  para_oo sigma:          -2.15
            -1.8866          0.3017          0.1231
            -0.0111         -2.2821         -0.4266
            -0.0333         -0.6801         -2.2891

     Atom  7  C   pos: (  0.192763  1.744888  2.941090)  para_oo sigma:          -2.15
            -1.8866         -0.3017          0.1231
             0.0111         -2.2821          0.4266
            -0.0333          0.6801         -2.2891

     Atom  8  C   pos: (  0.149455  0.457172  1.692321)  para_oo sigma:          -2.15
            -1.8866          0.3017          0.1231
            -0.0111         -2.2821         -0.4266
            -0.0333         -0.6801         -2.2891

     Atom  9  H   pos: ( -0.186240  1.162172  2.903960)  para_oo sigma:           0.00
             0.0000          0.0000          0.0000
             0.0000          0.0000          0.0000
             0.0000          0.0000          0.0000

     Atom 10  H   pos: (  0.528458  2.449888  1.729450)  para_oo sigma:           0.00
             0.0000          0.0000          0.0000
             0.0000          0.0000          0.0000
             0.0000          0.0000          0.0000

     Atom 11  H   pos: (  0.747718  1.413260  0.184980)  para_oo sigma:           0.00
             0.0000          0.0000          0.0000
             0.0000          0.0000          0.0000
             0.0000          0.0000          0.0000

     Atom 12  H   pos: (  0.033021  0.125544  1.359490)  para_oo sigma:           0.00
             0.0000          0.0000          0.0000
             0.0000          0.0000          0.0000
             0.0000          0.0000          0.0000

     Atom 13  H   pos: ( -0.505600  0.924986  3.071583)  para_oo sigma:           0.00
             0.0000          0.0000          0.0000
             0.0000          0.0000          0.0000
             0.0000          0.0000          0.0000

     Atom 14  H   pos: (  0.847818  2.212703  1.561827)  para_oo sigma:           0.00
             0.0000          0.0000          0.0000
             0.0000          0.0000          0.0000
             0.0000          0.0000          0.0000

     Atom 15  H   pos: (  1.067079  1.650446  0.017357)  para_oo sigma:           0.00
             0.0000          0.0000          0.0000
             0.0000          0.0000          0.0000
             0.0000          0.0000          0.0000

     Atom 16  H   pos: ( -0.286340  0.362730  1.527113)  para_oo sigma:           0.00
             0.0000          0.0000          0.0000
             0.0000          0.0000          0.0000
             0.0000          0.0000          0.0000

     Atom 17  N   pos: (  0.632227  0.971452  0.260873)  para_oo sigma:          -1.54
            -1.5481         -0.2666          0.0913
            -0.3372         -1.8343          0.5176
             0.1449          0.5916         -1.2349

     Atom 18  N   pos: (  0.148513  2.259168  1.283597)  para_oo sigma:          -1.54
            -1.5481          0.2666          0.0913
             0.3372         -1.8343         -0.5176
             0.1449         -0.5916         -1.2349

     Atom 19  N   pos: ( -0.070748  1.603981  2.828067)  para_oo sigma:          -1.54
            -1.5481         -0.2666          0.0913
            -0.3372         -1.8343          0.5176
             0.1449          0.5916         -1.2349

     Atom 20  N   pos: (  0.412966  0.316264  1.805343)  para_oo sigma:          -1.54
            -1.5481          0.2666          0.0913
             0.3372         -1.8343         -0.5176
             0.1449         -0.5916         -1.2349

     Atom 21  N   pos: ( -0.257021  0.935714  2.994786)  para_oo sigma:          -1.12
            -0.7536         -0.6256          0.3751
            -0.8078         -1.6033          0.7634
            -0.0333          0.7346         -0.9983

     Atom 22  N   pos: (  0.599240  2.223430  1.638624)  para_oo sigma:          -1.12
            -0.7536          0.6256          0.3751
             0.8078         -1.6033         -0.7634
            -0.0333         -0.7346         -0.9983

     Atom 23  N   pos: (  0.818500  1.639719  0.094154)  para_oo sigma:          -1.12
            -0.7536         -0.6256          0.3751
            -0.8078         -1.6033          0.7634
            -0.0333          0.7346         -0.9983

     Atom 24  N   pos: ( -0.037761  0.352003  1.450316)  para_oo sigma:          -1.12
            -0.7536          0.6256          0.3751
             0.8078         -1.6033         -0.7634
            -0.0333         -0.7346         -0.9983

     Atom 25  S   pos: (  0.217383  0.474787  0.343350)  para_oo sigma:          -7.71
            -7.8894         -1.2372          0.4617
            -0.6459        -10.9275          1.7250
             2.4869          3.4194         -4.3033

     Atom 26  S   pos: (  0.563356  1.762503  1.201120)  para_oo sigma:          -7.71
            -7.8894          1.2372          0.4617
             0.6459        -10.9275         -1.7250
             2.4869         -3.4194         -4.3033

     Atom 27  S   pos: (  0.344095  2.100646  2.745590)  para_oo sigma:          -7.71
            -7.8894         -1.2372          0.4617
            -0.6459        -10.9275          1.7250
             2.4869          3.4194         -4.3033

     Atom 28  S   pos: ( -0.001877  0.812930  1.887820)  para_oo sigma:          -7.71
            -7.8894          1.2372          0.4617
             0.6459        -10.9275         -1.7250
             2.4869         -3.4194         -4.3033

     Atom 29  S   pos: (  0.445459  0.617158  0.753537)  para_oo sigma:          -8.19
            -9.3543         -1.2927          2.8513
            -2.5811         -9.1171          0.8934
             3.3616          1.7330         -6.0907

     Atom 30  S   pos: (  0.335280  1.904875  0.790933)  para_oo sigma:          -8.19
            -9.3543          1.2927          2.8513
             2.5811         -9.1171         -0.8934
             3.3616         -1.7330         -6.0907

     Atom 31  S   pos: (  0.116020  1.958274  2.335403)  para_oo sigma:          -8.19
            -9.3543         -1.2927          2.8513
            -2.5811         -9.1171          0.8934
             3.3616          1.7330         -6.0907

     Atom 32  S   pos: (  0.226199  0.670558  2.298007)  para_oo sigma:          -8.19
            -9.3543          1.2927          2.8513
             2.5811         -9.1171         -0.8934
             3.3616         -1.7330         -6.0907

     Atom 33  S   pos: (  0.990247  1.009248  0.832024)  para_oo sigma:          -3.38
            -3.2390         -2.7946          0.2457
            -1.6831         -2.0320          0.6299
            -2.9357         -0.8841         -4.8702

     Atom 34  S   pos: ( -0.209508  2.296965  0.712446)  para_oo sigma:          -3.38
            -3.2390          2.7946          0.2457
             1.6831         -2.0320         -0.6299
            -2.9357          0.8841         -4.8702

     Atom 35  S   pos: ( -0.428768  1.566184  2.256916)  para_oo sigma:          -3.38
            -3.2390         -2.7946          0.2457
            -1.6831         -2.0320          0.6299
            -2.9357         -0.8841         -4.8702

     Atom 36  S   pos: (  0.770986  0.278468  2.376494)  para_oo sigma:          -3.38
            -3.2390          2.7946          0.2457
             1.6831         -2.0320         -0.6299
            -2.9357          0.8841         -4.8702

     Paramagnetic US L_R Q_R contribution in ppm:
 
     Atom  1  C   pos: (  0.724517  0.860318  0.575837)  para_lq sigma:         -11.72
           -13.1957         -1.6183         -0.7065
            -2.1149        -11.3277         -0.6937
            -0.7007         -0.6934        -10.6458

     Atom  2  C   pos: (  0.056222  2.148034  0.968633)  para_lq sigma:         -11.72
           -13.1957          1.6183         -0.7065
             2.1149        -11.3277          0.6937
            -0.7007          0.6934        -10.6458

     Atom  3  C   pos: ( -0.163039  1.715115  2.513103)  para_lq sigma:         -11.72
           -13.1957         -1.6183         -0.7065
            -2.1149        -11.3277         -0.6937
            -0.7007         -0.6934        -10.6458

     Atom  4  C   pos: (  0.505257  0.427399  2.120307)  para_lq sigma:         -11.72
           -13.1957          1.6183         -0.7065
             2.1149        -11.3277          0.6937
            -0.7007          0.6934        -10.6458

     Atom  5  C   pos: (  0.368715  0.830544  0.147851)  para_lq sigma:         -14.44
           -12.7378         -1.7671          1.2553
            -0.8770        -16.5491          3.0356
             2.1586          4.1712        -14.0300

     Atom  6  C   pos: (  0.412024  2.118261  1.396620)  para_lq sigma:         -14.44
           -12.7378          1.7671          1.2553
             0.8770        -16.5491         -3.0356
             2.1586         -4.1712        -14.0300

     Atom  7  C   pos: (  0.192763  1.744888  2.941090)  para_lq sigma:         -14.44
           -12.7378         -1.7671          1.2553
            -0.8770        -16.5491          3.0356
             2.1586          4.1712        -14.0300

     Atom  8  C   pos: (  0.149455  0.457172  1.692321)  para_lq sigma:         -14.44
           -12.7378          1.7671          1.2553
             0.8770        -16.5491         -3.0356
             2.1586         -4.1712        -14.0300

     Atom  9  H   pos: ( -0.186240  1.162172  2.903960)  para_lq sigma:           0.00
             0.0000          0.0000          0.0000
             0.0000          0.0000          0.0000
             0.0000          0.0000          0.0000

     Atom 10  H   pos: (  0.528458  2.449888  1.729450)  para_lq sigma:           0.00
             0.0000          0.0000          0.0000
             0.0000          0.0000          0.0000
             0.0000          0.0000          0.0000

     Atom 11  H   pos: (  0.747718  1.413260  0.184980)  para_lq sigma:           0.00
             0.0000          0.0000          0.0000
             0.0000          0.0000          0.0000
             0.0000          0.0000          0.0000

     Atom 12  H   pos: (  0.033021  0.125544  1.359490)  para_lq sigma:           0.00
             0.0000          0.0000          0.0000
             0.0000          0.0000          0.0000
             0.0000          0.0000          0.0000

     Atom 13  H   pos: ( -0.505600  0.924986  3.071583)  para_lq sigma:           0.00
             0.0000          0.0000          0.0000
             0.0000          0.0000          0.0000
             0.0000          0.0000          0.0000

     Atom 14  H   pos: (  0.847818  2.212703  1.561827)  para_lq sigma:           0.00
             0.0000          0.0000          0.0000
             0.0000          0.0000          0.0000
             0.0000          0.0000          0.0000

     Atom 15  H   pos: (  1.067079  1.650446  0.017357)  para_lq sigma:           0.00
             0.0000          0.0000          0.0000
             0.0000          0.0000          0.0000
             0.0000          0.0000          0.0000

     Atom 16  H   pos: ( -0.286340  0.362730  1.527113)  para_lq sigma:           0.00
             0.0000          0.0000          0.0000
             0.0000          0.0000          0.0000
             0.0000          0.0000          0.0000

     Atom 17  N   pos: (  0.632227  0.971452  0.260873)  para_lq sigma:         -68.15
           -67.9540         -2.7143         -5.1543
            -2.1351        -64.7283          3.7057
            -4.7610          2.2320        -71.7660

     Atom 18  N   pos: (  0.148513  2.259168  1.283597)  para_lq sigma:         -68.15
           -67.9540          2.7143         -5.1543
             2.1351        -64.7283         -3.7057
            -4.7610         -2.2320        -71.7660

     Atom 19  N   pos: ( -0.070748  1.603981  2.828067)  para_lq sigma:         -68.15
           -67.9540         -2.7143         -5.1543
            -2.1351        -64.7283          3.7057
            -4.7610          2.2320        -71.7660

     Atom 20  N   pos: (  0.412966  0.316264  1.805343)  para_lq sigma:         -68.15
           -67.9540          2.7143         -5.1543
             2.1351        -64.7283         -3.7057
            -4.7610         -2.2320        -71.7660

     Atom 21  N   pos: ( -0.257021  0.935714  2.994786)  para_lq sigma:         -64.06
           -67.3554         -2.0513         -0.2972
            -2.2655        -63.8302          7.7009
            -0.4732          7.3407        -60.9828

     Atom 22  N   pos: (  0.599240  2.223430  1.638624)  para_lq sigma:         -64.06
           -67.3554          2.0513         -0.2972
             2.2655        -63.8302         -7.7009
            -0.4732         -7.3407        -60.9828

     Atom 23  N   pos: (  0.818500  1.639719  0.094154)  para_lq sigma:         -64.06
           -67.3554         -2.0513         -0.2972
            -2.2655        -63.8302          7.7009
            -0.4732          7.3407        -60.9828

     Atom 24  N   pos: ( -0.037761  0.352003  1.450316)  para_lq sigma:         -64.06
           -67.3554          2.0513         -0.2972
             2.2655        -63.8302         -7.7009
            -0.4732         -7.3407        -60.9828

     Atom 25  S   pos: (  0.217383  0.474787  0.343350)  para_lq sigma:          20.61
            20.2939          4.5029        -16.4664
             7.1323         37.7492          1.2939
            -8.8786         -6.3378          3.7848

     Atom 26  S   pos: (  0.563356  1.762503  1.201120)  para_lq sigma:          20.61
            20.2939         -4.5029        -16.4664
            -7.1323         37.7492         -1.2939
            -8.8786          6.3378          3.7848

     Atom 27  S   pos: (  0.344095  2.100646  2.745590)  para_lq sigma:          20.61
            20.2939          4.5029        -16.4664
             7.1323         37.7492          1.2939
            -8.8786         -6.3378          3.7848

     Atom 28  S   pos: ( -0.001877  0.812930  1.887820)  para_lq sigma:          20.61
            20.2939         -4.5029        -16.4664
            -7.1323         37.7492         -1.2939
            -8.8786          6.3378          3.7848

     Atom 29  S   pos: (  0.445459  0.617158  0.753537)  para_lq sigma:          19.19
            15.6581         -2.4109        -18.2186
             0.9051         24.7208        -16.2723
           -17.6142        -12.7268         17.2014

     Atom 30  S   pos: (  0.335280  1.904875  0.790933)  para_lq sigma:          19.19
            15.6581          2.4109        -18.2186
            -0.9051         24.7208         16.2723
           -17.6142         12.7268         17.2014

     Atom 31  S   pos: (  0.116020  1.958274  2.335403)  para_lq sigma:          19.19
            15.6581         -2.4109        -18.2186
             0.9051         24.7208        -16.2723
           -17.6142        -12.7268         17.2014

     Atom 32  S   pos: (  0.226199  0.670558  2.298007)  para_lq sigma:          19.19
            15.6581          2.4109        -18.2186
            -0.9051         24.7208         16.2723
           -17.6142         12.7268         17.2014

     Atom 33  S   pos: (  0.990247  1.009248  0.832024)  para_lq sigma:          17.20
            17.4825          5.8170         14.6546
             5.3695         12.9204         11.8405
            15.4524         12.0241         21.2068

     Atom 34  S   pos: ( -0.209508  2.296965  0.712446)  para_lq sigma:          17.20
            17.4825         -5.8170         14.6546
            -5.3695         12.9204        -11.8405
            15.4524        -12.0241         21.2068

     Atom 35  S   pos: ( -0.428768  1.566184  2.256916)  para_lq sigma:          17.20
            17.4825          5.8170         14.6546
             5.3695         12.9204         11.8405
            15.4524         12.0241         21.2068

     Atom 36  S   pos: (  0.770986  0.278468  2.376494)  para_lq sigma:          17.20
            17.4825         -5.8170         14.6546
            -5.3695         12.9204        -11.8405
            15.4524        -12.0241         21.2068

 
     Total NMR chemical shifts in ppm: ---------------------------------------
     (adopting the Simpson convention for anisotropy and asymmetry)-----------
 
     Atom  1  C   pos: (  0.724517  0.860318  0.575837)  Total sigma:          11.00
            55.6358         -0.9258         22.2653
           -32.4287         17.0371         32.3486
            -4.8056         27.1718        -39.6819

     C    1    anisotropy:    -98.09    eta:   -0.5569
     C    1    sigma_11=     25.49    axis=(  0.339405  0.837633  0.427990)
     C    1    sigma_22=     61.90    axis=( -0.931127  0.363728  0.026540)
     C    1    sigma_33=    -54.40    axis=( -0.133441 -0.407521  0.903393)
 
     Atom  2  C   pos: (  0.056222  2.148034  0.968633)  Total sigma:          11.00
            55.6358          0.9258         22.2653
            32.4287         17.0371        -32.3486
            -4.8056        -27.1718        -39.6819

     C    2    anisotropy:    -98.09    eta:   -0.5569
     C    2    sigma_11=     25.49    axis=( -0.339405  0.837633 -0.427990)
     C    2    sigma_22=     61.90    axis=( -0.931127 -0.363728  0.026540)
     C    2    sigma_33=    -54.40    axis=( -0.133441  0.407521  0.903393)
 
     Atom  3  C   pos: ( -0.163039  1.715115  2.513103)  Total sigma:          11.00
            55.6358         -0.9258         22.2653
           -32.4287         17.0371         32.3486
            -4.8056         27.1718        -39.6819

     C    3    anisotropy:    -98.09    eta:   -0.5569
     C    3    sigma_11=     25.49    axis=(  0.339405  0.837633  0.427990)
     C    3    sigma_22=     61.90    axis=( -0.931127  0.363728  0.026540)
     C    3    sigma_33=    -54.40    axis=( -0.133441 -0.407521  0.903393)
 
     Atom  4  C   pos: (  0.505257  0.427399  2.120307)  Total sigma:          11.00
            55.6358          0.9258         22.2653
            32.4287         17.0371        -32.3486
            -4.8056        -27.1718        -39.6819

     C    4    anisotropy:    -98.09    eta:   -0.5569
     C    4    sigma_11=     25.49    axis=( -0.339405  0.837633 -0.427990)
     C    4    sigma_22=     61.90    axis=( -0.931127 -0.363728  0.026540)
     C    4    sigma_33=    -54.40    axis=( -0.133441  0.407521  0.903393)
 
     Atom  5  C   pos: (  0.368715  0.830544  0.147851)  Total sigma:          -8.88
             6.1250        -20.5598         -2.6940
           -61.4259        -29.4239         13.9684
           -24.8728         63.4631         -3.3522

     C    5    anisotropy:     94.08    eta:   -0.8778
     C    5    sigma_11=    -12.72    axis=( -0.672143 -0.060815 -0.737920)
     C    5    sigma_22=    -67.77    axis=(  0.380913  0.826219 -0.415051)
     C    5    sigma_33=     53.84    axis=( -0.634925  0.560057  0.532172)
 
     Atom  6  C   pos: (  0.412024  2.118261  1.396620)  Total sigma:          -8.88
             6.1250         20.5598         -2.6940
            61.4259        -29.4239        -13.9684
           -24.8728        -63.4631         -3.3522

     C    6    anisotropy:     94.08    eta:   -0.8778
     C    6    sigma_11=    -12.72    axis=(  0.672143 -0.060815  0.737920)
     C    6    sigma_22=    -67.77    axis=(  0.380913 -0.826219 -0.415051)
     C    6    sigma_33=     53.84    axis=( -0.634925 -0.560057  0.532172)
 
     Atom  7  C   pos: (  0.192763  1.744888  2.941090)  Total sigma:          -8.88
             6.1250        -20.5598         -2.6940
           -61.4259        -29.4239         13.9684
           -24.8728         63.4631         -3.3522

     C    7    anisotropy:     94.08    eta:   -0.8778
     C    7    sigma_11=    -12.72    axis=( -0.672143 -0.060815 -0.737920)
     C    7    sigma_22=    -67.77    axis=(  0.380913  0.826219 -0.415051)
     C    7    sigma_33=     53.84    axis=( -0.634925  0.560057  0.532172)
 
     Atom  8  C   pos: (  0.149455  0.457172  1.692321)  Total sigma:          -8.88
             6.1250         20.5598         -2.6940
            61.4259        -29.4239        -13.9684
           -24.8728        -63.4631         -3.3522

     C    8    anisotropy:     94.08    eta:   -0.8778
     C    8    sigma_11=    -12.72    axis=(  0.672143 -0.060815  0.737920)
     C    8    sigma_22=    -67.77    axis=(  0.380913 -0.826219 -0.415051)
     C    8    sigma_33=     53.84    axis=( -0.634925 -0.560057  0.532172)
 
     Atom  9  H   pos: ( -0.186240  1.162172  2.903960)  Total sigma:          20.20
            15.0317          6.8451          1.9317
            -2.2507         27.6361         -6.0975
            -0.4112         -6.5651         17.9430

     H    9    anisotropy:     16.12    eta:   -0.3143
     H    9    sigma_11=     16.52    axis=(  0.705264  0.235154  0.668809)
     H    9    sigma_22=     13.14    axis=(  0.700546 -0.375948 -0.606547)
     H    9    sigma_33=     30.95    axis=( -0.108805 -0.896307  0.429879)
 
     Atom 10  H   pos: (  0.528458  2.449888  1.729450)  Total sigma:          20.20
            15.0317         -6.8451          1.9317
             2.2507         27.6361          6.0975
            -0.4112          6.5651         17.9430

     H   10    anisotropy:     16.12    eta:   -0.3143
     H   10    sigma_11=     16.52    axis=(  0.705264 -0.235154  0.668809)
     H   10    sigma_22=     13.14    axis=( -0.700546 -0.375948  0.606547)
     H   10    sigma_33=     30.95    axis=( -0.108805  0.896307  0.429879)
 
     Atom 11  H   pos: (  0.747718  1.413260  0.184980)  Total sigma:          20.20
            15.0317          6.8451          1.9317
            -2.2507         27.6361         -6.0975
            -0.4112         -6.5651         17.9430

     H   11    anisotropy:     16.12    eta:   -0.3143
     H   11    sigma_11=     16.52    axis=(  0.705264  0.235154  0.668809)
     H   11    sigma_22=     13.14    axis=(  0.700546 -0.375948 -0.606547)
     H   11    sigma_33=     30.95    axis=( -0.108805 -0.896307  0.429879)
 
     Atom 12  H   pos: (  0.033021  0.125544  1.359490)  Total sigma:          20.20
            15.0317         -6.8451          1.9317
             2.2507         27.6361          6.0975
            -0.4112          6.5651         17.9430

     H   12    anisotropy:     16.12    eta:   -0.3143
     H   12    sigma_11=     16.52    axis=(  0.705264 -0.235154  0.668809)
     H   12    sigma_22=     13.14    axis=( -0.700546 -0.375948  0.606547)
     H   12    sigma_33=     30.95    axis=( -0.108805  0.896307  0.429879)
 
     Atom 13  H   pos: ( -0.505600  0.924986  3.071583)  Total sigma:          20.34
            32.1648          3.6285         -6.1456
            -9.3643          8.3871         -0.0422
            -6.0875         -3.2373         20.4575

     H   13    anisotropy:     21.89    eta:   -0.7502
     H   13    sigma_11=     18.51    axis=(  0.352803 -0.246084  0.902758)
     H   13    sigma_22=      7.57    axis=( -0.162368 -0.966261 -0.199940)
     H   13    sigma_33=     34.93    axis=( -0.921502  0.076039  0.380856)
 
     Atom 14  H   pos: (  0.847818  2.212703  1.561827)  Total sigma:          20.34
            32.1648         -3.6285         -6.1456
             9.3643          8.3871          0.0422
            -6.0875          3.2373         20.4575

     H   14    anisotropy:     21.89    eta:   -0.7502
     H   14    sigma_11=     18.51    axis=( -0.352803 -0.246084 -0.902758)
     H   14    sigma_22=      7.57    axis=( -0.162368  0.966261 -0.199940)
     H   14    sigma_33=     34.93    axis=( -0.921502 -0.076039  0.380856)
 
     Atom 15  H   pos: (  1.067079  1.650446  0.017357)  Total sigma:          20.34
            32.1648          3.6285         -6.1456
            -9.3643          8.3871         -0.0422
            -6.0875         -3.2373         20.4575

     H   15    anisotropy:     21.89    eta:   -0.7502
     H   15    sigma_11=     18.51    axis=(  0.352803 -0.246084  0.902758)
     H   15    sigma_22=      7.57    axis=( -0.162368 -0.966261 -0.199940)
     H   15    sigma_33=     34.93    axis=( -0.921502  0.076039  0.380856)
 
     Atom 16  H   pos: ( -0.286340  0.362730  1.527113)  Total sigma:          20.34
            32.1648         -3.6285         -6.1456
             9.3643          8.3871          0.0422
            -6.0875          3.2373         20.4575

     H   16    anisotropy:     21.89    eta:   -0.7502
     H   16    sigma_11=     18.51    axis=( -0.352803 -0.246084 -0.902758)
     H   16    sigma_22=      7.57    axis=( -0.162368  0.966261 -0.199940)
     H   16    sigma_33=     34.93    axis=( -0.921502 -0.076039  0.380856)
 
     Atom 17  N   pos: (  0.632227  0.971452  0.260873)  Total sigma:          -9.31
            26.1713        -35.8998        -93.4916
           -86.1368         51.8953         26.7534
          -124.9341         69.3204       -105.9934

     N   17    anisotropy:   -238.45    eta:   -0.9892
     N   17    sigma_11=     -8.45    axis=(  0.570986  0.780355 -0.254992)
     N   17    sigma_22=    148.80    axis=( -0.670012  0.622438  0.404542)
     N   17    sigma_33=   -168.28    axis=(  0.474404 -0.060140  0.878251)
 
     Atom 18  N   pos: (  0.148513  2.259168  1.283597)  Total sigma:          -9.31
            26.1713         35.8998        -93.4916
            86.1368         51.8953        -26.7534
          -124.9341        -69.3204       -105.9934

     N   18    anisotropy:   -238.45    eta:   -0.9892
     N   18    sigma_11=     -8.45    axis=(  0.570986 -0.780355 -0.254992)
     N   18    sigma_22=    148.80    axis=(  0.670012  0.622438 -0.404542)
     N   18    sigma_33=   -168.28    axis=(  0.474404  0.060140  0.878251)
 
     Atom 19  N   pos: ( -0.070748  1.603981  2.828067)  Total sigma:          -9.31
            26.1713        -35.8998        -93.4916
           -86.1368         51.8953         26.7534
          -124.9341         69.3204       -105.9934

     N   19    anisotropy:   -238.45    eta:   -0.9892
     N   19    sigma_11=     -8.45    axis=(  0.570986  0.780355 -0.254992)
     N   19    sigma_22=    148.80    axis=( -0.670012  0.622438  0.404542)
     N   19    sigma_33=   -168.28    axis=(  0.474404 -0.060140  0.878251)
 
     Atom 20  N   pos: (  0.412966  0.316264  1.805343)  Total sigma:          -9.31
            26.1713         35.8998        -93.4916
            86.1368         51.8953        -26.7534
          -124.9341        -69.3204       -105.9934

     N   20    anisotropy:   -238.45    eta:   -0.9892
     N   20    sigma_11=     -8.45    axis=(  0.570986 -0.780355 -0.254992)
     N   20    sigma_22=    148.80    axis=(  0.670012  0.622438 -0.404542)
     N   20    sigma_33=   -168.28    axis=(  0.474404  0.060140  0.878251)
 
     Atom 21  N   pos: ( -0.257021  0.935714  2.994786)  Total sigma:          99.70
            47.2933        -38.8080        -19.1458
           -89.6185         99.7351         39.8080
           -11.1664          7.3890        152.0789

     N   21    anisotropy:   -143.33    eta:   -0.5948
     N   21    sigma_11=    119.06    axis=( -0.427772  0.630888 -0.647296)
     N   21    sigma_22=    175.89    axis=( -0.358839  0.538742  0.762228)
     N   21    sigma_33=      4.15    axis=(  0.829606  0.558335 -0.004071)
 
     Atom 22  N   pos: (  0.599240  2.223430  1.638624)  Total sigma:          99.70
            47.2933         38.8080        -19.1458
            89.6185         99.7351        -39.8080
           -11.1664         -7.3890        152.0789

     N   22    anisotropy:   -143.33    eta:   -0.5948
     N   22    sigma_11=    119.06    axis=(  0.427772  0.630888  0.647296)
     N   22    sigma_22=    175.89    axis=( -0.358839 -0.538742  0.762228)
     N   22    sigma_33=      4.15    axis=(  0.829606 -0.558335 -0.004071)
 
     Atom 23  N   pos: (  0.818500  1.639719  0.094154)  Total sigma:          99.70
            47.2933        -38.8080        -19.1458
           -89.6185         99.7351         39.8080
           -11.1664          7.3890        152.0789

     N   23    anisotropy:   -143.33    eta:   -0.5948
     N   23    sigma_11=    119.06    axis=( -0.427772  0.630888 -0.647296)
     N   23    sigma_22=    175.89    axis=( -0.358839  0.538742  0.762228)
     N   23    sigma_33=      4.15    axis=(  0.829606  0.558335 -0.004071)
 
     Atom 24  N   pos: ( -0.037761  0.352003  1.450316)  Total sigma:          99.70
            47.2933         38.8080        -19.1458
            89.6185         99.7351        -39.8080
           -11.1664         -7.3890        152.0789

     N   24    anisotropy:   -143.33    eta:   -0.5948
     N   24    sigma_11=    119.06    axis=(  0.427772  0.630888  0.647296)
     N   24    sigma_22=    175.89    axis=( -0.358839 -0.538742  0.762228)
     N   24    sigma_33=      4.15    axis=(  0.829606 -0.558335 -0.004071)
 
     Atom 25  S   pos: (  0.217383  0.474787  0.343350)  Total sigma:         107.28
            57.5128       -195.6554       -152.5129
           -41.6231         47.3405        -16.9941
            33.5354         51.2510        216.9798

     S   25    anisotropy:   -264.94    eta:   -0.6758
     S   25    sigma_11=    135.91    axis=( -0.552310  0.635495 -0.539537)
     S   25    sigma_22=    255.27    axis=( -0.444879  0.322654  0.835450)
     S   25    sigma_33=    -69.35    axis=(  0.705008  0.701456  0.104514)
 
     Atom 26  S   pos: (  0.563356  1.762503  1.201120)  Total sigma:         107.28
            57.5128        195.6554       -152.5129
            41.6231         47.3405         16.9941
            33.5354        -51.2510        216.9798

     S   26    anisotropy:   -264.94    eta:   -0.6758
     S   26    sigma_11=    135.91    axis=(  0.552310  0.635495  0.539537)
     S   26    sigma_22=    255.27    axis=( -0.444879 -0.322654  0.835450)
     S   26    sigma_33=    -69.35    axis=(  0.705008 -0.701456  0.104514)
 
     Atom 27  S   pos: (  0.344095  2.100646  2.745590)  Total sigma:         107.28
            57.5128       -195.6554       -152.5129
           -41.6231         47.3405        -16.9941
            33.5354         51.2510        216.9798

     S   27    anisotropy:   -264.94    eta:   -0.6758
     S   27    sigma_11=    135.91    axis=( -0.552310  0.635495 -0.539537)
     S   27    sigma_22=    255.27    axis=( -0.444879  0.322654  0.835450)
     S   27    sigma_33=    -69.35    axis=(  0.705008  0.701456  0.104514)
 
     Atom 28  S   pos: ( -0.001877  0.812930  1.887820)  Total sigma:         107.28
            57.5128        195.6554       -152.5129
            41.6231         47.3405         16.9941
            33.5354        -51.2510        216.9798

     S   28    anisotropy:   -264.94    eta:   -0.6758
     S   28    sigma_11=    135.91    axis=(  0.552310  0.635495  0.539537)
     S   28    sigma_22=    255.27    axis=( -0.444879 -0.322654  0.835450)
     S   28    sigma_33=    -69.35    axis=(  0.705008 -0.701456  0.104514)
 
     Atom 29  S   pos: (  0.445459  0.617158  0.753537)  Total sigma:         226.91
           285.6570         20.0086        -78.9451
            10.4240        223.1222        332.0719
           -19.3594        -41.1145        171.9488

     S   29    anisotropy:   -279.47    eta:   -0.3428
     S   29    sigma_11=    288.13    axis=( -0.927842 -0.366923 -0.066913)
     S   29    sigma_22=    352.00    axis=(  0.320369 -0.692183 -0.646720)
     S   29    sigma_33=     40.60    axis=(  0.190980 -0.621490  0.759787)
 
     Atom 30  S   pos: (  0.335280  1.904875  0.790933)  Total sigma:         226.91
           285.6570        -20.0086        -78.9451
           -10.4240        223.1222       -332.0719
           -19.3594         41.1145        171.9488

     S   30    anisotropy:   -279.47    eta:   -0.3428
     S   30    sigma_11=    288.13    axis=( -0.927842  0.366923 -0.066913)
     S   30    sigma_22=    352.00    axis=( -0.320369 -0.692183  0.646720)
     S   30    sigma_33=     40.60    axis=(  0.190980  0.621490  0.759787)
 
     Atom 31  S   pos: (  0.116020  1.958274  2.335403)  Total sigma:         226.91
           285.6570         20.0086        -78.9451
            10.4240        223.1222        332.0719
           -19.3594        -41.1145        171.9488

     S   31    anisotropy:   -279.47    eta:   -0.3428
     S   31    sigma_11=    288.13    axis=( -0.927842 -0.366923 -0.066913)
     S   31    sigma_22=    352.00    axis=(  0.320369 -0.692183 -0.646720)
     S   31    sigma_33=     40.60    axis=(  0.190980 -0.621490  0.759787)
 
     Atom 32  S   pos: (  0.226199  0.670558  2.298007)  Total sigma:         226.91
           285.6570        -20.0086        -78.9451
           -10.4240        223.1222       -332.0719
           -19.3594         41.1145        171.9488

     S   32    anisotropy:   -279.47    eta:   -0.3428
     S   32    sigma_11=    288.13    axis=( -0.927842  0.366923 -0.066913)
     S   32    sigma_22=    352.00    axis=( -0.320369 -0.692183  0.646720)
     S   32    sigma_33=     40.60    axis=(  0.190980  0.621490  0.759787)
 
     Atom 33  S   pos: (  0.990247  1.009248  0.832024)  Total sigma:         167.82
           363.8113       -188.3101       -263.3286
          -312.0176        202.6681        185.1098
            38.3556        209.3765        -63.0120

     S   33    anisotropy:    664.89    eta:   -0.5191
     S   33    sigma_11=     61.25    axis=(  0.668122  0.630210  0.395535)
     S   33    sigma_22=   -168.86    axis=( -0.048453 -0.493617  0.868329)
     S   33    sigma_33=    611.08    axis=( -0.742472  0.599315  0.299260)
 
     Atom 34  S   pos: ( -0.209508  2.296965  0.712446)  Total sigma:         167.82
           363.8113        188.3101       -263.3286
           312.0176        202.6681       -185.1098
            38.3556       -209.3765        -63.0120

     S   34    anisotropy:    664.89    eta:   -0.5191
     S   34    sigma_11=     61.25    axis=( -0.668122  0.630210 -0.395535)
     S   34    sigma_22=   -168.86    axis=( -0.048453  0.493617  0.868329)
     S   34    sigma_33=    611.08    axis=( -0.742472 -0.599315  0.299260)
 
     Atom 35  S   pos: ( -0.428768  1.566184  2.256916)  Total sigma:         167.82
           363.8113       -188.3101       -263.3286
          -312.0176        202.6681        185.1098
            38.3556        209.3765        -63.0120

     S   35    anisotropy:    664.89    eta:   -0.5191
     S   35    sigma_11=     61.25    axis=(  0.668122  0.630210  0.395535)
     S   35    sigma_22=   -168.86    axis=( -0.048453 -0.493617  0.868329)
     S   35    sigma_33=    611.08    axis=( -0.742472  0.599315  0.299260)
 
     Atom 36  S   pos: (  0.770986  0.278468  2.376494)  Total sigma:         167.82
           363.8113        188.3101       -263.3286
           312.0176        202.6681       -185.1098
            38.3556       -209.3765        -63.0120

     S   36    anisotropy:    664.89    eta:   -0.5191
     S   36    sigma_11=     61.25    axis=( -0.668122  0.630210 -0.395535)
     S   36    sigma_22=   -168.86    axis=( -0.048453  0.493617  0.868329)
     S   36    sigma_33=    611.08    axis=( -0.742472 -0.599315  0.299260)
 
     Initialization:
     gipaw_setup  :      0.41s CPU      0.46s WALL (       1 calls)
 
     Linear response
     greenf       :  10940.33s CPU  11319.70s WALL (     288 calls)
     cgsolve      :  10870.28s CPU  11249.36s WALL (     288 calls)
     ch_psi       :  10712.32s CPU  11090.85s WALL (   18453 calls)
     h_psiq       :   7927.05s CPU   8300.70s WALL (   18453 calls)
 
     Apply operators
     h_psi        :   6760.14s CPU   7178.06s WALL (   24010 calls)
     apply_vel    :    162.82s CPU    163.12s WALL (     252 calls)
 
     Induced current
     j_para       :    469.75s CPU    504.42s WALL (     324 calls)
     biot_savart  :      0.05s CPU      0.06s WALL (       1 calls)
 
     Other routines
 
     General routines
     calbec       :   3142.20s CPU   3155.51s WALL (   63352 calls)
     fft          :      0.07s CPU      0.10s WALL (      32 calls)
     fftw         :   4456.31s CPU   4884.56s WALL ( 3469238 calls)
     davcio       :      0.03s CPU      1.37s WALL (     192 calls)
 
     Parallel routines
     fft_scatter  :   1224.53s CPU   1479.11s WALL ( 3469270 calls)
 
     Plugins
 
     GIPAW        :  13430.29s CPU  13907.46s WALL (       1 calls)
