
     Program QE v.6.1 (svn rev. 13369) starts on 29Apr2018 at 13: 1:38 

     This program is part of the open-source Quantum ESPRESSO suite
     for quantum simulation of materials; please cite
         "P. Giannozzi et al., J. Phys.:Condens. Matter 21 395502 (2009);
          URL http://www.quantum-espresso.org", 
     in publications or presentations arising from this work. More details at
     http://www.quantum-espresso.org/quote

     Parallel version (MPI), running on     8 processors
     R & G space division:  proc/nbgrp/npool/nimage =       8
 
     ***** This is GIPAW svn revision unknown      *****
 
     Parallelizing q-star over 1 images
     Message from routine gipaw_readin:
     *** iverbosity is obsolete, use verbosity instead ***

     Reading data from directory:
     /scratch/paruzzo/QEspresso/CCDC_plusS/ZEWDOU/wfc/scf.save

   Info: using nr1, nr2, nr3 values from input

   Info: using nr1, nr2, nr3 values from input

     IMPORTANT: XC functional enforced from input :
     Exchange-correlation      =  SLA  PW   PBX  PBC ( 1  4  3  4 0 0)
     Any further DFT definition will be discarded
     Please, verify this is what you really want

               file C.pbe-n-kjpaw_psl.0.1.UPF: wavefunction(s)  2P renormalized
               file N.pbe-n-kjpaw_psl.0.1.UPF: wavefunction(s)  2P renormalized
               file H.pbe-kjpaw_psl.0.1.UPF: wavefunction(s)  1S renormalized
               file O.pbe-n-kjpaw_psl.0.1.UPF: wavefunction(s)  2P renormalized
               file S.pbe-n-kjpaw_psl.0.1.UPF: wavefunction(s)  3P renormalized
 
     Parallelization info
     --------------------
     sticks:   dense  smooth     PW     G-vecs:    dense   smooth      PW
     Min         992     992    270                36038    36038    5105
     Max         993     993    271                36039    36039    5106
     Sum        7941    7941   2161               288305   288305   40841
 

     Check: negative/imaginary core charge=   -0.000002    0.000000

     Subspace diagonalization in iterative solution of the eigenvalue problem:
     a serial algorithm will be used

     GIPAW projectors -----------------------------------------------
     atom=  C    l=0  rc=    1.3000  rs=    0.8667
     atom=  C    l=0  rc=    1.3000  rs=    0.8667
     atom=  C    l=1  rc=    1.4500  rs=    0.9667
     atom=  C    l=1  rc=    1.4500  rs=    0.9667
     projs nearly linearly dependent: l=0  n1,n2= 1, 2  s=  0.99877758
     projs nearly linearly dependent: l=1  n1,n2= 1, 2  s=  0.99940894
 
     atom=  N    l=0  rc=    1.3000  rs=    0.8667
     atom=  N    l=0  rc=    1.3000  rs=    0.8667
     atom=  N    l=1  rc=    1.4500  rs=    0.9667
     atom=  N    l=1  rc=    1.4500  rs=    0.9667
     projs nearly linearly dependent: l=0  n1,n2= 1, 2  s=  0.99709514
     projs nearly linearly dependent: l=1  n1,n2= 1, 2  s=  0.99857174
 
     atom=  H    l=0  rc=    1.0000  rs=    0.6667
     atom=  H    l=0  rc=    1.0000  rs=    0.6667
     projs nearly linearly dependent: l=0  n1,n2= 1, 2  s=  0.99968852
 
     atom=  O    l=0  rc=    1.3500  rs=    0.9000
     atom=  O    l=0  rc=    1.3500  rs=    0.9000
     atom=  O    l=1  rc=    1.3500  rs=    0.9000
     atom=  O    l=1  rc=    1.3500  rs=    0.9000
     projs nearly linearly dependent: l=0  n1,n2= 1, 2  s=  0.99100135
     projs nearly linearly dependent: l=1  n1,n2= 1, 2  s=  0.99790100
 
     atom=  S    l=0  rc=    2.1000  rs=    1.4000
     atom=  S    l=0  rc=    2.1000  rs=    1.4000
     atom=  S    l=1  rc=    2.1000  rs=    1.4000
     atom=  S    l=1  rc=    2.1000  rs=    1.4000
     -----------------------------------------------------------------
 
     alpha_pv=     43.9015 eV
 
     q-space interpolation up to   110.00 Rydberg
 
     GIPAW job: nmr                                                                             
     NMR macroscopic correction: yes
             0.6667          0.0000          0.0000
             0.0000          0.6667          0.0000
             0.0000          0.0000          0.6667

 
     Largest allocated arrays     est. size (Mb)     dimensions
        KS wavefunctions at k           3.93 Mb     (    4517,   57)
        KS wavefunctions at k+q         3.93 Mb     (    4517,   57)
        First-order wavefunctions      39.29 Mb     (    4517,   57, 10)
        First-order wavefunct (US)     23.57 Mb     (    4517,   57,  6)
        Charge/spin density             0.71 Mb     (   93312,    1)
        Induced current                 6.41 Mb     (   93312,    3,3,1)
        Induced magnetic field          6.41 Mb     (   93312,    3,3,1)
        NL pseudopotentials            11.30 Mb     (    4517,  164)
        GIPAW NL terms                 11.30 Mb     (    4517,  164)
 
     Computing the magnetic susceptibility     isolve=0    ethr=  0.1000E-13
     k-point #    1 of    12      pool #  1    cpu time:       7.0
     Rotating WFCS
     Rotating WFCS
     Rotating WFCS
     Rotating WFCS
     Rotating WFCS
     Rotating WFCS
     Rotating WFCS
     k-point #    2 of    12      pool #  1    cpu time:     420.5
     Rotating WFCS
     Rotating WFCS
     Rotating WFCS
     Rotating WFCS
     Rotating WFCS
     Rotating WFCS
     Rotating WFCS
     k-point #    3 of    12      pool #  1    cpu time:     866.1
     Rotating WFCS
     Rotating WFCS
     Rotating WFCS
     Rotating WFCS
     Rotating WFCS
     Rotating WFCS
     Rotating WFCS
     k-point #    4 of    12      pool #  1    cpu time:    1317.1
     Rotating WFCS
     Rotating WFCS
     Rotating WFCS
     Rotating WFCS
     Rotating WFCS
     Rotating WFCS
     Rotating WFCS
     k-point #    5 of    12      pool #  1    cpu time:    1732.8
     Rotating WFCS
     Rotating WFCS
     Rotating WFCS
     Rotating WFCS
     Rotating WFCS
     Rotating WFCS
     Rotating WFCS
     k-point #    6 of    12      pool #  1    cpu time:    2176.4
     Rotating WFCS
     Rotating WFCS
     Rotating WFCS
     Rotating WFCS
     Rotating WFCS
     Rotating WFCS
     Rotating WFCS
     k-point #    7 of    12      pool #  1    cpu time:    2627.2
     Rotating WFCS
     Rotating WFCS
     Rotating WFCS
     Rotating WFCS
     Rotating WFCS
     Rotating WFCS
     Rotating WFCS
     k-point #    8 of    12      pool #  1    cpu time:    3042.3
     Rotating WFCS
     c_bands:  1 eigenvalues not converged
     Rotating WFCS
     Rotating WFCS
     Rotating WFCS
     Rotating WFCS
     Rotating WFCS
     Rotating WFCS
     k-point #    9 of    12      pool #  1    cpu time:    3500.0
     Rotating WFCS
     Rotating WFCS
     Rotating WFCS
     Rotating WFCS
     Rotating WFCS
     Rotating WFCS
     Rotating WFCS
     k-point #   10 of    12      pool #  1    cpu time:    3944.3
     Rotating WFCS
     Rotating WFCS
     Rotating WFCS
     Rotating WFCS
     Rotating WFCS
     Rotating WFCS
     Rotating WFCS
     k-point #   11 of    12      pool #  1    cpu time:    4355.5
     Rotating WFCS
     Rotating WFCS
     Rotating WFCS
     Rotating WFCS
     Rotating WFCS
     Rotating WFCS
     Rotating WFCS
     k-point #   12 of    12      pool #  1    cpu time:    4797.9
     Rotating WFCS
     c_bands:  1 eigenvalues not converged
     Rotating WFCS
     c_bands:  1 eigenvalues not converged
     Rotating WFCS
     c_bands:  1 eigenvalues not converged
     Rotating WFCS
     Rotating WFCS
     c_bands:  1 eigenvalues not converged
     Rotating WFCS
     c_bands:  1 eigenvalues not converged
     Rotating WFCS
     c_bands:  1 eigenvalues not converged
     End of magnetic susceptibility calculation
 
     f-sum rule (1st term):
           -94.4711         -0.0255          0.0814
            -0.0281        -94.4404          0.0184
             0.0841          0.0122        -94.5729

     f-sum rule (2nd term):
            -1.4613          0.0255         -0.0815
             0.0280         -1.4913         -0.0225
            -0.0843         -0.0193         -1.3772

     f-sum rule (should be   -95.9315):
           -95.9324         -0.0000         -0.0000
            -0.0001        -95.9317         -0.0041
            -0.0002         -0.0070        -95.9501

     chi_bare pGv (HH) in paratec units:
       -29.661586     -1.879647     -1.636942
        -1.238452    -31.802243      0.036401
        -2.111824     -0.816028    -27.935444

       -29.661586     -1.879647     -1.636942
        -1.238452    -31.802243      0.036401
        -2.111824     -0.816028    -27.935444

     chi_bare vGv (VV) in paratec units:
       -27.412733     -4.205706     -2.578083
        -4.145627    -30.122211     -2.563267
        -2.624353     -2.517660    -25.739087

       -27.412733     -4.205706     -2.578083
        -4.145627    -30.122211     -2.563267
        -2.624353     -2.517660    -25.739087

     chi_bare pGv (HH) in 10^{-6} cm^3/mol:
          -140.9547         -8.9323         -7.7789
            -5.8852       -151.1273          0.1730
           -10.0356         -3.8778       -132.7519

     chi_bare vGv (VV) in 10^{-6} cm^3/mol:
          -130.2679        -19.9859        -12.2513
           -19.7004       -143.1436        -12.1809
           -12.4712        -11.9642       -122.3146

     Contributions to the NMR chemical shifts: -------------------------------
 
     Macroscopic shape contribution in ppm:                    6.23
             6.2011          0.0000          0.0000
             0.0000          6.6486          0.0000
             0.0000          0.0000          5.8402

 
     Core contribution in ppm:
 
     Atom  1  S   pos: (  0.386735  0.259507  0.170280)  core sigma:         979.79
     Atom  2  S   pos: (  0.667535  0.851873  0.369471)  core sigma:         979.79
     Atom  3  N   pos: (  0.561745  0.416223  0.436460)  core sigma:         235.78
     Atom  4  N   pos: (  0.492525  0.695157  0.103291)  core sigma:         235.78
     Atom  5  N   pos: (  0.780397  0.086376 -0.018821)  core sigma:         235.78
     Atom  6  N   pos: (  0.273873  1.025005  0.558572)  core sigma:         235.78
     Atom  7  N   pos: (  0.650700  0.113577  0.072018)  core sigma:         235.78
     Atom  8  N   pos: (  0.403570  0.997803  0.467733)  core sigma:         235.78
     Atom  9  O   pos: (  0.704472  0.477721  0.209898)  core sigma:         271.07
     Atom 10  O   pos: (  0.349798  0.633659  0.329853)  core sigma:         271.07
     Atom 11  C   pos: (  0.947485  0.251591  0.278456)  core sigma:         200.51
     Atom 12  C   pos: (  0.106785  0.859789  0.261295)  core sigma:         200.51
     Atom 13  C   pos: (  0.532137  0.223203  0.041170)  core sigma:         200.51
     Atom 14  C   pos: (  0.522133  0.888178  0.498580)  core sigma:         200.51
     Atom 15  C   pos: (  0.808744  0.278767  0.383301)  core sigma:         200.51
     Atom 16  C   pos: (  0.245526  0.832613  0.156449)  core sigma:         200.51
     Atom 17  C   pos: (  0.689803  0.396681  0.332289)  core sigma:         200.51
     Atom 18  C   pos: (  0.364467  0.714699  0.207462)  core sigma:         200.51
     Atom 19  H   pos: (  0.476177  0.502020  0.401598)  core sigma:           0.00
     Atom 20  H   pos: (  0.578093  0.609361  0.138153)  core sigma:           0.00
     Atom 21  H   pos: (  0.641239  0.044612  0.174450)  core sigma:           0.00
     Atom 22  H   pos: (  0.413031  1.066768  0.365301)  core sigma:           0.00
     Atom 23  H   pos: (  0.037497  0.179527  0.339329)  core sigma:           0.00
     Atom 24  H   pos: (  1.016773  0.931854  0.200422)  core sigma:           0.00
     Atom 25  H   pos: (  0.909901  0.190062  0.166541)  core sigma:           0.00
     Atom 26  H   pos: (  0.144369  0.921318  0.373210)  core sigma:           0.00
     Atom 27  H   pos: ( -0.000749  0.365593  0.238665)  core sigma:           0.00
     Atom 28  H   pos: (  1.055019  0.745788  0.301086)  core sigma:           0.00
 
     Bare contribution in ppm:
 
     Atom  1  S   pos: (  0.386735  0.259507  0.170280)  bare sigma:          25.16
            25.9946          8.2924          3.2001
            13.6627         29.9574          0.7246
            11.0186          8.4545         19.5285

     Atom  2  S   pos: (  0.667535  0.851873  0.369471)  bare sigma:          25.16
            25.9946          8.2924          3.2001
            13.6627         29.9574          0.7246
            11.0186          8.4545         19.5285

     Atom  3  N   pos: (  0.561745  0.416223  0.436460)  bare sigma:         -21.31
           -24.9303         28.6989          2.0882
            34.3804        -21.8149         25.3614
             2.3368         25.0740        -17.1763

     Atom  4  N   pos: (  0.492525  0.695157  0.103291)  bare sigma:         -21.31
           -24.9303         28.6989          2.0882
            34.3804        -21.8149         25.3614
             2.3368         25.0740        -17.1763

     Atom  5  N   pos: (  0.780397  0.086376 -0.018821)  bare sigma:         -75.43
           -97.4171         35.7429         67.7035
            49.9646        -25.4764         25.1666
            63.7761         38.3944       -103.3989

     Atom  6  N   pos: (  0.273873  1.025005  0.558572)  bare sigma:         -75.43
           -97.4171         35.7429         67.7035
            49.9646        -25.4764         25.1666
            63.7761         38.3944       -103.3989

     Atom  7  N   pos: (  0.650700  0.113577  0.072018)  bare sigma:         -24.25
           -10.1730          6.4241         11.8444
             9.1970        -12.0614         23.9130
            10.6444         32.7943        -50.5304

     Atom  8  N   pos: (  0.403570  0.997803  0.467733)  bare sigma:         -24.25
           -10.1730          6.4241         11.8444
             9.1970        -12.0614         23.9130
            10.6444         32.7943        -50.5304

     Atom  9  O   pos: (  0.704472  0.477721  0.209898)  bare sigma:         -19.00
           -12.5871         38.8950         49.6764
            40.2525          0.9603         80.6396
            38.5358         65.9120        -45.3875

     Atom 10  O   pos: (  0.349798  0.633659  0.329853)  bare sigma:         -19.00
           -12.5871         38.8950         49.6764
            40.2525          0.9603         80.6396
            38.5358         65.9120        -45.3875

     Atom 11  C   pos: (  0.947485  0.251591  0.278456)  bare sigma:           5.18
            12.4960         -3.3446         -2.1312
            -2.4569          1.4445          6.1139
            -2.3734          4.4045          1.5962

     Atom 12  C   pos: (  0.106785  0.859789  0.261295)  bare sigma:           5.18
            12.4960         -3.3446         -2.1312
            -2.4569          1.4445          6.1139
            -2.3734          4.4045          1.5962

     Atom 13  C   pos: (  0.532137  0.223203  0.041170)  bare sigma:         -73.71
           -65.9748         27.0974         -4.2451
            25.5558        -74.3965         34.6048
            -6.4027         32.6905        -80.7574

     Atom 14  C   pos: (  0.522133  0.888178  0.498580)  bare sigma:         -73.71
           -65.9748         27.0974         -4.2451
            25.5558        -74.3965         34.6048
            -6.4027         32.6905        -80.7574

     Atom 15  C   pos: (  0.808744  0.278767  0.383301)  bare sigma:         -66.18
           -82.5663         31.9036         19.0981
            25.1453        -46.5701         16.8997
            28.7960         12.6173        -69.4123

     Atom 16  C   pos: (  0.245526  0.832613  0.156449)  bare sigma:         -66.18
           -82.5663         31.9036         19.0981
            25.1453        -46.5701         16.8997
            28.7960         12.6173        -69.4123

     Atom 17  C   pos: (  0.689803  0.396681  0.332289)  bare sigma:         -70.71
           -88.6725         25.8054         13.2918
            20.2182        -61.1716          8.2487
            16.8916          5.7224        -62.2781

     Atom 18  C   pos: (  0.364467  0.714699  0.207462)  bare sigma:         -70.71
           -88.6725         25.8054         13.2918
            20.2182        -61.1716          8.2487
            16.8916          5.7224        -62.2781

     Atom 19  H   pos: (  0.476177  0.502020  0.401598)  bare sigma:           8.53
             7.0006         -8.4452          2.5141
            -8.9663         10.9586         -4.2956
             1.5643         -4.8812          7.6189

     Atom 20  H   pos: (  0.578093  0.609361  0.138153)  bare sigma:           8.53
             7.0006         -8.4452          2.5141
            -8.9663         10.9586         -4.2956
             1.5643         -4.8812          7.6189

     Atom 21  H   pos: (  0.641239  0.044612  0.174450)  bare sigma:          11.32
             7.5854          0.3946         -2.4399
             0.0764         12.1309         -7.6664
            -1.6223         -6.4738         14.2406

     Atom 22  H   pos: (  0.413031  1.066768  0.365301)  bare sigma:          11.32
             7.5854          0.3946         -2.4399
             0.0764         12.1309         -7.6664
            -1.6223         -6.4738         14.2406

     Atom 23  H   pos: (  0.037497  0.179527  0.339329)  bare sigma:          21.73
            24.8288         -5.2837          1.3840
            -3.7219         19.6366         -2.3494
             0.5849         -2.7463         20.7115

     Atom 24  H   pos: (  1.016773  0.931854  0.200422)  bare sigma:          21.73
            24.8288         -5.2837          1.3840
            -3.7219         19.6366         -2.3494
             0.5849         -2.7463         20.7115

     Atom 25  H   pos: (  0.909901  0.190062  0.166541)  bare sigma:          20.71
            20.0406         -0.0980          3.2314
             0.7730         17.3534          4.9222
             2.0717          2.1623         24.7364

     Atom 26  H   pos: (  0.144369  0.921318  0.373210)  bare sigma:          20.71
            20.0406         -0.0980          3.2314
             0.7730         17.3534          4.9222
             2.0717          2.1623         24.7364

     Atom 27  H   pos: ( -0.000749  0.365593  0.238665)  bare sigma:          21.40
            23.3720          1.3286         -2.4383
             1.6332         22.6002         -3.2644
            -0.3608         -2.3073         18.2277

     Atom 28  H   pos: (  1.055019  0.745788  0.301086)  bare sigma:          21.40
            23.3720          1.3286         -2.4383
             1.6332         22.6002         -3.2644
            -0.3608         -2.3073         18.2277

     Diamagnetic contribution in ppm:
 
     Atom  1  S   pos: (  0.386735  0.259507  0.170280)  dia sigma:         -11.08
           -11.0224         -0.0090         -0.1495
            -0.0090        -11.1617          0.0660
            -0.1495          0.0660        -11.0575

     Atom  2  S   pos: (  0.667535  0.851873  0.369471)  dia sigma:         -11.08
           -11.0224         -0.0090         -0.1495
            -0.0090        -11.1617          0.0660
            -0.1495          0.0660        -11.0575

     Atom  3  N   pos: (  0.561745  0.416223  0.436460)  dia sigma:           9.86
             9.8335         -0.0571         -0.1523
            -0.0571          9.7148         -0.1315
            -0.1523         -0.1315         10.0173

     Atom  4  N   pos: (  0.492525  0.695157  0.103291)  dia sigma:           9.86
             9.8335         -0.0571         -0.1523
            -0.0571          9.7148         -0.1315
            -0.1523         -0.1315         10.0173

     Atom  5  N   pos: (  0.780397  0.086376 -0.018821)  dia sigma:           8.50
             8.5824          0.3698         -0.3329
             0.3698          8.3378          0.3629
            -0.3329          0.3629          8.5885

     Atom  6  N   pos: (  0.273873  1.025005  0.558572)  dia sigma:           8.50
             8.5824          0.3698         -0.3329
             0.3698          8.3378          0.3629
            -0.3329          0.3629          8.5885

     Atom  7  N   pos: (  0.650700  0.113577  0.072018)  dia sigma:           9.78
             9.9745         -0.2654         -0.2677
            -0.2654          9.6208         -0.1188
            -0.2677         -0.1188          9.7326

     Atom  8  N   pos: (  0.403570  0.997803  0.467733)  dia sigma:           9.78
             9.9745         -0.2654         -0.2677
            -0.2654          9.6208         -0.1188
            -0.2677         -0.1188          9.7326

     Atom  9  O   pos: (  0.704472  0.477721  0.209898)  dia sigma:          17.63
            17.1528          0.4566          0.2051
             0.4566         17.7758         -0.1912
             0.2051         -0.1912         17.9691

     Atom 10  O   pos: (  0.349798  0.633659  0.329853)  dia sigma:          17.63
            17.1528          0.4566          0.2051
             0.4566         17.7758         -0.1912
             0.2051         -0.1912         17.9691

     Atom 11  C   pos: (  0.947485  0.251591  0.278456)  dia sigma:           4.45
             4.4786         -0.0004         -0.0483
            -0.0004          4.4176          0.0227
            -0.0483          0.0227          4.4456

     Atom 12  C   pos: (  0.106785  0.859789  0.261295)  dia sigma:           4.45
             4.4786         -0.0004         -0.0483
            -0.0004          4.4176          0.0227
            -0.0483          0.0227          4.4456

     Atom 13  C   pos: (  0.532137  0.223203  0.041170)  dia sigma:           3.98
             3.9448          0.0457          0.0867
             0.0457          4.0340          0.0162
             0.0867          0.0162          3.9565

     Atom 14  C   pos: (  0.522133  0.888178  0.498580)  dia sigma:           3.98
             3.9448          0.0457          0.0867
             0.0457          4.0340          0.0162
             0.0867          0.0162          3.9565

     Atom 15  C   pos: (  0.808744  0.278767  0.383301)  dia sigma:           4.24
             4.1911          0.0674          0.0684
             0.0674          4.2870          0.0425
             0.0684          0.0425          4.2324

     Atom 16  C   pos: (  0.245526  0.832613  0.156449)  dia sigma:           4.24
             4.1911          0.0674          0.0684
             0.0674          4.2870          0.0425
             0.0684          0.0425          4.2324

     Atom 17  C   pos: (  0.689803  0.396681  0.332289)  dia sigma:           4.03
             4.0366          0.1120          0.0088
             0.1120          4.0323          0.1220
             0.0088          0.1220          4.0201

     Atom 18  C   pos: (  0.364467  0.714699  0.207462)  dia sigma:           4.03
             4.0366          0.1120          0.0088
             0.1120          4.0323          0.1220
             0.0088          0.1220          4.0201

     Atom 19  H   pos: (  0.476177  0.502020  0.401598)  dia sigma:           0.96
             0.9551         -0.0000         -0.0000
            -0.0000          0.9551          0.0000
            -0.0000          0.0000          0.9551

     Atom 20  H   pos: (  0.578093  0.609361  0.138153)  dia sigma:           0.96
             0.9551         -0.0000         -0.0000
            -0.0000          0.9551          0.0000
            -0.0000          0.0000          0.9551

     Atom 21  H   pos: (  0.641239  0.044612  0.174450)  dia sigma:           1.02
             1.0192         -0.0000         -0.0000
            -0.0000          1.0192          0.0000
            -0.0000          0.0000          1.0192

     Atom 22  H   pos: (  0.413031  1.066768  0.365301)  dia sigma:           1.02
             1.0192         -0.0000         -0.0000
            -0.0000          1.0192          0.0000
            -0.0000          0.0000          1.0192

     Atom 23  H   pos: (  0.037497  0.179527  0.339329)  dia sigma:           1.13
             1.1287         -0.0000         -0.0000
            -0.0000          1.1287          0.0000
            -0.0000          0.0000          1.1287

     Atom 24  H   pos: (  1.016773  0.931854  0.200422)  dia sigma:           1.13
             1.1287         -0.0000         -0.0000
            -0.0000          1.1287          0.0000
            -0.0000          0.0000          1.1287

     Atom 25  H   pos: (  0.909901  0.190062  0.166541)  dia sigma:           1.09
             1.0909         -0.0000         -0.0000
            -0.0000          1.0909          0.0000
            -0.0000          0.0000          1.0909

     Atom 26  H   pos: (  0.144369  0.921318  0.373210)  dia sigma:           1.09
             1.0909         -0.0000         -0.0000
            -0.0000          1.0909          0.0000
            -0.0000          0.0000          1.0909

     Atom 27  H   pos: ( -0.000749  0.365593  0.238665)  dia sigma:           1.11
             1.1130         -0.0000         -0.0000
            -0.0000          1.1130          0.0000
            -0.0000          0.0000          1.1130

     Atom 28  H   pos: (  1.055019  0.745788  0.301086)  dia sigma:           1.11
             1.1130         -0.0000         -0.0000
            -0.0000          1.1130          0.0000
            -0.0000          0.0000          1.1130

     Paramagnetic contribution in ppm:
 
     Atom  1  S   pos: (  0.386735  0.259507  0.170280)  para sigma:        -678.37
          -675.6277         91.6027         71.3153
           158.8323       -614.3124          2.7248
           158.3270         78.9494       -745.1612

     Atom  2  S   pos: (  0.667535  0.851873  0.369471)  para sigma:        -678.37
          -675.6277         91.6027         71.3153
           158.8323       -614.3124          2.7248
           158.3270         78.9494       -745.1612

     Atom  3  N   pos: (  0.561745  0.416223  0.436460)  para sigma:        -137.62
          -138.6661         47.9278          6.1197
            59.2077       -136.5741         42.0881
             8.1895         42.7565       -137.6150

     Atom  4  N   pos: (  0.492525  0.695157  0.103291)  para sigma:        -137.62
          -138.6661         47.9278          6.1197
            59.2077       -136.5741         42.0881
             8.1895         42.7565       -137.6150

     Atom  5  N   pos: (  0.780397  0.086376 -0.018821)  para sigma:        -228.68
          -278.3259         69.9134        125.5103
            92.4500       -133.9945         37.9718
           123.0387         60.9786       -273.7340

     Atom  6  N   pos: (  0.273873  1.025005  0.558572)  para sigma:        -228.68
          -278.3259         69.9134        125.5103
            92.4500       -133.9945         37.9718
           123.0387         60.9786       -273.7340

     Atom  7  N   pos: (  0.650700  0.113577  0.072018)  para sigma:        -137.28
          -116.3562         11.3953         26.7208
            15.8748       -112.2964         38.8791
            25.8406         54.2917       -183.1877

     Atom  8  N   pos: (  0.403570  0.997803  0.467733)  para sigma:        -137.28
          -116.3562         11.3953         26.7208
            15.8748       -112.2964         38.8791
            25.8406         54.2917       -183.1877

     Atom  9  O   pos: (  0.704472  0.477721  0.209898)  para sigma:        -184.42
          -174.0592         85.8448        122.8290
            98.0983       -140.2514        174.5395
            88.3108        144.2526       -238.9448

     Atom 10  O   pos: (  0.349798  0.633659  0.329853)  para sigma:        -184.42
          -174.0592         85.8448        122.8290
            98.0983       -140.2514        174.5395
            88.3108        144.2526       -238.9448

     Atom 11  C   pos: (  0.947485  0.251591  0.278456)  para sigma:         -51.80
           -46.4676         -2.2147         -0.7708
            -1.4061        -53.4590          6.2305
            -1.6894          5.5059        -55.4839

     Atom 12  C   pos: (  0.106785  0.859789  0.261295)  para sigma:         -51.80
           -46.4676         -2.2147         -0.7708
            -1.4061        -53.4590          6.2305
            -1.6894          5.5059        -55.4839

     Atom 13  C   pos: (  0.532137  0.223203  0.041170)  para sigma:        -124.16
          -114.6854         32.2557         -2.9477
            31.8049       -123.7998         40.7926
            -3.1805         39.1037       -134.0047

     Atom 14  C   pos: (  0.522133  0.888178  0.498580)  para sigma:        -124.16
          -114.6854         32.2557         -2.9477
            31.8049       -123.7998         40.7926
            -3.1805         39.1037       -134.0047

     Atom 15  C   pos: (  0.808744  0.278767  0.383301)  para sigma:        -113.73
          -130.3079         34.3479         19.8729
            27.0813        -91.9120         19.4311
            30.7568         14.8589       -118.9710

     Atom 16  C   pos: (  0.245526  0.832613  0.156449)  para sigma:        -113.73
          -130.3079         34.3479         19.8729
            27.0813        -91.9120         19.4311
            30.7568         14.8589       -118.9710

     Atom 17  C   pos: (  0.689803  0.396681  0.332289)  para sigma:        -112.60
          -128.4703         28.3995         19.3460
            25.4085        -99.6805         13.2698
            20.7532         12.0022       -109.6459

     Atom 18  C   pos: (  0.364467  0.714699  0.207462)  para sigma:        -112.60
          -128.4703         28.3995         19.3460
            25.4085        -99.6805         13.2698
            20.7532         12.0022       -109.6459

     Atom 19  H   pos: (  0.476177  0.502020  0.401598)  para sigma:           0.00
             0.0000          0.0000          0.0000
             0.0000          0.0000          0.0000
             0.0000          0.0000          0.0000

     Atom 20  H   pos: (  0.578093  0.609361  0.138153)  para sigma:           0.00
             0.0000          0.0000          0.0000
             0.0000          0.0000          0.0000
             0.0000          0.0000          0.0000

     Atom 21  H   pos: (  0.641239  0.044612  0.174450)  para sigma:           0.00
             0.0000          0.0000          0.0000
             0.0000          0.0000          0.0000
             0.0000          0.0000          0.0000

     Atom 22  H   pos: (  0.413031  1.066768  0.365301)  para sigma:           0.00
             0.0000          0.0000          0.0000
             0.0000          0.0000          0.0000
             0.0000          0.0000          0.0000

     Atom 23  H   pos: (  0.037497  0.179527  0.339329)  para sigma:           0.00
             0.0000          0.0000          0.0000
             0.0000          0.0000          0.0000
             0.0000          0.0000          0.0000

     Atom 24  H   pos: (  1.016773  0.931854  0.200422)  para sigma:           0.00
             0.0000          0.0000          0.0000
             0.0000          0.0000          0.0000
             0.0000          0.0000          0.0000

     Atom 25  H   pos: (  0.909901  0.190062  0.166541)  para sigma:           0.00
             0.0000          0.0000          0.0000
             0.0000          0.0000          0.0000
             0.0000          0.0000          0.0000

     Atom 26  H   pos: (  0.144369  0.921318  0.373210)  para sigma:           0.00
             0.0000          0.0000          0.0000
             0.0000          0.0000          0.0000
             0.0000          0.0000          0.0000

     Atom 27  H   pos: ( -0.000749  0.365593  0.238665)  para sigma:           0.00
             0.0000          0.0000          0.0000
             0.0000          0.0000          0.0000
             0.0000          0.0000          0.0000

     Atom 28  H   pos: (  1.055019  0.745788  0.301086)  para sigma:           0.00
             0.0000          0.0000          0.0000
             0.0000          0.0000          0.0000
             0.0000          0.0000          0.0000

     Paramagnetic US occ-occ contribution in ppm:
 
     Atom  1  S   pos: (  0.386735  0.259507  0.170280)  para_oo sigma:          -5.67
            -4.4163          2.5426         -0.2668
             1.9304         -5.6480          3.9584
            -0.0603          3.4240         -6.9450

     Atom  2  S   pos: (  0.667535  0.851873  0.369471)  para_oo sigma:          -5.67
            -4.4163          2.5426         -0.2668
             1.9304         -5.6480          3.9584
            -0.0603          3.4240         -6.9450

     Atom  3  N   pos: (  0.561745  0.416223  0.436460)  para_oo sigma:          -1.28
            -1.8245          1.3694          0.3027
             1.5250         -1.1946          0.6460
             0.2794          0.5212         -0.8158

     Atom  4  N   pos: (  0.492525  0.695157  0.103291)  para_oo sigma:          -1.28
            -1.8245          1.3694          0.3027
             1.5250         -1.1946          0.6460
             0.2794          0.5212         -0.8158

     Atom  5  N   pos: (  0.780397  0.086376 -0.018821)  para_oo sigma:          -1.54
            -1.0734          0.8384         -0.8706
             0.7383         -1.8316          1.3738
            -0.5921          1.0762         -1.7188

     Atom  6  N   pos: (  0.273873  1.025005  0.558572)  para_oo sigma:          -1.54
            -1.0734          0.8384         -0.8706
             0.7383         -1.8316          1.3738
            -0.5921          1.0762         -1.7188

     Atom  7  N   pos: (  0.650700  0.113577  0.072018)  para_oo sigma:          -1.60
            -0.9503          0.6441         -0.1788
             0.6621         -1.5853          1.2611
            -0.2155          1.4919         -2.2633

     Atom  8  N   pos: (  0.403570  0.997803  0.467733)  para_oo sigma:          -1.60
            -0.9503          0.6441         -0.1788
             0.6621         -1.5853          1.2611
            -0.2155          1.4919         -2.2633

     Atom  9  O   pos: (  0.704472  0.477721  0.209898)  para_oo sigma:          -2.23
            -2.8924          2.8828         -1.4832
             1.6406         -2.7857          1.2821
             0.0518          0.3352         -1.0114

     Atom 10  O   pos: (  0.349798  0.633659  0.329853)  para_oo sigma:          -2.23
            -2.8924          2.8828         -1.4832
             1.6406         -2.7857          1.2821
             0.0518          0.3352         -1.0114

     Atom 11  C   pos: (  0.947485  0.251591  0.278456)  para_oo sigma:          -0.27
            -0.3261          0.2021         -0.0791
             0.2020         -0.3105          0.0825
            -0.0883          0.0980         -0.1810

     Atom 12  C   pos: (  0.106785  0.859789  0.261295)  para_oo sigma:          -0.27
            -0.3261          0.2021         -0.0791
             0.2020         -0.3105          0.0825
            -0.0883          0.0980         -0.1810

     Atom 13  C   pos: (  0.532137  0.223203  0.041170)  para_oo sigma:          -2.31
            -2.1743          0.4943          0.1590
             0.5236         -2.2389          0.7114
             0.0022          0.6668         -2.5119

     Atom 14  C   pos: (  0.522133  0.888178  0.498580)  para_oo sigma:          -2.31
            -2.1743          0.4943          0.1590
             0.5236         -2.2389          0.7114
             0.0022          0.6668         -2.5119

     Atom 15  C   pos: (  0.808744  0.278767  0.383301)  para_oo sigma:          -1.36
            -2.6500          1.2481          0.4763
             1.2087         -1.0355         -0.2249
             0.3592         -0.1940         -0.3980

     Atom 16  C   pos: (  0.245526  0.832613  0.156449)  para_oo sigma:          -1.36
            -2.6500          1.2481          0.4763
             1.2087         -1.0355         -0.2249
             0.3592         -0.1940         -0.3980

     Atom 17  C   pos: (  0.689803  0.396681  0.332289)  para_oo sigma:          -1.71
            -2.2364          0.8798         -0.0174
             0.9072         -1.7413          0.0338
            -0.0384          0.1022         -1.1646

     Atom 18  C   pos: (  0.364467  0.714699  0.207462)  para_oo sigma:          -1.71
            -2.2364          0.8798         -0.0174
             0.9072         -1.7413          0.0338
            -0.0384          0.1022         -1.1646

     Atom 19  H   pos: (  0.476177  0.502020  0.401598)  para_oo sigma:           0.00
             0.0000          0.0000          0.0000
             0.0000          0.0000          0.0000
             0.0000          0.0000          0.0000

     Atom 20  H   pos: (  0.578093  0.609361  0.138153)  para_oo sigma:           0.00
             0.0000          0.0000          0.0000
             0.0000          0.0000          0.0000
             0.0000          0.0000          0.0000

     Atom 21  H   pos: (  0.641239  0.044612  0.174450)  para_oo sigma:           0.00
             0.0000          0.0000          0.0000
             0.0000          0.0000          0.0000
             0.0000          0.0000          0.0000

     Atom 22  H   pos: (  0.413031  1.066768  0.365301)  para_oo sigma:           0.00
             0.0000          0.0000          0.0000
             0.0000          0.0000          0.0000
             0.0000          0.0000          0.0000

     Atom 23  H   pos: (  0.037497  0.179527  0.339329)  para_oo sigma:           0.00
             0.0000          0.0000          0.0000
             0.0000          0.0000          0.0000
             0.0000          0.0000          0.0000

     Atom 24  H   pos: (  1.016773  0.931854  0.200422)  para_oo sigma:           0.00
             0.0000          0.0000          0.0000
             0.0000          0.0000          0.0000
             0.0000          0.0000          0.0000

     Atom 25  H   pos: (  0.909901  0.190062  0.166541)  para_oo sigma:           0.00
             0.0000          0.0000          0.0000
             0.0000          0.0000          0.0000
             0.0000          0.0000          0.0000

     Atom 26  H   pos: (  0.144369  0.921318  0.373210)  para_oo sigma:           0.00
             0.0000          0.0000          0.0000
             0.0000          0.0000          0.0000
             0.0000          0.0000          0.0000

     Atom 27  H   pos: ( -0.000749  0.365593  0.238665)  para_oo sigma:           0.00
             0.0000          0.0000          0.0000
             0.0000          0.0000          0.0000
             0.0000          0.0000          0.0000

     Atom 28  H   pos: (  1.055019  0.745788  0.301086)  para_oo sigma:           0.00
             0.0000          0.0000          0.0000
             0.0000          0.0000          0.0000
             0.0000          0.0000          0.0000

     Paramagnetic US L_R Q_R contribution in ppm:
 
     Atom  1  S   pos: (  0.386735  0.259507  0.170280)  para_lq sigma:           7.32
            13.5102          3.7806         -7.8538
             2.4920          1.8904          7.7861
            -8.3110          8.1262          6.5571

     Atom  2  S   pos: (  0.667535  0.851873  0.369471)  para_lq sigma:           7.32
            13.5102          3.7806         -7.8538
             2.4920          1.8904          7.7861
            -8.3110          8.1262          6.5571

     Atom  3  N   pos: (  0.561745  0.416223  0.436460)  para_lq sigma:         -66.76
           -66.0327          6.9898          2.2869
             7.8947        -64.8654          8.4388
             1.6703          8.3237        -69.3904

     Atom  4  N   pos: (  0.492525  0.695157  0.103291)  para_lq sigma:         -66.76
           -66.0327          6.9898          2.2869
             7.8947        -64.8654          8.4388
             1.6703          8.3237        -69.3904

     Atom  5  N   pos: (  0.780397  0.086376 -0.018821)  para_lq sigma:         -74.66
           -76.3012         -0.5529         13.9667
             1.6867        -65.5041          2.4315
            11.3798          3.9938        -82.1784

     Atom  6  N   pos: (  0.273873  1.025005  0.558572)  para_lq sigma:         -74.66
           -76.3012         -0.5529         13.9667
             1.6867        -65.5041          2.4315
            11.3798          3.9938        -82.1784

     Atom  7  N   pos: (  0.650700  0.113577  0.072018)  para_lq sigma:         -67.77
           -68.4655          7.4001          5.4596
             7.7871        -64.2196          7.9586
             4.9119          9.1838        -70.6390

     Atom  8  N   pos: (  0.403570  0.997803  0.467733)  para_lq sigma:         -67.77
           -68.4655          7.4001          5.4596
             7.7871        -64.2196          7.9586
             4.9119          9.1838        -70.6390

     Atom  9  O   pos: (  0.704472  0.477721  0.209898)  para_lq sigma:        -152.53
          -141.5757          6.5851         -1.6953
             3.1349       -152.4088         21.5775
             2.5715         18.8274       -163.5927

     Atom 10  O   pos: (  0.349798  0.633659  0.329853)  para_lq sigma:        -152.53
          -141.5757          6.5851         -1.6953
             3.1349       -152.4088         21.5775
             2.5715         18.8274       -163.5927

     Atom 11  C   pos: (  0.947485  0.251591  0.278456)  para_lq sigma:         -11.14
           -11.1013          0.1005          0.0765
             0.1220        -11.0901          0.1870
            -0.0211          0.2686        -11.2311

     Atom 12  C   pos: (  0.106785  0.859789  0.261295)  para_lq sigma:         -11.14
           -11.1013          0.1005          0.0765
             0.1220        -11.0901          0.1870
            -0.0211          0.2686        -11.2311

     Atom 13  C   pos: (  0.532137  0.223203  0.041170)  para_lq sigma:         -13.41
           -14.6224          1.4908          3.5617
             0.9888        -10.9860          0.2310
             3.7735         -0.1895        -14.6237

     Atom 14  C   pos: (  0.522133  0.888178  0.498580)  para_lq sigma:         -13.41
           -14.6224          1.4908          3.5617
             0.9888        -10.9860          0.2310
             3.7735         -0.1895        -14.6237

     Atom 15  C   pos: (  0.808744  0.278767  0.383301)  para_lq sigma:         -15.41
           -18.9144          3.6413          2.7255
             3.2449        -13.3155          0.0719
             2.8096         -0.1545        -13.9956

     Atom 16  C   pos: (  0.245526  0.832613  0.156449)  para_lq sigma:         -15.41
           -18.9144          3.6413          2.7255
             3.2449        -13.3155          0.0719
             2.8096         -0.1545        -13.9956

     Atom 17  C   pos: (  0.689803  0.396681  0.332289)  para_lq sigma:         -15.91
           -19.2227          3.9299          1.0224
             3.7643        -15.1839         -0.6574
             1.2377         -0.5957        -13.3156

     Atom 18  C   pos: (  0.364467  0.714699  0.207462)  para_lq sigma:         -15.91
           -19.2227          3.9299          1.0224
             3.7643        -15.1839         -0.6574
             1.2377         -0.5957        -13.3156

     Atom 19  H   pos: (  0.476177  0.502020  0.401598)  para_lq sigma:           0.00
             0.0000          0.0000          0.0000
             0.0000          0.0000          0.0000
             0.0000          0.0000          0.0000

     Atom 20  H   pos: (  0.578093  0.609361  0.138153)  para_lq sigma:           0.00
             0.0000          0.0000          0.0000
             0.0000          0.0000          0.0000
             0.0000          0.0000          0.0000

     Atom 21  H   pos: (  0.641239  0.044612  0.174450)  para_lq sigma:           0.00
             0.0000          0.0000          0.0000
             0.0000          0.0000          0.0000
             0.0000          0.0000          0.0000

     Atom 22  H   pos: (  0.413031  1.066768  0.365301)  para_lq sigma:           0.00
             0.0000          0.0000          0.0000
             0.0000          0.0000          0.0000
             0.0000          0.0000          0.0000

     Atom 23  H   pos: (  0.037497  0.179527  0.339329)  para_lq sigma:           0.00
             0.0000          0.0000          0.0000
             0.0000          0.0000          0.0000
             0.0000          0.0000          0.0000

     Atom 24  H   pos: (  1.016773  0.931854  0.200422)  para_lq sigma:           0.00
             0.0000          0.0000          0.0000
             0.0000          0.0000          0.0000
             0.0000          0.0000          0.0000

     Atom 25  H   pos: (  0.909901  0.190062  0.166541)  para_lq sigma:           0.00
             0.0000          0.0000          0.0000
             0.0000          0.0000          0.0000
             0.0000          0.0000          0.0000

     Atom 26  H   pos: (  0.144369  0.921318  0.373210)  para_lq sigma:           0.00
             0.0000          0.0000          0.0000
             0.0000          0.0000          0.0000
             0.0000          0.0000          0.0000

     Atom 27  H   pos: ( -0.000749  0.365593  0.238665)  para_lq sigma:           0.00
             0.0000          0.0000          0.0000
             0.0000          0.0000          0.0000
             0.0000          0.0000          0.0000

     Atom 28  H   pos: (  1.055019  0.745788  0.301086)  para_lq sigma:           0.00
             0.0000          0.0000          0.0000
             0.0000          0.0000          0.0000
             0.0000          0.0000          0.0000

 
     Total NMR chemical shifts in ppm: ---------------------------------------
     (adopting the Simpson convention for anisotropy and asymmetry)-----------
 
     Atom  1  S   pos: (  0.386735  0.259507  0.170280)  Total sigma:         323.39
           334.4327        106.2092         66.2453
           176.9083        387.1675         15.2599
           160.8249         99.0200        248.5553

     S    1    anisotropy:    341.23    eta:   -0.4195
     S    1    sigma_11=    257.35    axis=(  0.396675 -0.696014  0.598509)
     S    1    sigma_22=    161.93    axis=( -0.661616  0.235189  0.712005)
     S    1    sigma_33=    550.87    axis=(  0.636328  0.678418  0.367200)
 
     Atom  2  S   pos: (  0.667535  0.851873  0.369471)  Total sigma:         323.39
           334.4327        106.2092         66.2453
           176.9083        387.1675         15.2599
           160.8249         99.0200        248.5553

     S    2    anisotropy:    341.23    eta:   -0.4195
     S    2    sigma_11=    257.35    axis=(  0.396675 -0.696014  0.598509)
     S    2    sigma_22=    161.93    axis=( -0.661616  0.235189  0.712005)
     S    2    sigma_33=    550.87    axis=(  0.636328  0.678418  0.367200)
 
     Atom  3  N   pos: (  0.561745  0.416223  0.436460)  Total sigma:          24.89
            20.3572         84.9287         10.6451
           102.9507         27.6906         76.4028
            12.3239         76.5438         26.6361

     N    3    anisotropy:    190.93    eta:   -0.8118
     N    3    sigma_11=     12.92    axis=( -0.626353 -0.045536  0.778208)
     N    3    sigma_22=    -90.41    axis=( -0.564071  0.715520 -0.412134)
     N    3    sigma_33=    152.18    axis=(  0.538057  0.697106  0.473854)
 
     Atom  4  N   pos: (  0.492525  0.695157  0.103291)  Total sigma:          24.89
            20.3572         84.9287         10.6451
           102.9507         27.6906         76.4028
            12.3239         76.5438         26.6361

     N    4    anisotropy:    190.93    eta:   -0.8118
     N    4    sigma_11=     12.92    axis=( -0.626353 -0.045536  0.778208)
     N    4    sigma_22=    -90.41    axis=( -0.564071  0.715520 -0.412134)
     N    4    sigma_33=    152.18    axis=(  0.538057  0.697106  0.473854)
 
     Atom  5  N   pos: (  0.780397  0.086376 -0.018821)  Total sigma:        -129.81
          -202.5580        106.3115        205.9770
           145.2095         23.9559         67.3066
           197.2696        104.8060       -210.8252

     N    5    anisotropy:    436.06    eta:   -0.9291
     N    5    sigma_11=   -140.11    axis=(  0.483511 -0.667591  0.566161)
     N    5    sigma_22=   -410.22    axis=(  0.716367 -0.069901 -0.694214)
     N    5    sigma_33=    160.90    axis=( -0.503026 -0.741239 -0.444442)
 
     Atom  6  N   pos: (  0.273873  1.025005  0.558572)  Total sigma:        -129.81
          -202.5580        106.3115        205.9770
           145.2095         23.9559         67.3066
           197.2696        104.8060       -210.8252

     N    6    anisotropy:    436.06    eta:   -0.9291
     N    6    sigma_11=   -140.11    axis=(  0.483511 -0.667591  0.566161)
     N    6    sigma_22=   -410.22    axis=(  0.716367 -0.069901 -0.694214)
     N    6    sigma_33=    160.90    axis=( -0.503026 -0.741239 -0.444442)
 
     Atom  7  N   pos: (  0.650700  0.113577  0.072018)  Total sigma:          20.87
            56.0068         25.5982         43.5783
            33.2557         61.8829         71.8930
            40.9138         97.6429        -55.2715

     N    7    anisotropy:   -186.56    eta:   -0.8186
     N    7    sigma_11=     32.15    axis=(  0.841689 -0.529348 -0.106534)
     N    7    sigma_22=    133.97    axis=( -0.516725 -0.732378 -0.443417)
     N    7    sigma_33=   -103.50    axis=( -0.156699 -0.428268  0.889962)
 
     Atom  8  N   pos: (  0.403570  0.997803  0.467733)  Total sigma:          20.87
            56.0068         25.5982         43.5783
            33.2557         61.8829         71.8930
            40.9138         97.6429        -55.2715

     N    8    anisotropy:   -186.56    eta:   -0.8186
     N    8    sigma_11=     32.15    axis=(  0.841689 -0.529348 -0.106534)
     N    8    sigma_22=    133.97    axis=( -0.516725 -0.732378 -0.443417)
     N    8    sigma_33=   -103.50    axis=( -0.156699 -0.428268  0.889962)
 
     Atom  9  O   pos: (  0.704472  0.477721  0.209898)  Total sigma:         -63.24
           -36.6856        134.6643        169.5319
           143.5828          1.0138        277.8475
           129.6750        229.1360       -154.0522

     O    9    anisotropy:    554.98    eta:   -0.5370
     O    9    sigma_11=   -148.89    axis=(  0.847564 -0.503615 -0.167350)
     O    9    sigma_22=   -347.58    axis=(  0.156945  0.539105 -0.827487)
     O    9    sigma_33=    306.74    axis=( -0.506955 -0.675083 -0.535966)
 
     Atom 10  O   pos: (  0.349798  0.633659  0.329853)  Total sigma:         -63.24
           -36.6856        134.6643        169.5319
           143.5828          1.0138        277.8475
           129.6750        229.1360       -154.0522

     O   10    anisotropy:    554.98    eta:   -0.5370
     O   10    sigma_11=   -148.89    axis=(  0.847564 -0.503615 -0.167350)
     O   10    sigma_22=   -347.58    axis=(  0.156945  0.539105 -0.827487)
     O   10    sigma_33=    306.74    axis=( -0.506955 -0.675083 -0.535966)
 
     Atom 11  C   pos: (  0.947485  0.251591  0.278456)  Total sigma:         153.15
           165.7906         -5.2570         -2.9529
            -3.5394        148.1611         12.6365
            -4.2206         10.2997        145.4961

     C   11    anisotropy:    -26.80    eta:   -0.7584
     C   11    sigma_11=    155.31    axis=(  0.475638  0.653007  0.589364)
     C   11    sigma_22=    168.86    axis=( -0.879600  0.359524  0.311522)
     C   11    sigma_33=    135.28    axis=( -0.008465 -0.666577  0.745388)
 
     Atom 12  C   pos: (  0.106785  0.859789  0.261295)  Total sigma:         153.15
           165.7906         -5.2570         -2.9529
            -3.5394        148.1611         12.6365
            -4.2206         10.2997        145.4961

     C   12    anisotropy:    -26.80    eta:   -0.7584
     C   12    sigma_11=    155.31    axis=(  0.475638  0.653007  0.589364)
     C   12    sigma_22=    168.86    axis=( -0.879600  0.359524  0.311522)
     C   12    sigma_33=    135.28    axis=( -0.008465 -0.666577  0.745388)
 
     Atom 13  C   pos: (  0.532137  0.223203  0.041170)  Total sigma:          -2.87
            13.1990         61.3838         -3.3854
            58.9188         -0.2286         76.3561
            -5.7208         72.2877        -21.5910

     C   13    anisotropy:   -150.70    eta:   -0.8678
     C   13    sigma_11=      3.77    axis=(  0.762017 -0.166820 -0.625700)
     C   13    sigma_22=     90.95    axis=( -0.528870 -0.717890 -0.452692)
     C   13    sigma_33=   -103.34    axis=(  0.373666 -0.675873  0.635271)
 
     Atom 14  C   pos: (  0.522133  0.888178  0.498580)  Total sigma:          -2.87
            13.1990         61.3838         -3.3854
            58.9188         -0.2286         76.3561
            -5.7208         72.2877        -21.5910

     C   14    anisotropy:   -150.70    eta:   -0.8678
     C   14    sigma_11=      3.77    axis=(  0.762017 -0.166820 -0.625700)
     C   14    sigma_22=     90.95    axis=( -0.528870 -0.717890 -0.452692)
     C   14    sigma_33=   -103.34    axis=(  0.373666 -0.675873  0.635271)
 
     Atom 15  C   pos: (  0.808744  0.278767  0.383301)  Total sigma:          14.29
           -23.5363         71.2083         42.2412
            56.7476         58.6126         36.2203
            62.7900         27.1702          7.8057

     C   15    anisotropy:    158.38    eta:   -0.6597
     C   15    sigma_11=     -3.67    axis=( -0.183520  0.589019 -0.787005)
     C   15    sigma_22=    -73.33    axis=( -0.848972  0.308622  0.428952)
     C   15    sigma_33=    119.88    axis=(  0.495548  0.746867  0.443422)
 
     Atom 16  C   pos: (  0.245526  0.832613  0.156449)  Total sigma:          14.29
           -23.5363         71.2083         42.2412
            56.7476         58.6126         36.2203
            62.7900         27.1702          7.8057

     C   16    anisotropy:    158.38    eta:   -0.6597
     C   16    sigma_11=     -3.67    axis=( -0.183520  0.589019 -0.787005)
     C   16    sigma_22=    -73.33    axis=( -0.848972  0.308622  0.428952)
     C   16    sigma_33=    119.88    axis=(  0.495548  0.746867  0.443422)
 
     Atom 17  C   pos: (  0.689803  0.396681  0.332289)  Total sigma:           9.84
           -27.8542         59.1266         33.6516
            50.4102         33.4136         21.0170
            38.8529         17.3531         23.9662

     C   17    anisotropy:    114.48    eta:   -0.9811
     C   17    sigma_11=      9.12    axis=( -0.035863 -0.568325  0.822022)
     C   17    sigma_22=    -65.75    axis=(  0.865945 -0.428267 -0.258313)
     C   17    sigma_33=     86.16    axis=(  0.498851  0.702562  0.507497)
 
     Atom 18  C   pos: (  0.364467  0.714699  0.207462)  Total sigma:           9.84
           -27.8542         59.1266         33.6516
            50.4102         33.4136         21.0170
            38.8529         17.3531         23.9662

     C   18    anisotropy:    114.48    eta:   -0.9811
     C   18    sigma_11=      9.12    axis=( -0.035863 -0.568325  0.822022)
     C   18    sigma_22=    -65.75    axis=(  0.865945 -0.428267 -0.258313)
     C   18    sigma_33=     86.16    axis=(  0.498851  0.702562  0.507497)
 
     Atom 19  H   pos: (  0.476177  0.502020  0.401598)  Total sigma:          15.71
            14.1569         -8.4452          2.5141
            -8.9663         18.5624         -4.2956
             1.5643         -4.8812         14.4142

     H   19    anisotropy:     17.24    eta:   -0.4921
     H   19    sigma_11=     12.79    axis=( -0.378645  0.154386  0.912575)
     H   19    sigma_22=      7.13    axis=(  0.739723  0.643082  0.198132)
     H   19    sigma_33=     27.21    axis=(  0.556271 -0.750074  0.357703)
 
     Atom 20  H   pos: (  0.578093  0.609361  0.138153)  Total sigma:          15.71
            14.1569         -8.4452          2.5141
            -8.9663         18.5624         -4.2956
             1.5643         -4.8812         14.4142

     H   20    anisotropy:     17.24    eta:   -0.4921
     H   20    sigma_11=     12.79    axis=( -0.378645  0.154386  0.912575)
     H   20    sigma_22=      7.13    axis=(  0.739723  0.643082  0.198132)
     H   20    sigma_33=     27.21    axis=(  0.556271 -0.750074  0.357703)
 
     Atom 21  H   pos: (  0.641239  0.044612  0.174450)  Total sigma:          18.57
            14.8057          0.3946         -2.4399
             0.0764         19.7987         -7.6664
            -1.6223         -6.4738         21.1000

     H   21    anisotropy:     13.79    eta:   -0.2912
     H   21    sigma_11=     15.31    axis=(  0.848172 -0.459511 -0.263540)
     H   21    sigma_22=     12.63    axis=(  0.514031  0.593778  0.619032)
     H   21    sigma_33=     27.76    axis=( -0.127968 -0.660513  0.739829)
 
     Atom 22  H   pos: (  0.413031  1.066768  0.365301)  Total sigma:          18.57
            14.8057          0.3946         -2.4399
             0.0764         19.7987         -7.6664
            -1.6223         -6.4738         21.1000

     H   22    anisotropy:     13.79    eta:   -0.2912
     H   22    sigma_11=     15.31    axis=(  0.848172 -0.459511 -0.263540)
     H   22    sigma_22=     12.63    axis=(  0.514031  0.593778  0.619032)
     H   22    sigma_33=     27.76    axis=( -0.127968 -0.660513  0.739829)
 
     Atom 23  H   pos: (  0.037497  0.179527  0.339329)  Total sigma:          29.08
            32.1586         -5.2837          1.3840
            -3.7219         27.4140         -2.3494
             0.5849         -2.7463         27.6805

     H   23    anisotropy:      9.61    eta:   -0.6271
     H   23    sigma_11=     27.89    axis=(  0.457348  0.246817 -0.854350)
     H   23    sigma_22=     23.87    axis=( -0.387373 -0.809484 -0.441223)
     H   23    sigma_33=     35.49    axis=( -0.800484  0.532744 -0.274606)
 
     Atom 24  H   pos: (  1.016773  0.931854  0.200422)  Total sigma:          29.08
            32.1586         -5.2837          1.3840
            -3.7219         27.4140         -2.3494
             0.5849         -2.7463         27.6805

     H   24    anisotropy:      9.61    eta:   -0.6271
     H   24    sigma_11=     27.89    axis=(  0.457348  0.246817 -0.854350)
     H   24    sigma_22=     23.87    axis=( -0.387373 -0.809484 -0.441223)
     H   24    sigma_33=     35.49    axis=( -0.800484  0.532744 -0.274606)
 
     Atom 25  H   pos: (  0.909901  0.190062  0.166541)  Total sigma:          28.03
            27.3326         -0.0980          3.2314
             0.7730         25.0929          4.9222
             2.0717          2.1623         31.6676

     H   25    anisotropy:      9.23    eta:   -0.5137
     H   25    sigma_11=     26.54    axis=(  0.908808 -0.348938 -0.228712)
     H   25    sigma_22=     23.38    axis=(  0.222300  0.868883 -0.442295)
     H   25    sigma_33=     34.18    axis=(  0.353058  0.351119  0.867217)
 
     Atom 26  H   pos: (  0.144369  0.921318  0.373210)  Total sigma:          28.03
            27.3326         -0.0980          3.2314
             0.7730         25.0929          4.9222
             2.0717          2.1623         31.6676

     H   26    anisotropy:      9.23    eta:   -0.5137
     H   26    sigma_11=     26.54    axis=(  0.908808 -0.348938 -0.228712)
     H   26    sigma_22=     23.38    axis=(  0.222300  0.868883 -0.442295)
     H   26    sigma_33=     34.18    axis=(  0.353058  0.351119  0.867217)
 
     Atom 27  H   pos: ( -0.000749  0.365593  0.238665)  Total sigma:          28.74
            30.6861          1.3286         -2.4383
             1.6332         30.3619         -3.2644
            -0.3608         -2.3073         25.1810

     H   27    anisotropy:     -7.28    eta:   -0.8039
     H   27    sigma_11=     29.22    axis=( -0.771831  0.616015 -0.157486)
     H   27    sigma_22=     33.12    axis=( -0.626449 -0.694366  0.354144)
     H   27    sigma_33=     23.89    axis=(  0.108805  0.371996  0.921835)
 
     Atom 28  H   pos: (  1.055019  0.745788  0.301086)  Total sigma:          28.74
            30.6861          1.3286         -2.4383
             1.6332         30.3619         -3.2644
            -0.3608         -2.3073         25.1810

     H   28    anisotropy:     -7.28    eta:   -0.8039
     H   28    sigma_11=     29.22    axis=( -0.771831  0.616015 -0.157486)
     H   28    sigma_22=     33.12    axis=( -0.626449 -0.694366  0.354144)
     H   28    sigma_33=     23.89    axis=(  0.108805  0.371996  0.921835)
 
     Initialization:
     gipaw_setup  :      0.40s CPU      0.49s WALL (       1 calls)
 
     Linear response
     greenf       :   4188.67s CPU   4273.60s WALL (     288 calls)
     cgsolve      :   4168.52s CPU   4253.39s WALL (     288 calls)
     ch_psi       :   4107.12s CPU   4192.11s WALL (   18922 calls)
     h_psiq       :   3352.85s CPU   3437.50s WALL (   18922 calls)
 
     Apply operators
     h_psi        :   3186.42s CPU   3281.82s WALL (   24601 calls)
     apply_vel    :     53.61s CPU     53.88s WALL (     252 calls)
 
     Induced current
     j_para       :    235.99s CPU    242.94s WALL (     324 calls)
     biot_savart  :      0.03s CPU      0.04s WALL (       1 calls)
 
     Other routines
 
     General routines
     calbec       :    858.11s CPU    859.02s WALL (   64881 calls)
     fft          :      0.15s CPU      0.17s WALL (      32 calls)
     fftw         :   2568.30s CPU   2666.58s WALL ( 2237478 calls)
     davcio       :      0.04s CPU      0.72s WALL (     192 calls)
 
     Parallel routines
     fft_scatter  :    551.63s CPU    593.86s WALL ( 2237510 calls)
 
     Plugins
 
     GIPAW        :   5150.01s CPU   5261.54s WALL (       1 calls)
